status file for recon-all
Fri Mar 13 03:10:08 CET 2026
#@# MotionCor Fri Mar 13 03:10:10 CET 2026
#@# Talairach Fri Mar 13 03:10:16 CET 2026
#@# Talairach Failure Detection Fri Mar 13 03:13:06 CET 2026
#@# Nu Intensity Correction Fri Mar 13 03:13:06 CET 2026
#@# Intensity Normalization Fri Mar 13 03:15:52 CET 2026
recon-all -s sub-v2s3x28837_ses-1 finished without error at Fri Mar 13 03:17:03 CET 2026



#New# invocation of recon-all 



status file for recon-all
Fri Mar 13 03:23:38 CET 2026
#@# EM Registration Fri Mar 13 03:23:38 CET 2026
recon-all -s sub-v2s3x28837_ses-1 finished without error at Fri Mar 13 03:25:03 CET 2026



#New# invocation of recon-all 



status file for recon-all
Fri Mar 13 03:25:05 CET 2026
#@# CA Normalize Fri Mar 13 03:25:05 CET 2026
#@# CA Reg Fri Mar 13 03:25:59 CET 2026
#@# SubCort Seg Fri Mar 13 04:13:11 CET 2026
#@# CC Seg Fri Mar 13 04:34:53 CET 2026
#@# Merge ASeg Fri Mar 13 04:35:53 CET 2026
#@# Intensity Normalization2 Fri Mar 13 04:35:53 CET 2026
#@# Mask BFS Fri Mar 13 04:37:27 CET 2026
#@# WM Segmentation Fri Mar 13 04:37:28 CET 2026
#@# Fill Fri Mar 13 04:39:00 CET 2026
recon-all -s sub-v2s3x28837_ses-1 finished without error at Fri Mar 13 04:39:41 CET 2026



#New# invocation of recon-all 



status file for recon-all
Fri Mar 13 05:23:20 CET 2026
#@# white curv lh Fri Mar 13 05:23:20 CET 2026
#@# white area lh Fri Mar 13 05:23:20 CET 2026
#@# pial curv lh Fri Mar 13 05:23:20 CET 2026
#@# pial area lh Fri Mar 13 05:23:20 CET 2026
#@# thickness lh Fri Mar 13 05:23:20 CET 2026
#@# area and vertex vol lh Fri Mar 13 05:23:20 CET 2026
#@# white curv rh Fri Mar 13 05:23:20 CET 2026
#@# white area rh Fri Mar 13 05:23:20 CET 2026
#@# pial curv rh Fri Mar 13 05:23:20 CET 2026
#@# pial area rh Fri Mar 13 05:23:20 CET 2026
#@# thickness rh Fri Mar 13 05:23:20 CET 2026
#@# area and vertex vol rh Fri Mar 13 05:23:20 CET 2026
#@# Cortical ribbon mask Fri Mar 13 05:23:20 CET 2026
recon-all -s sub-v2s3x28837_ses-1 finished without error at Fri Mar 13 05:28:31 CET 2026



#New# invocation of recon-all 



status file for recon-all
Fri Mar 13 05:34:44 CET 2026
#@# white curv lh Fri Mar 13 05:34:44 CET 2026
#@# white area lh Fri Mar 13 05:34:44 CET 2026
#@# pial curv lh Fri Mar 13 05:34:44 CET 2026
#@# pial area lh Fri Mar 13 05:34:44 CET 2026
#@# thickness lh Fri Mar 13 05:34:44 CET 2026
#@# area and vertex vol lh Fri Mar 13 05:34:44 CET 2026
#@# white curv rh Fri Mar 13 05:34:44 CET 2026
#@# white area rh Fri Mar 13 05:34:44 CET 2026
#@# pial curv rh Fri Mar 13 05:34:44 CET 2026
#@# pial area rh Fri Mar 13 05:34:44 CET 2026
#@# thickness rh Fri Mar 13 05:34:44 CET 2026
#@# area and vertex vol rh Fri Mar 13 05:34:44 CET 2026
#@# Curvature Stats lh Fri Mar 13 05:34:44 CET 2026
#@# Curvature Stats rh Fri Mar 13 05:34:47 CET 2026
#@# Relabel Hypointensities Fri Mar 13 05:34:49 CET 2026
#@# APas-to-ASeg Fri Mar 13 05:35:01 CET 2026
#@# AParc-to-ASeg aparc Fri Mar 13 05:35:08 CET 2026
#@# AParc-to-ASeg aparc.a2009s Fri Mar 13 05:35:38 CET 2026
#@# AParc-to-ASeg aparc.DKTatlas Fri Mar 13 05:36:10 CET 2026
#@# WMParc Fri Mar 13 05:36:51 CET 2026
#@# ASeg Stats Fri Mar 13 05:38:53 CET 2026
recon-all -s sub-v2s3x28837_ses-1 finished without error at Fri Mar 13 05:39:13 CET 2026
