/out/sourcedata/freesurfer/sub-v2s3x28760_ses-1/mri
/opt/freesurfer/bin/talairach_avi
--i orig_nu.mgz --xfm transforms/talairach.auto.xfm
talairach_avi 7.3.2
Linux dna081 5.14.0-427.37.1.el9_4.x86_64 #1 SMP PREEMPT_DYNAMIC Fri Sep 13 12:41:50 EDT 2024 x86_64 x86_64 x86_64 GNU/Linux
Thu Mar 12 23:44:18 CET 2026
mri_convert orig_nu.mgz talsrcimg.img 
reading from orig_nu.mgz...
TR=0.00, TE=0.00, TI=0.00, flip angle=0.00
i_ras = (-1, 0, 0)
j_ras = (0, 0, -1)
k_ras = (0, 1, 0)
writing to talsrcimg.img...
Analyze Output Matrix
-1.00000   0.00000   0.00000   129.71918;
 0.00000   0.00000   1.00000  -160.96759;
 0.00000  -1.00000   0.00000   138.86133;
 0.00000   0.00000   0.00000   1.00000;
--------------------
INFO: set hdr.hist.orient to -1
mpr2mni305 talsrcimg
Thu Mar 12 23:44:18 CET 2026
/opt/freesurfer/bin/mpr2mni305 talsrcimg
mpr2mni305 7.3.2
target=711-2C_as_mni_average_305

---------------------------------------------------------------------
analyzeto4dfp talsrcimg -O0 -y
---------------------------------------------------------------------

freesurfer ifh2hdr.c
Thu Mar 12 23:44:19 2026
Writing: talsrcimg.4dfp.hdr
freesurfer analyzeto4dfp.c
Reading: talsrcimg.hdr
header size 348 bytes
hdr.dime.datatype	offset=70	value=2
hdr.dime.bitpix		offset=72	value=8
hdr.hist.orient		offset=252	value=-1
dimensionality     4
dimensions       256       256       256         1
Reading: talsrcimg.img
Writing: talsrcimg.4dfp.img
Writing: talsrcimg.4dfp.ifh
ifh2hdr talsrcimg -r0to248
ori=2

---------------------------------------------------------------------
gauss_4dfp talsrcimg 1.1
---------------------------------------------------------------------

freesurfer gauss_4dfp.c
Reading: talsrcimg.4dfp.img
Writing: talsrcimg_g11.4dfp.img
image dimensions 256 256 256 padded to 288 288 288
processing volume 1freesurfer ifh2hdr.c
Thu Mar 12 23:44:20 2026
Writing: talsrcimg_g11.4dfp.hdr

Writing: talsrcimg_g11.4dfp.ifh
including: talsrcimg.4dfp.img.rec in talsrcimg_g11.4dfp.img.rec

---------------------------------------------------------------------
imgreg_4dfp /opt/freesurfer/average/711-2C_as_mni_average_305 none talsrcimg_g11 none talsrcimg_to_711-2C_as_mni_average_305_t4 4355
---------------------------------------------------------------------

freesurfer imgreg_4dfp.c
/opt/freesurfer/average/711-2C_as_mni_average_305.4dfp.img
       256       256       256         1
  1.000000  1.000000  1.000000
orientation T byte_order littleendian
Reading image: /opt/freesurfer/average/711-2C_as_mni_average_305.4dfp.img
dimensions:      256       256       256
mmppix:       1.0000   -1.0000   -1.0000
center:     128.0000 -129.0000 -129.0000
talsrcimg_g11.4dfp.img
       256       256       256         1
  1.000000  1.000000  1.000000
orientation T byte_order littleendian
Reading image: talsrcimg_g11.4dfp.img
dimensions:      256       256       256
mmppix:       1.0000   -1.0000   -1.0000
center:     128.0000 -129.0000 -129.0000
t4_read: open error in t4_sub.f l:  41 t4_file(1:l)talsrcimg_to_711-2C_as_mni_average_305_t4 
t4_read: transform initialized to I4
rotation matrix determinant  1.000000
image alignment mode   4355 decimal     1103 hex
   -7.5000  -45.0000  -45.0000 6603.0176   12.8516
    0.0000  -45.0000  -45.0000 6899.8057   12.8590
    7.5000  -45.0000  -45.0000 6625.3662   12.8310
   -7.5000  -37.5000  -45.0000 7182.0444   12.6516
    0.0000  -37.5000  -45.0000 7505.5791   12.6571
    7.5000  -37.5000  -45.0000 7193.0308   12.6334
   -7.5000  -30.0000  -45.0000 8089.1748   12.5497
    0.0000  -30.0000  -45.0000 8471.5459   12.5523
    7.5000  -30.0000  -45.0000 8105.0649   12.5226
   -7.5000  -22.5000  -45.0000 9054.3184   12.5054
    0.0000  -22.5000  -45.0000 9470.6758   12.5067
    7.5000  -22.5000  -45.0000 9067.6895   12.4686
   -7.5000  -15.0000  -45.0000 9991.6904   12.4667
    0.0000  -15.0000  -45.000010447.9453   12.4687
    7.5000  -15.0000  -45.0000 9999.5420   12.4284
   -7.5000   -7.5000  -45.000010828.6191   12.4405
    0.0000   -7.5000  -45.000011311.7900   12.4445
    7.5000   -7.5000  -45.000010801.4883   12.4114
   -7.5000    0.0000  -45.000011548.2607   12.4355
    0.0000    0.0000  -45.000012075.6777   12.4410
    7.5000    0.0000  -45.000011527.7490   12.4175
   -7.5000    7.5000  -45.000011389.9170   12.4415
    0.0000    7.5000  -45.000011939.1377   12.4461
    7.5000    7.5000  -45.000011380.7617   12.4248
   -7.5000   15.0000  -45.000011196.0547   12.4479
    0.0000   15.0000  -45.000011725.2305   12.4501
    7.5000   15.0000  -45.000011178.9307   12.4221
   -7.5000   22.5000  -45.000010850.6729   12.4453
    0.0000   22.5000  -45.000011331.9072   12.4464
    7.5000   22.5000  -45.000010833.7002   12.4093
   -7.5000   30.0000  -45.000010475.5068   12.2768
    0.0000   30.0000  -45.000010933.4736   12.2787
    7.5000   30.0000  -45.000010448.9229   12.2394
   -7.5000   37.5000  -45.000010340.0732   12.2710
    0.0000   37.5000  -45.000010786.6465   12.2750
    7.5000   37.5000  -45.000010317.2998   12.2424
   -7.5000   45.0000  -45.0000 9646.1865   11.9582
    0.0000   45.0000  -45.000010064.8135   11.9635
    7.5000   45.0000  -45.0000 9619.2324   11.9409
   -7.5000  -45.0000  -37.5000 6987.1729   12.7935
    0.0000  -45.0000  -37.5000 7314.4189   12.8029
    7.5000  -45.0000  -37.5000 7023.4956   12.7819
   -7.5000  -37.5000  -37.5000 7614.4683   12.5871
    0.0000  -37.5000  -37.5000 7963.1787   12.5961
    7.5000  -37.5000  -37.5000 7627.1812   12.5794
   -7.5000  -30.0000  -37.5000 8607.4814   12.4816
    0.0000  -30.0000  -37.5000 9000.5586   12.4891
    7.5000  -30.0000  -37.5000 8622.6230   12.4683
   -7.5000  -22.5000  -37.5000 9634.1963   12.4428
    0.0000  -22.5000  -37.500010081.2236   12.4488
    7.5000  -22.5000  -37.5000 9651.7324   12.4206
   -7.5000  -15.0000  -37.500010624.0723   12.4132
    0.0000  -15.0000  -37.500011102.5020   12.4182
    7.5000  -15.0000  -37.500010628.1494   12.3872
   -7.5000   -7.5000  -37.500011483.7119   12.3903
    0.0000   -7.5000  -37.500012016.3955   12.3961
    7.5000   -7.5000  -37.500011471.3545   12.3707
   -7.5000    0.0000  -37.500012249.5381   12.3818
    0.0000    0.0000  -37.500012825.3838   12.3891
    7.5000    0.0000  -37.500012232.3379   12.3719
   -7.5000    7.5000  -37.500012100.1211   12.3797
    0.0000    7.5000  -37.500012688.2021   12.3875
    7.5000    7.5000  -37.500012069.6846   12.3729
   -7.5000   15.0000  -37.500011863.9053   12.3809
    0.0000   15.0000  -37.500012446.6396   12.3879
    7.5000   15.0000  -37.500011845.0879   12.3687
   -7.5000   22.5000  -37.500011468.5820   12.3832
    0.0000   22.5000  -37.500012032.0342   12.3889
    7.5000   22.5000  -37.500011453.4756   12.3617
   -7.5000   30.0000  -37.500011070.2559   12.2241
    0.0000   30.0000  -37.500011579.6270   12.2289
    7.5000   30.0000  -37.500011013.4932   12.1987
   -7.5000   37.5000  -37.500010933.9141   12.2215
    0.0000   37.5000  -37.500011408.6387   12.2272
    7.5000   37.5000  -37.500010881.5078   12.2022
   -7.5000   45.0000  -37.500010191.8418   11.9066
    0.0000   45.0000  -37.500010634.0576   11.9136
    7.5000   45.0000  -37.500010141.5068   11.8971
   -7.5000  -45.0000  -30.0000 7493.4873   13.2914
    0.0000  -45.0000  -30.0000 7850.3921   13.2957
    7.5000  -45.0000  -30.0000 7531.6763   13.2752
   -7.5000  -37.5000  -30.0000 8193.5371   13.0709
    0.0000  -37.5000  -30.0000 8570.2744   13.0760
    7.5000  -37.5000  -30.0000 8210.7324   13.0585
   -7.5000  -30.0000  -30.0000 9273.5391   12.9603
    0.0000  -30.0000  -30.0000 9687.1104   12.9670
    7.5000  -30.0000  -30.0000 9289.0312   12.9466
   -7.5000  -22.5000  -30.000010377.1436   12.9278
    0.0000  -22.5000  -30.000010832.0977   12.9347
    7.5000  -22.5000  -30.000010378.2412   12.9090
   -7.5000  -15.0000  -30.000011427.2002   12.9049
    0.0000  -15.0000  -30.000011914.2393   12.9099
    7.5000  -15.0000  -30.000011410.7139   12.8827
   -7.5000   -7.5000  -30.000012356.6875   12.8806
    0.0000   -7.5000  -30.000012912.5205   12.8835
    7.5000   -7.5000  -30.000012347.4160   12.8611
   -7.5000    0.0000  -30.000013168.7119   12.8655
    0.0000    0.0000  -30.000013776.2227   12.8679
    7.5000    0.0000  -30.000013153.6631   12.8512
   -7.5000    7.5000  -30.000013011.0400   12.8565
    0.0000    7.5000  -30.000013635.7725   12.8606
    7.5000    7.5000  -30.000012981.4160   12.8452
   -7.5000   15.0000  -30.000012738.7578   12.8566
    0.0000   15.0000  -30.000013373.9629   12.8628
    7.5000   15.0000  -30.000012714.4385   12.8439
   -7.5000   22.5000  -30.000012289.5850   12.8651
    0.0000   22.5000  -30.000012912.8896   12.8716
    7.5000   22.5000  -30.000012277.3145   12.8469
   -7.5000   30.0000  -30.000011809.0645   12.7097
    0.0000   30.0000  -30.000012353.4043   12.7145
    7.5000   30.0000  -30.000011746.6846   12.6880
   -7.5000   37.5000  -30.000011655.5215   12.7064
    0.0000   37.5000  -30.000012189.5547   12.7092
    7.5000   37.5000  -30.000011608.0938   12.6871
   -7.5000   45.0000  -30.000010867.2236   12.3808
    0.0000   45.0000  -30.000011376.6143   12.3831
    7.5000   45.0000  -30.000010836.9854   12.3670
   -7.5000  -45.0000  -22.5000 8019.6147   13.7467
    0.0000  -45.0000  -22.5000 8396.1631   13.7425
    7.5000  -45.0000  -22.5000 8051.3169   13.7151
   -7.5000  -37.5000  -22.5000 8787.7070   13.5202
    0.0000  -37.5000  -22.5000 9191.6758   13.5166
    7.5000  -37.5000  -22.5000 8807.9580   13.4903
   -7.5000  -30.0000  -22.5000 9944.1465   13.4088
    0.0000  -30.0000  -22.500010384.5107   13.4083
    7.5000  -30.0000  -22.5000 9960.5947   13.3785
   -7.5000  -22.5000  -22.500011094.5498   13.3775
    0.0000  -22.5000  -22.500011584.6631   13.3794
    7.5000  -22.5000  -22.500011104.3223   13.3457
   -7.5000  -15.0000  -22.500012209.3516   13.3523
    0.0000  -15.0000  -22.500012754.4229   13.3536
    7.5000  -15.0000  -22.500012195.6484   13.3205
   -7.5000   -7.5000  -22.500013204.6680   13.3237
    0.0000   -7.5000  -22.500013807.4014   13.3211
    7.5000   -7.5000  -22.500013207.7256   13.2935
   -7.5000    0.0000  -22.500014066.6006   13.3058
    0.0000    0.0000  -22.500014706.6680   13.3004
    7.5000    0.0000  -22.500014066.4541   13.2772
   -7.5000    7.5000  -22.500013886.4238   13.2981
    0.0000    7.5000  -22.500014554.6104   13.2938
    7.5000    7.5000  -22.500013863.3779   13.2701
   -7.5000   15.0000  -22.500013581.3525   13.3020
    0.0000   15.0000  -22.500014267.3281   13.3011
    7.5000   15.0000  -22.500013565.7412   13.2729
   -7.5000   22.5000  -22.500013108.9502   13.3121
    0.0000   22.5000  -22.500013779.8350   13.3138
    7.5000   22.5000  -22.500013098.6387   13.2811
   -7.5000   30.0000  -22.500012540.7549   13.1526
    0.0000   30.0000  -22.500013144.3281   13.1538
    7.5000   30.0000  -22.500012503.7930   13.1215
   -7.5000   37.5000  -22.500012347.7627   13.1455
    0.0000   37.5000  -22.500012939.0762   13.1429
    7.5000   37.5000  -22.500012318.6533   13.1158
   -7.5000   45.0000  -22.500011496.6416   12.8142
    0.0000   45.0000  -22.500012059.0215   12.8089
    7.5000   45.0000  -22.500011477.6426   12.7866
   -7.5000  -45.0000  -15.0000 8519.6113   14.1007
    0.0000  -45.0000  -15.0000 8930.5215   14.0930
    7.5000  -45.0000  -15.0000 8548.7998   14.0572
   -7.5000  -37.5000  -15.0000 9358.8584   13.8759
    0.0000  -37.5000  -15.0000 9809.2969   13.8673
    7.5000  -37.5000  -15.0000 9386.5479   13.8320
   -7.5000  -30.0000  -15.000010604.0332   13.7656
    0.0000  -30.0000  -15.000011089.2783   13.7590
    7.5000  -30.0000  -15.000010624.9619   13.7183
   -7.5000  -22.5000  -15.000011805.6270   13.7282
    0.0000  -22.5000  -15.000012373.8320   13.7249
    7.5000  -22.5000  -15.000011837.1016   13.6799
   -7.5000  -15.0000  -15.000012973.5381   13.6937
    0.0000  -15.0000  -15.000013600.1328   13.6915
    7.5000  -15.0000  -15.000012978.3223   13.6486
   -7.5000   -7.5000  -15.000014033.8965   13.6614
    0.0000   -7.5000  -15.000014718.1152   13.6561
    7.5000   -7.5000  -15.000014066.5449   13.6203
   -7.5000    0.0000  -15.000014923.7988   13.6469
    0.0000    0.0000  -15.000015630.2119   13.6383
    7.5000    0.0000  -15.000014954.5137   13.6076
   -7.5000    7.5000  -15.000014714.4434   13.6469
    0.0000    7.5000  -15.000015419.8721   13.6378
    7.5000    7.5000  -15.000014716.9805   13.6055
   -7.5000   15.0000  -15.000014399.3311   13.6557
    0.0000   15.0000  -15.000015139.3945   13.6488
    7.5000   15.0000  -15.000014383.1357   13.6099
   -7.5000   22.5000  -15.000013936.0488   13.6606
    0.0000   22.5000  -15.000014662.4043   13.6571
    7.5000   22.5000  -15.000013925.2275   13.6132
   -7.5000   30.0000  -15.000013296.7051   13.4909
    0.0000   30.0000  -15.000013973.2627   13.4888
    7.5000   30.0000  -15.000013290.1953   13.4468
   -7.5000   37.5000  -15.000013054.5088   13.4806
    0.0000   37.5000  -15.000013699.5645   13.4754
    7.5000   37.5000  -15.000013033.5498   13.4401
   -7.5000   45.0000  -15.000012169.3848   13.1506
    0.0000   45.0000  -15.000012770.3203   13.1423
    7.5000   45.0000  -15.000012148.8799   13.1127
   -7.5000  -45.0000   -7.5000 9045.0479   14.2931
    0.0000  -45.0000   -7.5000 9482.1748   14.2918
    7.5000  -45.0000   -7.5000 9080.2295   14.2547
   -7.5000  -37.5000   -7.5000 9969.2842   14.0717
    0.0000  -37.5000   -7.500010446.9766   14.0682
    7.5000  -37.5000   -7.5000 9990.7246   14.0335
   -7.5000  -30.0000   -7.500011302.7051   13.9611
    0.0000  -30.0000   -7.500011828.5371   13.9564
    7.5000  -30.0000   -7.500011322.9238   13.9147
   -7.5000  -22.5000   -7.500012601.6797   13.9150
    0.0000  -22.5000   -7.500013208.9893   13.9115
    7.5000  -22.5000   -7.500012619.9209   13.8628
   -7.5000  -15.0000   -7.500013813.5410   13.8723
    0.0000  -15.0000   -7.500014495.3477   13.8704
    7.5000  -15.0000   -7.500013849.5762   13.8222
   -7.5000   -7.5000   -7.500014943.4404   13.8403
    0.0000   -7.5000   -7.500015656.4795   13.8386
    7.5000   -7.5000   -7.500014982.4629   13.7986
   -7.5000    0.0000   -7.500015865.5732   13.8318
    0.0000    0.0000   -7.500016598.5527   13.8291
    7.5000    0.0000   -7.500015889.6172   13.7974
   -7.5000    7.5000   -7.500015599.4121   13.8386
    0.0000    7.5000   -7.500016335.2354   13.8346
    7.5000    7.5000   -7.500015618.2686   13.8028
   -7.5000   15.0000   -7.500015277.5479   13.8488
    0.0000   15.0000   -7.500016034.9307   13.8437
    7.5000   15.0000   -7.500015277.2188   13.8040
   -7.5000   22.5000   -7.500014768.2490   13.8445
    0.0000   22.5000   -7.500015538.9004   13.8408
    7.5000   22.5000   -7.500014779.1621   13.7933
   -7.5000   30.0000   -7.500014050.1709   13.6664
    0.0000   30.0000   -7.500014776.8838   13.6645
    7.5000   30.0000   -7.500014079.0684   13.6174
   -7.5000   37.5000   -7.500013784.0352   13.6568
    0.0000   37.5000   -7.500014484.3564   13.6551
    7.5000   37.5000   -7.500013782.7070   13.6156
   -7.5000   45.0000   -7.500012856.6387   13.3313
    0.0000   45.0000   -7.500013495.7246   13.3287
    7.5000   45.0000   -7.500012846.8252   13.2981
   -7.5000  -45.0000    0.0000 9541.5586   14.3279
    0.0000  -45.0000    0.0000 9991.7871   14.3356
    7.5000  -45.0000    0.0000 9583.0107   14.3048
   -7.5000  -37.5000    0.000010549.3154   14.1049
    0.0000  -37.5000    0.000011032.8740   14.1106
    7.5000  -37.5000    0.000010565.0850   14.0845
   -7.5000  -30.0000    0.000011922.6074   13.9911
    0.0000  -30.0000    0.000012444.7109   13.9936
    7.5000  -30.0000    0.000011923.1602   13.9609
   -7.5000  -22.5000    0.000013277.2061   13.9421
    0.0000  -22.5000    0.000013890.2051   13.9431
    7.5000  -22.5000    0.000013300.1621   13.9010
   -7.5000  -15.0000    0.000014556.6230   13.8999
    0.0000  -15.0000    0.000015214.6699   13.9016
    7.5000  -15.0000    0.000014570.7061   13.8571
   -7.5000   -7.5000    0.000015741.5742   13.8713
    0.0000   -7.5000    0.000016426.3496   13.8753
    7.5000   -7.5000    0.000015753.1387   13.8388
   -7.5000    0.0000    0.000016715.9570   13.8656
    0.0000    0.0000    0.000017426.3125   13.8713
    7.5000    0.0000    0.000016745.2051   13.8454
   -7.5000    7.5000    0.000016468.8398   13.8715
    0.0000    7.5000    0.000017142.2891   13.8762
    7.5000    7.5000    0.000016489.1289   13.8528
   -7.5000   15.0000    0.000016092.4844   13.8780
    0.0000   15.0000    0.000016777.4590   13.8800
    7.5000   15.0000    0.000016111.3857   13.8492
   -7.5000   22.5000    0.000015530.5928   13.8709
    0.0000   22.5000    0.000016260.5664   13.8716
    7.5000   22.5000    0.000015580.4355   13.8307
   -7.5000   30.0000    0.000014756.5752   13.6936
    0.0000   30.0000    0.000015445.5449   13.6952
    7.5000   30.0000    0.000014796.2822   13.6517
   -7.5000   37.5000    0.000014453.0186   13.6877
    0.0000   37.5000    0.000015115.1914   13.6917
    7.5000   37.5000    0.000014445.1729   13.6556
   -7.5000   45.0000    0.000013483.7998   13.3648
    0.0000   45.0000    0.000014091.4053   13.3704
    7.5000   45.0000    0.000013449.5508   13.3454
   -7.5000  -45.0000    7.5000 9301.7861   14.3029
    0.0000  -45.0000    7.5000 9723.6650   14.3132
    7.5000  -45.0000    7.5000 9325.5684   14.2898
   -7.5000  -37.5000    7.500010269.0342   14.0723
    0.0000  -37.5000    7.500010728.4453   14.0821
    7.5000  -37.5000    7.500010263.9326   14.0635
   -7.5000  -30.0000    7.500011558.4268   13.9545
    0.0000  -30.0000    7.500012057.4492   13.9627
    7.5000  -30.0000    7.500011561.7246   13.9395
   -7.5000  -22.5000    7.500012872.8555   13.9114
    0.0000  -22.5000    7.500013423.9434   13.9179
    7.5000  -22.5000    7.500012903.3477   13.8864
   -7.5000  -15.0000    7.500014128.6172   13.8784
    0.0000  -15.0000    7.500014698.3311   13.8838
    7.5000  -15.0000    7.500014133.7949   13.8493
   -7.5000   -7.5000    7.500015263.8633   13.8528
    0.0000   -7.5000    7.500015821.7607   13.8591
    7.5000   -7.5000    7.500015277.6348   13.8308
   -7.5000    0.0000    7.500016218.6592   13.8431
    0.0000    0.0000    7.500016840.7168   13.8511
    7.5000    0.0000    7.500016264.5557   13.8319
   -7.5000    7.5000    7.500016073.5664   13.8407
    0.0000    7.5000    7.500016679.7988   13.8492
    7.5000    7.5000    7.500016109.0723   13.8329
   -7.5000   15.0000    7.500015774.6113   13.8421
    0.0000   15.0000    7.500016360.3467   13.8497
    7.5000   15.0000    7.500015795.1133   13.8282
   -7.5000   22.5000    7.500015259.3545   13.8403
    0.0000   22.5000    7.500015857.3613   13.8465
    7.5000   22.5000    7.500015253.2236   13.8161
   -7.5000   30.0000    7.500014464.6934   13.6723
    0.0000   30.0000    7.500015054.3174   13.6776
    7.5000   30.0000    7.500014440.4746   13.6439
   -7.5000   37.5000    7.500014065.5186   13.6694
    0.0000   37.5000    7.500014629.1963   13.6756
    7.5000   37.5000    7.500014016.3906   13.6477
   -7.5000   45.0000    7.500013087.7920   13.3431
    0.0000   45.0000    7.500013606.0439   13.3509
    7.5000   45.0000    7.500013023.4072   13.3324
   -7.5000  -45.0000   15.0000 8885.9922   14.2924
    0.0000  -45.0000   15.0000 9302.9453   14.2971
    7.5000  -45.0000   15.0000 8902.3438   14.2747
   -7.5000  -37.5000   15.0000 9826.3027   14.0553
    0.0000  -37.5000   15.000010263.5850   14.0609
    7.5000  -37.5000   15.0000 9834.3096   14.0417
   -7.5000  -30.0000   15.000011059.7520   13.9364
    0.0000  -30.0000   15.000011538.7334   13.9437
    7.5000  -30.0000   15.000011078.4941   13.9214
   -7.5000  -22.5000   15.000012309.3447   13.9015
    0.0000  -22.5000   15.000012825.0947   13.9089
    7.5000  -22.5000   15.000012345.2090   13.8810
   -7.5000  -15.0000   15.000013496.1201   13.8768
    0.0000  -15.0000   15.000014030.1396   13.8821
    7.5000  -15.0000   15.000013524.6123   13.8526
   -7.5000   -7.5000   15.000014593.8564   13.8505
    0.0000   -7.5000   15.000015126.9678   13.8536
    7.5000   -7.5000   15.000014622.3193   13.8292
   -7.5000    0.0000   15.000015532.7275   13.8342
    0.0000    0.0000   15.000016110.2666   13.8368
    7.5000    0.0000   15.000015555.4023   13.8185
   -7.5000    7.5000   15.000015384.1328   13.8245
    0.0000    7.5000   15.000015945.3076   13.8290
    7.5000    7.5000   15.000015383.6660   13.8122
   -7.5000   15.0000   15.000015126.1934   13.8248
    0.0000   15.0000   15.000015741.3193   13.8315
    7.5000   15.0000   15.000015120.1123   13.8109
   -7.5000   22.5000   15.000014651.8467   13.8308
    0.0000   22.5000   15.000015308.3154   13.8379
    7.5000   22.5000   15.000014637.9219   13.8110
   -7.5000   30.0000   15.000013896.3164   13.6708
    0.0000   30.0000   15.000014518.7539   13.6760
    7.5000   30.0000   15.000013868.1758   13.6472
   -7.5000   37.5000   15.000013474.2227   13.6672
    0.0000   37.5000   15.000014015.9023   13.6702
    7.5000   37.5000   15.000013430.2236   13.6461
   -7.5000   45.0000   15.000012514.9512   13.3346
    0.0000   45.0000   15.000013010.7031   13.3371
    7.5000   45.0000   15.000012468.3213   13.3194
   -7.5000  -45.0000   22.5000 8383.3389   14.3230
    0.0000  -45.0000   22.5000 8752.9238   14.3188
    7.5000  -45.0000   22.5000 8396.3398   14.2894
   -7.5000  -37.5000   22.5000 9270.2832   14.0885
    0.0000  -37.5000   22.5000 9701.9941   14.0849
    7.5000  -37.5000   22.5000 9290.2832   14.0568
   -7.5000  -30.0000   22.500010433.4658   13.9742
    0.0000  -30.0000   22.500010919.1035   13.9739
    7.5000  -30.0000   22.500010475.8623   13.9419
   -7.5000  -22.5000   22.500011602.0596   13.9411
    0.0000  -22.5000   22.500012116.9238   13.9433
    7.5000  -22.5000   22.500011629.3545   13.9073
   -7.5000  -15.0000   22.500012726.1357   13.9147
    0.0000  -15.0000   22.500013272.0830   13.9162
    7.5000  -15.0000   22.500012758.9404   13.8809
   -7.5000   -7.5000   22.500013794.0225   13.8850
    0.0000   -7.5000   22.500014347.6172   13.8824
    7.5000   -7.5000   22.500013819.5361   13.8529
   -7.5000    0.0000   22.500014737.2598   13.8667
    0.0000    0.0000   22.500015298.7314   13.8612
    7.5000    0.0000   22.500014735.3896   13.8362
   -7.5000    7.5000   22.500014571.4268   13.8586
    0.0000    7.5000   22.500015129.7441   13.8543
    7.5000    7.5000   22.500014546.0527   13.8288
   -7.5000   15.0000   22.500014327.3760   13.8624
    0.0000   15.0000   22.500014895.8359   13.8617
    7.5000   15.0000   22.500014314.5820   13.8314
   -7.5000   22.5000   22.500013873.0225   13.8706
    0.0000   22.5000   22.500014465.3643   13.8726
    7.5000   22.5000   22.500013861.7363   13.8376
   -7.5000   30.0000   22.500013194.5820   13.7084
    0.0000   30.0000   22.500013756.7100   13.7098
    7.5000   30.0000   22.500013157.9639   13.6753
   -7.5000   37.5000   22.500012801.8965   13.7012
    0.0000   37.5000   22.500013315.3174   13.6987
    7.5000   37.5000   22.500012759.5918   13.6695
   -7.5000   45.0000   22.500011904.3984   13.3659
    0.0000   45.0000   22.500012365.1680   13.3606
    7.5000   45.0000   22.500011837.7031   13.3365
   -7.5000  -45.0000   30.0000 7786.6895   14.4136
    0.0000  -45.0000   30.0000 8133.6138   14.4062
    7.5000  -45.0000   30.0000 7793.5786   14.3683
   -7.5000  -37.5000   30.0000 8621.1816   14.1868
    0.0000  -37.5000   30.0000 9039.7305   14.1785
    7.5000  -37.5000   30.0000 8641.7939   14.1410
   -7.5000  -30.0000   30.0000 9733.8320   14.0776
    0.0000  -30.0000   30.000010187.3604   14.0714
    7.5000  -30.0000   30.0000 9763.3672   14.0281
   -7.5000  -22.5000   30.000010841.2764   14.0386
    0.0000  -22.5000   30.000011331.9141   14.0357
    7.5000  -22.5000   30.000010869.0166   13.9881
   -7.5000  -15.0000   30.000011897.5820   14.0029
    0.0000  -15.0000   30.000012436.9971   14.0012
    7.5000  -15.0000   30.000011941.7002   13.9557
   -7.5000   -7.5000   30.000012894.9717   13.9700
    0.0000   -7.5000   30.000013454.9238   13.9651
    7.5000   -7.5000   30.000012918.6230   13.9270
   -7.5000    0.0000   30.000013752.0830   13.9556
    0.0000    0.0000   30.000014333.6475   13.9473
    7.5000    0.0000   30.000013757.2393   13.9144
   -7.5000    7.5000   30.000013577.4424   13.9555
    0.0000    7.5000   30.000014147.4688   13.9468
    7.5000    7.5000   30.000013565.9756   13.9123
   -7.5000   15.0000   30.000013353.3193   13.9642
    0.0000   15.0000   30.000013917.7402   13.9577
    7.5000   15.0000   30.000013341.7754   13.9164
   -7.5000   22.5000   30.000012936.5576   13.9674
    0.0000   22.5000   30.000013493.2266   13.9643
    7.5000   22.5000   30.000012937.5439   13.9179
   -7.5000   30.0000   30.000012337.7305   13.7953
    0.0000   30.0000   30.000012857.9639   13.7936
    7.5000   30.0000   30.000012322.2764   13.7492
   -7.5000   37.5000   30.000011987.1406   13.7851
    0.0000   37.5000   30.000012482.5293   13.7803
    7.5000   37.5000   30.000011955.1045   13.7427
   -7.5000   45.0000   30.000011129.5430   13.4516
    0.0000   45.0000   30.000011570.7646   13.4436
    7.5000   45.0000   30.000011064.4131   13.4119
   -7.5000  -45.0000   37.5000 7458.4409   14.5825
    0.0000  -45.0000   37.5000 7785.8691   14.5814
    7.5000  -45.0000   37.5000 7466.3413   14.5410
   -7.5000  -37.5000   37.5000 8263.2002   14.3604
    0.0000  -37.5000   37.5000 8651.2852   14.3573
    7.5000  -37.5000   37.5000 8285.9414   14.3191
   -7.5000  -30.0000   37.5000 9352.7646   14.2527
    0.0000  -30.0000   37.5000 9786.1914   14.2484
    7.5000  -30.0000   37.5000 9377.5352   14.2029
   -7.5000  -22.5000   37.500010426.0908   14.2050
    0.0000  -22.5000   37.500010922.2812   14.2019
    7.5000  -22.5000   37.500010453.1895   14.1492
   -7.5000  -15.0000   37.500011432.0518   14.1603
    0.0000  -15.0000   37.500011979.6064   14.1588
    7.5000  -15.0000   37.500011469.8740   14.1067
   -7.5000   -7.5000   37.500012363.4688   14.1269
    0.0000   -7.5000   37.500012964.0723   14.1255
    7.5000   -7.5000   37.500012398.1484   14.0819
   -7.5000    0.0000   37.500013187.2637   14.1182
    0.0000    0.0000   37.500013815.2480   14.1158
    7.5000    0.0000   37.500013199.1338   14.0809
   -7.5000    7.5000   37.500013025.4082   14.1256
    0.0000    7.5000   37.500013614.4980   14.1218
    7.5000    7.5000   37.500013021.7783   14.0867
   -7.5000   15.0000   37.500012794.1709   14.1362
    0.0000   15.0000   37.500013354.5176   14.1316
    7.5000   15.0000   37.500012783.2285   14.0882
   -7.5000   22.5000   37.500012408.9600   14.1318
    0.0000   22.5000   37.500012940.6777   14.1285
    7.5000   22.5000   37.500012393.1250   14.0770
   -7.5000   30.0000   37.500011832.1143   13.9500
    0.0000   30.0000   37.500012341.5908   13.9485
    7.5000   30.0000   37.500011828.8057   13.8975
   -7.5000   37.5000   37.500011488.6650   13.9399
    0.0000   37.5000   37.500011978.2227   13.9385
    7.5000   37.5000   37.500011483.8828   13.8956
   -7.5000   45.0000   37.500010678.4355   13.6083
    0.0000   45.0000   37.500011117.8232   13.6060
    7.5000   45.0000   37.500010643.0342   13.5723
   -7.5000  -45.0000   45.0000 6829.8486   14.7865
    0.0000  -45.0000   45.0000 7142.5107   14.7954
    7.5000  -45.0000   45.0000 6858.4326   14.7601
   -7.5000  -37.5000   45.0000 7543.7021   14.5592
    0.0000  -37.5000   45.0000 7902.5039   14.5660
    7.5000  -37.5000   45.0000 7572.2056   14.5358
   -7.5000  -30.0000   45.0000 8541.1533   14.4473
    0.0000  -30.0000   45.0000 8963.6562   14.4509
    7.5000  -30.0000   45.0000 8573.8584   14.4136
   -7.5000  -22.5000   45.0000 9543.7109   14.3957
    0.0000  -22.5000   45.000010018.9492   14.3978
    7.5000  -22.5000   45.0000 9569.2607   14.3503
   -7.5000  -15.0000   45.000010470.6553   14.3488
    0.0000  -15.0000   45.000010997.4658   14.3517
    7.5000  -15.0000   45.000010507.1426   14.3017
   -7.5000   -7.5000   45.000011317.7617   14.3171
    0.0000   -7.5000   45.000011884.9854   14.3223
    7.5000   -7.5000   45.000011358.7266   14.2808
   -7.5000    0.0000   45.000012087.0977   14.3113
    0.0000    0.0000   45.000012659.2939   14.3182
    7.5000    0.0000   45.000012101.9668   14.2881
   -7.5000    7.5000   45.000011943.4180   14.3192
    0.0000    7.5000   45.000012485.6689   14.3250
    7.5000    7.5000   45.000011947.4268   14.2976
   -7.5000   15.0000   45.000011685.4453   14.3273
    0.0000   15.0000   45.000012200.5850   14.3304
    7.5000   15.0000   45.000011692.1982   14.2952
   -7.5000   22.5000   45.000011333.9785   14.3194
    0.0000   22.5000   45.000011809.8330   14.3213
    7.5000   22.5000   45.000011339.5303   14.2752
   -7.5000   30.0000   45.000010835.2344   14.1335
    0.0000   30.0000   45.000011268.5508   14.1363
    7.5000   30.0000   45.000010842.1211   14.0875
   -7.5000   37.5000   45.000010525.6445   14.1262
    0.0000   37.5000   45.000010969.0146   14.1313
    7.5000   37.5000   45.000010525.3760   14.0905
   -7.5000   45.0000   45.0000 9797.4473   13.8007
    0.0000   45.0000   45.000010180.5752   13.8074
    7.5000   45.0000   45.0000 9761.8291   13.7783

---------------------------------------------------------------------
imgreg_4dfp /opt/freesurfer/average/711-2C_as_mni_average_305 /opt/freesurfer/average/711-2B_as_mni_average_305_mask talsrcimg_g11 none talsrcimg_to_711-2C_as_mni_average_305_t4 4355
---------------------------------------------------------------------

freesurfer imgreg_4dfp.c
/opt/freesurfer/average/711-2C_as_mni_average_305.4dfp.img
       256       256       256         1
  1.000000  1.000000  1.000000
orientation T byte_order littleendian
Reading image: /opt/freesurfer/average/711-2C_as_mni_average_305.4dfp.img
dimensions:      256       256       256
mmppix:       1.0000   -1.0000   -1.0000
center:     128.0000 -129.0000 -129.0000
/opt/freesurfer/average/711-2B_as_mni_average_305_mask.4dfp.img
       256       256       256         1
  1.000000  1.000000  1.000000
orientation T byte_order littleendian
Reading mask: /opt/freesurfer/average/711-2B_as_mni_average_305_mask.4dfp.img (2306576 pixels)
talsrcimg_g11.4dfp.img
       256       256       256         1
  1.000000  1.000000  1.000000
orientation T byte_order littleendian
Reading image: talsrcimg_g11.4dfp.img
dimensions:      256       256       256
mmppix:       1.0000   -1.0000   -1.0000
center:     128.0000 -129.0000 -129.0000
rotation matrix determinant  1.000000
image alignment mode   4355 decimal     1103 hex
   -7.5000  -45.0000  -45.0000 1874.6598   18.3722
    0.0000  -45.0000  -45.0000 1889.4510   18.2101
    7.5000  -45.0000  -45.0000 1878.2467   18.3779
   -7.5000  -37.5000  -45.0000 1984.4652   16.3436
    0.0000  -37.5000  -45.0000 1999.3383   16.2028
    7.5000  -37.5000  -45.0000 1986.7474   16.3167
   -7.5000  -30.0000  -45.0000 2087.8696   14.6872
    0.0000  -30.0000  -45.0000 2104.9880   14.5586
    7.5000  -30.0000  -45.0000 2088.6365   14.6431
   -7.5000  -22.5000  -45.0000 2182.0227   13.4230
    0.0000  -22.5000  -45.0000 2194.8357   13.3264
    7.5000  -22.5000  -45.0000 2180.1199   13.3798
   -7.5000  -15.0000  -45.0000 2251.1885   12.5141
    0.0000  -15.0000  -45.0000 2262.7422   12.4324
    7.5000  -15.0000  -45.0000 2250.5425   12.4765
   -7.5000   -7.5000  -45.0000 2293.8528   11.8976
    0.0000   -7.5000  -45.0000 2306.3967   11.8161
    7.5000   -7.5000  -45.0000 2287.2512   11.8899
   -7.5000    0.0000  -45.0000 2310.0198   11.5107
    0.0000    0.0000  -45.0000 2327.8611   11.4234
    7.5000    0.0000  -45.0000 2308.7239   11.4922
   -7.5000    7.5000  -45.0000 2310.6714   11.3346
    0.0000    7.5000  -45.0000 2331.7122   11.2330
    7.5000    7.5000  -45.0000 2312.3657   11.3100
   -7.5000   15.0000  -45.0000 2313.1814   11.3405
    0.0000   15.0000  -45.0000 2339.1321   11.1865
    7.5000   15.0000  -45.0000 2311.7449   11.2654
   -7.5000   22.5000  -45.0000 2300.2087   11.5298
    0.0000   22.5000  -45.0000 2322.5974   11.3999
    7.5000   22.5000  -45.0000 2296.8613   11.4795
   -7.5000   30.0000  -45.0000 2265.4980   11.9947
    0.0000   30.0000  -45.0000 2289.0579   11.8703
    7.5000   30.0000  -45.0000 2263.6421   11.9459
   -7.5000   37.5000  -45.0000 2212.2483   12.6578
    0.0000   37.5000  -45.0000 2236.9250   12.5179
    7.5000   37.5000  -45.0000 2214.2236   12.6227
   -7.5000   45.0000  -45.0000 2137.2698   13.5631
    0.0000   45.0000  -45.0000 2163.0127   13.3946
    7.5000   45.0000  -45.0000 2139.4399   13.5346
   -7.5000  -45.0000  -37.5000 1933.8368   17.1081
    0.0000  -45.0000  -37.5000 1950.3057   17.0005
    7.5000  -45.0000  -37.5000 1939.9370   17.1446
   -7.5000  -37.5000  -37.5000 2055.3525   15.1851
    0.0000  -37.5000  -37.5000 2074.6335   15.0972
    7.5000  -37.5000  -37.5000 2057.4683   15.2143
   -7.5000  -30.0000  -37.5000 2170.0806   13.6586
    0.0000  -30.0000  -37.5000 2186.2996   13.5842
    7.5000  -30.0000  -37.5000 2170.3455   13.6481
   -7.5000  -22.5000  -37.5000 2272.7700   12.4786
    0.0000  -22.5000  -37.5000 2284.3662   12.4024
    7.5000  -22.5000  -37.5000 2273.3733   12.4488
   -7.5000  -15.0000  -37.5000 2347.6748   11.6046
    0.0000  -15.0000  -37.5000 2361.7605   11.5573
    7.5000  -15.0000  -37.5000 2345.7080   11.5792
   -7.5000   -7.5000  -37.5000 2389.6384   11.0172
    0.0000   -7.5000  -37.5000 2404.9033   10.9674
    7.5000   -7.5000  -37.5000 2386.3071   11.0162
   -7.5000    0.0000  -37.5000 2408.9539   10.6605
    0.0000    0.0000  -37.5000 2430.8267   10.5904
    7.5000    0.0000  -37.5000 2410.7175   10.6322
   -7.5000    7.5000  -37.5000 2410.1287   10.4965
    0.0000    7.5000  -37.5000 2434.8103   10.4105
    7.5000    7.5000  -37.5000 2413.8765   10.4538
   -7.5000   15.0000  -37.5000 2413.7834   10.4857
    0.0000   15.0000  -37.5000 2437.4558   10.3830
    7.5000   15.0000  -37.5000 2413.1147   10.4319
   -7.5000   22.5000  -37.5000 2398.9553   10.6598
    0.0000   22.5000  -37.5000 2425.8000   10.5573
    7.5000   22.5000  -37.5000 2398.9851   10.6098
   -7.5000   30.0000  -37.5000 2366.1042   11.0532
    0.0000   30.0000  -37.5000 2393.1216   10.9380
    7.5000   30.0000  -37.5000 2366.4771   11.0080
   -7.5000   37.5000  -37.5000 2310.5229   11.6616
    0.0000   37.5000  -37.5000 2334.7598   11.5350
    7.5000   37.5000  -37.5000 2312.0996   11.6087
   -7.5000   45.0000  -37.5000 2234.5737   12.4536
    0.0000   45.0000  -37.5000 2255.0879   12.3134
    7.5000   45.0000  -37.5000 2235.7842   12.4227
   -7.5000  -45.0000  -30.0000 2022.5396   16.6343
    0.0000  -45.0000  -30.0000 2044.9229   16.5635
    7.5000  -45.0000  -30.0000 2033.1161   16.7061
   -7.5000  -37.5000  -30.0000 2156.4861   14.7714
    0.0000  -37.5000  -30.0000 2176.7693   14.6829
    7.5000  -37.5000  -30.0000 2162.6045   14.7838
   -7.5000  -30.0000  -30.0000 2283.1609   13.2561
    0.0000  -30.0000  -30.0000 2297.8259   13.1924
    7.5000  -30.0000  -30.0000 2283.1982   13.2558
   -7.5000  -22.5000  -30.0000 2392.5693   12.0533
    0.0000  -22.5000  -30.0000 2405.7737   11.9943
    7.5000  -22.5000  -30.0000 2390.9724   12.0367
   -7.5000  -15.0000  -30.0000 2472.3259   11.1810
    0.0000  -15.0000  -30.0000 2484.7336   11.1253
    7.5000  -15.0000  -30.0000 2466.5435   11.1640
   -7.5000   -7.5000  -30.0000 2522.1580   10.5839
    0.0000   -7.5000  -30.0000 2538.0120   10.5243
    7.5000   -7.5000  -30.0000 2520.4766   10.5502
   -7.5000    0.0000  -30.0000 2554.8228   10.2033
    0.0000    0.0000  -30.0000 2575.0312   10.1245
    7.5000    0.0000  -30.0000 2556.0359   10.1516
   -7.5000    7.5000  -30.0000 2566.6709   10.0407
    0.0000    7.5000  -30.0000 2591.9312    9.9704
    7.5000    7.5000  -30.0000 2569.2563    9.9833
   -7.5000   15.0000  -30.0000 2563.2627   10.0348
    0.0000   15.0000  -30.0000 2587.1970    9.9654
    7.5000   15.0000  -30.0000 2565.5820    9.9801
   -7.5000   22.5000  -30.0000 2542.4124   10.2088
    0.0000   22.5000  -30.0000 2572.5803   10.1374
    7.5000   22.5000  -30.0000 2547.2554   10.1644
   -7.5000   30.0000  -30.0000 2510.2812   10.5724
    0.0000   30.0000  -30.0000 2536.6104   10.4834
    7.5000   30.0000  -30.0000 2510.8057   10.5140
   -7.5000   37.5000  -30.0000 2451.7341   11.1251
    0.0000   37.5000  -30.0000 2475.4958   11.0246
    7.5000   37.5000  -30.0000 2454.5981   11.0733
   -7.5000   45.0000  -30.0000 2367.5234   11.8739
    0.0000   45.0000  -30.0000 2391.7585   11.7573
    7.5000   45.0000  -30.0000 2370.5925   11.8376
   -7.5000  -45.0000  -22.5000 2089.4741   16.1655
    0.0000  -45.0000  -22.5000 2111.6335   16.0831
    7.5000  -45.0000  -22.5000 2097.4856   16.2185
   -7.5000  -37.5000  -22.5000 2230.7043   14.3071
    0.0000  -37.5000  -22.5000 2252.3303   14.2445
    7.5000  -37.5000  -22.5000 2236.5488   14.3257
   -7.5000  -30.0000  -22.5000 2361.5256   12.8206
    0.0000  -30.0000  -22.5000 2377.5234   12.7458
    7.5000  -30.0000  -22.5000 2365.5613   12.8169
   -7.5000  -22.5000  -22.5000 2469.9253   11.6294
    0.0000  -22.5000  -22.5000 2487.5349   11.5421
    7.5000  -22.5000  -22.5000 2471.0750   11.6000
   -7.5000  -15.0000  -22.5000 2559.5908   10.7190
    0.0000  -15.0000  -22.5000 2577.8379   10.6546
    7.5000  -15.0000  -22.5000 2555.3997   10.6826
   -7.5000   -7.5000  -22.5000 2624.4871   10.0812
    0.0000   -7.5000  -22.5000 2638.3130   10.0237
    7.5000   -7.5000  -22.5000 2622.9043   10.0328
   -7.5000    0.0000  -22.5000 2664.3594    9.6876
    0.0000    0.0000  -22.5000 2681.2644    9.6216
    7.5000    0.0000  -22.5000 2666.9512    9.6367
   -7.5000    7.5000  -22.5000 2688.6533    9.5066
    0.0000    7.5000  -22.5000 2716.1750    9.4424
    7.5000    7.5000  -22.5000 2688.9065    9.4490
   -7.5000   15.0000  -22.5000 2687.8965    9.5261
    0.0000   15.0000  -22.5000 2717.8469    9.4617
    7.5000   15.0000  -22.5000 2690.6528    9.4624
   -7.5000   22.5000  -22.5000 2671.0217    9.7020
    0.0000   22.5000  -22.5000 2701.8616    9.6413
    7.5000   22.5000  -22.5000 2675.6543    9.6441
   -7.5000   30.0000  -22.5000 2630.6687   10.0487
    0.0000   30.0000  -22.5000 2661.8640    9.9708
    7.5000   30.0000  -22.5000 2633.0088    9.9920
   -7.5000   37.5000  -22.5000 2566.0081   10.5642
    0.0000   37.5000  -22.5000 2597.7759   10.4762
    7.5000   37.5000  -22.5000 2570.4312   10.5129
   -7.5000   45.0000  -22.5000 2472.4304   11.2843
    0.0000   45.0000  -22.5000 2505.1589   11.1951
    7.5000   45.0000  -22.5000 2478.7998   11.2438
   -7.5000  -45.0000  -15.0000 2127.8726   15.6896
    0.0000  -45.0000  -15.0000 2149.7830   15.6244
    7.5000  -45.0000  -15.0000 2130.4915   15.7455
   -7.5000  -37.5000  -15.0000 2272.9514   13.8941
    0.0000  -37.5000  -15.0000 2294.8040   13.7886
    7.5000  -37.5000  -15.0000 2275.0642   13.9114
   -7.5000  -30.0000  -15.0000 2403.9197   12.4108
    0.0000  -30.0000  -15.0000 2421.5874   12.3155
    7.5000  -30.0000  -15.0000 2405.8933   12.4007
   -7.5000  -22.5000  -15.0000 2512.8914   11.2251
    0.0000  -22.5000  -15.0000 2538.0271   11.1368
    7.5000  -22.5000  -15.0000 2517.4128   11.1903
   -7.5000  -15.0000  -15.0000 2610.3245   10.2961
    0.0000  -15.0000  -15.0000 2631.7715   10.2222
    7.5000  -15.0000  -15.0000 2608.9426   10.2550
   -7.5000   -7.5000  -15.0000 2685.5562    9.6102
    0.0000   -7.5000  -15.0000 2705.7749    9.5562
    7.5000   -7.5000  -15.0000 2686.9248    9.5875
   -7.5000    0.0000  -15.0000 2737.0183    9.2033
    0.0000    0.0000  -15.0000 2759.7781    9.1342
    7.5000    0.0000  -15.0000 2740.1943    9.1719
   -7.5000    7.5000  -15.0000 2772.1865    9.0099
    0.0000    7.5000  -15.0000 2802.5283    8.9186
    7.5000    7.5000  -15.0000 2773.7578    8.9578
   -7.5000   15.0000  -15.0000 2783.6609    9.0074
    0.0000   15.0000  -15.0000 2819.5747    8.9375
    7.5000   15.0000  -15.0000 2782.5222    8.9529
   -7.5000   22.5000  -15.0000 2771.8147    9.2174
    0.0000   22.5000  -15.0000 2811.7280    9.1440
    7.5000   22.5000  -15.0000 2775.9717    9.1508
   -7.5000   30.0000  -15.0000 2725.9656    9.5327
    0.0000   30.0000  -15.0000 2763.1733    9.4664
    7.5000   30.0000  -15.0000 2733.9900    9.4822
   -7.5000   37.5000  -15.0000 2649.4863   10.0355
    0.0000   37.5000  -15.0000 2685.0630    9.9594
    7.5000   37.5000  -15.0000 2655.8254   10.0058
   -7.5000   45.0000  -15.0000 2548.6719   10.7500
    0.0000   45.0000  -15.0000 2580.3735   10.6748
    7.5000   45.0000  -15.0000 2554.5330   10.7068
   -7.5000  -45.0000   -7.5000 2147.4780   15.3066
    0.0000  -45.0000   -7.5000 2170.8472   15.2176
    7.5000  -45.0000   -7.5000 2155.9229   15.3208
   -7.5000  -37.5000   -7.5000 2296.1143   13.5554
    0.0000  -37.5000   -7.5000 2317.1221   13.4229
    7.5000  -37.5000   -7.5000 2297.5061   13.5357
   -7.5000  -30.0000   -7.5000 2428.3154   12.0883
    0.0000  -30.0000   -7.5000 2445.4993   11.9633
    7.5000  -30.0000   -7.5000 2426.7766   12.0657
   -7.5000  -22.5000   -7.5000 2543.3855   10.8774
    0.0000  -22.5000   -7.5000 2565.2698   10.7591
    7.5000  -22.5000   -7.5000 2544.3918   10.8391
   -7.5000  -15.0000   -7.5000 2642.0161    9.9351
    0.0000  -15.0000   -7.5000 2666.4871    9.8257
    7.5000  -15.0000   -7.5000 2644.3101    9.8895
   -7.5000   -7.5000   -7.5000 2728.9551    9.2414
    0.0000   -7.5000   -7.5000 2752.2317    9.1468
    7.5000   -7.5000   -7.5000 2732.8982    9.2131
   -7.5000    0.0000   -7.5000 2792.2517    8.7958
    0.0000    0.0000   -7.5000 2816.7212    8.6936
    7.5000    0.0000   -7.5000 2795.1038    8.7680
   -7.5000    7.5000   -7.5000 2839.1560    8.5674
    0.0000    7.5000   -7.5000 2881.1763    8.4527
    7.5000    7.5000   -7.5000 2843.3228    8.5310
   -7.5000   15.0000   -7.5000 2863.0095    8.5631
    0.0000   15.0000   -7.5000 2911.8621    8.4487
    7.5000   15.0000   -7.5000 2867.0862    8.5160
   -7.5000   22.5000   -7.5000 2855.8438    8.7484
    0.0000   22.5000   -7.5000 2899.5930    8.6642
    7.5000   22.5000   -7.5000 2859.4045    8.6998
   -7.5000   30.0000   -7.5000 2799.9495    9.0612
    0.0000   30.0000   -7.5000 2840.7776    8.9812
    7.5000   30.0000   -7.5000 2809.2722    9.0257
   -7.5000   37.5000   -7.5000 2712.7695    9.5795
    0.0000   37.5000   -7.5000 2750.2825    9.4819
    7.5000   37.5000   -7.5000 2720.4534    9.5527
   -7.5000   45.0000   -7.5000 2605.7969   10.2891
    0.0000   45.0000   -7.5000 2639.0439   10.1999
    7.5000   45.0000   -7.5000 2608.3044   10.2656
   -7.5000  -45.0000    0.0000 2160.3992   15.1924
    0.0000  -45.0000    0.0000 2182.5010   15.0538
    7.5000  -45.0000    0.0000 2169.5750   15.2143
   -7.5000  -37.5000    0.0000 2308.3403   13.4209
    0.0000  -37.5000    0.0000 2327.6235   13.2353
    7.5000  -37.5000    0.0000 2311.0967   13.3967
   -7.5000  -30.0000    0.0000 2431.2466   11.9042
    0.0000  -30.0000    0.0000 2448.4314   11.7152
    7.5000  -30.0000    0.0000 2432.3301   11.8699
   -7.5000  -22.5000    0.0000 2546.5383   10.6703
    0.0000  -22.5000    0.0000 2571.8171   10.5028
    7.5000  -22.5000    0.0000 2551.3105   10.6183
   -7.5000  -15.0000    0.0000 2652.7795    9.7032
    0.0000  -15.0000    0.0000 2678.4390    9.5485
    7.5000  -15.0000    0.0000 2658.0842    9.6568
   -7.5000   -7.5000    0.0000 2752.9841    9.0062
    0.0000   -7.5000    0.0000 2780.7605    8.8534
    7.5000   -7.5000    0.0000 2755.6621    8.9585
   -7.5000    0.0000    0.0000 2827.3420    8.5126
    0.0000    0.0000    0.0000 2859.3562    8.3739
    7.5000    0.0000    0.0000 2834.2910    8.4777
   -7.5000    7.5000    0.0000 2891.9424    8.2784
    0.0000    7.5000    0.0000 2941.1755    8.1300
    7.5000    7.5000    0.0000 2901.7417    8.2362
   -7.5000   15.0000    0.0000 2924.9751    8.2638
    0.0000   15.0000    0.0000 2987.2019    8.0929
    7.5000   15.0000    0.0000 2934.5793    8.2266
   -7.5000   22.5000    0.0000 2916.3264    8.4418
    0.0000   22.5000    0.0000 2971.8020    8.3080
    7.5000   22.5000    0.0000 2922.1897    8.4087
   -7.5000   30.0000    0.0000 2850.5693    8.7703
    0.0000   30.0000    0.0000 2895.1846    8.6483
    7.5000   30.0000    0.0000 2855.7075    8.7426
   -7.5000   37.5000    0.0000 2760.9570    9.2679
    0.0000   37.5000    0.0000 2800.8328    9.1407
    7.5000   37.5000    0.0000 2767.2993    9.2329
   -7.5000   45.0000    0.0000 2639.9780   10.0137
    0.0000   45.0000    0.0000 2672.5164    9.8954
    7.5000   45.0000    0.0000 2645.6306    9.9822
   -7.5000  -45.0000    7.5000 2167.4700   15.2998
    0.0000  -45.0000    7.5000 2194.5525   15.0802
    7.5000  -45.0000    7.5000 2178.5034   15.2929
   -7.5000  -37.5000    7.5000 2309.1123   13.4913
    0.0000  -37.5000    7.5000 2333.2888   13.2747
    7.5000  -37.5000    7.5000 2310.3445   13.4625
   -7.5000  -30.0000    7.5000 2419.2378   11.8898
    0.0000  -30.0000    7.5000 2440.8723   11.6723
    7.5000  -30.0000    7.5000 2422.2351   11.8691
   -7.5000  -22.5000    7.5000 2533.8774   10.6111
    0.0000  -22.5000    7.5000 2554.9888   10.4066
    7.5000  -22.5000    7.5000 2538.8811   10.5717
   -7.5000  -15.0000    7.5000 2647.1960    9.6282
    0.0000  -15.0000    7.5000 2669.4202    9.4376
    7.5000  -15.0000    7.5000 2650.9915    9.5793
   -7.5000   -7.5000    7.5000 2752.2202    8.8964
    0.0000   -7.5000    7.5000 2780.8245    8.6997
    7.5000   -7.5000    7.5000 2754.0007    8.8378
   -7.5000    0.0000    7.5000 2839.1387    8.3806
    0.0000    0.0000    7.5000 2874.7073    8.1811
    7.5000    0.0000    7.5000 2849.2502    8.3421
   -7.5000    7.5000    7.5000 2916.9194    8.1493
    0.0000    7.5000    7.5000 2969.0325    7.9649
    7.5000    7.5000    7.5000 2928.7009    8.1011
   -7.5000   15.0000    7.5000 2958.2456    8.1557
    0.0000   15.0000    7.5000 3027.0212    7.9689
    7.5000   15.0000    7.5000 2970.0818    8.1103
   -7.5000   22.5000    7.5000 2948.9219    8.3155
    0.0000   22.5000    7.5000 3017.9258    8.1453
    7.5000   22.5000    7.5000 2958.6531    8.2630
   -7.5000   30.0000    7.5000 2876.5647    8.6574
    0.0000   30.0000    7.5000 2933.1982    8.4950
    7.5000   30.0000    7.5000 2886.1694    8.6028
   -7.5000   37.5000    7.5000 2779.0798    9.1520
    0.0000   37.5000    7.5000 2821.0662    9.0127
    7.5000   37.5000    7.5000 2789.9932    9.0980
   -7.5000   45.0000    7.5000 2654.6924    9.9022
    0.0000   45.0000    7.5000 2686.2427    9.7735
    7.5000   45.0000    7.5000 2665.2290    9.8473
   -7.5000  -45.0000   15.0000 2160.9070   15.5346
    0.0000  -45.0000   15.0000 2186.8955   15.2919
    7.5000  -45.0000   15.0000 2170.9321   15.5288
   -7.5000  -37.5000   15.0000 2298.6875   13.6891
    0.0000  -37.5000   15.0000 2329.1057   13.4660
    7.5000  -37.5000   15.0000 2304.1550   13.6487
   -7.5000  -30.0000   15.0000 2401.5256   12.0209
    0.0000  -30.0000   15.0000 2428.5005   11.7818
    7.5000  -30.0000   15.0000 2407.7295   12.0070
   -7.5000  -22.5000   15.0000 2508.9741   10.7333
    0.0000  -22.5000   15.0000 2534.8782   10.5057
    7.5000  -22.5000   15.0000 2518.1438   10.6933
   -7.5000  -15.0000   15.0000 2619.0293    9.7328
    0.0000  -15.0000   15.0000 2641.1985    9.5023
    7.5000  -15.0000   15.0000 2623.8909    9.6811
   -7.5000   -7.5000   15.0000 2726.3599    8.9624
    0.0000   -7.5000   15.0000 2755.3730    8.7548
    7.5000   -7.5000   15.0000 2733.3386    8.9173
   -7.5000    0.0000   15.0000 2816.1846    8.4532
    0.0000    0.0000   15.0000 2853.6265    8.2439
    7.5000    0.0000   15.0000 2826.2666    8.4006
   -7.5000    7.5000   15.0000 2901.7368    8.1971
    0.0000    7.5000   15.0000 2956.3042    8.0295
    7.5000    7.5000   15.0000 2910.5291    8.1561
   -7.5000   15.0000   15.0000 2943.6475    8.1730
    0.0000   15.0000   15.0000 3006.3977    8.0213
    7.5000   15.0000   15.0000 2954.9565    8.1380
   -7.5000   22.5000   15.0000 2930.2607    8.3382
    0.0000   22.5000   15.0000 2990.8989    8.2173
    7.5000   22.5000   15.0000 2944.8552    8.2972
   -7.5000   30.0000   15.0000 2862.4124    8.7023
    0.0000   30.0000   15.0000 2912.7852    8.5903
    7.5000   30.0000   15.0000 2872.7852    8.6574
   -7.5000   37.5000   15.0000 2768.6941    9.2150
    0.0000   37.5000   15.0000 2802.5542    9.0965
    7.5000   37.5000   15.0000 2777.2446    9.1610
   -7.5000   45.0000   15.0000 2646.5344    9.9326
    0.0000   45.0000   15.0000 2675.9412    9.7904
    7.5000   45.0000   15.0000 2656.4390    9.8616
   -7.5000  -45.0000   22.5000 2133.0264   15.8952
    0.0000  -45.0000   22.5000 2159.0808   15.6298
    7.5000  -45.0000   22.5000 2141.2104   15.8792
   -7.5000  -37.5000   22.5000 2271.7542   13.9993
    0.0000  -37.5000   22.5000 2302.9141   13.7506
    7.5000  -37.5000   22.5000 2280.0972   13.9552
   -7.5000  -30.0000   22.5000 2373.9336   12.3107
    0.0000  -30.0000   22.5000 2400.7039   12.0815
    7.5000  -30.0000   22.5000 2385.3755   12.2705
   -7.5000  -22.5000   22.5000 2475.9163   11.0086
    0.0000  -22.5000   22.5000 2499.4028   10.7917
    7.5000  -22.5000   22.5000 2484.9800   10.9517
   -7.5000  -15.0000   22.5000 2583.1350    9.9874
    0.0000  -15.0000   22.5000 2606.0168    9.7961
    7.5000  -15.0000   22.5000 2589.0173    9.9364
   -7.5000   -7.5000   22.5000 2685.8333    9.2223
    0.0000   -7.5000   22.5000 2709.3831    9.0363
    7.5000   -7.5000   22.5000 2692.9014    9.1707
   -7.5000    0.0000   22.5000 2783.9768    8.7019
    0.0000    0.0000   22.5000 2815.3655    8.5026
    7.5000    0.0000   22.5000 2790.1265    8.6381
   -7.5000    7.5000   22.5000 2866.0459    8.4356
    0.0000    7.5000   22.5000 2912.5400    8.2599
    7.5000    7.5000   22.5000 2871.8999    8.3761
   -7.5000   15.0000   22.5000 2902.8149    8.4010
    0.0000   15.0000   22.5000 2945.7400    8.2614
    7.5000   15.0000   22.5000 2909.8743    8.3571
   -7.5000   22.5000   22.5000 2880.8960    8.5812
    0.0000   22.5000   22.5000 2931.7144    8.4611
    7.5000   22.5000   22.5000 2895.2588    8.5284
   -7.5000   30.0000   22.5000 2821.6616    8.9490
    0.0000   30.0000   22.5000 2868.2163    8.8185
    7.5000   30.0000   22.5000 2830.5571    8.8786
   -7.5000   37.5000   22.5000 2727.2532    9.4417
    0.0000   37.5000   22.5000 2764.0872    9.3164
    7.5000   37.5000   22.5000 2738.4980    9.3686
   -7.5000   45.0000   22.5000 2614.9070   10.1237
    0.0000   45.0000   22.5000 2645.1597    9.9876
    7.5000   45.0000   22.5000 2625.5637   10.0344
   -7.5000  -45.0000   30.0000 2080.6641   16.4612
    0.0000  -45.0000   30.0000 2104.6382   16.1764
    7.5000  -45.0000   30.0000 2089.6758   16.3472
   -7.5000  -37.5000   30.0000 2224.0103   14.4826
    0.0000  -37.5000   30.0000 2251.4485   14.2374
    7.5000  -37.5000   30.0000 2232.7234   14.4071
   -7.5000  -30.0000   30.0000 2334.0352   12.7807
    0.0000  -30.0000   30.0000 2354.6814   12.5873
    7.5000  -30.0000   30.0000 2343.9419   12.7402
   -7.5000  -22.5000   30.0000 2438.2900   11.4825
    0.0000  -22.5000   30.0000 2460.5947   11.2953
    7.5000  -22.5000   30.0000 2444.4827   11.3935
   -7.5000  -15.0000   30.0000 2539.1340   10.4391
    0.0000  -15.0000   30.0000 2565.6826   10.2603
    7.5000  -15.0000   30.0000 2547.5986   10.3652
   -7.5000   -7.5000   30.0000 2643.7903    9.6514
    0.0000   -7.5000   30.0000 2669.8113    9.4757
    7.5000   -7.5000   30.0000 2649.6399    9.5918
   -7.5000    0.0000   30.0000 2732.7126    9.1298
    0.0000    0.0000   30.0000 2766.5745    8.9442
    7.5000    0.0000   30.0000 2740.1982    9.0547
   -7.5000    7.5000   30.0000 2801.4910    8.8526
    0.0000    7.5000   30.0000 2842.4326    8.6813
    7.5000    7.5000   30.0000 2807.5432    8.7817
   -7.5000   15.0000   30.0000 2832.6162    8.8165
    0.0000   15.0000   30.0000 2867.8066    8.6952
    7.5000   15.0000   30.0000 2840.3938    8.7457
   -7.5000   22.5000   30.0000 2806.2063    9.0344
    0.0000   22.5000   30.0000 2846.0208    8.9069
    7.5000   22.5000   30.0000 2817.6252    8.9514
   -7.5000   30.0000   30.0000 2754.2900    9.3706
    0.0000   30.0000   30.0000 2788.0178    9.2490
    7.5000   30.0000   30.0000 2758.9712    9.2981
   -7.5000   37.5000   30.0000 2668.6829    9.8498
    0.0000   37.5000   30.0000 2700.9978    9.7108
    7.5000   37.5000   30.0000 2677.0156    9.7538
   -7.5000   45.0000   30.0000 2564.9187   10.5004
    0.0000   45.0000   30.0000 2592.9546   10.3489
    7.5000   45.0000   30.0000 2572.6758   10.4079
   -7.5000  -45.0000   37.5000 2022.8629   17.3048
    0.0000  -45.0000   37.5000 2036.1348   17.0282
    7.5000  -45.0000   37.5000 2028.9294   17.1735
   -7.5000  -37.5000   37.5000 2163.9824   15.1705
    0.0000  -37.5000   37.5000 2185.4197   14.9754
    7.5000  -37.5000   37.5000 2172.7087   15.1090
   -7.5000  -30.0000   37.5000 2280.4719   13.4660
    0.0000  -30.0000   37.5000 2299.4551   13.2710
    7.5000  -30.0000   37.5000 2288.5979   13.3917
   -7.5000  -22.5000   37.5000 2389.2322   12.1217
    0.0000  -22.5000   37.5000 2412.8213   11.9528
    7.5000  -22.5000   37.5000 2394.3108   12.0077
   -7.5000  -15.0000   37.5000 2492.6882   11.0592
    0.0000  -15.0000   37.5000 2520.3972   10.8992
    7.5000  -15.0000   37.5000 2501.0315   10.9580
   -7.5000   -7.5000   37.5000 2588.7883   10.2520
    0.0000   -7.5000   37.5000 2621.9624   10.0956
    7.5000   -7.5000   37.5000 2597.8088   10.1592
   -7.5000    0.0000   37.5000 2666.7727    9.7267
    0.0000    0.0000   37.5000 2708.7356    9.5579
    7.5000    0.0000   37.5000 2676.6895    9.6397
   -7.5000    7.5000   37.5000 2723.1216    9.4353
    0.0000    7.5000   37.5000 2758.5752    9.3075
    7.5000    7.5000   37.5000 2730.2573    9.3632
   -7.5000   15.0000   37.5000 2746.9934    9.3874
    0.0000   15.0000   37.5000 2778.9473    9.2727
    7.5000   15.0000   37.5000 2753.4443    9.3149
   -7.5000   22.5000   37.5000 2717.9009    9.6032
    0.0000   22.5000   37.5000 2750.4690    9.4834
    7.5000   22.5000   37.5000 2725.8889    9.5040
   -7.5000   30.0000   37.5000 2661.8706    9.9344
    0.0000   30.0000   37.5000 2695.3030    9.8105
    7.5000   30.0000   37.5000 2670.2927    9.8366
   -7.5000   37.5000   37.5000 2587.2458   10.4044
    0.0000   37.5000   37.5000 2618.0981   10.2748
    7.5000   37.5000   37.5000 2594.7329   10.3125
   -7.5000   45.0000   37.5000 2492.5815   11.0371
    0.0000   45.0000   37.5000 2516.9802   10.8933
    7.5000   45.0000   37.5000 2500.0261   10.9483
   -7.5000  -45.0000   45.0000 1955.6213   18.3616
    0.0000  -45.0000   45.0000 1970.2787   18.1423
    7.5000  -45.0000   45.0000 1963.7889   18.2964
   -7.5000  -37.5000   45.0000 2097.5430   16.0657
    0.0000  -37.5000   45.0000 2118.0051   15.8728
    7.5000  -37.5000   45.0000 2105.0967   16.0164
   -7.5000  -30.0000   45.0000 2214.3169   14.2918
    0.0000  -30.0000   45.0000 2239.5112   14.1086
    7.5000  -30.0000   45.0000 2223.1414   14.2312
   -7.5000  -22.5000   45.0000 2327.6072   12.8872
    0.0000  -22.5000   45.0000 2356.6055   12.7450
    7.5000  -22.5000   45.0000 2334.0203   12.7988
   -7.5000  -15.0000   45.0000 2431.8706   11.8069
    0.0000  -15.0000   45.0000 2463.0171   11.6669
    7.5000  -15.0000   45.0000 2440.6167   11.7124
   -7.5000   -7.5000   45.0000 2521.3132   10.9940
    0.0000   -7.5000   45.0000 2555.6511   10.8515
    7.5000   -7.5000   45.0000 2532.7915   10.9108
   -7.5000    0.0000   45.0000 2591.1316   10.4555
    0.0000    0.0000   45.0000 2629.1482   10.3202
    7.5000    0.0000   45.0000 2602.7693   10.3871
   -7.5000    7.5000   45.0000 2638.3462   10.1611
    0.0000    7.5000   45.0000 2667.9255   10.0603
    7.5000    7.5000   45.0000 2647.3909   10.1016
   -7.5000   15.0000   45.0000 2646.0732   10.1120
    0.0000   15.0000   45.0000 2675.7856    9.9966
    7.5000   15.0000   45.0000 2652.2886   10.0453
   -7.5000   22.5000   45.0000 2618.5193   10.2858
    0.0000   22.5000   45.0000 2644.4126   10.1715
    7.5000   22.5000   45.0000 2627.2141   10.2032
   -7.5000   30.0000   45.0000 2567.3706   10.6008
    0.0000   30.0000   45.0000 2591.2529   10.4767
    7.5000   30.0000   45.0000 2577.4980   10.5107
   -7.5000   37.5000   45.0000 2502.3762   11.0634
    0.0000   37.5000   45.0000 2531.6069   10.9289
    7.5000   37.5000   45.0000 2512.0188   10.9518
   -7.5000   45.0000   45.0000 2412.5828   11.7038
    0.0000   45.0000   45.0000 2433.7756   11.5466
    7.5000   45.0000   45.0000 2422.4116   11.5904

---------------------------------------------------------------------
imgreg_4dfp /opt/freesurfer/average/711-2C_as_mni_average_305 /opt/freesurfer/average/711-2B_as_mni_average_305_mask talsrcimg_g11 none talsrcimg_to_711-2C_as_mni_average_305_t4 1283
---------------------------------------------------------------------

freesurfer imgreg_4dfp.c
/opt/freesurfer/average/711-2C_as_mni_average_305.4dfp.img
       256       256       256         1
  1.000000  1.000000  1.000000
orientation T byte_order littleendian
Reading image: /opt/freesurfer/average/711-2C_as_mni_average_305.4dfp.img
dimensions:      256       256       256
mmppix:       1.0000   -1.0000   -1.0000
center:     128.0000 -129.0000 -129.0000
/opt/freesurfer/average/711-2B_as_mni_average_305_mask.4dfp.img
       256       256       256         1
  1.000000  1.000000  1.000000
orientation T byte_order littleendian
Reading mask: /opt/freesurfer/average/711-2B_as_mni_average_305_mask.4dfp.img (2306576 pixels)
talsrcimg_g11.4dfp.img
       256       256       256         1
  1.000000  1.000000  1.000000
orientation T byte_order littleendian
Reading image: talsrcimg_g11.4dfp.img
dimensions:      256       256       256
mmppix:       1.0000   -1.0000   -1.0000
center:     128.0000 -129.0000 -129.0000
rotation matrix determinant  1.000000
fimgreg.f
image alignment mode   1283 decimal      503 hex
parameters
    0.0000   15.0000    7.5000    0.0000    0.0000    0.0000
eta,q 0.95081  7.91271
niter,ni,del,rscale     5    3   12.0000    1.2000
parameter  2 -0.575207 -> -0.500000 qaram    1.1500
parameter  4  1.721555 ->  0.500000 qaram    1.1500
parameters
    0.4294   18.4500    9.1306   -3.4500    1.1930   -1.8432
eta,q 0.95622  7.94855
  0.0661  0.0644  0.0585  0.0430  0.0531  0.0465
  0.0600  0.0604  0.0548  0.0445  0.0496  0.0448
  0.0549  0.0555  0.0514  0.0463  0.0468  0.0438
  0.0524  0.0519  0.0496  0.0495  0.0448  0.0443
  0.0526  0.0503  0.0494  0.0538  0.0443  0.0463
  0.0562  0.0498  0.0499  0.0587  0.0456  0.0491
  0.0638  0.0518  0.0525  0.0621  0.0490  0.0523
niter,ni,del,rscale     6    3   12.0000    1.2000
parameter  4  0.778884 ->  0.500000 qaram    1.3225
parameters
   -0.1005   19.0807    8.4028   -7.4175    1.8791   -1.5761
eta,q 0.95992  8.00068
  0.0575  0.0576  0.0505  0.0401  0.0497  0.0463
  0.0502  0.0499  0.0461  0.0401  0.0456  0.0442
  0.0452  0.0458  0.0436  0.0414  0.0422  0.0419
  0.0438  0.0438  0.0435  0.0433  0.0404  0.0402
  0.0469  0.0438  0.0452  0.0462  0.0403  0.0403
  0.0542  0.0463  0.0493  0.0513  0.0423  0.0425
  0.0632  0.0538  0.0549  0.0573  0.0469  0.0463
niter,ni,del,rscale     6    3   12.0000    1.2000
parameters
   -0.0810   20.1655    7.1869   -9.7577    1.6640   -1.2534
eta,q 0.96288  7.98066
  0.0584  0.0578  0.0452  0.0424  0.0451  0.0441
  0.0498  0.0491  0.0402  0.0388  0.0408  0.0413
  0.0430  0.0435  0.0385  0.0372  0.0379  0.0387
  0.0401  0.0401  0.0394  0.0386  0.0372  0.0372
  0.0420  0.0396  0.0418  0.0417  0.0381  0.0375
  0.0489  0.0425  0.0462  0.0460  0.0411  0.0397
  0.0590  0.0499  0.0516  0.0516  0.0468  0.0434
niter,ni,del,rscale     5    3   12.0000    1.2000
parameters
    0.0964   20.7882    6.8430  -10.5430    1.4578   -1.1251
eta,q 0.96350  7.98047
  0.0571  0.0558  0.0466  0.0439  0.0447  0.0434
  0.0480  0.0472  0.0398  0.0408  0.0402  0.0404
  0.0405  0.0410  0.0366  0.0375  0.0373  0.0379
  0.0371  0.0370  0.0369  0.0366  0.0365  0.0365
  0.0385  0.0382  0.0393  0.0389  0.0375  0.0371
  0.0452  0.0428  0.0427  0.0426  0.0407  0.0396
  0.0561  0.0508  0.0474  0.0476  0.0462  0.0433
niter,ni,del,rscale     4    3   12.0000    1.2000
parameters
    0.1875   21.0609    6.6843  -10.9662    1.3752   -1.0874
eta,q 0.96357  7.97957
  0.0564  0.0540  0.0471  0.0440  0.0450  0.0431
  0.0472  0.0458  0.0401  0.0411  0.0404  0.0403
  0.0398  0.0394  0.0364  0.0380  0.0373  0.0377
  0.0365  0.0365  0.0365  0.0364  0.0364  0.0364
  0.0382  0.0387  0.0389  0.0380  0.0373  0.0371
  0.0452  0.0436  0.0422  0.0416  0.0404  0.0397
  0.0564  0.0518  0.0466  0.0465  0.0458  0.0435
niter,ni,del,rscale     3    3   12.0000    1.2000
parameters
    0.2191   21.2095    6.5776  -11.1994    1.3458   -1.0799
eta,q 0.96353  7.97953
  0.0560  0.0533  0.0474  0.0442  0.0451  0.0430
  0.0469  0.0453  0.0402  0.0411  0.0406  0.0402
  0.0397  0.0388  0.0365  0.0383  0.0374  0.0377
  0.0364  0.0364  0.0365  0.0364  0.0365  0.0365
  0.0383  0.0390  0.0389  0.0376  0.0373  0.0372
  0.0455  0.0438  0.0422  0.0411  0.0403  0.0397
  0.0567  0.0522  0.0464  0.0459  0.0456  0.0435
niter,ni,del,rscale     2    3   12.0000    1.2000
parameters
    0.2341   21.2918    6.5130  -11.3307    1.3320   -1.0822
eta,q 0.96351  7.97956
  0.0559  0.0530  0.0476  0.0442  0.0452  0.0430
  0.0468  0.0450  0.0404  0.0412  0.0406  0.0403
  0.0397  0.0386  0.0366  0.0385  0.0375  0.0378
  0.0365  0.0365  0.0365  0.0364  0.0365  0.0365
  0.0384  0.0391  0.0389  0.0374  0.0373  0.0372
  0.0456  0.0439  0.0421  0.0409  0.0402  0.0397
  0.0568  0.0524  0.0463  0.0456  0.0456  0.0435
niter,ni,del,rscale     1    3   12.0000    1.2000
parameters
    0.2420   21.3389    6.4755  -11.4064    1.3265   -1.0847
eta,q 0.96350  7.97947
  0.0558  0.0528  0.0477  0.0442  0.0452  0.0430
  0.0468  0.0448  0.0405  0.0412  0.0406  0.0403
  0.0397  0.0385  0.0366  0.0386  0.0375  0.0378
  0.0365  0.0365  0.0365  0.0365  0.0365  0.0365
  0.0384  0.0392  0.0389  0.0373  0.0373  0.0372
  0.0456  0.0439  0.0421  0.0407  0.0402  0.0397
  0.0568  0.0525  0.0463  0.0455  0.0456  0.0435
registration optimization eta report
parameter search radius
    6.0000    6.9000    6.0000    7.9350    6.0000    6.0000
100000*second partial in parameter space
       54.       33.       29.       13.       25.       18.
  0.0558  0.0528  0.0477  0.0442  0.0452  0.0430
  0.0468  0.0448  0.0405  0.0412  0.0406  0.0403
  0.0397  0.0385  0.0366  0.0386  0.0375  0.0378
  0.0365  0.0365  0.0365  0.0365  0.0365  0.0365
  0.0384  0.0392  0.0389  0.0373  0.0373  0.0372
  0.0456  0.0439  0.0421  0.0407  0.0402  0.0397
  0.0568  0.0525  0.0463  0.0455  0.0456  0.0435
    0.2420   21.3389    6.4755  -11.4064    1.3265   -1.0847
eta,q 0.96350  7.97947

---------------------------------------------------------------------
imgreg_4dfp /opt/freesurfer/average/711-2C_as_mni_average_305 /opt/freesurfer/average/711-2B_as_mni_average_305_mask talsrcimg_g11 none talsrcimg_to_711-2C_as_mni_average_305_t4 3335
---------------------------------------------------------------------

freesurfer imgreg_4dfp.c
/opt/freesurfer/average/711-2C_as_mni_average_305.4dfp.img
       256       256       256         1
  1.000000  1.000000  1.000000
orientation T byte_order littleendian
Reading image: /opt/freesurfer/average/711-2C_as_mni_average_305.4dfp.img
dimensions:      256       256       256
mmppix:       1.0000   -1.0000   -1.0000
center:     128.0000 -129.0000 -129.0000
/opt/freesurfer/average/711-2B_as_mni_average_305_mask.4dfp.img
       256       256       256         1
  1.000000  1.000000  1.000000
orientation T byte_order littleendian
Reading mask: /opt/freesurfer/average/711-2B_as_mni_average_305_mask.4dfp.img (2306576 pixels)
talsrcimg_g11.4dfp.img
       256       256       256         1
  1.000000  1.000000  1.000000
orientation T byte_order littleendian
Reading image: talsrcimg_g11.4dfp.img
dimensions:      256       256       256
mmppix:       1.0000   -1.0000   -1.0000
center:     128.0000 -129.0000 -129.0000
fimgreg.f
image alignment mode   3335 decimal      D07 hex
parameters
    0.2420   21.3389    6.4755   -0.0447   -2.0013   -2.0014
    2.3133   -1.8944   -1.8925   19.8161    2.3149  -19.7714
eta,q 0.96598  7.95691
niter,ni,del,rscale     5    3    5.0000    1.2000
parameter  4  1.558849 ->  0.500000 qaram    1.1500
parameter  5  0.624218 ->  0.500000 qaram    1.1500
parameters
    0.1036   21.2036    6.5635   -4.1847   -6.1413   -1.3530
    1.3370   -0.7845   -1.9003   16.9500    2.2973  -20.4246
eta,q 0.97352  7.65813
  0.0371  0.0360  0.0362  0.0270  0.0281  0.0327  0.0300  0.0349  0.0293  0.0278  0.0280  0.0280
  0.0354  0.0348  0.0350  0.0282  0.0275  0.0308  0.0283  0.0315  0.0281  0.0268  0.0272  0.0271
  0.0343  0.0342  0.0343  0.0307  0.0277  0.0288  0.0274  0.0287  0.0273  0.0265  0.0267  0.0266
  0.0340  0.0340  0.0340  0.0340  0.0288  0.0275  0.0273  0.0272  0.0270  0.0270  0.0265  0.0265
  0.0345  0.0343  0.0342  0.0380  0.0304  0.0274  0.0281  0.0272  0.0273  0.0284  0.0267  0.0269
  0.0358  0.0352  0.0348  0.0427  0.0327  0.0290  0.0297  0.0288  0.0281  0.0303  0.0272  0.0276
  0.0380  0.0365  0.0359  0.0478  0.0356  0.0317  0.0319  0.0315  0.0294  0.0327  0.0281  0.0285
niter,ni,del,rscale     6    3    5.0000    1.2000
parameters
    0.1202   21.4213    6.6942   -8.0855   -5.0463   -0.4575
    1.7281   -0.6714   -1.7383   17.0943    2.5184  -20.5630
eta,q 0.97531  7.60750
  0.0311  0.0298  0.0289  0.0270  0.0304  0.0304  0.0288  0.0309  0.0273  0.0282  0.0263  0.0264
  0.0286  0.0280  0.0276  0.0256  0.0280  0.0286  0.0268  0.0278  0.0259  0.0264  0.0255  0.0255
  0.0270  0.0269  0.0268  0.0252  0.0262  0.0268  0.0253  0.0257  0.0250  0.0252  0.0249  0.0249
  0.0265  0.0265  0.0265  0.0265  0.0252  0.0251  0.0247  0.0247  0.0247  0.0247  0.0247  0.0247
  0.0270  0.0267  0.0267  0.0295  0.0252  0.0247  0.0250  0.0253  0.0250  0.0250  0.0248  0.0250
  0.0285  0.0274  0.0273  0.0336  0.0264  0.0262  0.0261  0.0274  0.0258  0.0262  0.0253  0.0256
  0.0309  0.0287  0.0284  0.0388  0.0284  0.0291  0.0280  0.0306  0.0271  0.0280  0.0262  0.0266
niter,ni,del,rscale     5    3    5.0000    1.2000
parameters
    0.1790   21.4822    6.7319   -8.9542   -5.0377   -0.3540
    1.7730   -0.6577   -1.7420   17.1938    2.5980  -20.6532
eta,q 0.97525  7.58633
  0.0295  0.0277  0.0271  0.0291  0.0291  0.0297  0.0284  0.0305  0.0272  0.0282  0.0262  0.0265
  0.0269  0.0260  0.0258  0.0271  0.0269  0.0281  0.0265  0.0276  0.0259  0.0264  0.0255  0.0256
  0.0253  0.0250  0.0249  0.0254  0.0254  0.0262  0.0252  0.0256  0.0250  0.0252  0.0249  0.0250
  0.0247  0.0247  0.0247  0.0247  0.0248  0.0248  0.0248  0.0248  0.0248  0.0248  0.0247  0.0247
  0.0251  0.0250  0.0250  0.0255  0.0253  0.0250  0.0251  0.0254  0.0250  0.0251  0.0249  0.0250
  0.0266  0.0259  0.0257  0.0282  0.0268  0.0270  0.0264  0.0275  0.0259  0.0262  0.0254  0.0257
  0.0290  0.0274  0.0269  0.0322  0.0292  0.0304  0.0283  0.0306  0.0272  0.0280  0.0262  0.0266
niter,ni,del,rscale     4    3    5.0000    1.2000
parameters
    0.2137   21.5208    6.7173   -9.1000   -5.0751   -0.3546
    1.7816   -0.6338   -1.7661   17.2727    2.6150  -20.7216
eta,q 0.97523  7.58161
  0.0293  0.0277  0.0271  0.0297  0.0291  0.0297  0.0283  0.0305  0.0272  0.0281  0.0262  0.0265
  0.0268  0.0261  0.0258  0.0277  0.0268  0.0280  0.0265  0.0277  0.0259  0.0264  0.0255  0.0256
  0.0253  0.0251  0.0250  0.0258  0.0254  0.0261  0.0252  0.0257  0.0251  0.0252  0.0249  0.0250
  0.0247  0.0247  0.0248  0.0247  0.0248  0.0248  0.0248  0.0248  0.0248  0.0248  0.0248  0.0248
  0.0252  0.0251  0.0251  0.0250  0.0253  0.0251  0.0252  0.0254  0.0251  0.0251  0.0249  0.0250
  0.0267  0.0260  0.0259  0.0272  0.0268  0.0272  0.0264  0.0275  0.0259  0.0263  0.0254  0.0257
  0.0290  0.0275  0.0271  0.0309  0.0292  0.0306  0.0284  0.0306  0.0272  0.0281  0.0262  0.0266
niter,ni,del,rscale     3    3    5.0000    1.2000
parameters
    0.2248   21.5431    6.7023   -9.1182   -5.1032   -0.3706
    1.7887   -0.6223   -1.7768   17.3279    2.6245  -20.7678
eta,q 0.97522  7.58042
  0.0292  0.0277  0.0271  0.0298  0.0291  0.0296  0.0283  0.0305  0.0272  0.0281  0.0262  0.0266
  0.0268  0.0260  0.0258  0.0278  0.0268  0.0280  0.0265  0.0276  0.0259  0.0264  0.0255  0.0256
  0.0253  0.0251  0.0250  0.0259  0.0254  0.0261  0.0252  0.0257  0.0251  0.0252  0.0249  0.0250
  0.0248  0.0248  0.0248  0.0248  0.0248  0.0248  0.0248  0.0248  0.0248  0.0248  0.0248  0.0248
  0.0253  0.0251  0.0251  0.0250  0.0253  0.0251  0.0252  0.0254  0.0251  0.0251  0.0249  0.0250
  0.0267  0.0260  0.0259  0.0271  0.0268  0.0272  0.0264  0.0275  0.0259  0.0263  0.0254  0.0257
  0.0291  0.0275  0.0271  0.0307  0.0292  0.0306  0.0284  0.0306  0.0272  0.0281  0.0262  0.0266
registration optimization eta report
parameter search radius
    2.4000    2.4000    2.4000    8.2800    8.2800    7.2000
    7.2000    7.2000    7.2000    7.2000    7.2000    7.2000
100000*second partial in parameter space
       76.       49.       40.        8.        6.       10.
        7.       11.        5.        6.        3.        3.
  0.0292  0.0277  0.0271  0.0298  0.0291  0.0296  0.0283  0.0305  0.0272  0.0281  0.0262  0.0266
  0.0268  0.0260  0.0258  0.0278  0.0268  0.0280  0.0265  0.0276  0.0259  0.0264  0.0255  0.0256
  0.0253  0.0251  0.0250  0.0259  0.0254  0.0261  0.0252  0.0257  0.0251  0.0252  0.0249  0.0250
  0.0248  0.0248  0.0248  0.0248  0.0248  0.0248  0.0248  0.0248  0.0248  0.0248  0.0248  0.0248
  0.0253  0.0251  0.0251  0.0250  0.0253  0.0251  0.0252  0.0254  0.0251  0.0251  0.0249  0.0250
  0.0267  0.0260  0.0259  0.0271  0.0268  0.0272  0.0264  0.0275  0.0259  0.0263  0.0254  0.0257
  0.0291  0.0275  0.0271  0.0307  0.0292  0.0306  0.0284  0.0306  0.0272  0.0281  0.0262  0.0266
    0.2248   21.5431    6.7023   -9.1182   -5.1032   -0.3706
    1.7887   -0.6223   -1.7768   17.3279    2.6245  -20.7678
eta,q 0.97522  7.58042

---------------------------------------------------------------------
imgreg_4dfp /opt/freesurfer/average/711-2C_as_mni_average_305 /opt/freesurfer/average/711-2B_as_mni_average_305_mask talsrcimg_g11 none talsrcimg_to_711-2C_as_mni_average_305_t4 2311
---------------------------------------------------------------------

freesurfer imgreg_4dfp.c
/opt/freesurfer/average/711-2C_as_mni_average_305.4dfp.img
       256       256       256         1
  1.000000  1.000000  1.000000
orientation T byte_order littleendian
Reading image: /opt/freesurfer/average/711-2C_as_mni_average_305.4dfp.img
dimensions:      256       256       256
mmppix:       1.0000   -1.0000   -1.0000
center:     128.0000 -129.0000 -129.0000
/opt/freesurfer/average/711-2B_as_mni_average_305_mask.4dfp.img
       256       256       256         1
  1.000000  1.000000  1.000000
orientation T byte_order littleendian
Reading mask: /opt/freesurfer/average/711-2B_as_mni_average_305_mask.4dfp.img (2306576 pixels)
talsrcimg_g11.4dfp.img
       256       256       256         1
  1.000000  1.000000  1.000000
orientation T byte_order littleendian
Reading image: talsrcimg_g11.4dfp.img
dimensions:      256       256       256
mmppix:       1.0000   -1.0000   -1.0000
center:     128.0000 -129.0000 -129.0000
fimgreg.f
image alignment mode   2311 decimal      907 hex
parameters
    0.2248   21.5431    6.7023   -9.1182   -5.1032   -0.3706
    1.7887   -0.6223   -1.7768   17.3279    2.6245  -20.7678
eta,q 0.97522  7.58042
niter,ni,del,rscale     5    3    5.0000    0.8000
parameters
    0.2221   21.5269    6.6535   -8.3899   -5.1706    0.0041
    1.7407   -0.5495   -1.8442   17.2936    2.5684  -20.8473
eta,q 0.97539  7.60829
  0.0268  0.0260  0.0258  0.0273  0.0262  0.0279  0.0263  0.0276  0.0257  0.0262  0.0253  0.0255
  0.0257  0.0253  0.0252  0.0262  0.0254  0.0266  0.0254  0.0261  0.0251  0.0253  0.0249  0.0250
  0.0250  0.0249  0.0249  0.0253  0.0249  0.0254  0.0248  0.0251  0.0247  0.0248  0.0247  0.0247
  0.0248  0.0248  0.0248  0.0248  0.0247  0.0247  0.0246  0.0246  0.0246  0.0246  0.0246  0.0246
  0.0250  0.0250  0.0249  0.0247  0.0249  0.0247  0.0248  0.0249  0.0248  0.0248  0.0247  0.0247
  0.0257  0.0254  0.0253  0.0252  0.0254  0.0257  0.0254  0.0259  0.0252  0.0253  0.0249  0.0251
  0.0268  0.0261  0.0259  0.0263  0.0264  0.0273  0.0264  0.0276  0.0258  0.0263  0.0254  0.0256
niter,ni,del,rscale     4    3    5.0000    0.7000
parameters
    0.1962   21.4906    6.7879   -8.3491   -5.1980    0.2160
    1.7651   -0.5554   -1.8368   17.2152    2.4988  -20.7643
eta,q 0.97542  7.61270
  0.0261  0.0256  0.0256  0.0263  0.0258  0.0272  0.0259  0.0269  0.0255  0.0258  0.0251  0.0253
  0.0253  0.0250  0.0251  0.0255  0.0252  0.0260  0.0252  0.0257  0.0250  0.0251  0.0248  0.0249
  0.0248  0.0247  0.0247  0.0249  0.0248  0.0251  0.0247  0.0249  0.0247  0.0247  0.0246  0.0247
  0.0246  0.0246  0.0246  0.0246  0.0246  0.0246  0.0246  0.0246  0.0246  0.0246  0.0246  0.0246
  0.0248  0.0248  0.0247  0.0247  0.0247  0.0247  0.0247  0.0248  0.0247  0.0247  0.0246  0.0247
  0.0254  0.0251  0.0249  0.0253  0.0252  0.0255  0.0252  0.0257  0.0250  0.0252  0.0248  0.0249
  0.0262  0.0256  0.0253  0.0264  0.0259  0.0269  0.0259  0.0270  0.0255  0.0259  0.0252  0.0253
niter,ni,del,rscale     3    3    5.0000    0.6000
parameters
    0.1838   21.4626    6.8628   -8.2930   -5.1913    0.3477
    1.7527   -0.5472   -1.8160   17.1257    2.4281  -20.6975
eta,q 0.97544  7.61664
  0.0257  0.0253  0.0253  0.0259  0.0255  0.0266  0.0256  0.0263  0.0252  0.0255  0.0250  0.0251
  0.0251  0.0249  0.0249  0.0252  0.0250  0.0256  0.0250  0.0254  0.0249  0.0250  0.0247  0.0248
  0.0247  0.0246  0.0247  0.0248  0.0247  0.0249  0.0247  0.0248  0.0246  0.0247  0.0246  0.0246
  0.0246  0.0246  0.0246  0.0246  0.0246  0.0246  0.0246  0.0246  0.0246  0.0246  0.0246  0.0246
  0.0247  0.0247  0.0246  0.0247  0.0247  0.0247  0.0247  0.0247  0.0246  0.0247  0.0246  0.0246
  0.0251  0.0249  0.0248  0.0251  0.0250  0.0253  0.0250  0.0254  0.0249  0.0250  0.0248  0.0248
  0.0258  0.0253  0.0251  0.0259  0.0255  0.0264  0.0256  0.0264  0.0252  0.0256  0.0250  0.0251
niter,ni,del,rscale     2    3    5.0000    0.5000
parameters
    0.1782   21.4318    6.9129   -8.2433   -5.1573    0.4291
    1.7388   -0.5211   -1.7947   17.0514    2.3548  -20.6481
eta,q 0.97546  7.62022
  0.0254  0.0250  0.0251  0.0255  0.0252  0.0260  0.0252  0.0258  0.0250  0.0252  0.0248  0.0249
  0.0249  0.0248  0.0248  0.0250  0.0249  0.0253  0.0249  0.0252  0.0248  0.0248  0.0247  0.0247
  0.0246  0.0246  0.0246  0.0247  0.0247  0.0248  0.0246  0.0247  0.0246  0.0246  0.0246  0.0246
  0.0246  0.0246  0.0246  0.0246  0.0246  0.0246  0.0245  0.0245  0.0245  0.0245  0.0245  0.0245
  0.0247  0.0246  0.0246  0.0246  0.0246  0.0247  0.0246  0.0247  0.0246  0.0246  0.0246  0.0246
  0.0249  0.0248  0.0247  0.0249  0.0248  0.0251  0.0249  0.0251  0.0248  0.0249  0.0247  0.0247
  0.0254  0.0251  0.0250  0.0255  0.0252  0.0259  0.0253  0.0258  0.0250  0.0253  0.0249  0.0249
niter,ni,del,rscale     1    3    5.0000    0.4000
parameters
    0.1741   21.4060    6.9432   -8.2026   -5.1293    0.4975
    1.7193   -0.4972   -1.7959   16.9917    2.2891  -20.6189
eta,q 0.97546  7.62328
  0.0251  0.0249  0.0249  0.0251  0.0250  0.0255  0.0250  0.0254  0.0249  0.0250  0.0247  0.0248
  0.0248  0.0247  0.0247  0.0248  0.0248  0.0250  0.0247  0.0249  0.0247  0.0247  0.0246  0.0247
  0.0246  0.0246  0.0246  0.0246  0.0246  0.0247  0.0246  0.0246  0.0246  0.0246  0.0246  0.0246
  0.0245  0.0245  0.0245  0.0245  0.0245  0.0245  0.0245  0.0245  0.0245  0.0245  0.0245  0.0245
  0.0246  0.0246  0.0246  0.0246  0.0246  0.0246  0.0246  0.0246  0.0246  0.0246  0.0246  0.0246
  0.0248  0.0247  0.0247  0.0248  0.0247  0.0249  0.0248  0.0249  0.0247  0.0248  0.0246  0.0247
  0.0251  0.0249  0.0248  0.0251  0.0250  0.0254  0.0250  0.0254  0.0249  0.0250  0.0247  0.0248
registration optimization eta report
parameter search radius
    0.8000    0.8000    0.8000    2.4000    2.4000    2.4000
    2.4000    2.4000    2.4000    2.4000    2.4000    2.4000
100000*second partial in parameter space
       83.       52.       46.       10.        8.       16.
        8.       14.        5.        7.        3.        4.
  0.0251  0.0249  0.0249  0.0251  0.0250  0.0255  0.0250  0.0254  0.0249  0.0250  0.0247  0.0248
  0.0248  0.0247  0.0247  0.0248  0.0248  0.0250  0.0247  0.0249  0.0247  0.0247  0.0246  0.0247
  0.0246  0.0246  0.0246  0.0246  0.0246  0.0247  0.0246  0.0246  0.0246  0.0246  0.0246  0.0246
  0.0245  0.0245  0.0245  0.0245  0.0245  0.0245  0.0245  0.0245  0.0245  0.0245  0.0245  0.0245
  0.0246  0.0246  0.0246  0.0246  0.0246  0.0246  0.0246  0.0246  0.0246  0.0246  0.0246  0.0246
  0.0248  0.0247  0.0247  0.0248  0.0247  0.0249  0.0248  0.0249  0.0247  0.0248  0.0246  0.0247
  0.0251  0.0249  0.0248  0.0251  0.0250  0.0254  0.0250  0.0254  0.0249  0.0250  0.0247  0.0248
    0.1741   21.4060    6.9432   -8.2026   -5.1293    0.4975
    1.7193   -0.4972   -1.7959   16.9917    2.2891  -20.6189
eta,q 0.97546  7.62328

---------------------------------------------------------------------
imgreg_4dfp /opt/freesurfer/average/711-2C_as_mni_average_305 /opt/freesurfer/average/711-2B_as_mni_average_305_mask talsrcimg_g11 none talsrcimg_to_711-2C_as_mni_average_305_t4 2311
---------------------------------------------------------------------

freesurfer imgreg_4dfp.c
/opt/freesurfer/average/711-2C_as_mni_average_305.4dfp.img
       256       256       256         1
  1.000000  1.000000  1.000000
orientation T byte_order littleendian
Reading image: /opt/freesurfer/average/711-2C_as_mni_average_305.4dfp.img
dimensions:      256       256       256
mmppix:       1.0000   -1.0000   -1.0000
center:     128.0000 -129.0000 -129.0000
/opt/freesurfer/average/711-2B_as_mni_average_305_mask.4dfp.img
       256       256       256         1
  1.000000  1.000000  1.000000
orientation T byte_order littleendian
Reading mask: /opt/freesurfer/average/711-2B_as_mni_average_305_mask.4dfp.img (2306576 pixels)
talsrcimg_g11.4dfp.img
       256       256       256         1
  1.000000  1.000000  1.000000
orientation T byte_order littleendian
Reading image: talsrcimg_g11.4dfp.img
dimensions:      256       256       256
mmppix:       1.0000   -1.0000   -1.0000
center:     128.0000 -129.0000 -129.0000
fimgreg.f
image alignment mode   2311 decimal      907 hex
parameters
    0.1741   21.4060    6.9432   -8.2026   -5.1293    0.4975
    1.7193   -0.4972   -1.7959   16.9917    2.2891  -20.6189
eta,q 0.97546  7.62328
niter,ni,del,rscale     5    3    5.0000    0.8000
parameters
    0.1835   21.4093    6.9935   -8.4826   -5.1843    0.3872
    1.7638   -0.5574   -1.7588   16.9796    2.3920  -20.5469
eta,q 0.97543  7.61062
  0.0267  0.0259  0.0258  0.0265  0.0261  0.0275  0.0263  0.0275  0.0258  0.0262  0.0253  0.0255
  0.0255  0.0251  0.0251  0.0255  0.0253  0.0261  0.0254  0.0260  0.0251  0.0253  0.0249  0.0250
  0.0248  0.0247  0.0247  0.0248  0.0248  0.0250  0.0248  0.0250  0.0247  0.0248  0.0247  0.0247
  0.0245  0.0245  0.0245  0.0245  0.0246  0.0246  0.0246  0.0246  0.0246  0.0246  0.0246  0.0246
  0.0248  0.0247  0.0247  0.0248  0.0247  0.0249  0.0248  0.0249  0.0247  0.0247  0.0246  0.0247
  0.0255  0.0251  0.0250  0.0257  0.0253  0.0261  0.0253  0.0260  0.0251  0.0253  0.0249  0.0250
  0.0266  0.0259  0.0256  0.0272  0.0263  0.0279  0.0263  0.0277  0.0257  0.0263  0.0253  0.0254
niter,ni,del,rscale     4    3    5.0000    0.7000
parameters
    0.1826   21.4135    6.9473   -8.3794   -5.1548    0.3949
    1.7428   -0.5567   -1.7837   16.9842    2.4001  -20.5668
eta,q 0.97544  7.61477
  0.0262  0.0256  0.0254  0.0263  0.0258  0.0270  0.0259  0.0269  0.0255  0.0259  0.0251  0.0253
  0.0253  0.0250  0.0249  0.0255  0.0252  0.0259  0.0252  0.0257  0.0250  0.0252  0.0248  0.0249
  0.0247  0.0247  0.0246  0.0249  0.0247  0.0250  0.0247  0.0249  0.0247  0.0247  0.0246  0.0246
  0.0246  0.0246  0.0246  0.0246  0.0246  0.0246  0.0246  0.0246  0.0246  0.0246  0.0246  0.0246
  0.0247  0.0247  0.0247  0.0247  0.0247  0.0248  0.0247  0.0248  0.0247  0.0247  0.0246  0.0246
  0.0253  0.0250  0.0250  0.0252  0.0251  0.0257  0.0252  0.0256  0.0250  0.0251  0.0248  0.0249
  0.0261  0.0256  0.0255  0.0263  0.0258  0.0271  0.0259  0.0270  0.0255  0.0259  0.0251  0.0253
niter,ni,del,rscale     3    3    5.0000    0.6000
parameters
    0.1768   21.4090    6.9456   -8.3069   -5.1408    0.4418
    1.7409   -0.5452   -1.7925   16.9781    2.3832  -20.5866
eta,q 0.97545  7.61844
  0.0257  0.0253  0.0252  0.0259  0.0255  0.0265  0.0256  0.0263  0.0252  0.0255  0.0250  0.0251
  0.0251  0.0249  0.0248  0.0252  0.0250  0.0255  0.0250  0.0254  0.0249  0.0250  0.0247  0.0248
  0.0247  0.0246  0.0246  0.0248  0.0247  0.0249  0.0247  0.0248  0.0246  0.0247  0.0246  0.0246
  0.0246  0.0246  0.0246  0.0246  0.0246  0.0246  0.0245  0.0245  0.0245  0.0245  0.0245  0.0245
  0.0247  0.0247  0.0246  0.0246  0.0246  0.0247  0.0247  0.0247  0.0246  0.0247  0.0246  0.0246
  0.0251  0.0249  0.0249  0.0251  0.0250  0.0254  0.0250  0.0253  0.0249  0.0250  0.0247  0.0248
  0.0257  0.0253  0.0252  0.0258  0.0255  0.0265  0.0256  0.0263  0.0252  0.0255  0.0250  0.0251
niter,ni,del,rscale     2    3    5.0000    0.5000
parameters
    0.1734   21.3998    6.9575   -8.2534   -5.1298    0.4820
    1.7358   -0.5235   -1.7867   16.9669    2.3184  -20.5832
eta,q 0.97545  7.62110
  0.0254  0.0251  0.0250  0.0255  0.0252  0.0260  0.0252  0.0258  0.0250  0.0252  0.0248  0.0249
  0.0249  0.0248  0.0247  0.0250  0.0249  0.0253  0.0249  0.0252  0.0248  0.0249  0.0247  0.0247
  0.0246  0.0246  0.0246  0.0247  0.0246  0.0248  0.0246  0.0247  0.0246  0.0246  0.0246  0.0246
  0.0245  0.0245  0.0245  0.0246  0.0245  0.0245  0.0245  0.0245  0.0245  0.0245  0.0245  0.0245
  0.0246  0.0246  0.0246  0.0246  0.0246  0.0247  0.0246  0.0247  0.0246  0.0246  0.0246  0.0246
  0.0249  0.0248  0.0248  0.0249  0.0248  0.0252  0.0249  0.0251  0.0248  0.0248  0.0247  0.0247
  0.0254  0.0251  0.0250  0.0255  0.0252  0.0259  0.0252  0.0258  0.0250  0.0252  0.0249  0.0249
niter,ni,del,rscale     1    3    5.0000    0.4000
parameters
    0.1692   21.3857    6.9660   -8.2079   -5.1074    0.5268
    1.7206   -0.4991   -1.7818   16.9423    2.2714  -20.5790
eta,q 0.97546  7.62394
  0.0251  0.0249  0.0248  0.0251  0.0250  0.0255  0.0250  0.0254  0.0249  0.0250  0.0247  0.0248
  0.0248  0.0247  0.0247  0.0248  0.0248  0.0250  0.0247  0.0249  0.0247  0.0247  0.0246  0.0247
  0.0246  0.0246  0.0246  0.0246  0.0246  0.0247  0.0246  0.0246  0.0246  0.0246  0.0246  0.0246
  0.0245  0.0245  0.0245  0.0245  0.0245  0.0245  0.0245  0.0245  0.0245  0.0245  0.0245  0.0245
  0.0246  0.0246  0.0246  0.0246  0.0246  0.0246  0.0246  0.0246  0.0246  0.0246  0.0246  0.0246
  0.0248  0.0247  0.0247  0.0248  0.0247  0.0249  0.0248  0.0249  0.0247  0.0248  0.0246  0.0247
  0.0251  0.0249  0.0248  0.0251  0.0250  0.0255  0.0250  0.0254  0.0248  0.0250  0.0247  0.0248
registration optimization eta report
parameter search radius
    0.8000    0.8000    0.8000    2.4000    2.4000    2.4000
    2.4000    2.4000    2.4000    2.4000    2.4000    2.4000
100000*second partial in parameter space
       82.       53.       46.       10.        8.       16.
        8.       14.        5.        8.        3.        4.
  0.0251  0.0249  0.0248  0.0251  0.0250  0.0255  0.0250  0.0254  0.0249  0.0250  0.0247  0.0248
  0.0248  0.0247  0.0247  0.0248  0.0248  0.0250  0.0247  0.0249  0.0247  0.0247  0.0246  0.0247
  0.0246  0.0246  0.0246  0.0246  0.0246  0.0247  0.0246  0.0246  0.0246  0.0246  0.0246  0.0246
  0.0245  0.0245  0.0245  0.0245  0.0245  0.0245  0.0245  0.0245  0.0245  0.0245  0.0245  0.0245
  0.0246  0.0246  0.0246  0.0246  0.0246  0.0246  0.0246  0.0246  0.0246  0.0246  0.0246  0.0246
  0.0248  0.0247  0.0247  0.0248  0.0247  0.0249  0.0248  0.0249  0.0247  0.0248  0.0246  0.0247
  0.0251  0.0249  0.0248  0.0251  0.0250  0.0255  0.0250  0.0254  0.0248  0.0250  0.0247  0.0248
    0.1692   21.3857    6.9660   -8.2079   -5.1074    0.5268
    1.7206   -0.4991   -1.7818   16.9423    2.2714  -20.5790
eta,q 0.97546  7.62394

---------------------------------------------------------------------
compute_vox2vox talsrcimg talsrcimg_to_711-2C_as_mni_average_305_t4 /opt/freesurfer/average/711-2C_as_mni_average_305
---------------------------------------------------------------------

freesurfer compute_vox2vox.c
Reading: talsrcimg.4dfp.ifh
Reading: talsrcimg_to_711-2C_as_mni_average_305_t4
Reading: /opt/freesurfer/average/711-2C_as_mni_average_305.4dfp.ifh
Writing: talsrcimg_to_711-2C_as_mni_average_305_t4_vox2vox.txt

start time Thu Mar 12 23:44:18 CET 2026
end		time Thu Mar 12 23:44:32 CET 2026

mpr2mni305 success

avi2talxfm orig_nu.mgz /opt/freesurfer/average/mni305.cor.mgz talsrcimg_to_711-2C_as_mni_average_305_t4_vox2vox.txt transforms/talairach.auto.xfm
avi2talxfm done
mv -f /out/sourcedata/freesurfer/sub-v2s3x28760_ses-1/mri/talsrcimg_to_711-2C_as_mni_average_305_t4_vox2vox.txt /out/sourcedata/freesurfer/sub-v2s3x28760_ses-1/mri/transforms/talsrcimg_to_711-2C_as_mni_average_305_t4_vox2vox.txt
lta_convert --src orig_nu.mgz --trg /opt/freesurfer/average/mni305.cor.mgz --inxfm transforms/talairach.auto.xfm --outlta transforms/talairach.auto.xfm.lta --subject fsaverage
7.3.2

--src: orig_nu.mgz src image (geometry).
--trg: /opt/freesurfer/average/mni305.cor.mgz trg image (geometry).
--inmni: transforms/talairach.auto.xfm input MNI/XFM transform.
--outlta: transforms/talairach.auto.xfm.lta output LTA.
--s: fsaverage subject name
 LTA read, type : 1
 1.08886   0.00843  -0.01792  -0.18840;
-0.01970   0.95953   0.20845   17.45353;
 0.02396  -0.17116   1.01627  -36.22711;
 0.00000   0.00000   0.00000   1.00000;
setting subject to fsaverage
Writing  LTA to file transforms/talairach.auto.xfm.lta...
lta_convert successful.
 
 
Started at Thu Mar 12 23:44:18 CET 2026
Ended   at Thu Mar 12 23:44:32 CET 2026
talairach_avi done
