status file for recon-all
Fri Mar 13 04:43:12 CET 2026
#@# Tessellate lh Fri Mar 13 04:43:12 CET 2026
#@# Smooth1 lh Fri Mar 13 04:43:16 CET 2026
#@# Inflation1 lh Fri Mar 13 04:43:18 CET 2026
#@# QSphere lh Fri Mar 13 04:43:31 CET 2026
#@# Fix Topology lh Fri Mar 13 04:44:47 CET 2026
#@# Smooth2 lh Fri Mar 13 04:50:04 CET 2026
#@# Inflation2 lh Fri Mar 13 04:50:07 CET 2026
#@# Curv .H and .K lh Fri Mar 13 04:50:21 CET 2026
#@# Sphere lh Fri Mar 13 04:51:07 CET 2026
#@# Surf Reg lh Fri Mar 13 04:53:47 CET 2026
#@# Jacobian white lh Fri Mar 13 04:57:37 CET 2026
#@# AvgCurv lh Fri Mar 13 04:57:38 CET 2026
#@# Cortical Parc lh Fri Mar 13 04:57:39 CET 2026
#@# white curv lh Fri Mar 13 05:03:51 CET 2026
#@# white area lh Fri Mar 13 05:03:52 CET 2026
#@# pial curv lh Fri Mar 13 05:03:53 CET 2026
#@# pial area lh Fri Mar 13 05:03:55 CET 2026
#@# thickness lh Fri Mar 13 05:03:56 CET 2026
#@# area and vertex vol lh Fri Mar 13 05:04:27 CET 2026
#@# Curvature Stats lh Fri Mar 13 05:04:28 CET 2026
#@# Cortical Parc 2 lh Fri Mar 13 05:04:31 CET 2026
#@# Cortical Parc 3 lh Fri Mar 13 05:04:44 CET 2026
#@# WM/GM Contrast lh Fri Mar 13 05:04:55 CET 2026
recon-all -s sub-v2s3x28836_ses-1 finished without error at Fri Mar 13 05:04:58 CET 2026



#New# invocation of recon-all 



status file for recon-all
Fri Mar 13 05:33:15 CET 2026
#@# white curv lh Fri Mar 13 05:33:15 CET 2026
#@# white area lh Fri Mar 13 05:33:15 CET 2026
#@# pial curv lh Fri Mar 13 05:33:15 CET 2026
#@# pial area lh Fri Mar 13 05:33:15 CET 2026
#@# thickness lh Fri Mar 13 05:33:15 CET 2026
#@# area and vertex vol lh Fri Mar 13 05:33:15 CET 2026
#@# Parcellation Stats lh Fri Mar 13 05:33:15 CET 2026
#@# Parcellation Stats 2 lh Fri Mar 13 05:33:33 CET 2026
#@# Parcellation Stats 3 lh Fri Mar 13 05:33:42 CET 2026
#@# BA_exvivo Labels lh Fri Mar 13 05:33:51 CET 2026
recon-all -s sub-v2s3x28836_ses-1 finished without error at Fri Mar 13 05:36:37 CET 2026
