status file for recon-all
Fri Mar 13 03:19:17 CET 2026
#@# Tessellate lh Fri Mar 13 03:19:17 CET 2026
#@# Smooth1 lh Fri Mar 13 03:19:21 CET 2026
#@# Inflation1 lh Fri Mar 13 03:19:24 CET 2026
#@# QSphere lh Fri Mar 13 03:19:39 CET 2026
#@# Fix Topology lh Fri Mar 13 03:21:01 CET 2026
#@# Smooth2 lh Fri Mar 13 03:29:04 CET 2026
#@# Inflation2 lh Fri Mar 13 03:29:08 CET 2026
#@# Curv .H and .K lh Fri Mar 13 03:29:27 CET 2026
#@# Sphere lh Fri Mar 13 03:30:22 CET 2026
#@# Surf Reg lh Fri Mar 13 03:37:03 CET 2026
#@# Jacobian white lh Fri Mar 13 03:42:49 CET 2026
#@# AvgCurv lh Fri Mar 13 03:42:49 CET 2026
#@# Cortical Parc lh Fri Mar 13 03:42:51 CET 2026
#@# white curv lh Fri Mar 13 03:50:18 CET 2026
#@# white area lh Fri Mar 13 03:50:20 CET 2026
#@# pial curv lh Fri Mar 13 03:50:21 CET 2026
#@# pial area lh Fri Mar 13 03:50:23 CET 2026
#@# thickness lh Fri Mar 13 03:50:24 CET 2026
#@# area and vertex vol lh Fri Mar 13 03:51:00 CET 2026
#@# Curvature Stats lh Fri Mar 13 03:51:01 CET 2026
#@# Cortical Parc 2 lh Fri Mar 13 03:51:04 CET 2026
#@# Cortical Parc 3 lh Fri Mar 13 03:51:19 CET 2026
#@# WM/GM Contrast lh Fri Mar 13 03:51:32 CET 2026
recon-all -s sub-v2s3x28812_ses-1 finished without error at Fri Mar 13 03:51:36 CET 2026



#New# invocation of recon-all 



status file for recon-all
Fri Mar 13 04:30:33 CET 2026
#@# white curv lh Fri Mar 13 04:30:33 CET 2026
#@# white area lh Fri Mar 13 04:30:33 CET 2026
#@# pial curv lh Fri Mar 13 04:30:33 CET 2026
#@# pial area lh Fri Mar 13 04:30:33 CET 2026
#@# thickness lh Fri Mar 13 04:30:33 CET 2026
#@# area and vertex vol lh Fri Mar 13 04:30:33 CET 2026
#@# Parcellation Stats lh Fri Mar 13 04:30:33 CET 2026
#@# Parcellation Stats 2 lh Fri Mar 13 04:30:59 CET 2026
#@# Parcellation Stats 3 lh Fri Mar 13 04:31:12 CET 2026
#@# BA_exvivo Labels lh Fri Mar 13 04:31:29 CET 2026
recon-all -s sub-v2s3x28812_ses-1 finished without error at Fri Mar 13 04:34:43 CET 2026
