status file for recon-all
Fri Mar 13 03:51:37 CET 2026
#@# Tessellate rh Fri Mar 13 03:51:37 CET 2026
#@# Smooth1 rh Fri Mar 13 03:51:41 CET 2026
#@# Inflation1 rh Fri Mar 13 03:51:45 CET 2026
#@# QSphere rh Fri Mar 13 03:52:02 CET 2026
#@# Fix Topology rh Fri Mar 13 03:53:43 CET 2026
#@# Smooth2 rh Fri Mar 13 04:01:16 CET 2026
#@# Inflation2 rh Fri Mar 13 04:01:19 CET 2026
#@# Curv .H and .K rh Fri Mar 13 04:01:37 CET 2026
#@# Sphere rh Fri Mar 13 04:02:34 CET 2026
#@# Surf Reg rh Fri Mar 13 04:07:13 CET 2026
#@# Jacobian white rh Fri Mar 13 04:13:45 CET 2026
#@# AvgCurv rh Fri Mar 13 04:13:47 CET 2026
#@# Cortical Parc rh Fri Mar 13 04:13:48 CET 2026
#@# white curv rh Fri Mar 13 04:21:02 CET 2026
#@# white area rh Fri Mar 13 04:21:04 CET 2026
#@# pial curv rh Fri Mar 13 04:21:05 CET 2026
#@# pial area rh Fri Mar 13 04:21:07 CET 2026
#@# thickness rh Fri Mar 13 04:21:08 CET 2026
#@# area and vertex vol rh Fri Mar 13 04:21:45 CET 2026
#@# Curvature Stats rh Fri Mar 13 04:21:47 CET 2026
#@# Cortical Parc 2 rh Fri Mar 13 04:21:49 CET 2026
#@# Cortical Parc 3 rh Fri Mar 13 04:22:06 CET 2026
#@# WM/GM Contrast rh Fri Mar 13 04:22:19 CET 2026
recon-all -s sub-v2s3x28812_ses-1 finished without error at Fri Mar 13 04:22:23 CET 2026



#New# invocation of recon-all 



status file for recon-all
Fri Mar 13 04:34:45 CET 2026
#@# white curv rh Fri Mar 13 04:34:45 CET 2026
#@# white area rh Fri Mar 13 04:34:46 CET 2026
#@# pial curv rh Fri Mar 13 04:34:46 CET 2026
#@# pial area rh Fri Mar 13 04:34:46 CET 2026
#@# thickness rh Fri Mar 13 04:34:46 CET 2026
#@# area and vertex vol rh Fri Mar 13 04:34:46 CET 2026
#@# Parcellation Stats rh Fri Mar 13 04:34:46 CET 2026
#@# Parcellation Stats 2 rh Fri Mar 13 04:35:12 CET 2026
#@# Parcellation Stats 3 rh Fri Mar 13 04:35:25 CET 2026
#@# BA_exvivo Labels rh Fri Mar 13 04:35:38 CET 2026
recon-all -s sub-v2s3x28812_ses-1 finished without error at Fri Mar 13 04:38:59 CET 2026
