status file for recon-all
Fri Mar 13 01:07:02 CET 2026
#@# MotionCor Fri Mar 13 01:07:04 CET 2026
#@# Talairach Fri Mar 13 01:07:12 CET 2026
#@# Talairach Failure Detection Fri Mar 13 01:11:47 CET 2026
#@# Nu Intensity Correction Fri Mar 13 01:11:47 CET 2026
#@# Intensity Normalization Fri Mar 13 01:15:03 CET 2026
recon-all -s sub-v2s3x28808_ses-1 finished without error at Fri Mar 13 01:16:32 CET 2026



#New# invocation of recon-all 



status file for recon-all
Fri Mar 13 01:24:23 CET 2026
#@# EM Registration Fri Mar 13 01:24:23 CET 2026
recon-all -s sub-v2s3x28808_ses-1 finished without error at Fri Mar 13 01:26:44 CET 2026



#New# invocation of recon-all 



status file for recon-all
Fri Mar 13 01:26:47 CET 2026
#@# CA Normalize Fri Mar 13 01:26:47 CET 2026
#@# CA Reg Fri Mar 13 01:28:05 CET 2026
#@# SubCort Seg Fri Mar 13 02:23:44 CET 2026
#@# CC Seg Fri Mar 13 02:52:04 CET 2026
#@# Merge ASeg Fri Mar 13 02:52:53 CET 2026
#@# Intensity Normalization2 Fri Mar 13 02:52:53 CET 2026
#@# Mask BFS Fri Mar 13 02:55:07 CET 2026
#@# WM Segmentation Fri Mar 13 02:55:08 CET 2026
#@# Fill Fri Mar 13 02:57:03 CET 2026
recon-all -s sub-v2s3x28808_ses-1 finished without error at Fri Mar 13 02:58:09 CET 2026



#New# invocation of recon-all 



status file for recon-all
Fri Mar 13 03:48:38 CET 2026
#@# white curv lh Fri Mar 13 03:48:38 CET 2026
#@# white area lh Fri Mar 13 03:48:38 CET 2026
#@# pial curv lh Fri Mar 13 03:48:38 CET 2026
#@# pial area lh Fri Mar 13 03:48:38 CET 2026
#@# thickness lh Fri Mar 13 03:48:38 CET 2026
#@# area and vertex vol lh Fri Mar 13 03:48:38 CET 2026
#@# white curv rh Fri Mar 13 03:48:38 CET 2026
#@# white area rh Fri Mar 13 03:48:38 CET 2026
#@# pial curv rh Fri Mar 13 03:48:38 CET 2026
#@# pial area rh Fri Mar 13 03:48:38 CET 2026
#@# thickness rh Fri Mar 13 03:48:38 CET 2026
#@# area and vertex vol rh Fri Mar 13 03:48:38 CET 2026
#@# Cortical ribbon mask Fri Mar 13 03:48:38 CET 2026
recon-all -s sub-v2s3x28808_ses-1 finished without error at Fri Mar 13 03:54:09 CET 2026



#New# invocation of recon-all 



status file for recon-all
Fri Mar 13 04:00:56 CET 2026
#@# white curv lh Fri Mar 13 04:00:56 CET 2026
#@# white area lh Fri Mar 13 04:00:56 CET 2026
#@# pial curv lh Fri Mar 13 04:00:56 CET 2026
#@# pial area lh Fri Mar 13 04:00:56 CET 2026
#@# thickness lh Fri Mar 13 04:00:56 CET 2026
#@# area and vertex vol lh Fri Mar 13 04:00:56 CET 2026
#@# white curv rh Fri Mar 13 04:00:56 CET 2026
#@# white area rh Fri Mar 13 04:00:56 CET 2026
#@# pial curv rh Fri Mar 13 04:00:56 CET 2026
#@# pial area rh Fri Mar 13 04:00:56 CET 2026
#@# thickness rh Fri Mar 13 04:00:56 CET 2026
#@# area and vertex vol rh Fri Mar 13 04:00:56 CET 2026
#@# Curvature Stats lh Fri Mar 13 04:00:56 CET 2026
#@# Curvature Stats rh Fri Mar 13 04:00:59 CET 2026
#@# Relabel Hypointensities Fri Mar 13 04:01:02 CET 2026
#@# APas-to-ASeg Fri Mar 13 04:01:17 CET 2026
#@# AParc-to-ASeg aparc Fri Mar 13 04:01:25 CET 2026
#@# AParc-to-ASeg aparc.a2009s Fri Mar 13 04:02:08 CET 2026
#@# AParc-to-ASeg aparc.DKTatlas Fri Mar 13 04:02:47 CET 2026
#@# WMParc Fri Mar 13 04:03:27 CET 2026
#@# ASeg Stats Fri Mar 13 04:07:11 CET 2026
recon-all -s sub-v2s3x28808_ses-1 finished without error at Fri Mar 13 04:07:52 CET 2026
