status file for recon-all
Fri Mar 13 03:22:34 CET 2026
#@# Tessellate rh Fri Mar 13 03:22:34 CET 2026
#@# Smooth1 rh Fri Mar 13 03:22:37 CET 2026
#@# Inflation1 rh Fri Mar 13 03:22:40 CET 2026
#@# QSphere rh Fri Mar 13 03:22:54 CET 2026
#@# Fix Topology rh Fri Mar 13 03:24:43 CET 2026
#@# Smooth2 rh Fri Mar 13 03:30:16 CET 2026
#@# Inflation2 rh Fri Mar 13 03:30:19 CET 2026
#@# Curv .H and .K rh Fri Mar 13 03:30:41 CET 2026
#@# Sphere rh Fri Mar 13 03:31:27 CET 2026
#@# Surf Reg rh Fri Mar 13 03:36:00 CET 2026
#@# Jacobian white rh Fri Mar 13 03:40:42 CET 2026
#@# AvgCurv rh Fri Mar 13 03:40:43 CET 2026
#@# Cortical Parc rh Fri Mar 13 03:40:44 CET 2026
#@# white curv rh Fri Mar 13 03:47:27 CET 2026
#@# white area rh Fri Mar 13 03:47:29 CET 2026
#@# pial curv rh Fri Mar 13 03:47:29 CET 2026
#@# pial area rh Fri Mar 13 03:47:31 CET 2026
#@# thickness rh Fri Mar 13 03:47:32 CET 2026
#@# area and vertex vol rh Fri Mar 13 03:48:01 CET 2026
#@# Curvature Stats rh Fri Mar 13 03:48:03 CET 2026
#@# Cortical Parc 2 rh Fri Mar 13 03:48:05 CET 2026
#@# Cortical Parc 3 rh Fri Mar 13 03:48:19 CET 2026
#@# WM/GM Contrast rh Fri Mar 13 03:48:30 CET 2026
recon-all -s sub-v2s3x28808_ses-1 finished without error at Fri Mar 13 03:48:33 CET 2026



#New# invocation of recon-all 



status file for recon-all
Fri Mar 13 03:57:34 CET 2026
#@# white curv rh Fri Mar 13 03:57:34 CET 2026
#@# white area rh Fri Mar 13 03:57:34 CET 2026
#@# pial curv rh Fri Mar 13 03:57:34 CET 2026
#@# pial area rh Fri Mar 13 03:57:34 CET 2026
#@# thickness rh Fri Mar 13 03:57:34 CET 2026
#@# area and vertex vol rh Fri Mar 13 03:57:34 CET 2026
#@# Parcellation Stats rh Fri Mar 13 03:57:34 CET 2026
#@# Parcellation Stats 2 rh Fri Mar 13 03:57:53 CET 2026
#@# Parcellation Stats 3 rh Fri Mar 13 03:58:03 CET 2026
#@# BA_exvivo Labels rh Fri Mar 13 03:58:12 CET 2026
recon-all -s sub-v2s3x28808_ses-1 finished without error at Fri Mar 13 04:00:52 CET 2026
