status file for recon-all
Fri Mar 13 02:58:14 CET 2026
#@# Tessellate lh Fri Mar 13 02:58:14 CET 2026
#@# Smooth1 lh Fri Mar 13 02:58:18 CET 2026
#@# Inflation1 lh Fri Mar 13 02:58:21 CET 2026
#@# QSphere lh Fri Mar 13 02:58:36 CET 2026
#@# Fix Topology lh Fri Mar 13 02:59:55 CET 2026
#@# Smooth2 lh Fri Mar 13 03:06:14 CET 2026
#@# Inflation2 lh Fri Mar 13 03:06:17 CET 2026
#@# Curv .H and .K lh Fri Mar 13 03:06:33 CET 2026
#@# Sphere lh Fri Mar 13 03:07:19 CET 2026
#@# Surf Reg lh Fri Mar 13 03:10:54 CET 2026
#@# Jacobian white lh Fri Mar 13 03:15:01 CET 2026
#@# AvgCurv lh Fri Mar 13 03:15:02 CET 2026
#@# Cortical Parc lh Fri Mar 13 03:15:03 CET 2026
#@# white curv lh Fri Mar 13 03:21:27 CET 2026
#@# white area lh Fri Mar 13 03:21:29 CET 2026
#@# pial curv lh Fri Mar 13 03:21:30 CET 2026
#@# pial area lh Fri Mar 13 03:21:32 CET 2026
#@# thickness lh Fri Mar 13 03:21:32 CET 2026
#@# area and vertex vol lh Fri Mar 13 03:22:00 CET 2026
#@# Curvature Stats lh Fri Mar 13 03:22:02 CET 2026
#@# Cortical Parc 2 lh Fri Mar 13 03:22:05 CET 2026
#@# Cortical Parc 3 lh Fri Mar 13 03:22:17 CET 2026
#@# WM/GM Contrast lh Fri Mar 13 03:22:28 CET 2026
recon-all -s sub-v2s3x28808_ses-1 finished without error at Fri Mar 13 03:22:31 CET 2026



#New# invocation of recon-all 



status file for recon-all
Fri Mar 13 03:54:12 CET 2026
#@# white curv lh Fri Mar 13 03:54:12 CET 2026
#@# white area lh Fri Mar 13 03:54:12 CET 2026
#@# pial curv lh Fri Mar 13 03:54:12 CET 2026
#@# pial area lh Fri Mar 13 03:54:12 CET 2026
#@# thickness lh Fri Mar 13 03:54:12 CET 2026
#@# area and vertex vol lh Fri Mar 13 03:54:12 CET 2026
#@# Parcellation Stats lh Fri Mar 13 03:54:12 CET 2026
#@# Parcellation Stats 2 lh Fri Mar 13 03:54:31 CET 2026
#@# Parcellation Stats 3 lh Fri Mar 13 03:54:40 CET 2026
#@# BA_exvivo Labels lh Fri Mar 13 03:54:49 CET 2026
recon-all -s sub-v2s3x28808_ses-1 finished without error at Fri Mar 13 03:57:32 CET 2026
