/out/sourcedata/freesurfer/sub-v2s3x28754_ses-1/mri
/opt/freesurfer/bin/talairach_avi
--i orig_nu.mgz --xfm transforms/talairach.auto.xfm
talairach_avi 7.3.2
Linux dna071 5.14.0-427.37.1.el9_4.x86_64 #1 SMP PREEMPT_DYNAMIC Fri Sep 13 12:41:50 EDT 2024 x86_64 x86_64 x86_64 GNU/Linux
Thu Mar 12 23:43:13 CET 2026
mri_convert orig_nu.mgz talsrcimg.img 
reading from orig_nu.mgz...
TR=0.00, TE=0.00, TI=0.00, flip angle=0.00
i_ras = (-1, 0, 0)
j_ras = (0, 0, -1)
k_ras = (0, 1, 0)
writing to talsrcimg.img...
Analyze Output Matrix
-1.00000   0.00000   0.00000   117.72229;
 0.00000   0.00000   1.00000  -138.69986;
 0.00000  -1.00000   0.00000   131.09654;
 0.00000   0.00000   0.00000   1.00000;
--------------------
INFO: set hdr.hist.orient to -1
mpr2mni305 talsrcimg
Thu Mar 12 23:43:13 CET 2026
/opt/freesurfer/bin/mpr2mni305 talsrcimg
mpr2mni305 7.3.2
target=711-2C_as_mni_average_305

---------------------------------------------------------------------
analyzeto4dfp talsrcimg -O0 -y
---------------------------------------------------------------------

freesurfer ifh2hdr.c
Thu Mar 12 23:43:14 2026
Writing: talsrcimg.4dfp.hdr
freesurfer analyzeto4dfp.c
Reading: talsrcimg.hdr
header size 348 bytes
hdr.dime.datatype	offset=70	value=2
hdr.dime.bitpix		offset=72	value=8
hdr.hist.orient		offset=252	value=-1
dimensionality     4
dimensions       256       256       256         1
Reading: talsrcimg.img
Writing: talsrcimg.4dfp.img
Writing: talsrcimg.4dfp.ifh
ifh2hdr talsrcimg -r0to229
ori=2

---------------------------------------------------------------------
gauss_4dfp talsrcimg 1.1
---------------------------------------------------------------------

freesurfer gauss_4dfp.c
Reading: talsrcimg.4dfp.img
Writing: talsrcimg_g11.4dfp.img
image dimensions 256 256 256 padded to 288 288 288
processing volume 1freesurfer ifh2hdr.c
Thu Mar 12 23:43:15 2026
Writing: talsrcimg_g11.4dfp.hdr

Writing: talsrcimg_g11.4dfp.ifh
including: talsrcimg.4dfp.img.rec in talsrcimg_g11.4dfp.img.rec

---------------------------------------------------------------------
imgreg_4dfp /opt/freesurfer/average/711-2C_as_mni_average_305 none talsrcimg_g11 none talsrcimg_to_711-2C_as_mni_average_305_t4 4355
---------------------------------------------------------------------

freesurfer imgreg_4dfp.c
/opt/freesurfer/average/711-2C_as_mni_average_305.4dfp.img
       256       256       256         1
  1.000000  1.000000  1.000000
orientation T byte_order littleendian
Reading image: /opt/freesurfer/average/711-2C_as_mni_average_305.4dfp.img
dimensions:      256       256       256
mmppix:       1.0000   -1.0000   -1.0000
center:     128.0000 -129.0000 -129.0000
talsrcimg_g11.4dfp.img
       256       256       256         1
  1.000000  1.000000  1.000000
orientation T byte_order littleendian
Reading image: talsrcimg_g11.4dfp.img
dimensions:      256       256       256
mmppix:       1.0000   -1.0000   -1.0000
center:     128.0000 -129.0000 -129.0000
t4_read: open error in t4_sub.f l:  41 t4_file(1:l)talsrcimg_to_711-2C_as_mni_average_305_t4 
t4_read: transform initialized to I4
rotation matrix determinant  1.000000
image alignment mode   4355 decimal     1103 hex
   -7.5000  -45.0000  -45.0000 8389.8838   15.0557
    0.0000  -45.0000  -45.0000 8743.0137   15.0857
    7.5000  -45.0000  -45.0000 8361.2422   15.0682
   -7.5000  -37.5000  -45.0000 9095.3760   14.9235
    0.0000  -37.5000  -45.0000 9487.9609   14.9551
    7.5000  -37.5000  -45.0000 9056.4961   14.9420
   -7.5000  -30.0000  -45.000010031.2852   14.8464
    0.0000  -30.0000  -45.000010437.1475   14.8833
    7.5000  -30.0000  -45.0000 9988.7383   14.8758
   -7.5000  -22.5000  -45.000010833.5537   14.9152
    0.0000  -22.5000  -45.000011279.6045   14.9574
    7.5000  -22.5000  -45.000010807.8496   14.9509
   -7.5000  -15.0000  -45.000011553.6758   15.0050
    0.0000  -15.0000  -45.000012008.1553   15.0467
    7.5000  -15.0000  -45.000011473.5234   15.0363
   -7.5000   -7.5000  -45.000012222.4131   15.0150
    0.0000   -7.5000  -45.000012717.7363   15.0498
    7.5000   -7.5000  -45.000012095.4189   15.0339
   -7.5000    0.0000  -45.000012881.7852   14.9535
    0.0000    0.0000  -45.000013382.9639   14.9836
    7.5000    0.0000  -45.000012734.1611   14.9665
   -7.5000    7.5000  -45.000012635.7207   14.8744
    0.0000    7.5000  -45.000013114.3379   14.9060
    7.5000    7.5000  -45.000012481.4551   14.8933
   -7.5000   15.0000  -45.000012213.3330   14.8463
    0.0000   15.0000  -45.000012670.1934   14.8832
    7.5000   15.0000  -45.000012056.7568   14.8756
   -7.5000   22.5000  -45.000011514.8770   14.9132
    0.0000   22.5000  -45.000011926.7344   14.9554
    7.5000   22.5000  -45.000011340.8945   14.9489
   -7.5000   30.0000  -45.000010680.4229   14.8051
    0.0000   30.0000  -45.000011019.6357   14.8462
    7.5000   30.0000  -45.000010485.2803   14.8359
   -7.5000   37.5000  -45.000010137.4346   14.8149
    0.0000   37.5000  -45.000010465.1963   14.8492
    7.5000   37.5000  -45.0000 9968.3525   14.8336
   -7.5000   45.0000  -45.0000 9239.0000   14.3796
    0.0000   45.0000  -45.0000 9555.8154   14.4085
    7.5000   45.0000  -45.0000 9065.9717   14.3921
   -7.5000  -45.0000  -37.5000 8895.7725   15.0452
    0.0000  -45.0000  -37.5000 9281.3125   15.0701
    7.5000  -45.0000  -37.5000 8855.2129   15.0536
   -7.5000  -37.5000  -37.5000 9618.5918   14.9122
    0.0000  -37.5000  -37.500010021.5439   14.9362
    7.5000  -37.5000  -37.5000 9580.6504   14.9236
   -7.5000  -30.0000  -37.500010590.7822   14.8417
    0.0000  -30.0000  -37.500011018.8359   14.8703
    7.5000  -30.0000  -37.500010546.1162   14.8627
   -7.5000  -22.5000  -37.500011414.2490   14.9187
    0.0000  -22.5000  -37.500011894.2842   14.9551
    7.5000  -22.5000  -37.500011375.8008   14.9483
   -7.5000  -15.0000  -37.500012172.7842   15.0098
    0.0000  -15.0000  -37.500012634.3389   15.0480
    7.5000  -15.0000  -37.500012069.2285   15.0376
   -7.5000   -7.5000  -37.500012885.2354   15.0124
    0.0000   -7.5000  -37.500013383.5830   15.0435
    7.5000   -7.5000  -37.500012715.4863   15.0288
   -7.5000    0.0000  -37.500013558.7354   14.9431
    0.0000    0.0000  -37.500014059.3096   14.9682
    7.5000    0.0000  -37.500013365.6738   14.9521
   -7.5000    7.5000  -37.500013257.4209   14.8632
    0.0000    7.5000  -37.500013772.7715   14.8873
    7.5000    7.5000  -37.500013097.7510   14.8750
   -7.5000   15.0000  -37.500012784.1387   14.8416
    0.0000   15.0000  -37.500013280.8262   14.8702
    7.5000   15.0000  -37.500012603.3271   14.8625
   -7.5000   22.5000  -37.500012025.2178   14.9167
    0.0000   22.5000  -37.500012462.9580   14.9531
    7.5000   22.5000  -37.500011810.2090   14.9462
   -7.5000   30.0000  -37.500011127.4824   14.8098
    0.0000   30.0000  -37.500011501.5225   14.8474
    7.5000   30.0000  -37.500010912.9473   14.8372
   -7.5000   37.5000  -37.500010542.1973   14.8123
    0.0000   37.5000  -37.500010911.0029   14.8430
    7.5000   37.5000  -37.500010360.2949   14.8285
   -7.5000   45.0000  -37.5000 9601.9629   14.3696
    0.0000   45.0000  -37.5000 9921.4980   14.3937
    7.5000   45.0000  -37.5000 9410.6504   14.3782
   -7.5000  -45.0000  -30.0000 9534.1309   15.6613
    0.0000  -45.0000  -30.0000 9942.4824   15.6827
    7.5000  -45.0000  -30.0000 9488.8721   15.6750
   -7.5000  -37.5000  -30.000010285.3379   15.5200
    0.0000  -37.5000  -30.000010708.0439   15.5398
    7.5000  -37.5000  -30.000010227.6943   15.5348
   -7.5000  -30.0000  -30.000011309.5293   15.4493
    0.0000  -30.0000  -30.000011771.7246   15.4713
    7.5000  -30.0000  -30.000011246.4980   15.4714
   -7.5000  -22.5000  -30.000012185.1924   15.5338
    0.0000  -22.5000  -30.000012698.7568   15.5622
    7.5000  -22.5000  -30.000012130.0127   15.5635
   -7.5000  -15.0000  -30.000012954.0400   15.6293
    0.0000  -15.0000  -30.000013457.2832   15.6593
    7.5000  -15.0000  -30.000012843.1807   15.6578
   -7.5000   -7.5000  -30.000013707.8408   15.6304
    0.0000   -7.5000  -30.000014232.0967   15.6557
    7.5000   -7.5000  -30.000013527.9658   15.6503
   -7.5000    0.0000  -30.000014402.0625   15.5552
    0.0000    0.0000  -30.000014948.6465   15.5768
    7.5000    0.0000  -30.000014204.1807   15.5694
   -7.5000    7.5000  -30.000014107.5801   15.4692
    0.0000    7.5000  -30.000014665.0518   15.4890
    7.5000    7.5000  -30.000013927.7344   15.4843
   -7.5000   15.0000  -30.000013575.0137   15.4491
    0.0000   15.0000  -30.000014096.2549   15.4712
    7.5000   15.0000  -30.000013333.8027   15.4713
   -7.5000   22.5000  -30.000012737.3906   15.5301
    0.0000   22.5000  -30.000013221.1777   15.5585
    7.5000   22.5000  -30.000012491.7607   15.5597
   -7.5000   30.0000  -30.000011780.8984   15.4225
    0.0000   30.0000  -30.000012190.3779   15.4521
    7.5000   30.0000  -30.000011541.4453   15.4506
   -7.5000   37.5000  -30.000011162.9229   15.4236
    0.0000   37.5000  -30.000011536.2041   15.4486
    7.5000   37.5000  -30.000010922.7646   15.4432
   -7.5000   45.0000  -30.000010122.0811   14.9692
    0.0000   45.0000  -30.000010419.9756   14.9900
    7.5000   45.0000  -30.0000 9889.3887   14.9828
   -7.5000  -45.0000  -22.500010152.8955   16.1981
    0.0000  -45.0000  -22.500010582.0537   16.2227
    7.5000  -45.0000  -22.500010078.0283   16.2238
   -7.5000  -37.5000  -22.500010921.7383   16.0493
    0.0000  -37.5000  -22.500011367.0586   16.0738
    7.5000  -37.5000  -22.500010836.0117   16.0781
   -7.5000  -30.0000  -22.500011992.8379   15.9703
    0.0000  -30.0000  -22.500012497.6982   15.9954
    7.5000  -30.0000  -22.500011916.5195   16.0055
   -7.5000  -22.5000  -22.500012953.2988   16.0527
    0.0000  -22.5000  -22.500013484.6309   16.0793
    7.5000  -22.5000  -22.500012872.5801   16.0910
   -7.5000  -15.0000  -22.500013731.2666   16.1515
    0.0000  -15.0000  -22.500014248.0273   16.1767
    7.5000  -15.0000  -22.500013630.4834   16.1855
   -7.5000   -7.5000  -22.500014482.0625   16.1604
    0.0000   -7.5000  -22.500015018.9395   16.1845
    7.5000   -7.5000  -22.500014332.8125   16.1883
   -7.5000    0.0000  -22.500015197.1475   16.0885
    0.0000    0.0000  -22.500015751.1504   16.1133
    7.5000    0.0000  -22.500014989.2480   16.1145
   -7.5000    7.5000  -22.500014883.2305   15.9968
    0.0000    7.5000  -22.500015456.9414   16.0213
    7.5000    7.5000  -22.500014681.2676   16.0259
   -7.5000   15.0000  -22.500014295.1758   15.9702
    0.0000   15.0000  -22.500014818.8174   15.9953
    7.5000   15.0000  -22.500014041.1816   16.0054
   -7.5000   22.5000  -22.500013413.3428   16.0477
    0.0000   22.5000  -22.500013905.5469   16.0743
    7.5000   22.5000  -22.500013166.4961   16.0860
   -7.5000   30.0000  -22.500012372.0508   15.9403
    0.0000   30.0000  -22.500012817.7422   15.9651
    7.5000   30.0000  -22.500012125.5283   15.9738
   -7.5000   37.5000  -22.500011723.4219   15.9490
    0.0000   37.5000  -22.500012132.9014   15.9728
    7.5000   37.5000  -22.500011470.0449   15.9766
   -7.5000   45.0000  -22.500010594.9131   15.4940
    0.0000   45.0000  -22.500010935.1201   15.5179
    7.5000   45.0000  -22.500010357.0000   15.5191
   -7.5000  -45.0000  -15.000010740.9385   16.5974
    0.0000  -45.0000  -15.000011171.2949   16.6282
    7.5000  -45.0000  -15.000010669.1133   16.6280
   -7.5000  -37.5000  -15.000011528.0742   16.4450
    0.0000  -37.5000  -15.000011992.2109   16.4789
    7.5000  -37.5000  -15.000011448.6553   16.4832
   -7.5000  -30.0000  -15.000012665.8926   16.3560
    0.0000  -30.0000  -15.000013165.3779   16.3918
    7.5000  -30.0000  -15.000012572.5479   16.4031
   -7.5000  -22.5000  -15.000013649.5381   16.4309
    0.0000  -22.5000  -15.000014179.6338   16.4648
    7.5000  -22.5000  -15.000013582.3359   16.4784
   -7.5000  -15.0000  -15.000014477.8008   16.5312
    0.0000  -15.0000  -15.000015039.7598   16.5605
    7.5000  -15.0000  -15.000014423.3623   16.5702
   -7.5000   -7.5000  -15.000015268.7471   16.5497
    0.0000   -7.5000  -15.000015829.3545   16.5780
    7.5000   -7.5000  -15.000015127.4023   16.5809
   -7.5000    0.0000  -15.000015991.9219   16.4850
    0.0000    0.0000  -15.000016581.7852   16.5160
    7.5000    0.0000  -15.000015801.8662   16.5160
   -7.5000    7.5000  -15.000015617.2471   16.3911
    0.0000    7.5000  -15.000016195.7432   16.4251
    7.5000    7.5000  -15.000015435.1660   16.4296
   -7.5000   15.0000  -15.000014903.0566   16.3559
    0.0000   15.0000  -15.000015426.8564   16.3916
    7.5000   15.0000  -15.000014668.1992   16.4030
   -7.5000   22.5000  -15.000013975.5938   16.4251
    0.0000   22.5000  -15.000014488.8428   16.4590
    7.5000   22.5000  -15.000013734.6943   16.4725
   -7.5000   30.0000  -15.000012906.3730   16.3173
    0.0000   30.0000  -15.000013364.9229   16.3462
    7.5000   30.0000  -15.000012645.0156   16.3558
   -7.5000   37.5000  -15.000012225.7168   16.3356
    0.0000   37.5000  -15.000012656.8438   16.3635
    7.5000   37.5000  -15.000011970.9268   16.3663
   -7.5000   45.0000  -15.000011076.3301   15.8855
    0.0000   45.0000  -15.000011441.7705   15.9153
    7.5000   45.0000  -15.000010833.3242   15.9153
   -7.5000  -45.0000   -7.500011318.1465   16.8025
    0.0000  -45.0000   -7.500011768.6318   16.8368
    7.5000  -45.0000   -7.500011236.7979   16.8256
   -7.5000  -37.5000   -7.500012112.8984   16.6522
    0.0000  -37.5000   -7.500012607.8604   16.6906
    7.5000  -37.5000   -7.500012037.8262   16.6846
   -7.5000  -30.0000   -7.500013249.3965   16.5608
    0.0000  -30.0000   -7.500013788.9082   16.6039
    7.5000  -30.0000   -7.500013208.9248   16.6048
   -7.5000  -22.5000   -7.500014307.2188   16.6328
    0.0000  -22.5000   -7.500014852.1846   16.6765
    7.5000  -22.5000   -7.500014284.3018   16.6796
   -7.5000  -15.0000   -7.500015309.5615   16.7327
    0.0000  -15.0000   -7.500015886.4590   16.7722
    7.5000  -15.0000   -7.500015215.8613   16.7710
   -7.5000   -7.5000   -7.500016162.9658   16.7516
    0.0000   -7.5000   -7.500016743.9102   16.7863
    7.5000   -7.5000   -7.500016009.2188   16.7780
   -7.5000    0.0000   -7.500016856.7402   16.6887
    0.0000    0.0000   -7.500017472.1914   16.7231
    7.5000    0.0000   -7.500016690.7207   16.7122
   -7.5000    7.5000   -7.500016368.7402   16.5976
    0.0000    7.5000   -7.500016976.3926   16.6360
    7.5000    7.5000   -7.500016239.5596   16.6303
   -7.5000   15.0000   -7.500015479.0850   16.5607
    0.0000   15.0000   -7.500016043.0020   16.6038
    7.5000   15.0000   -7.500015331.7920   16.6047
   -7.5000   22.5000   -7.500014487.4668   16.6251
    0.0000   22.5000   -7.500015004.3398   16.6688
    7.5000   22.5000   -7.500014350.8877   16.6719
   -7.5000   30.0000   -7.500013437.5186   16.5157
    0.0000   30.0000   -7.500013885.8076   16.5547
    7.5000   30.0000   -7.500013237.3682   16.5535
   -7.5000   37.5000   -7.500012777.4609   16.5344
    0.0000   37.5000   -7.500013170.5254   16.5686
    7.5000   37.5000   -7.500012567.8633   16.5604
   -7.5000   45.0000   -7.500011581.1250   16.0847
    0.0000   45.0000   -7.500011934.0938   16.1179
    7.5000   45.0000   -7.500011359.4609   16.1074
   -7.5000  -45.0000    0.000011759.4746   16.8354
    0.0000  -45.0000    0.000012220.0742   16.8687
    7.5000  -45.0000    0.000011686.4375   16.8489
   -7.5000  -37.5000    0.000012544.9922   16.6877
    0.0000  -37.5000    0.000013053.8809   16.7228
    7.5000  -37.5000    0.000012495.9600   16.7079
   -7.5000  -30.0000    0.000013707.3604   16.6016
    0.0000  -30.0000    0.000014267.8486   16.6426
    7.5000  -30.0000    0.000013703.5869   16.6339
   -7.5000  -22.5000    0.000014826.2549   16.6787
    0.0000  -22.5000    0.000015378.4336   16.7256
    7.5000  -22.5000    0.000014795.6084   16.7180
   -7.5000  -15.0000    0.000015782.2031   16.7791
    0.0000  -15.0000    0.000016395.4141   16.8254
    7.5000  -15.0000    0.000015741.6436   16.8135
   -7.5000   -7.5000    0.000016676.6387   16.7901
    0.0000   -7.5000    0.000017258.9980   16.8288
    7.5000   -7.5000    0.000016645.4121   16.8108
   -7.5000    0.0000    0.000017486.1895   16.7213
    0.0000    0.0000    0.000018022.0781   16.7547
    7.5000    0.0000    0.000017422.1445   16.7354
   -7.5000    7.5000    0.000016955.1953   16.6328
    0.0000    7.5000    0.000017491.4355   16.6680
    7.5000    7.5000    0.000016921.1250   16.6535
   -7.5000   15.0000    0.000015964.4785   16.6014
    0.0000   15.0000    0.000016475.5293   16.6425
    7.5000   15.0000    0.000015918.2998   16.6338
   -7.5000   22.5000    0.000014933.9395   16.6710
    0.0000   22.5000    0.000015424.9150   16.7179
    7.5000   22.5000    0.000014856.6377   16.7103
   -7.5000   30.0000    0.000013857.2803   16.5619
    0.0000   30.0000    0.000014319.3633   16.6076
    7.5000   30.0000    0.000013724.7695   16.5959
   -7.5000   37.5000    0.000013185.9639   16.5728
    0.0000   37.5000    0.000013632.7383   16.6110
    7.5000   37.5000    0.000013050.7715   16.5932
   -7.5000   45.0000    0.000011968.0605   16.1174
    0.0000   45.0000    0.000012342.3545   16.1496
    7.5000   45.0000    0.000011793.6611   16.1310
   -7.5000  -45.0000    7.500011269.5996   16.8359
    0.0000  -45.0000    7.500011735.0488   16.8638
    7.5000  -45.0000    7.500011195.2734   16.8454
   -7.5000  -37.5000    7.500012018.5186   16.6871
    0.0000  -37.5000    7.500012496.2021   16.7141
    7.5000  -37.5000    7.500011956.7803   16.6999
   -7.5000  -30.0000    7.500013157.3750   16.6083
    0.0000  -30.0000    7.500013638.5596   16.6403
    7.5000  -30.0000    7.500013104.2646   16.6317
   -7.5000  -22.5000    7.500014216.6250   16.6945
    0.0000  -22.5000    7.500014689.3984   16.7352
    7.5000  -22.5000    7.500014173.6182   16.7275
   -7.5000  -15.0000    7.500015081.3301   16.7964
    0.0000  -15.0000    7.500015551.0859   16.8391
    7.5000  -15.0000    7.500015088.0928   16.8275
   -7.5000   -7.5000    7.500015921.1553   16.7993
    0.0000   -7.5000    7.500016395.6465   16.8341
    7.5000   -7.5000    7.500015943.3398   16.8176
   -7.5000    0.0000    7.500016836.4941   16.7217
    0.0000    0.0000    7.500017322.3613   16.7498
    7.5000    0.0000    7.500016758.4336   16.7318
   -7.5000    7.5000    7.500016411.2168   16.6323
    0.0000    7.5000    7.500016922.5547   16.6593
    7.5000    7.5000    7.500016326.2539   16.6456
   -7.5000   15.0000    7.500015428.4922   16.6081
    0.0000   15.0000    7.500015922.4326   16.6401
    7.5000   15.0000    7.500015342.6367   16.6316
   -7.5000   22.5000    7.500014376.7422   16.6868
    0.0000   22.5000    7.500014826.6191   16.7275
    7.5000   22.5000    7.500014294.5127   16.7198
   -7.5000   30.0000    7.500013295.8740   16.5790
    0.0000   30.0000    7.500013707.1074   16.6211
    7.5000   30.0000    7.500013195.7344   16.6097
   -7.5000   37.5000    7.500012637.3281   16.5819
    0.0000   37.5000    7.500013038.8125   16.6162
    7.5000   37.5000    7.500012529.9932   16.5999
   -7.5000   45.0000    7.500011429.9785   16.1178
    0.0000   45.0000    7.500011795.5498   16.1448
    7.5000   45.0000    7.500011310.8994   16.1275
   -7.5000  -45.0000   15.000010679.3320   16.8709
    0.0000  -45.0000   15.000011117.8428   16.8941
    7.5000  -45.0000   15.000010617.7568   16.8861
   -7.5000  -37.5000   15.000011392.6514   16.7189
    0.0000  -37.5000   15.000011849.6875   16.7403
    7.5000  -37.5000   15.000011321.5205   16.7351
   -7.5000  -30.0000   15.000012450.1602   16.6421
    0.0000  -30.0000   15.000012947.0322   16.6661
    7.5000  -30.0000   15.000012396.0723   16.6663
   -7.5000  -22.5000   15.000013430.1670   16.7323
    0.0000  -22.5000   15.000013958.3047   16.7632
    7.5000  -22.5000   15.000013401.9590   16.7647
   -7.5000  -15.0000   15.000014294.8896   16.8348
    0.0000  -15.0000   15.000014816.2969   16.8674
    7.5000  -15.0000   15.000014299.5430   16.8660
   -7.5000   -7.5000   15.000015120.9844   16.8365
    0.0000   -7.5000   15.000015661.4375   16.8641
    7.5000   -7.5000   15.000015092.3965   16.8585
   -7.5000    0.0000   15.000015941.1211   16.7562
    0.0000    0.0000   15.000016537.4141   16.7797
    7.5000    0.0000   15.000015872.4590   16.7719
   -7.5000    7.5000   15.000015585.6426   16.6640
    0.0000    7.5000   15.000016182.0312   16.6855
    7.5000    7.5000   15.000015496.5947   16.6806
   -7.5000   15.0000   15.000014666.5410   16.6420
    0.0000   15.0000   15.000015208.3516   16.6659
    7.5000   15.0000   15.000014572.5723   16.6662
   -7.5000   22.5000   15.000013663.1572   16.7246
    0.0000   22.5000   15.000014147.9590   16.7554
    7.5000   22.5000   15.000013570.2578   16.7569
   -7.5000   30.0000   15.000012605.8721   16.6170
    0.0000   30.0000   15.000013047.1533   16.6491
    7.5000   30.0000   15.000012512.6230   16.6477
   -7.5000   37.5000   15.000011974.6748   16.6186
    0.0000   37.5000   15.000012391.1738   16.6458
    7.5000   37.5000   15.000011889.1592   16.6403
   -7.5000   45.0000   15.000010794.0889   16.1511
    0.0000   45.0000   15.000011176.1162   16.1737
    7.5000   45.0000   15.000010711.0840   16.1662
   -7.5000  -45.0000   22.500010002.4990   16.9435
    0.0000  -45.0000   22.500010423.6074   16.9692
    7.5000  -45.0000   22.5000 9926.2832   16.9710
   -7.5000  -37.5000   22.500010660.5762   16.7892
    0.0000  -37.5000   22.500011122.4678   16.8146
    7.5000  -37.5000   22.500010584.0762   16.8196
   -7.5000  -30.0000   22.500011682.9395   16.7057
    0.0000  -30.0000   22.500012198.3857   16.7318
    7.5000  -30.0000   22.500011605.9355   16.7428
   -7.5000  -22.5000   22.500012635.8594   16.7898
    0.0000  -22.5000   22.500013164.6172   16.8175
    7.5000  -22.5000   22.500012558.8857   16.8302
   -7.5000  -15.0000   22.500013428.4648   16.8922
    0.0000  -15.0000   22.500013958.5449   16.9184
    7.5000  -15.0000   22.500013387.8926   16.9283
   -7.5000   -7.5000   22.500014163.2930   16.9027
    0.0000   -7.5000   22.500014712.1582   16.9277
    7.5000   -7.5000   22.500014107.0352   16.9326
   -7.5000    0.0000   22.500014896.3965   16.8293
    0.0000    0.0000   22.500015470.7207   16.8552
    7.5000    0.0000   22.500014825.8301   16.8571
   -7.5000    7.5000   22.500014587.1172   16.7343
    0.0000    7.5000   22.500015153.9043   16.7598
    7.5000    7.5000   22.500014511.5781   16.7650
   -7.5000   15.0000   22.500013722.1045   16.7055
    0.0000   15.0000   22.500014245.9795   16.7317
    7.5000   15.0000   22.500013651.6973   16.7427
   -7.5000   22.5000   22.500012824.7363   16.7820
    0.0000   22.5000   22.500013306.5488   16.8097
    7.5000   22.5000   22.500012756.6172   16.8225
   -7.5000   30.0000   22.500011851.6758   16.6736
    0.0000   30.0000   22.500012283.7178   16.6994
    7.5000   30.0000   22.500011759.0068   16.7092
   -7.5000   37.5000   22.500011243.5938   16.6839
    0.0000   37.5000   22.500011668.5537   16.7086
    7.5000   37.5000   22.500011162.7666   16.7135
   -7.5000   45.0000   22.500010097.6025   16.2215
    0.0000   45.0000   22.500010484.8213   16.2465
    7.5000   45.0000   22.500010040.6416   16.2483
   -7.5000  -45.0000   30.0000 9297.7197   17.1217
    0.0000  -45.0000   30.0000 9659.7617   17.1521
    7.5000  -45.0000   30.0000 9187.8428   17.1526
   -7.5000  -37.5000   30.0000 9905.1777   16.9680
    0.0000  -37.5000   30.000010311.3535   17.0017
    7.5000  -37.5000   30.0000 9807.2285   17.0068
   -7.5000  -30.0000   30.000010842.3398   16.8762
    0.0000  -30.0000   30.000011307.5400   16.9120
    7.5000  -30.0000   30.000010737.9541   16.9245
   -7.5000  -22.5000   30.000011689.2285   16.9502
    0.0000  -22.5000   30.000012184.6426   16.9841
    7.5000  -22.5000   30.000011583.3789   16.9988
   -7.5000  -15.0000   30.000012415.6904   17.0520
    0.0000  -15.0000   30.000012917.2070   17.0809
    7.5000  -15.0000   30.000012329.1436   17.0916
   -7.5000   -7.5000   30.000013077.5049   17.0730
    0.0000   -7.5000   30.000013610.5215   17.1006
    7.5000   -7.5000   30.000012995.2061   17.1043
   -7.5000    0.0000   30.000013731.7754   17.0091
    0.0000    0.0000   30.000014280.8701   17.0396
    7.5000    0.0000   30.000013651.8145   17.0402
   -7.5000    7.5000   30.000013463.3701   16.9138
    0.0000    7.5000   30.000013989.8945   16.9475
    7.5000    7.5000   30.000013388.8076   16.9528
   -7.5000   15.0000   30.000012671.8740   16.8761
    0.0000   15.0000   30.000013157.6240   16.9119
    7.5000   15.0000   30.000012611.0791   16.9244
   -7.5000   22.5000   30.000011860.6348   16.9424
    0.0000   22.5000   30.000012323.4336   16.9762
    7.5000   22.5000   30.000011808.5244   16.9910
   -7.5000   30.0000   30.000010963.5117   16.8313
    0.0000   30.0000   30.000011375.2822   16.8598
    7.5000   30.0000   30.000010893.4844   16.8705
   -7.5000   37.5000   30.000010406.4766   16.8520
    0.0000   37.5000   30.000010787.5322   16.8793
    7.5000   37.5000   30.000010316.7441   16.8829
   -7.5000   45.0000   30.0000 9355.5703   16.3948
    0.0000   45.0000   30.0000 9695.3467   16.4242
    7.5000   45.0000   30.0000 9285.8789   16.4248
   -7.5000  -45.0000   37.5000 8903.3535   17.4491
    0.0000  -45.0000   37.5000 9246.7178   17.4851
    7.5000  -45.0000   37.5000 8781.8838   17.4749
   -7.5000  -37.5000   37.5000 9483.3086   17.2981
    0.0000  -37.5000   37.5000 9857.3760   17.3382
    7.5000  -37.5000   37.5000 9358.0459   17.3334
   -7.5000  -30.0000   37.500010376.2412   17.2050
    0.0000  -30.0000   37.500010781.7100   17.2498
    7.5000  -30.0000   37.500010231.0781   17.2521
   -7.5000  -22.5000   37.500011168.8105   17.2764
    0.0000  -22.5000   37.500011627.8652   17.3217
    7.5000  -22.5000   37.500011036.0996   17.3261
   -7.5000  -15.0000   37.500011843.4551   17.3787
    0.0000  -15.0000   37.500012329.9922   17.4195
    7.5000  -15.0000   37.500011733.4004   17.4196
   -7.5000   -7.5000   37.500012464.2959   17.4003
    0.0000   -7.5000   37.500012980.9062   17.4364
    7.5000   -7.5000   37.500012373.0605   17.4291
   -7.5000    0.0000   37.500013114.1104   17.3378
    0.0000    0.0000   37.500013640.5596   17.3738
    7.5000    0.0000   37.500013038.2139   17.3638
   -7.5000    7.5000   37.500012873.0527   17.2446
    0.0000    7.5000   37.500013373.3125   17.2847
    7.5000    7.5000   37.500012803.4951   17.2801
   -7.5000   15.0000   37.500012122.2910   17.2049
    0.0000   15.0000   37.500012595.8691   17.2497
    7.5000   15.0000   37.500012056.4023   17.2520
   -7.5000   22.5000   37.500011330.1357   17.2685
    0.0000   22.5000   37.500011778.4453   17.3137
    7.5000   22.5000   37.500011275.3145   17.3181
   -7.5000   30.0000   37.500010479.1592   17.1538
    0.0000   30.0000   37.500010871.4902   17.1941
    7.5000   30.0000   37.500010401.1172   17.1941
   -7.5000   37.5000   37.5000 9943.0127   17.1751
    0.0000   37.5000   37.500010300.8486   17.2107
    7.5000   37.5000   37.5000 9843.0898   17.2035
   -7.5000   45.0000   37.5000 8958.1865   16.7116
    0.0000   45.0000   37.5000 9274.6602   16.7463
    7.5000   45.0000   37.5000 8886.0176   16.7367
   -7.5000  -45.0000   45.0000 8120.6265   17.8371
    0.0000  -45.0000   45.0000 8413.8936   17.8671
    7.5000  -45.0000   45.0000 8007.0171   17.8456
   -7.5000  -37.5000   45.0000 8670.0312   17.6851
    0.0000  -37.5000   45.0000 8998.9170   17.7170
    7.5000  -37.5000   45.0000 8537.5947   17.7008
   -7.5000  -30.0000   45.0000 9486.2754   17.5972
    0.0000  -30.0000   45.0000 9838.9434   17.6371
    7.5000  -30.0000   45.0000 9340.8994   17.6283
   -7.5000  -22.5000   45.000010199.1133   17.6774
    0.0000  -22.5000   45.000010598.0059   17.7255
    7.5000  -22.5000   45.000010066.9395   17.7187
   -7.5000  -15.0000   45.000010812.3496   17.7845
    0.0000  -15.0000   45.000011227.2139   17.8321
    7.5000  -15.0000   45.000010698.3672   17.8208
   -7.5000   -7.5000   45.000011378.4707   17.7981
    0.0000   -7.5000   45.000011815.2324   17.8355
    7.5000   -7.5000   45.000011282.9961   17.8168
   -7.5000    0.0000   45.000011959.2695   17.7262
    0.0000    0.0000   45.000012436.6475   17.7561
    7.5000    0.0000   45.000011887.4004   17.7350
   -7.5000    7.5000   45.000011763.1221   17.6322
    0.0000    7.5000   45.000012214.1699   17.6640
    7.5000    7.5000   45.000011687.6035   17.6482
   -7.5000   15.0000   45.000011091.9697   17.5971
    0.0000   15.0000   45.000011508.5850   17.6370
    7.5000   15.0000   45.000011010.7490   17.6282
   -7.5000   22.5000   45.000010375.3535   17.6692
    0.0000   22.5000   45.000010757.2070   17.7173
    7.5000   22.5000   45.000010293.1953   17.7105
   -7.5000   30.0000   45.0000 9603.7598   17.5528
    0.0000   30.0000   45.0000 9939.6289   17.5998
    7.5000   30.0000   45.0000 9494.9502   17.5886
   -7.5000   37.5000   45.0000 9113.2832   17.5662
    0.0000   37.5000   45.0000 9413.3311   17.6031
    7.5000   37.5000   45.0000 9000.2119   17.5847
   -7.5000   45.0000   45.0000 8228.7432   17.0938
    0.0000   45.0000   45.0000 8496.2217   17.1226
    7.5000   45.0000   45.0000 8136.0679   17.1023

---------------------------------------------------------------------
imgreg_4dfp /opt/freesurfer/average/711-2C_as_mni_average_305 /opt/freesurfer/average/711-2B_as_mni_average_305_mask talsrcimg_g11 none talsrcimg_to_711-2C_as_mni_average_305_t4 4355
---------------------------------------------------------------------

freesurfer imgreg_4dfp.c
/opt/freesurfer/average/711-2C_as_mni_average_305.4dfp.img
       256       256       256         1
  1.000000  1.000000  1.000000
orientation T byte_order littleendian
Reading image: /opt/freesurfer/average/711-2C_as_mni_average_305.4dfp.img
dimensions:      256       256       256
mmppix:       1.0000   -1.0000   -1.0000
center:     128.0000 -129.0000 -129.0000
/opt/freesurfer/average/711-2B_as_mni_average_305_mask.4dfp.img
       256       256       256         1
  1.000000  1.000000  1.000000
orientation T byte_order littleendian
Reading mask: /opt/freesurfer/average/711-2B_as_mni_average_305_mask.4dfp.img (2306576 pixels)
talsrcimg_g11.4dfp.img
       256       256       256         1
  1.000000  1.000000  1.000000
orientation T byte_order littleendian
Reading image: talsrcimg_g11.4dfp.img
dimensions:      256       256       256
mmppix:       1.0000   -1.0000   -1.0000
center:     128.0000 -129.0000 -129.0000
rotation matrix determinant  1.000000
image alignment mode   4355 decimal     1103 hex
   -7.5000  -45.0000  -45.0000 2152.0142   16.4330
    0.0000  -45.0000  -45.0000 2165.8533   16.2864
    7.5000  -45.0000  -45.0000 2141.9871   16.5338
   -7.5000  -37.5000  -45.0000 2269.7605   14.9573
    0.0000  -37.5000  -45.0000 2283.7273   14.8675
    7.5000  -37.5000  -45.0000 2259.8008   15.0667
   -7.5000  -30.0000  -45.0000 2340.0916   13.9168
    0.0000  -30.0000  -45.0000 2352.2695   13.8788
    7.5000  -30.0000  -45.0000 2334.6936   14.0441
   -7.5000  -22.5000  -45.0000 2377.8027   13.2472
    0.0000  -22.5000  -45.0000 2388.1138   13.1913
    7.5000  -22.5000  -45.0000 2377.6880   13.3555
   -7.5000  -15.0000  -45.0000 2399.7683   12.8076
    0.0000  -15.0000  -45.0000 2411.4260   12.7382
    7.5000  -15.0000  -45.0000 2394.3643   12.8960
   -7.5000   -7.5000  -45.0000 2418.3809   12.5438
    0.0000   -7.5000  -45.0000 2430.0728   12.4589
    7.5000   -7.5000  -45.0000 2406.5442   12.6079
   -7.5000    0.0000  -45.0000 2414.8643   12.5686
    0.0000    0.0000  -45.0000 2427.3298   12.4651
    7.5000    0.0000  -45.0000 2405.5967   12.6362
   -7.5000    7.5000  -45.0000 2402.1233   12.7722
    0.0000    7.5000  -45.0000 2414.7944   12.6654
    7.5000    7.5000  -45.0000 2389.1484   12.8712
   -7.5000   15.0000  -45.0000 2367.0156   13.2382
    0.0000   15.0000  -45.0000 2384.3318   13.1610
    7.5000   15.0000  -45.0000 2357.3435   13.3783
   -7.5000   22.5000  -45.0000 2315.6423   13.9947
    0.0000   22.5000  -45.0000 2329.4963   13.9234
    7.5000   22.5000  -45.0000 2307.7380   14.1727
   -7.5000   30.0000  -45.0000 2240.5044   15.0807
    0.0000   30.0000  -45.0000 2249.1213   15.0161
    7.5000   30.0000  -45.0000 2231.2456   15.2573
   -7.5000   37.5000  -45.0000 2149.1482   16.5229
    0.0000   37.5000  -45.0000 2153.4211   16.4125
    7.5000   37.5000  -45.0000 2134.1880   16.6469
   -7.5000   45.0000  -45.0000 2033.7054   18.3097
    0.0000   45.0000  -45.0000 2049.1929   18.1583
    7.5000   45.0000  -45.0000 2019.0497   18.3886
   -7.5000  -45.0000  -37.5000 2224.4617   15.3360
    0.0000  -45.0000  -37.5000 2239.3027   15.2444
    7.5000  -45.0000  -37.5000 2215.1025   15.4414
   -7.5000  -37.5000  -37.5000 2343.0369   13.9164
    0.0000  -37.5000  -37.5000 2355.7297   13.8781
    7.5000  -37.5000  -37.5000 2336.4941   14.0678
   -7.5000  -30.0000  -37.5000 2413.4575   12.9530
    0.0000  -30.0000  -37.5000 2426.4980   12.8976
    7.5000  -30.0000  -37.5000 2408.5015   13.0468
   -7.5000  -22.5000  -37.5000 2452.2312   12.2748
    0.0000  -22.5000  -37.5000 2466.9368   12.2344
    7.5000  -22.5000  -37.5000 2454.0476   12.3728
   -7.5000  -15.0000  -37.5000 2488.2080   11.8556
    0.0000  -15.0000  -37.5000 2496.9082   11.7997
    7.5000  -15.0000  -37.5000 2480.5532   11.9365
   -7.5000   -7.5000  -37.5000 2514.6445   11.5854
    0.0000   -7.5000  -37.5000 2524.2473   11.5390
    7.5000   -7.5000  -37.5000 2501.1802   11.6707
   -7.5000    0.0000  -37.5000 2520.2354   11.6156
    0.0000    0.0000  -37.5000 2528.7671   11.5586
    7.5000    0.0000  -37.5000 2506.5469   11.6884
   -7.5000    7.5000  -37.5000 2503.7346   11.8336
    0.0000    7.5000  -37.5000 2518.3064   11.7622
    7.5000    7.5000  -37.5000 2491.2104   11.9282
   -7.5000   15.0000  -37.5000 2467.7822   12.2837
    0.0000   15.0000  -37.5000 2485.0720   12.2519
    7.5000   15.0000  -37.5000 2455.8850   12.4327
   -7.5000   22.5000  -37.5000 2405.7483   13.0279
    0.0000   22.5000  -37.5000 2421.3220   12.9874
    7.5000   22.5000  -37.5000 2391.9553   13.1951
   -7.5000   30.0000  -37.5000 2322.0444   14.0415
    0.0000   30.0000  -37.5000 2332.1914   14.0110
    7.5000   30.0000  -37.5000 2306.9194   14.2147
   -7.5000   37.5000  -37.5000 2222.2080   15.3799
    0.0000   37.5000  -37.5000 2231.0957   15.3048
    7.5000   37.5000  -37.5000 2207.0117   15.4925
   -7.5000   45.0000  -37.5000 2102.9465   17.0576
    0.0000   45.0000  -37.5000 2112.7913   16.9258
    7.5000   45.0000  -37.5000 2087.5657   17.0924
   -7.5000  -45.0000  -30.0000 2323.2795   14.8788
    0.0000  -45.0000  -30.0000 2342.6025   14.8093
    7.5000  -45.0000  -30.0000 2321.4338   15.0425
   -7.5000  -37.5000  -30.0000 2450.3281   13.4726
    0.0000  -37.5000  -30.0000 2463.6050   13.3950
    7.5000  -37.5000  -30.0000 2443.3174   13.6003
   -7.5000  -30.0000  -30.0000 2528.9294   12.4648
    0.0000  -30.0000  -30.0000 2542.6340   12.4210
    7.5000  -30.0000  -30.0000 2525.3440   12.5890
   -7.5000  -22.5000  -30.0000 2578.5132   11.8089
    0.0000  -22.5000  -30.0000 2590.6770   11.7761
    7.5000  -22.5000  -30.0000 2577.3933   11.9098
   -7.5000  -15.0000  -30.0000 2621.4006   11.3793
    0.0000  -15.0000  -30.0000 2633.4106   11.3265
    7.5000  -15.0000  -30.0000 2611.4407   11.4826
   -7.5000   -7.5000  -30.0000 2658.6716   11.1167
    0.0000   -7.5000  -30.0000 2671.2524   11.0688
    7.5000   -7.5000  -30.0000 2640.5676   11.2212
   -7.5000    0.0000  -30.0000 2669.1169   11.1336
    0.0000    0.0000  -30.0000 2684.1099   11.0867
    7.5000    0.0000  -30.0000 2653.3860   11.2320
   -7.5000    7.5000  -30.0000 2656.8047   11.3751
    0.0000    7.5000  -30.0000 2674.5957   11.3433
    7.5000    7.5000  -30.0000 2641.3035   11.4812
   -7.5000   15.0000  -30.0000 2618.2349   11.8627
    0.0000   15.0000  -30.0000 2634.8423   11.8445
    7.5000   15.0000  -30.0000 2597.3772   12.0232
   -7.5000   22.5000  -30.0000 2547.1707   12.5931
    0.0000   22.5000  -30.0000 2563.4854   12.5882
    7.5000   22.5000  -30.0000 2523.9036   12.7763
   -7.5000   30.0000  -30.0000 2449.4556   13.6060
    0.0000   30.0000  -30.0000 2459.9377   13.5729
    7.5000   30.0000  -30.0000 2429.8586   13.7630
   -7.5000   37.5000  -30.0000 2340.4929   14.9196
    0.0000   37.5000  -30.0000 2349.4846   14.8467
    7.5000   37.5000  -30.0000 2322.5996   15.0320
   -7.5000   45.0000  -30.0000 2212.7839   16.5344
    0.0000   45.0000  -30.0000 2214.3293   16.4277
    7.5000   45.0000  -30.0000 2192.5632   16.5983
   -7.5000  -45.0000  -22.5000 2395.5342   14.3953
    0.0000  -45.0000  -22.5000 2412.2622   14.3316
    7.5000  -45.0000  -22.5000 2390.1433   14.5789
   -7.5000  -37.5000  -22.5000 2521.7205   12.9743
    0.0000  -37.5000  -22.5000 2537.3435   12.8990
    7.5000  -37.5000  -22.5000 2515.5754   13.1407
   -7.5000  -30.0000  -22.5000 2615.7817   11.9629
    0.0000  -30.0000  -22.5000 2631.4382   11.8988
    7.5000  -30.0000  -22.5000 2609.2783   12.1216
   -7.5000  -22.5000  -22.5000 2682.9299   11.3047
    0.0000  -22.5000  -22.5000 2699.3035   11.2602
    7.5000  -22.5000  -22.5000 2675.8137   11.4530
   -7.5000  -15.0000  -22.5000 2737.2349   10.8758
    0.0000  -15.0000  -22.5000 2746.6782   10.8344
    7.5000  -15.0000  -22.5000 2720.9768   11.0160
   -7.5000   -7.5000  -22.5000 2779.2593   10.6276
    0.0000   -7.5000  -22.5000 2791.9292   10.5903
    7.5000   -7.5000  -22.5000 2757.0884   10.7658
   -7.5000    0.0000  -22.5000 2797.6543   10.6316
    0.0000    0.0000  -22.5000 2811.5618   10.6005
    7.5000    0.0000  -22.5000 2766.7393   10.7600
   -7.5000    7.5000  -22.5000 2782.1130   10.8827
    0.0000    7.5000  -22.5000 2800.4551   10.8659
    7.5000    7.5000  -22.5000 2756.0010   11.0261
   -7.5000   15.0000  -22.5000 2735.1694   11.3799
    0.0000   15.0000  -22.5000 2748.1414   11.3697
    7.5000   15.0000  -22.5000 2705.1074   11.5623
   -7.5000   22.5000  -22.5000 2655.5146   12.1095
    0.0000   22.5000  -22.5000 2667.7781   12.1105
    7.5000   22.5000  -22.5000 2629.4856   12.2962
   -7.5000   30.0000  -22.5000 2544.1877   13.1064
    0.0000   30.0000  -22.5000 2556.0493   13.0753
    7.5000   30.0000  -22.5000 2523.8171   13.2521
   -7.5000   37.5000  -22.5000 2422.7363   14.4106
    0.0000   37.5000  -22.5000 2435.2537   14.3686
    7.5000   37.5000  -22.5000 2403.9443   14.5235
   -7.5000   45.0000  -22.5000 2286.5796   16.0119
    0.0000   45.0000  -22.5000 2297.0605   15.9526
    7.5000   45.0000  -22.5000 2269.8940   16.1034
   -7.5000  -45.0000  -15.0000 2435.4731   13.9726
    0.0000  -45.0000  -15.0000 2446.3948   13.9041
    7.5000  -45.0000  -15.0000 2425.8369   14.2161
   -7.5000  -37.5000  -15.0000 2564.9170   12.5309
    0.0000  -37.5000  -15.0000 2579.4309   12.4691
    7.5000  -37.5000  -15.0000 2556.1973   12.7641
   -7.5000  -30.0000  -15.0000 2672.9102   11.5044
    0.0000  -30.0000  -15.0000 2682.6575   11.4539
    7.5000  -30.0000  -15.0000 2659.6406   11.7192
   -7.5000  -22.5000  -15.0000 2753.4148   10.8473
    0.0000  -22.5000  -15.0000 2767.4961   10.7942
    7.5000  -22.5000  -15.0000 2738.7883   11.0410
   -7.5000  -15.0000  -15.0000 2817.9844   10.4421
    0.0000  -15.0000  -15.0000 2832.2925   10.3745
    7.5000  -15.0000  -15.0000 2799.0527   10.6156
   -7.5000   -7.5000  -15.0000 2875.7878   10.2043
    0.0000   -7.5000  -15.0000 2896.5510   10.1563
    7.5000   -7.5000  -15.0000 2847.7961   10.3682
   -7.5000    0.0000  -15.0000 2901.6995   10.1859
    0.0000    0.0000  -15.0000 2917.5671   10.1574
    7.5000    0.0000  -15.0000 2863.2095   10.3413
   -7.5000    7.5000  -15.0000 2875.1831   10.4614
    0.0000    7.5000  -15.0000 2889.1548   10.4399
    7.5000    7.5000  -15.0000 2841.7695   10.6054
   -7.5000   15.0000  -15.0000 2816.1812   10.9236
    0.0000   15.0000  -15.0000 2826.0225   10.9228
    7.5000   15.0000  -15.0000 2782.0520   11.0976
   -7.5000   22.5000  -15.0000 2722.3301   11.6518
    0.0000   22.5000  -15.0000 2736.5684   11.6504
    7.5000   22.5000  -15.0000 2694.5166   11.8202
   -7.5000   30.0000  -15.0000 2601.3086   12.6825
    0.0000   30.0000  -15.0000 2614.1614   12.6555
    7.5000   30.0000  -15.0000 2578.2688   12.8150
   -7.5000   37.5000  -15.0000 2471.8906   13.9578
    0.0000   37.5000  -15.0000 2484.4641   13.9282
    7.5000   37.5000  -15.0000 2449.0117   14.0992
   -7.5000   45.0000  -15.0000 2332.4521   15.5296
    0.0000   45.0000  -15.0000 2344.5054   15.4801
    7.5000   45.0000  -15.0000 2311.2842   15.6573
   -7.5000  -45.0000   -7.5000 2453.2334   13.6670
    0.0000  -45.0000   -7.5000 2465.6355   13.5804
    7.5000  -45.0000   -7.5000 2440.5168   13.9128
   -7.5000  -37.5000   -7.5000 2586.4463   12.2372
    0.0000  -37.5000   -7.5000 2599.7366   12.1532
    7.5000  -37.5000   -7.5000 2574.0046   12.4507
   -7.5000  -30.0000   -7.5000 2698.4136   11.1724
    0.0000  -30.0000   -7.5000 2712.4121   11.1114
    7.5000  -30.0000   -7.5000 2684.4690   11.4021
   -7.5000  -22.5000   -7.5000 2792.1755   10.5023
    0.0000  -22.5000   -7.5000 2808.7676   10.4346
    7.5000  -22.5000   -7.5000 2775.8396   10.7133
   -7.5000  -15.0000   -7.5000 2871.2932   10.0839
    0.0000  -15.0000   -7.5000 2892.9556   10.0157
    7.5000  -15.0000   -7.5000 2852.2197   10.2908
   -7.5000   -7.5000   -7.5000 2949.6978    9.8815
    0.0000   -7.5000   -7.5000 2981.4197    9.8285
    7.5000   -7.5000   -7.5000 2914.8315   10.0530
   -7.5000    0.0000   -7.5000 2987.9243    9.8405
    0.0000    0.0000   -7.5000 3011.7615    9.7826
    7.5000    0.0000   -7.5000 2937.5955   10.0016
   -7.5000    7.5000   -7.5000 2946.0857   10.0707
    0.0000    7.5000   -7.5000 2959.0759   10.0614
    7.5000    7.5000   -7.5000 2904.8547   10.2250
   -7.5000   15.0000   -7.5000 2862.8274   10.5510
    0.0000   15.0000   -7.5000 2874.2949   10.5449
    7.5000   15.0000   -7.5000 2825.3162   10.7128
   -7.5000   22.5000   -7.5000 2756.7793   11.3011
    0.0000   22.5000   -7.5000 2768.7488   11.2810
    7.5000   22.5000   -7.5000 2728.2827   11.4528
   -7.5000   30.0000   -7.5000 2628.4014   12.3243
    0.0000   30.0000   -7.5000 2641.8779   12.2814
    7.5000   30.0000   -7.5000 2604.5654   12.4542
   -7.5000   37.5000   -7.5000 2492.5315   13.6038
    0.0000   37.5000   -7.5000 2504.0212   13.5627
    7.5000   37.5000   -7.5000 2472.8748   13.7364
   -7.5000   45.0000   -7.5000 2348.1348   15.1675
    0.0000   45.0000   -7.5000 2358.7593   15.1033
    7.5000   45.0000   -7.5000 2324.7600   15.3128
   -7.5000  -45.0000    0.0000 2459.6550   13.5535
    0.0000  -45.0000    0.0000 2472.6345   13.4474
    7.5000  -45.0000    0.0000 2448.4949   13.7918
   -7.5000  -37.5000    0.0000 2588.8508   12.1120
    0.0000  -37.5000    0.0000 2604.1843   12.0377
    7.5000  -37.5000    0.0000 2578.6982   12.3265
   -7.5000  -30.0000    0.0000 2706.5430   11.0583
    0.0000  -30.0000    0.0000 2724.2339   10.9811
    7.5000  -30.0000    0.0000 2695.4729   11.2757
   -7.5000  -22.5000    0.0000 2807.4321   10.3568
    0.0000  -22.5000    0.0000 2825.2490   10.2749
    7.5000  -22.5000    0.0000 2786.8396   10.5858
   -7.5000  -15.0000    0.0000 2894.5625    9.9210
    0.0000  -15.0000    0.0000 2914.1501    9.8501
    7.5000  -15.0000    0.0000 2865.9839   10.1388
   -7.5000   -7.5000    0.0000 2982.9946    9.6918
    0.0000   -7.5000    0.0000 3007.9570    9.6204
    7.5000   -7.5000    0.0000 2935.0359    9.8831
   -7.5000    0.0000    0.0000 3023.6809    9.6871
    0.0000    0.0000    0.0000 3043.6855    9.5846
    7.5000    0.0000    0.0000 2961.3879    9.8695
   -7.5000    7.5000    0.0000 2969.2004    9.9417
    0.0000    7.5000    0.0000 2991.3850    9.8565
    7.5000    7.5000    0.0000 2921.8499   10.1060
   -7.5000   15.0000    0.0000 2872.7117   10.4056
    0.0000   15.0000    0.0000 2892.0874   10.3317
    7.5000   15.0000    0.0000 2839.0769   10.5492
   -7.5000   22.5000    0.0000 2763.0835   11.1592
    0.0000   22.5000    0.0000 2775.3423   11.0921
    7.5000   22.5000    0.0000 2735.4766   11.2730
   -7.5000   30.0000    0.0000 2636.9014   12.1629
    0.0000   30.0000    0.0000 2643.4585   12.1053
    7.5000   30.0000    0.0000 2606.7993   12.2659
   -7.5000   37.5000    0.0000 2493.7983   13.4228
    0.0000   37.5000    0.0000 2501.8562   13.3772
    7.5000   37.5000    0.0000 2473.2009   13.5410
   -7.5000   45.0000    0.0000 2346.3892   14.9921
    0.0000   45.0000    0.0000 2353.0681   14.9187
    7.5000   45.0000    0.0000 2322.8562   15.1078
   -7.5000  -45.0000    7.5000 2458.9890   13.6467
    0.0000  -45.0000    7.5000 2474.2742   13.5473
    7.5000  -45.0000    7.5000 2443.0022   13.8722
   -7.5000  -37.5000    7.5000 2586.7920   12.1949
    0.0000  -37.5000    7.5000 2601.9675   12.0980
    7.5000  -37.5000    7.5000 2570.1980   12.4034
   -7.5000  -30.0000    7.5000 2707.1482   11.1466
    0.0000  -30.0000    7.5000 2719.8191   11.0275
    7.5000  -30.0000    7.5000 2685.2878   11.3448
   -7.5000  -22.5000    7.5000 2812.5037   10.4341
    0.0000  -22.5000    7.5000 2824.2979   10.3074
    7.5000  -22.5000    7.5000 2784.4224   10.6435
   -7.5000  -15.0000    7.5000 2894.6741   10.0136
    0.0000  -15.0000    7.5000 2904.0449    9.8762
    7.5000  -15.0000    7.5000 2863.0981   10.1954
   -7.5000   -7.5000    7.5000 2966.8157    9.7416
    0.0000   -7.5000    7.5000 2981.3013    9.6153
    7.5000   -7.5000    7.5000 2917.0107    9.9547
   -7.5000    0.0000    7.5000 2992.9917    9.7992
    0.0000    0.0000    7.5000 3004.3071    9.6858
    7.5000    0.0000    7.5000 2931.9436    9.9696
   -7.5000    7.5000    7.5000 2939.7285   10.0858
    0.0000    7.5000    7.5000 2957.7803    9.9813
    7.5000    7.5000    7.5000 2893.7893   10.1904
   -7.5000   15.0000    7.5000 2853.8120   10.5460
    0.0000   15.0000    7.5000 2873.4810   10.4263
    7.5000   15.0000    7.5000 2819.3997   10.6375
   -7.5000   22.5000    7.5000 2746.7405   11.2610
    0.0000   22.5000    7.5000 2757.0864   11.1516
    7.5000   22.5000    7.5000 2718.9805   11.3542
   -7.5000   30.0000    7.5000 2618.8743   12.2236
    0.0000   30.0000    7.5000 2626.9207   12.1244
    7.5000   30.0000    7.5000 2594.9106   12.3024
   -7.5000   37.5000    7.5000 2482.6975   13.4343
    0.0000   37.5000    7.5000 2490.7917   13.3142
    7.5000   37.5000    7.5000 2460.4512   13.5107
   -7.5000   45.0000    7.5000 2334.2705   14.9284
    0.0000   45.0000    7.5000 2339.9927   14.7911
    7.5000   45.0000    7.5000 2310.4646   15.0231
   -7.5000  -45.0000   15.0000 2447.1033   13.9293
    0.0000  -45.0000   15.0000 2460.9421   13.8199
    7.5000  -45.0000   15.0000 2428.5085   14.1506
   -7.5000  -37.5000   15.0000 2573.9180   12.4710
    0.0000  -37.5000   15.0000 2586.5200   12.3707
    7.5000  -37.5000   15.0000 2551.8564   12.6813
   -7.5000  -30.0000   15.0000 2688.4465   11.4212
    0.0000  -30.0000   15.0000 2700.9443   11.3060
    7.5000  -30.0000   15.0000 2662.7676   11.5998
   -7.5000  -22.5000   15.0000 2788.7766   10.7280
    0.0000  -22.5000   15.0000 2797.9431   10.6304
    7.5000  -22.5000   15.0000 2754.2725   10.9264
   -7.5000  -15.0000   15.0000 2868.4146   10.2924
    0.0000  -15.0000   15.0000 2871.4214   10.1916
    7.5000  -15.0000   15.0000 2828.2959   10.4895
   -7.5000   -7.5000   15.0000 2923.3320   10.0475
    0.0000   -7.5000   15.0000 2925.2539    9.9399
    7.5000   -7.5000   15.0000 2870.1562   10.2350
   -7.5000    0.0000   15.0000 2926.0464   10.1042
    0.0000    0.0000   15.0000 2934.2007   10.0079
    7.5000    0.0000   15.0000 2877.5525   10.2440
   -7.5000    7.5000   15.0000 2876.5249   10.3991
    0.0000    7.5000   15.0000 2889.7729   10.3127
    7.5000    7.5000   15.0000 2837.4973   10.4883
   -7.5000   15.0000   15.0000 2799.1926   10.8570
    0.0000   15.0000   15.0000 2809.2251   10.7668
    7.5000   15.0000   15.0000 2767.3320   10.9293
   -7.5000   22.5000   15.0000 2699.8210   11.5461
    0.0000   22.5000   15.0000 2704.9443   11.4827
    7.5000   22.5000   15.0000 2673.3145   11.6347
   -7.5000   30.0000   15.0000 2579.4402   12.4551
    0.0000   30.0000   15.0000 2585.3323   12.3952
    7.5000   30.0000   15.0000 2558.1018   12.5497
   -7.5000   37.5000   15.0000 2454.0117   13.6115
    0.0000   37.5000   15.0000 2458.8174   13.5232
    7.5000   37.5000   15.0000 2429.0581   13.7023
   -7.5000   45.0000   15.0000 2305.1638   15.1050
    0.0000   45.0000   15.0000 2310.4783   14.9626
    7.5000   45.0000   15.0000 2280.8420   15.1691
   -7.5000  -45.0000   22.5000 2420.0835   14.4204
    0.0000  -45.0000   22.5000 2426.7117   14.3335
    7.5000  -45.0000   22.5000 2396.8484   14.6280
   -7.5000  -37.5000   22.5000 2545.7366   12.9581
    0.0000  -37.5000   22.5000 2555.1965   12.8952
    7.5000  -37.5000   22.5000 2519.6182   13.1675
   -7.5000  -30.0000   22.5000 2660.1821   11.9092
    0.0000  -30.0000   22.5000 2671.6843   11.8502
    7.5000  -30.0000   22.5000 2626.0032   12.1068
   -7.5000  -22.5000   22.5000 2752.5425   11.2271
    0.0000  -22.5000   22.5000 2760.5837   11.1651
    7.5000  -22.5000   22.5000 2712.5898   11.4175
   -7.5000  -15.0000   22.5000 2819.8440   10.7733
    0.0000  -15.0000   22.5000 2824.3069   10.6900
    7.5000  -15.0000   22.5000 2777.0569   10.9719
   -7.5000   -7.5000   22.5000 2856.8809   10.5323
    0.0000   -7.5000   22.5000 2859.3311   10.4520
    7.5000   -7.5000   22.5000 2808.9482   10.7014
   -7.5000    0.0000   22.5000 2849.5486   10.5857
    0.0000    0.0000   22.5000 2855.2253   10.5054
    7.5000    0.0000   22.5000 2807.9893   10.7223
   -7.5000    7.5000   22.5000 2803.4263   10.8828
    0.0000    7.5000   22.5000 2810.0374   10.8074
    7.5000    7.5000   22.5000 2763.6562   10.9834
   -7.5000   15.0000   22.5000 2724.3774   11.3414
    0.0000   15.0000   22.5000 2732.9226   11.2747
    7.5000   15.0000   22.5000 2695.8408   11.4417
   -7.5000   22.5000   22.5000 2633.3860   12.0198
    0.0000   22.5000   22.5000 2643.7078   11.9503
    7.5000   22.5000   22.5000 2612.7668   12.1100
   -7.5000   30.0000   22.5000 2526.4045   12.8986
    0.0000   30.0000   22.5000 2535.9807   12.8256
    7.5000   30.0000   22.5000 2502.5862   12.9892
   -7.5000   37.5000   22.5000 2401.8540   14.0582
    0.0000   37.5000   22.5000 2414.3142   13.9545
    7.5000   37.5000   22.5000 2385.0713   14.1417
   -7.5000   45.0000   22.5000 2256.4473   15.5198
    0.0000   45.0000   22.5000 2266.7249   15.4164
    7.5000   45.0000   22.5000 2241.4922   15.6522
   -7.5000  -45.0000   30.0000 2383.2878   15.1675
    0.0000  -45.0000   30.0000 2384.2048   15.0747
    7.5000  -45.0000   30.0000 2353.6831   15.3196
   -7.5000  -37.5000   30.0000 2503.9690   13.6942
    0.0000  -37.5000   30.0000 2509.7986   13.6164
    7.5000  -37.5000   30.0000 2473.6621   13.8496
   -7.5000  -30.0000   30.0000 2612.5737   12.6030
    0.0000  -30.0000   30.0000 2622.2747   12.5581
    7.5000  -30.0000   30.0000 2574.3525   12.7804
   -7.5000  -22.5000   30.0000 2696.0044   11.8995
    0.0000  -22.5000   30.0000 2704.3452   11.8426
    7.5000  -22.5000   30.0000 2653.2124   12.0709
   -7.5000  -15.0000   30.0000 2749.4167   11.4479
    0.0000  -15.0000   30.0000 2751.9294   11.3899
    7.5000  -15.0000   30.0000 2703.9348   11.6267
   -7.5000   -7.5000   30.0000 2773.1980   11.2103
    0.0000   -7.5000   30.0000 2776.3960   11.1653
    7.5000   -7.5000   30.0000 2732.5479   11.3602
   -7.5000    0.0000   30.0000 2761.2070   11.2500
    0.0000    0.0000   30.0000 2765.4119   11.1909
    7.5000    0.0000   30.0000 2722.0042   11.3825
   -7.5000    7.5000   30.0000 2717.3413   11.5247
    0.0000    7.5000   30.0000 2717.7007   11.4732
    7.5000    7.5000   30.0000 2680.7996   11.6410
   -7.5000   15.0000   30.0000 2640.6050   11.9932
    0.0000   15.0000   30.0000 2645.4641   11.9444
    7.5000   15.0000   30.0000 2614.8215   12.1110
   -7.5000   22.5000   30.0000 2557.8684   12.6445
    0.0000   22.5000   30.0000 2566.9585   12.5884
    7.5000   22.5000   30.0000 2534.4341   12.7752
   -7.5000   30.0000   30.0000 2455.4182   13.4919
    0.0000   30.0000   30.0000 2464.2959   13.4376
    7.5000   30.0000   30.0000 2432.8262   13.6280
   -7.5000   37.5000   30.0000 2338.1399   14.6649
    0.0000   37.5000   30.0000 2345.6338   14.5972
    7.5000   37.5000   30.0000 2316.7000   14.8072
   -7.5000   45.0000   30.0000 2198.0056   16.1875
    0.0000   45.0000   30.0000 2207.4697   16.1245
    7.5000   45.0000   30.0000 2182.1016   16.3476
   -7.5000  -45.0000   37.5000 2330.2310   16.1151
    0.0000  -45.0000   37.5000 2328.5574   16.0376
    7.5000  -45.0000   37.5000 2296.5825   16.2451
   -7.5000  -37.5000   37.5000 2450.5176   14.6043
    0.0000  -37.5000   37.5000 2449.0676   14.5440
    7.5000  -37.5000   37.5000 2411.3096   14.7238
   -7.5000  -30.0000   37.5000 2551.0325   13.4589
    0.0000  -30.0000   37.5000 2551.1328   13.4369
    7.5000  -30.0000   37.5000 2505.3982   13.6096
   -7.5000  -22.5000   37.5000 2625.8474   12.7520
    0.0000  -22.5000   37.5000 2625.5256   12.7067
    7.5000  -22.5000   37.5000 2576.8110   12.9025
   -7.5000  -15.0000   37.5000 2663.2061   12.3072
    0.0000  -15.0000   37.5000 2665.3250   12.2712
    7.5000  -15.0000   37.5000 2620.2451   12.4520
   -7.5000   -7.5000   37.5000 2676.8623   12.0580
    0.0000   -7.5000   37.5000 2679.9890   12.0135
    7.5000   -7.5000   37.5000 2642.5493   12.1915
   -7.5000    0.0000   37.5000 2664.1335   12.0871
    0.0000    0.0000   37.5000 2670.5403   12.0371
    7.5000    0.0000   37.5000 2633.6052   12.2016
   -7.5000    7.5000   37.5000 2628.3677   12.3545
    0.0000    7.5000   37.5000 2628.4016   12.3121
    7.5000    7.5000   37.5000 2596.2053   12.4589
   -7.5000   15.0000   37.5000 2558.2947   12.8234
    0.0000   15.0000   37.5000 2562.2749   12.7997
    7.5000   15.0000   37.5000 2530.0593   12.9218
   -7.5000   22.5000   37.5000 2473.2688   13.4317
    0.0000   22.5000   37.5000 2483.2454   13.4074
    7.5000   22.5000   37.5000 2452.4392   13.5623
   -7.5000   30.0000   37.5000 2377.1965   14.2969
    0.0000   30.0000   37.5000 2384.5010   14.2564
    7.5000   30.0000   37.5000 2354.7390   14.4207
   -7.5000   37.5000   37.5000 2263.7415   15.4945
    0.0000   37.5000   37.5000 2266.7603   15.4265
    7.5000   37.5000   37.5000 2239.7932   15.6111
   -7.5000   45.0000   37.5000 2130.5359   17.0718
    0.0000   45.0000   37.5000 2133.1572   17.0061
    7.5000   45.0000   37.5000 2110.1194   17.2259
   -7.5000  -45.0000   45.0000 2262.5044   17.2957
    0.0000  -45.0000   45.0000 2258.1655   17.2125
    7.5000  -45.0000   45.0000 2226.9568   17.4183
   -7.5000  -37.5000   45.0000 2378.4438   15.7305
    0.0000  -37.5000   45.0000 2374.6912   15.6816
    7.5000  -37.5000   45.0000 2333.1077   15.8096
   -7.5000  -30.0000   45.0000 2473.4644   14.5630
    0.0000  -30.0000   45.0000 2467.6750   14.4874
    7.5000  -30.0000   45.0000 2422.0061   14.6691
   -7.5000  -22.5000   45.0000 2535.8538   13.8176
    0.0000  -22.5000   45.0000 2533.8110   13.7447
    7.5000  -22.5000   45.0000 2489.4756   13.9262
   -7.5000  -15.0000   45.0000 2562.1946   13.3327
    0.0000  -15.0000   45.0000 2561.7000   13.2820
    7.5000  -15.0000   45.0000 2522.9802   13.4570
   -7.5000   -7.5000   45.0000 2573.1572   13.0828
    0.0000   -7.5000   45.0000 2573.8374   13.0016
    7.5000   -7.5000   45.0000 2542.6521   13.1983
   -7.5000    0.0000   45.0000 2560.4922   13.0697
    0.0000    0.0000   45.0000 2567.6079   13.0166
    7.5000    0.0000   45.0000 2536.8755   13.1651
   -7.5000    7.5000   45.0000 2526.6343   13.3516
    0.0000    7.5000   45.0000 2529.7463   13.2990
    7.5000    7.5000   45.0000 2502.3857   13.4275
   -7.5000   15.0000   45.0000 2466.3020   13.8022
    0.0000   15.0000   45.0000 2467.7368   13.7478
    7.5000   15.0000   45.0000 2440.7078   13.8780
   -7.5000   22.5000   45.0000 2389.4690   14.4130
    0.0000   22.5000   45.0000 2389.8049   14.3763
    7.5000   22.5000   45.0000 2362.8784   14.5218
   -7.5000   30.0000   45.0000 2296.9561   15.3044
    0.0000   30.0000   45.0000 2292.6929   15.2379
    7.5000   30.0000   45.0000 2264.2571   15.4094
   -7.5000   37.5000   45.0000 2186.7747   16.5147
    0.0000   37.5000   45.0000 2181.1755   16.4495
    7.5000   37.5000   45.0000 2156.2117   16.6189
   -7.5000   45.0000   45.0000 2059.0352   18.1201
    0.0000   45.0000   45.0000 2057.0107   18.0310
    7.5000   45.0000   45.0000 2032.5356   18.2593

---------------------------------------------------------------------
imgreg_4dfp /opt/freesurfer/average/711-2C_as_mni_average_305 /opt/freesurfer/average/711-2B_as_mni_average_305_mask talsrcimg_g11 none talsrcimg_to_711-2C_as_mni_average_305_t4 1283
---------------------------------------------------------------------

freesurfer imgreg_4dfp.c
/opt/freesurfer/average/711-2C_as_mni_average_305.4dfp.img
       256       256       256         1
  1.000000  1.000000  1.000000
orientation T byte_order littleendian
Reading image: /opt/freesurfer/average/711-2C_as_mni_average_305.4dfp.img
dimensions:      256       256       256
mmppix:       1.0000   -1.0000   -1.0000
center:     128.0000 -129.0000 -129.0000
/opt/freesurfer/average/711-2B_as_mni_average_305_mask.4dfp.img
       256       256       256         1
  1.000000  1.000000  1.000000
orientation T byte_order littleendian
Reading mask: /opt/freesurfer/average/711-2B_as_mni_average_305_mask.4dfp.img (2306576 pixels)
talsrcimg_g11.4dfp.img
       256       256       256         1
  1.000000  1.000000  1.000000
orientation T byte_order littleendian
Reading image: talsrcimg_g11.4dfp.img
dimensions:      256       256       256
mmppix:       1.0000   -1.0000   -1.0000
center:     128.0000 -129.0000 -129.0000
rotation matrix determinant  1.000000
fimgreg.f
image alignment mode   1283 decimal      503 hex
parameters
    0.0000    0.0000    0.0000    0.0000    0.0000    0.0000
eta,q 0.95627  9.53536
niter,ni,del,rscale     5    3   12.0000    1.2000
parameter  5 -1.002377 -> -0.500000 qaram    1.1500
parameters
   -2.1969   -1.5219   -0.1841    0.5391    3.4500    1.9060
eta,q 0.96132  9.44646
  0.0505  0.0491  0.0512  0.0504  0.0574  0.0463
  0.0465  0.0450  0.0467  0.0470  0.0522  0.0433
  0.0450  0.0436  0.0441  0.0446  0.0473  0.0408
  0.0465  0.0448  0.0434  0.0433  0.0433  0.0393
  0.0517  0.0479  0.0445  0.0439  0.0405  0.0387
  0.0592  0.0510  0.0478  0.0457  0.0390  0.0392
  0.0677  0.0548  0.0519  0.0482  0.0388  0.0410
niter,ni,del,rscale     5    3   12.0000    1.2000
parameters
   -2.9237   -1.4109   -0.4215    0.4649    5.5408    1.1136
eta,q 0.96235  9.49471
  0.0507  0.0503  0.0464  0.0437  0.0510  0.0418
  0.0430  0.0440  0.0417  0.0407  0.0451  0.0391
  0.0393  0.0404  0.0392  0.0393  0.0408  0.0377
  0.0387  0.0387  0.0386  0.0386  0.0387  0.0379
  0.0412  0.0397  0.0398  0.0392  0.0378  0.0391
  0.0489  0.0438  0.0430  0.0409  0.0386  0.0413
  0.0581  0.0493  0.0474  0.0439  0.0417  0.0441
niter,ni,del,rscale     4    3   12.0000    1.2000
parameters
   -3.6302   -1.5719   -0.6295    0.4347    5.9874    0.7234
eta,q 0.96291  9.49456
  0.0504  0.0476  0.0457  0.0421  0.0467  0.0422
  0.0418  0.0415  0.0404  0.0386  0.0420  0.0393
  0.0378  0.0384  0.0379  0.0375  0.0391  0.0374
  0.0377  0.0373  0.0374  0.0373  0.0373  0.0371
  0.0411  0.0387  0.0387  0.0376  0.0373  0.0381
  0.0481  0.0427  0.0420  0.0391  0.0399  0.0404
  0.0568  0.0484  0.0462  0.0419  0.0452  0.0434
niter,ni,del,rscale     3    3   12.0000    1.2000
parameters
   -3.8159   -1.5721   -0.6925    0.4699    6.1162    0.6301
eta,q 0.96299  9.49476
  0.0532  0.0482  0.0462  0.0421  0.0461  0.0426
  0.0437  0.0416  0.0407  0.0385  0.0416  0.0397
  0.0383  0.0382  0.0378  0.0374  0.0387  0.0375
  0.0371  0.0371  0.0371  0.0371  0.0371  0.0370
  0.0398  0.0383  0.0383  0.0374  0.0374  0.0377
  0.0462  0.0422  0.0417  0.0388  0.0404  0.0399
  0.0542  0.0477  0.0460  0.0417  0.0462  0.0430
niter,ni,del,rscale     2    3   12.0000    1.2000
parameters
   -3.8686   -1.5874   -0.7076    0.4809    6.1535    0.6029
eta,q 0.96300  9.49441
  0.0539  0.0481  0.0464  0.0421  0.0459  0.0427
  0.0443  0.0415  0.0408  0.0385  0.0415  0.0398
  0.0385  0.0381  0.0378  0.0373  0.0386  0.0375
  0.0370  0.0370  0.0370  0.0370  0.0370  0.0370
  0.0394  0.0383  0.0383  0.0373  0.0374  0.0377
  0.0457  0.0422  0.0416  0.0388  0.0406  0.0398
  0.0536  0.0478  0.0459  0.0418  0.0465  0.0428
registration optimization eta report
parameter search radius
    6.0000    6.0000    6.0000    6.0000    6.9000    6.0000
100000*second partial in parameter space
       46.       30.       25.       14.       19.       16.
  0.0539  0.0481  0.0464  0.0421  0.0459  0.0427
  0.0443  0.0415  0.0408  0.0385  0.0415  0.0398
  0.0385  0.0381  0.0378  0.0373  0.0386  0.0375
  0.0370  0.0370  0.0370  0.0370  0.0370  0.0370
  0.0394  0.0383  0.0383  0.0373  0.0374  0.0377
  0.0457  0.0422  0.0416  0.0388  0.0406  0.0398
  0.0536  0.0478  0.0459  0.0418  0.0465  0.0428
   -3.8686   -1.5874   -0.7076    0.4809    6.1535    0.6029
eta,q 0.96300  9.49441

---------------------------------------------------------------------
imgreg_4dfp /opt/freesurfer/average/711-2C_as_mni_average_305 /opt/freesurfer/average/711-2B_as_mni_average_305_mask talsrcimg_g11 none talsrcimg_to_711-2C_as_mni_average_305_t4 3335
---------------------------------------------------------------------

freesurfer imgreg_4dfp.c
/opt/freesurfer/average/711-2C_as_mni_average_305.4dfp.img
       256       256       256         1
  1.000000  1.000000  1.000000
orientation T byte_order littleendian
Reading image: /opt/freesurfer/average/711-2C_as_mni_average_305.4dfp.img
dimensions:      256       256       256
mmppix:       1.0000   -1.0000   -1.0000
center:     128.0000 -129.0000 -129.0000
/opt/freesurfer/average/711-2B_as_mni_average_305_mask.4dfp.img
       256       256       256         1
  1.000000  1.000000  1.000000
orientation T byte_order littleendian
Reading mask: /opt/freesurfer/average/711-2B_as_mni_average_305_mask.4dfp.img (2306576 pixels)
talsrcimg_g11.4dfp.img
       256       256       256         1
  1.000000  1.000000  1.000000
orientation T byte_order littleendian
Reading image: talsrcimg_g11.4dfp.img
dimensions:      256       256       256
mmppix:       1.0000   -1.0000   -1.0000
center:     128.0000 -129.0000 -129.0000
fimgreg.f
image alignment mode   3335 decimal      D07 hex
parameters
   -3.8686   -1.5874   -0.7076   -0.5817   -0.0100   -0.5797
   -1.1422  -10.7094    1.0462   -0.9520   10.7192    0.8345
eta,q 0.96657  9.46881
niter,ni,del,rscale     5    3    5.0000    1.2000
parameter  4  1.696069 ->  0.500000 qaram    1.1500
parameter  5  1.077543 ->  0.500000 qaram    1.1500
parameter  6  0.741781 ->  0.500000 qaram    1.1500
parameters
   -3.9149   -1.2573   -1.0951   -4.7217   -4.1500   -4.7197
   -1.5232   -9.6705    0.3511   -3.6769    8.4399   -2.2005
eta,q 0.97841  8.96171
  0.0367  0.0365  0.0347  0.0259  0.0248  0.0232  0.0257  0.0297  0.0244  0.0235  0.0228  0.0222
  0.0348  0.0349  0.0338  0.0272  0.0251  0.0227  0.0240  0.0264  0.0233  0.0224  0.0221  0.0217
  0.0337  0.0339  0.0333  0.0298  0.0262  0.0233  0.0230  0.0239  0.0227  0.0221  0.0219  0.0216
  0.0334  0.0334  0.0334  0.0333  0.0278  0.0254  0.0228  0.0227  0.0227  0.0226  0.0221  0.0219
  0.0339  0.0335  0.0339  0.0376  0.0301  0.0283  0.0232  0.0229  0.0231  0.0239  0.0227  0.0226
  0.0351  0.0341  0.0347  0.0424  0.0332  0.0319  0.0245  0.0242  0.0239  0.0258  0.0236  0.0236
  0.0369  0.0352  0.0358  0.0472  0.0363  0.0365  0.0263  0.0266  0.0252  0.0283  0.0249  0.0248
niter,ni,del,rscale     7    3    5.0000    1.2000
parameters
   -3.6770   -0.8718   -1.0501   -8.4410   -5.0499   -4.7486
   -0.9770   -9.2226    1.1043   -2.6764    8.6989   -2.2965
eta,q 0.97989  8.84016
  0.0268  0.0254  0.0238  0.0223  0.0234  0.0255  0.0241  0.0270  0.0228  0.0240  0.0221  0.0216
  0.0242  0.0235  0.0225  0.0208  0.0217  0.0235  0.0222  0.0238  0.0215  0.0222  0.0211  0.0209
  0.0224  0.0222  0.0218  0.0204  0.0206  0.0217  0.0209  0.0214  0.0206  0.0209  0.0204  0.0203
  0.0216  0.0215  0.0215  0.0215  0.0203  0.0203  0.0203  0.0203  0.0202  0.0202  0.0201  0.0201
  0.0218  0.0216  0.0217  0.0243  0.0211  0.0202  0.0205  0.0207  0.0203  0.0202  0.0203  0.0203
  0.0230  0.0223  0.0224  0.0285  0.0227  0.0226  0.0215  0.0227  0.0209  0.0210  0.0209  0.0208
  0.0251  0.0235  0.0236  0.0336  0.0253  0.0267  0.0232  0.0257  0.0219  0.0225  0.0218  0.0218
niter,ni,del,rscale     6    3    5.0000    1.2000
parameters
   -3.6848   -0.6178   -1.0615   -8.8366   -5.2327   -4.7692
   -1.0993   -9.2493    1.1225   -2.3145    8.8313   -2.3850
eta,q 0.97987  8.82564
  0.0245  0.0236  0.0222  0.0248  0.0236  0.0255  0.0234  0.0261  0.0221  0.0234  0.0220  0.0216
  0.0221  0.0217  0.0210  0.0227  0.0219  0.0234  0.0216  0.0231  0.0210  0.0217  0.0210  0.0209
  0.0206  0.0206  0.0203  0.0210  0.0207  0.0216  0.0205  0.0210  0.0204  0.0207  0.0204  0.0204
  0.0201  0.0201  0.0201  0.0201  0.0201  0.0202  0.0202  0.0202  0.0202  0.0202  0.0201  0.0201
  0.0206  0.0203  0.0204  0.0206  0.0206  0.0201  0.0206  0.0209  0.0204  0.0203  0.0203  0.0203
  0.0221  0.0210  0.0211  0.0228  0.0219  0.0226  0.0218  0.0232  0.0210  0.0212  0.0209  0.0208
  0.0245  0.0223  0.0222  0.0265  0.0242  0.0266  0.0236  0.0263  0.0221  0.0229  0.0219  0.0218
niter,ni,del,rscale     5    3    5.0000    1.2000
parameters
   -3.6839   -0.5503   -1.0828   -8.8559   -5.3013   -4.8036
   -1.1094   -9.2737    1.0912   -2.2040    8.8739   -2.4251
eta,q 0.97984  8.82251
  0.0245  0.0231  0.0222  0.0251  0.0237  0.0255  0.0234  0.0261  0.0221  0.0231  0.0220  0.0216
  0.0221  0.0214  0.0210  0.0230  0.0220  0.0234  0.0217  0.0231  0.0210  0.0216  0.0210  0.0209
  0.0206  0.0204  0.0203  0.0212  0.0207  0.0216  0.0205  0.0210  0.0204  0.0206  0.0204  0.0204
  0.0201  0.0201  0.0201  0.0201  0.0201  0.0201  0.0202  0.0202  0.0202  0.0202  0.0202  0.0202
  0.0206  0.0205  0.0204  0.0205  0.0206  0.0202  0.0205  0.0209  0.0204  0.0204  0.0204  0.0203
  0.0221  0.0213  0.0211  0.0224  0.0218  0.0226  0.0217  0.0232  0.0210  0.0214  0.0210  0.0208
  0.0245  0.0227  0.0223  0.0258  0.0240  0.0266  0.0234  0.0263  0.0221  0.0231  0.0219  0.0218
niter,ni,del,rscale     4    3    5.0000    1.2000
parameters
   -3.6854   -0.5254   -1.0937   -8.8471   -5.3270   -4.8170
   -1.0988   -9.2825    1.0687   -2.1594    8.8908   -2.4496
eta,q 0.97984  8.82176
  0.0245  0.0230  0.0223  0.0251  0.0237  0.0255  0.0235  0.0262  0.0221  0.0231  0.0220  0.0216
  0.0221  0.0214  0.0211  0.0230  0.0220  0.0234  0.0217  0.0231  0.0210  0.0215  0.0210  0.0209
  0.0206  0.0204  0.0204  0.0212  0.0207  0.0216  0.0205  0.0210  0.0204  0.0206  0.0204  0.0204
  0.0202  0.0202  0.0202  0.0202  0.0202  0.0202  0.0202  0.0202  0.0202  0.0202  0.0202  0.0202
  0.0207  0.0205  0.0204  0.0204  0.0206  0.0202  0.0205  0.0209  0.0204  0.0204  0.0204  0.0203
  0.0221  0.0214  0.0211  0.0223  0.0218  0.0226  0.0217  0.0231  0.0210  0.0214  0.0210  0.0208
  0.0245  0.0227  0.0223  0.0258  0.0240  0.0265  0.0234  0.0262  0.0221  0.0231  0.0219  0.0218
niter,ni,del,rscale     3    3    5.0000    1.2000
parameters
   -3.6854   -0.5138   -1.0960   -8.8392   -5.3334   -4.8233
   -1.0945   -9.2859    1.0617   -2.1395    8.8973   -2.4538
eta,q 0.97984  8.82164
  0.0245  0.0229  0.0223  0.0251  0.0237  0.0255  0.0234  0.0262  0.0221  0.0230  0.0219  0.0216
  0.0221  0.0213  0.0211  0.0230  0.0220  0.0234  0.0217  0.0231  0.0210  0.0215  0.0210  0.0209
  0.0207  0.0204  0.0204  0.0212  0.0207  0.0216  0.0205  0.0210  0.0204  0.0206  0.0204  0.0204
  0.0202  0.0202  0.0202  0.0202  0.0202  0.0202  0.0202  0.0202  0.0202  0.0202  0.0202  0.0202
  0.0207  0.0205  0.0204  0.0205  0.0206  0.0202  0.0205  0.0209  0.0204  0.0204  0.0204  0.0203
  0.0221  0.0214  0.0211  0.0223  0.0218  0.0226  0.0217  0.0231  0.0210  0.0214  0.0210  0.0208
  0.0245  0.0228  0.0223  0.0258  0.0239  0.0265  0.0234  0.0262  0.0221  0.0231  0.0220  0.0217
registration optimization eta report
parameter search radius
    2.4000    2.4000    2.4000    8.2800    8.2800    8.2800
    7.2000    7.2000    7.2000    7.2000    7.2000    7.2000
100000*second partial in parameter space
       75.       47.       37.        8.        5.        8.
        6.       11.        4.        6.        3.        3.
  0.0245  0.0229  0.0223  0.0251  0.0237  0.0255  0.0234  0.0262  0.0221  0.0230  0.0219  0.0216
  0.0221  0.0213  0.0211  0.0230  0.0220  0.0234  0.0217  0.0231  0.0210  0.0215  0.0210  0.0209
  0.0207  0.0204  0.0204  0.0212  0.0207  0.0216  0.0205  0.0210  0.0204  0.0206  0.0204  0.0204
  0.0202  0.0202  0.0202  0.0202  0.0202  0.0202  0.0202  0.0202  0.0202  0.0202  0.0202  0.0202
  0.0207  0.0205  0.0204  0.0205  0.0206  0.0202  0.0205  0.0209  0.0204  0.0204  0.0204  0.0203
  0.0221  0.0214  0.0211  0.0223  0.0218  0.0226  0.0217  0.0231  0.0210  0.0214  0.0210  0.0208
  0.0245  0.0228  0.0223  0.0258  0.0239  0.0265  0.0234  0.0262  0.0221  0.0231  0.0220  0.0217
   -3.6854   -0.5138   -1.0960   -8.8392   -5.3334   -4.8233
   -1.0945   -9.2859    1.0617   -2.1395    8.8973   -2.4538
eta,q 0.97984  8.82164

---------------------------------------------------------------------
imgreg_4dfp /opt/freesurfer/average/711-2C_as_mni_average_305 /opt/freesurfer/average/711-2B_as_mni_average_305_mask talsrcimg_g11 none talsrcimg_to_711-2C_as_mni_average_305_t4 2311
---------------------------------------------------------------------

freesurfer imgreg_4dfp.c
/opt/freesurfer/average/711-2C_as_mni_average_305.4dfp.img
       256       256       256         1
  1.000000  1.000000  1.000000
orientation T byte_order littleendian
Reading image: /opt/freesurfer/average/711-2C_as_mni_average_305.4dfp.img
dimensions:      256       256       256
mmppix:       1.0000   -1.0000   -1.0000
center:     128.0000 -129.0000 -129.0000
/opt/freesurfer/average/711-2B_as_mni_average_305_mask.4dfp.img
       256       256       256         1
  1.000000  1.000000  1.000000
orientation T byte_order littleendian
Reading mask: /opt/freesurfer/average/711-2B_as_mni_average_305_mask.4dfp.img (2306576 pixels)
talsrcimg_g11.4dfp.img
       256       256       256         1
  1.000000  1.000000  1.000000
orientation T byte_order littleendian
Reading image: talsrcimg_g11.4dfp.img
dimensions:      256       256       256
mmppix:       1.0000   -1.0000   -1.0000
center:     128.0000 -129.0000 -129.0000
fimgreg.f
image alignment mode   2311 decimal      907 hex
parameters
   -3.6854   -0.5138   -1.0960   -8.8392   -5.3334   -4.8233
   -1.0945   -9.2859    1.0617   -2.1395    8.8973   -2.4538
eta,q 0.97984  8.82164
niter,ni,del,rscale     5    3    5.0000    0.8000
parameters
   -3.6897   -0.5584   -1.0993   -8.2599   -5.2026   -4.1169
   -1.1150   -9.3340    0.9861   -2.3890    8.6931   -2.7524
eta,q 0.98009  8.85557
  0.0221  0.0213  0.0211  0.0225  0.0216  0.0228  0.0215  0.0229  0.0208  0.0212  0.0207  0.0206
  0.0210  0.0206  0.0206  0.0214  0.0208  0.0217  0.0206  0.0213  0.0203  0.0205  0.0203  0.0202
  0.0204  0.0203  0.0202  0.0206  0.0203  0.0208  0.0201  0.0203  0.0200  0.0201  0.0200  0.0200
  0.0202  0.0202  0.0202  0.0202  0.0201  0.0201  0.0199  0.0199  0.0199  0.0199  0.0199  0.0199
  0.0204  0.0203  0.0203  0.0201  0.0202  0.0199  0.0201  0.0203  0.0200  0.0201  0.0200  0.0200
  0.0211  0.0208  0.0206  0.0206  0.0207  0.0205  0.0206  0.0214  0.0203  0.0207  0.0204  0.0203
  0.0222  0.0214  0.0211  0.0217  0.0214  0.0219  0.0215  0.0230  0.0209  0.0215  0.0209  0.0208
niter,ni,del,rscale     4    3    5.0000    0.7000
parameters
   -3.6931   -0.5732   -0.9905   -8.3231   -5.1687   -3.8371
   -1.0701   -9.3115    1.0266   -2.4080    8.6058   -2.8411
eta,q 0.98014  8.86145
  0.0215  0.0209  0.0208  0.0214  0.0210  0.0220  0.0211  0.0223  0.0206  0.0210  0.0205  0.0204
  0.0206  0.0203  0.0204  0.0207  0.0205  0.0211  0.0204  0.0210  0.0202  0.0204  0.0202  0.0201
  0.0201  0.0200  0.0200  0.0201  0.0201  0.0204  0.0200  0.0201  0.0199  0.0200  0.0199  0.0199
  0.0199  0.0199  0.0199  0.0199  0.0199  0.0199  0.0199  0.0199  0.0199  0.0199  0.0199  0.0199
  0.0201  0.0201  0.0200  0.0201  0.0200  0.0199  0.0200  0.0201  0.0199  0.0200  0.0200  0.0199
  0.0206  0.0204  0.0202  0.0206  0.0204  0.0205  0.0204  0.0209  0.0202  0.0204  0.0202  0.0202
  0.0215  0.0209  0.0206  0.0216  0.0210  0.0218  0.0210  0.0222  0.0206  0.0210  0.0206  0.0205
niter,ni,del,rscale     3    3    5.0000    0.6000
parameters
   -3.6992   -0.5982   -0.9456   -8.3308   -5.1848   -3.6722
   -1.0645   -9.3060    1.0489   -2.4389    8.5488   -2.8809
eta,q 0.98017  8.86435
  0.0210  0.0206  0.0205  0.0210  0.0207  0.0215  0.0207  0.0216  0.0204  0.0207  0.0203  0.0203
  0.0204  0.0201  0.0202  0.0204  0.0203  0.0208  0.0202  0.0206  0.0201  0.0202  0.0201  0.0200
  0.0200  0.0199  0.0199  0.0200  0.0200  0.0202  0.0199  0.0200  0.0199  0.0199  0.0199  0.0199
  0.0199  0.0199  0.0199  0.0199  0.0199  0.0199  0.0198  0.0198  0.0198  0.0198  0.0198  0.0198
  0.0200  0.0200  0.0199  0.0200  0.0200  0.0199  0.0199  0.0200  0.0199  0.0199  0.0199  0.0199
  0.0204  0.0202  0.0201  0.0204  0.0203  0.0204  0.0202  0.0206  0.0201  0.0202  0.0201  0.0200
  0.0210  0.0206  0.0204  0.0211  0.0207  0.0214  0.0207  0.0216  0.0204  0.0207  0.0204  0.0203
niter,ni,del,rscale     2    3    5.0000    0.5000
parameters
   -3.7027   -0.6108   -0.9169   -8.3125   -5.2025   -3.5308
   -1.0657   -9.3077    1.0447   -2.4735    8.5024   -2.9159
eta,q 0.98019  8.86728
  0.0206  0.0203  0.0203  0.0207  0.0204  0.0210  0.0204  0.0211  0.0202  0.0204  0.0202  0.0201
  0.0202  0.0200  0.0200  0.0202  0.0201  0.0205  0.0201  0.0204  0.0200  0.0201  0.0200  0.0200
  0.0199  0.0199  0.0199  0.0199  0.0199  0.0201  0.0199  0.0200  0.0199  0.0199  0.0198  0.0199
  0.0198  0.0198  0.0198  0.0198  0.0198  0.0198  0.0198  0.0198  0.0198  0.0198  0.0198  0.0198
  0.0199  0.0199  0.0199  0.0199  0.0199  0.0199  0.0199  0.0199  0.0199  0.0199  0.0199  0.0199
  0.0202  0.0201  0.0200  0.0202  0.0201  0.0202  0.0201  0.0204  0.0200  0.0201  0.0200  0.0200
  0.0206  0.0203  0.0202  0.0207  0.0205  0.0210  0.0204  0.0211  0.0202  0.0204  0.0202  0.0202
niter,ni,del,rscale     1    3    5.0000    0.4000
parameters
   -3.7034   -0.6217   -0.8922   -8.2990   -5.2172   -3.4007
   -1.0599   -9.3047    1.0471   -2.5034    8.4714   -2.9750
eta,q 0.98020  8.86993
  0.0203  0.0201  0.0201  0.0204  0.0202  0.0206  0.0202  0.0206  0.0200  0.0202  0.0200  0.0200
  0.0200  0.0200  0.0200  0.0201  0.0200  0.0203  0.0200  0.0202  0.0199  0.0200  0.0199  0.0199
  0.0199  0.0198  0.0199  0.0199  0.0199  0.0200  0.0198  0.0199  0.0198  0.0199  0.0198  0.0198
  0.0198  0.0198  0.0198  0.0198  0.0198  0.0198  0.0198  0.0198  0.0198  0.0198  0.0198  0.0198
  0.0199  0.0199  0.0198  0.0199  0.0199  0.0198  0.0198  0.0199  0.0198  0.0198  0.0198  0.0198
  0.0200  0.0200  0.0199  0.0200  0.0200  0.0201  0.0200  0.0202  0.0199  0.0200  0.0199  0.0199
  0.0203  0.0201  0.0201  0.0204  0.0202  0.0206  0.0202  0.0206  0.0200  0.0202  0.0200  0.0200
registration optimization eta report
parameter search radius
    0.8000    0.8000    0.8000    2.4000    2.4000    2.4000
    2.4000    2.4000    2.4000    2.4000    2.4000    2.4000
100000*second partial in parameter space
       80.       51.       45.        9.        7.       14.
        7.       14.        4.        7.        4.        4.
  0.0203  0.0201  0.0201  0.0204  0.0202  0.0206  0.0202  0.0206  0.0200  0.0202  0.0200  0.0200
  0.0200  0.0200  0.0200  0.0201  0.0200  0.0203  0.0200  0.0202  0.0199  0.0200  0.0199  0.0199
  0.0199  0.0198  0.0199  0.0199  0.0199  0.0200  0.0198  0.0199  0.0198  0.0199  0.0198  0.0198
  0.0198  0.0198  0.0198  0.0198  0.0198  0.0198  0.0198  0.0198  0.0198  0.0198  0.0198  0.0198
  0.0199  0.0199  0.0198  0.0199  0.0199  0.0198  0.0198  0.0199  0.0198  0.0198  0.0198  0.0198
  0.0200  0.0200  0.0199  0.0200  0.0200  0.0201  0.0200  0.0202  0.0199  0.0200  0.0199  0.0199
  0.0203  0.0201  0.0201  0.0204  0.0202  0.0206  0.0202  0.0206  0.0200  0.0202  0.0200  0.0200
   -3.7034   -0.6217   -0.8922   -8.2990   -5.2172   -3.4007
   -1.0599   -9.3047    1.0471   -2.5034    8.4714   -2.9750
eta,q 0.98020  8.86993

---------------------------------------------------------------------
imgreg_4dfp /opt/freesurfer/average/711-2C_as_mni_average_305 /opt/freesurfer/average/711-2B_as_mni_average_305_mask talsrcimg_g11 none talsrcimg_to_711-2C_as_mni_average_305_t4 2311
---------------------------------------------------------------------

freesurfer imgreg_4dfp.c
/opt/freesurfer/average/711-2C_as_mni_average_305.4dfp.img
       256       256       256         1
  1.000000  1.000000  1.000000
orientation T byte_order littleendian
Reading image: /opt/freesurfer/average/711-2C_as_mni_average_305.4dfp.img
dimensions:      256       256       256
mmppix:       1.0000   -1.0000   -1.0000
center:     128.0000 -129.0000 -129.0000
/opt/freesurfer/average/711-2B_as_mni_average_305_mask.4dfp.img
       256       256       256         1
  1.000000  1.000000  1.000000
orientation T byte_order littleendian
Reading mask: /opt/freesurfer/average/711-2B_as_mni_average_305_mask.4dfp.img (2306576 pixels)
talsrcimg_g11.4dfp.img
       256       256       256         1
  1.000000  1.000000  1.000000
orientation T byte_order littleendian
Reading image: talsrcimg_g11.4dfp.img
dimensions:      256       256       256
mmppix:       1.0000   -1.0000   -1.0000
center:     128.0000 -129.0000 -129.0000
fimgreg.f
image alignment mode   2311 decimal      907 hex
parameters
   -3.7034   -0.6217   -0.8922   -8.2990   -5.2172   -3.4007
   -1.0599   -9.3047    1.0471   -2.5034    8.4714   -2.9750
eta,q 0.98020  8.86993
niter,ni,del,rscale     5    3    5.0000    0.8000
parameters
   -3.6981   -0.5920   -0.8803   -8.5431   -5.2032   -3.7534
   -1.0595   -9.2686    1.1262   -2.3920    8.5758   -2.8179
eta,q 0.98015  8.85718
  0.0219  0.0212  0.0210  0.0216  0.0213  0.0221  0.0214  0.0230  0.0208  0.0214  0.0208  0.0207
  0.0207  0.0204  0.0203  0.0207  0.0205  0.0211  0.0206  0.0213  0.0203  0.0206  0.0203  0.0203
  0.0200  0.0199  0.0199  0.0200  0.0200  0.0203  0.0200  0.0203  0.0200  0.0201  0.0200  0.0200
  0.0198  0.0198  0.0198  0.0198  0.0198  0.0198  0.0199  0.0199  0.0199  0.0199  0.0199  0.0199
  0.0200  0.0200  0.0199  0.0200  0.0200  0.0201  0.0200  0.0202  0.0200  0.0200  0.0200  0.0199
  0.0207  0.0204  0.0203  0.0208  0.0205  0.0213  0.0206  0.0213  0.0203  0.0205  0.0202  0.0202
  0.0218  0.0210  0.0209  0.0222  0.0213  0.0232  0.0214  0.0229  0.0208  0.0213  0.0207  0.0206
niter,ni,del,rscale     4    3    5.0000    0.7000
parameters
   -3.7015   -0.6075   -0.9316   -8.4178   -5.1953   -3.7711
   -1.0861   -9.2981    1.0855   -2.4347    8.5712   -2.8089
eta,q 0.98015  8.85982
  0.0214  0.0208  0.0206  0.0215  0.0210  0.0218  0.0210  0.0222  0.0206  0.0209  0.0205  0.0205
  0.0205  0.0203  0.0202  0.0207  0.0204  0.0210  0.0204  0.0209  0.0202  0.0204  0.0202  0.0201
  0.0200  0.0199  0.0199  0.0201  0.0200  0.0203  0.0200  0.0201  0.0199  0.0200  0.0199  0.0199
  0.0199  0.0199  0.0199  0.0199  0.0198  0.0198  0.0198  0.0198  0.0198  0.0198  0.0198  0.0199
  0.0200  0.0200  0.0200  0.0199  0.0200  0.0199  0.0200  0.0201  0.0199  0.0200  0.0199  0.0199
  0.0206  0.0203  0.0203  0.0205  0.0204  0.0207  0.0204  0.0210  0.0202  0.0204  0.0202  0.0201
  0.0214  0.0208  0.0208  0.0214  0.0210  0.0221  0.0211  0.0223  0.0206  0.0210  0.0205  0.0205
niter,ni,del,rscale     3    3    5.0000    0.6000
parameters
   -3.7015   -0.6109   -0.9310   -8.3468   -5.1920   -3.6602
   -1.0770   -9.3023    1.0635   -2.4618    8.5358   -2.8547
eta,q 0.98017  8.86398
  0.0210  0.0206  0.0205  0.0210  0.0207  0.0214  0.0207  0.0216  0.0204  0.0207  0.0203  0.0203
  0.0204  0.0202  0.0201  0.0204  0.0203  0.0207  0.0202  0.0206  0.0201  0.0202  0.0201  0.0200
  0.0200  0.0199  0.0199  0.0200  0.0200  0.0202  0.0199  0.0200  0.0199  0.0199  0.0199  0.0199
  0.0198  0.0198  0.0198  0.0198  0.0198  0.0198  0.0198  0.0198  0.0198  0.0198  0.0198  0.0198
  0.0200  0.0199  0.0199  0.0199  0.0200  0.0199  0.0199  0.0200  0.0199  0.0199  0.0199  0.0199
  0.0204  0.0202  0.0201  0.0203  0.0202  0.0204  0.0202  0.0206  0.0201  0.0202  0.0201  0.0200
  0.0210  0.0206  0.0205  0.0210  0.0207  0.0215  0.0207  0.0216  0.0204  0.0207  0.0204  0.0203
niter,ni,del,rscale     2    3    5.0000    0.5000
parameters
   -3.7011   -0.6191   -0.9145   -8.3184   -5.1957   -3.5307
   -1.0661   -9.3028    1.0549   -2.4856    8.4960   -2.9087
eta,q 0.98018  8.86730
  0.0206  0.0203  0.0203  0.0207  0.0204  0.0210  0.0204  0.0211  0.0202  0.0204  0.0202  0.0201
  0.0202  0.0200  0.0200  0.0202  0.0201  0.0205  0.0201  0.0204  0.0200  0.0201  0.0200  0.0200
  0.0199  0.0199  0.0199  0.0199  0.0199  0.0201  0.0199  0.0200  0.0199  0.0199  0.0198  0.0198
  0.0198  0.0198  0.0198  0.0198  0.0198  0.0198  0.0198  0.0198  0.0198  0.0198  0.0198  0.0198
  0.0199  0.0199  0.0199  0.0199  0.0199  0.0198  0.0199  0.0200  0.0199  0.0199  0.0199  0.0199
  0.0202  0.0201  0.0200  0.0202  0.0201  0.0202  0.0201  0.0204  0.0200  0.0201  0.0200  0.0200
  0.0206  0.0203  0.0203  0.0207  0.0204  0.0210  0.0204  0.0211  0.0202  0.0204  0.0202  0.0202
niter,ni,del,rscale     1    3    5.0000    0.4000
parameters
   -3.7052   -0.6279   -0.8910   -8.3010   -5.2061   -3.3999
   -1.0590   -9.3062    1.0691   -2.5105    8.4424   -2.9743
eta,q 0.98020  8.87010
  0.0203  0.0201  0.0201  0.0204  0.0202  0.0206  0.0202  0.0206  0.0200  0.0202  0.0200  0.0200
  0.0200  0.0200  0.0200  0.0201  0.0200  0.0203  0.0200  0.0202  0.0199  0.0200  0.0199  0.0199
  0.0199  0.0198  0.0198  0.0199  0.0199  0.0200  0.0198  0.0199  0.0198  0.0199  0.0198  0.0198
  0.0198  0.0198  0.0198  0.0198  0.0198  0.0198  0.0198  0.0198  0.0198  0.0198  0.0198  0.0198
  0.0199  0.0199  0.0198  0.0199  0.0199  0.0198  0.0198  0.0199  0.0198  0.0198  0.0198  0.0198
  0.0200  0.0200  0.0199  0.0200  0.0200  0.0201  0.0200  0.0202  0.0199  0.0200  0.0199  0.0199
  0.0203  0.0201  0.0201  0.0204  0.0202  0.0206  0.0202  0.0206  0.0200  0.0202  0.0201  0.0200
registration optimization eta report
parameter search radius
    0.8000    0.8000    0.8000    2.4000    2.4000    2.4000
    2.4000    2.4000    2.4000    2.4000    2.4000    2.4000
100000*second partial in parameter space
       80.       51.       45.        9.        7.       14.
        7.       14.        4.        7.        4.        4.
  0.0203  0.0201  0.0201  0.0204  0.0202  0.0206  0.0202  0.0206  0.0200  0.0202  0.0200  0.0200
  0.0200  0.0200  0.0200  0.0201  0.0200  0.0203  0.0200  0.0202  0.0199  0.0200  0.0199  0.0199
  0.0199  0.0198  0.0198  0.0199  0.0199  0.0200  0.0198  0.0199  0.0198  0.0199  0.0198  0.0198
  0.0198  0.0198  0.0198  0.0198  0.0198  0.0198  0.0198  0.0198  0.0198  0.0198  0.0198  0.0198
  0.0199  0.0199  0.0198  0.0199  0.0199  0.0198  0.0198  0.0199  0.0198  0.0198  0.0198  0.0198
  0.0200  0.0200  0.0199  0.0200  0.0200  0.0201  0.0200  0.0202  0.0199  0.0200  0.0199  0.0199
  0.0203  0.0201  0.0201  0.0204  0.0202  0.0206  0.0202  0.0206  0.0200  0.0202  0.0201  0.0200
   -3.7052   -0.6279   -0.8910   -8.3010   -5.2061   -3.3999
   -1.0590   -9.3062    1.0691   -2.5105    8.4424   -2.9743
eta,q 0.98020  8.87010

---------------------------------------------------------------------
compute_vox2vox talsrcimg talsrcimg_to_711-2C_as_mni_average_305_t4 /opt/freesurfer/average/711-2C_as_mni_average_305
---------------------------------------------------------------------

freesurfer compute_vox2vox.c
Reading: talsrcimg.4dfp.ifh
Reading: talsrcimg_to_711-2C_as_mni_average_305_t4
Reading: /opt/freesurfer/average/711-2C_as_mni_average_305.4dfp.ifh
Writing: talsrcimg_to_711-2C_as_mni_average_305_t4_vox2vox.txt

start time Thu Mar 12 23:43:13 CET 2026
end		time Thu Mar 12 23:43:28 CET 2026

mpr2mni305 success

avi2talxfm orig_nu.mgz /opt/freesurfer/average/mni305.cor.mgz talsrcimg_to_711-2C_as_mni_average_305_t4_vox2vox.txt transforms/talairach.auto.xfm
avi2talxfm done
mv -f /out/sourcedata/freesurfer/sub-v2s3x28754_ses-1/mri/talsrcimg_to_711-2C_as_mni_average_305_t4_vox2vox.txt /out/sourcedata/freesurfer/sub-v2s3x28754_ses-1/mri/transforms/talsrcimg_to_711-2C_as_mni_average_305_t4_vox2vox.txt
lta_convert --src orig_nu.mgz --trg /opt/freesurfer/average/mni305.cor.mgz --inxfm transforms/talairach.auto.xfm --outlta transforms/talairach.auto.xfm.lta --subject fsaverage
7.3.2

--src: orig_nu.mgz src image (geometry).
--trg: /opt/freesurfer/average/mni305.cor.mgz trg image (geometry).
--inmni: transforms/talairach.auto.xfm input MNI/XFM transform.
--outlta: transforms/talairach.auto.xfm.lta output LTA.
--s: fsaverage subject name
 LTA read, type : 1
 1.08072   0.10451   0.01535   17.38123;
-0.09490   1.02686   0.03116   9.43459;
-0.01470   0.02602   1.05557  -1.46903;
 0.00000   0.00000   0.00000   1.00000;
setting subject to fsaverage
Writing  LTA to file transforms/talairach.auto.xfm.lta...
lta_convert successful.
 
 
Started at Thu Mar 12 23:43:13 CET 2026
Ended   at Thu Mar 12 23:43:28 CET 2026
talairach_avi done
