status file for recon-all
Fri Mar 13 02:29:35 CET 2026
#@# Tessellate rh Fri Mar 13 02:29:35 CET 2026
#@# Smooth1 rh Fri Mar 13 02:29:38 CET 2026
#@# Inflation1 rh Fri Mar 13 02:29:41 CET 2026
#@# QSphere rh Fri Mar 13 02:29:53 CET 2026
#@# Fix Topology rh Fri Mar 13 02:31:15 CET 2026
#@# Smooth2 rh Fri Mar 13 02:36:11 CET 2026
#@# Inflation2 rh Fri Mar 13 02:36:14 CET 2026
#@# Curv .H and .K rh Fri Mar 13 02:36:28 CET 2026
#@# Sphere rh Fri Mar 13 02:37:08 CET 2026
#@# Surf Reg rh Fri Mar 13 02:39:18 CET 2026
#@# Jacobian white rh Fri Mar 13 02:42:56 CET 2026
#@# AvgCurv rh Fri Mar 13 02:42:57 CET 2026
#@# Cortical Parc rh Fri Mar 13 02:42:58 CET 2026
#@# white curv rh Fri Mar 13 02:48:33 CET 2026
#@# white area rh Fri Mar 13 02:48:34 CET 2026
#@# pial curv rh Fri Mar 13 02:48:35 CET 2026
#@# pial area rh Fri Mar 13 02:48:37 CET 2026
#@# thickness rh Fri Mar 13 02:48:37 CET 2026
#@# area and vertex vol rh Fri Mar 13 02:49:02 CET 2026
#@# Curvature Stats rh Fri Mar 13 02:49:04 CET 2026
#@# Cortical Parc 2 rh Fri Mar 13 02:49:06 CET 2026
#@# Cortical Parc 3 rh Fri Mar 13 02:49:18 CET 2026
#@# WM/GM Contrast rh Fri Mar 13 02:49:28 CET 2026
recon-all -s sub-v2s3x28797_ses-1 finished without error at Fri Mar 13 02:49:31 CET 2026



#New# invocation of recon-all 



status file for recon-all
Fri Mar 13 02:56:21 CET 2026
#@# white curv rh Fri Mar 13 02:56:21 CET 2026
#@# white area rh Fri Mar 13 02:56:21 CET 2026
#@# pial curv rh Fri Mar 13 02:56:21 CET 2026
#@# pial area rh Fri Mar 13 02:56:21 CET 2026
#@# thickness rh Fri Mar 13 02:56:21 CET 2026
#@# area and vertex vol rh Fri Mar 13 02:56:21 CET 2026
#@# Parcellation Stats rh Fri Mar 13 02:56:21 CET 2026
#@# Parcellation Stats 2 rh Fri Mar 13 02:56:36 CET 2026
#@# Parcellation Stats 3 rh Fri Mar 13 02:56:44 CET 2026
#@# BA_exvivo Labels rh Fri Mar 13 02:56:52 CET 2026
recon-all -s sub-v2s3x28797_ses-1 finished without error at Fri Mar 13 02:59:29 CET 2026
