status file for recon-all
Fri Mar 13 00:26:23 CET 2026
#@# MotionCor Fri Mar 13 00:26:25 CET 2026
#@# Talairach Fri Mar 13 00:26:32 CET 2026
#@# Talairach Failure Detection Fri Mar 13 00:31:09 CET 2026
#@# Nu Intensity Correction Fri Mar 13 00:31:09 CET 2026
#@# Intensity Normalization Fri Mar 13 00:34:25 CET 2026
recon-all -s sub-v2s3x28797_ses-1 finished without error at Fri Mar 13 00:36:34 CET 2026



#New# invocation of recon-all 



status file for recon-all
Fri Mar 13 00:44:11 CET 2026
#@# EM Registration Fri Mar 13 00:44:11 CET 2026
recon-all -s sub-v2s3x28797_ses-1 finished without error at Fri Mar 13 00:46:06 CET 2026



#New# invocation of recon-all 



status file for recon-all
Fri Mar 13 00:46:10 CET 2026
#@# CA Normalize Fri Mar 13 00:46:10 CET 2026
#@# CA Reg Fri Mar 13 00:47:31 CET 2026
#@# SubCort Seg Fri Mar 13 01:36:01 CET 2026
#@# CC Seg Fri Mar 13 02:04:44 CET 2026
#@# Merge ASeg Fri Mar 13 02:05:25 CET 2026
#@# Intensity Normalization2 Fri Mar 13 02:05:25 CET 2026
#@# Mask BFS Fri Mar 13 02:07:41 CET 2026
#@# WM Segmentation Fri Mar 13 02:07:42 CET 2026
#@# Fill Fri Mar 13 02:09:31 CET 2026
recon-all -s sub-v2s3x28797_ses-1 finished without error at Fri Mar 13 02:10:38 CET 2026



#New# invocation of recon-all 



status file for recon-all
Fri Mar 13 02:49:35 CET 2026
#@# white curv lh Fri Mar 13 02:49:35 CET 2026
#@# white area lh Fri Mar 13 02:49:35 CET 2026
#@# pial curv lh Fri Mar 13 02:49:35 CET 2026
#@# pial area lh Fri Mar 13 02:49:35 CET 2026
#@# thickness lh Fri Mar 13 02:49:35 CET 2026
#@# area and vertex vol lh Fri Mar 13 02:49:35 CET 2026
#@# white curv rh Fri Mar 13 02:49:35 CET 2026
#@# white area rh Fri Mar 13 02:49:35 CET 2026
#@# pial curv rh Fri Mar 13 02:49:35 CET 2026
#@# pial area rh Fri Mar 13 02:49:35 CET 2026
#@# thickness rh Fri Mar 13 02:49:35 CET 2026
#@# area and vertex vol rh Fri Mar 13 02:49:35 CET 2026
#@# Cortical ribbon mask Fri Mar 13 02:49:35 CET 2026
recon-all -s sub-v2s3x28797_ses-1 finished without error at Fri Mar 13 02:53:09 CET 2026



#New# invocation of recon-all 



status file for recon-all
Fri Mar 13 02:59:33 CET 2026
#@# white curv lh Fri Mar 13 02:59:33 CET 2026
#@# white area lh Fri Mar 13 02:59:33 CET 2026
#@# pial curv lh Fri Mar 13 02:59:33 CET 2026
#@# pial area lh Fri Mar 13 02:59:33 CET 2026
#@# thickness lh Fri Mar 13 02:59:33 CET 2026
#@# area and vertex vol lh Fri Mar 13 02:59:33 CET 2026
#@# white curv rh Fri Mar 13 02:59:33 CET 2026
#@# white area rh Fri Mar 13 02:59:33 CET 2026
#@# pial curv rh Fri Mar 13 02:59:33 CET 2026
#@# pial area rh Fri Mar 13 02:59:33 CET 2026
#@# thickness rh Fri Mar 13 02:59:33 CET 2026
#@# area and vertex vol rh Fri Mar 13 02:59:33 CET 2026
#@# Curvature Stats lh Fri Mar 13 02:59:33 CET 2026
#@# Curvature Stats rh Fri Mar 13 02:59:36 CET 2026
#@# Relabel Hypointensities Fri Mar 13 02:59:38 CET 2026
#@# APas-to-ASeg Fri Mar 13 02:59:53 CET 2026
#@# AParc-to-ASeg aparc Fri Mar 13 03:00:01 CET 2026
#@# AParc-to-ASeg aparc.a2009s Fri Mar 13 03:00:27 CET 2026
#@# AParc-to-ASeg aparc.DKTatlas Fri Mar 13 03:00:53 CET 2026
#@# WMParc Fri Mar 13 03:01:21 CET 2026
#@# ASeg Stats Fri Mar 13 03:05:54 CET 2026
recon-all -s sub-v2s3x28797_ses-1 finished without error at Fri Mar 13 03:06:41 CET 2026
