status file for recon-all
Fri Mar 13 03:53:58 CET 2026
#@# Tessellate rh Fri Mar 13 03:53:58 CET 2026
#@# Smooth1 rh Fri Mar 13 03:54:00 CET 2026
#@# Inflation1 rh Fri Mar 13 03:54:02 CET 2026
#@# QSphere rh Fri Mar 13 03:54:10 CET 2026
#@# Fix Topology rh Fri Mar 13 03:55:00 CET 2026
#@# Smooth2 rh Fri Mar 13 03:58:48 CET 2026
#@# Inflation2 rh Fri Mar 13 03:58:50 CET 2026
#@# Curv .H and .K rh Fri Mar 13 03:59:00 CET 2026
#@# Sphere rh Fri Mar 13 03:59:41 CET 2026
#@# Surf Reg rh Fri Mar 13 04:01:15 CET 2026
#@# Jacobian white rh Fri Mar 13 04:04:07 CET 2026
#@# AvgCurv rh Fri Mar 13 04:04:08 CET 2026
#@# Cortical Parc rh Fri Mar 13 04:04:08 CET 2026
#@# white curv rh Fri Mar 13 04:09:54 CET 2026
#@# white area rh Fri Mar 13 04:09:55 CET 2026
#@# pial curv rh Fri Mar 13 04:09:56 CET 2026
#@# pial area rh Fri Mar 13 04:09:57 CET 2026
#@# thickness rh Fri Mar 13 04:09:58 CET 2026
#@# area and vertex vol rh Fri Mar 13 04:10:19 CET 2026
#@# Curvature Stats rh Fri Mar 13 04:10:20 CET 2026
#@# Cortical Parc 2 rh Fri Mar 13 04:10:21 CET 2026
#@# Cortical Parc 3 rh Fri Mar 13 04:10:32 CET 2026
#@# WM/GM Contrast rh Fri Mar 13 04:10:40 CET 2026
recon-all -s sub-v2s3x28822_ses-1 finished without error at Fri Mar 13 04:10:42 CET 2026



#New# invocation of recon-all 



status file for recon-all
Fri Mar 13 04:18:07 CET 2026
#@# white curv rh Fri Mar 13 04:18:07 CET 2026
#@# white area rh Fri Mar 13 04:18:07 CET 2026
#@# pial curv rh Fri Mar 13 04:18:07 CET 2026
#@# pial area rh Fri Mar 13 04:18:07 CET 2026
#@# thickness rh Fri Mar 13 04:18:07 CET 2026
#@# area and vertex vol rh Fri Mar 13 04:18:07 CET 2026
#@# Parcellation Stats rh Fri Mar 13 04:18:07 CET 2026
#@# Parcellation Stats 2 rh Fri Mar 13 04:18:24 CET 2026
#@# Parcellation Stats 3 rh Fri Mar 13 04:18:33 CET 2026
#@# BA_exvivo Labels rh Fri Mar 13 04:18:41 CET 2026
recon-all -s sub-v2s3x28822_ses-1 finished without error at Fri Mar 13 04:20:40 CET 2026
