status file for recon-all
Fri Mar 13 02:20:44 CET 2026
#@# MotionCor Fri Mar 13 02:20:46 CET 2026
#@# Talairach Fri Mar 13 02:20:51 CET 2026
#@# Talairach Failure Detection Fri Mar 13 02:23:41 CET 2026
#@# Nu Intensity Correction Fri Mar 13 02:23:41 CET 2026
#@# Intensity Normalization Fri Mar 13 02:26:26 CET 2026
recon-all -s sub-v2s3x28822_ses-1 finished without error at Fri Mar 13 02:27:41 CET 2026



#New# invocation of recon-all 



status file for recon-all
Fri Mar 13 02:33:57 CET 2026
#@# EM Registration Fri Mar 13 02:33:57 CET 2026
recon-all -s sub-v2s3x28822_ses-1 finished without error at Fri Mar 13 02:35:34 CET 2026



#New# invocation of recon-all 



status file for recon-all
Fri Mar 13 02:35:36 CET 2026
#@# CA Normalize Fri Mar 13 02:35:36 CET 2026
#@# CA Reg Fri Mar 13 02:36:31 CET 2026
#@# SubCort Seg Fri Mar 13 03:11:14 CET 2026
#@# CC Seg Fri Mar 13 03:31:32 CET 2026
#@# Merge ASeg Fri Mar 13 03:31:53 CET 2026
#@# Intensity Normalization2 Fri Mar 13 03:31:53 CET 2026
#@# Mask BFS Fri Mar 13 03:33:26 CET 2026
#@# WM Segmentation Fri Mar 13 03:33:27 CET 2026
#@# Fill Fri Mar 13 03:34:57 CET 2026
recon-all -s sub-v2s3x28822_ses-1 finished without error at Fri Mar 13 03:35:34 CET 2026



#New# invocation of recon-all 



status file for recon-all
Fri Mar 13 04:10:46 CET 2026
#@# white curv lh Fri Mar 13 04:10:46 CET 2026
#@# white area lh Fri Mar 13 04:10:46 CET 2026
#@# pial curv lh Fri Mar 13 04:10:46 CET 2026
#@# pial area lh Fri Mar 13 04:10:46 CET 2026
#@# thickness lh Fri Mar 13 04:10:46 CET 2026
#@# area and vertex vol lh Fri Mar 13 04:10:46 CET 2026
#@# white curv rh Fri Mar 13 04:10:46 CET 2026
#@# white area rh Fri Mar 13 04:10:46 CET 2026
#@# pial curv rh Fri Mar 13 04:10:46 CET 2026
#@# pial area rh Fri Mar 13 04:10:46 CET 2026
#@# thickness rh Fri Mar 13 04:10:46 CET 2026
#@# area and vertex vol rh Fri Mar 13 04:10:46 CET 2026
#@# Cortical ribbon mask Fri Mar 13 04:10:46 CET 2026
recon-all -s sub-v2s3x28822_ses-1 finished without error at Fri Mar 13 04:15:29 CET 2026



#New# invocation of recon-all 



status file for recon-all
Fri Mar 13 04:20:44 CET 2026
#@# white curv lh Fri Mar 13 04:20:44 CET 2026
#@# white area lh Fri Mar 13 04:20:44 CET 2026
#@# pial curv lh Fri Mar 13 04:20:44 CET 2026
#@# pial area lh Fri Mar 13 04:20:44 CET 2026
#@# thickness lh Fri Mar 13 04:20:44 CET 2026
#@# area and vertex vol lh Fri Mar 13 04:20:44 CET 2026
#@# white curv rh Fri Mar 13 04:20:44 CET 2026
#@# white area rh Fri Mar 13 04:20:44 CET 2026
#@# pial curv rh Fri Mar 13 04:20:44 CET 2026
#@# pial area rh Fri Mar 13 04:20:44 CET 2026
#@# thickness rh Fri Mar 13 04:20:44 CET 2026
#@# area and vertex vol rh Fri Mar 13 04:20:44 CET 2026
#@# Curvature Stats lh Fri Mar 13 04:20:44 CET 2026
#@# Curvature Stats rh Fri Mar 13 04:20:46 CET 2026
#@# Relabel Hypointensities Fri Mar 13 04:20:47 CET 2026
#@# APas-to-ASeg Fri Mar 13 04:20:59 CET 2026
#@# AParc-to-ASeg aparc Fri Mar 13 04:21:04 CET 2026
#@# AParc-to-ASeg aparc.a2009s Fri Mar 13 04:21:36 CET 2026
#@# AParc-to-ASeg aparc.DKTatlas Fri Mar 13 04:22:06 CET 2026
#@# WMParc Fri Mar 13 04:22:34 CET 2026
#@# ASeg Stats Fri Mar 13 04:24:26 CET 2026
recon-all -s sub-v2s3x28822_ses-1 finished without error at Fri Mar 13 04:24:43 CET 2026
