status file for recon-all
Fri Mar 13 03:09:54 CET 2026
#@# Tessellate rh Fri Mar 13 03:09:54 CET 2026
#@# Smooth1 rh Fri Mar 13 03:09:58 CET 2026
#@# Inflation1 rh Fri Mar 13 03:10:00 CET 2026
#@# QSphere rh Fri Mar 13 03:10:10 CET 2026
#@# Fix Topology rh Fri Mar 13 03:11:07 CET 2026
#@# Smooth2 rh Fri Mar 13 03:17:12 CET 2026
#@# Inflation2 rh Fri Mar 13 03:17:15 CET 2026
#@# Curv .H and .K rh Fri Mar 13 03:17:26 CET 2026
#@# Sphere rh Fri Mar 13 03:18:00 CET 2026
#@# Surf Reg rh Fri Mar 13 03:21:45 CET 2026
#@# Jacobian white rh Fri Mar 13 03:25:38 CET 2026
#@# AvgCurv rh Fri Mar 13 03:25:39 CET 2026
#@# Cortical Parc rh Fri Mar 13 03:25:40 CET 2026
#@# white curv rh Fri Mar 13 03:30:41 CET 2026
#@# white area rh Fri Mar 13 03:30:42 CET 2026
#@# pial curv rh Fri Mar 13 03:30:43 CET 2026
#@# pial area rh Fri Mar 13 03:30:44 CET 2026
#@# thickness rh Fri Mar 13 03:30:45 CET 2026
#@# area and vertex vol rh Fri Mar 13 03:31:06 CET 2026
#@# Curvature Stats rh Fri Mar 13 03:31:08 CET 2026
#@# Cortical Parc 2 rh Fri Mar 13 03:31:10 CET 2026
#@# Cortical Parc 3 rh Fri Mar 13 03:31:20 CET 2026
#@# WM/GM Contrast rh Fri Mar 13 03:31:29 CET 2026
recon-all -s sub-v2s3x28807_ses-1 finished without error at Fri Mar 13 03:31:31 CET 2026



#New# invocation of recon-all 



status file for recon-all
Fri Mar 13 03:37:59 CET 2026
#@# white curv rh Fri Mar 13 03:37:59 CET 2026
#@# white area rh Fri Mar 13 03:37:59 CET 2026
#@# pial curv rh Fri Mar 13 03:37:59 CET 2026
#@# pial area rh Fri Mar 13 03:37:59 CET 2026
#@# thickness rh Fri Mar 13 03:37:59 CET 2026
#@# area and vertex vol rh Fri Mar 13 03:37:59 CET 2026
#@# Parcellation Stats rh Fri Mar 13 03:37:59 CET 2026
#@# Parcellation Stats 2 rh Fri Mar 13 03:38:10 CET 2026
#@# Parcellation Stats 3 rh Fri Mar 13 03:38:18 CET 2026
#@# BA_exvivo Labels rh Fri Mar 13 03:38:25 CET 2026
recon-all -s sub-v2s3x28807_ses-1 finished without error at Fri Mar 13 03:40:41 CET 2026
