status file for recon-all
Thu Mar 12 23:17:12 CET 2026
#@# MotionCor Thu Mar 12 23:17:14 CET 2026
#@# Talairach Thu Mar 12 23:17:21 CET 2026
#@# Talairach Failure Detection Thu Mar 12 23:21:47 CET 2026
#@# Nu Intensity Correction Thu Mar 12 23:21:47 CET 2026
#@# Intensity Normalization Thu Mar 12 23:25:05 CET 2026
recon-all -s sub-v2s3x28744_ses-1 finished without error at Thu Mar 12 23:26:33 CET 2026



#New# invocation of recon-all 



status file for recon-all
Thu Mar 12 23:34:32 CET 2026
#@# EM Registration Thu Mar 12 23:34:32 CET 2026
recon-all -s sub-v2s3x28744_ses-1 finished without error at Thu Mar 12 23:36:12 CET 2026



#New# invocation of recon-all 



status file for recon-all
Thu Mar 12 23:36:15 CET 2026
#@# CA Normalize Thu Mar 12 23:36:15 CET 2026
#@# CA Reg Thu Mar 12 23:37:35 CET 2026
#@# SubCort Seg Fri Mar 13 00:24:37 CET 2026
#@# CC Seg Fri Mar 13 00:53:08 CET 2026
#@# Merge ASeg Fri Mar 13 00:53:59 CET 2026
#@# Intensity Normalization2 Fri Mar 13 00:53:59 CET 2026
#@# Mask BFS Fri Mar 13 00:56:17 CET 2026
#@# WM Segmentation Fri Mar 13 00:56:17 CET 2026
#@# Fill Fri Mar 13 00:58:15 CET 2026
recon-all -s sub-v2s3x28744_ses-1 finished without error at Fri Mar 13 00:59:15 CET 2026



#New# invocation of recon-all 



status file for recon-all
Fri Mar 13 01:46:24 CET 2026
#@# white curv lh Fri Mar 13 01:46:24 CET 2026
#@# white area lh Fri Mar 13 01:46:24 CET 2026
#@# pial curv lh Fri Mar 13 01:46:24 CET 2026
#@# pial area lh Fri Mar 13 01:46:24 CET 2026
#@# thickness lh Fri Mar 13 01:46:24 CET 2026
#@# area and vertex vol lh Fri Mar 13 01:46:24 CET 2026
#@# white curv rh Fri Mar 13 01:46:24 CET 2026
#@# white area rh Fri Mar 13 01:46:24 CET 2026
#@# pial curv rh Fri Mar 13 01:46:24 CET 2026
#@# pial area rh Fri Mar 13 01:46:24 CET 2026
#@# thickness rh Fri Mar 13 01:46:24 CET 2026
#@# area and vertex vol rh Fri Mar 13 01:46:24 CET 2026
#@# Cortical ribbon mask Fri Mar 13 01:46:24 CET 2026
recon-all -s sub-v2s3x28744_ses-1 finished without error at Fri Mar 13 01:52:05 CET 2026



#New# invocation of recon-all 



status file for recon-all
Fri Mar 13 01:59:16 CET 2026
#@# white curv lh Fri Mar 13 01:59:16 CET 2026
#@# white area lh Fri Mar 13 01:59:16 CET 2026
#@# pial curv lh Fri Mar 13 01:59:16 CET 2026
#@# pial area lh Fri Mar 13 01:59:16 CET 2026
#@# thickness lh Fri Mar 13 01:59:16 CET 2026
#@# area and vertex vol lh Fri Mar 13 01:59:16 CET 2026
#@# white curv rh Fri Mar 13 01:59:16 CET 2026
#@# white area rh Fri Mar 13 01:59:16 CET 2026
#@# pial curv rh Fri Mar 13 01:59:16 CET 2026
#@# pial area rh Fri Mar 13 01:59:16 CET 2026
#@# thickness rh Fri Mar 13 01:59:16 CET 2026
#@# area and vertex vol rh Fri Mar 13 01:59:16 CET 2026
#@# Curvature Stats lh Fri Mar 13 01:59:16 CET 2026
#@# Curvature Stats rh Fri Mar 13 01:59:19 CET 2026
#@# Relabel Hypointensities Fri Mar 13 01:59:22 CET 2026
#@# APas-to-ASeg Fri Mar 13 01:59:37 CET 2026
#@# AParc-to-ASeg aparc Fri Mar 13 01:59:45 CET 2026
#@# AParc-to-ASeg aparc.a2009s Fri Mar 13 02:00:43 CET 2026
#@# AParc-to-ASeg aparc.DKTatlas Fri Mar 13 02:01:32 CET 2026
#@# WMParc Fri Mar 13 02:02:28 CET 2026
#@# ASeg Stats Fri Mar 13 02:06:21 CET 2026
recon-all -s sub-v2s3x28744_ses-1 finished without error at Fri Mar 13 02:07:03 CET 2026
