/out/sourcedata/freesurfer/sub-v2s3x28820_ses-1/mri
/opt/freesurfer/bin/talairach_avi
--i orig_nu.mgz --xfm transforms/talairach.auto.xfm
talairach_avi 7.3.2
Linux dna082 5.14.0-427.37.1.el9_4.x86_64 #1 SMP PREEMPT_DYNAMIC Fri Sep 13 12:41:50 EDT 2024 x86_64 x86_64 x86_64 GNU/Linux
Fri Mar 13 02:20:05 CET 2026
mri_convert orig_nu.mgz talsrcimg.img 
reading from orig_nu.mgz...
TR=0.00, TE=0.00, TI=0.00, flip angle=0.00
i_ras = (-1, 0, 0)
j_ras = (0, 0, -1)
k_ras = (0, 1, 0)
writing to talsrcimg.img...
Analyze Output Matrix
-1.00000   0.00000   0.00000   145.87970;
 0.00000   0.00000   1.00000  -107.72758;
 0.00000  -1.00000   0.00000   130.17508;
 0.00000   0.00000   0.00000   1.00000;
--------------------
INFO: set hdr.hist.orient to -1
mpr2mni305 talsrcimg
Fri Mar 13 02:20:05 CET 2026
/opt/freesurfer/bin/mpr2mni305 talsrcimg
mpr2mni305 7.3.2
target=711-2C_as_mni_average_305

---------------------------------------------------------------------
analyzeto4dfp talsrcimg -O0 -y
---------------------------------------------------------------------

freesurfer ifh2hdr.c
Fri Mar 13 02:20:05 2026
Writing: talsrcimg.4dfp.hdr
freesurfer analyzeto4dfp.c
Reading: talsrcimg.hdr
header size 348 bytes
hdr.dime.datatype	offset=70	value=2
hdr.dime.bitpix		offset=72	value=8
hdr.hist.orient		offset=252	value=-1
dimensionality     4
dimensions       256       256       256         1
Reading: talsrcimg.img
Writing: talsrcimg.4dfp.img
Writing: talsrcimg.4dfp.ifh
ifh2hdr talsrcimg -r0to239
ori=2

---------------------------------------------------------------------
gauss_4dfp talsrcimg 1.1
---------------------------------------------------------------------

freesurfer gauss_4dfp.c
Reading: talsrcimg.4dfp.img
Writing: talsrcimg_g11.4dfp.img
image dimensions 256 256 256 padded to 288 288 288
processing volume 1freesurfer ifh2hdr.c
Fri Mar 13 02:20:07 2026
Writing: talsrcimg_g11.4dfp.hdr

Writing: talsrcimg_g11.4dfp.ifh
including: talsrcimg.4dfp.img.rec in talsrcimg_g11.4dfp.img.rec

---------------------------------------------------------------------
imgreg_4dfp /opt/freesurfer/average/711-2C_as_mni_average_305 none talsrcimg_g11 none talsrcimg_to_711-2C_as_mni_average_305_t4 4355
---------------------------------------------------------------------

freesurfer imgreg_4dfp.c
/opt/freesurfer/average/711-2C_as_mni_average_305.4dfp.img
       256       256       256         1
  1.000000  1.000000  1.000000
orientation T byte_order littleendian
Reading image: /opt/freesurfer/average/711-2C_as_mni_average_305.4dfp.img
dimensions:      256       256       256
mmppix:       1.0000   -1.0000   -1.0000
center:     128.0000 -129.0000 -129.0000
talsrcimg_g11.4dfp.img
       256       256       256         1
  1.000000  1.000000  1.000000
orientation T byte_order littleendian
Reading image: talsrcimg_g11.4dfp.img
dimensions:      256       256       256
mmppix:       1.0000   -1.0000   -1.0000
center:     128.0000 -129.0000 -129.0000
t4_read: open error in t4_sub.f l:  41 t4_file(1:l)talsrcimg_to_711-2C_as_mni_average_305_t4 
t4_read: transform initialized to I4
rotation matrix determinant  1.000000
image alignment mode   4355 decimal     1103 hex
   -7.5000  -45.0000  -45.0000 4651.1992   15.8115
    0.0000  -45.0000  -45.0000 4848.0200   15.8161
    7.5000  -45.0000  -45.0000 4610.2314   15.8233
   -7.5000  -37.5000  -45.0000 5238.7217   15.2546
    0.0000  -37.5000  -45.0000 5448.4429   15.2664
    7.5000  -37.5000  -45.0000 5196.4712   15.2657
   -7.5000  -30.0000  -45.0000 6084.6743   14.8861
    0.0000  -30.0000  -45.0000 6332.6309   14.9003
    7.5000  -30.0000  -45.0000 6056.4492   14.8950
   -7.5000  -22.5000  -45.0000 6999.1064   14.6586
    0.0000  -22.5000  -45.0000 7275.9565   14.6719
    7.5000  -22.5000  -45.0000 6984.8052   14.6705
   -7.5000  -15.0000  -45.0000 7914.5425   14.5721
    0.0000  -15.0000  -45.0000 8234.3350   14.5811
    7.5000  -15.0000  -45.0000 7894.4360   14.5861
   -7.5000   -7.5000  -45.0000 8849.8477   14.5335
    0.0000   -7.5000  -45.0000 9216.6982   14.5389
    7.5000   -7.5000  -45.0000 8818.6592   14.5468
   -7.5000    0.0000  -45.0000 9773.6973   14.5345
    0.0000    0.0000  -45.000010190.9219   14.5401
    7.5000    0.0000  -45.0000 9735.8457   14.5456
   -7.5000    7.5000  -45.0000 9924.9785   14.5353
    0.0000    7.5000  -45.000010368.0781   14.5464
    7.5000    7.5000  -45.0000 9886.1182   14.5446
   -7.5000   15.0000  -45.0000 9941.5078   14.5204
    0.0000   15.0000  -45.000010364.4541   14.5360
    7.5000   15.0000  -45.0000 9883.0625   14.5304
   -7.5000   22.5000  -45.0000 9877.1660   14.5015
    0.0000   22.5000  -45.000010303.7383   14.5155
    7.5000   22.5000  -45.0000 9814.3115   14.5140
   -7.5000   30.0000  -45.0000 9725.6426   14.3122
    0.0000   30.0000  -45.000010143.7969   14.3214
    7.5000   30.0000  -45.0000 9663.4141   14.3260
   -7.5000   37.5000  -45.0000 9833.5244   14.3252
    0.0000   37.5000  -45.000010259.2734   14.3306
    7.5000   37.5000  -45.0000 9758.6816   14.3384
   -7.5000   45.0000  -45.0000 9537.7969   13.9766
    0.0000   45.0000  -45.0000 9956.2871   13.9820
    7.5000   45.0000  -45.0000 9463.0967   13.9873
   -7.5000  -45.0000  -37.5000 5020.3394   15.7105
    0.0000  -45.0000  -37.5000 5222.4253   15.7161
    7.5000  -45.0000  -37.5000 4980.6035   15.7324
   -7.5000  -37.5000  -37.5000 5634.9282   15.1558
    0.0000  -37.5000  -37.5000 5855.0015   15.1663
    7.5000  -37.5000  -37.5000 5610.4214   15.1736
   -7.5000  -30.0000  -37.5000 6524.0708   14.7874
    0.0000  -30.0000  -37.5000 6787.9727   14.7999
    7.5000  -30.0000  -37.5000 6525.5049   14.8041
   -7.5000  -22.5000  -37.5000 7507.8560   14.5598
    0.0000  -22.5000  -37.5000 7816.5391   14.5725
    7.5000  -22.5000  -37.5000 7502.1631   14.5817
   -7.5000  -15.0000  -37.5000 8494.1602   14.4735
    0.0000  -15.0000  -37.5000 8872.0635   14.4837
    7.5000  -15.0000  -37.5000 8487.0830   14.4997
   -7.5000   -7.5000  -37.5000 9523.0488   14.4357
    0.0000   -7.5000  -37.5000 9958.2158   14.4427
    7.5000   -7.5000  -37.5000 9504.8613   14.4601
   -7.5000    0.0000  -37.500010523.7158   14.4361
    0.0000    0.0000  -37.500011006.2393   14.4423
    7.5000    0.0000  -37.500010499.1504   14.4555
   -7.5000    7.5000  -37.500010649.0967   14.4359
    0.0000    7.5000  -37.500011136.2305   14.4461
    7.5000    7.5000  -37.500010624.8750   14.4523
   -7.5000   15.0000  -37.500010638.2539   14.4202
    0.0000   15.0000  -37.500011119.8857   14.4342
    7.5000   15.0000  -37.500010605.0547   14.4379
   -7.5000   22.5000  -37.500010538.6562   14.4007
    0.0000   22.5000  -37.500011025.1406   14.4142
    7.5000   22.5000  -37.500010497.8066   14.4232
   -7.5000   30.0000  -37.500010348.4238   14.2140
    0.0000   30.0000  -37.500010823.2773   14.2244
    7.5000   30.0000  -37.500010304.0117   14.2398
   -7.5000   37.5000  -37.500010468.8418   14.2286
    0.0000   37.5000  -37.500010938.6904   14.2356
    7.5000   37.5000  -37.500010411.2939   14.2527
   -7.5000   45.0000  -37.500010152.7393   13.8820
    0.0000   45.0000  -37.500010605.8848   13.8880
    7.5000   45.0000  -37.500010091.6387   13.9007
   -7.5000  -45.0000  -30.0000 5487.4312   16.3417
    0.0000  -45.0000  -30.0000 5721.1304   16.3394
    7.5000  -45.0000  -30.0000 5461.8872   16.3561
   -7.5000  -37.5000  -30.0000 6142.3452   15.7604
    0.0000  -37.5000  -30.0000 6401.6611   15.7620
    7.5000  -37.5000  -30.0000 6139.3931   15.7697
   -7.5000  -30.0000  -30.0000 7108.2285   15.3709
    0.0000  -30.0000  -30.0000 7404.7969   15.3756
    7.5000  -30.0000  -30.0000 7107.5835   15.3828
   -7.5000  -22.5000  -30.0000 8176.0176   15.1305
    0.0000  -22.5000  -30.0000 8530.9424   15.1372
    7.5000  -22.5000  -30.0000 8169.9351   15.1508
   -7.5000  -15.0000  -30.0000 9274.3545   15.0429
    0.0000  -15.0000  -30.0000 9697.8555   15.0484
    7.5000  -15.0000  -30.0000 9266.3057   15.0680
   -7.5000   -7.5000  -30.000010394.0908   15.0090
    0.0000   -7.5000  -30.000010878.6230   15.0106
    7.5000   -7.5000  -30.000010377.0449   15.0298
   -7.5000    0.0000  -30.000011452.2324   15.0120
    0.0000    0.0000  -30.000011997.9668   15.0109
    7.5000    0.0000  -30.000011444.0625   15.0244
   -7.5000    7.5000  -30.000011572.8574   15.0092
    0.0000    7.5000  -30.000012121.6533   15.0113
    7.5000    7.5000  -30.000011572.1797   15.0185
   -7.5000   15.0000  -30.000011553.2754   14.9875
    0.0000   15.0000  -30.000012100.5996   14.9940
    7.5000   15.0000  -30.000011518.6523   15.0008
   -7.5000   22.5000  -30.000011401.1104   14.9625
    0.0000   22.5000  -30.000011945.8174   14.9701
    7.5000   22.5000  -30.000011371.6934   14.9834
   -7.5000   30.0000  -30.000011175.9199   14.7739
    0.0000   30.0000  -30.000011691.5107   14.7798
    7.5000   30.0000  -30.000011137.5732   14.7989
   -7.5000   37.5000  -30.000011290.6162   14.7950
    0.0000   37.5000  -30.000011790.2012   14.7966
    7.5000   37.5000  -30.000011236.7656   14.8155
   -7.5000   45.0000  -30.000010949.4502   14.4465
    0.0000   45.0000  -30.000011417.4668   14.4454
    7.5000   45.0000  -30.000010889.8174   14.4584
   -7.5000  -45.0000  -22.5000 5978.9487   16.9234
    0.0000  -45.0000  -22.5000 6221.7520   16.9097
    7.5000  -45.0000  -22.5000 5948.0859   16.9151
   -7.5000  -37.5000  -22.5000 6674.2090   16.3193
    0.0000  -37.5000  -22.5000 6949.8369   16.3114
    7.5000  -37.5000  -22.5000 6656.8945   16.3098
   -7.5000  -30.0000  -22.5000 7718.4263   15.9126
    0.0000  -30.0000  -22.5000 8052.9604   15.9098
    7.5000  -30.0000  -22.5000 7719.4580   15.9089
   -7.5000  -22.5000  -22.5000 8862.7695   15.6621
    0.0000  -22.5000  -22.5000 9276.4238   15.6619
    7.5000  -22.5000  -22.5000 8884.0908   15.6674
   -7.5000  -15.0000  -22.500010056.8408   15.5728
    0.0000  -15.0000  -22.500010535.3906   15.5711
    7.5000  -15.0000  -22.500010072.0107   15.5813
   -7.5000   -7.5000  -22.500011246.0508   15.5412
    0.0000   -7.5000  -22.500011775.1816   15.5338
    7.5000   -7.5000  -22.500011244.3457   15.5432
   -7.5000    0.0000  -22.500012367.1592   15.5467
    0.0000    0.0000  -22.500012959.6602   15.5354
    7.5000    0.0000  -22.500012388.5967   15.5396
   -7.5000    7.5000  -22.500012507.1357   15.5420
    0.0000    7.5000  -22.500013091.5928   15.5352
    7.5000    7.5000  -22.500012510.0371   15.5338
   -7.5000   15.0000  -22.500012456.8721   15.5158
    0.0000   15.0000  -22.500013035.1064   15.5150
    7.5000   15.0000  -22.500012432.1865   15.5142
   -7.5000   22.5000  -22.500012287.6699   15.4869
    0.0000   22.5000  -22.500012871.0605   15.4878
    7.5000   22.5000  -22.500012256.4463   15.4932
   -7.5000   30.0000  -22.500012025.4512   15.2966
    0.0000   30.0000  -22.500012599.4102   15.2954
    7.5000   30.0000  -22.500011993.4766   15.3053
   -7.5000   37.5000  -22.500012143.1924   15.3219
    0.0000   37.5000  -22.500012688.6953   15.3147
    7.5000   37.5000  -22.500012090.0127   15.3239
   -7.5000   45.0000  -22.500011747.1035   14.9722
    0.0000   45.0000  -22.500012256.6973   14.9614
    7.5000   45.0000  -22.500011676.1924   14.9654
   -7.5000  -45.0000  -15.0000 6446.7119   17.3574
    0.0000  -45.0000  -15.0000 6704.8247   17.3395
    7.5000  -45.0000  -15.0000 6417.1914   17.3341
   -7.5000  -37.5000  -15.0000 7188.7456   16.7396
    0.0000  -37.5000  -15.0000 7478.3828   16.7310
    7.5000  -37.5000  -15.0000 7178.3687   16.7202
   -7.5000  -30.0000  -15.0000 8322.6270   16.3247
    0.0000  -30.0000  -15.0000 8678.6133   16.3228
    7.5000  -30.0000  -15.0000 8323.1377   16.3117
   -7.5000  -22.5000  -15.0000 9582.4189   16.0688
    0.0000  -22.5000  -15.000010019.2139   16.0683
    7.5000  -22.5000  -15.0000 9590.4844   16.0624
   -7.5000  -15.0000  -15.000010882.7959   15.9761
    0.0000  -15.0000  -15.000011380.8037   15.9713
    7.5000  -15.0000  -15.000010871.4658   15.9698
   -7.5000   -7.5000  -15.000012128.0010   15.9416
    0.0000   -7.5000  -15.000012714.1172   15.9298
    7.5000   -7.5000  -15.000012140.8340   15.9288
   -7.5000    0.0000  -15.000013317.3418   15.9474
    0.0000    0.0000  -15.000013962.3984   15.9328
    7.5000    0.0000  -15.000013348.9658   15.9280
   -7.5000    7.5000  -15.000013428.6465   15.9436
    0.0000    7.5000  -15.000014077.5459   15.9359
    7.5000    7.5000  -15.000013451.2666   15.9256
   -7.5000   15.0000  -15.000013343.8643   15.9178
    0.0000   15.0000  -15.000013983.8096   15.9178
    7.5000   15.0000  -15.000013365.1221   15.9071
   -7.5000   22.5000  -15.000013162.9648   15.8884
    0.0000   22.5000  -15.000013798.0303   15.8890
    7.5000   22.5000  -15.000013158.5703   15.8833
   -7.5000   30.0000  -15.000012866.0039   15.6949
    0.0000   30.0000  -15.000013500.9160   15.6907
    7.5000   30.0000  -15.000012844.5244   15.6891
   -7.5000   37.5000  -15.000012968.3438   15.7189
    0.0000   37.5000  -15.000013592.6162   15.7073
    7.5000   37.5000  -15.000012938.2041   15.7063
   -7.5000   45.0000  -15.000012515.7061   15.3674
    0.0000   45.0000  -15.000013107.6934   15.3533
    7.5000   45.0000  -15.000012476.0332   15.3487
   -7.5000  -45.0000   -7.5000 6912.1494   17.5678
    0.0000  -45.0000   -7.5000 7187.0322   17.5601
    7.5000  -45.0000   -7.5000 6882.4653   17.5572
   -7.5000  -37.5000   -7.5000 7728.4824   16.9471
    0.0000  -37.5000   -7.5000 8037.1445   16.9494
    7.5000  -37.5000   -7.5000 7717.5269   16.9400
   -7.5000  -30.0000   -7.5000 8960.1318   16.5333
    0.0000  -30.0000   -7.5000 9355.7266   16.5407
    7.5000  -30.0000   -7.5000 8976.4668   16.5279
   -7.5000  -22.5000   -7.500010338.9697   16.2769
    0.0000  -22.5000   -7.500010810.5967   16.2840
    7.5000  -22.5000   -7.500010344.6270   16.2756
   -7.5000  -15.0000   -7.500011714.7266   16.1802
    0.0000  -15.0000   -7.500012280.7393   16.1814
    7.5000  -15.0000   -7.500011723.8701   16.1787
   -7.5000   -7.5000   -7.500013043.8408   16.1394
    0.0000   -7.5000   -7.500013676.0371   16.1347
    7.5000   -7.5000   -7.500013076.2256   16.1344
   -7.5000    0.0000   -7.500014306.8555   16.1427
    0.0000    0.0000   -7.500014993.7383   16.1375
    7.5000    0.0000   -7.500014359.0713   16.1347
   -7.5000    7.5000   -7.500014388.9219   16.1419
    0.0000    7.5000   -7.500015091.8965   16.1442
    7.5000    7.5000   -7.500014468.7930   16.1345
   -7.5000   15.0000   -7.500014278.2578   16.1212
    0.0000   15.0000   -7.500014946.0830   16.1304
    7.5000   15.0000   -7.500014342.0234   16.1178
   -7.5000   22.5000   -7.500014029.4531   16.0927
    0.0000   22.5000   -7.500014683.2588   16.1007
    7.5000   22.5000   -7.500014060.4482   16.0925
   -7.5000   30.0000   -7.500013675.7109   15.8951
    0.0000   30.0000   -7.500014326.5234   15.8968
    7.5000   30.0000   -7.500013686.8818   15.8939
   -7.5000   37.5000   -7.500013780.9307   15.9134
    0.0000   37.5000   -7.500014439.5078   15.9090
    7.5000   37.5000   -7.500013784.9619   15.9087
   -7.5000   45.0000   -7.500013290.3770   15.5585
    0.0000   45.0000   -7.500013922.7246   15.5535
    7.5000   45.0000   -7.500013260.6387   15.5508
   -7.5000  -45.0000    0.0000 7325.8896   17.5864
    0.0000  -45.0000    0.0000 7626.0034   17.5911
    7.5000  -45.0000    0.0000 7296.2119   17.5996
   -7.5000  -37.5000    0.0000 8216.5557   16.9678
    0.0000  -37.5000    0.0000 8572.4492   16.9804
    7.5000  -37.5000    0.0000 8227.0068   16.9802
   -7.5000  -30.0000    0.0000 9572.8760   16.5578
    0.0000  -30.0000    0.000010015.4150   16.5731
    7.5000  -30.0000    0.0000 9599.7275   16.5676
   -7.5000  -22.5000    0.000011037.7119   16.3034
    0.0000  -22.5000    0.000011547.2314   16.3177
    7.5000  -22.5000    0.000011040.0449   16.3167
   -7.5000  -15.0000    0.000012469.2197   16.2047
    0.0000  -15.0000    0.000013060.9658   16.2143
    7.5000  -15.0000    0.000012508.2119   16.2205
   -7.5000   -7.5000    0.000013859.2939   16.1593
    0.0000   -7.5000    0.000014515.7793   16.1650
    7.5000   -7.5000    0.000013922.5508   16.1744
   -7.5000    0.0000    0.000015163.6504   16.1598
    0.0000    0.0000    0.000015901.5381   16.1657
    7.5000    0.0000    0.000015270.6963   16.1724
   -7.5000    7.5000    0.000015252.4316   16.1611
    0.0000    7.5000    0.000015983.3262   16.1729
    7.5000    7.5000    0.000015385.0352   16.1715
   -7.5000   15.0000    0.000015103.0205   16.1450
    0.0000   15.0000    0.000015784.0312   16.1619
    7.5000   15.0000    0.000015198.8721   16.1562
   -7.5000   22.5000    0.000014781.8877   16.1190
    0.0000   22.5000    0.000015435.0586   16.1341
    7.5000   22.5000    0.000014853.3027   16.1331
   -7.5000   30.0000    0.000014423.7539   15.9197
    0.0000   30.0000    0.000015032.7295   15.9296
    7.5000   30.0000    0.000014438.8701   15.9354
   -7.5000   37.5000    0.000014532.6758   15.9336
    0.0000   37.5000    0.000015130.2637   15.9393
    7.5000   37.5000    0.000014530.2354   15.9487
   -7.5000   45.0000    0.000013960.1621   15.5762
    0.0000   45.0000    0.000014523.8701   15.5818
    7.5000   45.0000    0.000013941.6826   15.5883
   -7.5000  -45.0000    7.5000 7197.8574   17.5571
    0.0000  -45.0000    7.5000 7482.2158   17.5631
    7.5000  -45.0000    7.5000 7164.7578   17.5815
   -7.5000  -37.5000    7.5000 8100.3042   16.9373
    0.0000  -37.5000    7.5000 8449.4834   16.9488
    7.5000  -37.5000    7.5000 8098.9023   16.9571
   -7.5000  -30.0000    7.5000 9424.2100   16.5255
    0.0000  -30.0000    7.5000 9876.2139   16.5392
    7.5000  -30.0000    7.5000 9443.3486   16.5439
   -7.5000  -22.5000    7.500010813.4043   16.2704
    0.0000  -22.5000    7.500011359.3379   16.2844
    7.5000  -22.5000    7.500010847.4150   16.2948
   -7.5000  -15.0000    7.500012214.1357   16.1732
    0.0000  -15.0000    7.500012808.9385   16.1843
    7.5000  -15.0000    7.500012284.2754   16.2023
   -7.5000   -7.5000    7.500013587.0137   16.1302
    0.0000   -7.5000    7.500014223.6660   16.1379
    7.5000   -7.5000    7.500013659.1016   16.1575
   -7.5000    0.0000    7.500014858.7979   16.1307
    0.0000    0.0000    7.500015555.8164   16.1374
    7.5000    0.0000    7.500014955.4404   16.1525
   -7.5000    7.5000    7.500014919.7500   16.1308
    0.0000    7.5000    7.500015596.5322   16.1419
    7.5000    7.5000    7.500015041.6240   16.1491
   -7.5000   15.0000    7.500014779.8203   16.1134
    0.0000   15.0000    7.500015453.1660   16.1288
    7.5000   15.0000    7.500014899.1445   16.1330
   -7.5000   22.5000    7.500014460.8701   16.0863
    0.0000   22.5000    7.500015067.5762   16.1011
    7.5000   22.5000    7.500014506.2686   16.1114
   -7.5000   30.0000    7.500014113.5742   15.8887
    0.0000   30.0000    7.500014643.9365   15.9002
    7.5000   30.0000    7.500014121.1348   15.9176
   -7.5000   37.5000    7.500014200.1426   15.9049
    0.0000   37.5000    7.500014697.5859   15.9126
    7.5000   37.5000    7.500014222.3115   15.9319
   -7.5000   45.0000    7.500013591.5811   15.5481
    0.0000   45.0000    7.500014044.9600   15.5546
    7.5000   45.0000    7.500013607.8721   15.5691
   -7.5000  -45.0000   15.0000 6937.8721   17.5463
    0.0000  -45.0000   15.0000 7230.1191   17.5438
    7.5000  -45.0000   15.0000 6925.0801   17.5618
   -7.5000  -37.5000   15.0000 7862.6265   16.9223
    0.0000  -37.5000   15.0000 8196.1621   16.9240
    7.5000  -37.5000   15.0000 7839.6372   16.9322
   -7.5000  -30.0000   15.0000 9182.0264   16.5041
    0.0000  -30.0000   15.0000 9604.7168   16.5091
    7.5000  -30.0000   15.0000 9184.6006   16.5169
   -7.5000  -22.5000   15.000010529.2402   16.2460
    0.0000  -22.5000   15.000011049.8164   16.2531
    7.5000  -22.5000   15.000010569.4521   16.2677
   -7.5000  -15.0000   15.000011856.0391   16.1519
    0.0000  -15.0000   15.000012445.8086   16.1577
    7.5000  -15.0000   15.000011924.7910   16.1788
   -7.5000   -7.5000   15.000013162.2021   16.1155
    0.0000   -7.5000   15.000013800.7637   16.1172
    7.5000   -7.5000   15.000013225.8594   16.1379
   -7.5000    0.0000   15.000014352.1113   16.1188
    0.0000    0.0000   15.000015054.3428   16.1175
    7.5000    0.0000   15.000014447.3809   16.1321
   -7.5000    7.5000   15.000014393.4785   16.1158
    0.0000    7.5000   15.000015081.1602   16.1180
    7.5000    7.5000   15.000014528.2578   16.1257
   -7.5000   15.0000   15.000014249.9121   16.0925
    0.0000   15.0000   15.000014929.3047   16.0994
    7.5000   15.0000   15.000014363.2490   16.1068
   -7.5000   22.5000   15.000013972.4912   16.0620
    0.0000   22.5000   15.000014538.5947   16.0701
    7.5000   22.5000   15.000014008.1475   16.0845
   -7.5000   30.0000   15.000013638.0273   15.8677
    0.0000   30.0000   15.000014139.4434   15.8740
    7.5000   30.0000   15.000013636.2686   15.8945
   -7.5000   37.5000   15.000013711.8652   15.8904
    0.0000   37.5000   15.000014164.2080   15.8921
    7.5000   37.5000   15.000013731.0820   15.9125
   -7.5000   45.0000   15.000013107.5801   15.5367
    0.0000   45.0000   15.000013522.0156   15.5354
    7.5000   45.0000   15.000013113.8945   15.5495
   -7.5000  -45.0000   22.5000 6609.8306   17.5692
    0.0000  -45.0000   22.5000 6879.8257   17.5551
    7.5000  -45.0000   22.5000 6602.4224   17.5607
   -7.5000  -37.5000   22.5000 7488.8604   16.9420
    0.0000  -37.5000   22.5000 7831.3384   16.9339
    7.5000  -37.5000   22.5000 7477.1694   16.9322
   -7.5000  -30.0000   22.5000 8764.7090   16.5198
    0.0000  -30.0000   22.5000 9198.8643   16.5169
    7.5000  -30.0000   22.5000 8775.0742   16.5160
   -7.5000  -22.5000   22.500010072.6650   16.2596
    0.0000  -22.5000   22.500010591.3369   16.2596
    7.5000  -22.5000   22.500010111.9102   16.2653
   -7.5000  -15.0000   22.500011361.1260   16.1670
    0.0000  -15.0000   22.500011930.9365   16.1653
    7.5000  -15.0000   22.500011420.6240   16.1759
   -7.5000   -7.5000   22.500012621.3008   16.1341
    0.0000   -7.5000   22.500013222.4404   16.1266
    7.5000   -7.5000   22.500012672.6865   16.1363
   -7.5000    0.0000   22.500013761.0088   16.1399
    0.0000    0.0000   22.500014423.5508   16.1283
    7.5000    0.0000   22.500013850.9170   16.1326
   -7.5000    7.5000   22.500013791.6123   16.1350
    0.0000    7.5000   22.500014452.1504   16.1280
    7.5000    7.5000   22.500013923.7490   16.1266
   -7.5000   15.0000   22.500013648.9033   16.1078
    0.0000   15.0000   22.500014251.2930   16.1070
    7.5000   15.0000   22.500013757.5547   16.1062
   -7.5000   22.5000   22.500013431.9375   16.0754
    0.0000   22.5000   22.500013952.7666   16.0764
    7.5000   22.5000   22.500013476.3389   16.0820
   -7.5000   30.0000   22.500013104.2861   15.8825
    0.0000   30.0000   22.500013680.5596   15.8813
    7.5000   30.0000   22.500013154.0977   15.8916
   -7.5000   37.5000   22.500013174.0537   15.9087
    0.0000   37.5000   22.500013752.3379   15.9013
    7.5000   37.5000   22.500013207.1572   15.9109
   -7.5000   45.0000   22.500012600.7402   15.5570
    0.0000   45.0000   22.500013125.3730   15.5458
    7.5000   45.0000   22.500012597.0000   15.5499
   -7.5000  -45.0000   30.0000 6188.9019   17.6202
    0.0000  -45.0000   30.0000 6463.3765   17.6025
    7.5000  -45.0000   30.0000 6197.7129   17.5970
   -7.5000  -37.5000   30.0000 7019.7617   16.9930
    0.0000  -37.5000   30.0000 7337.4526   16.9847
    7.5000  -37.5000   30.0000 7024.4766   16.9737
   -7.5000  -30.0000   30.0000 8239.1074   16.5714
    0.0000  -30.0000   30.0000 8642.8623   16.5698
    7.5000  -30.0000   30.0000 8263.9756   16.5585
   -7.5000  -22.5000   30.0000 9489.3994   16.3112
    0.0000  -22.5000   30.0000 9967.2051   16.3111
    7.5000  -22.5000   30.0000 9534.4473   16.3051
   -7.5000  -15.0000   30.000010708.4775   16.2169
    0.0000  -15.0000   30.000011260.3359   16.2124
    7.5000  -15.0000   30.000010771.7607   16.2109
   -7.5000   -7.5000   30.000011901.5225   16.1820
    0.0000   -7.5000   30.000012509.0732   16.1704
    7.5000   -7.5000   30.000011956.0293   16.1693
   -7.5000    0.0000   30.000012992.4375   16.1879
    0.0000    0.0000   30.000013668.4209   16.1735
    7.5000    0.0000   30.000013054.5498   16.1686
   -7.5000    7.5000   30.000013055.6016   16.1842
    0.0000    7.5000   30.000013735.3291   16.1767
    7.5000    7.5000   30.000013159.2080   16.1662
   -7.5000   15.0000   30.000012967.9893   16.1578
    0.0000   15.0000   30.000013576.7314   16.1582
    7.5000   15.0000   30.000013048.0439   16.1473
   -7.5000   22.5000   30.000012777.3828   16.1262
    0.0000   22.5000   30.000013320.3125   16.1271
    7.5000   22.5000   30.000012837.3564   16.1213
   -7.5000   30.0000   30.000012480.4531   15.9314
    0.0000   30.0000   30.000013011.9619   15.9275
    7.5000   30.0000   30.000012520.7637   15.9259
   -7.5000   37.5000   30.000012571.0010   15.9559
    0.0000   37.5000   30.000013089.6025   15.9445
    7.5000   37.5000   30.000012578.4727   15.9434
   -7.5000   45.0000   30.000012021.0010   15.6033
    0.0000   45.0000   30.000012489.8779   15.5894
    7.5000   45.0000   30.000012025.7490   15.5846
   -7.5000  -45.0000   37.5000 5991.4888   17.6774
    0.0000  -45.0000   37.5000 6251.7729   17.6704
    7.5000  -45.0000   37.5000 6001.5322   17.6675
   -7.5000  -37.5000   37.5000 6779.3730   17.0534
    0.0000  -37.5000   37.5000 7084.5991   17.0564
    7.5000  -37.5000   37.5000 6811.6875   17.0469
   -7.5000  -30.0000   37.5000 7961.7373   16.6368
    0.0000  -30.0000   37.5000 8357.4219   16.6449
    7.5000  -30.0000   37.5000 7999.7793   16.6319
   -7.5000  -22.5000   37.5000 9195.7344   16.3784
    0.0000  -22.5000   37.5000 9653.5840   16.3862
    7.5000  -22.5000   37.5000 9232.4902   16.3777
   -7.5000  -15.0000   37.500010403.3994   16.2813
    0.0000  -15.0000   37.500010943.8018   16.2832
    7.5000  -15.0000   37.500010452.1992   16.2806
   -7.5000   -7.5000   37.500011559.6182   16.2411
    0.0000   -7.5000   37.500012153.9355   16.2370
    7.5000   -7.5000   37.500011609.6035   16.2368
   -7.5000    0.0000   37.500012645.9336   16.2451
    0.0000    0.0000   37.500013306.6621   16.2405
    7.5000    0.0000   37.500012694.3076   16.2377
   -7.5000    7.5000   37.500012754.3799   16.2445
    0.0000    7.5000   37.500013404.4834   16.2475
    7.5000    7.5000   37.500012809.2070   16.2376
   -7.5000   15.0000   37.500012684.7646   16.2232
    0.0000   15.0000   37.500013283.2939   16.2330
    7.5000   15.0000   37.500012701.6445   16.2203
   -7.5000   22.5000   37.500012481.7852   16.1938
    0.0000   22.5000   37.500013052.6943   16.2024
    7.5000   22.5000   37.500012516.5928   16.1942
   -7.5000   30.0000   37.500012166.9990   15.9951
    0.0000   30.0000   37.500012743.5508   15.9974
    7.5000   30.0000   37.500012231.7314   15.9946
   -7.5000   37.5000   37.500012236.9766   16.0141
    0.0000   37.5000   37.500012814.3428   16.0103
    7.5000   37.5000   37.500012291.0068   16.0101
   -7.5000   45.0000   37.500011737.8936   15.6584
    0.0000   45.0000   37.500012247.8154   15.6540
    7.5000   45.0000   37.500011769.0088   15.6513
   -7.5000  -45.0000   45.0000 5520.1162   17.6212
    0.0000  -45.0000   45.0000 5742.6289   17.6263
    7.5000  -45.0000   45.0000 5521.3184   17.6349
   -7.5000  -37.5000   45.0000 6257.4370   17.0020
    0.0000  -37.5000   45.0000 6533.4180   17.0149
    7.5000  -37.5000   45.0000 6275.0464   17.0147
   -7.5000  -30.0000   45.0000 7341.6265   16.5915
    0.0000  -30.0000   45.0000 7692.8228   16.6070
    7.5000  -30.0000   45.0000 7364.0220   16.6014
   -7.5000  -22.5000   45.0000 8473.8340   16.3374
    0.0000  -22.5000   45.0000 8885.5117   16.3519
    7.5000  -22.5000   45.0000 8514.6260   16.3507
   -7.5000  -15.0000   45.0000 9587.8662   16.2405
    0.0000  -15.0000   45.000010083.3330   16.2503
    7.5000  -15.0000   45.0000 9639.1924   16.2564
   -7.5000   -7.5000   45.000010660.6572   16.1979
    0.0000   -7.5000   45.000011227.2178   16.2037
    7.5000   -7.5000   45.000010712.3730   16.2131
   -7.5000    0.0000   45.000011683.9434   16.1994
    0.0000    0.0000   45.000012269.8887   16.2056
    7.5000    0.0000   45.000011697.9824   16.2122
   -7.5000    7.5000   45.000011762.9785   16.2011
    0.0000    7.5000   45.000012349.2783   16.2131
    7.5000    7.5000   45.000011783.5674   16.2116
   -7.5000   15.0000   45.000011691.0566   16.1842
    0.0000   15.0000   45.000012267.9443   16.2012
    7.5000   15.0000   45.000011713.3506   16.1954
   -7.5000   22.5000   45.000011501.6641   16.1569
    0.0000   22.5000   45.000012062.5078   16.1721
    7.5000   22.5000   45.000011545.4072   16.1710
   -7.5000   30.0000   45.000011237.8662   15.9555
    0.0000   30.0000   45.000011785.1787   15.9655
    7.5000   30.0000   45.000011294.4170   15.9712
   -7.5000   37.5000   45.000011316.2100   15.9703
    0.0000   37.5000   45.000011841.4170   15.9761
    7.5000   37.5000   45.000011353.2158   15.9854
   -7.5000   45.0000   45.000010877.1709   15.6215
    0.0000   45.0000   45.000011355.7930   15.6274
    7.5000   45.0000   45.000010913.8027   15.6338

---------------------------------------------------------------------
imgreg_4dfp /opt/freesurfer/average/711-2C_as_mni_average_305 /opt/freesurfer/average/711-2B_as_mni_average_305_mask talsrcimg_g11 none talsrcimg_to_711-2C_as_mni_average_305_t4 4355
---------------------------------------------------------------------

freesurfer imgreg_4dfp.c
/opt/freesurfer/average/711-2C_as_mni_average_305.4dfp.img
       256       256       256         1
  1.000000  1.000000  1.000000
orientation T byte_order littleendian
Reading image: /opt/freesurfer/average/711-2C_as_mni_average_305.4dfp.img
dimensions:      256       256       256
mmppix:       1.0000   -1.0000   -1.0000
center:     128.0000 -129.0000 -129.0000
/opt/freesurfer/average/711-2B_as_mni_average_305_mask.4dfp.img
       256       256       256         1
  1.000000  1.000000  1.000000
orientation T byte_order littleendian
Reading mask: /opt/freesurfer/average/711-2B_as_mni_average_305_mask.4dfp.img (2306576 pixels)
talsrcimg_g11.4dfp.img
       256       256       256         1
  1.000000  1.000000  1.000000
orientation T byte_order littleendian
Reading image: talsrcimg_g11.4dfp.img
dimensions:      256       256       256
mmppix:       1.0000   -1.0000   -1.0000
center:     128.0000 -129.0000 -129.0000
rotation matrix determinant  1.000000
image alignment mode   4355 decimal     1103 hex
   -7.5000  -37.5000  -45.0000 1548.7487   29.2824
    0.0000  -37.5000  -45.0000 1555.8527   29.2724
    7.5000  -37.5000  -45.0000 1532.1981   29.4053
   -7.5000  -30.0000  -45.0000 1667.3138   24.9862
    0.0000  -30.0000  -45.0000 1675.8040   24.8682
    7.5000  -30.0000  -45.0000 1653.2209   25.0465
   -7.5000  -22.5000  -45.0000 1786.2522   21.5501
    0.0000  -22.5000  -45.0000 1793.1211   21.4287
    7.5000  -22.5000  -45.0000 1780.8746   21.6778
   -7.5000  -15.0000  -45.0000 1888.5330   19.0598
    0.0000  -15.0000  -45.0000 1894.2258   18.9735
    7.5000  -15.0000  -45.0000 1883.9282   19.1877
   -7.5000   -7.5000  -45.0000 1984.4595   17.3733
    0.0000   -7.5000  -45.0000 1989.8481   17.2499
    7.5000   -7.5000  -45.0000 1977.1399   17.4184
   -7.5000    0.0000  -45.0000 2058.8276   16.1221
    0.0000    0.0000  -45.0000 2067.6707   16.0026
    7.5000    0.0000  -45.0000 2052.7153   16.1107
   -7.5000    7.5000  -45.0000 2106.3989   15.1693
    0.0000    7.5000  -45.0000 2121.1995   15.0572
    7.5000    7.5000  -45.0000 2105.7034   15.1431
   -7.5000   15.0000  -45.0000 2139.0710   14.4395
    0.0000   15.0000  -45.0000 2149.2214   14.3434
    7.5000   15.0000  -45.0000 2137.7402   14.4271
   -7.5000   22.5000  -45.0000 2156.6726   13.9807
    0.0000   22.5000  -45.0000 2169.7222   13.8490
    7.5000   22.5000  -45.0000 2158.5249   13.9652
   -7.5000   30.0000  -45.0000 2159.7905   13.9169
    0.0000   30.0000  -45.0000 2175.1003   13.7717
    7.5000   30.0000  -45.0000 2156.9514   13.8916
   -7.5000   37.5000  -45.0000 2147.6465   14.1501
    0.0000   37.5000  -45.0000 2158.4631   14.0348
    7.5000   37.5000  -45.0000 2139.1499   14.1672
   -7.5000   45.0000  -45.0000 2113.1763   14.6926
    0.0000   45.0000  -45.0000 2126.7998   14.5542
    7.5000   45.0000  -45.0000 2109.8787   14.6922
   -7.5000   52.5000  -45.0000 2046.9077   15.3704
    0.0000   52.5000  -45.0000 2063.2249   15.2051
    7.5000   52.5000  -45.0000 2045.8942   15.3542
   -7.5000  -37.5000  -37.5000 1621.8726   26.6791
    0.0000  -37.5000  -37.5000 1624.4072   26.5771
    7.5000  -37.5000  -37.5000 1606.7900   26.7686
   -7.5000  -30.0000  -37.5000 1738.6716   22.6891
    0.0000  -30.0000  -37.5000 1747.5471   22.5838
    7.5000  -30.0000  -37.5000 1736.1494   22.8369
   -7.5000  -22.5000  -37.5000 1867.6681   19.6181
    0.0000  -22.5000  -37.5000 1877.8295   19.5342
    7.5000  -22.5000  -37.5000 1864.2559   19.8104
   -7.5000  -15.0000  -37.5000 1981.2643   17.4260
    0.0000  -15.0000  -37.5000 1989.5688   17.3335
    7.5000  -15.0000  -37.5000 1972.5680   17.5556
   -7.5000   -7.5000  -37.5000 2087.0076   15.8381
    0.0000   -7.5000  -37.5000 2095.4268   15.7643
    7.5000   -7.5000  -37.5000 2076.1714   15.9067
   -7.5000    0.0000  -37.5000 2168.2297   14.6920
    0.0000    0.0000  -37.5000 2173.2156   14.6349
    7.5000    0.0000  -37.5000 2157.7776   14.7252
   -7.5000    7.5000  -37.5000 2213.4097   13.8206
    0.0000    7.5000  -37.5000 2222.1787   13.7645
    7.5000    7.5000  -37.5000 2210.1929   13.8156
   -7.5000   15.0000  -37.5000 2244.0566   13.1552
    0.0000   15.0000  -37.5000 2254.2122   13.0671
    7.5000   15.0000  -37.5000 2243.4470   13.1401
   -7.5000   22.5000  -37.5000 2261.5674   12.7664
    0.0000   22.5000  -37.5000 2276.6931   12.6643
    7.5000   22.5000  -37.5000 2263.2871   12.7545
   -7.5000   30.0000  -37.5000 2259.8042   12.7319
    0.0000   30.0000  -37.5000 2273.2329   12.5967
    7.5000   30.0000  -37.5000 2260.5750   12.6977
   -7.5000   37.5000  -37.5000 2245.7395   12.9095
    0.0000   37.5000  -37.5000 2262.3398   12.7838
    7.5000   37.5000  -37.5000 2246.6948   12.9071
   -7.5000   45.0000  -37.5000 2213.6924   13.3612
    0.0000   45.0000  -37.5000 2232.7598   13.2168
    7.5000   45.0000  -37.5000 2215.6582   13.3644
   -7.5000   52.5000  -37.5000 2148.0864   13.9809
    0.0000   52.5000  -37.5000 2166.3445   13.8499
    7.5000   52.5000  -37.5000 2150.5808   13.9781
   -7.5000  -37.5000  -30.0000 1712.6582   25.1709
    0.0000  -37.5000  -30.0000 1718.3472   25.0759
    7.5000  -37.5000  -30.0000 1705.7445   25.3994
   -7.5000  -30.0000  -30.0000 1844.1711   21.4042
    0.0000  -30.0000  -30.0000 1852.7472   21.3653
    7.5000  -30.0000  -30.0000 1844.2736   21.6663
   -7.5000  -22.5000  -30.0000 1984.4546   18.5835
    0.0000  -22.5000  -30.0000 1996.1864   18.5251
    7.5000  -22.5000  -30.0000 1980.5916   18.7407
   -7.5000  -15.0000  -30.0000 2110.5564   16.5262
    0.0000  -15.0000  -30.0000 2122.2090   16.4744
    7.5000  -15.0000  -30.0000 2102.4016   16.6397
   -7.5000   -7.5000  -30.0000 2223.8557   15.0300
    0.0000   -7.5000  -30.0000 2232.2576   14.9406
    7.5000   -7.5000  -30.0000 2215.1748   15.0869
   -7.5000    0.0000  -30.0000 2306.3848   13.8919
    0.0000    0.0000  -30.0000 2315.4490   13.8284
    7.5000    0.0000  -30.0000 2297.0969   13.9297
   -7.5000    7.5000  -30.0000 2358.9297   13.0665
    0.0000    7.5000  -30.0000 2367.4934   12.9898
    7.5000    7.5000  -30.0000 2352.3938   13.0524
   -7.5000   15.0000  -30.0000 2401.1035   12.4363
    0.0000   15.0000  -30.0000 2408.1626   12.3470
    7.5000   15.0000  -30.0000 2388.7065   12.4268
   -7.5000   22.5000  -30.0000 2418.1611   12.0783
    0.0000   22.5000  -30.0000 2432.5571   11.9597
    7.5000   22.5000  -30.0000 2411.6519   12.0680
   -7.5000   30.0000  -30.0000 2412.9617   12.0619
    0.0000   30.0000  -30.0000 2428.9009   11.8965
    7.5000   30.0000  -30.0000 2416.4973   11.9972
   -7.5000   37.5000  -30.0000 2398.2505   12.2154
    0.0000   37.5000  -30.0000 2416.8218   12.0524
    7.5000   37.5000  -30.0000 2400.3118   12.1607
   -7.5000   45.0000  -30.0000 2367.1003   12.6444
    0.0000   45.0000  -30.0000 2387.0518   12.4646
    7.5000   45.0000  -30.0000 2371.8438   12.6036
   -7.5000   52.5000  -30.0000 2294.3318   13.2505
    0.0000   52.5000  -30.0000 2312.0037   13.0766
    7.5000   52.5000  -30.0000 2297.7075   13.2214
   -7.5000  -37.5000  -22.5000 1787.1484   23.6547
    0.0000  -37.5000  -22.5000 1792.4822   23.5866
    7.5000  -37.5000  -22.5000 1782.3771   23.9094
   -7.5000  -30.0000  -22.5000 1931.9709   20.1030
    0.0000  -30.0000  -22.5000 1942.2239   20.0800
    7.5000  -30.0000  -22.5000 1932.0269   20.3227
   -7.5000  -22.5000  -22.5000 2084.2441   17.5110
    0.0000  -22.5000  -22.5000 2093.1108   17.4609
    7.5000  -22.5000  -22.5000 2080.9243   17.6955
   -7.5000  -15.0000  -22.5000 2216.8904   15.5988
    0.0000  -15.0000  -22.5000 2227.4585   15.5500
    7.5000  -15.0000  -22.5000 2209.1135   15.7211
   -7.5000   -7.5000  -22.5000 2328.7937   14.1663
    0.0000   -7.5000  -22.5000 2340.7437   14.0741
    7.5000   -7.5000  -22.5000 2322.2280   14.2241
   -7.5000    0.0000  -22.5000 2415.4138   13.0625
    0.0000    0.0000  -22.5000 2428.0942   12.9863
    7.5000    0.0000  -22.5000 2411.7175   13.0794
   -7.5000    7.5000  -22.5000 2475.4939   12.2658
    0.0000    7.5000  -22.5000 2485.7634   12.1837
    7.5000    7.5000  -22.5000 2471.3643   12.2583
   -7.5000   15.0000  -22.5000 2521.4250   11.6809
    0.0000   15.0000  -22.5000 2532.9578   11.5771
    7.5000   15.0000  -22.5000 2514.7874   11.6636
   -7.5000   22.5000  -22.5000 2551.7385   11.3269
    0.0000   22.5000  -22.5000 2566.6555   11.1980
    7.5000   22.5000  -22.5000 2544.5398   11.2993
   -7.5000   30.0000  -22.5000 2554.3469   11.3175
    0.0000   30.0000  -22.5000 2571.3425   11.1600
    7.5000   30.0000  -22.5000 2554.8674   11.2354
   -7.5000   37.5000  -22.5000 2539.7507   11.4980
    0.0000   37.5000  -22.5000 2560.7749   11.3029
    7.5000   37.5000  -22.5000 2540.0925   11.4182
   -7.5000   45.0000  -22.5000 2503.2634   11.9191
    0.0000   45.0000  -22.5000 2527.5046   11.7204
    7.5000   45.0000  -22.5000 2505.9856   11.8289
   -7.5000   52.5000  -22.5000 2417.9307   12.4910
    0.0000   52.5000  -22.5000 2444.3142   12.3202
    7.5000   52.5000  -22.5000 2424.0886   12.4137
   -7.5000  -37.5000  -15.0000 1842.3143   22.4204
    0.0000  -37.5000  -15.0000 1847.9385   22.3166
    7.5000  -37.5000  -15.0000 1836.6560   22.6602
   -7.5000  -30.0000  -15.0000 1997.1635   19.1145
    0.0000  -30.0000  -15.0000 2003.8113   19.0276
    7.5000  -30.0000  -15.0000 1994.3463   19.3116
   -7.5000  -22.5000  -15.0000 2153.2234   16.6652
    0.0000  -22.5000  -15.0000 2163.5269   16.5989
    7.5000  -22.5000  -15.0000 2146.2295   16.8243
   -7.5000  -15.0000  -15.0000 2293.1340   14.8403
    0.0000  -15.0000  -15.0000 2300.9150   14.7490
    7.5000  -15.0000  -15.0000 2277.7878   14.9361
   -7.5000   -7.5000  -15.0000 2405.0269   13.4091
    0.0000   -7.5000  -15.0000 2418.9580   13.3168
    7.5000   -7.5000  -15.0000 2392.7917   13.4708
   -7.5000    0.0000  -15.0000 2498.0564   12.3202
    0.0000    0.0000  -15.0000 2511.2737   12.2242
    7.5000    0.0000  -15.0000 2491.1936   12.3625
   -7.5000    7.5000  -15.0000 2565.1663   11.5124
    0.0000    7.5000  -15.0000 2577.1042   11.4315
    7.5000    7.5000  -15.0000 2559.7922   11.5394
   -7.5000   15.0000  -15.0000 2618.7407   10.9541
    0.0000   15.0000  -15.0000 2635.7703   10.8550
    7.5000   15.0000  -15.0000 2616.5596   10.9478
   -7.5000   22.5000  -15.0000 2657.9175   10.6331
    0.0000   22.5000  -15.0000 2683.2388   10.4936
    7.5000   22.5000  -15.0000 2657.7610   10.6053
   -7.5000   30.0000  -15.0000 2671.7036   10.6145
    0.0000   30.0000  -15.0000 2694.4443   10.4552
    7.5000   30.0000  -15.0000 2670.5784   10.5324
   -7.5000   37.5000  -15.0000 2652.4878   10.8031
    0.0000   37.5000  -15.0000 2681.0356   10.6303
    7.5000   37.5000  -15.0000 2655.4036   10.7155
   -7.5000   45.0000  -15.0000 2613.7493   11.2129
    0.0000   45.0000  -15.0000 2644.6531   11.0491
    7.5000   45.0000  -15.0000 2617.3904   11.1492
   -7.5000   52.5000  -15.0000 2518.2935   11.7686
    0.0000   52.5000  -15.0000 2551.7227   11.6110
    7.5000   52.5000  -15.0000 2528.1323   11.7148
   -7.5000  -37.5000   -7.5000 1886.4702   21.5119
    0.0000  -37.5000   -7.5000 1890.0667   21.3933
    7.5000  -37.5000   -7.5000 1880.8531   21.7682
   -7.5000  -30.0000   -7.5000 2039.6603   18.3562
    0.0000  -30.0000   -7.5000 2049.4773   18.2901
    7.5000  -30.0000   -7.5000 2038.2438   18.5638
   -7.5000  -22.5000   -7.5000 2202.8999   16.0069
    0.0000  -22.5000   -7.5000 2212.9683   15.9386
    7.5000  -22.5000   -7.5000 2192.7170   16.1640
   -7.5000  -15.0000   -7.5000 2339.9819   14.1977
    0.0000  -15.0000   -7.5000 2352.7244   14.0955
    7.5000  -15.0000   -7.5000 2324.6797   14.3004
   -7.5000   -7.5000   -7.5000 2454.5198   12.7905
    0.0000   -7.5000   -7.5000 2470.5833   12.6786
    7.5000   -7.5000   -7.5000 2444.2810   12.8709
   -7.5000    0.0000   -7.5000 2558.9426   11.7159
    0.0000    0.0000   -7.5000 2571.6284   11.5910
    7.5000    0.0000   -7.5000 2550.6367   11.7564
   -7.5000    7.5000   -7.5000 2637.1846   10.8915
    0.0000    7.5000   -7.5000 2656.0537   10.7877
    7.5000    7.5000   -7.5000 2631.8389   10.9342
   -7.5000   15.0000   -7.5000 2702.0474   10.3246
    0.0000   15.0000   -7.5000 2724.5256   10.2082
    7.5000   15.0000   -7.5000 2702.4924   10.3392
   -7.5000   22.5000   -7.5000 2752.2400   10.0195
    0.0000   22.5000   -7.5000 2778.1367    9.8690
    7.5000   22.5000   -7.5000 2752.9734    9.9855
   -7.5000   30.0000   -7.5000 2764.7996    9.9690
    0.0000   30.0000   -7.5000 2797.8743    9.8122
    7.5000   30.0000   -7.5000 2768.3896    9.9111
   -7.5000   37.5000   -7.5000 2750.5215   10.1555
    0.0000   37.5000   -7.5000 2783.3398   10.0120
    7.5000   37.5000   -7.5000 2759.6094   10.1019
   -7.5000   45.0000   -7.5000 2703.8396   10.5775
    0.0000   45.0000   -7.5000 2740.5803   10.4183
    7.5000   45.0000   -7.5000 2713.2783   10.5186
   -7.5000   52.5000   -7.5000 2600.2073   11.1213
    0.0000   52.5000   -7.5000 2634.4319   10.9605
    7.5000   52.5000   -7.5000 2612.6348   11.0641
   -7.5000  -37.5000    0.0000 1916.7004   20.9426
    0.0000  -37.5000    0.0000 1923.9089   20.8552
    7.5000  -37.5000    0.0000 1914.3585   21.2052
   -7.5000  -30.0000    0.0000 2075.3689   17.8792
    0.0000  -30.0000    0.0000 2085.9543   17.8220
    7.5000  -30.0000    0.0000 2070.1772   18.0980
   -7.5000  -22.5000    0.0000 2233.0166   15.5489
    0.0000  -22.5000    0.0000 2244.3840   15.4539
    7.5000  -22.5000    0.0000 2218.6560   15.6903
   -7.5000  -15.0000    0.0000 2365.1699   13.7311
    0.0000  -15.0000    0.0000 2378.4468   13.6019
    7.5000  -15.0000    0.0000 2351.0908   13.8693
   -7.5000   -7.5000    0.0000 2485.1118   12.3301
    0.0000   -7.5000    0.0000 2500.7532   12.1824
    7.5000   -7.5000    0.0000 2472.4128   12.4283
   -7.5000    0.0000    0.0000 2595.3633   11.2616
    0.0000    0.0000    0.0000 2611.8450   11.1154
    7.5000    0.0000    0.0000 2588.6084   11.3095
   -7.5000    7.5000    0.0000 2688.6948   10.4268
    0.0000    7.5000    0.0000 2709.5479   10.2881
    7.5000    7.5000    0.0000 2687.7097   10.4644
   -7.5000   15.0000    0.0000 2770.4644    9.8632
    0.0000   15.0000    0.0000 2795.2727    9.7012
    7.5000   15.0000    0.0000 2770.9463    9.8631
   -7.5000   22.5000    0.0000 2830.1350    9.5397
    0.0000   22.5000    0.0000 2866.1199    9.3799
    7.5000   22.5000    0.0000 2836.8740    9.5052
   -7.5000   30.0000    0.0000 2859.3984    9.4759
    0.0000   30.0000    0.0000 2901.7046    9.3039
    7.5000   30.0000    0.0000 2864.2224    9.4306
   -7.5000   37.5000    0.0000 2841.8894    9.6763
    0.0000   37.5000    0.0000 2878.2798    9.5182
    7.5000   37.5000    0.0000 2850.6221    9.6359
   -7.5000   45.0000    0.0000 2781.2188   10.0757
    0.0000   45.0000    0.0000 2816.4941    9.9039
    7.5000   45.0000    0.0000 2795.6658   10.0114
   -7.5000   52.5000    0.0000 2662.9534   10.6173
    0.0000   52.5000    0.0000 2699.4248   10.4409
    7.5000   52.5000    0.0000 2677.8223   10.5386
   -7.5000  -37.5000    7.5000 1943.0040   20.6759
    0.0000  -37.5000    7.5000 1948.1052   20.5417
    7.5000  -37.5000    7.5000 1933.4000   20.8761
   -7.5000  -30.0000    7.5000 2099.8762   17.6210
    0.0000  -30.0000    7.5000 2112.2830   17.5567
    7.5000  -30.0000    7.5000 2090.9016   17.8331
   -7.5000  -22.5000    7.5000 2245.0723   15.2515
    0.0000  -22.5000    7.5000 2263.0383   15.1688
    7.5000  -22.5000    7.5000 2235.8921   15.4141
   -7.5000  -15.0000    7.5000 2372.9336   13.4303
    0.0000  -15.0000    7.5000 2390.5806   13.3207
    7.5000  -15.0000    7.5000 2365.9534   13.5610
   -7.5000   -7.5000    7.5000 2498.4746   12.0432
    0.0000   -7.5000    7.5000 2511.7341   11.8810
    7.5000   -7.5000    7.5000 2485.0073   12.1328
   -7.5000    0.0000    7.5000 2617.1445   10.9572
    0.0000    0.0000    7.5000 2633.9387   10.7877
    7.5000    0.0000    7.5000 2608.5854   11.0059
   -7.5000    7.5000    7.5000 2723.4128   10.1209
    0.0000    7.5000    7.5000 2744.7832    9.9331
    7.5000    7.5000    7.5000 2720.9038   10.1332
   -7.5000   15.0000    7.5000 2823.9036    9.5468
    0.0000   15.0000    7.5000 2853.3528    9.3389
    7.5000   15.0000    7.5000 2824.8455    9.5280
   -7.5000   22.5000    7.5000 2903.8792    9.2158
    0.0000   22.5000    7.5000 2946.3645    9.0197
    7.5000   22.5000    7.5000 2906.7583    9.1811
   -7.5000   30.0000    7.5000 2943.2339    9.1525
    0.0000   30.0000    7.5000 2998.7087    8.9404
    7.5000   30.0000    7.5000 2947.8140    9.1056
   -7.5000   37.5000    7.5000 2911.9067    9.3639
    0.0000   37.5000    7.5000 2962.8582    9.1614
    7.5000   37.5000    7.5000 2927.1323    9.3117
   -7.5000   45.0000    7.5000 2831.7937    9.7350
    0.0000   45.0000    7.5000 2876.5371    9.5387
    7.5000   45.0000    7.5000 2854.9741    9.6810
   -7.5000   52.5000    7.5000 2706.8230   10.2757
    0.0000   52.5000    7.5000 2746.9419   10.0869
    7.5000   52.5000    7.5000 2723.2632   10.2303
   -7.5000  -37.5000   15.0000 1945.5089   20.6583
    0.0000  -37.5000   15.0000 1956.2296   20.5206
    7.5000  -37.5000   15.0000 1934.8246   20.8775
   -7.5000  -30.0000   15.0000 2107.6746   17.6501
    0.0000  -30.0000   15.0000 2123.8838   17.5223
    7.5000  -30.0000   15.0000 2096.4429   17.7985
   -7.5000  -22.5000   15.0000 2248.0706   15.2173
    0.0000  -22.5000   15.0000 2270.6475   15.0891
    7.5000  -22.5000   15.0000 2245.0825   15.3664
   -7.5000  -15.0000   15.0000 2371.4326   13.3478
    0.0000  -15.0000   15.0000 2389.9937   13.2222
    7.5000  -15.0000   15.0000 2368.5103   13.4496
   -7.5000   -7.5000   15.0000 2496.0081   11.9371
    0.0000   -7.5000   15.0000 2510.4583   11.7764
    7.5000   -7.5000   15.0000 2484.9678   11.9772
   -7.5000    0.0000   15.0000 2615.7234   10.8383
    0.0000    0.0000   15.0000 2632.9119   10.6564
    7.5000    0.0000   15.0000 2607.6975   10.8523
   -7.5000    7.5000   15.0000 2732.0161    9.9723
    0.0000    7.5000   15.0000 2755.9880    9.7895
    7.5000    7.5000   15.0000 2732.1204    9.9853
   -7.5000   15.0000   15.0000 2844.8943    9.3843
    0.0000   15.0000   15.0000 2879.7729    9.1855
    7.5000   15.0000   15.0000 2847.5549    9.3718
   -7.5000   22.5000   15.0000 2940.9351    9.0653
    0.0000   22.5000   15.0000 2988.5464    8.8462
    7.5000   22.5000   15.0000 2944.4756    9.0177
   -7.5000   30.0000   15.0000 2989.1355    8.9910
    0.0000   30.0000   15.0000 3050.7761    8.7422
    7.5000   30.0000   15.0000 2991.8608    8.9157
   -7.5000   37.5000   15.0000 2946.6667    9.2225
    0.0000   37.5000   15.0000 3001.1184    8.9839
    7.5000   37.5000   15.0000 2958.6406    9.1497
   -7.5000   45.0000   15.0000 2854.3049    9.6011
    0.0000   45.0000   15.0000 2899.7520    9.4041
    7.5000   45.0000   15.0000 2872.1897    9.5337
   -7.5000   52.5000   15.0000 2720.0972   10.1063
    0.0000   52.5000   15.0000 2759.3303    9.9446
    7.5000   52.5000   15.0000 2736.5156   10.0435
   -7.5000  -37.5000   22.5000 1930.1433   20.8864
    0.0000  -37.5000   22.5000 1944.5599   20.7013
    7.5000  -37.5000   22.5000 1923.4106   21.0645
   -7.5000  -30.0000   22.5000 2096.1389   17.8216
    0.0000  -30.0000   22.5000 2114.8540   17.7061
    7.5000  -30.0000   22.5000 2091.7432   17.9294
   -7.5000  -22.5000   22.5000 2238.3113   15.3437
    0.0000  -22.5000   22.5000 2260.8794   15.2375
    7.5000  -22.5000   22.5000 2236.2910   15.4491
   -7.5000  -15.0000   22.5000 2359.9595   13.4806
    0.0000  -15.0000   22.5000 2381.9253   13.3448
    7.5000  -15.0000   22.5000 2359.5508   13.5458
   -7.5000   -7.5000   22.5000 2482.2952   12.0554
    0.0000   -7.5000   22.5000 2499.3198   11.8924
    7.5000   -7.5000   22.5000 2475.1240   12.0656
   -7.5000    0.0000   22.5000 2604.6624   10.9340
    0.0000    0.0000   22.5000 2625.8088   10.7465
    7.5000    0.0000   22.5000 2599.9883   10.9351
   -7.5000    7.5000   22.5000 2722.2861   10.0600
    0.0000    7.5000   22.5000 2749.5972    9.8713
    7.5000    7.5000   22.5000 2725.1948   10.0635
   -7.5000   15.0000   22.5000 2837.1074    9.4639
    0.0000   15.0000   22.5000 2871.0100    9.2501
    7.5000   15.0000   22.5000 2846.0413    9.4487
   -7.5000   22.5000   22.5000 2929.5706    9.1488
    0.0000   22.5000   22.5000 2973.2666    8.8954
    7.5000   22.5000   22.5000 2934.8252    9.0891
   -7.5000   30.0000   22.5000 2966.2625    9.1162
    0.0000   30.0000   22.5000 3019.6350    8.8810
    7.5000   30.0000   22.5000 2974.5542    9.0322
   -7.5000   37.5000   22.5000 2928.8972    9.3078
    0.0000   37.5000   22.5000 2979.9004    9.1032
    7.5000   37.5000   22.5000 2943.4016    9.2220
   -7.5000   45.0000   22.5000 2844.1704    9.6691
    0.0000   45.0000   22.5000 2884.4331    9.4832
    7.5000   45.0000   22.5000 2859.0605    9.5715
   -7.5000   52.5000   22.5000 2706.4028   10.1750
    0.0000   52.5000   22.5000 2742.4031    9.9958
    7.5000   52.5000   22.5000 2726.5381   10.0823
   -7.5000  -37.5000   30.0000 1893.0187   21.3932
    0.0000  -37.5000   30.0000 1906.2007   21.2415
    7.5000  -37.5000   30.0000 1891.5800   21.5344
   -7.5000  -30.0000   30.0000 2062.3376   18.2579
    0.0000  -30.0000   30.0000 2081.9338   18.1252
    7.5000  -30.0000   30.0000 2061.1775   18.3251
   -7.5000  -22.5000   30.0000 2216.0095   15.7267
    0.0000  -22.5000   30.0000 2235.3857   15.6004
    7.5000  -22.5000   30.0000 2212.8198   15.7919
   -7.5000  -15.0000   30.0000 2343.6445   13.8201
    0.0000  -15.0000   30.0000 2364.5837   13.6619
    7.5000  -15.0000   30.0000 2340.3755   13.8437
   -7.5000   -7.5000   30.0000 2461.0562   12.3862
    0.0000   -7.5000   30.0000 2481.4385   12.2160
    7.5000   -7.5000   30.0000 2458.4087   12.3748
   -7.5000    0.0000   30.0000 2577.4285   11.2758
    0.0000    0.0000   30.0000 2601.6875   11.1036
    7.5000    0.0000   30.0000 2575.7207   11.2379
   -7.5000    7.5000   30.0000 2690.2573   10.4205
    0.0000    7.5000   30.0000 2718.9805   10.2386
    7.5000    7.5000   30.0000 2695.7495   10.3748
   -7.5000   15.0000   30.0000 2795.8887    9.8067
    0.0000   15.0000   30.0000 2824.9102    9.6278
    7.5000   15.0000   30.0000 2803.7695    9.7692
   -7.5000   22.5000   30.0000 2870.4956    9.4766
    0.0000   22.5000   30.0000 2907.2371    9.2640
    7.5000   22.5000   30.0000 2879.5947    9.4323
   -7.5000   30.0000   30.0000 2893.0461    9.4348
    0.0000   30.0000   30.0000 2933.5312    9.2141
    7.5000   30.0000   30.0000 2906.6289    9.3619
   -7.5000   37.5000   30.0000 2860.3127    9.6281
    0.0000   37.5000   30.0000 2903.2942    9.3873
    7.5000   37.5000   30.0000 2872.7224    9.5381
   -7.5000   45.0000   30.0000 2787.1714    9.9855
    0.0000   45.0000   30.0000 2818.1697    9.7565
    7.5000   45.0000   30.0000 2797.1377    9.8763
   -7.5000   52.5000   30.0000 2659.9868   10.4545
    0.0000   52.5000   30.0000 2689.3914   10.2544
    7.5000   52.5000   30.0000 2674.3042   10.3686
   -7.5000  -37.5000   37.5000 1847.7671   22.2307
    0.0000  -37.5000   37.5000 1861.9058   22.0476
    7.5000  -37.5000   37.5000 1848.7058   22.4010
   -7.5000  -30.0000   37.5000 2020.4930   18.8916
    0.0000  -30.0000   37.5000 2038.9745   18.7644
    7.5000  -30.0000   37.5000 2020.1409   18.9936
   -7.5000  -22.5000   37.5000 2176.7793   16.2970
    0.0000  -22.5000   37.5000 2194.4385   16.1707
    7.5000  -22.5000   37.5000 2175.5879   16.3669
   -7.5000  -15.0000   37.5000 2309.0354   14.3693
    0.0000  -15.0000   37.5000 2328.4446   14.2364
    7.5000  -15.0000   37.5000 2306.1621   14.3843
   -7.5000   -7.5000   37.5000 2427.8193   12.9189
    0.0000   -7.5000   37.5000 2448.0088   12.7771
    7.5000   -7.5000   37.5000 2421.4724   12.9017
   -7.5000    0.0000   37.5000 2540.4141   11.8240
    0.0000    0.0000   37.5000 2564.0933   11.6733
    7.5000    0.0000   37.5000 2536.3972   11.7761
   -7.5000    7.5000   37.5000 2646.2686   10.9541
    0.0000    7.5000   37.5000 2674.3521   10.8092
    7.5000    7.5000   37.5000 2649.8401   10.9125
   -7.5000   15.0000   37.5000 2735.5637   10.3517
    0.0000   15.0000   37.5000 2765.5295   10.1835
    7.5000   15.0000   37.5000 2743.8501   10.2983
   -7.5000   22.5000   37.5000 2794.9944   10.0031
    0.0000   22.5000   37.5000 2827.9387    9.8312
    7.5000   22.5000   37.5000 2803.8064    9.9528
   -7.5000   30.0000   37.5000 2805.0542    9.9180
    0.0000   30.0000   37.5000 2836.6316    9.7555
    7.5000   30.0000   37.5000 2818.3079    9.8691
   -7.5000   37.5000   37.5000 2771.4639   10.0807
    0.0000   37.5000   37.5000 2806.2166    9.8982
    7.5000   37.5000   37.5000 2782.5745   10.0203
   -7.5000   45.0000   37.5000 2702.8977   10.4218
    0.0000   45.0000   37.5000 2730.2498   10.2368
    7.5000   45.0000   37.5000 2710.5024   10.3402
   -7.5000   52.5000   37.5000 2586.9543   10.8883
    0.0000   52.5000   37.5000 2611.6648   10.7084
    7.5000   52.5000   37.5000 2594.8074   10.8059
   -7.5000  -37.5000   45.0000 1800.4731   23.4457
    0.0000  -37.5000   45.0000 1811.4691   23.2127
    7.5000  -37.5000   45.0000 1797.5841   23.5932
   -7.5000  -30.0000   45.0000 1969.1532   19.8737
    0.0000  -30.0000   45.0000 1985.1890   19.7110
    7.5000  -30.0000   45.0000 1967.6653   19.9554
   -7.5000  -22.5000   45.0000 2123.4094   17.1445
    0.0000  -22.5000   45.0000 2139.3430   17.0050
    7.5000  -22.5000   45.0000 2124.9956   17.2002
   -7.5000  -15.0000   45.0000 2256.7346   15.1389
    0.0000  -15.0000   45.0000 2276.0837   15.0198
    7.5000  -15.0000   45.0000 2254.7847   15.1564
   -7.5000   -7.5000   45.0000 2374.8284   13.6612
    0.0000   -7.5000   45.0000 2394.0842   13.5311
    7.5000   -7.5000   45.0000 2371.5227   13.6465
   -7.5000    0.0000   45.0000 2484.3552   12.5400
    0.0000    0.0000   45.0000 2505.7109   12.3822
    7.5000    0.0000   45.0000 2481.3503   12.4823
   -7.5000    7.5000   45.0000 2584.9802   11.6476
    0.0000    7.5000   45.0000 2609.5083   11.5017
    7.5000    7.5000   45.0000 2586.8677   11.5977
   -7.5000   15.0000   45.0000 2660.9932   11.0292
    0.0000   15.0000   45.0000 2693.5513   10.8915
    7.5000   15.0000   45.0000 2671.4089   10.9824
   -7.5000   22.5000   45.0000 2705.2312   10.6747
    0.0000   22.5000   45.0000 2737.4617   10.5469
    7.5000   22.5000   45.0000 2716.1526   10.6474
   -7.5000   30.0000   45.0000 2711.5122   10.5772
    0.0000   30.0000   45.0000 2739.1868   10.4493
    7.5000   30.0000   45.0000 2721.3835   10.5435
   -7.5000   37.5000   45.0000 2676.1633   10.7117
    0.0000   37.5000   45.0000 2700.0417   10.5733
    7.5000   37.5000   45.0000 2683.3455   10.6575
   -7.5000   45.0000   45.0000 2610.7632   11.0182
    0.0000   45.0000   45.0000 2632.1050   10.8847
    7.5000   45.0000   45.0000 2618.4280   10.9676
   -7.5000   52.5000   45.0000 2504.6787   11.4603
    0.0000   52.5000   45.0000 2521.8005   11.3183
    7.5000   52.5000   45.0000 2507.8225   11.4054

---------------------------------------------------------------------
imgreg_4dfp /opt/freesurfer/average/711-2C_as_mni_average_305 /opt/freesurfer/average/711-2B_as_mni_average_305_mask talsrcimg_g11 none talsrcimg_to_711-2C_as_mni_average_305_t4 1283
---------------------------------------------------------------------

freesurfer imgreg_4dfp.c
/opt/freesurfer/average/711-2C_as_mni_average_305.4dfp.img
       256       256       256         1
  1.000000  1.000000  1.000000
orientation T byte_order littleendian
Reading image: /opt/freesurfer/average/711-2C_as_mni_average_305.4dfp.img
dimensions:      256       256       256
mmppix:       1.0000   -1.0000   -1.0000
center:     128.0000 -129.0000 -129.0000
/opt/freesurfer/average/711-2B_as_mni_average_305_mask.4dfp.img
       256       256       256         1
  1.000000  1.000000  1.000000
orientation T byte_order littleendian
Reading mask: /opt/freesurfer/average/711-2B_as_mni_average_305_mask.4dfp.img (2306576 pixels)
talsrcimg_g11.4dfp.img
       256       256       256         1
  1.000000  1.000000  1.000000
orientation T byte_order littleendian
Reading image: talsrcimg_g11.4dfp.img
dimensions:      256       256       256
mmppix:       1.0000   -1.0000   -1.0000
center:     128.0000 -129.0000 -129.0000
rotation matrix determinant  1.000000
fimgreg.f
image alignment mode   1283 decimal      503 hex
parameters
    0.0000   30.0000   15.0000    0.0000    0.0000    0.0000
eta,q 0.95710  8.77536
niter,ni,del,rscale     5    3   12.0000    1.2000
parameter  5  0.548633 ->  0.500000 qaram    1.1500
parameters
   -0.1513   30.4437   15.6296   -2.7490   -3.4500   -0.4809
eta,q 0.96055  8.68469
  0.0587  0.0573  0.0535  0.0448  0.0419  0.0451
  0.0502  0.0494  0.0474  0.0422  0.0397  0.0419
  0.0454  0.0451  0.0445  0.0422  0.0399  0.0398
  0.0442  0.0441  0.0439  0.0438  0.0419  0.0395
  0.0463  0.0449  0.0444  0.0461  0.0449  0.0408
  0.0521  0.0478  0.0461  0.0480  0.0483  0.0432
  0.0594  0.0532  0.0494  0.0500  0.0520  0.0472
niter,ni,del,rscale     5    3   12.0000    1.2000
parameters
    0.7568   31.2377   15.3063   -2.7529   -3.3504   -0.3591
eta,q 0.96030  8.69689
  0.0617  0.0591  0.0477  0.0476  0.0496  0.0457
  0.0523  0.0489  0.0438  0.0424  0.0447  0.0426
  0.0437  0.0409  0.0407  0.0396  0.0411  0.0403
  0.0394  0.0393  0.0397  0.0397  0.0397  0.0397
  0.0403  0.0410  0.0414  0.0413  0.0410  0.0404
  0.0449  0.0443  0.0449  0.0437  0.0445  0.0421
  0.0518  0.0497  0.0497  0.0462  0.0489  0.0453
niter,ni,del,rscale     4    3   12.0000    1.2000
parameters
    0.8485   31.3648   15.2716   -2.8198   -3.4143   -0.3391
eta,q 0.96021  8.69983
  0.0579  0.0553  0.0487  0.0474  0.0492  0.0456
  0.0483  0.0451  0.0444  0.0424  0.0445  0.0425
  0.0414  0.0397  0.0413  0.0397  0.0410  0.0403
  0.0397  0.0397  0.0398  0.0398  0.0398  0.0398
  0.0425  0.0419  0.0412  0.0414  0.0412  0.0406
  0.0484  0.0460  0.0445  0.0438  0.0448  0.0423
  0.0558  0.0520  0.0490  0.0464  0.0494  0.0454
niter,ni,del,rscale     3    3   12.0000    1.2000
parameters
    0.8792   31.4028   15.2610   -2.8495   -3.4437   -0.3343
eta,q 0.96018  8.70069
  0.0577  0.0548  0.0488  0.0475  0.0493  0.0455
  0.0480  0.0447  0.0445  0.0425  0.0446  0.0425
  0.0413  0.0396  0.0413  0.0397  0.0411  0.0403
  0.0398  0.0398  0.0398  0.0398  0.0398  0.0398
  0.0428  0.0421  0.0412  0.0414  0.0412  0.0406
  0.0488  0.0463  0.0444  0.0437  0.0448  0.0424
  0.0561  0.0523  0.0490  0.0464  0.0494  0.0455
registration optimization eta report
parameter search radius
    6.0000    6.0000    6.0000    6.0000    6.9000    6.0000
100000*second partial in parameter space
       47.       39.       24.       20.       20.       16.
  0.0577  0.0548  0.0488  0.0475  0.0493  0.0455
  0.0480  0.0447  0.0445  0.0425  0.0446  0.0425
  0.0413  0.0396  0.0413  0.0397  0.0411  0.0403
  0.0398  0.0398  0.0398  0.0398  0.0398  0.0398
  0.0428  0.0421  0.0412  0.0414  0.0412  0.0406
  0.0488  0.0463  0.0444  0.0437  0.0448  0.0424
  0.0561  0.0523  0.0490  0.0464  0.0494  0.0455
    0.8792   31.4028   15.2610   -2.8495   -3.4437   -0.3343
eta,q 0.96018  8.70069

---------------------------------------------------------------------
imgreg_4dfp /opt/freesurfer/average/711-2C_as_mni_average_305 /opt/freesurfer/average/711-2B_as_mni_average_305_mask talsrcimg_g11 none talsrcimg_to_711-2C_as_mni_average_305_t4 3335
---------------------------------------------------------------------

freesurfer imgreg_4dfp.c
/opt/freesurfer/average/711-2C_as_mni_average_305.4dfp.img
       256       256       256         1
  1.000000  1.000000  1.000000
orientation T byte_order littleendian
Reading image: /opt/freesurfer/average/711-2C_as_mni_average_305.4dfp.img
dimensions:      256       256       256
mmppix:       1.0000   -1.0000   -1.0000
center:     128.0000 -129.0000 -129.0000
/opt/freesurfer/average/711-2B_as_mni_average_305_mask.4dfp.img
       256       256       256         1
  1.000000  1.000000  1.000000
orientation T byte_order littleendian
Reading mask: /opt/freesurfer/average/711-2B_as_mni_average_305_mask.4dfp.img (2306576 pixels)
talsrcimg_g11.4dfp.img
       256       256       256         1
  1.000000  1.000000  1.000000
orientation T byte_order littleendian
Reading image: talsrcimg_g11.4dfp.img
dimensions:      256       256       256
mmppix:       1.0000   -1.0000   -1.0000
center:     128.0000 -129.0000 -129.0000
fimgreg.f
image alignment mode   3335 decimal      D07 hex
parameters
    0.8792   31.4028   15.2610   -0.1823   -0.1236   -0.3040
    0.2841    6.0283   -0.5824    4.9363   -6.0068   -4.9624
eta,q 0.96051  8.78536
niter,ni,del,rscale     5    3    5.0000    1.2000
parameter  4  0.963324 ->  0.500000 qaram    1.1500
parameter  5  1.620173 ->  0.500000 qaram    1.1500
parameter  6  1.296938 ->  0.500000 qaram    1.1500
parameters
    0.6915   31.7896   15.1320   -4.3223   -4.2636   -4.4440
    2.8058    5.6024    1.0189    1.8995   -7.4941   -6.0922
eta,q 0.97315  8.25201
  0.0418  0.0423  0.0409  0.0363  0.0318  0.0271  0.0319  0.0318  0.0306  0.0283  0.0280  0.0280
  0.0404  0.0410  0.0400  0.0367  0.0329  0.0276  0.0302  0.0297  0.0293  0.0272  0.0273  0.0273
  0.0396  0.0400  0.0395  0.0377  0.0345  0.0299  0.0289  0.0282  0.0283  0.0270  0.0269  0.0269
  0.0395  0.0395  0.0394  0.0394  0.0369  0.0333  0.0281  0.0278  0.0278  0.0277  0.0270  0.0269
  0.0400  0.0394  0.0397  0.0417  0.0400  0.0376  0.0278  0.0285  0.0277  0.0290  0.0274  0.0272
  0.0410  0.0400  0.0403  0.0449  0.0433  0.0424  0.0280  0.0304  0.0281  0.0312  0.0283  0.0280
  0.0426  0.0410  0.0412  0.0488  0.0469  0.0477  0.0288  0.0329  0.0289  0.0337  0.0295  0.0290
niter,ni,del,rscale     7    3    5.0000    1.2000
parameters
    0.3669   31.7103   14.9537   -6.2396   -8.2791   -7.7614
    2.5250    5.9057    1.0941    3.1024   -7.7574   -3.5596
eta,q 0.97483  7.93469
  0.0292  0.0293  0.0289  0.0288  0.0268  0.0270  0.0275  0.0292  0.0273  0.0286  0.0264  0.0274
  0.0277  0.0278  0.0276  0.0276  0.0259  0.0262  0.0263  0.0274  0.0263  0.0271  0.0258  0.0265
  0.0269  0.0270  0.0269  0.0268  0.0258  0.0254  0.0257  0.0261  0.0257  0.0260  0.0254  0.0258
  0.0269  0.0268  0.0268  0.0268  0.0267  0.0257  0.0255  0.0255  0.0255  0.0255  0.0254  0.0254
  0.0275  0.0272  0.0272  0.0277  0.0285  0.0283  0.0258  0.0257  0.0257  0.0254  0.0255  0.0252
  0.0289  0.0281  0.0281  0.0298  0.0313  0.0326  0.0266  0.0268  0.0263  0.0259  0.0259  0.0253
  0.0308  0.0296  0.0295  0.0329  0.0350  0.0380  0.0277  0.0288  0.0273  0.0271  0.0266  0.0258
niter,ni,del,rscale     6    3    5.0000    1.2000
parameters
    0.3176   31.9669   14.4273   -5.1247   -9.0344   -9.2730
    2.6467    5.9514    1.2980    3.2820   -7.6042   -3.7470
eta,q 0.97469  7.88513
  0.0279  0.0281  0.0262  0.0285  0.0275  0.0278  0.0276  0.0288  0.0271  0.0276  0.0264  0.0264
  0.0264  0.0265  0.0254  0.0271  0.0262  0.0266  0.0264  0.0271  0.0262  0.0264  0.0258  0.0258
  0.0254  0.0256  0.0251  0.0259  0.0252  0.0258  0.0256  0.0258  0.0255  0.0256  0.0254  0.0254
  0.0252  0.0252  0.0252  0.0250  0.0249  0.0249  0.0253  0.0253  0.0253  0.0253  0.0253  0.0253
  0.0256  0.0253  0.0257  0.0249  0.0254  0.0255  0.0256  0.0256  0.0255  0.0255  0.0254  0.0255
  0.0266  0.0259  0.0265  0.0256  0.0268  0.0284  0.0263  0.0268  0.0260  0.0262  0.0257  0.0259
  0.0281  0.0270  0.0277  0.0274  0.0290  0.0327  0.0274  0.0289  0.0270  0.0275  0.0263  0.0266
niter,ni,del,rscale     5    3    5.0000    1.2000
parameters
    0.3064   32.2219   13.9103   -4.7514   -9.1871   -9.9779
    2.5728    5.8837    1.3650    3.8606   -7.4797   -4.2768
eta,q 0.97464  7.86438
  0.0281  0.0280  0.0262  0.0282  0.0280  0.0283  0.0276  0.0287  0.0271  0.0278  0.0264  0.0264
  0.0265  0.0265  0.0255  0.0270  0.0267  0.0268  0.0264  0.0271  0.0262  0.0265  0.0258  0.0258
  0.0256  0.0257  0.0252  0.0259  0.0257  0.0260  0.0256  0.0259  0.0256  0.0257  0.0255  0.0255
  0.0253  0.0253  0.0253  0.0252  0.0252  0.0252  0.0254  0.0254  0.0254  0.0254  0.0254  0.0254
  0.0256  0.0254  0.0257  0.0252  0.0254  0.0251  0.0257  0.0257  0.0256  0.0254  0.0255  0.0256
  0.0266  0.0260  0.0264  0.0262  0.0266  0.0271  0.0265  0.0270  0.0261  0.0260  0.0258  0.0260
  0.0281  0.0270  0.0273  0.0281  0.0285  0.0308  0.0276  0.0291  0.0270  0.0272  0.0263  0.0267
niter,ni,del,rscale     4    3    5.0000    1.2000
parameters
    0.2825   32.4831   13.5825   -4.6039   -9.4890  -10.3099
    2.5486    5.8008    1.3948    4.5662   -7.4405   -4.6725
eta,q 0.97462  7.84679
  0.0281  0.0279  0.0264  0.0282  0.0279  0.0286  0.0276  0.0287  0.0270  0.0277  0.0264  0.0264
  0.0266  0.0265  0.0257  0.0270  0.0267  0.0270  0.0264  0.0271  0.0262  0.0265  0.0258  0.0258
  0.0257  0.0257  0.0253  0.0259  0.0257  0.0261  0.0257  0.0259  0.0256  0.0258  0.0255  0.0255
  0.0254  0.0254  0.0254  0.0253  0.0253  0.0253  0.0254  0.0254  0.0254  0.0254  0.0254  0.0254
  0.0257  0.0255  0.0257  0.0254  0.0256  0.0251  0.0257  0.0257  0.0256  0.0254  0.0255  0.0256
  0.0267  0.0260  0.0262  0.0264  0.0267  0.0267  0.0265  0.0270  0.0261  0.0259  0.0258  0.0260
  0.0282  0.0269  0.0270  0.0284  0.0286  0.0301  0.0276  0.0291  0.0270  0.0270  0.0264  0.0267
niter,ni,del,rscale     3    3    5.0000    1.2000
parameters
    0.2584   32.7534   13.3615   -4.5035   -9.9018  -10.5723
    2.5465    5.7341    1.4231    5.3205   -7.4077   -4.9462
eta,q 0.97462  7.82708
  0.0281  0.0278  0.0265  0.0282  0.0278  0.0286  0.0276  0.0287  0.0270  0.0277  0.0264  0.0265
  0.0266  0.0265  0.0258  0.0270  0.0266  0.0270  0.0264  0.0271  0.0262  0.0265  0.0259  0.0259
  0.0257  0.0257  0.0254  0.0259  0.0257  0.0261  0.0257  0.0259  0.0256  0.0258  0.0255  0.0255
  0.0254  0.0254  0.0254  0.0253  0.0253  0.0253  0.0254  0.0254  0.0254  0.0254  0.0254  0.0254
  0.0257  0.0255  0.0256  0.0254  0.0256  0.0251  0.0257  0.0257  0.0256  0.0254  0.0255  0.0256
  0.0267  0.0260  0.0262  0.0265  0.0267  0.0266  0.0265  0.0270  0.0261  0.0259  0.0258  0.0260
  0.0282  0.0269  0.0269  0.0285  0.0286  0.0299  0.0276  0.0290  0.0270  0.0270  0.0264  0.0266
niter,ni,del,rscale     2    3    5.0000    1.2000
parameters
    0.2374   33.0349   13.1610   -4.4187  -10.3779  -10.8618
    2.5573    5.6718    1.4692    6.1046   -7.4202   -5.1256
eta,q 0.97461  7.80349
  0.0281  0.0278  0.0265  0.0282  0.0277  0.0285  0.0276  0.0287  0.0270  0.0277  0.0264  0.0265
  0.0266  0.0265  0.0258  0.0270  0.0266  0.0269  0.0264  0.0271  0.0262  0.0266  0.0258  0.0259
  0.0257  0.0257  0.0254  0.0259  0.0257  0.0261  0.0257  0.0259  0.0256  0.0258  0.0255  0.0255
  0.0254  0.0254  0.0254  0.0253  0.0253  0.0254  0.0254  0.0254  0.0254  0.0254  0.0254  0.0254
  0.0257  0.0255  0.0256  0.0255  0.0256  0.0251  0.0257  0.0257  0.0256  0.0254  0.0255  0.0255
  0.0267  0.0260  0.0261  0.0265  0.0267  0.0267  0.0265  0.0269  0.0261  0.0259  0.0258  0.0260
  0.0281  0.0269  0.0269  0.0285  0.0286  0.0299  0.0275  0.0290  0.0270  0.0270  0.0264  0.0266
niter,ni,del,rscale     1    3    5.0000    1.2000
parameters
    0.2207   33.3300   12.9481   -4.3486  -10.8899  -11.2142
    2.5686    5.6153    1.5291    6.9050   -7.4429   -5.2665
eta,q 0.97459  7.77581
  0.0281  0.0278  0.0265  0.0282  0.0276  0.0284  0.0276  0.0286  0.0271  0.0277  0.0264  0.0265
  0.0266  0.0265  0.0257  0.0270  0.0265  0.0269  0.0264  0.0270  0.0262  0.0266  0.0259  0.0259
  0.0257  0.0257  0.0254  0.0259  0.0257  0.0260  0.0257  0.0259  0.0257  0.0259  0.0255  0.0255
  0.0254  0.0254  0.0254  0.0253  0.0253  0.0254  0.0255  0.0255  0.0255  0.0255  0.0254  0.0254
  0.0257  0.0255  0.0256  0.0255  0.0256  0.0251  0.0257  0.0257  0.0256  0.0254  0.0255  0.0256
  0.0267  0.0260  0.0261  0.0265  0.0267  0.0267  0.0264  0.0269  0.0262  0.0259  0.0259  0.0259
  0.0281  0.0268  0.0268  0.0285  0.0285  0.0298  0.0275  0.0289  0.0270  0.0270  0.0264  0.0265
registration optimization eta report
parameter search radius
    2.4000    2.4000    2.4000    8.2800    8.2800    8.2800
    7.2000    7.2000    7.2000    7.2000    7.2000    7.2000
100000*second partial in parameter space
       47.       33.       22.        4.        4.        6.
        4.        6.        3.        4.        2.        2.
  0.0281  0.0278  0.0265  0.0282  0.0276  0.0284  0.0276  0.0286  0.0271  0.0277  0.0264  0.0265
  0.0266  0.0265  0.0257  0.0270  0.0265  0.0269  0.0264  0.0270  0.0262  0.0266  0.0259  0.0259
  0.0257  0.0257  0.0254  0.0259  0.0257  0.0260  0.0257  0.0259  0.0257  0.0259  0.0255  0.0255
  0.0254  0.0254  0.0254  0.0253  0.0253  0.0254  0.0255  0.0255  0.0255  0.0255  0.0254  0.0254
  0.0257  0.0255  0.0256  0.0255  0.0256  0.0251  0.0257  0.0257  0.0256  0.0254  0.0255  0.0256
  0.0267  0.0260  0.0261  0.0265  0.0267  0.0267  0.0264  0.0269  0.0262  0.0259  0.0259  0.0259
  0.0281  0.0268  0.0268  0.0285  0.0285  0.0298  0.0275  0.0289  0.0270  0.0270  0.0264  0.0265
    0.2207   33.3300   12.9481   -4.3486  -10.8899  -11.2142
    2.5686    5.6153    1.5291    6.9050   -7.4429   -5.2665
eta,q 0.97459  7.77581

---------------------------------------------------------------------
imgreg_4dfp /opt/freesurfer/average/711-2C_as_mni_average_305 /opt/freesurfer/average/711-2B_as_mni_average_305_mask talsrcimg_g11 none talsrcimg_to_711-2C_as_mni_average_305_t4 2311
---------------------------------------------------------------------

freesurfer imgreg_4dfp.c
/opt/freesurfer/average/711-2C_as_mni_average_305.4dfp.img
       256       256       256         1
  1.000000  1.000000  1.000000
orientation T byte_order littleendian
Reading image: /opt/freesurfer/average/711-2C_as_mni_average_305.4dfp.img
dimensions:      256       256       256
mmppix:       1.0000   -1.0000   -1.0000
center:     128.0000 -129.0000 -129.0000
/opt/freesurfer/average/711-2B_as_mni_average_305_mask.4dfp.img
       256       256       256         1
  1.000000  1.000000  1.000000
orientation T byte_order littleendian
Reading mask: /opt/freesurfer/average/711-2B_as_mni_average_305_mask.4dfp.img (2306576 pixels)
talsrcimg_g11.4dfp.img
       256       256       256         1
  1.000000  1.000000  1.000000
orientation T byte_order littleendian
Reading image: talsrcimg_g11.4dfp.img
dimensions:      256       256       256
mmppix:       1.0000   -1.0000   -1.0000
center:     128.0000 -129.0000 -129.0000
fimgreg.f
image alignment mode   2311 decimal      907 hex
parameters
    0.2207   33.3300   12.9481   -4.3486  -10.8899  -11.2142
    2.5686    5.6153    1.5291    6.9050   -7.4429   -5.2665
eta,q 0.97459  7.77581
niter,ni,del,rscale     5    3    5.0000    0.8000
parameters
    0.1961   33.6007   12.6471   -3.6586  -10.8547  -10.4823
    2.5557    5.6687    1.6500    7.6120   -7.4458   -5.9915
eta,q 0.97491  7.82705
  0.0266  0.0266  0.0257  0.0267  0.0262  0.0266  0.0262  0.0269  0.0260  0.0264  0.0257  0.0255
  0.0259  0.0260  0.0255  0.0261  0.0257  0.0261  0.0256  0.0260  0.0255  0.0258  0.0254  0.0252
  0.0255  0.0256  0.0254  0.0256  0.0254  0.0257  0.0253  0.0254  0.0252  0.0254  0.0252  0.0251
  0.0254  0.0254  0.0254  0.0254  0.0253  0.0253  0.0251  0.0251  0.0251  0.0251  0.0251  0.0251
  0.0256  0.0254  0.0255  0.0253  0.0254  0.0251  0.0253  0.0253  0.0252  0.0251  0.0252  0.0252
  0.0260  0.0256  0.0258  0.0256  0.0256  0.0253  0.0256  0.0259  0.0255  0.0254  0.0254  0.0255
  0.0267  0.0260  0.0261  0.0262  0.0262  0.0262  0.0262  0.0270  0.0259  0.0259  0.0257  0.0258
niter,ni,del,rscale     4    3    5.0000    0.7000
parameters
    0.2061   33.7810   12.7313   -3.7079  -10.9720  -10.1466
    2.4698    5.6977    1.6789    8.0671   -7.4448   -6.2371
eta,q 0.97500  7.83571
  0.0261  0.0260  0.0257  0.0259  0.0257  0.0262  0.0258  0.0264  0.0256  0.0259  0.0255  0.0254
  0.0255  0.0255  0.0254  0.0255  0.0254  0.0258  0.0253  0.0257  0.0253  0.0255  0.0252  0.0252
  0.0252  0.0252  0.0251  0.0252  0.0252  0.0255  0.0251  0.0252  0.0251  0.0252  0.0251  0.0250
  0.0251  0.0251  0.0251  0.0251  0.0251  0.0251  0.0250  0.0250  0.0250  0.0250  0.0250  0.0250
  0.0252  0.0251  0.0251  0.0252  0.0251  0.0250  0.0251  0.0251  0.0251  0.0250  0.0250  0.0251
  0.0255  0.0253  0.0253  0.0255  0.0254  0.0253  0.0254  0.0256  0.0253  0.0252  0.0252  0.0252
  0.0261  0.0256  0.0255  0.0260  0.0259  0.0261  0.0258  0.0265  0.0256  0.0256  0.0255  0.0255
niter,ni,del,rscale     3    3    5.0000    0.6000
parameters
    0.2224   33.8723   12.7996   -3.7212  -11.0837   -9.8227
    2.4434    5.7233    1.7106    8.2732   -7.4431   -6.4156
eta,q 0.97506  7.84426
  0.0257  0.0256  0.0255  0.0257  0.0255  0.0259  0.0255  0.0260  0.0254  0.0256  0.0253  0.0253
  0.0253  0.0253  0.0252  0.0253  0.0252  0.0257  0.0252  0.0255  0.0251  0.0253  0.0251  0.0251
  0.0251  0.0251  0.0251  0.0251  0.0251  0.0253  0.0250  0.0251  0.0250  0.0251  0.0250  0.0250
  0.0250  0.0250  0.0250  0.0250  0.0250  0.0250  0.0249  0.0249  0.0249  0.0249  0.0249  0.0249
  0.0251  0.0250  0.0250  0.0251  0.0250  0.0249  0.0250  0.0250  0.0250  0.0250  0.0250  0.0250
  0.0253  0.0252  0.0252  0.0253  0.0252  0.0252  0.0252  0.0254  0.0251  0.0252  0.0251  0.0251
  0.0257  0.0254  0.0254  0.0257  0.0256  0.0259  0.0255  0.0261  0.0254  0.0255  0.0253  0.0253
niter,ni,del,rscale     2    3    5.0000    0.5000
parameters
    0.2387   33.9086   12.9099   -3.7166  -11.1270   -9.4683
    2.4215    5.7499    1.7316    8.3371   -7.4755   -6.5442
eta,q 0.97510  7.85674
  0.0255  0.0253  0.0253  0.0254  0.0253  0.0258  0.0253  0.0257  0.0252  0.0253  0.0252  0.0251
  0.0252  0.0251  0.0251  0.0252  0.0251  0.0255  0.0251  0.0253  0.0250  0.0251  0.0250  0.0250
  0.0250  0.0250  0.0250  0.0250  0.0250  0.0252  0.0249  0.0250  0.0249  0.0250  0.0249  0.0249
  0.0249  0.0249  0.0249  0.0249  0.0249  0.0249  0.0249  0.0249  0.0249  0.0249  0.0249  0.0249
  0.0250  0.0250  0.0250  0.0250  0.0250  0.0249  0.0250  0.0250  0.0249  0.0249  0.0249  0.0249
  0.0252  0.0251  0.0250  0.0252  0.0251  0.0251  0.0251  0.0252  0.0250  0.0251  0.0250  0.0250
  0.0254  0.0253  0.0252  0.0254  0.0253  0.0256  0.0253  0.0257  0.0252  0.0253  0.0252  0.0252
niter,ni,del,rscale     1    3    5.0000    0.4000
parameters
    0.2550   33.8975   13.0533   -3.7198  -11.1035   -9.1325
    2.3946    5.7803    1.7658    8.2721   -7.5215   -6.6255
eta,q 0.97514  7.87048
  0.0252  0.0251  0.0252  0.0252  0.0251  0.0255  0.0251  0.0254  0.0251  0.0251  0.0250  0.0250
  0.0251  0.0250  0.0250  0.0250  0.0250  0.0253  0.0250  0.0251  0.0250  0.0250  0.0249  0.0249
  0.0249  0.0249  0.0249  0.0249  0.0249  0.0250  0.0249  0.0249  0.0249  0.0249  0.0249  0.0249
  0.0249  0.0249  0.0249  0.0249  0.0249  0.0249  0.0249  0.0249  0.0249  0.0249  0.0249  0.0249
  0.0249  0.0249  0.0249  0.0249  0.0249  0.0249  0.0249  0.0249  0.0249  0.0249  0.0249  0.0249
  0.0250  0.0250  0.0249  0.0250  0.0250  0.0250  0.0250  0.0251  0.0250  0.0250  0.0249  0.0249
  0.0252  0.0251  0.0250  0.0252  0.0251  0.0253  0.0251  0.0254  0.0251  0.0252  0.0251  0.0250
registration optimization eta report
parameter search radius
    0.8000    0.8000    0.8000    2.4000    2.4000    2.4000
    2.4000    2.4000    2.4000    2.4000    2.4000    2.4000
100000*second partial in parameter space
       52.       34.       32.        6.        4.        9.
        5.        9.        3.        5.        3.        3.
  0.0252  0.0251  0.0252  0.0252  0.0251  0.0255  0.0251  0.0254  0.0251  0.0251  0.0250  0.0250
  0.0251  0.0250  0.0250  0.0250  0.0250  0.0253  0.0250  0.0251  0.0250  0.0250  0.0249  0.0249
  0.0249  0.0249  0.0249  0.0249  0.0249  0.0250  0.0249  0.0249  0.0249  0.0249  0.0249  0.0249
  0.0249  0.0249  0.0249  0.0249  0.0249  0.0249  0.0249  0.0249  0.0249  0.0249  0.0249  0.0249
  0.0249  0.0249  0.0249  0.0249  0.0249  0.0249  0.0249  0.0249  0.0249  0.0249  0.0249  0.0249
  0.0250  0.0250  0.0249  0.0250  0.0250  0.0250  0.0250  0.0251  0.0250  0.0250  0.0249  0.0249
  0.0252  0.0251  0.0250  0.0252  0.0251  0.0253  0.0251  0.0254  0.0251  0.0252  0.0251  0.0250
    0.2550   33.8975   13.0533   -3.7198  -11.1035   -9.1325
    2.3946    5.7803    1.7658    8.2721   -7.5215   -6.6255
eta,q 0.97514  7.87048

---------------------------------------------------------------------
imgreg_4dfp /opt/freesurfer/average/711-2C_as_mni_average_305 /opt/freesurfer/average/711-2B_as_mni_average_305_mask talsrcimg_g11 none talsrcimg_to_711-2C_as_mni_average_305_t4 2311
---------------------------------------------------------------------

freesurfer imgreg_4dfp.c
/opt/freesurfer/average/711-2C_as_mni_average_305.4dfp.img
       256       256       256         1
  1.000000  1.000000  1.000000
orientation T byte_order littleendian
Reading image: /opt/freesurfer/average/711-2C_as_mni_average_305.4dfp.img
dimensions:      256       256       256
mmppix:       1.0000   -1.0000   -1.0000
center:     128.0000 -129.0000 -129.0000
/opt/freesurfer/average/711-2B_as_mni_average_305_mask.4dfp.img
       256       256       256         1
  1.000000  1.000000  1.000000
orientation T byte_order littleendian
Reading mask: /opt/freesurfer/average/711-2B_as_mni_average_305_mask.4dfp.img (2306576 pixels)
talsrcimg_g11.4dfp.img
       256       256       256         1
  1.000000  1.000000  1.000000
orientation T byte_order littleendian
Reading image: talsrcimg_g11.4dfp.img
dimensions:      256       256       256
mmppix:       1.0000   -1.0000   -1.0000
center:     128.0000 -129.0000 -129.0000
fimgreg.f
image alignment mode   2311 decimal      907 hex
parameters
    0.2550   33.8975   13.0533   -3.7198  -11.1035   -9.1325
    2.3946    5.7803    1.7658    8.2721   -7.5215   -6.6255
eta,q 0.97514  7.87048
niter,ni,del,rscale     5    3    5.0000    0.8000
parameters
    0.2788   33.8730   13.2032   -3.9722  -11.2870   -9.6280
    2.3897    5.7717    1.7301    8.2239   -7.5341   -6.1097
eta,q 0.97507  7.83658
  0.0262  0.0257  0.0258  0.0259  0.0257  0.0262  0.0259  0.0267  0.0257  0.0259  0.0255  0.0257
  0.0255  0.0252  0.0253  0.0254  0.0253  0.0258  0.0254  0.0258  0.0253  0.0254  0.0252  0.0253
  0.0250  0.0249  0.0250  0.0250  0.0250  0.0252  0.0251  0.0252  0.0250  0.0251  0.0250  0.0250
  0.0249  0.0249  0.0249  0.0249  0.0249  0.0249  0.0249  0.0249  0.0249  0.0249  0.0249  0.0249
  0.0250  0.0250  0.0249  0.0250  0.0250  0.0250  0.0251  0.0251  0.0250  0.0250  0.0250  0.0250
  0.0254  0.0253  0.0251  0.0255  0.0253  0.0259  0.0254  0.0258  0.0253  0.0254  0.0252  0.0251
  0.0261  0.0258  0.0255  0.0263  0.0259  0.0274  0.0259  0.0268  0.0257  0.0260  0.0255  0.0254
niter,ni,del,rscale     4    3    5.0000    0.7000
parameters
    0.2619   33.8376   13.0372   -3.8415  -11.2194   -9.7571
    2.4180    5.7840    1.7350    8.1422   -7.5198   -6.1391
eta,q 0.97506  7.83772
  0.0259  0.0256  0.0254  0.0259  0.0256  0.0260  0.0257  0.0264  0.0255  0.0257  0.0254  0.0254
  0.0254  0.0252  0.0251  0.0254  0.0253  0.0257  0.0253  0.0256  0.0252  0.0253  0.0252  0.0251
  0.0250  0.0250  0.0250  0.0251  0.0250  0.0253  0.0250  0.0251  0.0250  0.0250  0.0250  0.0250
  0.0249  0.0249  0.0249  0.0249  0.0249  0.0249  0.0249  0.0249  0.0249  0.0249  0.0249  0.0249
  0.0251  0.0250  0.0251  0.0250  0.0250  0.0249  0.0250  0.0251  0.0250  0.0250  0.0250  0.0250
  0.0254  0.0253  0.0253  0.0253  0.0252  0.0255  0.0253  0.0256  0.0252  0.0253  0.0251  0.0251
  0.0259  0.0256  0.0257  0.0258  0.0256  0.0265  0.0257  0.0264  0.0255  0.0258  0.0254  0.0254
niter,ni,del,rscale     3    3    5.0000    0.6000
parameters
    0.2579   33.8488   12.9845   -3.7624  -11.1253   -9.6076
    2.4102    5.7855    1.7457    8.1561   -7.5197   -6.3128
eta,q 0.97509  7.84943
  0.0257  0.0254  0.0253  0.0256  0.0255  0.0259  0.0255  0.0260  0.0253  0.0255  0.0253  0.0252
  0.0253  0.0252  0.0251  0.0253  0.0252  0.0256  0.0252  0.0254  0.0251  0.0252  0.0251  0.0250
  0.0250  0.0250  0.0250  0.0250  0.0250  0.0252  0.0250  0.0251  0.0250  0.0250  0.0250  0.0249
  0.0249  0.0249  0.0249  0.0249  0.0249  0.0249  0.0249  0.0249  0.0249  0.0249  0.0249  0.0249
  0.0250  0.0250  0.0250  0.0250  0.0250  0.0249  0.0250  0.0250  0.0250  0.0250  0.0250  0.0250
  0.0253  0.0252  0.0252  0.0252  0.0251  0.0253  0.0252  0.0254  0.0251  0.0252  0.0251  0.0251
  0.0257  0.0254  0.0254  0.0256  0.0254  0.0260  0.0255  0.0260  0.0253  0.0255  0.0253  0.0253
niter,ni,del,rscale     2    3    5.0000    0.5000
parameters
    0.2604   33.8428   13.0293   -3.7408  -11.0554   -9.3239
    2.3920    5.7934    1.7669    8.1425   -7.5344   -6.4639
eta,q 0.97512  7.86375
  0.0254  0.0252  0.0253  0.0254  0.0253  0.0257  0.0253  0.0257  0.0252  0.0253  0.0251  0.0251
  0.0251  0.0251  0.0251  0.0252  0.0251  0.0254  0.0251  0.0253  0.0250  0.0251  0.0250  0.0250
  0.0250  0.0249  0.0250  0.0250  0.0250  0.0251  0.0249  0.0250  0.0249  0.0249  0.0249  0.0249
  0.0249  0.0249  0.0249  0.0249  0.0249  0.0249  0.0249  0.0249  0.0249  0.0249  0.0249  0.0249
  0.0250  0.0250  0.0249  0.0250  0.0249  0.0249  0.0249  0.0250  0.0249  0.0249  0.0249  0.0249
  0.0251  0.0251  0.0250  0.0251  0.0250  0.0251  0.0251  0.0252  0.0250  0.0251  0.0250  0.0250
  0.0254  0.0253  0.0252  0.0254  0.0253  0.0256  0.0253  0.0257  0.0252  0.0253  0.0251  0.0251
niter,ni,del,rscale     1    3    5.0000    0.4000
parameters
    0.2665   33.8174   13.1442   -3.7309  -10.9918   -9.0084
    2.3785    5.8057    1.7994    8.0649   -7.5906   -6.5435
eta,q 0.97515  7.87850
  0.0252  0.0251  0.0251  0.0252  0.0251  0.0255  0.0251  0.0254  0.0250  0.0251  0.0250  0.0250
  0.0250  0.0250  0.0250  0.0250  0.0250  0.0253  0.0250  0.0251  0.0249  0.0250  0.0249  0.0249
  0.0249  0.0249  0.0249  0.0249  0.0249  0.0250  0.0249  0.0249  0.0249  0.0249  0.0249  0.0249
  0.0249  0.0249  0.0249  0.0249  0.0249  0.0249  0.0248  0.0248  0.0248  0.0249  0.0249  0.0248
  0.0249  0.0249  0.0249  0.0249  0.0249  0.0249  0.0249  0.0249  0.0249  0.0249  0.0249  0.0249
  0.0250  0.0250  0.0249  0.0250  0.0250  0.0250  0.0250  0.0251  0.0249  0.0250  0.0249  0.0249
  0.0252  0.0251  0.0250  0.0252  0.0251  0.0253  0.0251  0.0254  0.0250  0.0252  0.0250  0.0250
registration optimization eta report
parameter search radius
    0.8000    0.8000    0.8000    2.4000    2.4000    2.4000
    2.4000    2.4000    2.4000    2.4000    2.4000    2.4000
100000*second partial in parameter space
       52.       35.       32.        6.        4.        9.
        5.        9.        3.        5.        3.        3.
  0.0252  0.0251  0.0251  0.0252  0.0251  0.0255  0.0251  0.0254  0.0250  0.0251  0.0250  0.0250
  0.0250  0.0250  0.0250  0.0250  0.0250  0.0253  0.0250  0.0251  0.0249  0.0250  0.0249  0.0249
  0.0249  0.0249  0.0249  0.0249  0.0249  0.0250  0.0249  0.0249  0.0249  0.0249  0.0249  0.0249
  0.0249  0.0249  0.0249  0.0249  0.0249  0.0249  0.0248  0.0248  0.0248  0.0249  0.0249  0.0248
  0.0249  0.0249  0.0249  0.0249  0.0249  0.0249  0.0249  0.0249  0.0249  0.0249  0.0249  0.0249
  0.0250  0.0250  0.0249  0.0250  0.0250  0.0250  0.0250  0.0251  0.0249  0.0250  0.0249  0.0249
  0.0252  0.0251  0.0250  0.0252  0.0251  0.0253  0.0251  0.0254  0.0250  0.0252  0.0250  0.0250
    0.2665   33.8174   13.1442   -3.7309  -10.9918   -9.0084
    2.3785    5.8057    1.7994    8.0649   -7.5906   -6.5435
eta,q 0.97515  7.87850

---------------------------------------------------------------------
compute_vox2vox talsrcimg talsrcimg_to_711-2C_as_mni_average_305_t4 /opt/freesurfer/average/711-2C_as_mni_average_305
---------------------------------------------------------------------

freesurfer compute_vox2vox.c
Reading: talsrcimg.4dfp.ifh
Reading: talsrcimg_to_711-2C_as_mni_average_305_t4
Reading: /opt/freesurfer/average/711-2C_as_mni_average_305.4dfp.ifh
Writing: talsrcimg_to_711-2C_as_mni_average_305_t4_vox2vox.txt

start time Fri Mar 13 02:20:05 CET 2026
end		time Fri Mar 13 02:20:19 CET 2026

mpr2mni305 success

avi2talxfm orig_nu.mgz /opt/freesurfer/average/mni305.cor.mgz talsrcimg_to_711-2C_as_mni_average_305_t4_vox2vox.txt transforms/talairach.auto.xfm
avi2talxfm done
mv -f /out/sourcedata/freesurfer/sub-v2s3x28820_ses-1/mri/talsrcimg_to_711-2C_as_mni_average_305_t4_vox2vox.txt /out/sourcedata/freesurfer/sub-v2s3x28820_ses-1/mri/transforms/talsrcimg_to_711-2C_as_mni_average_305_t4_vox2vox.txt
lta_convert --src orig_nu.mgz --trg /opt/freesurfer/average/mni305.cor.mgz --inxfm transforms/talairach.auto.xfm --outlta transforms/talairach.auto.xfm.lta --subject fsaverage
7.3.2

--src: orig_nu.mgz src image (geometry).
--trg: /opt/freesurfer/average/mni305.cor.mgz trg image (geometry).
--inmni: transforms/talairach.auto.xfm input MNI/XFM transform.
--outlta: transforms/talairach.auto.xfm.lta output LTA.
--s: fsaverage subject name
 LTA read, type : 1
 1.03438  -0.06314  -0.03228  -14.49623;
 0.08424   1.08675   0.07764  -41.47658;
-0.02854  -0.09719   1.11711  -35.35320;
 0.00000   0.00000   0.00000   1.00000;
setting subject to fsaverage
Writing  LTA to file transforms/talairach.auto.xfm.lta...
lta_convert successful.
 
 
Started at Fri Mar 13 02:20:05 CET 2026
Ended   at Fri Mar 13 02:20:19 CET 2026
talairach_avi done
