status file for recon-all
Fri Mar 13 02:05:10 CET 2026
#@# MotionCor Fri Mar 13 02:05:12 CET 2026
#@# Talairach Fri Mar 13 02:05:20 CET 2026
#@# Talairach Failure Detection Fri Mar 13 02:09:45 CET 2026
#@# Nu Intensity Correction Fri Mar 13 02:09:45 CET 2026
#@# Intensity Normalization Fri Mar 13 02:13:00 CET 2026
recon-all -s sub-v2s3x28815_ses-1 finished without error at Fri Mar 13 02:14:33 CET 2026



#New# invocation of recon-all 



status file for recon-all
Fri Mar 13 02:22:26 CET 2026
#@# EM Registration Fri Mar 13 02:22:26 CET 2026
recon-all -s sub-v2s3x28815_ses-1 finished without error at Fri Mar 13 02:24:11 CET 2026



#New# invocation of recon-all 



status file for recon-all
Fri Mar 13 02:24:14 CET 2026
#@# CA Normalize Fri Mar 13 02:24:14 CET 2026
#@# CA Reg Fri Mar 13 02:25:39 CET 2026
#@# SubCort Seg Fri Mar 13 03:14:34 CET 2026
#@# CC Seg Fri Mar 13 03:42:17 CET 2026
#@# Merge ASeg Fri Mar 13 03:43:01 CET 2026
#@# Intensity Normalization2 Fri Mar 13 03:43:01 CET 2026
#@# Mask BFS Fri Mar 13 03:45:21 CET 2026
#@# WM Segmentation Fri Mar 13 03:45:22 CET 2026
#@# Fill Fri Mar 13 03:47:16 CET 2026
recon-all -s sub-v2s3x28815_ses-1 finished without error at Fri Mar 13 03:48:18 CET 2026



#New# invocation of recon-all 



status file for recon-all
Fri Mar 13 04:49:04 CET 2026
#@# white curv lh Fri Mar 13 04:49:04 CET 2026
#@# white area lh Fri Mar 13 04:49:04 CET 2026
#@# pial curv lh Fri Mar 13 04:49:04 CET 2026
#@# pial area lh Fri Mar 13 04:49:04 CET 2026
#@# thickness lh Fri Mar 13 04:49:04 CET 2026
#@# area and vertex vol lh Fri Mar 13 04:49:04 CET 2026
#@# white curv rh Fri Mar 13 04:49:04 CET 2026
#@# white area rh Fri Mar 13 04:49:04 CET 2026
#@# pial curv rh Fri Mar 13 04:49:04 CET 2026
#@# pial area rh Fri Mar 13 04:49:04 CET 2026
#@# thickness rh Fri Mar 13 04:49:04 CET 2026
#@# area and vertex vol rh Fri Mar 13 04:49:04 CET 2026
#@# Cortical ribbon mask Fri Mar 13 04:49:04 CET 2026
recon-all -s sub-v2s3x28815_ses-1 finished without error at Fri Mar 13 04:53:48 CET 2026



#New# invocation of recon-all 



status file for recon-all
Fri Mar 13 05:00:38 CET 2026
#@# white curv lh Fri Mar 13 05:00:38 CET 2026
#@# white area lh Fri Mar 13 05:00:38 CET 2026
#@# pial curv lh Fri Mar 13 05:00:38 CET 2026
#@# pial area lh Fri Mar 13 05:00:38 CET 2026
#@# thickness lh Fri Mar 13 05:00:38 CET 2026
#@# area and vertex vol lh Fri Mar 13 05:00:38 CET 2026
#@# white curv rh Fri Mar 13 05:00:38 CET 2026
#@# white area rh Fri Mar 13 05:00:38 CET 2026
#@# pial curv rh Fri Mar 13 05:00:38 CET 2026
#@# pial area rh Fri Mar 13 05:00:38 CET 2026
#@# thickness rh Fri Mar 13 05:00:38 CET 2026
#@# area and vertex vol rh Fri Mar 13 05:00:39 CET 2026
#@# Curvature Stats lh Fri Mar 13 05:00:39 CET 2026
#@# Curvature Stats rh Fri Mar 13 05:00:41 CET 2026
#@# Relabel Hypointensities Fri Mar 13 05:00:44 CET 2026
#@# APas-to-ASeg Fri Mar 13 05:01:00 CET 2026
#@# AParc-to-ASeg aparc Fri Mar 13 05:01:08 CET 2026
#@# AParc-to-ASeg aparc.a2009s Fri Mar 13 05:01:58 CET 2026
#@# AParc-to-ASeg aparc.DKTatlas Fri Mar 13 05:02:45 CET 2026
#@# WMParc Fri Mar 13 05:03:35 CET 2026
#@# ASeg Stats Fri Mar 13 05:08:21 CET 2026
recon-all -s sub-v2s3x28815_ses-1 finished without error at Fri Mar 13 05:09:01 CET 2026
