status file for recon-all
Fri Mar 13 02:52:01 CET 2026
#@# Tessellate lh Fri Mar 13 02:52:01 CET 2026
#@# Smooth1 lh Fri Mar 13 02:52:05 CET 2026
#@# Inflation1 lh Fri Mar 13 02:52:08 CET 2026
#@# QSphere lh Fri Mar 13 02:52:21 CET 2026
#@# Fix Topology lh Fri Mar 13 02:53:29 CET 2026
#@# Smooth2 lh Fri Mar 13 03:05:23 CET 2026
#@# Inflation2 lh Fri Mar 13 03:05:26 CET 2026
#@# Curv .H and .K lh Fri Mar 13 03:05:40 CET 2026
#@# Sphere lh Fri Mar 13 03:06:21 CET 2026
#@# Surf Reg lh Fri Mar 13 03:11:03 CET 2026
#@# Jacobian white lh Fri Mar 13 03:14:55 CET 2026
#@# AvgCurv lh Fri Mar 13 03:14:56 CET 2026
#@# Cortical Parc lh Fri Mar 13 03:14:57 CET 2026
#@# white curv lh Fri Mar 13 03:21:10 CET 2026
#@# white area lh Fri Mar 13 03:21:12 CET 2026
#@# pial curv lh Fri Mar 13 03:21:13 CET 2026
#@# pial area lh Fri Mar 13 03:21:15 CET 2026
#@# thickness lh Fri Mar 13 03:21:16 CET 2026
#@# area and vertex vol lh Fri Mar 13 03:21:43 CET 2026
#@# Curvature Stats lh Fri Mar 13 03:21:44 CET 2026
#@# Cortical Parc 2 lh Fri Mar 13 03:21:47 CET 2026
#@# Cortical Parc 3 lh Fri Mar 13 03:21:59 CET 2026
#@# WM/GM Contrast lh Fri Mar 13 03:22:08 CET 2026
recon-all -s sub-v2s3x28802_ses-1 finished without error at Fri Mar 13 03:22:11 CET 2026



#New# invocation of recon-all 



status file for recon-all
Fri Mar 13 03:57:14 CET 2026
#@# white curv lh Fri Mar 13 03:57:14 CET 2026
#@# white area lh Fri Mar 13 03:57:14 CET 2026
#@# pial curv lh Fri Mar 13 03:57:14 CET 2026
#@# pial area lh Fri Mar 13 03:57:14 CET 2026
#@# thickness lh Fri Mar 13 03:57:14 CET 2026
#@# area and vertex vol lh Fri Mar 13 03:57:14 CET 2026
#@# Parcellation Stats lh Fri Mar 13 03:57:14 CET 2026
#@# Parcellation Stats 2 lh Fri Mar 13 03:57:30 CET 2026
#@# Parcellation Stats 3 lh Fri Mar 13 03:57:39 CET 2026
#@# BA_exvivo Labels lh Fri Mar 13 03:57:47 CET 2026
recon-all -s sub-v2s3x28802_ses-1 finished without error at Fri Mar 13 04:00:20 CET 2026
