status file for recon-all
Fri Mar 13 00:52:03 CET 2026
#@# MotionCor Fri Mar 13 00:52:06 CET 2026
#@# Talairach Fri Mar 13 00:52:13 CET 2026
#@# Talairach Failure Detection Fri Mar 13 00:56:43 CET 2026
#@# Nu Intensity Correction Fri Mar 13 00:56:43 CET 2026
#@# Intensity Normalization Fri Mar 13 01:00:00 CET 2026
recon-all -s sub-v2s3x28802_ses-1 finished without error at Fri Mar 13 01:01:29 CET 2026



#New# invocation of recon-all 



status file for recon-all
Fri Mar 13 01:09:36 CET 2026
#@# EM Registration Fri Mar 13 01:09:36 CET 2026
recon-all -s sub-v2s3x28802_ses-1 finished without error at Fri Mar 13 01:12:10 CET 2026



#New# invocation of recon-all 



status file for recon-all
Fri Mar 13 01:12:13 CET 2026
#@# CA Normalize Fri Mar 13 01:12:13 CET 2026
#@# CA Reg Fri Mar 13 01:13:34 CET 2026
#@# SubCort Seg Fri Mar 13 02:15:21 CET 2026
#@# CC Seg Fri Mar 13 02:45:52 CET 2026
#@# Merge ASeg Fri Mar 13 02:46:35 CET 2026
#@# Intensity Normalization2 Fri Mar 13 02:46:35 CET 2026
#@# Mask BFS Fri Mar 13 02:48:50 CET 2026
#@# WM Segmentation Fri Mar 13 02:48:50 CET 2026
#@# Fill Fri Mar 13 02:50:56 CET 2026
recon-all -s sub-v2s3x28802_ses-1 finished without error at Fri Mar 13 02:51:58 CET 2026



#New# invocation of recon-all 



status file for recon-all
Fri Mar 13 03:50:40 CET 2026
#@# white curv lh Fri Mar 13 03:50:40 CET 2026
#@# white area lh Fri Mar 13 03:50:40 CET 2026
#@# pial curv lh Fri Mar 13 03:50:40 CET 2026
#@# pial area lh Fri Mar 13 03:50:40 CET 2026
#@# thickness lh Fri Mar 13 03:50:40 CET 2026
#@# area and vertex vol lh Fri Mar 13 03:50:40 CET 2026
#@# white curv rh Fri Mar 13 03:50:40 CET 2026
#@# white area rh Fri Mar 13 03:50:40 CET 2026
#@# pial curv rh Fri Mar 13 03:50:40 CET 2026
#@# pial area rh Fri Mar 13 03:50:40 CET 2026
#@# thickness rh Fri Mar 13 03:50:40 CET 2026
#@# area and vertex vol rh Fri Mar 13 03:50:40 CET 2026
#@# Cortical ribbon mask Fri Mar 13 03:50:40 CET 2026
recon-all -s sub-v2s3x28802_ses-1 finished without error at Fri Mar 13 03:57:10 CET 2026



#New# invocation of recon-all 



status file for recon-all
Fri Mar 13 04:03:32 CET 2026
#@# white curv lh Fri Mar 13 04:03:32 CET 2026
#@# white area lh Fri Mar 13 04:03:32 CET 2026
#@# pial curv lh Fri Mar 13 04:03:32 CET 2026
#@# pial area lh Fri Mar 13 04:03:32 CET 2026
#@# thickness lh Fri Mar 13 04:03:32 CET 2026
#@# area and vertex vol lh Fri Mar 13 04:03:32 CET 2026
#@# white curv rh Fri Mar 13 04:03:32 CET 2026
#@# white area rh Fri Mar 13 04:03:32 CET 2026
#@# pial curv rh Fri Mar 13 04:03:32 CET 2026
#@# pial area rh Fri Mar 13 04:03:32 CET 2026
#@# thickness rh Fri Mar 13 04:03:32 CET 2026
#@# area and vertex vol rh Fri Mar 13 04:03:32 CET 2026
#@# Curvature Stats lh Fri Mar 13 04:03:32 CET 2026
#@# Curvature Stats rh Fri Mar 13 04:03:34 CET 2026
#@# Relabel Hypointensities Fri Mar 13 04:03:37 CET 2026
#@# APas-to-ASeg Fri Mar 13 04:03:52 CET 2026
#@# AParc-to-ASeg aparc Fri Mar 13 04:04:00 CET 2026
#@# AParc-to-ASeg aparc.a2009s Fri Mar 13 04:04:35 CET 2026
#@# AParc-to-ASeg aparc.DKTatlas Fri Mar 13 04:05:10 CET 2026
#@# WMParc Fri Mar 13 04:05:47 CET 2026
#@# ASeg Stats Fri Mar 13 04:10:01 CET 2026
recon-all -s sub-v2s3x28802_ses-1 finished without error at Fri Mar 13 04:10:42 CET 2026
