status file for recon-all
Thu Mar 12 23:55:17 CET 2026
#@# MotionCor Thu Mar 12 23:55:19 CET 2026
#@# Talairach Thu Mar 12 23:55:27 CET 2026
#@# Talairach Failure Detection Thu Mar 12 23:59:55 CET 2026
#@# Nu Intensity Correction Thu Mar 12 23:59:55 CET 2026
#@# Intensity Normalization Fri Mar 13 00:03:12 CET 2026
recon-all -s sub-v2s3x28787_ses-1 finished without error at Fri Mar 13 00:04:44 CET 2026



#New# invocation of recon-all 



status file for recon-all
Fri Mar 13 00:12:46 CET 2026
#@# EM Registration Fri Mar 13 00:12:46 CET 2026
recon-all -s sub-v2s3x28787_ses-1 finished without error at Fri Mar 13 00:14:29 CET 2026



#New# invocation of recon-all 



status file for recon-all
Fri Mar 13 00:14:30 CET 2026
#@# CA Normalize Fri Mar 13 00:14:30 CET 2026
#@# CA Reg Fri Mar 13 00:15:52 CET 2026
#@# SubCort Seg Fri Mar 13 01:03:55 CET 2026
#@# CC Seg Fri Mar 13 01:31:57 CET 2026
#@# Merge ASeg Fri Mar 13 01:32:38 CET 2026
#@# Intensity Normalization2 Fri Mar 13 01:32:38 CET 2026
#@# Mask BFS Fri Mar 13 01:34:57 CET 2026
#@# WM Segmentation Fri Mar 13 01:34:58 CET 2026
#@# Fill Fri Mar 13 01:36:58 CET 2026
recon-all -s sub-v2s3x28787_ses-1 finished without error at Fri Mar 13 01:37:58 CET 2026



#New# invocation of recon-all 



status file for recon-all
Fri Mar 13 02:24:11 CET 2026
#@# white curv lh Fri Mar 13 02:24:11 CET 2026
#@# white area lh Fri Mar 13 02:24:11 CET 2026
#@# pial curv lh Fri Mar 13 02:24:11 CET 2026
#@# pial area lh Fri Mar 13 02:24:11 CET 2026
#@# thickness lh Fri Mar 13 02:24:11 CET 2026
#@# area and vertex vol lh Fri Mar 13 02:24:11 CET 2026
#@# white curv rh Fri Mar 13 02:24:11 CET 2026
#@# white area rh Fri Mar 13 02:24:11 CET 2026
#@# pial curv rh Fri Mar 13 02:24:11 CET 2026
#@# pial area rh Fri Mar 13 02:24:11 CET 2026
#@# thickness rh Fri Mar 13 02:24:11 CET 2026
#@# area and vertex vol rh Fri Mar 13 02:24:11 CET 2026
#@# Cortical ribbon mask Fri Mar 13 02:24:11 CET 2026
recon-all -s sub-v2s3x28787_ses-1 finished without error at Fri Mar 13 02:29:01 CET 2026



#New# invocation of recon-all 



status file for recon-all
Fri Mar 13 02:35:53 CET 2026
#@# white curv lh Fri Mar 13 02:35:53 CET 2026
#@# white area lh Fri Mar 13 02:35:53 CET 2026
#@# pial curv lh Fri Mar 13 02:35:53 CET 2026
#@# pial area lh Fri Mar 13 02:35:53 CET 2026
#@# thickness lh Fri Mar 13 02:35:53 CET 2026
#@# area and vertex vol lh Fri Mar 13 02:35:53 CET 2026
#@# white curv rh Fri Mar 13 02:35:53 CET 2026
#@# white area rh Fri Mar 13 02:35:53 CET 2026
#@# pial curv rh Fri Mar 13 02:35:53 CET 2026
#@# pial area rh Fri Mar 13 02:35:53 CET 2026
#@# thickness rh Fri Mar 13 02:35:53 CET 2026
#@# area and vertex vol rh Fri Mar 13 02:35:53 CET 2026
#@# Curvature Stats lh Fri Mar 13 02:35:53 CET 2026
#@# Curvature Stats rh Fri Mar 13 02:35:56 CET 2026
#@# Relabel Hypointensities Fri Mar 13 02:35:59 CET 2026
#@# APas-to-ASeg Fri Mar 13 02:36:14 CET 2026
#@# AParc-to-ASeg aparc Fri Mar 13 02:36:23 CET 2026
#@# AParc-to-ASeg aparc.a2009s Fri Mar 13 02:37:08 CET 2026
#@# AParc-to-ASeg aparc.DKTatlas Fri Mar 13 02:37:55 CET 2026
#@# WMParc Fri Mar 13 02:38:39 CET 2026
#@# ASeg Stats Fri Mar 13 02:42:54 CET 2026
recon-all -s sub-v2s3x28787_ses-1 finished without error at Fri Mar 13 02:43:36 CET 2026
