0032da23-6078-4931-bdbd-b510ca286182 oesteban@dna086:/tmp/59570164/oesteban/bootstrap-fmriprep/59570164_1288/project/derivatives/v2s3 timestamp=1773357516.508902583s
057c8389-2b02-49fd-8aa4-4f5377f9c485 oesteban@dna081:/tmp/59568441/oesteban/bootstrap-fmriprep/59568441_1276/project/derivatives/v2s3 timestamp=1773355077.18498405s
06011518-40f6-4def-81fb-9675a3c82e3d oesteban@dna035:/tmp/59573802/oesteban/bootstrap-fmriprep/59573802_1299/project/derivatives/v2s3 timestamp=1773359969.626755062s
08dbaea8-ab90-4150-8ed9-79fac585878c oesteban@dna013:/tmp/59567732/oesteban/bootstrap-fmriprep/59567732_1268/project/derivatives/v2s3 timestamp=1773353918.665630768s
0cf72564-10e9-4c05-af0f-7c4e4580cd17 oesteban@dna065:/tmp/59569352/oesteban/bootstrap-fmriprep/59569352_1282/project/derivatives/v2s3 timestamp=1773356481.258802441s
167d5904-3af6-42f0-aadb-1c35c66d92ec oesteban@dna078:/tmp/59578317/oesteban/bootstrap-fmriprep/59578317_1311/project/derivatives/v2s3 timestamp=1773364122.111132331s
17cf1476-074e-4a2b-be93-09b870e0146a oesteban@dna034:/tmp/59570165/oesteban/bootstrap-fmriprep/59570165_1289/project/derivatives/v2s3 timestamp=1773357551.586591543s
1973e722-8dc8-46d5-ba2e-906c4af1b9dd oesteban@dna030:/tmp/59570268/oesteban/bootstrap-fmriprep/59570268_1290/project/derivatives/v2s3 timestamp=1773357729.624313162s
1a7c6eb6-29ac-4d0d-aba9-6e6d02d6a95f oesteban@dna039:/tmp/59571934/oesteban/bootstrap-fmriprep/59571934_1295/project/derivatives/v2s3 timestamp=1773359267.762112319s
1af9cb70-e91c-4d86-a0ee-0d32bcd4fb8f oesteban@dna085:/tmp/59578553/oesteban/bootstrap-fmriprep/59578553_1318/project/derivatives/v2s3 timestamp=1773364843.040392895s
2069bc25-36e4-422e-bfe3-67ff5fd3d1d0 oesteban@dna050:/tmp/59570062/oesteban/bootstrap-fmriprep/59570062_1287/project/derivatives/v2s3 timestamp=1773357369.494615837s
27fb875e-91a6-4b91-a0b0-1328b4cb0d47 oesteban@dna079:/tmp/59567935/oesteban/bootstrap-fmriprep/59567935_1271/project/derivatives/v2s3 timestamp=1773354313.359932908s
2ee38b86-f84c-425e-96cd-f794b295ee52 oesteban@dna078:/tmp/59578551/oesteban/bootstrap-fmriprep/59578551_1316/project/derivatives/v2s3 timestamp=1773364723.849901326s
31abbcb4-1b87-48e0-a9b9-52930a781d51 oesteban@dna086:/tmp/59569455/oesteban/bootstrap-fmriprep/59569455_1283/project/derivatives/v2s3 timestamp=1773356651.307300893s
3492b542-a575-4963-838a-903f02a50a41 oesteban@dna060:/tmp/59575550/oesteban/bootstrap-fmriprep/59575550_1304/project/derivatives/v2s3 timestamp=1773361280.780107425s
35d72a68-ff23-4910-963c-e422e0585cbf oesteban@dna056:/tmp/59568947/oesteban/bootstrap-fmriprep/59568947_1281/project/derivatives/v2s3 timestamp=1773355977.506907399s
37bc8d33-61eb-45b0-aa8a-8983378fc356 oesteban@Mac:~/workspace/abide_preproc/derivatives/v2s3 timestamp=1772959797s
3d7dbee8-5078-4bb8-9495-161fd9517100 oesteban@dna055:/tmp/59567185/oesteban/bootstrap-fmriprep/59567185_1265/project/derivatives/v2s3 timestamp=1773352891.419789625s
3e1e61b9-4e6d-4a2e-afaa-4c7b11907f20 oesteban@dna071:/tmp/59578132/oesteban/bootstrap-fmriprep/59578132_1310/project/derivatives/v2s3 timestamp=1773363994.807518402s
42fc7621-dcf5-4cd0-bc63-6adc6778089d oesteban@dna030:/tmp/59576888/oesteban/bootstrap-fmriprep/59576888_1307/project/derivatives/v2s3 timestamp=1773362972.51293023s
43b4e0d3-4ea3-4d5e-8e30-9e1e8e89b812 oesteban@dna071:/tmp/59578568/oesteban/bootstrap-fmriprep/59578568_1331/project/derivatives/v2s3 timestamp=1773368052.22153221s
4b3caa62-51db-4e73-957b-f5b0f5375b72 oesteban@dna086:/tmp/59578550/oesteban/bootstrap-fmriprep/59578550_1315/project/derivatives/v2s3 timestamp=1773364637.179678343s
4df360d4-7090-45d0-a31a-0dcbecdcce09 oesteban@dna085:/tmp/59568136/oesteban/bootstrap-fmriprep/59568136_1272/project/derivatives/v2s3 timestamp=1773354500.866463837s
4e3b2333-e33f-422b-a640-e06236077053 oesteban@dna013:/tmp/59568338/oesteban/bootstrap-fmriprep/59568338_1273/project/derivatives/v2s3 timestamp=1773354885.461291437s
522ed404-bcca-42a6-a22c-1525fc0e6a21 oesteban@dna003:/tmp/59567529/oesteban/bootstrap-fmriprep/59567529_1267/project/derivatives/v2s3 timestamp=1773353551.112140044s
53f29bb8-4f8a-4a8e-81d8-7643d188a871 oesteban@dna071:/tmp/59567428/oesteban/bootstrap-fmriprep/59567428_1266/project/derivatives/v2s3 timestamp=1773353398.296812757s
5aa7cdcf-c21a-459a-bc2a-7d3dbfe0f85a oesteban@dna066:/tmp/59578569/oesteban/bootstrap-fmriprep/59578569_1332/project/derivatives/v2s3 timestamp=1773368147.369809154s
64a5703f-502d-4f0b-bb89-a032a6db40de oesteban@dna079:/tmp/59569759/oesteban/bootstrap-fmriprep/59569759_1286/project/derivatives/v2s3 timestamp=1773356970.42105156s
6526ab7f-4aa0-4a83-bf95-8b2f94b4e1ae oesteban@dna017:/tmp/59573814/oesteban/bootstrap-fmriprep/59573814_1300/project/derivatives/v2s3 timestamp=1773359973.583781153s
65c403bc-0424-46d9-a4f6-a789fc9a1d57 oesteban@dna069:/tmp/59569557/oesteban/bootstrap-fmriprep/59569557_1285/project/derivatives/v2s3 timestamp=1773356737.176162592s
6be94f84-6c0a-4545-bc2b-8269ec7d1f3e oesteban@dna013:/tmp/59567833/oesteban/bootstrap-fmriprep/59567833_1269/project/derivatives/v2s3 timestamp=1773354119.490534156s
722810f6-6381-43b5-ac5c-9ca5ee435246 oesteban@dna079:/tmp/59578549/oesteban/bootstrap-fmriprep/59578549_1314/project/derivatives/v2s3 timestamp=1773364571.306641768s
77e279cf-e895-4464-9272-63f1f5d22596 oesteban@dna075:/tmp/59578557/oesteban/bootstrap-fmriprep/59578557_1322/project/derivatives/v2s3 timestamp=1773365513.262389623s
7879b7f6-fce6-48e6-a127-5c4a8a922d46 oesteban@dna055:/tmp/59575769/oesteban/bootstrap-fmriprep/59575769_1305/project/derivatives/v2s3 timestamp=1773361574.40024777s
79b85f33-10a5-42ad-8d9d-edb6ee0c19dd oesteban@dna082:/tmp/59578548/oesteban/bootstrap-fmriprep/59578548_1313/project/derivatives/v2s3 timestamp=1773364440.699415901s
81ac20e2-1085-408b-9746-d4b8b5dfcd95 oesteban@dna038:/tmp/59568442/oesteban/bootstrap-fmriprep/59568442_1277/project/derivatives/v2s3 timestamp=1773355102.041897679s
868a0385-f02d-4905-b8c0-50e51b379ddb oesteban@dna060:/tmp/59570877/oesteban/bootstrap-fmriprep/59570877_1293/project/derivatives/v2s3 timestamp=1773358618.28673009s
93bba137-f498-473a-97e7-5d95875c17ea oesteban@dna055:/tmp/59573731/oesteban/bootstrap-fmriprep/59573731_1297/project/derivatives/v2s3 timestamp=1773359948.079428436s
95ebaeb7-4ea5-44f9-9937-83e667e16a8b oesteban@dna059:/tmp/59578555/oesteban/bootstrap-fmriprep/59578555_1320/project/derivatives/v2s3 timestamp=1773365149.249728764s
9a871a93-feb0-4ccc-9145-4d1a0f70e831 oesteban@dna054:/tmp/59575859/oesteban/bootstrap-fmriprep/59575859_1306/project/derivatives/v2s3 timestamp=1773361701.9123693s
9bc3a584-0c7e-4b0a-9221-3803112901d5 oesteban@dna063:/tmp/59568946/oesteban/bootstrap-fmriprep/59568946_1280/project/derivatives/v2s3 timestamp=1773355858.16957084s
a996b625-5f87-4846-831e-ee027e9d9e4a oesteban@dna020:/tmp/59568745/oesteban/bootstrap-fmriprep/59568745_1279/project/derivatives/v2s3 timestamp=1773355537.303077084s
ad4286f4-b60f-4be3-b733-d3d2db0357f1 oesteban@dna038:/tmp/59577710/oesteban/bootstrap-fmriprep/59577710_1308/project/derivatives/v2s3 timestamp=1773363659.994703094s
c11781f3-14a4-4f7c-87f4-49991d7814b5 oesteban@dna061:/tmp/59574247/oesteban/bootstrap-fmriprep/59574247_1301/project/derivatives/v2s3 timestamp=1773360177.630660694s
c8a70a38-45a4-45f1-9bf4-94e5e9b93ce9 oesteban@dna082:/tmp/59578554/oesteban/bootstrap-fmriprep/59578554_1319/project/derivatives/v2s3 timestamp=1773365130.443476964s
c948438f-7ce9-4111-9444-634018896a43 oesteban@dna071:/tmp/59568440/oesteban/bootstrap-fmriprep/59568440_1275/project/derivatives/v2s3 timestamp=1773355002.515363262s
ccbc4a45-1b4f-40fb-b3f1-ac7854beefb0 oesteban@dna030:/tmp/59567934/oesteban/bootstrap-fmriprep/59567934_1270/project/derivatives/v2s3 timestamp=1773354199.023177858s
cdbda899-d0f2-4ddb-a51c-abff294f2290 oesteban@dna082:/tmp/59578547/oesteban/bootstrap-fmriprep/59578547_1312/project/derivatives/v2s3 timestamp=1773364420.346852158s
dccdb024-2f6c-4130-859d-aa7c6c50e654 oesteban@dna017:/tmp/59575152/oesteban/bootstrap-fmriprep/59575152_1303/project/derivatives/v2s3 timestamp=1773360703.294047072s
e570c386-e452-4e4f-aac2-47ed6d0bc76a oesteban@dna078:/tmp/59568644/oesteban/bootstrap-fmriprep/59568644_1278/project/derivatives/v2s3 timestamp=1773355413.601506659s
e887e9bd-f645-4b9a-b420-6b6d84e11c8d oesteban@dna050:/tmp/59573751/oesteban/bootstrap-fmriprep/59573751_1298/project/derivatives/v2s3 timestamp=1773359953.882930484s
e8d4af77-8bfd-440c-8a48-f0a010751fba oesteban@dna069:/tmp/59571807/oesteban/bootstrap-fmriprep/59571807_1294/project/derivatives/v2s3 timestamp=1773359215.995479493s
ec32a394-eb84-42bf-88e4-efc350d63818 oesteban@dna063:/tmp/59569456/oesteban/bootstrap-fmriprep/59569456_1284/project/derivatives/v2s3 timestamp=1773356683.022861697s
ecbc690c-1865-4f11-bf30-fd58304bf9ec oesteban@dna054:/tmp/59575073/oesteban/bootstrap-fmriprep/59575073_1302/project/derivatives/v2s3 timestamp=1773360525.776613194s
f17e01cc-3dea-4ee7-92b2-191a66fa954b git@0cf3a9a26dcd:/data/repos/abide-fmriprep/v2s3.git timestamp=1773352893.425159967s
f4f1c6a7-9310-4113-bdcd-ba2f3178462e oesteban@dna059:/tmp/59568339/oesteban/bootstrap-fmriprep/59568339_1274/project/derivatives/v2s3 timestamp=1773354906.519484827s
fa14f946-4ee9-451b-9916-c1ca296b5ac4 oesteban@dna010:/tmp/59572674/oesteban/bootstrap-fmriprep/59572674_1296/project/derivatives/v2s3 timestamp=1773359552.343486942s
fab1d0c6-62c6-41c6-a874-1ea3d64be017 oesteban@dna010:/tmp/59570573/oesteban/bootstrap-fmriprep/59570573_1291/project/derivatives/v2s3 timestamp=1773358152.151509197s
