/out/sourcedata/freesurfer/sub-v2s3x28794_ses-1/mri
/opt/freesurfer/bin/talairach_avi
--i orig_nu.mgz --xfm transforms/talairach.auto.xfm
talairach_avi 7.3.2
Linux dna050 5.14.0-427.37.1.el9_4.x86_64 #1 SMP PREEMPT_DYNAMIC Fri Sep 13 12:41:50 EDT 2024 x86_64 x86_64 x86_64 GNU/Linux
Fri Mar 13 00:23:29 CET 2026
mri_convert orig_nu.mgz talsrcimg.img 
reading from orig_nu.mgz...
TR=0.00, TE=0.00, TI=0.00, flip angle=0.00
i_ras = (-1, 0, 0)
j_ras = (0, 0, -1)
k_ras = (0, 1, 0)
writing to talsrcimg.img...
Analyze Output Matrix
-1.00000   0.00000   0.00000   127.50091;
 0.00000   0.00000   1.00000  -105.97029;
 0.00000  -1.00000   0.00000   160.36102;
 0.00000   0.00000   0.00000   1.00000;
--------------------
INFO: set hdr.hist.orient to -1
mpr2mni305 talsrcimg
Fri Mar 13 00:23:29 CET 2026
/opt/freesurfer/bin/mpr2mni305 talsrcimg
mpr2mni305 7.3.2
target=711-2C_as_mni_average_305

---------------------------------------------------------------------
analyzeto4dfp talsrcimg -O0 -y
---------------------------------------------------------------------

freesurfer ifh2hdr.c
Fri Mar 13 00:23:30 2026
Writing: talsrcimg.4dfp.hdr
freesurfer analyzeto4dfp.c
Reading: talsrcimg.hdr
header size 348 bytes
hdr.dime.datatype	offset=70	value=2
hdr.dime.bitpix		offset=72	value=8
hdr.hist.orient		offset=252	value=-1
dimensionality     4
dimensions       256       256       256         1
Reading: talsrcimg.img
Writing: talsrcimg.4dfp.img
Writing: talsrcimg.4dfp.ifh
ifh2hdr talsrcimg -r0to223
ori=2

---------------------------------------------------------------------
gauss_4dfp talsrcimg 1.1
---------------------------------------------------------------------

freesurfer gauss_4dfp.c
Reading: talsrcimg.4dfp.img
Writing: talsrcimg_g11.4dfp.img
image dimensions 256 256 256 padded to 288 288 288
processing volume 1freesurfer ifh2hdr.c
Fri Mar 13 00:23:31 2026
Writing: talsrcimg_g11.4dfp.hdr

Writing: talsrcimg_g11.4dfp.ifh
including: talsrcimg.4dfp.img.rec in talsrcimg_g11.4dfp.img.rec

---------------------------------------------------------------------
imgreg_4dfp /opt/freesurfer/average/711-2C_as_mni_average_305 none talsrcimg_g11 none talsrcimg_to_711-2C_as_mni_average_305_t4 4355
---------------------------------------------------------------------

freesurfer imgreg_4dfp.c
/opt/freesurfer/average/711-2C_as_mni_average_305.4dfp.img
       256       256       256         1
  1.000000  1.000000  1.000000
orientation T byte_order littleendian
Reading image: /opt/freesurfer/average/711-2C_as_mni_average_305.4dfp.img
dimensions:      256       256       256
mmppix:       1.0000   -1.0000   -1.0000
center:     128.0000 -129.0000 -129.0000
talsrcimg_g11.4dfp.img
       256       256       256         1
  1.000000  1.000000  1.000000
orientation T byte_order littleendian
Reading image: talsrcimg_g11.4dfp.img
dimensions:      256       256       256
mmppix:       1.0000   -1.0000   -1.0000
center:     128.0000 -129.0000 -129.0000
t4_read: open error in t4_sub.f l:  41 t4_file(1:l)talsrcimg_to_711-2C_as_mni_average_305_t4 
t4_read: transform initialized to I4
rotation matrix determinant  1.000000
image alignment mode   4355 decimal     1103 hex
   -7.5000  -45.0000  -45.0000 7630.8140   15.6305
    0.0000  -45.0000  -45.0000 7885.4995   15.6054
    7.5000  -45.0000  -45.0000 7524.4448   15.5808
   -7.5000  -37.5000  -45.0000 8220.5986   15.6045
    0.0000  -37.5000  -45.0000 8496.9277   15.5888
    7.5000  -37.5000  -45.0000 8107.1694   15.5704
   -7.5000  -30.0000  -45.0000 9065.9111   15.6030
    0.0000  -30.0000  -45.0000 9379.5615   15.5959
    7.5000  -30.0000  -45.0000 8939.8662   15.5775
   -7.5000  -22.5000  -45.0000 9868.2266   15.5949
    0.0000  -22.5000  -45.000010200.6768   15.5866
    7.5000  -22.5000  -45.0000 9713.0410   15.5610
   -7.5000  -15.0000  -45.000010600.4199   15.5657
    0.0000  -15.0000  -45.000010934.8730   15.5486
    7.5000  -15.0000  -45.000010405.8154   15.5163
   -7.5000   -7.5000  -45.000011293.5166   15.5385
    0.0000   -7.5000  -45.000011660.4502   15.5134
    7.5000   -7.5000  -45.000011091.3203   15.4824
   -7.5000    0.0000  -45.000011932.1836   15.5372
    0.0000    0.0000  -45.000012348.8936   15.5124
    7.5000    0.0000  -45.000011749.8633   15.4881
   -7.5000    7.5000  -45.000011580.2344   15.5654
    0.0000    7.5000  -45.000012001.8848   15.5499
    7.5000    7.5000  -45.000011469.8379   15.5315
   -7.5000   15.0000  -45.000011178.1074   15.5959
    0.0000   15.0000  -45.000011570.4922   15.5888
    7.5000   15.0000  -45.000011057.9824   15.5704
   -7.5000   22.5000  -45.000010496.8594   15.5927
    0.0000   22.5000  -45.000010861.2949   15.5844
    7.5000   22.5000  -45.000010391.9473   15.5589
   -7.5000   30.0000  -45.0000 9668.1055   15.3582
    0.0000   30.0000  -45.0000 9991.9346   15.3414
    7.5000   30.0000  -45.0000 9561.6152   15.3095
   -7.5000   37.5000  -45.0000 9181.9463   15.3314
    0.0000   37.5000  -45.0000 9500.3486   15.3066
    7.5000   37.5000  -45.0000 9087.8604   15.2761
   -7.5000   45.0000  -45.0000 8378.7676   14.9409
    0.0000   45.0000  -45.0000 8693.6602   14.9170
    7.5000   45.0000  -45.0000 8297.7490   14.8937
   -7.5000  -45.0000  -37.5000 8180.1074   15.5632
    0.0000  -45.0000  -37.5000 8458.6953   15.5361
    7.5000  -45.0000  -37.5000 8057.9536   15.5079
   -7.5000  -37.5000  -37.5000 8806.5332   15.5330
    0.0000  -37.5000  -37.5000 9129.1074   15.5119
    7.5000  -37.5000  -37.5000 8677.9395   15.4900
   -7.5000  -30.0000  -37.5000 9705.7871   15.5265
    0.0000  -30.0000  -37.500010073.7451   15.5113
    7.5000  -30.0000  -37.5000 9578.7090   15.4888
   -7.5000  -22.5000  -37.500010543.2051   15.5184
    0.0000  -22.5000  -37.500010932.5654   15.5033
    7.5000  -22.5000  -37.500010399.6406   15.4725
   -7.5000  -15.0000  -37.500011306.6826   15.4944
    0.0000  -15.0000  -37.500011705.9590   15.4735
    7.5000  -15.0000  -37.500011132.5527   15.4361
   -7.5000   -7.5000  -37.500012052.6123   15.4714
    0.0000   -7.5000  -37.500012482.9902   15.4447
    7.5000   -7.5000  -37.500011867.2656   15.4097
   -7.5000    0.0000  -37.500012692.2852   15.4700
    0.0000    0.0000  -37.500013164.8691   15.4432
    7.5000    0.0000  -37.500012529.6416   15.4155
   -7.5000    7.5000  -37.500012302.4404   15.4939
    0.0000    7.5000  -37.500012753.5791   15.4729
    7.5000    7.5000  -37.500012160.5098   15.4511
   -7.5000   15.0000  -37.500011886.3291   15.5193
    0.0000   15.0000  -37.500012299.3574   15.5042
    7.5000   15.0000  -37.500011704.6113   15.4817
   -7.5000   22.5000  -37.500011179.9502   15.5162
    0.0000   22.5000  -37.500011567.3262   15.5012
    7.5000   22.5000  -37.500011014.4717   15.4703
   -7.5000   30.0000  -37.500010262.2090   15.2879
    0.0000   30.0000  -37.500010600.3242   15.2673
    7.5000   30.0000  -37.500010112.8594   15.2304
   -7.5000   37.5000  -37.5000 9702.2832   15.2652
    0.0000   37.5000  -37.500010030.6123   15.2389
    7.5000   37.5000  -37.5000 9585.6562   15.2044
   -7.5000   45.0000  -37.5000 8839.4365   14.8763
    0.0000   45.0000  -37.5000 9150.2246   14.8505
    7.5000   45.0000  -37.5000 8747.6787   14.8238
   -7.5000  -45.0000  -30.0000 8891.3809   16.2015
    0.0000  -45.0000  -30.0000 9214.3691   16.1753
    7.5000  -45.0000  -30.0000 8764.8584   16.1453
   -7.5000  -37.5000  -30.0000 9565.1357   16.1666
    0.0000  -37.5000  -30.0000 9926.9795   16.1438
    7.5000  -37.5000  -30.0000 9422.5859   16.1171
   -7.5000  -30.0000  -30.000010538.3486   16.1595
    0.0000  -30.0000  -30.000010942.8818   16.1411
    7.5000  -30.0000  -30.000010396.4766   16.1124
   -7.5000  -22.5000  -30.000011420.8682   16.1556
    0.0000  -22.5000  -30.000011839.0068   16.1385
    7.5000  -22.5000  -30.000011271.4443   16.1022
   -7.5000  -15.0000  -30.000012228.3525   16.1357
    0.0000  -15.0000  -30.000012663.1680   16.1154
    7.5000  -15.0000  -30.000012086.6074   16.0752
   -7.5000   -7.5000  -30.000013004.6865   16.1106
    0.0000   -7.5000  -30.000013489.4053   16.0860
    7.5000   -7.5000  -30.000012851.7256   16.0504
   -7.5000    0.0000  -30.000013663.2354   16.1045
    0.0000    0.0000  -30.000014193.2451   16.0787
    7.5000    0.0000  -30.000013523.5664   16.0491
   -7.5000    7.5000  -30.000013240.9424   16.1260
    0.0000    7.5000  -30.000013732.0020   16.1033
    7.5000    7.5000  -30.000013096.5078   16.0768
   -7.5000   15.0000  -30.000012773.9648   16.1520
    0.0000   15.0000  -30.000013218.4092   16.1337
    7.5000   15.0000  -30.000012587.7900   16.1050
   -7.5000   22.5000  -30.000012039.4639   16.1517
    0.0000   22.5000  -30.000012440.6230   16.1346
    7.5000   22.5000  -30.000011844.0938   16.0983
   -7.5000   30.0000  -30.000011009.3770   15.9222
    0.0000   30.0000  -30.000011389.4121   15.9022
    7.5000   30.0000  -30.000010848.6523   15.8625
   -7.5000   37.5000  -30.000010389.4365   15.8974
    0.0000   37.5000  -30.000010750.7246   15.8732
    7.5000   37.5000  -30.000010248.3945   15.8380
   -7.5000   45.0000  -30.0000 9448.9053   15.4978
    0.0000   45.0000  -30.0000 9776.1152   15.4729
    7.5000   45.0000  -30.0000 9339.3877   15.4445
   -7.5000  -45.0000  -22.5000 9595.7773   16.7433
    0.0000  -45.0000  -22.5000 9944.1631   16.7219
    7.5000  -45.0000  -22.5000 9473.7773   16.6951
   -7.5000  -37.5000  -22.500010296.7520   16.7058
    0.0000  -37.5000  -22.500010683.7051   16.6885
    7.5000  -37.5000  -22.500010169.9541   16.6623
   -7.5000  -30.0000  -22.500011338.4834   16.7037
    0.0000  -30.0000  -22.500011781.1299   16.6922
    7.5000  -30.0000  -22.500011201.7900   16.6630
   -7.5000  -22.5000  -22.500012279.4062   16.7069
    0.0000  -22.5000  -22.500012737.8955   16.6973
    7.5000  -22.5000  -22.500012148.4639   16.6622
   -7.5000  -15.0000  -22.500013131.1602   16.6884
    0.0000  -15.0000  -22.500013615.9170   16.6752
    7.5000  -15.0000  -22.500013019.3125   16.6390
   -7.5000   -7.5000  -22.500013955.2480   16.6567
    0.0000   -7.5000  -22.500014497.6494   16.6380
    7.5000   -7.5000  -22.500013812.5898   16.6073
   -7.5000    0.0000  -22.500014637.4922   16.6433
    0.0000    0.0000  -22.500015230.3232   16.6222
    7.5000    0.0000  -22.500014505.2002   16.5958
   -7.5000    7.5000  -22.500014164.1611   16.6641
    0.0000    7.5000  -22.500014721.7168   16.6468
    7.5000    7.5000  -22.500014007.3779   16.6208
   -7.5000   15.0000  -22.500013622.7725   16.6960
    0.0000   15.0000  -22.500014103.8184   16.6846
    7.5000   15.0000  -22.500013405.6953   16.6553
   -7.5000   22.5000  -22.500012837.1953   16.7017
    0.0000   22.5000  -22.500013290.4551   16.6921
    7.5000   22.5000  -22.500012635.5820   16.6570
   -7.5000   30.0000  -22.500011766.8564   16.4701
    0.0000   30.0000  -22.500012192.8027   16.4571
    7.5000   30.0000  -22.500011586.9004   16.4214
   -7.5000   37.5000  -22.500011097.2471   16.4388
    0.0000   37.5000  -22.500011510.1650   16.4203
    7.5000   37.5000  -22.500010944.3076   16.3901
   -7.5000   45.0000  -22.500010084.2295   16.0283
    0.0000   45.0000  -22.500010441.2100   16.0080
    7.5000   45.0000  -22.5000 9957.9834   15.9826
   -7.5000  -45.0000  -15.000010329.3926   17.1223
    0.0000  -45.0000  -15.000010697.2598   17.1040
    7.5000  -45.0000  -15.000010203.3662   17.0817
   -7.5000  -37.5000  -15.000011057.4424   17.0873
    0.0000  -37.5000  -15.000011461.8477   17.0767
    7.5000  -37.5000  -15.000010927.5625   17.0548
   -7.5000  -30.0000  -15.000012142.4219   17.0908
    0.0000  -30.0000  -15.000012600.8105   17.0898
    7.5000  -30.0000  -15.000012011.0215   17.0652
   -7.5000  -22.5000  -15.000013108.9180   17.0958
    0.0000  -22.5000  -15.000013592.2090   17.0960
    7.5000  -22.5000  -15.000013005.4463   17.0668
   -7.5000  -15.0000  -15.000014015.0293   17.0728
    0.0000  -15.0000  -15.000014533.8770   17.0662
    7.5000  -15.0000  -15.000013912.9307   17.0360
   -7.5000   -7.5000  -15.000014860.0527   17.0355
    0.0000   -7.5000  -15.000015466.2920   17.0201
    7.5000   -7.5000  -15.000014751.3887   16.9944
   -7.5000    0.0000  -15.000015561.0400   17.0202
    0.0000    0.0000  -15.000016238.4766   17.0022
    7.5000    0.0000  -15.000015500.6465   16.9802
   -7.5000    7.5000  -15.000015067.5762   17.0448
    0.0000    7.5000  -15.000015694.5205   17.0342
    7.5000    7.5000  -15.000014966.0391   17.0125
   -7.5000   15.0000  -15.000014450.5977   17.0830
    0.0000   15.0000  -15.000014993.5762   17.0820
    7.5000   15.0000  -15.000014270.1807   17.0574
   -7.5000   22.5000  -15.000013615.2305   17.0897
    0.0000   22.5000  -15.000014134.4648   17.0900
    7.5000   22.5000  -15.000013447.1396   17.0608
   -7.5000   30.0000  -15.000012496.2109   16.8519
    0.0000   30.0000  -15.000012962.6602   16.8453
    7.5000   30.0000  -15.000012337.0781   16.8155
   -7.5000   37.5000  -15.000011809.3760   16.8150
    0.0000   37.5000  -15.000012246.3975   16.7998
    7.5000   37.5000  -15.000011672.4297   16.7744
   -7.5000   45.0000  -15.000010734.6270   16.4012
    0.0000   45.0000  -15.000011118.9199   16.3838
    7.5000   45.0000  -15.000010617.2305   16.3626
   -7.5000  -45.0000   -7.500011046.2266   17.3121
    0.0000  -45.0000   -7.500011463.4531   17.2912
    7.5000  -45.0000   -7.500010912.7500   17.2686
   -7.5000  -37.5000   -7.500011803.4541   17.2816
    0.0000  -37.5000   -7.500012268.6982   17.2716
    7.5000  -37.5000   -7.500011682.1377   17.2520
   -7.5000  -30.0000   -7.500012934.9775   17.2855
    0.0000  -30.0000   -7.500013460.3457   17.2866
    7.5000  -30.0000   -7.500012844.6455   17.2657
   -7.5000  -22.5000   -7.500013961.5439   17.2844
    0.0000  -22.5000   -7.500014524.8916   17.2852
    7.5000  -22.5000   -7.500013912.1582   17.2588
   -7.5000  -15.0000   -7.500014893.8672   17.2546
    0.0000  -15.0000   -7.500015500.9873   17.2456
    7.5000  -15.0000   -7.500014838.0342   17.2156
   -7.5000   -7.5000   -7.500015746.1836   17.2182
    0.0000   -7.5000   -7.500016418.3457   17.1990
    7.5000   -7.5000   -7.500015727.5674   17.1715
   -7.5000    0.0000   -7.500016511.0430   17.2089
    0.0000    0.0000   -7.500017221.3281   17.1884
    7.5000    0.0000   -7.500016523.0059   17.1661
   -7.5000    7.5000   -7.500016019.6699   17.2386
    0.0000    7.5000   -7.500016666.5430   17.2286
    7.5000    7.5000   -7.500015953.6572   17.2091
   -7.5000   15.0000   -7.500015322.0322   17.2777
    0.0000   15.0000   -7.500015881.7461   17.2788
    7.5000   15.0000   -7.500015151.4434   17.2579
   -7.5000   22.5000   -7.500014417.2441   17.2764
    0.0000   22.5000   -7.500014953.2783   17.2771
    7.5000   22.5000   -7.500014255.8760   17.2508
   -7.5000   30.0000   -7.500013262.9775   17.0308
    0.0000   30.0000   -7.500013761.0410   17.0219
    7.5000   30.0000   -7.500013118.2793   16.9924
   -7.5000   37.5000   -7.500012549.5859   16.9950
    0.0000   37.5000   -7.500013016.7422   16.9760
    7.5000   37.5000   -7.500012438.6904   16.9488
   -7.5000   45.0000   -7.500011409.8691   16.5862
    0.0000   45.0000   -7.500011826.2744   16.5664
    7.5000   45.0000   -7.500011315.1943   16.5449
   -7.5000  -45.0000    0.000011682.5225   17.3587
    0.0000  -45.0000    0.000012150.9385   17.3324
    7.5000  -45.0000    0.000011562.8896   17.3052
   -7.5000  -37.5000    0.000012470.8320   17.3297
    0.0000  -37.5000    0.000012985.6484   17.3137
    7.5000  -37.5000    0.000012378.3682   17.2927
   -7.5000  -30.0000    0.000013651.1270   17.3287
    0.0000  -30.0000    0.000014206.9121   17.3220
    7.5000  -30.0000    0.000013601.2773   17.3007
   -7.5000  -22.5000    0.000014747.3037   17.3204
    0.0000  -22.5000    0.000015356.7373   17.3126
    7.5000  -22.5000    0.000014734.9834   17.2836
   -7.5000  -15.0000    0.000015732.1289   17.2883
    0.0000  -15.0000    0.000016400.5117   17.2710
    7.5000  -15.0000    0.000015756.0830   17.2351
   -7.5000   -7.5000    0.000016597.5059   17.2576
    0.0000   -7.5000    0.000017315.1270   17.2313
    7.5000   -7.5000    0.000016702.3770   17.1972
   -7.5000    0.0000    0.000017409.7441   17.2553
    0.0000    0.0000    0.000018092.5332   17.2292
    7.5000    0.0000    0.000017489.9375   17.2024
   -7.5000    7.5000    0.000016899.3320   17.2864
    0.0000    7.5000    0.000017517.5176   17.2704
    7.5000    7.5000    0.000016863.2910   17.2495
   -7.5000   15.0000    0.000016090.2236   17.3208
    0.0000   15.0000    0.000016665.0078   17.3141
    7.5000   15.0000    0.000016003.0283   17.2928
   -7.5000   22.5000    0.000015146.5166   17.3124
    0.0000   22.5000    0.000015699.4658   17.3046
    7.5000   22.5000    0.000015019.2324   17.2757
   -7.5000   30.0000    0.000013937.6797   17.0646
    0.0000   30.0000    0.000014459.1299   17.0475
    7.5000   30.0000    0.000013837.8252   17.0120
   -7.5000   37.5000    0.000013219.3516   17.0342
    0.0000   37.5000    0.000013721.3418   17.0083
    7.5000   37.5000    0.000013132.3057   16.9747
   -7.5000   45.0000    0.000012026.9453   16.6321
    0.0000   45.0000    0.000012496.4375   16.6069
    7.5000   45.0000    0.000011947.5479   16.5811
   -7.5000  -45.0000    7.500011404.9180   17.3831
    0.0000  -45.0000    7.500011858.9453   17.3533
    7.5000  -45.0000    7.500011321.2920   17.3215
   -7.5000  -37.5000    7.500012159.1904   17.3503
    0.0000  -37.5000    7.500012644.0332   17.3272
    7.5000  -37.5000    7.500012100.1973   17.3021
   -7.5000  -30.0000    7.500013300.1211   17.3434
    0.0000  -30.0000    7.500013809.3242   17.3268
    7.5000  -30.0000    7.500013274.3281   17.3008
   -7.5000  -22.5000    7.500014383.4385   17.3337
    0.0000  -22.5000    7.500014956.5537   17.3171
    7.5000  -22.5000    7.500014399.8838   17.2821
   -7.5000  -15.0000    7.500015437.4619   17.3059
    0.0000  -15.0000    7.500016044.4570   17.2831
    7.5000  -15.0000    7.500015458.9053   17.2410
   -7.5000   -7.5000    7.500016274.5498   17.2801
    0.0000   -7.5000    7.500016874.2188   17.2508
    7.5000   -7.5000    7.500016348.8730   17.2116
   -7.5000    0.0000    7.500016982.4180   17.2792
    0.0000    0.0000    7.500017587.5723   17.2497
    7.5000    0.0000    7.500017062.8984   17.2184
   -7.5000    7.5000    7.500016413.7266   17.3068
    0.0000    7.5000    7.500017003.3457   17.2837
    7.5000    7.5000    7.500016461.2402   17.2587
   -7.5000   15.0000    7.500015581.9629   17.3355
    0.0000   15.0000    7.500016156.1670   17.3189
    7.5000   15.0000    7.500015600.8535   17.2929
   -7.5000   22.5000    7.500014684.6211   17.3257
    0.0000   22.5000    7.500015202.1787   17.3091
    7.5000   22.5000    7.500014634.5010   17.2741
   -7.5000   30.0000    7.500013510.5967   17.0820
    0.0000   30.0000    7.500014006.7959   17.0594
    7.5000   30.0000    7.500013463.9316   17.0179
   -7.5000   37.5000    7.500012827.4229   17.0565
    0.0000   37.5000    7.500013331.3652   17.0276
    7.5000   37.5000    7.500012774.9346   16.9889
   -7.5000   45.0000    7.500011675.2578   16.6551
    0.0000   45.0000    7.500012164.2695   16.6267
    7.5000   45.0000    7.500011628.2471   16.5966
   -7.5000  -45.0000   15.000011004.4512   17.3950
    0.0000  -45.0000   15.000011429.4014   17.3670
    7.5000  -45.0000   15.000010931.8936   17.3347
   -7.5000  -37.5000   15.000011719.1641   17.3574
    0.0000  -37.5000   15.000012149.8457   17.3331
    7.5000  -37.5000   15.000011657.3408   17.3043
   -7.5000  -30.0000   15.000012800.5244   17.3495
    0.0000  -30.0000   15.000013234.2998   17.3300
    7.5000  -30.0000   15.000012754.8291   17.2989
   -7.5000  -22.5000   15.000013850.0117   17.3453
    0.0000  -22.5000   15.000014339.6035   17.3271
    7.5000  -22.5000   15.000013837.5928   17.2879
   -7.5000  -15.0000   15.000014895.7891   17.3240
    0.0000  -15.0000   15.000015398.1592   17.3024
    7.5000  -15.0000   15.000014861.2627   17.2591
   -7.5000   -7.5000   15.000015742.6572   17.2974
    0.0000   -7.5000   15.000016240.3770   17.2711
    7.5000   -7.5000   15.000015771.0371   17.2327
   -7.5000    0.0000   15.000016384.9785   17.2910
    0.0000    0.0000   15.000017002.1621   17.2633
    7.5000    0.0000   15.000016544.8320   17.2314
   -7.5000    7.5000   15.000015776.0771   17.3138
    0.0000    7.5000   15.000016431.2090   17.2896
    7.5000    7.5000   15.000015966.8896   17.2610
   -7.5000   15.0000   15.000014940.6064   17.3415
    0.0000   15.0000   15.000015548.0762   17.3220
    7.5000   15.0000   15.000015056.2412   17.2910
   -7.5000   22.5000   15.000014044.5742   17.3372
    0.0000   22.5000   15.000014559.1328   17.3191
    7.5000   22.5000   15.000014060.1006   17.2799
   -7.5000   30.0000   15.000012943.0508   17.0998
    0.0000   30.0000   15.000013405.3535   17.0785
    7.5000   30.0000   15.000012889.5156   17.0357
   -7.5000   37.5000   15.000012304.9697   17.0735
    0.0000   37.5000   15.000012768.7490   17.0476
    7.5000   37.5000   15.000012239.3184   17.0097
   -7.5000   45.0000   15.000011225.5059   16.6665
    0.0000   45.0000   15.000011645.4336   16.6399
    7.5000   45.0000   15.000011141.8701   16.6091
   -7.5000  -45.0000   22.500010542.2363   17.3896
    0.0000  -45.0000   22.500010914.8721   17.3674
    7.5000  -45.0000   22.500010437.4346   17.3392
   -7.5000  -37.5000   22.500011177.1572   17.3507
    0.0000  -37.5000   22.500011560.4336   17.3326
    7.5000  -37.5000   22.500011098.2637   17.3050
   -7.5000  -30.0000   22.500012161.1357   17.3484
    0.0000  -30.0000   22.500012594.4727   17.3365
    7.5000  -30.0000   22.500012136.7793   17.3057
   -7.5000  -22.5000   22.500013142.2617   17.3517
    0.0000  -22.5000   22.500013641.1973   17.3417
    7.5000  -22.5000   22.500013171.2969   17.3051
   -7.5000  -15.0000   22.500014117.6895   17.3323
    0.0000  -15.0000   22.500014627.3730   17.3189
    7.5000  -15.0000   22.500014123.3506   17.2812
   -7.5000   -7.5000   22.500014999.9824   17.2995
    0.0000   -7.5000   22.500015565.1885   17.2802
    7.5000   -7.5000   22.500014990.8691   17.2481
   -7.5000    0.0000   22.500015765.1006   17.2857
    0.0000    0.0000   22.500016425.1816   17.2638
    7.5000    0.0000   22.500015803.9785   17.2360
   -7.5000    7.5000   22.500015227.7822   17.3073
    0.0000    7.5000   22.500015867.7832   17.2893
    7.5000    7.5000   22.500015284.7373   17.2618
   -7.5000   15.0000   22.500014342.7041   17.3404
    0.0000   15.0000   22.500014880.1992   17.3285
    7.5000   15.0000   22.500014367.6289   17.2978
   -7.5000   22.5000   22.500013376.8701   17.3436
    0.0000   22.5000   22.500013841.1709   17.3337
    7.5000   22.5000   22.500013353.5762   17.2971
   -7.5000   30.0000   22.500012320.1592   17.1080
    0.0000   30.0000   22.500012734.1572   17.0948
    7.5000   30.0000   22.500012254.7754   17.0576
   -7.5000   37.5000   22.500011750.0469   17.0756
    0.0000   37.5000   22.500012133.7617   17.0566
    7.5000   37.5000   22.500011653.3623   17.0249
   -7.5000   45.0000   22.500010707.9922   16.6614
    0.0000   45.0000   22.500011048.2227   16.6403
    7.5000   45.0000   22.500010577.1553   16.6135
   -7.5000  -45.0000   30.0000 9931.8369   17.4126
    0.0000  -45.0000   30.000010284.9336   17.3944
    7.5000  -45.0000   30.0000 9820.1846   17.3714
   -7.5000  -37.5000   30.000010501.4795   17.3775
    0.0000  -37.5000   30.000010915.2500   17.3669
    7.5000  -37.5000   30.000010457.4570   17.3442
   -7.5000  -30.0000   30.000011442.6006   17.3815
    0.0000  -30.0000   30.000011928.5732   17.3806
    7.5000  -30.0000   30.000011460.7764   17.3552
   -7.5000  -22.5000   30.000012408.1504   17.3864
    0.0000  -22.5000   30.000012922.6973   17.3870
    7.5000  -22.5000   30.000012418.0215   17.3571
   -7.5000  -15.0000   30.000013305.6650   17.3625
    0.0000  -15.0000   30.000013798.2715   17.3563
    7.5000  -15.0000   30.000013249.6260   17.3255
   -7.5000   -7.5000   30.000014146.5928   17.3240
    0.0000   -7.5000   30.000014631.9238   17.3090
    7.5000   -7.5000   30.000014033.1328   17.2827
   -7.5000    0.0000   30.000014925.7080   17.3085
    0.0000    0.0000   30.000015415.0303   17.2906
    7.5000    0.0000   30.000014778.4746   17.2679
   -7.5000    7.5000   30.000014500.5752   17.3341
    0.0000    7.5000   30.000014944.6270   17.3235
    7.5000    7.5000   30.000014341.6787   17.3010
   -7.5000   15.0000   30.000013671.5986   17.3736
    0.0000   15.0000   30.000014072.1016   17.3727
    7.5000   15.0000   30.000013526.3252   17.3472
   -7.5000   22.5000   30.000012705.8135   17.3784
    0.0000   22.5000   30.000013081.8867   17.3790
    7.5000   22.5000   30.000012554.4775   17.3491
   -7.5000   30.0000   30.000011661.2695   17.1378
    0.0000   30.0000   30.000012029.2217   17.1317
    7.5000   30.0000   30.000011536.2773   17.1013
   -7.5000   37.5000   30.000011087.4980   17.0998
    0.0000   37.5000   30.000011437.7939   17.0850
    7.5000   37.5000   30.000010950.2510   17.0590
   -7.5000   45.0000   30.000010058.6729   16.6834
    0.0000   45.0000   30.000010369.6572   16.6661
    7.5000   45.0000   30.0000 9915.7939   16.6443
   -7.5000  -45.0000   37.5000 9640.7617   17.5171
    0.0000  -45.0000   37.5000 9996.5010   17.4957
    7.5000  -45.0000   37.5000 9537.9629   17.4711
   -7.5000  -37.5000   37.500010238.7871   17.4868
    0.0000  -37.5000   37.500010626.0381   17.4760
    7.5000  -37.5000   37.500010148.2402   17.4544
   -7.5000  -30.0000   37.500011209.9580   17.4922
    0.0000  -30.0000   37.500011638.7998   17.4926
    7.5000  -30.0000   37.500011111.4590   17.4696
   -7.5000  -22.5000   37.500012159.3330   17.4917
    0.0000  -22.5000   37.500012589.8281   17.4920
    7.5000  -22.5000   37.500012024.2666   17.4638
   -7.5000  -15.0000   37.500012967.7236   17.4607
    0.0000  -15.0000   37.500013393.8340   17.4515
    7.5000  -15.0000   37.500012822.1006   17.4199
   -7.5000   -7.5000   37.500013721.1699   17.4224
    0.0000   -7.5000   37.500014163.5625   17.4029
    7.5000   -7.5000   37.500013571.8223   17.3736
   -7.5000    0.0000   37.500014455.4961   17.4119
    0.0000    0.0000   37.500014924.2979   17.3908
    7.5000    0.0000   37.500014309.7910   17.3666
   -7.5000    7.5000   37.500014025.9971   17.4428
    0.0000    7.5000   37.500014484.7764   17.4321
    7.5000    7.5000   37.500013897.8984   17.4105
   -7.5000   15.0000   37.500013240.6631   17.4842
    0.0000   15.0000   37.500013669.6641   17.4846
    7.5000   15.0000   37.500013130.7021   17.4616
   -7.5000   22.5000   37.500012314.1816   17.4837
    0.0000   22.5000   37.500012696.8164   17.4839
    7.5000   22.5000   37.500012170.9053   17.4557
   -7.5000   30.0000   37.500011328.0527   17.2348
    0.0000   30.0000   37.500011690.7705   17.2256
    7.5000   30.0000   37.500011199.8740   17.1944
   -7.5000   37.5000   37.500010766.9902   17.1969
    0.0000   37.5000   37.500011109.4561   17.1776
    7.5000   37.5000   37.500010620.8994   17.1487
   -7.5000   45.0000   37.5000 9762.7832   16.7831
    0.0000   45.0000   37.500010055.2734   16.7627
    7.5000   45.0000   37.5000 9612.0576   16.7394
   -7.5000  -45.0000   45.0000 8908.2207   17.6503
    0.0000  -45.0000   45.0000 9233.1523   17.6213
    7.5000  -45.0000   45.0000 8808.3398   17.5911
   -7.5000  -37.5000   45.0000 9463.8574   17.6209
    0.0000  -37.5000   45.0000 9820.7793   17.6025
    7.5000  -37.5000   45.0000 9375.4873   17.5787
   -7.5000  -30.0000   45.000010346.4736   17.6212
    0.0000  -30.0000   45.000010748.5215   17.6124
    7.5000  -30.0000   45.000010247.8809   17.5884
   -7.5000  -22.5000   45.000011203.9170   17.6140
    0.0000  -22.5000   45.000011639.3857   17.6041
    7.5000  -22.5000   45.000011089.0674   17.5728
   -7.5000  -15.0000   45.000011942.8340   17.5813
    0.0000  -15.0000   45.000012391.0762   17.5616
    7.5000  -15.0000   45.000011821.8682   17.5233
   -7.5000   -7.5000   45.000012635.8350   17.5482
    0.0000   -7.5000   45.000013092.2598   17.5193
    7.5000   -7.5000   45.000012505.9033   17.4825
   -7.5000    0.0000   45.000013271.8789   17.5438
    0.0000    0.0000   45.000013759.4727   17.5151
    7.5000    0.0000   45.000013167.4355   17.4854
   -7.5000    7.5000   45.000012904.1299   17.5758
    0.0000    7.5000   45.000013375.2051   17.5575
    7.5000    7.5000   45.000012817.2510   17.5337
   -7.5000   15.0000   45.000012210.9902   17.6130
    0.0000   15.0000   45.000012656.0420   17.6042
    7.5000   15.0000   45.000012138.0264   17.5802
   -7.5000   22.5000   45.000011351.4727   17.6058
    0.0000   22.5000   45.000011740.2383   17.5959
    7.5000   22.5000   45.000011237.7383   17.5646
   -7.5000   30.0000   45.000010460.0078   17.3522
    0.0000   30.0000   45.000010811.8877   17.3328
    7.5000   30.0000   45.000010333.7754   17.2950
   -7.5000   37.5000   45.0000 9933.3174   17.3196
    0.0000   37.5000   45.000010256.8652   17.2910
    7.5000   37.5000   45.0000 9794.9268   17.2548
   -7.5000   45.0000   45.0000 9012.0029   16.9179
    0.0000   45.0000   45.0000 9283.9131   16.8902
    7.5000   45.0000   45.0000 8857.9336   16.8616

---------------------------------------------------------------------
imgreg_4dfp /opt/freesurfer/average/711-2C_as_mni_average_305 /opt/freesurfer/average/711-2B_as_mni_average_305_mask talsrcimg_g11 none talsrcimg_to_711-2C_as_mni_average_305_t4 4355
---------------------------------------------------------------------

freesurfer imgreg_4dfp.c
/opt/freesurfer/average/711-2C_as_mni_average_305.4dfp.img
       256       256       256         1
  1.000000  1.000000  1.000000
orientation T byte_order littleendian
Reading image: /opt/freesurfer/average/711-2C_as_mni_average_305.4dfp.img
dimensions:      256       256       256
mmppix:       1.0000   -1.0000   -1.0000
center:     128.0000 -129.0000 -129.0000
/opt/freesurfer/average/711-2B_as_mni_average_305_mask.4dfp.img
       256       256       256         1
  1.000000  1.000000  1.000000
orientation T byte_order littleendian
Reading mask: /opt/freesurfer/average/711-2B_as_mni_average_305_mask.4dfp.img (2306576 pixels)
talsrcimg_g11.4dfp.img
       256       256       256         1
  1.000000  1.000000  1.000000
orientation T byte_order littleendian
Reading image: talsrcimg_g11.4dfp.img
dimensions:      256       256       256
mmppix:       1.0000   -1.0000   -1.0000
center:     128.0000 -129.0000 -129.0000
rotation matrix determinant  1.000000
image alignment mode   4355 decimal     1103 hex
   -7.5000  -45.0000  -45.0000 2068.5798   19.1757
    0.0000  -45.0000  -45.0000 2065.1836   19.2105
    7.5000  -45.0000  -45.0000 2040.3484   19.7023
   -7.5000  -37.5000  -45.0000 2154.0732   17.7759
    0.0000  -37.5000  -45.0000 2147.5356   17.7960
    7.5000  -37.5000  -45.0000 2125.0400   18.1978
   -7.5000  -30.0000  -45.0000 2209.1355   16.7511
    0.0000  -30.0000  -45.0000 2199.6162   16.7679
    7.5000  -30.0000  -45.0000 2172.1431   17.0849
   -7.5000  -22.5000  -45.0000 2250.0056   15.9149
    0.0000  -22.5000  -45.0000 2240.4709   15.9287
    7.5000  -22.5000  -45.0000 2205.3901   16.2377
   -7.5000  -15.0000  -45.0000 2279.1755   15.3288
    0.0000  -15.0000  -45.0000 2265.4792   15.3365
    7.5000  -15.0000  -45.0000 2228.5776   15.6828
   -7.5000   -7.5000  -45.0000 2284.7134   15.0928
    0.0000   -7.5000  -45.0000 2277.6790   15.1111
    7.5000   -7.5000  -45.0000 2241.8215   15.5280
   -7.5000    0.0000  -45.0000 2286.9092   15.1433
    0.0000    0.0000  -45.0000 2286.6260   15.1492
    7.5000    0.0000  -45.0000 2244.7566   15.5834
   -7.5000    7.5000  -45.0000 2271.6150   15.4822
    0.0000    7.5000  -45.0000 2274.3113   15.5177
    7.5000    7.5000  -45.0000 2234.5195   15.9718
   -7.5000   15.0000  -45.0000 2246.2366   16.0964
    0.0000   15.0000  -45.0000 2244.3420   16.0935
    7.5000   15.0000  -45.0000 2207.3606   16.5857
   -7.5000   22.5000  -45.0000 2203.1138   16.9498
    0.0000   22.5000  -45.0000 2199.6873   16.9307
    7.5000   22.5000  -45.0000 2162.9302   17.4036
   -7.5000   30.0000  -45.0000 2144.9624   18.1002
    0.0000   30.0000  -45.0000 2142.5352   18.0967
    7.5000   30.0000  -45.0000 2104.3948   18.5860
   -7.5000   37.5000  -45.0000 2066.8489   19.6848
    0.0000   37.5000  -45.0000 2062.8167   19.6811
    7.5000   37.5000  -45.0000 2029.3108   20.2403
   -7.5000   45.0000  -45.0000 1962.8412   21.8140
    0.0000   45.0000  -45.0000 1969.2456   21.8215
    7.5000   45.0000  -45.0000 1930.9849   22.4646
   -7.5000  -45.0000  -37.5000 2162.3696   17.7417
    0.0000  -45.0000  -37.5000 2153.5383   17.7447
    7.5000  -45.0000  -37.5000 2122.1560   18.1862
   -7.5000  -37.5000  -37.5000 2252.4219   16.4216
    0.0000  -37.5000  -37.5000 2247.5239   16.4272
    7.5000  -37.5000  -37.5000 2210.2344   16.7697
   -7.5000  -30.0000  -37.5000 2308.4653   15.4086
    0.0000  -30.0000  -37.5000 2306.7092   15.4233
    7.5000  -30.0000  -37.5000 2269.2544   15.6991
   -7.5000  -22.5000  -37.5000 2347.1409   14.6485
    0.0000  -22.5000  -37.5000 2345.2322   14.6187
    7.5000  -22.5000  -37.5000 2310.7488   14.8919
   -7.5000  -15.0000  -37.5000 2373.0002   14.1333
    0.0000  -15.0000  -37.5000 2369.6011   14.1154
    7.5000  -15.0000  -37.5000 2332.6748   14.3800
   -7.5000   -7.5000  -37.5000 2379.7180   13.9133
    0.0000   -7.5000  -37.5000 2381.5708   13.9038
    7.5000   -7.5000  -37.5000 2343.7532   14.1858
   -7.5000    0.0000  -37.5000 2382.7744   13.9134
    0.0000    0.0000  -37.5000 2387.1526   13.8931
    7.5000    0.0000  -37.5000 2345.5791   14.2398
   -7.5000    7.5000  -37.5000 2371.2825   14.1914
    0.0000    7.5000  -37.5000 2374.9111   14.1559
    7.5000    7.5000  -37.5000 2336.9714   14.5581
   -7.5000   15.0000  -37.5000 2350.0823   14.7727
    0.0000   15.0000  -37.5000 2348.2095   14.7134
    7.5000   15.0000  -37.5000 2307.3191   15.1410
   -7.5000   22.5000  -37.5000 2304.9924   15.6130
    0.0000   22.5000  -37.5000 2301.8281   15.5510
    7.5000   22.5000  -37.5000 2264.2466   15.9466
   -7.5000   30.0000  -37.5000 2240.0442   16.7058
    0.0000   30.0000  -37.5000 2236.9429   16.6575
    7.5000   30.0000  -37.5000 2202.0857   17.0456
   -7.5000   37.5000  -37.5000 2155.7761   18.1555
    0.0000   37.5000  -37.5000 2152.1257   18.1306
    7.5000   37.5000  -37.5000 2121.1428   18.5716
   -7.5000   45.0000  -37.5000 2048.4358   20.0834
    0.0000   45.0000  -37.5000 2048.7747   20.0667
    7.5000   45.0000  -37.5000 2016.3452   20.5822
   -7.5000  -45.0000  -30.0000 2290.4316   17.0438
    0.0000  -45.0000  -30.0000 2283.8306   17.0682
    7.5000  -45.0000  -30.0000 2249.8442   17.3954
   -7.5000  -37.5000  -30.0000 2384.1885   15.6984
    0.0000  -37.5000  -30.0000 2382.9976   15.7126
    7.5000  -37.5000  -30.0000 2339.8630   15.9964
   -7.5000  -30.0000  -30.0000 2443.6895   14.6846
    0.0000  -30.0000  -30.0000 2445.0110   14.6655
    7.5000  -30.0000  -30.0000 2406.3147   14.9248
   -7.5000  -22.5000  -30.0000 2484.7791   13.9615
    0.0000  -22.5000  -30.0000 2480.7456   13.9192
    7.5000  -22.5000  -30.0000 2447.7175   14.1570
   -7.5000  -15.0000  -30.0000 2512.4548   13.4845
    0.0000  -15.0000  -30.0000 2509.3855   13.4558
    7.5000  -15.0000  -30.0000 2478.2676   13.6750
   -7.5000   -7.5000  -30.0000 2521.5867   13.2528
    0.0000   -7.5000  -30.0000 2523.1206   13.2176
    7.5000   -7.5000  -30.0000 2490.1802   13.4645
   -7.5000    0.0000  -30.0000 2525.8862   13.2247
    0.0000    0.0000  -30.0000 2528.2654   13.1945
    7.5000    0.0000  -30.0000 2495.7458   13.4794
   -7.5000    7.5000  -30.0000 2519.8103   13.5236
    0.0000    7.5000  -30.0000 2518.7021   13.4546
    7.5000    7.5000  -30.0000 2487.1509   13.7629
   -7.5000   15.0000  -30.0000 2494.5178   14.0897
    0.0000   15.0000  -30.0000 2494.1885   14.0144
    7.5000   15.0000  -30.0000 2463.0137   14.3267
   -7.5000   22.5000  -30.0000 2443.5288   14.9017
    0.0000   22.5000  -30.0000 2444.2876   14.8296
    7.5000   22.5000  -30.0000 2412.2971   15.1371
   -7.5000   30.0000  -30.0000 2365.6299   15.9734
    0.0000   30.0000  -30.0000 2369.1357   15.9048
    7.5000   30.0000  -30.0000 2336.7224   16.2505
   -7.5000   37.5000  -30.0000 2271.9785   17.3782
    0.0000   37.5000  -30.0000 2274.1567   17.3104
    7.5000   37.5000  -30.0000 2244.8542   17.7081
   -7.5000   45.0000  -30.0000 2160.4285   19.2301
    0.0000   45.0000  -30.0000 2164.7930   19.1470
    7.5000   45.0000  -30.0000 2134.1646   19.6048
   -7.5000  -45.0000  -22.5000 2383.3643   16.1976
    0.0000  -45.0000  -22.5000 2380.9456   16.2271
    7.5000  -45.0000  -22.5000 2347.8608   16.5556
   -7.5000  -37.5000  -22.5000 2480.2942   14.8736
    0.0000  -37.5000  -22.5000 2481.5034   14.8955
    7.5000  -37.5000  -22.5000 2445.5129   15.1802
   -7.5000  -30.0000  -22.5000 2543.5344   13.8733
    0.0000  -30.0000  -22.5000 2548.1040   13.8710
    7.5000  -30.0000  -22.5000 2513.2368   14.1101
   -7.5000  -22.5000  -22.5000 2589.7815   13.1499
    0.0000  -22.5000  -22.5000 2592.2773   13.1229
    7.5000  -22.5000  -22.5000 2562.8147   13.3548
   -7.5000  -15.0000  -22.5000 2625.9146   12.6971
    0.0000  -15.0000  -22.5000 2623.9014   12.6680
    7.5000  -15.0000  -22.5000 2596.1531   12.8899
   -7.5000   -7.5000  -22.5000 2648.1990   12.4844
    0.0000   -7.5000  -22.5000 2647.4380   12.4403
    7.5000   -7.5000  -22.5000 2614.9006   12.6647
   -7.5000    0.0000  -22.5000 2655.7170   12.4991
    0.0000    0.0000  -22.5000 2658.9595   12.4422
    7.5000    0.0000  -22.5000 2619.6558   12.6609
   -7.5000    7.5000  -22.5000 2647.2458   12.8083
    0.0000    7.5000  -22.5000 2649.8411   12.7375
    7.5000    7.5000  -22.5000 2610.5654   12.9458
   -7.5000   15.0000  -22.5000 2619.4607   13.3641
    0.0000   15.0000  -22.5000 2617.1887   13.2779
    7.5000   15.0000  -22.5000 2582.5129   13.5032
   -7.5000   22.5000  -22.5000 2559.9355   14.1605
    0.0000   22.5000  -22.5000 2561.5928   14.0687
    7.5000   22.5000  -22.5000 2530.1042   14.3055
   -7.5000   30.0000  -22.5000 2475.8655   15.1851
    0.0000   30.0000  -22.5000 2479.6011   15.1038
    7.5000   30.0000  -22.5000 2447.2583   15.3967
   -7.5000   37.5000  -22.5000 2372.3643   16.5487
    0.0000   37.5000  -22.5000 2377.9128   16.4292
    7.5000   37.5000  -22.5000 2347.8643   16.7758
   -7.5000   45.0000  -22.5000 2252.3269   18.2870
    0.0000   45.0000  -22.5000 2254.5349   18.1574
    7.5000   45.0000  -22.5000 2230.5093   18.5473
   -7.5000  -45.0000  -15.0000 2452.4253   15.3994
    0.0000  -45.0000  -15.0000 2447.1416   15.4459
    7.5000  -45.0000  -15.0000 2412.0557   15.8128
   -7.5000  -37.5000  -15.0000 2551.9597   14.0990
    0.0000  -37.5000  -15.0000 2548.1597   14.1245
    7.5000  -37.5000  -15.0000 2512.2705   14.4393
   -7.5000  -30.0000  -15.0000 2617.5088   13.0994
    0.0000  -30.0000  -15.0000 2618.1543   13.1006
    7.5000  -30.0000  -15.0000 2587.0925   13.3736
   -7.5000  -22.5000  -15.0000 2669.1213   12.3865
    0.0000  -22.5000  -15.0000 2669.9097   12.3729
    7.5000  -22.5000  -15.0000 2642.9077   12.6238
   -7.5000  -15.0000  -15.0000 2712.8992   11.9284
    0.0000  -15.0000  -15.0000 2714.6260   11.9021
    7.5000  -15.0000  -15.0000 2686.8860   12.1468
   -7.5000   -7.5000  -15.0000 2749.5625   11.7172
    0.0000   -7.5000  -15.0000 2749.1880   11.6753
    7.5000   -7.5000  -15.0000 2709.2632   11.8883
   -7.5000    0.0000  -15.0000 2756.7820   11.7843
    0.0000    0.0000  -15.0000 2763.8196   11.7286
    7.5000    0.0000  -15.0000 2717.7649   11.9332
   -7.5000    7.5000  -15.0000 2746.3726   12.1266
    0.0000    7.5000  -15.0000 2752.8823   12.0536
    7.5000    7.5000  -15.0000 2707.9253   12.2443
   -7.5000   15.0000  -15.0000 2714.7083   12.6793
    0.0000   15.0000  -15.0000 2718.6377   12.5977
    7.5000   15.0000  -15.0000 2676.9463   12.7828
   -7.5000   22.5000  -15.0000 2646.9875   13.4411
    0.0000   22.5000  -15.0000 2655.8013   13.3407
    7.5000   22.5000  -15.0000 2618.0911   13.5365
   -7.5000   30.0000  -15.0000 2556.0684   14.4407
    0.0000   30.0000  -15.0000 2562.9641   14.3530
    7.5000   30.0000  -15.0000 2526.4824   14.5770
   -7.5000   37.5000  -15.0000 2449.1860   15.7567
    0.0000   37.5000  -15.0000 2454.0037   15.6521
    7.5000   37.5000  -15.0000 2425.2449   15.9121
   -7.5000   45.0000  -15.0000 2322.0237   17.3913
    0.0000   45.0000  -15.0000 2324.6499   17.3161
    7.5000   45.0000  -15.0000 2301.2434   17.6386
   -7.5000  -45.0000   -7.5000 2494.4478   14.7327
    0.0000  -45.0000   -7.5000 2489.5081   14.7752
    7.5000  -45.0000   -7.5000 2450.2117   15.1355
   -7.5000  -37.5000   -7.5000 2598.9717   13.4418
    0.0000  -37.5000   -7.5000 2594.7378   13.4688
    7.5000  -37.5000   -7.5000 2555.9583   13.7801
   -7.5000  -30.0000   -7.5000 2675.6455   12.4521
    0.0000  -30.0000   -7.5000 2673.3760   12.4635
    7.5000  -30.0000   -7.5000 2642.9485   12.7429
   -7.5000  -22.5000   -7.5000 2732.7754   11.7345
    0.0000  -22.5000   -7.5000 2735.6899   11.7237
    7.5000  -22.5000   -7.5000 2711.7605   12.0043
   -7.5000  -15.0000   -7.5000 2784.1309   11.2750
    0.0000  -15.0000   -7.5000 2788.3999   11.2371
    7.5000  -15.0000   -7.5000 2758.6799   11.4985
   -7.5000   -7.5000   -7.5000 2826.6772   11.0340
    0.0000   -7.5000   -7.5000 2830.4023   10.9977
    7.5000   -7.5000   -7.5000 2787.6299   11.2310
   -7.5000    0.0000   -7.5000 2839.0720   11.1349
    0.0000    0.0000   -7.5000 2847.8455   11.0859
    7.5000    0.0000   -7.5000 2799.4055   11.3123
   -7.5000    7.5000   -7.5000 2828.1445   11.4938
    0.0000    7.5000   -7.5000 2837.4404   11.4258
    7.5000    7.5000   -7.5000 2789.2615   11.6220
   -7.5000   15.0000   -7.5000 2787.7983   12.0441
    0.0000   15.0000   -7.5000 2795.3933   11.9563
    7.5000   15.0000   -7.5000 2749.2197   12.1353
   -7.5000   22.5000   -7.5000 2713.6521   12.7777
    0.0000   22.5000   -7.5000 2725.3435   12.6932
    7.5000   22.5000   -7.5000 2682.4272   12.8635
   -7.5000   30.0000   -7.5000 2620.0911   13.7399
    0.0000   30.0000   -7.5000 2627.2742   13.6796
    7.5000   30.0000   -7.5000 2589.0413   13.8763
   -7.5000   37.5000   -7.5000 2508.2468   15.0109
    0.0000   37.5000   -7.5000 2511.9199   14.9409
    7.5000   37.5000   -7.5000 2479.4888   15.1768
   -7.5000   45.0000   -7.5000 2374.2598   16.6275
    0.0000   45.0000   -7.5000 2377.6523   16.5558
    7.5000   45.0000   -7.5000 2346.9585   16.8360
   -7.5000  -45.0000    0.0000 2516.6340   14.3162
    0.0000  -45.0000    0.0000 2516.4817   14.3005
    7.5000  -45.0000    0.0000 2474.2856   14.6487
   -7.5000  -37.5000    0.0000 2625.1067   13.0303
    0.0000  -37.5000    0.0000 2625.1201   13.0000
    7.5000  -37.5000    0.0000 2587.5256   13.3307
   -7.5000  -30.0000    0.0000 2714.1311   12.0176
    0.0000  -30.0000    0.0000 2716.3704   11.9840
    7.5000  -30.0000    0.0000 2686.9346   12.3003
   -7.5000  -22.5000    0.0000 2786.8167   11.2893
    0.0000  -22.5000    0.0000 2794.5974   11.2431
    7.5000  -22.5000    0.0000 2765.6638   11.5465
   -7.5000  -15.0000    0.0000 2848.7961   10.8305
    0.0000  -15.0000    0.0000 2852.5742   10.7671
    7.5000  -15.0000    0.0000 2817.6123   11.0472
   -7.5000   -7.5000    0.0000 2899.2625   10.5813
    0.0000   -7.5000    0.0000 2905.2683   10.5225
    7.5000   -7.5000    0.0000 2856.2646   10.7896
   -7.5000    0.0000    0.0000 2910.4990   10.6740
    0.0000    0.0000    0.0000 2917.3945   10.5875
    7.5000    0.0000    0.0000 2868.6233   10.8899
   -7.5000    7.5000    0.0000 2893.4358   11.0219
    0.0000    7.5000    0.0000 2901.7083   10.9257
    7.5000    7.5000    0.0000 2855.5894   11.1762
   -7.5000   15.0000    0.0000 2842.4731   11.5540
    0.0000   15.0000    0.0000 2853.3694   11.4541
    7.5000   15.0000    0.0000 2808.6433   11.6487
   -7.5000   22.5000    0.0000 2762.4944   12.2772
    0.0000   22.5000    0.0000 2771.9912   12.1965
    7.5000   22.5000    0.0000 2729.9004   12.3724
   -7.5000   30.0000    0.0000 2663.6086   13.2391
    0.0000   30.0000    0.0000 2668.5784   13.1727
    7.5000   30.0000    0.0000 2632.1707   13.3987
   -7.5000   37.5000    0.0000 2549.3923   14.5049
    0.0000   37.5000    0.0000 2553.0469   14.4283
    7.5000   37.5000    0.0000 2516.2676   14.6735
   -7.5000   45.0000    0.0000 2409.2493   16.0869
    0.0000   45.0000    0.0000 2414.1145   15.9684
    7.5000   45.0000    0.0000 2378.9387   16.2769
   -7.5000  -45.0000    7.5000 2526.8250   14.0865
    0.0000  -45.0000    7.5000 2526.9937   14.0186
    7.5000  -45.0000    7.5000 2488.8442   14.3846
   -7.5000  -37.5000    7.5000 2639.9800   12.8018
    0.0000  -37.5000    7.5000 2641.4539   12.7339
    7.5000  -37.5000    7.5000 2606.7000   13.0676
   -7.5000  -30.0000    7.5000 2735.3071   11.7900
    0.0000  -30.0000    7.5000 2737.1013   11.7198
    7.5000  -30.0000    7.5000 2707.7925   12.0455
   -7.5000  -22.5000    7.5000 2819.1853   11.0450
    0.0000  -22.5000    7.5000 2824.8091   10.9615
    7.5000  -22.5000    7.5000 2794.9497   11.2779
   -7.5000  -15.0000    7.5000 2897.3704   10.5872
    0.0000  -15.0000    7.5000 2901.5854   10.4941
    7.5000  -15.0000    7.5000 2861.8174   10.7824
   -7.5000   -7.5000    7.5000 2958.1089   10.3253
    0.0000   -7.5000    7.5000 2965.1660   10.2449
    7.5000   -7.5000    7.5000 2912.3740   10.5601
   -7.5000    0.0000    7.5000 2966.5000   10.3748
    0.0000    0.0000    7.5000 2974.1057   10.2810
    7.5000    0.0000    7.5000 2921.4507   10.6304
   -7.5000    7.5000    7.5000 2930.2903   10.7321
    0.0000    7.5000    7.5000 2940.7043   10.6224
    7.5000    7.5000    7.5000 2899.5786   10.9100
   -7.5000   15.0000    7.5000 2872.2620   11.2365
    0.0000   15.0000    7.5000 2885.1135   11.1426
    7.5000   15.0000    7.5000 2846.0125   11.4032
   -7.5000   22.5000    7.5000 2792.1616   11.9456
    0.0000   22.5000    7.5000 2801.1963   11.8795
    7.5000   22.5000    7.5000 2765.0029   12.1211
   -7.5000   30.0000    7.5000 2685.1558   12.9097
    0.0000   30.0000    7.5000 2694.5659   12.8567
    7.5000   30.0000    7.5000 2661.4995   13.1159
   -7.5000   37.5000    7.5000 2565.1975   14.1532
    0.0000   37.5000    7.5000 2574.0706   14.1025
    7.5000   37.5000    7.5000 2537.0208   14.3780
   -7.5000   45.0000    7.5000 2421.9758   15.7042
    0.0000   45.0000    7.5000 2433.4448   15.6284
    7.5000   45.0000    7.5000 2397.8894   15.9670
   -7.5000  -45.0000   15.0000 2523.7441   14.0060
    0.0000  -45.0000   15.0000 2521.4377   13.9142
    7.5000  -45.0000   15.0000 2488.6553   14.3133
   -7.5000  -37.5000   15.0000 2637.7058   12.7273
    0.0000  -37.5000   15.0000 2636.6118   12.6377
    7.5000  -37.5000   15.0000 2605.2615   12.9884
   -7.5000  -30.0000   15.0000 2738.1416   11.7100
    0.0000  -30.0000   15.0000 2735.2405   11.6303
    7.5000  -30.0000   15.0000 2706.1072   11.9734
   -7.5000  -22.5000   15.0000 2828.4314   10.9757
    0.0000  -22.5000   15.0000 2828.4446   10.8704
    7.5000  -22.5000   15.0000 2797.3074   11.2003
   -7.5000  -15.0000   15.0000 2915.1230   10.4980
    0.0000  -15.0000   15.0000 2918.9119   10.4070
    7.5000  -15.0000   15.0000 2879.3665   10.7187
   -7.5000   -7.5000   15.0000 2982.9856   10.2556
    0.0000   -7.5000   15.0000 2987.1724   10.1731
    7.5000   -7.5000   15.0000 2937.3533   10.4994
   -7.5000    0.0000   15.0000 2984.1428   10.2794
    0.0000    0.0000   15.0000 2997.6814   10.2188
    7.5000    0.0000   15.0000 2943.1777   10.5795
   -7.5000    7.5000   15.0000 2939.5000   10.5713
    0.0000    7.5000   15.0000 2958.5173   10.5350
    7.5000    7.5000   15.0000 2912.2500   10.8695
   -7.5000   15.0000   15.0000 2874.2168   11.0798
    0.0000   15.0000   15.0000 2888.1504   11.0439
    7.5000   15.0000   15.0000 2850.2275   11.3454
   -7.5000   22.5000   15.0000 2788.6118   11.7989
    0.0000   22.5000   15.0000 2797.4697   11.7623
    7.5000   22.5000   15.0000 2769.1506   12.0375
   -7.5000   30.0000   15.0000 2679.3611   12.7576
    0.0000   30.0000   15.0000 2689.8850   12.7282
    7.5000   30.0000   15.0000 2661.9512   13.0008
   -7.5000   37.5000   15.0000 2558.8467   13.9927
    0.0000   37.5000   15.0000 2571.4397   13.9548
    7.5000   37.5000   15.0000 2535.8862   14.2473
   -7.5000   45.0000   15.0000 2419.4111   15.5325
    0.0000   45.0000   15.0000 2430.3823   15.4648
    7.5000   45.0000   15.0000 2396.3967   15.8148
   -7.5000  -45.0000   22.5000 2514.9900   14.1278
    0.0000  -45.0000   22.5000 2514.5081   14.0282
    7.5000  -45.0000   22.5000 2476.5464   14.4166
   -7.5000  -37.5000   22.5000 2623.9834   12.8264
    0.0000  -37.5000   22.5000 2624.7810   12.7304
    7.5000  -37.5000   22.5000 2590.2974   13.0962
   -7.5000  -30.0000   22.5000 2720.0681   11.8036
    0.0000  -30.0000   22.5000 2722.8801   11.7287
    7.5000  -30.0000   22.5000 2691.3176   12.0872
   -7.5000  -22.5000   22.5000 2809.5852   11.0512
    0.0000  -22.5000   22.5000 2816.9387   11.0009
    7.5000  -22.5000   22.5000 2787.4170   11.3487
   -7.5000  -15.0000   22.5000 2897.1604   10.5839
    0.0000  -15.0000   22.5000 2908.8071   10.5385
    7.5000  -15.0000   22.5000 2872.4639   10.8775
   -7.5000   -7.5000   22.5000 2959.6245   10.3942
    0.0000   -7.5000   22.5000 2971.6577   10.3326
    7.5000   -7.5000   22.5000 2926.0737   10.6240
   -7.5000    0.0000   22.5000 2958.1680   10.4640
    0.0000    0.0000   22.5000 2977.5452   10.4171
    7.5000    0.0000   22.5000 2929.6458   10.6993
   -7.5000    7.5000   22.5000 2917.9536   10.7154
    0.0000    7.5000   22.5000 2942.3740   10.6843
    7.5000    7.5000   22.5000 2897.4470   10.9625
   -7.5000   15.0000   22.5000 2850.5254   11.1710
    0.0000   15.0000   22.5000 2864.6785   11.1481
    7.5000   15.0000   22.5000 2831.4607   11.4540
   -7.5000   22.5000   22.5000 2762.7830   11.8710
    0.0000   22.5000   22.5000 2776.2463   11.8302
    7.5000   22.5000   22.5000 2746.2566   12.1485
   -7.5000   30.0000   22.5000 2657.2285   12.8274
    0.0000   30.0000   22.5000 2668.0173   12.7810
    7.5000   30.0000   22.5000 2642.3982   13.1073
   -7.5000   37.5000   22.5000 2538.1904   14.0540
    0.0000   37.5000   22.5000 2549.5955   13.9881
    7.5000   37.5000   22.5000 2520.9990   14.3334
   -7.5000   45.0000   22.5000 2399.7029   15.6074
    0.0000   45.0000   22.5000 2408.6580   15.5179
    7.5000   45.0000   22.5000 2378.0281   15.8889
   -7.5000  -45.0000   30.0000 2488.0063   14.4222
    0.0000  -45.0000   30.0000 2491.8047   14.3186
    7.5000  -45.0000   30.0000 2458.2200   14.7025
   -7.5000  -37.5000   30.0000 2590.5496   13.1299
    0.0000  -37.5000   30.0000 2602.8911   13.0603
    7.5000  -37.5000   30.0000 2571.1353   13.4286
   -7.5000  -30.0000   30.0000 2680.2683   12.1535
    0.0000  -30.0000   30.0000 2702.4888   12.1205
    7.5000  -30.0000   30.0000 2672.5842   12.4607
   -7.5000  -22.5000   30.0000 2769.3586   11.4403
    0.0000  -22.5000   30.0000 2789.7932   11.4140
    7.5000  -22.5000   30.0000 2760.5579   11.7362
   -7.5000  -15.0000   30.0000 2846.6628   10.9700
    0.0000  -15.0000   30.0000 2867.5532   10.9040
    7.5000  -15.0000   30.0000 2832.2354   11.2079
   -7.5000   -7.5000   30.0000 2901.6455   10.7332
    0.0000   -7.5000   30.0000 2919.5698   10.6531
    7.5000   -7.5000   30.0000 2878.6560   10.9262
   -7.5000    0.0000   30.0000 2898.6675   10.8200
    0.0000    0.0000   30.0000 2916.5933   10.7416
    7.5000    0.0000   30.0000 2878.8206   10.9972
   -7.5000    7.5000   30.0000 2864.8188   11.1309
    0.0000    7.5000   30.0000 2880.5505   11.0315
    7.5000    7.5000   30.0000 2848.3606   11.2888
   -7.5000   15.0000   30.0000 2799.7839   11.6345
    0.0000   15.0000   30.0000 2810.7490   11.5473
    7.5000   15.0000   30.0000 2781.9241   11.8058
   -7.5000   22.5000   30.0000 2716.5457   12.2887
    0.0000   22.5000   30.0000 2726.0696   12.2111
    7.5000   22.5000   30.0000 2697.5266   12.4879
   -7.5000   30.0000   30.0000 2612.5291   13.1537
    0.0000   30.0000   30.0000 2625.9048   13.0933
    7.5000   30.0000   30.0000 2597.5378   13.3924
   -7.5000   37.5000   30.0000 2498.9429   14.3004
    0.0000   37.5000   30.0000 2511.3401   14.2178
    7.5000   37.5000   30.0000 2483.0981   14.5563
   -7.5000   45.0000   30.0000 2359.4346   15.8017
    0.0000   45.0000   30.0000 2368.9663   15.7112
    7.5000   45.0000   30.0000 2341.8462   16.0604
   -7.5000  -45.0000   37.5000 2445.2212   15.0299
    0.0000  -45.0000   37.5000 2457.4365   14.9078
    7.5000  -45.0000   37.5000 2427.8318   15.2675
   -7.5000  -37.5000   37.5000 2547.7239   13.7714
    0.0000  -37.5000   37.5000 2566.8564   13.6726
    7.5000  -37.5000   37.5000 2538.1274   13.9861
   -7.5000  -30.0000   37.5000 2640.2256   12.8108
    0.0000  -30.0000   37.5000 2665.1482   12.7290
    7.5000  -30.0000   37.5000 2635.6338   13.0143
   -7.5000  -22.5000   37.5000 2726.6707   12.0593
    0.0000  -22.5000   37.5000 2747.7615   11.9664
    7.5000  -22.5000   37.5000 2718.1113   12.2553
   -7.5000  -15.0000   37.5000 2787.4116   11.5297
    0.0000  -15.0000   37.5000 2810.0588   11.4223
    7.5000  -15.0000   37.5000 2778.4436   11.7130
   -7.5000   -7.5000   37.5000 2828.9553   11.2463
    0.0000   -7.5000   37.5000 2845.8088   11.1659
    7.5000   -7.5000   37.5000 2817.8323   11.4274
   -7.5000    0.0000   37.5000 2825.3000   11.3038
    0.0000    0.0000   37.5000 2843.6555   11.2338
    7.5000    0.0000   37.5000 2815.4844   11.4723
   -7.5000    7.5000   37.5000 2793.2261   11.5978
    0.0000    7.5000   37.5000 2809.6895   11.5245
    7.5000    7.5000   37.5000 2782.8135   11.7769
   -7.5000   15.0000   37.5000 2726.6924   12.1434
    0.0000   15.0000   37.5000 2743.7485   12.0420
    7.5000   15.0000   37.5000 2719.5566   12.3101
   -7.5000   22.5000   37.5000 2647.0708   12.8222
    0.0000   22.5000   37.5000 2662.5984   12.7216
    7.5000   22.5000   37.5000 2632.6399   12.9920
   -7.5000   30.0000   37.5000 2551.8289   13.6991
    0.0000   30.0000   37.5000 2566.6399   13.5994
    7.5000   30.0000   37.5000 2540.3489   13.8788
   -7.5000   37.5000   37.5000 2442.6968   14.8189
    0.0000   37.5000   37.5000 2455.9458   14.6999
    7.5000   37.5000   37.5000 2429.8506   15.0067
   -7.5000   45.0000   37.5000 2307.1560   16.3100
    0.0000   45.0000   37.5000 2313.9863   16.1752
    7.5000   45.0000   37.5000 2292.5112   16.5009
   -7.5000  -45.0000   45.0000 2391.0671   15.9457
    0.0000  -45.0000   45.0000 2407.7395   15.7712
    7.5000  -45.0000   45.0000 2383.9836   16.0805
   -7.5000  -37.5000   45.0000 2494.2012   14.6408
    0.0000  -37.5000   45.0000 2516.9321   14.5154
    7.5000  -37.5000   45.0000 2492.6116   14.7638
   -7.5000  -30.0000   45.0000 2586.0256   13.6160
    0.0000  -30.0000   45.0000 2608.6414   13.5169
    7.5000  -30.0000   45.0000 2583.7612   13.7571
   -7.5000  -22.5000   45.0000 2663.4409   12.8242
    0.0000  -22.5000   45.0000 2687.8716   12.7147
    7.5000  -22.5000   45.0000 2659.9746   12.9568
   -7.5000  -15.0000   45.0000 2713.8755   12.2552
    0.0000  -15.0000   45.0000 2739.1313   12.1608
    7.5000  -15.0000   45.0000 2711.9958   12.3922
   -7.5000   -7.5000   45.0000 2745.5225   11.9842
    0.0000   -7.5000   45.0000 2764.6492   11.8946
    7.5000   -7.5000   45.0000 2741.4019   12.1254
   -7.5000    0.0000   45.0000 2735.8276   11.9851
    0.0000    0.0000   45.0000 2760.6443   11.8968
    7.5000    0.0000   45.0000 2739.3589   12.1233
   -7.5000    7.5000   45.0000 2704.3005   12.2711
    0.0000    7.5000   45.0000 2724.9512   12.1904
    7.5000    7.5000   45.0000 2706.7690   12.4312
   -7.5000   15.0000   45.0000 2646.7581   12.7962
    0.0000   15.0000   45.0000 2665.5425   12.7091
    7.5000   15.0000   45.0000 2646.0696   12.9391
   -7.5000   22.5000   45.0000 2568.5645   13.4964
    0.0000   22.5000   45.0000 2586.5269   13.4003
    7.5000   22.5000   45.0000 2562.6638   13.6339
   -7.5000   30.0000   45.0000 2480.9648   14.3752
    0.0000   30.0000   45.0000 2493.4160   14.2487
    7.5000   30.0000   45.0000 2467.6951   14.5084
   -7.5000   37.5000   45.0000 2371.7224   15.5201
    0.0000   37.5000   45.0000 2379.0239   15.3982
    7.5000   37.5000   45.0000 2358.5815   15.6585
   -7.5000   45.0000   45.0000 2243.8816   17.0411
    0.0000   45.0000   45.0000 2244.9297   16.8905
    7.5000   45.0000   45.0000 2228.0198   17.1788

---------------------------------------------------------------------
imgreg_4dfp /opt/freesurfer/average/711-2C_as_mni_average_305 /opt/freesurfer/average/711-2B_as_mni_average_305_mask talsrcimg_g11 none talsrcimg_to_711-2C_as_mni_average_305_t4 1283
---------------------------------------------------------------------

freesurfer imgreg_4dfp.c
/opt/freesurfer/average/711-2C_as_mni_average_305.4dfp.img
       256       256       256         1
  1.000000  1.000000  1.000000
orientation T byte_order littleendian
Reading image: /opt/freesurfer/average/711-2C_as_mni_average_305.4dfp.img
dimensions:      256       256       256
mmppix:       1.0000   -1.0000   -1.0000
center:     128.0000 -129.0000 -129.0000
/opt/freesurfer/average/711-2B_as_mni_average_305_mask.4dfp.img
       256       256       256         1
  1.000000  1.000000  1.000000
orientation T byte_order littleendian
Reading mask: /opt/freesurfer/average/711-2B_as_mni_average_305_mask.4dfp.img (2306576 pixels)
talsrcimg_g11.4dfp.img
       256       256       256         1
  1.000000  1.000000  1.000000
orientation T byte_order littleendian
Reading image: talsrcimg_g11.4dfp.img
dimensions:      256       256       256
mmppix:       1.0000   -1.0000   -1.0000
center:     128.0000 -129.0000 -129.0000
rotation matrix determinant  1.000000
fimgreg.f
image alignment mode   1283 decimal      503 hex
parameters
    0.0000    0.0000   15.0000    0.0000    0.0000    0.0000
eta,q 0.94098 10.19255
niter,ni,del,rscale     5    3   12.0000    1.2000
parameter  2  0.593012 ->  0.500000 qaram    1.1500
parameter  5  1.841297 ->  0.500000 qaram    1.1500
parameter  6  0.504787 ->  0.500000 qaram    1.1500
parameters
   -1.8596   -3.4500   15.6555   -0.8217   -3.4500   -3.4500
eta,q 0.94207 10.10012
  0.0649  0.0630  0.0675  0.0640  0.0576  0.0581
  0.0644  0.0621  0.0658  0.0624  0.0580  0.0579
  0.0643  0.0628  0.0636  0.0614  0.0593  0.0580
  0.0628  0.0640  0.0620  0.0616  0.0615  0.0583
  0.0638  0.0653  0.0619  0.0624  0.0635  0.0593
  0.0695  0.0684  0.0634  0.0636  0.0657  0.0613
  0.0769  0.0725  0.0664  0.0657  0.0680  0.0640
niter,ni,del,rscale     7    3   12.0000    1.2000
parameter  4  1.040319 ->  0.500000 qaram    1.1500
parameter  5  0.723490 ->  0.500000 qaram    1.3225
parameters
   -0.8644   -3.3626   15.3514   -4.2717   -7.4175   -4.0238
eta,q 0.94586 10.08468
  0.0674  0.0628  0.0609  0.0565  0.0557  0.0574
  0.0610  0.0594  0.0592  0.0570  0.0541  0.0558
  0.0584  0.0580  0.0582  0.0576  0.0552  0.0544
  0.0579  0.0577  0.0577  0.0578  0.0572  0.0542
  0.0574  0.0584  0.0576  0.0580  0.0593  0.0549
  0.0581  0.0595  0.0591  0.0587  0.0622  0.0562
  0.0621  0.0622  0.0625  0.0606  0.0656  0.0591
niter,ni,del,rscale     7    3   12.0000    1.2000
parameters
    0.2394   -2.1759   14.0159   -6.9978   -7.7684   -3.9710
eta,q 0.94825 10.06679
  0.0685  0.0646  0.0561  0.0549  0.0606  0.0582
  0.0609  0.0580  0.0541  0.0519  0.0562  0.0555
  0.0564  0.0546  0.0534  0.0520  0.0523  0.0530
  0.0541  0.0536  0.0535  0.0533  0.0519  0.0518
  0.0537  0.0536  0.0547  0.0556  0.0541  0.0525
  0.0559  0.0551  0.0568  0.0571  0.0574  0.0547
  0.0606  0.0583  0.0603  0.0588  0.0618  0.0586
niter,ni,del,rscale     6    3   12.0000    1.2000
parameters
    0.1851   -1.1346   13.3014   -7.0701   -7.7216   -3.8555
eta,q 0.94845 10.05105
  0.0638  0.0660  0.0564  0.0588  0.0610  0.0581
  0.0569  0.0586  0.0528  0.0540  0.0571  0.0553
  0.0528  0.0532  0.0515  0.0517  0.0529  0.0527
  0.0518  0.0517  0.0519  0.0516  0.0515  0.0516
  0.0536  0.0527  0.0535  0.0529  0.0535  0.0524
  0.0575  0.0554  0.0555  0.0556  0.0568  0.0546
  0.0637  0.0585  0.0579  0.0578  0.0607  0.0580
niter,ni,del,rscale     5    3   12.0000    1.2000
parameters
    0.1152   -0.9027   13.3604   -7.1507   -7.6572   -3.8212
eta,q 0.94830 10.04985
  0.0636  0.0628  0.0582  0.0588  0.0611  0.0581
  0.0567  0.0556  0.0539  0.0541  0.0573  0.0553
  0.0527  0.0520  0.0518  0.0519  0.0530  0.0528
  0.0516  0.0516  0.0517  0.0517  0.0517  0.0517
  0.0532  0.0535  0.0530  0.0529  0.0536  0.0526
  0.0576  0.0566  0.0548  0.0556  0.0569  0.0549
  0.0638  0.0596  0.0569  0.0579  0.0607  0.0582
niter,ni,del,rscale     4    3   12.0000    1.2000
parameters
    0.1136   -0.8388   13.3592   -7.1845   -7.6383   -3.8121
eta,q 0.94826 10.04974
  0.0640  0.0623  0.0581  0.0589  0.0611  0.0582
  0.0570  0.0552  0.0538  0.0542  0.0572  0.0553
  0.0529  0.0518  0.0518  0.0520  0.0530  0.0528
  0.0517  0.0517  0.0517  0.0517  0.0517  0.0517
  0.0532  0.0538  0.0531  0.0529  0.0537  0.0527
  0.0575  0.0570  0.0549  0.0556  0.0570  0.0550
  0.0636  0.0599  0.0570  0.0579  0.0609  0.0583
registration optimization eta report
parameter search radius
    6.0000    6.9000    6.0000    6.9000    7.9350    6.9000
100000*second partial in parameter space
       34.       20.       16.       14.       14.       13.
  0.0640  0.0623  0.0581  0.0589  0.0611  0.0582
  0.0570  0.0552  0.0538  0.0542  0.0572  0.0553
  0.0529  0.0518  0.0518  0.0520  0.0530  0.0528
  0.0517  0.0517  0.0517  0.0517  0.0517  0.0517
  0.0532  0.0538  0.0531  0.0529  0.0537  0.0527
  0.0575  0.0570  0.0549  0.0556  0.0570  0.0550
  0.0636  0.0599  0.0570  0.0579  0.0609  0.0583
    0.1136   -0.8388   13.3592   -7.1845   -7.6383   -3.8121
eta,q 0.94826 10.04974

---------------------------------------------------------------------
imgreg_4dfp /opt/freesurfer/average/711-2C_as_mni_average_305 /opt/freesurfer/average/711-2B_as_mni_average_305_mask talsrcimg_g11 none talsrcimg_to_711-2C_as_mni_average_305_t4 3335
---------------------------------------------------------------------

freesurfer imgreg_4dfp.c
/opt/freesurfer/average/711-2C_as_mni_average_305.4dfp.img
       256       256       256         1
  1.000000  1.000000  1.000000
orientation T byte_order littleendian
Reading image: /opt/freesurfer/average/711-2C_as_mni_average_305.4dfp.img
dimensions:      256       256       256
mmppix:       1.0000   -1.0000   -1.0000
center:     128.0000 -129.0000 -129.0000
/opt/freesurfer/average/711-2B_as_mni_average_305_mask.4dfp.img
       256       256       256         1
  1.000000  1.000000  1.000000
orientation T byte_order littleendian
Reading mask: /opt/freesurfer/average/711-2B_as_mni_average_305_mask.4dfp.img (2306576 pixels)
talsrcimg_g11.4dfp.img
       256       256       256         1
  1.000000  1.000000  1.000000
orientation T byte_order littleendian
Reading image: talsrcimg_g11.4dfp.img
dimensions:      256       256       256
mmppix:       1.0000   -1.0000   -1.0000
center:     128.0000 -129.0000 -129.0000
fimgreg.f
image alignment mode   3335 decimal      D07 hex
parameters
    0.1136   -0.8388   13.3592   -1.1066   -0.8941   -1.6655
    4.9376   13.9899   -6.5894   11.6020  -13.2919  -12.3955
eta,q 0.95044 10.11659
niter,ni,del,rscale     5    3    5.0000    1.2000
parameter  4  2.723779 ->  0.500000 qaram    1.1500
parameter  5  2.828917 ->  0.500000 qaram    1.1500
parameter  6  1.861071 ->  0.500000 qaram    1.1500
parameter 10  0.737288 ->  0.500000 qaram    1.1500
parameter 11 -1.081032 -> -0.500000 qaram    1.1500
parameters
   -0.0008   -0.3811   13.1506   -5.2466   -5.0341   -5.8055
    2.2641   12.8149   -5.7848    7.4620   -9.1519  -13.7963
eta,q 0.96485  9.52919
  0.0514  0.0511  0.0505  0.0411  0.0402  0.0357  0.0381  0.0393  0.0383  0.0362  0.0384  0.0360
  0.0504  0.0504  0.0499  0.0435  0.0412  0.0370  0.0375  0.0379  0.0377  0.0359  0.0374  0.0355
  0.0497  0.0499  0.0495  0.0464  0.0426  0.0392  0.0373  0.0373  0.0373  0.0362  0.0366  0.0352
  0.0496  0.0495  0.0495  0.0495  0.0442  0.0415  0.0375  0.0373  0.0372  0.0372  0.0359  0.0352
  0.0499  0.0495  0.0497  0.0530  0.0461  0.0445  0.0383  0.0380  0.0373  0.0387  0.0355  0.0356
  0.0506  0.0498  0.0502  0.0572  0.0481  0.0477  0.0396  0.0392  0.0375  0.0406  0.0352  0.0362
  0.0518  0.0503  0.0508  0.0616  0.0501  0.0517  0.0411  0.0411  0.0379  0.0428  0.0350  0.0370
niter,ni,del,rscale     7    3    5.0000    1.2000
parameter  4  2.254413 ->  0.500000 qaram    1.3225
parameter  6  0.557405 ->  0.500000 qaram    1.3225
parameters
    0.5308   -0.3894   13.2252  -10.0076   -8.4494  -10.5665
    3.7601   13.9713   -4.8528    7.0821   -6.6262  -12.2069
eta,q 0.97235  9.20897
  0.0383  0.0368  0.0366  0.0276  0.0312  0.0292  0.0319  0.0334  0.0297  0.0307  0.0301  0.0295
  0.0369  0.0358  0.0358  0.0298  0.0299  0.0283  0.0303  0.0309  0.0288  0.0291  0.0291  0.0286
  0.0358  0.0352  0.0352  0.0321  0.0296  0.0283  0.0290  0.0290  0.0282  0.0281  0.0283  0.0280
  0.0352  0.0350  0.0350  0.0350  0.0304  0.0296  0.0282  0.0280  0.0279  0.0278  0.0278  0.0277
  0.0350  0.0353  0.0351  0.0386  0.0320  0.0321  0.0280  0.0280  0.0279  0.0283  0.0277  0.0277
  0.0355  0.0359  0.0356  0.0424  0.0336  0.0352  0.0286  0.0290  0.0283  0.0295  0.0279  0.0279
  0.0364  0.0368  0.0365  0.0468  0.0358  0.0390  0.0298  0.0309  0.0290  0.0314  0.0284  0.0284
niter,ni,del,rscale     7    3    5.0000    1.2000
parameter  4  0.741642 ->  0.500000 qaram    1.5209
parameters
    0.5336    0.2785   12.6092  -15.4828   -6.6850  -11.2641
    4.0615   13.8591   -5.0968    7.8333   -8.1826  -11.7878
eta,q 0.97565  9.14349
  0.0305  0.0313  0.0283  0.0254  0.0290  0.0291  0.0275  0.0297  0.0260  0.0279  0.0256  0.0256
  0.0289  0.0295  0.0277  0.0243  0.0270  0.0270  0.0260  0.0270  0.0251  0.0262  0.0248  0.0250
  0.0280  0.0283  0.0274  0.0251  0.0253  0.0255  0.0250  0.0251  0.0246  0.0251  0.0244  0.0245
  0.0276  0.0276  0.0275  0.0274  0.0244  0.0243  0.0245  0.0245  0.0245  0.0245  0.0244  0.0243
  0.0279  0.0275  0.0280  0.0302  0.0245  0.0248  0.0247  0.0253  0.0247  0.0246  0.0249  0.0245
  0.0289  0.0279  0.0288  0.0339  0.0253  0.0277  0.0257  0.0273  0.0253  0.0254  0.0258  0.0248
  0.0305  0.0287  0.0299  0.0382  0.0262  0.0315  0.0271  0.0299  0.0262  0.0270  0.0269  0.0254
niter,ni,del,rscale     7    3    5.0000    1.2000
parameters
    0.5049    0.5280   12.3012  -16.5781   -6.2863  -11.5718
    4.3543   14.0889   -4.7849    8.2127   -8.8057  -12.0163
eta,q 0.97571  9.12470
  0.0282  0.0271  0.0256  0.0304  0.0275  0.0292  0.0274  0.0299  0.0260  0.0274  0.0259  0.0253
  0.0261  0.0256  0.0248  0.0275  0.0257  0.0271  0.0259  0.0273  0.0251  0.0259  0.0249  0.0247
  0.0248  0.0247  0.0244  0.0249  0.0245  0.0256  0.0248  0.0252  0.0246  0.0248  0.0244  0.0244
  0.0243  0.0243  0.0243  0.0243  0.0242  0.0243  0.0243  0.0243  0.0243  0.0243  0.0243  0.0243
  0.0248  0.0245  0.0247  0.0262  0.0248  0.0244  0.0246  0.0249  0.0245  0.0245  0.0246  0.0245
  0.0262  0.0251  0.0254  0.0294  0.0256  0.0270  0.0255  0.0268  0.0249  0.0254  0.0253  0.0248
  0.0284  0.0261  0.0265  0.0333  0.0267  0.0308  0.0270  0.0294  0.0258  0.0270  0.0264  0.0255
niter,ni,del,rscale     6    3    5.0000    1.2000
parameters
    0.4775    0.6285   12.0992  -16.8512   -6.2772  -11.7421
    4.2985   14.1895   -4.5900    8.4780   -9.0794  -12.2160
eta,q 0.97569  9.11575
  0.0282  0.0267  0.0257  0.0313  0.0272  0.0292  0.0271  0.0297  0.0259  0.0273  0.0260  0.0254
  0.0261  0.0253  0.0248  0.0284  0.0255  0.0272  0.0257  0.0272  0.0251  0.0258  0.0251  0.0248
  0.0247  0.0245  0.0244  0.0256  0.0244  0.0256  0.0247  0.0252  0.0245  0.0248  0.0245  0.0244
  0.0243  0.0243  0.0243  0.0243  0.0243  0.0243  0.0243  0.0243  0.0243  0.0243  0.0243  0.0243
  0.0248  0.0245  0.0246  0.0255  0.0249  0.0243  0.0247  0.0250  0.0245  0.0245  0.0246  0.0245
  0.0262  0.0252  0.0252  0.0286  0.0257  0.0269  0.0257  0.0269  0.0250  0.0254  0.0253  0.0249
  0.0284  0.0262  0.0262  0.0323  0.0269  0.0306  0.0272  0.0295  0.0258  0.0270  0.0262  0.0255
niter,ni,del,rscale     5    3    5.0000    1.2000
parameters
    0.4701    0.7032   11.9986  -16.9225   -6.3176  -11.8396
    4.2290   14.2377   -4.4753    8.6699   -9.2100  -12.3394
eta,q 0.97567  9.11139
  0.0283  0.0266  0.0258  0.0315  0.0272  0.0293  0.0271  0.0297  0.0259  0.0272  0.0261  0.0254
  0.0261  0.0253  0.0249  0.0286  0.0255  0.0273  0.0257  0.0271  0.0251  0.0257  0.0251  0.0248
  0.0248  0.0245  0.0244  0.0258  0.0245  0.0257  0.0247  0.0251  0.0245  0.0248  0.0245  0.0244
  0.0243  0.0243  0.0243  0.0243  0.0243  0.0243  0.0243  0.0243  0.0243  0.0243  0.0243  0.0243
  0.0248  0.0246  0.0246  0.0254  0.0249  0.0242  0.0247  0.0250  0.0245  0.0246  0.0246  0.0245
  0.0262  0.0252  0.0252  0.0284  0.0258  0.0268  0.0257  0.0269  0.0250  0.0255  0.0252  0.0249
  0.0283  0.0262  0.0261  0.0320  0.0270  0.0304  0.0273  0.0296  0.0258  0.0270  0.0262  0.0255
niter,ni,del,rscale     4    3    5.0000    1.2000
parameters
    0.4680    0.7550   11.9420  -16.9426   -6.3640  -11.9006
    4.1789   14.2600   -4.4104    8.7880   -9.2734  -12.4142
eta,q 0.97566  9.10852
  0.0283  0.0266  0.0259  0.0315  0.0272  0.0293  0.0271  0.0296  0.0259  0.0271  0.0261  0.0254
  0.0262  0.0253  0.0250  0.0287  0.0255  0.0273  0.0257  0.0271  0.0250  0.0257  0.0251  0.0248
  0.0248  0.0245  0.0245  0.0258  0.0245  0.0257  0.0247  0.0251  0.0245  0.0248  0.0245  0.0245
  0.0243  0.0243  0.0243  0.0243  0.0243  0.0243  0.0243  0.0243  0.0243  0.0243  0.0243  0.0243
  0.0248  0.0246  0.0246  0.0254  0.0250  0.0242  0.0247  0.0250  0.0245  0.0246  0.0246  0.0245
  0.0262  0.0253  0.0251  0.0283  0.0258  0.0267  0.0257  0.0270  0.0250  0.0255  0.0252  0.0249
  0.0283  0.0262  0.0260  0.0320  0.0270  0.0304  0.0272  0.0296  0.0258  0.0271  0.0261  0.0255
niter,ni,del,rscale     3    3    5.0000    1.2000
parameters
    0.4675    0.7874   11.9109  -16.9472   -6.3987  -11.9365
    4.1470   14.2734   -4.3673    8.8659   -9.3183  -12.4711
eta,q 0.97565  9.10692
  0.0283  0.0265  0.0260  0.0315  0.0272  0.0293  0.0271  0.0296  0.0258  0.0271  0.0261  0.0254
  0.0262  0.0253  0.0250  0.0287  0.0256  0.0273  0.0257  0.0271  0.0250  0.0257  0.0252  0.0248
  0.0248  0.0245  0.0245  0.0258  0.0245  0.0257  0.0247  0.0251  0.0245  0.0247  0.0245  0.0245
  0.0243  0.0243  0.0243  0.0243  0.0243  0.0243  0.0244  0.0244  0.0244  0.0243  0.0243  0.0243
  0.0248  0.0246  0.0246  0.0254  0.0250  0.0242  0.0247  0.0250  0.0245  0.0246  0.0246  0.0245
  0.0262  0.0253  0.0251  0.0283  0.0258  0.0267  0.0257  0.0270  0.0250  0.0255  0.0252  0.0249
  0.0283  0.0263  0.0260  0.0319  0.0270  0.0303  0.0272  0.0296  0.0258  0.0271  0.0261  0.0255
niter,ni,del,rscale     2    3    5.0000    1.2000
parameters
    0.4671    0.8098   11.8913  -16.9480   -6.4228  -11.9593
    4.1235   14.2817   -4.3444    8.9206   -9.3365  -12.4927
eta,q 0.97565  9.10588
  0.0283  0.0265  0.0260  0.0315  0.0272  0.0293  0.0271  0.0296  0.0258  0.0270  0.0262  0.0254
  0.0262  0.0252  0.0250  0.0287  0.0256  0.0273  0.0257  0.0271  0.0250  0.0257  0.0252  0.0248
  0.0248  0.0245  0.0245  0.0259  0.0245  0.0257  0.0247  0.0251  0.0245  0.0247  0.0245  0.0245
  0.0244  0.0243  0.0243  0.0244  0.0244  0.0243  0.0244  0.0244  0.0244  0.0244  0.0244  0.0244
  0.0248  0.0246  0.0246  0.0254  0.0250  0.0242  0.0247  0.0250  0.0245  0.0246  0.0246  0.0245
  0.0262  0.0253  0.0251  0.0283  0.0258  0.0267  0.0257  0.0270  0.0250  0.0255  0.0252  0.0249
  0.0283  0.0263  0.0260  0.0319  0.0270  0.0303  0.0272  0.0296  0.0258  0.0271  0.0261  0.0254
registration optimization eta report
parameter search radius
    2.4000    2.4000    2.4000   10.9503    8.2800    9.5220
    7.2000    7.2000    7.2000    8.2800    8.2800    7.2000
100000*second partial in parameter space
       69.       35.       28.        6.        4.        6.
        5.       10.        3.        4.        3.        2.
  0.0283  0.0265  0.0260  0.0315  0.0272  0.0293  0.0271  0.0296  0.0258  0.0270  0.0262  0.0254
  0.0262  0.0252  0.0250  0.0287  0.0256  0.0273  0.0257  0.0271  0.0250  0.0257  0.0252  0.0248
  0.0248  0.0245  0.0245  0.0259  0.0245  0.0257  0.0247  0.0251  0.0245  0.0247  0.0245  0.0245
  0.0244  0.0243  0.0243  0.0244  0.0244  0.0243  0.0244  0.0244  0.0244  0.0244  0.0244  0.0244
  0.0248  0.0246  0.0246  0.0254  0.0250  0.0242  0.0247  0.0250  0.0245  0.0246  0.0246  0.0245
  0.0262  0.0253  0.0251  0.0283  0.0258  0.0267  0.0257  0.0270  0.0250  0.0255  0.0252  0.0249
  0.0283  0.0263  0.0260  0.0319  0.0270  0.0303  0.0272  0.0296  0.0258  0.0271  0.0261  0.0254
    0.4671    0.8098   11.8913  -16.9480   -6.4228  -11.9593
    4.1235   14.2817   -4.3444    8.9206   -9.3365  -12.4927
eta,q 0.97565  9.10588

---------------------------------------------------------------------
imgreg_4dfp /opt/freesurfer/average/711-2C_as_mni_average_305 /opt/freesurfer/average/711-2B_as_mni_average_305_mask talsrcimg_g11 none talsrcimg_to_711-2C_as_mni_average_305_t4 2311
---------------------------------------------------------------------

freesurfer imgreg_4dfp.c
/opt/freesurfer/average/711-2C_as_mni_average_305.4dfp.img
       256       256       256         1
  1.000000  1.000000  1.000000
orientation T byte_order littleendian
Reading image: /opt/freesurfer/average/711-2C_as_mni_average_305.4dfp.img
dimensions:      256       256       256
mmppix:       1.0000   -1.0000   -1.0000
center:     128.0000 -129.0000 -129.0000
/opt/freesurfer/average/711-2B_as_mni_average_305_mask.4dfp.img
       256       256       256         1
  1.000000  1.000000  1.000000
orientation T byte_order littleendian
Reading mask: /opt/freesurfer/average/711-2B_as_mni_average_305_mask.4dfp.img (2306576 pixels)
talsrcimg_g11.4dfp.img
       256       256       256         1
  1.000000  1.000000  1.000000
orientation T byte_order littleendian
Reading image: talsrcimg_g11.4dfp.img
dimensions:      256       256       256
mmppix:       1.0000   -1.0000   -1.0000
center:     128.0000 -129.0000 -129.0000
fimgreg.f
image alignment mode   2311 decimal      907 hex
parameters
    0.4671    0.8098   11.8913  -16.9480   -6.4228  -11.9593
    4.1235   14.2817   -4.3444    8.9206   -9.3365  -12.4927
eta,q 0.97565  9.10587
niter,ni,del,rscale     5    3    5.0000    0.8000
parameters
    0.4723    0.7453   11.8583  -16.6261   -7.0209  -10.6985
    4.1256   14.3745   -4.2995    8.9520   -9.3538  -13.0525
eta,q 0.97600  9.13280
  0.0262  0.0252  0.0251  0.0267  0.0252  0.0264  0.0254  0.0269  0.0247  0.0250  0.0247  0.0244
  0.0252  0.0247  0.0246  0.0255  0.0246  0.0256  0.0247  0.0254  0.0243  0.0245  0.0243  0.0242
  0.0246  0.0244  0.0244  0.0247  0.0243  0.0249  0.0242  0.0244  0.0241  0.0241  0.0241  0.0240
  0.0244  0.0244  0.0244  0.0243  0.0243  0.0243  0.0240  0.0240  0.0240  0.0240  0.0240  0.0240
  0.0246  0.0245  0.0244  0.0245  0.0246  0.0240  0.0242  0.0243  0.0241  0.0241  0.0241  0.0241
  0.0252  0.0248  0.0247  0.0251  0.0251  0.0242  0.0246  0.0253  0.0243  0.0244  0.0243  0.0243
  0.0262  0.0253  0.0251  0.0262  0.0256  0.0252  0.0254  0.0267  0.0247  0.0250  0.0247  0.0247
niter,ni,del,rscale     4    3    5.0000    0.7000
parameters
    0.4708    0.7499   12.2547  -16.7487   -7.2235  -10.2151
    4.1088   14.3709   -4.3146    8.9289   -9.2993  -13.0505
eta,q 0.97614  9.14030
  0.0254  0.0248  0.0250  0.0256  0.0248  0.0257  0.0249  0.0261  0.0244  0.0246  0.0244  0.0243
  0.0246  0.0243  0.0245  0.0246  0.0243  0.0250  0.0244  0.0249  0.0241  0.0242  0.0241  0.0240
  0.0242  0.0241  0.0242  0.0241  0.0240  0.0244  0.0240  0.0241  0.0239  0.0240  0.0239  0.0239
  0.0240  0.0240  0.0240  0.0239  0.0239  0.0239  0.0239  0.0239  0.0239  0.0239  0.0239  0.0239
  0.0242  0.0241  0.0240  0.0242  0.0241  0.0239  0.0240  0.0241  0.0239  0.0239  0.0239  0.0239
  0.0247  0.0244  0.0240  0.0248  0.0245  0.0243  0.0243  0.0249  0.0241  0.0242  0.0241  0.0241
  0.0254  0.0247  0.0243  0.0257  0.0250  0.0253  0.0250  0.0261  0.0244  0.0247  0.0244  0.0243
niter,ni,del,rscale     3    3    5.0000    0.6000
parameters
    0.4994    0.6949   12.4010  -16.8256   -7.3014   -9.9260
    4.1432   14.3857   -4.3447    8.7995   -9.2671  -13.0382
eta,q 0.97618  9.14422
  0.0250  0.0244  0.0245  0.0251  0.0246  0.0252  0.0246  0.0255  0.0242  0.0243  0.0242  0.0241
  0.0244  0.0241  0.0242  0.0244  0.0242  0.0247  0.0242  0.0246  0.0240  0.0241  0.0240  0.0240
  0.0240  0.0239  0.0239  0.0240  0.0239  0.0242  0.0239  0.0240  0.0239  0.0239  0.0239  0.0238
  0.0239  0.0239  0.0239  0.0238  0.0238  0.0238  0.0238  0.0238  0.0238  0.0238  0.0238  0.0238
  0.0240  0.0240  0.0239  0.0240  0.0240  0.0238  0.0239  0.0240  0.0239  0.0239  0.0239  0.0238
  0.0243  0.0242  0.0240  0.0245  0.0242  0.0242  0.0242  0.0246  0.0240  0.0241  0.0240  0.0240
  0.0249  0.0245  0.0242  0.0252  0.0246  0.0250  0.0246  0.0255  0.0242  0.0245  0.0242  0.0241
niter,ni,del,rscale     2    3    5.0000    0.5000
parameters
    0.5109    0.6482   12.4895  -16.8874   -7.3403   -9.7107
    4.1796   14.3878   -4.3478    8.7002   -9.2558  -13.0510
eta,q 0.97621  9.14721
  0.0246  0.0242  0.0242  0.0247  0.0244  0.0249  0.0244  0.0250  0.0241  0.0242  0.0241  0.0240
  0.0242  0.0240  0.0240  0.0242  0.0240  0.0244  0.0241  0.0244  0.0239  0.0240  0.0239  0.0239
  0.0239  0.0238  0.0239  0.0239  0.0239  0.0240  0.0239  0.0239  0.0238  0.0238  0.0238  0.0238
  0.0238  0.0238  0.0238  0.0238  0.0238  0.0238  0.0238  0.0238  0.0238  0.0238  0.0238  0.0238
  0.0239  0.0239  0.0238  0.0239  0.0239  0.0238  0.0238  0.0239  0.0238  0.0238  0.0238  0.0238
  0.0241  0.0240  0.0239  0.0243  0.0241  0.0241  0.0240  0.0244  0.0239  0.0240  0.0239  0.0239
  0.0246  0.0242  0.0241  0.0247  0.0244  0.0247  0.0243  0.0250  0.0241  0.0242  0.0241  0.0240
niter,ni,del,rscale     1    3    5.0000    0.4000
parameters
    0.5168    0.6159   12.5466  -16.9533   -7.3641   -9.5466
    4.2100   14.3903   -4.3546    8.6540   -9.2623  -13.0852
eta,q 0.97622  9.14952
  0.0243  0.0240  0.0240  0.0244  0.0242  0.0245  0.0241  0.0246  0.0240  0.0240  0.0240  0.0239
  0.0240  0.0239  0.0239  0.0240  0.0239  0.0242  0.0239  0.0241  0.0239  0.0239  0.0239  0.0238
  0.0238  0.0238  0.0238  0.0238  0.0238  0.0239  0.0238  0.0239  0.0238  0.0238  0.0238  0.0238
  0.0238  0.0238  0.0238  0.0238  0.0238  0.0238  0.0238  0.0238  0.0238  0.0238  0.0238  0.0238
  0.0238  0.0238  0.0238  0.0239  0.0238  0.0238  0.0238  0.0239  0.0238  0.0238  0.0238  0.0238
  0.0240  0.0239  0.0239  0.0241  0.0240  0.0240  0.0239  0.0241  0.0239  0.0239  0.0239  0.0238
  0.0243  0.0241  0.0240  0.0244  0.0242  0.0244  0.0241  0.0246  0.0240  0.0241  0.0240  0.0239
registration optimization eta report
parameter search radius
    0.8000    0.8000    0.8000    2.4000    2.4000    2.4000
    2.4000    2.4000    2.4000    2.4000    2.4000    2.4000
100000*second partial in parameter space
       75.       41.       36.       10.        6.       11.
        6.       14.        3.        5.        3.        3.
  0.0243  0.0240  0.0240  0.0244  0.0242  0.0245  0.0241  0.0246  0.0240  0.0240  0.0240  0.0239
  0.0240  0.0239  0.0239  0.0240  0.0239  0.0242  0.0239  0.0241  0.0239  0.0239  0.0239  0.0238
  0.0238  0.0238  0.0238  0.0238  0.0238  0.0239  0.0238  0.0239  0.0238  0.0238  0.0238  0.0238
  0.0238  0.0238  0.0238  0.0238  0.0238  0.0238  0.0238  0.0238  0.0238  0.0238  0.0238  0.0238
  0.0238  0.0238  0.0238  0.0239  0.0238  0.0238  0.0238  0.0239  0.0238  0.0238  0.0238  0.0238
  0.0240  0.0239  0.0239  0.0241  0.0240  0.0240  0.0239  0.0241  0.0239  0.0239  0.0239  0.0238
  0.0243  0.0241  0.0240  0.0244  0.0242  0.0244  0.0241  0.0246  0.0240  0.0241  0.0240  0.0239
    0.5168    0.6159   12.5466  -16.9533   -7.3641   -9.5466
    4.2100   14.3903   -4.3546    8.6540   -9.2623  -13.0852
eta,q 0.97622  9.14952

---------------------------------------------------------------------
imgreg_4dfp /opt/freesurfer/average/711-2C_as_mni_average_305 /opt/freesurfer/average/711-2B_as_mni_average_305_mask talsrcimg_g11 none talsrcimg_to_711-2C_as_mni_average_305_t4 2311
---------------------------------------------------------------------

freesurfer imgreg_4dfp.c
/opt/freesurfer/average/711-2C_as_mni_average_305.4dfp.img
       256       256       256         1
  1.000000  1.000000  1.000000
orientation T byte_order littleendian
Reading image: /opt/freesurfer/average/711-2C_as_mni_average_305.4dfp.img
dimensions:      256       256       256
mmppix:       1.0000   -1.0000   -1.0000
center:     128.0000 -129.0000 -129.0000
/opt/freesurfer/average/711-2B_as_mni_average_305_mask.4dfp.img
       256       256       256         1
  1.000000  1.000000  1.000000
orientation T byte_order littleendian
Reading mask: /opt/freesurfer/average/711-2B_as_mni_average_305_mask.4dfp.img (2306576 pixels)
talsrcimg_g11.4dfp.img
       256       256       256         1
  1.000000  1.000000  1.000000
orientation T byte_order littleendian
Reading image: talsrcimg_g11.4dfp.img
dimensions:      256       256       256
mmppix:       1.0000   -1.0000   -1.0000
center:     128.0000 -129.0000 -129.0000
fimgreg.f
image alignment mode   2311 decimal      907 hex
parameters
    0.5168    0.6159   12.5466  -16.9533   -7.3641   -9.5466
    4.2100   14.3903   -4.3546    8.6540   -9.2623  -13.0852
eta,q 0.97622  9.14953
niter,ni,del,rscale     5    3    5.0000    0.8000
parameters
    0.5156    0.6423   12.5870  -16.9293   -7.1885   -9.9244
    4.1623   14.3781   -4.4260    8.6328   -9.2459  -12.8270
eta,q 0.97619  9.14556
  0.0257  0.0249  0.0247  0.0260  0.0252  0.0256  0.0252  0.0266  0.0245  0.0248  0.0246  0.0244
  0.0246  0.0242  0.0242  0.0248  0.0244  0.0248  0.0244  0.0252  0.0241  0.0243  0.0241  0.0241
  0.0240  0.0239  0.0239  0.0240  0.0239  0.0241  0.0240  0.0242  0.0239  0.0239  0.0239  0.0239
  0.0238  0.0238  0.0238  0.0238  0.0238  0.0238  0.0238  0.0238  0.0238  0.0238  0.0238  0.0238
  0.0240  0.0239  0.0239  0.0241  0.0240  0.0241  0.0240  0.0242  0.0239  0.0239  0.0239  0.0239
  0.0246  0.0242  0.0242  0.0248  0.0244  0.0251  0.0245  0.0252  0.0241  0.0243  0.0241  0.0240
  0.0257  0.0248  0.0246  0.0259  0.0249  0.0266  0.0252  0.0267  0.0246  0.0249  0.0245  0.0243
niter,ni,del,rscale     4    3    5.0000    0.7000
parameters
    0.5274    0.6096   12.5042  -16.8647   -7.1925   -9.9408
    4.1957   14.3893   -4.4293    8.5982   -9.2344  -12.8490
eta,q 0.97619  9.14556
  0.0253  0.0246  0.0244  0.0256  0.0248  0.0254  0.0249  0.0261  0.0244  0.0246  0.0244  0.0242
  0.0245  0.0241  0.0241  0.0246  0.0243  0.0248  0.0243  0.0249  0.0241  0.0242  0.0241  0.0240
  0.0240  0.0239  0.0239  0.0240  0.0239  0.0242  0.0240  0.0241  0.0239  0.0239  0.0239  0.0239
  0.0238  0.0238  0.0238  0.0238  0.0238  0.0238  0.0238  0.0238  0.0238  0.0238  0.0238  0.0238
  0.0240  0.0239  0.0239  0.0240  0.0240  0.0239  0.0239  0.0241  0.0239  0.0239  0.0239  0.0239
  0.0245  0.0242  0.0242  0.0246  0.0243  0.0246  0.0243  0.0249  0.0241  0.0242  0.0241  0.0240
  0.0253  0.0246  0.0246  0.0255  0.0248  0.0257  0.0249  0.0261  0.0244  0.0247  0.0244  0.0242
niter,ni,del,rscale     3    3    5.0000    0.6000
parameters
    0.5218    0.6033   12.5051  -16.8699   -7.2544   -9.8107
    4.2122   14.3857   -4.4075    8.6022   -9.2303  -12.9253
eta,q 0.97620  9.14702
  0.0249  0.0244  0.0243  0.0251  0.0246  0.0252  0.0246  0.0255  0.0242  0.0244  0.0242  0.0241
  0.0243  0.0241  0.0240  0.0244  0.0241  0.0246  0.0242  0.0246  0.0240  0.0241  0.0240  0.0239
  0.0239  0.0239  0.0239  0.0239  0.0239  0.0241  0.0239  0.0240  0.0239  0.0239  0.0238  0.0238
  0.0238  0.0238  0.0238  0.0238  0.0238  0.0238  0.0238  0.0238  0.0238  0.0238  0.0238  0.0238
  0.0239  0.0239  0.0239  0.0240  0.0239  0.0238  0.0239  0.0240  0.0238  0.0239  0.0238  0.0238
  0.0243  0.0241  0.0240  0.0244  0.0242  0.0243  0.0242  0.0246  0.0240  0.0240  0.0240  0.0240
  0.0249  0.0244  0.0243  0.0251  0.0246  0.0251  0.0246  0.0255  0.0242  0.0244  0.0242  0.0241
niter,ni,del,rscale     2    3    5.0000    0.5000
parameters
    0.5208    0.5964   12.5355  -16.9120   -7.3031   -9.6565
    4.2245   14.3849   -4.3717    8.6032   -9.2473  -12.9725
eta,q 0.97622  9.14888
  0.0245  0.0242  0.0242  0.0247  0.0243  0.0248  0.0244  0.0250  0.0241  0.0242  0.0241  0.0240
  0.0241  0.0240  0.0240  0.0242  0.0240  0.0244  0.0240  0.0244  0.0239  0.0240  0.0239  0.0239
  0.0239  0.0238  0.0238  0.0239  0.0238  0.0240  0.0239  0.0239  0.0238  0.0238  0.0238  0.0238
  0.0238  0.0238  0.0238  0.0238  0.0238  0.0238  0.0238  0.0238  0.0238  0.0238  0.0238  0.0238
  0.0239  0.0238  0.0238  0.0239  0.0239  0.0238  0.0238  0.0239  0.0238  0.0238  0.0238  0.0238
  0.0241  0.0240  0.0239  0.0242  0.0241  0.0241  0.0240  0.0244  0.0239  0.0240  0.0239  0.0239
  0.0246  0.0242  0.0241  0.0247  0.0244  0.0247  0.0244  0.0250  0.0241  0.0242  0.0241  0.0240
niter,ni,del,rscale     1    3    5.0000    0.4000
parameters
    0.5186    0.5849   12.5764  -16.9610   -7.3594   -9.5133
    4.2243   14.3857   -4.3578    8.5908   -9.2621  -13.0195
eta,q 0.97623  9.15018
  0.0243  0.0240  0.0240  0.0244  0.0241  0.0245  0.0241  0.0246  0.0240  0.0240  0.0240  0.0239
  0.0240  0.0239  0.0239  0.0240  0.0239  0.0242  0.0239  0.0241  0.0239  0.0239  0.0239  0.0238
  0.0238  0.0238  0.0238  0.0238  0.0238  0.0239  0.0238  0.0239  0.0238  0.0238  0.0238  0.0238
  0.0238  0.0238  0.0238  0.0238  0.0238  0.0238  0.0238  0.0238  0.0238  0.0238  0.0238  0.0238
  0.0238  0.0238  0.0238  0.0239  0.0238  0.0238  0.0238  0.0239  0.0238  0.0238  0.0238  0.0238
  0.0240  0.0239  0.0239  0.0241  0.0240  0.0240  0.0239  0.0241  0.0239  0.0239  0.0239  0.0238
  0.0243  0.0241  0.0240  0.0244  0.0242  0.0244  0.0241  0.0246  0.0240  0.0241  0.0240  0.0239
registration optimization eta report
parameter search radius
    0.8000    0.8000    0.8000    2.4000    2.4000    2.4000
    2.4000    2.4000    2.4000    2.4000    2.4000    2.4000
100000*second partial in parameter space
       76.       41.       36.       10.        6.       11.
        6.       14.        3.        5.        3.        3.
  0.0243  0.0240  0.0240  0.0244  0.0241  0.0245  0.0241  0.0246  0.0240  0.0240  0.0240  0.0239
  0.0240  0.0239  0.0239  0.0240  0.0239  0.0242  0.0239  0.0241  0.0239  0.0239  0.0239  0.0238
  0.0238  0.0238  0.0238  0.0238  0.0238  0.0239  0.0238  0.0239  0.0238  0.0238  0.0238  0.0238
  0.0238  0.0238  0.0238  0.0238  0.0238  0.0238  0.0238  0.0238  0.0238  0.0238  0.0238  0.0238
  0.0238  0.0238  0.0238  0.0239  0.0238  0.0238  0.0238  0.0239  0.0238  0.0238  0.0238  0.0238
  0.0240  0.0239  0.0239  0.0241  0.0240  0.0240  0.0239  0.0241  0.0239  0.0239  0.0239  0.0238
  0.0243  0.0241  0.0240  0.0244  0.0242  0.0244  0.0241  0.0246  0.0240  0.0241  0.0240  0.0239
    0.5186    0.5849   12.5764  -16.9610   -7.3594   -9.5133
    4.2243   14.3857   -4.3578    8.5908   -9.2621  -13.0195
eta,q 0.97623  9.15018

---------------------------------------------------------------------
compute_vox2vox talsrcimg talsrcimg_to_711-2C_as_mni_average_305_t4 /opt/freesurfer/average/711-2C_as_mni_average_305
---------------------------------------------------------------------

freesurfer compute_vox2vox.c
Reading: talsrcimg.4dfp.ifh
Reading: talsrcimg_to_711-2C_as_mni_average_305_t4
Reading: /opt/freesurfer/average/711-2C_as_mni_average_305.4dfp.ifh
Writing: talsrcimg_to_711-2C_as_mni_average_305_t4_vox2vox.txt

start time Fri Mar 13 00:23:29 CET 2026
end		time Fri Mar 13 00:24:58 CET 2026

mpr2mni305 success

avi2talxfm orig_nu.mgz /opt/freesurfer/average/mni305.cor.mgz talsrcimg_to_711-2C_as_mni_average_305_t4_vox2vox.txt transforms/talairach.auto.xfm
avi2talxfm done
mv -f /out/sourcedata/freesurfer/sub-v2s3x28794_ses-1/mri/talsrcimg_to_711-2C_as_mni_average_305_t4_vox2vox.txt /out/sourcedata/freesurfer/sub-v2s3x28794_ses-1/mri/transforms/talsrcimg_to_711-2C_as_mni_average_305_t4_vox2vox.txt
lta_convert --src orig_nu.mgz --trg /opt/freesurfer/average/mni305.cor.mgz --inxfm transforms/talairach.auto.xfm --outlta transforms/talairach.auto.xfm.lta --subject fsaverage
7.3.2

--src: orig_nu.mgz src image (geometry).
--trg: /opt/freesurfer/average/mni305.cor.mgz trg image (geometry).
--inmni: transforms/talairach.auto.xfm input MNI/XFM transform.
--outlta: transforms/talairach.auto.xfm.lta output LTA.
--s: fsaverage subject name
 LTA read, type : 1
 1.18001  -0.18009  -0.07912   9.91656;
 0.12708   1.07119   0.14475  -42.56917;
 0.04372  -0.10781   1.06230  -30.16249;
 0.00000   0.00000   0.00000   1.00000;
setting subject to fsaverage
Writing  LTA to file transforms/talairach.auto.xfm.lta...
lta_convert successful.
 
 
Started at Fri Mar 13 00:23:29 CET 2026
Ended   at Fri Mar 13 00:24:59 CET 2026
talairach_avi done
