status file for recon-all
Fri Mar 13 04:51:54 CET 2026
#@# Tessellate lh Fri Mar 13 04:51:54 CET 2026
#@# Smooth1 lh Fri Mar 13 04:51:58 CET 2026
#@# Inflation1 lh Fri Mar 13 04:52:01 CET 2026
#@# QSphere lh Fri Mar 13 04:52:15 CET 2026
#@# Fix Topology lh Fri Mar 13 04:53:39 CET 2026
#@# Smooth2 lh Fri Mar 13 05:00:19 CET 2026
#@# Inflation2 lh Fri Mar 13 05:00:22 CET 2026
#@# Curv .H and .K lh Fri Mar 13 05:00:36 CET 2026
#@# Sphere lh Fri Mar 13 05:01:24 CET 2026
#@# Surf Reg lh Fri Mar 13 05:03:53 CET 2026
#@# Jacobian white lh Fri Mar 13 05:07:44 CET 2026
#@# AvgCurv lh Fri Mar 13 05:07:44 CET 2026
#@# Cortical Parc lh Fri Mar 13 05:07:45 CET 2026
#@# white curv lh Fri Mar 13 05:14:21 CET 2026
#@# white area lh Fri Mar 13 05:14:23 CET 2026
#@# pial curv lh Fri Mar 13 05:14:24 CET 2026
#@# pial area lh Fri Mar 13 05:14:25 CET 2026
#@# thickness lh Fri Mar 13 05:14:26 CET 2026
#@# area and vertex vol lh Fri Mar 13 05:14:56 CET 2026
#@# Curvature Stats lh Fri Mar 13 05:14:58 CET 2026
#@# Cortical Parc 2 lh Fri Mar 13 05:15:00 CET 2026
#@# Cortical Parc 3 lh Fri Mar 13 05:15:14 CET 2026
#@# WM/GM Contrast lh Fri Mar 13 05:15:24 CET 2026
recon-all -s sub-v2s3x28838_ses-1 finished without error at Fri Mar 13 05:15:27 CET 2026



#New# invocation of recon-all 



status file for recon-all
Fri Mar 13 05:45:34 CET 2026
#@# white curv lh Fri Mar 13 05:45:34 CET 2026
#@# white area lh Fri Mar 13 05:45:34 CET 2026
#@# pial curv lh Fri Mar 13 05:45:34 CET 2026
#@# pial area lh Fri Mar 13 05:45:34 CET 2026
#@# thickness lh Fri Mar 13 05:45:34 CET 2026
#@# area and vertex vol lh Fri Mar 13 05:45:34 CET 2026
#@# Parcellation Stats lh Fri Mar 13 05:45:34 CET 2026
#@# Parcellation Stats 2 lh Fri Mar 13 05:45:55 CET 2026
#@# Parcellation Stats 3 lh Fri Mar 13 05:46:05 CET 2026
#@# BA_exvivo Labels lh Fri Mar 13 05:46:14 CET 2026
recon-all -s sub-v2s3x28838_ses-1 finished without error at Fri Mar 13 05:49:01 CET 2026
