status file for recon-all
Fri Mar 13 04:48:35 CET 2026
#@# Tessellate rh Fri Mar 13 04:48:35 CET 2026
#@# Smooth1 rh Fri Mar 13 04:48:37 CET 2026
#@# Inflation1 rh Fri Mar 13 04:48:39 CET 2026
#@# QSphere rh Fri Mar 13 04:48:45 CET 2026
#@# Fix Topology rh Fri Mar 13 04:49:25 CET 2026
#@# Smooth2 rh Fri Mar 13 04:53:16 CET 2026
#@# Inflation2 rh Fri Mar 13 04:53:18 CET 2026
#@# Curv .H and .K rh Fri Mar 13 04:53:26 CET 2026
#@# Sphere rh Fri Mar 13 04:54:01 CET 2026
#@# Surf Reg rh Fri Mar 13 04:55:45 CET 2026
#@# Jacobian white rh Fri Mar 13 04:58:22 CET 2026
#@# AvgCurv rh Fri Mar 13 04:58:22 CET 2026
#@# Cortical Parc rh Fri Mar 13 04:58:22 CET 2026
#@# white curv rh Fri Mar 13 05:03:19 CET 2026
#@# white area rh Fri Mar 13 05:03:20 CET 2026
#@# pial curv rh Fri Mar 13 05:03:20 CET 2026
#@# pial area rh Fri Mar 13 05:03:21 CET 2026
#@# thickness rh Fri Mar 13 05:03:22 CET 2026
#@# area and vertex vol rh Fri Mar 13 05:03:39 CET 2026
#@# Curvature Stats rh Fri Mar 13 05:03:40 CET 2026
#@# Cortical Parc 2 rh Fri Mar 13 05:03:41 CET 2026
#@# Cortical Parc 3 rh Fri Mar 13 05:03:51 CET 2026
#@# WM/GM Contrast rh Fri Mar 13 05:03:57 CET 2026
recon-all -s sub-v2s3x28840_ses-1 finished without error at Fri Mar 13 05:03:59 CET 2026



#New# invocation of recon-all 



status file for recon-all
Fri Mar 13 05:09:40 CET 2026
#@# white curv rh Fri Mar 13 05:09:40 CET 2026
#@# white area rh Fri Mar 13 05:09:40 CET 2026
#@# pial curv rh Fri Mar 13 05:09:40 CET 2026
#@# pial area rh Fri Mar 13 05:09:40 CET 2026
#@# thickness rh Fri Mar 13 05:09:40 CET 2026
#@# area and vertex vol rh Fri Mar 13 05:09:40 CET 2026
#@# Parcellation Stats rh Fri Mar 13 05:09:40 CET 2026
#@# Parcellation Stats 2 rh Fri Mar 13 05:09:52 CET 2026
#@# Parcellation Stats 3 rh Fri Mar 13 05:09:59 CET 2026
#@# BA_exvivo Labels rh Fri Mar 13 05:10:05 CET 2026
recon-all -s sub-v2s3x28840_ses-1 finished without error at Fri Mar 13 05:11:44 CET 2026
