status file for recon-all
Fri Mar 13 03:40:32 CET 2026
#@# Tessellate lh Fri Mar 13 03:40:32 CET 2026
#@# Smooth1 lh Fri Mar 13 03:40:34 CET 2026
#@# Inflation1 lh Fri Mar 13 03:40:36 CET 2026
#@# QSphere lh Fri Mar 13 03:40:47 CET 2026
#@# Fix Topology lh Fri Mar 13 03:41:30 CET 2026
#@# Smooth2 lh Fri Mar 13 03:56:18 CET 2026
#@# Inflation2 lh Fri Mar 13 03:56:19 CET 2026
#@# Curv .H and .K lh Fri Mar 13 03:56:27 CET 2026
#@# Sphere lh Fri Mar 13 03:56:50 CET 2026
#@# Surf Reg lh Fri Mar 13 04:02:33 CET 2026
#@# Jacobian white lh Fri Mar 13 04:06:21 CET 2026
#@# AvgCurv lh Fri Mar 13 04:06:21 CET 2026
#@# Cortical Parc lh Fri Mar 13 04:06:22 CET 2026
#@# white curv lh Fri Mar 13 04:10:22 CET 2026
#@# white area lh Fri Mar 13 04:10:23 CET 2026
#@# pial curv lh Fri Mar 13 04:10:24 CET 2026
#@# pial area lh Fri Mar 13 04:10:24 CET 2026
#@# thickness lh Fri Mar 13 04:10:25 CET 2026
#@# area and vertex vol lh Fri Mar 13 04:10:37 CET 2026
#@# Curvature Stats lh Fri Mar 13 04:10:38 CET 2026
#@# Cortical Parc 2 lh Fri Mar 13 04:10:39 CET 2026
#@# Cortical Parc 3 lh Fri Mar 13 04:10:46 CET 2026
#@# WM/GM Contrast lh Fri Mar 13 04:10:51 CET 2026
recon-all -s sub-v2s3x28818_ses-1 finished without error at Fri Mar 13 04:10:53 CET 2026



#New# invocation of recon-all 



status file for recon-all
Fri Mar 13 04:46:26 CET 2026
#@# white curv lh Fri Mar 13 04:46:26 CET 2026
#@# white area lh Fri Mar 13 04:46:26 CET 2026
#@# pial curv lh Fri Mar 13 04:46:26 CET 2026
#@# pial area lh Fri Mar 13 04:46:26 CET 2026
#@# thickness lh Fri Mar 13 04:46:26 CET 2026
#@# area and vertex vol lh Fri Mar 13 04:46:26 CET 2026
#@# Parcellation Stats lh Fri Mar 13 04:46:26 CET 2026
#@# Parcellation Stats 2 lh Fri Mar 13 04:46:33 CET 2026
#@# Parcellation Stats 3 lh Fri Mar 13 04:46:37 CET 2026
#@# BA_exvivo Labels lh Fri Mar 13 04:46:41 CET 2026
recon-all -s sub-v2s3x28818_ses-1 finished without error at Fri Mar 13 04:48:07 CET 2026
