status file for recon-all
Fri Mar 13 01:15:56 CET 2026
#@# MotionCor Fri Mar 13 01:15:58 CET 2026
#@# Talairach Fri Mar 13 01:16:06 CET 2026
#@# Talairach Failure Detection Fri Mar 13 01:20:31 CET 2026
#@# Nu Intensity Correction Fri Mar 13 01:20:31 CET 2026
#@# Intensity Normalization Fri Mar 13 01:23:47 CET 2026
recon-all -s sub-v2s3x28810_ses-1 finished without error at Fri Mar 13 01:25:22 CET 2026



#New# invocation of recon-all 



status file for recon-all
Fri Mar 13 01:33:13 CET 2026
#@# EM Registration Fri Mar 13 01:33:13 CET 2026
recon-all -s sub-v2s3x28810_ses-1 finished without error at Fri Mar 13 01:35:36 CET 2026



#New# invocation of recon-all 



status file for recon-all
Fri Mar 13 01:35:40 CET 2026
#@# CA Normalize Fri Mar 13 01:35:40 CET 2026
#@# CA Reg Fri Mar 13 01:37:02 CET 2026
#@# SubCort Seg Fri Mar 13 02:32:33 CET 2026
#@# CC Seg Fri Mar 13 03:00:59 CET 2026
#@# Merge ASeg Fri Mar 13 03:01:35 CET 2026
#@# Intensity Normalization2 Fri Mar 13 03:01:35 CET 2026
#@# Mask BFS Fri Mar 13 03:03:54 CET 2026
#@# WM Segmentation Fri Mar 13 03:03:54 CET 2026
#@# Fill Fri Mar 13 03:05:41 CET 2026
recon-all -s sub-v2s3x28810_ses-1 finished without error at Fri Mar 13 03:06:45 CET 2026



#New# invocation of recon-all 



status file for recon-all
Fri Mar 13 03:54:31 CET 2026
#@# white curv lh Fri Mar 13 03:54:31 CET 2026
#@# white area lh Fri Mar 13 03:54:31 CET 2026
#@# pial curv lh Fri Mar 13 03:54:31 CET 2026
#@# pial area lh Fri Mar 13 03:54:31 CET 2026
#@# thickness lh Fri Mar 13 03:54:31 CET 2026
#@# area and vertex vol lh Fri Mar 13 03:54:31 CET 2026
#@# white curv rh Fri Mar 13 03:54:31 CET 2026
#@# white area rh Fri Mar 13 03:54:31 CET 2026
#@# pial curv rh Fri Mar 13 03:54:31 CET 2026
#@# pial area rh Fri Mar 13 03:54:31 CET 2026
#@# thickness rh Fri Mar 13 03:54:31 CET 2026
#@# area and vertex vol rh Fri Mar 13 03:54:31 CET 2026
#@# Cortical ribbon mask Fri Mar 13 03:54:31 CET 2026
recon-all -s sub-v2s3x28810_ses-1 finished without error at Fri Mar 13 04:01:13 CET 2026



#New# invocation of recon-all 



status file for recon-all
Fri Mar 13 04:08:32 CET 2026
#@# white curv lh Fri Mar 13 04:08:32 CET 2026
#@# white area lh Fri Mar 13 04:08:32 CET 2026
#@# pial curv lh Fri Mar 13 04:08:32 CET 2026
#@# pial area lh Fri Mar 13 04:08:32 CET 2026
#@# thickness lh Fri Mar 13 04:08:32 CET 2026
#@# area and vertex vol lh Fri Mar 13 04:08:32 CET 2026
#@# white curv rh Fri Mar 13 04:08:32 CET 2026
#@# white area rh Fri Mar 13 04:08:32 CET 2026
#@# pial curv rh Fri Mar 13 04:08:32 CET 2026
#@# pial area rh Fri Mar 13 04:08:32 CET 2026
#@# thickness rh Fri Mar 13 04:08:32 CET 2026
#@# area and vertex vol rh Fri Mar 13 04:08:32 CET 2026
#@# Curvature Stats lh Fri Mar 13 04:08:32 CET 2026
#@# Curvature Stats rh Fri Mar 13 04:08:35 CET 2026
#@# Relabel Hypointensities Fri Mar 13 04:08:38 CET 2026
#@# APas-to-ASeg Fri Mar 13 04:08:53 CET 2026
#@# AParc-to-ASeg aparc Fri Mar 13 04:09:02 CET 2026
#@# AParc-to-ASeg aparc.a2009s Fri Mar 13 04:09:32 CET 2026
#@# AParc-to-ASeg aparc.DKTatlas Fri Mar 13 04:10:05 CET 2026
#@# WMParc Fri Mar 13 04:10:39 CET 2026
#@# ASeg Stats Fri Mar 13 04:15:03 CET 2026
recon-all -s sub-v2s3x28810_ses-1 finished without error at Fri Mar 13 04:15:44 CET 2026
