status file for recon-all
Fri Mar 13 03:31:27 CET 2026
#@# Tessellate rh Fri Mar 13 03:31:27 CET 2026
#@# Smooth1 rh Fri Mar 13 03:31:31 CET 2026
#@# Inflation1 rh Fri Mar 13 03:31:34 CET 2026
#@# QSphere rh Fri Mar 13 03:31:49 CET 2026
#@# Fix Topology rh Fri Mar 13 03:33:20 CET 2026
#@# Smooth2 rh Fri Mar 13 03:39:06 CET 2026
#@# Inflation2 rh Fri Mar 13 03:39:09 CET 2026
#@# Curv .H and .K rh Fri Mar 13 03:39:24 CET 2026
#@# Sphere rh Fri Mar 13 03:40:11 CET 2026
#@# Surf Reg rh Fri Mar 13 03:41:47 CET 2026
#@# Jacobian white rh Fri Mar 13 03:46:19 CET 2026
#@# AvgCurv rh Fri Mar 13 03:46:20 CET 2026
#@# Cortical Parc rh Fri Mar 13 03:46:21 CET 2026
#@# white curv rh Fri Mar 13 03:53:21 CET 2026
#@# white area rh Fri Mar 13 03:53:23 CET 2026
#@# pial curv rh Fri Mar 13 03:53:24 CET 2026
#@# pial area rh Fri Mar 13 03:53:26 CET 2026
#@# thickness rh Fri Mar 13 03:53:27 CET 2026
#@# area and vertex vol rh Fri Mar 13 03:53:55 CET 2026
#@# Curvature Stats rh Fri Mar 13 03:53:57 CET 2026
#@# Cortical Parc 2 rh Fri Mar 13 03:54:00 CET 2026
#@# Cortical Parc 3 rh Fri Mar 13 03:54:13 CET 2026
#@# WM/GM Contrast rh Fri Mar 13 03:54:25 CET 2026
recon-all -s sub-v2s3x28810_ses-1 finished without error at Fri Mar 13 03:54:28 CET 2026



#New# invocation of recon-all 



status file for recon-all
Fri Mar 13 04:04:53 CET 2026
#@# white curv rh Fri Mar 13 04:04:53 CET 2026
#@# white area rh Fri Mar 13 04:04:53 CET 2026
#@# pial curv rh Fri Mar 13 04:04:53 CET 2026
#@# pial area rh Fri Mar 13 04:04:54 CET 2026
#@# thickness rh Fri Mar 13 04:04:54 CET 2026
#@# area and vertex vol rh Fri Mar 13 04:04:54 CET 2026
#@# Parcellation Stats rh Fri Mar 13 04:04:54 CET 2026
#@# Parcellation Stats 2 rh Fri Mar 13 04:05:12 CET 2026
#@# Parcellation Stats 3 rh Fri Mar 13 04:05:23 CET 2026
#@# BA_exvivo Labels rh Fri Mar 13 04:05:34 CET 2026
recon-all -s sub-v2s3x28810_ses-1 finished without error at Fri Mar 13 04:08:27 CET 2026
