status file for recon-all
Fri Mar 13 02:15:15 CET 2026
#@# Tessellate rh Fri Mar 13 02:15:15 CET 2026
#@# Smooth1 rh Fri Mar 13 02:15:19 CET 2026
#@# Inflation1 rh Fri Mar 13 02:15:21 CET 2026
#@# QSphere rh Fri Mar 13 02:15:35 CET 2026
#@# Fix Topology rh Fri Mar 13 02:16:36 CET 2026
#@# Smooth2 rh Fri Mar 13 02:22:19 CET 2026
#@# Inflation2 rh Fri Mar 13 02:22:22 CET 2026
#@# Curv .H and .K rh Fri Mar 13 02:22:38 CET 2026
#@# Sphere rh Fri Mar 13 02:23:32 CET 2026
#@# Surf Reg rh Fri Mar 13 02:26:14 CET 2026
#@# Jacobian white rh Fri Mar 13 02:31:42 CET 2026
#@# AvgCurv rh Fri Mar 13 02:31:43 CET 2026
#@# Cortical Parc rh Fri Mar 13 02:31:44 CET 2026
#@# white curv rh Fri Mar 13 02:38:36 CET 2026
#@# white area rh Fri Mar 13 02:38:38 CET 2026
#@# pial curv rh Fri Mar 13 02:38:39 CET 2026
#@# pial area rh Fri Mar 13 02:38:40 CET 2026
#@# thickness rh Fri Mar 13 02:38:41 CET 2026
#@# area and vertex vol rh Fri Mar 13 02:39:15 CET 2026
#@# Curvature Stats rh Fri Mar 13 02:39:17 CET 2026
#@# Cortical Parc 2 rh Fri Mar 13 02:39:20 CET 2026
#@# Cortical Parc 3 rh Fri Mar 13 02:39:34 CET 2026
#@# WM/GM Contrast rh Fri Mar 13 02:39:46 CET 2026
recon-all -s sub-v2s3x28791_ses-1 finished without error at Fri Mar 13 02:39:49 CET 2026



#New# invocation of recon-all 



status file for recon-all
Fri Mar 13 02:49:01 CET 2026
#@# white curv rh Fri Mar 13 02:49:02 CET 2026
#@# white area rh Fri Mar 13 02:49:02 CET 2026
#@# pial curv rh Fri Mar 13 02:49:02 CET 2026
#@# pial area rh Fri Mar 13 02:49:02 CET 2026
#@# thickness rh Fri Mar 13 02:49:02 CET 2026
#@# area and vertex vol rh Fri Mar 13 02:49:02 CET 2026
#@# Parcellation Stats rh Fri Mar 13 02:49:02 CET 2026
#@# Parcellation Stats 2 rh Fri Mar 13 02:49:30 CET 2026
#@# Parcellation Stats 3 rh Fri Mar 13 02:49:48 CET 2026
#@# BA_exvivo Labels rh Fri Mar 13 02:49:59 CET 2026
recon-all -s sub-v2s3x28791_ses-1 finished without error at Fri Mar 13 02:52:50 CET 2026
