status file for recon-all
Fri Mar 13 00:09:01 CET 2026
#@# MotionCor Fri Mar 13 00:09:03 CET 2026
#@# Talairach Fri Mar 13 00:09:11 CET 2026
#@# Talairach Failure Detection Fri Mar 13 00:13:36 CET 2026
#@# Nu Intensity Correction Fri Mar 13 00:13:36 CET 2026
#@# Intensity Normalization Fri Mar 13 00:16:52 CET 2026
recon-all -s sub-v2s3x28791_ses-1 finished without error at Fri Mar 13 00:18:23 CET 2026



#New# invocation of recon-all 



status file for recon-all
Fri Mar 13 00:26:14 CET 2026
#@# EM Registration Fri Mar 13 00:26:14 CET 2026
recon-all -s sub-v2s3x28791_ses-1 finished without error at Fri Mar 13 00:27:51 CET 2026



#New# invocation of recon-all 



status file for recon-all
Fri Mar 13 00:27:54 CET 2026
#@# CA Normalize Fri Mar 13 00:27:54 CET 2026
#@# CA Reg Fri Mar 13 00:29:16 CET 2026
#@# SubCort Seg Fri Mar 13 01:14:13 CET 2026
#@# CC Seg Fri Mar 13 01:43:40 CET 2026
#@# Merge ASeg Fri Mar 13 01:44:27 CET 2026
#@# Intensity Normalization2 Fri Mar 13 01:44:27 CET 2026
#@# Mask BFS Fri Mar 13 01:46:44 CET 2026
#@# WM Segmentation Fri Mar 13 01:46:45 CET 2026
#@# Fill Fri Mar 13 01:48:44 CET 2026
recon-all -s sub-v2s3x28791_ses-1 finished without error at Fri Mar 13 01:49:46 CET 2026



#New# invocation of recon-all 



status file for recon-all
Fri Mar 13 02:39:53 CET 2026
#@# white curv lh Fri Mar 13 02:39:53 CET 2026
#@# white area lh Fri Mar 13 02:39:54 CET 2026
#@# pial curv lh Fri Mar 13 02:39:54 CET 2026
#@# pial area lh Fri Mar 13 02:39:54 CET 2026
#@# thickness lh Fri Mar 13 02:39:54 CET 2026
#@# area and vertex vol lh Fri Mar 13 02:39:54 CET 2026
#@# white curv rh Fri Mar 13 02:39:54 CET 2026
#@# white area rh Fri Mar 13 02:39:54 CET 2026
#@# pial curv rh Fri Mar 13 02:39:54 CET 2026
#@# pial area rh Fri Mar 13 02:39:54 CET 2026
#@# thickness rh Fri Mar 13 02:39:54 CET 2026
#@# area and vertex vol rh Fri Mar 13 02:39:54 CET 2026
#@# Cortical ribbon mask Fri Mar 13 02:39:54 CET 2026
recon-all -s sub-v2s3x28791_ses-1 finished without error at Fri Mar 13 02:45:13 CET 2026



#New# invocation of recon-all 



status file for recon-all
Fri Mar 13 02:52:57 CET 2026
#@# white curv lh Fri Mar 13 02:52:57 CET 2026
#@# white area lh Fri Mar 13 02:52:57 CET 2026
#@# pial curv lh Fri Mar 13 02:52:57 CET 2026
#@# pial area lh Fri Mar 13 02:52:57 CET 2026
#@# thickness lh Fri Mar 13 02:52:57 CET 2026
#@# area and vertex vol lh Fri Mar 13 02:52:57 CET 2026
#@# white curv rh Fri Mar 13 02:52:57 CET 2026
#@# white area rh Fri Mar 13 02:52:57 CET 2026
#@# pial curv rh Fri Mar 13 02:52:57 CET 2026
#@# pial area rh Fri Mar 13 02:52:57 CET 2026
#@# thickness rh Fri Mar 13 02:52:57 CET 2026
#@# area and vertex vol rh Fri Mar 13 02:52:57 CET 2026
#@# Curvature Stats lh Fri Mar 13 02:52:57 CET 2026
#@# Curvature Stats rh Fri Mar 13 02:53:00 CET 2026
#@# Relabel Hypointensities Fri Mar 13 02:53:03 CET 2026
#@# APas-to-ASeg Fri Mar 13 02:53:19 CET 2026
#@# AParc-to-ASeg aparc Fri Mar 13 02:53:28 CET 2026
#@# AParc-to-ASeg aparc.a2009s Fri Mar 13 02:54:24 CET 2026
#@# AParc-to-ASeg aparc.DKTatlas Fri Mar 13 02:55:20 CET 2026
#@# WMParc Fri Mar 13 02:56:20 CET 2026
#@# ASeg Stats Fri Mar 13 03:00:00 CET 2026
recon-all -s sub-v2s3x28791_ses-1 finished without error at Fri Mar 13 03:00:38 CET 2026
