/out/sourcedata/freesurfer/sub-v2s3x28814_ses-1/mri
/opt/freesurfer/bin/talairach_avi
--i orig_nu.mgz --xfm transforms/talairach.auto.xfm
talairach_avi 7.3.2
Linux dna030 5.14.0-427.37.1.el9_4.x86_64 #1 SMP PREEMPT_DYNAMIC Fri Sep 13 12:41:50 EDT 2024 x86_64 x86_64 x86_64 GNU/Linux
Fri Mar 13 01:56:42 CET 2026
mri_convert orig_nu.mgz talsrcimg.img 
reading from orig_nu.mgz...
TR=0.00, TE=0.00, TI=0.00, flip angle=0.00
i_ras = (-1, 0, 0)
j_ras = (0, 0, -1)
k_ras = (0, 1, 0)
writing to talsrcimg.img...
Analyze Output Matrix
-1.00000   0.00000   0.00000   140.35233;
 0.00000   0.00000   1.00000  -96.47484;
 0.00000  -1.00000   0.00000   135.52242;
 0.00000   0.00000   0.00000   1.00000;
--------------------
INFO: set hdr.hist.orient to -1
mpr2mni305 talsrcimg
Fri Mar 13 01:56:42 CET 2026
/opt/freesurfer/bin/mpr2mni305 talsrcimg
mpr2mni305 7.3.2
target=711-2C_as_mni_average_305

---------------------------------------------------------------------
analyzeto4dfp talsrcimg -O0 -y
---------------------------------------------------------------------

freesurfer ifh2hdr.c
Fri Mar 13 01:56:42 2026
Writing: talsrcimg.4dfp.hdr
freesurfer analyzeto4dfp.c
Reading: talsrcimg.hdr
header size 348 bytes
hdr.dime.datatype	offset=70	value=2
hdr.dime.bitpix		offset=72	value=8
hdr.hist.orient		offset=252	value=-1
dimensionality     4
dimensions       256       256       256         1
Reading: talsrcimg.img
Writing: talsrcimg.4dfp.img
Writing: talsrcimg.4dfp.ifh
ifh2hdr talsrcimg -r0to227
ori=2

---------------------------------------------------------------------
gauss_4dfp talsrcimg 1.1
---------------------------------------------------------------------

freesurfer gauss_4dfp.c
Reading: talsrcimg.4dfp.img
Writing: talsrcimg_g11.4dfp.img
image dimensions 256 256 256 padded to 288 288 288
processing volume 1freesurfer ifh2hdr.c
Fri Mar 13 01:56:44 2026
Writing: talsrcimg_g11.4dfp.hdr

Writing: talsrcimg_g11.4dfp.ifh
including: talsrcimg.4dfp.img.rec in talsrcimg_g11.4dfp.img.rec

---------------------------------------------------------------------
imgreg_4dfp /opt/freesurfer/average/711-2C_as_mni_average_305 none talsrcimg_g11 none talsrcimg_to_711-2C_as_mni_average_305_t4 4355
---------------------------------------------------------------------

freesurfer imgreg_4dfp.c
/opt/freesurfer/average/711-2C_as_mni_average_305.4dfp.img
       256       256       256         1
  1.000000  1.000000  1.000000
orientation T byte_order littleendian
Reading image: /opt/freesurfer/average/711-2C_as_mni_average_305.4dfp.img
dimensions:      256       256       256
mmppix:       1.0000   -1.0000   -1.0000
center:     128.0000 -129.0000 -129.0000
talsrcimg_g11.4dfp.img
       256       256       256         1
  1.000000  1.000000  1.000000
orientation T byte_order littleendian
Reading image: talsrcimg_g11.4dfp.img
dimensions:      256       256       256
mmppix:       1.0000   -1.0000   -1.0000
center:     128.0000 -129.0000 -129.0000
t4_read: open error in t4_sub.f l:  41 t4_file(1:l)talsrcimg_to_711-2C_as_mni_average_305_t4 
t4_read: transform initialized to I4
rotation matrix determinant  1.000000
image alignment mode   4355 decimal     1103 hex
   -7.5000  -45.0000  -45.0000 6223.2373   17.0627
    0.0000  -45.0000  -45.0000 6505.9995   17.0682
    7.5000  -45.0000  -45.0000 6282.5693   17.0805
   -7.5000  -37.5000  -45.0000 6831.2959   16.7886
    0.0000  -37.5000  -45.0000 7179.3306   16.7943
    7.5000  -37.5000  -45.0000 6911.1895   16.8171
   -7.5000  -30.0000  -45.0000 7752.4653   16.6988
    0.0000  -30.0000  -45.0000 8159.4258   16.7066
    7.5000  -30.0000  -45.0000 7849.1333   16.7414
   -7.5000  -22.5000  -45.0000 8727.4912   16.6553
    0.0000  -22.5000  -45.0000 9178.1318   16.6649
    7.5000  -22.5000  -45.0000 8796.0439   16.7017
   -7.5000  -15.0000  -45.0000 9677.5459   16.6546
    0.0000  -15.0000  -45.000010172.7314   16.6636
    7.5000  -15.0000  -45.0000 9746.0869   16.6901
   -7.5000   -7.5000  -45.000010566.1885   16.6743
    0.0000   -7.5000  -45.000011100.7559   16.6814
    7.5000   -7.5000  -45.000010632.0527   16.6953
   -7.5000    0.0000  -45.000011336.7959   16.6791
    0.0000    0.0000  -45.000011898.3770   16.6848
    7.5000    0.0000  -45.000011373.5840   16.6967
   -7.5000    7.5000  -45.000011221.0342   16.6590
    0.0000    7.5000  -45.000011800.4531   16.6648
    7.5000    7.5000  -45.000011264.9619   16.6871
   -7.5000   15.0000  -45.000011016.7568   16.6365
    0.0000   15.0000  -45.000011579.8027   16.6444
    7.5000   15.0000  -45.000011034.5195   16.6790
   -7.5000   22.5000  -45.000010754.5869   16.6306
    0.0000   22.5000  -45.000011277.1064   16.6401
    7.5000   22.5000  -45.000010767.2969   16.6769
   -7.5000   30.0000  -45.000010373.4883   16.4287
    0.0000   30.0000  -45.000010863.7852   16.4375
    7.5000   30.0000  -45.000010379.4590   16.4637
   -7.5000   37.5000  -45.000010343.1318   16.4520
    0.0000   37.5000  -45.000010847.8799   16.4591
    7.5000   37.5000  -45.000010329.5312   16.4728
   -7.5000   45.0000  -45.0000 9823.9902   16.0389
    0.0000   45.0000  -45.000010301.2617   16.0444
    7.5000   45.0000  -45.0000 9781.4424   16.0559
   -7.5000  -45.0000  -37.5000 6609.7681   17.0697
    0.0000  -45.0000  -37.5000 6927.8003   17.0686
    7.5000  -45.0000  -37.5000 6682.2837   17.0846
   -7.5000  -37.5000  -37.5000 7286.7109   16.7920
    0.0000  -37.5000  -37.5000 7650.0269   16.7894
    7.5000  -37.5000  -37.5000 7348.9062   16.8096
   -7.5000  -30.0000  -37.5000 8288.1221   16.7040
    0.0000  -30.0000  -37.5000 8719.7031   16.7036
    7.5000  -30.0000  -37.5000 8366.4160   16.7327
   -7.5000  -22.5000  -37.5000 9314.1738   16.6673
    0.0000  -22.5000  -37.5000 9797.0479   16.6704
    7.5000  -22.5000  -37.5000 9377.0869   16.7048
   -7.5000  -15.0000  -37.500010301.0469   16.6695
    0.0000  -15.0000  -37.500010817.5781   16.6735
    7.5000  -15.0000  -37.500010360.7568   16.7035
   -7.5000   -7.5000  -37.500011220.2812   16.6861
    0.0000   -7.5000  -37.500011821.1543   16.6882
    7.5000   -7.5000  -37.500011278.4336   16.7083
   -7.5000    0.0000  -37.500012000.9736   16.6864
    0.0000    0.0000  -37.500012647.8975   16.6856
    7.5000    0.0000  -37.500012080.9678   16.7006
   -7.5000    7.5000  -37.500011855.2070   16.6625
    0.0000    7.5000  -37.500012490.2158   16.6602
    7.5000    7.5000  -37.500011907.9678   16.6799
   -7.5000   15.0000  -37.500011632.5508   16.6416
    0.0000   15.0000  -37.500012238.2148   16.6413
    7.5000   15.0000  -37.500011643.9814   16.6703
   -7.5000   22.5000  -37.500011375.6172   16.6424
    0.0000   22.5000  -37.500011912.4346   16.6455
    7.5000   22.5000  -37.500011342.3818   16.6799
   -7.5000   30.0000  -37.500010955.6299   16.4433
    0.0000   30.0000  -37.500011491.6504   16.4473
    7.5000   30.0000  -37.500010926.2178   16.4769
   -7.5000   37.5000  -37.500010874.8516   16.4638
    0.0000   37.5000  -37.500011409.3018   16.4658
    7.5000   37.5000  -37.500010835.4863   16.4856
   -7.5000   45.0000  -37.500010295.3311   16.0460
    0.0000   45.0000  -37.500010797.4775   16.0452
    7.5000   45.0000  -37.500010245.4346   16.0597
   -7.5000  -45.0000  -30.0000 7125.5488   17.8199
    0.0000  -45.0000  -30.0000 7498.5903   17.8234
    7.5000  -45.0000  -30.0000 7206.6553   17.8514
   -7.5000  -37.5000  -30.0000 7849.1929   17.5237
    0.0000  -37.5000  -30.0000 8269.9443   17.5234
    7.5000  -37.5000  -30.0000 7926.7373   17.5521
   -7.5000  -30.0000  -30.0000 8956.2275   17.4253
    0.0000  -30.0000  -30.0000 9442.5615   17.4252
    7.5000  -30.0000  -30.0000 9039.3613   17.4615
   -7.5000  -22.5000  -30.000010041.8516   17.3888
    0.0000  -22.5000  -30.000010572.7803   17.3921
    7.5000  -22.5000  -30.000010105.4697   17.4347
   -7.5000  -15.0000  -30.000011073.4277   17.3970
    0.0000  -15.0000  -30.000011652.8311   17.4027
    7.5000  -15.0000  -30.000011122.1865   17.4434
   -7.5000   -7.5000  -30.000012023.8672   17.4192
    0.0000   -7.5000  -30.000012689.9795   17.4248
    7.5000   -7.5000  -30.000012059.9434   17.4575
   -7.5000    0.0000  -30.000012839.6475   17.4198
    0.0000    0.0000  -30.000013553.9463   17.4232
    7.5000    0.0000  -30.000012905.6123   17.4495
   -7.5000    7.5000  -30.000012659.7959   17.3884
    0.0000    7.5000  -30.000013371.2266   17.3885
    7.5000    7.5000  -30.000012706.3809   17.4166
   -7.5000   15.0000  -30.000012426.5869   17.3603
    0.0000   15.0000  -30.000013120.0039   17.3602
    7.5000   15.0000  -30.000012429.7959   17.3964
   -7.5000   22.5000  -30.000012148.5615   17.3609
    0.0000   22.5000  -30.000012778.7949   17.3642
    7.5000   22.5000  -30.000012104.2412   17.4067
   -7.5000   30.0000  -30.000011658.9219   17.1626
    0.0000   30.0000  -30.000012296.6943   17.1682
    7.5000   30.0000  -30.000011620.9414   17.2083
   -7.5000   37.5000  -30.000011523.2188   17.1887
    0.0000   37.5000  -30.000012148.5107   17.1942
    7.5000   37.5000  -30.000011484.6104   17.2265
   -7.5000   45.0000  -30.000010863.9131   16.7635
    0.0000   45.0000  -30.000011444.2832   16.7668
    7.5000   45.0000  -30.000010814.4365   16.7921
   -7.5000  -45.0000  -22.5000 7629.3774   18.4588
    0.0000  -45.0000  -22.5000 8041.1147   18.4740
    7.5000  -45.0000  -22.5000 7724.7578   18.5121
   -7.5000  -37.5000  -22.5000 8417.1855   18.1494
    0.0000  -37.5000  -22.5000 8878.2070   18.1599
    7.5000  -37.5000  -22.5000 8514.8291   18.2031
   -7.5000  -30.0000  -22.5000 9611.7812   18.0407
    0.0000  -30.0000  -22.500010140.0264   18.0492
    7.5000  -30.0000  -22.5000 9685.6973   18.1013
   -7.5000  -22.5000  -22.500010790.1787   17.9988
    0.0000  -22.5000  -22.500011349.9893   18.0089
    7.5000  -22.5000  -22.500010827.1240   18.0631
   -7.5000  -15.0000  -22.500011858.7324   18.0098
    0.0000  -15.0000  -22.500012470.5732   18.0226
    7.5000  -15.0000  -22.500011895.7686   18.0705
   -7.5000   -7.5000  -22.500012816.4463   18.0393
    0.0000   -7.5000  -22.500013504.2754   18.0546
    7.5000   -7.5000  -22.500012852.2627   18.0938
   -7.5000    0.0000  -22.500013634.6777   18.0439
    0.0000    0.0000  -22.500014407.9219   18.0586
    7.5000    0.0000  -22.500013706.8320   18.0947
   -7.5000    7.5000  -22.500013424.4932   18.0091
    0.0000    7.5000  -22.500014215.4736   18.0196
    7.5000    7.5000  -22.500013477.9043   18.0621
   -7.5000   15.0000  -22.500013166.2236   17.9734
    0.0000   15.0000  -22.500013924.0654   17.9820
    7.5000   15.0000  -22.500013166.3145   18.0339
   -7.5000   22.5000  -22.500012847.7461   17.9687
    0.0000   22.5000  -22.500013577.3809   17.9787
    7.5000   22.5000  -22.500012805.0508   18.0329
   -7.5000   30.0000  -22.500012330.9453   17.7698
    0.0000   30.0000  -22.500013031.0244   17.7824
    7.5000   30.0000  -22.500012270.9443   17.8297
   -7.5000   37.5000  -22.500012153.0605   17.8033
    0.0000   37.5000  -22.500012856.3809   17.8184
    7.5000   37.5000  -22.500012087.9082   17.8571
   -7.5000   45.0000  -22.500011407.1396   17.3771
    0.0000   45.0000  -22.500012088.6250   17.3913
    7.5000   45.0000  -22.500011345.6592   17.4261
   -7.5000  -45.0000  -15.0000 8140.3130   18.8963
    0.0000  -45.0000  -15.0000 8586.7500   18.9193
    7.5000  -45.0000  -15.0000 8242.1611   18.9566
   -7.5000  -37.5000  -15.0000 9006.4600   18.5817
    0.0000  -37.5000  -15.0000 9492.3359   18.6015
    7.5000  -37.5000  -15.0000 9084.5498   18.6516
   -7.5000  -30.0000  -15.000010278.0010   18.4696
    0.0000  -30.0000  -15.000010813.3711   18.4872
    7.5000  -30.0000  -15.000010328.8496   18.5498
   -7.5000  -22.5000  -15.000011491.8691   18.4219
    0.0000  -22.5000  -15.000012079.9971   18.4395
    7.5000  -22.5000  -15.000011528.9102   18.5000
   -7.5000  -15.0000  -15.000012586.0215   18.4318
    0.0000  -15.0000  -15.000013235.3809   18.4509
    7.5000  -15.0000  -15.000012627.3779   18.4978
   -7.5000   -7.5000  -15.000013562.3691   18.4642
    0.0000   -7.5000  -15.000014261.2480   18.4862
    7.5000   -7.5000  -15.000013628.1094   18.5213
   -7.5000    0.0000  -15.000014415.0762   18.4710
    0.0000    0.0000  -15.000015171.6074   18.4936
    7.5000    0.0000  -15.000014495.9463   18.5292
   -7.5000    7.5000  -15.000014164.1592   18.4379
    0.0000    7.5000  -15.000014923.2812   18.4576
    7.5000    7.5000  -15.000014186.1475   18.5068
   -7.5000   15.0000  -15.000013885.7666   18.4008
    0.0000   15.0000  -15.000014608.2002   18.4184
    7.5000   15.0000  -15.000013874.3398   18.4807
   -7.5000   22.5000  -15.000013543.5967   18.3904
    0.0000   22.5000  -15.000014245.6133   18.4079
    7.5000   22.5000  -15.000013501.1885   18.4683
   -7.5000   30.0000  -15.000012995.6494   18.1887
    0.0000   30.0000  -15.000013667.4668   18.2075
    7.5000   30.0000  -15.000012904.6279   18.2539
   -7.5000   37.5000  -15.000012768.8594   18.2252
    0.0000   37.5000  -15.000013453.9346   18.2469
    7.5000   37.5000  -15.000012676.4238   18.2815
   -7.5000   45.0000  -15.000011940.8125   17.7992
    0.0000   45.0000  -15.000012599.5078   17.8210
    7.5000   45.0000  -15.000011850.4541   17.8553
   -7.5000  -45.0000   -7.5000 8698.8896   19.0833
    0.0000  -45.0000   -7.5000 9158.4521   19.1020
    7.5000  -45.0000   -7.5000 8766.7393   19.1259
   -7.5000  -37.5000   -7.5000 9606.3525   18.7721
    0.0000  -37.5000   -7.500010114.2861   18.7901
    7.5000  -37.5000   -7.5000 9673.8174   18.8297
   -7.5000  -30.0000   -7.500010912.7178   18.6637
    0.0000  -30.0000   -7.500011473.8877   18.6819
    7.5000  -30.0000   -7.500010989.5586   18.7363
   -7.5000  -22.5000   -7.500012177.3467   18.6124
    0.0000  -22.5000   -7.500012776.9668   18.6303
    7.5000  -22.5000   -7.500012248.3652   18.6836
   -7.5000  -15.0000   -7.500013338.1025   18.6164
    0.0000  -15.0000   -7.500013988.3652   18.6341
    7.5000  -15.0000   -7.500013409.4141   18.6717
   -7.5000   -7.5000   -7.500014408.3340   18.6457
    0.0000   -7.5000   -7.500015085.8555   18.6639
    7.5000   -7.5000   -7.500014503.7939   18.6868
   -7.5000    0.0000   -7.500015337.6367   18.6538
    0.0000    0.0000   -7.500016124.9570   18.6723
    7.5000    0.0000   -7.500015401.4688   18.6955
   -7.5000    7.5000   -7.500015059.2383   18.6268
    0.0000    7.5000   -7.500015725.5205   18.6448
    7.5000    7.5000   -7.500015016.8691   18.6837
   -7.5000   15.0000   -7.500014689.2344   18.5943
    0.0000   15.0000   -7.500015286.5703   18.6124
    7.5000   15.0000   -7.500014647.7178   18.6665
   -7.5000   22.5000   -7.500014288.2070   18.5787
    0.0000   22.5000   -7.500014890.4922   18.5966
    7.5000   22.5000   -7.500014258.6318   18.6498
   -7.5000   30.0000   -7.500013676.2930   18.3705
    0.0000   30.0000   -7.500014267.6924   18.3878
    7.5000   30.0000   -7.500013609.6992   18.4250
   -7.5000   37.5000   -7.500013407.3076   18.4039
    0.0000   37.5000   -7.500014006.6221   18.4219
    7.5000   37.5000   -7.500013312.1523   18.4445
   -7.5000   45.0000   -7.500012509.2754   17.9787
    0.0000   45.0000   -7.500013077.4131   17.9966
    7.5000   45.0000   -7.500012394.7334   18.0189
   -7.5000  -45.0000    0.0000 9176.4062   19.0936
    0.0000  -45.0000    0.0000 9661.7900   19.0998
    7.5000  -45.0000    0.0000 9225.1514   19.1136
   -7.5000  -37.5000    0.000010114.7959   18.7869
    0.0000  -37.5000    0.000010658.4287   18.7932
    7.5000  -37.5000    0.000010185.6406   18.8188
   -7.5000  -30.0000    0.000011464.7627   18.6864
    0.0000  -30.0000    0.000012045.6738   18.6951
    7.5000  -30.0000    0.000011566.5488   18.7341
   -7.5000  -22.5000    0.000012773.3457   18.6377
    0.0000  -22.5000    0.000013395.8672   18.6484
    7.5000  -22.5000    0.000012871.6748   18.6896
   -7.5000  -15.0000    0.000013956.1631   18.6369
    0.0000  -15.0000    0.000014639.4922   18.6470
    7.5000  -15.0000    0.000014063.3506   18.6766
   -7.5000   -7.5000    0.000015072.1318   18.6589
    0.0000   -7.5000    0.000015802.9521   18.6669
    7.5000   -7.5000    0.000015224.0625   18.6825
   -7.5000    0.0000    0.000015974.9541   18.6644
    0.0000    0.0000    0.000016735.3027   18.6707
    7.5000    0.0000    0.000016142.3486   18.6841
   -7.5000    7.5000    0.000015577.2285   18.6419
    0.0000    7.5000    0.000016125.0635   18.6484
    7.5000    7.5000    0.000015657.8320   18.6733
   -7.5000   15.0000    0.000015185.4814   18.6167
    0.0000   15.0000    0.000015656.2646   18.6255
    7.5000   15.0000    0.000015237.1729   18.6643
   -7.5000   22.5000    0.000014795.4844   18.6041
    0.0000   22.5000    0.000015280.3291   18.6147
    7.5000   22.5000    0.000014823.1914   18.6558
   -7.5000   30.0000    0.000014153.4727   18.3913
    0.0000   30.0000    0.000014653.0986   18.4012
    7.5000   30.0000    0.000014133.4004   18.4305
   -7.5000   37.5000    0.000013824.0928   18.4174
    0.0000   37.5000    0.000014351.0225   18.4253
    7.5000   37.5000    0.000013777.7666   18.4407
   -7.5000   45.0000    0.000012901.1230   17.9903
    0.0000   45.0000    0.000013418.1602   17.9964
    7.5000   45.0000    0.000012825.8428   18.0093
   -7.5000  -45.0000    7.5000 8931.8193   19.1014
    0.0000  -45.0000    7.5000 9399.1611   19.1003
    7.5000  -45.0000    7.5000 8972.5654   19.1181
   -7.5000  -37.5000    7.5000 9846.3232   18.7907
    0.0000  -37.5000    7.500010345.5928   18.7878
    7.5000  -37.5000    7.5000 9898.5654   18.8104
   -7.5000  -30.0000    7.500011127.1768   18.6922
    0.0000  -30.0000    7.500011679.4199   18.6918
    7.5000  -30.0000    7.500011197.3789   18.7243
   -7.5000  -22.5000    7.500012350.6289   18.6511
    0.0000  -22.5000    7.500012979.6133   18.6547
    7.5000  -22.5000    7.500012446.2344   18.6931
   -7.5000  -15.0000    7.500013458.3770   18.6536
    0.0000  -15.0000    7.500014140.6123   18.6581
    7.5000  -15.0000    7.500013608.4600   18.6917
   -7.5000   -7.5000    7.500014477.8662   18.6722
    0.0000   -7.5000    7.500015231.0059   18.6745
    7.5000   -7.5000    7.500014730.1445   18.6971
   -7.5000    0.0000    7.500015340.6475   18.6725
    0.0000    0.0000    7.500016098.3535   18.6716
    7.5000    0.0000    7.500015619.4443   18.6885
   -7.5000    7.5000    7.500015021.0732   18.6458
    0.0000    7.5000    7.500015559.8154   18.6433
    7.5000    7.5000    7.500015165.6230   18.6653
   -7.5000   15.0000    7.500014682.6709   18.6224
    0.0000   15.0000    7.500015164.1572   18.6221
    7.5000   15.0000    7.500014774.1367   18.6545
   -7.5000   22.5000    7.500014324.6455   18.6173
    0.0000   22.5000    7.500014796.5068   18.6208
    7.5000   22.5000    7.500014360.5381   18.6592
   -7.5000   30.0000    7.500013700.5615   18.4077
    0.0000   30.0000    7.500014174.6299   18.4121
    7.5000   30.0000    7.500013690.5596   18.4453
   -7.5000   37.5000    7.500013337.6338   18.4306
    0.0000   37.5000    7.500013844.5928   18.4328
    7.5000   37.5000    7.500013301.1562   18.4551
   -7.5000   45.0000    7.500012414.1787   17.9982
    0.0000   45.0000    7.500012934.4707   17.9973
    7.5000   45.0000    7.500012376.8291   18.0135
   -7.5000  -45.0000   15.0000 8510.1680   19.1357
    0.0000  -45.0000   15.0000 8991.5146   19.1394
    7.5000  -45.0000   15.0000 8564.9238   19.1695
   -7.5000  -37.5000   15.0000 9393.0488   18.8176
    0.0000  -37.5000   15.0000 9905.0215   18.8173
    7.5000  -37.5000   15.0000 9443.4580   18.8481
   -7.5000  -30.0000   15.000010623.9512   18.7119
    0.0000  -30.0000   15.000011176.2578   18.7118
    7.5000  -30.0000   15.000010702.3838   18.7508
   -7.5000  -22.5000   15.000011790.4082   18.6727
    0.0000  -22.5000   15.000012383.3184   18.6763
    7.5000  -22.5000   15.000011902.2012   18.7220
   -7.5000  -15.0000   15.000012838.4775   18.6815
    0.0000  -15.0000   15.000013493.8711   18.6877
    7.5000  -15.0000   15.000013013.7217   18.7314
   -7.5000   -7.5000   15.000013805.7275   18.7053
    0.0000   -7.5000   15.000014530.2197   18.7114
    7.5000   -7.5000   15.000014107.7305   18.7465
   -7.5000    0.0000   15.000014673.7754   18.7060
    0.0000    0.0000   15.000015396.5107   18.7096
    7.5000    0.0000   15.000014978.7852   18.7379
   -7.5000    7.5000   15.000014456.0215   18.6723
    0.0000    7.5000   15.000015084.6289   18.6723
    7.5000    7.5000   15.000014636.9072   18.7026
   -7.5000   15.0000   15.000014144.1260   18.6421
    0.0000   15.0000   15.000014746.7695   18.6420
    7.5000   15.0000   15.000014250.2041   18.6809
   -7.5000   22.5000   15.000013797.6641   18.6386
    0.0000   22.5000   15.000014390.1553   18.6422
    7.5000   22.5000   15.000013820.2607   18.6878
   -7.5000   30.0000   15.000013183.6963   18.4352
    0.0000   30.0000   15.000013766.6182   18.4412
    7.5000   30.0000   15.000013172.1494   18.4843
   -7.5000   37.5000   15.000012801.8828   18.4632
    0.0000   37.5000   15.000013376.4512   18.4692
    7.5000   37.5000   15.000012782.1123   18.5038
   -7.5000   45.0000   15.000011871.5947   18.0304
    0.0000   45.0000   15.000012417.0576   18.0339
    7.5000   45.0000   15.000011869.6562   18.0612
   -7.5000  -45.0000   22.5000 8005.4966   19.1642
    0.0000  -45.0000   22.5000 8444.9414   19.1799
    7.5000  -45.0000   22.5000 8080.3481   19.2195
   -7.5000  -37.5000   22.5000 8853.2373   18.8429
    0.0000  -37.5000   22.5000 9335.1514   18.8538
    7.5000  -37.5000   22.5000 8947.6162   18.8987
   -7.5000  -30.0000   22.500010032.5566   18.7301
    0.0000  -30.0000   22.500010569.1992   18.7389
    7.5000  -30.0000   22.500010127.1416   18.7930
   -7.5000  -22.5000   22.500011135.4414   18.6865
    0.0000  -22.5000   22.500011736.1387   18.6970
    7.5000  -22.5000   22.500011230.0928   18.7533
   -7.5000  -15.0000   22.500012149.6201   18.6980
    0.0000  -15.0000   22.500012802.0732   18.7112
    7.5000  -15.0000   22.500012291.1621   18.7610
   -7.5000   -7.5000   22.500013100.6162   18.7286
    0.0000   -7.5000   22.500013826.6680   18.7445
    7.5000   -7.5000   22.500013314.0967   18.7852
   -7.5000    0.0000   22.500013990.4814   18.7334
    0.0000    0.0000   22.500014727.4668   18.7486
    7.5000    0.0000   22.500014175.8066   18.7862
   -7.5000    7.5000   22.500013841.7920   18.6972
    0.0000    7.5000   22.500014589.1055   18.7082
    7.5000    7.5000   22.500013941.6562   18.7523
   -7.5000   15.0000   22.500013547.3418   18.6602
    0.0000   15.0000   22.500014305.7480   18.6690
    7.5000   15.0000   22.500013622.9580   18.7230
   -7.5000   22.5000   22.500013135.9102   18.6525
    0.0000   22.5000   22.500013850.7539   18.6628
    7.5000   22.5000   22.500013189.0645   18.7191
   -7.5000   30.0000   22.500012498.6279   18.4514
    0.0000   30.0000   22.500013148.6182   18.4644
    7.5000   30.0000   22.500012547.5586   18.5135
   -7.5000   37.5000   22.500012134.8643   18.4862
    0.0000   37.5000   22.500012741.9609   18.5019
    7.5000   37.5000   22.500012173.9727   18.5421
   -7.5000   45.0000   22.500011256.9658   18.0568
    0.0000   45.0000   22.500011807.2939   18.0715
    7.5000   45.0000   22.500011288.1270   18.1077
   -7.5000  -45.0000   30.0000 7405.8389   19.1875
    0.0000  -45.0000   30.0000 7800.6284   19.2108
    7.5000  -45.0000   30.0000 7469.8281   19.2486
   -7.5000  -37.5000   30.0000 8188.2300   18.8684
    0.0000  -37.5000   30.0000 8643.0527   18.8884
    7.5000  -37.5000   30.0000 8265.0869   18.9395
   -7.5000  -30.0000   30.0000 9318.6416   18.7547
    0.0000  -30.0000   30.0000 9836.2520   18.7727
    7.5000  -30.0000   30.0000 9391.5859   18.8365
   -7.5000  -22.5000   30.000010395.2646   18.7062
    0.0000  -22.5000   30.000010944.8516   18.7241
    7.5000  -22.5000   30.000010451.4307   18.7858
   -7.5000  -15.0000   30.000011418.6279   18.7164
    0.0000  -15.0000   30.000012016.7354   18.7358
    7.5000  -15.0000   30.000011482.2539   18.7835
   -7.5000   -7.5000   30.000012374.7178   18.7493
    0.0000   -7.5000   30.000013020.5088   18.7716
    7.5000   -7.5000   30.000012464.5703   18.8073
   -7.5000    0.0000   30.000013201.2607   18.7562
    0.0000    0.0000   30.000013854.8955   18.7791
    7.5000    0.0000   30.000013280.6230   18.8154
   -7.5000    7.5000   30.000012991.6260   18.7225
    0.0000    7.5000   30.000013599.5693   18.7426
    7.5000    7.5000   30.000013041.3857   18.7927
   -7.5000   15.0000   30.000012659.9248   18.6848
    0.0000   15.0000   30.000013259.8350   18.7027
    7.5000   15.0000   30.000012730.4141   18.7661
   -7.5000   22.5000   30.000012259.6582   18.6722
    0.0000   22.5000   30.000012839.2383   18.6900
    7.5000   22.5000   30.000012346.0625   18.7516
   -7.5000   30.0000   30.000011702.5391   18.4695
    0.0000   30.0000   30.000012246.1416   18.4886
    7.5000   30.0000   30.000011770.6855   18.5358
   -7.5000   37.5000   30.000011393.4385   18.5066
    0.0000   37.5000   30.000011928.5361   18.5286
    7.5000   37.5000   30.000011467.6289   18.5639
   -7.5000   45.0000   30.000010580.2480   18.0788
    0.0000   45.0000   30.000011072.5420   18.1009
    7.5000   45.0000   30.000010631.9482   18.1359
   -7.5000  -45.0000   37.5000 7033.6948   19.2127
    0.0000  -45.0000   37.5000 7389.3008   19.2312
    7.5000  -45.0000   37.5000 7061.5029   19.2556
   -7.5000  -37.5000   37.5000 7803.0259   18.9015
    0.0000  -37.5000   37.5000 8214.1680   18.9194
    7.5000  -37.5000   37.5000 7833.3652   18.9598
   -7.5000  -30.0000   37.5000 8897.6377   18.7932
    0.0000  -30.0000   37.5000 9372.7744   18.8114
    7.5000  -30.0000   37.5000 8938.1943   18.8667
   -7.5000  -22.5000   37.5000 9961.2764   18.7411
    0.0000  -22.5000   37.500010483.7979   18.7591
    7.5000  -22.5000   37.5000 9976.6006   18.8132
   -7.5000  -15.0000   37.500010922.3447   18.7451
    0.0000  -15.0000   37.500011501.4902   18.7627
    7.5000  -15.0000   37.500010944.3887   18.8010
   -7.5000   -7.5000   37.500011792.2832   18.7748
    0.0000   -7.5000   37.500012425.8555   18.7929
    7.5000   -7.5000   37.500011848.6973   18.8163
   -7.5000    0.0000   37.500012588.4600   18.7832
    0.0000    0.0000   37.500013252.3389   18.8016
    7.5000    0.0000   37.500012649.7656   18.8253
   -7.5000    7.5000   37.500012408.9756   18.7560
    0.0000    7.5000   37.500013036.4385   18.7739
    7.5000    7.5000   37.500012462.8760   18.8135
   -7.5000   15.0000   37.500012089.5322   18.7229
    0.0000   15.0000   37.500012706.9307   18.7410
    7.5000   15.0000   37.500012176.1074   18.7961
   -7.5000   22.5000   37.500011674.1367   18.7071
    0.0000   22.5000   37.500012266.5879   18.7250
    7.5000   22.5000   37.500011783.7764   18.7791
   -7.5000   30.0000   37.500011201.6396   18.4979
    0.0000   30.0000   37.500011736.9883   18.5153
    7.5000   30.0000   37.500011269.6357   18.5530
   -7.5000   37.5000   37.500010964.8604   18.5318
    0.0000   37.5000   37.500011488.9980   18.5497
    7.5000   37.5000   37.500011046.3604   18.5728
   -7.5000   45.0000   37.500010209.5137   18.1048
    0.0000   45.0000   37.500010672.3555   18.1225
    7.5000   45.0000   37.500010264.6211   18.1454
   -7.5000  -45.0000   45.0000 6327.9111   19.2953
    0.0000  -45.0000   45.0000 6636.2051   19.3002
    7.5000  -45.0000   45.0000 6362.9839   19.3146
   -7.5000  -37.5000   45.0000 7028.5645   18.9865
    0.0000  -37.5000   45.0000 7383.3564   18.9916
    7.5000  -37.5000   45.0000 7058.9248   19.0181
   -7.5000  -30.0000   45.0000 8011.7739   18.8853
    0.0000  -30.0000   45.0000 8424.9980   18.8931
    7.5000  -30.0000   45.0000 8059.4941   18.9335
   -7.5000  -22.5000   45.0000 8969.6914   18.8351
    0.0000  -22.5000   45.0000 9431.4541   18.8451
    7.5000  -22.5000   45.0000 9001.7480   18.8878
   -7.5000  -15.0000   45.0000 9860.4883   18.8344
    0.0000  -15.0000   45.000010375.0518   18.8439
    7.5000  -15.0000   45.0000 9894.3799   18.8746
   -7.5000   -7.5000   45.000010653.9463   18.8576
    0.0000   -7.5000   45.000011218.3691   18.8647
    7.5000   -7.5000   45.000010706.0986   18.8810
   -7.5000    0.0000   45.000011382.2412   18.8635
    0.0000    0.0000   45.000011990.5146   18.8688
    7.5000    0.0000   45.000011447.7148   18.8827
   -7.5000    7.5000   45.000011238.0371   18.8401
    0.0000    7.5000   45.000011811.6172   18.8454
    7.5000    7.5000   45.000011295.5859   18.8714
   -7.5000   15.0000   45.000010958.5020   18.8137
    0.0000   15.0000   45.000011510.6836   18.8215
    7.5000   15.0000   45.000011048.4150   18.8618
   -7.5000   22.5000   45.000010610.5635   18.8006
    0.0000   22.5000   45.000011137.1455   18.8105
    7.5000   22.5000   45.000010702.5537   18.8531
   -7.5000   30.0000   45.000010214.6768   18.5845
    0.0000   30.0000   45.000010697.1826   18.5938
    7.5000   30.0000   45.000010278.4648   18.6241
   -7.5000   37.5000   45.000010044.8652   18.6119
    0.0000   37.5000   45.000010518.3779   18.6189
    7.5000   37.5000   45.000010108.1133   18.6350
   -7.5000   45.0000   45.0000 9346.5000   18.1905
    0.0000   45.0000   45.0000 9792.9590   18.1956
    7.5000   45.0000   45.0000 9394.9629   18.2090

---------------------------------------------------------------------
imgreg_4dfp /opt/freesurfer/average/711-2C_as_mni_average_305 /opt/freesurfer/average/711-2B_as_mni_average_305_mask talsrcimg_g11 none talsrcimg_to_711-2C_as_mni_average_305_t4 4355
---------------------------------------------------------------------

freesurfer imgreg_4dfp.c
/opt/freesurfer/average/711-2C_as_mni_average_305.4dfp.img
       256       256       256         1
  1.000000  1.000000  1.000000
orientation T byte_order littleendian
Reading image: /opt/freesurfer/average/711-2C_as_mni_average_305.4dfp.img
dimensions:      256       256       256
mmppix:       1.0000   -1.0000   -1.0000
center:     128.0000 -129.0000 -129.0000
/opt/freesurfer/average/711-2B_as_mni_average_305_mask.4dfp.img
       256       256       256         1
  1.000000  1.000000  1.000000
orientation T byte_order littleendian
Reading mask: /opt/freesurfer/average/711-2B_as_mni_average_305_mask.4dfp.img (2306576 pixels)
talsrcimg_g11.4dfp.img
       256       256       256         1
  1.000000  1.000000  1.000000
orientation T byte_order littleendian
Reading image: talsrcimg_g11.4dfp.img
dimensions:      256       256       256
mmppix:       1.0000   -1.0000   -1.0000
center:     128.0000 -129.0000 -129.0000
rotation matrix determinant  1.000000
image alignment mode   4355 decimal     1103 hex
   -7.5000  -45.0000  -45.0000 1716.8927   25.4121
    0.0000  -45.0000  -45.0000 1728.3044   25.1778
    7.5000  -45.0000  -45.0000 1721.4027   25.2058
   -7.5000  -37.5000  -45.0000 1831.7336   22.1738
    0.0000  -37.5000  -45.0000 1843.0814   21.9707
    7.5000  -37.5000  -45.0000 1840.0162   21.9765
   -7.5000  -30.0000  -45.0000 1935.5236   19.6662
    0.0000  -30.0000  -45.0000 1948.6685   19.4963
    7.5000  -30.0000  -45.0000 1944.3407   19.4474
   -7.5000  -22.5000  -45.0000 2040.2705   17.7550
    0.0000  -22.5000  -45.0000 2054.5137   17.6263
    7.5000  -22.5000  -45.0000 2049.8799   17.5807
   -7.5000  -15.0000  -45.0000 2125.1550   16.2922
    0.0000  -15.0000  -45.0000 2141.6589   16.1748
    7.5000  -15.0000  -45.0000 2139.5254   16.1615
   -7.5000   -7.5000  -45.0000 2188.1152   15.2369
    0.0000   -7.5000  -45.0000 2199.5413   15.1253
    7.5000   -7.5000  -45.0000 2197.6970   15.1164
   -7.5000    0.0000  -45.0000 2216.3140   14.5344
    0.0000    0.0000  -45.0000 2227.8640   14.4079
    7.5000    0.0000  -45.0000 2224.2996   14.4107
   -7.5000    7.5000  -45.0000 2230.5483   14.2068
    0.0000    7.5000  -45.0000 2247.6851   14.0396
    7.5000    7.5000  -45.0000 2242.9822   14.0769
   -7.5000   15.0000  -45.0000 2224.9937   14.1787
    0.0000   15.0000  -45.0000 2244.1785   13.9801
    7.5000   15.0000  -45.0000 2240.3999   14.0267
   -7.5000   22.5000  -45.0000 2212.2422   14.4015
    0.0000   22.5000  -45.0000 2233.9658   14.1680
    7.5000   22.5000  -45.0000 2232.5024   14.2118
   -7.5000   30.0000  -45.0000 2175.6133   14.9539
    0.0000   30.0000  -45.0000 2201.5205   14.7163
    7.5000   30.0000  -45.0000 2202.1963   14.7597
   -7.5000   37.5000  -45.0000 2127.7166   15.8534
    0.0000   37.5000  -45.0000 2154.2749   15.6107
    7.5000   37.5000  -45.0000 2152.3401   15.6012
   -7.5000   45.0000  -45.0000 2051.4094   17.1310
    0.0000   45.0000  -45.0000 2076.1799   16.8554
    7.5000   45.0000  -45.0000 2069.1506   16.8748
   -7.5000  -45.0000  -37.5000 1775.5194   23.5155
    0.0000  -45.0000  -37.5000 1790.3442   23.3348
    7.5000  -45.0000  -37.5000 1789.7661   23.3207
   -7.5000  -37.5000  -37.5000 1899.3444   20.5267
    0.0000  -37.5000  -37.5000 1915.0018   20.3494
    7.5000  -37.5000  -37.5000 1911.5900   20.2779
   -7.5000  -30.0000  -37.5000 2016.9899   18.2250
    0.0000  -30.0000  -37.5000 2032.0271   18.0389
    7.5000  -30.0000  -37.5000 2027.0493   17.9843
   -7.5000  -22.5000  -37.5000 2130.7998   16.4103
    0.0000  -22.5000  -37.5000 2147.0010   16.2691
    7.5000  -22.5000  -37.5000 2139.4385   16.2408
   -7.5000  -15.0000  -37.5000 2221.9282   15.0369
    0.0000  -15.0000  -37.5000 2235.9966   14.9224
    7.5000  -15.0000  -37.5000 2229.6899   14.9226
   -7.5000   -7.5000  -37.5000 2284.4875   14.0644
    0.0000   -7.5000  -37.5000 2301.2820   13.9487
    7.5000   -7.5000  -37.5000 2293.9048   13.9657
   -7.5000    0.0000  -37.5000 2314.4155   13.4014
    0.0000    0.0000  -37.5000 2339.5046   13.2843
    7.5000    0.0000  -37.5000 2333.3918   13.3199
   -7.5000    7.5000  -37.5000 2333.5613   13.0801
    0.0000    7.5000  -37.5000 2357.8342   12.9314
    7.5000    7.5000  -37.5000 2349.7390   12.9779
   -7.5000   15.0000  -37.5000 2333.7041   13.0427
    0.0000   15.0000  -37.5000 2354.3428   12.8670
    7.5000   15.0000  -37.5000 2349.4346   12.9025
   -7.5000   22.5000  -37.5000 2318.3501   13.2589
    0.0000   22.5000  -37.5000 2338.6350   13.0577
    7.5000   22.5000  -37.5000 2339.6787   13.1134
   -7.5000   30.0000  -37.5000 2282.5098   13.7725
    0.0000   30.0000  -37.5000 2312.2930   13.5453
    7.5000   30.0000  -37.5000 2308.7856   13.6189
   -7.5000   37.5000  -37.5000 2226.8594   14.6072
    0.0000   37.5000  -37.5000 2255.3557   14.3705
    7.5000   37.5000  -37.5000 2253.0286   14.4208
   -7.5000   45.0000  -37.5000 2144.5916   15.7938
    0.0000   45.0000  -37.5000 2169.0964   15.5371
    7.5000   45.0000  -37.5000 2166.6458   15.5505
   -7.5000  -45.0000  -30.0000 1863.4270   22.6990
    0.0000  -45.0000  -30.0000 1877.7347   22.5518
    7.5000  -45.0000  -30.0000 1878.2836   22.4942
   -7.5000  -37.5000  -30.0000 1995.6040   19.8033
    0.0000  -37.5000  -30.0000 2012.8702   19.6208
    7.5000  -37.5000  -30.0000 2009.3579   19.5610
   -7.5000  -30.0000  -30.0000 2129.7769   17.5429
    0.0000  -30.0000  -30.0000 2149.2700   17.3889
    7.5000  -30.0000  -30.0000 2144.0535   17.3300
   -7.5000  -22.5000  -30.0000 2248.9358   15.7784
    0.0000  -22.5000  -30.0000 2270.9114   15.6320
    7.5000  -22.5000  -30.0000 2258.9839   15.6096
   -7.5000  -15.0000  -30.0000 2345.1843   14.4312
    0.0000  -15.0000  -30.0000 2362.4058   14.2882
    7.5000  -15.0000  -30.0000 2350.5525   14.3112
   -7.5000   -7.5000  -30.0000 2415.9197   13.4738
    0.0000   -7.5000  -30.0000 2438.5605   13.3495
    7.5000   -7.5000  -30.0000 2424.2427   13.3635
   -7.5000    0.0000  -30.0000 2455.5305   12.8450
    0.0000    0.0000  -30.0000 2482.0686   12.6913
    7.5000    0.0000  -30.0000 2477.5059   12.7241
   -7.5000    7.5000  -30.0000 2482.5583   12.5026
    0.0000    7.5000  -30.0000 2509.8770   12.3399
    7.5000    7.5000  -30.0000 2505.9404   12.3797
   -7.5000   15.0000  -30.0000 2492.9268   12.4544
    0.0000   15.0000  -30.0000 2514.6228   12.3019
    7.5000   15.0000  -30.0000 2512.5063   12.3694
   -7.5000   22.5000  -30.0000 2478.6936   12.7027
    0.0000   22.5000  -30.0000 2503.2429   12.5146
    7.5000   22.5000  -30.0000 2499.6489   12.6034
   -7.5000   30.0000  -30.0000 2435.6414   13.2141
    0.0000   30.0000  -30.0000 2467.8730   13.0092
    7.5000   30.0000  -30.0000 2459.4473   13.1049
   -7.5000   37.5000  -30.0000 2368.5991   14.0337
    0.0000   37.5000  -30.0000 2402.5920   13.8152
    7.5000   37.5000  -30.0000 2393.3103   13.8960
   -7.5000   45.0000  -30.0000 2276.2573   15.1627
    0.0000   45.0000  -30.0000 2304.4614   14.9356
    7.5000   45.0000  -30.0000 2295.7087   14.9930
   -7.5000  -45.0000  -22.5000 1925.5519   21.7820
    0.0000  -45.0000  -22.5000 1943.3438   21.5692
    7.5000  -45.0000  -22.5000 1942.6473   21.5847
   -7.5000  -37.5000  -22.5000 2069.9241   19.0057
    0.0000  -37.5000  -22.5000 2088.5925   18.7405
    7.5000  -37.5000  -22.5000 2083.7266   18.8109
   -7.5000  -30.0000  -22.5000 2213.5505   16.8326
    0.0000  -30.0000  -22.5000 2235.4792   16.5914
    7.5000  -30.0000  -22.5000 2224.1174   16.6577
   -7.5000  -22.5000  -22.5000 2339.7656   15.1157
    0.0000  -22.5000  -22.5000 2359.7239   14.9206
    7.5000  -22.5000  -22.5000 2347.9790   14.9788
   -7.5000  -15.0000  -22.5000 2440.3269   13.7944
    0.0000  -15.0000  -22.5000 2461.9194   13.6525
    7.5000  -15.0000  -22.5000 2450.6025   13.6859
   -7.5000   -7.5000  -22.5000 2517.4102   12.8330
    0.0000   -7.5000  -22.5000 2542.7693   12.6821
    7.5000   -7.5000  -22.5000 2532.7898   12.7140
   -7.5000    0.0000  -22.5000 2569.7007   12.1922
    0.0000    0.0000  -22.5000 2600.8582   12.0549
    7.5000    0.0000  -22.5000 2597.5776   12.1136
   -7.5000    7.5000  -22.5000 2609.4612   11.8484
    0.0000    7.5000  -22.5000 2641.8916   11.6952
    7.5000    7.5000  -22.5000 2638.0107   11.7710
   -7.5000   15.0000  -22.5000 2629.2212   11.7936
    0.0000   15.0000  -22.5000 2656.1086   11.6534
    7.5000   15.0000  -22.5000 2649.2246   11.7294
   -7.5000   22.5000  -22.5000 2614.6829   12.0717
    0.0000   22.5000  -22.5000 2646.6833   11.9295
    7.5000   22.5000  -22.5000 2634.0249   12.0073
   -7.5000   30.0000  -22.5000 2565.0386   12.6064
    0.0000   30.0000  -22.5000 2602.7737   12.4420
    7.5000   30.0000  -22.5000 2587.7412   12.5339
   -7.5000   37.5000  -22.5000 2489.2556   13.3801
    0.0000   37.5000  -22.5000 2526.9194   13.1994
    7.5000   37.5000  -22.5000 2512.7104   13.2947
   -7.5000   45.0000  -22.5000 2384.0569   14.4344
    0.0000   45.0000  -22.5000 2417.0728   14.2601
    7.5000   45.0000  -22.5000 2401.3716   14.3450
   -7.5000  -45.0000  -15.0000 1965.1559   20.9869
    0.0000  -45.0000  -15.0000 1987.2489   20.7814
    7.5000  -45.0000  -15.0000 1985.6628   20.9606
   -7.5000  -37.5000  -15.0000 2117.8914   18.2655
    0.0000  -37.5000  -15.0000 2137.1067   18.0081
    7.5000  -37.5000  -15.0000 2130.9187   18.1819
   -7.5000  -30.0000  -15.0000 2262.8110   16.1612
    0.0000  -30.0000  -15.0000 2285.8135   15.9017
    7.5000  -30.0000  -15.0000 2272.0320   16.0772
   -7.5000  -22.5000  -15.0000 2392.3213   14.4997
    0.0000  -22.5000  -15.0000 2413.2720   14.2612
    7.5000  -22.5000  -15.0000 2400.3540   14.4101
   -7.5000  -15.0000  -15.0000 2498.2463   13.2043
    0.0000  -15.0000  -15.0000 2523.2402   13.0191
    7.5000  -15.0000  -15.0000 2510.5994   13.1393
   -7.5000   -7.5000  -15.0000 2589.0410   12.2544
    0.0000   -7.5000  -15.0000 2618.0459   12.0865
    7.5000   -7.5000  -15.0000 2610.4961   12.1929
   -7.5000    0.0000  -15.0000 2659.8838   11.6228
    0.0000    0.0000  -15.0000 2692.9617   11.4689
    7.5000    0.0000  -15.0000 2691.3906   11.5616
   -7.5000    7.5000  -15.0000 2705.9719   11.2591
    0.0000    7.5000  -15.0000 2746.6787   11.1086
    7.5000    7.5000  -15.0000 2737.3184   11.2107
   -7.5000   15.0000  -15.0000 2734.6917   11.2029
    0.0000   15.0000  -15.0000 2770.9048   11.0721
    7.5000   15.0000  -15.0000 2755.8752   11.1768
   -7.5000   22.5000  -15.0000 2721.7556   11.4889
    0.0000   22.5000  -15.0000 2762.3391   11.3560
    7.5000   22.5000  -15.0000 2741.4080   11.4724
   -7.5000   30.0000  -15.0000 2667.1943   12.0216
    0.0000   30.0000  -15.0000 2706.7097   11.8572
    7.5000   30.0000  -15.0000 2686.1614   11.9817
   -7.5000   37.5000  -15.0000 2576.7075   12.7787
    0.0000   37.5000  -15.0000 2617.3806   12.5828
    7.5000   37.5000  -15.0000 2603.5042   12.7223
   -7.5000   45.0000  -15.0000 2460.1069   13.7741
    0.0000   45.0000  -15.0000 2491.7349   13.6044
    7.5000   45.0000  -15.0000 2481.1775   13.7340
   -7.5000  -45.0000   -7.5000 1993.6383   20.3889
    0.0000  -45.0000   -7.5000 2017.3176   20.1226
    7.5000  -45.0000   -7.5000 2012.2747   20.3949
   -7.5000  -37.5000   -7.5000 2147.4668   17.6678
    0.0000  -37.5000   -7.5000 2170.6633   17.4089
    7.5000  -37.5000   -7.5000 2160.4854   17.6675
   -7.5000  -30.0000   -7.5000 2288.0466   15.5988
    0.0000  -30.0000   -7.5000 2312.0081   15.3105
    7.5000  -30.0000   -7.5000 2300.3076   15.5787
   -7.5000  -22.5000   -7.5000 2420.1895   13.9484
    0.0000  -22.5000   -7.5000 2440.6445   13.6858
    7.5000  -22.5000   -7.5000 2431.1946   13.9354
   -7.5000  -15.0000   -7.5000 2538.5056   12.6780
    0.0000  -15.0000   -7.5000 2561.9167   12.4541
    7.5000  -15.0000   -7.5000 2550.2769   12.6614
   -7.5000   -7.5000   -7.5000 2643.5378   11.7538
    0.0000   -7.5000   -7.5000 2673.3833   11.5501
    7.5000   -7.5000   -7.5000 2666.7549   11.7360
   -7.5000    0.0000   -7.5000 2729.6472   11.1515
    0.0000    0.0000   -7.5000 2768.6643   10.9590
    7.5000    0.0000   -7.5000 2761.0769   11.0931
   -7.5000    7.5000   -7.5000 2791.0833   10.7920
    0.0000    7.5000   -7.5000 2837.3367   10.5963
    7.5000    7.5000   -7.5000 2820.5835   10.7115
   -7.5000   15.0000   -7.5000 2825.4741   10.7194
    0.0000   15.0000   -7.5000 2868.4033   10.5356
    7.5000   15.0000   -7.5000 2844.1499   10.6782
   -7.5000   22.5000   -7.5000 2808.7544   11.0143
    0.0000   22.5000   -7.5000 2850.3386   10.8179
    7.5000   22.5000   -7.5000 2828.8667   10.9914
   -7.5000   30.0000   -7.5000 2742.3269   11.5298
    0.0000   30.0000   -7.5000 2775.9131   11.3266
    7.5000   30.0000   -7.5000 2761.2524   11.4888
   -7.5000   37.5000   -7.5000 2642.9661   12.2180
    0.0000   37.5000   -7.5000 2678.7075   12.0412
    7.5000   37.5000   -7.5000 2667.6399   12.1648
   -7.5000   45.0000   -7.5000 2519.8826   13.1759
    0.0000   45.0000   -7.5000 2544.7498   13.0006
    7.5000   45.0000   -7.5000 2535.6931   13.1355
   -7.5000  -45.0000    0.0000 2005.5017   20.0868
    0.0000  -45.0000    0.0000 2029.4978   19.8475
    7.5000  -45.0000    0.0000 2022.8097   20.1442
   -7.5000  -37.5000    0.0000 2154.2588   17.3312
    0.0000  -37.5000    0.0000 2180.4885   17.1034
    7.5000  -37.5000    0.0000 2167.0637   17.3716
   -7.5000  -30.0000    0.0000 2291.9475   15.2102
    0.0000  -30.0000    0.0000 2316.4873   14.9507
    7.5000  -30.0000    0.0000 2307.7532   15.2781
   -7.5000  -22.5000    0.0000 2429.1584   13.6210
    0.0000  -22.5000    0.0000 2452.2786   13.3372
    7.5000  -22.5000    0.0000 2438.9556   13.6342
   -7.5000  -15.0000    0.0000 2551.7070   12.3833
    0.0000  -15.0000    0.0000 2580.6394   12.1036
    7.5000  -15.0000    0.0000 2563.8501   12.3699
   -7.5000   -7.5000    0.0000 2669.2520   11.4706
    0.0000   -7.5000    0.0000 2700.6453   11.1926
    7.5000   -7.5000    0.0000 2691.2397   11.4337
   -7.5000    0.0000    0.0000 2770.6921   10.8669
    0.0000    0.0000    0.0000 2810.1978   10.6088
    7.5000    0.0000    0.0000 2800.0469   10.8028
   -7.5000    7.5000    0.0000 2848.0969   10.4373
    0.0000    7.5000    0.0000 2898.8867   10.1705
    7.5000    7.5000    0.0000 2873.7874   10.3712
   -7.5000   15.0000    0.0000 2890.5391   10.3495
    0.0000   15.0000    0.0000 2933.8708   10.0464
    7.5000   15.0000    0.0000 2906.6917   10.3151
   -7.5000   22.5000    0.0000 2869.0659   10.6445
    0.0000   22.5000    0.0000 2904.2046   10.3984
    7.5000   22.5000    0.0000 2886.7971   10.6147
   -7.5000   30.0000    0.0000 2786.2507   11.1816
    0.0000   30.0000    0.0000 2817.0813   10.9608
    7.5000   30.0000    0.0000 2805.9048   11.1201
   -7.5000   37.5000    0.0000 2675.9761   11.8763
    0.0000   37.5000    0.0000 2707.4917   11.6488
    7.5000   37.5000    0.0000 2697.6995   11.7786
   -7.5000   45.0000    0.0000 2546.1296   12.8112
    0.0000   45.0000    0.0000 2572.5776   12.5726
    7.5000   45.0000    0.0000 2560.2859   12.7130
   -7.5000  -45.0000    7.5000 2002.5842   20.1697
    0.0000  -45.0000    7.5000 2032.1086   19.9028
    7.5000  -45.0000    7.5000 2015.8728   20.2465
   -7.5000  -37.5000    7.5000 2153.8054   17.3350
    0.0000  -37.5000    7.5000 2178.4055   17.0248
    7.5000  -37.5000    7.5000 2162.3271   17.4175
   -7.5000  -30.0000    7.5000 2288.5059   15.1643
    0.0000  -30.0000    7.5000 2311.2505   14.8657
    7.5000  -30.0000    7.5000 2297.9832   15.2525
   -7.5000  -22.5000    7.5000 2419.9624   13.5440
    0.0000  -22.5000    7.5000 2441.7478   13.2644
    7.5000  -22.5000    7.5000 2426.2827   13.5862
   -7.5000  -15.0000    7.5000 2543.5562   12.3129
    0.0000  -15.0000    7.5000 2569.7446   12.0362
    7.5000  -15.0000    7.5000 2556.6453   12.3199
   -7.5000   -7.5000    7.5000 2666.6353   11.3705
    0.0000   -7.5000    7.5000 2699.3806   11.0963
    7.5000   -7.5000    7.5000 2690.3157   11.3813
   -7.5000    0.0000    7.5000 2774.7507   10.7552
    0.0000    0.0000    7.5000 2817.3630   10.4944
    7.5000    0.0000    7.5000 2803.9890   10.7417
   -7.5000    7.5000    7.5000 2866.8804   10.3257
    0.0000    7.5000    7.5000 2917.0647   10.0198
    7.5000    7.5000    7.5000 2890.1453   10.2980
   -7.5000   15.0000    7.5000 2915.1108   10.2744
    0.0000   15.0000    7.5000 2965.5918    9.9506
    7.5000   15.0000    7.5000 2936.1553   10.2242
   -7.5000   22.5000    7.5000 2894.5447   10.5663
    0.0000   22.5000    7.5000 2934.3635   10.3117
    7.5000   22.5000    7.5000 2910.8848   10.5056
   -7.5000   30.0000    7.5000 2808.3037   11.0701
    0.0000   30.0000    7.5000 2840.3584   10.8701
    7.5000   30.0000    7.5000 2822.9929   10.9886
   -7.5000   37.5000    7.5000 2687.2827   11.7553
    0.0000   37.5000    7.5000 2719.2937   11.5408
    7.5000   37.5000    7.5000 2705.8096   11.6436
   -7.5000   45.0000    7.5000 2550.6899   12.6719
    0.0000   45.0000    7.5000 2578.0840   12.4541
    7.5000   45.0000    7.5000 2568.7104   12.5332
   -7.5000  -45.0000   15.0000 1986.2405   20.4895
    0.0000  -45.0000   15.0000 2007.2439   20.2267
    7.5000  -45.0000   15.0000 1995.3981   20.5469
   -7.5000  -37.5000   15.0000 2135.2087   17.5365
    0.0000  -37.5000   15.0000 2160.4282   17.2831
    7.5000  -37.5000   15.0000 2142.4453   17.6493
   -7.5000  -30.0000   15.0000 2268.9492   15.3742
    0.0000  -30.0000   15.0000 2293.5195   15.0873
    7.5000  -30.0000   15.0000 2275.1746   15.4480
   -7.5000  -22.5000   15.0000 2397.3044   13.7548
    0.0000  -22.5000   15.0000 2421.9631   13.4439
    7.5000  -22.5000   15.0000 2402.1355   13.7965
   -7.5000  -15.0000   15.0000 2516.5505   12.4933
    0.0000  -15.0000   15.0000 2545.3889   12.1938
    7.5000  -15.0000   15.0000 2529.0293   12.5335
   -7.5000   -7.5000   15.0000 2637.1592   11.5624
    0.0000   -7.5000   15.0000 2673.5767   11.2663
    7.5000   -7.5000   15.0000 2660.5168   11.5974
   -7.5000    0.0000   15.0000 2745.3867   10.9417
    0.0000    0.0000   15.0000 2784.3325   10.6265
    7.5000    0.0000   15.0000 2775.3650   10.9440
   -7.5000    7.5000   15.0000 2838.1372   10.5482
    0.0000    7.5000   15.0000 2885.5898   10.2448
    7.5000    7.5000   15.0000 2864.4985   10.5136
   -7.5000   15.0000   15.0000 2885.7522   10.4941
    0.0000   15.0000   15.0000 2934.6790   10.2506
    7.5000   15.0000   15.0000 2907.5742   10.4166
   -7.5000   22.5000   15.0000 2870.7856   10.7148
    0.0000   22.5000   15.0000 2914.6104   10.5164
    7.5000   22.5000   15.0000 2884.0212   10.6434
   -7.5000   30.0000   15.0000 2787.0120   11.1586
    0.0000   30.0000   15.0000 2819.8525   10.9845
    7.5000   30.0000   15.0000 2799.3030   11.0828
   -7.5000   37.5000   15.0000 2667.2549   11.8515
    0.0000   37.5000   15.0000 2696.2412   11.6334
    7.5000   37.5000   15.0000 2684.4790   11.7447
   -7.5000   45.0000   15.0000 2529.6189   12.7737
    0.0000   45.0000   15.0000 2555.7261   12.5394
    7.5000   45.0000   15.0000 2549.0115   12.6277
   -7.5000  -45.0000   22.5000 1940.5204   21.1571
    0.0000  -45.0000   22.5000 1964.1296   20.9314
    7.5000  -45.0000   22.5000 1952.2358   21.2599
   -7.5000  -37.5000   22.5000 2099.0771   18.1518
    0.0000  -37.5000   22.5000 2123.8176   17.8589
    7.5000  -37.5000   22.5000 2108.6782   18.2284
   -7.5000  -30.0000   22.5000 2239.4229   15.8374
    0.0000  -30.0000   22.5000 2264.6726   15.5759
    7.5000  -30.0000   22.5000 2244.6272   15.9051
   -7.5000  -22.5000   22.5000 2367.0903   14.1608
    0.0000  -22.5000   22.5000 2393.6621   13.8927
    7.5000  -22.5000   22.5000 2373.2532   14.2111
   -7.5000  -15.0000   22.5000 2485.1213   12.9229
    0.0000  -15.0000   22.5000 2510.9285   12.6522
    7.5000  -15.0000   22.5000 2494.0325   12.9279
   -7.5000   -7.5000   22.5000 2599.6941   11.9856
    0.0000   -7.5000   22.5000 2630.9958   11.7555
    7.5000   -7.5000   22.5000 2616.5386   12.0065
   -7.5000    0.0000   22.5000 2700.6133   11.3912
    0.0000    0.0000   22.5000 2733.9600   11.1349
    7.5000    0.0000   22.5000 2717.4226   11.3692
   -7.5000    7.5000   22.5000 2781.5305   11.0283
    0.0000    7.5000   22.5000 2817.5476   10.7894
    7.5000    7.5000   22.5000 2794.9417   10.9676
   -7.5000   15.0000   22.5000 2811.5605   10.9641
    0.0000   15.0000   22.5000 2850.4478   10.7657
    7.5000   15.0000   22.5000 2830.6389   10.8866
   -7.5000   22.5000   22.5000 2799.4519   11.0924
    0.0000   22.5000   22.5000 2834.3169   10.9284
    7.5000   22.5000   22.5000 2815.5872   11.0436
   -7.5000   30.0000   22.5000 2727.3230   11.4643
    0.0000   30.0000   22.5000 2759.1655   11.2992
    7.5000   30.0000   22.5000 2744.4436   11.4256
   -7.5000   37.5000   22.5000 2615.7310   12.1238
    0.0000   37.5000   22.5000 2645.8870   11.9490
    7.5000   37.5000   22.5000 2635.1130   12.0712
   -7.5000   45.0000   22.5000 2489.1785   13.0277
    0.0000   45.0000   22.5000 2517.1992   12.8161
    7.5000   45.0000   22.5000 2509.0364   12.9217
   -7.5000  -45.0000   30.0000 1890.2605   22.2600
    0.0000  -45.0000   30.0000 1909.0358   21.9207
    7.5000  -45.0000   30.0000 1901.5361   22.2638
   -7.5000  -37.5000   30.0000 2046.6580   19.0239
    0.0000  -37.5000   30.0000 2070.1980   18.7230
    7.5000  -37.5000   30.0000 2059.0796   19.0137
   -7.5000  -30.0000   30.0000 2192.3345   16.6353
    0.0000  -30.0000   30.0000 2216.7085   16.4074
    7.5000  -30.0000   30.0000 2198.7773   16.6469
   -7.5000  -22.5000   30.0000 2324.4670   14.9260
    0.0000  -22.5000   30.0000 2347.0859   14.7059
    7.5000  -22.5000   30.0000 2321.5527   14.8854
   -7.5000  -15.0000   30.0000 2440.0107   13.6834
    0.0000  -15.0000   30.0000 2462.7224   13.4648
    7.5000  -15.0000   30.0000 2440.4836   13.6468
   -7.5000   -7.5000   30.0000 2543.0823   12.7684
    0.0000   -7.5000   30.0000 2572.3879   12.5496
    7.5000   -7.5000   30.0000 2551.5190   12.7256
   -7.5000    0.0000   30.0000 2629.9980   12.1118
    0.0000    0.0000   30.0000 2662.7622   11.8572
    7.5000    0.0000   30.0000 2641.5764   12.0430
   -7.5000    7.5000   30.0000 2696.5703   11.7058
    0.0000    7.5000   30.0000 2725.9062   11.4461
    7.5000    7.5000   30.0000 2703.6895   11.5915
   -7.5000   15.0000   30.0000 2714.4177   11.5811
    0.0000   15.0000   30.0000 2746.3843   11.3596
    7.5000   15.0000   30.0000 2730.1306   11.4655
   -7.5000   22.5000   30.0000 2695.6511   11.6960
    0.0000   22.5000   30.0000 2724.8862   11.4969
    7.5000   22.5000   30.0000 2712.5884   11.6129
   -7.5000   30.0000   30.0000 2632.9343   12.0782
    0.0000   30.0000   30.0000 2659.3792   11.8834
    7.5000   30.0000   30.0000 2645.6843   12.0087
   -7.5000   37.5000   30.0000 2539.3455   12.6899
    0.0000   37.5000   30.0000 2564.4409   12.5161
    7.5000   37.5000   30.0000 2556.6787   12.6176
   -7.5000   45.0000   30.0000 2427.0806   13.5419
    0.0000   45.0000   30.0000 2449.3647   13.3565
    7.5000   45.0000   30.0000 2442.0168   13.4459
   -7.5000  -45.0000   37.5000 1831.2534   23.7296
    0.0000  -45.0000   37.5000 1845.7230   23.4749
    7.5000  -45.0000   37.5000 1837.9207   23.6908
   -7.5000  -37.5000   37.5000 1988.9115   20.2840
    0.0000  -37.5000   37.5000 2008.6693   20.0881
    7.5000  -37.5000   37.5000 1992.9989   20.2920
   -7.5000  -30.0000   37.5000 2135.9385   17.7869
    0.0000  -30.0000   37.5000 2158.0459   17.6236
    7.5000  -30.0000   37.5000 2137.5554   17.8039
   -7.5000  -22.5000   37.5000 2267.6226   16.0286
    0.0000  -22.5000   37.5000 2289.1165   15.8117
    7.5000  -22.5000   37.5000 2262.5173   15.9522
   -7.5000  -15.0000   37.5000 2373.5068   14.7060
    0.0000  -15.0000   37.5000 2400.5442   14.5058
    7.5000  -15.0000   37.5000 2371.6379   14.6093
   -7.5000   -7.5000   37.5000 2468.9734   13.7151
    0.0000   -7.5000   37.5000 2499.4438   13.5099
    7.5000   -7.5000   37.5000 2474.4578   13.6341
   -7.5000    0.0000   37.5000 2548.8174   13.0043
    0.0000    0.0000   37.5000 2579.1670   12.7848
    7.5000    0.0000   37.5000 2556.4241   12.9226
   -7.5000    7.5000   37.5000 2603.7922   12.5666
    0.0000    7.5000   37.5000 2628.5168   12.3453
    7.5000    7.5000   37.5000 2608.5432   12.4615
   -7.5000   15.0000   37.5000 2612.8582   12.3911
    0.0000   15.0000   37.5000 2639.2495   12.2038
    7.5000   15.0000   37.5000 2624.2852   12.3015
   -7.5000   22.5000   37.5000 2587.1697   12.4616
    0.0000   22.5000   37.5000 2613.8108   12.2934
    7.5000   22.5000   37.5000 2602.3408   12.3952
   -7.5000   30.0000   37.5000 2533.8186   12.8254
    0.0000   30.0000   37.5000 2552.9358   12.6642
    7.5000   30.0000   37.5000 2540.8030   12.7614
   -7.5000   37.5000   37.5000 2452.9092   13.4226
    0.0000   37.5000   37.5000 2474.3137   13.2471
    7.5000   37.5000   37.5000 2464.2539   13.3310
   -7.5000   45.0000   37.5000 2354.8494   14.2620
    0.0000   45.0000   37.5000 2369.4041   14.0803
    7.5000   45.0000   37.5000 2364.3218   14.1472
   -7.5000  -45.0000   45.0000 1760.6053   25.7557
    0.0000  -45.0000   45.0000 1770.4999   25.5541
    7.5000  -45.0000   45.0000 1765.1244   25.6992
   -7.5000  -37.5000   45.0000 1919.7587   22.0213
    0.0000  -37.5000   45.0000 1931.3926   21.8217
    7.5000  -37.5000   45.0000 1921.7321   21.9707
   -7.5000  -30.0000   45.0000 2062.7861   19.3044
    0.0000  -30.0000   45.0000 2079.7214   19.1248
    7.5000  -30.0000   45.0000 2067.0242   19.2432
   -7.5000  -22.5000   45.0000 2192.7549   17.3535
    0.0000  -22.5000   45.0000 2208.6863   17.1912
    7.5000  -22.5000   45.0000 2188.0156   17.2640
   -7.5000  -15.0000   45.0000 2300.7700   15.9388
    0.0000  -15.0000   45.0000 2319.8145   15.7628
    7.5000  -15.0000   45.0000 2294.7021   15.8382
   -7.5000   -7.5000   45.0000 2388.8159   14.8968
    0.0000   -7.5000   45.0000 2410.2590   14.6839
    7.5000   -7.5000   45.0000 2387.3098   14.7863
   -7.5000    0.0000   45.0000 2455.9055   14.1258
    0.0000    0.0000   45.0000 2479.2605   13.9326
    7.5000    0.0000   45.0000 2456.9897   14.0221
   -7.5000    7.5000   45.0000 2497.4617   13.6645
    0.0000    7.5000   45.0000 2515.9414   13.4608
    7.5000    7.5000   45.0000 2499.4517   13.5589
   -7.5000   15.0000   45.0000 2498.3887   13.4338
    0.0000   15.0000   45.0000 2517.9221   13.2573
    7.5000   15.0000   45.0000 2506.7783   13.3458
   -7.5000   22.5000   45.0000 2476.7732   13.4884
    0.0000   22.5000   45.0000 2495.0479   13.3272
    7.5000   22.5000   45.0000 2484.1731   13.4123
   -7.5000   30.0000   45.0000 2427.8076   13.8665
    0.0000   30.0000   45.0000 2442.8796   13.7042
    7.5000   30.0000   45.0000 2435.4800   13.7598
   -7.5000   37.5000   45.0000 2363.6516   14.4179
    0.0000   37.5000   45.0000 2375.2161   14.2614
    7.5000   37.5000   45.0000 2370.7976   14.2939
   -7.5000   45.0000   45.0000 2270.2610   15.2382
    0.0000   45.0000   45.0000 2284.7253   15.0465
    7.5000   45.0000   45.0000 2277.0388   15.0862

---------------------------------------------------------------------
imgreg_4dfp /opt/freesurfer/average/711-2C_as_mni_average_305 /opt/freesurfer/average/711-2B_as_mni_average_305_mask talsrcimg_g11 none talsrcimg_to_711-2C_as_mni_average_305_t4 1283
---------------------------------------------------------------------

freesurfer imgreg_4dfp.c
/opt/freesurfer/average/711-2C_as_mni_average_305.4dfp.img
       256       256       256         1
  1.000000  1.000000  1.000000
orientation T byte_order littleendian
Reading image: /opt/freesurfer/average/711-2C_as_mni_average_305.4dfp.img
dimensions:      256       256       256
mmppix:       1.0000   -1.0000   -1.0000
center:     128.0000 -129.0000 -129.0000
/opt/freesurfer/average/711-2B_as_mni_average_305_mask.4dfp.img
       256       256       256         1
  1.000000  1.000000  1.000000
orientation T byte_order littleendian
Reading mask: /opt/freesurfer/average/711-2B_as_mni_average_305_mask.4dfp.img (2306576 pixels)
talsrcimg_g11.4dfp.img
       256       256       256         1
  1.000000  1.000000  1.000000
orientation T byte_order littleendian
Reading image: talsrcimg_g11.4dfp.img
dimensions:      256       256       256
mmppix:       1.0000   -1.0000   -1.0000
center:     128.0000 -129.0000 -129.0000
rotation matrix determinant  1.000000
fimgreg.f
image alignment mode   1283 decimal      503 hex
parameters
    0.0000   15.0000    7.5000    0.0000    0.0000    0.0000
eta,q 0.93013  9.96420
niter,ni,del,rscale     5    3   12.0000    1.2000
parameter  4  0.841470 ->  0.500000 qaram    1.1500
parameters
    2.5275   15.4042    6.4078   -3.4500    1.0903   -2.3336
eta,q 0.93271  9.90289
  0.0820  0.0786  0.0730  0.0675  0.0709  0.0677
  0.0772  0.0741  0.0696  0.0672  0.0691  0.0672
  0.0731  0.0714  0.0687  0.0678  0.0676  0.0673
  0.0717  0.0699  0.0695  0.0690  0.0672  0.0674
  0.0706  0.0702  0.0707  0.0710  0.0676  0.0679
  0.0697  0.0726  0.0732  0.0733  0.0682  0.0688
  0.0725  0.0768  0.0758  0.0757  0.0687  0.0702
niter,ni,del,rscale     5    3   12.0000    1.2000
parameter  5 -0.581478 -> -0.500000 qaram    1.1500
parameters
    0.8126   17.3459    6.9470   -4.9481    4.5403   -5.1889
eta,q 0.93858  9.88947
  0.0698  0.0801  0.0722  0.0693  0.0693  0.0640
  0.0664  0.0751  0.0683  0.0665  0.0671  0.0619
  0.0659  0.0702  0.0648  0.0640  0.0653  0.0615
  0.0673  0.0660  0.0642  0.0647  0.0639  0.0632
  0.0685  0.0642  0.0665  0.0674  0.0633  0.0657
  0.0719  0.0657  0.0677  0.0712  0.0632  0.0681
  0.0779  0.0702  0.0688  0.0746  0.0636  0.0704
niter,ni,del,rscale     5    3   12.0000    1.2000
parameters
   -0.6369   18.0573    6.8921   -5.5455    4.2896   -5.1137
eta,q 0.94016  9.90482
  0.0677  0.0735  0.0683  0.0668  0.0656  0.0665
  0.0633  0.0682  0.0644  0.0645  0.0621  0.0636
  0.0604  0.0632  0.0601  0.0608  0.0602  0.0611
  0.0614  0.0602  0.0601  0.0600  0.0599  0.0599
  0.0657  0.0609  0.0630  0.0622  0.0607  0.0606
  0.0709  0.0640  0.0645  0.0656  0.0629  0.0631
  0.0762  0.0692  0.0676  0.0699  0.0664  0.0664
niter,ni,del,rscale     4    3   12.0000    1.2000
parameters
   -0.6636   18.3152    6.8720   -5.7706    4.3319   -5.0995
eta,q 0.94021  9.91098
  0.0711  0.0717  0.0687  0.0675  0.0662  0.0661
  0.0657  0.0666  0.0645  0.0652  0.0625  0.0633
  0.0616  0.0619  0.0599  0.0614  0.0603  0.0609
  0.0598  0.0598  0.0598  0.0598  0.0598  0.0598
  0.0616  0.0612  0.0628  0.0617  0.0605  0.0606
  0.0660  0.0646  0.0646  0.0649  0.0625  0.0630
  0.0713  0.0703  0.0679  0.0692  0.0659  0.0664
niter,ni,del,rscale     3    3   12.0000    1.2000
parameters
   -0.6816   18.4148    6.8250   -5.8717    4.3631   -5.0862
eta,q 0.94026  9.91299
  0.0709  0.0711  0.0688  0.0676  0.0661  0.0660
  0.0655  0.0661  0.0645  0.0654  0.0625  0.0632
  0.0615  0.0615  0.0598  0.0616  0.0602  0.0609
  0.0598  0.0598  0.0598  0.0597  0.0597  0.0597
  0.0614  0.0613  0.0628  0.0615  0.0604  0.0605
  0.0656  0.0649  0.0646  0.0646  0.0625  0.0629
  0.0710  0.0708  0.0681  0.0688  0.0659  0.0662
niter,ni,del,rscale     2    3   12.0000    1.2000
parameters
   -0.6868   18.4529    6.7987   -5.9170    4.3769   -5.0780
eta,q 0.94029  9.91378
  0.0708  0.0708  0.0689  0.0676  0.0661  0.0659
  0.0654  0.0658  0.0646  0.0654  0.0625  0.0631
  0.0615  0.0613  0.0599  0.0617  0.0602  0.0608
  0.0597  0.0597  0.0597  0.0597  0.0597  0.0597
  0.0613  0.0613  0.0628  0.0614  0.0604  0.0605
  0.0655  0.0649  0.0647  0.0645  0.0625  0.0628
  0.0709  0.0709  0.0681  0.0687  0.0659  0.0662
registration optimization eta report
parameter search radius
    6.0000    6.0000    6.0000    6.9000    6.9000    6.0000
100000*second partial in parameter space
       30.       30.       23.       17.       13.       17.
  0.0708  0.0708  0.0689  0.0676  0.0661  0.0659
  0.0654  0.0658  0.0646  0.0654  0.0625  0.0631
  0.0615  0.0613  0.0599  0.0617  0.0602  0.0608
  0.0597  0.0597  0.0597  0.0597  0.0597  0.0597
  0.0613  0.0613  0.0628  0.0614  0.0604  0.0605
  0.0655  0.0649  0.0647  0.0645  0.0625  0.0628
  0.0709  0.0709  0.0681  0.0687  0.0659  0.0662
   -0.6868   18.4529    6.7987   -5.9170    4.3769   -5.0780
eta,q 0.94029  9.91378

---------------------------------------------------------------------
imgreg_4dfp /opt/freesurfer/average/711-2C_as_mni_average_305 /opt/freesurfer/average/711-2B_as_mni_average_305_mask talsrcimg_g11 none talsrcimg_to_711-2C_as_mni_average_305_t4 3335
---------------------------------------------------------------------

freesurfer imgreg_4dfp.c
/opt/freesurfer/average/711-2C_as_mni_average_305.4dfp.img
       256       256       256         1
  1.000000  1.000000  1.000000
orientation T byte_order littleendian
Reading image: /opt/freesurfer/average/711-2C_as_mni_average_305.4dfp.img
dimensions:      256       256       256
mmppix:       1.0000   -1.0000   -1.0000
center:     128.0000 -129.0000 -129.0000
/opt/freesurfer/average/711-2B_as_mni_average_305_mask.4dfp.img
       256       256       256         1
  1.000000  1.000000  1.000000
orientation T byte_order littleendian
Reading mask: /opt/freesurfer/average/711-2B_as_mni_average_305_mask.4dfp.img (2306576 pixels)
talsrcimg_g11.4dfp.img
       256       256       256         1
  1.000000  1.000000  1.000000
orientation T byte_order littleendian
Reading image: talsrcimg_g11.4dfp.img
dimensions:      256       256       256
mmppix:       1.0000   -1.0000   -1.0000
center:     128.0000 -129.0000 -129.0000
fimgreg.f
image alignment mode   3335 decimal      D07 hex
parameters
   -0.6868   18.4529    6.7987   -0.6830   -0.9928   -0.8229
    9.5877   -6.6489   -8.8254   10.9403    7.6318  -10.2788
eta,q 0.93737  9.97565
niter,ni,del,rscale     5    3    5.0000    1.2000
parameter  4  1.859881 ->  0.500000 qaram    1.1500
parameter  5  2.776262 ->  0.500000 qaram    1.1500
parameter  6  3.314308 ->  0.500000 qaram    1.1500
parameters
   -0.7384   18.8786    6.9353   -4.8230   -5.1328   -4.9629
    8.5187   -5.4916   -7.0640    7.6513    6.5906  -10.1640
eta,q 0.95566  9.37821
  0.0643  0.0649  0.0640  0.0568  0.0490  0.0410  0.0470  0.0499  0.0484  0.0454  0.0456  0.0458
  0.0634  0.0638  0.0632  0.0580  0.0517  0.0444  0.0460  0.0480  0.0469  0.0446  0.0448  0.0450
  0.0628  0.0630  0.0627  0.0600  0.0549  0.0482  0.0455  0.0464  0.0458  0.0444  0.0444  0.0445
  0.0626  0.0626  0.0626  0.0626  0.0585  0.0525  0.0454  0.0454  0.0452  0.0451  0.0444  0.0443
  0.0628  0.0626  0.0628  0.0657  0.0626  0.0574  0.0459  0.0453  0.0451  0.0464  0.0447  0.0445
  0.0635  0.0630  0.0631  0.0694  0.0672  0.0626  0.0469  0.0462  0.0455  0.0482  0.0455  0.0450
  0.0646  0.0637  0.0636  0.0728  0.0722  0.0683  0.0483  0.0479  0.0463  0.0507  0.0465  0.0457
niter,ni,del,rscale     7    3    5.0000    1.2000
parameter  4  0.559552 ->  0.500000 qaram    1.3225
parameter  5  1.537890 ->  0.500000 qaram    1.3225
parameter  6  1.568647 ->  0.500000 qaram    1.3225
parameters
   -0.7982   19.1503    5.8962   -9.5840   -9.8938   -9.7239
    8.5897   -5.8957   -7.3921    7.8500    5.9548  -12.4219
eta,q 0.96746  8.88345
  0.0469  0.0466  0.0444  0.0436  0.0370  0.0307  0.0346  0.0356  0.0346  0.0356  0.0335  0.0331
  0.0455  0.0455  0.0441  0.0431  0.0386  0.0321  0.0336  0.0339  0.0335  0.0341  0.0330  0.0327
  0.0446  0.0447  0.0441  0.0430  0.0405  0.0349  0.0329  0.0330  0.0329  0.0331  0.0327  0.0325
  0.0443  0.0443  0.0443  0.0441  0.0430  0.0391  0.0327  0.0327  0.0327  0.0327  0.0327  0.0327
  0.0447  0.0444  0.0447  0.0465  0.0463  0.0440  0.0329  0.0332  0.0330  0.0328  0.0328  0.0330
  0.0457  0.0449  0.0452  0.0500  0.0504  0.0492  0.0335  0.0344  0.0338  0.0337  0.0332  0.0336
  0.0472  0.0458  0.0461  0.0541  0.0548  0.0554  0.0346  0.0363  0.0349  0.0354  0.0340  0.0343
niter,ni,del,rscale     7    3    5.0000    1.2000
parameter  3  0.970210 ->  0.500000 qaram    1.1500
parameter  5  0.750464 ->  0.500000 qaram    1.5209
parameter  6  0.566516 ->  0.500000 qaram    1.5209
parameters
   -0.8003   19.0735    4.5162   -8.3114  -15.3689  -15.1991
    9.1481   -6.4134   -7.6879    8.9713    5.3006  -14.2245
eta,q 0.97395  8.63163
  0.0350  0.0344  0.0311  0.0360  0.0290  0.0276  0.0285  0.0288  0.0281  0.0295  0.0271  0.0268
  0.0336  0.0333  0.0312  0.0341  0.0284  0.0266  0.0274  0.0272  0.0270  0.0279  0.0265  0.0263
  0.0328  0.0327  0.0317  0.0325  0.0292  0.0261  0.0267  0.0264  0.0264  0.0268  0.0262  0.0261
  0.0325  0.0325  0.0325  0.0313  0.0310  0.0284  0.0263  0.0263  0.0262  0.0262  0.0262  0.0261
  0.0328  0.0328  0.0337  0.0308  0.0334  0.0328  0.0264  0.0268  0.0265  0.0262  0.0264  0.0265
  0.0336  0.0335  0.0353  0.0317  0.0366  0.0394  0.0270  0.0279  0.0273  0.0268  0.0268  0.0271
  0.0350  0.0346  0.0371  0.0347  0.0408  0.0460  0.0280  0.0296  0.0284  0.0280  0.0274  0.0280
niter,ni,del,rscale     7    3    5.0000    1.2000
parameters
   -0.6075   19.6700    3.2456   -5.2167  -16.5328  -17.4101
    9.3071   -5.9379   -7.3015   11.2910    4.4448  -15.5175
eta,q 0.97512  8.62293
  0.0291  0.0299  0.0261  0.0305  0.0287  0.0292  0.0274  0.0289  0.0272  0.0282  0.0258  0.0257
  0.0275  0.0281  0.0255  0.0286  0.0265  0.0269  0.0263  0.0268  0.0261  0.0267  0.0252  0.0252
  0.0265  0.0267  0.0254  0.0269  0.0249  0.0257  0.0255  0.0255  0.0254  0.0258  0.0249  0.0249
  0.0260  0.0260  0.0259  0.0254  0.0244  0.0244  0.0252  0.0252  0.0252  0.0252  0.0250  0.0249
  0.0262  0.0259  0.0269  0.0244  0.0256  0.0255  0.0254  0.0255  0.0253  0.0250  0.0252  0.0252
  0.0269  0.0264  0.0283  0.0247  0.0278  0.0309  0.0261  0.0263  0.0259  0.0251  0.0256  0.0257
  0.0282  0.0273  0.0302  0.0270  0.0311  0.0384  0.0273  0.0279  0.0268  0.0258  0.0262  0.0265
niter,ni,del,rscale     6    3    5.0000    1.2000
parameters
   -0.4607   20.4642    2.0511   -5.2024  -17.4962  -18.8712
    9.3526   -5.5392   -6.8141   13.9931    4.1354  -16.3715
eta,q 0.97560  8.55853
  0.0280  0.0287  0.0249  0.0286  0.0282  0.0291  0.0268  0.0281  0.0266  0.0275  0.0253  0.0252
  0.0264  0.0270  0.0243  0.0270  0.0264  0.0266  0.0257  0.0262  0.0256  0.0262  0.0247  0.0247
  0.0254  0.0257  0.0243  0.0255  0.0249  0.0252  0.0250  0.0250  0.0250  0.0253  0.0245  0.0244
  0.0249  0.0249  0.0246  0.0243  0.0243  0.0243  0.0247  0.0247  0.0247  0.0247  0.0244  0.0244
  0.0250  0.0246  0.0254  0.0242  0.0253  0.0243  0.0249  0.0251  0.0248  0.0244  0.0246  0.0246
  0.0259  0.0249  0.0265  0.0259  0.0272  0.0281  0.0256  0.0259  0.0253  0.0245  0.0249  0.0251
  0.0274  0.0257  0.0280  0.0296  0.0302  0.0353  0.0268  0.0273  0.0262  0.0251  0.0254  0.0258
niter,ni,del,rscale     5    3    5.0000    1.2000
parameters
   -0.3217   21.2924    1.3353   -5.0280  -18.8763  -19.9307
    9.2959   -5.1209   -7.2403   15.9024    4.7530  -16.9782
eta,q 0.97596  8.49424
  0.0274  0.0283  0.0249  0.0280  0.0275  0.0287  0.0261  0.0275  0.0258  0.0267  0.0251  0.0248
  0.0259  0.0265  0.0242  0.0266  0.0258  0.0262  0.0252  0.0256  0.0249  0.0256  0.0245  0.0244
  0.0249  0.0252  0.0240  0.0252  0.0245  0.0247  0.0245  0.0245  0.0244  0.0248  0.0241  0.0241
  0.0244  0.0244  0.0241  0.0240  0.0239  0.0240  0.0242  0.0242  0.0243  0.0243  0.0241  0.0241
  0.0246  0.0241  0.0246  0.0238  0.0250  0.0236  0.0244  0.0246  0.0246  0.0240  0.0241  0.0242
  0.0254  0.0244  0.0254  0.0253  0.0270  0.0266  0.0251  0.0254  0.0252  0.0243  0.0243  0.0246
  0.0268  0.0251  0.0266  0.0288  0.0301  0.0332  0.0263  0.0266  0.0262  0.0251  0.0247  0.0252
niter,ni,del,rscale     4    3    5.0000    1.2000
parameters
   -0.2153   21.8664    0.8264   -4.8187  -19.8187  -20.5973
    9.4236   -4.8309   -7.7384   17.0835    5.3124  -17.4287
eta,q 0.97604  8.45599
  0.0268  0.0275  0.0248  0.0275  0.0275  0.0285  0.0259  0.0270  0.0256  0.0263  0.0249  0.0247
  0.0254  0.0259  0.0242  0.0262  0.0258  0.0261  0.0249  0.0253  0.0247  0.0252  0.0243  0.0243
  0.0244  0.0247  0.0239  0.0250  0.0246  0.0245  0.0243  0.0243  0.0242  0.0245  0.0240  0.0240
  0.0240  0.0240  0.0239  0.0239  0.0238  0.0239  0.0241  0.0241  0.0241  0.0241  0.0240  0.0240
  0.0242  0.0239  0.0242  0.0236  0.0245  0.0232  0.0242  0.0244  0.0244  0.0240  0.0240  0.0241
  0.0250  0.0244  0.0249  0.0250  0.0266  0.0258  0.0248  0.0251  0.0250  0.0243  0.0242  0.0244
  0.0264  0.0253  0.0260  0.0283  0.0294  0.0317  0.0258  0.0264  0.0260  0.0253  0.0246  0.0250
niter,ni,del,rscale     3    3    5.0000    1.2000
parameters
   -0.1869   22.2107    0.5088   -4.7258  -20.3174  -20.9833
    9.5585   -4.7220   -7.9637   17.7799    5.6444  -17.6952
eta,q 0.97599  8.43564
  0.0265  0.0269  0.0250  0.0273  0.0277  0.0286  0.0258  0.0268  0.0257  0.0261  0.0248  0.0248
  0.0251  0.0254  0.0243  0.0261  0.0260  0.0262  0.0249  0.0251  0.0247  0.0250  0.0243  0.0243
  0.0243  0.0244  0.0240  0.0250  0.0248  0.0246  0.0243  0.0242  0.0242  0.0244  0.0241  0.0241
  0.0240  0.0240  0.0239  0.0239  0.0239  0.0240  0.0240  0.0240  0.0241  0.0241  0.0240  0.0240
  0.0242  0.0240  0.0242  0.0236  0.0243  0.0231  0.0242  0.0243  0.0243  0.0240  0.0241  0.0241
  0.0250  0.0246  0.0247  0.0250  0.0263  0.0254  0.0248  0.0251  0.0249  0.0245  0.0243  0.0244
  0.0264  0.0256  0.0257  0.0283  0.0289  0.0310  0.0257  0.0265  0.0258  0.0255  0.0246  0.0249
niter,ni,del,rscale     2    3    5.0000    1.2000
parameters
   -0.1812   22.4012    0.3247   -4.6898  -20.5787  -21.2205
    9.6322   -4.6779   -8.0630   18.1549    5.8245  -17.8057
eta,q 0.97593  8.42331
  0.0264  0.0266  0.0252  0.0273  0.0279  0.0286  0.0257  0.0267  0.0257  0.0259  0.0248  0.0249
  0.0251  0.0252  0.0245  0.0261  0.0261  0.0263  0.0249  0.0251  0.0248  0.0249  0.0243  0.0244
  0.0243  0.0243  0.0241  0.0251  0.0249  0.0247  0.0243  0.0243  0.0242  0.0244  0.0241  0.0242
  0.0240  0.0240  0.0240  0.0240  0.0240  0.0240  0.0241  0.0241  0.0241  0.0241  0.0241  0.0241
  0.0243  0.0242  0.0242  0.0237  0.0242  0.0232  0.0242  0.0244  0.0243  0.0241  0.0241  0.0242
  0.0251  0.0248  0.0247  0.0251  0.0261  0.0252  0.0248  0.0252  0.0249  0.0246  0.0243  0.0245
  0.0264  0.0258  0.0256  0.0283  0.0287  0.0307  0.0257  0.0266  0.0258  0.0257  0.0247  0.0249
niter,ni,del,rscale     1    3    5.0000    1.2000
parameters
   -0.1779   22.5025    0.2210   -4.6758  -20.7233  -21.3569
    9.6568   -4.6450   -8.0949   18.3496    5.9023  -17.8628
eta,q 0.97589  8.41586
  0.0264  0.0264  0.0253  0.0273  0.0280  0.0287  0.0257  0.0267  0.0258  0.0259  0.0248  0.0249
  0.0251  0.0251  0.0246  0.0262  0.0262  0.0263  0.0249  0.0252  0.0248  0.0249  0.0244  0.0245
  0.0243  0.0243  0.0242  0.0252  0.0249  0.0247  0.0243  0.0243  0.0243  0.0244  0.0242  0.0242
  0.0241  0.0241  0.0241  0.0241  0.0241  0.0241  0.0241  0.0241  0.0241  0.0241  0.0241  0.0241
  0.0243  0.0243  0.0242  0.0238  0.0242  0.0232  0.0243  0.0244  0.0243  0.0242  0.0242  0.0242
  0.0251  0.0249  0.0247  0.0252  0.0261  0.0251  0.0248  0.0252  0.0249  0.0247  0.0244  0.0245
  0.0264  0.0260  0.0256  0.0284  0.0287  0.0305  0.0257  0.0266  0.0258  0.0258  0.0247  0.0249
registration optimization eta report
parameter search radius
    2.4000    2.4000    2.7600    9.5220   10.9503   10.9503
    7.2000    7.2000    7.2000    7.2000    7.2000    7.2000
100000*second partial in parameter space
       41.       36.       18.        4.        4.        5.
        3.        5.        3.        3.        1.        2.
  0.0264  0.0264  0.0253  0.0273  0.0280  0.0287  0.0257  0.0267  0.0258  0.0259  0.0248  0.0249
  0.0251  0.0251  0.0246  0.0262  0.0262  0.0263  0.0249  0.0252  0.0248  0.0249  0.0244  0.0245
  0.0243  0.0243  0.0242  0.0252  0.0249  0.0247  0.0243  0.0243  0.0243  0.0244  0.0242  0.0242
  0.0241  0.0241  0.0241  0.0241  0.0241  0.0241  0.0241  0.0241  0.0241  0.0241  0.0241  0.0241
  0.0243  0.0243  0.0242  0.0238  0.0242  0.0232  0.0243  0.0244  0.0243  0.0242  0.0242  0.0242
  0.0251  0.0249  0.0247  0.0252  0.0261  0.0251  0.0248  0.0252  0.0249  0.0247  0.0244  0.0245
  0.0264  0.0260  0.0256  0.0284  0.0287  0.0305  0.0257  0.0266  0.0258  0.0258  0.0247  0.0249
   -0.1779   22.5025    0.2210   -4.6758  -20.7233  -21.3569
    9.6568   -4.6450   -8.0949   18.3496    5.9023  -17.8628
eta,q 0.97589  8.41586

---------------------------------------------------------------------
imgreg_4dfp /opt/freesurfer/average/711-2C_as_mni_average_305 /opt/freesurfer/average/711-2B_as_mni_average_305_mask talsrcimg_g11 none talsrcimg_to_711-2C_as_mni_average_305_t4 2311
---------------------------------------------------------------------

freesurfer imgreg_4dfp.c
/opt/freesurfer/average/711-2C_as_mni_average_305.4dfp.img
       256       256       256         1
  1.000000  1.000000  1.000000
orientation T byte_order littleendian
Reading image: /opt/freesurfer/average/711-2C_as_mni_average_305.4dfp.img
dimensions:      256       256       256
mmppix:       1.0000   -1.0000   -1.0000
center:     128.0000 -129.0000 -129.0000
/opt/freesurfer/average/711-2B_as_mni_average_305_mask.4dfp.img
       256       256       256         1
  1.000000  1.000000  1.000000
orientation T byte_order littleendian
Reading mask: /opt/freesurfer/average/711-2B_as_mni_average_305_mask.4dfp.img (2306576 pixels)
talsrcimg_g11.4dfp.img
       256       256       256         1
  1.000000  1.000000  1.000000
orientation T byte_order littleendian
Reading image: talsrcimg_g11.4dfp.img
dimensions:      256       256       256
mmppix:       1.0000   -1.0000   -1.0000
center:     128.0000 -129.0000 -129.0000
fimgreg.f
image alignment mode   2311 decimal      907 hex
parameters
   -0.1779   22.5025    0.2210   -4.6758  -20.7233  -21.3569
    9.6568   -4.6450   -8.0949   18.3496    5.9023  -17.8628
eta,q 0.97589  8.41586
niter,ni,del,rscale     5    3    5.0000    0.8000
parameter  6 -1.049246 -> -0.500000 qaram    1.1500
parameters
   -0.1670   22.5160    0.2451   -2.3722  -19.7574  -18.5969
    9.4223   -4.3367   -7.7577   18.6968    5.9780  -18.5233
eta,q 0.97712  8.58884
  0.0252  0.0251  0.0246  0.0257  0.0251  0.0249  0.0239  0.0253  0.0241  0.0242  0.0237  0.0233
  0.0246  0.0245  0.0243  0.0252  0.0246  0.0243  0.0234  0.0241  0.0235  0.0236  0.0233  0.0230
  0.0242  0.0242  0.0242  0.0246  0.0241  0.0240  0.0230  0.0233  0.0231  0.0232  0.0230  0.0229
  0.0241  0.0241  0.0241  0.0241  0.0238  0.0237  0.0229  0.0229  0.0229  0.0229  0.0229  0.0229
  0.0242  0.0242  0.0242  0.0238  0.0236  0.0232  0.0231  0.0231  0.0230  0.0230  0.0230  0.0230
  0.0246  0.0245  0.0243  0.0238  0.0239  0.0229  0.0235  0.0237  0.0233  0.0233  0.0232  0.0232
  0.0251  0.0250  0.0246  0.0243  0.0245  0.0232  0.0241  0.0248  0.0238  0.0240  0.0237  0.0235
niter,ni,del,rscale     5    3    5.0000    0.8000
parameters
   -0.3162   22.2181    0.3403   -3.0899  -19.4805  -19.1307
    9.5676   -4.5218   -7.7000   18.4467    6.1973  -18.3269
eta,q 0.97707  8.57687
  0.0241  0.0236  0.0238  0.0242  0.0242  0.0244  0.0240  0.0247  0.0240  0.0239  0.0236  0.0235
  0.0233  0.0231  0.0233  0.0235  0.0236  0.0239  0.0234  0.0237  0.0234  0.0234  0.0233  0.0232
  0.0229  0.0228  0.0229  0.0229  0.0231  0.0234  0.0231  0.0231  0.0230  0.0231  0.0230  0.0230
  0.0229  0.0229  0.0228  0.0228  0.0228  0.0228  0.0229  0.0229  0.0229  0.0229  0.0229  0.0229
  0.0231  0.0232  0.0229  0.0232  0.0228  0.0228  0.0230  0.0232  0.0230  0.0231  0.0230  0.0230
  0.0237  0.0237  0.0231  0.0241  0.0233  0.0239  0.0233  0.0239  0.0234  0.0235  0.0232  0.0231
  0.0246  0.0244  0.0236  0.0255  0.0241  0.0261  0.0239  0.0250  0.0239  0.0242  0.0235  0.0234
niter,ni,del,rscale     4    3    5.0000    0.7000
parameters
   -0.3451   22.1925    0.2244   -2.9473  -19.2973  -18.9931
    9.5901   -4.5702   -7.7278   18.4630    6.3306  -18.3924
eta,q 0.97714  8.58973
  0.0240  0.0238  0.0234  0.0244  0.0240  0.0243  0.0236  0.0244  0.0237  0.0238  0.0234  0.0232
  0.0234  0.0233  0.0231  0.0237  0.0235  0.0239  0.0232  0.0236  0.0232  0.0233  0.0231  0.0230
  0.0230  0.0230  0.0230  0.0232  0.0231  0.0234  0.0230  0.0230  0.0230  0.0230  0.0229  0.0229
  0.0229  0.0229  0.0229  0.0229  0.0229  0.0229  0.0229  0.0229  0.0229  0.0229  0.0229  0.0229
  0.0231  0.0230  0.0230  0.0230  0.0230  0.0227  0.0229  0.0231  0.0230  0.0229  0.0229  0.0229
  0.0234  0.0234  0.0233  0.0235  0.0233  0.0232  0.0232  0.0236  0.0232  0.0232  0.0231  0.0230
  0.0240  0.0239  0.0236  0.0243  0.0240  0.0247  0.0236  0.0244  0.0237  0.0238  0.0234  0.0232
niter,ni,del,rscale     3    3    5.0000    0.6000
parameters
   -0.3675   22.1763    0.2460   -2.9079  -19.2064  -18.6065
    9.6398   -4.6147   -7.7247   18.4829    6.3862  -18.4563
eta,q 0.97724  8.60333
  0.0236  0.0235  0.0233  0.0240  0.0237  0.0241  0.0234  0.0240  0.0234  0.0235  0.0232  0.0230
  0.0232  0.0231  0.0231  0.0234  0.0233  0.0237  0.0230  0.0233  0.0230  0.0231  0.0230  0.0229
  0.0229  0.0229  0.0229  0.0230  0.0230  0.0233  0.0228  0.0229  0.0228  0.0229  0.0228  0.0228
  0.0229  0.0229  0.0229  0.0229  0.0229  0.0229  0.0228  0.0228  0.0228  0.0228  0.0228  0.0228
  0.0230  0.0229  0.0229  0.0229  0.0229  0.0227  0.0228  0.0229  0.0228  0.0228  0.0228  0.0228
  0.0232  0.0232  0.0230  0.0233  0.0232  0.0230  0.0230  0.0233  0.0230  0.0231  0.0229  0.0229
  0.0237  0.0236  0.0233  0.0240  0.0237  0.0241  0.0233  0.0240  0.0234  0.0235  0.0232  0.0231
niter,ni,del,rscale     2    3    5.0000    0.5000
parameters
   -0.3929   22.1390    0.3554   -2.9583  -19.1372  -18.1666
    9.6843   -4.6629   -7.6900   18.4227    6.4027  -18.5176
eta,q 0.97733  8.61502
  0.0233  0.0232  0.0232  0.0235  0.0234  0.0239  0.0231  0.0236  0.0231  0.0232  0.0230  0.0229
  0.0230  0.0230  0.0230  0.0231  0.0231  0.0235  0.0229  0.0231  0.0229  0.0229  0.0228  0.0228
  0.0228  0.0228  0.0228  0.0229  0.0229  0.0231  0.0227  0.0228  0.0227  0.0227  0.0227  0.0227
  0.0228  0.0228  0.0228  0.0228  0.0228  0.0227  0.0227  0.0227  0.0227  0.0227  0.0227  0.0227
  0.0228  0.0228  0.0228  0.0228  0.0228  0.0226  0.0227  0.0228  0.0227  0.0227  0.0227  0.0227
  0.0230  0.0230  0.0229  0.0231  0.0230  0.0229  0.0228  0.0231  0.0229  0.0229  0.0228  0.0228
  0.0234  0.0233  0.0230  0.0236  0.0234  0.0236  0.0231  0.0236  0.0231  0.0232  0.0230  0.0229
niter,ni,del,rscale     1    3    5.0000    0.4000
parameters
   -0.4162   22.0899    0.5124   -3.0508  -19.0557  -17.7512
    9.7075   -4.7102   -7.6623   18.3055    6.3835  -18.5420
eta,q 0.97740  8.62521
  0.0230  0.0229  0.0230  0.0232  0.0231  0.0236  0.0229  0.0232  0.0229  0.0229  0.0228  0.0227
  0.0228  0.0228  0.0228  0.0229  0.0229  0.0232  0.0227  0.0229  0.0227  0.0227  0.0227  0.0227
  0.0227  0.0227  0.0227  0.0227  0.0227  0.0229  0.0226  0.0227  0.0226  0.0226  0.0226  0.0226
  0.0227  0.0227  0.0227  0.0227  0.0227  0.0227  0.0226  0.0226  0.0226  0.0226  0.0226  0.0226
  0.0227  0.0227  0.0227  0.0227  0.0227  0.0226  0.0226  0.0227  0.0226  0.0227  0.0226  0.0226
  0.0229  0.0228  0.0227  0.0229  0.0228  0.0228  0.0227  0.0229  0.0227  0.0228  0.0227  0.0227
  0.0231  0.0230  0.0228  0.0233  0.0231  0.0233  0.0229  0.0232  0.0229  0.0230  0.0228  0.0227
registration optimization eta report
parameter search radius
    0.8000    0.8000    0.8000    2.4000    2.4000    2.7600
    2.4000    2.4000    2.4000    2.4000    2.4000    2.4000
100000*second partial in parameter space
       59.       50.       35.        9.        7.       10.
        5.       11.        5.        6.        4.        3.
  0.0230  0.0229  0.0230  0.0232  0.0231  0.0236  0.0229  0.0232  0.0229  0.0229  0.0228  0.0227
  0.0228  0.0228  0.0228  0.0229  0.0229  0.0232  0.0227  0.0229  0.0227  0.0227  0.0227  0.0227
  0.0227  0.0227  0.0227  0.0227  0.0227  0.0229  0.0226  0.0227  0.0226  0.0226  0.0226  0.0226
  0.0227  0.0227  0.0227  0.0227  0.0227  0.0227  0.0226  0.0226  0.0226  0.0226  0.0226  0.0226
  0.0227  0.0227  0.0227  0.0227  0.0227  0.0226  0.0226  0.0227  0.0226  0.0227  0.0226  0.0226
  0.0229  0.0228  0.0227  0.0229  0.0228  0.0228  0.0227  0.0229  0.0227  0.0228  0.0227  0.0227
  0.0231  0.0230  0.0228  0.0233  0.0231  0.0233  0.0229  0.0232  0.0229  0.0230  0.0228  0.0227
   -0.4162   22.0899    0.5124   -3.0508  -19.0557  -17.7512
    9.7075   -4.7102   -7.6623   18.3055    6.3835  -18.5420
eta,q 0.97740  8.62521

---------------------------------------------------------------------
imgreg_4dfp /opt/freesurfer/average/711-2C_as_mni_average_305 /opt/freesurfer/average/711-2B_as_mni_average_305_mask talsrcimg_g11 none talsrcimg_to_711-2C_as_mni_average_305_t4 2311
---------------------------------------------------------------------

freesurfer imgreg_4dfp.c
/opt/freesurfer/average/711-2C_as_mni_average_305.4dfp.img
       256       256       256         1
  1.000000  1.000000  1.000000
orientation T byte_order littleendian
Reading image: /opt/freesurfer/average/711-2C_as_mni_average_305.4dfp.img
dimensions:      256       256       256
mmppix:       1.0000   -1.0000   -1.0000
center:     128.0000 -129.0000 -129.0000
/opt/freesurfer/average/711-2B_as_mni_average_305_mask.4dfp.img
       256       256       256         1
  1.000000  1.000000  1.000000
orientation T byte_order littleendian
Reading mask: /opt/freesurfer/average/711-2B_as_mni_average_305_mask.4dfp.img (2306576 pixels)
talsrcimg_g11.4dfp.img
       256       256       256         1
  1.000000  1.000000  1.000000
orientation T byte_order littleendian
Reading image: talsrcimg_g11.4dfp.img
dimensions:      256       256       256
mmppix:       1.0000   -1.0000   -1.0000
center:     128.0000 -129.0000 -129.0000
fimgreg.f
image alignment mode   2311 decimal      907 hex
parameters
   -0.4162   22.0899    0.5124   -3.0508  -19.0557  -17.7512
    9.7075   -4.7102   -7.6623   18.3055    6.3835  -18.5420
eta,q 0.97740  8.62521
niter,ni,del,rscale     5    3    5.0000    0.8000
parameters
   -0.4295   22.0481    0.6607   -3.4712  -19.3308  -18.2398
    9.7340   -4.8064   -7.7385   18.1085    6.3167  -18.2751
eta,q 0.97728  8.59751
  0.0241  0.0238  0.0237  0.0241  0.0238  0.0241  0.0237  0.0247  0.0237  0.0238  0.0234  0.0233
  0.0233  0.0231  0.0231  0.0234  0.0233  0.0237  0.0232  0.0236  0.0232  0.0233  0.0230  0.0230
  0.0228  0.0227  0.0228  0.0228  0.0228  0.0231  0.0228  0.0229  0.0228  0.0229  0.0228  0.0228
  0.0226  0.0226  0.0226  0.0226  0.0226  0.0226  0.0227  0.0227  0.0227  0.0227  0.0227  0.0227
  0.0228  0.0228  0.0226  0.0229  0.0228  0.0227  0.0228  0.0230  0.0228  0.0228  0.0228  0.0228
  0.0233  0.0232  0.0229  0.0237  0.0234  0.0238  0.0231  0.0237  0.0232  0.0233  0.0231  0.0229
  0.0241  0.0239  0.0234  0.0250  0.0243  0.0256  0.0237  0.0248  0.0238  0.0241  0.0235  0.0232
niter,ni,del,rscale     4    3    5.0000    0.7000
parameters
   -0.4098   22.0681    0.5555   -3.2210  -19.2150  -18.2278
    9.7044   -4.7388   -7.7329   18.1589    6.3231  -18.3360
eta,q 0.97732  8.60564
  0.0239  0.0237  0.0233  0.0242  0.0238  0.0240  0.0235  0.0244  0.0235  0.0237  0.0233  0.0231
  0.0232  0.0232  0.0229  0.0236  0.0233  0.0236  0.0230  0.0235  0.0231  0.0232  0.0230  0.0228
  0.0229  0.0228  0.0228  0.0230  0.0229  0.0231  0.0228  0.0229  0.0228  0.0228  0.0228  0.0227
  0.0227  0.0227  0.0227  0.0227  0.0227  0.0227  0.0227  0.0227  0.0227  0.0227  0.0227  0.0227
  0.0228  0.0228  0.0228  0.0228  0.0227  0.0226  0.0228  0.0229  0.0228  0.0228  0.0228  0.0227
  0.0232  0.0231  0.0231  0.0232  0.0231  0.0232  0.0230  0.0234  0.0231  0.0231  0.0229  0.0229
  0.0238  0.0236  0.0235  0.0240  0.0238  0.0244  0.0235  0.0243  0.0235  0.0237  0.0233  0.0231
niter,ni,del,rscale     3    3    5.0000    0.6000
parameters
   -0.4129   22.0650    0.5315   -3.1348  -19.1332  -18.0023
    9.6944   -4.7151   -7.6981   18.1913    6.3287  -18.3982
eta,q 0.97737  8.61496
  0.0235  0.0234  0.0232  0.0238  0.0236  0.0238  0.0232  0.0239  0.0233  0.0234  0.0231  0.0229
  0.0230  0.0230  0.0229  0.0233  0.0232  0.0235  0.0229  0.0232  0.0229  0.0230  0.0228  0.0228
  0.0228  0.0228  0.0227  0.0229  0.0228  0.0230  0.0227  0.0228  0.0227  0.0227  0.0227  0.0227
  0.0227  0.0227  0.0227  0.0227  0.0227  0.0227  0.0226  0.0226  0.0226  0.0226  0.0226  0.0226
  0.0228  0.0228  0.0227  0.0228  0.0227  0.0226  0.0227  0.0228  0.0227  0.0227  0.0227  0.0227
  0.0231  0.0230  0.0229  0.0231  0.0230  0.0230  0.0229  0.0232  0.0229  0.0230  0.0228  0.0228
  0.0235  0.0234  0.0232  0.0238  0.0236  0.0239  0.0232  0.0239  0.0233  0.0234  0.0231  0.0230
niter,ni,del,rscale     2    3    5.0000    0.5000
parameters
   -0.4196   22.0432    0.5931   -3.1410  -19.0649  -17.7185
    9.7038   -4.7264   -7.6633   18.1667    6.3207  -18.4422
eta,q 0.97742  8.62345
  0.0232  0.0231  0.0230  0.0234  0.0233  0.0236  0.0230  0.0235  0.0230  0.0231  0.0229  0.0228
  0.0229  0.0228  0.0228  0.0230  0.0230  0.0233  0.0228  0.0230  0.0228  0.0228  0.0227  0.0227
  0.0227  0.0227  0.0227  0.0227  0.0227  0.0229  0.0226  0.0227  0.0226  0.0227  0.0226  0.0226
  0.0226  0.0226  0.0226  0.0226  0.0226  0.0226  0.0226  0.0226  0.0226  0.0226  0.0226  0.0226
  0.0227  0.0227  0.0227  0.0227  0.0227  0.0226  0.0226  0.0227  0.0226  0.0226  0.0226  0.0226
  0.0229  0.0229  0.0228  0.0230  0.0229  0.0228  0.0228  0.0230  0.0228  0.0228  0.0227  0.0227
  0.0232  0.0231  0.0229  0.0235  0.0233  0.0235  0.0230  0.0235  0.0230  0.0232  0.0229  0.0228
niter,ni,del,rscale     1    3    5.0000    0.4000
parameters
   -0.4387   22.0062    0.6861   -3.1890  -19.0010  -17.4488
    9.7134   -4.7563   -7.6273   18.0890    6.3060  -18.4843
eta,q 0.97745  8.63060
  0.0230  0.0229  0.0229  0.0231  0.0230  0.0233  0.0228  0.0232  0.0229  0.0229  0.0228  0.0227
  0.0227  0.0227  0.0227  0.0228  0.0228  0.0230  0.0227  0.0228  0.0227  0.0227  0.0227  0.0226
  0.0226  0.0226  0.0226  0.0226  0.0227  0.0228  0.0226  0.0226  0.0226  0.0226  0.0226  0.0226
  0.0226  0.0226  0.0226  0.0226  0.0226  0.0226  0.0225  0.0226  0.0225  0.0226  0.0226  0.0226
  0.0226  0.0226  0.0226  0.0226  0.0226  0.0225  0.0226  0.0226  0.0226  0.0226  0.0226  0.0226
  0.0228  0.0228  0.0226  0.0228  0.0227  0.0227  0.0227  0.0228  0.0227  0.0227  0.0227  0.0226
  0.0230  0.0229  0.0228  0.0232  0.0230  0.0232  0.0228  0.0232  0.0228  0.0230  0.0228  0.0227
registration optimization eta report
parameter search radius
    0.8000    0.8000    0.8000    2.4000    2.4000    2.4000
    2.4000    2.4000    2.4000    2.4000    2.4000    2.4000
100000*second partial in parameter space
       60.       52.       38.        9.        7.       12.
        5.       11.        5.        7.        4.        3.
  0.0230  0.0229  0.0229  0.0231  0.0230  0.0233  0.0228  0.0232  0.0229  0.0229  0.0228  0.0227
  0.0227  0.0227  0.0227  0.0228  0.0228  0.0230  0.0227  0.0228  0.0227  0.0227  0.0227  0.0226
  0.0226  0.0226  0.0226  0.0226  0.0227  0.0228  0.0226  0.0226  0.0226  0.0226  0.0226  0.0226
  0.0226  0.0226  0.0226  0.0226  0.0226  0.0226  0.0225  0.0226  0.0225  0.0226  0.0226  0.0226
  0.0226  0.0226  0.0226  0.0226  0.0226  0.0225  0.0226  0.0226  0.0226  0.0226  0.0226  0.0226
  0.0228  0.0228  0.0226  0.0228  0.0227  0.0227  0.0227  0.0228  0.0227  0.0227  0.0227  0.0226
  0.0230  0.0229  0.0228  0.0232  0.0230  0.0232  0.0228  0.0232  0.0228  0.0230  0.0228  0.0227
   -0.4387   22.0062    0.6861   -3.1890  -19.0010  -17.4488
    9.7134   -4.7563   -7.6273   18.0890    6.3060  -18.4843
eta,q 0.97745  8.63060

---------------------------------------------------------------------
compute_vox2vox talsrcimg talsrcimg_to_711-2C_as_mni_average_305_t4 /opt/freesurfer/average/711-2C_as_mni_average_305
---------------------------------------------------------------------

freesurfer compute_vox2vox.c
Reading: talsrcimg.4dfp.ifh
Reading: talsrcimg_to_711-2C_as_mni_average_305_t4
Reading: /opt/freesurfer/average/711-2C_as_mni_average_305.4dfp.ifh
Writing: talsrcimg_to_711-2C_as_mni_average_305_t4_vox2vox.txt

start time Fri Mar 13 01:56:42 CET 2026
end		time Fri Mar 13 01:58:10 CET 2026

mpr2mni305 success

avi2talxfm orig_nu.mgz /opt/freesurfer/average/mni305.cor.mgz talsrcimg_to_711-2C_as_mni_average_305_t4_vox2vox.txt transforms/talairach.auto.xfm
avi2talxfm done
mv -f /out/sourcedata/freesurfer/sub-v2s3x28814_ses-1/mri/talsrcimg_to_711-2C_as_mni_average_305_t4_vox2vox.txt /out/sourcedata/freesurfer/sub-v2s3x28814_ses-1/mri/transforms/talsrcimg_to_711-2C_as_mni_average_305_t4_vox2vox.txt
lta_convert --src orig_nu.mgz --trg /opt/freesurfer/average/mni305.cor.mgz --inxfm transforms/talairach.auto.xfm --outlta transforms/talairach.auto.xfm.lta --subject fsaverage
7.3.2

--src: orig_nu.mgz src image (geometry).
--trg: /opt/freesurfer/average/mni305.cor.mgz trg image (geometry).
--inmni: transforms/talairach.auto.xfm input MNI/XFM transform.
--outlta: transforms/talairach.auto.xfm.lta output LTA.
--s: fsaverage subject name
 LTA read, type : 1
 1.01947   0.08145  -0.10367  -10.79230;
-0.05370   1.14939   0.26873  -45.10397;
 0.10799  -0.24902   1.16481  -26.38780;
 0.00000   0.00000   0.00000   1.00000;
setting subject to fsaverage
Writing  LTA to file transforms/talairach.auto.xfm.lta...
lta_convert successful.
 
 
Started at Fri Mar 13 01:56:42 CET 2026
Ended   at Fri Mar 13 01:58:10 CET 2026
talairach_avi done
