1773363935.375742187s 1 53f29bb8-4f8a-4a8e-81d8-7643d188a871
1773363944.976617553s 1 f17e01cc-3dea-4ee7-92b2-191a66fa954b
1773363945.003728379s 1 f17e01cc-3dea-4ee7-92b2-191a66fa954b
1773364509.895974044s 1 27fb875e-91a6-4b91-a0b0-1328b4cb0d47
1773364516.336657579s 1 f17e01cc-3dea-4ee7-92b2-191a66fa954b
1773367534.213385235s 1 e570c386-e452-4e4f-aac2-47ed6d0bc76a
1773367540.757279205s 1 f17e01cc-3dea-4ee7-92b2-191a66fa954b
1773368002.51309074s 1 c948438f-7ce9-4111-9444-634018896a43
1773368008.82338036s 1 f17e01cc-3dea-4ee7-92b2-191a66fa954b
1773368086.145867241s 1 057c8389-2b02-49fd-8aa4-4f5377f9c485
1773368093.686895778s 1 f17e01cc-3dea-4ee7-92b2-191a66fa954b
1773368525.60319568s 1 4df360d4-7090-45d0-a31a-0dcbecdcce09
1773368531.939914565s 1 f17e01cc-3dea-4ee7-92b2-191a66fa954b
1773368650.527725577s 1 3d7dbee8-5078-4bb8-9495-161fd9517100
1773368657.125299222s 1 f17e01cc-3dea-4ee7-92b2-191a66fa954b
1773368738.338853759s 1 31abbcb4-1b87-48e0-a9b9-52930a781d51
1773368744.55363555s 1 f17e01cc-3dea-4ee7-92b2-191a66fa954b
1773368915.847824042s 1 522ed404-bcca-42a6-a22c-1525fc0e6a21
1773368922.609251219s 1 f17e01cc-3dea-4ee7-92b2-191a66fa954b
1773369166.974247866s 1 6be94f84-6c0a-4545-bc2b-8269ec7d1f3e
1773369174.325812317s 1 f17e01cc-3dea-4ee7-92b2-191a66fa954b
1773369323.949019711s 1 64a5703f-502d-4f0b-bb89-a032a6db40de
1773369330.337875247s 1 f17e01cc-3dea-4ee7-92b2-191a66fa954b
1773369379.824069239s 1 81ac20e2-1085-408b-9746-d4b8b5dfcd95
1773369386.089989192s 1 f17e01cc-3dea-4ee7-92b2-191a66fa954b
1773369664.872737146s 1 08dbaea8-ab90-4150-8ed9-79fac585878c
1773369672.211024978s 1 f17e01cc-3dea-4ee7-92b2-191a66fa954b
1773369786.654040611s 1 65c403bc-0424-46d9-a4f6-a789fc9a1d57
1773369793.077294778s 1 f17e01cc-3dea-4ee7-92b2-191a66fa954b
1773369815.646344894s 1 f4f1c6a7-9310-4113-bdcd-ba2f3178462e
1773369822.432850653s 1 f17e01cc-3dea-4ee7-92b2-191a66fa954b
1773370230.410253911s 1 ccbc4a45-1b4f-40fb-b3f1-ac7854beefb0
1773370238.004559718s 1 f17e01cc-3dea-4ee7-92b2-191a66fa954b
1773370428.149416712s 1 e8d4af77-8bfd-440c-8a48-f0a010751fba
1773370434.166159102s 1 f17e01cc-3dea-4ee7-92b2-191a66fa954b
1773370730.929290207s 1 a996b625-5f87-4846-831e-ee027e9d9e4a
1773370737.973760169s 1 f17e01cc-3dea-4ee7-92b2-191a66fa954b
1773371088.883826087s 1 9bc3a584-0c7e-4b0a-9221-3803112901d5
1773371095.957767711s 1 f17e01cc-3dea-4ee7-92b2-191a66fa954b
1773371529.146005152s 1 0032da23-6078-4931-bdbd-b510ca286182
1773371535.303588181s 1 f17e01cc-3dea-4ee7-92b2-191a66fa954b
1773371900.153456341s 1 35d72a68-ff23-4910-963c-e422e0585cbf
1773371907.628493804s 1 f17e01cc-3dea-4ee7-92b2-191a66fa954b
1773372174.986417156s 1 1973e722-8dc8-46d5-ba2e-906c4af1b9dd
1773372181.711905964s 1 f17e01cc-3dea-4ee7-92b2-191a66fa954b
1773372186.340801262s 1 0cf72564-10e9-4c05-af0f-7c4e4580cd17
1773372191.905608367s 1 4e3b2333-e33f-422b-a640-e06236077053
1773372193.819575681s 1 f17e01cc-3dea-4ee7-92b2-191a66fa954b
1773372200.069894099s 1 f17e01cc-3dea-4ee7-92b2-191a66fa954b
1773372255.077445291s 1 ec32a394-eb84-42bf-88e4-efc350d63818
1773372262.628643184s 1 f17e01cc-3dea-4ee7-92b2-191a66fa954b
1773372678.66530826s 1 17cf1476-074e-4a2b-be93-09b870e0146a
1773372685.360436452s 1 f17e01cc-3dea-4ee7-92b2-191a66fa954b
1773372774.467695958s 1 2069bc25-36e4-422e-bfe3-67ff5fd3d1d0
1773372780.248690345s 1 f17e01cc-3dea-4ee7-92b2-191a66fa954b
1773373319.665948979s 1 fab1d0c6-62c6-41c6-a874-1ea3d64be017
1773373327.165886499s 1 f17e01cc-3dea-4ee7-92b2-191a66fa954b
1773374463.648479493s 1 6526ab7f-4aa0-4a83-bf95-8b2f94b4e1ae
1773374469.692904391s 1 f17e01cc-3dea-4ee7-92b2-191a66fa954b
1773374769.446293547s 1 868a0385-f02d-4905-b8c0-50e51b379ddb
1773374776.994137153s 1 f17e01cc-3dea-4ee7-92b2-191a66fa954b
1773374820.286910907s 1 3e1e61b9-4e6d-4a2e-afaa-4c7b11907f20
1773374831.275603233s 1 f17e01cc-3dea-4ee7-92b2-191a66fa954b
1773374903.152911882s 1 fa14f946-4ee9-451b-9916-c1ca296b5ac4
1773374909.852015336s 1 f17e01cc-3dea-4ee7-92b2-191a66fa954b
1773375434.499922299s 1 e887e9bd-f645-4b9a-b420-6b6d84e11c8d
1773375441.195023785s 1 f17e01cc-3dea-4ee7-92b2-191a66fa954b
1773375637.125859257s 1 79b85f33-10a5-42ad-8d9d-edb6ee0c19dd
1773375644.61622396s 1 f17e01cc-3dea-4ee7-92b2-191a66fa954b
1773375774.771320667s 1 ecbc690c-1865-4f11-bf30-fd58304bf9ec
1773375782.053333101s 1 f17e01cc-3dea-4ee7-92b2-191a66fa954b
1773375969.611082704s 1 06011518-40f6-4def-81fb-9675a3c82e3d
1773375976.528866677s 1 f17e01cc-3dea-4ee7-92b2-191a66fa954b
1773376081.888354993s 1 722810f6-6381-43b5-ac5c-9ca5ee435246
1773376088.838618807s 1 f17e01cc-3dea-4ee7-92b2-191a66fa954b
1773376097.704878594s 1 c11781f3-14a4-4f7c-87f4-49991d7814b5
1773376105.119838807s 1 f17e01cc-3dea-4ee7-92b2-191a66fa954b
1773376167.890843036s 1 1a7c6eb6-29ac-4d0d-aba9-6e6d02d6a95f
1773376174.406314129s 1 f17e01cc-3dea-4ee7-92b2-191a66fa954b
1773376249.790519341s 1 4b3caa62-51db-4e73-957b-f5b0f5375b72
1773376256.141616685s 1 f17e01cc-3dea-4ee7-92b2-191a66fa954b
1773376545.715969709s 1 cdbda899-d0f2-4ddb-a51c-abff294f2290
1773376551.808127017s 1 f17e01cc-3dea-4ee7-92b2-191a66fa954b
1773376600.330177562s 1 dccdb024-2f6c-4130-859d-aa7c6c50e654
1773376607.355296847s 1 f17e01cc-3dea-4ee7-92b2-191a66fa954b
1773376827.659930399s 1 3492b542-a575-4963-838a-903f02a50a41
1773376834.880159649s 1 f17e01cc-3dea-4ee7-92b2-191a66fa954b
1773376871.646961554s 1 9a871a93-feb0-4ccc-9145-4d1a0f70e831
1773376880.774531164s 1 f17e01cc-3dea-4ee7-92b2-191a66fa954b
1773376916.751906135s 1 1af9cb70-e91c-4d86-a0ee-0d32bcd4fb8f
1773376923.495577672s 1 f17e01cc-3dea-4ee7-92b2-191a66fa954b
1773377203.308215346s 1 93bba137-f498-473a-97e7-5d95875c17ea
1773377210.298012086s 1 f17e01cc-3dea-4ee7-92b2-191a66fa954b
1773377331.649367131s 1 42fc7621-dcf5-4cd0-bc63-6adc6778089d
1773377338.449824953s 1 f17e01cc-3dea-4ee7-92b2-191a66fa954b
1773377468.205768661s 1 167d5904-3af6-42f0-aadb-1c35c66d92ec
1773377473.970532512s 1 f17e01cc-3dea-4ee7-92b2-191a66fa954b
1773377752.234259642s 1 77e279cf-e895-4464-9272-63f1f5d22596
1773377758.496010132s 1 f17e01cc-3dea-4ee7-92b2-191a66fa954b
1773378123.586203832s 1 c8a70a38-45a4-45f1-9bf4-94e5e9b93ce9
1773378130.020210378s 1 f17e01cc-3dea-4ee7-92b2-191a66fa954b
1773378829.760694672s 1 2ee38b86-f84c-425e-96cd-f794b295ee52
1773378836.255151699s 1 f17e01cc-3dea-4ee7-92b2-191a66fa954b
1773379000.61724094s 1 7879b7f6-fce6-48e6-a127-5c4a8a922d46
1773379007.67454976s 1 f17e01cc-3dea-4ee7-92b2-191a66fa954b
1773379089.330044288s 1 5aa7cdcf-c21a-459a-bc2a-7d3dbfe0f85a
1773379095.611120806s 1 f17e01cc-3dea-4ee7-92b2-191a66fa954b
1773379701.673880335s 1 43b4e0d3-4ea3-4d5e-8e30-9e1e8e89b812
1773379707.687194401s 1 f17e01cc-3dea-4ee7-92b2-191a66fa954b
1773379733.198805916s 1 95ebaeb7-4ea5-44f9-9937-83e667e16a8b
1773379739.583959835s 1 f17e01cc-3dea-4ee7-92b2-191a66fa954b
1773379842.401797029s 1 ad4286f4-b60f-4be3-b733-d3d2db0357f1
1773379849.272908108s 1 f17e01cc-3dea-4ee7-92b2-191a66fa954b
1773380111.593437232s 1 79efe148-1958-42f2-b4c4-7feb65df1c3b
1773380118.539964375s 1 f17e01cc-3dea-4ee7-92b2-191a66fa954b
1773380147.652391849s 1 3e700e50-3a3c-4f8f-8cd4-9f3cc139fa46
1773380155.086727616s 1 f17e01cc-3dea-4ee7-92b2-191a66fa954b
1773380273.542434298s 1 3bfa1e47-7728-468c-a8cb-d44cc2fa1525
1773380279.958708328s 1 f17e01cc-3dea-4ee7-92b2-191a66fa954b
1773380544.468530882s 1 2fcbcee1-eeac-4d92-808c-ff9a9578db61
1773380551.095915573s 1 f17e01cc-3dea-4ee7-92b2-191a66fa954b
1773380568.79837101s 1 6354eb85-1ceb-4f4f-b519-ede838f59a86
1773380575.581716345s 1 f17e01cc-3dea-4ee7-92b2-191a66fa954b
1773380760.74090412s 1 2ad8d98c-31d8-41cd-9158-445614e6abaa
1773380767.407341208s 1 f17e01cc-3dea-4ee7-92b2-191a66fa954b
1773381002.60544833s 1 87611c9d-7c01-4a88-8d1b-d9acf1c4e9cb
1773381009.405377084s 1 f17e01cc-3dea-4ee7-92b2-191a66fa954b
1773381761.760738608s 1 fc768d62-d05f-495f-8293-8d1ccea48ae4
1773381768.591551897s 1 f17e01cc-3dea-4ee7-92b2-191a66fa954b
1773382074.13763827s 1 3e7ef2c1-b596-4562-8679-63612ee957f9
1773382080.547594218s 1 f17e01cc-3dea-4ee7-92b2-191a66fa954b
1773382160.529849199s 1 798463f2-82a2-4d1b-b307-c8b673f2af0d
1773382167.284725485s 1 f17e01cc-3dea-4ee7-92b2-191a66fa954b
1773382288.171479228s 1 b9a9a309-0975-4f08-ae0b-dc9fd6d0599e
1773382294.51395236s 1 f17e01cc-3dea-4ee7-92b2-191a66fa954b
1773382567.0573859s 1 10006e0b-2b3d-4167-8f71-c57bd8ac3b99
1773382573.076899929s 1 f17e01cc-3dea-4ee7-92b2-191a66fa954b
1773382707.446301316s 1 5a7adbed-b2f8-4f5b-bfb1-85a8f7cbe9fa
1773382714.017292719s 1 f17e01cc-3dea-4ee7-92b2-191a66fa954b
1773383276.085444495s 1 1136ad5f-be60-4e0e-855a-4a1a3c305355
1773383283.066843222s 1 f17e01cc-3dea-4ee7-92b2-191a66fa954b
1773383970.063288341s 1 5e7b860a-b56e-4df3-b77f-baf1fd1c3702
1773383976.746085839s 1 f17e01cc-3dea-4ee7-92b2-191a66fa954b
1773384207.585348648s 1 89d10437-e6c3-494e-9f82-bf2b7dac6fae
1773384214.700525927s 1 f17e01cc-3dea-4ee7-92b2-191a66fa954b
1773384224.264372862s 1 6519bca8-add0-4cfd-b417-8b75730275d7
1773384231.107881632s 1 f17e01cc-3dea-4ee7-92b2-191a66fa954b
