status file for recon-all
Fri Mar 13 04:23:31 CET 2026
#@# Tessellate lh Fri Mar 13 04:23:31 CET 2026
#@# Smooth1 lh Fri Mar 13 04:23:34 CET 2026
#@# Inflation1 lh Fri Mar 13 04:23:36 CET 2026
#@# QSphere lh Fri Mar 13 04:23:45 CET 2026
#@# Fix Topology lh Fri Mar 13 04:24:38 CET 2026
#@# Smooth2 lh Fri Mar 13 04:30:56 CET 2026
#@# Inflation2 lh Fri Mar 13 04:30:58 CET 2026
#@# Curv .H and .K lh Fri Mar 13 04:31:09 CET 2026
#@# Sphere lh Fri Mar 13 04:31:52 CET 2026
#@# Surf Reg lh Fri Mar 13 04:34:48 CET 2026
#@# Jacobian white lh Fri Mar 13 04:37:37 CET 2026
#@# AvgCurv lh Fri Mar 13 04:37:38 CET 2026
#@# Cortical Parc lh Fri Mar 13 04:37:39 CET 2026
#@# white curv lh Fri Mar 13 04:43:13 CET 2026
#@# white area lh Fri Mar 13 04:43:14 CET 2026
#@# pial curv lh Fri Mar 13 04:43:15 CET 2026
#@# pial area lh Fri Mar 13 04:43:16 CET 2026
#@# thickness lh Fri Mar 13 04:43:17 CET 2026
#@# area and vertex vol lh Fri Mar 13 04:43:44 CET 2026
#@# Curvature Stats lh Fri Mar 13 04:43:45 CET 2026
#@# Cortical Parc 2 lh Fri Mar 13 04:43:47 CET 2026
#@# Cortical Parc 3 lh Fri Mar 13 04:43:59 CET 2026
#@# WM/GM Contrast lh Fri Mar 13 04:44:09 CET 2026
recon-all -s sub-v2s3x28832_ses-1 finished without error at Fri Mar 13 04:44:11 CET 2026



#New# invocation of recon-all 



status file for recon-all
Fri Mar 13 05:08:37 CET 2026
#@# white curv lh Fri Mar 13 05:08:37 CET 2026
#@# white area lh Fri Mar 13 05:08:37 CET 2026
#@# pial curv lh Fri Mar 13 05:08:37 CET 2026
#@# pial area lh Fri Mar 13 05:08:37 CET 2026
#@# thickness lh Fri Mar 13 05:08:37 CET 2026
#@# area and vertex vol lh Fri Mar 13 05:08:37 CET 2026
#@# Parcellation Stats lh Fri Mar 13 05:08:37 CET 2026
#@# Parcellation Stats 2 lh Fri Mar 13 05:08:53 CET 2026
#@# Parcellation Stats 3 lh Fri Mar 13 05:09:01 CET 2026
#@# BA_exvivo Labels lh Fri Mar 13 05:09:09 CET 2026
recon-all -s sub-v2s3x28832_ses-1 finished without error at Fri Mar 13 05:11:25 CET 2026
