/out/sourcedata/freesurfer/sub-v2s3x28824_ses-1/mri
/opt/freesurfer/bin/talairach_avi
--i orig_nu.mgz --xfm transforms/talairach.auto.xfm
talairach_avi 7.3.2
Linux dna034 5.14.0-427.37.1.el9_4.x86_64 #1 SMP PREEMPT_DYNAMIC Fri Sep 13 12:41:50 EDT 2024 x86_64 x86_64 x86_64 GNU/Linux
Fri Mar 13 02:27:07 CET 2026
mri_convert orig_nu.mgz talsrcimg.img 
reading from orig_nu.mgz...
TR=0.00, TE=0.00, TI=0.00, flip angle=0.00
i_ras = (-1, 0, 0)
j_ras = (0, 0, -1)
k_ras = (0, 1, 0)
writing to talsrcimg.img...
Analyze Output Matrix
-1.00000   0.00000   0.00000   130.18915;
 0.00000   0.00000   1.00000  -74.77885;
 0.00000  -1.00000   0.00000   122.64040;
 0.00000   0.00000   0.00000   1.00000;
--------------------
INFO: set hdr.hist.orient to -1
mpr2mni305 talsrcimg
Fri Mar 13 02:27:08 CET 2026
/opt/freesurfer/bin/mpr2mni305 talsrcimg
mpr2mni305 7.3.2
target=711-2C_as_mni_average_305

---------------------------------------------------------------------
analyzeto4dfp talsrcimg -O0 -y
---------------------------------------------------------------------

freesurfer ifh2hdr.c
Fri Mar 13 02:27:08 2026
Writing: talsrcimg.4dfp.hdr
freesurfer analyzeto4dfp.c
Reading: talsrcimg.hdr
header size 348 bytes
hdr.dime.datatype	offset=70	value=2
hdr.dime.bitpix		offset=72	value=8
hdr.hist.orient		offset=252	value=-1
dimensionality     4
dimensions       256       256       256         1
Reading: talsrcimg.img
Writing: talsrcimg.4dfp.img
Writing: talsrcimg.4dfp.ifh
ifh2hdr talsrcimg -r0to218
ori=2

---------------------------------------------------------------------
gauss_4dfp talsrcimg 1.1
---------------------------------------------------------------------

freesurfer gauss_4dfp.c
Reading: talsrcimg.4dfp.img
Writing: talsrcimg_g11.4dfp.img
image dimensions 256 256 256 padded to 288 288 288
processing volume 1freesurfer ifh2hdr.c
Fri Mar 13 02:27:10 2026
Writing: talsrcimg_g11.4dfp.hdr

Writing: talsrcimg_g11.4dfp.ifh
including: talsrcimg.4dfp.img.rec in talsrcimg_g11.4dfp.img.rec

---------------------------------------------------------------------
imgreg_4dfp /opt/freesurfer/average/711-2C_as_mni_average_305 none talsrcimg_g11 none talsrcimg_to_711-2C_as_mni_average_305_t4 4355
---------------------------------------------------------------------

freesurfer imgreg_4dfp.c
/opt/freesurfer/average/711-2C_as_mni_average_305.4dfp.img
       256       256       256         1
  1.000000  1.000000  1.000000
orientation T byte_order littleendian
Reading image: /opt/freesurfer/average/711-2C_as_mni_average_305.4dfp.img
dimensions:      256       256       256
mmppix:       1.0000   -1.0000   -1.0000
center:     128.0000 -129.0000 -129.0000
talsrcimg_g11.4dfp.img
       256       256       256         1
  1.000000  1.000000  1.000000
orientation T byte_order littleendian
Reading image: talsrcimg_g11.4dfp.img
dimensions:      256       256       256
mmppix:       1.0000   -1.0000   -1.0000
center:     128.0000 -129.0000 -129.0000
t4_read: open error in t4_sub.f l:  41 t4_file(1:l)talsrcimg_to_711-2C_as_mni_average_305_t4 
t4_read: transform initialized to I4
rotation matrix determinant  1.000000
image alignment mode   4355 decimal     1103 hex
   -7.5000  -45.0000  -45.0000 6816.0166   13.6970
    0.0000  -45.0000  -45.0000 7117.0073   13.7560
    7.5000  -45.0000  -45.0000 6754.0615   13.7776
   -7.5000  -37.5000  -45.0000 7499.6685   13.4357
    0.0000  -37.5000  -45.0000 7811.6763   13.4853
    7.5000  -37.5000  -45.0000 7432.7798   13.5008
   -7.5000  -30.0000  -45.0000 8542.6240   13.2567
    0.0000  -30.0000  -45.0000 8890.8828   13.2983
    7.5000  -30.0000  -45.0000 8460.2090   13.3106
   -7.5000  -22.5000  -45.0000 9614.3760   13.2025
    0.0000  -22.5000  -45.000010001.4512   13.2471
    7.5000  -22.5000  -45.0000 9530.2793   13.2618
   -7.5000  -15.0000  -45.000010638.1279   13.1795
    0.0000  -15.0000  -45.000011053.0762   13.2314
    7.5000  -15.0000  -45.000010521.0391   13.2508
   -7.5000   -7.5000  -45.000011639.4648   13.1561
    0.0000   -7.5000  -45.000012076.4795   13.2140
    7.5000   -7.5000  -45.000011472.6914   13.2351
   -7.5000    0.0000  -45.000012538.6953   13.1417
    0.0000    0.0000  -45.000013018.5303   13.1987
    7.5000    0.0000  -45.000012337.8252   13.2176
   -7.5000    7.5000  -45.000012482.0859   13.1363
    0.0000    7.5000  -45.000012940.5859   13.1848
    7.5000    7.5000  -45.000012269.7012   13.1990
   -7.5000   15.0000  -45.000012301.2461   13.1388
    0.0000   15.0000  -45.000012747.7295   13.1808
    7.5000   15.0000  -45.000012090.6133   13.1924
   -7.5000   22.5000  -45.000012045.0020   13.1455
    0.0000   22.5000  -45.000012477.0264   13.1902
    7.5000   22.5000  -45.000011838.3613   13.2045
   -7.5000   30.0000  -45.000011573.1719   12.9800
    0.0000   30.0000  -45.000011984.8369   13.0313
    7.5000   30.0000  -45.000011377.9824   13.0502
   -7.5000   37.5000  -45.000011451.8330   12.9759
    0.0000   37.5000  -45.000011862.1094   13.0331
    7.5000   37.5000  -45.000011257.8975   13.0539
   -7.5000   45.0000  -45.000010883.1953   12.6373
    0.0000   45.0000  -45.000011256.9893   12.6922
    7.5000   45.0000  -45.000010713.0889   12.7103
   -7.5000  -45.0000  -37.5000 7106.7124   13.7032
    0.0000  -45.0000  -37.5000 7421.0444   13.7605
    7.5000  -45.0000  -37.5000 7065.2207   13.7786
   -7.5000  -37.5000  -37.5000 7861.6079   13.4458
    0.0000  -37.5000  -37.5000 8197.1436   13.4941
    7.5000  -37.5000  -37.5000 7795.5371   13.5073
   -7.5000  -30.0000  -37.5000 8980.9590   13.2621
    0.0000  -30.0000  -37.5000 9357.3633   13.3038
    7.5000  -30.0000  -37.5000 8903.2285   13.3150
   -7.5000  -22.5000  -37.500010098.9541   13.1994
    0.0000  -22.5000  -37.500010521.7451   13.2441
    7.5000  -22.5000  -37.500010004.8027   13.2580
   -7.5000  -15.0000  -37.500011149.4658   13.1722
    0.0000  -15.0000  -37.500011596.1973   13.2239
    7.5000  -15.0000  -37.500011028.8428   13.2417
   -7.5000   -7.5000  -37.500012161.5361   13.1546
    0.0000   -7.5000  -37.500012634.7549   13.2113
    7.5000   -7.5000  -37.500012013.8115   13.2299
   -7.5000    0.0000  -37.500013132.7832   13.1487
    0.0000    0.0000  -37.500013631.5049   13.2041
    7.5000    0.0000  -37.500012933.6055   13.2197
   -7.5000    7.5000  -37.500013079.6670   13.1461
    0.0000    7.5000  -37.500013544.3467   13.1935
    7.5000    7.5000  -37.500012846.4727   13.2053
   -7.5000   15.0000  -37.500012877.7959   13.1441
    0.0000   15.0000  -37.500013343.5156   13.1862
    7.5000   15.0000  -37.500012650.4961   13.1968
   -7.5000   22.5000  -37.500012569.6270   13.1427
    0.0000   22.5000  -37.500013029.4346   13.1876
    7.5000   22.5000  -37.500012346.0234   13.2011
   -7.5000   30.0000  -37.500012075.0918   12.9731
    0.0000   30.0000  -37.500012528.2451   13.0242
    7.5000   30.0000  -37.500011850.5000   13.0417
   -7.5000   37.5000  -37.500011944.7363   12.9745
    0.0000   37.5000  -37.500012377.5000   13.0306
    7.5000   37.5000  -37.500011725.1807   13.0489
   -7.5000   45.0000  -37.500011307.1992   12.6441
    0.0000   45.0000  -37.500011693.4932   12.6973
    7.5000   45.0000  -37.500011107.7715   12.7124
   -7.5000  -45.0000  -30.0000 7539.0986   14.2700
    0.0000  -45.0000  -30.0000 7858.8818   14.3297
    7.5000  -45.0000  -30.0000 7489.5713   14.3416
   -7.5000  -37.5000  -30.0000 8371.2383   14.0042
    0.0000  -37.5000  -30.0000 8712.6582   14.0564
    7.5000  -37.5000  -30.0000 8301.3154   14.0637
   -7.5000  -30.0000  -30.0000 9557.6943   13.8080
    0.0000  -30.0000  -30.0000 9956.6631   13.8539
    7.5000  -30.0000  -30.0000 9478.6270   13.8601
   -7.5000  -22.5000  -30.000010748.6260   13.7358
    0.0000  -22.5000  -30.000011183.5898   13.7827
    7.5000  -22.5000  -30.000010641.0469   13.7920
   -7.5000  -15.0000  -30.000011846.2334   13.7041
    0.0000  -15.0000  -30.000012345.6523   13.7560
    7.5000  -15.0000  -30.000011735.3955   13.7692
   -7.5000   -7.5000  -30.000012928.7080   13.6910
    0.0000   -7.5000  -30.000013466.4004   13.7482
    7.5000   -7.5000  -30.000012767.4941   13.7616
   -7.5000    0.0000  -30.000013966.5576   13.6931
    0.0000    0.0000  -30.000014520.4180   13.7506
    7.5000    0.0000  -30.000013743.5566   13.7602
   -7.5000    7.5000  -30.000013879.3262   13.6923
    0.0000    7.5000  -30.000014413.2090   13.7435
    7.5000    7.5000  -30.000013603.0977   13.7496
   -7.5000   15.0000  -30.000013636.7109   13.6852
    0.0000   15.0000  -30.000014169.7793   13.7314
    7.5000   15.0000  -30.000013362.3018   13.7372
   -7.5000   22.5000  -30.000013303.7227   13.6753
    0.0000   22.5000  -30.000013857.8262   13.7225
    7.5000   22.5000  -30.000013030.7461   13.7315
   -7.5000   30.0000  -30.000012805.6172   13.4985
    0.0000   30.0000  -30.000013337.3438   13.5499
    7.5000   30.0000  -30.000012541.4697   13.5628
   -7.5000   37.5000  -30.000012649.9814   13.5050
    0.0000   37.5000  -30.000013142.7178   13.5615
    7.5000   37.5000  -30.000012388.5576   13.5747
   -7.5000   45.0000  -30.000011897.9229   13.1772
    0.0000   45.0000  -30.000012341.1689   13.2326
    7.5000   45.0000  -30.000011687.4336   13.2418
   -7.5000  -45.0000  -22.5000 7976.3237   14.7696
    0.0000  -45.0000  -22.5000 8292.4854   14.8331
    7.5000  -45.0000  -22.5000 7894.8198   14.8433
   -7.5000  -37.5000  -22.5000 8862.4268   14.4911
    0.0000  -37.5000  -22.5000 9208.2959   14.5483
    7.5000  -37.5000  -22.5000 8768.5986   14.5527
   -7.5000  -30.0000  -22.500010088.1475   14.2880
    0.0000  -30.0000  -22.500010496.9453   14.3374
    7.5000  -30.0000  -22.500010004.8711   14.3402
   -7.5000  -22.5000  -22.500011344.2119   14.2166
    0.0000  -22.5000  -22.500011809.5557   14.2648
    7.5000  -22.5000  -22.500011239.3359   14.2707
   -7.5000  -15.0000  -22.500012529.5078   14.1861
    0.0000  -15.0000  -22.500013044.3711   14.2376
    7.5000  -15.0000  -22.500012420.0137   14.2482
   -7.5000   -7.5000  -22.500013652.2539   14.1713
    0.0000   -7.5000  -22.500014216.4375   14.2294
    7.5000   -7.5000  -22.500013492.1885   14.2407
   -7.5000    0.0000  -22.500014758.5234   14.1712
    0.0000    0.0000  -22.500015333.8193   14.2324
    7.5000    0.0000  -22.500014504.8545   14.2401
   -7.5000    7.5000  -22.500014614.9395   14.1682
    0.0000    7.5000  -22.500015203.8887   14.2242
    7.5000    7.5000  -22.500014312.1162   14.2277
   -7.5000   15.0000  -22.500014325.1123   14.1607
    0.0000   15.0000  -22.500014930.1318   14.2104
    7.5000   15.0000  -22.500014033.1074   14.2129
   -7.5000   22.5000  -22.500013991.1152   14.1526
    0.0000   22.5000  -22.500014617.5166   14.2010
    7.5000   22.5000  -22.500013691.6025   14.2067
   -7.5000   30.0000  -22.500013497.8867   13.9752
    0.0000   30.0000  -22.500014107.4619   14.0262
    7.5000   30.0000  -22.500013193.6621   14.0365
   -7.5000   37.5000  -22.500013302.0479   13.9809
    0.0000   37.5000  -22.500013887.8262   14.0383
    7.5000   37.5000  -22.500013009.1738   14.0495
   -7.5000   45.0000  -22.500012488.6748   13.6476
    0.0000   45.0000  -22.500012992.0508   13.7065
    7.5000   45.0000  -22.500012232.2822   13.7139
   -7.5000  -45.0000  -15.0000 8384.9795   15.1353
    0.0000  -45.0000  -15.0000 8682.2197   15.2017
    7.5000  -45.0000  -15.0000 8277.7285   15.2162
   -7.5000  -37.5000  -15.0000 9306.2012   14.8446
    0.0000  -37.5000  -15.0000 9641.5850   14.9044
    7.5000  -37.5000  -15.0000 9191.6152   14.9116
   -7.5000  -30.0000  -15.000010589.3096   14.6416
    0.0000  -30.0000  -15.000010991.7754   14.6927
    7.5000  -30.0000  -15.000010486.3281   14.6965
   -7.5000  -22.5000  -15.000011929.6094   14.5791
    0.0000  -22.5000  -15.000012390.8301   14.6286
    7.5000  -22.5000  -15.000011810.3779   14.6353
   -7.5000  -15.0000  -15.000013181.1992   14.5529
    0.0000  -15.0000  -15.000013705.3145   14.6061
    7.5000  -15.0000  -15.000013038.8418   14.6184
   -7.5000   -7.5000  -15.000014360.4160   14.5310
    0.0000   -7.5000  -15.000014940.9395   14.5913
    7.5000   -7.5000  -15.000014151.5273   14.6056
   -7.5000    0.0000  -15.000015512.7295   14.5205
    0.0000    0.0000  -15.000016148.2871   14.5846
    7.5000    0.0000  -15.000015219.7773   14.5962
   -7.5000    7.5000  -15.000015399.7734   14.5135
    0.0000    7.5000  -15.000016076.2148   14.5721
    7.5000    7.5000  -15.000015050.1836   14.5783
   -7.5000   15.0000  -15.000015053.6973   14.5111
    0.0000   15.0000  -15.000015768.0439   14.5624
    7.5000   15.0000  -15.000014709.6816   14.5657
   -7.5000   22.5000  -15.000014694.0479   14.5124
    0.0000   22.5000  -15.000015423.8350   14.5620
    7.5000   22.5000  -15.000014354.2402   14.5685
   -7.5000   30.0000  -15.000014178.0889   14.3381
    0.0000   30.0000  -15.000014887.0303   14.3907
    7.5000   30.0000  -15.000013828.4902   14.4027
   -7.5000   37.5000  -15.000013965.9043   14.3377
    0.0000   37.5000  -15.000014650.5518   14.3973
    7.5000   37.5000  -15.000013610.6904   14.4114
   -7.5000   45.0000  -15.000013120.7969   13.9924
    0.0000   45.0000  -15.000013701.2012   14.0542
    7.5000   45.0000  -15.000012780.8877   14.0653
   -7.5000  -45.0000   -7.5000 8766.9434   15.3109
    0.0000  -45.0000   -7.5000 9073.8057   15.3782
    7.5000  -45.0000   -7.5000 8641.9004   15.3990
   -7.5000  -37.5000   -7.5000 9734.0869   15.0160
    0.0000  -37.5000   -7.500010088.1338   15.0748
    7.5000  -37.5000   -7.5000 9597.5449   15.0879
   -7.5000  -30.0000   -7.500011089.4082   14.8161
    0.0000  -30.0000   -7.500011511.8203   14.8657
    7.5000  -30.0000   -7.500010946.9658   14.8745
   -7.5000  -22.5000   -7.500012513.7344   14.7586
    0.0000  -22.5000   -7.500012999.3018   14.8090
    7.5000  -22.5000   -7.500012345.1279   14.8207
   -7.5000  -15.0000   -7.500013819.0352   14.7344
    0.0000  -15.0000   -7.500014389.7344   14.7907
    7.5000  -15.0000   -7.500013630.2500   14.8082
   -7.5000   -7.5000   -7.500015025.5850   14.7068
    0.0000   -7.5000   -7.500015650.8232   14.7702
    7.5000   -7.5000   -7.500014791.3584   14.7902
   -7.5000    0.0000   -7.500016187.8252   14.6888
    0.0000    0.0000   -7.500016899.4043   14.7539
    7.5000    0.0000   -7.500015891.9346   14.7715
   -7.5000    7.5000   -7.500016194.9756   14.6810
    0.0000    7.5000   -7.500017046.7559   14.7385
    7.5000    7.5000   -7.500015808.3496   14.7504
   -7.5000   15.0000   -7.500015966.0859   14.6840
    0.0000   15.0000   -7.500016895.2051   14.7339
    7.5000   15.0000   -7.500015543.9541   14.7421
   -7.5000   22.5000   -7.500015571.1201   14.6897
    0.0000   22.5000   -7.500016459.5879   14.7402
    7.5000   22.5000   -7.500015121.9785   14.7514
   -7.5000   30.0000   -7.500014969.5332   14.5163
    0.0000   30.0000   -7.500015778.1836   14.5720
    7.5000   30.0000   -7.500014499.1777   14.5891
   -7.5000   37.5000   -7.500014746.9521   14.5107
    0.0000   37.5000   -7.500015500.8047   14.5733
    7.5000   37.5000   -7.500014254.8604   14.5930
   -7.5000   45.0000   -7.500013796.9062   14.1572
    0.0000   45.0000   -7.500014469.4766   14.2200
    7.5000   45.0000   -7.500013368.2324   14.2370
   -7.5000  -45.0000    0.0000 9025.7402   15.3270
    0.0000  -45.0000    0.0000 9365.8086   15.3930
    7.5000  -45.0000    0.0000 8919.9258   15.4172
   -7.5000  -37.5000    0.000010066.7930   15.0347
    0.0000  -37.5000    0.000010458.2031   15.0902
    7.5000  -37.5000    0.0000 9943.7754   15.1075
   -7.5000  -30.0000    0.000011499.1270   14.8344
    0.0000  -30.0000    0.000011953.1309   14.8810
    7.5000  -30.0000    0.000011358.9062   14.8948
   -7.5000  -22.5000    0.000012967.5254   14.7738
    0.0000  -22.5000    0.000013497.7617   14.8237
    7.5000  -22.5000    0.000012781.3564   14.8401
   -7.5000  -15.0000    0.000014323.8789   14.7480
    0.0000  -15.0000    0.000014956.6260   14.8061
    7.5000  -15.0000    0.000014116.1064   14.8278
   -7.5000   -7.5000    0.000015569.3857   14.7217
    0.0000   -7.5000    0.000016305.5176   14.7865
    7.5000   -7.5000    0.000015335.7051   14.8101
   -7.5000    0.0000    0.000016773.5957   14.7056
    0.0000    0.0000    0.000017592.9844   14.7694
    7.5000    0.0000    0.000016464.2422   14.7905
   -7.5000    7.5000    0.000016941.0156   14.6996
    0.0000    7.5000    0.000017973.1680   14.7539
    7.5000    7.5000    0.000016439.9863   14.7698
   -7.5000   15.0000    0.000016845.0977   14.7025
    0.0000   15.0000    0.000017933.3379   14.7495
    7.5000   15.0000    0.000016223.4346   14.7625
   -7.5000   22.5000    0.000016408.0664   14.7053
    0.0000   22.5000    0.000017379.9395   14.7553
    7.5000   22.5000    0.000015777.3936   14.7712
   -7.5000   30.0000    0.000015653.4922   14.5304
    0.0000   30.0000    0.000016500.3242   14.5879
    7.5000   30.0000    0.000015088.4609   14.6090
   -7.5000   37.5000    0.000015328.2021   14.5258
    0.0000   37.5000    0.000016129.9727   14.5897
    7.5000   37.5000    0.000014836.0332   14.6131
   -7.5000   45.0000    0.000014295.3555   14.1745
    0.0000   45.0000    0.000015015.7295   14.2360
    7.5000   45.0000    0.000013898.3135   14.2563
   -7.5000  -45.0000    7.5000 8540.9688   15.3342
    0.0000  -45.0000    7.5000 8904.5664   15.3983
    7.5000  -45.0000    7.5000 8467.4512   15.4187
   -7.5000  -37.5000    7.5000 9579.0146   15.0462
    0.0000  -37.5000    7.500010009.6826   15.1003
    7.5000  -37.5000    7.5000 9462.8281   15.1150
   -7.5000  -30.0000    7.500010965.7393   14.8406
    0.0000  -30.0000    7.500011468.9023   14.8873
    7.5000  -30.0000    7.500010840.8604   14.8999
   -7.5000  -22.5000    7.500012392.2773   14.7705
    0.0000  -22.5000    7.500012939.8438   14.8206
    7.5000  -22.5000    7.500012226.4277   14.8360
   -7.5000  -15.0000    7.500013709.8340   14.7400
    0.0000  -15.0000    7.500014354.5518   14.7978
    7.5000  -15.0000    7.500013521.4463   14.8178
   -7.5000   -7.5000    7.500014954.9463   14.7203
    0.0000   -7.5000    7.500015684.7891   14.7838
    7.5000   -7.5000    7.500014718.0732   14.8046
   -7.5000    0.0000    7.500016133.2930   14.7138
    0.0000    0.0000    7.500016962.6348   14.7757
    7.5000    0.0000    7.500015866.2627   14.7932
   -7.5000    7.5000    7.500016164.3594   14.7109
    0.0000    7.5000    7.500017090.6855   14.7639
    7.5000    7.5000    7.500015867.2920   14.7771
   -7.5000   15.0000    7.500015905.2734   14.7086
    0.0000   15.0000    7.500016779.8535   14.7557
    7.5000   15.0000    7.500015606.4805   14.7676
   -7.5000   22.5000    7.500015480.8721   14.7023
    0.0000   22.5000    7.500016305.9502   14.7525
    7.5000   22.5000    7.500015197.0664   14.7676
   -7.5000   30.0000    7.500014841.2461   14.5229
    0.0000   30.0000    7.500015614.6299   14.5801
    7.5000   30.0000    7.500014581.6406   14.5997
   -7.5000   37.5000    7.500014575.2715   14.5245
    0.0000   37.5000    7.500015342.0000   14.5872
    7.5000   37.5000    7.500014325.4600   14.6077
   -7.5000   45.0000    7.500013601.8379   14.1824
    0.0000   45.0000    7.500014304.8799   14.2421
    7.5000   45.0000    7.500013380.3652   14.2590
   -7.5000  -45.0000   15.0000 7953.1357   15.3653
    0.0000  -45.0000   15.0000 8336.1494   15.4292
    7.5000  -45.0000   15.0000 7890.6289   15.4421
   -7.5000  -37.5000   15.0000 8973.9521   15.0800
    0.0000  -37.5000   15.0000 9397.7197   15.1361
    7.5000  -37.5000   15.0000 8869.0430   15.1440
   -7.5000  -30.0000   15.000010304.0879   14.8684
    0.0000  -30.0000   15.000010776.9785   14.9175
    7.5000  -30.0000   15.000010197.9697   14.9243
   -7.5000  -22.5000   15.000011647.3203   14.7902
    0.0000  -22.5000   15.000012167.7920   14.8405
    7.5000  -22.5000   15.000011519.3926   14.8505
   -7.5000  -15.0000   15.000012874.8740   14.7558
    0.0000  -15.0000   15.000013481.9629   14.8113
    7.5000  -15.0000   15.000012739.1113   14.8256
   -7.5000   -7.5000   15.000014065.0117   14.7416
    0.0000   -7.5000   15.000014691.7881   14.8028
    7.5000   -7.5000   15.000013907.5137   14.8173
   -7.5000    0.0000   15.000015162.8086   14.7440
    0.0000    0.0000   15.000015849.0908   14.8056
    7.5000    0.0000   15.000015030.8799   14.8161
   -7.5000    7.5000   15.000015114.1768   14.7433
    0.0000    7.5000   15.000015878.2012   14.7982
    7.5000    7.5000   15.000015011.2939   14.8049
   -7.5000   15.0000   15.000014804.0645   14.7358
    0.0000   15.0000   15.000015520.1172   14.7853
    7.5000   15.0000   15.000014730.2783   14.7916
   -7.5000   22.5000   15.000014393.8848   14.7217
    0.0000   22.5000   15.000015091.0586   14.7722
    7.5000   22.5000   15.000014320.1396   14.7820
   -7.5000   30.0000   15.000013853.8125   14.5387
    0.0000   30.0000   15.000014503.8975   14.5936
    7.5000   30.0000   15.000013756.2920   14.6076
   -7.5000   37.5000   15.000013683.1602   14.5455
    0.0000   37.5000   15.000014303.0957   14.6060
    7.5000   37.5000   15.000013558.4941   14.6204
   -7.5000   45.0000   15.000012827.0586   14.2115
    0.0000   45.0000   15.000013386.2656   14.2709
    7.5000   45.0000   15.000012687.5410   14.2810
   -7.5000  -45.0000   22.5000 7343.8179   15.5130
    0.0000  -45.0000   22.5000 7700.6670   15.5794
    7.5000  -45.0000   22.5000 7257.9668   15.5905
   -7.5000  -37.5000   22.5000 8302.1650   15.2215
    0.0000  -37.5000   22.5000 8707.3115   15.2815
    7.5000  -37.5000   22.5000 8193.3320   15.2867
   -7.5000  -30.0000   22.5000 9542.6562   15.0058
    0.0000  -30.0000   22.5000 9990.8965   15.0576
    7.5000  -30.0000   22.5000 9438.3242   15.0610
   -7.5000  -22.5000   22.500010773.0605   14.9296
    0.0000  -22.5000   22.500011256.0742   14.9800
    7.5000  -22.5000   22.500010663.9512   14.9866
   -7.5000  -15.0000   22.500011919.9102   14.8968
    0.0000  -15.0000   22.500012415.6104   14.9505
    7.5000  -15.0000   22.500011811.5078   14.9620
   -7.5000   -7.5000   22.500013012.8340   14.8811
    0.0000   -7.5000   22.500013503.6348   14.9417
    7.5000   -7.5000   22.500012892.6602   14.9540
   -7.5000    0.0000   22.500014018.4092   14.8813
    0.0000    0.0000   22.500014602.9922   14.9454
    7.5000    0.0000   22.500013945.5049   14.9539
   -7.5000    7.5000   22.500013977.8438   14.8785
    0.0000    7.5000   22.500014576.9014   14.9372
    7.5000    7.5000   22.500013905.1934   14.9413
   -7.5000   15.0000   22.500013723.6094   14.8706
    0.0000   15.0000   22.500014287.1592   14.9228
    7.5000   15.0000   22.500013649.3154   14.9257
   -7.5000   22.5000   22.500013366.1602   14.8594
    0.0000   22.5000   22.500013929.3223   14.9101
    7.5000   22.5000   22.500013281.3857   14.9164
   -7.5000   30.0000   22.500012882.2080   14.6771
    0.0000   30.0000   22.500013423.4570   14.7302
    7.5000   30.0000   22.500012763.6738   14.7414
   -7.5000   37.5000   22.500012754.6592   14.6832
    0.0000   37.5000   22.500013271.5176   14.7430
    7.5000   37.5000   22.500012594.5400   14.7551
   -7.5000   45.0000   22.500011993.8760   14.3439
    0.0000   45.0000   22.500012461.9766   14.4056
    7.5000   45.0000   22.500011823.8779   14.4138
   -7.5000  -45.0000   30.0000 6686.9268   15.7608
    0.0000  -45.0000   30.0000 6992.5596   15.8299
    7.5000  -45.0000   30.0000 6589.1460   15.8441
   -7.5000  -37.5000   30.0000 7555.0229   15.4570
    0.0000  -37.5000   30.0000 7893.7100   15.5191
    7.5000  -37.5000   30.0000 7459.9258   15.5259
   -7.5000  -30.0000   30.0000 8690.8311   15.2398
    0.0000  -30.0000   30.0000 9062.5635   15.2924
    7.5000  -30.0000   30.0000 8592.5723   15.2956
   -7.5000  -22.5000   30.0000 9799.8330   15.1728
    0.0000  -22.5000   30.000010202.7607   15.2236
    7.5000  -22.5000   30.0000 9703.9287   15.2296
   -7.5000  -15.0000   30.000010857.0352   15.1452
    0.0000  -15.0000   30.000011259.6201   15.1998
    7.5000  -15.0000   30.000010760.2939   15.2114
   -7.5000   -7.5000   30.000011879.7969   15.1223
    0.0000   -7.5000   30.000012285.3691   15.1846
    7.5000   -7.5000   30.000011777.1191   15.1985
   -7.5000    0.0000   30.000012845.7920   15.1112
    0.0000    0.0000   30.000013324.7432   15.1779
    7.5000    0.0000   30.000012757.6250   15.1891
   -7.5000    7.5000   30.000012796.8369   15.1034
    0.0000    7.5000   30.000013290.3682   15.1642
    7.5000    7.5000   30.000012709.9805   15.1700
   -7.5000   15.0000   30.000012571.0254   15.1003
    0.0000   15.0000   30.000013054.3223   15.1533
    7.5000   15.0000   30.000012478.0918   15.1559
   -7.5000   22.5000   30.000012247.3652   15.1000
    0.0000   22.5000   30.000012743.1250   15.1510
    7.5000   22.5000   30.000012158.2451   15.1567
   -7.5000   30.0000   30.000011802.3301   14.9209
    0.0000   30.0000   30.000012285.2900   14.9749
    7.5000   30.0000   30.000011688.8184   14.9863
   -7.5000   37.5000   30.000011709.4053   14.9210
    0.0000   37.5000   30.000012166.9941   14.9825
    7.5000   37.5000   30.000011559.1064   14.9962
   -7.5000   45.0000   30.000011046.2598   14.5655
    0.0000   45.0000   30.000011464.5420   14.6297
    7.5000   45.0000   30.000010893.7139   14.6405
   -7.5000  -45.0000   37.5000 6279.0107   16.1657
    0.0000  -45.0000   37.5000 6567.7632   16.2359
    7.5000  -45.0000   37.5000 6193.3745   16.2589
   -7.5000  -37.5000   37.5000 7090.8154   15.8488
    0.0000  -37.5000   37.5000 7415.6396   15.9089
    7.5000  -37.5000   37.5000 7018.2861   15.9238
   -7.5000  -30.0000   37.5000 8175.6401   15.6292
    0.0000  -30.0000   37.5000 8525.3721   15.6789
    7.5000  -30.0000   37.5000 8089.8926   15.6895
   -7.5000  -22.5000   37.5000 9238.2646   15.5663
    0.0000  -22.5000   37.5000 9611.1475   15.6172
    7.5000  -22.5000   37.5000 9158.0605   15.6309
   -7.5000  -15.0000   37.500010254.2568   15.5392
    0.0000  -15.0000   37.500010629.6562   15.5973
    7.5000  -15.0000   37.500010157.8428   15.6170
   -7.5000   -7.5000   37.500011251.8740   15.5075
    0.0000   -7.5000   37.500011636.2598   15.5736
    7.5000   -7.5000   37.500011135.4863   15.5958
   -7.5000    0.0000   37.500012177.0078   15.4866
    0.0000    0.0000   37.500012615.2031   15.5544
    7.5000    0.0000   37.500012063.4268   15.5739
   -7.5000    7.5000   37.500012138.5020   15.4782
    0.0000    7.5000   37.500012582.1172   15.5370
    7.5000    7.5000   37.500012024.0762   15.5505
   -7.5000   15.0000   37.500011917.6934   15.4826
    0.0000   15.0000   37.500012368.8887   15.5327
    7.5000   15.0000   37.500011815.3584   15.5425
   -7.5000   22.5000   37.500011612.7744   15.4901
    0.0000   22.5000   37.500012083.7236   15.5413
    7.5000   22.5000   37.500011515.3213   15.5544
   -7.5000   30.0000   37.500011208.5273   15.3082
    0.0000   30.0000   37.500011667.5127   15.3657
    7.5000   30.0000   37.500011100.2148   15.3849
   -7.5000   37.5000   37.500011124.2686   15.3009
    0.0000   37.5000   37.500011562.3330   15.3661
    7.5000   37.5000   37.500011009.0693   15.3880
   -7.5000   45.0000   37.500010519.1006   14.9273
    0.0000   45.0000   37.500010930.8379   14.9926
    7.5000   45.0000   37.500010398.2451   15.0114
   -7.5000  -45.0000   45.0000 5655.5698   16.6615
    0.0000  -45.0000   45.0000 5933.8975   16.7321
    7.5000  -45.0000   45.0000 5585.4082   16.7548
   -7.5000  -37.5000   45.0000 6394.7871   16.3275
    0.0000  -37.5000   45.0000 6696.2241   16.3867
    7.5000  -37.5000   45.0000 6329.4146   16.4028
   -7.5000  -30.0000   45.0000 7382.3477   16.0926
    0.0000  -30.0000   45.0000 7690.6372   16.1424
    7.5000  -30.0000   45.0000 7303.4561   16.1551
   -7.5000  -22.5000   45.0000 8355.0332   16.0211
    0.0000  -22.5000   45.0000 8688.0283   16.0745
    7.5000  -22.5000   45.0000 8278.9004   16.0901
   -7.5000  -15.0000   45.0000 9278.5176   15.9921
    0.0000  -15.0000   45.0000 9632.5400   16.0543
    7.5000  -15.0000   45.0000 9195.7510   16.0747
   -7.5000   -7.5000   45.000010198.8740   15.9625
    0.0000   -7.5000   45.000010579.2002   16.0315
    7.5000   -7.5000   45.000010093.2246   16.0536
   -7.5000    0.0000   45.000011067.3896   15.9433
    0.0000    0.0000   45.000011484.1514   16.0113
    7.5000    0.0000   45.000010936.2344   16.0307
   -7.5000    7.5000   45.000011023.1621   15.9345
    0.0000    7.5000   45.000011453.7061   15.9924
    7.5000    7.5000   45.000010917.8994   16.0068
   -7.5000   15.0000   45.000010822.0566   15.9365
    0.0000   15.0000   45.000011248.5127   15.9867
    7.5000   15.0000   45.000010720.0635   15.9986
   -7.5000   22.5000   45.000010561.2051   15.9406
    0.0000   22.5000   45.000010996.0801   15.9943
    7.5000   22.5000   45.000010455.2998   16.0092
   -7.5000   30.0000   45.000010216.1133   15.7521
    0.0000   30.0000   45.000010631.5205   15.8136
    7.5000   30.0000   45.000010095.5459   15.8336
   -7.5000   37.5000   45.000010152.0117   15.7481
    0.0000   37.5000   45.000010556.1943   15.8162
    7.5000   37.5000   45.000010030.7295   15.8380
   -7.5000   45.0000   45.0000 9599.3848   15.3745
    0.0000   45.0000   45.0000 9993.0273   15.4400
    7.5000   45.0000   45.0000 9492.5049   15.4587

---------------------------------------------------------------------
imgreg_4dfp /opt/freesurfer/average/711-2C_as_mni_average_305 /opt/freesurfer/average/711-2B_as_mni_average_305_mask talsrcimg_g11 none talsrcimg_to_711-2C_as_mni_average_305_t4 4355
---------------------------------------------------------------------

freesurfer imgreg_4dfp.c
/opt/freesurfer/average/711-2C_as_mni_average_305.4dfp.img
       256       256       256         1
  1.000000  1.000000  1.000000
orientation T byte_order littleendian
Reading image: /opt/freesurfer/average/711-2C_as_mni_average_305.4dfp.img
dimensions:      256       256       256
mmppix:       1.0000   -1.0000   -1.0000
center:     128.0000 -129.0000 -129.0000
/opt/freesurfer/average/711-2B_as_mni_average_305_mask.4dfp.img
       256       256       256         1
  1.000000  1.000000  1.000000
orientation T byte_order littleendian
Reading mask: /opt/freesurfer/average/711-2B_as_mni_average_305_mask.4dfp.img (2306576 pixels)
talsrcimg_g11.4dfp.img
       256       256       256         1
  1.000000  1.000000  1.000000
orientation T byte_order littleendian
Reading image: talsrcimg_g11.4dfp.img
dimensions:      256       256       256
mmppix:       1.0000   -1.0000   -1.0000
center:     128.0000 -129.0000 -129.0000
rotation matrix determinant  1.000000
image alignment mode   4355 decimal     1103 hex
   -7.5000  -37.5000  -45.0000 2003.2241   17.7840
    0.0000  -37.5000  -45.0000 2010.5438   17.8674
    7.5000  -37.5000  -45.0000 1995.1777   18.0502
   -7.5000  -30.0000  -45.0000 2133.6917   15.8535
    0.0000  -30.0000  -45.0000 2141.5039   15.8702
    7.5000  -30.0000  -45.0000 2119.9023   16.0616
   -7.5000  -22.5000  -45.0000 2253.1106   14.3231
    0.0000  -22.5000  -45.0000 2259.7441   14.3051
    7.5000  -22.5000  -45.0000 2236.9399   14.4781
   -7.5000  -15.0000  -45.0000 2349.1711   13.0736
    0.0000  -15.0000  -45.0000 2356.4136   13.0287
    7.5000  -15.0000  -45.0000 2333.4814   13.2176
   -7.5000   -7.5000  -45.0000 2425.9131   12.1297
    0.0000   -7.5000  -45.0000 2433.9685   12.1034
    7.5000   -7.5000  -45.0000 2410.2556   12.2799
   -7.5000    0.0000  -45.0000 2471.7510   11.5633
    0.0000    0.0000  -45.0000 2480.1692   11.5372
    7.5000    0.0000  -45.0000 2453.3469   11.6890
   -7.5000    7.5000  -45.0000 2499.4546   11.2679
    0.0000    7.5000  -45.0000 2508.5264   11.2109
    7.5000    7.5000  -45.0000 2480.5471   11.3618
   -7.5000   15.0000  -45.0000 2508.3247   11.1390
    0.0000   15.0000  -45.0000 2516.3630   11.0765
    7.5000   15.0000  -45.0000 2493.1846   11.2374
   -7.5000   22.5000  -45.0000 2501.5571   11.2139
    0.0000   22.5000  -45.0000 2511.0220   11.1534
    7.5000   22.5000  -45.0000 2485.9880   11.3337
   -7.5000   30.0000  -45.0000 2473.1833   11.4956
    0.0000   30.0000  -45.0000 2479.6787   11.4534
    7.5000   30.0000  -45.0000 2449.5073   11.6432
   -7.5000   37.5000  -45.0000 2418.2451   12.0006
    0.0000   37.5000  -45.0000 2425.9990   11.9778
    7.5000   37.5000  -45.0000 2394.3240   12.1824
   -7.5000   45.0000  -45.0000 2338.6587   12.7365
    0.0000   45.0000  -45.0000 2348.6494   12.7118
    7.5000   45.0000  -45.0000 2321.6040   12.8975
   -7.5000   52.5000  -45.0000 2223.5576   13.6237
    0.0000   52.5000  -45.0000 2233.3594   13.5926
    7.5000   52.5000  -45.0000 2210.3916   13.7832
   -7.5000  -37.5000  -37.5000 2050.7581   16.8713
    0.0000  -37.5000  -37.5000 2059.9180   16.9277
    7.5000  -37.5000  -37.5000 2043.3920   17.1564
   -7.5000  -30.0000  -37.5000 2191.6855   15.0329
    0.0000  -30.0000  -37.5000 2201.1262   15.0348
    7.5000  -30.0000  -37.5000 2180.3408   15.2280
   -7.5000  -22.5000  -37.5000 2313.8669   13.5350
    0.0000  -22.5000  -37.5000 2323.4644   13.5224
    7.5000  -22.5000  -37.5000 2299.1885   13.6918
   -7.5000  -15.0000  -37.5000 2409.9668   12.3218
    0.0000  -15.0000  -37.5000 2418.6282   12.2872
    7.5000  -15.0000  -37.5000 2398.6560   12.4699
   -7.5000   -7.5000  -37.5000 2491.0195   11.4476
    0.0000   -7.5000  -37.5000 2498.4072   11.3921
    7.5000   -7.5000  -37.5000 2479.7075   11.5529
   -7.5000    0.0000  -37.5000 2552.3645   10.8483
    0.0000    0.0000  -37.5000 2560.3120   10.8034
    7.5000    0.0000  -37.5000 2541.3499   10.9352
   -7.5000    7.5000  -37.5000 2587.6023   10.5425
    0.0000    7.5000  -37.5000 2592.9792   10.4799
    7.5000    7.5000  -37.5000 2574.1396   10.6119
   -7.5000   15.0000  -37.5000 2598.3035   10.4198
    0.0000   15.0000  -37.5000 2607.4814   10.3663
    7.5000   15.0000  -37.5000 2584.9690   10.4963
   -7.5000   22.5000  -37.5000 2591.5576   10.5049
    0.0000   22.5000  -37.5000 2601.7175   10.4391
    7.5000   22.5000  -37.5000 2576.6790   10.5956
   -7.5000   30.0000  -37.5000 2561.9949   10.7486
    0.0000   30.0000  -37.5000 2574.1980   10.7044
    7.5000   30.0000  -37.5000 2544.8572   10.8704
   -7.5000   37.5000  -37.5000 2508.7488   11.2180
    0.0000   37.5000  -37.5000 2519.6633   11.1749
    7.5000   37.5000  -37.5000 2491.0237   11.3701
   -7.5000   45.0000  -37.5000 2424.9685   11.8843
    0.0000   45.0000  -37.5000 2436.1067   11.8538
    7.5000   45.0000  -37.5000 2411.6809   12.0410
   -7.5000   52.5000  -37.5000 2300.2827   12.6971
    0.0000   52.5000  -37.5000 2312.8491   12.6561
    7.5000   52.5000  -37.5000 2292.3647   12.8445
   -7.5000  -37.5000  -30.0000 2127.5293   16.7013
    0.0000  -37.5000  -30.0000 2137.8801   16.7463
    7.5000  -37.5000  -30.0000 2118.9475   16.9725
   -7.5000  -30.0000  -30.0000 2274.1816   14.8318
    0.0000  -30.0000  -30.0000 2284.3074   14.8335
    7.5000  -30.0000  -30.0000 2265.4167   15.0203
   -7.5000  -22.5000  -30.0000 2404.7305   13.3144
    0.0000  -22.5000  -30.0000 2411.7458   13.2915
    7.5000  -22.5000  -30.0000 2392.6995   13.4485
   -7.5000  -15.0000  -30.0000 2508.4092   12.0796
    0.0000  -15.0000  -30.0000 2516.0386   12.0698
    7.5000  -15.0000  -30.0000 2502.7590   12.2249
   -7.5000   -7.5000  -30.0000 2599.2927   11.1694
    0.0000   -7.5000  -30.0000 2607.9775   11.1472
    7.5000   -7.5000  -30.0000 2592.7312   11.2847
   -7.5000    0.0000  -30.0000 2673.0464   10.5405
    0.0000    0.0000  -30.0000 2682.8716   10.5231
    7.5000    0.0000  -30.0000 2667.1897   10.6233
   -7.5000    7.5000  -30.0000 2713.7598   10.2015
    0.0000    7.5000  -30.0000 2725.0405   10.1727
    7.5000    7.5000  -30.0000 2705.3186   10.2484
   -7.5000   15.0000  -30.0000 2735.2944   10.0748
    0.0000   15.0000  -30.0000 2741.9197   10.0282
    7.5000   15.0000  -30.0000 2719.7695   10.1345
   -7.5000   22.5000  -30.0000 2732.6650   10.1488
    0.0000   22.5000  -30.0000 2746.4714   10.1093
    7.5000   22.5000  -30.0000 2717.1184   10.2139
   -7.5000   30.0000  -30.0000 2705.9006   10.4111
    0.0000   30.0000  -30.0000 2718.7451   10.3814
    7.5000   30.0000  -30.0000 2688.1079   10.5186
   -7.5000   37.5000  -30.0000 2649.5457   10.8712
    0.0000   37.5000  -30.0000 2662.0627   10.8397
    7.5000   37.5000  -30.0000 2633.4531   10.9959
   -7.5000   45.0000  -30.0000 2557.6064   11.5135
    0.0000   45.0000  -30.0000 2572.0425   11.4837
    7.5000   45.0000  -30.0000 2545.6233   11.6406
   -7.5000   52.5000  -30.0000 2427.0132   12.3016
    0.0000   52.5000  -30.0000 2434.4814   12.2693
    7.5000   52.5000  -30.0000 2416.0103   12.4336
   -7.5000  -37.5000  -22.5000 2169.5945   16.5443
    0.0000  -37.5000  -22.5000 2178.0261   16.5578
    7.5000  -37.5000  -22.5000 2160.1306   16.8211
   -7.5000  -30.0000  -22.5000 2315.8477   14.5961
    0.0000  -30.0000  -22.5000 2327.2957   14.5954
    7.5000  -30.0000  -22.5000 2309.4958   14.8042
   -7.5000  -22.5000  -22.5000 2449.4907   13.0405
    0.0000  -22.5000  -22.5000 2461.9019   13.0127
    7.5000  -22.5000  -22.5000 2443.5537   13.2078
   -7.5000  -15.0000  -22.5000 2562.4133   11.8216
    0.0000  -15.0000  -22.5000 2573.7764   11.8063
    7.5000  -15.0000  -22.5000 2555.8474   11.9744
   -7.5000   -7.5000  -22.5000 2665.8347   10.8763
    0.0000   -7.5000  -22.5000 2672.7524   10.8590
    7.5000   -7.5000  -22.5000 2655.2874   10.9961
   -7.5000    0.0000  -22.5000 2752.3208   10.2169
    0.0000    0.0000  -22.5000 2760.1714   10.2012
    7.5000    0.0000  -22.5000 2739.1116   10.3261
   -7.5000    7.5000  -22.5000 2807.2585    9.8165
    0.0000    7.5000  -22.5000 2816.1267    9.7926
    7.5000    7.5000  -22.5000 2793.4951    9.8944
   -7.5000   15.0000  -22.5000 2834.6492    9.6577
    0.0000   15.0000  -22.5000 2844.5007    9.6280
    7.5000   15.0000  -22.5000 2818.3074    9.7385
   -7.5000   22.5000  -22.5000 2845.0588    9.7508
    0.0000   22.5000  -22.5000 2858.8462    9.7129
    7.5000   22.5000  -22.5000 2823.7136    9.8326
   -7.5000   30.0000  -22.5000 2816.2629   10.0418
    0.0000   30.0000  -22.5000 2838.0471   10.0077
    7.5000   30.0000  -22.5000 2795.7693   10.1328
   -7.5000   37.5000  -22.5000 2752.2297   10.4972
    0.0000   37.5000  -22.5000 2773.0403   10.4788
    7.5000   37.5000  -22.5000 2736.6667   10.6098
   -7.5000   45.0000  -22.5000 2658.0195   11.0966
    0.0000   45.0000  -22.5000 2674.1028   11.0872
    7.5000   45.0000  -22.5000 2642.2690   11.2436
   -7.5000   52.5000  -22.5000 2521.3391   11.8742
    0.0000   52.5000  -22.5000 2530.9351   11.8602
    7.5000   52.5000  -22.5000 2504.5791   12.0222
   -7.5000  -37.5000  -15.0000 2172.5916   16.4722
    0.0000  -37.5000  -15.0000 2182.2427   16.4289
    7.5000  -37.5000  -15.0000 2169.1804   16.7786
   -7.5000  -30.0000  -15.0000 2317.6609   14.4571
    0.0000  -30.0000  -15.0000 2329.3171   14.4160
    7.5000  -30.0000  -15.0000 2315.1807   14.7021
   -7.5000  -22.5000  -15.0000 2457.6201   12.8636
    0.0000  -22.5000  -15.0000 2467.7268   12.8201
    7.5000  -22.5000  -15.0000 2452.5933   13.0658
   -7.5000  -15.0000  -15.0000 2579.2036   11.6274
    0.0000  -15.0000  -15.0000 2588.1606   11.6097
    7.5000  -15.0000  -15.0000 2569.6733   11.8159
   -7.5000   -7.5000  -15.0000 2687.6514   10.6540
    0.0000   -7.5000  -15.0000 2697.7244   10.6420
    7.5000   -7.5000  -15.0000 2673.5977   10.8004
   -7.5000    0.0000  -15.0000 2786.8010    9.9805
    0.0000    0.0000  -15.0000 2793.7568    9.9580
    7.5000    0.0000  -15.0000 2769.7271   10.0911
   -7.5000    7.5000  -15.0000 2862.0327    9.5606
    0.0000    7.5000  -15.0000 2869.2749    9.5506
    7.5000    7.5000  -15.0000 2845.7249    9.6384
   -7.5000   15.0000  -15.0000 2907.1074    9.3345
    0.0000   15.0000  -15.0000 2921.0493    9.3330
    7.5000   15.0000  -15.0000 2883.5474    9.4274
   -7.5000   22.5000  -15.0000 2919.9712    9.4130
    0.0000   22.5000  -15.0000 2938.1680    9.4108
    7.5000   22.5000  -15.0000 2892.6343    9.5216
   -7.5000   30.0000  -15.0000 2889.1763    9.7248
    0.0000   30.0000  -15.0000 2912.1799    9.7233
    7.5000   30.0000  -15.0000 2859.1648    9.8307
   -7.5000   37.5000  -15.0000 2820.7097   10.1503
    0.0000   37.5000  -15.0000 2843.7021   10.1694
    7.5000   37.5000  -15.0000 2792.5190   10.2904
   -7.5000   45.0000  -15.0000 2723.2273   10.7301
    0.0000   45.0000  -15.0000 2737.1575   10.7533
    7.5000   45.0000  -15.0000 2697.0610   10.8956
   -7.5000   52.5000  -15.0000 2575.5867   11.5101
    0.0000   52.5000  -15.0000 2586.5354   11.4970
    7.5000   52.5000  -15.0000 2558.1555   11.6648
   -7.5000  -37.5000   -7.5000 2162.0793   16.5487
    0.0000  -37.5000   -7.5000 2169.4465   16.4673
    7.5000  -37.5000   -7.5000 2158.5107   16.7886
   -7.5000  -30.0000   -7.5000 2302.5120   14.4290
    0.0000  -30.0000   -7.5000 2312.6230   14.3874
    7.5000  -30.0000   -7.5000 2299.2429   14.6247
   -7.5000  -22.5000   -7.5000 2443.1626   12.7821
    0.0000  -22.5000   -7.5000 2448.8030   12.7499
    7.5000  -22.5000   -7.5000 2436.1741   12.9725
   -7.5000  -15.0000   -7.5000 2565.4932   11.5038
    0.0000  -15.0000   -7.5000 2573.0884   11.5170
    7.5000  -15.0000   -7.5000 2556.4863   11.6933
   -7.5000   -7.5000   -7.5000 2684.0488   10.5183
    0.0000   -7.5000   -7.5000 2687.1008   10.5190
    7.5000   -7.5000   -7.5000 2668.7271   10.6667
   -7.5000    0.0000   -7.5000 2791.5120    9.8010
    0.0000    0.0000   -7.5000 2795.0923    9.8183
    7.5000    0.0000   -7.5000 2777.8359    9.9192
   -7.5000    7.5000   -7.5000 2886.1350    9.3906
    0.0000    7.5000   -7.5000 2894.2756    9.4350
    7.5000    7.5000   -7.5000 2872.7861    9.4595
   -7.5000   15.0000   -7.5000 2949.3201    9.2122
    0.0000   15.0000   -7.5000 2965.4644    9.2678
    7.5000   15.0000   -7.5000 2927.1885    9.2740
   -7.5000   22.5000   -7.5000 2967.8848    9.2568
    0.0000   22.5000   -7.5000 2990.3428    9.3158
    7.5000   22.5000   -7.5000 2936.4697    9.3432
   -7.5000   30.0000   -7.5000 2928.7061    9.5062
    0.0000   30.0000   -7.5000 2952.0176    9.5539
    7.5000   30.0000   -7.5000 2895.7034    9.5928
   -7.5000   37.5000   -7.5000 2856.6726    9.9156
    0.0000   37.5000   -7.5000 2878.2407    9.9337
    7.5000   37.5000   -7.5000 2825.7764   10.0131
   -7.5000   45.0000   -7.5000 2748.3547   10.5118
    0.0000   45.0000   -7.5000 2770.3633   10.5146
    7.5000   45.0000   -7.5000 2725.5715   10.6366
   -7.5000   52.5000   -7.5000 2598.7761   11.2824
    0.0000   52.5000   -7.5000 2612.3850   11.2636
    7.5000   52.5000   -7.5000 2582.5024   11.3952
   -7.5000  -37.5000    0.0000 2142.6785   16.8281
    0.0000  -37.5000    0.0000 2149.2791   16.7988
    7.5000  -37.5000    0.0000 2134.1309   17.0877
   -7.5000  -30.0000    0.0000 2276.8169   14.6085
    0.0000  -30.0000    0.0000 2283.2917   14.5729
    7.5000  -30.0000    0.0000 2273.7590   14.8129
   -7.5000  -22.5000    0.0000 2411.1367   12.8809
    0.0000  -22.5000    0.0000 2415.0808   12.8647
    7.5000  -22.5000    0.0000 2402.5977   13.0688
   -7.5000  -15.0000    0.0000 2535.1711   11.5434
    0.0000  -15.0000    0.0000 2537.3381   11.5660
    7.5000  -15.0000    0.0000 2524.6487   11.7371
   -7.5000   -7.5000    0.0000 2657.5674   10.5221
    0.0000   -7.5000    0.0000 2659.4607   10.5831
    7.5000   -7.5000    0.0000 2646.6436   10.7073
   -7.5000    0.0000    0.0000 2775.8599    9.7893
    0.0000    0.0000    0.0000 2780.5408    9.8673
    7.5000    0.0000    0.0000 2761.4973    9.9527
   -7.5000    7.5000    0.0000 2890.5469    9.4175
    0.0000    7.5000    0.0000 2900.7278    9.4982
    7.5000    7.5000    0.0000 2864.4292    9.4994
   -7.5000   15.0000    0.0000 2965.1978    9.2743
    0.0000   15.0000    0.0000 2987.0823    9.3768
    7.5000   15.0000    0.0000 2930.1809    9.2971
   -7.5000   22.5000    0.0000 2988.8201    9.2751
    0.0000   22.5000    0.0000 3013.1047    9.3551
    7.5000   22.5000    0.0000 2946.7512    9.3162
   -7.5000   30.0000    0.0000 2949.3518    9.4264
    0.0000   30.0000    0.0000 2970.0750    9.4443
    7.5000   30.0000    0.0000 2912.6235    9.5102
   -7.5000   37.5000    0.0000 2869.5205    9.8065
    0.0000   37.5000    0.0000 2889.0552    9.8130
    7.5000   37.5000    0.0000 2841.6858    9.9332
   -7.5000   45.0000    0.0000 2752.9106   10.4321
    0.0000   45.0000    0.0000 2771.7183   10.4335
    7.5000   45.0000    0.0000 2735.2222   10.5838
   -7.5000   52.5000    0.0000 2600.5032   11.2262
    0.0000   52.5000    0.0000 2612.7002   11.1994
    7.5000   52.5000    0.0000 2588.6943   11.3512
   -7.5000  -37.5000    7.5000 2119.4565   17.2675
    0.0000  -37.5000    7.5000 2124.9766   17.3094
    7.5000  -37.5000    7.5000 2103.5491   17.5858
   -7.5000  -30.0000    7.5000 2245.8247   14.9724
    0.0000  -30.0000    7.5000 2254.9473   14.9846
    7.5000  -30.0000    7.5000 2239.0918   15.2026
   -7.5000  -22.5000    7.5000 2377.1577   13.2015
    0.0000  -22.5000    7.5000 2379.4075   13.2207
    7.5000  -22.5000    7.5000 2364.6599   13.4299
   -7.5000  -15.0000    7.5000 2498.6213   11.8244
    0.0000  -15.0000    7.5000 2500.1667   11.8898
    7.5000  -15.0000    7.5000 2481.2480   12.0517
   -7.5000   -7.5000    7.5000 2623.1101   10.7869
    0.0000   -7.5000    7.5000 2624.8086   10.8763
    7.5000   -7.5000    7.5000 2602.8147   11.0045
   -7.5000    0.0000    7.5000 2744.6228   10.0401
    0.0000    0.0000    7.5000 2749.4062   10.1284
    7.5000    0.0000    7.5000 2720.2454   10.2288
   -7.5000    7.5000    7.5000 2857.2109    9.6226
    0.0000    7.5000    7.5000 2870.1377    9.7008
    7.5000    7.5000    7.5000 2834.3018    9.7506
   -7.5000   15.0000    7.5000 2935.5769    9.3758
    0.0000   15.0000    7.5000 2959.2908    9.4412
    7.5000   15.0000    7.5000 2906.1726    9.4967
   -7.5000   22.5000    7.5000 2969.9355    9.3419
    0.0000   22.5000    7.5000 2991.1626    9.3554
    7.5000   22.5000    7.5000 2932.0874    9.4751
   -7.5000   30.0000    7.5000 2935.0696    9.5235
    0.0000   30.0000    7.5000 2952.3381    9.5155
    7.5000   30.0000    7.5000 2902.5596    9.6800
   -7.5000   37.5000    7.5000 2855.5920    9.9204
    0.0000   37.5000    7.5000 2871.1885    9.9193
    7.5000   37.5000    7.5000 2829.9871   10.0958
   -7.5000   45.0000    7.5000 2734.3110   10.5602
    0.0000   45.0000    7.5000 2749.7451   10.5586
    7.5000   45.0000    7.5000 2720.2615   10.7396
   -7.5000   52.5000    7.5000 2578.0740   11.3514
    0.0000   52.5000    7.5000 2589.0496   11.3147
    7.5000   52.5000    7.5000 2569.5513   11.4947
   -7.5000  -37.5000   15.0000 2076.2275   17.9815
    0.0000  -37.5000   15.0000 2081.7146   18.0699
    7.5000  -37.5000   15.0000 2058.9226   18.3607
   -7.5000  -30.0000   15.0000 2206.7036   15.5902
    0.0000  -30.0000   15.0000 2213.2959   15.6226
    7.5000  -30.0000   15.0000 2193.7253   15.8974
   -7.5000  -22.5000   15.0000 2337.8213   13.7598
    0.0000  -22.5000   15.0000 2338.2793   13.7873
    7.5000  -22.5000   15.0000 2321.0300   14.0472
   -7.5000  -15.0000   15.0000 2450.8022   12.3121
    0.0000  -15.0000   15.0000 2454.1570   12.3654
    7.5000  -15.0000   15.0000 2435.5830   12.6006
   -7.5000   -7.5000   15.0000 2578.3772   11.2237
    0.0000   -7.5000   15.0000 2579.8198   11.2813
    7.5000   -7.5000   15.0000 2559.8960   11.4965
   -7.5000    0.0000   15.0000 2695.6782   10.4423
    0.0000    0.0000   15.0000 2701.8994   10.4768
    7.5000    0.0000   15.0000 2677.1255   10.6815
   -7.5000    7.5000   15.0000 2804.0857    9.9589
    0.0000    7.5000   15.0000 2815.9971   10.0012
    7.5000    7.5000   15.0000 2785.6758   10.1751
   -7.5000   15.0000   15.0000 2879.3931    9.6461
    0.0000   15.0000   15.0000 2901.7124    9.6731
    7.5000   15.0000   15.0000 2859.2629    9.8479
   -7.5000   22.5000   15.0000 2914.8972    9.5922
    0.0000   22.5000   15.0000 2934.8936    9.5873
    7.5000   22.5000   15.0000 2889.3911    9.7914
   -7.5000   30.0000   15.0000 2891.0505    9.7695
    0.0000   30.0000   15.0000 2905.2349    9.7719
    7.5000   30.0000   15.0000 2865.3398    9.9684
   -7.5000   37.5000   15.0000 2812.0288   10.2032
    0.0000   37.5000   15.0000 2826.8474   10.1873
    7.5000   37.5000   15.0000 2796.1580   10.3843
   -7.5000   45.0000   15.0000 2697.7988   10.8419
    0.0000   45.0000   15.0000 2711.7051   10.8182
    7.5000   45.0000   15.0000 2689.1763   11.0223
   -7.5000   52.5000   15.0000 2544.3137   11.6383
    0.0000   52.5000   15.0000 2552.2092   11.5934
    7.5000   52.5000   15.0000 2535.8892   11.7963
   -7.5000  -37.5000   22.5000 2019.0482   19.0581
    0.0000  -37.5000   22.5000 2025.4076   19.1458
    7.5000  -37.5000   22.5000 2001.8474   19.4704
   -7.5000  -30.0000   22.5000 2155.4512   16.5039
    0.0000  -30.0000   22.5000 2159.6553   16.5185
    7.5000  -30.0000   22.5000 2138.2061   16.8470
   -7.5000  -22.5000   22.5000 2283.2122   14.5321
    0.0000  -22.5000   22.5000 2285.4197   14.4940
    7.5000  -22.5000   22.5000 2267.5378   14.8444
   -7.5000  -15.0000   22.5000 2403.8503   12.9783
    0.0000  -15.0000   22.5000 2408.1519   12.9679
    7.5000  -15.0000   22.5000 2388.0569   13.3025
   -7.5000   -7.5000   22.5000 2528.0955   11.8139
    0.0000   -7.5000   22.5000 2529.5269   11.8057
    7.5000   -7.5000   22.5000 2509.2263   12.1338
   -7.5000    0.0000   22.5000 2638.2620   11.0103
    0.0000    0.0000   22.5000 2642.7969   10.9922
    7.5000    0.0000   22.5000 2622.1890   11.2966
   -7.5000    7.5000   22.5000 2740.7756   10.4815
    0.0000    7.5000   22.5000 2750.1089   10.4716
    7.5000    7.5000   22.5000 2724.7808   10.7133
   -7.5000   15.0000   22.5000 2808.6365   10.1501
    0.0000   15.0000   22.5000 2824.7903   10.1270
    7.5000   15.0000   22.5000 2790.4221   10.3626
   -7.5000   22.5000   22.5000 2834.0393   10.0944
    0.0000   22.5000   22.5000 2846.4275   10.0786
    7.5000   22.5000   22.5000 2817.0198   10.2816
   -7.5000   30.0000   22.5000 2813.4470   10.2847
    0.0000   30.0000   22.5000 2823.3071   10.2669
    7.5000   30.0000   22.5000 2791.8430   10.4594
   -7.5000   37.5000   22.5000 2745.6030   10.6962
    0.0000   37.5000   22.5000 2753.7395   10.6800
    7.5000   37.5000   22.5000 2726.9116   10.8473
   -7.5000   45.0000   22.5000 2644.1296   11.3156
    0.0000   45.0000   22.5000 2654.1821   11.2842
    7.5000   45.0000   22.5000 2631.2705   11.4666
   -7.5000   52.5000   22.5000 2498.6858   12.0820
    0.0000   52.5000   22.5000 2505.7976   12.0347
    7.5000   52.5000   22.5000 2488.1018   12.2215
   -7.5000  -37.5000   30.0000 1950.1622   20.4565
    0.0000  -37.5000   30.0000 1954.6016   20.4759
    7.5000  -37.5000   30.0000 1936.3353   20.9186
   -7.5000  -30.0000   30.0000 2095.0920   17.6040
    0.0000  -30.0000   30.0000 2098.4324   17.5221
    7.5000  -30.0000   30.0000 2079.8489   17.9802
   -7.5000  -22.5000   30.0000 2223.7134   15.4547
    0.0000  -22.5000   30.0000 2228.0908   15.3514
    7.5000  -22.5000   30.0000 2208.5825   15.8028
   -7.5000  -15.0000   30.0000 2348.8884   13.8205
    0.0000  -15.0000   30.0000 2351.3083   13.7267
    7.5000  -15.0000   30.0000 2330.4482   14.1596
   -7.5000   -7.5000   30.0000 2469.0461   12.6033
    0.0000   -7.5000   30.0000 2469.1475   12.5159
    7.5000   -7.5000   30.0000 2450.3552   12.9492
   -7.5000    0.0000   30.0000 2577.4192   11.7514
    0.0000    0.0000   30.0000 2578.3965   11.7040
    7.5000    0.0000   30.0000 2558.7976   12.0430
   -7.5000    7.5000   30.0000 2668.1509   11.1680
    0.0000    7.5000   30.0000 2675.5706   11.1250
    7.5000    7.5000   30.0000 2649.2261   11.4208
   -7.5000   15.0000   30.0000 2724.6238   10.8262
    0.0000   15.0000   30.0000 2735.7759   10.7938
    7.5000   15.0000   30.0000 2704.6602   11.0469
   -7.5000   22.5000   30.0000 2744.0762   10.7684
    0.0000   22.5000   30.0000 2754.0046   10.7525
    7.5000   22.5000   30.0000 2727.4885   10.9626
   -7.5000   30.0000   30.0000 2716.2617   10.9570
    0.0000   30.0000   30.0000 2725.3999   10.9461
    7.5000   30.0000   30.0000 2697.8347   11.1294
   -7.5000   37.5000   30.0000 2656.5876   11.3431
    0.0000   37.5000   30.0000 2666.7119   11.3204
    7.5000   37.5000   30.0000 2637.6621   11.5090
   -7.5000   45.0000   30.0000 2566.6475   11.9445
    0.0000   45.0000   30.0000 2576.0378   11.9062
    7.5000   45.0000   30.0000 2550.9763   12.1030
   -7.5000   52.5000   30.0000 2440.2783   12.6834
    0.0000   52.5000   30.0000 2448.0208   12.6225
    7.5000   52.5000   30.0000 2424.5696   12.8169
   -7.5000  -37.5000   37.5000 1882.7207   22.0022
    0.0000  -37.5000   37.5000 1888.1560   21.9584
    7.5000  -37.5000   37.5000 1868.7899   22.4934
   -7.5000  -30.0000   37.5000 2034.8583   18.8625
    0.0000  -30.0000   37.5000 2034.7217   18.7494
    7.5000  -30.0000   37.5000 2017.8186   19.2651
   -7.5000  -22.5000   37.5000 2165.9741   16.5618
    0.0000  -22.5000   37.5000 2166.0071   16.4297
    7.5000  -22.5000   37.5000 2149.6956   16.9441
   -7.5000  -15.0000   37.5000 2286.4473   14.8260
    0.0000  -15.0000   37.5000 2290.0901   14.6886
    7.5000  -15.0000   37.5000 2266.9602   15.1998
   -7.5000   -7.5000   37.5000 2405.5037   13.5777
    0.0000   -7.5000   37.5000 2404.9109   13.4708
    7.5000   -7.5000   37.5000 2381.7312   13.9313
   -7.5000    0.0000   37.5000 2505.6218   12.6676
    0.0000    0.0000   37.5000 2507.1650   12.5992
    7.5000    0.0000   37.5000 2483.6428   12.9891
   -7.5000    7.5000   37.5000 2584.1682   12.0340
    0.0000    7.5000   37.5000 2592.0942   11.9891
    7.5000    7.5000   37.5000 2562.6921   12.3050
   -7.5000   15.0000   37.5000 2631.0154   11.6732
    0.0000   15.0000   37.5000 2640.5713   11.6656
    7.5000   15.0000   37.5000 2611.8162   11.9064
   -7.5000   22.5000   37.5000 2648.2585   11.5981
    0.0000   22.5000   37.5000 2659.9946   11.5955
    7.5000   22.5000   37.5000 2631.8154   11.7907
   -7.5000   30.0000   37.5000 2620.8052   11.7654
    0.0000   30.0000   37.5000 2631.3875   11.7626
    7.5000   30.0000   37.5000 2605.6536   11.9611
   -7.5000   37.5000   37.5000 2562.4512   12.1420
    0.0000   37.5000   37.5000 2572.8384   12.1377
    7.5000   37.5000   37.5000 2547.6086   12.3511
   -7.5000   45.0000   37.5000 2484.1230   12.6987
    0.0000   45.0000   37.5000 2495.1470   12.6689
    7.5000   45.0000   37.5000 2468.2065   12.9048
   -7.5000   52.5000   37.5000 2370.2620   13.3757
    0.0000   52.5000   37.5000 2383.7354   13.3245
    7.5000   52.5000   37.5000 2355.1055   13.5353
   -7.5000  -37.5000   45.0000 1809.6533   23.7719
    0.0000  -37.5000   45.0000 1817.3108   23.7055
    7.5000  -37.5000   45.0000 1794.2429   24.3860
   -7.5000  -30.0000   45.0000 1966.1639   20.3968
    0.0000  -30.0000   45.0000 1966.2463   20.2573
    7.5000  -30.0000   45.0000 1948.3475   20.8442
   -7.5000  -22.5000   45.0000 2097.3726   17.8999
    0.0000  -22.5000   45.0000 2097.0959   17.7604
    7.5000  -22.5000   45.0000 2078.6284   18.3481
   -7.5000  -15.0000   45.0000 2213.4871   16.0748
    0.0000  -15.0000   45.0000 2217.9695   15.9403
    7.5000  -15.0000   45.0000 2194.6047   16.4658
   -7.5000   -7.5000   45.0000 2326.8882   14.7143
    0.0000   -7.5000   45.0000 2330.9993   14.6437
    7.5000   -7.5000   45.0000 2307.2769   15.1109
   -7.5000    0.0000   45.0000 2423.3049   13.7690
    0.0000    0.0000   45.0000 2430.1816   13.7102
    7.5000    0.0000   45.0000 2402.4624   14.0873
   -7.5000    7.5000   45.0000 2490.0493   13.1072
    0.0000    7.5000   45.0000 2500.9253   13.0743
    7.5000    7.5000   45.0000 2472.2581   13.3859
   -7.5000   15.0000   45.0000 2530.4873   12.6857
    0.0000   15.0000   45.0000 2540.1489   12.6974
    7.5000   15.0000   45.0000 2512.3083   12.9304
   -7.5000   22.5000   45.0000 2544.8416   12.5925
    0.0000   22.5000   45.0000 2560.2820   12.6131
    7.5000   22.5000   45.0000 2529.3206   12.8081
   -7.5000   30.0000   45.0000 2523.0886   12.7333
    0.0000   30.0000   45.0000 2535.0339   12.7598
    7.5000   30.0000   45.0000 2506.3840   12.9482
   -7.5000   37.5000   45.0000 2466.1101   13.1138
    0.0000   37.5000   45.0000 2478.7705   13.1337
    7.5000   37.5000   45.0000 2451.0779   13.3313
   -7.5000   45.0000   45.0000 2391.0090   13.6540
    0.0000   45.0000   45.0000 2407.5515   13.6511
    7.5000   45.0000   45.0000 2379.8899   13.8643
   -7.5000   52.5000   45.0000 2288.0420   14.2894
    0.0000   52.5000   45.0000 2305.3672   14.2397
    7.5000   52.5000   45.0000 2279.6970   14.4449

---------------------------------------------------------------------
imgreg_4dfp /opt/freesurfer/average/711-2C_as_mni_average_305 /opt/freesurfer/average/711-2B_as_mni_average_305_mask talsrcimg_g11 none talsrcimg_to_711-2C_as_mni_average_305_t4 1283
---------------------------------------------------------------------

freesurfer imgreg_4dfp.c
/opt/freesurfer/average/711-2C_as_mni_average_305.4dfp.img
       256       256       256         1
  1.000000  1.000000  1.000000
orientation T byte_order littleendian
Reading image: /opt/freesurfer/average/711-2C_as_mni_average_305.4dfp.img
dimensions:      256       256       256
mmppix:       1.0000   -1.0000   -1.0000
center:     128.0000 -129.0000 -129.0000
/opt/freesurfer/average/711-2B_as_mni_average_305_mask.4dfp.img
       256       256       256         1
  1.000000  1.000000  1.000000
orientation T byte_order littleendian
Reading mask: /opt/freesurfer/average/711-2B_as_mni_average_305_mask.4dfp.img (2306576 pixels)
talsrcimg_g11.4dfp.img
       256       256       256         1
  1.000000  1.000000  1.000000
orientation T byte_order littleendian
Reading image: talsrcimg_g11.4dfp.img
dimensions:      256       256       256
mmppix:       1.0000   -1.0000   -1.0000
center:     128.0000 -129.0000 -129.0000
rotation matrix determinant  1.000000
fimgreg.f
image alignment mode   1283 decimal      503 hex
parameters
    0.0000   22.5000    0.0000    0.0000    0.0000    0.0000
eta,q 0.94633  9.31736
niter,ni,del,rscale     5    3   12.0000    1.2000
parameter  4  1.478600 ->  0.500000 qaram    1.1500
parameters
   -2.0409   21.4105    0.5392   -3.4500    0.3704    1.1104
eta,q 0.95128  9.32514
  0.0574  0.0604  0.0566  0.0462  0.0540  0.0538
  0.0549  0.0547  0.0537  0.0482  0.0507  0.0513
  0.0535  0.0518  0.0525  0.0500  0.0489  0.0493
  0.0538  0.0535  0.0521  0.0517  0.0488  0.0487
  0.0579  0.0574  0.0516  0.0555  0.0492  0.0488
  0.0636  0.0608  0.0523  0.0597  0.0504  0.0493
  0.0698  0.0646  0.0555  0.0640  0.0524  0.0510
niter,ni,del,rscale     5    3   12.0000    1.2000
parameter  4  1.279662 ->  0.500000 qaram    1.3225
parameters
   -2.1299   22.1578   -0.1866   -7.4175    0.2575    1.1750
eta,q 0.95549  9.34605
  0.0585  0.0606  0.0529  0.0443  0.0500  0.0493
  0.0530  0.0528  0.0502  0.0442  0.0472  0.0466
  0.0499  0.0490  0.0490  0.0461  0.0450  0.0450
  0.0487  0.0487  0.0491  0.0490  0.0445  0.0445
  0.0492  0.0496  0.0497  0.0512  0.0454  0.0452
  0.0533  0.0510  0.0516  0.0543  0.0474  0.0468
  0.0595  0.0545  0.0558  0.0586  0.0503  0.0487
niter,ni,del,rscale     5    3   12.0000    1.2000
parameters
   -2.0693   23.6790   -0.9240   -9.8191    0.3334    0.9380
eta,q 0.95771  9.34217
  0.0555  0.0599  0.0496  0.0484  0.0489  0.0466
  0.0498  0.0525  0.0461  0.0436  0.0458  0.0442
  0.0461  0.0468  0.0446  0.0422  0.0433  0.0427
  0.0445  0.0445  0.0447  0.0445  0.0423  0.0423
  0.0448  0.0449  0.0458  0.0478  0.0432  0.0429
  0.0492  0.0461  0.0483  0.0518  0.0456  0.0449
  0.0556  0.0492  0.0529  0.0558  0.0486  0.0472
niter,ni,del,rscale     4    3   12.0000    1.2000
parameters
   -2.1976   24.7006   -1.6088  -11.0980    0.2764    1.1803
eta,q 0.95838  9.35097
  0.0533  0.0568  0.0480  0.0490  0.0482  0.0463
  0.0477  0.0495  0.0442  0.0442  0.0448  0.0438
  0.0440  0.0443  0.0421  0.0416  0.0425  0.0422
  0.0423  0.0424  0.0427  0.0423  0.0416  0.0416
  0.0428  0.0434  0.0441  0.0451  0.0427  0.0418
  0.0480  0.0454  0.0464  0.0490  0.0450  0.0433
  0.0551  0.0489  0.0509  0.0538  0.0483  0.0457
niter,ni,del,rscale     3    3   12.0000    1.2000
parameters
   -2.1712   25.2949   -2.0803  -11.9271   -0.0314    1.4680
eta,q 0.95900  9.35562
  0.0539  0.0542  0.0480  0.0492  0.0470  0.0458
  0.0476  0.0475  0.0438  0.0448  0.0438  0.0435
  0.0434  0.0429  0.0415  0.0409  0.0417  0.0419
  0.0416  0.0416  0.0418  0.0416  0.0411  0.0411
  0.0420  0.0428  0.0433  0.0440  0.0423  0.0411
  0.0469  0.0451  0.0456  0.0476  0.0447  0.0426
  0.0544  0.0495  0.0496  0.0523  0.0482  0.0453
niter,ni,del,rscale     2    3   12.0000    1.2000
parameters
   -2.0546   25.6741   -2.3435  -12.4126   -0.3154    1.5807
eta,q 0.95943  9.35258
  0.0539  0.0532  0.0482  0.0496  0.0465  0.0454
  0.0472  0.0467  0.0436  0.0454  0.0434  0.0431
  0.0427  0.0423  0.0410  0.0406  0.0413  0.0416
  0.0410  0.0410  0.0410  0.0409  0.0406  0.0406
  0.0415  0.0423  0.0425  0.0435  0.0417  0.0408
  0.0462  0.0452  0.0449  0.0469  0.0442  0.0426
  0.0534  0.0501  0.0489  0.0513  0.0478  0.0454
niter,ni,del,rscale     1    3   12.0000    1.2000
parameters
   -1.9689   25.9039   -2.4453  -12.6664   -0.4535    1.5906
eta,q 0.95958  9.35008
  0.0536  0.0526  0.0484  0.0500  0.0465  0.0452
  0.0467  0.0464  0.0436  0.0459  0.0435  0.0430
  0.0421  0.0419  0.0408  0.0407  0.0413  0.0413
  0.0406  0.0406  0.0406  0.0406  0.0404  0.0404
  0.0414  0.0422  0.0420  0.0432  0.0412  0.0408
  0.0461  0.0454  0.0444  0.0465  0.0437  0.0427
  0.0531  0.0505  0.0483  0.0507  0.0473  0.0456
registration optimization eta report
parameter search radius
    6.0000    6.0000    6.0000    7.9350    6.0000    6.0000
100000*second partial in parameter space
       36.       30.       22.       15.       18.       14.
  0.0536  0.0526  0.0484  0.0500  0.0465  0.0452
  0.0467  0.0464  0.0436  0.0459  0.0435  0.0430
  0.0421  0.0419  0.0408  0.0407  0.0413  0.0413
  0.0406  0.0406  0.0406  0.0406  0.0404  0.0404
  0.0414  0.0422  0.0420  0.0432  0.0412  0.0408
  0.0461  0.0454  0.0444  0.0465  0.0437  0.0427
  0.0531  0.0505  0.0483  0.0507  0.0473  0.0456
   -1.9689   25.9039   -2.4453  -12.6664   -0.4535    1.5906
eta,q 0.95958  9.35008

---------------------------------------------------------------------
imgreg_4dfp /opt/freesurfer/average/711-2C_as_mni_average_305 /opt/freesurfer/average/711-2B_as_mni_average_305_mask talsrcimg_g11 none talsrcimg_to_711-2C_as_mni_average_305_t4 3335
---------------------------------------------------------------------

freesurfer imgreg_4dfp.c
/opt/freesurfer/average/711-2C_as_mni_average_305.4dfp.img
       256       256       256         1
  1.000000  1.000000  1.000000
orientation T byte_order littleendian
Reading image: /opt/freesurfer/average/711-2C_as_mni_average_305.4dfp.img
dimensions:      256       256       256
mmppix:       1.0000   -1.0000   -1.0000
center:     128.0000 -129.0000 -129.0000
/opt/freesurfer/average/711-2B_as_mni_average_305_mask.4dfp.img
       256       256       256         1
  1.000000  1.000000  1.000000
orientation T byte_order littleendian
Reading mask: /opt/freesurfer/average/711-2B_as_mni_average_305_mask.4dfp.img (2306576 pixels)
talsrcimg_g11.4dfp.img
       256       256       256         1
  1.000000  1.000000  1.000000
orientation T byte_order littleendian
Reading image: talsrcimg_g11.4dfp.img
dimensions:      256       256       256
mmppix:       1.0000   -1.0000   -1.0000
center:     128.0000 -129.0000 -129.0000
fimgreg.f
image alignment mode   3335 decimal      D07 hex
parameters
   -1.9689   25.9039   -2.4453   -0.0417   -2.4761   -2.4367
   -2.8817    0.1632    2.7757   21.9403   -0.7914  -21.9267
eta,q 0.96012  9.36305
niter,ni,del,rscale     5    3    5.0000    1.2000
parameter  5  2.752714 ->  0.500000 qaram    1.1500
parameter  6  0.551843 ->  0.500000 qaram    1.1500
parameter  7 -0.500132 -> -0.500000 qaram    1.1500
parameter 12 -0.504158 -> -0.500000 qaram    1.1500
parameters
   -1.8396   26.1181   -3.0219   -2.4438   -6.6161   -6.5767
    1.2583    0.5059    3.0310   21.0640   -1.3282  -17.7867
eta,q 0.96568  8.92332
  0.0430  0.0417  0.0407  0.0407  0.0330  0.0347  0.0386  0.0381  0.0366  0.0364  0.0349  0.0359
  0.0414  0.0408  0.0400  0.0399  0.0347  0.0349  0.0371  0.0362  0.0355  0.0354  0.0346  0.0353
  0.0403  0.0402  0.0398  0.0395  0.0369  0.0350  0.0358  0.0349  0.0348  0.0347  0.0345  0.0348
  0.0399  0.0399  0.0399  0.0397  0.0395  0.0353  0.0350  0.0345  0.0345  0.0345  0.0345  0.0345
  0.0401  0.0399  0.0403  0.0408  0.0426  0.0367  0.0345  0.0348  0.0347  0.0350  0.0346  0.0343
  0.0410  0.0404  0.0411  0.0425  0.0457  0.0392  0.0346  0.0358  0.0353  0.0362  0.0348  0.0343
  0.0424  0.0412  0.0421  0.0450  0.0491  0.0427  0.0350  0.0374  0.0363  0.0377  0.0350  0.0345
niter,ni,del,rscale     7    3    5.0000    1.2000
parameter  5  1.365917 ->  0.500000 qaram    1.3225
parameters
   -1.7715   25.9519   -2.5176   -2.2837  -11.3771   -8.3701
    0.1178    0.8146    2.9839   20.7668    0.0862  -18.6327
eta,q 0.96927  8.64910
  0.0371  0.0360  0.0356  0.0363  0.0300  0.0322  0.0329  0.0345  0.0328  0.0331  0.0317  0.0318
  0.0357  0.0350  0.0350  0.0354  0.0307  0.0313  0.0316  0.0326  0.0317  0.0319  0.0313  0.0312
  0.0347  0.0344  0.0345  0.0347  0.0321  0.0308  0.0309  0.0313  0.0310  0.0311  0.0309  0.0308
  0.0343  0.0343  0.0343  0.0342  0.0342  0.0310  0.0309  0.0308  0.0308  0.0308  0.0308  0.0308
  0.0345  0.0347  0.0343  0.0344  0.0370  0.0314  0.0315  0.0311  0.0311  0.0311  0.0308  0.0310
  0.0354  0.0354  0.0344  0.0351  0.0401  0.0324  0.0328  0.0322  0.0318  0.0320  0.0309  0.0315
  0.0369  0.0365  0.0348  0.0363  0.0436  0.0348  0.0343  0.0339  0.0328  0.0337  0.0312  0.0322
niter,ni,del,rscale     7    3    5.0000    1.2000
parameter  5  0.642234 ->  0.500000 qaram    1.5209
parameters
   -1.7744   26.1685   -2.7261   -1.7367  -16.8523   -8.8335
    0.2407    0.6502    3.1746   21.8367    0.2652  -21.6376
eta,q 0.97099  8.43095
  0.0336  0.0333  0.0317  0.0328  0.0296  0.0314  0.0320  0.0325  0.0313  0.0323  0.0299  0.0297
  0.0321  0.0320  0.0311  0.0319  0.0293  0.0301  0.0306  0.0307  0.0303  0.0307  0.0296  0.0292
  0.0311  0.0311  0.0308  0.0312  0.0296  0.0294  0.0296  0.0296  0.0296  0.0297  0.0294  0.0290
  0.0307  0.0307  0.0307  0.0307  0.0307  0.0293  0.0293  0.0293  0.0293  0.0293  0.0292  0.0292
  0.0310  0.0308  0.0309  0.0308  0.0327  0.0299  0.0296  0.0297  0.0295  0.0293  0.0293  0.0298
  0.0320  0.0315  0.0314  0.0314  0.0355  0.0304  0.0305  0.0309  0.0301  0.0298  0.0295  0.0304
  0.0336  0.0326  0.0321  0.0324  0.0390  0.0318  0.0319  0.0328  0.0311  0.0309  0.0299  0.0311
niter,ni,del,rscale     7    3    5.0000    1.2000
parameters
   -1.7948   26.6198   -3.0627   -1.2465  -19.0202   -8.8891
    0.1636    0.5857    3.3414   23.1298    0.5258  -22.5642
eta,q 0.97117  8.37431
  0.0318  0.0322  0.0298  0.0309  0.0314  0.0313  0.0315  0.0321  0.0309  0.0321  0.0295  0.0300
  0.0303  0.0307  0.0293  0.0300  0.0298  0.0298  0.0301  0.0304  0.0298  0.0305  0.0292  0.0293
  0.0293  0.0296  0.0290  0.0293  0.0290  0.0289  0.0292  0.0292  0.0291  0.0293  0.0290  0.0289
  0.0290  0.0290  0.0289  0.0289  0.0289  0.0289  0.0289  0.0289  0.0289  0.0289  0.0289  0.0289
  0.0293  0.0290  0.0292  0.0291  0.0298  0.0295  0.0292  0.0293  0.0291  0.0290  0.0289  0.0292
  0.0303  0.0295  0.0297  0.0296  0.0318  0.0299  0.0302  0.0304  0.0297  0.0294  0.0291  0.0298
  0.0319  0.0305  0.0306  0.0305  0.0350  0.0311  0.0316  0.0323  0.0307  0.0303  0.0295  0.0305
niter,ni,del,rscale     6    3    5.0000    1.2000
parameters
   -1.8431   26.9118   -3.3477   -1.0240  -19.6168   -9.0803
    0.1973    0.5601    3.5629   23.8800    0.6156  -22.9575
eta,q 0.97120  8.36498
  0.0315  0.0316  0.0297  0.0306  0.0321  0.0310  0.0314  0.0320  0.0308  0.0315  0.0294  0.0301
  0.0300  0.0302  0.0292  0.0298  0.0303  0.0296  0.0300  0.0302  0.0297  0.0300  0.0291  0.0293
  0.0291  0.0293  0.0289  0.0291  0.0292  0.0288  0.0291  0.0291  0.0290  0.0291  0.0289  0.0289
  0.0288  0.0288  0.0288  0.0288  0.0288  0.0288  0.0288  0.0288  0.0288  0.0288  0.0288  0.0288
  0.0292  0.0289  0.0290  0.0290  0.0291  0.0293  0.0291  0.0292  0.0290  0.0290  0.0288  0.0291
  0.0302  0.0295  0.0295  0.0295  0.0306  0.0297  0.0300  0.0303  0.0296  0.0295  0.0290  0.0296
  0.0318  0.0305  0.0303  0.0305  0.0332  0.0311  0.0314  0.0321  0.0305  0.0305  0.0294  0.0303
niter,ni,del,rscale     5    3    5.0000    1.2000
parameters
   -1.8807   27.0614   -3.5646   -0.8821  -19.9320   -9.3159
    0.2259    0.5175    3.7133   24.2529    0.6712  -23.1543
eta,q 0.97122  8.35435
  0.0315  0.0312  0.0297  0.0306  0.0322  0.0309  0.0314  0.0319  0.0307  0.0312  0.0294  0.0301
  0.0300  0.0299  0.0292  0.0297  0.0304  0.0295  0.0300  0.0302  0.0296  0.0298  0.0291  0.0294
  0.0291  0.0291  0.0289  0.0291  0.0292  0.0288  0.0291  0.0291  0.0290  0.0290  0.0289  0.0289
  0.0288  0.0288  0.0288  0.0288  0.0288  0.0288  0.0288  0.0288  0.0288  0.0288  0.0288  0.0288
  0.0291  0.0290  0.0290  0.0290  0.0290  0.0293  0.0291  0.0291  0.0290  0.0290  0.0288  0.0290
  0.0301  0.0296  0.0294  0.0295  0.0304  0.0296  0.0300  0.0302  0.0296  0.0296  0.0290  0.0295
  0.0317  0.0307  0.0302  0.0305  0.0329  0.0310  0.0313  0.0320  0.0305  0.0306  0.0294  0.0302
niter,ni,del,rscale     4    3    5.0000    1.2000
parameters
   -1.9075   27.1468   -3.7350   -0.7978  -20.1206   -9.5647
    0.2494    0.4799    3.8099   24.4586    0.7025  -23.2793
eta,q 0.97123  8.34283
  0.0315  0.0311  0.0297  0.0305  0.0322  0.0308  0.0313  0.0319  0.0306  0.0310  0.0294  0.0301
  0.0300  0.0298  0.0292  0.0297  0.0304  0.0295  0.0300  0.0302  0.0296  0.0297  0.0291  0.0294
  0.0291  0.0290  0.0289  0.0291  0.0292  0.0288  0.0291  0.0291  0.0290  0.0289  0.0289  0.0289
  0.0288  0.0288  0.0288  0.0288  0.0288  0.0288  0.0288  0.0288  0.0288  0.0288  0.0288  0.0288
  0.0291  0.0290  0.0289  0.0290  0.0289  0.0293  0.0291  0.0291  0.0290  0.0290  0.0288  0.0290
  0.0301  0.0297  0.0294  0.0295  0.0303  0.0296  0.0300  0.0302  0.0296  0.0296  0.0290  0.0295
  0.0316  0.0307  0.0301  0.0306  0.0328  0.0310  0.0313  0.0320  0.0305  0.0307  0.0294  0.0301
niter,ni,del,rscale     3    3    5.0000    1.2000
parameters
   -1.9243   27.2057   -3.8683   -0.7620  -20.2601   -9.7858
    0.2646    0.4418    3.8697   24.5876    0.7137  -23.3713
eta,q 0.97125  8.33118
  0.0315  0.0310  0.0298  0.0305  0.0322  0.0308  0.0313  0.0318  0.0305  0.0309  0.0293  0.0301
  0.0300  0.0297  0.0292  0.0297  0.0304  0.0295  0.0299  0.0301  0.0296  0.0296  0.0290  0.0294
  0.0291  0.0290  0.0289  0.0290  0.0292  0.0288  0.0291  0.0291  0.0289  0.0289  0.0288  0.0289
  0.0288  0.0288  0.0288  0.0288  0.0288  0.0288  0.0287  0.0287  0.0287  0.0287  0.0288  0.0288
  0.0291  0.0290  0.0289  0.0290  0.0289  0.0293  0.0290  0.0291  0.0290  0.0290  0.0288  0.0290
  0.0300  0.0297  0.0294  0.0295  0.0302  0.0296  0.0300  0.0301  0.0295  0.0296  0.0290  0.0295
  0.0316  0.0307  0.0301  0.0306  0.0327  0.0310  0.0313  0.0319  0.0305  0.0307  0.0294  0.0301
niter,ni,del,rscale     2    3    5.0000    1.2000
parameters
   -1.9372   27.2497   -3.9834   -0.7367  -20.3663   -9.9799
    0.2748    0.4111    3.9157   24.6819    0.7173  -23.4441
eta,q 0.97126  8.32099
  0.0314  0.0309  0.0298  0.0305  0.0321  0.0308  0.0313  0.0318  0.0305  0.0309  0.0293  0.0301
  0.0300  0.0297  0.0292  0.0297  0.0304  0.0295  0.0299  0.0301  0.0295  0.0296  0.0290  0.0294
  0.0291  0.0290  0.0289  0.0290  0.0292  0.0288  0.0290  0.0291  0.0289  0.0289  0.0288  0.0289
  0.0288  0.0288  0.0288  0.0288  0.0288  0.0288  0.0287  0.0287  0.0287  0.0287  0.0287  0.0287
  0.0291  0.0290  0.0289  0.0290  0.0289  0.0292  0.0290  0.0291  0.0290  0.0290  0.0288  0.0290
  0.0300  0.0297  0.0293  0.0295  0.0302  0.0296  0.0299  0.0301  0.0295  0.0296  0.0290  0.0295
  0.0315  0.0307  0.0300  0.0305  0.0326  0.0309  0.0312  0.0319  0.0304  0.0306  0.0294  0.0301
niter,ni,del,rscale     1    3    5.0000    1.2000
parameters
   -1.9475   27.2820   -4.0747   -0.7236  -20.4493  -10.1491
    0.2790    0.3876    3.9396   24.7447    0.7124  -23.4976
eta,q 0.97127  8.31174
  0.0314  0.0309  0.0298  0.0304  0.0321  0.0308  0.0312  0.0318  0.0305  0.0309  0.0293  0.0301
  0.0300  0.0297  0.0292  0.0296  0.0303  0.0295  0.0299  0.0301  0.0295  0.0296  0.0290  0.0294
  0.0291  0.0290  0.0289  0.0290  0.0292  0.0288  0.0290  0.0291  0.0289  0.0288  0.0288  0.0288
  0.0287  0.0287  0.0287  0.0287  0.0287  0.0287  0.0287  0.0287  0.0287  0.0287  0.0287  0.0287
  0.0290  0.0290  0.0289  0.0290  0.0289  0.0292  0.0290  0.0290  0.0289  0.0290  0.0287  0.0290
  0.0300  0.0297  0.0293  0.0295  0.0301  0.0296  0.0299  0.0301  0.0295  0.0296  0.0290  0.0294
  0.0315  0.0307  0.0300  0.0305  0.0325  0.0309  0.0312  0.0319  0.0304  0.0306  0.0294  0.0301
registration optimization eta report
parameter search radius
    2.4000    2.4000    2.4000    7.2000   10.9503    8.2800
    8.2800    7.2000    7.2000    7.2000    7.2000    8.2800
100000*second partial in parameter space
       47.       36.       20.        3.        3.        3.
        4.        6.        3.        4.        1.        2.
  0.0314  0.0309  0.0298  0.0304  0.0321  0.0308  0.0312  0.0318  0.0305  0.0309  0.0293  0.0301
  0.0300  0.0297  0.0292  0.0296  0.0303  0.0295  0.0299  0.0301  0.0295  0.0296  0.0290  0.0294
  0.0291  0.0290  0.0289  0.0290  0.0292  0.0288  0.0290  0.0291  0.0289  0.0288  0.0288  0.0288
  0.0287  0.0287  0.0287  0.0287  0.0287  0.0287  0.0287  0.0287  0.0287  0.0287  0.0287  0.0287
  0.0290  0.0290  0.0289  0.0290  0.0289  0.0292  0.0290  0.0290  0.0289  0.0290  0.0287  0.0290
  0.0300  0.0297  0.0293  0.0295  0.0301  0.0296  0.0299  0.0301  0.0295  0.0296  0.0290  0.0294
  0.0315  0.0307  0.0300  0.0305  0.0325  0.0309  0.0312  0.0319  0.0304  0.0306  0.0294  0.0301
   -1.9475   27.2820   -4.0747   -0.7236  -20.4493  -10.1491
    0.2790    0.3876    3.9396   24.7447    0.7124  -23.4976
eta,q 0.97127  8.31174

---------------------------------------------------------------------
imgreg_4dfp /opt/freesurfer/average/711-2C_as_mni_average_305 /opt/freesurfer/average/711-2B_as_mni_average_305_mask talsrcimg_g11 none talsrcimg_to_711-2C_as_mni_average_305_t4 2311
---------------------------------------------------------------------

freesurfer imgreg_4dfp.c
/opt/freesurfer/average/711-2C_as_mni_average_305.4dfp.img
       256       256       256         1
  1.000000  1.000000  1.000000
orientation T byte_order littleendian
Reading image: /opt/freesurfer/average/711-2C_as_mni_average_305.4dfp.img
dimensions:      256       256       256
mmppix:       1.0000   -1.0000   -1.0000
center:     128.0000 -129.0000 -129.0000
/opt/freesurfer/average/711-2B_as_mni_average_305_mask.4dfp.img
       256       256       256         1
  1.000000  1.000000  1.000000
orientation T byte_order littleendian
Reading mask: /opt/freesurfer/average/711-2B_as_mni_average_305_mask.4dfp.img (2306576 pixels)
talsrcimg_g11.4dfp.img
       256       256       256         1
  1.000000  1.000000  1.000000
orientation T byte_order littleendian
Reading image: talsrcimg_g11.4dfp.img
dimensions:      256       256       256
mmppix:       1.0000   -1.0000   -1.0000
center:     128.0000 -129.0000 -129.0000
fimgreg.f
image alignment mode   2311 decimal      907 hex
parameters
   -1.9475   27.2820   -4.0747   -0.7236  -20.4493  -10.1491
    0.2790    0.3876    3.9396   24.7447    0.7124  -23.4976
eta,q 0.97127  8.31174
niter,ni,del,rscale     5    3    5.0000    0.8000
parameters
   -1.9382   27.2736   -4.1289   -0.5217  -19.5788  -10.6146
    0.2477    0.4576    3.8825   24.2333    1.0102  -23.5384
eta,q 0.97138  8.33389
  0.0300  0.0297  0.0292  0.0296  0.0295  0.0293  0.0296  0.0301  0.0295  0.0294  0.0289  0.0292
  0.0293  0.0291  0.0289  0.0292  0.0291  0.0289  0.0291  0.0293  0.0290  0.0289  0.0288  0.0288
  0.0289  0.0288  0.0288  0.0289  0.0289  0.0287  0.0288  0.0288  0.0287  0.0286  0.0287  0.0287
  0.0287  0.0287  0.0287  0.0287  0.0287  0.0287  0.0287  0.0287  0.0287  0.0287  0.0286  0.0286
  0.0289  0.0288  0.0288  0.0288  0.0287  0.0290  0.0288  0.0288  0.0288  0.0288  0.0286  0.0287
  0.0292  0.0292  0.0290  0.0291  0.0288  0.0292  0.0291  0.0292  0.0290  0.0292  0.0287  0.0289
  0.0299  0.0297  0.0293  0.0295  0.0291  0.0294  0.0296  0.0300  0.0295  0.0297  0.0289  0.0291
niter,ni,del,rscale     4    3    5.0000    0.7000
parameters
   -1.9051   27.1196   -4.2621   -0.5295  -19.4675  -11.1451
    0.2230    0.4791    3.7780   23.8018    0.9417  -23.5742
eta,q 0.97146  8.30719
  0.0296  0.0292  0.0290  0.0293  0.0291  0.0292  0.0293  0.0297  0.0292  0.0292  0.0288  0.0290
  0.0291  0.0288  0.0287  0.0289  0.0288  0.0288  0.0289  0.0291  0.0288  0.0288  0.0287  0.0287
  0.0288  0.0286  0.0286  0.0287  0.0287  0.0286  0.0286  0.0287  0.0286  0.0286  0.0286  0.0286
  0.0286  0.0286  0.0286  0.0286  0.0286  0.0286  0.0286  0.0286  0.0286  0.0286  0.0285  0.0285
  0.0287  0.0288  0.0287  0.0287  0.0286  0.0288  0.0286  0.0287  0.0286  0.0287  0.0286  0.0286
  0.0290  0.0291  0.0289  0.0289  0.0288  0.0291  0.0289  0.0290  0.0289  0.0290  0.0286  0.0287
  0.0295  0.0295  0.0291  0.0293  0.0291  0.0294  0.0293  0.0297  0.0292  0.0294  0.0288  0.0290
niter,ni,del,rscale     3    3    5.0000    0.6000
parameters
   -1.8783   27.0579   -4.4265   -0.6059  -19.3761  -11.6478
    0.1920    0.4804    3.6985   23.5637    0.9031  -23.6328
eta,q 0.97150  8.28307
  0.0293  0.0290  0.0288  0.0290  0.0289  0.0290  0.0290  0.0293  0.0290  0.0290  0.0287  0.0288
  0.0289  0.0287  0.0286  0.0288  0.0287  0.0287  0.0287  0.0289  0.0287  0.0287  0.0286  0.0286
  0.0286  0.0286  0.0285  0.0286  0.0286  0.0285  0.0286  0.0286  0.0285  0.0285  0.0285  0.0285
  0.0285  0.0285  0.0285  0.0285  0.0285  0.0285  0.0285  0.0285  0.0285  0.0285  0.0285  0.0285
  0.0286  0.0286  0.0286  0.0286  0.0285  0.0287  0.0286  0.0286  0.0286  0.0286  0.0285  0.0285
  0.0288  0.0288  0.0288  0.0288  0.0287  0.0290  0.0287  0.0289  0.0287  0.0288  0.0286  0.0286
  0.0292  0.0292  0.0290  0.0291  0.0289  0.0293  0.0290  0.0293  0.0290  0.0291  0.0287  0.0288
niter,ni,del,rscale     2    3    5.0000    0.5000
parameters
   -1.8626   27.0316   -4.5936   -0.6376  -19.3311  -11.9988
    0.1785    0.4696    3.6726   23.4811    0.8306  -23.6707
eta,q 0.97153  8.26815
  0.0290  0.0289  0.0286  0.0289  0.0287  0.0289  0.0288  0.0291  0.0288  0.0289  0.0286  0.0287
  0.0287  0.0287  0.0285  0.0286  0.0286  0.0286  0.0286  0.0287  0.0286  0.0286  0.0285  0.0286
  0.0286  0.0285  0.0285  0.0285  0.0285  0.0285  0.0285  0.0285  0.0285  0.0285  0.0285  0.0285
  0.0285  0.0285  0.0285  0.0285  0.0285  0.0285  0.0285  0.0285  0.0285  0.0285  0.0285  0.0285
  0.0285  0.0285  0.0285  0.0285  0.0285  0.0286  0.0285  0.0285  0.0285  0.0285  0.0285  0.0285
  0.0287  0.0287  0.0286  0.0287  0.0286  0.0288  0.0286  0.0287  0.0286  0.0287  0.0285  0.0286
  0.0290  0.0289  0.0288  0.0289  0.0287  0.0291  0.0288  0.0291  0.0288  0.0289  0.0286  0.0287
niter,ni,del,rscale     1    3    5.0000    0.4000
parameters
   -1.8558   27.0376   -4.7242   -0.6366  -19.3123  -12.2114
    0.1739    0.4601    3.6723   23.4753    0.8225  -23.7151
eta,q 0.97154  8.26073
  0.0288  0.0287  0.0286  0.0287  0.0286  0.0288  0.0287  0.0288  0.0287  0.0288  0.0285  0.0286
  0.0286  0.0286  0.0285  0.0286  0.0285  0.0286  0.0286  0.0286  0.0286  0.0286  0.0285  0.0285
  0.0285  0.0285  0.0285  0.0285  0.0285  0.0285  0.0285  0.0285  0.0285  0.0285  0.0285  0.0285
  0.0285  0.0285  0.0285  0.0285  0.0285  0.0285  0.0285  0.0285  0.0285  0.0285  0.0285  0.0285
  0.0285  0.0285  0.0285  0.0285  0.0285  0.0285  0.0285  0.0285  0.0285  0.0285  0.0285  0.0285
  0.0286  0.0286  0.0286  0.0286  0.0285  0.0287  0.0286  0.0286  0.0286  0.0286  0.0285  0.0285
  0.0288  0.0287  0.0287  0.0287  0.0286  0.0289  0.0287  0.0288  0.0287  0.0287  0.0286  0.0286
registration optimization eta report
parameter search radius
    0.8000    0.8000    0.8000    2.4000    2.4000    2.4000
    2.4000    2.4000    2.4000    2.4000    2.4000    2.4000
100000*second partial in parameter space
       49.       40.       23.        4.        3.        6.
        4.        6.        4.        5.        1.        2.
  0.0288  0.0287  0.0286  0.0287  0.0286  0.0288  0.0287  0.0288  0.0287  0.0288  0.0285  0.0286
  0.0286  0.0286  0.0285  0.0286  0.0285  0.0286  0.0286  0.0286  0.0286  0.0286  0.0285  0.0285
  0.0285  0.0285  0.0285  0.0285  0.0285  0.0285  0.0285  0.0285  0.0285  0.0285  0.0285  0.0285
  0.0285  0.0285  0.0285  0.0285  0.0285  0.0285  0.0285  0.0285  0.0285  0.0285  0.0285  0.0285
  0.0285  0.0285  0.0285  0.0285  0.0285  0.0285  0.0285  0.0285  0.0285  0.0285  0.0285  0.0285
  0.0286  0.0286  0.0286  0.0286  0.0285  0.0287  0.0286  0.0286  0.0286  0.0286  0.0285  0.0285
  0.0288  0.0287  0.0287  0.0287  0.0286  0.0289  0.0287  0.0288  0.0287  0.0287  0.0286  0.0286
   -1.8558   27.0376   -4.7242   -0.6366  -19.3123  -12.2114
    0.1739    0.4601    3.6723   23.4753    0.8225  -23.7151
eta,q 0.97154  8.26073

---------------------------------------------------------------------
imgreg_4dfp /opt/freesurfer/average/711-2C_as_mni_average_305 /opt/freesurfer/average/711-2B_as_mni_average_305_mask talsrcimg_g11 none talsrcimg_to_711-2C_as_mni_average_305_t4 2311
---------------------------------------------------------------------

freesurfer imgreg_4dfp.c
/opt/freesurfer/average/711-2C_as_mni_average_305.4dfp.img
       256       256       256         1
  1.000000  1.000000  1.000000
orientation T byte_order littleendian
Reading image: /opt/freesurfer/average/711-2C_as_mni_average_305.4dfp.img
dimensions:      256       256       256
mmppix:       1.0000   -1.0000   -1.0000
center:     128.0000 -129.0000 -129.0000
/opt/freesurfer/average/711-2B_as_mni_average_305_mask.4dfp.img
       256       256       256         1
  1.000000  1.000000  1.000000
orientation T byte_order littleendian
Reading mask: /opt/freesurfer/average/711-2B_as_mni_average_305_mask.4dfp.img (2306576 pixels)
talsrcimg_g11.4dfp.img
       256       256       256         1
  1.000000  1.000000  1.000000
orientation T byte_order littleendian
Reading image: talsrcimg_g11.4dfp.img
dimensions:      256       256       256
mmppix:       1.0000   -1.0000   -1.0000
center:     128.0000 -129.0000 -129.0000
fimgreg.f
image alignment mode   2311 decimal      907 hex
parameters
   -1.8558   27.0376   -4.7242   -0.6366  -19.3123  -12.2114
    0.1739    0.4601    3.6723   23.4753    0.8225  -23.7151
eta,q 0.97154  8.26073
niter,ni,del,rscale     5    3    5.0000    0.8000
parameters
   -1.8745   27.0615   -4.7847   -0.5389  -19.6050  -12.1511
    0.1576    0.3913    3.7744   23.8289    0.6808  -23.6869
eta,q 0.97152  8.25879
  0.0297  0.0295  0.0290  0.0293  0.0290  0.0297  0.0294  0.0299  0.0294  0.0298  0.0288  0.0290
  0.0290  0.0289  0.0287  0.0289  0.0287  0.0291  0.0289  0.0291  0.0289  0.0290  0.0286  0.0287
  0.0286  0.0286  0.0285  0.0286  0.0285  0.0286  0.0286  0.0286  0.0286  0.0286  0.0285  0.0285
  0.0285  0.0285  0.0285  0.0285  0.0285  0.0285  0.0285  0.0285  0.0285  0.0285  0.0285  0.0285
  0.0286  0.0286  0.0286  0.0286  0.0285  0.0287  0.0286  0.0286  0.0286  0.0286  0.0285  0.0286
  0.0290  0.0289  0.0288  0.0289  0.0288  0.0291  0.0289  0.0291  0.0288  0.0289  0.0286  0.0287
  0.0297  0.0294  0.0291  0.0292  0.0292  0.0296  0.0294  0.0300  0.0293  0.0294  0.0288  0.0290
niter,ni,del,rscale     4    3    5.0000    0.7000
parameters
   -1.8896   27.1433   -4.8248   -0.4962  -19.7041  -12.2999
    0.1705    0.3901    3.8294   23.9022    0.7014  -23.7379
eta,q 0.97152  8.25122
  0.0294  0.0293  0.0289  0.0291  0.0289  0.0293  0.0292  0.0296  0.0292  0.0293  0.0287  0.0289
  0.0289  0.0289  0.0287  0.0288  0.0287  0.0289  0.0288  0.0290  0.0288  0.0288  0.0286  0.0287
  0.0286  0.0286  0.0285  0.0286  0.0285  0.0286  0.0286  0.0286  0.0286  0.0286  0.0285  0.0285
  0.0285  0.0285  0.0285  0.0285  0.0285  0.0285  0.0285  0.0285  0.0285  0.0285  0.0285  0.0285
  0.0286  0.0285  0.0285  0.0286  0.0285  0.0287  0.0286  0.0286  0.0285  0.0286  0.0285  0.0285
  0.0289  0.0288  0.0287  0.0288  0.0287  0.0290  0.0288  0.0290  0.0288  0.0289  0.0286  0.0287
  0.0294  0.0291  0.0290  0.0291  0.0290  0.0294  0.0292  0.0296  0.0291  0.0292  0.0287  0.0289
niter,ni,del,rscale     3    3    5.0000    0.6000
parameters
   -1.8902   27.1691   -4.9102   -0.5019  -19.7165  -12.4825
    0.1785    0.3820    3.8365   23.9093    0.7312  -23.7665
eta,q 0.97152  8.24332
  0.0292  0.0291  0.0288  0.0290  0.0288  0.0291  0.0290  0.0293  0.0290  0.0291  0.0287  0.0288
  0.0288  0.0287  0.0286  0.0287  0.0286  0.0288  0.0287  0.0288  0.0287  0.0287  0.0286  0.0286
  0.0286  0.0285  0.0285  0.0285  0.0285  0.0285  0.0285  0.0286  0.0285  0.0285  0.0285  0.0285
  0.0285  0.0285  0.0285  0.0285  0.0285  0.0285  0.0285  0.0285  0.0285  0.0285  0.0285  0.0285
  0.0286  0.0285  0.0285  0.0285  0.0285  0.0286  0.0285  0.0286  0.0285  0.0286  0.0285  0.0285
  0.0288  0.0287  0.0287  0.0287  0.0286  0.0289  0.0287  0.0288  0.0287  0.0288  0.0285  0.0286
  0.0292  0.0290  0.0289  0.0290  0.0288  0.0292  0.0290  0.0293  0.0289  0.0291  0.0287  0.0288
niter,ni,del,rscale     2    3    5.0000    0.5000
parameters
   -1.8937   27.1810   -4.9836   -0.5281  -19.7115  -12.6234
    0.2098    0.3688    3.8252   23.9039    0.7418  -23.7945
eta,q 0.97153  8.23699
  0.0289  0.0289  0.0287  0.0288  0.0287  0.0290  0.0288  0.0290  0.0288  0.0289  0.0286  0.0287
  0.0287  0.0287  0.0286  0.0286  0.0286  0.0287  0.0286  0.0287  0.0286  0.0287  0.0285  0.0286
  0.0285  0.0285  0.0285  0.0285  0.0285  0.0285  0.0285  0.0285  0.0285  0.0285  0.0285  0.0285
  0.0285  0.0285  0.0285  0.0285  0.0285  0.0285  0.0285  0.0285  0.0285  0.0285  0.0285  0.0285
  0.0285  0.0285  0.0285  0.0285  0.0285  0.0286  0.0285  0.0285  0.0285  0.0285  0.0285  0.0285
  0.0287  0.0286  0.0286  0.0287  0.0286  0.0288  0.0286  0.0287  0.0286  0.0287  0.0285  0.0286
  0.0289  0.0289  0.0287  0.0288  0.0287  0.0291  0.0288  0.0290  0.0288  0.0289  0.0286  0.0287
niter,ni,del,rscale     1    3    5.0000    0.4000
parameters
   -1.8970   27.1880   -5.0458   -0.5081  -19.6906  -12.7148
    0.2228    0.3677    3.8237   23.8895    0.8246  -23.7890
eta,q 0.97153  8.23476
  0.0288  0.0287  0.0286  0.0287  0.0286  0.0288  0.0287  0.0288  0.0287  0.0288  0.0286  0.0286
  0.0286  0.0286  0.0285  0.0286  0.0285  0.0286  0.0286  0.0286  0.0286  0.0286  0.0285  0.0285
  0.0285  0.0285  0.0285  0.0285  0.0285  0.0285  0.0285  0.0285  0.0285  0.0285  0.0285  0.0285
  0.0285  0.0285  0.0285  0.0285  0.0285  0.0285  0.0285  0.0285  0.0285  0.0285  0.0285  0.0285
  0.0285  0.0285  0.0285  0.0285  0.0285  0.0285  0.0285  0.0285  0.0285  0.0285  0.0285  0.0285
  0.0286  0.0286  0.0286  0.0286  0.0285  0.0287  0.0286  0.0286  0.0286  0.0286  0.0285  0.0285
  0.0288  0.0287  0.0286  0.0287  0.0286  0.0289  0.0287  0.0288  0.0287  0.0287  0.0286  0.0286
registration optimization eta report
parameter search radius
    0.8000    0.8000    0.8000    2.4000    2.4000    2.4000
    2.4000    2.4000    2.4000    2.4000    2.4000    2.4000
100000*second partial in parameter space
       46.       39.       23.        4.        3.        6.
        4.        6.        4.        5.        1.        2.
  0.0288  0.0287  0.0286  0.0287  0.0286  0.0288  0.0287  0.0288  0.0287  0.0288  0.0286  0.0286
  0.0286  0.0286  0.0285  0.0286  0.0285  0.0286  0.0286  0.0286  0.0286  0.0286  0.0285  0.0285
  0.0285  0.0285  0.0285  0.0285  0.0285  0.0285  0.0285  0.0285  0.0285  0.0285  0.0285  0.0285
  0.0285  0.0285  0.0285  0.0285  0.0285  0.0285  0.0285  0.0285  0.0285  0.0285  0.0285  0.0285
  0.0285  0.0285  0.0285  0.0285  0.0285  0.0285  0.0285  0.0285  0.0285  0.0285  0.0285  0.0285
  0.0286  0.0286  0.0286  0.0286  0.0285  0.0287  0.0286  0.0286  0.0286  0.0286  0.0285  0.0285
  0.0288  0.0287  0.0286  0.0287  0.0286  0.0289  0.0287  0.0288  0.0287  0.0287  0.0286  0.0286
   -1.8970   27.1880   -5.0458   -0.5081  -19.6906  -12.7148
    0.2228    0.3677    3.8237   23.8895    0.8246  -23.7890
eta,q 0.97153  8.23476

---------------------------------------------------------------------
compute_vox2vox talsrcimg talsrcimg_to_711-2C_as_mni_average_305_t4 /opt/freesurfer/average/711-2C_as_mni_average_305
---------------------------------------------------------------------

freesurfer compute_vox2vox.c
Reading: talsrcimg.4dfp.ifh
Reading: talsrcimg_to_711-2C_as_mni_average_305_t4
Reading: /opt/freesurfer/average/711-2C_as_mni_average_305.4dfp.ifh
Writing: talsrcimg_to_711-2C_as_mni_average_305_t4_vox2vox.txt

start time Fri Mar 13 02:27:08 CET 2026
end		time Fri Mar 13 02:28:37 CET 2026

mpr2mni305 success

avi2talxfm orig_nu.mgz /opt/freesurfer/average/mni305.cor.mgz talsrcimg_to_711-2C_as_mni_average_305_t4_vox2vox.txt transforms/talairach.auto.xfm
avi2talxfm done
mv -f /out/sourcedata/freesurfer/sub-v2s3x28824_ses-1/mri/talsrcimg_to_711-2C_as_mni_average_305_t4_vox2vox.txt /out/sourcedata/freesurfer/sub-v2s3x28824_ses-1/mri/transforms/talsrcimg_to_711-2C_as_mni_average_305_t4_vox2vox.txt
lta_convert --src orig_nu.mgz --trg /opt/freesurfer/average/mni305.cor.mgz --inxfm transforms/talairach.auto.xfm --outlta transforms/talairach.auto.xfm.lta --subject fsaverage
7.3.2

--src: orig_nu.mgz src image (geometry).
--trg: /opt/freesurfer/average/mni305.cor.mgz trg image (geometry).
--inmni: transforms/talairach.auto.xfm input MNI/XFM transform.
--outlta: transforms/talairach.auto.xfm.lta output LTA.
--s: fsaverage subject name
 LTA read, type : 1
 1.00528  -0.00321  -0.00374   0.94423;
-0.02085   1.05982   0.31399  -58.61198;
-0.04166  -0.31511   1.15196  -8.84242;
 0.00000   0.00000   0.00000   1.00000;
setting subject to fsaverage
Writing  LTA to file transforms/talairach.auto.xfm.lta...
lta_convert successful.
 
 
Started at Fri Mar 13 02:27:07 CET 2026
Ended   at Fri Mar 13 02:28:37 CET 2026
talairach_avi done
