status file for recon-all
Fri Mar 13 01:53:55 CET 2026
#@# Tessellate rh Fri Mar 13 01:53:55 CET 2026
#@# Smooth1 rh Fri Mar 13 01:53:57 CET 2026
#@# Inflation1 rh Fri Mar 13 01:53:59 CET 2026
#@# QSphere rh Fri Mar 13 01:54:11 CET 2026
#@# Fix Topology rh Fri Mar 13 01:55:09 CET 2026
#@# Smooth2 rh Fri Mar 13 01:59:46 CET 2026
#@# Inflation2 rh Fri Mar 13 01:59:48 CET 2026
#@# Curv .H and .K rh Fri Mar 13 02:00:00 CET 2026
#@# Sphere rh Fri Mar 13 02:00:35 CET 2026
#@# Surf Reg rh Fri Mar 13 02:08:16 CET 2026
#@# Jacobian white rh Fri Mar 13 02:12:33 CET 2026
#@# AvgCurv rh Fri Mar 13 02:12:34 CET 2026
#@# Cortical Parc rh Fri Mar 13 02:12:35 CET 2026
#@# white curv rh Fri Mar 13 02:17:48 CET 2026
#@# white area rh Fri Mar 13 02:17:50 CET 2026
#@# pial curv rh Fri Mar 13 02:17:50 CET 2026
#@# pial area rh Fri Mar 13 02:17:52 CET 2026
#@# thickness rh Fri Mar 13 02:17:53 CET 2026
#@# area and vertex vol rh Fri Mar 13 02:18:11 CET 2026
#@# Curvature Stats rh Fri Mar 13 02:18:12 CET 2026
#@# Cortical Parc 2 rh Fri Mar 13 02:18:14 CET 2026
#@# Cortical Parc 3 rh Fri Mar 13 02:18:24 CET 2026
#@# WM/GM Contrast rh Fri Mar 13 02:18:31 CET 2026
recon-all -s sub-v2s3x28793_ses-1 finished without error at Fri Mar 13 02:18:34 CET 2026



#New# invocation of recon-all 



status file for recon-all
Fri Mar 13 02:24:30 CET 2026
#@# white curv rh Fri Mar 13 02:24:30 CET 2026
#@# white area rh Fri Mar 13 02:24:30 CET 2026
#@# pial curv rh Fri Mar 13 02:24:30 CET 2026
#@# pial area rh Fri Mar 13 02:24:30 CET 2026
#@# thickness rh Fri Mar 13 02:24:30 CET 2026
#@# area and vertex vol rh Fri Mar 13 02:24:30 CET 2026
#@# Parcellation Stats rh Fri Mar 13 02:24:30 CET 2026
#@# Parcellation Stats 2 rh Fri Mar 13 02:24:43 CET 2026
#@# Parcellation Stats 3 rh Fri Mar 13 02:24:50 CET 2026
#@# BA_exvivo Labels rh Fri Mar 13 02:24:57 CET 2026
recon-all -s sub-v2s3x28793_ses-1 finished without error at Fri Mar 13 02:27:03 CET 2026
