status file for recon-all
Fri Mar 13 00:13:08 CET 2026
#@# MotionCor Fri Mar 13 00:13:10 CET 2026
#@# Talairach Fri Mar 13 00:13:15 CET 2026
#@# Talairach Failure Detection Fri Mar 13 00:16:06 CET 2026
#@# Nu Intensity Correction Fri Mar 13 00:16:06 CET 2026
#@# Intensity Normalization Fri Mar 13 00:18:52 CET 2026
recon-all -s sub-v2s3x28793_ses-1 finished without error at Fri Mar 13 00:19:52 CET 2026



#New# invocation of recon-all 



status file for recon-all
Fri Mar 13 00:26:22 CET 2026
#@# EM Registration Fri Mar 13 00:26:22 CET 2026
recon-all -s sub-v2s3x28793_ses-1 finished without error at Fri Mar 13 00:28:30 CET 2026



#New# invocation of recon-all 



status file for recon-all
Fri Mar 13 00:28:34 CET 2026
#@# CA Normalize Fri Mar 13 00:28:34 CET 2026
#@# CA Reg Fri Mar 13 00:29:29 CET 2026
#@# SubCort Seg Fri Mar 13 01:11:56 CET 2026
#@# CC Seg Fri Mar 13 01:30:25 CET 2026
#@# Merge ASeg Fri Mar 13 01:31:14 CET 2026
#@# Intensity Normalization2 Fri Mar 13 01:31:14 CET 2026
#@# Mask BFS Fri Mar 13 01:32:39 CET 2026
#@# WM Segmentation Fri Mar 13 01:32:40 CET 2026
#@# Fill Fri Mar 13 01:34:07 CET 2026
recon-all -s sub-v2s3x28793_ses-1 finished without error at Fri Mar 13 01:34:45 CET 2026



#New# invocation of recon-all 



status file for recon-all
Fri Mar 13 02:18:38 CET 2026
#@# white curv lh Fri Mar 13 02:18:38 CET 2026
#@# white area lh Fri Mar 13 02:18:38 CET 2026
#@# pial curv lh Fri Mar 13 02:18:38 CET 2026
#@# pial area lh Fri Mar 13 02:18:38 CET 2026
#@# thickness lh Fri Mar 13 02:18:38 CET 2026
#@# area and vertex vol lh Fri Mar 13 02:18:38 CET 2026
#@# white curv rh Fri Mar 13 02:18:38 CET 2026
#@# white area rh Fri Mar 13 02:18:38 CET 2026
#@# pial curv rh Fri Mar 13 02:18:38 CET 2026
#@# pial area rh Fri Mar 13 02:18:38 CET 2026
#@# thickness rh Fri Mar 13 02:18:38 CET 2026
#@# area and vertex vol rh Fri Mar 13 02:18:38 CET 2026
#@# Cortical ribbon mask Fri Mar 13 02:18:38 CET 2026
recon-all -s sub-v2s3x28793_ses-1 finished without error at Fri Mar 13 02:21:49 CET 2026



#New# invocation of recon-all 



status file for recon-all
Fri Mar 13 02:27:07 CET 2026
#@# white curv lh Fri Mar 13 02:27:08 CET 2026
#@# white area lh Fri Mar 13 02:27:08 CET 2026
#@# pial curv lh Fri Mar 13 02:27:08 CET 2026
#@# pial area lh Fri Mar 13 02:27:08 CET 2026
#@# thickness lh Fri Mar 13 02:27:08 CET 2026
#@# area and vertex vol lh Fri Mar 13 02:27:08 CET 2026
#@# white curv rh Fri Mar 13 02:27:08 CET 2026
#@# white area rh Fri Mar 13 02:27:08 CET 2026
#@# pial curv rh Fri Mar 13 02:27:08 CET 2026
#@# pial area rh Fri Mar 13 02:27:08 CET 2026
#@# thickness rh Fri Mar 13 02:27:08 CET 2026
#@# area and vertex vol rh Fri Mar 13 02:27:08 CET 2026
#@# Curvature Stats lh Fri Mar 13 02:27:08 CET 2026
#@# Curvature Stats rh Fri Mar 13 02:27:10 CET 2026
#@# Relabel Hypointensities Fri Mar 13 02:27:12 CET 2026
#@# APas-to-ASeg Fri Mar 13 02:27:23 CET 2026
#@# AParc-to-ASeg aparc Fri Mar 13 02:27:30 CET 2026
#@# AParc-to-ASeg aparc.a2009s Fri Mar 13 02:27:57 CET 2026
#@# AParc-to-ASeg aparc.DKTatlas Fri Mar 13 02:28:21 CET 2026
#@# WMParc Fri Mar 13 02:28:47 CET 2026
#@# ASeg Stats Fri Mar 13 02:30:39 CET 2026
recon-all -s sub-v2s3x28793_ses-1 finished without error at Fri Mar 13 02:31:05 CET 2026
