status file for recon-all
Fri Mar 13 01:34:49 CET 2026
#@# Tessellate lh Fri Mar 13 01:34:49 CET 2026
#@# Smooth1 lh Fri Mar 13 01:34:52 CET 2026
#@# Inflation1 lh Fri Mar 13 01:34:54 CET 2026
#@# QSphere lh Fri Mar 13 01:35:07 CET 2026
#@# Fix Topology lh Fri Mar 13 01:37:31 CET 2026
#@# Smooth2 lh Fri Mar 13 01:41:39 CET 2026
#@# Inflation2 lh Fri Mar 13 01:41:41 CET 2026
#@# Curv .H and .K lh Fri Mar 13 01:41:55 CET 2026
#@# Sphere lh Fri Mar 13 01:42:30 CET 2026
#@# Surf Reg lh Fri Mar 13 01:44:35 CET 2026
#@# Jacobian white lh Fri Mar 13 01:47:40 CET 2026
#@# AvgCurv lh Fri Mar 13 01:47:41 CET 2026
#@# Cortical Parc lh Fri Mar 13 01:47:42 CET 2026
#@# white curv lh Fri Mar 13 01:53:07 CET 2026
#@# white area lh Fri Mar 13 01:53:08 CET 2026
#@# pial curv lh Fri Mar 13 01:53:09 CET 2026
#@# pial area lh Fri Mar 13 01:53:10 CET 2026
#@# thickness lh Fri Mar 13 01:53:11 CET 2026
#@# area and vertex vol lh Fri Mar 13 01:53:29 CET 2026
#@# Curvature Stats lh Fri Mar 13 01:53:30 CET 2026
#@# Cortical Parc 2 lh Fri Mar 13 01:53:32 CET 2026
#@# Cortical Parc 3 lh Fri Mar 13 01:53:42 CET 2026
#@# WM/GM Contrast lh Fri Mar 13 01:53:49 CET 2026
recon-all -s sub-v2s3x28793_ses-1 finished without error at Fri Mar 13 01:53:51 CET 2026



#New# invocation of recon-all 



status file for recon-all
Fri Mar 13 02:21:53 CET 2026
#@# white curv lh Fri Mar 13 02:21:54 CET 2026
#@# white area lh Fri Mar 13 02:21:54 CET 2026
#@# pial curv lh Fri Mar 13 02:21:54 CET 2026
#@# pial area lh Fri Mar 13 02:21:54 CET 2026
#@# thickness lh Fri Mar 13 02:21:54 CET 2026
#@# area and vertex vol lh Fri Mar 13 02:21:54 CET 2026
#@# Parcellation Stats lh Fri Mar 13 02:21:54 CET 2026
#@# Parcellation Stats 2 lh Fri Mar 13 02:22:09 CET 2026
#@# Parcellation Stats 3 lh Fri Mar 13 02:22:16 CET 2026
#@# BA_exvivo Labels lh Fri Mar 13 02:22:24 CET 2026
recon-all -s sub-v2s3x28793_ses-1 finished without error at Fri Mar 13 02:24:27 CET 2026
