/out/sourcedata/freesurfer/sub-v2s3x28844_ses-1/mri
/opt/freesurfer/bin/talairach_avi
--i orig_nu.mgz --xfm transforms/talairach.auto.xfm
talairach_avi 7.3.2
Linux dna085 5.14.0-427.37.1.el9_4.x86_64 #1 SMP PREEMPT_DYNAMIC Fri Sep 13 12:41:50 EDT 2024 x86_64 x86_64 x86_64 GNU/Linux
Fri Mar 13 03:29:30 CET 2026
mri_convert orig_nu.mgz talsrcimg.img 
reading from orig_nu.mgz...
TR=0.00, TE=0.00, TI=0.00, flip angle=0.00
i_ras = (-1, 0, 0)
j_ras = (0, 0, -1)
k_ras = (0, 1, 0)
writing to talsrcimg.img...
Analyze Output Matrix
-1.00000   0.00000   0.00000   129.76346;
 0.00000   0.00000   1.00000  -86.65253;
 0.00000  -1.00000   0.00000   131.41476;
 0.00000   0.00000   0.00000   1.00000;
--------------------
INFO: set hdr.hist.orient to -1
mpr2mni305 talsrcimg
Fri Mar 13 03:29:30 CET 2026
/opt/freesurfer/bin/mpr2mni305 talsrcimg
mpr2mni305 7.3.2
target=711-2C_as_mni_average_305

---------------------------------------------------------------------
analyzeto4dfp talsrcimg -O0 -y
---------------------------------------------------------------------

freesurfer ifh2hdr.c
Fri Mar 13 03:29:30 2026
Writing: talsrcimg.4dfp.hdr
freesurfer analyzeto4dfp.c
Reading: talsrcimg.hdr
header size 348 bytes
hdr.dime.datatype	offset=70	value=2
hdr.dime.bitpix		offset=72	value=8
hdr.hist.orient		offset=252	value=-1
dimensionality     4
dimensions       256       256       256         1
Reading: talsrcimg.img
Writing: talsrcimg.4dfp.img
Writing: talsrcimg.4dfp.ifh
ifh2hdr talsrcimg -r0to222
ori=2

---------------------------------------------------------------------
gauss_4dfp talsrcimg 1.1
---------------------------------------------------------------------

freesurfer gauss_4dfp.c
Reading: talsrcimg.4dfp.img
Writing: talsrcimg_g11.4dfp.img
image dimensions 256 256 256 padded to 288 288 288
processing volume 1freesurfer ifh2hdr.c
Fri Mar 13 03:29:32 2026
Writing: talsrcimg_g11.4dfp.hdr

Writing: talsrcimg_g11.4dfp.ifh
including: talsrcimg.4dfp.img.rec in talsrcimg_g11.4dfp.img.rec

---------------------------------------------------------------------
imgreg_4dfp /opt/freesurfer/average/711-2C_as_mni_average_305 none talsrcimg_g11 none talsrcimg_to_711-2C_as_mni_average_305_t4 4355
---------------------------------------------------------------------

freesurfer imgreg_4dfp.c
/opt/freesurfer/average/711-2C_as_mni_average_305.4dfp.img
       256       256       256         1
  1.000000  1.000000  1.000000
orientation T byte_order littleendian
Reading image: /opt/freesurfer/average/711-2C_as_mni_average_305.4dfp.img
dimensions:      256       256       256
mmppix:       1.0000   -1.0000   -1.0000
center:     128.0000 -129.0000 -129.0000
talsrcimg_g11.4dfp.img
       256       256       256         1
  1.000000  1.000000  1.000000
orientation T byte_order littleendian
Reading image: talsrcimg_g11.4dfp.img
dimensions:      256       256       256
mmppix:       1.0000   -1.0000   -1.0000
center:     128.0000 -129.0000 -129.0000
t4_read: open error in t4_sub.f l:  41 t4_file(1:l)talsrcimg_to_711-2C_as_mni_average_305_t4 
t4_read: transform initialized to I4
rotation matrix determinant  1.000000
image alignment mode   4355 decimal     1103 hex
   -7.5000  -45.0000  -45.0000 5563.9160   15.7085
    0.0000  -45.0000  -45.0000 5789.5205   15.7690
    7.5000  -45.0000  -45.0000 5521.4199   15.7801
   -7.5000  -37.5000  -45.0000 6173.4019   15.3077
    0.0000  -37.5000  -45.0000 6423.2666   15.3642
    7.5000  -37.5000  -45.0000 6136.2559   15.3673
   -7.5000  -30.0000  -45.0000 7133.9912   15.0170
    0.0000  -30.0000  -45.0000 7417.5972   15.0683
    7.5000  -30.0000  -45.0000 7098.3140   15.0675
   -7.5000  -22.5000  -45.0000 8194.3242   14.8035
    0.0000  -22.5000  -45.0000 8542.2725   14.8463
    7.5000  -22.5000  -45.0000 8137.7485   14.8423
   -7.5000  -15.0000  -45.0000 9280.3027   14.7138
    0.0000  -15.0000  -45.0000 9672.0557   14.7555
    7.5000  -15.0000  -45.0000 9186.8506   14.7545
   -7.5000   -7.5000  -45.000010346.4346   14.6908
    0.0000   -7.5000  -45.000010752.3682   14.7381
    7.5000   -7.5000  -45.000010214.5576   14.7448
   -7.5000    0.0000  -45.000011321.6611   14.7208
    0.0000    0.0000  -45.000011767.5088   14.7720
    7.5000    0.0000  -45.000011159.0869   14.7807
   -7.5000    7.5000  -45.000011369.3896   14.7501
    0.0000    7.5000  -45.000011808.5605   14.8015
    7.5000    7.5000  -45.000011181.3975   14.8056
   -7.5000   15.0000  -45.000011241.2412   14.7490
    0.0000   15.0000  -45.000011701.6826   14.7966
    7.5000   15.0000  -45.000011050.9434   14.7955
   -7.5000   22.5000  -45.000011037.2754   14.7150
    0.0000   22.5000  -45.000011500.8271   14.7564
    7.5000   22.5000  -45.000010854.5889   14.7523
   -7.5000   30.0000  -45.000010736.8262   14.4924
    0.0000   30.0000  -45.000011187.0420   14.5332
    7.5000   30.0000  -45.000010577.8467   14.5324
   -7.5000   37.5000  -45.000010831.0801   14.4950
    0.0000   37.5000  -45.000011260.2939   14.5417
    7.5000   37.5000  -45.000010646.1670   14.5483
   -7.5000   45.0000  -45.000010464.6250   14.1558
    0.0000   45.0000  -45.000010851.2178   14.2051
    7.5000   45.0000  -45.000010248.6943   14.2134
   -7.5000  -45.0000  -37.5000 5895.5034   15.7520
    0.0000  -45.0000  -37.5000 6120.6870   15.8205
    7.5000  -45.0000  -37.5000 5845.4688   15.8289
   -7.5000  -37.5000  -37.5000 6551.7344   15.3410
    0.0000  -37.5000  -37.5000 6804.8052   15.4067
    7.5000  -37.5000  -37.5000 6509.3252   15.4123
   -7.5000  -30.0000  -37.5000 7589.7837   15.0430
    0.0000  -30.0000  -37.5000 7902.1772   15.1016
    7.5000  -30.0000  -37.5000 7538.8672   15.1065
   -7.5000  -22.5000  -37.5000 8723.2178   14.8307
    0.0000  -22.5000  -37.5000 9082.8691   14.8786
    7.5000  -22.5000  -37.5000 8648.9531   14.8779
   -7.5000  -15.0000  -37.5000 9845.2588   14.7475
    0.0000  -15.0000  -37.500010233.7041   14.7927
    7.5000  -15.0000  -37.5000 9736.9141   14.7903
   -7.5000   -7.5000  -37.500010945.0752   14.7285
    0.0000   -7.5000  -37.500011367.4570   14.7799
    7.5000   -7.5000  -37.500010804.6133   14.7825
   -7.5000    0.0000  -37.500011947.5166   14.7569
    0.0000    0.0000  -37.500012421.2793   14.8150
    7.5000    0.0000  -37.500011780.2861   14.8214
   -7.5000    7.5000  -37.500011955.1064   14.7798
    0.0000    7.5000  -37.500012431.2949   14.8397
    7.5000    7.5000  -37.500011791.9463   14.8464
   -7.5000   15.0000  -37.500011831.4600   14.7736
    0.0000   15.0000  -37.500012318.6914   14.8283
    7.5000   15.0000  -37.500011641.6201   14.8327
   -7.5000   22.5000  -37.500011603.5410   14.7418
    0.0000   22.5000  -37.500012103.8418   14.7882
    7.5000   22.5000  -37.500011416.1299   14.7876
   -7.5000   30.0000  -37.500011278.0098   14.5256
    0.0000   30.0000  -37.500011777.1689   14.5697
    7.5000   30.0000  -37.500011109.3809   14.5676
   -7.5000   37.5000  -37.500011344.0420   14.5322
    0.0000   37.5000  -37.500011819.6367   14.5829
    7.5000   37.5000  -37.500011160.0664   14.5854
   -7.5000   45.0000  -37.500010935.8994   14.1905
    0.0000   45.0000  -37.500011364.8477   14.2464
    7.5000   45.0000  -37.500010715.0430   14.2525
   -7.5000  -45.0000  -30.0000 6314.3467   16.4420
    0.0000  -45.0000  -30.0000 6568.7471   16.5152
    7.5000  -45.0000  -30.0000 6267.7700   16.5176
   -7.5000  -37.5000  -30.0000 7040.6543   16.0027
    0.0000  -37.5000  -30.0000 7327.7061   16.0715
    7.5000  -37.5000  -30.0000 6995.1255   16.0748
   -7.5000  -30.0000  -30.0000 8174.4922   15.6787
    0.0000  -30.0000  -30.0000 8507.7080   15.7401
    7.5000  -30.0000  -30.0000 8101.7466   15.7469
   -7.5000  -22.5000  -30.0000 9381.0371   15.4555
    0.0000  -22.5000  -30.0000 9761.0850   15.5066
    7.5000  -22.5000  -30.0000 9290.0596   15.5081
   -7.5000  -15.0000  -30.000010564.7412   15.3768
    0.0000  -15.0000  -30.000010985.6377   15.4253
    7.5000  -15.0000  -30.000010443.9004   15.4217
   -7.5000   -7.5000  -30.000011708.4219   15.3671
    0.0000   -7.5000  -30.000012180.7822   15.4218
    7.5000   -7.5000  -30.000011567.4180   15.4195
   -7.5000    0.0000  -30.000012719.0527   15.3995
    0.0000    0.0000  -30.000013258.9375   15.4611
    7.5000    0.0000  -30.000012589.8516   15.4619
   -7.5000    7.5000  -30.000012683.1797   15.4156
    0.0000    7.5000  -30.000013216.6230   15.4782
    7.5000    7.5000  -30.000012567.6768   15.4830
   -7.5000   15.0000  -30.000012570.0430   15.3980
    0.0000   15.0000  -30.000013090.4346   15.4552
    7.5000   15.0000  -30.000012417.9570   15.4615
   -7.5000   22.5000  -30.000012326.5654   15.3612
    0.0000   22.5000  -30.000012870.5098   15.4107
    7.5000   22.5000  -30.000012166.8154   15.4121
   -7.5000   30.0000  -30.000011981.4912   15.1469
    0.0000   30.0000  -30.000012508.0430   15.1944
    7.5000   30.0000  -30.000011817.6201   15.1911
   -7.5000   37.5000  -30.000012038.9961   15.1638
    0.0000   37.5000  -30.000012557.4082   15.2177
    7.5000   37.5000  -30.000011861.1934   15.2154
   -7.5000   45.0000  -30.000011541.0684   14.8193
    0.0000   45.0000  -30.000012021.2598   14.8786
    7.5000   45.0000  -30.000011337.1406   14.8794
   -7.5000  -45.0000  -22.5000 6711.3809   16.9863
    0.0000  -45.0000  -22.5000 6976.4932   17.0534
    7.5000  -45.0000  -22.5000 6664.0923   17.0518
   -7.5000  -37.5000  -22.5000 7499.5308   16.5305
    0.0000  -37.5000  -22.5000 7801.0098   16.5918
    7.5000  -37.5000  -22.5000 7461.8423   16.5892
   -7.5000  -30.0000  -22.5000 8710.9971   16.1887
    0.0000  -30.0000  -22.5000 9060.4844   16.2453
    7.5000  -30.0000  -22.5000 8648.6914   16.2479
   -7.5000  -22.5000  -22.5000 9984.3691   15.9547
    0.0000  -22.5000  -22.500010387.0898   16.0040
    7.5000  -22.5000  -22.5000 9899.7441   16.0040
   -7.5000  -15.0000  -22.500011230.7383   15.8752
    0.0000  -15.0000  -22.500011670.5010   15.9230
    7.5000  -15.0000  -22.500011118.9707   15.9196
   -7.5000   -7.5000  -22.500012418.5869   15.8723
    0.0000   -7.5000  -22.500012918.6484   15.9246
    7.5000   -7.5000  -22.500012301.2305   15.9209
   -7.5000    0.0000  -22.500013462.5205   15.9107
    0.0000    0.0000  -22.500014016.1104   15.9664
    7.5000    0.0000  -22.500013356.5674   15.9630
   -7.5000    7.5000  -22.500013409.2412   15.9248
    0.0000    7.5000  -22.500013974.8936   15.9804
    7.5000    7.5000  -22.500013322.6377   15.9798
   -7.5000   15.0000  -22.500013251.4365   15.8999
    0.0000   15.0000  -22.500013807.3662   15.9524
    7.5000   15.0000  -22.500013151.4736   15.9545
   -7.5000   22.5000  -22.500012965.8076   15.8564
    0.0000   22.5000  -22.500013523.6924   15.9041
    7.5000   22.5000  -22.500012857.9375   15.9040
   -7.5000   30.0000  -22.500012582.6621   15.6405
    0.0000   30.0000  -22.500013154.9375   15.6872
    7.5000   30.0000  -22.500012472.8760   15.6841
   -7.5000   37.5000  -22.500012656.7520   15.6647
    0.0000   37.5000  -22.500013227.8262   15.7163
    7.5000   37.5000  -22.500012504.4609   15.7126
   -7.5000   45.0000  -22.500012126.3252   15.3228
    0.0000   45.0000  -22.500012649.3340   15.3764
    7.5000   45.0000  -22.500011957.2490   15.3732
   -7.5000  -45.0000  -15.0000 7073.3687   17.3477
    0.0000  -45.0000  -15.0000 7352.1025   17.4071
    7.5000  -45.0000  -15.0000 7029.3330   17.4072
   -7.5000  -37.5000  -15.0000 7983.2646   16.8911
    0.0000  -37.5000  -15.0000 8295.4609   16.9445
    7.5000  -37.5000  -15.0000 7930.4707   16.9389
   -7.5000  -30.0000  -15.0000 9261.8721   16.5473
    0.0000  -30.0000  -15.0000 9633.3994   16.5985
    7.5000  -30.0000  -15.0000 9192.0068   16.5960
   -7.5000  -22.5000  -15.000010584.4609   16.3056
    0.0000  -22.5000  -15.000011007.7793   16.3512
    7.5000  -22.5000  -15.000010510.2705   16.3482
   -7.5000  -15.0000  -15.000011892.0254   16.2177
    0.0000  -15.0000  -15.000012358.8672   16.2622
    7.5000  -15.0000  -15.000011786.6289   16.2601
   -7.5000   -7.5000  -15.000013099.9180   16.2122
    0.0000   -7.5000  -15.000013630.4629   16.2600
    7.5000   -7.5000  -15.000012998.0986   16.2595
   -7.5000    0.0000  -15.000014171.7139   16.2542
    0.0000    0.0000  -15.000014737.0254   16.3030
    7.5000    0.0000  -15.000014099.7734   16.3008
   -7.5000    7.5000  -15.000014153.6621   16.2745
    0.0000    7.5000  -15.000014725.9785   16.3229
    7.5000    7.5000  -15.000014077.0283   16.3193
   -7.5000   15.0000  -15.000013950.0020   16.2531
    0.0000   15.0000  -15.000014487.7432   16.3003
    7.5000   15.0000  -15.000013870.5303   16.2974
   -7.5000   22.5000  -15.000013587.4951   16.2046
    0.0000   22.5000  -15.000014136.1846   16.2486
    7.5000   22.5000  -15.000013517.2539   16.2456
   -7.5000   30.0000  -15.000013197.8604   15.9802
    0.0000   30.0000  -15.000013760.1260   16.0237
    7.5000   30.0000  -15.000013105.3877   16.0218
   -7.5000   37.5000  -15.000013270.8818   16.0024
    0.0000   37.5000  -15.000013815.1377   16.0495
    7.5000   37.5000  -15.000013149.8584   16.0491
   -7.5000   45.0000  -15.000012676.4395   15.6630
    0.0000   45.0000  -15.000013187.6914   15.7101
    7.5000   45.0000  -15.000012533.1201   15.7080
   -7.5000  -45.0000   -7.5000 7459.9805   17.5245
    0.0000  -45.0000   -7.5000 7752.5601   17.5845
    7.5000  -45.0000   -7.5000 7412.1016   17.5920
   -7.5000  -37.5000   -7.5000 8457.2061   17.0752
    0.0000  -37.5000   -7.5000 8786.5000   17.1293
    7.5000  -37.5000   -7.5000 8379.9746   17.1271
   -7.5000  -30.0000   -7.5000 9792.1973   16.7426
    0.0000  -30.0000   -7.500010194.7578   16.7932
    7.5000  -30.0000   -7.5000 9707.2441   16.7891
   -7.5000  -22.5000   -7.500011184.1328   16.4999
    0.0000  -22.5000   -7.500011642.7363   16.5439
    7.5000  -22.5000   -7.500011105.2773   16.5388
   -7.5000  -15.0000   -7.500012550.4111   16.4017
    0.0000  -15.0000   -7.500013058.8262   16.4453
    7.5000  -15.0000   -7.500012464.1289   16.4445
   -7.5000   -7.5000   -7.500013785.6953   16.3844
    0.0000   -7.5000   -7.500014346.4941   16.4327
    7.5000   -7.5000   -7.500013705.4424   16.4381
   -7.5000    0.0000   -7.500014922.6455   16.4236
    0.0000    0.0000   -7.500015512.7441   16.4735
    7.5000    0.0000   -7.500014855.9082   16.4782
   -7.5000    7.5000   -7.500014943.6729   16.4537
    0.0000    7.5000   -7.500015554.4834   16.5028
    7.5000    7.5000   -7.500014866.4785   16.5021
   -7.5000   15.0000   -7.500014746.8242   16.4448
    0.0000   15.0000   -7.500015303.2480   16.4915
    7.5000   15.0000   -7.500014653.5410   16.4870
   -7.5000   22.5000   -7.500014320.1992   16.3961
    0.0000   22.5000   -7.500014903.2822   16.4385
    7.5000   22.5000   -7.500014276.7012   16.4334
   -7.5000   30.0000   -7.500013921.3945   16.1610
    0.0000   30.0000   -7.500014492.6133   16.2036
    7.5000   30.0000   -7.500013853.3506   16.2031
   -7.5000   37.5000   -7.500013954.0107   16.1719
    0.0000   37.5000   -7.500014518.1289   16.2196
    7.5000   37.5000   -7.500013885.6641   16.2249
   -7.5000   45.0000   -7.500013264.4365   15.8293
    0.0000   45.0000   -7.500013773.2256   15.8774
    7.5000   45.0000   -7.500013195.0469   15.8819
   -7.5000  -45.0000    0.0000 7781.2329   17.5780
    0.0000  -45.0000    0.0000 8099.8276   17.6457
    7.5000  -45.0000    0.0000 7718.6069   17.6581
   -7.5000  -37.5000    0.0000 8839.8730   17.1295
    0.0000  -37.5000    0.0000 9203.0410   17.1928
    7.5000  -37.5000    0.0000 8744.9238   17.1963
   -7.5000  -30.0000    0.000010265.3779   16.8043
    0.0000  -30.0000    0.000010658.6982   16.8616
    7.5000  -30.0000    0.000010142.4170   16.8608
   -7.5000  -22.5000    0.000011719.9678   16.5653
    0.0000  -22.5000    0.000012185.8496   16.6133
    7.5000  -22.5000    0.000011612.1123   16.6087
   -7.5000  -15.0000    0.000013096.3184   16.4650
    0.0000  -15.0000    0.000013641.0830   16.5117
    7.5000  -15.0000    0.000012980.8184   16.5106
   -7.5000   -7.5000    0.000014314.2451   16.4393
    0.0000   -7.5000    0.000014879.2754   16.4922
    7.5000   -7.5000    0.000014226.6162   16.4997
   -7.5000    0.0000    0.000015449.2031   16.4728
    0.0000    0.0000    0.000016047.0361   16.5301
    7.5000    0.0000    0.000015394.5371   16.5398
   -7.5000    7.5000    0.000015515.5986   16.5056
    0.0000    7.5000    0.000016089.8066   16.5631
    7.5000    7.5000    0.000015412.7275   16.5678
   -7.5000   15.0000    0.000015309.8916   16.5044
    0.0000   15.0000    0.000015815.9482   16.5576
    7.5000   15.0000    0.000015244.6123   16.5564
   -7.5000   22.5000    0.000014877.8574   16.4610
    0.0000   22.5000    0.000015382.3730   16.5073
    7.5000   22.5000    0.000014892.9092   16.5028
   -7.5000   30.0000    0.000014497.5869   16.2236
    0.0000   30.0000    0.000015005.3691   16.2692
    7.5000   30.0000    0.000014464.1328   16.2684
   -7.5000   37.5000    0.000014508.5029   16.2265
    0.0000   37.5000    0.000015027.5469   16.2787
    7.5000   37.5000    0.000014479.6865   16.2861
   -7.5000   45.0000    0.000013759.3232   15.8779
    0.0000   45.0000    0.000014249.4424   15.9331
    7.5000   45.0000    0.000013738.8594   15.9425
   -7.5000  -45.0000    7.5000 7485.0913   17.6269
    0.0000  -45.0000    7.5000 7769.2095   17.7035
    7.5000  -45.0000    7.5000 7405.4370   17.7129
   -7.5000  -37.5000    7.5000 8485.6338   17.1670
    0.0000  -37.5000    7.5000 8831.0791   17.2405
    7.5000  -37.5000    7.5000 8375.0508   17.2468
   -7.5000  -30.0000    7.5000 9858.7744   16.8335
    0.0000  -30.0000    7.500010265.1133   16.8991
    7.5000  -30.0000    7.5000 9740.6387   16.9045
   -7.5000  -22.5000    7.500011272.9453   16.5959
    0.0000  -22.5000    7.500011758.3213   16.6495
    7.5000  -22.5000    7.500011162.9814   16.6488
   -7.5000  -15.0000    7.500012595.8574   16.5028
    0.0000  -15.0000    7.500013134.7480   16.5534
    7.5000  -15.0000    7.500012486.9668   16.5507
   -7.5000   -7.5000    7.500013777.6934   16.4816
    0.0000   -7.5000    7.500014321.9658   16.5391
    7.5000   -7.5000    7.500013685.6289   16.5420
   -7.5000    0.0000    7.500014873.5391   16.5133
    0.0000    0.0000    7.500015444.9492   16.5784
    7.5000    0.0000    7.500014793.7510   16.5855
   -7.5000    7.5000    7.500014833.4307   16.5390
    0.0000    7.5000    7.500015369.9941   16.6060
    7.5000    7.5000    7.500014762.3994   16.6135
   -7.5000   15.0000    7.500014627.8613   16.5321
    0.0000   15.0000    7.500015118.3057   16.5933
    7.5000   15.0000    7.500014579.2803   16.5982
   -7.5000   22.5000    7.500014343.4121   16.4912
    0.0000   22.5000    7.500014832.7002   16.5431
    7.5000   22.5000    7.500014295.0264   16.5423
   -7.5000   30.0000    7.500014041.4238   16.2608
    0.0000   30.0000    7.500014545.6631   16.3102
    7.5000   30.0000    7.500013924.2822   16.3079
   -7.5000   37.5000    7.500014072.3662   16.2683
    0.0000   37.5000    7.500014588.3574   16.3250
    7.5000   37.5000    7.500013950.5596   16.3279
   -7.5000   45.0000    7.500013310.6729   15.9170
    0.0000   45.0000    7.500013796.6055   15.9797
    7.5000   45.0000    7.500013220.9395   15.9865
   -7.5000  -45.0000   15.0000 7041.5190   17.6742
    0.0000  -45.0000   15.0000 7322.9829   17.7529
    7.5000  -45.0000   15.0000 6967.3076   17.7559
   -7.5000  -37.5000   15.0000 8009.2407   17.2015
    0.0000  -37.5000   15.0000 8315.4365   17.2756
    7.5000  -37.5000   15.0000 7894.2949   17.2794
   -7.5000  -30.0000   15.0000 9332.0449   16.8530
    0.0000  -30.0000   15.0000 9697.6289   16.9190
    7.5000  -30.0000   15.0000 9212.6426   16.9267
   -7.5000  -22.5000   15.000010682.5381   16.6129
    0.0000  -22.5000   15.000011112.3945   16.6679
    7.5000  -22.5000   15.000010572.9404   16.6698
   -7.5000  -15.0000   15.000011948.8838   16.5281
    0.0000  -15.0000   15.000012441.3408   16.5804
    7.5000  -15.0000   15.000011826.0049   16.5768
   -7.5000   -7.5000   15.000013068.6895   16.5177
    0.0000   -7.5000   15.000013615.6934   16.5766
    7.5000   -7.5000   15.000012981.8604   16.5743
   -7.5000    0.0000   15.000014124.1406   16.5525
    0.0000    0.0000   15.000014743.0986   16.6187
    7.5000    0.0000   15.000014030.1572   16.6199
   -7.5000    7.5000   15.000014089.7793   16.5698
    0.0000    7.5000   15.000014679.5400   16.6372
    7.5000    7.5000   15.000013995.3389   16.6426
   -7.5000   15.0000   15.000013935.5332   16.5510
    0.0000   15.0000   15.000014477.3359   16.6126
    7.5000   15.0000   15.000013828.5205   16.6196
   -7.5000   22.5000   15.000013693.9775   16.5078
    0.0000   22.5000   15.000014217.7500   16.5611
    7.5000   22.5000   15.000013582.9404   16.5629
   -7.5000   30.0000   15.000013395.4297   16.2858
    0.0000   30.0000   15.000013897.8711   16.3370
    7.5000   30.0000   15.000013251.7422   16.3337
   -7.5000   37.5000   15.000013404.7432   16.3039
    0.0000   37.5000   15.000013913.5879   16.3620
    7.5000   37.5000   15.000013291.5283   16.3598
   -7.5000   45.0000   15.000012678.9404   15.9547
    0.0000   45.0000   15.000013166.9736   16.0185
    7.5000   45.0000   15.000012612.0811   16.0197
   -7.5000  -45.0000   22.5000 6571.5015   17.7015
    0.0000  -45.0000   22.5000 6832.2212   17.7720
    7.5000  -45.0000   22.5000 6515.6802   17.7712
   -7.5000  -37.5000   22.5000 7474.0942   17.2270
    0.0000  -37.5000   22.5000 7765.4053   17.2914
    7.5000  -37.5000   22.5000 7387.6470   17.2896
   -7.5000  -30.0000   22.5000 8695.2803   16.8700
    0.0000  -30.0000   22.5000 9051.8594   16.9296
    7.5000  -30.0000   22.5000 8602.9863   16.9331
   -7.5000  -22.5000   22.5000 9961.9014   16.6252
    0.0000  -22.5000   22.500010375.3174   16.6772
    7.5000  -22.5000   22.5000 9855.2969   16.6779
   -7.5000  -15.0000   22.500011159.4238   16.5422
    0.0000  -15.0000   22.500011635.5938   16.5926
    7.5000  -15.0000   22.500011035.9082   16.5897
   -7.5000   -7.5000   22.500012253.8535   16.5395
    0.0000   -7.5000   22.500012806.6611   16.5945
    7.5000   -7.5000   22.500012133.8994   16.5914
   -7.5000    0.0000   22.500013296.5264   16.5799
    0.0000    0.0000   22.500013878.4453   16.6385
    7.5000    0.0000   22.500013158.7334   16.6358
   -7.5000    7.5000   22.500013301.5166   16.5945
    0.0000    7.5000   22.500013838.2754   16.6530
    7.5000    7.5000   22.500013146.5186   16.6532
   -7.5000   15.0000   22.500013144.8975   16.5681
    0.0000   15.0000   22.500013651.0684   16.6234
    7.5000   15.0000   22.500012978.8379   16.6264
   -7.5000   22.5000   22.500012857.1680   16.5199
    0.0000   22.5000   22.500013346.0742   16.5702
    7.5000   22.5000   22.500012718.3047   16.5708
   -7.5000   30.0000   22.500012540.1982   16.2998
    0.0000   30.0000   22.500013010.7402   16.3490
    7.5000   30.0000   22.500012410.4844   16.3465
   -7.5000   37.5000   22.500012558.3467   16.3254
    0.0000   37.5000   22.500013031.6768   16.3797
    7.5000   37.5000   22.500012465.8604   16.3767
   -7.5000   45.0000   22.500011935.9805   15.9812
    0.0000   45.0000   22.500012362.0439   16.0376
    7.5000   45.0000   22.500011854.8027   16.0350
   -7.5000  -45.0000   30.0000 6052.6895   17.7977
    0.0000  -45.0000   30.0000 6307.0112   17.8596
    7.5000  -45.0000   30.0000 6010.9473   17.8611
   -7.5000  -37.5000   30.0000 6873.5820   17.3287
    0.0000  -37.5000   30.0000 7148.3496   17.3848
    7.5000  -37.5000   30.0000 6803.4336   17.3802
   -7.5000  -30.0000   30.0000 8015.9951   16.9754
    0.0000  -30.0000   30.0000 8350.7305   17.0294
    7.5000  -30.0000   30.0000 7929.2437   17.0279
   -7.5000  -22.5000   30.0000 9196.5342   16.7276
    0.0000  -22.5000   30.0000 9592.5654   16.7756
    7.5000  -22.5000   30.0000 9104.5645   16.7739
   -7.5000  -15.0000   30.000010320.5840   16.6388
    0.0000  -15.0000   30.000010778.8281   16.6856
    7.5000  -15.0000   30.000010204.7139   16.6849
   -7.5000   -7.5000   30.000011343.5205   16.6330
    0.0000   -7.5000   30.000011857.4297   16.6830
    7.5000   -7.5000   30.000011230.1611   16.6841
   -7.5000    0.0000   30.000012297.0498   16.6767
    0.0000    0.0000   30.000012832.7666   16.7279
    7.5000    0.0000   30.000012166.4258   16.7270
   -7.5000    7.5000   30.000012283.8457   16.6981
    0.0000    7.5000   30.000012815.3076   16.7491
    7.5000    7.5000   30.000012136.4639   16.7467
   -7.5000   15.0000   30.000012127.0371   16.6761
    0.0000   15.0000   30.000012640.8311   16.7261
    7.5000   15.0000   30.000012004.5596   16.7242
   -7.5000   22.5000   30.000011878.4600   16.6239
    0.0000   22.5000   30.000012385.2197   16.6703
    7.5000   22.5000   30.000011765.8193   16.6686
   -7.5000   30.0000   30.000011561.4795   16.3949
    0.0000   30.0000   30.000012057.8789   16.4406
    7.5000   30.0000   30.000011468.7666   16.4402
   -7.5000   37.5000   30.000011592.6543   16.4177
    0.0000   37.5000   30.000012075.8018   16.4671
    7.5000   37.5000   30.000011530.2217   16.4681
   -7.5000   45.0000   30.000011053.7373   16.0744
    0.0000   45.0000   30.000011489.0674   16.1237
    7.5000   45.0000   30.000010987.8613   16.1229
   -7.5000  -45.0000   37.5000 5752.0010   18.0161
    0.0000  -45.0000   37.5000 5989.2100   18.0779
    7.5000  -45.0000   37.5000 5708.2134   18.0884
   -7.5000  -37.5000   37.5000 6527.6074   17.5485
    0.0000  -37.5000   37.5000 6790.0962   17.6052
    7.5000  -37.5000   37.5000 6473.8115   17.6053
   -7.5000  -30.0000   37.5000 7627.6880   17.2032
    0.0000  -30.0000   37.5000 7917.8633   17.2572
    7.5000  -30.0000   37.5000 7550.4287   17.2555
   -7.5000  -22.5000   37.5000 8748.7236   16.9540
    0.0000  -22.5000   37.5000 9100.9844   17.0010
    7.5000  -22.5000   37.5000 8674.0879   16.9983
   -7.5000  -15.0000   37.5000 9812.5986   16.8576
    0.0000  -15.0000   37.500010232.9961   16.9035
    7.5000  -15.0000   37.5000 9725.7832   16.9053
   -7.5000   -7.5000   37.500010801.1787   16.8405
    0.0000   -7.5000   37.500011277.5791   16.8906
    7.5000   -7.5000   37.500010705.1885   16.8989
   -7.5000    0.0000   37.500011693.4346   16.8820
    0.0000    0.0000   37.500012210.8125   16.9338
    7.5000    0.0000   37.500011585.2949   16.9413
   -7.5000    7.5000   37.500011699.1250   16.9126
    0.0000    7.5000   37.500012206.6221   16.9644
    7.5000    7.5000   37.500011568.9414   16.9662
   -7.5000   15.0000   37.500011568.4922   16.9019
    0.0000   15.0000   37.500012052.6504   16.9521
    7.5000   15.0000   37.500011439.6924   16.9500
   -7.5000   22.5000   37.500011315.4336   16.8508
    0.0000   22.5000   37.500011804.1357   16.8962
    7.5000   22.5000   37.500011220.4619   16.8935
   -7.5000   30.0000   37.500011013.0400   16.6100
    0.0000   30.0000   37.500011484.2812   16.6549
    7.5000   30.0000   37.500010942.6562   16.6568
   -7.5000   37.5000   37.500011079.2559   16.6225
    0.0000   37.5000   37.500011538.7158   16.6720
    7.5000   37.5000   37.500011014.5293   16.6802
   -7.5000   45.0000   37.500010598.9287   16.2723
    0.0000   45.0000   37.500011018.6768   16.3222
    7.5000   45.0000   37.500010515.4248   16.3295
   -7.5000  -45.0000   45.0000 5206.6274   18.3767
    0.0000  -45.0000   45.0000 5425.6450   18.4465
    7.5000  -45.0000   45.0000 5179.4961   18.4615
   -7.5000  -37.5000   45.0000 5923.9668   17.8924
    0.0000  -37.5000   45.0000 6156.4126   17.9589
    7.5000  -37.5000   45.0000 5886.1226   17.9652
   -7.5000  -30.0000   45.0000 6927.7402   17.5450
    0.0000  -30.0000   45.0000 7188.3550   17.6058
    7.5000  -30.0000   45.0000 6867.2368   17.6078
   -7.5000  -22.5000   45.0000 7939.5391   17.2946
    0.0000  -22.5000   45.0000 8253.4688   17.3445
    7.5000  -22.5000   45.0000 7879.6812   17.3417
   -7.5000  -15.0000   45.0000 8927.1162   17.1955
    0.0000  -15.0000   45.0000 9287.3906   17.2430
    7.5000  -15.0000   45.0000 8852.2178   17.2432
   -7.5000   -7.5000   45.0000 9840.5098   17.1679
    0.0000   -7.5000   45.000010220.6377   17.2219
    7.5000   -7.5000   45.0000 9747.1367   17.2313
   -7.5000    0.0000   45.000010645.0654   17.2034
    0.0000    0.0000   45.000011062.5137   17.2628
    7.5000    0.0000   45.000010557.0908   17.2751
   -7.5000    7.5000   45.000010640.8311   17.2375
    0.0000    7.5000   45.000011070.5938   17.2984
    7.5000    7.5000   45.000010558.1152   17.3061
   -7.5000   15.0000   45.000010507.4043   17.2355
    0.0000   15.0000   45.000010945.8301   17.2922
    7.5000   15.0000   45.000010438.6777   17.2940
   -7.5000   22.5000   45.000010299.8418   17.1898
    0.0000   22.5000   45.000010727.8545   17.2380
    7.5000   22.5000   45.000010229.4824   17.2354
   -7.5000   30.0000   45.000010023.8984   16.9407
    0.0000   30.0000   45.000010433.8770   16.9871
    7.5000   30.0000   45.0000 9964.5156   16.9875
   -7.5000   37.5000   45.000010114.6475   16.9442
    0.0000   37.5000   45.000010507.7246   16.9975
    7.5000   37.5000   45.000010036.9189   17.0067
   -7.5000   45.0000   45.0000 9710.5254   16.5896
    0.0000   45.0000   45.000010086.6055   16.6469
    7.5000   45.0000   45.0000 9626.1680   16.6588

---------------------------------------------------------------------
imgreg_4dfp /opt/freesurfer/average/711-2C_as_mni_average_305 /opt/freesurfer/average/711-2B_as_mni_average_305_mask talsrcimg_g11 none talsrcimg_to_711-2C_as_mni_average_305_t4 4355
---------------------------------------------------------------------

freesurfer imgreg_4dfp.c
/opt/freesurfer/average/711-2C_as_mni_average_305.4dfp.img
       256       256       256         1
  1.000000  1.000000  1.000000
orientation T byte_order littleendian
Reading image: /opt/freesurfer/average/711-2C_as_mni_average_305.4dfp.img
dimensions:      256       256       256
mmppix:       1.0000   -1.0000   -1.0000
center:     128.0000 -129.0000 -129.0000
/opt/freesurfer/average/711-2B_as_mni_average_305_mask.4dfp.img
       256       256       256         1
  1.000000  1.000000  1.000000
orientation T byte_order littleendian
Reading mask: /opt/freesurfer/average/711-2B_as_mni_average_305_mask.4dfp.img (2306576 pixels)
talsrcimg_g11.4dfp.img
       256       256       256         1
  1.000000  1.000000  1.000000
orientation T byte_order littleendian
Reading image: talsrcimg_g11.4dfp.img
dimensions:      256       256       256
mmppix:       1.0000   -1.0000   -1.0000
center:     128.0000 -129.0000 -129.0000
rotation matrix determinant  1.000000
image alignment mode   4355 decimal     1103 hex
   -7.5000  -37.5000  -45.0000 1664.2274   22.9541
    0.0000  -37.5000  -45.0000 1668.3468   22.9291
    7.5000  -37.5000  -45.0000 1664.2462   23.3964
   -7.5000  -30.0000  -45.0000 1794.9800   19.6742
    0.0000  -30.0000  -45.0000 1802.8618   19.6778
    7.5000  -30.0000  -45.0000 1793.2633   20.0538
   -7.5000  -22.5000  -45.0000 1940.3654   17.1868
    0.0000  -22.5000  -45.0000 1951.9341   17.1781
    7.5000  -22.5000  -45.0000 1929.8141   17.4692
   -7.5000  -15.0000  -45.0000 2068.6855   15.3511
    0.0000  -15.0000  -45.0000 2081.4746   15.3332
    7.5000  -15.0000  -45.0000 2062.8784   15.6013
   -7.5000   -7.5000  -45.0000 2177.7012   14.0176
    0.0000   -7.5000  -45.0000 2186.9434   14.0335
    7.5000   -7.5000  -45.0000 2169.4202   14.2536
   -7.5000    0.0000  -45.0000 2254.9956   13.0380
    0.0000    0.0000  -45.0000 2263.6045   13.0748
    7.5000    0.0000  -45.0000 2240.0696   13.2749
   -7.5000    7.5000  -45.0000 2303.2603   12.3519
    0.0000    7.5000  -45.0000 2310.4229   12.3734
    7.5000    7.5000  -45.0000 2288.3494   12.5183
   -7.5000   15.0000  -45.0000 2332.7390   11.8685
    0.0000   15.0000  -45.0000 2345.3064   11.8798
    7.5000   15.0000  -45.0000 2317.3784   12.0304
   -7.5000   22.5000  -45.0000 2345.9399   11.6682
    0.0000   22.5000  -45.0000 2359.2610   11.6598
    7.5000   22.5000  -45.0000 2333.3833   11.8255
   -7.5000   30.0000  -45.0000 2334.7993   11.6786
    0.0000   30.0000  -45.0000 2347.0798   11.6987
    7.5000   30.0000  -45.0000 2320.6592   11.8815
   -7.5000   37.5000  -45.0000 2315.5737   11.9272
    0.0000   37.5000  -45.0000 2327.9368   11.9438
    7.5000   37.5000  -45.0000 2297.2212   12.1530
   -7.5000   45.0000  -45.0000 2276.0112   12.4542
    0.0000   45.0000  -45.0000 2289.1504   12.4334
    7.5000   45.0000  -45.0000 2258.5256   12.6678
   -7.5000   52.5000  -45.0000 2193.1812   13.1928
    0.0000   52.5000  -45.0000 2206.3154   13.1734
    7.5000   52.5000  -45.0000 2171.8918   13.4219
   -7.5000  -37.5000  -37.5000 1712.8119   21.4460
    0.0000  -37.5000  -37.5000 1720.8147   21.4330
    7.5000  -37.5000  -37.5000 1715.4551   21.8868
   -7.5000  -30.0000  -37.5000 1854.1808   18.3546
    0.0000  -30.0000  -37.5000 1867.0258   18.3439
    7.5000  -30.0000  -37.5000 1852.0067   18.7301
   -7.5000  -22.5000  -37.5000 2010.4952   16.0478
    0.0000  -22.5000  -37.5000 2022.1707   16.0330
    7.5000  -22.5000  -37.5000 2001.9703   16.3210
   -7.5000  -15.0000  -37.5000 2143.2649   14.3139
    0.0000  -15.0000  -37.5000 2155.5371   14.3103
    7.5000  -15.0000  -37.5000 2134.2681   14.5770
   -7.5000   -7.5000  -37.5000 2254.6802   13.0484
    0.0000   -7.5000  -37.5000 2262.6167   13.0711
    7.5000   -7.5000  -37.5000 2237.6470   13.3025
   -7.5000    0.0000  -37.5000 2336.1680   12.1062
    0.0000    0.0000  -37.5000 2346.9546   12.1481
    7.5000    0.0000  -37.5000 2316.6648   12.3533
   -7.5000    7.5000  -37.5000 2388.6096   11.4550
    0.0000    7.5000  -37.5000 2399.5054   11.4963
    7.5000    7.5000  -37.5000 2369.6230   11.6644
   -7.5000   15.0000  -37.5000 2428.7678   11.0200
    0.0000   15.0000  -37.5000 2442.4724   11.0620
    7.5000   15.0000  -37.5000 2407.9438   11.2159
   -7.5000   22.5000  -37.5000 2450.5869   10.8348
    0.0000   22.5000  -37.5000 2463.8118   10.8642
    7.5000   22.5000  -37.5000 2429.6772   10.9941
   -7.5000   30.0000  -37.5000 2444.0508   10.8877
    0.0000   30.0000  -37.5000 2459.1978   10.9242
    7.5000   30.0000  -37.5000 2426.6592   11.0599
   -7.5000   37.5000  -37.5000 2420.7678   11.1478
    0.0000   37.5000  -37.5000 2435.9019   11.1560
    7.5000   37.5000  -37.5000 2399.5061   11.3190
   -7.5000   45.0000  -37.5000 2377.3296   11.6364
    0.0000   45.0000  -37.5000 2390.9934   11.6383
    7.5000   45.0000  -37.5000 2351.3682   11.8173
   -7.5000   52.5000  -37.5000 2284.5752   12.3252
    0.0000   52.5000  -37.5000 2295.6841   12.3288
    7.5000   52.5000  -37.5000 2256.0342   12.5355
   -7.5000  -37.5000  -30.0000 1792.2114   20.8699
    0.0000  -37.5000  -30.0000 1802.0107   20.8955
    7.5000  -37.5000  -30.0000 1789.0299   21.3135
   -7.5000  -30.0000  -30.0000 1946.3162   17.8308
    0.0000  -30.0000  -30.0000 1957.0737   17.8403
    7.5000  -30.0000  -30.0000 1937.7882   18.2182
   -7.5000  -22.5000  -30.0000 2111.5784   15.5363
    0.0000  -22.5000  -30.0000 2122.6050   15.5388
    7.5000  -22.5000  -30.0000 2097.5537   15.8691
   -7.5000  -15.0000  -30.0000 2252.6162   13.8288
    0.0000  -15.0000  -30.0000 2261.2871   13.8315
    7.5000  -15.0000  -30.0000 2233.8516   14.1229
   -7.5000   -7.5000  -30.0000 2368.9314   12.5902
    0.0000   -7.5000  -30.0000 2375.3088   12.6307
    7.5000   -7.5000  -30.0000 2348.9507   12.8631
   -7.5000    0.0000  -30.0000 2453.2446   11.6665
    0.0000    0.0000  -30.0000 2465.9644   11.7337
    7.5000    0.0000  -30.0000 2435.2100   11.9354
   -7.5000    7.5000  -30.0000 2514.9585   10.9990
    0.0000    7.5000  -30.0000 2527.3813   11.0464
    7.5000    7.5000  -30.0000 2497.6262   11.2374
   -7.5000   15.0000  -30.0000 2572.7305   10.5840
    0.0000   15.0000  -30.0000 2583.2834   10.6242
    7.5000   15.0000  -30.0000 2546.2649   10.7991
   -7.5000   22.5000  -30.0000 2604.1362   10.4000
    0.0000   22.5000  -30.0000 2619.0947   10.4533
    7.5000   22.5000  -30.0000 2576.6060   10.5984
   -7.5000   30.0000  -30.0000 2602.9819   10.4839
    0.0000   30.0000  -30.0000 2620.9333   10.5282
    7.5000   30.0000  -30.0000 2578.1611   10.6525
   -7.5000   37.5000  -30.0000 2575.7310   10.7770
    0.0000   37.5000  -30.0000 2594.7510   10.8009
    7.5000   37.5000  -30.0000 2548.5652   10.9307
   -7.5000   45.0000  -30.0000 2520.8965   11.2806
    0.0000   45.0000  -30.0000 2538.2271   11.3025
    7.5000   45.0000  -30.0000 2488.6589   11.4484
   -7.5000   52.5000  -30.0000 2414.5071   11.9325
    0.0000   52.5000  -30.0000 2428.7263   11.9403
    7.5000   52.5000  -30.0000 2389.4561   12.1214
   -7.5000  -37.5000  -22.5000 1849.6001   20.2379
    0.0000  -37.5000  -22.5000 1857.4962   20.2618
    7.5000  -37.5000  -22.5000 1849.1506   20.7508
   -7.5000  -30.0000  -22.5000 2009.7758   17.2790
    0.0000  -30.0000  -22.5000 2015.8005   17.2720
    7.5000  -30.0000  -22.5000 2000.9614   17.6778
   -7.5000  -22.5000  -22.5000 2178.9250   15.0105
    0.0000  -22.5000  -22.5000 2189.1794   14.9945
    7.5000  -22.5000  -22.5000 2162.0005   15.3434
   -7.5000  -15.0000  -22.5000 2321.7725   13.3183
    0.0000  -15.0000  -22.5000 2329.9495   13.2963
    7.5000  -15.0000  -22.5000 2301.4248   13.6308
   -7.5000   -7.5000  -22.5000 2443.3162   12.0951
    0.0000   -7.5000  -22.5000 2455.6648   12.1066
    7.5000   -7.5000  -22.5000 2426.1301   12.3967
   -7.5000    0.0000  -22.5000 2541.5562   11.1685
    0.0000    0.0000  -22.5000 2554.3301   11.1979
    7.5000    0.0000  -22.5000 2522.7925   11.4395
   -7.5000    7.5000  -22.5000 2620.4570   10.5068
    0.0000    7.5000  -22.5000 2635.3240   10.5279
    7.5000    7.5000  -22.5000 2603.4568   10.7624
   -7.5000   15.0000  -22.5000 2685.8408   10.0891
    0.0000   15.0000  -22.5000 2701.2234   10.1180
    7.5000   15.0000  -22.5000 2663.1641   10.3126
   -7.5000   22.5000  -22.5000 2730.7485    9.8945
    0.0000   22.5000  -22.5000 2752.1167    9.9423
    7.5000   22.5000  -22.5000 2699.1067   10.1213
   -7.5000   30.0000  -22.5000 2729.5754    9.9831
    0.0000   30.0000  -22.5000 2755.4607   10.0256
    7.5000   30.0000  -22.5000 2700.2925   10.1732
   -7.5000   37.5000  -22.5000 2701.2349   10.2888
    0.0000   37.5000  -22.5000 2724.0618   10.3335
    7.5000   37.5000  -22.5000 2667.0703   10.4683
   -7.5000   45.0000  -22.5000 2634.0232   10.8126
    0.0000   45.0000  -22.5000 2656.6047   10.8400
    7.5000   45.0000  -22.5000 2603.4050   10.9808
   -7.5000   52.5000  -22.5000 2521.5862   11.4387
    0.0000   52.5000  -22.5000 2534.6335   11.4651
    7.5000   52.5000  -22.5000 2490.2668   11.6183
   -7.5000  -37.5000  -15.0000 1892.2046   19.8194
    0.0000  -37.5000  -15.0000 1898.1777   19.8413
    7.5000  -37.5000  -15.0000 1887.8960   20.3689
   -7.5000  -30.0000  -15.0000 2049.8806   16.8913
    0.0000  -30.0000  -15.0000 2056.6296   16.8750
    7.5000  -30.0000  -15.0000 2037.9138   17.2985
   -7.5000  -22.5000  -15.0000 2210.6711   14.5971
    0.0000  -22.5000  -15.0000 2221.5181   14.5783
    7.5000  -22.5000  -15.0000 2197.1296   14.9638
   -7.5000  -15.0000  -15.0000 2353.6707   12.9068
    0.0000  -15.0000  -15.0000 2366.0129   12.8827
    7.5000  -15.0000  -15.0000 2334.5322   13.2512
   -7.5000   -7.5000  -15.0000 2480.9709   11.6739
    0.0000   -7.5000  -15.0000 2495.2629   11.6759
    7.5000   -7.5000  -15.0000 2461.2717   11.9721
   -7.5000    0.0000  -15.0000 2592.6987   10.7366
    0.0000    0.0000  -15.0000 2606.3491   10.7377
    7.5000    0.0000  -15.0000 2574.2354   11.0278
   -7.5000    7.5000  -15.0000 2696.7642   10.0786
    0.0000    7.5000  -15.0000 2713.4573   10.0781
    7.5000    7.5000  -15.0000 2673.9446   10.3411
   -7.5000   15.0000  -15.0000 2775.5547    9.6643
    0.0000   15.0000  -15.0000 2795.1084    9.6736
    7.5000   15.0000  -15.0000 2747.8171    9.9029
   -7.5000   22.5000  -15.0000 2833.8557    9.4670
    0.0000   22.5000  -15.0000 2856.3491    9.4836
    7.5000   22.5000  -15.0000 2789.7371    9.6957
   -7.5000   30.0000  -15.0000 2836.2522    9.5535
    0.0000   30.0000  -15.0000 2863.1245    9.5640
    7.5000   30.0000  -15.0000 2792.7664    9.7551
   -7.5000   37.5000  -15.0000 2797.3142    9.8490
    0.0000   37.5000  -15.0000 2815.4067    9.8761
    7.5000   37.5000  -15.0000 2758.2991   10.0362
   -7.5000   45.0000  -15.0000 2717.8857   10.3372
    0.0000   45.0000  -15.0000 2736.8149   10.3551
    7.5000   45.0000  -15.0000 2685.1877   10.5064
   -7.5000   52.5000  -15.0000 2587.4597   10.9736
    0.0000   52.5000  -15.0000 2601.6541   10.9878
    7.5000   52.5000  -15.0000 2555.5071   11.1461
   -7.5000  -37.5000   -7.5000 1923.8687   19.5252
    0.0000  -37.5000   -7.5000 1929.1954   19.5100
    7.5000  -37.5000   -7.5000 1914.2184   20.0274
   -7.5000  -30.0000   -7.5000 2073.6121   16.5989
    0.0000  -30.0000   -7.5000 2081.5835   16.5822
    7.5000  -30.0000   -7.5000 2059.2217   16.9695
   -7.5000  -22.5000   -7.5000 2225.6973   14.3105
    0.0000  -22.5000   -7.5000 2240.4275   14.2926
    7.5000  -22.5000   -7.5000 2212.6604   14.6989
   -7.5000  -15.0000   -7.5000 2368.4333   12.6100
    0.0000  -15.0000   -7.5000 2384.3325   12.5978
    7.5000  -15.0000   -7.5000 2349.4270   12.9597
   -7.5000   -7.5000   -7.5000 2501.5518   11.3337
    0.0000   -7.5000   -7.5000 2513.9414   11.3304
    7.5000   -7.5000   -7.5000 2478.6741   11.6719
   -7.5000    0.0000   -7.5000 2622.9197   10.4056
    0.0000    0.0000   -7.5000 2638.0181   10.3987
    7.5000    0.0000   -7.5000 2600.6230   10.7129
   -7.5000    7.5000   -7.5000 2737.9890    9.7781
    0.0000    7.5000   -7.5000 2757.7913    9.7544
    7.5000    7.5000   -7.5000 2714.4023   10.0381
   -7.5000   15.0000   -7.5000 2842.6772    9.3813
    0.0000   15.0000   -7.5000 2866.8020    9.3522
    7.5000   15.0000   -7.5000 2802.6562    9.6170
   -7.5000   22.5000   -7.5000 2918.4956    9.1421
    0.0000   22.5000   -7.5000 2950.5208    9.1284
    7.5000   22.5000   -7.5000 2861.1938    9.4039
   -7.5000   30.0000   -7.5000 2921.3872    9.2232
    0.0000   30.0000   -7.5000 2950.7344    9.2059
    7.5000   30.0000   -7.5000 2869.3943    9.4423
   -7.5000   37.5000   -7.5000 2865.3757    9.5043
    0.0000   37.5000   -7.5000 2886.2678    9.5053
    7.5000   37.5000   -7.5000 2824.7410    9.7018
   -7.5000   45.0000   -7.5000 2768.7632    9.9476
    0.0000   45.0000   -7.5000 2786.2844    9.9635
    7.5000   45.0000   -7.5000 2736.5808   10.1462
   -7.5000   52.5000   -7.5000 2626.1526   10.6112
    0.0000   52.5000   -7.5000 2640.7942   10.6162
    7.5000   52.5000   -7.5000 2593.2996   10.8101
   -7.5000  -37.5000    0.0000 1934.0867   19.4755
    0.0000  -37.5000    0.0000 1942.1469   19.4084
    7.5000  -37.5000    0.0000 1916.0551   19.8938
   -7.5000  -30.0000    0.0000 2085.9702   16.5254
    0.0000  -30.0000    0.0000 2100.6011   16.4748
    7.5000  -30.0000    0.0000 2065.2554   16.8902
   -7.5000  -22.5000    0.0000 2237.5586   14.2315
    0.0000  -22.5000    0.0000 2254.8503   14.1566
    7.5000  -22.5000    0.0000 2222.2690   14.5749
   -7.5000  -15.0000    0.0000 2375.0959   12.5004
    0.0000  -15.0000    0.0000 2394.1873   12.4544
    7.5000  -15.0000    0.0000 2355.0432   12.8221
   -7.5000   -7.5000    0.0000 2503.5906   11.2024
    0.0000   -7.5000    0.0000 2515.4446   11.1685
    7.5000   -7.5000    0.0000 2479.8997   11.5191
   -7.5000    0.0000    0.0000 2629.5791   10.2761
    0.0000    0.0000    0.0000 2639.7410   10.2409
    7.5000    0.0000    0.0000 2602.0354   10.5869
   -7.5000    7.5000    0.0000 2753.5024    9.6340
    0.0000    7.5000    0.0000 2767.9639    9.5885
    7.5000    7.5000    0.0000 2723.1538    9.9156
   -7.5000   15.0000    0.0000 2869.5071    9.2590
    0.0000   15.0000    0.0000 2901.5281    9.1934
    7.5000   15.0000    0.0000 2825.7827    9.4849
   -7.5000   22.5000    0.0000 2963.9082    9.0105
    0.0000   22.5000    0.0000 2998.8074    8.9346
    7.5000   22.5000    0.0000 2896.8262    9.2860
   -7.5000   30.0000    0.0000 2976.9309    9.0676
    0.0000   30.0000    0.0000 3006.4170    8.9970
    7.5000   30.0000    0.0000 2906.5044    9.3440
   -7.5000   37.5000    0.0000 2898.9136    9.3835
    0.0000   37.5000    0.0000 2920.2981    9.3450
    7.5000   37.5000    0.0000 2851.4316    9.5947
   -7.5000   45.0000    0.0000 2787.8271    9.8339
    0.0000   45.0000    0.0000 2807.6191    9.8014
    7.5000   45.0000    0.0000 2753.4768   10.0278
   -7.5000   52.5000    0.0000 2632.3708   10.4641
    0.0000   52.5000    0.0000 2650.1562   10.4421
    7.5000   52.5000    0.0000 2602.2051   10.6511
   -7.5000  -37.5000    7.5000 1927.7584   19.6152
    0.0000  -37.5000    7.5000 1937.3579   19.6105
    7.5000  -37.5000    7.5000 1907.5621   19.9790
   -7.5000  -30.0000    7.5000 2085.1465   16.6007
    0.0000  -30.0000    7.5000 2095.8228   16.5397
    7.5000  -30.0000    7.5000 2061.6631   16.9344
   -7.5000  -22.5000    7.5000 2241.3884   14.2830
    0.0000  -22.5000    7.5000 2260.2693   14.2656
    7.5000  -22.5000    7.5000 2221.5957   14.6316
   -7.5000  -15.0000    7.5000 2376.8230   12.5753
    0.0000  -15.0000    7.5000 2395.9270   12.5493
    7.5000  -15.0000    7.5000 2353.5320   12.8831
   -7.5000   -7.5000    7.5000 2501.5474   11.2965
    0.0000   -7.5000    7.5000 2515.0281   11.2720
    7.5000   -7.5000    7.5000 2475.5166   11.5955
   -7.5000    0.0000    7.5000 2626.7458   10.3690
    0.0000    0.0000    7.5000 2640.4438   10.3276
    7.5000    0.0000    7.5000 2595.8538   10.6690
   -7.5000    7.5000    7.5000 2748.5481    9.7173
    0.0000    7.5000    7.5000 2767.1501    9.6616
    7.5000    7.5000    7.5000 2716.1379    9.9816
   -7.5000   15.0000    7.5000 2862.2424    9.2836
    0.0000   15.0000    7.5000 2890.6763    9.2149
    7.5000   15.0000    7.5000 2820.8569    9.5321
   -7.5000   22.5000    7.5000 2942.3223    9.0847
    0.0000   22.5000    7.5000 2968.6611    9.0327
    7.5000   22.5000    7.5000 2890.7551    9.3364
   -7.5000   30.0000    7.5000 2951.9302    9.1972
    0.0000   30.0000    7.5000 2979.1482    9.1725
    7.5000   30.0000    7.5000 2892.2485    9.4044
   -7.5000   37.5000    7.5000 2881.9712    9.4850
    0.0000   37.5000    7.5000 2904.5925    9.4681
    7.5000   37.5000    7.5000 2835.8613    9.6700
   -7.5000   45.0000    7.5000 2773.8596    9.8954
    0.0000   45.0000    7.5000 2793.1677    9.8591
    7.5000   45.0000    7.5000 2741.7642   10.0743
   -7.5000   52.5000    7.5000 2618.2473   10.5044
    0.0000   52.5000    7.5000 2633.0854   10.4795
    7.5000   52.5000    7.5000 2592.5259   10.6831
   -7.5000  -37.5000   15.0000 1894.5242   19.9935
    0.0000  -37.5000   15.0000 1901.1449   19.9697
    7.5000  -37.5000   15.0000 1875.3523   20.3958
   -7.5000  -30.0000   15.0000 2059.9622   16.9262
    0.0000  -30.0000   15.0000 2073.3379   16.8757
    7.5000  -30.0000   15.0000 2037.4973   17.3012
   -7.5000  -22.5000   15.0000 2228.5520   14.5792
    0.0000  -22.5000   15.0000 2245.3564   14.5457
    7.5000  -22.5000   15.0000 2204.1067   14.9385
   -7.5000  -15.0000   15.0000 2369.2705   12.8337
    0.0000  -15.0000   15.0000 2384.1787   12.8102
    7.5000  -15.0000   15.0000 2339.9758   13.1379
   -7.5000   -7.5000   15.0000 2485.8987   11.5726
    0.0000   -7.5000   15.0000 2501.7981   11.5596
    7.5000   -7.5000   15.0000 2462.2439   11.8742
   -7.5000    0.0000   15.0000 2606.2825   10.6867
    0.0000    0.0000   15.0000 2627.0024   10.6662
    7.5000    0.0000   15.0000 2579.7400   10.9546
   -7.5000    7.5000   15.0000 2720.1060   10.0238
    0.0000    7.5000   15.0000 2740.4929   10.0092
    7.5000    7.5000   15.0000 2688.8862   10.2556
   -7.5000   15.0000   15.0000 2818.7793    9.5738
    0.0000   15.0000   15.0000 2840.4033    9.5376
    7.5000   15.0000   15.0000 2779.6360    9.8092
   -7.5000   22.5000   15.0000 2878.0039    9.3844
    0.0000   22.5000   15.0000 2895.8589    9.3668
    7.5000   22.5000   15.0000 2840.8259    9.5909
   -7.5000   30.0000   15.0000 2878.1567    9.4818
    0.0000   30.0000   15.0000 2896.5435    9.4698
    7.5000   30.0000   15.0000 2839.9485    9.6570
   -7.5000   37.5000   15.0000 2815.5469    9.7331
    0.0000   37.5000   15.0000 2834.1367    9.7175
    7.5000   37.5000   15.0000 2786.5559    9.9073
   -7.5000   45.0000   15.0000 2719.4326   10.1550
    0.0000   45.0000   15.0000 2738.7488   10.1439
    7.5000   45.0000   15.0000 2695.6116   10.3397
   -7.5000   52.5000   15.0000 2576.5171   10.7267
    0.0000   52.5000   15.0000 2591.4482   10.7287
    7.5000   52.5000   15.0000 2554.4136   10.9313
   -7.5000  -37.5000   22.5000 1851.2363   20.6409
    0.0000  -37.5000   22.5000 1860.5396   20.5742
    7.5000  -37.5000   22.5000 1836.1764   21.0298
   -7.5000  -30.0000   22.5000 2025.5901   17.4678
    0.0000  -30.0000   22.5000 2036.3447   17.3655
    7.5000  -30.0000   22.5000 2007.5504   17.8077
   -7.5000  -22.5000   22.5000 2198.3909   15.0641
    0.0000  -22.5000   22.5000 2211.6013   15.0065
    7.5000  -22.5000   22.5000 2178.0776   15.3616
   -7.5000  -15.0000   22.5000 2337.5781   13.3056
    0.0000  -15.0000   22.5000 2351.0925   13.2705
    7.5000  -15.0000   22.5000 2313.5139   13.5680
   -7.5000   -7.5000   22.5000 2456.3540   12.0913
    0.0000   -7.5000   22.5000 2476.3003   12.0815
    7.5000   -7.5000   22.5000 2431.4104   12.3249
   -7.5000    0.0000   22.5000 2573.1018   11.2054
    0.0000    0.0000   22.5000 2591.6514   11.2139
    7.5000    0.0000   22.5000 2543.7815   11.4196
   -7.5000    7.5000   22.5000 2676.3506   10.5391
    0.0000    7.5000   22.5000 2692.4871   10.5156
    7.5000    7.5000   22.5000 2644.1572   10.7353
   -7.5000   15.0000   22.5000 2753.6467   10.0723
    0.0000   15.0000   22.5000 2771.1877   10.0478
    7.5000   15.0000   22.5000 2717.2856   10.2667
   -7.5000   22.5000   22.5000 2792.4412    9.8510
    0.0000   22.5000   22.5000 2809.1882    9.8397
    7.5000   22.5000   22.5000 2761.7219   10.0247
   -7.5000   30.0000   22.5000 2785.0874    9.8988
    0.0000   30.0000   22.5000 2803.5964    9.8816
    7.5000   30.0000   22.5000 2754.4883   10.0623
   -7.5000   37.5000   22.5000 2726.0671   10.1418
    0.0000   37.5000   22.5000 2747.2148   10.1194
    7.5000   37.5000   22.5000 2704.2175   10.3188
   -7.5000   45.0000   22.5000 2640.9956   10.5598
    0.0000   45.0000   22.5000 2655.7244   10.5290
    7.5000   45.0000   22.5000 2624.2942   10.7303
   -7.5000   52.5000   22.5000 2517.3970   11.1135
    0.0000   52.5000   22.5000 2530.9968   11.0989
    7.5000   52.5000   22.5000 2499.8337   11.2982
   -7.5000  -37.5000   30.0000 1804.8314   21.6234
    0.0000  -37.5000   30.0000 1809.1333   21.5505
    7.5000  -37.5000   30.0000 1791.5244   21.9881
   -7.5000  -30.0000   30.0000 1978.9525   18.3078
    0.0000  -30.0000   30.0000 1986.6685   18.2728
    7.5000  -30.0000   30.0000 1963.1407   18.5818
   -7.5000  -22.5000   30.0000 2152.0383   15.8260
    0.0000  -22.5000   30.0000 2160.7842   15.7932
    7.5000  -22.5000   30.0000 2133.6399   16.0896
   -7.5000  -15.0000   30.0000 2290.8567   14.0386
    0.0000  -15.0000   30.0000 2306.4534   14.0188
    7.5000  -15.0000   30.0000 2270.2246   14.2664
   -7.5000   -7.5000   30.0000 2406.4990   12.7935
    0.0000   -7.5000   30.0000 2426.1016   12.7893
    7.5000   -7.5000   30.0000 2383.4944   12.9807
   -7.5000    0.0000   30.0000 2513.6372   11.8729
    0.0000    0.0000   30.0000 2532.0347   11.8634
    7.5000    0.0000   30.0000 2489.8804   12.0607
   -7.5000    7.5000   30.0000 2608.4727   11.1902
    0.0000    7.5000   30.0000 2626.0403   11.1763
    7.5000    7.5000   30.0000 2576.8828   11.3619
   -7.5000   15.0000   30.0000 2670.7725   10.7119
    0.0000   15.0000   30.0000 2685.1472   10.7121
    7.5000   15.0000   30.0000 2639.9746   10.8736
   -7.5000   22.5000   30.0000 2697.7334   10.4835
    0.0000   22.5000   30.0000 2714.7915   10.4798
    7.5000   22.5000   30.0000 2672.0605   10.6275
   -7.5000   30.0000   30.0000 2683.4507   10.4885
    0.0000   30.0000   30.0000 2703.8887   10.4717
    7.5000   30.0000   30.0000 2660.4380   10.6280
   -7.5000   37.5000   30.0000 2630.3955   10.6993
    0.0000   37.5000   30.0000 2645.3503   10.6925
    7.5000   37.5000   30.0000 2611.3584   10.8785
   -7.5000   45.0000   30.0000 2552.5205   11.0969
    0.0000   45.0000   30.0000 2566.8201   11.0954
    7.5000   45.0000   30.0000 2535.2390   11.2752
   -7.5000   52.5000   30.0000 2441.3379   11.6321
    0.0000   52.5000   30.0000 2451.2810   11.6139
    7.5000   52.5000   30.0000 2425.4175   11.8025
   -7.5000  -37.5000   37.5000 1756.9861   23.0325
    0.0000  -37.5000   37.5000 1761.1619   22.9601
    7.5000  -37.5000   37.5000 1740.1996   23.3499
   -7.5000  -30.0000   37.5000 1931.4750   19.5118
    0.0000  -30.0000   37.5000 1934.2936   19.4510
    7.5000  -30.0000   37.5000 1912.2948   19.7641
   -7.5000  -22.5000   37.5000 2096.9021   16.9204
    0.0000  -22.5000   37.5000 2106.4485   16.8514
    7.5000  -22.5000   37.5000 2079.5740   17.1278
   -7.5000  -15.0000   37.5000 2233.4485   15.0186
    0.0000  -15.0000   37.5000 2247.0393   14.9749
    7.5000  -15.0000   37.5000 2214.1548   15.2080
   -7.5000   -7.5000   37.5000 2348.4817   13.7007
    0.0000   -7.5000   37.5000 2363.5007   13.6956
    7.5000   -7.5000   37.5000 2327.0879   13.8791
   -7.5000    0.0000   37.5000 2445.8511   12.7306
    0.0000    0.0000   37.5000 2459.5208   12.7387
    7.5000    0.0000   37.5000 2421.9905   12.9108
   -7.5000    7.5000   37.5000 2529.2742   12.0290
    0.0000    7.5000   37.5000 2543.4395   12.0374
    7.5000    7.5000   37.5000 2502.1274   12.1900
   -7.5000   15.0000   37.5000 2584.2031   11.5409
    0.0000   15.0000   37.5000 2593.8301   11.5290
    7.5000   15.0000   37.5000 2558.9114   11.6745
   -7.5000   22.5000   37.5000 2598.3484   11.3090
    0.0000   22.5000   37.5000 2615.6362   11.2848
    7.5000   22.5000   37.5000 2577.6257   11.4308
   -7.5000   30.0000   37.5000 2584.4224   11.2653
    0.0000   30.0000   37.5000 2595.7065   11.2608
    7.5000   30.0000   37.5000 2562.9385   11.3972
   -7.5000   37.5000   37.5000 2538.7766   11.4576
    0.0000   37.5000   37.5000 2549.5571   11.4486
    7.5000   37.5000   37.5000 2517.5310   11.6354
   -7.5000   45.0000   37.5000 2467.2104   11.8390
    0.0000   45.0000   37.5000 2479.6636   11.8417
    7.5000   45.0000   37.5000 2445.5234   12.0135
   -7.5000   52.5000   37.5000 2360.1755   12.3612
    0.0000   52.5000   37.5000 2366.6504   12.3588
    7.5000   52.5000   37.5000 2341.8313   12.5200
   -7.5000  -37.5000   45.0000 1706.9194   24.7104
    0.0000  -37.5000   45.0000 1707.1636   24.7798
    7.5000  -37.5000   45.0000 1689.6042   25.2365
   -7.5000  -30.0000   45.0000 1877.2518   20.9993
    0.0000  -30.0000   45.0000 1876.5206   20.9451
    7.5000  -30.0000   45.0000 1856.7168   21.3262
   -7.5000  -22.5000   45.0000 2034.9275   18.2686
    0.0000  -22.5000   45.0000 2043.6394   18.1799
    7.5000  -22.5000   45.0000 2016.1565   18.4833
   -7.5000  -15.0000   45.0000 2166.8027   16.2538
    0.0000  -15.0000   45.0000 2180.7183   16.1968
    7.5000  -15.0000   45.0000 2146.0188   16.4280
   -7.5000   -7.5000   45.0000 2278.9692   14.8416
    0.0000   -7.5000   45.0000 2289.6616   14.8294
    7.5000   -7.5000   45.0000 2255.7292   15.0092
   -7.5000    0.0000   45.0000 2369.6646   13.8243
    0.0000    0.0000   45.0000 2377.7651   13.8078
    7.5000    0.0000   45.0000 2346.7043   14.0039
   -7.5000    7.5000   45.0000 2437.4578   13.0604
    0.0000    7.5000   45.0000 2446.6633   13.0721
    7.5000    7.5000   45.0000 2419.0742   13.2358
   -7.5000   15.0000   45.0000 2481.6892   12.5610
    0.0000   15.0000   45.0000 2492.0056   12.5591
    7.5000   15.0000   45.0000 2463.0588   12.7103
   -7.5000   22.5000   45.0000 2492.8018   12.2794
    0.0000   22.5000   45.0000 2505.3489   12.2634
    7.5000   22.5000   45.0000 2475.3145   12.4249
   -7.5000   30.0000   45.0000 2474.8928   12.2150
    0.0000   30.0000   45.0000 2481.4644   12.2200
    7.5000   30.0000   45.0000 2456.4866   12.3642
   -7.5000   37.5000   45.0000 2437.8965   12.4075
    0.0000   37.5000   45.0000 2442.2251   12.4149
    7.5000   37.5000   45.0000 2415.4915   12.5886
   -7.5000   45.0000   45.0000 2376.4426   12.7895
    0.0000   45.0000   45.0000 2386.5669   12.7771
    7.5000   45.0000   45.0000 2354.4285   12.9567
   -7.5000   52.5000   45.0000 2272.9829   13.2912
    0.0000   52.5000   45.0000 2284.9858   13.2699
    7.5000   52.5000   45.0000 2253.9148   13.4414

---------------------------------------------------------------------
imgreg_4dfp /opt/freesurfer/average/711-2C_as_mni_average_305 /opt/freesurfer/average/711-2B_as_mni_average_305_mask talsrcimg_g11 none talsrcimg_to_711-2C_as_mni_average_305_t4 1283
---------------------------------------------------------------------

freesurfer imgreg_4dfp.c
/opt/freesurfer/average/711-2C_as_mni_average_305.4dfp.img
       256       256       256         1
  1.000000  1.000000  1.000000
orientation T byte_order littleendian
Reading image: /opt/freesurfer/average/711-2C_as_mni_average_305.4dfp.img
dimensions:      256       256       256
mmppix:       1.0000   -1.0000   -1.0000
center:     128.0000 -129.0000 -129.0000
/opt/freesurfer/average/711-2B_as_mni_average_305_mask.4dfp.img
       256       256       256         1
  1.000000  1.000000  1.000000
orientation T byte_order littleendian
Reading mask: /opt/freesurfer/average/711-2B_as_mni_average_305_mask.4dfp.img (2306576 pixels)
talsrcimg_g11.4dfp.img
       256       256       256         1
  1.000000  1.000000  1.000000
orientation T byte_order littleendian
Reading image: talsrcimg_g11.4dfp.img
dimensions:      256       256       256
mmppix:       1.0000   -1.0000   -1.0000
center:     128.0000 -129.0000 -129.0000
rotation matrix determinant  1.000000
fimgreg.f
image alignment mode   1283 decimal      503 hex
parameters
    0.0000   30.0000    0.0000    0.0000    0.0000    0.0000
eta,q 0.94450  8.94230
niter,ni,del,rscale     5    3   12.0000    1.2000
parameter  2  0.729902 ->  0.500000 qaram    1.1500
parameters
   -2.2676   26.5500    0.5619   -0.7659    0.4136   -2.6627
eta,q 0.95069  8.78441
  0.0617  0.0535  0.0640  0.0568  0.0587  0.0524
  0.0589  0.0516  0.0587  0.0536  0.0549  0.0498
  0.0571  0.0533  0.0542  0.0512  0.0521  0.0494
  0.0591  0.0569  0.0515  0.0511  0.0510  0.0511
  0.0636  0.0614  0.0522  0.0532  0.0515  0.0539
  0.0695  0.0671  0.0560  0.0566  0.0533  0.0567
  0.0789  0.0752  0.0604  0.0597  0.0570  0.0592
niter,ni,del,rscale     5    3   12.0000    1.2000
parameters
   -2.3178   26.9248    0.6497   -0.6922    0.4532   -2.4998
eta,q 0.95041  8.78515
  0.0643  0.0673  0.0614  0.0573  0.0582  0.0567
  0.0577  0.0593  0.0560  0.0538  0.0536  0.0535
  0.0526  0.0519  0.0514  0.0505  0.0505  0.0506
  0.0493  0.0493  0.0495  0.0496  0.0496  0.0496
  0.0515  0.0522  0.0514  0.0508  0.0508  0.0506
  0.0575  0.0573  0.0557  0.0536  0.0537  0.0531
  0.0655  0.0634  0.0607  0.0567  0.0577  0.0558
niter,ni,del,rscale     4    3   12.0000    1.2000
parameters
   -2.3185   26.9695    0.6835   -0.6948    0.4587   -2.4691
eta,q 0.95037  8.78561
  0.0646  0.0660  0.0613  0.0572  0.0580  0.0564
  0.0579  0.0579  0.0559  0.0537  0.0535  0.0532
  0.0528  0.0510  0.0514  0.0504  0.0505  0.0504
  0.0496  0.0496  0.0496  0.0496  0.0496  0.0496
  0.0516  0.0530  0.0515  0.0510  0.0509  0.0509
  0.0574  0.0582  0.0559  0.0538  0.0537  0.0533
  0.0653  0.0645  0.0608  0.0570  0.0578  0.0560
registration optimization eta report
parameter search radius
    6.0000    6.9000    6.0000    6.0000    6.0000    6.0000
100000*second partial in parameter space
       41.       32.       31.       20.       23.       18.
  0.0646  0.0660  0.0613  0.0572  0.0580  0.0564
  0.0579  0.0579  0.0559  0.0537  0.0535  0.0532
  0.0528  0.0510  0.0514  0.0504  0.0505  0.0504
  0.0496  0.0496  0.0496  0.0496  0.0496  0.0496
  0.0516  0.0530  0.0515  0.0510  0.0509  0.0509
  0.0574  0.0582  0.0559  0.0538  0.0537  0.0533
  0.0653  0.0645  0.0608  0.0570  0.0578  0.0560
   -2.3185   26.9695    0.6835   -0.6948    0.4587   -2.4691
eta,q 0.95037  8.78561

---------------------------------------------------------------------
imgreg_4dfp /opt/freesurfer/average/711-2C_as_mni_average_305 /opt/freesurfer/average/711-2B_as_mni_average_305_mask talsrcimg_g11 none talsrcimg_to_711-2C_as_mni_average_305_t4 3335
---------------------------------------------------------------------

freesurfer imgreg_4dfp.c
/opt/freesurfer/average/711-2C_as_mni_average_305.4dfp.img
       256       256       256         1
  1.000000  1.000000  1.000000
orientation T byte_order littleendian
Reading image: /opt/freesurfer/average/711-2C_as_mni_average_305.4dfp.img
dimensions:      256       256       256
mmppix:       1.0000   -1.0000   -1.0000
center:     128.0000 -129.0000 -129.0000
/opt/freesurfer/average/711-2B_as_mni_average_305_mask.4dfp.img
       256       256       256         1
  1.000000  1.000000  1.000000
orientation T byte_order littleendian
Reading mask: /opt/freesurfer/average/711-2B_as_mni_average_305_mask.4dfp.img (2306576 pixels)
talsrcimg_g11.4dfp.img
       256       256       256         1
  1.000000  1.000000  1.000000
orientation T byte_order littleendian
Reading image: talsrcimg_g11.4dfp.img
dimensions:      256       256       256
mmppix:       1.0000   -1.0000   -1.0000
center:     128.0000 -129.0000 -129.0000
fimgreg.f
image alignment mode   3335 decimal      D07 hex
parameters
   -2.3185   26.9695    0.6835   -0.0960   -0.1006   -0.0106
    4.3174   -0.7475   -4.3079    1.2460    0.8006   -1.2126
eta,q 0.95024  8.84622
niter,ni,del,rscale     5    3    5.0000    1.2000
parameter  4  2.768721 ->  0.500000 qaram    1.1500
parameter  5  2.660163 ->  0.500000 qaram    1.1500
parameter  6  1.060347 ->  0.500000 qaram    1.1500
parameter 12  0.550804 ->  0.500000 qaram    1.1500
parameters
   -2.2458   26.9082    0.4449   -4.2360   -4.2406   -4.1506
    1.9136   -0.2564   -2.7422   -1.6495   -1.0002   -5.3526
eta,q 0.96897  8.28795
  0.0523  0.0514  0.0510  0.0398  0.0346  0.0322  0.0338  0.0390  0.0352  0.0331  0.0326  0.0314
  0.0509  0.0504  0.0502  0.0421  0.0368  0.0324  0.0327  0.0358  0.0339  0.0320  0.0319  0.0310
  0.0501  0.0499  0.0498  0.0455  0.0396  0.0342  0.0324  0.0334  0.0329  0.0316  0.0315  0.0311
  0.0498  0.0498  0.0498  0.0497  0.0429  0.0375  0.0327  0.0324  0.0324  0.0323  0.0316  0.0315
  0.0500  0.0500  0.0500  0.0542  0.0464  0.0415  0.0338  0.0329  0.0323  0.0338  0.0322  0.0323
  0.0507  0.0505  0.0506  0.0590  0.0505  0.0465  0.0353  0.0347  0.0327  0.0360  0.0332  0.0334
  0.0520  0.0515  0.0516  0.0640  0.0549  0.0523  0.0373  0.0375  0.0335  0.0386  0.0345  0.0348
niter,ni,del,rscale     7    3    5.0000    1.2000
parameter  4  0.666188 ->  0.500000 qaram    1.3225
parameter  5  1.075253 ->  0.500000 qaram    1.3225
parameters
   -2.0009   27.3860    0.1281   -8.9970   -9.0016   -6.2307
    2.0399    0.5980   -2.5691    0.3000   -1.7314   -4.7369
eta,q 0.97482  7.94857
  0.0360  0.0349  0.0329  0.0290  0.0243  0.0282  0.0284  0.0315  0.0277  0.0305  0.0264  0.0273
  0.0336  0.0330  0.0316  0.0284  0.0250  0.0270  0.0270  0.0287  0.0266  0.0282  0.0256  0.0263
  0.0319  0.0316  0.0309  0.0288  0.0264  0.0259  0.0260  0.0267  0.0258  0.0266  0.0252  0.0256
  0.0310  0.0310  0.0309  0.0308  0.0283  0.0253  0.0257  0.0257  0.0256  0.0256  0.0252  0.0252
  0.0312  0.0310  0.0315  0.0347  0.0311  0.0267  0.0259  0.0257  0.0258  0.0252  0.0255  0.0253
  0.0323  0.0315  0.0326  0.0398  0.0349  0.0306  0.0268  0.0270  0.0264  0.0257  0.0260  0.0259
  0.0344  0.0326  0.0342  0.0455  0.0393  0.0358  0.0282  0.0295  0.0275  0.0271  0.0269  0.0268
niter,ni,del,rscale     7    3    5.0000    1.2000
parameters
   -1.7828   27.8374   -0.1067  -10.0510  -13.3857   -6.7613
    2.0646    0.8847   -2.2371    1.4970   -1.9029   -5.2398
eta,q 0.97586  7.74403
  0.0297  0.0291  0.0267  0.0293  0.0255  0.0275  0.0271  0.0290  0.0265  0.0282  0.0252  0.0257
  0.0275  0.0271  0.0257  0.0273  0.0243  0.0260  0.0256  0.0266  0.0253  0.0264  0.0246  0.0249
  0.0259  0.0258  0.0251  0.0258  0.0242  0.0250  0.0246  0.0250  0.0246  0.0250  0.0242  0.0243
  0.0252  0.0251  0.0250  0.0250  0.0252  0.0241  0.0243  0.0243  0.0243  0.0243  0.0241  0.0241
  0.0253  0.0251  0.0254  0.0255  0.0270  0.0239  0.0246  0.0246  0.0244  0.0242  0.0243  0.0244
  0.0264  0.0257  0.0263  0.0282  0.0296  0.0259  0.0255  0.0259  0.0251  0.0249  0.0247  0.0251
  0.0284  0.0269  0.0274  0.0330  0.0334  0.0298  0.0270  0.0285  0.0261  0.0263  0.0253  0.0261
niter,ni,del,rscale     6    3    5.0000    1.2000
parameters
   -1.7384   28.1653   -0.0573   -9.8389  -14.0309   -6.7150
    1.9995    0.9293   -2.1529    2.1082   -2.0445   -5.5193
eta,q 0.97598  7.72916
  0.0280  0.0279  0.0259  0.0289  0.0275  0.0277  0.0268  0.0286  0.0261  0.0273  0.0251  0.0256
  0.0260  0.0259  0.0249  0.0268  0.0258  0.0262  0.0253  0.0262  0.0250  0.0257  0.0245  0.0248
  0.0247  0.0247  0.0243  0.0252  0.0245  0.0251  0.0244  0.0247  0.0243  0.0246  0.0241  0.0242
  0.0241  0.0241  0.0241  0.0241  0.0241  0.0241  0.0241  0.0241  0.0241  0.0241  0.0240  0.0240
  0.0245  0.0243  0.0243  0.0240  0.0247  0.0236  0.0244  0.0245  0.0243  0.0242  0.0242  0.0242
  0.0257  0.0250  0.0249  0.0256  0.0263  0.0251  0.0254  0.0260  0.0249  0.0250  0.0245  0.0249
  0.0278  0.0262  0.0257  0.0294  0.0286  0.0287  0.0269  0.0286  0.0260  0.0265  0.0252  0.0259
niter,ni,del,rscale     5    3    5.0000    1.2000
parameters
   -1.7366   28.3426   -0.1133   -9.8242  -14.2899   -6.7859
    1.9819    0.9458   -2.0857    2.4655   -2.1147   -5.6703
eta,q 0.97596  7.71777
  0.0277  0.0272  0.0257  0.0286  0.0276  0.0276  0.0268  0.0285  0.0260  0.0270  0.0251  0.0256
  0.0258  0.0255  0.0247  0.0267  0.0259  0.0261  0.0253  0.0261  0.0249  0.0255  0.0245  0.0248
  0.0245  0.0244  0.0242  0.0251  0.0246  0.0250  0.0244  0.0246  0.0243  0.0245  0.0241  0.0243
  0.0240  0.0240  0.0240  0.0240  0.0240  0.0240  0.0241  0.0241  0.0241  0.0241  0.0240  0.0240
  0.0244  0.0243  0.0243  0.0239  0.0245  0.0236  0.0244  0.0245  0.0243  0.0242  0.0242  0.0242
  0.0257  0.0251  0.0249  0.0257  0.0260  0.0253  0.0253  0.0260  0.0249  0.0251  0.0246  0.0248
  0.0278  0.0263  0.0258  0.0296  0.0282  0.0288  0.0268  0.0286  0.0259  0.0266  0.0251  0.0258
niter,ni,del,rscale     4    3    5.0000    1.2000
parameters
   -1.7375   28.4530   -0.1728   -9.8242  -14.4511   -6.8617
    1.9711    0.9581   -2.0341    2.7046   -2.1757   -5.7552
eta,q 0.97594  7.70924
  0.0277  0.0270  0.0257  0.0286  0.0276  0.0275  0.0268  0.0284  0.0260  0.0269  0.0251  0.0256
  0.0258  0.0253  0.0247  0.0266  0.0259  0.0261  0.0254  0.0261  0.0250  0.0254  0.0245  0.0248
  0.0245  0.0244  0.0242  0.0251  0.0246  0.0251  0.0244  0.0247  0.0243  0.0245  0.0241  0.0243
  0.0240  0.0240  0.0240  0.0240  0.0240  0.0241  0.0241  0.0241  0.0241  0.0241  0.0241  0.0241
  0.0244  0.0243  0.0243  0.0240  0.0245  0.0236  0.0244  0.0245  0.0243  0.0242  0.0242  0.0242
  0.0257  0.0251  0.0249  0.0257  0.0260  0.0253  0.0253  0.0260  0.0249  0.0251  0.0246  0.0248
  0.0278  0.0264  0.0258  0.0296  0.0280  0.0288  0.0268  0.0286  0.0259  0.0266  0.0251  0.0258
niter,ni,del,rscale     3    3    5.0000    1.2000
parameters
   -1.7374   28.5317   -0.2201   -9.8290  -14.5679   -6.9291
    1.9692    0.9660   -1.9975    2.8790   -2.2130   -5.8183
eta,q 0.97592  7.70249
  0.0277  0.0269  0.0257  0.0286  0.0276  0.0275  0.0268  0.0284  0.0260  0.0268  0.0252  0.0256
  0.0258  0.0253  0.0248  0.0266  0.0260  0.0261  0.0254  0.0261  0.0250  0.0254  0.0245  0.0249
  0.0245  0.0244  0.0242  0.0251  0.0247  0.0251  0.0244  0.0247  0.0243  0.0245  0.0242  0.0243
  0.0241  0.0241  0.0241  0.0241  0.0241  0.0241  0.0241  0.0241  0.0241  0.0241  0.0241  0.0241
  0.0244  0.0244  0.0243  0.0240  0.0245  0.0236  0.0244  0.0245  0.0243  0.0243  0.0242  0.0242
  0.0257  0.0252  0.0249  0.0257  0.0259  0.0252  0.0254  0.0260  0.0249  0.0251  0.0246  0.0248
  0.0278  0.0265  0.0258  0.0296  0.0280  0.0288  0.0268  0.0285  0.0259  0.0267  0.0251  0.0258
niter,ni,del,rscale     2    3    5.0000    1.2000
parameters
   -1.7382   28.5908   -0.2580   -9.8317  -14.6585   -6.9828
    1.9640    0.9697   -1.9718    3.0136   -2.2319   -5.8519
eta,q 0.97590  7.69722
  0.0277  0.0269  0.0257  0.0286  0.0276  0.0275  0.0268  0.0284  0.0260  0.0268  0.0252  0.0257
  0.0258  0.0253  0.0248  0.0266  0.0260  0.0261  0.0254  0.0261  0.0250  0.0254  0.0245  0.0249
  0.0245  0.0244  0.0242  0.0251  0.0247  0.0251  0.0244  0.0247  0.0243  0.0245  0.0242  0.0243
  0.0241  0.0241  0.0241  0.0241  0.0241  0.0241  0.0241  0.0241  0.0241  0.0241  0.0241  0.0241
  0.0245  0.0244  0.0243  0.0240  0.0245  0.0236  0.0244  0.0245  0.0243  0.0243  0.0243  0.0242
  0.0257  0.0252  0.0249  0.0257  0.0259  0.0252  0.0254  0.0260  0.0249  0.0252  0.0246  0.0248
  0.0278  0.0265  0.0258  0.0296  0.0280  0.0287  0.0268  0.0285  0.0259  0.0267  0.0251  0.0258
niter,ni,del,rscale     1    3    5.0000    1.2000
parameters
   -1.7399   28.6368   -0.2867   -9.8358  -14.7299   -7.0247
    1.9622    0.9699   -1.9542    3.1163   -2.2569   -5.8877
eta,q 0.97589  7.69303
  0.0277  0.0268  0.0258  0.0285  0.0277  0.0275  0.0268  0.0284  0.0260  0.0267  0.0252  0.0257
  0.0258  0.0253  0.0248  0.0266  0.0260  0.0261  0.0254  0.0261  0.0250  0.0254  0.0246  0.0249
  0.0245  0.0244  0.0242  0.0251  0.0247  0.0251  0.0244  0.0247  0.0243  0.0245  0.0242  0.0244
  0.0241  0.0241  0.0241  0.0241  0.0241  0.0241  0.0241  0.0241  0.0241  0.0241  0.0241  0.0241
  0.0245  0.0244  0.0243  0.0240  0.0245  0.0236  0.0244  0.0245  0.0243  0.0243  0.0243  0.0243
  0.0257  0.0253  0.0249  0.0257  0.0259  0.0252  0.0254  0.0260  0.0250  0.0252  0.0246  0.0248
  0.0278  0.0265  0.0258  0.0295  0.0279  0.0287  0.0268  0.0285  0.0260  0.0267  0.0251  0.0258
registration optimization eta report
parameter search radius
    2.4000    2.4000    2.4000    9.5220    9.5220    8.2800
    7.2000    7.2000    7.2000    7.2000    7.2000    8.2800
100000*second partial in parameter space
       63.       45.       29.        6.        4.        6.
        5.        8.        4.        5.        2.        2.
  0.0277  0.0268  0.0258  0.0285  0.0277  0.0275  0.0268  0.0284  0.0260  0.0267  0.0252  0.0257
  0.0258  0.0253  0.0248  0.0266  0.0260  0.0261  0.0254  0.0261  0.0250  0.0254  0.0246  0.0249
  0.0245  0.0244  0.0242  0.0251  0.0247  0.0251  0.0244  0.0247  0.0243  0.0245  0.0242  0.0244
  0.0241  0.0241  0.0241  0.0241  0.0241  0.0241  0.0241  0.0241  0.0241  0.0241  0.0241  0.0241
  0.0245  0.0244  0.0243  0.0240  0.0245  0.0236  0.0244  0.0245  0.0243  0.0243  0.0243  0.0243
  0.0257  0.0253  0.0249  0.0257  0.0259  0.0252  0.0254  0.0260  0.0250  0.0252  0.0246  0.0248
  0.0278  0.0265  0.0258  0.0295  0.0279  0.0287  0.0268  0.0285  0.0260  0.0267  0.0251  0.0258
   -1.7399   28.6368   -0.2867   -9.8358  -14.7299   -7.0247
    1.9622    0.9699   -1.9542    3.1163   -2.2569   -5.8877
eta,q 0.97589  7.69303

---------------------------------------------------------------------
imgreg_4dfp /opt/freesurfer/average/711-2C_as_mni_average_305 /opt/freesurfer/average/711-2B_as_mni_average_305_mask talsrcimg_g11 none talsrcimg_to_711-2C_as_mni_average_305_t4 2311
---------------------------------------------------------------------

freesurfer imgreg_4dfp.c
/opt/freesurfer/average/711-2C_as_mni_average_305.4dfp.img
       256       256       256         1
  1.000000  1.000000  1.000000
orientation T byte_order littleendian
Reading image: /opt/freesurfer/average/711-2C_as_mni_average_305.4dfp.img
dimensions:      256       256       256
mmppix:       1.0000   -1.0000   -1.0000
center:     128.0000 -129.0000 -129.0000
/opt/freesurfer/average/711-2B_as_mni_average_305_mask.4dfp.img
       256       256       256         1
  1.000000  1.000000  1.000000
orientation T byte_order littleendian
Reading mask: /opt/freesurfer/average/711-2B_as_mni_average_305_mask.4dfp.img (2306576 pixels)
talsrcimg_g11.4dfp.img
       256       256       256         1
  1.000000  1.000000  1.000000
orientation T byte_order littleendian
Reading image: talsrcimg_g11.4dfp.img
dimensions:      256       256       256
mmppix:       1.0000   -1.0000   -1.0000
center:     128.0000 -129.0000 -129.0000
fimgreg.f
image alignment mode   2311 decimal      907 hex
parameters
   -1.7399   28.6368   -0.2867   -9.8358  -14.7299   -7.0247
    1.9622    0.9699   -1.9542    3.1163   -2.2569   -5.8877
eta,q 0.97589  7.69303
niter,ni,del,rscale     5    3    5.0000    0.8000
parameters
   -1.7224   28.6269   -0.3378   -8.3048  -14.5011   -5.5169
    1.9142    1.0298   -1.9853    2.9816   -2.4918   -6.3561
eta,q 0.97653  7.79913
  0.0258  0.0253  0.0248  0.0258  0.0252  0.0258  0.0248  0.0261  0.0244  0.0248  0.0242  0.0240
  0.0249  0.0246  0.0244  0.0251  0.0245  0.0252  0.0241  0.0248  0.0239  0.0241  0.0238  0.0237
  0.0243  0.0242  0.0242  0.0246  0.0241  0.0245  0.0236  0.0238  0.0236  0.0237  0.0235  0.0235
  0.0241  0.0241  0.0241  0.0241  0.0239  0.0239  0.0235  0.0235  0.0235  0.0235  0.0235  0.0235
  0.0243  0.0243  0.0242  0.0239  0.0240  0.0235  0.0236  0.0238  0.0236  0.0236  0.0236  0.0236
  0.0248  0.0247  0.0245  0.0240  0.0243  0.0236  0.0241  0.0246  0.0239  0.0241  0.0239  0.0239
  0.0257  0.0253  0.0249  0.0246  0.0250  0.0246  0.0249  0.0261  0.0244  0.0250  0.0243  0.0243
niter,ni,del,rscale     4    3    5.0000    0.7000
parameters
   -1.7009   28.5386   -0.0818   -8.5507  -14.3537   -5.3029
    1.9432    1.0900   -1.9484    2.8454   -2.5458   -6.2570
eta,q 0.97659  7.80335
  0.0249  0.0243  0.0245  0.0245  0.0245  0.0251  0.0245  0.0255  0.0241  0.0244  0.0240  0.0239
  0.0242  0.0238  0.0240  0.0240  0.0240  0.0245  0.0239  0.0244  0.0237  0.0239  0.0237  0.0237
  0.0237  0.0235  0.0237  0.0236  0.0236  0.0239  0.0235  0.0237  0.0235  0.0235  0.0235  0.0235
  0.0235  0.0235  0.0235  0.0234  0.0235  0.0235  0.0234  0.0234  0.0234  0.0234  0.0234  0.0234
  0.0236  0.0236  0.0235  0.0236  0.0235  0.0234  0.0235  0.0236  0.0235  0.0235  0.0235  0.0235
  0.0241  0.0240  0.0236  0.0241  0.0238  0.0239  0.0239  0.0243  0.0237  0.0239  0.0237  0.0236
  0.0249  0.0245  0.0240  0.0250  0.0244  0.0251  0.0244  0.0254  0.0241  0.0246  0.0240  0.0239
niter,ni,del,rscale     3    3    5.0000    0.6000
parameters
   -1.6866   28.4425   -0.0140   -8.4836  -14.2678   -5.0655
    1.9259    1.1075   -1.9698    2.6360   -2.5690   -6.2498
eta,q 0.97663  7.81532
  0.0245  0.0240  0.0241  0.0243  0.0242  0.0248  0.0241  0.0249  0.0239  0.0241  0.0238  0.0238
  0.0239  0.0236  0.0237  0.0239  0.0238  0.0243  0.0237  0.0241  0.0236  0.0237  0.0236  0.0236
  0.0235  0.0234  0.0235  0.0236  0.0235  0.0237  0.0235  0.0236  0.0234  0.0234  0.0234  0.0234
  0.0234  0.0234  0.0234  0.0234  0.0234  0.0234  0.0234  0.0234  0.0234  0.0234  0.0234  0.0234
  0.0235  0.0235  0.0235  0.0235  0.0235  0.0234  0.0235  0.0235  0.0234  0.0235  0.0234  0.0234
  0.0239  0.0238  0.0236  0.0238  0.0237  0.0238  0.0237  0.0241  0.0236  0.0238  0.0236  0.0235
  0.0245  0.0242  0.0239  0.0244  0.0241  0.0247  0.0242  0.0249  0.0239  0.0243  0.0238  0.0238
niter,ni,del,rscale     2    3    5.0000    0.5000
parameters
   -1.6799   28.3721    0.0498   -8.4413  -14.1704   -4.8458
    1.9209    1.1183   -2.0103    2.4778   -2.5624   -6.2656
eta,q 0.97667  7.82641
  0.0241  0.0238  0.0238  0.0240  0.0239  0.0244  0.0239  0.0245  0.0237  0.0238  0.0237  0.0236
  0.0237  0.0235  0.0236  0.0237  0.0236  0.0240  0.0236  0.0238  0.0235  0.0236  0.0235  0.0235
  0.0235  0.0234  0.0234  0.0235  0.0234  0.0236  0.0234  0.0235  0.0234  0.0234  0.0234  0.0234
  0.0234  0.0234  0.0234  0.0234  0.0234  0.0234  0.0233  0.0233  0.0233  0.0233  0.0233  0.0233
  0.0235  0.0234  0.0234  0.0234  0.0234  0.0233  0.0234  0.0235  0.0234  0.0234  0.0234  0.0234
  0.0237  0.0236  0.0235  0.0236  0.0236  0.0236  0.0236  0.0238  0.0235  0.0236  0.0235  0.0235
  0.0241  0.0239  0.0237  0.0240  0.0238  0.0243  0.0239  0.0244  0.0237  0.0240  0.0237  0.0236
niter,ni,del,rscale     1    3    5.0000    0.4000
parameters
   -1.6749   28.3137    0.1047   -8.3997  -14.1045   -4.6721
    1.9358    1.1172   -2.0391    2.3620   -2.5640   -6.2684
eta,q 0.97669  7.83495
  0.0238  0.0236  0.0236  0.0238  0.0237  0.0241  0.0237  0.0241  0.0236  0.0237  0.0235  0.0235
  0.0236  0.0234  0.0235  0.0235  0.0235  0.0238  0.0235  0.0236  0.0234  0.0235  0.0234  0.0234
  0.0234  0.0233  0.0234  0.0234  0.0234  0.0235  0.0234  0.0234  0.0233  0.0233  0.0233  0.0233
  0.0233  0.0233  0.0233  0.0233  0.0233  0.0233  0.0233  0.0233  0.0233  0.0233  0.0233  0.0233
  0.0234  0.0234  0.0234  0.0234  0.0234  0.0233  0.0234  0.0234  0.0233  0.0234  0.0233  0.0233
  0.0236  0.0235  0.0234  0.0235  0.0235  0.0235  0.0235  0.0236  0.0234  0.0235  0.0234  0.0234
  0.0238  0.0237  0.0236  0.0238  0.0236  0.0240  0.0237  0.0241  0.0236  0.0237  0.0235  0.0235
registration optimization eta report
parameter search radius
    0.8000    0.8000    0.8000    2.4000    2.4000    2.4000
    2.4000    2.4000    2.4000    2.4000    2.4000    2.4000
100000*second partial in parameter space
       76.       50.       43.        8.        6.       12.
        6.       13.        4.        7.        4.        3.
  0.0238  0.0236  0.0236  0.0238  0.0237  0.0241  0.0237  0.0241  0.0236  0.0237  0.0235  0.0235
  0.0236  0.0234  0.0235  0.0235  0.0235  0.0238  0.0235  0.0236  0.0234  0.0235  0.0234  0.0234
  0.0234  0.0233  0.0234  0.0234  0.0234  0.0235  0.0234  0.0234  0.0233  0.0233  0.0233  0.0233
  0.0233  0.0233  0.0233  0.0233  0.0233  0.0233  0.0233  0.0233  0.0233  0.0233  0.0233  0.0233
  0.0234  0.0234  0.0234  0.0234  0.0234  0.0233  0.0234  0.0234  0.0233  0.0234  0.0233  0.0233
  0.0236  0.0235  0.0234  0.0235  0.0235  0.0235  0.0235  0.0236  0.0234  0.0235  0.0234  0.0234
  0.0238  0.0237  0.0236  0.0238  0.0236  0.0240  0.0237  0.0241  0.0236  0.0237  0.0235  0.0235
   -1.6749   28.3137    0.1047   -8.3997  -14.1045   -4.6721
    1.9358    1.1172   -2.0391    2.3620   -2.5640   -6.2684
eta,q 0.97669  7.83495

---------------------------------------------------------------------
imgreg_4dfp /opt/freesurfer/average/711-2C_as_mni_average_305 /opt/freesurfer/average/711-2B_as_mni_average_305_mask talsrcimg_g11 none talsrcimg_to_711-2C_as_mni_average_305_t4 2311
---------------------------------------------------------------------

freesurfer imgreg_4dfp.c
/opt/freesurfer/average/711-2C_as_mni_average_305.4dfp.img
       256       256       256         1
  1.000000  1.000000  1.000000
orientation T byte_order littleendian
Reading image: /opt/freesurfer/average/711-2C_as_mni_average_305.4dfp.img
dimensions:      256       256       256
mmppix:       1.0000   -1.0000   -1.0000
center:     128.0000 -129.0000 -129.0000
/opt/freesurfer/average/711-2B_as_mni_average_305_mask.4dfp.img
       256       256       256         1
  1.000000  1.000000  1.000000
orientation T byte_order littleendian
Reading mask: /opt/freesurfer/average/711-2B_as_mni_average_305_mask.4dfp.img (2306576 pixels)
talsrcimg_g11.4dfp.img
       256       256       256         1
  1.000000  1.000000  1.000000
orientation T byte_order littleendian
Reading image: talsrcimg_g11.4dfp.img
dimensions:      256       256       256
mmppix:       1.0000   -1.0000   -1.0000
center:     128.0000 -129.0000 -129.0000
fimgreg.f
image alignment mode   2311 decimal      907 hex
parameters
   -1.6749   28.3137    0.1047   -8.3997  -14.1045   -4.6721
    1.9358    1.1172   -2.0391    2.3620   -2.5640   -6.2684
eta,q 0.97669  7.83494
niter,ni,del,rscale     5    3    5.0000    0.8000
parameters
   -1.6897   28.3081    0.1505   -8.8348  -14.1371   -5.1804
    1.9643    1.0736   -1.9996    2.3524   -2.4465   -5.9987
eta,q 0.97660  7.80578
  0.0252  0.0246  0.0245  0.0247  0.0246  0.0251  0.0248  0.0259  0.0244  0.0248  0.0242  0.0241
  0.0242  0.0239  0.0239  0.0240  0.0239  0.0244  0.0240  0.0246  0.0238  0.0241  0.0238  0.0238
  0.0235  0.0234  0.0235  0.0235  0.0235  0.0237  0.0236  0.0237  0.0235  0.0236  0.0235  0.0235
  0.0233  0.0233  0.0233  0.0233  0.0233  0.0233  0.0234  0.0234  0.0234  0.0234  0.0234  0.0234
  0.0235  0.0235  0.0234  0.0235  0.0235  0.0236  0.0236  0.0237  0.0235  0.0235  0.0235  0.0234
  0.0242  0.0239  0.0238  0.0242  0.0239  0.0247  0.0240  0.0246  0.0238  0.0240  0.0237  0.0237
  0.0253  0.0246  0.0244  0.0255  0.0246  0.0265  0.0248  0.0260  0.0243  0.0249  0.0241  0.0240
niter,ni,del,rscale     4    3    5.0000    0.7000
parameters
   -1.6892   28.2875    0.0653   -8.6208  -14.0810   -5.1613
    1.9341    1.0814   -2.0399    2.3124   -2.4850   -6.0156
eta,q 0.97662  7.81521
  0.0248  0.0244  0.0241  0.0247  0.0244  0.0250  0.0244  0.0254  0.0241  0.0245  0.0240  0.0239
  0.0241  0.0238  0.0237  0.0241  0.0239  0.0244  0.0239  0.0243  0.0237  0.0239  0.0236  0.0236
  0.0236  0.0235  0.0235  0.0237  0.0235  0.0238  0.0235  0.0236  0.0234  0.0235  0.0234  0.0234
  0.0234  0.0234  0.0234  0.0234  0.0234  0.0234  0.0234  0.0234  0.0234  0.0234  0.0234  0.0234
  0.0236  0.0235  0.0235  0.0234  0.0235  0.0234  0.0235  0.0236  0.0235  0.0235  0.0235  0.0234
  0.0240  0.0239  0.0238  0.0238  0.0238  0.0240  0.0239  0.0243  0.0237  0.0239  0.0237  0.0236
  0.0248  0.0244  0.0243  0.0246  0.0244  0.0253  0.0245  0.0254  0.0241  0.0245  0.0240  0.0239
niter,ni,del,rscale     3    3    5.0000    0.6000
parameters
   -1.6841   28.2783    0.0639   -8.5143  -14.0544   -4.9885
    1.9392    1.0950   -2.0557    2.2888   -2.5289   -6.1070
eta,q 0.97666  7.82439
  0.0245  0.0241  0.0240  0.0243  0.0241  0.0247  0.0241  0.0249  0.0239  0.0242  0.0238  0.0237
  0.0239  0.0237  0.0236  0.0239  0.0237  0.0242  0.0237  0.0241  0.0236  0.0237  0.0235  0.0235
  0.0235  0.0234  0.0234  0.0236  0.0235  0.0237  0.0234  0.0235  0.0234  0.0234  0.0234  0.0234
  0.0234  0.0234  0.0234  0.0234  0.0234  0.0234  0.0233  0.0233  0.0233  0.0233  0.0233  0.0233
  0.0235  0.0235  0.0234  0.0234  0.0234  0.0234  0.0234  0.0235  0.0234  0.0234  0.0234  0.0234
  0.0238  0.0237  0.0236  0.0237  0.0237  0.0238  0.0237  0.0240  0.0236  0.0237  0.0236  0.0235
  0.0244  0.0241  0.0240  0.0243  0.0241  0.0247  0.0241  0.0249  0.0239  0.0242  0.0238  0.0238
niter,ni,del,rscale     2    3    5.0000    0.5000
parameters
   -1.6797   28.2673    0.0919   -8.4576  -14.0363   -4.7975
    1.9435    1.1064   -2.0679    2.2591   -2.5317   -6.1630
eta,q 0.97668  7.83216
  0.0241  0.0238  0.0238  0.0240  0.0239  0.0244  0.0239  0.0244  0.0237  0.0239  0.0237  0.0236
  0.0237  0.0236  0.0236  0.0237  0.0236  0.0240  0.0236  0.0238  0.0235  0.0236  0.0235  0.0234
  0.0234  0.0234  0.0234  0.0235  0.0234  0.0236  0.0234  0.0235  0.0234  0.0234  0.0234  0.0234
  0.0233  0.0233  0.0233  0.0233  0.0233  0.0233  0.0233  0.0233  0.0233  0.0233  0.0233  0.0233
  0.0234  0.0234  0.0234  0.0234  0.0234  0.0233  0.0234  0.0234  0.0234  0.0234  0.0234  0.0234
  0.0237  0.0236  0.0235  0.0236  0.0236  0.0236  0.0236  0.0238  0.0235  0.0236  0.0235  0.0235
  0.0241  0.0239  0.0237  0.0240  0.0239  0.0243  0.0239  0.0244  0.0237  0.0239  0.0236  0.0236
niter,ni,del,rscale     1    3    5.0000    0.4000
parameters
   -1.6758   28.2515    0.1320   -8.4192  -14.0173   -4.6390
    1.9423    1.1072   -2.0799    2.2244   -2.5468   -6.2121
eta,q 0.97669  7.83841
  0.0238  0.0236  0.0236  0.0238  0.0237  0.0241  0.0237  0.0240  0.0236  0.0237  0.0235  0.0235
  0.0235  0.0235  0.0235  0.0235  0.0235  0.0237  0.0235  0.0236  0.0234  0.0235  0.0234  0.0234
  0.0234  0.0233  0.0234  0.0234  0.0234  0.0235  0.0233  0.0234  0.0233  0.0233  0.0233  0.0233
  0.0233  0.0233  0.0233  0.0233  0.0233  0.0233  0.0233  0.0233  0.0233  0.0233  0.0233  0.0233
  0.0234  0.0234  0.0233  0.0234  0.0233  0.0233  0.0234  0.0234  0.0233  0.0234  0.0233  0.0233
  0.0235  0.0235  0.0234  0.0235  0.0235  0.0235  0.0235  0.0236  0.0234  0.0235  0.0234  0.0234
  0.0238  0.0237  0.0236  0.0238  0.0237  0.0240  0.0237  0.0240  0.0236  0.0237  0.0235  0.0235
registration optimization eta report
parameter search radius
    0.8000    0.8000    0.8000    2.4000    2.4000    2.4000
    2.4000    2.4000    2.4000    2.4000    2.4000    2.4000
100000*second partial in parameter space
       76.       51.       43.        8.        6.       12.
        6.       13.        4.        7.        4.        3.
  0.0238  0.0236  0.0236  0.0238  0.0237  0.0241  0.0237  0.0240  0.0236  0.0237  0.0235  0.0235
  0.0235  0.0235  0.0235  0.0235  0.0235  0.0237  0.0235  0.0236  0.0234  0.0235  0.0234  0.0234
  0.0234  0.0233  0.0234  0.0234  0.0234  0.0235  0.0233  0.0234  0.0233  0.0233  0.0233  0.0233
  0.0233  0.0233  0.0233  0.0233  0.0233  0.0233  0.0233  0.0233  0.0233  0.0233  0.0233  0.0233
  0.0234  0.0234  0.0233  0.0234  0.0233  0.0233  0.0234  0.0234  0.0233  0.0234  0.0233  0.0233
  0.0235  0.0235  0.0234  0.0235  0.0235  0.0235  0.0235  0.0236  0.0234  0.0235  0.0234  0.0234
  0.0238  0.0237  0.0236  0.0238  0.0237  0.0240  0.0237  0.0240  0.0236  0.0237  0.0235  0.0235
   -1.6758   28.2515    0.1320   -8.4192  -14.0173   -4.6390
    1.9423    1.1072   -2.0799    2.2244   -2.5468   -6.2121
eta,q 0.97669  7.83841

---------------------------------------------------------------------
compute_vox2vox talsrcimg talsrcimg_to_711-2C_as_mni_average_305_t4 /opt/freesurfer/average/711-2C_as_mni_average_305
---------------------------------------------------------------------

freesurfer compute_vox2vox.c
Reading: talsrcimg.4dfp.ifh
Reading: talsrcimg_to_711-2C_as_mni_average_305_t4
Reading: /opt/freesurfer/average/711-2C_as_mni_average_305.4dfp.ifh
Writing: talsrcimg_to_711-2C_as_mni_average_305_t4_vox2vox.txt

start time Fri Mar 13 03:29:30 CET 2026
end		time Fri Mar 13 03:29:44 CET 2026

mpr2mni305 success

avi2talxfm orig_nu.mgz /opt/freesurfer/average/mni305.cor.mgz talsrcimg_to_711-2C_as_mni_average_305_t4_vox2vox.txt transforms/talairach.auto.xfm
avi2talxfm done
mv -f /out/sourcedata/freesurfer/sub-v2s3x28844_ses-1/mri/talsrcimg_to_711-2C_as_mni_average_305_t4_vox2vox.txt /out/sourcedata/freesurfer/sub-v2s3x28844_ses-1/mri/transforms/talsrcimg_to_711-2C_as_mni_average_305_t4_vox2vox.txt
lta_convert --src orig_nu.mgz --trg /opt/freesurfer/average/mni305.cor.mgz --inxfm transforms/talairach.auto.xfm --outlta transforms/talairach.auto.xfm.lta --subject fsaverage
7.3.2

--src: orig_nu.mgz src image (geometry).
--trg: /opt/freesurfer/average/mni305.cor.mgz trg image (geometry).
--inmni: transforms/talairach.auto.xfm input MNI/XFM transform.
--outlta: transforms/talairach.auto.xfm.lta output LTA.
--s: fsaverage subject name
 LTA read, type : 1
 1.09102  -0.01207  -0.02552   2.27867;
 0.03080   1.04654   0.07491  -46.67920;
 0.02559  -0.02737   1.16047  -34.42878;
 0.00000   0.00000   0.00000   1.00000;
setting subject to fsaverage
Writing  LTA to file transforms/talairach.auto.xfm.lta...
lta_convert successful.
 
 
Started at Fri Mar 13 03:29:30 CET 2026
Ended   at Fri Mar 13 03:29:44 CET 2026
talairach_avi done
