/out/sourcedata/freesurfer/sub-v2s3x28835_ses-1/mri
/opt/freesurfer/bin/talairach_avi
--i orig_nu.mgz --xfm transforms/talairach.auto.xfm
talairach_avi 7.3.2
Linux dna075 5.14.0-427.37.1.el9_4.x86_64 #1 SMP PREEMPT_DYNAMIC Fri Sep 13 12:41:50 EDT 2024 x86_64 x86_64 x86_64 GNU/Linux
Fri Mar 13 02:59:04 CET 2026
mri_convert orig_nu.mgz talsrcimg.img 
reading from orig_nu.mgz...
TR=0.00, TE=0.00, TI=0.00, flip angle=0.00
i_ras = (-1, 0, 0)
j_ras = (0, 0, -1)
k_ras = (0, 1, 0)
writing to talsrcimg.img...
Analyze Output Matrix
-1.00000   0.00000   0.00000   126.66419;
 0.00000   0.00000   1.00000  -93.58571;
 0.00000  -1.00000   0.00000   128.95833;
 0.00000   0.00000   0.00000   1.00000;
--------------------
INFO: set hdr.hist.orient to -1
mpr2mni305 talsrcimg
Fri Mar 13 02:59:05 CET 2026
/opt/freesurfer/bin/mpr2mni305 talsrcimg
mpr2mni305 7.3.2
target=711-2C_as_mni_average_305

---------------------------------------------------------------------
analyzeto4dfp talsrcimg -O0 -y
---------------------------------------------------------------------

freesurfer ifh2hdr.c
Fri Mar 13 02:59:05 2026
Writing: talsrcimg.4dfp.hdr
freesurfer analyzeto4dfp.c
Reading: talsrcimg.hdr
header size 348 bytes
hdr.dime.datatype	offset=70	value=2
hdr.dime.bitpix		offset=72	value=8
hdr.hist.orient		offset=252	value=-1
dimensionality     4
dimensions       256       256       256         1
Reading: talsrcimg.img
Writing: talsrcimg.4dfp.img
Writing: talsrcimg.4dfp.ifh
ifh2hdr talsrcimg -r0to235
ori=2

---------------------------------------------------------------------
gauss_4dfp talsrcimg 1.1
---------------------------------------------------------------------

freesurfer gauss_4dfp.c
Reading: talsrcimg.4dfp.img
Writing: talsrcimg_g11.4dfp.img
image dimensions 256 256 256 padded to 288 288 288
processing volume 1freesurfer ifh2hdr.c
Fri Mar 13 02:59:06 2026
Writing: talsrcimg_g11.4dfp.hdr

Writing: talsrcimg_g11.4dfp.ifh
including: talsrcimg.4dfp.img.rec in talsrcimg_g11.4dfp.img.rec

---------------------------------------------------------------------
imgreg_4dfp /opt/freesurfer/average/711-2C_as_mni_average_305 none talsrcimg_g11 none talsrcimg_to_711-2C_as_mni_average_305_t4 4355
---------------------------------------------------------------------

freesurfer imgreg_4dfp.c
/opt/freesurfer/average/711-2C_as_mni_average_305.4dfp.img
       256       256       256         1
  1.000000  1.000000  1.000000
orientation T byte_order littleendian
Reading image: /opt/freesurfer/average/711-2C_as_mni_average_305.4dfp.img
dimensions:      256       256       256
mmppix:       1.0000   -1.0000   -1.0000
center:     128.0000 -129.0000 -129.0000
talsrcimg_g11.4dfp.img
       256       256       256         1
  1.000000  1.000000  1.000000
orientation T byte_order littleendian
Reading image: talsrcimg_g11.4dfp.img
dimensions:      256       256       256
mmppix:       1.0000   -1.0000   -1.0000
center:     128.0000 -129.0000 -129.0000
t4_read: open error in t4_sub.f l:  41 t4_file(1:l)talsrcimg_to_711-2C_as_mni_average_305_t4 
t4_read: transform initialized to I4
rotation matrix determinant  1.000000
image alignment mode   4355 decimal     1103 hex
   -7.5000  -45.0000  -45.0000 5499.0332   13.4673
    0.0000  -45.0000  -45.0000 5729.5698   13.4495
    7.5000  -45.0000  -45.0000 5481.9878   13.4721
   -7.5000  -37.5000  -45.0000 6036.3384   13.0818
    0.0000  -37.5000  -45.0000 6287.5498   13.0678
    7.5000  -37.5000  -45.0000 6028.4263   13.0847
   -7.5000  -30.0000  -45.0000 6871.4995   12.7944
    0.0000  -30.0000  -45.0000 7161.2598   12.7760
    7.5000  -30.0000  -45.0000 6862.9336   12.7860
   -7.5000  -22.5000  -45.0000 7777.6938   12.4918
    0.0000  -22.5000  -45.0000 8127.5488   12.4710
    7.5000  -22.5000  -45.0000 7768.7803   12.4786
   -7.5000  -15.0000  -45.0000 8757.5967   12.2780
    0.0000  -15.0000  -45.0000 9149.2500   12.2587
    7.5000  -15.0000  -45.0000 8719.6377   12.2686
   -7.5000   -7.5000  -45.0000 9804.0654   12.2021
    0.0000   -7.5000  -45.000010255.4072   12.1876
    7.5000   -7.5000  -45.0000 9751.8135   12.2018
   -7.5000    0.0000  -45.000010733.9863   12.2227
    0.0000    0.0000  -45.000011219.2461   12.2116
    7.5000    0.0000  -45.000010657.6738   12.2279
   -7.5000    7.5000  -45.000010812.8994   12.2793
    0.0000    7.5000  -45.000011292.1113   12.2673
    7.5000    7.5000  -45.000010690.6289   12.2816
   -7.5000   15.0000  -45.000010724.3730   12.3096
    0.0000   15.0000  -45.000011225.1035   12.2929
    7.5000   15.0000  -45.000010602.6201   12.3024
   -7.5000   22.5000  -45.000010588.7041   12.2758
    0.0000   22.5000  -45.000011069.0732   12.2558
    7.5000   22.5000  -45.000010477.9482   12.2627
   -7.5000   30.0000  -45.000010412.1865   12.0594
    0.0000   30.0000  -45.000010882.2705   12.0407
    7.5000   30.0000  -45.000010301.0820   12.0502
   -7.5000   37.5000  -45.000010619.9990   12.0340
    0.0000   37.5000  -45.000011091.0820   12.0197
    7.5000   37.5000  -45.000010487.1055   12.0337
   -7.5000   45.0000  -45.000010358.1104   11.7535
    0.0000   45.0000  -45.000010810.5342   11.7430
    7.5000   45.0000  -45.000010193.1338   11.7586
   -7.5000  -45.0000  -37.5000 5863.5029   13.3514
    0.0000  -45.0000  -37.5000 6092.7749   13.3349
    7.5000  -45.0000  -37.5000 5834.3916   13.3559
   -7.5000  -37.5000  -37.5000 6423.0879   12.9618
    0.0000  -37.5000  -37.5000 6685.1147   12.9501
    7.5000  -37.5000  -37.5000 6410.9839   12.9678
   -7.5000  -30.0000  -37.5000 7310.7393   12.6752
    0.0000  -30.0000  -37.5000 7620.3789   12.6619
    7.5000  -30.0000  -37.5000 7292.2905   12.6742
   -7.5000  -22.5000  -37.5000 8298.0176   12.3825
    0.0000  -22.5000  -37.5000 8666.2354   12.3672
    7.5000  -22.5000  -37.5000 8268.7090   12.3774
   -7.5000  -15.0000  -37.5000 9362.0000   12.1776
    0.0000  -15.0000  -37.5000 9775.9580   12.1626
    7.5000  -15.0000  -37.5000 9295.9141   12.1740
   -7.5000   -7.5000  -37.500010487.2109   12.1019
    0.0000   -7.5000  -37.500010946.2861   12.0893
    7.5000   -7.5000  -37.500010397.1719   12.1033
   -7.5000    0.0000  -37.500011467.5225   12.1155
    0.0000    0.0000  -37.500011963.5029   12.1053
    7.5000    0.0000  -37.500011345.7725   12.1210
   -7.5000    7.5000  -37.500011512.2197   12.1656
    0.0000    7.5000  -37.500011995.9336   12.1557
    7.5000    7.5000  -37.500011376.6064   12.1705
   -7.5000   15.0000  -37.500011429.7393   12.1953
    0.0000   15.0000  -37.500011930.9326   12.1830
    7.5000   15.0000  -37.500011270.9238   12.1945
   -7.5000   22.5000  -37.500011277.8848   12.1682
    0.0000   22.5000  -37.500011766.7910   12.1536
    7.5000   22.5000  -37.500011113.0547   12.1631
   -7.5000   30.0000  -37.500011078.4639   11.9606
    0.0000   30.0000  -37.500011562.2910   11.9462
    7.5000   30.0000  -37.500010897.1260   11.9572
   -7.5000   37.5000  -37.500011269.9014   11.9352
    0.0000   37.5000  -37.500011744.9688   11.9228
    7.5000   37.5000  -37.500011064.2100   11.9366
   -7.5000   45.0000  -37.500010947.8994   11.6505
    0.0000   45.0000  -37.500011404.9873   11.6407
    7.5000   45.0000  -37.500010742.2998   11.6558
   -7.5000  -45.0000  -30.0000 6358.2817   13.8987
    0.0000  -45.0000  -30.0000 6594.6016   13.8838
    7.5000  -45.0000  -30.0000 6319.1528   13.9047
   -7.5000  -37.5000  -30.0000 6952.9487   13.4855
    0.0000  -37.5000  -30.0000 7234.5278   13.4762
    7.5000  -37.5000  -30.0000 6928.2627   13.4971
   -7.5000  -30.0000  -30.0000 7913.4868   13.1826
    0.0000  -30.0000  -30.0000 8250.0977   13.1739
    7.5000  -30.0000  -30.0000 7880.6431   13.1915
   -7.5000  -22.5000  -30.0000 9007.6787   12.8807
    0.0000  -22.5000  -30.0000 9401.5068   12.8706
    7.5000  -22.5000  -30.0000 8961.5830   12.8855
   -7.5000  -15.0000  -30.000010156.8193   12.6753
    0.0000  -15.0000  -30.000010593.9580   12.6645
    7.5000  -15.0000  -30.000010087.6338   12.6782
   -7.5000   -7.5000  -30.000011352.7549   12.5981
    0.0000   -7.5000  -30.000011834.5215   12.5880
    7.5000   -7.5000  -30.000011255.0908   12.6023
   -7.5000    0.0000  -30.000012393.4521   12.6064
    0.0000    0.0000  -30.000012920.2598   12.5978
    7.5000    0.0000  -30.000012273.6045   12.6142
   -7.5000    7.5000  -30.000012432.5977   12.6513
    0.0000    7.5000  -30.000012980.4893   12.6439
    7.5000    7.5000  -30.000012297.7822   12.6615
   -7.5000   15.0000  -30.000012363.5674   12.6791
    0.0000   15.0000  -30.000012889.8447   12.6711
    7.5000   15.0000  -30.000012170.0127   12.6873
   -7.5000   22.5000  -30.000012213.0596   12.6553
    0.0000   22.5000  -30.000012719.1270   12.6457
    7.5000   22.5000  -30.000012007.4326   12.6597
   -7.5000   30.0000  -30.000011965.6914   12.4506
    0.0000   30.0000  -30.000012484.6338   12.4402
    7.5000   30.0000  -30.000011758.2412   12.4535
   -7.5000   37.5000  -30.000012121.7803   12.4258
    0.0000   37.5000  -30.000012642.9189   12.4159
    7.5000   37.5000  -30.000011905.6641   12.4300
   -7.5000   45.0000  -30.000011717.3633   12.1315
    0.0000   45.0000  -30.000012223.3008   12.1232
    7.5000   45.0000  -30.000011507.1025   12.1390
   -7.5000  -45.0000  -22.5000 6833.0239   14.3663
    0.0000  -45.0000  -22.5000 7106.7217   14.3519
    7.5000  -45.0000  -22.5000 6797.2480   14.3749
   -7.5000  -37.5000  -22.5000 7490.6592   13.9429
    0.0000  -37.5000  -22.5000 7806.8408   13.9345
    7.5000  -37.5000  -22.5000 7463.7520   13.9586
   -7.5000  -30.0000  -22.5000 8552.1621   13.6277
    0.0000  -30.0000  -22.5000 8906.1494   13.6198
    7.5000  -30.0000  -22.5000 8498.8184   13.6410
   -7.5000  -22.5000  -22.5000 9729.7734   13.3102
    0.0000  -22.5000  -22.500010140.1289   13.3004
    7.5000  -22.5000  -22.5000 9659.1035   13.3177
   -7.5000  -15.0000  -22.500010960.7529   13.0985
    0.0000  -15.0000  -22.500011412.6641   13.0874
    7.5000  -15.0000  -22.500010870.0479   13.1016
   -7.5000   -7.5000  -22.500012211.8408   13.0209
    0.0000   -7.5000  -22.500012708.1279   13.0112
    7.5000   -7.5000  -22.500012104.5732   13.0262
   -7.5000    0.0000  -22.500013326.6992   13.0317
    0.0000    0.0000  -22.500013889.9473   13.0240
    7.5000    0.0000  -22.500013203.5605   13.0423
   -7.5000    7.5000  -22.500013377.7900   13.0777
    0.0000    7.5000  -22.500013984.4150   13.0714
    7.5000    7.5000  -22.500013246.3955   13.0920
   -7.5000   15.0000  -22.500013301.5674   13.1032
    0.0000   15.0000  -22.500013863.7334   13.0961
    7.5000   15.0000  -22.500013097.0117   13.1158
   -7.5000   22.5000  -22.500013152.5400   13.0759
    0.0000   22.5000  -22.500013681.6855   13.0665
    7.5000   22.5000  -22.500012905.3545   13.0827
   -7.5000   30.0000  -22.500012860.5488   12.8684
    0.0000   30.0000  -22.500013412.8379   12.8578
    7.5000   30.0000  -22.500012605.3320   12.8716
   -7.5000   37.5000  -22.500013027.9502   12.8448
    0.0000   37.5000  -22.500013594.6377   12.8353
    7.5000   37.5000  -22.500012763.6172   12.8501
   -7.5000   45.0000  -22.500012563.4004   12.5501
    0.0000   45.0000  -22.500013115.9980   12.5428
    7.5000   45.0000  -22.500012306.7578   12.5604
   -7.5000  -45.0000  -15.0000 7286.1367   14.6897
    0.0000  -45.0000  -15.0000 7596.9634   14.6744
    7.5000  -45.0000  -15.0000 7249.8574   14.6995
   -7.5000  -37.5000  -15.0000 8029.7305   14.2678
    0.0000  -37.5000  -15.0000 8386.5723   14.2578
    7.5000  -37.5000  -15.0000 7987.6978   14.2817
   -7.5000  -30.0000  -15.0000 9189.9629   13.9475
    0.0000  -30.0000  -15.0000 9597.2832   13.9357
    7.5000  -30.0000  -15.0000 9139.8750   13.9552
   -7.5000  -22.5000  -15.000010444.9883   13.6145
    0.0000  -22.5000  -15.000010903.0703   13.6004
    7.5000  -22.5000  -15.000010378.6016   13.6157
   -7.5000  -15.0000  -15.000011748.4648   13.3904
    0.0000  -15.0000  -15.000012245.8076   13.3759
    7.5000  -15.0000  -15.000011634.9482   13.3892
   -7.5000   -7.5000  -15.000013082.7520   13.3125
    0.0000   -7.5000  -15.000013615.8750   13.3012
    7.5000   -7.5000  -15.000012942.3613   13.3170
   -7.5000    0.0000  -15.000014292.7900   13.3314
    0.0000    0.0000  -15.000014888.2930   13.3233
    7.5000    0.0000  -15.000014112.6943   13.3427
   -7.5000    7.5000  -15.000014358.8262   13.3851
    0.0000    7.5000  -15.000014981.8652   13.3773
    7.5000    7.5000  -15.000014171.5479   13.3980
   -7.5000   15.0000  -15.000014247.8545   13.4105
    0.0000   15.0000  -15.000014853.9346   13.4000
    7.5000   15.0000  -15.000014030.6230   13.4185
   -7.5000   22.5000  -15.000014069.8955   13.3742
    0.0000   22.5000  -15.000014657.0762   13.3605
    7.5000   22.5000  -15.000013785.1035   13.3750
   -7.5000   30.0000  -15.000013758.9629   13.1572
    0.0000   30.0000  -15.000014359.7168   13.1433
    7.5000   30.0000  -15.000013451.3896   13.1562
   -7.5000   37.5000  -15.000013949.8115   13.1343
    0.0000   37.5000  -15.000014553.4277   13.1232
    7.5000   37.5000  -15.000013641.1045   13.1388
   -7.5000   45.0000  -15.000013434.2930   12.8466
    0.0000   45.0000  -15.000013999.3281   12.8387
    7.5000   45.0000  -15.000013112.6904   12.8575
   -7.5000  -45.0000   -7.5000 7754.0869   14.8402
    0.0000  -45.0000   -7.5000 8100.8647   14.8223
    7.5000  -45.0000   -7.5000 7716.1411   14.8480
   -7.5000  -37.5000   -7.5000 8597.9043   14.4184
    0.0000  -37.5000   -7.5000 8997.0400   14.4044
    7.5000  -37.5000   -7.5000 8540.4072   14.4253
   -7.5000  -30.0000   -7.5000 9889.1260   14.0980
    0.0000  -30.0000   -7.500010333.0635   14.0795
    7.5000  -30.0000   -7.5000 9805.5029   14.0939
   -7.5000  -22.5000   -7.500011232.6387   13.7592
    0.0000  -22.5000   -7.500011718.2119   13.7384
    7.5000  -22.5000   -7.500011107.0908   13.7493
   -7.5000  -15.0000   -7.500012582.5010   13.5250
    0.0000  -15.0000   -7.500013098.7100   13.5060
    7.5000  -15.0000   -7.500012405.2285   13.5174
   -7.5000   -7.5000   -7.500013991.9580   13.4450
    0.0000   -7.5000   -7.500014557.3955   13.4312
    7.5000   -7.5000   -7.500013798.4619   13.4471
   -7.5000    0.0000   -7.500015301.0996   13.4691
    0.0000    0.0000   -7.500015931.7227   13.4590
    7.5000    0.0000   -7.500015063.9326   13.4779
   -7.5000    7.5000   -7.500015392.4248   13.5295
    0.0000    7.5000   -7.500016029.6914   13.5179
    7.5000    7.5000   -7.500015158.8545   13.5358
   -7.5000   15.0000   -7.500015302.2588   13.5581
    0.0000   15.0000   -7.500015930.2500   13.5416
    7.5000   15.0000   -7.500015051.8760   13.5553
   -7.5000   22.5000   -7.500015102.2686   13.5153
    0.0000   22.5000   -7.500015711.2197   13.4953
    7.5000   22.5000   -7.500014765.3379   13.5055
   -7.5000   30.0000   -7.500014745.8018   13.2894
    0.0000   30.0000   -7.500015321.6055   13.2709
    7.5000   30.0000   -7.500014371.5156   13.2820
   -7.5000   37.5000   -7.500014926.4844   13.2647
    0.0000   37.5000   -7.500015497.5742   13.2510
    7.5000   37.5000   -7.500014562.6816   13.2668
   -7.5000   45.0000   -7.500014329.5293   12.9817
    0.0000   45.0000   -7.500014875.3057   12.9719
    7.5000   45.0000   -7.500013963.6426   12.9901
   -7.5000  -45.0000    0.0000 8166.9834   14.8674
    0.0000  -45.0000    0.0000 8523.3740   14.8481
    7.5000  -45.0000    0.0000 8100.0015   14.8733
   -7.5000  -37.5000    0.0000 9141.3799   14.4402
    0.0000  -37.5000    0.0000 9543.9541   14.4249
    7.5000  -37.5000    0.0000 9030.2129   14.4441
   -7.5000  -30.0000    0.000010539.1953   14.1204
    0.0000  -30.0000    0.000010999.0918   14.1006
    7.5000  -30.0000    0.000010397.0078   14.1122
   -7.5000  -22.5000    0.000011950.5137   13.7857
    0.0000  -22.5000    0.000012459.1758   13.7633
    7.5000  -22.5000    0.000011782.2197   13.7722
   -7.5000  -15.0000    0.000013348.0078   13.5499
    0.0000  -15.0000    0.000013873.4629   13.5295
    7.5000  -15.0000    0.000013164.1338   13.5407
   -7.5000   -7.5000    0.000014791.2510   13.4673
    0.0000   -7.5000    0.000015348.1885   13.4520
    7.5000   -7.5000    0.000014578.1768   13.4679
   -7.5000    0.0000    0.000016134.5527   13.4893
    0.0000    0.0000    0.000016772.0859   13.4776
    7.5000    0.0000    0.000015897.3857   13.4959
   -7.5000    7.5000    0.000016289.9629   13.5501
    0.0000    7.5000    0.000016919.0508   13.5374
    7.5000    7.5000    0.000016061.4443   13.5536
   -7.5000   15.0000    0.000016293.5107   13.5825
    0.0000   15.0000    0.000016914.4004   13.5646
    7.5000   15.0000    0.000016009.1201   13.5756
   -7.5000   22.5000    0.000016123.6270   13.5417
    0.0000   22.5000    0.000016702.1543   13.5203
    7.5000   22.5000    0.000015720.5928   13.5285
   -7.5000   30.0000    0.000015704.8672   13.3141
    0.0000   30.0000    0.000016199.4297   13.2944
    7.5000   30.0000    0.000015277.0449   13.3053
   -7.5000   37.5000    0.000015844.6953   13.2870
    0.0000   37.5000    0.000016341.3311   13.2719
    7.5000   37.5000    0.000015421.5000   13.2876
   -7.5000   45.0000    0.000015116.4727   13.0021
    0.0000   45.0000    0.000015642.0068   12.9909
    7.5000   45.0000    0.000014696.2041   13.0085
   -7.5000  -45.0000    7.5000 7935.5308   14.8913
    0.0000  -45.0000    7.5000 8283.7949   14.8733
    7.5000  -45.0000    7.5000 7844.4487   14.8971
   -7.5000  -37.5000    7.5000 8893.7168   14.4538
    0.0000  -37.5000    7.5000 9295.1465   14.4411
    7.5000  -37.5000    7.5000 8782.0459   14.4612
   -7.5000  -30.0000    7.500010269.6475   14.1311
    0.0000  -30.0000    7.500010720.6074   14.1168
    7.5000  -30.0000    7.500010116.5049   14.1309
   -7.5000  -22.5000    7.500011640.7578   13.8027
    0.0000  -22.5000    7.500012151.5947   13.7861
    7.5000  -22.5000    7.500011502.2383   13.7979
   -7.5000  -15.0000    7.500013036.7080   13.5736
    0.0000  -15.0000    7.500013599.8271   13.5575
    7.5000  -15.0000    7.500012909.1436   13.5706
   -7.5000   -7.5000    7.500014457.9316   13.4897
    0.0000   -7.5000    7.500015047.8535   13.4762
    7.5000   -7.5000    7.500014289.1055   13.4921
   -7.5000    0.0000    7.500015711.7725   13.5044
    0.0000    0.0000    7.500016336.8760   13.4936
    7.5000    0.0000    7.500015531.4629   13.5114
   -7.5000    7.5000    7.500015873.5938   13.5596
    0.0000    7.5000    7.500016503.8672   13.5490
    7.5000    7.5000    7.500015681.4863   13.5659
   -7.5000   15.0000    7.500016086.5332   13.5924
    0.0000   15.0000    7.500016755.1523   13.5792
    7.5000   15.0000    7.500015718.7051   13.5924
   -7.5000   22.5000    7.500016114.4414   13.5583
    0.0000   22.5000    7.500016702.3750   13.5425
    7.5000   22.5000    7.500015537.7383   13.5535
   -7.5000   30.0000    7.500015665.8857   13.3372
    0.0000   30.0000    7.500016099.7754   13.3217
    7.5000   30.0000    7.500015071.5234   13.3344
   -7.5000   37.5000    7.500015640.2930   13.3091
    0.0000   37.5000    7.500016098.4648   13.2958
    7.5000   37.5000    7.500015123.9336   13.3115
   -7.5000   45.0000    7.500014771.7646   13.0167
    0.0000   45.0000    7.500015293.5811   13.0063
    7.5000   45.0000    7.500014335.4570   13.0234
   -7.5000  -45.0000   15.0000 7612.4150   14.9269
    0.0000  -45.0000   15.0000 7962.0244   14.9107
    7.5000  -45.0000   15.0000 7516.1045   14.9334
   -7.5000  -37.5000   15.0000 8533.9404   14.4818
    0.0000  -37.5000   15.0000 8936.2637   14.4715
    7.5000  -37.5000   15.0000 8442.9531   14.4941
   -7.5000  -30.0000   15.0000 9852.2061   14.1549
    0.0000  -30.0000   15.000010309.7441   14.1454
    7.5000  -30.0000   15.0000 9724.7529   14.1644
   -7.5000  -22.5000   15.000011193.3018   13.8292
    0.0000  -22.5000   15.000011715.7881   13.8182
    7.5000  -22.5000   15.000011078.1787   13.8343
   -7.5000  -15.0000   15.000012545.6689   13.6082
    0.0000  -15.0000   15.000013122.9365   13.5964
    7.5000  -15.0000   15.000012411.7305   13.6112
   -7.5000   -7.5000   15.000013902.3369   13.5249
    0.0000   -7.5000   15.000014542.2695   13.5139
    7.5000   -7.5000   15.000013730.3086   13.5294
   -7.5000    0.0000   15.000015109.0312   13.5336
    0.0000    0.0000   15.000015800.9609   13.5242
    7.5000    0.0000   15.000014907.0293   13.5420
   -7.5000    7.5000   15.000015279.7520   13.5819
    0.0000    7.5000   15.000015967.8789   13.5738
    7.5000    7.5000   15.000015004.6631   13.5928
   -7.5000   15.0000   15.000015455.2451   13.6121
    0.0000   15.0000   15.000016239.2832   13.6034
    7.5000   15.0000   15.000015008.1191   13.6208
   -7.5000   22.5000   15.000015425.5527   13.5839
    0.0000   22.5000   15.000016171.5781   13.5733
    7.5000   22.5000   15.000014886.9316   13.5885
   -7.5000   30.0000   15.000014970.6240   13.3709
    0.0000   30.0000   15.000015575.8740   13.3596
    7.5000   30.0000   15.000014513.1963   13.3740
   -7.5000   37.5000   15.000014948.8750   13.3438
    0.0000   37.5000   15.000015508.0410   13.3331
    7.5000   37.5000   15.000014578.7119   13.3484
   -7.5000   45.0000   15.000014094.9805   13.0448
    0.0000   45.0000   15.000014641.6270   13.0358
    7.5000   45.0000   15.000013768.9199   13.0529
   -7.5000  -45.0000   22.5000 7211.4316   14.9592
    0.0000  -45.0000   22.5000 7529.4771   14.9432
    7.5000  -45.0000   22.5000 7120.8882   14.9669
   -7.5000  -37.5000   22.5000 8073.0576   14.5174
    0.0000  -37.5000   22.5000 8454.8232   14.5077
    7.5000  -37.5000   22.5000 7985.3076   14.5325
   -7.5000  -30.0000   22.5000 9310.1660   14.1888
    0.0000  -30.0000   22.5000 9760.4756   14.1799
    7.5000  -30.0000   22.5000 9188.8467   14.2017
   -7.5000  -22.5000   22.500010592.8242   13.8577
    0.0000  -22.5000   22.500011110.6543   13.8468
    7.5000  -22.5000   22.500010457.4668   13.8648
   -7.5000  -15.0000   22.500011906.6006   13.6364
    0.0000  -15.0000   22.500012483.9980   13.6242
    7.5000  -15.0000   22.500011728.6885   13.6391
   -7.5000   -7.5000   22.500013200.7793   13.5546
    0.0000   -7.5000   22.500013855.3330   13.5437
    7.5000   -7.5000   22.500013025.0723   13.5593
   -7.5000    0.0000   22.500014361.6758   13.5653
    0.0000    0.0000   22.500015069.1309   13.5565
    7.5000    0.0000   22.500014197.5273   13.5753
   -7.5000    7.5000   22.500014511.7646   13.6136
    0.0000    7.5000   22.500015191.7988   13.6063
    7.5000    7.5000   22.500014292.8115   13.6275
   -7.5000   15.0000   22.500014511.2383   13.6410
    0.0000   15.0000   22.500015223.2734   13.6329
    7.5000   15.0000   22.500014275.7559   13.6532
   -7.5000   22.5000   22.500014284.3955   13.6110
    0.0000   22.5000   22.500014974.7275   13.6005
    7.5000   22.5000   22.500014096.8564   13.6174
   -7.5000   30.0000   22.500013927.2676   13.3986
    0.0000   30.0000   22.500014525.0801   13.3869
    7.5000   30.0000   22.500013777.8555   13.4013
   -7.5000   37.5000   22.500014066.9141   13.3731
    0.0000   37.5000   22.500014638.0684   13.3624
    7.5000   37.5000   22.500013879.1797   13.3779
   -7.5000   45.0000   22.500013336.0713   13.0753
    0.0000   45.0000   22.500013884.3760   13.0669
    7.5000   45.0000   22.500013120.8594   13.0851
   -7.5000  -45.0000   30.0000 6735.3569   14.9852
    0.0000  -45.0000   30.0000 7012.1367   14.9683
    7.5000  -45.0000   30.0000 6662.4951   14.9935
   -7.5000  -37.5000   30.0000 7530.5669   14.5538
    0.0000  -37.5000   30.0000 7872.4609   14.5424
    7.5000  -37.5000   30.0000 7464.4854   14.5666
   -7.5000  -30.0000   30.0000 8668.0557   14.2269
    0.0000  -30.0000   30.0000 9078.6729   14.2138
    7.5000  -30.0000   30.0000 8588.0967   14.2336
   -7.5000  -22.5000   30.0000 9860.9639   13.8862
    0.0000  -22.5000   30.000010328.6943   13.8708
    7.5000  -22.5000   30.0000 9778.8691   13.8864
   -7.5000  -15.0000   30.000011096.2129   13.6561
    0.0000  -15.0000   30.000011616.4717   13.6404
    7.5000  -15.0000   30.000010976.8652   13.6539
   -7.5000   -7.5000   30.000012300.6328   13.5747
    0.0000   -7.5000   30.000012889.7705   13.5622
    7.5000   -7.5000   30.000012195.8799   13.5782
   -7.5000    0.0000   30.000013426.6572   13.5931
    0.0000    0.0000   30.000014064.9883   13.5838
    7.5000    0.0000   30.000013320.0000   13.6033
   -7.5000    7.5000   30.000013543.3242   13.6486
    0.0000    7.5000   30.000014170.8145   13.6397
    7.5000    7.5000   30.000013404.5928   13.6605
   -7.5000   15.0000   30.000013457.2432   13.6759
    0.0000   15.0000   30.000014087.9580   13.6643
    7.5000   15.0000   30.000013362.4238   13.6830
   -7.5000   22.5000   30.000013197.6572   13.6383
    0.0000   22.5000   30.000013798.0908   13.6233
    7.5000   22.5000   30.000013152.1416   13.6380
   -7.5000   30.0000   30.000012906.3691   13.4180
    0.0000   30.0000   30.000013457.4473   13.4027
    7.5000   30.0000   30.000012852.4697   13.4158
   -7.5000   37.5000   30.000013093.4424   13.3930
    0.0000   37.5000   30.000013630.9795   13.3806
    7.5000   37.5000   30.000013003.7637   13.3964
   -7.5000   45.0000   30.000012430.9775   13.1022
    0.0000   45.0000   30.000012942.4639   13.0932
    7.5000   45.0000   30.000012323.1895   13.1120
   -7.5000  -45.0000   37.5000 6518.5742   15.1450
    0.0000  -45.0000   37.5000 6768.0425   15.1244
    7.5000  -45.0000   37.5000 6434.0928   15.1501
   -7.5000  -37.5000   37.5000 7270.4966   14.7107
    0.0000  -37.5000   37.5000 7581.5039   14.6943
    7.5000  -37.5000   37.5000 7218.1274   14.7152
   -7.5000  -30.0000   37.5000 8348.4590   14.3819
    0.0000  -30.0000   37.5000 8718.2725   14.3611
    7.5000  -30.0000   37.5000 8308.6992   14.3754
   -7.5000  -22.5000   37.5000 9489.7998   14.0331
    0.0000  -22.5000   37.5000 9915.8945   14.0099
    7.5000  -22.5000   37.5000 9448.8936   14.0207
   -7.5000  -15.0000   37.500010672.2471   13.7907
    0.0000  -15.0000   37.500011149.0693   13.7692
    7.5000  -15.0000   37.500010607.0605   13.7806
   -7.5000   -7.5000   37.500011843.0576   13.7059
    0.0000   -7.5000   37.500012386.2900   13.6897
    7.5000   -7.5000   37.500011775.2920   13.7055
   -7.5000    0.0000   37.500012956.8262   13.7291
    0.0000    0.0000   37.500013550.9863   13.7168
    7.5000    0.0000   37.500012859.1436   13.7356
   -7.5000    7.5000   37.500013044.4629   13.7920
    0.0000    7.5000   37.500013639.2666   13.7785
    7.5000    7.5000   37.500012943.7158   13.7963
   -7.5000   15.0000   37.500012921.8428   13.8235
    0.0000   15.0000   37.500013507.4521   13.8048
    7.5000   15.0000   37.500012889.9062   13.8185
   -7.5000   22.5000   37.500012661.5059   13.7809
    0.0000   22.5000   37.500013237.8711   13.7585
    7.5000   22.5000   37.500012665.3389   13.7685
   -7.5000   30.0000   37.500012405.6084   13.5499
    0.0000   30.0000   37.500012957.3789   13.5290
    7.5000   30.0000   37.500012378.8730   13.5400
   -7.5000   37.5000   37.500012618.1396   13.5223
    0.0000   37.5000   37.500013144.6973   13.5064
    7.5000   37.5000   37.500012554.9219   13.5220
   -7.5000   45.0000   37.500011988.7012   13.2332
    0.0000   45.0000   37.500012494.7979   13.2214
    7.5000   45.0000   37.500011912.4834   13.2395
   -7.5000  -45.0000   45.0000 6010.3071   15.3566
    0.0000  -45.0000   45.0000 6248.4946   15.3348
    7.5000  -45.0000   45.0000 5943.0073   15.3606
   -7.5000  -37.5000   45.0000 6712.1924   14.9066
    0.0000  -37.5000   45.0000 6989.8540   14.8898
    7.5000  -37.5000   45.0000 6666.3599   14.9091
   -7.5000  -30.0000   45.0000 7700.6821   14.5728
    0.0000  -30.0000   45.0000 8023.0562   14.5515
    7.5000  -30.0000   45.0000 7666.3789   14.5629
   -7.5000  -22.5000   45.0000 8763.7861   14.2204
    0.0000  -22.5000   45.0000 9131.7891   14.1961
    7.5000  -22.5000   45.0000 8699.1104   14.2049
   -7.5000  -15.0000   45.0000 9832.9814   13.9695
    0.0000  -15.0000   45.000010262.8057   13.9466
    7.5000  -15.0000   45.0000 9759.4990   13.9580
   -7.5000   -7.5000   45.000010901.6504   13.8778
    0.0000   -7.5000   45.000011392.5430   13.8600
    7.5000   -7.5000   45.000010843.8672   13.8762
   -7.5000    0.0000   45.000011903.1768   13.8984
    0.0000    0.0000   45.000012452.5605   13.8849
    7.5000    0.0000   45.000011841.5928   13.9032
   -7.5000    7.5000   45.000011982.9395   13.9656
    0.0000    7.5000   45.000012541.2617   13.9513
    7.5000    7.5000   45.000011923.0996   13.9675
   -7.5000   15.0000   45.000011869.3252   14.0042
    0.0000   15.0000   45.000012405.3730   13.9849
    7.5000   15.0000   45.000011843.4600   13.9957
   -7.5000   22.5000   45.000011633.8779   13.9633
    0.0000   22.5000   45.000012161.0205   13.9399
    7.5000   22.5000   45.000011628.8125   13.9479
   -7.5000   30.0000   45.000011419.2012   13.7243
    0.0000   30.0000   45.000011916.5166   13.7021
    7.5000   30.0000   45.000011381.5000   13.7130
   -7.5000   37.5000   45.000011634.0703   13.6908
    0.0000   37.5000   45.000012111.9883   13.6734
    7.5000   37.5000   45.000011563.8516   13.6893
   -7.5000   45.0000   45.000011036.7959   13.4025
    0.0000   45.0000   45.000011498.6660   13.3895
    7.5000   45.0000   45.000010963.9121   13.4072

---------------------------------------------------------------------
imgreg_4dfp /opt/freesurfer/average/711-2C_as_mni_average_305 /opt/freesurfer/average/711-2B_as_mni_average_305_mask talsrcimg_g11 none talsrcimg_to_711-2C_as_mni_average_305_t4 4355
---------------------------------------------------------------------

freesurfer imgreg_4dfp.c
/opt/freesurfer/average/711-2C_as_mni_average_305.4dfp.img
       256       256       256         1
  1.000000  1.000000  1.000000
orientation T byte_order littleendian
Reading image: /opt/freesurfer/average/711-2C_as_mni_average_305.4dfp.img
dimensions:      256       256       256
mmppix:       1.0000   -1.0000   -1.0000
center:     128.0000 -129.0000 -129.0000
/opt/freesurfer/average/711-2B_as_mni_average_305_mask.4dfp.img
       256       256       256         1
  1.000000  1.000000  1.000000
orientation T byte_order littleendian
Reading mask: /opt/freesurfer/average/711-2B_as_mni_average_305_mask.4dfp.img (2306576 pixels)
talsrcimg_g11.4dfp.img
       256       256       256         1
  1.000000  1.000000  1.000000
orientation T byte_order littleendian
Reading image: talsrcimg_g11.4dfp.img
dimensions:      256       256       256
mmppix:       1.0000   -1.0000   -1.0000
center:     128.0000 -129.0000 -129.0000
rotation matrix determinant  1.000000
image alignment mode   4355 decimal     1103 hex
   -7.5000  -37.5000  -45.0000 1750.6636   22.4106
    0.0000  -37.5000  -45.0000 1760.9136   22.3756
    7.5000  -37.5000  -45.0000 1750.1946   22.6312
   -7.5000  -30.0000  -45.0000 1861.4542   19.5581
    0.0000  -30.0000  -45.0000 1868.1128   19.4522
    7.5000  -30.0000  -45.0000 1859.7611   19.6222
   -7.5000  -22.5000  -45.0000 1991.7789   17.1252
    0.0000  -22.5000  -45.0000 1999.4443   17.0555
    7.5000  -22.5000  -45.0000 1990.3271   17.1649
   -7.5000  -15.0000  -45.0000 2112.7249   15.3065
    0.0000  -15.0000  -45.0000 2123.3640   15.2448
    7.5000  -15.0000  -45.0000 2106.3999   15.3438
   -7.5000   -7.5000  -45.0000 2216.9629   14.1022
    0.0000   -7.5000  -45.0000 2230.5107   14.0487
    7.5000   -7.5000  -45.0000 2212.6643   14.1353
   -7.5000    0.0000  -45.0000 2269.5676   13.3059
    0.0000    0.0000  -45.0000 2286.1560   13.2699
    7.5000    0.0000  -45.0000 2270.4478   13.3426
   -7.5000    7.5000  -45.0000 2306.5911   12.6889
    0.0000    7.5000  -45.0000 2321.9343   12.6409
    7.5000    7.5000  -45.0000 2301.1252   12.7142
   -7.5000   15.0000  -45.0000 2321.7493   12.1968
    0.0000   15.0000  -45.0000 2340.6995   12.1444
    7.5000   15.0000  -45.0000 2317.0391   12.2146
   -7.5000   22.5000  -45.0000 2324.1519   11.9452
    0.0000   22.5000  -45.0000 2340.3164   11.8581
    7.5000   22.5000  -45.0000 2325.4385   11.9474
   -7.5000   30.0000  -45.0000 2310.1584   11.9524
    0.0000   30.0000  -45.0000 2329.4602   11.8606
    7.5000   30.0000  -45.0000 2314.8743   11.9574
   -7.5000   37.5000  -45.0000 2294.8452   12.1561
    0.0000   37.5000  -45.0000 2311.7925   12.0697
    7.5000   37.5000  -45.0000 2297.4824   12.1705
   -7.5000   45.0000  -45.0000 2262.5769   12.6379
    0.0000   45.0000  -45.0000 2283.8005   12.5268
    7.5000   45.0000  -45.0000 2262.9531   12.6348
   -7.5000   52.5000  -45.0000 2194.8218   13.2795
    0.0000   52.5000  -45.0000 2212.0752   13.1948
    7.5000   52.5000  -45.0000 2193.3535   13.2989
   -7.5000  -37.5000  -37.5000 1815.2029   20.7301
    0.0000  -37.5000  -37.5000 1820.1553   20.7434
    7.5000  -37.5000  -37.5000 1814.4088   20.9538
   -7.5000  -30.0000  -37.5000 1932.6454   18.0686
    0.0000  -30.0000  -37.5000 1936.8700   18.0311
    7.5000  -30.0000  -37.5000 1928.9644   18.1860
   -7.5000  -22.5000  -37.5000 2063.9521   15.8693
    0.0000  -22.5000  -37.5000 2074.4890   15.8614
    7.5000  -22.5000  -37.5000 2061.8076   15.9344
   -7.5000  -15.0000  -37.5000 2195.9275   14.2030
    0.0000  -15.0000  -37.5000 2209.7102   14.1805
    7.5000  -15.0000  -37.5000 2189.6445   14.2463
   -7.5000   -7.5000  -37.5000 2306.7756   13.0449
    0.0000   -7.5000  -37.5000 2321.9778   13.0332
    7.5000   -7.5000  -37.5000 2300.7876   13.1225
   -7.5000    0.0000  -37.5000 2364.6746   12.2887
    0.0000    0.0000  -37.5000 2381.1470   12.2735
    7.5000    0.0000  -37.5000 2364.1345   12.3437
   -7.5000    7.5000  -37.5000 2398.1101   11.6959
    0.0000    7.5000  -37.5000 2413.6177   11.6446
    7.5000    7.5000  -37.5000 2393.7253   11.7260
   -7.5000   15.0000  -37.5000 2421.8967   11.2434
    0.0000   15.0000  -37.5000 2439.7205   11.1907
    7.5000   15.0000  -37.5000 2419.9775   11.2715
   -7.5000   22.5000  -37.5000 2432.0974   10.9844
    0.0000   22.5000  -37.5000 2448.4187   10.9376
    7.5000   22.5000  -37.5000 2432.0938   11.0247
   -7.5000   30.0000  -37.5000 2422.5664   11.0051
    0.0000   30.0000  -37.5000 2442.5789   10.9545
    7.5000   30.0000  -37.5000 2422.3252   11.0296
   -7.5000   37.5000  -37.5000 2402.7236   11.1867
    0.0000   37.5000  -37.5000 2420.2185   11.1480
    7.5000   37.5000  -37.5000 2401.2869   11.2137
   -7.5000   45.0000  -37.5000 2367.9375   11.5981
    0.0000   45.0000  -37.5000 2384.7241   11.5406
    7.5000   45.0000  -37.5000 2366.7737   11.6458
   -7.5000   52.5000  -37.5000 2293.3123   12.1779
    0.0000   52.5000  -37.5000 2310.9795   12.1354
    7.5000   52.5000  -37.5000 2292.1936   12.2366
   -7.5000  -37.5000  -30.0000 1905.4655   20.0471
    0.0000  -37.5000  -30.0000 1910.4348   20.0182
    7.5000  -37.5000  -30.0000 1903.4659   20.2982
   -7.5000  -30.0000  -30.0000 2029.7922   17.4302
    0.0000  -30.0000  -30.0000 2035.7676   17.4012
    7.5000  -30.0000  -30.0000 2024.0492   17.5711
   -7.5000  -22.5000  -30.0000 2174.8445   15.2903
    0.0000  -22.5000  -30.0000 2184.8394   15.2805
    7.5000  -22.5000  -30.0000 2169.5410   15.3795
   -7.5000  -15.0000  -30.0000 2311.0449   13.6640
    0.0000  -15.0000  -30.0000 2324.2329   13.6585
    7.5000  -15.0000  -30.0000 2307.4224   13.7499
   -7.5000   -7.5000  -30.0000 2428.4014   12.5376
    0.0000   -7.5000  -30.0000 2445.4155   12.5283
    7.5000   -7.5000  -30.0000 2424.2849   12.6362
   -7.5000    0.0000  -30.0000 2490.4834   11.7687
    0.0000    0.0000  -30.0000 2508.0415   11.7637
    7.5000    0.0000  -30.0000 2488.3350   11.8470
   -7.5000    7.5000  -30.0000 2530.7368   11.1781
    0.0000    7.5000  -30.0000 2544.7742   11.1510
    7.5000    7.5000  -30.0000 2527.0295   11.2547
   -7.5000   15.0000  -30.0000 2565.3384   10.7435
    0.0000   15.0000  -30.0000 2581.4395   10.7077
    7.5000   15.0000  -30.0000 2562.2712   10.7947
   -7.5000   22.5000  -30.0000 2585.0823   10.4870
    0.0000   22.5000  -30.0000 2600.5376   10.4536
    7.5000   22.5000  -30.0000 2582.1111   10.5314
   -7.5000   30.0000  -30.0000 2583.0220   10.4716
    0.0000   30.0000  -30.0000 2601.7783   10.4510
    7.5000   30.0000  -30.0000 2581.1406   10.5257
   -7.5000   37.5000  -30.0000 2558.1406   10.6685
    0.0000   37.5000  -30.0000 2577.6260   10.6372
    7.5000   37.5000  -30.0000 2556.3345   10.7397
   -7.5000   45.0000  -30.0000 2516.6458   11.0479
    0.0000   45.0000  -30.0000 2536.2756   11.0327
    7.5000   45.0000  -30.0000 2513.9976   11.1416
   -7.5000   52.5000  -30.0000 2441.4192   11.6059
    0.0000   52.5000  -30.0000 2461.7100   11.5790
    7.5000   52.5000  -30.0000 2435.8408   11.7094
   -7.5000  -37.5000  -22.5000 1970.5883   19.2136
    0.0000  -37.5000  -22.5000 1976.4071   19.2286
    7.5000  -37.5000  -22.5000 1968.9716   19.4635
   -7.5000  -30.0000  -22.5000 2105.7251   16.7020
    0.0000  -30.0000  -22.5000 2112.6826   16.6939
    7.5000  -30.0000  -22.5000 2099.1436   16.8766
   -7.5000  -22.5000  -22.5000 2258.9297   14.6885
    0.0000  -22.5000  -22.5000 2270.8726   14.6406
    7.5000  -22.5000  -22.5000 2250.3542   14.7958
   -7.5000  -15.0000  -22.5000 2395.4153   13.0787
    0.0000  -15.0000  -22.5000 2410.4480   13.0277
    7.5000  -15.0000  -22.5000 2390.8684   13.1883
   -7.5000   -7.5000  -22.5000 2514.8025   11.9271
    0.0000   -7.5000  -22.5000 2529.1082   11.8892
    7.5000   -7.5000  -22.5000 2512.1416   12.0436
   -7.5000    0.0000  -22.5000 2583.2373   11.1812
    0.0000    0.0000  -22.5000 2601.3743   11.1373
    7.5000    0.0000  -22.5000 2583.6855   11.2753
   -7.5000    7.5000  -22.5000 2629.6943   10.6125
    0.0000    7.5000  -22.5000 2649.7483   10.5836
    7.5000    7.5000  -22.5000 2631.8176   10.6966
   -7.5000   15.0000  -22.5000 2675.6372   10.1772
    0.0000   15.0000  -22.5000 2695.8618   10.1392
    7.5000   15.0000  -22.5000 2672.0735   10.2426
   -7.5000   22.5000  -22.5000 2709.0054    9.8875
    0.0000   22.5000  -22.5000 2725.3545    9.8566
    7.5000   22.5000  -22.5000 2700.9622    9.9583
   -7.5000   30.0000  -22.5000 2712.8184    9.8444
    0.0000   30.0000  -22.5000 2731.9290    9.8281
    7.5000   30.0000  -22.5000 2705.6089    9.9330
   -7.5000   37.5000  -22.5000 2693.3650   10.0643
    0.0000   37.5000  -22.5000 2714.2117   10.0412
    7.5000   37.5000  -22.5000 2683.5825   10.1562
   -7.5000   45.0000  -22.5000 2649.4099   10.4625
    0.0000   45.0000  -22.5000 2671.9043   10.4397
    7.5000   45.0000  -22.5000 2641.2668   10.5652
   -7.5000   52.5000  -22.5000 2561.7859   10.9907
    0.0000   52.5000  -22.5000 2582.9192   10.9680
    7.5000   52.5000  -22.5000 2555.5447   11.0921
   -7.5000  -37.5000  -15.0000 2013.5563   18.4902
    0.0000  -37.5000  -15.0000 2024.7247   18.4664
    7.5000  -37.5000  -15.0000 2006.6189   18.7739
   -7.5000  -30.0000  -15.0000 2156.3174   16.0882
    0.0000  -30.0000  -15.0000 2166.7019   16.0514
    7.5000  -30.0000  -15.0000 2151.2139   16.2857
   -7.5000  -22.5000  -15.0000 2307.7319   14.1056
    0.0000  -22.5000  -15.0000 2324.4109   14.0553
    7.5000  -22.5000  -15.0000 2305.9565   14.2459
   -7.5000  -15.0000  -15.0000 2441.4622   12.5160
    0.0000  -15.0000  -15.0000 2459.7029   12.4731
    7.5000  -15.0000  -15.0000 2439.0149   12.6329
   -7.5000   -7.5000  -15.0000 2561.6655   11.3895
    0.0000   -7.5000  -15.0000 2578.5403   11.3092
    7.5000   -7.5000  -15.0000 2565.2012   11.4842
   -7.5000    0.0000  -15.0000 2646.6133   10.6095
    0.0000    0.0000  -15.0000 2665.6509   10.5323
    7.5000    0.0000  -15.0000 2646.8323   10.6979
   -7.5000    7.5000  -15.0000 2707.5359   10.0450
    0.0000    7.5000  -15.0000 2726.3420   10.0129
    7.5000    7.5000  -15.0000 2708.5906   10.1356
   -7.5000   15.0000  -15.0000 2759.3992    9.6197
    0.0000   15.0000  -15.0000 2780.3655    9.5795
    7.5000   15.0000  -15.0000 2756.8562    9.6999
   -7.5000   22.5000  -15.0000 2800.6995    9.3188
    0.0000   22.5000  -15.0000 2822.3523    9.2816
    7.5000   22.5000  -15.0000 2791.6045    9.3944
   -7.5000   30.0000  -15.0000 2813.0325    9.2517
    0.0000   30.0000  -15.0000 2836.4265    9.2314
    7.5000   30.0000  -15.0000 2805.6636    9.3476
   -7.5000   37.5000  -15.0000 2796.3970    9.4720
    0.0000   37.5000  -15.0000 2822.1567    9.4358
    7.5000   37.5000  -15.0000 2785.7212    9.5673
   -7.5000   45.0000  -15.0000 2751.2446    9.8920
    0.0000   45.0000  -15.0000 2771.7258    9.8428
    7.5000   45.0000  -15.0000 2738.0276    9.9825
   -7.5000   52.5000  -15.0000 2657.8010   10.4232
    0.0000   52.5000  -15.0000 2670.5466   10.3786
    7.5000   52.5000  -15.0000 2642.8218   10.5050
   -7.5000  -37.5000   -7.5000 2041.2833   17.9729
    0.0000  -37.5000   -7.5000 2056.5818   17.9502
    7.5000  -37.5000   -7.5000 2034.1753   18.2662
   -7.5000  -30.0000   -7.5000 2186.6021   15.6296
    0.0000  -30.0000   -7.5000 2202.2107   15.5635
    7.5000  -30.0000   -7.5000 2179.2896   15.8313
   -7.5000  -22.5000   -7.5000 2338.1729   13.6407
    0.0000  -22.5000   -7.5000 2353.5601   13.5520
    7.5000  -22.5000   -7.5000 2329.6318   13.7851
   -7.5000  -15.0000   -7.5000 2466.6167   12.0518
    0.0000  -15.0000   -7.5000 2481.1877   11.9758
    7.5000  -15.0000   -7.5000 2459.3223   12.1605
   -7.5000   -7.5000   -7.5000 2590.9705   10.9046
    0.0000   -7.5000   -7.5000 2607.2747   10.8164
    7.5000   -7.5000   -7.5000 2591.1038   11.0100
   -7.5000    0.0000   -7.5000 2689.4910   10.1117
    0.0000    0.0000   -7.5000 2707.9221   10.0288
    7.5000    0.0000   -7.5000 2686.8147   10.2272
   -7.5000    7.5000   -7.5000 2762.8098    9.5548
    0.0000    7.5000   -7.5000 2785.8779    9.4813
    7.5000    7.5000   -7.5000 2765.6509    9.6615
   -7.5000   15.0000   -7.5000 2829.8992    9.1519
    0.0000   15.0000   -7.5000 2853.2798    9.0806
    7.5000   15.0000   -7.5000 2829.8340    9.2483
   -7.5000   22.5000   -7.5000 2885.7075    8.8607
    0.0000   22.5000   -7.5000 2911.1768    8.7930
    7.5000   22.5000   -7.5000 2874.4717    8.9371
   -7.5000   30.0000   -7.5000 2902.8647    8.7774
    0.0000   30.0000   -7.5000 2926.6431    8.7204
    7.5000   30.0000   -7.5000 2889.2859    8.8552
   -7.5000   37.5000   -7.5000 2879.3733    8.9680
    0.0000   37.5000   -7.5000 2902.1797    8.8998
    7.5000   37.5000   -7.5000 2867.6519    9.0654
   -7.5000   45.0000   -7.5000 2828.0171    9.3849
    0.0000   45.0000   -7.5000 2845.7996    9.3139
    7.5000   45.0000   -7.5000 2813.0369    9.4748
   -7.5000   52.5000   -7.5000 2719.4902    9.9425
    0.0000   52.5000   -7.5000 2735.0034    9.8638
    7.5000   52.5000   -7.5000 2706.2969   10.0266
   -7.5000  -37.5000    0.0000 2055.6021   17.7516
    0.0000  -37.5000    0.0000 2073.9297   17.7226
    7.5000  -37.5000    0.0000 2050.3574   18.0904
   -7.5000  -30.0000    0.0000 2204.1191   15.4432
    0.0000  -30.0000    0.0000 2222.4258   15.3176
    7.5000  -30.0000    0.0000 2195.3765   15.6503
   -7.5000  -22.5000    0.0000 2348.3228   13.4040
    0.0000  -22.5000    0.0000 2366.2698   13.2798
    7.5000  -22.5000    0.0000 2338.6721   13.5606
   -7.5000  -15.0000    0.0000 2476.2275   11.7795
    0.0000  -15.0000    0.0000 2491.9685   11.6653
    7.5000  -15.0000    0.0000 2471.0784   11.9428
   -7.5000   -7.5000    0.0000 2604.8496   10.6008
    0.0000   -7.5000    0.0000 2618.3953   10.4914
    7.5000   -7.5000    0.0000 2603.4055   10.7529
   -7.5000    0.0000    0.0000 2707.9998    9.7782
    0.0000    0.0000    0.0000 2725.9883    9.6776
    7.5000    0.0000    0.0000 2704.8796    9.9233
   -7.5000    7.5000    0.0000 2797.0796    9.2337
    0.0000    7.5000    0.0000 2819.2913    9.1211
    7.5000    7.5000    0.0000 2795.8489    9.3567
   -7.5000   15.0000    0.0000 2880.4458    8.8578
    0.0000   15.0000    0.0000 2904.0571    8.7383
    7.5000   15.0000    0.0000 2873.6460    8.9784
   -7.5000   22.5000    0.0000 2951.7073    8.5949
    0.0000   22.5000    0.0000 2979.8325    8.4832
    7.5000   22.5000    0.0000 2932.4919    8.7010
   -7.5000   30.0000    0.0000 2973.2917    8.5013
    0.0000   30.0000    0.0000 3000.1978    8.3961
    7.5000   30.0000    0.0000 2951.6814    8.6062
   -7.5000   37.5000    0.0000 2940.9600    8.6618
    0.0000   37.5000    0.0000 2961.2551    8.5632
    7.5000   37.5000    0.0000 2923.4697    8.7714
   -7.5000   45.0000    0.0000 2879.7869    9.0467
    0.0000   45.0000    0.0000 2896.3054    8.9530
    7.5000   45.0000    0.0000 2862.0298    9.1450
   -7.5000   52.5000    0.0000 2764.9888    9.6038
    0.0000   52.5000    0.0000 2781.1370    9.5125
    7.5000   52.5000    0.0000 2750.6780    9.6845
   -7.5000  -37.5000    7.5000 2055.9019   17.7137
    0.0000  -37.5000    7.5000 2073.3792   17.6648
    7.5000  -37.5000    7.5000 2047.9192   18.0638
   -7.5000  -30.0000    7.5000 2207.7566   15.3353
    0.0000  -30.0000    7.5000 2223.4231   15.2333
    7.5000  -30.0000    7.5000 2192.1548   15.5628
   -7.5000  -22.5000    7.5000 2347.0461   13.2678
    0.0000  -22.5000    7.5000 2364.3330   13.1729
    7.5000  -22.5000    7.5000 2338.4504   13.4994
   -7.5000  -15.0000    7.5000 2477.2268   11.6604
    0.0000  -15.0000    7.5000 2495.4211   11.5574
    7.5000  -15.0000    7.5000 2473.5361   11.8806
   -7.5000   -7.5000    7.5000 2607.4951   10.4808
    0.0000   -7.5000    7.5000 2622.9927   10.3836
    7.5000   -7.5000    7.5000 2604.6631   10.6790
   -7.5000    0.0000    7.5000 2714.1274    9.6349
    0.0000    0.0000    7.5000 2732.6501    9.5367
    7.5000    0.0000    7.5000 2712.5173    9.8171
   -7.5000    7.5000    7.5000 2814.6973    9.0686
    0.0000    7.5000    7.5000 2834.8230    8.9598
    7.5000    7.5000    7.5000 2810.9819    9.2304
   -7.5000   15.0000    7.5000 2906.7615    8.7393
    0.0000   15.0000    7.5000 2929.4580    8.6349
    7.5000   15.0000    7.5000 2893.7039    8.8585
   -7.5000   22.5000    7.5000 2997.7751    8.5574
    0.0000   22.5000    7.5000 3030.4221    8.4661
    7.5000   22.5000    7.5000 2967.9619    8.6220
   -7.5000   30.0000    7.5000 3023.0164    8.4495
    0.0000   30.0000    7.5000 3053.7100    8.3351
    7.5000   30.0000    7.5000 2986.0315    8.5249
   -7.5000   37.5000    7.5000 2982.1792    8.5420
    0.0000   37.5000    7.5000 3006.2588    8.4336
    7.5000   37.5000    7.5000 2955.0610    8.6442
   -7.5000   45.0000    7.5000 2909.4019    8.8692
    0.0000   45.0000    7.5000 2929.1479    8.7960
    7.5000   45.0000    7.5000 2890.1885    8.9756
   -7.5000   52.5000    7.5000 2789.4077    9.4049
    0.0000   52.5000    7.5000 2807.9561    9.3415
    7.5000   52.5000    7.5000 2772.6248    9.4956
   -7.5000  -37.5000   15.0000 2037.6041   17.8780
    0.0000  -37.5000   15.0000 2053.7588   17.8802
    7.5000  -37.5000   15.0000 2029.7539   18.2495
   -7.5000  -30.0000   15.0000 2190.3013   15.3913
    0.0000  -30.0000   15.0000 2206.6584   15.3537
    7.5000  -30.0000   15.0000 2174.3037   15.7001
   -7.5000  -22.5000   15.0000 2336.9204   13.2807
    0.0000  -22.5000   15.0000 2357.1003   13.2219
    7.5000  -22.5000   15.0000 2330.8247   13.5944
   -7.5000  -15.0000   15.0000 2472.5969   11.6593
    0.0000  -15.0000   15.0000 2492.4419   11.5988
    7.5000  -15.0000   15.0000 2470.0757   11.9287
   -7.5000   -7.5000   15.0000 2604.8479   10.4900
    0.0000   -7.5000   15.0000 2622.5090   10.4337
    7.5000   -7.5000   15.0000 2600.0339   10.7065
   -7.5000    0.0000   15.0000 2713.8574    9.6584
    0.0000    0.0000   15.0000 2733.6089    9.6090
    7.5000    0.0000   15.0000 2707.7266    9.8453
   -7.5000    7.5000   15.0000 2819.9456    9.0961
    0.0000    7.5000   15.0000 2837.8337    9.0545
    7.5000    7.5000   15.0000 2804.8877    9.2607
   -7.5000   15.0000   15.0000 2912.8931    8.7517
    0.0000   15.0000   15.0000 2933.8950    8.7239
    7.5000   15.0000   15.0000 2889.6626    8.8696
   -7.5000   22.5000   15.0000 3003.4988    8.5569
    0.0000   22.5000   15.0000 3026.2593    8.5556
    7.5000   22.5000   15.0000 2959.1997    8.6308
   -7.5000   30.0000   15.0000 3018.4060    8.4588
    0.0000   30.0000   15.0000 3043.0652    8.4360
    7.5000   30.0000   15.0000 2972.7888    8.5886
   -7.5000   37.5000   15.0000 2978.8638    8.5564
    0.0000   37.5000   15.0000 3002.4175    8.5087
    7.5000   37.5000   15.0000 2947.0046    8.7162
   -7.5000   45.0000   15.0000 2911.5813    8.8725
    0.0000   45.0000   15.0000 2934.2290    8.8108
    7.5000   45.0000   15.0000 2886.6616    9.0137
   -7.5000   52.5000   15.0000 2790.1196    9.3923
    0.0000   52.5000   15.0000 2806.3650    9.3140
    7.5000   52.5000   15.0000 2773.5540    9.4809
   -7.5000  -37.5000   22.5000 2009.0294   18.1616
    0.0000  -37.5000   22.5000 2020.4750   18.1928
    7.5000  -37.5000   22.5000 2006.1189   18.5966
   -7.5000  -30.0000   22.5000 2161.6252   15.6260
    0.0000  -30.0000   22.5000 2175.7310   15.6536
    7.5000  -30.0000   22.5000 2154.5222   15.9835
   -7.5000  -22.5000   22.5000 2318.6494   13.4978
    0.0000  -22.5000   22.5000 2332.7153   13.5036
    7.5000  -22.5000   22.5000 2310.0298   13.8129
   -7.5000  -15.0000   22.5000 2462.5803   11.8716
    0.0000  -15.0000   22.5000 2477.9753   11.8692
    7.5000  -15.0000   22.5000 2448.9912   12.1473
   -7.5000   -7.5000   22.5000 2595.7324   10.7006
    0.0000   -7.5000   22.5000 2607.6604   10.6863
    7.5000   -7.5000   22.5000 2577.3982   10.9404
   -7.5000    0.0000   22.5000 2705.1099    9.8553
    0.0000    0.0000   22.5000 2722.5430    9.8329
    7.5000    0.0000   22.5000 2689.6367   10.0829
   -7.5000    7.5000   22.5000 2809.4077    9.2851
    0.0000    7.5000   22.5000 2822.9517    9.2495
    7.5000    7.5000   22.5000 2786.5249    9.4873
   -7.5000   15.0000   22.5000 2894.5593    8.9239
    0.0000   15.0000   22.5000 2915.6250    8.8818
    7.5000   15.0000   22.5000 2871.3450    9.0598
   -7.5000   22.5000   22.5000 2961.8315    8.6566
    0.0000   22.5000   22.5000 2983.5156    8.6112
    7.5000   22.5000   22.5000 2924.0481    8.8016
   -7.5000   30.0000   22.5000 2975.6924    8.5636
    0.0000   30.0000   22.5000 2995.5881    8.5085
    7.5000   30.0000   22.5000 2939.0151    8.7476
   -7.5000   37.5000   22.5000 2944.5884    8.7428
    0.0000   37.5000   22.5000 2962.3206    8.6725
    7.5000   37.5000   22.5000 2913.8931    8.8822
   -7.5000   45.0000   22.5000 2880.6414    9.0915
    0.0000   45.0000   22.5000 2896.9729    9.0320
    7.5000   45.0000   22.5000 2854.7439    9.2015
   -7.5000   52.5000   22.5000 2761.8596    9.5595
    0.0000   52.5000   22.5000 2774.7725    9.5088
    7.5000   52.5000   22.5000 2742.9626    9.6527
   -7.5000  -37.5000   30.0000 1981.7295   18.6043
    0.0000  -37.5000   30.0000 1990.3876   18.6367
    7.5000  -37.5000   30.0000 1976.2782   19.1077
   -7.5000  -30.0000   30.0000 2131.1956   16.0370
    0.0000  -30.0000   30.0000 2140.3479   16.0478
    7.5000  -30.0000   30.0000 2122.3823   16.4353
   -7.5000  -22.5000   30.0000 2287.5776   13.8767
    0.0000  -22.5000   30.0000 2296.8062   13.8984
    7.5000  -22.5000   30.0000 2277.8416   14.2610
   -7.5000  -15.0000   30.0000 2437.0752   12.2510
    0.0000  -15.0000   30.0000 2448.0056   12.2292
    7.5000  -15.0000   30.0000 2416.5684   12.5721
   -7.5000   -7.5000   30.0000 2568.3501   11.0308
    0.0000   -7.5000   30.0000 2583.5498   11.0030
    7.5000   -7.5000   30.0000 2546.6567   11.3340
   -7.5000    0.0000   30.0000 2686.8584   10.1745
    0.0000    0.0000   30.0000 2701.8491   10.1313
    7.5000    0.0000   30.0000 2661.2231   10.4328
   -7.5000    7.5000   30.0000 2785.3359    9.6010
    0.0000    7.5000   30.0000 2797.0435    9.5580
    7.5000    7.5000   30.0000 2755.0081    9.8100
   -7.5000   15.0000   30.0000 2863.7947    9.2083
    0.0000   15.0000   30.0000 2877.4658    9.1518
    7.5000   15.0000   30.0000 2834.3066    9.3793
   -7.5000   22.5000   30.0000 2911.3716    8.9067
    0.0000   22.5000   30.0000 2925.2080    8.8510
    7.5000   22.5000   30.0000 2874.6357    9.1095
   -7.5000   30.0000   30.0000 2919.3362    8.8483
    0.0000   30.0000   30.0000 2928.2542    8.7733
    7.5000   30.0000   30.0000 2880.0864    9.0400
   -7.5000   37.5000   30.0000 2887.3315    9.0447
    0.0000   37.5000   30.0000 2896.3267    8.9575
    7.5000   37.5000   30.0000 2856.1680    9.1743
   -7.5000   45.0000   30.0000 2823.6106    9.3868
    0.0000   45.0000   30.0000 2834.8015    9.2990
    7.5000   45.0000   30.0000 2801.9670    9.4912
   -7.5000   52.5000   30.0000 2712.3022    9.8640
    0.0000   52.5000   30.0000 2720.8167    9.7932
    7.5000   52.5000   30.0000 2693.0332    9.9468
   -7.5000  -37.5000   37.5000 1955.1158   19.2189
    0.0000  -37.5000   37.5000 1960.4497   19.2306
    7.5000  -37.5000   37.5000 1942.4346   19.8181
   -7.5000  -30.0000   37.5000 2099.4631   16.5607
    0.0000  -30.0000   37.5000 2104.3660   16.5578
    7.5000  -30.0000   37.5000 2088.2209   17.0594
   -7.5000  -22.5000   37.5000 2257.5671   14.4052
    0.0000  -22.5000   37.5000 2262.9749   14.3839
    7.5000  -22.5000   37.5000 2240.6907   14.8331
   -7.5000  -15.0000   37.5000 2406.2981   12.7287
    0.0000  -15.0000   37.5000 2412.9670   12.7005
    7.5000  -15.0000   37.5000 2382.2515   13.1058
   -7.5000   -7.5000   37.5000 2537.2954   11.5004
    0.0000   -7.5000   37.5000 2548.2126   11.4624
    7.5000   -7.5000   37.5000 2511.7793   11.8341
   -7.5000    0.0000   37.5000 2655.0396   10.6226
    0.0000    0.0000   37.5000 2663.6423   10.5800
    7.5000    0.0000   37.5000 2620.9810   10.9112
   -7.5000    7.5000   37.5000 2745.2676   10.0438
    0.0000    7.5000   37.5000 2753.4390    9.9897
    7.5000    7.5000   37.5000 2711.2698   10.2724
   -7.5000   15.0000   37.5000 2810.2117    9.6163
    0.0000   15.0000   37.5000 2820.2058    9.5462
    7.5000   15.0000   37.5000 2778.5283    9.8374
   -7.5000   22.5000   37.5000 2850.6301    9.3029
    0.0000   22.5000   37.5000 2859.7373    9.2541
    7.5000   22.5000   37.5000 2813.3120    9.5425
   -7.5000   30.0000   37.5000 2852.7273    9.2663
    0.0000   30.0000   37.5000 2858.9724    9.2275
    7.5000   30.0000   37.5000 2816.3787    9.4661
   -7.5000   37.5000   37.5000 2814.9482    9.4643
    0.0000   37.5000   37.5000 2823.2451    9.3914
    7.5000   37.5000   37.5000 2789.5154    9.6046
   -7.5000   45.0000   37.5000 2752.3328    9.8025
    0.0000   45.0000   37.5000 2762.9968    9.7343
    7.5000   45.0000   37.5000 2733.3682    9.9188
   -7.5000   52.5000   37.5000 2648.6472   10.2569
    0.0000   52.5000   37.5000 2658.4897   10.1760
    7.5000   52.5000   37.5000 2630.3633   10.3326
   -7.5000  -37.5000   45.0000 1921.4934   20.0447
    0.0000  -37.5000   45.0000 1925.1479   20.0858
    7.5000  -37.5000   45.0000 1900.9346   20.7303
   -7.5000  -30.0000   45.0000 2064.2129   17.2799
    0.0000  -30.0000   45.0000 2066.3140   17.2895
    7.5000  -30.0000   45.0000 2046.0106   17.8484
   -7.5000  -22.5000   45.0000 2223.2439   15.0869
    0.0000  -22.5000   45.0000 2223.3472   15.0766
    7.5000  -22.5000   45.0000 2196.6719   15.5416
   -7.5000  -15.0000   45.0000 2368.3162   13.3618
    0.0000  -15.0000   45.0000 2367.3906   13.3529
    7.5000  -15.0000   45.0000 2333.5562   13.7622
   -7.5000   -7.5000   45.0000 2493.7090   12.1106
    0.0000   -7.5000   45.0000 2501.5935   12.0965
    7.5000   -7.5000   45.0000 2463.8015   12.4686
   -7.5000    0.0000   45.0000 2601.2144   11.1970
    0.0000    0.0000   45.0000 2610.6382   11.1709
    7.5000    0.0000   45.0000 2568.9619   11.5263
   -7.5000    7.5000   45.0000 2686.2808   10.6100
    0.0000    7.5000   45.0000 2696.4504   10.5648
    7.5000    7.5000   45.0000 2653.5034   10.8774
   -7.5000   15.0000   45.0000 2741.7039   10.1873
    0.0000   15.0000   45.0000 2752.4788   10.1183
    7.5000   15.0000   45.0000 2704.9365   10.4183
   -7.5000   22.5000   45.0000 2771.9741    9.8761
    0.0000   22.5000   45.0000 2780.1384    9.8383
    7.5000   22.5000   45.0000 2737.4187   10.1046
   -7.5000   30.0000   45.0000 2776.1799    9.8304
    0.0000   30.0000   45.0000 2778.6033    9.8036
    7.5000   30.0000   45.0000 2738.8860   10.0257
   -7.5000   37.5000   45.0000 2741.0693   10.0213
    0.0000   37.5000   45.0000 2742.1594    9.9791
    7.5000   37.5000   45.0000 2709.3337   10.1781
   -7.5000   45.0000   45.0000 2673.9961   10.3488
    0.0000   45.0000   45.0000 2682.7144   10.3103
    7.5000   45.0000   45.0000 2651.4739   10.4818
   -7.5000   52.5000   45.0000 2571.9868   10.7922
    0.0000   52.5000   45.0000 2583.8284   10.7361
    7.5000   52.5000   45.0000 2552.1506   10.8809

---------------------------------------------------------------------
imgreg_4dfp /opt/freesurfer/average/711-2C_as_mni_average_305 /opt/freesurfer/average/711-2B_as_mni_average_305_mask talsrcimg_g11 none talsrcimg_to_711-2C_as_mni_average_305_t4 1283
---------------------------------------------------------------------

freesurfer imgreg_4dfp.c
/opt/freesurfer/average/711-2C_as_mni_average_305.4dfp.img
       256       256       256         1
  1.000000  1.000000  1.000000
orientation T byte_order littleendian
Reading image: /opt/freesurfer/average/711-2C_as_mni_average_305.4dfp.img
dimensions:      256       256       256
mmppix:       1.0000   -1.0000   -1.0000
center:     128.0000 -129.0000 -129.0000
/opt/freesurfer/average/711-2B_as_mni_average_305_mask.4dfp.img
       256       256       256         1
  1.000000  1.000000  1.000000
orientation T byte_order littleendian
Reading mask: /opt/freesurfer/average/711-2B_as_mni_average_305_mask.4dfp.img (2306576 pixels)
talsrcimg_g11.4dfp.img
       256       256       256         1
  1.000000  1.000000  1.000000
orientation T byte_order littleendian
Reading image: talsrcimg_g11.4dfp.img
dimensions:      256       256       256
mmppix:       1.0000   -1.0000   -1.0000
center:     128.0000 -129.0000 -129.0000
rotation matrix determinant  1.000000
fimgreg.f
image alignment mode   1283 decimal      503 hex
parameters
    0.0000   30.0000    7.5000    0.0000    0.0000    0.0000
eta,q 0.95806  8.37477
niter,ni,del,rscale     5    3   12.0000    1.2000
parameter  2  0.625378 ->  0.500000 qaram    1.1500
parameter  3 -0.539049 -> -0.500000 qaram    1.1500
parameter  5 -0.703199 -> -0.500000 qaram    1.1500
parameters
   -1.4703   26.5500   10.9500    2.5932    3.4500   -0.1877
eta,q 0.96590  8.43207
  0.0507  0.0437  0.0561  0.0499  0.0519  0.0390
  0.0463  0.0399  0.0510  0.0460  0.0464  0.0364
  0.0444  0.0411  0.0448  0.0416  0.0418  0.0347
  0.0444  0.0439  0.0396  0.0383  0.0377  0.0341
  0.0477  0.0465  0.0378  0.0375  0.0349  0.0347
  0.0545  0.0491  0.0384  0.0384  0.0341  0.0368
  0.0626  0.0516  0.0401  0.0397  0.0357  0.0398
niter,ni,del,rscale     7    3   12.0000    1.2000
parameters
   -2.5365   27.0288   11.2469    2.4950    4.3543   -0.9456
eta,q 0.96627  8.44938
  0.0460  0.0525  0.0475  0.0399  0.0471  0.0375
  0.0380  0.0407  0.0399  0.0360  0.0414  0.0354
  0.0342  0.0346  0.0350  0.0341  0.0365  0.0341
  0.0341  0.0337  0.0340  0.0341  0.0341  0.0338
  0.0385  0.0365  0.0358  0.0353  0.0340  0.0347
  0.0477  0.0405  0.0394  0.0371  0.0369  0.0370
  0.0573  0.0455  0.0444  0.0394  0.0423  0.0403
niter,ni,del,rscale     6    3   12.0000    1.2000
parameters
   -3.0077   27.0375   11.3492    2.3692    4.7815   -1.2605
eta,q 0.96648  8.44964
  0.0489  0.0498  0.0464  0.0395  0.0459  0.0381
  0.0403  0.0386  0.0389  0.0356  0.0396  0.0356
  0.0349  0.0337  0.0345  0.0338  0.0354  0.0341
  0.0337  0.0337  0.0337  0.0337  0.0337  0.0335
  0.0368  0.0370  0.0356  0.0350  0.0342  0.0342
  0.0446  0.0415  0.0393  0.0368  0.0376  0.0362
  0.0540  0.0467  0.0446  0.0390  0.0434  0.0393
niter,ni,del,rscale     5    3   12.0000    1.2000
parameters
   -3.2022   27.0514   11.3580    2.3869    4.9534   -1.3969
eta,q 0.96647  8.44824
  0.0503  0.0501  0.0459  0.0397  0.0452  0.0384
  0.0415  0.0387  0.0387  0.0359  0.0388  0.0358
  0.0354  0.0336  0.0343  0.0337  0.0350  0.0342
  0.0335  0.0335  0.0335  0.0335  0.0336  0.0335
  0.0361  0.0371  0.0357  0.0349  0.0344  0.0341
  0.0432  0.0418  0.0394  0.0366  0.0382  0.0360
  0.0525  0.0467  0.0449  0.0387  0.0441  0.0390
niter,ni,del,rscale     4    3   12.0000    1.2000
parameters
   -3.2773   27.0369   11.3643    2.4231    5.0207   -1.4473
eta,q 0.96647  8.44809
  0.0510  0.0500  0.0459  0.0397  0.0449  0.0386
  0.0420  0.0387  0.0387  0.0359  0.0385  0.0359
  0.0357  0.0336  0.0344  0.0337  0.0349  0.0343
  0.0335  0.0335  0.0335  0.0335  0.0335  0.0335
  0.0358  0.0372  0.0357  0.0349  0.0346  0.0340
  0.0427  0.0419  0.0393  0.0366  0.0384  0.0359
  0.0519  0.0468  0.0450  0.0386  0.0444  0.0389
niter,ni,del,rscale     3    3   12.0000    1.2000
parameters
   -3.3053   27.0183   11.3705    2.4499    5.0456   -1.4647
eta,q 0.96647  8.44847
  0.0513  0.0500  0.0459  0.0397  0.0448  0.0386
  0.0422  0.0387  0.0387  0.0359  0.0384  0.0359
  0.0358  0.0336  0.0343  0.0337  0.0348  0.0343
  0.0335  0.0335  0.0335  0.0335  0.0335  0.0335
  0.0357  0.0372  0.0356  0.0349  0.0346  0.0340
  0.0424  0.0420  0.0393  0.0366  0.0385  0.0358
  0.0517  0.0469  0.0450  0.0386  0.0445  0.0389
registration optimization eta report
parameter search radius
    6.0000    6.9000    6.9000    6.0000    6.9000    6.0000
100000*second partial in parameter space
       49.       31.       25.       15.       23.       14.
  0.0513  0.0500  0.0459  0.0397  0.0448  0.0386
  0.0422  0.0387  0.0387  0.0359  0.0384  0.0359
  0.0358  0.0336  0.0343  0.0337  0.0348  0.0343
  0.0335  0.0335  0.0335  0.0335  0.0335  0.0335
  0.0357  0.0372  0.0356  0.0349  0.0346  0.0340
  0.0424  0.0420  0.0393  0.0366  0.0385  0.0358
  0.0517  0.0469  0.0450  0.0386  0.0445  0.0389
   -3.3053   27.0183   11.3705    2.4499    5.0456   -1.4647
eta,q 0.96647  8.44847

---------------------------------------------------------------------
imgreg_4dfp /opt/freesurfer/average/711-2C_as_mni_average_305 /opt/freesurfer/average/711-2B_as_mni_average_305_mask talsrcimg_g11 none talsrcimg_to_711-2C_as_mni_average_305_t4 3335
---------------------------------------------------------------------

freesurfer imgreg_4dfp.c
/opt/freesurfer/average/711-2C_as_mni_average_305.4dfp.img
       256       256       256         1
  1.000000  1.000000  1.000000
orientation T byte_order littleendian
Reading image: /opt/freesurfer/average/711-2C_as_mni_average_305.4dfp.img
dimensions:      256       256       256
mmppix:       1.0000   -1.0000   -1.0000
center:     128.0000 -129.0000 -129.0000
/opt/freesurfer/average/711-2B_as_mni_average_305_mask.4dfp.img
       256       256       256         1
  1.000000  1.000000  1.000000
orientation T byte_order littleendian
Reading mask: /opt/freesurfer/average/711-2B_as_mni_average_305_mask.4dfp.img (2306576 pixels)
talsrcimg_g11.4dfp.img
       256       256       256         1
  1.000000  1.000000  1.000000
orientation T byte_order littleendian
Reading image: talsrcimg_g11.4dfp.img
dimensions:      256       256       256
mmppix:       1.0000   -1.0000   -1.0000
center:     128.0000 -129.0000 -129.0000
fimgreg.f
image alignment mode   3335 decimal      D07 hex
parameters
   -3.3053   27.0183   11.3705   -0.4201   -0.1144   -0.4785
    2.1780   -8.8933   -2.5462   -4.0485    8.7949    4.2580
eta,q 0.96833  8.44939
niter,ni,del,rscale     5    3    5.0000    1.2000
parameter  4  0.867828 ->  0.500000 qaram    1.1500
parameter  5  2.010052 ->  0.500000 qaram    1.1500
parameter 12 -0.524988 -> -0.500000 qaram    1.1500
parameters
   -3.3717   27.0178   11.4153   -4.5601   -4.2544   -1.2576
    2.6505   -8.0240   -1.0303   -4.1283    7.9226    8.3980
eta,q 0.97429  8.26900
  0.0348  0.0336  0.0336  0.0293  0.0249  0.0285  0.0293  0.0319  0.0288  0.0292  0.0270  0.0279
  0.0331  0.0325  0.0326  0.0291  0.0256  0.0277  0.0277  0.0294  0.0275  0.0273  0.0264  0.0270
  0.0320  0.0319  0.0319  0.0299  0.0271  0.0269  0.0266  0.0274  0.0266  0.0262  0.0261  0.0264
  0.0317  0.0317  0.0317  0.0317  0.0292  0.0259  0.0262  0.0262  0.0261  0.0260  0.0260  0.0260
  0.0321  0.0319  0.0319  0.0343  0.0317  0.0261  0.0264  0.0263  0.0260  0.0265  0.0263  0.0258
  0.0333  0.0326  0.0325  0.0375  0.0340  0.0280  0.0273  0.0276  0.0264  0.0275  0.0268  0.0257
  0.0352  0.0335  0.0335  0.0410  0.0366  0.0312  0.0285  0.0299  0.0272  0.0292  0.0277  0.0259
niter,ni,del,rscale     7    3    5.0000    1.2000
parameter  5  0.594464 ->  0.500000 qaram    1.3225
parameters
   -3.3462   27.1030   11.1183   -6.5152   -9.0154   -1.8672
    2.5107   -7.8971   -0.2916   -3.6318    7.5380    9.8808
eta,q 0.97536  8.03576
  0.0295  0.0283  0.0270  0.0278  0.0254  0.0267  0.0270  0.0288  0.0265  0.0275  0.0256  0.0266
  0.0274  0.0268  0.0262  0.0267  0.0247  0.0260  0.0258  0.0267  0.0256  0.0262  0.0251  0.0258
  0.0261  0.0260  0.0257  0.0260  0.0247  0.0253  0.0250  0.0253  0.0250  0.0252  0.0248  0.0251
  0.0257  0.0257  0.0257  0.0257  0.0258  0.0246  0.0248  0.0248  0.0248  0.0247  0.0247  0.0247
  0.0262  0.0260  0.0261  0.0267  0.0276  0.0245  0.0251  0.0252  0.0248  0.0249  0.0249  0.0247
  0.0274  0.0267  0.0268  0.0290  0.0302  0.0259  0.0259  0.0264  0.0252  0.0256  0.0252  0.0250
  0.0293  0.0279  0.0278  0.0323  0.0328  0.0287  0.0272  0.0286  0.0259  0.0269  0.0259  0.0257
niter,ni,del,rscale     7    3    5.0000    1.2000
parameters
   -3.2229   27.3248   11.2223   -6.4104  -10.0928   -2.2018
    2.3231   -7.7225   -0.0184   -3.0363    7.3555   10.2259
eta,q 0.97527  7.98436
  0.0281  0.0275  0.0263  0.0273  0.0276  0.0268  0.0269  0.0288  0.0262  0.0274  0.0256  0.0263
  0.0263  0.0260  0.0254  0.0262  0.0262  0.0260  0.0257  0.0267  0.0254  0.0262  0.0251  0.0256
  0.0251  0.0250  0.0248  0.0253  0.0251  0.0254  0.0250  0.0253  0.0249  0.0252  0.0248  0.0250
  0.0246  0.0246  0.0246  0.0246  0.0246  0.0247  0.0248  0.0248  0.0248  0.0248  0.0247  0.0247
  0.0249  0.0248  0.0248  0.0244  0.0253  0.0244  0.0251  0.0252  0.0249  0.0249  0.0248  0.0249
  0.0258  0.0254  0.0252  0.0255  0.0270  0.0256  0.0259  0.0264  0.0253  0.0256  0.0251  0.0254
  0.0275  0.0265  0.0260  0.0278  0.0298  0.0283  0.0272  0.0285  0.0260  0.0268  0.0258  0.0261
niter,ni,del,rscale     6    3    5.0000    1.2000
parameters
   -3.1701   27.5313   11.1480   -6.3696  -10.5301   -2.4422
    2.2458   -7.6261    0.1342   -2.5166    7.2134   10.1151
eta,q 0.97519  7.95732
  0.0280  0.0274  0.0261  0.0273  0.0279  0.0269  0.0270  0.0287  0.0261  0.0274  0.0256  0.0262
  0.0262  0.0260  0.0253  0.0262  0.0265  0.0261  0.0258  0.0267  0.0254  0.0262  0.0252  0.0255
  0.0252  0.0251  0.0248  0.0254  0.0254  0.0255  0.0251  0.0253  0.0250  0.0253  0.0249  0.0250
  0.0247  0.0247  0.0247  0.0247  0.0247  0.0248  0.0248  0.0248  0.0248  0.0248  0.0248  0.0248
  0.0250  0.0249  0.0250  0.0246  0.0250  0.0245  0.0251  0.0253  0.0250  0.0249  0.0249  0.0250
  0.0260  0.0255  0.0255  0.0256  0.0266  0.0256  0.0259  0.0265  0.0253  0.0256  0.0252  0.0255
  0.0277  0.0266  0.0262  0.0279  0.0290  0.0281  0.0271  0.0285  0.0260  0.0268  0.0258  0.0263
niter,ni,del,rscale     5    3    5.0000    1.2000
parameters
   -3.1333   27.7230   11.0350   -6.3705  -10.8254   -2.6119
    2.2149   -7.5582    0.2692   -1.9984    7.1577    9.8958
eta,q 0.97516  7.93706
  0.0279  0.0273  0.0261  0.0272  0.0279  0.0269  0.0270  0.0286  0.0261  0.0274  0.0257  0.0262
  0.0263  0.0260  0.0253  0.0262  0.0266  0.0261  0.0259  0.0266  0.0255  0.0262  0.0252  0.0255
  0.0252  0.0251  0.0249  0.0254  0.0255  0.0255  0.0251  0.0253  0.0250  0.0253  0.0249  0.0250
  0.0248  0.0248  0.0248  0.0248  0.0248  0.0248  0.0249  0.0249  0.0249  0.0249  0.0248  0.0248
  0.0251  0.0250  0.0250  0.0246  0.0250  0.0245  0.0251  0.0253  0.0250  0.0250  0.0249  0.0250
  0.0261  0.0256  0.0255  0.0256  0.0265  0.0255  0.0259  0.0265  0.0254  0.0256  0.0252  0.0256
  0.0278  0.0266  0.0262  0.0279  0.0288  0.0279  0.0271  0.0285  0.0261  0.0268  0.0257  0.0264
niter,ni,del,rscale     4    3    5.0000    1.2000
parameters
   -3.1032   27.9042   10.9222   -6.3874  -11.1049   -2.7624
    2.1989   -7.5113    0.3532   -1.5056    7.1333    9.6600
eta,q 0.97513  7.91780
  0.0279  0.0273  0.0261  0.0272  0.0279  0.0268  0.0270  0.0286  0.0262  0.0273  0.0257  0.0263
  0.0263  0.0260  0.0253  0.0262  0.0265  0.0261  0.0259  0.0266  0.0255  0.0262  0.0253  0.0255
  0.0252  0.0252  0.0249  0.0254  0.0255  0.0255  0.0252  0.0253  0.0251  0.0254  0.0250  0.0250
  0.0248  0.0248  0.0248  0.0248  0.0248  0.0249  0.0249  0.0249  0.0249  0.0249  0.0249  0.0249
  0.0251  0.0250  0.0251  0.0247  0.0250  0.0246  0.0251  0.0253  0.0250  0.0250  0.0249  0.0251
  0.0261  0.0256  0.0256  0.0256  0.0264  0.0255  0.0259  0.0265  0.0254  0.0257  0.0252  0.0256
  0.0278  0.0266  0.0263  0.0278  0.0287  0.0279  0.0271  0.0285  0.0261  0.0269  0.0258  0.0264
niter,ni,del,rscale     3    3    5.0000    1.2000
parameters
   -3.0751   28.0771   10.8163   -6.4055  -11.3772   -2.8972
    2.1946   -7.4739    0.4061   -1.0259    7.1173    9.4461
eta,q 0.97511  7.89914
  0.0279  0.0273  0.0261  0.0271  0.0278  0.0268  0.0270  0.0285  0.0262  0.0273  0.0257  0.0263
  0.0263  0.0260  0.0253  0.0262  0.0265  0.0260  0.0259  0.0266  0.0255  0.0262  0.0253  0.0255
  0.0253  0.0252  0.0249  0.0255  0.0255  0.0255  0.0252  0.0253  0.0251  0.0254  0.0250  0.0251
  0.0249  0.0249  0.0249  0.0249  0.0249  0.0249  0.0249  0.0249  0.0249  0.0249  0.0249  0.0249
  0.0252  0.0250  0.0251  0.0247  0.0251  0.0246  0.0251  0.0253  0.0250  0.0250  0.0249  0.0251
  0.0261  0.0256  0.0256  0.0256  0.0264  0.0255  0.0259  0.0265  0.0255  0.0257  0.0252  0.0256
  0.0278  0.0266  0.0263  0.0278  0.0286  0.0278  0.0271  0.0285  0.0262  0.0269  0.0258  0.0264
niter,ni,del,rscale     2    3    5.0000    1.2000
parameters
   -3.0502   28.2427   10.7108   -6.4302  -11.6406   -3.0367
    2.1955   -7.4362    0.4399   -0.5794    7.1243    9.2551
eta,q 0.97508  7.88080
  0.0278  0.0273  0.0261  0.0271  0.0278  0.0268  0.0270  0.0285  0.0262  0.0273  0.0257  0.0263
  0.0263  0.0260  0.0254  0.0262  0.0265  0.0260  0.0259  0.0266  0.0255  0.0263  0.0253  0.0256
  0.0253  0.0252  0.0249  0.0255  0.0255  0.0255  0.0252  0.0253  0.0251  0.0254  0.0250  0.0251
  0.0249  0.0249  0.0249  0.0249  0.0249  0.0249  0.0249  0.0249  0.0249  0.0249  0.0249  0.0249
  0.0252  0.0251  0.0251  0.0247  0.0251  0.0246  0.0252  0.0253  0.0251  0.0251  0.0250  0.0251
  0.0261  0.0257  0.0256  0.0256  0.0264  0.0255  0.0259  0.0265  0.0255  0.0257  0.0253  0.0257
  0.0278  0.0267  0.0263  0.0278  0.0286  0.0278  0.0271  0.0284  0.0262  0.0269  0.0258  0.0264
niter,ni,del,rscale     1    3    5.0000    1.2000
parameters
   -3.0262   28.3948   10.6146   -6.4576  -11.8861   -3.1643
    2.1977   -7.3998    0.4283   -0.1835    7.1348    9.0883
eta,q 0.97504  7.86406
  0.0278  0.0273  0.0261  0.0271  0.0278  0.0268  0.0270  0.0285  0.0262  0.0273  0.0257  0.0263
  0.0263  0.0260  0.0254  0.0262  0.0265  0.0261  0.0260  0.0266  0.0256  0.0263  0.0253  0.0256
  0.0253  0.0252  0.0250  0.0255  0.0255  0.0256  0.0253  0.0254  0.0251  0.0254  0.0251  0.0251
  0.0249  0.0249  0.0249  0.0249  0.0249  0.0249  0.0250  0.0250  0.0250  0.0250  0.0250  0.0250
  0.0252  0.0251  0.0251  0.0247  0.0251  0.0246  0.0252  0.0254  0.0251  0.0251  0.0250  0.0251
  0.0262  0.0257  0.0256  0.0256  0.0264  0.0255  0.0259  0.0265  0.0255  0.0258  0.0253  0.0257
  0.0278  0.0267  0.0263  0.0278  0.0286  0.0277  0.0271  0.0284  0.0263  0.0270  0.0258  0.0265
registration optimization eta report
parameter search radius
    2.4000    2.4000    2.4000    8.2800    9.5220    7.2000
    7.2000    7.2000    7.2000    7.2000    7.2000    8.2800
100000*second partial in parameter space
       50.       36.       22.        4.        4.        5.
        4.        7.        2.        4.        2.        2.
  0.0278  0.0273  0.0261  0.0271  0.0278  0.0268  0.0270  0.0285  0.0262  0.0273  0.0257  0.0263
  0.0263  0.0260  0.0254  0.0262  0.0265  0.0261  0.0260  0.0266  0.0256  0.0263  0.0253  0.0256
  0.0253  0.0252  0.0250  0.0255  0.0255  0.0256  0.0253  0.0254  0.0251  0.0254  0.0251  0.0251
  0.0249  0.0249  0.0249  0.0249  0.0249  0.0249  0.0250  0.0250  0.0250  0.0250  0.0250  0.0250
  0.0252  0.0251  0.0251  0.0247  0.0251  0.0246  0.0252  0.0254  0.0251  0.0251  0.0250  0.0251
  0.0262  0.0257  0.0256  0.0256  0.0264  0.0255  0.0259  0.0265  0.0255  0.0258  0.0253  0.0257
  0.0278  0.0267  0.0263  0.0278  0.0286  0.0277  0.0271  0.0284  0.0263  0.0270  0.0258  0.0265
   -3.0262   28.3948   10.6146   -6.4576  -11.8861   -3.1643
    2.1977   -7.3998    0.4283   -0.1835    7.1348    9.0883
eta,q 0.97504  7.86406

---------------------------------------------------------------------
imgreg_4dfp /opt/freesurfer/average/711-2C_as_mni_average_305 /opt/freesurfer/average/711-2B_as_mni_average_305_mask talsrcimg_g11 none talsrcimg_to_711-2C_as_mni_average_305_t4 2311
---------------------------------------------------------------------

freesurfer imgreg_4dfp.c
/opt/freesurfer/average/711-2C_as_mni_average_305.4dfp.img
       256       256       256         1
  1.000000  1.000000  1.000000
orientation T byte_order littleendian
Reading image: /opt/freesurfer/average/711-2C_as_mni_average_305.4dfp.img
dimensions:      256       256       256
mmppix:       1.0000   -1.0000   -1.0000
center:     128.0000 -129.0000 -129.0000
/opt/freesurfer/average/711-2B_as_mni_average_305_mask.4dfp.img
       256       256       256         1
  1.000000  1.000000  1.000000
orientation T byte_order littleendian
Reading mask: /opt/freesurfer/average/711-2B_as_mni_average_305_mask.4dfp.img (2306576 pixels)
talsrcimg_g11.4dfp.img
       256       256       256         1
  1.000000  1.000000  1.000000
orientation T byte_order littleendian
Reading image: talsrcimg_g11.4dfp.img
dimensions:      256       256       256
mmppix:       1.0000   -1.0000   -1.0000
center:     128.0000 -129.0000 -129.0000
fimgreg.f
image alignment mode   2311 decimal      907 hex
parameters
   -3.0262   28.3948   10.6146   -6.4576  -11.8861   -3.1642
    2.1977   -7.3998    0.4283   -0.1835    7.1348    9.0883
eta,q 0.97504  7.86406
niter,ni,del,rscale     5    3    5.0000    0.8000
parameters
   -2.9856   28.5056   10.4754   -4.9043  -11.1723   -2.2955
    2.1033   -7.0718    0.1447   -0.0757    7.6727    8.5305
eta,q 0.97551  7.97148
  0.0263  0.0260  0.0254  0.0260  0.0259  0.0259  0.0255  0.0268  0.0251  0.0257  0.0252  0.0249
  0.0256  0.0255  0.0251  0.0256  0.0254  0.0255  0.0250  0.0257  0.0247  0.0251  0.0249  0.0247
  0.0251  0.0251  0.0250  0.0253  0.0250  0.0252  0.0246  0.0249  0.0245  0.0247  0.0246  0.0245
  0.0250  0.0250  0.0249  0.0249  0.0247  0.0247  0.0245  0.0245  0.0245  0.0245  0.0245  0.0245
  0.0251  0.0250  0.0251  0.0247  0.0247  0.0244  0.0246  0.0247  0.0246  0.0246  0.0245  0.0246
  0.0255  0.0253  0.0253  0.0248  0.0249  0.0247  0.0250  0.0253  0.0248  0.0250  0.0247  0.0248
  0.0262  0.0258  0.0256  0.0253  0.0254  0.0255  0.0256  0.0263  0.0252  0.0256  0.0250  0.0252
niter,ni,del,rscale     4    3    5.0000    0.7000
parameters
   -3.0317   28.5277   10.6411   -5.0256  -11.0817   -1.8445
    2.0984   -7.1962   -0.0309    0.0220    7.6894    8.4039
eta,q 0.97560  7.98757
  0.0255  0.0253  0.0252  0.0253  0.0253  0.0257  0.0252  0.0259  0.0248  0.0253  0.0248  0.0248
  0.0249  0.0248  0.0248  0.0250  0.0249  0.0253  0.0248  0.0251  0.0246  0.0249  0.0246  0.0246
  0.0246  0.0246  0.0246  0.0247  0.0246  0.0249  0.0245  0.0246  0.0244  0.0245  0.0245  0.0245
  0.0245  0.0245  0.0245  0.0245  0.0245  0.0245  0.0244  0.0244  0.0244  0.0244  0.0244  0.0244
  0.0246  0.0246  0.0245  0.0245  0.0246  0.0244  0.0245  0.0246  0.0245  0.0245  0.0244  0.0244
  0.0250  0.0248  0.0247  0.0249  0.0248  0.0247  0.0248  0.0252  0.0246  0.0248  0.0246  0.0246
  0.0257  0.0252  0.0249  0.0256  0.0253  0.0255  0.0252  0.0261  0.0249  0.0253  0.0249  0.0249
niter,ni,del,rscale     3    3    5.0000    0.6000
parameters
   -3.0677   28.5134   10.7854   -4.9043  -11.0410   -1.4765
    2.1770   -7.2410   -0.1076   -0.0553    7.6139    8.3282
eta,q 0.97567  8.00516
  0.0252  0.0250  0.0249  0.0251  0.0250  0.0254  0.0250  0.0256  0.0247  0.0250  0.0247  0.0246
  0.0247  0.0246  0.0247  0.0248  0.0247  0.0251  0.0246  0.0249  0.0245  0.0246  0.0245  0.0245
  0.0245  0.0245  0.0245  0.0246  0.0245  0.0247  0.0244  0.0245  0.0244  0.0244  0.0244  0.0244
  0.0244  0.0244  0.0244  0.0244  0.0244  0.0244  0.0243  0.0243  0.0243  0.0243  0.0243  0.0243
  0.0245  0.0245  0.0244  0.0244  0.0245  0.0243  0.0244  0.0245  0.0244  0.0244  0.0244  0.0244
  0.0248  0.0247  0.0245  0.0246  0.0246  0.0246  0.0246  0.0249  0.0245  0.0246  0.0245  0.0245
  0.0253  0.0250  0.0247  0.0251  0.0250  0.0252  0.0249  0.0256  0.0247  0.0250  0.0247  0.0247
niter,ni,del,rscale     2    3    5.0000    0.5000
parameters
   -3.1057   28.4644   10.9414   -4.7926  -10.9471   -1.1165
    2.2049   -7.2806   -0.1246   -0.2478    7.5347    8.2605
eta,q 0.97572  8.02433
  0.0249  0.0247  0.0247  0.0249  0.0248  0.0252  0.0247  0.0252  0.0245  0.0247  0.0245  0.0245
  0.0246  0.0245  0.0245  0.0246  0.0245  0.0249  0.0245  0.0247  0.0244  0.0244  0.0244  0.0244
  0.0244  0.0244  0.0244  0.0244  0.0244  0.0245  0.0243  0.0244  0.0243  0.0243  0.0243  0.0243
  0.0243  0.0243  0.0243  0.0243  0.0243  0.0243  0.0243  0.0243  0.0243  0.0243  0.0243  0.0243
  0.0244  0.0244  0.0243  0.0243  0.0244  0.0243  0.0243  0.0244  0.0243  0.0244  0.0243  0.0243
  0.0246  0.0245  0.0244  0.0245  0.0245  0.0245  0.0245  0.0247  0.0244  0.0245  0.0244  0.0244
  0.0250  0.0248  0.0245  0.0249  0.0247  0.0250  0.0247  0.0252  0.0245  0.0248  0.0246  0.0245
niter,ni,del,rscale     1    3    5.0000    0.4000
parameters
   -3.1419   28.3840   11.1044   -4.6977  -10.8187   -0.7790
    2.2316   -7.3325   -0.1588   -0.5246    7.4616    8.2740
eta,q 0.97577  8.04341
  0.0246  0.0245  0.0246  0.0247  0.0246  0.0249  0.0245  0.0248  0.0244  0.0245  0.0244  0.0244
  0.0244  0.0244  0.0244  0.0245  0.0244  0.0247  0.0244  0.0245  0.0243  0.0243  0.0243  0.0243
  0.0243  0.0243  0.0243  0.0243  0.0243  0.0244  0.0243  0.0243  0.0242  0.0242  0.0242  0.0243
  0.0243  0.0243  0.0243  0.0243  0.0243  0.0243  0.0242  0.0242  0.0242  0.0242  0.0242  0.0242
  0.0243  0.0243  0.0243  0.0243  0.0243  0.0242  0.0243  0.0243  0.0243  0.0243  0.0243  0.0242
  0.0245  0.0244  0.0243  0.0244  0.0244  0.0244  0.0244  0.0245  0.0243  0.0244  0.0243  0.0243
  0.0247  0.0246  0.0244  0.0246  0.0245  0.0247  0.0245  0.0249  0.0244  0.0246  0.0244  0.0244
registration optimization eta report
parameter search radius
    0.8000    0.8000    0.8000    2.4000    2.4000    2.4000
    2.4000    2.4000    2.4000    2.4000    2.4000    2.4000
100000*second partial in parameter space
       60.       39.       33.        7.        5.        9.
        5.       11.        3.        5.        3.        3.
  0.0246  0.0245  0.0246  0.0247  0.0246  0.0249  0.0245  0.0248  0.0244  0.0245  0.0244  0.0244
  0.0244  0.0244  0.0244  0.0245  0.0244  0.0247  0.0244  0.0245  0.0243  0.0243  0.0243  0.0243
  0.0243  0.0243  0.0243  0.0243  0.0243  0.0244  0.0243  0.0243  0.0242  0.0242  0.0242  0.0243
  0.0243  0.0243  0.0243  0.0243  0.0243  0.0243  0.0242  0.0242  0.0242  0.0242  0.0242  0.0242
  0.0243  0.0243  0.0243  0.0243  0.0243  0.0242  0.0243  0.0243  0.0243  0.0243  0.0243  0.0242
  0.0245  0.0244  0.0243  0.0244  0.0244  0.0244  0.0244  0.0245  0.0243  0.0244  0.0243  0.0243
  0.0247  0.0246  0.0244  0.0246  0.0245  0.0247  0.0245  0.0249  0.0244  0.0246  0.0244  0.0244
   -3.1419   28.3840   11.1044   -4.6977  -10.8187   -0.7790
    2.2316   -7.3325   -0.1588   -0.5246    7.4616    8.2740
eta,q 0.97577  8.04341

---------------------------------------------------------------------
imgreg_4dfp /opt/freesurfer/average/711-2C_as_mni_average_305 /opt/freesurfer/average/711-2B_as_mni_average_305_mask talsrcimg_g11 none talsrcimg_to_711-2C_as_mni_average_305_t4 2311
---------------------------------------------------------------------

freesurfer imgreg_4dfp.c
/opt/freesurfer/average/711-2C_as_mni_average_305.4dfp.img
       256       256       256         1
  1.000000  1.000000  1.000000
orientation T byte_order littleendian
Reading image: /opt/freesurfer/average/711-2C_as_mni_average_305.4dfp.img
dimensions:      256       256       256
mmppix:       1.0000   -1.0000   -1.0000
center:     128.0000 -129.0000 -129.0000
/opt/freesurfer/average/711-2B_as_mni_average_305_mask.4dfp.img
       256       256       256         1
  1.000000  1.000000  1.000000
orientation T byte_order littleendian
Reading mask: /opt/freesurfer/average/711-2B_as_mni_average_305_mask.4dfp.img (2306576 pixels)
talsrcimg_g11.4dfp.img
       256       256       256         1
  1.000000  1.000000  1.000000
orientation T byte_order littleendian
Reading image: talsrcimg_g11.4dfp.img
dimensions:      256       256       256
mmppix:       1.0000   -1.0000   -1.0000
center:     128.0000 -129.0000 -129.0000
fimgreg.f
image alignment mode   2311 decimal      907 hex
parameters
   -3.1419   28.3840   11.1044   -4.6977  -10.8187   -0.7790
    2.2316   -7.3325   -0.1588   -0.5246    7.4616    8.2740
eta,q 0.97577  8.04341
niter,ni,del,rscale     5    3    5.0000    0.8000
parameters
   -3.1636   28.2946   11.2607   -5.2990  -10.9819   -1.1832
    2.2874   -7.4284    0.0636   -0.6455    7.4408    8.7182
eta,q 0.97569  8.00902
  0.0258  0.0251  0.0252  0.0252  0.0252  0.0257  0.0254  0.0263  0.0250  0.0254  0.0249  0.0250
  0.0249  0.0246  0.0247  0.0248  0.0248  0.0252  0.0248  0.0252  0.0246  0.0248  0.0246  0.0247
  0.0244  0.0243  0.0244  0.0244  0.0244  0.0247  0.0245  0.0245  0.0244  0.0245  0.0244  0.0244
  0.0242  0.0242  0.0242  0.0242  0.0242  0.0243  0.0243  0.0243  0.0243  0.0243  0.0243  0.0243
  0.0244  0.0244  0.0243  0.0244  0.0243  0.0244  0.0244  0.0246  0.0244  0.0245  0.0244  0.0243
  0.0250  0.0248  0.0245  0.0250  0.0247  0.0252  0.0248  0.0253  0.0246  0.0249  0.0246  0.0245
  0.0258  0.0253  0.0249  0.0262  0.0255  0.0268  0.0254  0.0265  0.0249  0.0255  0.0249  0.0248
niter,ni,del,rscale     4    3    5.0000    0.7000
parameters
   -3.1487   28.2200   11.1407   -5.1654  -10.8499   -1.1959
    2.2615   -7.3788    0.0304   -0.8403    7.5239    8.7412
eta,q 0.97572  8.01821
  0.0255  0.0250  0.0248  0.0252  0.0251  0.0255  0.0251  0.0260  0.0248  0.0251  0.0248  0.0247
  0.0248  0.0246  0.0245  0.0249  0.0247  0.0251  0.0247  0.0251  0.0245  0.0246  0.0245  0.0245
  0.0244  0.0244  0.0243  0.0245  0.0244  0.0246  0.0244  0.0245  0.0243  0.0244  0.0243  0.0243
  0.0243  0.0243  0.0243  0.0243  0.0243  0.0243  0.0243  0.0243  0.0243  0.0243  0.0243  0.0243
  0.0244  0.0244  0.0244  0.0243  0.0243  0.0243  0.0244  0.0245  0.0243  0.0244  0.0243  0.0243
  0.0248  0.0247  0.0246  0.0246  0.0246  0.0248  0.0247  0.0250  0.0245  0.0247  0.0245  0.0245
  0.0254  0.0251  0.0250  0.0253  0.0251  0.0259  0.0251  0.0259  0.0248  0.0253  0.0247  0.0247
niter,ni,del,rscale     3    3    5.0000    0.6000
parameters
   -3.1493   28.1779   11.1460   -4.9743  -10.6718   -1.0205
    2.2107   -7.3670   -0.0684   -1.0142    7.5308    8.6777
eta,q 0.97576  8.03684
  0.0251  0.0248  0.0247  0.0250  0.0249  0.0253  0.0248  0.0256  0.0246  0.0248  0.0246  0.0246
  0.0247  0.0245  0.0245  0.0247  0.0246  0.0250  0.0245  0.0249  0.0244  0.0245  0.0244  0.0244
  0.0244  0.0243  0.0243  0.0245  0.0244  0.0246  0.0243  0.0244  0.0243  0.0243  0.0243  0.0243
  0.0243  0.0243  0.0243  0.0243  0.0243  0.0243  0.0242  0.0242  0.0242  0.0242  0.0242  0.0242
  0.0244  0.0244  0.0243  0.0243  0.0243  0.0243  0.0243  0.0244  0.0243  0.0243  0.0243  0.0243
  0.0247  0.0246  0.0245  0.0245  0.0245  0.0246  0.0245  0.0248  0.0244  0.0246  0.0244  0.0244
  0.0251  0.0249  0.0247  0.0250  0.0248  0.0254  0.0249  0.0255  0.0246  0.0250  0.0246  0.0246
niter,ni,del,rscale     2    3    5.0000    0.5000
parameters
   -3.1724   28.1272   11.2308   -4.8306  -10.4955   -0.7583
    2.2062   -7.3855   -0.1533   -1.2325    7.5096    8.6116
eta,q 0.97580  8.05669
  0.0248  0.0246  0.0246  0.0248  0.0247  0.0251  0.0246  0.0251  0.0244  0.0246  0.0245  0.0244
  0.0245  0.0244  0.0244  0.0246  0.0245  0.0248  0.0244  0.0246  0.0243  0.0244  0.0243  0.0243
  0.0243  0.0243  0.0243  0.0244  0.0243  0.0245  0.0242  0.0243  0.0242  0.0242  0.0242  0.0242
  0.0242  0.0242  0.0242  0.0242  0.0242  0.0242  0.0242  0.0242  0.0242  0.0242  0.0242  0.0242
  0.0243  0.0243  0.0243  0.0242  0.0242  0.0242  0.0242  0.0243  0.0242  0.0243  0.0242  0.0242
  0.0245  0.0245  0.0243  0.0244  0.0244  0.0245  0.0244  0.0247  0.0243  0.0244  0.0243  0.0243
  0.0249  0.0247  0.0245  0.0248  0.0246  0.0250  0.0246  0.0252  0.0245  0.0247  0.0245  0.0245
niter,ni,del,rscale     1    3    5.0000    0.4000
parameters
   -3.2015   28.0440   11.3483   -4.7416  -10.3363   -0.4826
    2.2152   -7.4196   -0.2216   -1.5109    7.4815    8.5814
eta,q 0.97584  8.07471
  0.0246  0.0244  0.0245  0.0246  0.0245  0.0249  0.0245  0.0248  0.0243  0.0244  0.0243  0.0243
  0.0244  0.0243  0.0243  0.0244  0.0243  0.0246  0.0243  0.0244  0.0242  0.0242  0.0242  0.0242
  0.0242  0.0242  0.0242  0.0243  0.0242  0.0243  0.0242  0.0242  0.0242  0.0242  0.0242  0.0242
  0.0242  0.0242  0.0242  0.0242  0.0242  0.0242  0.0242  0.0242  0.0242  0.0242  0.0242  0.0242
  0.0243  0.0242  0.0242  0.0242  0.0242  0.0242  0.0242  0.0242  0.0242  0.0242  0.0242  0.0242
  0.0244  0.0243  0.0243  0.0243  0.0243  0.0243  0.0243  0.0245  0.0242  0.0243  0.0242  0.0242
  0.0246  0.0245  0.0244  0.0246  0.0244  0.0247  0.0245  0.0248  0.0243  0.0245  0.0243  0.0243
registration optimization eta report
parameter search radius
    0.8000    0.8000    0.8000    2.4000    2.4000    2.4000
    2.4000    2.4000    2.4000    2.4000    2.4000    2.4000
100000*second partial in parameter space
       63.       39.       34.        7.        5.       10.
        5.       11.        3.        5.        3.        3.
  0.0246  0.0244  0.0245  0.0246  0.0245  0.0249  0.0245  0.0248  0.0243  0.0244  0.0243  0.0243
  0.0244  0.0243  0.0243  0.0244  0.0243  0.0246  0.0243  0.0244  0.0242  0.0242  0.0242  0.0242
  0.0242  0.0242  0.0242  0.0243  0.0242  0.0243  0.0242  0.0242  0.0242  0.0242  0.0242  0.0242
  0.0242  0.0242  0.0242  0.0242  0.0242  0.0242  0.0242  0.0242  0.0242  0.0242  0.0242  0.0242
  0.0243  0.0242  0.0242  0.0242  0.0242  0.0242  0.0242  0.0242  0.0242  0.0242  0.0242  0.0242
  0.0244  0.0243  0.0243  0.0243  0.0243  0.0243  0.0243  0.0245  0.0242  0.0243  0.0242  0.0242
  0.0246  0.0245  0.0244  0.0246  0.0244  0.0247  0.0245  0.0248  0.0243  0.0245  0.0243  0.0243
   -3.2015   28.0440   11.3483   -4.7416  -10.3363   -0.4826
    2.2152   -7.4196   -0.2216   -1.5109    7.4815    8.5814
eta,q 0.97584  8.07471

---------------------------------------------------------------------
compute_vox2vox talsrcimg talsrcimg_to_711-2C_as_mni_average_305_t4 /opt/freesurfer/average/711-2C_as_mni_average_305
---------------------------------------------------------------------

freesurfer compute_vox2vox.c
Reading: talsrcimg.4dfp.ifh
Reading: talsrcimg_to_711-2C_as_mni_average_305_t4
Reading: /opt/freesurfer/average/711-2C_as_mni_average_305.4dfp.ifh
Writing: talsrcimg_to_711-2C_as_mni_average_305_t4_vox2vox.txt

start time Fri Mar 13 02:59:05 CET 2026
end		time Fri Mar 13 02:59:18 CET 2026

mpr2mni305 success

avi2talxfm orig_nu.mgz /opt/freesurfer/average/mni305.cor.mgz talsrcimg_to_711-2C_as_mni_average_305_t4_vox2vox.txt transforms/talairach.auto.xfm
avi2talxfm done
mv -f /out/sourcedata/freesurfer/sub-v2s3x28835_ses-1/mri/talsrcimg_to_711-2C_as_mni_average_305_t4_vox2vox.txt /out/sourcedata/freesurfer/sub-v2s3x28835_ses-1/mri/transforms/talsrcimg_to_711-2C_as_mni_average_305_t4_vox2vox.txt
lta_convert --src orig_nu.mgz --trg /opt/freesurfer/average/mni305.cor.mgz --inxfm transforms/talairach.auto.xfm --outlta transforms/talairach.auto.xfm.lta --subject fsaverage
7.3.2

--src: orig_nu.mgz src image (geometry).
--trg: /opt/freesurfer/average/mni305.cor.mgz trg image (geometry).
--inmni: transforms/talairach.auto.xfm input MNI/XFM transform.
--outlta: transforms/talairach.auto.xfm.lta output LTA.
--s: fsaverage subject name
 LTA read, type : 1
 1.04363   0.07730  -0.03318   3.17039;
-0.07857   0.99757  -0.09353  -44.46735;
 0.00126   0.01700   1.11362  -31.95498;
 0.00000   0.00000   0.00000   1.00000;
setting subject to fsaverage
Writing  LTA to file transforms/talairach.auto.xfm.lta...
lta_convert successful.
 
 
Started at Fri Mar 13 02:59:04 CET 2026
Ended   at Fri Mar 13 02:59:19 CET 2026
talairach_avi done
