/out/sourcedata/freesurfer/sub-v2s3x28742_ses-1/mri
/opt/freesurfer/bin/talairach_avi
--i orig_nu.mgz --xfm transforms/talairach.auto.xfm
talairach_avi 7.3.2
Linux dna055 5.14.0-427.37.1.el9_4.x86_64 #1 SMP PREEMPT_DYNAMIC Fri Sep 13 12:41:50 EDT 2024 x86_64 x86_64 x86_64 GNU/Linux
Thu Mar 12 23:08:48 CET 2026
mri_convert orig_nu.mgz talsrcimg.img 
reading from orig_nu.mgz...
TR=0.00, TE=0.00, TI=0.00, flip angle=0.00
i_ras = (-1, 0, 0)
j_ras = (0, 0, -1)
k_ras = (0, 1, 0)
writing to talsrcimg.img...
Analyze Output Matrix
-1.00000   0.00000   0.00000   127.31719;
 0.00000   0.00000   1.00000  -127.12513;
 0.00000  -1.00000   0.00000   124.10052;
 0.00000   0.00000   0.00000   1.00000;
--------------------
INFO: set hdr.hist.orient to -1
mpr2mni305 talsrcimg
Thu Mar 12 23:08:48 CET 2026
/opt/freesurfer/bin/mpr2mni305 talsrcimg
mpr2mni305 7.3.2
target=711-2C_as_mni_average_305

---------------------------------------------------------------------
analyzeto4dfp talsrcimg -O0 -y
---------------------------------------------------------------------

freesurfer ifh2hdr.c
Thu Mar 12 23:08:49 2026
Writing: talsrcimg.4dfp.hdr
freesurfer analyzeto4dfp.c
Reading: talsrcimg.hdr
header size 348 bytes
hdr.dime.datatype	offset=70	value=2
hdr.dime.bitpix		offset=72	value=8
hdr.hist.orient		offset=252	value=-1
dimensionality     4
dimensions       256       256       256         1
Reading: talsrcimg.img
Writing: talsrcimg.4dfp.img
Writing: talsrcimg.4dfp.ifh
ifh2hdr talsrcimg -r0to232
ori=2

---------------------------------------------------------------------
gauss_4dfp talsrcimg 1.1
---------------------------------------------------------------------

freesurfer gauss_4dfp.c
Reading: talsrcimg.4dfp.img
Writing: talsrcimg_g11.4dfp.img
image dimensions 256 256 256 padded to 288 288 288
processing volume 1freesurfer ifh2hdr.c
Thu Mar 12 23:08:50 2026
Writing: talsrcimg_g11.4dfp.hdr

Writing: talsrcimg_g11.4dfp.ifh
including: talsrcimg.4dfp.img.rec in talsrcimg_g11.4dfp.img.rec

---------------------------------------------------------------------
imgreg_4dfp /opt/freesurfer/average/711-2C_as_mni_average_305 none talsrcimg_g11 none talsrcimg_to_711-2C_as_mni_average_305_t4 4355
---------------------------------------------------------------------

freesurfer imgreg_4dfp.c
/opt/freesurfer/average/711-2C_as_mni_average_305.4dfp.img
       256       256       256         1
  1.000000  1.000000  1.000000
orientation T byte_order littleendian
Reading image: /opt/freesurfer/average/711-2C_as_mni_average_305.4dfp.img
dimensions:      256       256       256
mmppix:       1.0000   -1.0000   -1.0000
center:     128.0000 -129.0000 -129.0000
talsrcimg_g11.4dfp.img
       256       256       256         1
  1.000000  1.000000  1.000000
orientation T byte_order littleendian
Reading image: talsrcimg_g11.4dfp.img
dimensions:      256       256       256
mmppix:       1.0000   -1.0000   -1.0000
center:     128.0000 -129.0000 -129.0000
t4_read: open error in t4_sub.f l:  41 t4_file(1:l)talsrcimg_to_711-2C_as_mni_average_305_t4 
t4_read: transform initialized to I4
rotation matrix determinant  1.000000
image alignment mode   4355 decimal     1103 hex
   -7.5000  -45.0000  -45.0000 7658.5884   14.4768
    0.0000  -45.0000  -45.0000 7999.9517   14.4771
    7.5000  -45.0000  -45.0000 7608.6226   14.4731
   -7.5000  -37.5000  -45.0000 8344.0186   14.3772
    0.0000  -37.5000  -45.0000 8736.1484   14.3738
    7.5000  -37.5000  -45.0000 8297.8037   14.3719
   -7.5000  -30.0000  -45.0000 9340.7969   14.3367
    0.0000  -30.0000  -45.0000 9764.9053   14.3324
    7.5000  -30.0000  -45.0000 9269.6309   14.3326
   -7.5000  -22.5000  -45.000010331.5332   14.3347
    0.0000  -22.5000  -45.000010805.3623   14.3321
    7.5000  -22.5000  -45.000010220.9873   14.3310
   -7.5000  -15.0000  -45.000011209.4141   14.3539
    0.0000  -15.0000  -45.000011717.6758   14.3544
    7.5000  -15.0000  -45.000011078.0576   14.3508
   -7.5000   -7.5000  -45.000011997.8555   14.3566
    0.0000   -7.5000  -45.000012542.7207   14.3589
    7.5000   -7.5000  -45.000011856.4854   14.3543
   -7.5000    0.0000  -45.000012676.8066   14.3421
    0.0000    0.0000  -45.000013249.7012   14.3423
    7.5000    0.0000  -45.000012517.3311   14.3381
   -7.5000    7.5000  -45.000012449.7725   14.3234
    0.0000    7.5000  -45.000012999.6758   14.3202
    7.5000    7.5000  -45.000012268.8984   14.3182
   -7.5000   15.0000  -45.000012061.2783   14.3175
    0.0000   15.0000  -45.000012586.2842   14.3133
    7.5000   15.0000  -45.000011883.0469   14.3134
   -7.5000   22.5000  -45.000011603.1689   14.3316
    0.0000   22.5000  -45.000012091.5225   14.3290
    7.5000   22.5000  -45.000011409.9854   14.3279
   -7.5000   30.0000  -45.000011061.8672   14.1626
    0.0000   30.0000  -45.000011542.4336   14.1631
    7.5000   30.0000  -45.000010899.5879   14.1595
   -7.5000   37.5000  -45.000010694.0430   14.1653
    0.0000   37.5000  -45.000011160.8330   14.1676
    7.5000   37.5000  -45.000010518.9062   14.1630
   -7.5000   45.0000  -45.0000 9838.6270   13.7916
    0.0000   45.0000  -45.000010269.1035   13.7919
    7.5000   45.0000  -45.0000 9682.2051   13.7878
   -7.5000  -45.0000  -37.5000 8105.6929   14.4917
    0.0000  -45.0000  -37.5000 8474.4551   14.4876
    7.5000  -45.0000  -37.5000 8054.6265   14.4802
   -7.5000  -37.5000  -37.5000 8828.7393   14.3926
    0.0000  -37.5000  -37.5000 9237.8555   14.3848
    7.5000  -37.5000  -37.5000 8768.8057   14.3815
   -7.5000  -30.0000  -37.5000 9874.4980   14.3479
    0.0000  -30.0000  -37.500010304.8398   14.3379
    7.5000  -30.0000  -37.5000 9763.6152   14.3372
   -7.5000  -22.5000  -37.500010891.1064   14.3398
    0.0000  -22.5000  -37.500011358.7793   14.3310
    7.5000  -22.5000  -37.500010756.9863   14.3273
   -7.5000  -15.0000  -37.500011776.2061   14.3561
    0.0000  -15.0000  -37.500012327.1309   14.3513
    7.5000  -15.0000  -37.500011652.9385   14.3432
   -7.5000   -7.5000  -37.500012570.6338   14.3642
    0.0000   -7.5000  -37.500013172.6660   14.3620
    7.5000   -7.5000  -37.500012440.3193   14.3526
   -7.5000    0.0000  -37.500013293.4795   14.3568
    0.0000    0.0000  -37.500013915.3262   14.3527
    7.5000    0.0000  -37.500013126.3818   14.3452
   -7.5000    7.5000  -37.500013039.6094   14.3388
    0.0000    7.5000  -37.500013643.1133   14.3311
    7.5000    7.5000  -37.500012818.9229   14.3279
   -7.5000   15.0000  -37.500012609.5508   14.3288
    0.0000   15.0000  -37.500013186.2998   14.3189
    7.5000   15.0000  -37.500012403.5107   14.3181
   -7.5000   22.5000  -37.500012082.4395   14.3366
    0.0000   22.5000  -37.500012617.6631   14.3279
    7.5000   22.5000  -37.500011871.7373   14.3242
   -7.5000   30.0000  -37.500011482.9072   14.1648
    0.0000   30.0000  -37.500011998.9980   14.1601
    7.5000   30.0000  -37.500011289.9424   14.1521
   -7.5000   37.5000  -37.500011109.7256   14.1728
    0.0000   37.5000  -37.500011594.2969   14.1706
    7.5000   37.5000  -37.500010918.2520   14.1613
   -7.5000   45.0000  -37.500010236.2666   13.8057
    0.0000   45.0000  -37.500010678.1475   13.8018
    7.5000   45.0000  -37.500010057.1367   13.7947
   -7.5000  -45.0000  -30.0000 8659.5244   15.1099
    0.0000  -45.0000  -30.0000 9063.4678   15.0949
    7.5000  -45.0000  -30.0000 8623.0146   15.0839
   -7.5000  -37.5000  -30.0000 9448.6689   15.0033
    0.0000  -37.5000  -30.0000 9864.5391   14.9848
    7.5000  -37.5000  -30.0000 9378.5088   14.9800
   -7.5000  -30.0000  -30.000010543.0947   14.9573
    0.0000  -30.0000  -30.000010993.4658   14.9366
    7.5000  -30.0000  -30.000010427.2344   14.9332
   -7.5000  -22.5000  -30.000011571.1133   14.9525
    0.0000  -22.5000  -30.000012077.5459   14.9336
    7.5000  -22.5000  -30.000011452.0312   14.9244
   -7.5000  -15.0000  -30.000012480.5557   14.9724
    0.0000  -15.0000  -30.000013055.3438   14.9580
    7.5000  -15.0000  -30.000012383.3867   14.9423
   -7.5000   -7.5000  -30.000013299.5098   14.9803
    0.0000   -7.5000  -30.000013929.5156   14.9676
    7.5000   -7.5000  -30.000013164.0312   14.9517
   -7.5000    0.0000  -30.000014057.3535   14.9690
    0.0000    0.0000  -30.000014727.8594   14.9543
    7.5000    0.0000  -30.000013862.9658   14.9432
   -7.5000    7.5000  -30.000013777.8467   14.9473
    0.0000    7.5000  -30.000014438.6221   14.9290
    7.5000    7.5000  -30.000013528.5137   14.9241
   -7.5000   15.0000  -30.000013329.7344   14.9374
    0.0000   15.0000  -30.000013955.6416   14.9169
    7.5000   15.0000  -30.000013078.8662   14.9134
   -7.5000   22.5000  -30.000012739.4033   14.9477
    0.0000   22.5000  -30.000013320.8809   14.9289
    7.5000   22.5000  -30.000012487.9473   14.9196
   -7.5000   30.0000  -30.000012063.4189   14.7742
    0.0000   30.0000  -30.000012600.7031   14.7600
    7.5000   30.0000  -30.000011833.6777   14.7446
   -7.5000   37.5000  -30.000011668.5400   14.7820
    0.0000   37.5000  -30.000012165.5674   14.7696
    7.5000   37.5000  -30.000011444.1455   14.7539
   -7.5000   45.0000  -30.000010724.3359   14.4051
    0.0000   45.0000  -30.000011187.7383   14.3909
    7.5000   45.0000  -30.000010522.7451   14.3802
   -7.5000  -45.0000  -22.5000 9227.1562   15.6200
    0.0000  -45.0000  -22.5000 9648.3564   15.5996
    7.5000  -45.0000  -22.5000 9150.4551   15.5903
   -7.5000  -37.5000  -22.500010037.7285   15.5070
    0.0000  -37.5000  -22.500010476.3643   15.4835
    7.5000  -37.5000  -22.5000 9945.5127   15.4799
   -7.5000  -30.0000  -22.500011162.9248   15.4666
    0.0000  -30.0000  -22.500011659.3301   15.4423
    7.5000  -30.0000  -22.500011062.9111   15.4382
   -7.5000  -22.5000  -22.500012197.4111   15.4727
    0.0000  -22.5000  -22.500012751.1797   15.4516
    7.5000  -22.5000  -22.500012098.5664   15.4405
   -7.5000  -15.0000  -22.500013113.7109   15.4984
    0.0000  -15.0000  -22.500013698.9658   15.4813
    7.5000  -15.0000  -22.500013012.4326   15.4641
   -7.5000   -7.5000  -22.500013935.0322   15.4982
    0.0000   -7.5000  -22.500014598.8916   15.4813
    7.5000   -7.5000  -22.500013816.4541   15.4653
   -7.5000    0.0000  -22.500014720.1016   15.4744
    0.0000    0.0000  -22.500015432.3750   15.4542
    7.5000    0.0000  -22.500014529.3965   15.4447
   -7.5000    7.5000  -22.500014460.9092   15.4492
    0.0000    7.5000  -22.500015123.3320   15.4258
    7.5000    7.5000  -22.500014189.9795   15.4220
   -7.5000   15.0000  -22.500013991.1631   15.4461
    0.0000   15.0000  -22.500014625.4229   15.4219
    7.5000   15.0000  -22.500013720.0137   15.4177
   -7.5000   22.5000  -22.500013322.4756   15.4667
    0.0000   22.5000  -22.500013917.9102   15.4456
    7.5000   22.5000  -22.500013065.3447   15.4346
   -7.5000   30.0000  -22.500012578.3389   15.2957
    0.0000   30.0000  -22.500013130.2734   15.2788
    7.5000   30.0000  -22.500012332.7520   15.2618
   -7.5000   37.5000  -22.500012144.7031   15.2954
    0.0000   37.5000  -22.500012665.6631   15.2788
    7.5000   37.5000  -22.500011907.5566   15.2630
   -7.5000   45.0000  -22.500011156.3652   14.9026
    0.0000   45.0000  -22.500011642.1855   14.8831
    7.5000   45.0000  -22.500010953.1240   14.8740
   -7.5000  -45.0000  -15.0000 9735.0547   15.9777
    0.0000  -45.0000  -15.000010178.6895   15.9616
    7.5000  -45.0000  -15.0000 9638.7178   15.9562
   -7.5000  -37.5000  -15.000010576.5156   15.8608
    0.0000  -37.5000  -15.000011027.2998   15.8423
    7.5000  -37.5000  -15.000010484.3135   15.8407
   -7.5000  -30.0000  -15.000011738.9111   15.8241
    0.0000  -30.0000  -15.000012253.8877   15.8063
    7.5000  -30.0000  -15.000011657.6562   15.8036
   -7.5000  -22.5000  -15.000012773.5088   15.8378
    0.0000  -22.5000  -15.000013329.9912   15.8232
    7.5000  -22.5000  -15.000012709.1465   15.8149
   -7.5000  -15.0000  -15.000013744.8213   15.8678
    0.0000  -15.0000  -15.000014334.4980   15.8560
    7.5000  -15.0000  -15.000013678.7422   15.8432
   -7.5000   -7.5000  -15.000014683.0977   15.8616
    0.0000   -7.5000  -15.000015364.0049   15.8492
    7.5000   -7.5000  -15.000014534.4883   15.8379
   -7.5000    0.0000  -15.000015528.8398   15.8288
    0.0000    0.0000  -15.000016238.5039   15.8129
    7.5000    0.0000  -15.000015305.1904   15.8071
   -7.5000    7.5000  -15.000015192.1309   15.8016
    0.0000    7.5000  -15.000015812.8223   15.7832
    7.5000    7.5000  -15.000014957.9678   15.7814
   -7.5000   15.0000  -15.000014647.6777   15.8031
    0.0000   15.0000  -15.000015254.0098   15.7853
    7.5000   15.0000  -15.000014432.1777   15.7825
   -7.5000   22.5000  -15.000013900.1758   15.8309
    0.0000   22.5000  -15.000014495.5566   15.8163
    7.5000   22.5000  -15.000013701.3916   15.8080
   -7.5000   30.0000  -15.000013068.2031   15.6624
    0.0000   30.0000  -15.000013633.3447   15.6508
    7.5000   30.0000  -15.000012868.9883   15.6382
   -7.5000   37.5000  -15.000012593.0703   15.6563
    0.0000   37.5000  -15.000013130.6846   15.6441
    7.5000   37.5000  -15.000012384.1553   15.6329
   -7.5000   45.0000  -15.000011573.7031   15.2531
    0.0000   45.0000  -15.000012068.2021   15.2378
    7.5000   45.0000  -15.000011379.6514   15.2323
   -7.5000  -45.0000   -7.500010252.7080   16.1588
    0.0000  -45.0000   -7.500010690.6963   16.1526
    7.5000  -45.0000   -7.500010149.8291   16.1487
   -7.5000  -37.5000   -7.500011127.6162   16.0427
    0.0000  -37.5000   -7.500011590.7012   16.0337
    7.5000  -37.5000   -7.500011043.5215   16.0321
   -7.5000  -30.0000   -7.500012314.9316   16.0030
    0.0000  -30.0000   -7.500012847.9629   15.9944
    7.5000  -30.0000   -7.500012238.1182   15.9933
   -7.5000  -22.5000   -7.500013333.6641   16.0122
    0.0000  -22.5000   -7.500013892.9902   16.0060
    7.5000  -22.5000   -7.500013297.2510   16.0021
   -7.5000  -15.0000   -7.500014339.8164   16.0405
    0.0000  -15.0000   -7.500014949.8838   16.0368
    7.5000  -15.0000   -7.500014314.7070   16.0299
   -7.5000   -7.5000   -7.500015382.1572   16.0368
    0.0000   -7.5000   -7.500016089.5098   16.0334
    7.5000   -7.5000   -7.500015280.7256   16.0268
   -7.5000    0.0000   -7.500016190.7715   16.0084
    0.0000    0.0000   -7.500016833.4746   16.0022
    7.5000    0.0000   -7.500016084.7598   15.9980
   -7.5000    7.5000   -7.500015723.0088   15.9828
    0.0000    7.5000   -7.500016303.6719   15.9738
    7.5000    7.5000   -7.500015649.0791   15.9720
   -7.5000   15.0000   -7.500015151.3398   15.9817
    0.0000   15.0000   -7.500015720.6309   15.9731
    7.5000   15.0000   -7.500015060.3086   15.9719
   -7.5000   22.5000   -7.500014398.2754   16.0034
    0.0000   22.5000   -7.500014977.2734   15.9973
    7.5000   22.5000   -7.500014282.7295   15.9934
   -7.5000   30.0000   -7.500013523.7158   15.8325
    0.0000   30.0000   -7.500014065.0605   15.8288
    7.5000   30.0000   -7.500013383.8789   15.8220
   -7.5000   37.5000   -7.500013030.9619   15.8288
    0.0000   37.5000   -7.500013531.5107   15.8255
    7.5000   37.5000   -7.500012857.1328   15.8189
   -7.5000   45.0000   -7.500012018.4209   15.4290
    0.0000   45.0000   -7.500012484.9307   15.4231
    7.5000   45.0000   -7.500011814.1572   15.4190
   -7.5000  -45.0000    0.000010677.3340   16.1999
    0.0000  -45.0000    0.000011138.8359   16.2002
    7.5000  -45.0000    0.000010574.2920   16.1957
   -7.5000  -37.5000    0.000011564.5020   16.0885
    0.0000  -37.5000    0.000012056.7207   16.0847
    7.5000  -37.5000    0.000011477.3838   16.0826
   -7.5000  -30.0000    0.000012747.6250   16.0432
    0.0000  -30.0000    0.000013303.6426   16.0383
    7.5000  -30.0000    0.000012674.4512   16.0386
   -7.5000  -22.5000    0.000013774.3672   16.0410
    0.0000  -22.5000    0.000014359.6270   16.0380
    7.5000  -22.5000    0.000013774.3740   16.0367
   -7.5000  -15.0000    0.000014793.3984   16.0624
    0.0000  -15.0000    0.000015428.9238   16.0630
    7.5000  -15.0000    0.000014843.9707   16.0589
   -7.5000   -7.5000    0.000015910.6611   16.0654
    0.0000   -7.5000    0.000016656.3203   16.0680
    7.5000   -7.5000    0.000015885.3955   16.0628
   -7.5000    0.0000    0.000016754.8496   16.0492
    0.0000    0.0000    0.000017435.3164   16.0494
    7.5000    0.0000    0.000016733.4727   16.0447
   -7.5000    7.5000    0.000016282.3154   16.0283
    0.0000    7.5000    0.000016871.8203   16.0246
    7.5000    7.5000    0.000016256.4658   16.0224
   -7.5000   15.0000    0.000015724.3076   16.0217
    0.0000   15.0000    0.000016300.5107   16.0169
    7.5000   15.0000    0.000015639.5430   16.0171
   -7.5000   22.5000    0.000014903.4062   16.0322
    0.0000   22.5000    0.000015496.0566   16.0293
    7.5000   22.5000    0.000014800.8555   16.0281
   -7.5000   30.0000    0.000013956.5254   15.8545
    0.0000   30.0000    0.000014496.3037   15.8551
    7.5000   30.0000    0.000013828.7383   15.8511
   -7.5000   37.5000    0.000013429.3574   15.8575
    0.0000   37.5000    0.000013917.4004   15.8601
    7.5000   37.5000    0.000013260.5381   15.8549
   -7.5000   45.0000    0.000012379.8604   15.4695
    0.0000   45.0000    0.000012825.1865   15.4698
    7.5000   45.0000    0.000012162.9492   15.4653
   -7.5000  -45.0000    7.500010221.6699   16.2166
    0.0000  -45.0000    7.500010677.7461   16.2120
    7.5000  -45.0000    7.500010134.7549   16.2037
   -7.5000  -37.5000    7.500011052.9346   16.1057
    0.0000  -37.5000    7.500011545.8857   16.0969
    7.5000  -37.5000    7.500010984.3232   16.0933
   -7.5000  -30.0000    7.500012180.8467   16.0557
    0.0000  -30.0000    7.500012711.9268   16.0445
    7.5000  -30.0000    7.500012139.5010   16.0437
   -7.5000  -22.5000    7.500013225.6738   16.0466
    0.0000  -22.5000    7.500013778.6309   16.0368
    7.5000  -22.5000    7.500013210.1123   16.0326
   -7.5000  -15.0000    7.500014217.9580   16.0649
    0.0000  -15.0000    7.500014817.8418   16.0595
    7.5000  -15.0000    7.500014235.8662   16.0504
   -7.5000   -7.5000    7.500015223.7969   16.0739
    0.0000   -7.5000    7.500015879.5381   16.0715
    7.5000   -7.5000    7.500015205.0176   16.0609
   -7.5000    0.0000    7.500016094.0137   16.0656
    0.0000    0.0000    7.500016759.6543   16.0611
    7.5000    0.0000    7.500016011.4336   16.0527
   -7.5000    7.5000    7.500015751.2607   16.0455
    0.0000    7.5000    7.500016407.5898   16.0369
    7.5000    7.5000    7.500015609.9609   16.0333
   -7.5000   15.0000    7.500015197.4795   16.0343
    0.0000   15.0000    7.500015827.6035   16.0232
    7.5000   15.0000    7.500015043.4717   16.0223
   -7.5000   22.5000    7.500014353.6357   16.0379
    0.0000   22.5000    7.500014962.3496   16.0281
    7.5000   22.5000    7.500014244.7383   16.0239
   -7.5000   30.0000    7.500013365.6025   15.8570
    0.0000   30.0000    7.500013905.3379   15.8517
    7.5000   30.0000    7.500013274.9863   15.8427
   -7.5000   37.5000    7.500012832.2188   15.8659
    0.0000   37.5000    7.500013319.1670   15.8635
    7.5000   37.5000    7.500012708.1904   15.8531
   -7.5000   45.0000    7.500011819.3994   15.4854
    0.0000   45.0000    7.500012266.6221   15.4810
    7.5000   45.0000    7.500011668.7100   15.4730
   -7.5000  -45.0000   15.0000 9594.8535   16.2442
    0.0000  -45.0000   15.000010038.5957   16.2283
    7.5000  -45.0000   15.0000 9532.1953   16.2163
   -7.5000  -37.5000   15.000010394.6387   16.1294
    0.0000  -37.5000   15.000010882.6035   16.1098
    7.5000  -37.5000   15.000010338.3330   16.1045
   -7.5000  -30.0000   15.000011496.9863   16.0800
    0.0000  -30.0000   15.000012018.8408   16.0580
    7.5000  -30.0000   15.000011449.0771   16.0542
   -7.5000  -22.5000   15.000012557.9463   16.0749
    0.0000  -22.5000   15.000013112.9287   16.0548
    7.5000  -22.5000   15.000012511.1445   16.0448
   -7.5000  -15.0000   15.000013568.1475   16.0963
    0.0000  -15.0000   15.000014132.7158   16.0811
    7.5000  -15.0000   15.000013507.8438   16.0641
   -7.5000   -7.5000   15.000014480.2451   16.1048
    0.0000   -7.5000   15.000015067.5391   16.0914
    7.5000   -7.5000   15.000014409.6279   16.0741
   -7.5000    0.0000   15.000015224.7188   16.0926
    0.0000    0.0000   15.000015804.9766   16.0770
    7.5000    0.0000   15.000015158.2520   16.0649
   -7.5000    7.5000   15.000014867.3643   16.0691
    0.0000    7.5000   15.000015477.9326   16.0498
    7.5000    7.5000   15.000014814.9707   16.0443
   -7.5000   15.0000   15.000014398.2090   16.0586
    0.0000   15.0000   15.000015013.7803   16.0367
    7.5000   15.0000   15.000014348.6729   16.0329
   -7.5000   22.5000   15.000013664.7646   16.0662
    0.0000   22.5000   15.000014241.5996   16.0462
    7.5000   22.5000   15.000013612.1260   16.0361
   -7.5000   30.0000   15.000012712.5020   15.8880
    0.0000   30.0000   15.000013220.3867   15.8729
    7.5000   30.0000   15.000012654.6006   15.8562
   -7.5000   37.5000   15.000012187.6240   15.8964
    0.0000   37.5000   15.000012652.4385   15.8832
    7.5000   37.5000   15.000012086.4004   15.8661
   -7.5000   45.0000   15.000011210.1455   15.5114
    0.0000   45.0000   15.000011638.3711   15.4964
    7.5000   45.0000   15.000011084.2168   15.4847
   -7.5000  -45.0000   22.5000 8902.8896   16.2770
    0.0000  -45.0000   22.5000 9326.0635   16.2560
    7.5000  -45.0000   22.5000 8841.9600   16.2461
   -7.5000  -37.5000   22.5000 9681.7939   16.1588
    0.0000  -37.5000   22.500010125.5244   16.1346
    7.5000  -37.5000   22.5000 9600.3262   16.1308
   -7.5000  -30.0000   22.500010749.5801   16.1168
    0.0000  -30.0000   22.500011230.0186   16.0919
    7.5000  -30.0000   22.500010670.9326   16.0875
   -7.5000  -22.5000   22.500011766.0527   16.1236
    0.0000  -22.5000   22.500012279.8096   16.1019
    7.5000  -22.5000   22.500011676.6035   16.0903
   -7.5000  -15.0000   22.500012711.6895   16.1506
    0.0000  -15.0000   22.500013256.7500   16.1331
    7.5000  -15.0000   22.500012626.5957   16.1149
   -7.5000   -7.5000   22.500013559.3867   16.1500
    0.0000   -7.5000   22.500014130.8291   16.1327
    7.5000   -7.5000   22.500013463.3584   16.1158
   -7.5000    0.0000   22.500014242.6836   16.1247
    0.0000    0.0000   22.500014819.8604   16.1040
    7.5000    0.0000   22.500014168.3477   16.0940
   -7.5000    7.5000   22.500013890.1279   16.0983
    0.0000    7.5000   22.500014476.0527   16.0742
    7.5000    7.5000   22.500013844.0537   16.0702
   -7.5000   15.0000   22.500013435.5000   16.0954
    0.0000   15.0000   22.500014021.6250   16.0705
    7.5000   15.0000   22.500013406.4346   16.0661
   -7.5000   22.5000   22.500012781.9805   16.1149
    0.0000   22.5000   22.500013320.3672   16.0933
    7.5000   22.5000   22.500012748.6797   16.0816
   -7.5000   30.0000   22.500011918.5205   15.9416
    0.0000   30.0000   22.500012413.4453   15.9243
    7.5000   30.0000   22.500011867.2832   15.9063
   -7.5000   37.5000   22.500011456.3223   15.9410
    0.0000   37.5000   22.500011902.9561   15.9240
    7.5000   37.5000   22.500011361.3652   15.9072
   -7.5000   45.0000   22.500010542.1445   15.5424
    0.0000   45.0000   22.500010950.4404   15.5224
    7.5000   45.0000   22.500010430.7168   15.5127
   -7.5000  -45.0000   30.0000 8184.2334   16.3885
    0.0000  -45.0000   30.0000 8549.1797   16.3727
    7.5000  -45.0000   30.0000 8125.0337   16.3672
   -7.5000  -37.5000   30.0000 8893.8115   16.2675
    0.0000  -37.5000   30.0000 9304.4980   16.2492
    7.5000  -37.5000   30.0000 8816.1494   16.2479
   -7.5000  -30.0000   30.0000 9881.5889   16.2303
    0.0000  -30.0000   30.000010334.7969   16.2127
    7.5000  -30.0000   30.0000 9797.4434   16.2102
   -7.5000  -22.5000   30.000010815.2119   16.2457
    0.0000  -22.5000   30.000011302.8525   16.2313
    7.5000  -22.5000   30.000010724.9648   16.2227
   -7.5000  -15.0000   30.000011716.9121   16.2772
    0.0000  -15.0000   30.000012236.1113   16.2656
    7.5000  -15.0000   30.000011604.3887   16.2522
   -7.5000   -7.5000   30.000012523.2900   16.2697
    0.0000   -7.5000   30.000013065.5479   16.2575
    7.5000   -7.5000   30.000012402.7422   16.2458
   -7.5000    0.0000   30.000013172.4385   16.2345
    0.0000    0.0000   30.000013731.4014   16.2188
    7.5000    0.0000   30.000013076.5439   16.2130
   -7.5000    7.5000   30.000012836.7412   16.2060
    0.0000    7.5000   30.000013393.1533   16.1879
    7.5000    7.5000   30.000012778.1807   16.1863
   -7.5000   15.0000   30.000012415.7939   16.2085
    0.0000   15.0000   30.000012957.4287   16.1910
    7.5000   15.0000   30.000012368.0439   16.1883
   -7.5000   22.5000   30.000011842.4814   16.2369
    0.0000   22.5000   30.000012350.2900   16.2225
    7.5000   22.5000   30.000011790.6982   16.2140
   -7.5000   30.0000   30.000011072.6543   16.0665
    0.0000   30.0000   30.000011550.3672   16.0551
    7.5000   30.0000   30.000010999.5850   16.0419
   -7.5000   37.5000   30.000010639.3682   16.0592
    0.0000   37.5000   30.000011070.0088   16.0471
    7.5000   37.5000   30.000010548.0488   16.0356
   -7.5000   45.0000   30.0000 9784.5332   15.6481
    0.0000   45.0000   30.000010184.3359   15.6331
    7.5000   45.0000   30.0000 9691.0068   15.6275
   -7.5000  -45.0000   37.5000 7732.9448   16.6012
    0.0000  -45.0000   37.5000 8070.7866   16.5968
    7.5000  -45.0000   37.5000 7677.5190   16.5935
   -7.5000  -37.5000   37.5000 8401.1484   16.4813
    0.0000  -37.5000   37.5000 8788.7979   16.4736
    7.5000  -37.5000   37.5000 8333.7666   16.4726
   -7.5000  -30.0000   37.5000 9355.8154   16.4416
    0.0000  -30.0000   37.5000 9776.7334   16.4339
    7.5000  -30.0000   37.5000 9255.0107   16.4333
   -7.5000  -22.5000   37.500010247.7832   16.4528
    0.0000  -22.5000   37.500010703.3018   16.4473
    7.5000  -22.5000   37.500010143.7412   16.4437
   -7.5000  -15.0000   37.500011089.8594   16.4820
    0.0000  -15.0000   37.500011592.6709   16.4794
    7.5000  -15.0000   37.500010990.5703   16.4727
   -7.5000   -7.5000   37.500011844.5635   16.4758
    0.0000   -7.5000   37.500012370.1855   16.4740
    7.5000   -7.5000   37.500011764.8252   16.4678
   -7.5000    0.0000   37.500012464.4268   16.4442
    0.0000    0.0000   37.500013005.2021   16.4398
    7.5000    0.0000   37.500012404.8623   16.4362
   -7.5000    7.5000   37.500012165.3740   16.4181
    0.0000    7.5000   37.500012692.0928   16.4105
    7.5000    7.5000   37.500012121.7256   16.4093
   -7.5000   15.0000   37.500011793.5156   16.4191
    0.0000   15.0000   37.500012312.6475   16.4114
    7.5000   15.0000   37.500011756.5117   16.4107
   -7.5000   22.5000   37.500011294.6064   16.4438
    0.0000   22.5000   37.500011786.4619   16.4384
    7.5000   22.5000   37.500011249.7461   16.4348
   -7.5000   30.0000   37.500010595.1611   16.2687
    0.0000   30.0000   37.500011047.4414   16.2661
    7.5000   30.0000   37.500010533.9170   16.2595
   -7.5000   37.5000   37.500010184.8359   16.2626
    0.0000   37.5000   37.500010609.4844   16.2608
    7.5000   37.5000   37.500010093.9873   16.2547
   -7.5000   45.0000   37.5000 9378.2188   15.8503
    0.0000   45.0000   37.5000 9758.9082   15.8461
    7.5000   45.0000   37.5000 9285.3037   15.8426
   -7.5000  -45.0000   45.0000 6962.5366   16.9249
    0.0000  -45.0000   45.0000 7243.0225   16.9283
    7.5000  -45.0000   45.0000 6907.4980   16.9239
   -7.5000  -37.5000   45.0000 7568.2964   16.8056
    0.0000  -37.5000   45.0000 7894.9307   16.8044
    7.5000  -37.5000   45.0000 7515.9712   16.8031
   -7.5000  -30.0000   45.0000 8434.0869   16.7578
    0.0000  -30.0000   45.0000 8800.6641   16.7547
    7.5000  -30.0000   45.0000 8359.4824   16.7557
   -7.5000  -22.5000   45.0000 9245.4512   16.7576
    0.0000  -22.5000   45.0000 9653.9131   16.7560
    7.5000  -22.5000   45.0000 9171.0498   16.7545
   -7.5000  -15.0000   45.000010012.4424   16.7815
    0.0000  -15.0000   45.000010457.8662   16.7839
    7.5000  -15.0000   45.0000 9952.4375   16.7786
   -7.5000   -7.5000   45.000010701.9111   16.7827
    0.0000   -7.5000   45.000011181.1406   16.7880
    7.5000   -7.5000   45.000010648.5176   16.7819
   -7.5000    0.0000   45.000011267.2822   16.7626
    0.0000    0.0000   45.000011775.2480   16.7660
    7.5000    0.0000   45.000011215.0049   16.7612
   -7.5000    7.5000   45.000011019.9814   16.7396
    0.0000    7.5000   45.000011510.5029   16.7384
    7.5000    7.5000   45.000010973.4248   16.7370
   -7.5000   15.0000   45.000010711.8916   16.7342
    0.0000   15.0000   45.000011167.9648   16.7311
    7.5000   15.0000   45.000010649.0322   16.7321
   -7.5000   22.5000   45.000010266.0732   16.7484
    0.0000   22.5000   45.000010707.5381   16.7468
    7.5000   22.5000   45.000010210.0283   16.7453
   -7.5000   30.0000   45.0000 9633.5234   16.5629
    0.0000   30.0000   45.000010050.7109   16.5652
    7.5000   30.0000   45.0000 9594.4580   16.5600
   -7.5000   37.5000   45.0000 9287.7803   16.5640
    0.0000   37.5000   45.0000 9675.9902   16.5693
    7.5000   37.5000   45.0000 9211.7949   16.5633
   -7.5000   45.0000   45.0000 8577.6367   16.1646
    0.0000   45.0000   45.0000 8920.5771   16.1678
    7.5000   45.0000   45.0000 8494.8555   16.1632

---------------------------------------------------------------------
imgreg_4dfp /opt/freesurfer/average/711-2C_as_mni_average_305 /opt/freesurfer/average/711-2B_as_mni_average_305_mask talsrcimg_g11 none talsrcimg_to_711-2C_as_mni_average_305_t4 4355
---------------------------------------------------------------------

freesurfer imgreg_4dfp.c
/opt/freesurfer/average/711-2C_as_mni_average_305.4dfp.img
       256       256       256         1
  1.000000  1.000000  1.000000
orientation T byte_order littleendian
Reading image: /opt/freesurfer/average/711-2C_as_mni_average_305.4dfp.img
dimensions:      256       256       256
mmppix:       1.0000   -1.0000   -1.0000
center:     128.0000 -129.0000 -129.0000
/opt/freesurfer/average/711-2B_as_mni_average_305_mask.4dfp.img
       256       256       256         1
  1.000000  1.000000  1.000000
orientation T byte_order littleendian
Reading mask: /opt/freesurfer/average/711-2B_as_mni_average_305_mask.4dfp.img (2306576 pixels)
talsrcimg_g11.4dfp.img
       256       256       256         1
  1.000000  1.000000  1.000000
orientation T byte_order littleendian
Reading image: talsrcimg_g11.4dfp.img
dimensions:      256       256       256
mmppix:       1.0000   -1.0000   -1.0000
center:     128.0000 -129.0000 -129.0000
rotation matrix determinant  1.000000
image alignment mode   4355 decimal     1103 hex
   -7.5000  -45.0000  -45.0000 1960.3009   16.9388
    0.0000  -45.0000  -45.0000 1966.1467   16.9626
    7.5000  -45.0000  -45.0000 1951.6564   17.1049
   -7.5000  -37.5000  -45.0000 2082.8088   15.0800
    0.0000  -37.5000  -45.0000 2093.0806   15.1174
    7.5000  -37.5000  -45.0000 2078.1091   15.2460
   -7.5000  -30.0000  -45.0000 2188.1458   13.6447
    0.0000  -30.0000  -45.0000 2198.0420   13.6878
    7.5000  -30.0000  -45.0000 2183.2083   13.8260
   -7.5000  -22.5000  -45.0000 2273.6357   12.5851
    0.0000  -22.5000  -45.0000 2286.0510   12.6206
    7.5000  -22.5000  -45.0000 2263.0464   12.7241
   -7.5000  -15.0000  -45.0000 2325.6191   11.8446
    0.0000  -15.0000  -45.0000 2339.2180   11.8684
    7.5000  -15.0000  -45.0000 2314.9041   11.9794
   -7.5000   -7.5000  -45.0000 2357.7952   11.3813
    0.0000   -7.5000  -45.0000 2371.4290   11.3858
    7.5000   -7.5000  -45.0000 2348.8108   11.5223
   -7.5000    0.0000  -45.0000 2370.7832   11.1393
    0.0000    0.0000  -45.0000 2385.8110   11.1334
    7.5000    0.0000  -45.0000 2362.1309   11.2584
   -7.5000    7.5000  -45.0000 2369.7153   11.1240
    0.0000    7.5000  -45.0000 2384.2563   11.0908
    7.5000    7.5000  -45.0000 2361.7974   11.2379
   -7.5000   15.0000  -45.0000 2348.0122   11.3015
    0.0000   15.0000  -45.0000 2364.3403   11.2727
    7.5000   15.0000  -45.0000 2338.6152   11.4460
   -7.5000   22.5000  -45.0000 2307.7678   11.7422
    0.0000   22.5000  -45.0000 2325.7520   11.7079
    7.5000   22.5000  -45.0000 2299.0498   11.8971
   -7.5000   30.0000  -45.0000 2242.3872   12.4530
    0.0000   30.0000  -45.0000 2259.7710   12.4270
    7.5000   30.0000  -45.0000 2235.9001   12.6102
   -7.5000   37.5000  -45.0000 2156.3010   13.4495
    0.0000   37.5000  -45.0000 2167.3071   13.4538
    7.5000   37.5000  -45.0000 2142.0266   13.6313
   -7.5000   45.0000  -45.0000 2051.1057   14.8138
    0.0000   45.0000  -45.0000 2060.5613   14.8094
    7.5000   45.0000  -45.0000 2036.3435   15.0133
   -7.5000  -45.0000  -37.5000 2024.0492   15.8082
    0.0000  -45.0000  -37.5000 2032.5879   15.8159
    7.5000  -45.0000  -37.5000 2019.8982   15.9735
   -7.5000  -37.5000  -37.5000 2155.3018   14.0592
    0.0000  -37.5000  -37.5000 2165.1355   14.0748
    7.5000  -37.5000  -37.5000 2150.3911   14.2052
   -7.5000  -30.0000  -37.5000 2267.5369   12.7147
    0.0000  -30.0000  -37.5000 2275.9973   12.7128
    7.5000  -30.0000  -37.5000 2256.9365   12.8438
   -7.5000  -22.5000  -37.5000 2356.7781   11.7057
    0.0000  -22.5000  -37.5000 2368.5386   11.6836
    7.5000  -22.5000  -37.5000 2345.1775   11.8085
   -7.5000  -15.0000  -37.5000 2417.1348   11.0058
    0.0000  -15.0000  -37.5000 2434.3086   10.9824
    7.5000  -15.0000  -37.5000 2409.5964   11.1109
   -7.5000   -7.5000  -37.5000 2455.9307   10.5715
    0.0000   -7.5000  -37.5000 2476.0605   10.5544
    7.5000   -7.5000  -37.5000 2449.9341   10.6764
   -7.5000    0.0000  -37.5000 2481.5515   10.3381
    0.0000    0.0000  -37.5000 2496.9753   10.3225
    7.5000    0.0000  -37.5000 2471.7119   10.4592
   -7.5000    7.5000  -37.5000 2481.7981   10.3463
    0.0000    7.5000  -37.5000 2496.4890   10.3331
    7.5000    7.5000  -37.5000 2468.9917   10.4560
   -7.5000   15.0000  -37.5000 2456.0295   10.5337
    0.0000   15.0000  -37.5000 2473.3562   10.5105
    7.5000   15.0000  -37.5000 2443.8096   10.6644
   -7.5000   22.5000  -37.5000 2411.7942   10.9560
    0.0000   22.5000  -37.5000 2429.8723   10.9109
    7.5000   22.5000  -37.5000 2400.5312   11.0703
   -7.5000   30.0000  -37.5000 2339.8796   11.5987
    0.0000   30.0000  -37.5000 2357.2239   11.5741
    7.5000   30.0000  -37.5000 2327.5098   11.7201
   -7.5000   37.5000  -37.5000 2247.2383   12.5141
    0.0000   37.5000  -37.5000 2258.7932   12.5106
    7.5000   37.5000  -37.5000 2232.1665   12.6582
   -7.5000   45.0000  -37.5000 2135.3547   13.7833
    0.0000   45.0000  -37.5000 2146.3289   13.7553
    7.5000   45.0000  -37.5000 2120.0332   13.9310
   -7.5000  -45.0000  -30.0000 2118.0103   15.3538
    0.0000  -45.0000  -30.0000 2129.1270   15.3269
    7.5000  -45.0000  -30.0000 2112.9229   15.5435
   -7.5000  -37.5000  -30.0000 2257.2463   13.6247
    0.0000  -37.5000  -30.0000 2271.9380   13.5977
    7.5000  -37.5000  -30.0000 2252.7002   13.7915
   -7.5000  -30.0000  -30.0000 2376.8140   12.3065
    0.0000  -30.0000  -30.0000 2390.8423   12.2586
    7.5000  -30.0000  -30.0000 2370.5693   12.4305
   -7.5000  -22.5000  -30.0000 2472.0735   11.3288
    0.0000  -22.5000  -30.0000 2489.9719   11.2810
    7.5000  -22.5000  -30.0000 2469.0864   11.4262
   -7.5000  -15.0000  -30.0000 2542.1345   10.6164
    0.0000  -15.0000  -30.0000 2563.9917   10.5895
    7.5000  -15.0000  -30.0000 2544.1392   10.7293
   -7.5000   -7.5000  -30.0000 2598.2637   10.1846
    0.0000   -7.5000  -30.0000 2619.6396   10.1543
    7.5000   -7.5000  -30.0000 2594.9187   10.2851
   -7.5000    0.0000  -30.0000 2639.3286    9.9641
    0.0000    0.0000  -30.0000 2656.0581    9.9432
    7.5000    0.0000  -30.0000 2622.7981   10.0507
   -7.5000    7.5000  -30.0000 2644.7136    9.9741
    0.0000    7.5000  -30.0000 2659.7178    9.9702
    7.5000    7.5000  -30.0000 2621.3770   10.0822
   -7.5000   15.0000  -30.0000 2615.3230   10.1945
    0.0000   15.0000  -30.0000 2634.6501   10.1725
    7.5000   15.0000  -30.0000 2597.2278   10.2933
   -7.5000   22.5000  -30.0000 2564.6272   10.6124
    0.0000   22.5000  -30.0000 2586.0430   10.5774
    7.5000   22.5000  -30.0000 2548.8669   10.7110
   -7.5000   30.0000  -30.0000 2478.3245   11.2400
    0.0000   30.0000  -30.0000 2499.0464   11.1850
    7.5000   30.0000  -30.0000 2465.2690   11.3500
   -7.5000   37.5000  -30.0000 2376.6536   12.1201
    0.0000   37.5000  -30.0000 2388.4077   12.0815
    7.5000   37.5000  -30.0000 2363.4905   12.2473
   -7.5000   45.0000  -30.0000 2252.0391   13.3373
    0.0000   45.0000  -30.0000 2263.4336   13.2962
    7.5000   45.0000  -30.0000 2238.6362   13.4708
   -7.5000  -45.0000  -22.5000 2178.9666   14.9109
    0.0000  -45.0000  -22.5000 2192.0745   14.8411
    7.5000  -45.0000  -22.5000 2171.2380   15.1086
   -7.5000  -37.5000  -22.5000 2325.2764   13.1995
    0.0000  -37.5000  -22.5000 2339.4255   13.1251
    7.5000  -37.5000  -22.5000 2317.8660   13.3760
   -7.5000  -30.0000  -22.5000 2450.5618   11.8828
    0.0000  -30.0000  -22.5000 2470.2888   11.8361
    7.5000  -30.0000  -22.5000 2447.1125   12.0516
   -7.5000  -22.5000  -22.5000 2555.6394   10.9071
    0.0000  -22.5000  -22.5000 2579.4878   10.8770
    7.5000  -22.5000  -22.5000 2553.4966   11.0592
   -7.5000  -15.0000  -22.5000 2641.4529   10.2177
    0.0000  -15.0000  -22.5000 2665.0474   10.1797
    7.5000  -15.0000  -22.5000 2637.6509   10.3524
   -7.5000   -7.5000  -22.5000 2711.6860    9.7903
    0.0000   -7.5000  -22.5000 2735.8667    9.7572
    7.5000   -7.5000  -22.5000 2701.2034    9.9048
   -7.5000    0.0000  -22.5000 2761.5215    9.5480
    0.0000    0.0000  -22.5000 2784.0872    9.5312
    7.5000    0.0000  -22.5000 2737.5012    9.6665
   -7.5000    7.5000  -22.5000 2774.2512    9.5852
    0.0000    7.5000  -22.5000 2794.2393    9.5746
    7.5000    7.5000  -22.5000 2741.6250    9.7058
   -7.5000   15.0000  -22.5000 2745.2053    9.8252
    0.0000   15.0000  -22.5000 2766.5598    9.7954
    7.5000   15.0000  -22.5000 2720.2668    9.9240
   -7.5000   22.5000  -22.5000 2683.9673   10.2260
    0.0000   22.5000  -22.5000 2706.2383   10.1844
    7.5000   22.5000  -22.5000 2665.4507   10.3397
   -7.5000   30.0000  -22.5000 2587.0107   10.8349
    0.0000   30.0000  -22.5000 2608.1272   10.7746
    7.5000   30.0000  -22.5000 2571.4714   10.9490
   -7.5000   37.5000  -22.5000 2471.9199   11.6971
    0.0000   37.5000  -22.5000 2485.7957   11.6579
    7.5000   37.5000  -22.5000 2455.3403   11.8222
   -7.5000   45.0000  -22.5000 2337.9651   12.8959
    0.0000   45.0000  -22.5000 2350.1392   12.8545
    7.5000   45.0000  -22.5000 2323.5066   13.0198
   -7.5000  -45.0000  -15.0000 2205.8447   14.5226
    0.0000  -45.0000  -15.0000 2225.2456   14.4738
    7.5000  -45.0000  -15.0000 2199.1138   14.7484
   -7.5000  -37.5000  -15.0000 2357.5610   12.8309
    0.0000  -37.5000  -15.0000 2371.7961   12.7446
    7.5000  -37.5000  -15.0000 2349.8228   13.0493
   -7.5000  -30.0000  -15.0000 2489.9419   11.5276
    0.0000  -30.0000  -15.0000 2508.4573   11.4518
    7.5000  -30.0000  -15.0000 2484.8386   11.7504
   -7.5000  -22.5000  -15.0000 2605.1514   10.5513
    0.0000  -22.5000  -15.0000 2622.8391   10.5006
    7.5000  -22.5000  -15.0000 2599.8687   10.7501
   -7.5000  -15.0000  -15.0000 2704.5837    9.8694
    0.0000  -15.0000  -15.0000 2730.2405    9.8262
    7.5000  -15.0000  -15.0000 2697.1987   10.0553
   -7.5000   -7.5000  -15.0000 2793.5667    9.4594
    0.0000   -7.5000  -15.0000 2817.9426    9.4170
    7.5000   -7.5000  -15.0000 2776.8823    9.6116
   -7.5000    0.0000  -15.0000 2859.6130    9.2324
    0.0000    0.0000  -15.0000 2883.1035    9.1996
    7.5000    0.0000  -15.0000 2827.1108    9.3771
   -7.5000    7.5000  -15.0000 2876.0977    9.2738
    0.0000    7.5000  -15.0000 2898.5891    9.2381
    7.5000    7.5000  -15.0000 2835.4395    9.4160
   -7.5000   15.0000  -15.0000 2840.4956    9.4970
    0.0000   15.0000  -15.0000 2860.9324    9.4540
    7.5000   15.0000  -15.0000 2804.2957    9.6353
   -7.5000   22.5000  -15.0000 2762.9314    9.8839
    0.0000   22.5000  -15.0000 2786.2227    9.8320
    7.5000   22.5000  -15.0000 2739.4617   10.0299
   -7.5000   30.0000  -15.0000 2655.5530   10.4766
    0.0000   30.0000  -15.0000 2676.7551   10.4349
    7.5000   30.0000  -15.0000 2634.5076   10.6283
   -7.5000   37.5000  -15.0000 2527.9980   11.3337
    0.0000   37.5000  -15.0000 2542.4231   11.2885
    7.5000   37.5000  -15.0000 2507.7888   11.4770
   -7.5000   45.0000  -15.0000 2388.7573   12.4867
    0.0000   45.0000  -15.0000 2398.7014   12.4562
    7.5000   45.0000  -15.0000 2369.2114   12.6396
   -7.5000  -45.0000   -7.5000 2217.6687   14.2733
    0.0000  -45.0000   -7.5000 2234.2395   14.1757
    7.5000  -45.0000   -7.5000 2206.5459   14.5337
   -7.5000  -37.5000   -7.5000 2365.1479   12.5724
    0.0000  -37.5000   -7.5000 2383.1733   12.4675
    7.5000  -37.5000   -7.5000 2362.2466   12.8456
   -7.5000  -30.0000   -7.5000 2498.6235   11.2820
    0.0000  -30.0000   -7.5000 2519.3730   11.1852
    7.5000  -30.0000   -7.5000 2494.3311   11.5286
   -7.5000  -22.5000   -7.5000 2623.8120   10.2989
    0.0000  -22.5000   -7.5000 2642.9626   10.2256
    7.5000  -22.5000   -7.5000 2615.4348   10.5381
   -7.5000  -15.0000   -7.5000 2740.8452    9.6074
    0.0000  -15.0000   -7.5000 2766.2131    9.5385
    7.5000  -15.0000   -7.5000 2726.0981    9.8390
   -7.5000   -7.5000   -7.5000 2845.9353    9.2139
    0.0000   -7.5000   -7.5000 2873.3955    9.1523
    7.5000   -7.5000   -7.5000 2823.1335    9.3924
   -7.5000    0.0000   -7.5000 2926.8223    8.9800
    0.0000    0.0000   -7.5000 2957.9915    8.9232
    7.5000    0.0000   -7.5000 2888.1631    9.1458
   -7.5000    7.5000   -7.5000 2942.9846    8.9589
    0.0000    7.5000   -7.5000 2974.4771    8.8669
    7.5000    7.5000   -7.5000 2895.3264    9.1587
   -7.5000   15.0000   -7.5000 2889.2314    9.2006
    0.0000   15.0000   -7.5000 2911.9221    9.1173
    7.5000   15.0000   -7.5000 2848.8748    9.3937
   -7.5000   22.5000   -7.5000 2802.0447    9.6072
    0.0000   22.5000   -7.5000 2823.7458    9.5629
    7.5000   22.5000   -7.5000 2772.4143    9.7883
   -7.5000   30.0000   -7.5000 2687.0315   10.2097
    0.0000   30.0000   -7.5000 2708.4819   10.1536
    7.5000   30.0000   -7.5000 2667.0364   10.3570
   -7.5000   37.5000   -7.5000 2551.9724   11.0502
    0.0000   37.5000   -7.5000 2565.9995   11.0079
    7.5000   37.5000   -7.5000 2532.9390   11.1986
   -7.5000   45.0000   -7.5000 2408.1323   12.1937
    0.0000   45.0000   -7.5000 2418.0320   12.1565
    7.5000   45.0000   -7.5000 2387.9695   12.3486
   -7.5000  -45.0000    0.0000 2215.1179   14.2367
    0.0000  -45.0000    0.0000 2230.3909   14.1228
    7.5000  -45.0000    0.0000 2204.8862   14.5277
   -7.5000  -37.5000    0.0000 2359.9268   12.5152
    0.0000  -37.5000    0.0000 2375.8726   12.4121
    7.5000  -37.5000    0.0000 2352.5352   12.7970
   -7.5000  -30.0000    0.0000 2492.7695   11.2106
    0.0000  -30.0000    0.0000 2509.8647   11.1118
    7.5000  -30.0000    0.0000 2481.3623   11.4611
   -7.5000  -22.5000    0.0000 2621.5981   10.2154
    0.0000  -22.5000    0.0000 2644.6387   10.1455
    7.5000  -22.5000    0.0000 2610.4849   10.4735
   -7.5000  -15.0000    0.0000 2744.7747    9.5227
    0.0000  -15.0000    0.0000 2772.2053    9.4387
    7.5000  -15.0000    0.0000 2730.5764    9.7810
   -7.5000   -7.5000    0.0000 2863.5188    9.1326
    0.0000   -7.5000    0.0000 2892.2478    9.0615
    7.5000   -7.5000    0.0000 2838.5396    9.3363
   -7.5000    0.0000    0.0000 2941.7434    8.9278
    0.0000    0.0000    0.0000 2977.7454    8.8569
    7.5000    0.0000    0.0000 2905.3684    9.1070
   -7.5000    7.5000    0.0000 2964.2546    8.8643
    0.0000    7.5000    0.0000 2993.4629    8.7788
    7.5000    7.5000    0.0000 2916.5906    9.0753
   -7.5000   15.0000    0.0000 2909.6499    9.0839
    0.0000   15.0000    0.0000 2933.6707    9.0344
    7.5000   15.0000    0.0000 2868.5554    9.2733
   -7.5000   22.5000    0.0000 2807.2983    9.5117
    0.0000   22.5000    0.0000 2832.0186    9.4603
    7.5000   22.5000    0.0000 2783.3923    9.6567
   -7.5000   30.0000    0.0000 2686.0623   10.0982
    0.0000   30.0000    0.0000 2707.2407   10.0438
    7.5000   30.0000    0.0000 2671.1733   10.2258
   -7.5000   37.5000    0.0000 2549.0232   10.9379
    0.0000   37.5000    0.0000 2560.8604   10.8954
    7.5000   37.5000    0.0000 2532.8142   11.0570
   -7.5000   45.0000    0.0000 2406.5024   12.0305
    0.0000   45.0000    0.0000 2414.8079   12.0180
    7.5000   45.0000    0.0000 2384.9419   12.1653
   -7.5000  -45.0000    7.5000 2203.2380   14.4478
    0.0000  -45.0000    7.5000 2218.0730   14.3674
    7.5000  -45.0000    7.5000 2187.0950   14.7702
   -7.5000  -37.5000    7.5000 2344.5181   12.7047
    0.0000  -37.5000    7.5000 2362.7170   12.6072
    7.5000  -37.5000    7.5000 2329.4490   12.9972
   -7.5000  -30.0000    7.5000 2472.1938   11.3600
    0.0000  -30.0000    7.5000 2489.1953   11.2532
    7.5000  -30.0000    7.5000 2458.0271   11.6399
   -7.5000  -22.5000    7.5000 2603.4353   10.3645
    0.0000  -22.5000    7.5000 2622.7607   10.2572
    7.5000  -22.5000    7.5000 2588.4143   10.6193
   -7.5000  -15.0000    7.5000 2723.3521    9.6770
    0.0000  -15.0000    7.5000 2746.5212    9.5787
    7.5000  -15.0000    7.5000 2706.7112    9.9053
   -7.5000   -7.5000    7.5000 2836.5835    9.2649
    0.0000   -7.5000    7.5000 2859.4546    9.1880
    7.5000   -7.5000    7.5000 2809.6636    9.4695
   -7.5000    0.0000    7.5000 2908.1902    9.0486
    0.0000    0.0000    7.5000 2936.4170    8.9711
    7.5000    0.0000    7.5000 2873.6357    9.2343
   -7.5000    7.5000    7.5000 2930.0515    9.0224
    0.0000    7.5000    7.5000 2953.2432    8.9657
    7.5000    7.5000    7.5000 2891.6548    9.1815
   -7.5000   15.0000    7.5000 2884.3867    9.1965
    0.0000   15.0000    7.5000 2908.7114    9.1669
    7.5000   15.0000    7.5000 2852.5762    9.3383
   -7.5000   22.5000    7.5000 2785.2803    9.5803
    0.0000   22.5000    7.5000 2810.0085    9.5359
    7.5000   22.5000    7.5000 2765.6934    9.7240
   -7.5000   30.0000    7.5000 2659.2283   10.1633
    0.0000   30.0000    7.5000 2679.9644   10.0970
    7.5000   30.0000    7.5000 2650.1296   10.3020
   -7.5000   37.5000    7.5000 2525.4143   11.0059
    0.0000   37.5000    7.5000 2539.0139   10.9403
    7.5000   37.5000    7.5000 2514.5449   11.1160
   -7.5000   45.0000    7.5000 2387.5808   12.0779
    0.0000   45.0000    7.5000 2396.1746   12.0406
    7.5000   45.0000    7.5000 2366.7629   12.2034
   -7.5000  -45.0000   15.0000 2177.5796   14.8790
    0.0000  -45.0000   15.0000 2192.6304   14.7895
    7.5000  -45.0000   15.0000 2163.0347   15.1956
   -7.5000  -37.5000   15.0000 2318.1304   13.0935
    0.0000  -37.5000   15.0000 2334.3452   13.0205
    7.5000  -37.5000   15.0000 2303.0925   13.4016
   -7.5000  -30.0000   15.0000 2442.8784   11.7518
    0.0000  -30.0000   15.0000 2456.1882   11.6645
    7.5000  -30.0000   15.0000 2423.5703   12.0257
   -7.5000  -22.5000   15.0000 2566.4985   10.7727
    0.0000  -22.5000   15.0000 2580.6924   10.6879
    7.5000  -22.5000   15.0000 2545.3503   11.0017
   -7.5000  -15.0000   15.0000 2674.9346   10.0943
    0.0000  -15.0000   15.0000 2688.3472   10.0033
    7.5000  -15.0000   15.0000 2654.9231   10.2833
   -7.5000   -7.5000   15.0000 2772.4390    9.6466
    0.0000   -7.5000   15.0000 2788.4790    9.5457
    7.5000   -7.5000   15.0000 2745.9844    9.8101
   -7.5000    0.0000   15.0000 2831.2256    9.3650
    0.0000    0.0000   15.0000 2850.2029    9.2721
    7.5000    0.0000   15.0000 2799.7476    9.5412
   -7.5000    7.5000   15.0000 2852.3503    9.3125
    0.0000    7.5000   15.0000 2871.2637    9.2461
    7.5000    7.5000   15.0000 2826.0022    9.4765
   -7.5000   15.0000   15.0000 2809.1318    9.5150
    0.0000   15.0000   15.0000 2833.0342    9.4535
    7.5000   15.0000   15.0000 2789.0867    9.6672
   -7.5000   22.5000   15.0000 2722.5991    9.9078
    0.0000   22.5000   15.0000 2741.3669    9.8476
    7.5000   22.5000   15.0000 2707.3794   10.0487
   -7.5000   30.0000   15.0000 2602.2058   10.4737
    0.0000   30.0000   15.0000 2618.8430   10.4036
    7.5000   30.0000   15.0000 2594.7747   10.5947
   -7.5000   37.5000   15.0000 2483.5222   11.2578
    0.0000   37.5000   15.0000 2498.0068   11.1885
    7.5000   37.5000   15.0000 2468.3318   11.3832
   -7.5000   45.0000   15.0000 2348.9297   12.2985
    0.0000   45.0000   15.0000 2361.4941   12.2476
    7.5000   45.0000   15.0000 2332.5300   12.4197
   -7.5000  -45.0000   22.5000 2139.0278   15.5550
    0.0000  -45.0000   22.5000 2148.1975   15.4907
    7.5000  -45.0000   22.5000 2124.1470   15.8468
   -7.5000  -37.5000   22.5000 2281.7585   13.7421
    0.0000  -37.5000   22.5000 2292.4519   13.6767
    7.5000  -37.5000   22.5000 2262.5122   13.9886
   -7.5000  -30.0000   22.5000 2402.9971   12.3873
    0.0000  -30.0000   22.5000 2413.7148   12.3107
    7.5000  -30.0000   22.5000 2381.4802   12.6150
   -7.5000  -22.5000   22.5000 2515.9307   11.3988
    0.0000  -22.5000   22.5000 2529.2385   11.3199
    7.5000  -22.5000   22.5000 2490.5115   11.5918
   -7.5000  -15.0000   22.5000 2614.7681   10.6774
    0.0000  -15.0000   22.5000 2627.4429   10.5923
    7.5000  -15.0000   22.5000 2591.4827   10.8414
   -7.5000   -7.5000   22.5000 2694.7378   10.1790
    0.0000   -7.5000   22.5000 2712.4656   10.0774
    7.5000   -7.5000   22.5000 2669.2598   10.3318
   -7.5000    0.0000   22.5000 2740.5264    9.8568
    0.0000    0.0000   22.5000 2755.3516    9.7828
    7.5000    0.0000   22.5000 2716.0579   10.0243
   -7.5000    7.5000   22.5000 2752.2383    9.7949
    0.0000    7.5000   22.5000 2768.1553    9.7307
    7.5000    7.5000   22.5000 2732.7588    9.9460
   -7.5000   15.0000   22.5000 2711.1519    9.9763
    0.0000   15.0000   22.5000 2733.2864    9.9180
    7.5000   15.0000   22.5000 2697.9521   10.1211
   -7.5000   22.5000   22.5000 2637.1514   10.3542
    0.0000   22.5000   22.5000 2653.4841   10.2912
    7.5000   22.5000   22.5000 2622.9189   10.4920
   -7.5000   30.0000   22.5000 2533.7207   10.9243
    0.0000   30.0000   22.5000 2547.9514   10.8487
    7.5000   30.0000   22.5000 2522.1743   11.0386
   -7.5000   37.5000   22.5000 2424.2937   11.6855
    0.0000   37.5000   22.5000 2435.8242   11.6312
    7.5000   37.5000   22.5000 2410.2725   11.8131
   -7.5000   45.0000   22.5000 2295.6709   12.7022
    0.0000   45.0000   22.5000 2309.0984   12.6419
    7.5000   45.0000   22.5000 2287.0522   12.8239
   -7.5000  -45.0000   30.0000 2086.7351   16.4919
    0.0000  -45.0000   30.0000 2092.8345   16.4142
    7.5000  -45.0000   30.0000 2071.4814   16.7749
   -7.5000  -37.5000   30.0000 2225.1633   14.6100
    0.0000  -37.5000   30.0000 2236.8228   14.5270
    7.5000  -37.5000   30.0000 2205.5544   14.8338
   -7.5000  -30.0000   30.0000 2345.9399   13.2226
    0.0000  -30.0000   30.0000 2357.9255   13.1374
    7.5000  -30.0000   30.0000 2322.4646   13.4120
   -7.5000  -22.5000   30.0000 2447.7461   12.1709
    0.0000  -22.5000   30.0000 2463.2537   12.1009
    7.5000  -22.5000   30.0000 2423.2883   12.3566
   -7.5000  -15.0000   30.0000 2539.1423   11.4173
    0.0000  -15.0000   30.0000 2553.2083   11.3349
    7.5000  -15.0000   30.0000 2512.6841   11.5738
   -7.5000   -7.5000   30.0000 2608.5527   10.9065
    0.0000   -7.5000   30.0000 2628.8965   10.8072
    7.5000   -7.5000   30.0000 2584.3945   11.0314
   -7.5000    0.0000   30.0000 2647.2944   10.5381
    0.0000    0.0000   30.0000 2663.3428   10.4824
    7.5000    0.0000   30.0000 2627.2834   10.6812
   -7.5000    7.5000   30.0000 2648.2939   10.4539
    0.0000    7.5000   30.0000 2664.5630   10.3927
    7.5000    7.5000   30.0000 2632.2976   10.5951
   -7.5000   15.0000   30.0000 2603.8840   10.6103
    0.0000   15.0000   30.0000 2619.4116   10.5709
    7.5000   15.0000   30.0000 2593.7383   10.7566
   -7.5000   22.5000   30.0000 2541.5154   10.9671
    0.0000   22.5000   30.0000 2555.9890   10.9274
    7.5000   22.5000   30.0000 2527.6309   11.0994
   -7.5000   30.0000   30.0000 2453.3708   11.5220
    0.0000   30.0000   30.0000 2468.0554   11.4709
    7.5000   30.0000   30.0000 2438.9370   11.6325
   -7.5000   37.5000   30.0000 2352.1252   12.2382
    0.0000   37.5000   30.0000 2362.7197   12.2125
    7.5000   37.5000   30.0000 2340.9556   12.3795
   -7.5000   45.0000   30.0000 2232.4282   13.2308
    0.0000   45.0000   30.0000 2241.9167   13.2205
    7.5000   45.0000   30.0000 2222.5491   13.3876
   -7.5000  -45.0000   37.5000 2026.1902   17.7626
    0.0000  -45.0000   37.5000 2032.6031   17.6725
    7.5000  -45.0000   37.5000 2011.1036   18.0083
   -7.5000  -37.5000   37.5000 2159.9158   15.7167
    0.0000  -37.5000   37.5000 2172.9194   15.6632
    7.5000  -37.5000   37.5000 2141.1963   15.9266
   -7.5000  -30.0000   37.5000 2279.5383   14.2510
    0.0000  -30.0000   37.5000 2290.8608   14.1933
    7.5000  -30.0000   37.5000 2251.2756   14.4084
   -7.5000  -22.5000   37.5000 2376.0227   13.1594
    0.0000  -22.5000   37.5000 2385.7791   13.1126
    7.5000  -22.5000   37.5000 2348.3301   13.3114
   -7.5000  -15.0000   37.5000 2454.9055   12.3657
    0.0000  -15.0000   37.5000 2468.2466   12.2903
    7.5000  -15.0000   37.5000 2430.0066   12.5090
   -7.5000   -7.5000   37.5000 2513.4299   11.7819
    0.0000   -7.5000   37.5000 2526.8350   11.7278
    7.5000   -7.5000   37.5000 2491.1965   11.9317
   -7.5000    0.0000   37.5000 2543.6064   11.3802
    0.0000    0.0000   37.5000 2551.4702   11.3456
    7.5000    0.0000   37.5000 2523.1960   11.5478
   -7.5000    7.5000   37.5000 2537.8223   11.2881
    0.0000    7.5000   37.5000 2551.6775   11.2444
    7.5000    7.5000   37.5000 2524.6067   11.4484
   -7.5000   15.0000   37.5000 2498.5303   11.4243
    0.0000   15.0000   37.5000 2512.7656   11.4135
    7.5000   15.0000   37.5000 2489.7168   11.5839
   -7.5000   22.5000   37.5000 2447.3176   11.7629
    0.0000   22.5000   37.5000 2459.2710   11.7617
    7.5000   22.5000   37.5000 2434.4651   11.9095
   -7.5000   30.0000   37.5000 2372.1729   12.2915
    0.0000   30.0000   37.5000 2383.7966   12.2716
    7.5000   30.0000   37.5000 2357.3286   12.4198
   -7.5000   37.5000   37.5000 2276.4521   12.9902
    0.0000   37.5000   37.5000 2285.9248   12.9666
    7.5000   37.5000   37.5000 2259.9028   13.1326
   -7.5000   45.0000   37.5000 2160.8240   13.9612
    0.0000   45.0000   37.5000 2167.2058   13.9712
    7.5000   45.0000   37.5000 2147.3391   14.1179
   -7.5000  -45.0000   45.0000 1952.2462   19.3737
    0.0000  -45.0000   45.0000 1954.2800   19.3634
    7.5000  -45.0000   45.0000 1932.7224   19.6517
   -7.5000  -37.5000   45.0000 2084.6450   17.1586
    0.0000  -37.5000   45.0000 2090.1643   17.1242
    7.5000  -37.5000   45.0000 2063.5630   17.4132
   -7.5000  -30.0000   45.0000 2198.4275   15.5541
    0.0000  -30.0000   45.0000 2205.1074   15.5165
    7.5000  -30.0000   45.0000 2171.0054   15.7315
   -7.5000  -22.5000   45.0000 2288.2937   14.3657
    0.0000  -22.5000   45.0000 2293.1787   14.3406
    7.5000  -22.5000   45.0000 2262.1458   14.5566
   -7.5000  -15.0000   45.0000 2361.3564   13.5078
    0.0000  -15.0000   45.0000 2369.0532   13.4722
    7.5000  -15.0000   45.0000 2339.8706   13.6944
   -7.5000   -7.5000   45.0000 2411.3208   12.8646
    0.0000   -7.5000   45.0000 2419.2129   12.8496
    7.5000   -7.5000   45.0000 2390.8650   13.0483
   -7.5000    0.0000   45.0000 2432.8481   12.4514
    0.0000    0.0000   45.0000 2440.8743   12.4185
    7.5000    0.0000   45.0000 2414.0884   12.6303
   -7.5000    7.5000   45.0000 2424.0723   12.3337
    0.0000    7.5000   45.0000 2439.0488   12.3060
    7.5000    7.5000   45.0000 2412.3359   12.4839
   -7.5000   15.0000   45.0000 2393.3582   12.4266
    0.0000   15.0000   45.0000 2403.5486   12.4342
    7.5000   15.0000   45.0000 2380.3853   12.5979
   -7.5000   22.5000   45.0000 2343.8503   12.7588
    0.0000   22.5000   45.0000 2351.8037   12.7781
    7.5000   22.5000   45.0000 2331.2498   12.9214
   -7.5000   30.0000   45.0000 2271.0400   13.2789
    0.0000   30.0000   45.0000 2280.8721   13.2850
    7.5000   30.0000   45.0000 2265.2043   13.4349
   -7.5000   37.5000   45.0000 2182.9116   13.9811
    0.0000   37.5000   45.0000 2193.0808   13.9736
    7.5000   37.5000   45.0000 2174.6511   14.1104
   -7.5000   45.0000   45.0000 2075.1179   14.9669
    0.0000   45.0000   45.0000 2081.4375   14.9872
    7.5000   45.0000   45.0000 2066.5078   15.1073

---------------------------------------------------------------------
imgreg_4dfp /opt/freesurfer/average/711-2C_as_mni_average_305 /opt/freesurfer/average/711-2B_as_mni_average_305_mask talsrcimg_g11 none talsrcimg_to_711-2C_as_mni_average_305_t4 1283
---------------------------------------------------------------------

freesurfer imgreg_4dfp.c
/opt/freesurfer/average/711-2C_as_mni_average_305.4dfp.img
       256       256       256         1
  1.000000  1.000000  1.000000
orientation T byte_order littleendian
Reading image: /opt/freesurfer/average/711-2C_as_mni_average_305.4dfp.img
dimensions:      256       256       256
mmppix:       1.0000   -1.0000   -1.0000
center:     128.0000 -129.0000 -129.0000
/opt/freesurfer/average/711-2B_as_mni_average_305_mask.4dfp.img
       256       256       256         1
  1.000000  1.000000  1.000000
orientation T byte_order littleendian
Reading mask: /opt/freesurfer/average/711-2B_as_mni_average_305_mask.4dfp.img (2306576 pixels)
talsrcimg_g11.4dfp.img
       256       256       256         1
  1.000000  1.000000  1.000000
orientation T byte_order littleendian
Reading image: talsrcimg_g11.4dfp.img
dimensions:      256       256       256
mmppix:       1.0000   -1.0000   -1.0000
center:     128.0000 -129.0000 -129.0000
rotation matrix determinant  1.000000
fimgreg.f
image alignment mode   1283 decimal      503 hex
parameters
    0.0000    7.5000    0.0000    0.0000    0.0000    0.0000
eta,q 0.93849  8.78266
niter,ni,del,rscale     5    3   12.0000    1.2000
parameter  4  0.594141 ->  0.500000 qaram    1.1500
parameters
   -1.7403    4.6659   -2.1238   -3.4500    2.6964   -0.6838
eta,q 0.94352  8.72061
  0.0694  0.0624  0.0613  0.0586  0.0679  0.0602
  0.0644  0.0605  0.0591  0.0581  0.0646  0.0581
  0.0621  0.0606  0.0594  0.0582  0.0611  0.0568
  0.0633  0.0619  0.0604  0.0593  0.0580  0.0565
  0.0681  0.0646  0.0613  0.0609  0.0566  0.0575
  0.0754  0.0687  0.0631  0.0636  0.0569  0.0597
  0.0835  0.0739  0.0668  0.0667  0.0592  0.0621
niter,ni,del,rscale     5    3   12.0000    1.2000
parameters
   -2.8688    5.9799   -1.2651   -4.8990    3.3327   -1.0364
eta,q 0.94494  8.72882
  0.0669  0.0700  0.0614  0.0595  0.0641  0.0600
  0.0600  0.0630  0.0577  0.0560  0.0602  0.0577
  0.0559  0.0581  0.0559  0.0551  0.0568  0.0558
  0.0565  0.0556  0.0554  0.0556  0.0551  0.0550
  0.0615  0.0557  0.0561  0.0574  0.0554  0.0558
  0.0689  0.0578  0.0567  0.0603  0.0577  0.0583
  0.0766  0.0610  0.0581  0.0635  0.0613  0.0617
niter,ni,del,rscale     4    3   12.0000    1.2000
parameters
   -3.1949    7.0359   -1.5291   -6.2007    3.6760   -0.9322
eta,q 0.94609  8.73091
  0.0702  0.0685  0.0579  0.0589  0.0626  0.0600
  0.0624  0.0623  0.0556  0.0552  0.0587  0.0573
  0.0566  0.0577  0.0549  0.0539  0.0553  0.0550
  0.0551  0.0550  0.0545  0.0545  0.0539  0.0539
  0.0585  0.0548  0.0547  0.0568  0.0547  0.0544
  0.0656  0.0575  0.0555  0.0593  0.0573  0.0565
  0.0729  0.0617  0.0591  0.0620  0.0610  0.0601
niter,ni,del,rscale     3    3   12.0000    1.2000
parameters
   -3.2870    7.6215   -1.6863   -6.7972    3.8346   -0.8692
eta,q 0.94636  8.73411
  0.0704  0.0668  0.0572  0.0601  0.0619  0.0597
  0.0624  0.0614  0.0547  0.0556  0.0580  0.0570
  0.0560  0.0565  0.0542  0.0536  0.0548  0.0547
  0.0539  0.0539  0.0538  0.0538  0.0536  0.0536
  0.0568  0.0548  0.0538  0.0557  0.0546  0.0543
  0.0636  0.0582  0.0547  0.0587  0.0573  0.0564
  0.0709  0.0630  0.0579  0.0610  0.0611  0.0598
niter,ni,del,rscale     2    3   12.0000    1.2000
parameters
   -3.3121    7.8868   -1.7107   -7.0926    3.8855   -0.8329
eta,q 0.94639  8.73740
  0.0706  0.0660  0.0573  0.0609  0.0616  0.0596
  0.0624  0.0605  0.0545  0.0561  0.0577  0.0569
  0.0559  0.0555  0.0539  0.0536  0.0546  0.0545
  0.0536  0.0536  0.0537  0.0537  0.0536  0.0536
  0.0565  0.0553  0.0536  0.0552  0.0547  0.0543
  0.0631  0.0590  0.0544  0.0584  0.0574  0.0565
  0.0704  0.0640  0.0575  0.0608  0.0614  0.0598
niter,ni,del,rscale     1    3   12.0000    1.2000
parameters
   -3.3175    8.0283   -1.7491   -7.2563    3.9083   -0.8262
eta,q 0.94642  8.73875
  0.0708  0.0658  0.0572  0.0613  0.0615  0.0595
  0.0625  0.0601  0.0544  0.0564  0.0575  0.0569
  0.0559  0.0551  0.0537  0.0535  0.0545  0.0545
  0.0536  0.0536  0.0536  0.0536  0.0536  0.0536
  0.0564  0.0555  0.0536  0.0550  0.0546  0.0543
  0.0631  0.0594  0.0544  0.0582  0.0574  0.0565
  0.0703  0.0645  0.0574  0.0608  0.0614  0.0598
registration optimization eta report
parameter search radius
    6.0000    6.0000    6.0000    6.9000    6.0000    6.0000
100000*second partial in parameter space
       46.       31.       11.       16.       22.       17.
  0.0708  0.0658  0.0572  0.0613  0.0615  0.0595
  0.0625  0.0601  0.0544  0.0564  0.0575  0.0569
  0.0559  0.0551  0.0537  0.0535  0.0545  0.0545
  0.0536  0.0536  0.0536  0.0536  0.0536  0.0536
  0.0564  0.0555  0.0536  0.0550  0.0546  0.0543
  0.0631  0.0594  0.0544  0.0582  0.0574  0.0565
  0.0703  0.0645  0.0574  0.0608  0.0614  0.0598
   -3.3175    8.0283   -1.7491   -7.2563    3.9083   -0.8262
eta,q 0.94642  8.73875

---------------------------------------------------------------------
imgreg_4dfp /opt/freesurfer/average/711-2C_as_mni_average_305 /opt/freesurfer/average/711-2B_as_mni_average_305_mask talsrcimg_g11 none talsrcimg_to_711-2C_as_mni_average_305_t4 3335
---------------------------------------------------------------------

freesurfer imgreg_4dfp.c
/opt/freesurfer/average/711-2C_as_mni_average_305.4dfp.img
       256       256       256         1
  1.000000  1.000000  1.000000
orientation T byte_order littleendian
Reading image: /opt/freesurfer/average/711-2C_as_mni_average_305.4dfp.img
dimensions:      256       256       256
mmppix:       1.0000   -1.0000   -1.0000
center:     128.0000 -129.0000 -129.0000
/opt/freesurfer/average/711-2B_as_mni_average_305_mask.4dfp.img
       256       256       256         1
  1.000000  1.000000  1.000000
orientation T byte_order littleendian
Reading mask: /opt/freesurfer/average/711-2B_as_mni_average_305_mask.4dfp.img (2306576 pixels)
talsrcimg_g11.4dfp.img
       256       256       256         1
  1.000000  1.000000  1.000000
orientation T byte_order littleendian
Reading image: talsrcimg_g11.4dfp.img
dimensions:      256       256       256
mmppix:       1.0000   -1.0000   -1.0000
center:     128.0000 -129.0000 -129.0000
fimgreg.f
image alignment mode   3335 decimal      D07 hex
parameters
   -3.3175    8.0283   -1.7491   -0.2429   -0.8236   -1.0316
    2.2912   -6.5785   -1.4386   12.7270    6.8159  -12.6014
eta,q 0.94734  8.76325
niter,ni,del,rscale     5    3    5.0000    1.2000
parameter  4  1.008863 ->  0.500000 qaram    1.1500
parameter  5  2.335071 ->  0.500000 qaram    1.1500
parameter  6  1.841664 ->  0.500000 qaram    1.1500
parameter 10  0.797137 ->  0.500000 qaram    1.1500
parameters
   -3.2009    8.1084   -2.0722   -4.3829   -4.9636   -5.1716
    3.2880   -4.6597   -1.4911    8.5870    5.0262  -15.1608
eta,q 0.96234  8.27703
  0.0555  0.0544  0.0538  0.0492  0.0430  0.0370  0.0424  0.0452  0.0409  0.0380  0.0385  0.0383
  0.0540  0.0535  0.0531  0.0496  0.0448  0.0391  0.0411  0.0428  0.0401  0.0378  0.0381  0.0378
  0.0531  0.0529  0.0526  0.0508  0.0471  0.0420  0.0403  0.0409  0.0396  0.0383  0.0379  0.0377
  0.0527  0.0526  0.0526  0.0526  0.0499  0.0454  0.0398  0.0398  0.0395  0.0395  0.0379  0.0379
  0.0528  0.0527  0.0530  0.0553  0.0530  0.0497  0.0398  0.0395  0.0396  0.0413  0.0382  0.0383
  0.0536  0.0533  0.0537  0.0589  0.0565  0.0547  0.0403  0.0401  0.0401  0.0436  0.0389  0.0391
  0.0550  0.0543  0.0546  0.0629  0.0605  0.0602  0.0413  0.0415  0.0410  0.0462  0.0398  0.0400
niter,ni,del,rscale     7    3    5.0000    1.2000
parameter  3  0.573180 ->  0.500000 qaram    1.1500
parameter  5  1.069182 ->  0.500000 qaram    1.3225
parameter  6  0.918871 ->  0.500000 qaram    1.3225
parameters
   -2.7548    8.2199   -3.4522   -7.6100   -9.7246   -9.9326
    3.3485   -4.2670   -1.7453    9.1107    4.4475  -14.1559
eta,q 0.97012  7.81661
  0.0416  0.0400  0.0374  0.0377  0.0328  0.0292  0.0325  0.0340  0.0317  0.0337  0.0310  0.0315
  0.0397  0.0387  0.0370  0.0368  0.0333  0.0297  0.0311  0.0319  0.0307  0.0317  0.0303  0.0307
  0.0384  0.0379  0.0370  0.0365  0.0345  0.0309  0.0303  0.0305  0.0301  0.0304  0.0300  0.0301
  0.0377  0.0376  0.0376  0.0369  0.0365  0.0336  0.0299  0.0299  0.0299  0.0299  0.0299  0.0299
  0.0376  0.0377  0.0384  0.0383  0.0392  0.0379  0.0303  0.0302  0.0302  0.0301  0.0301  0.0300
  0.0382  0.0384  0.0396  0.0407  0.0426  0.0432  0.0311  0.0313  0.0308  0.0311  0.0306  0.0303
  0.0395  0.0395  0.0410  0.0443  0.0467  0.0491  0.0324  0.0332  0.0319  0.0328  0.0314  0.0308
niter,ni,del,rscale     7    3    5.0000    1.2000
parameter  5  0.506911 ->  0.500000 qaram    1.5209
parameter  6  0.500403 ->  0.500000 qaram    1.5209
parameters
   -2.5741    8.7611   -3.8551   -6.6378  -15.1997  -15.4078
    2.6226   -3.6910   -2.2134   10.4039    4.8525  -13.7501
eta,q 0.97243  7.38647
  0.0333  0.0333  0.0314  0.0329  0.0295  0.0285  0.0295  0.0315  0.0290  0.0317  0.0288  0.0291
  0.0316  0.0316  0.0303  0.0315  0.0289  0.0277  0.0284  0.0296  0.0282  0.0297  0.0282  0.0282
  0.0304  0.0305  0.0297  0.0304  0.0288  0.0279  0.0278  0.0283  0.0277  0.0283  0.0278  0.0277
  0.0299  0.0299  0.0297  0.0297  0.0295  0.0288  0.0277  0.0277  0.0276  0.0276  0.0276  0.0276
  0.0301  0.0298  0.0303  0.0295  0.0312  0.0310  0.0281  0.0279  0.0279  0.0277  0.0276  0.0277
  0.0309  0.0302  0.0313  0.0302  0.0337  0.0353  0.0291  0.0289  0.0285  0.0284  0.0280  0.0281
  0.0325  0.0312  0.0326  0.0320  0.0370  0.0410  0.0304  0.0305  0.0294  0.0297  0.0286  0.0287
niter,ni,del,rscale     7    3    5.0000    1.2000
parameters
   -2.5303    9.8708   -4.0677   -6.8267  -17.2362  -16.9888
    2.4622   -3.4699   -2.1985   12.4457    4.6440  -14.0840
eta,q 0.97303  7.25388
  0.0305  0.0314  0.0287  0.0294  0.0294  0.0306  0.0291  0.0304  0.0288  0.0310  0.0280  0.0280
  0.0289  0.0297  0.0278  0.0283  0.0281  0.0288  0.0280  0.0288  0.0279  0.0292  0.0274  0.0274
  0.0279  0.0284  0.0273  0.0276  0.0273  0.0275  0.0274  0.0276  0.0274  0.0279  0.0271  0.0270
  0.0276  0.0276  0.0272  0.0272  0.0272  0.0272  0.0272  0.0272  0.0272  0.0272  0.0270  0.0270
  0.0278  0.0272  0.0274  0.0273  0.0279  0.0280  0.0275  0.0275  0.0273  0.0270  0.0271  0.0272
  0.0288  0.0272  0.0281  0.0281  0.0298  0.0301  0.0282  0.0285  0.0279  0.0275  0.0275  0.0276
  0.0303  0.0277  0.0293  0.0300  0.0326  0.0344  0.0293  0.0300  0.0288  0.0285  0.0281  0.0281
niter,ni,del,rscale     6    3    5.0000    1.2000
parameters
   -2.3751   10.8072   -5.0829   -7.2400  -19.6525  -18.4642
    2.0324   -3.1858   -2.2470   14.8325    4.8709  -14.4447
eta,q 0.97393  7.09857
  0.0299  0.0302  0.0271  0.0282  0.0282  0.0298  0.0281  0.0293  0.0281  0.0308  0.0270  0.0270
  0.0284  0.0287  0.0266  0.0273  0.0271  0.0280  0.0271  0.0279  0.0272  0.0289  0.0265  0.0264
  0.0274  0.0276  0.0265  0.0268  0.0265  0.0268  0.0265  0.0268  0.0266  0.0274  0.0262  0.0261
  0.0270  0.0270  0.0267  0.0265  0.0265  0.0264  0.0264  0.0264  0.0264  0.0264  0.0261  0.0261
  0.0271  0.0267  0.0273  0.0265  0.0272  0.0273  0.0267  0.0267  0.0266  0.0261  0.0262  0.0263
  0.0279  0.0268  0.0283  0.0273  0.0289  0.0291  0.0274  0.0276  0.0272  0.0265  0.0264  0.0266
  0.0292  0.0274  0.0296  0.0290  0.0315  0.0330  0.0284  0.0289  0.0281  0.0277  0.0269  0.0271
niter,ni,del,rscale     5    3    5.0000    1.2000
parameters
   -2.1177   11.7306   -6.0643   -8.0484  -21.2331  -19.4917
    1.5441   -2.8430   -2.3531   16.1742    5.1505  -14.6875
eta,q 0.97460  6.97312
  0.0288  0.0294  0.0262  0.0269  0.0280  0.0292  0.0271  0.0284  0.0274  0.0296  0.0263  0.0263
  0.0274  0.0279  0.0257  0.0260  0.0265  0.0272  0.0262  0.0270  0.0264  0.0277  0.0259  0.0258
  0.0265  0.0267  0.0256  0.0257  0.0256  0.0260  0.0256  0.0259  0.0257  0.0263  0.0255  0.0255
  0.0261  0.0260  0.0258  0.0256  0.0256  0.0255  0.0255  0.0255  0.0255  0.0255  0.0254  0.0254
  0.0261  0.0258  0.0263  0.0257  0.0262  0.0263  0.0259  0.0257  0.0257  0.0255  0.0255  0.0256
  0.0267  0.0259  0.0272  0.0263  0.0277  0.0278  0.0266  0.0266  0.0264  0.0262  0.0257  0.0259
  0.0279  0.0265  0.0284  0.0278  0.0302  0.0314  0.0276  0.0279  0.0275  0.0277  0.0262  0.0264
niter,ni,del,rscale     4    3    5.0000    1.2000
parameters
   -1.8541   12.2007   -6.6270   -8.4369  -21.7954  -20.0775
    1.2156   -2.6039   -2.4979   16.7737    5.2279  -14.8398
eta,q 0.97481  6.91956
  0.0280  0.0281  0.0262  0.0268  0.0283  0.0290  0.0270  0.0280  0.0271  0.0288  0.0261  0.0262
  0.0267  0.0267  0.0255  0.0258  0.0267  0.0271  0.0260  0.0267  0.0261  0.0270  0.0256  0.0256
  0.0258  0.0258  0.0252  0.0253  0.0256  0.0258  0.0254  0.0257  0.0254  0.0258  0.0253  0.0253
  0.0254  0.0254  0.0253  0.0252  0.0252  0.0252  0.0252  0.0252  0.0252  0.0252  0.0252  0.0252
  0.0254  0.0253  0.0257  0.0254  0.0257  0.0259  0.0256  0.0255  0.0255  0.0254  0.0253  0.0253
  0.0260  0.0257  0.0264  0.0259  0.0270  0.0273  0.0263  0.0264  0.0262  0.0263  0.0256  0.0257
  0.0271  0.0265  0.0273  0.0272  0.0293  0.0303  0.0273  0.0277  0.0273  0.0279  0.0261  0.0262
niter,ni,del,rscale     3    3    5.0000    1.2000
parameters
   -1.7327   12.4137   -6.8849   -8.5784  -22.0157  -20.3734
    1.1105   -2.5070   -2.5537   17.0570    5.2227  -14.9414
eta,q 0.97484  6.89849
  0.0276  0.0275  0.0264  0.0268  0.0285  0.0291  0.0271  0.0279  0.0271  0.0285  0.0261  0.0261
  0.0264  0.0263  0.0256  0.0258  0.0269  0.0272  0.0260  0.0266  0.0261  0.0267  0.0256  0.0256
  0.0256  0.0255  0.0252  0.0253  0.0256  0.0258  0.0254  0.0256  0.0254  0.0256  0.0253  0.0253
  0.0252  0.0252  0.0252  0.0252  0.0252  0.0252  0.0252  0.0252  0.0252  0.0252  0.0252  0.0252
  0.0253  0.0253  0.0254  0.0253  0.0256  0.0257  0.0255  0.0255  0.0254  0.0254  0.0253  0.0253
  0.0260  0.0259  0.0260  0.0259  0.0268  0.0272  0.0262  0.0264  0.0261  0.0264  0.0256  0.0256
  0.0272  0.0268  0.0269  0.0270  0.0290  0.0298  0.0271  0.0278  0.0272  0.0281  0.0261  0.0262
niter,ni,del,rscale     2    3    5.0000    1.2000
parameters
   -1.6924   12.5132   -7.0069   -8.6268  -22.1176  -20.5102
    1.0876   -2.4786   -2.5759   17.2064    5.2257  -14.9932
eta,q 0.97484  6.88987
  0.0274  0.0273  0.0265  0.0269  0.0285  0.0292  0.0271  0.0278  0.0271  0.0284  0.0260  0.0262
  0.0263  0.0261  0.0257  0.0259  0.0269  0.0272  0.0261  0.0265  0.0261  0.0266  0.0256  0.0256
  0.0255  0.0254  0.0253  0.0253  0.0257  0.0258  0.0254  0.0255  0.0254  0.0256  0.0253  0.0253
  0.0252  0.0252  0.0252  0.0252  0.0252  0.0252  0.0252  0.0252  0.0252  0.0252  0.0252  0.0252
  0.0253  0.0254  0.0254  0.0253  0.0256  0.0257  0.0254  0.0255  0.0254  0.0254  0.0252  0.0253
  0.0261  0.0260  0.0259  0.0258  0.0267  0.0271  0.0261  0.0264  0.0261  0.0265  0.0256  0.0256
  0.0274  0.0269  0.0267  0.0269  0.0289  0.0296  0.0271  0.0279  0.0272  0.0282  0.0261  0.0262
niter,ni,del,rscale     1    3    5.0000    1.2000
parameters
   -1.6825   12.5646   -7.0644   -8.6515  -22.1728  -20.5795
    1.0964   -2.4758   -2.5858   17.2826    5.2191  -15.0106
eta,q 0.97484  6.88551
  0.0274  0.0272  0.0265  0.0269  0.0286  0.0292  0.0271  0.0278  0.0271  0.0283  0.0260  0.0262
  0.0262  0.0261  0.0257  0.0259  0.0269  0.0272  0.0261  0.0265  0.0261  0.0266  0.0256  0.0256
  0.0254  0.0254  0.0253  0.0253  0.0257  0.0258  0.0254  0.0255  0.0254  0.0255  0.0253  0.0253
  0.0252  0.0252  0.0252  0.0252  0.0252  0.0252  0.0252  0.0252  0.0252  0.0252  0.0252  0.0252
  0.0254  0.0254  0.0253  0.0253  0.0256  0.0257  0.0254  0.0255  0.0254  0.0255  0.0252  0.0253
  0.0261  0.0260  0.0258  0.0258  0.0267  0.0271  0.0261  0.0264  0.0261  0.0265  0.0256  0.0256
  0.0274  0.0270  0.0266  0.0269  0.0289  0.0295  0.0271  0.0279  0.0272  0.0282  0.0261  0.0262
registration optimization eta report
parameter search radius
    2.4000    2.4000    2.7600    8.2800   10.9503   10.9503
    7.2000    7.2000    7.2000    8.2800    7.2000    7.2000
100000*second partial in parameter space
       39.       34.       19.        3.        3.        3.
        4.        5.        4.        5.        2.        2.
  0.0274  0.0272  0.0265  0.0269  0.0286  0.0292  0.0271  0.0278  0.0271  0.0283  0.0260  0.0262
  0.0262  0.0261  0.0257  0.0259  0.0269  0.0272  0.0261  0.0265  0.0261  0.0266  0.0256  0.0256
  0.0254  0.0254  0.0253  0.0253  0.0257  0.0258  0.0254  0.0255  0.0254  0.0255  0.0253  0.0253
  0.0252  0.0252  0.0252  0.0252  0.0252  0.0252  0.0252  0.0252  0.0252  0.0252  0.0252  0.0252
  0.0254  0.0254  0.0253  0.0253  0.0256  0.0257  0.0254  0.0255  0.0254  0.0255  0.0252  0.0253
  0.0261  0.0260  0.0258  0.0258  0.0267  0.0271  0.0261  0.0264  0.0261  0.0265  0.0256  0.0256
  0.0274  0.0270  0.0266  0.0269  0.0289  0.0295  0.0271  0.0279  0.0272  0.0282  0.0261  0.0262
   -1.6825   12.5646   -7.0644   -8.6515  -22.1728  -20.5795
    1.0964   -2.4758   -2.5858   17.2826    5.2191  -15.0106
eta,q 0.97484  6.88551

---------------------------------------------------------------------
imgreg_4dfp /opt/freesurfer/average/711-2C_as_mni_average_305 /opt/freesurfer/average/711-2B_as_mni_average_305_mask talsrcimg_g11 none talsrcimg_to_711-2C_as_mni_average_305_t4 2311
---------------------------------------------------------------------

freesurfer imgreg_4dfp.c
/opt/freesurfer/average/711-2C_as_mni_average_305.4dfp.img
       256       256       256         1
  1.000000  1.000000  1.000000
orientation T byte_order littleendian
Reading image: /opt/freesurfer/average/711-2C_as_mni_average_305.4dfp.img
dimensions:      256       256       256
mmppix:       1.0000   -1.0000   -1.0000
center:     128.0000 -129.0000 -129.0000
/opt/freesurfer/average/711-2B_as_mni_average_305_mask.4dfp.img
       256       256       256         1
  1.000000  1.000000  1.000000
orientation T byte_order littleendian
Reading mask: /opt/freesurfer/average/711-2B_as_mni_average_305_mask.4dfp.img (2306576 pixels)
talsrcimg_g11.4dfp.img
       256       256       256         1
  1.000000  1.000000  1.000000
orientation T byte_order littleendian
Reading image: talsrcimg_g11.4dfp.img
dimensions:      256       256       256
mmppix:       1.0000   -1.0000   -1.0000
center:     128.0000 -129.0000 -129.0000
fimgreg.f
image alignment mode   2311 decimal      907 hex
parameters
   -1.6825   12.5646   -7.0644   -8.6515  -22.1728  -20.5795
    1.0964   -2.4758   -2.5858   17.2826    5.2191  -15.0106
eta,q 0.97484  6.88551
niter,ni,del,rscale     5    3    5.0000    0.8000
parameters
   -1.6469   12.5553   -7.1147   -8.6865  -21.8405  -20.3808
    0.9762   -2.3790   -2.5489   17.3283    5.2259  -15.1270
eta,q 0.97486  6.90305
  0.0262  0.0260  0.0256  0.0257  0.0260  0.0262  0.0260  0.0265  0.0261  0.0262  0.0256  0.0256
  0.0256  0.0255  0.0253  0.0254  0.0256  0.0257  0.0255  0.0258  0.0256  0.0256  0.0253  0.0253
  0.0253  0.0252  0.0252  0.0252  0.0253  0.0253  0.0252  0.0253  0.0253  0.0253  0.0252  0.0252
  0.0252  0.0252  0.0252  0.0252  0.0252  0.0252  0.0251  0.0251  0.0251  0.0251  0.0251  0.0251
  0.0252  0.0253  0.0252  0.0252  0.0252  0.0252  0.0253  0.0253  0.0252  0.0253  0.0252  0.0252
  0.0256  0.0256  0.0254  0.0254  0.0254  0.0255  0.0256  0.0257  0.0256  0.0256  0.0253  0.0254
  0.0261  0.0260  0.0257  0.0257  0.0258  0.0261  0.0261  0.0264  0.0261  0.0262  0.0256  0.0256
niter,ni,del,rscale     4    3    5.0000    0.7000
parameters
   -1.6072   12.5342   -7.0542   -8.7173  -21.8291  -20.2537
    0.9070   -2.3385   -2.5384   17.3182    5.2237  -15.1509
eta,q 0.97486  6.90637
  0.0260  0.0258  0.0255  0.0255  0.0258  0.0259  0.0259  0.0262  0.0259  0.0260  0.0255  0.0255
  0.0255  0.0254  0.0253  0.0253  0.0254  0.0255  0.0255  0.0256  0.0255  0.0255  0.0253  0.0253
  0.0253  0.0252  0.0252  0.0252  0.0252  0.0253  0.0252  0.0253  0.0252  0.0252  0.0252  0.0252
  0.0251  0.0251  0.0251  0.0251  0.0251  0.0251  0.0251  0.0251  0.0251  0.0251  0.0251  0.0251
  0.0252  0.0252  0.0252  0.0252  0.0252  0.0252  0.0252  0.0253  0.0252  0.0252  0.0252  0.0252
  0.0254  0.0255  0.0253  0.0253  0.0254  0.0254  0.0255  0.0256  0.0255  0.0255  0.0253  0.0253
  0.0259  0.0258  0.0255  0.0255  0.0257  0.0259  0.0259  0.0262  0.0259  0.0260  0.0255  0.0255
niter,ni,del,rscale     3    3    5.0000    0.6000
parameters
   -1.5856   12.5145   -7.0083   -8.7766  -21.8176  -20.1462
    0.8695   -2.3154   -2.5267   17.3079    5.2328  -15.1871
eta,q 0.97486  6.90813
  0.0257  0.0256  0.0254  0.0254  0.0256  0.0257  0.0257  0.0259  0.0257  0.0257  0.0254  0.0254
  0.0254  0.0253  0.0253  0.0253  0.0253  0.0254  0.0254  0.0255  0.0254  0.0254  0.0252  0.0253
  0.0252  0.0252  0.0252  0.0252  0.0252  0.0252  0.0252  0.0252  0.0252  0.0252  0.0252  0.0252
  0.0251  0.0251  0.0251  0.0251  0.0251  0.0251  0.0251  0.0251  0.0251  0.0251  0.0251  0.0251
  0.0252  0.0252  0.0252  0.0252  0.0252  0.0252  0.0252  0.0252  0.0252  0.0252  0.0252  0.0252
  0.0254  0.0254  0.0252  0.0253  0.0254  0.0254  0.0254  0.0255  0.0254  0.0254  0.0252  0.0253
  0.0257  0.0257  0.0254  0.0254  0.0256  0.0257  0.0257  0.0259  0.0257  0.0258  0.0254  0.0254
niter,ni,del,rscale     2    3    5.0000    0.5000
parameters
   -1.5709   12.5017   -6.9796   -8.7905  -21.8388  -20.0608
    0.8521   -2.3120   -2.5236   17.2991    5.2323  -15.1976
eta,q 0.97487  6.90935
  0.0255  0.0255  0.0253  0.0253  0.0255  0.0256  0.0255  0.0257  0.0255  0.0256  0.0253  0.0253
  0.0253  0.0253  0.0252  0.0252  0.0253  0.0253  0.0253  0.0254  0.0253  0.0253  0.0252  0.0252
  0.0252  0.0252  0.0252  0.0251  0.0252  0.0252  0.0252  0.0252  0.0252  0.0252  0.0252  0.0252
  0.0251  0.0251  0.0251  0.0251  0.0251  0.0251  0.0251  0.0251  0.0251  0.0251  0.0251  0.0251
  0.0252  0.0252  0.0252  0.0252  0.0252  0.0252  0.0252  0.0252  0.0252  0.0252  0.0252  0.0252
  0.0253  0.0253  0.0252  0.0252  0.0253  0.0253  0.0253  0.0254  0.0253  0.0253  0.0252  0.0252
  0.0255  0.0255  0.0253  0.0253  0.0255  0.0255  0.0255  0.0257  0.0255  0.0256  0.0253  0.0253
niter,ni,del,rscale     1    3    5.0000    0.4000
parameters
   -1.5625   12.4928   -6.9429   -8.8460  -21.8482  -19.9624
    0.8453   -2.3093   -2.5089   17.2946    5.2619  -15.2281
eta,q 0.97487  6.91020
  0.0254  0.0254  0.0253  0.0253  0.0253  0.0254  0.0254  0.0255  0.0254  0.0254  0.0252  0.0252
  0.0253  0.0252  0.0252  0.0252  0.0252  0.0253  0.0252  0.0253  0.0252  0.0253  0.0252  0.0252
  0.0252  0.0252  0.0251  0.0251  0.0252  0.0252  0.0252  0.0252  0.0252  0.0252  0.0251  0.0251
  0.0251  0.0251  0.0251  0.0251  0.0251  0.0251  0.0251  0.0251  0.0251  0.0251  0.0251  0.0251
  0.0252  0.0252  0.0251  0.0252  0.0252  0.0251  0.0252  0.0252  0.0252  0.0252  0.0251  0.0251
  0.0252  0.0252  0.0252  0.0252  0.0252  0.0252  0.0252  0.0253  0.0252  0.0253  0.0252  0.0252
  0.0254  0.0254  0.0252  0.0253  0.0253  0.0254  0.0254  0.0255  0.0254  0.0254  0.0252  0.0253
registration optimization eta report
parameter search radius
    0.8000    0.8000    0.8000    2.4000    2.4000    2.4000
    2.4000    2.4000    2.4000    2.4000    2.4000    2.4000
100000*second partial in parameter space
       40.       35.       20.        2.        4.        4.
        4.        6.        4.        5.        2.        2.
  0.0254  0.0254  0.0253  0.0253  0.0253  0.0254  0.0254  0.0255  0.0254  0.0254  0.0252  0.0252
  0.0253  0.0252  0.0252  0.0252  0.0252  0.0253  0.0252  0.0253  0.0252  0.0253  0.0252  0.0252
  0.0252  0.0252  0.0251  0.0251  0.0252  0.0252  0.0252  0.0252  0.0252  0.0252  0.0251  0.0251
  0.0251  0.0251  0.0251  0.0251  0.0251  0.0251  0.0251  0.0251  0.0251  0.0251  0.0251  0.0251
  0.0252  0.0252  0.0251  0.0252  0.0252  0.0251  0.0252  0.0252  0.0252  0.0252  0.0251  0.0251
  0.0252  0.0252  0.0252  0.0252  0.0252  0.0252  0.0252  0.0253  0.0252  0.0253  0.0252  0.0252
  0.0254  0.0254  0.0252  0.0253  0.0253  0.0254  0.0254  0.0255  0.0254  0.0254  0.0252  0.0253
   -1.5625   12.4928   -6.9429   -8.8460  -21.8482  -19.9624
    0.8453   -2.3093   -2.5089   17.2946    5.2619  -15.2281
eta,q 0.97487  6.91020

---------------------------------------------------------------------
imgreg_4dfp /opt/freesurfer/average/711-2C_as_mni_average_305 /opt/freesurfer/average/711-2B_as_mni_average_305_mask talsrcimg_g11 none talsrcimg_to_711-2C_as_mni_average_305_t4 2311
---------------------------------------------------------------------

freesurfer imgreg_4dfp.c
/opt/freesurfer/average/711-2C_as_mni_average_305.4dfp.img
       256       256       256         1
  1.000000  1.000000  1.000000
orientation T byte_order littleendian
Reading image: /opt/freesurfer/average/711-2C_as_mni_average_305.4dfp.img
dimensions:      256       256       256
mmppix:       1.0000   -1.0000   -1.0000
center:     128.0000 -129.0000 -129.0000
/opt/freesurfer/average/711-2B_as_mni_average_305_mask.4dfp.img
       256       256       256         1
  1.000000  1.000000  1.000000
orientation T byte_order littleendian
Reading mask: /opt/freesurfer/average/711-2B_as_mni_average_305_mask.4dfp.img (2306576 pixels)
talsrcimg_g11.4dfp.img
       256       256       256         1
  1.000000  1.000000  1.000000
orientation T byte_order littleendian
Reading image: talsrcimg_g11.4dfp.img
dimensions:      256       256       256
mmppix:       1.0000   -1.0000   -1.0000
center:     128.0000 -129.0000 -129.0000
fimgreg.f
image alignment mode   2311 decimal      907 hex
parameters
   -1.5625   12.4928   -6.9429   -8.8460  -21.8482  -19.9624
    0.8453   -2.3093   -2.5089   17.2946    5.2619  -15.2281
eta,q 0.97487  6.91019
niter,ni,del,rscale     5    3    5.0000    0.8000
parameters
   -1.5861   12.5081   -6.9104   -8.6386  -21.7994  -20.0920
    0.8610   -2.3268   -2.5471   17.2783    5.2334  -15.1927
eta,q 0.97486  6.91632
  0.0261  0.0260  0.0257  0.0257  0.0259  0.0261  0.0261  0.0265  0.0261  0.0262  0.0255  0.0256
  0.0256  0.0255  0.0254  0.0254  0.0255  0.0256  0.0256  0.0257  0.0256  0.0256  0.0253  0.0253
  0.0252  0.0252  0.0252  0.0252  0.0252  0.0253  0.0253  0.0253  0.0252  0.0253  0.0252  0.0252
  0.0251  0.0251  0.0251  0.0251  0.0251  0.0251  0.0251  0.0251  0.0251  0.0251  0.0251  0.0251
  0.0252  0.0252  0.0252  0.0252  0.0252  0.0252  0.0252  0.0253  0.0252  0.0253  0.0252  0.0252
  0.0256  0.0255  0.0253  0.0253  0.0255  0.0256  0.0256  0.0258  0.0256  0.0256  0.0253  0.0253
  0.0262  0.0260  0.0256  0.0256  0.0259  0.0262  0.0261  0.0265  0.0261  0.0262  0.0256  0.0256
niter,ni,del,rscale     4    3    5.0000    0.7000
parameters
   -1.5860   12.4918   -6.9457   -8.7033  -21.8012  -20.1075
    0.8648   -2.3246   -2.5375   17.2763    5.2240  -15.1951
eta,q 0.97487  6.91284
  0.0259  0.0258  0.0255  0.0255  0.0257  0.0259  0.0259  0.0262  0.0259  0.0260  0.0255  0.0255
  0.0255  0.0254  0.0253  0.0253  0.0254  0.0255  0.0255  0.0256  0.0255  0.0255  0.0253  0.0253
  0.0252  0.0252  0.0252  0.0252  0.0252  0.0252  0.0252  0.0253  0.0252  0.0252  0.0252  0.0252
  0.0251  0.0251  0.0251  0.0251  0.0251  0.0251  0.0251  0.0251  0.0251  0.0251  0.0251  0.0251
  0.0252  0.0252  0.0252  0.0252  0.0252  0.0252  0.0252  0.0253  0.0252  0.0252  0.0252  0.0252
  0.0255  0.0255  0.0253  0.0253  0.0254  0.0255  0.0255  0.0256  0.0255  0.0255  0.0253  0.0253
  0.0259  0.0258  0.0255  0.0255  0.0257  0.0259  0.0259  0.0262  0.0259  0.0260  0.0255  0.0255
niter,ni,del,rscale     3    3    5.0000    0.6000
parameters
   -1.5774   12.4931   -6.9508   -8.7647  -21.8159  -20.0669
    0.8531   -2.3084   -2.5260   17.2881    5.2454  -15.1956
eta,q 0.97487  6.91122
  0.0257  0.0256  0.0254  0.0254  0.0256  0.0257  0.0257  0.0259  0.0257  0.0258  0.0254  0.0254
  0.0254  0.0254  0.0253  0.0252  0.0253  0.0254  0.0254  0.0255  0.0254  0.0254  0.0252  0.0252
  0.0252  0.0252  0.0252  0.0252  0.0252  0.0252  0.0252  0.0252  0.0252  0.0252  0.0252  0.0252
  0.0251  0.0251  0.0251  0.0251  0.0251  0.0251  0.0251  0.0251  0.0251  0.0251  0.0251  0.0251
  0.0252  0.0252  0.0252  0.0252  0.0252  0.0252  0.0252  0.0252  0.0252  0.0252  0.0252  0.0252
  0.0254  0.0254  0.0253  0.0253  0.0254  0.0254  0.0254  0.0255  0.0254  0.0254  0.0252  0.0253
  0.0257  0.0256  0.0254  0.0254  0.0256  0.0257  0.0257  0.0259  0.0257  0.0258  0.0254  0.0254
niter,ni,del,rscale     2    3    5.0000    0.5000
parameters
   -1.5647   12.4923   -6.9392   -8.7991  -21.8363  -20.0096
    0.8377   -2.3077   -2.5206   17.2824    5.2318  -15.2087
eta,q 0.97487  6.91086
  0.0255  0.0255  0.0253  0.0253  0.0255  0.0255  0.0255  0.0257  0.0255  0.0256  0.0253  0.0253
  0.0253  0.0253  0.0252  0.0252  0.0253  0.0253  0.0253  0.0254  0.0253  0.0253  0.0252  0.0252
  0.0252  0.0252  0.0252  0.0252  0.0252  0.0252  0.0252  0.0252  0.0252  0.0252  0.0252  0.0252
  0.0251  0.0251  0.0251  0.0251  0.0251  0.0251  0.0251  0.0251  0.0251  0.0251  0.0251  0.0251
  0.0252  0.0252  0.0252  0.0252  0.0252  0.0252  0.0252  0.0252  0.0252  0.0252  0.0252  0.0252
  0.0253  0.0253  0.0252  0.0252  0.0253  0.0253  0.0253  0.0254  0.0253  0.0253  0.0252  0.0252
  0.0255  0.0255  0.0253  0.0253  0.0255  0.0255  0.0255  0.0257  0.0255  0.0256  0.0253  0.0253
niter,ni,del,rscale     1    3    5.0000    0.4000
parameters
   -1.5608   12.4915   -6.9311   -8.8538  -21.8464  -19.9509
    0.8282   -2.3006   -2.5203   17.2946    5.2373  -15.2285
eta,q 0.97487  6.91045
  0.0254  0.0254  0.0253  0.0253  0.0253  0.0254  0.0254  0.0255  0.0254  0.0254  0.0252  0.0252
  0.0253  0.0252  0.0252  0.0252  0.0252  0.0253  0.0252  0.0253  0.0252  0.0253  0.0252  0.0252
  0.0252  0.0252  0.0252  0.0251  0.0252  0.0252  0.0252  0.0252  0.0252  0.0252  0.0251  0.0251
  0.0251  0.0251  0.0251  0.0251  0.0251  0.0251  0.0251  0.0251  0.0251  0.0251  0.0251  0.0251
  0.0252  0.0252  0.0251  0.0252  0.0252  0.0252  0.0252  0.0252  0.0252  0.0252  0.0251  0.0251
  0.0252  0.0252  0.0252  0.0252  0.0252  0.0252  0.0252  0.0253  0.0252  0.0253  0.0252  0.0252
  0.0254  0.0254  0.0253  0.0253  0.0253  0.0254  0.0254  0.0255  0.0254  0.0254  0.0252  0.0252
registration optimization eta report
parameter search radius
    0.8000    0.8000    0.8000    2.4000    2.4000    2.4000
    2.4000    2.4000    2.4000    2.4000    2.4000    2.4000
100000*second partial in parameter space
       40.       35.       19.        2.        4.        5.
        4.        6.        4.        5.        2.        2.
  0.0254  0.0254  0.0253  0.0253  0.0253  0.0254  0.0254  0.0255  0.0254  0.0254  0.0252  0.0252
  0.0253  0.0252  0.0252  0.0252  0.0252  0.0253  0.0252  0.0253  0.0252  0.0253  0.0252  0.0252
  0.0252  0.0252  0.0252  0.0251  0.0252  0.0252  0.0252  0.0252  0.0252  0.0252  0.0251  0.0251
  0.0251  0.0251  0.0251  0.0251  0.0251  0.0251  0.0251  0.0251  0.0251  0.0251  0.0251  0.0251
  0.0252  0.0252  0.0251  0.0252  0.0252  0.0252  0.0252  0.0252  0.0252  0.0252  0.0251  0.0251
  0.0252  0.0252  0.0252  0.0252  0.0252  0.0252  0.0252  0.0253  0.0252  0.0253  0.0252  0.0252
  0.0254  0.0254  0.0253  0.0253  0.0253  0.0254  0.0254  0.0255  0.0254  0.0254  0.0252  0.0252
   -1.5608   12.4915   -6.9311   -8.8538  -21.8464  -19.9509
    0.8282   -2.3006   -2.5203   17.2946    5.2373  -15.2285
eta,q 0.97487  6.91045

---------------------------------------------------------------------
compute_vox2vox talsrcimg talsrcimg_to_711-2C_as_mni_average_305_t4 /opt/freesurfer/average/711-2C_as_mni_average_305
---------------------------------------------------------------------

freesurfer compute_vox2vox.c
Reading: talsrcimg.4dfp.ifh
Reading: talsrcimg_to_711-2C_as_mni_average_305_t4
Reading: /opt/freesurfer/average/711-2C_as_mni_average_305.4dfp.ifh
Writing: talsrcimg_to_711-2C_as_mni_average_305_t4_vox2vox.txt

start time Thu Mar 12 23:08:48 CET 2026
end		time Thu Mar 12 23:10:15 CET 2026

mpr2mni305 success

avi2talxfm orig_nu.mgz /opt/freesurfer/average/mni305.cor.mgz talsrcimg_to_711-2C_as_mni_average_305_t4_vox2vox.txt transforms/talairach.auto.xfm
avi2talxfm done
mv -f /out/sourcedata/freesurfer/sub-v2s3x28742_ses-1/mri/talsrcimg_to_711-2C_as_mni_average_305_t4_vox2vox.txt /out/sourcedata/freesurfer/sub-v2s3x28742_ses-1/mri/transforms/talsrcimg_to_711-2C_as_mni_average_305_t4_vox2vox.txt
lta_convert --src orig_nu.mgz --trg /opt/freesurfer/average/mni305.cor.mgz --inxfm transforms/talairach.auto.xfm --outlta transforms/talairach.auto.xfm.lta --subject fsaverage
7.3.2

--src: orig_nu.mgz src image (geometry).
--trg: /opt/freesurfer/average/mni305.cor.mgz trg image (geometry).
--inmni: transforms/talairach.auto.xfm input MNI/XFM transform.
--outlta: transforms/talairach.auto.xfm.lta output LTA.
--s: fsaverage subject name
 LTA read, type : 1
 1.09512   0.03261  -0.00525   3.78951;
-0.06231   1.19691   0.23388   4.27104;
 0.04910  -0.26381   1.22761  -10.75848;
 0.00000   0.00000   0.00000   1.00000;
setting subject to fsaverage
Writing  LTA to file transforms/talairach.auto.xfm.lta...
lta_convert successful.
 
 
Started at Thu Mar 12 23:08:48 CET 2026
Ended   at Thu Mar 12 23:10:15 CET 2026
talairach_avi done
