status file for recon-all
Fri Mar 13 01:21:46 CET 2026
#@# Tessellate rh Fri Mar 13 01:21:46 CET 2026
#@# Smooth1 rh Fri Mar 13 01:21:50 CET 2026
#@# Inflation1 rh Fri Mar 13 01:21:53 CET 2026
#@# QSphere rh Fri Mar 13 01:22:06 CET 2026
#@# Fix Topology rh Fri Mar 13 01:23:18 CET 2026
#@# Smooth2 rh Fri Mar 13 01:29:08 CET 2026
#@# Inflation2 rh Fri Mar 13 01:29:11 CET 2026
#@# Curv .H and .K rh Fri Mar 13 01:29:25 CET 2026
#@# Sphere rh Fri Mar 13 01:30:11 CET 2026
#@# Surf Reg rh Fri Mar 13 01:33:20 CET 2026
#@# Jacobian white rh Fri Mar 13 01:37:30 CET 2026
#@# AvgCurv rh Fri Mar 13 01:37:31 CET 2026
#@# Cortical Parc rh Fri Mar 13 01:37:32 CET 2026
#@# white curv rh Fri Mar 13 01:44:02 CET 2026
#@# white area rh Fri Mar 13 01:44:04 CET 2026
#@# pial curv rh Fri Mar 13 01:44:05 CET 2026
#@# pial area rh Fri Mar 13 01:44:07 CET 2026
#@# thickness rh Fri Mar 13 01:44:07 CET 2026
#@# area and vertex vol rh Fri Mar 13 01:44:35 CET 2026
#@# Curvature Stats rh Fri Mar 13 01:44:36 CET 2026
#@# Cortical Parc 2 rh Fri Mar 13 01:44:39 CET 2026
#@# Cortical Parc 3 rh Fri Mar 13 01:44:52 CET 2026
#@# WM/GM Contrast rh Fri Mar 13 01:45:02 CET 2026
recon-all -s sub-v2s3x28742_ses-1 finished without error at Fri Mar 13 01:45:05 CET 2026



#New# invocation of recon-all 



status file for recon-all
Fri Mar 13 01:53:17 CET 2026
#@# white curv rh Fri Mar 13 01:53:17 CET 2026
#@# white area rh Fri Mar 13 01:53:17 CET 2026
#@# pial curv rh Fri Mar 13 01:53:17 CET 2026
#@# pial area rh Fri Mar 13 01:53:17 CET 2026
#@# thickness rh Fri Mar 13 01:53:17 CET 2026
#@# area and vertex vol rh Fri Mar 13 01:53:17 CET 2026
#@# Parcellation Stats rh Fri Mar 13 01:53:17 CET 2026
#@# Parcellation Stats 2 rh Fri Mar 13 01:53:35 CET 2026
#@# Parcellation Stats 3 rh Fri Mar 13 01:53:44 CET 2026
#@# BA_exvivo Labels rh Fri Mar 13 01:53:53 CET 2026
recon-all -s sub-v2s3x28742_ses-1 finished without error at Fri Mar 13 01:56:30 CET 2026
