/out/sourcedata/freesurfer/sub-v2s3x28825_ses-1/mri
/opt/freesurfer/bin/talairach_avi
--i orig_nu.mgz --xfm transforms/talairach.auto.xfm
talairach_avi 7.3.2
Linux dna085 5.14.0-427.37.1.el9_4.x86_64 #1 SMP PREEMPT_DYNAMIC Fri Sep 13 12:41:50 EDT 2024 x86_64 x86_64 x86_64 GNU/Linux
Fri Mar 13 02:26:58 CET 2026
mri_convert orig_nu.mgz talsrcimg.img 
reading from orig_nu.mgz...
TR=0.00, TE=0.00, TI=0.00, flip angle=0.00
i_ras = (-1, 0, 0)
j_ras = (0, 0, -1)
k_ras = (0, 1, 0)
writing to talsrcimg.img...
Analyze Output Matrix
-1.00000   0.00000   0.00000   138.16150;
 0.00000   0.00000   1.00000  -86.81248;
 0.00000  -1.00000   0.00000   130.07510;
 0.00000   0.00000   0.00000   1.00000;
--------------------
INFO: set hdr.hist.orient to -1
mpr2mni305 talsrcimg
Fri Mar 13 02:26:59 CET 2026
/opt/freesurfer/bin/mpr2mni305 talsrcimg
mpr2mni305 7.3.2
target=711-2C_as_mni_average_305

---------------------------------------------------------------------
analyzeto4dfp talsrcimg -O0 -y
---------------------------------------------------------------------

freesurfer ifh2hdr.c
Fri Mar 13 02:26:59 2026
Writing: talsrcimg.4dfp.hdr
freesurfer analyzeto4dfp.c
Reading: talsrcimg.hdr
header size 348 bytes
hdr.dime.datatype	offset=70	value=2
hdr.dime.bitpix		offset=72	value=8
hdr.hist.orient		offset=252	value=-1
dimensionality     4
dimensions       256       256       256         1
Reading: talsrcimg.img
Writing: talsrcimg.4dfp.img
Writing: talsrcimg.4dfp.ifh
ifh2hdr talsrcimg -r0to231
ori=2

---------------------------------------------------------------------
gauss_4dfp talsrcimg 1.1
---------------------------------------------------------------------

freesurfer gauss_4dfp.c
Reading: talsrcimg.4dfp.img
Writing: talsrcimg_g11.4dfp.img
image dimensions 256 256 256 padded to 288 288 288
processing volume 1freesurfer ifh2hdr.c
Fri Mar 13 02:27:00 2026
Writing: talsrcimg_g11.4dfp.hdr

Writing: talsrcimg_g11.4dfp.ifh
including: talsrcimg.4dfp.img.rec in talsrcimg_g11.4dfp.img.rec

---------------------------------------------------------------------
imgreg_4dfp /opt/freesurfer/average/711-2C_as_mni_average_305 none talsrcimg_g11 none talsrcimg_to_711-2C_as_mni_average_305_t4 4355
---------------------------------------------------------------------

freesurfer imgreg_4dfp.c
/opt/freesurfer/average/711-2C_as_mni_average_305.4dfp.img
       256       256       256         1
  1.000000  1.000000  1.000000
orientation T byte_order littleendian
Reading image: /opt/freesurfer/average/711-2C_as_mni_average_305.4dfp.img
dimensions:      256       256       256
mmppix:       1.0000   -1.0000   -1.0000
center:     128.0000 -129.0000 -129.0000
talsrcimg_g11.4dfp.img
       256       256       256         1
  1.000000  1.000000  1.000000
orientation T byte_order littleendian
Reading image: talsrcimg_g11.4dfp.img
dimensions:      256       256       256
mmppix:       1.0000   -1.0000   -1.0000
center:     128.0000 -129.0000 -129.0000
t4_read: open error in t4_sub.f l:  41 t4_file(1:l)talsrcimg_to_711-2C_as_mni_average_305_t4 
t4_read: transform initialized to I4
rotation matrix determinant  1.000000
image alignment mode   4355 decimal     1103 hex
   -7.5000  -45.0000  -45.0000 7300.3521   15.8800
    0.0000  -45.0000  -45.0000 7615.5371   15.8993
    7.5000  -45.0000  -45.0000 7283.0537   15.9134
   -7.5000  -37.5000  -45.0000 7963.7627   15.6339
    0.0000  -37.5000  -45.0000 8320.5352   15.6532
    7.5000  -37.5000  -45.0000 7937.7388   15.6673
   -7.5000  -30.0000  -45.0000 9004.5488   15.5397
    0.0000  -30.0000  -45.0000 9400.9209   15.5557
    7.5000  -30.0000  -45.0000 8944.5293   15.5707
   -7.5000  -22.5000  -45.000010028.6846   15.4914
    0.0000  -22.5000  -45.000010474.4395   15.5072
    7.5000  -22.5000  -45.0000 9967.5078   15.5210
   -7.5000  -15.0000  -45.000010972.0527   15.4633
    0.0000  -15.0000  -45.000011461.2002   15.4801
    7.5000  -15.0000  -45.000010902.5947   15.4929
   -7.5000   -7.5000  -45.000011833.8594   15.4564
    0.0000   -7.5000  -45.000012345.5537   15.4735
    7.5000   -7.5000  -45.000011755.2520   15.4864
   -7.5000    0.0000  -45.000012618.9902   15.4645
    0.0000    0.0000  -45.000013139.1875   15.4839
    7.5000    0.0000  -45.000012526.0127   15.4967
   -7.5000    7.5000  -45.000012435.1523   15.4695
    0.0000    7.5000  -45.000012952.2900   15.4888
    7.5000    7.5000  -45.000012326.8770   15.5023
   -7.5000   15.0000  -45.000012159.1934   15.4661
    0.0000   15.0000  -45.000012664.8408   15.4816
    7.5000   15.0000  -45.000012039.8535   15.4960
   -7.5000   22.5000  -45.000011764.3516   15.4576
    0.0000   22.5000  -45.000012242.5430   15.4729
    7.5000   22.5000  -45.000011612.2773   15.4863
   -7.5000   30.0000  -45.000011294.2666   15.2487
    0.0000   30.0000  -45.000011753.2139   15.2651
    7.5000   30.0000  -45.000011137.6729   15.2775
   -7.5000   37.5000  -45.000011088.8750   15.2499
    0.0000   37.5000  -45.000011542.8838   15.2668
    7.5000   37.5000  -45.000010945.4844   15.2795
   -7.5000   45.0000  -45.000010318.6387   14.8710
    0.0000   45.0000  -45.000010737.2832   14.8897
    7.5000   45.0000  -45.000010155.7852   14.9020
   -7.5000  -45.0000  -37.5000 7694.0151   15.9505
    0.0000  -45.0000  -37.5000 8047.8232   15.9788
    7.5000  -45.0000  -37.5000 7670.3716   15.9872
   -7.5000  -37.5000  -37.5000 8421.9053   15.6995
    0.0000  -37.5000  -37.5000 8810.9395   15.7227
    7.5000  -37.5000  -37.5000 8375.7988   15.7283
   -7.5000  -30.0000  -37.5000 9514.2529   15.6025
    0.0000  -30.0000  -37.5000 9940.4443   15.6210
    7.5000  -30.0000  -37.5000 9441.2139   15.6267
   -7.5000  -22.5000  -37.500010559.2979   15.5554
    0.0000  -22.5000  -37.500011032.5830   15.5770
    7.5000  -22.5000  -37.500010489.3867   15.5834
   -7.5000  -15.0000  -37.500011539.0273   15.5305
    0.0000  -15.0000  -37.500012056.5391   15.5574
    7.5000  -15.0000  -37.500011471.4131   15.5653
   -7.5000   -7.5000  -37.500012435.9434   15.5263
    0.0000   -7.5000  -37.500012994.9893   15.5551
    7.5000   -7.5000  -37.500012369.3213   15.5642
   -7.5000    0.0000  -37.500013262.6221   15.5336
    0.0000    0.0000  -37.500013819.4424   15.5617
    7.5000    0.0000  -37.500013169.5703   15.5690
   -7.5000    7.5000  -37.500013085.9854   15.5346
    0.0000    7.5000  -37.500013629.6572   15.5576
    7.5000    7.5000  -37.500012968.4600   15.5628
   -7.5000   15.0000  -37.500012798.8271   15.5286
    0.0000   15.0000  -37.500013317.5781   15.5466
    7.5000   15.0000  -37.500012644.1494   15.5518
   -7.5000   22.5000  -37.500012348.1914   15.5214
    0.0000   22.5000  -37.500012843.1250   15.5424
    7.5000   22.5000  -37.500012183.0049   15.5484
   -7.5000   30.0000  -37.500011829.1094   15.3150
    0.0000   30.0000  -37.500012295.0215   15.3412
    7.5000   30.0000  -37.500011662.8164   15.3489
   -7.5000   37.5000  -37.500011569.4141   15.3189
    0.0000   37.5000  -37.500012067.2539   15.3472
    7.5000   37.5000  -37.500011445.5742   15.3562
   -7.5000   45.0000  -37.500010773.0029   14.9374
    0.0000   45.0000  -37.500011205.0215   14.9644
    7.5000   45.0000  -37.500010617.2539   14.9714
   -7.5000  -45.0000  -30.0000 8209.0312   16.6397
    0.0000  -45.0000  -30.0000 8587.2646   16.6770
    7.5000  -45.0000  -30.0000 8197.5967   16.6950
   -7.5000  -37.5000  -30.0000 8996.8096   16.3709
    0.0000  -37.5000  -30.0000 9418.4727   16.3995
    7.5000  -37.5000  -30.0000 8949.5732   16.4101
   -7.5000  -30.0000  -30.000010141.5020   16.2674
    0.0000  -30.0000  -30.000010610.7041   16.2894
    7.5000  -30.0000  -30.000010084.8672   16.2985
   -7.5000  -22.5000  -30.000011253.2422   16.2216
    0.0000  -22.5000  -30.000011776.3877   16.2482
    7.5000  -22.5000  -30.000011195.9932   16.2603
   -7.5000  -15.0000  -30.000012279.6211   16.2016
    0.0000  -15.0000  -30.000012860.1973   16.2373
    7.5000  -15.0000  -30.000012230.8711   16.2549
   -7.5000   -7.5000  -30.000013214.0186   16.2012
    0.0000   -7.5000  -30.000013854.6748   16.2408
    7.5000   -7.5000  -30.000013181.1426   16.2611
   -7.5000    0.0000  -30.000014080.4697   16.2058
    0.0000    0.0000  -30.000014725.4336   16.2428
    7.5000    0.0000  -30.000014008.9854   16.2589
   -7.5000    7.5000  -30.000013889.4473   16.1999
    0.0000    7.5000  -30.000014507.2686   16.2284
    7.5000    7.5000  -30.000013785.8438   16.2385
   -7.5000   15.0000  -30.000013596.0400   16.1909
    0.0000   15.0000  -30.000014183.1328   16.2125
    7.5000   15.0000  -30.000013433.4854   16.2210
   -7.5000   22.5000  -30.000013143.7510   16.1848
    0.0000   22.5000  -30.000013693.2188   16.2108
    7.5000   22.5000  -30.000012951.1318   16.2224
   -7.5000   30.0000  -30.000012549.7832   15.9783
    0.0000   30.0000  -30.000013074.4990   16.0133
    7.5000   30.0000  -30.000012361.4746   16.0305
   -7.5000   37.5000  -30.000012243.5244   15.9862
    0.0000   37.5000  -30.000012782.6182   16.0253
    7.5000   37.5000  -30.000012100.4619   16.0453
   -7.5000   45.0000  -30.000011373.5088   15.5952
    0.0000   45.0000  -30.000011843.9297   15.6308
    7.5000   45.0000  -30.000011233.0908   15.6463
   -7.5000  -45.0000  -22.5000 8704.2617   17.1630
    0.0000  -45.0000  -22.5000 9105.4658   17.1983
    7.5000  -45.0000  -22.5000 8681.4941   17.2316
   -7.5000  -37.5000  -22.5000 9556.3789   16.8825
    0.0000  -37.5000  -22.5000 9996.7754   16.9118
    7.5000  -37.5000  -22.5000 9488.1025   16.9371
   -7.5000  -30.0000  -22.500010748.4199   16.7748
    0.0000  -30.0000  -22.500011248.8574   16.7980
    7.5000  -30.0000  -22.500010697.0078   16.8219
   -7.5000  -22.5000  -22.500011911.9707   16.7291
    0.0000  -22.5000  -22.500012483.3701   16.7550
    7.5000  -22.5000  -22.500011880.8457   16.7821
   -7.5000  -15.0000  -22.500012989.0439   16.7114
    0.0000  -15.0000  -22.500013629.7363   16.7449
    7.5000  -15.0000  -22.500012986.4980   16.7778
   -7.5000   -7.5000  -22.500013988.9072   16.7125
    0.0000   -7.5000  -22.500014674.0957   16.7491
    7.5000   -7.5000  -22.500013995.1406   16.7847
   -7.5000    0.0000  -22.500014861.1270   16.7156
    0.0000    0.0000  -22.500015564.1494   16.7508
    7.5000    0.0000  -22.500014835.6230   16.7815
   -7.5000    7.5000  -22.500014643.5088   16.7068
    0.0000    7.5000  -22.500015326.3838   16.7361
    7.5000    7.5000  -22.500014577.3477   16.7607
   -7.5000   15.0000  -22.500014341.6396   16.6964
    0.0000   15.0000  -22.500015011.7764   16.7192
    7.5000   15.0000  -22.500014200.8750   16.7425
   -7.5000   22.5000  -22.500013838.8516   16.6903
    0.0000   22.5000  -22.500014503.9277   16.7158
    7.5000   22.5000  -22.500013690.4062   16.7423
   -7.5000   30.0000  -22.500013184.7998   16.4838
    0.0000   30.0000  -22.500013804.5840   16.5165
    7.5000   30.0000  -22.500013049.3467   16.5489
   -7.5000   37.5000  -22.500012865.7988   16.4933
    0.0000   37.5000  -22.500013446.3389   16.5294
    7.5000   37.5000  -22.500012728.0811   16.5645
   -7.5000   45.0000  -22.500011963.8291   16.0980
    0.0000   45.0000  -22.500012498.3760   16.1318
    7.5000   45.0000  -22.500011833.9072   16.1615
   -7.5000  -45.0000  -15.0000 9186.1523   17.5077
    0.0000  -45.0000  -15.0000 9636.0273   17.5325
    7.5000  -45.0000  -15.0000 9175.3545   17.5734
   -7.5000  -37.5000  -15.000010063.4766   17.2243
    0.0000  -37.5000  -15.000010554.5840   17.2495
    7.5000  -37.5000  -15.000010015.2803   17.2865
   -7.5000  -30.0000  -15.000011312.0391   17.1157
    0.0000  -30.0000  -15.000011849.9316   17.1372
    7.5000  -30.0000  -15.000011274.5156   17.1746
   -7.5000  -22.5000  -15.000012531.9775   17.0682
    0.0000  -22.5000  -15.000013117.2832   17.0887
    7.5000  -22.5000  -15.000012521.9326   17.1268
   -7.5000  -15.0000  -15.000013644.8867   17.0480
    0.0000  -15.0000  -15.000014314.4033   17.0705
    7.5000  -15.0000  -15.000013690.2129   17.1105
   -7.5000   -7.5000  -15.000014716.0459   17.0468
    0.0000   -7.5000  -15.000015435.0420   17.0698
    7.5000   -7.5000  -15.000014748.8516   17.1108
   -7.5000    0.0000  -15.000015647.2598   17.0506
    0.0000    0.0000  -15.000016401.3848   17.0757
    7.5000    0.0000  -15.000015665.8154   17.1138
   -7.5000    7.5000  -15.000015368.1230   17.0449
    0.0000    7.5000  -15.000016133.1514   17.0701
    7.5000    7.5000  -15.000015405.0977   17.1061
   -7.5000   15.0000  -15.000015032.0049   17.0358
    0.0000   15.0000  -15.000015744.1416   17.0569
    7.5000   15.0000  -15.000014983.5312   17.0934
   -7.5000   22.5000  -15.000014464.4551   17.0280
    0.0000   22.5000  -15.000015162.9473   17.0481
    7.5000   22.5000  -15.000014390.6885   17.0856
   -7.5000   30.0000  -15.000013761.0967   16.8182
    0.0000   30.0000  -15.000014409.8594   16.8402
    7.5000   30.0000  -15.000013660.5928   16.8795
   -7.5000   37.5000  -15.000013420.7725   16.8256
    0.0000   37.5000  -15.000014018.4404   16.8483
    7.5000   37.5000  -15.000013280.7207   16.8888
   -7.5000   45.0000  -15.000012485.4854   16.4305
    0.0000   45.0000  -15.000013040.2939   16.4547
    7.5000   45.0000  -15.000012360.2598   16.4914
   -7.5000  -45.0000   -7.5000 9664.0391   17.6927
    0.0000  -45.0000   -7.500010122.9893   17.7110
    7.5000  -45.0000   -7.5000 9656.6758   17.7436
   -7.5000  -37.5000   -7.500010541.8613   17.4139
    0.0000  -37.5000   -7.500011058.2256   17.4352
    7.5000  -37.5000   -7.500010532.7939   17.4672
   -7.5000  -30.0000   -7.500011851.9219   17.3077
    0.0000  -30.0000   -7.500012415.2773   17.3261
    7.5000  -30.0000   -7.500011850.1367   17.3593
   -7.5000  -22.5000   -7.500013130.7344   17.2564
    0.0000  -22.5000   -7.500013740.9707   17.2726
    7.5000  -22.5000   -7.500013136.4736   17.3040
   -7.5000  -15.0000   -7.500014280.7529   17.2293
    0.0000  -15.0000   -7.500014949.8223   17.2446
    7.5000  -15.0000   -7.500014338.7979   17.2749
   -7.5000   -7.5000   -7.500015439.6211   17.2234
    0.0000   -7.5000   -7.500016161.0752   17.2383
    7.5000   -7.5000   -7.500015505.7500   17.2688
   -7.5000    0.0000   -7.500016554.0430   17.2299
    0.0000    0.0000   -7.500017384.6211   17.2486
    7.5000    0.0000   -7.500016619.5684   17.2789
   -7.5000    7.5000   -7.500016320.9902   17.2315
    0.0000    7.5000   -7.500017157.7285   17.2528
    7.5000    7.5000   -7.500016416.2812   17.2839
   -7.5000   15.0000   -7.500015867.9482   17.2262
    0.0000   15.0000   -7.500016644.7598   17.2442
    7.5000   15.0000   -7.500015935.7158   17.2765
   -7.5000   22.5000   -7.500015194.7832   17.2136
    0.0000   22.5000   -7.500015926.6133   17.2293
    7.5000   22.5000   -7.500015232.2246   17.2602
   -7.5000   30.0000   -7.500014418.1758   16.9965
    0.0000   30.0000   -7.500015105.4307   17.0114
    7.5000   30.0000   -7.500014405.1826   17.0412
   -7.5000   37.5000   -7.500014047.9932   16.9994
    0.0000   37.5000   -7.500014664.4102   17.0141
    7.5000   37.5000   -7.500013948.4980   17.0443
   -7.5000   45.0000   -7.500013093.5977   16.6064
    0.0000   45.0000   -7.500013660.3057   16.6244
    7.5000   45.0000   -7.500012956.9482   16.6536
   -7.5000  -45.0000    0.000010057.6963   17.7688
    0.0000  -45.0000    0.000010524.7539   17.7905
    7.5000  -45.0000    0.000010006.1143   17.8063
   -7.5000  -37.5000    0.000010978.4463   17.4935
    0.0000  -37.5000    0.000011463.5615   17.5152
    7.5000  -37.5000    0.000010962.1719   17.5309
   -7.5000  -30.0000    0.000012307.5654   17.3882
    0.0000  -30.0000    0.000012860.6367   17.4060
    7.5000  -30.0000    0.000012329.8389   17.4228
   -7.5000  -22.5000    0.000013586.2598   17.3341
    0.0000  -22.5000    0.000014229.9443   17.3518
    7.5000  -22.5000    0.000013643.2305   17.3672
   -7.5000  -15.0000    0.000014741.3516   17.3026
    0.0000  -15.0000    0.000015442.8184   17.3215
    7.5000  -15.0000    0.000014846.3447   17.3357
   -7.5000   -7.5000    0.000015899.8984   17.2950
    0.0000   -7.5000    0.000016665.5059   17.3141
    7.5000   -7.5000    0.000016078.8086   17.3285
   -7.5000    0.0000    0.000017105.1797   17.3039
    0.0000    0.0000    0.000018144.5645   17.3257
    7.5000    0.0000    0.000017269.2207   17.3401
   -7.5000    7.5000    0.000016980.8984   17.3096
    0.0000    7.5000    0.000017943.7871   17.3311
    7.5000    7.5000    0.000017035.8105   17.3462
   -7.5000   15.0000    0.000016561.1621   17.3058
    0.0000   15.0000    0.000017296.3125   17.3232
    7.5000   15.0000    0.000016522.7754   17.3393
   -7.5000   22.5000    0.000015868.7324   17.2907
    0.0000   22.5000    0.000016473.0859   17.3078
    7.5000   22.5000    0.000015751.0293   17.3228
   -7.5000   30.0000    0.000015031.1484   17.0692
    0.0000   30.0000    0.000015570.7422   17.0875
    7.5000   30.0000    0.000014869.3350   17.1015
   -7.5000   37.5000    0.000014609.5215   17.0705
    0.0000   37.5000    0.000015084.5361   17.0894
    7.5000   37.5000    0.000014399.0352   17.1036
   -7.5000   45.0000    0.000013580.0117   16.6790
    0.0000   45.0000    0.000014055.0244   16.7000
    7.5000   45.0000    0.000013375.2695   16.7138
   -7.5000  -45.0000    7.5000 9614.1416   17.8490
    0.0000  -45.0000    7.500010074.2754   17.8807
    7.5000  -45.0000    7.5000 9575.3711   17.8901
   -7.5000  -37.5000    7.500010500.3789   17.5681
    0.0000  -37.5000    7.500010997.5850   17.5941
    7.5000  -37.5000    7.500010473.7002   17.6004
   -7.5000  -30.0000    7.500011757.6367   17.4596
    0.0000  -30.0000    7.500012334.8711   17.4803
    7.5000  -30.0000    7.500011788.1025   17.4867
   -7.5000  -22.5000    7.500012986.4609   17.4069
    0.0000  -22.5000    7.500013609.2314   17.4310
    7.5000  -22.5000    7.500013031.9365   17.4382
   -7.5000  -15.0000    7.500014095.4570   17.3790
    0.0000  -15.0000    7.500014754.5039   17.4091
    7.5000  -15.0000    7.500014190.6768   17.4180
   -7.5000   -7.5000    7.500015218.7041   17.3744
    0.0000   -7.5000    7.500015983.8135   17.4066
    7.5000   -7.5000    7.500015395.6104   17.4168
   -7.5000    0.0000    7.500016393.1484   17.3825
    0.0000    0.0000    7.500017273.2715   17.4139
    7.5000    0.0000    7.500016500.0371   17.4221
   -7.5000    7.5000    7.500016285.3076   17.3836
    0.0000    7.5000    7.500017027.3594   17.4094
    7.5000    7.5000    7.500016248.3428   17.4152
   -7.5000   15.0000    7.500015971.8066   17.3769
    0.0000   15.0000    7.500016568.1230   17.3971
    7.5000   15.0000    7.500015797.7988   17.4029
   -7.5000   22.5000    7.500015358.8848   17.3633
    0.0000   22.5000    7.500015930.5879   17.3868
    7.5000   22.5000    7.500015133.8965   17.3935
   -7.5000   30.0000    7.500014470.1104   17.1445
    0.0000   30.0000    7.500015033.4082   17.1739
    7.5000   30.0000    7.500014268.8701   17.1825
   -7.5000   37.5000    7.500013980.6016   17.1489
    0.0000   37.5000    7.500014535.3936   17.1806
    7.5000   37.5000    7.500013808.2529   17.1907
   -7.5000   45.0000    7.500012946.8555   16.7547
    0.0000   45.0000    7.500013458.6260   16.7850
    7.5000   45.0000    7.500012798.7686   16.7929
   -7.5000  -45.0000   15.0000 9041.4541   17.9322
    0.0000  -45.0000   15.0000 9485.8496   17.9723
    7.5000  -45.0000   15.0000 9030.7051   17.9918
   -7.5000  -37.5000   15.0000 9909.5303   17.6425
    0.0000  -37.5000   15.000010374.9268   17.6731
    7.5000  -37.5000   15.0000 9885.9961   17.6847
   -7.5000  -30.0000   15.000011106.9170   17.5308
    0.0000  -30.0000   15.000011639.5967   17.5542
    7.5000  -30.0000   15.000011107.3418   17.5641
   -7.5000  -22.5000   15.000012282.5000   17.4813
    0.0000  -22.5000   15.000012870.2412   17.5096
    7.5000  -22.5000   15.000012284.2324   17.5228
   -7.5000  -15.0000   15.000013413.1348   17.4598
    0.0000  -15.0000   15.000014036.7539   17.4980
    7.5000  -15.0000   15.000013424.7520   17.5171
   -7.5000   -7.5000   15.000014526.2354   17.4596
    0.0000   -7.5000   15.000015222.0332   17.5021
    7.5000   -7.5000   15.000014565.4980   17.5241
   -7.5000    0.0000   15.000015557.5947   17.4645
    0.0000    0.0000   15.000016275.1768   17.5043
    7.5000    0.0000   15.000015556.7383   17.5218
   -7.5000    7.5000   15.000015353.1221   17.4580
    0.0000    7.5000   15.000015976.5957   17.4885
    7.5000    7.5000   15.000015320.0977   17.4995
   -7.5000   15.0000   15.000015016.7939   17.4481
    0.0000   15.0000   15.000015612.5928   17.4711
    7.5000   15.0000   15.000014974.2451   17.4803
   -7.5000   22.5000   15.000014451.9521   17.4377
    0.0000   22.5000   15.000015045.9473   17.4654
    7.5000   22.5000   15.000014416.4756   17.4780
   -7.5000   30.0000   15.000013664.2559   17.2242
    0.0000   30.0000   15.000014228.7891   17.2617
    7.5000   30.0000   15.000013616.0410   17.2804
   -7.5000   37.5000   15.000013255.0850   17.2330
    0.0000   37.5000   15.000013767.3096   17.2749
    7.5000   37.5000   15.000013151.4980   17.2967
   -7.5000   45.0000   15.000012244.3467   16.8338
    0.0000   45.0000   15.000012749.0088   16.8721
    7.5000   45.0000   15.000012140.8467   16.8890
   -7.5000  -45.0000   22.5000 8419.7881   17.9627
    0.0000  -45.0000   22.5000 8827.8564   17.9992
    7.5000  -45.0000   22.5000 8390.3369   18.0344
   -7.5000  -37.5000   22.5000 9243.2051   17.6713
    0.0000  -37.5000   22.5000 9670.1709   17.7014
    7.5000  -37.5000   22.5000 9197.9736   17.7282
   -7.5000  -30.0000   22.500010390.0244   17.5593
    0.0000  -30.0000   22.500010865.8320   17.5829
    7.5000  -30.0000   22.500010326.6904   17.6083
   -7.5000  -22.5000   22.500011522.8701   17.5111
    0.0000  -22.5000   22.500012068.7236   17.5377
    7.5000  -22.5000   22.500011466.1328   17.5665
   -7.5000  -15.0000   22.500012587.3301   17.4925
    0.0000  -15.0000   22.500013205.5625   17.5270
    7.5000  -15.0000   22.500012600.3721   17.5619
   -7.5000   -7.5000   22.500013586.6768   17.4936
    0.0000   -7.5000   22.500014244.7246   17.5316
    7.5000   -7.5000   22.500013654.1602   17.5692
   -7.5000    0.0000   22.500014470.0723   17.4972
    0.0000    0.0000   22.500015094.6025   17.5335
    7.5000    0.0000   22.500014505.9785   17.5660
   -7.5000    7.5000   22.500014243.6865   17.4879
    0.0000    7.5000   22.500014796.3945   17.5180
    7.5000    7.5000   22.500014274.2256   17.5440
   -7.5000   15.0000   22.500013940.8818   17.4768
    0.0000   15.0000   22.500014488.7627   17.5000
    7.5000   15.0000   22.500013962.3936   17.5247
   -7.5000   22.5000   22.500013453.4814   17.4676
    0.0000   22.5000   22.500013989.7158   17.4936
    7.5000   22.5000   22.500013456.3486   17.5219
   -7.5000   30.0000   22.500012759.2861   17.2565
    0.0000   30.0000   22.500013279.3467   17.2903
    7.5000   30.0000   22.500012748.5518   17.3246
   -7.5000   37.5000   22.500012379.5186   17.2666
    0.0000   37.5000   22.500012869.7314   17.3040
    7.5000   37.5000   22.500012326.9297   17.3412
   -7.5000   45.0000   22.500011445.6768   16.8652
    0.0000   45.0000   22.500011928.5049   16.9003
    7.5000   45.0000   22.500011383.6465   16.9316
   -7.5000  -45.0000   30.0000 7750.0405   18.1001
    0.0000  -45.0000   30.0000 8105.2310   18.1248
    7.5000  -45.0000   30.0000 7706.5483   18.1683
   -7.5000  -37.5000   30.0000 8500.3730   17.8094
    0.0000  -37.5000   30.0000 8906.1934   17.8346
    7.5000  -37.5000   30.0000 8460.9971   17.8737
   -7.5000  -30.0000   30.0000 9564.9375   17.6983
    0.0000  -30.0000   30.000010027.4229   17.7195
    7.5000  -30.0000   30.0000 9512.1777   17.7589
   -7.5000  -22.5000   30.000010596.9111   17.6488
    0.0000  -22.5000   30.000011126.3008   17.6689
    7.5000  -22.5000   30.000010576.4219   17.7090
   -7.5000  -15.0000   30.000011542.9863   17.6276
    0.0000  -15.0000   30.000012150.5156   17.6499
    7.5000  -15.0000   30.000011592.8369   17.6920
   -7.5000   -7.5000   30.000012480.2773   17.6263
    0.0000   -7.5000   30.000013100.9277   17.6492
    7.5000   -7.5000   30.000012531.1943   17.6925
   -7.5000    0.0000   30.000013284.3066   17.6303
    0.0000    0.0000   30.000013871.3955   17.6554
    7.5000    0.0000   30.000013310.0986   17.6957
   -7.5000    7.5000   30.000013051.2500   17.6242
    0.0000    7.5000   30.000013603.0947   17.6494
    7.5000    7.5000   30.000013108.3242   17.6874
   -7.5000   15.0000   30.000012762.1660   17.6146
    0.0000   15.0000   30.000013286.9863   17.6353
    7.5000   15.0000   30.000012819.8145   17.6738
   -7.5000   22.5000   30.000012347.2246   17.6046
    0.0000   22.5000   30.000012843.7744   17.6243
    7.5000   22.5000   30.000012369.8457   17.6638
   -7.5000   30.0000   30.000011745.0254   17.3897
    0.0000   30.0000   30.000012214.4639   17.4115
    7.5000   30.0000   30.000011733.7676   17.4529
   -7.5000   37.5000   30.000011386.3730   17.3975
    0.0000   37.5000   30.000011850.6074   17.4201
    7.5000   37.5000   30.000011365.3184   17.4629
   -7.5000   45.0000   30.000010537.7080   16.9936
    0.0000   45.0000   30.000010999.0781   17.0178
    7.5000   45.0000   30.000010531.2510   17.0566
   -7.5000  -45.0000   37.5000 7324.0601   18.4632
    0.0000  -45.0000   37.5000 7668.9893   18.4806
    7.5000  -45.0000   37.5000 7316.8096   18.5141
   -7.5000  -37.5000   37.5000 8038.5347   18.1728
    0.0000  -37.5000   37.5000 8437.2510   18.1937
    7.5000  -37.5000   37.5000 8022.9048   18.2265
   -7.5000  -30.0000   37.5000 9081.8057   18.0624
    0.0000  -30.0000   37.5000 9532.6064   18.0806
    7.5000  -30.0000   37.5000 9028.0225   18.1148
   -7.5000  -22.5000   37.500010098.5811   18.0072
    0.0000  -22.5000   37.500010608.3730   18.0233
    7.5000  -22.5000   37.500010055.5186   18.0557
   -7.5000  -15.0000   37.500010984.8477   17.9775
    0.0000  -15.0000   37.500011568.7539   17.9927
    7.5000  -15.0000   37.500011025.2178   18.0240
   -7.5000   -7.5000   37.500011851.4922   17.9716
    0.0000   -7.5000   37.500012449.0107   17.9858
    7.5000   -7.5000   37.500011896.8506   18.0172
   -7.5000    0.0000   37.500012627.3525   17.9795
    0.0000    0.0000   37.500013214.4854   17.9974
    7.5000    0.0000   37.500012666.3760   18.0283
   -7.5000    7.5000   37.500012408.9023   17.9814
    0.0000    7.5000   37.500012984.0010   18.0022
    7.5000    7.5000   37.500012477.0928   18.0339
   -7.5000   15.0000   37.500012129.1201   17.9750
    0.0000   15.0000   37.500012676.9434   17.9927
    7.5000   15.0000   37.500012209.6875   18.0259
   -7.5000   22.5000   37.500011750.9160   17.9610
    0.0000   22.5000   37.500012251.3525   17.9766
    7.5000   22.5000   37.500011783.7207   18.0085
   -7.5000   30.0000   37.500011179.7832   17.7346
    0.0000   30.0000   37.500011653.6172   17.7494
    7.5000   30.0000   37.500011188.0898   17.7801
   -7.5000   37.5000   37.500010853.6475   17.7384
    0.0000   37.5000   37.500011333.5322   17.7524
    7.5000   37.5000   37.500010855.8428   17.7833
   -7.5000   45.0000   37.500010073.2754   17.3302
    0.0000   45.0000   37.500010527.6191   17.3475
    7.5000   45.0000   37.500010064.2041   17.3772
   -7.5000  -45.0000   45.0000 6638.6987   18.9989
    0.0000  -45.0000   45.0000 6930.8379   19.0200
    7.5000  -45.0000   45.0000 6642.9399   19.0332
   -7.5000  -37.5000   45.0000 7296.1484   18.6970
    0.0000  -37.5000   45.0000 7645.7588   18.7186
    7.5000  -37.5000   45.0000 7287.5034   18.7329
   -7.5000  -30.0000   45.0000 8260.2305   18.5812
    0.0000  -30.0000   45.0000 8664.4082   18.5998
    7.5000  -30.0000   45.0000 8212.8164   18.6160
   -7.5000  -22.5000   45.0000 9171.9121   18.5215
    0.0000  -22.5000   45.0000 9646.2461   18.5405
    7.5000  -22.5000   45.0000 9143.9502   18.5546
   -7.5000  -15.0000   45.000010007.8076   18.4880
    0.0000  -15.0000   45.000010547.0127   18.5081
    7.5000  -15.0000   45.000010045.1074   18.5198
   -7.5000   -7.5000   45.000010789.3447   18.4817
    0.0000   -7.5000   45.000011348.5645   18.5008
    7.5000   -7.5000   45.000010837.2324   18.5120
   -7.5000    0.0000   45.000011480.6855   18.4922
    0.0000    0.0000   45.000012045.0977   18.5134
    7.5000    0.0000   45.000011531.4238   18.5248
   -7.5000    7.5000   45.000011296.5762   18.4958
    0.0000    7.5000   45.000011852.6484   18.5172
    7.5000    7.5000   45.000011364.9932   18.5307
   -7.5000   15.0000   45.000011033.2842   18.4886
    0.0000   15.0000   45.000011560.3271   18.5065
    7.5000   15.0000   45.000011108.0518   18.5219
   -7.5000   22.5000   45.000010695.2275   18.4722
    0.0000   22.5000   45.000011184.5127   18.4906
    7.5000   22.5000   45.000010744.6113   18.5042
   -7.5000   30.0000   45.000010187.0635   18.2362
    0.0000   30.0000   45.000010654.0869   18.2557
    7.5000   30.0000   45.000010213.7412   18.2671
   -7.5000   37.5000   45.0000 9911.0547   18.2403
    0.0000   37.5000   45.000010370.5518   18.2590
    7.5000   37.5000   45.0000 9897.7627   18.2701
   -7.5000   45.0000   45.0000 9203.7627   17.8324
    0.0000   45.0000   45.0000 9636.0977   17.8528
    7.5000   45.0000   45.0000 9187.0488   17.8639

---------------------------------------------------------------------
imgreg_4dfp /opt/freesurfer/average/711-2C_as_mni_average_305 /opt/freesurfer/average/711-2B_as_mni_average_305_mask talsrcimg_g11 none talsrcimg_to_711-2C_as_mni_average_305_t4 4355
---------------------------------------------------------------------

freesurfer imgreg_4dfp.c
/opt/freesurfer/average/711-2C_as_mni_average_305.4dfp.img
       256       256       256         1
  1.000000  1.000000  1.000000
orientation T byte_order littleendian
Reading image: /opt/freesurfer/average/711-2C_as_mni_average_305.4dfp.img
dimensions:      256       256       256
mmppix:       1.0000   -1.0000   -1.0000
center:     128.0000 -129.0000 -129.0000
/opt/freesurfer/average/711-2B_as_mni_average_305_mask.4dfp.img
       256       256       256         1
  1.000000  1.000000  1.000000
orientation T byte_order littleendian
Reading mask: /opt/freesurfer/average/711-2B_as_mni_average_305_mask.4dfp.img (2306576 pixels)
talsrcimg_g11.4dfp.img
       256       256       256         1
  1.000000  1.000000  1.000000
orientation T byte_order littleendian
Reading image: talsrcimg_g11.4dfp.img
dimensions:      256       256       256
mmppix:       1.0000   -1.0000   -1.0000
center:     128.0000 -129.0000 -129.0000
rotation matrix determinant  1.000000
image alignment mode   4355 decimal     1103 hex
   -7.5000  -45.0000  -45.0000 1969.6808   21.0163
    0.0000  -45.0000  -45.0000 1974.7842   20.9740
    7.5000  -45.0000  -45.0000 1960.5430   21.1981
   -7.5000  -37.5000  -45.0000 2098.0969   18.6958
    0.0000  -37.5000  -45.0000 2104.4712   18.6518
    7.5000  -37.5000  -45.0000 2078.9512   18.7665
   -7.5000  -30.0000  -45.0000 2219.5510   16.8858
    0.0000  -30.0000  -45.0000 2223.8821   16.8379
    7.5000  -30.0000  -45.0000 2196.3958   16.9753
   -7.5000  -22.5000  -45.0000 2317.3340   15.4695
    0.0000  -22.5000  -45.0000 2322.4409   15.3893
    7.5000  -22.5000  -45.0000 2296.5168   15.5277
   -7.5000  -15.0000  -45.0000 2380.3025   14.3961
    0.0000  -15.0000  -45.0000 2383.8342   14.3134
    7.5000  -15.0000  -45.0000 2363.1677   14.4299
   -7.5000   -7.5000  -45.0000 2421.0386   13.6709
    0.0000   -7.5000  -45.0000 2426.3167   13.5746
    7.5000   -7.5000  -45.0000 2409.3799   13.7023
   -7.5000    0.0000  -45.0000 2446.3413   13.2620
    0.0000    0.0000  -45.0000 2455.2925   13.1246
    7.5000    0.0000  -45.0000 2437.1877   13.2526
   -7.5000    7.5000  -45.0000 2450.8599   13.1142
    0.0000    7.5000  -45.0000 2461.3687   12.9841
    7.5000    7.5000  -45.0000 2445.0754   13.0910
   -7.5000   15.0000  -45.0000 2434.6643   13.2064
    0.0000   15.0000  -45.0000 2454.8096   13.0771
    7.5000   15.0000  -45.0000 2439.9688   13.1985
   -7.5000   22.5000  -45.0000 2409.5149   13.4993
    0.0000   22.5000  -45.0000 2431.2808   13.3661
    7.5000   22.5000  -45.0000 2416.3721   13.4968
   -7.5000   30.0000  -45.0000 2366.7808   14.0509
    0.0000   30.0000  -45.0000 2390.6313   13.8948
    7.5000   30.0000  -45.0000 2375.8193   14.0194
   -7.5000   37.5000  -45.0000 2305.2900   14.9038
    0.0000   37.5000  -45.0000 2325.4263   14.7277
    7.5000   37.5000  -45.0000 2316.5132   14.8438
   -7.5000   45.0000  -45.0000 2222.3796   16.1362
    0.0000   45.0000  -45.0000 2239.7490   15.9855
    7.5000   45.0000  -45.0000 2224.4209   16.0970
   -7.5000  -45.0000  -37.5000 2023.1578   19.8985
    0.0000  -45.0000  -37.5000 2032.3859   19.8635
    7.5000  -45.0000  -37.5000 2012.4452   20.0507
   -7.5000  -37.5000  -37.5000 2161.0955   17.6578
    0.0000  -37.5000  -37.5000 2170.1250   17.6255
    7.5000  -37.5000  -37.5000 2142.2520   17.7341
   -7.5000  -30.0000  -37.5000 2289.9414   15.9199
    0.0000  -30.0000  -37.5000 2293.3982   15.8402
    7.5000  -30.0000  -37.5000 2261.7502   15.9532
   -7.5000  -22.5000  -37.5000 2386.2314   14.5310
    0.0000  -22.5000  -37.5000 2389.3645   14.4310
    7.5000  -22.5000  -37.5000 2360.9849   14.5698
   -7.5000  -15.0000  -37.5000 2451.8481   13.4990
    0.0000  -15.0000  -37.5000 2458.6448   13.4088
    7.5000  -15.0000  -37.5000 2434.1016   13.5229
   -7.5000   -7.5000  -37.5000 2500.6257   12.7767
    0.0000   -7.5000  -37.5000 2511.8992   12.6781
    7.5000   -7.5000  -37.5000 2489.4500   12.8254
   -7.5000    0.0000  -37.5000 2536.7637   12.3703
    0.0000    0.0000  -37.5000 2547.2117   12.2357
    7.5000    0.0000  -37.5000 2527.3472   12.3800
   -7.5000    7.5000  -37.5000 2548.7278   12.2239
    0.0000    7.5000  -37.5000 2561.3093   12.0938
    7.5000    7.5000  -37.5000 2543.8560   12.2317
   -7.5000   15.0000  -37.5000 2537.8601   12.3219
    0.0000   15.0000  -37.5000 2555.2610   12.1699
    7.5000   15.0000  -37.5000 2539.7405   12.3028
   -7.5000   22.5000  -37.5000 2509.1641   12.6226
    0.0000   22.5000  -37.5000 2528.2495   12.4496
    7.5000   22.5000  -37.5000 2511.7253   12.5715
   -7.5000   30.0000  -37.5000 2461.6755   13.1359
    0.0000   30.0000  -37.5000 2483.3140   12.9485
    7.5000   30.0000  -37.5000 2466.2556   13.0752
   -7.5000   37.5000  -37.5000 2390.9319   13.8881
    0.0000   37.5000  -37.5000 2417.5715   13.7301
    7.5000   37.5000  -37.5000 2403.1143   13.8449
   -7.5000   45.0000  -37.5000 2302.4380   15.0218
    0.0000   45.0000  -37.5000 2321.9058   14.8825
    7.5000   45.0000  -37.5000 2308.3828   14.9961
   -7.5000  -45.0000  -30.0000 2108.6658   19.5299
    0.0000  -45.0000  -30.0000 2116.6802   19.4953
    7.5000  -45.0000  -30.0000 2097.5605   19.7344
   -7.5000  -37.5000  -30.0000 2257.7278   17.3297
    0.0000  -37.5000  -30.0000 2262.4412   17.2445
    7.5000  -37.5000  -30.0000 2233.3970   17.4405
   -7.5000  -30.0000  -30.0000 2386.6328   15.5531
    0.0000  -30.0000  -30.0000 2392.0300   15.4693
    7.5000  -30.0000  -30.0000 2357.9048   15.6389
   -7.5000  -22.5000  -30.0000 2487.5417   14.1422
    0.0000  -22.5000  -30.0000 2491.5200   14.0646
    7.5000  -22.5000  -30.0000 2464.7417   14.2238
   -7.5000  -15.0000  -30.0000 2563.4109   13.1168
    0.0000  -15.0000  -30.0000 2572.9641   13.0405
    7.5000  -15.0000  -30.0000 2548.5642   13.1867
   -7.5000   -7.5000  -30.0000 2621.1050   12.3926
    0.0000   -7.5000  -30.0000 2634.3433   12.3101
    7.5000   -7.5000  -30.0000 2615.6562   12.4470
   -7.5000    0.0000  -30.0000 2668.0413   11.9503
    0.0000    0.0000  -30.0000 2682.7671   11.8452
    7.5000    0.0000  -30.0000 2662.1682   11.9958
   -7.5000    7.5000  -30.0000 2690.0637   11.7746
    0.0000    7.5000  -30.0000 2707.1133   11.6579
    7.5000    7.5000  -30.0000 2684.2539   11.7937
   -7.5000   15.0000  -30.0000 2684.1614   11.8759
    0.0000   15.0000  -30.0000 2703.4731   11.7355
    7.5000   15.0000  -30.0000 2682.9373   11.8677
   -7.5000   22.5000  -30.0000 2661.8445   12.1826
    0.0000   22.5000  -30.0000 2679.3450   12.0223
    7.5000   22.5000  -30.0000 2656.9314   12.1672
   -7.5000   30.0000  -30.0000 2603.7197   12.6714
    0.0000   30.0000  -30.0000 2626.7000   12.4982
    7.5000   30.0000  -30.0000 2607.1404   12.6425
   -7.5000   37.5000  -30.0000 2524.0149   13.4185
    0.0000   37.5000  -30.0000 2550.1770   13.2454
    7.5000   37.5000  -30.0000 2534.4324   13.4020
   -7.5000   45.0000  -30.0000 2424.9670   14.5042
    0.0000   45.0000  -30.0000 2442.2178   14.3556
    7.5000   45.0000  -30.0000 2430.3923   14.5190
   -7.5000  -45.0000  -22.5000 2174.4207   19.0713
    0.0000  -45.0000  -22.5000 2177.4729   19.0321
    7.5000  -45.0000  -22.5000 2149.7881   19.3740
   -7.5000  -37.5000  -22.5000 2324.5522   16.8965
    0.0000  -37.5000  -22.5000 2325.6309   16.8207
    7.5000  -37.5000  -22.5000 2287.7954   17.0725
   -7.5000  -30.0000  -22.5000 2446.0869   15.0968
    0.0000  -30.0000  -22.5000 2454.8218   15.0286
    7.5000  -30.0000  -22.5000 2419.8953   15.2568
   -7.5000  -22.5000  -22.5000 2553.0713   13.7149
    0.0000  -22.5000  -22.5000 2561.7634   13.6168
    7.5000  -22.5000  -22.5000 2533.2678   13.8467
   -7.5000  -15.0000  -22.5000 2640.9329   12.6719
    0.0000  -15.0000  -22.5000 2656.5364   12.5947
    7.5000  -15.0000  -22.5000 2630.7244   12.7969
   -7.5000   -7.5000  -22.5000 2712.6089   11.9252
    0.0000   -7.5000  -22.5000 2728.8530   11.8325
    7.5000   -7.5000  -22.5000 2713.1816   12.0226
   -7.5000    0.0000  -22.5000 2765.8928   11.4693
    0.0000    0.0000  -22.5000 2786.1978   11.3708
    7.5000    0.0000  -22.5000 2765.0081   11.5472
   -7.5000    7.5000  -22.5000 2803.2410   11.2410
    0.0000    7.5000  -22.5000 2825.7214   11.1233
    7.5000    7.5000  -22.5000 2796.2224   11.3081
   -7.5000   15.0000  -22.5000 2805.0342   11.3253
    0.0000   15.0000  -22.5000 2828.1992   11.2008
    7.5000   15.0000  -22.5000 2799.1729   11.3679
   -7.5000   22.5000  -22.5000 2772.2644   11.6337
    0.0000   22.5000  -22.5000 2803.6140   11.4894
    7.5000   22.5000  -22.5000 2780.0964   11.6563
   -7.5000   30.0000  -22.5000 2711.9082   12.1172
    0.0000   30.0000  -22.5000 2740.9082   11.9582
    7.5000   30.0000  -22.5000 2726.1387   12.1266
   -7.5000   37.5000  -22.5000 2627.0251   12.8320
    0.0000   37.5000  -22.5000 2652.3936   12.6655
    7.5000   37.5000  -22.5000 2640.4958   12.8680
   -7.5000   45.0000  -22.5000 2520.9766   13.9400
    0.0000   45.0000  -22.5000 2540.1033   13.7523
    7.5000   45.0000  -22.5000 2526.2603   13.9560
   -7.5000  -45.0000  -15.0000 2203.2444   18.7299
    0.0000  -45.0000  -15.0000 2208.8994   18.7154
    7.5000  -45.0000  -15.0000 2182.3162   19.0801
   -7.5000  -37.5000  -15.0000 2347.3376   16.5014
    0.0000  -37.5000  -15.0000 2351.7625   16.4461
    7.5000  -37.5000  -15.0000 2318.2749   16.7465
   -7.5000  -30.0000  -15.0000 2470.1226   14.7311
    0.0000  -30.0000  -15.0000 2478.7549   14.6439
    7.5000  -30.0000  -15.0000 2443.5618   14.9162
   -7.5000  -22.5000  -15.0000 2586.6094   13.3327
    0.0000  -22.5000  -15.0000 2595.2761   13.2214
    7.5000  -22.5000  -15.0000 2565.0581   13.5012
   -7.5000  -15.0000  -15.0000 2681.9631   12.2592
    0.0000  -15.0000  -15.0000 2699.3384   12.1633
    7.5000  -15.0000  -15.0000 2673.2346   12.4268
   -7.5000   -7.5000  -15.0000 2769.6375   11.4847
    0.0000   -7.5000  -15.0000 2792.6470   11.4067
    7.5000   -7.5000  -15.0000 2769.7856   11.6412
   -7.5000    0.0000  -15.0000 2833.7583   11.0445
    0.0000    0.0000  -15.0000 2864.1545   10.9440
    7.5000    0.0000  -15.0000 2838.9421   11.1463
   -7.5000    7.5000  -15.0000 2882.5200   10.7832
    0.0000    7.5000  -15.0000 2919.8425   10.6734
    7.5000    7.5000  -15.0000 2883.6428   10.9122
   -7.5000   15.0000  -15.0000 2894.4573   10.8311
    0.0000   15.0000  -15.0000 2923.5933   10.7226
    7.5000   15.0000  -15.0000 2889.5383   10.9523
   -7.5000   22.5000  -15.0000 2853.8599   11.1180
    0.0000   22.5000  -15.0000 2889.9661   10.9790
    7.5000   22.5000  -15.0000 2867.5571   11.1946
   -7.5000   30.0000  -15.0000 2785.9526   11.5924
    0.0000   30.0000  -15.0000 2819.6880   11.4289
    7.5000   30.0000  -15.0000 2805.2681   11.6506
   -7.5000   37.5000  -15.0000 2693.0112   12.3218
    0.0000   37.5000  -15.0000 2720.7568   12.1435
    7.5000   37.5000  -15.0000 2705.5667   12.3903
   -7.5000   45.0000  -15.0000 2573.3938   13.4131
    0.0000   45.0000  -15.0000 2597.8252   13.2162
    7.5000   45.0000  -15.0000 2583.8242   13.4677
   -7.5000  -45.0000   -7.5000 2210.6355   18.5941
    0.0000  -45.0000   -7.5000 2216.6348   18.5519
    7.5000  -45.0000   -7.5000 2189.7412   18.9773
   -7.5000  -37.5000   -7.5000 2346.5134   16.2657
    0.0000  -37.5000   -7.5000 2352.8647   16.2125
    7.5000  -37.5000   -7.5000 2322.0056   16.5939
   -7.5000  -30.0000   -7.5000 2471.2861   14.4771
    0.0000  -30.0000   -7.5000 2478.9487   14.3674
    7.5000  -30.0000   -7.5000 2445.3711   14.7322
   -7.5000  -22.5000   -7.5000 2589.2502   13.0573
    0.0000  -22.5000   -7.5000 2601.0815   12.9198
    7.5000  -22.5000   -7.5000 2569.3838   13.2558
   -7.5000  -15.0000   -7.5000 2694.4912   11.9592
    0.0000  -15.0000   -7.5000 2713.3467   11.8335
    7.5000  -15.0000   -7.5000 2684.4358   12.1530
   -7.5000   -7.5000   -7.5000 2799.5090   11.1920
    0.0000   -7.5000   -7.5000 2823.8628   11.0673
    7.5000   -7.5000   -7.5000 2795.8723   11.3334
   -7.5000    0.0000   -7.5000 2883.3694   10.7371
    0.0000    0.0000   -7.5000 2918.1917   10.6229
    7.5000    0.0000   -7.5000 2885.3328   10.8507
   -7.5000    7.5000   -7.5000 2949.6558   10.4925
    0.0000    7.5000   -7.5000 2995.4290   10.3738
    7.5000    7.5000   -7.5000 2945.6184   10.6091
   -7.5000   15.0000   -7.5000 2958.2485   10.4763
    0.0000   15.0000   -7.5000 3006.5347   10.3439
    7.5000   15.0000   -7.5000 2954.9924   10.6469
   -7.5000   22.5000   -7.5000 2905.1663   10.7344
    0.0000   22.5000   -7.5000 2949.0547   10.6204
    7.5000   22.5000   -7.5000 2919.3962   10.8737
   -7.5000   30.0000   -7.5000 2827.1765   11.2080
    0.0000   30.0000   -7.5000 2867.0515   11.0645
    7.5000   30.0000   -7.5000 2846.3613   11.2836
   -7.5000   37.5000   -7.5000 2727.6611   11.9398
    0.0000   37.5000   -7.5000 2755.3489   11.7660
    7.5000   37.5000   -7.5000 2740.7415   11.9948
   -7.5000   45.0000   -7.5000 2604.5322   13.0508
    0.0000   45.0000   -7.5000 2625.6624   12.8479
    7.5000   45.0000   -7.5000 2612.4390   13.0855
   -7.5000  -45.0000    0.0000 2207.2234   18.7265
    0.0000  -45.0000    0.0000 2212.3774   18.6735
    7.5000  -45.0000    0.0000 2176.8003   19.1020
   -7.5000  -37.5000    0.0000 2339.9009   16.3451
    0.0000  -37.5000    0.0000 2338.2939   16.2451
    7.5000  -37.5000    0.0000 2306.9934   16.6675
   -7.5000  -30.0000    0.0000 2454.7290   14.4818
    0.0000  -30.0000    0.0000 2460.3916   14.3376
    7.5000  -30.0000    0.0000 2431.4465   14.7678
   -7.5000  -22.5000    0.0000 2571.1279   13.0153
    0.0000  -22.5000    0.0000 2586.0090   12.8433
    7.5000  -22.5000    0.0000 2558.2219   13.2395
   -7.5000  -15.0000    0.0000 2685.8247   11.8778
    0.0000  -15.0000    0.0000 2705.9546   11.7188
    7.5000  -15.0000    0.0000 2678.6953   12.0741
   -7.5000   -7.5000    0.0000 2798.2368   11.0743
    0.0000   -7.5000    0.0000 2823.2771   10.9380
    7.5000   -7.5000    0.0000 2795.4031   11.2466
   -7.5000    0.0000    0.0000 2896.1555   10.6147
    0.0000    0.0000    0.0000 2929.1970   10.5022
    7.5000    0.0000    0.0000 2893.1440   10.7640
   -7.5000    7.5000    0.0000 2971.2468   10.4166
    0.0000    7.5000    0.0000 3021.1553   10.3415
    7.5000    7.5000    0.0000 2963.1873   10.5187
   -7.5000   15.0000    0.0000 2980.9204   10.4260
    0.0000   15.0000    0.0000 3034.9402   10.2849
    7.5000   15.0000    0.0000 2977.3616   10.4919
   -7.5000   22.5000    0.0000 2927.4241   10.6490
    0.0000   22.5000    0.0000 2975.6333   10.4581
    7.5000   22.5000    0.0000 2933.9397   10.6875
   -7.5000   30.0000    0.0000 2842.5190   11.0852
    0.0000   30.0000    0.0000 2880.6885   10.9044
    7.5000   30.0000    0.0000 2853.8215   11.1193
   -7.5000   37.5000    0.0000 2732.0337   11.8236
    0.0000   37.5000    0.0000 2759.6572   11.6406
    7.5000   37.5000    0.0000 2747.7112   11.8358
   -7.5000   45.0000    0.0000 2607.5640   12.8994
    0.0000   45.0000    0.0000 2629.6218   12.7210
    7.5000   45.0000    0.0000 2618.0579   12.8970
   -7.5000  -45.0000    7.5000 2189.0928   19.0820
    0.0000  -45.0000    7.5000 2192.7437   19.0278
    7.5000  -45.0000    7.5000 2154.9878   19.4551
   -7.5000  -37.5000    7.5000 2320.6294   16.5957
    0.0000  -37.5000    7.5000 2319.2966   16.4806
    7.5000  -37.5000    7.5000 2285.2637   16.9245
   -7.5000  -30.0000    7.5000 2434.8074   14.6400
    0.0000  -30.0000    7.5000 2442.4644   14.5153
    7.5000  -30.0000    7.5000 2412.8491   14.9630
   -7.5000  -22.5000    7.5000 2550.0171   13.1841
    0.0000  -22.5000    7.5000 2565.0222   12.9936
    7.5000  -22.5000    7.5000 2538.7644   13.4197
   -7.5000  -15.0000    7.5000 2659.3240   12.0429
    0.0000  -15.0000    7.5000 2686.0120   11.8549
    7.5000  -15.0000    7.5000 2659.5596   12.2463
   -7.5000   -7.5000    7.5000 2768.1812   11.2708
    0.0000   -7.5000    7.5000 2801.3848   11.0664
    7.5000   -7.5000    7.5000 2778.4766   11.4235
   -7.5000    0.0000    7.5000 2874.4319   10.8447
    0.0000    0.0000    7.5000 2904.9709   10.6789
    7.5000    0.0000    7.5000 2882.1963   10.9463
   -7.5000    7.5000    7.5000 2944.8418   10.6181
    0.0000    7.5000    7.5000 2986.3174   10.4723
    7.5000    7.5000    7.5000 2949.2632   10.6743
   -7.5000   15.0000    7.5000 2952.8291   10.6195
    0.0000   15.0000    7.5000 2992.7883   10.4299
    7.5000   15.0000    7.5000 2953.8145   10.6314
   -7.5000   22.5000    7.5000 2907.0125   10.8548
    0.0000   22.5000    7.5000 2949.2905   10.6945
    7.5000   22.5000    7.5000 2916.1836   10.8584
   -7.5000   30.0000    7.5000 2824.1492   11.2842
    0.0000   30.0000    7.5000 2858.1406   11.1756
    7.5000   30.0000    7.5000 2834.0767   11.3137
   -7.5000   37.5000    7.5000 2716.4666   11.9821
    0.0000   37.5000    7.5000 2743.4595   11.8495
    7.5000   37.5000    7.5000 2733.3438   11.9808
   -7.5000   45.0000    7.5000 2595.8052   12.9868
    0.0000   45.0000    7.5000 2615.9067   12.8346
    7.5000   45.0000    7.5000 2607.4768   12.9769
   -7.5000  -45.0000   15.0000 2151.3074   19.6450
    0.0000  -45.0000   15.0000 2156.9246   19.5185
    7.5000  -45.0000   15.0000 2123.8657   20.0020
   -7.5000  -37.5000   15.0000 2287.1855   17.0856
    0.0000  -37.5000   15.0000 2289.8721   16.9125
    7.5000  -37.5000   15.0000 2258.6636   17.3623
   -7.5000  -30.0000   15.0000 2399.0415   15.0875
    0.0000  -30.0000   15.0000 2412.5881   14.9291
    7.5000  -30.0000   15.0000 2385.8977   15.3509
   -7.5000  -22.5000   15.0000 2516.1470   13.6244
    0.0000  -22.5000   15.0000 2533.0613   13.4233
    7.5000  -22.5000   15.0000 2510.1296   13.8055
   -7.5000  -15.0000   15.0000 2627.0249   12.5061
    0.0000  -15.0000   15.0000 2649.2632   12.3124
    7.5000  -15.0000   15.0000 2633.1147   12.6392
   -7.5000   -7.5000   15.0000 2729.3567   11.7450
    0.0000   -7.5000   15.0000 2756.6311   11.5319
    7.5000   -7.5000   15.0000 2744.9011   11.8565
   -7.5000    0.0000   15.0000 2822.3906   11.2430
    0.0000    0.0000   15.0000 2848.5718   11.0678
    7.5000    0.0000   15.0000 2840.4255   11.3321
   -7.5000    7.5000   15.0000 2878.9790   10.9612
    0.0000    7.5000   15.0000 2920.0459   10.7471
    7.5000    7.5000   15.0000 2899.5830   11.0036
   -7.5000   15.0000   15.0000 2891.1711   10.9816
    0.0000   15.0000   15.0000 2929.3926   10.7479
    7.5000   15.0000   15.0000 2908.3586   11.0040
   -7.5000   22.5000   15.0000 2854.7490   11.2188
    0.0000   22.5000   15.0000 2892.3386   11.0483
    7.5000   22.5000   15.0000 2875.6367   11.2704
   -7.5000   30.0000   15.0000 2775.6980   11.6715
    0.0000   30.0000   15.0000 2808.0544   11.5426
    7.5000   30.0000   15.0000 2796.2393   11.7469
   -7.5000   37.5000   15.0000 2675.2915   12.3885
    0.0000   37.5000   15.0000 2697.3416   12.2312
    7.5000   37.5000   15.0000 2692.1609   12.4024
   -7.5000   45.0000   15.0000 2554.9727   13.3548
    0.0000   45.0000   15.0000 2579.7646   13.1783
    7.5000   45.0000   15.0000 2571.6338   13.3502
   -7.5000  -45.0000   22.5000 2101.7666   20.4612
    0.0000  -45.0000   22.5000 2111.7336   20.2835
    7.5000  -45.0000   22.5000 2089.2229   20.6706
   -7.5000  -37.5000   22.5000 2241.4771   17.8445
    0.0000  -37.5000   22.5000 2247.0737   17.6241
    7.5000  -37.5000   22.5000 2225.8103   17.9961
   -7.5000  -30.0000   22.5000 2358.4070   15.8020
    0.0000  -30.0000   22.5000 2370.4353   15.6055
    7.5000  -30.0000   22.5000 2345.3005   15.9307
   -7.5000  -22.5000   22.5000 2477.7275   14.3072
    0.0000  -22.5000   22.5000 2498.3684   14.0912
    7.5000  -22.5000   22.5000 2470.9827   14.3831
   -7.5000  -15.0000   22.5000 2588.0952   13.1524
    0.0000  -15.0000   22.5000 2615.2051   12.9504
    7.5000  -15.0000   22.5000 2596.7234   13.2538
   -7.5000   -7.5000   22.5000 2684.9165   12.3194
    0.0000   -7.5000   22.5000 2712.3855   12.1450
    7.5000   -7.5000   22.5000 2701.5591   12.4401
   -7.5000    0.0000   22.5000 2761.6038   11.7732
    0.0000    0.0000   22.5000 2786.1040   11.5569
    7.5000    0.0000   22.5000 2780.0212   11.8286
   -7.5000    7.5000   22.5000 2811.5974   11.4664
    0.0000    7.5000   22.5000 2843.1328   11.2062
    7.5000    7.5000   22.5000 2833.9067   11.4903
   -7.5000   15.0000   22.5000 2824.1885   11.4769
    0.0000   15.0000   22.5000 2854.5632   11.2319
    7.5000   15.0000   22.5000 2842.1160   11.5069
   -7.5000   22.5000   22.5000 2787.6440   11.7482
    0.0000   22.5000   22.5000 2820.3577   11.5493
    7.5000   22.5000   22.5000 2806.5393   11.7863
   -7.5000   30.0000   22.5000 2712.6958   12.2257
    0.0000   30.0000   22.5000 2744.6077   12.0608
    7.5000   30.0000   22.5000 2733.3665   12.2745
   -7.5000   37.5000   22.5000 2617.5332   12.9197
    0.0000   37.5000   22.5000 2642.6196   12.7349
    7.5000   37.5000   22.5000 2635.5730   12.9097
   -7.5000   45.0000   22.5000 2507.2158   13.8487
    0.0000   45.0000   22.5000 2531.6851   13.6726
    7.5000   45.0000   22.5000 2522.7671   13.8173
   -7.5000  -45.0000   30.0000 2047.3914   21.6177
    0.0000  -45.0000   30.0000 2053.7324   21.4343
    7.5000  -45.0000   30.0000 2033.8827   21.7196
   -7.5000  -37.5000   30.0000 2186.9604   18.8311
    0.0000  -37.5000   30.0000 2195.4824   18.6395
    7.5000  -37.5000   30.0000 2171.8142   18.9095
   -7.5000  -30.0000   30.0000 2309.4602   16.6960
    0.0000  -30.0000   30.0000 2323.9905   16.5037
    7.5000  -30.0000   30.0000 2291.0796   16.7742
   -7.5000  -22.5000   30.0000 2426.9666   15.0961
    0.0000  -22.5000   30.0000 2451.8152   14.9035
    7.5000  -22.5000   30.0000 2418.2427   15.1508
   -7.5000  -15.0000   30.0000 2531.4619   13.8874
    0.0000  -15.0000   30.0000 2563.7390   13.7208
    7.5000  -15.0000   30.0000 2536.8872   13.9925
   -7.5000   -7.5000   30.0000 2622.6130   13.0400
    0.0000   -7.5000   30.0000 2653.9539   12.8561
    7.5000   -7.5000   30.0000 2637.8020   13.1156
   -7.5000    0.0000   30.0000 2690.0393   12.4740
    0.0000    0.0000   30.0000 2719.7102   12.2228
    7.5000    0.0000   30.0000 2707.8250   12.4758
   -7.5000    7.5000   30.0000 2733.3799   12.1382
    0.0000    7.5000   30.0000 2764.4001   11.8908
    7.5000    7.5000   30.0000 2753.4392   12.1395
   -7.5000   15.0000   30.0000 2738.6147   12.1340
    0.0000   15.0000   30.0000 2764.4175   11.8954
    7.5000   15.0000   30.0000 2757.7419   12.1556
   -7.5000   22.5000   30.0000 2704.4204   12.4015
    0.0000   22.5000   30.0000 2732.5195   12.1916
    7.5000   22.5000   30.0000 2724.4067   12.4238
   -7.5000   30.0000   30.0000 2637.2861   12.8891
    0.0000   30.0000   30.0000 2666.8782   12.6852
    7.5000   30.0000   30.0000 2655.2290   12.8918
   -7.5000   37.5000   30.0000 2549.8135   13.5525
    0.0000   37.5000   30.0000 2575.7468   13.3353
    7.5000   37.5000   30.0000 2565.5876   13.5306
   -7.5000   45.0000   30.0000 2444.4985   14.4529
    0.0000   45.0000   30.0000 2471.9973   14.2568
    7.5000   45.0000   30.0000 2462.6028   14.4140
   -7.5000  -45.0000   37.5000 1979.8916   22.9879
    0.0000  -45.0000   37.5000 1987.7629   22.8443
    7.5000  -45.0000   37.5000 1969.9341   23.1257
   -7.5000  -37.5000   37.5000 2123.4258   20.0476
    0.0000  -37.5000   37.5000 2135.9924   19.8857
    7.5000  -37.5000   37.5000 2111.5427   20.0879
   -7.5000  -30.0000   37.5000 2253.8086   17.8157
    0.0000  -30.0000   37.5000 2271.6167   17.6028
    7.5000  -30.0000   37.5000 2233.8833   17.7910
   -7.5000  -22.5000   37.5000 2372.2871   16.1133
    0.0000  -22.5000   37.5000 2396.0938   15.9158
    7.5000  -22.5000   37.5000 2362.2551   16.1027
   -7.5000  -15.0000   37.5000 2469.1768   14.8594
    0.0000  -15.0000   37.5000 2500.2981   14.6801
    7.5000  -15.0000   37.5000 2473.0378   14.8804
   -7.5000   -7.5000   37.5000 2552.5952   13.9671
    0.0000   -7.5000   37.5000 2582.7712   13.7573
    7.5000   -7.5000   37.5000 2564.5061   13.9802
   -7.5000    0.0000   37.5000 2611.7712   13.3523
    0.0000    0.0000   37.5000 2644.9507   13.1345
    7.5000    0.0000   37.5000 2631.5955   13.3428
   -7.5000    7.5000   37.5000 2645.9783   13.0204
    0.0000    7.5000   37.5000 2677.6978   12.8054
    7.5000    7.5000   37.5000 2668.3025   13.0181
   -7.5000   15.0000   37.5000 2647.6794   13.0038
    0.0000   15.0000   37.5000 2673.3110   12.8000
    7.5000   15.0000   37.5000 2668.0464   13.0209
   -7.5000   22.5000   37.5000 2616.7698   13.2487
    0.0000   22.5000   37.5000 2636.3567   13.0636
    7.5000   22.5000   37.5000 2633.1047   13.2701
   -7.5000   30.0000   37.5000 2554.0994   13.7165
    0.0000   30.0000   37.5000 2579.6514   13.5278
    7.5000   30.0000   37.5000 2570.2417   13.7077
   -7.5000   37.5000   37.5000 2477.1394   14.3617
    0.0000   37.5000   37.5000 2504.0918   14.1473
    7.5000   37.5000   37.5000 2492.8081   14.3176
   -7.5000   45.0000   37.5000 2379.1875   15.2517
    0.0000   45.0000   37.5000 2402.9817   15.0503
    7.5000   45.0000   37.5000 2392.0173   15.1864
   -7.5000  -45.0000   45.0000 1906.2039   24.7904
    0.0000  -45.0000   45.0000 1911.8383   24.5970
    7.5000  -45.0000   45.0000 1900.3850   24.8802
   -7.5000  -37.5000   45.0000 2050.8594   21.6028
    0.0000  -37.5000   45.0000 2061.9578   21.4376
    7.5000  -37.5000   45.0000 2042.9899   21.6607
   -7.5000  -30.0000   45.0000 2181.4097   19.2538
    0.0000  -30.0000   45.0000 2199.0730   19.0557
    7.5000  -30.0000   45.0000 2167.6960   19.2061
   -7.5000  -22.5000   45.0000 2299.0654   17.4369
    0.0000  -22.5000   45.0000 2321.1511   17.2454
    7.5000  -22.5000   45.0000 2288.8660   17.3802
   -7.5000  -15.0000   45.0000 2391.7212   16.0759
    0.0000  -15.0000   45.0000 2418.7292   15.9289
    7.5000  -15.0000   45.0000 2397.0159   16.0863
   -7.5000   -7.5000   45.0000 2468.2603   15.1180
    0.0000   -7.5000   45.0000 2498.1709   14.9386
    7.5000   -7.5000   45.0000 2482.0376   15.1381
   -7.5000    0.0000   45.0000 2518.5613   14.4705
    0.0000    0.0000   45.0000 2549.3604   14.2866
    7.5000    0.0000   45.0000 2536.8867   14.4849
   -7.5000    7.5000   45.0000 2547.3354   14.1319
    0.0000    7.5000   45.0000 2575.9270   13.9646
    7.5000    7.5000   45.0000 2565.9521   14.1501
   -7.5000   15.0000   45.0000 2541.0945   14.0806
    0.0000   15.0000   45.0000 2566.3345   13.9352
    7.5000   15.0000   45.0000 2561.2371   14.1169
   -7.5000   22.5000   45.0000 2512.2268   14.3087
    0.0000   22.5000   45.0000 2532.9373   14.1561
    7.5000   22.5000   45.0000 2529.7971   14.3521
   -7.5000   30.0000   45.0000 2460.0864   14.7415
    0.0000   30.0000   45.0000 2484.5747   14.5815
    7.5000   30.0000   45.0000 2477.5349   14.7573
   -7.5000   37.5000   45.0000 2393.4946   15.3922
    0.0000   37.5000   45.0000 2416.7310   15.2247
    7.5000   37.5000   45.0000 2401.5818   15.3344
   -7.5000   45.0000   45.0000 2298.8601   16.3171
    0.0000   45.0000   45.0000 2321.0220   16.1380
    7.5000   45.0000   45.0000 2307.2983   16.2523

---------------------------------------------------------------------
imgreg_4dfp /opt/freesurfer/average/711-2C_as_mni_average_305 /opt/freesurfer/average/711-2B_as_mni_average_305_mask talsrcimg_g11 none talsrcimg_to_711-2C_as_mni_average_305_t4 1283
---------------------------------------------------------------------

freesurfer imgreg_4dfp.c
/opt/freesurfer/average/711-2C_as_mni_average_305.4dfp.img
       256       256       256         1
  1.000000  1.000000  1.000000
orientation T byte_order littleendian
Reading image: /opt/freesurfer/average/711-2C_as_mni_average_305.4dfp.img
dimensions:      256       256       256
mmppix:       1.0000   -1.0000   -1.0000
center:     128.0000 -129.0000 -129.0000
/opt/freesurfer/average/711-2B_as_mni_average_305_mask.4dfp.img
       256       256       256         1
  1.000000  1.000000  1.000000
orientation T byte_order littleendian
Reading mask: /opt/freesurfer/average/711-2B_as_mni_average_305_mask.4dfp.img (2306576 pixels)
talsrcimg_g11.4dfp.img
       256       256       256         1
  1.000000  1.000000  1.000000
orientation T byte_order littleendian
Reading image: talsrcimg_g11.4dfp.img
dimensions:      256       256       256
mmppix:       1.0000   -1.0000   -1.0000
center:     128.0000 -129.0000 -129.0000
rotation matrix determinant  1.000000
fimgreg.f
image alignment mode   1283 decimal      503 hex
parameters
    0.0000   15.0000    0.0000    0.0000    0.0000    0.0000
eta,q 0.95126 10.31055
niter,ni,del,rscale     5    3   12.0000    1.2000
parameter  4  1.323294 ->  0.500000 qaram    1.1500
parameter  6 26.798862 ->  0.500000 qaram    1.1500
parameters
   -0.0349   12.1929   -0.4935   -3.4500   -0.8349   -3.4500
eta,q 0.95876 10.18698
  0.0615  0.0518  0.0551  0.0468  0.0509  0.0377
  0.0558  0.0502  0.0522  0.0476  0.0493  0.0402
  0.0529  0.0496  0.0506  0.0485  0.0478  0.0443
  0.0513  0.0512  0.0494  0.0492  0.0479  0.0477
  0.0524  0.0544  0.0510  0.0499  0.0480  0.0503
  0.0562  0.0599  0.0539  0.0514  0.0506  0.0539
  0.0618  0.0656  0.0571  0.0540  0.0546  0.0576
niter,ni,del,rscale     6    3   12.0000    1.2000
parameter  4  0.591829 ->  0.500000 qaram    1.3225
parameter  6  0.545870 ->  0.500000 qaram    1.3225
parameters
   -0.1771   13.1748   -0.8212   -7.4175   -0.4824   -7.4175
eta,q 0.96442 10.19863
  0.0569  0.0538  0.0475  0.0404  0.0474  0.0389
  0.0487  0.0470  0.0437  0.0386  0.0440  0.0359
  0.0434  0.0426  0.0414  0.0395  0.0409  0.0358
  0.0412  0.0412  0.0411  0.0411  0.0387  0.0385
  0.0443  0.0414  0.0422  0.0423  0.0387  0.0433
  0.0503  0.0432  0.0452  0.0435  0.0416  0.0478
  0.0578  0.0472  0.0485  0.0469  0.0467  0.0526
niter,ni,del,rscale     7    3   12.0000    1.2000
parameters
   -0.7280   14.4886   -1.3715   -6.7749   -0.0701   -7.4581
eta,q 0.96485 10.20760
  0.0524  0.0551  0.0426  0.0468  0.0464  0.0459
  0.0437  0.0463  0.0383  0.0404  0.0415  0.0411
  0.0387  0.0392  0.0354  0.0359  0.0378  0.0371
  0.0356  0.0360  0.0356  0.0352  0.0355  0.0351
  0.0394  0.0359  0.0375  0.0364  0.0350  0.0362
  0.0492  0.0382  0.0403  0.0391  0.0384  0.0411
  0.0597  0.0435  0.0454  0.0427  0.0450  0.0466
niter,ni,del,rscale     6    3   12.0000    1.2000
parameters
   -0.8344   14.3953   -1.3060   -6.6517    0.0320   -7.5103
eta,q 0.96472 10.20762
  0.0549  0.0476  0.0449  0.0454  0.0457  0.0459
  0.0449  0.0405  0.0400  0.0390  0.0408  0.0411
  0.0391  0.0365  0.0362  0.0354  0.0375  0.0372
  0.0352  0.0353  0.0353  0.0353  0.0353  0.0353
  0.0371  0.0366  0.0369  0.0366  0.0354  0.0363
  0.0462  0.0413  0.0396  0.0398  0.0394  0.0411
  0.0569  0.0482  0.0443  0.0436  0.0462  0.0467
niter,ni,del,rscale     5    3   12.0000    1.2000
parameters
   -0.8789   14.3433   -1.2882   -6.5977    0.0804   -7.5352
eta,q 0.96466 10.20843
  0.0552  0.0476  0.0449  0.0453  0.0455  0.0460
  0.0452  0.0407  0.0400  0.0388  0.0407  0.0412
  0.0393  0.0366  0.0362  0.0353  0.0374  0.0373
  0.0353  0.0353  0.0353  0.0353  0.0354  0.0353
  0.0369  0.0365  0.0370  0.0366  0.0355  0.0363
  0.0459  0.0412  0.0398  0.0399  0.0396  0.0411
  0.0565  0.0480  0.0446  0.0437  0.0464  0.0467
registration optimization eta report
parameter search radius
    6.0000    6.0000    6.0000    7.9350    6.0000    7.9350
100000*second partial in parameter space
       56.       35.       26.       15.       30.       17.
  0.0552  0.0476  0.0449  0.0453  0.0455  0.0460
  0.0452  0.0407  0.0400  0.0388  0.0407  0.0412
  0.0393  0.0366  0.0362  0.0353  0.0374  0.0373
  0.0353  0.0353  0.0353  0.0353  0.0354  0.0353
  0.0369  0.0365  0.0370  0.0366  0.0355  0.0363
  0.0459  0.0412  0.0398  0.0399  0.0396  0.0411
  0.0565  0.0480  0.0446  0.0437  0.0464  0.0467
   -0.8789   14.3433   -1.2882   -6.5977    0.0804   -7.5352
eta,q 0.96466 10.20843

---------------------------------------------------------------------
imgreg_4dfp /opt/freesurfer/average/711-2C_as_mni_average_305 /opt/freesurfer/average/711-2B_as_mni_average_305_mask talsrcimg_g11 none talsrcimg_to_711-2C_as_mni_average_305_t4 3335
---------------------------------------------------------------------

freesurfer imgreg_4dfp.c
/opt/freesurfer/average/711-2C_as_mni_average_305.4dfp.img
       256       256       256         1
  1.000000  1.000000  1.000000
orientation T byte_order littleendian
Reading image: /opt/freesurfer/average/711-2C_as_mni_average_305.4dfp.img
dimensions:      256       256       256
mmppix:       1.0000   -1.0000   -1.0000
center:     128.0000 -129.0000 -129.0000
/opt/freesurfer/average/711-2B_as_mni_average_305_mask.4dfp.img
       256       256       256         1
  1.000000  1.000000  1.000000
orientation T byte_order littleendian
Reading mask: /opt/freesurfer/average/711-2B_as_mni_average_305_mask.4dfp.img (2306576 pixels)
talsrcimg_g11.4dfp.img
       256       256       256         1
  1.000000  1.000000  1.000000
orientation T byte_order littleendian
Reading image: talsrcimg_g11.4dfp.img
dimensions:      256       256       256
mmppix:       1.0000   -1.0000   -1.0000
center:     128.0000 -129.0000 -129.0000
fimgreg.f
image alignment mode   3335 decimal      D07 hex
parameters
   -0.8789   14.3433   -1.2882   -0.8636   -1.5222   -0.6624
   13.0426    1.3685  -13.1135   11.4088    0.1403  -11.4897
eta,q 0.96496 10.28586
niter,ni,del,rscale     5    3    5.0000    1.2000
parameter  4  0.760107 ->  0.500000 qaram    1.1500
parameter  5  1.687326 ->  0.500000 qaram    1.1500
parameter  6  0.542123 ->  0.500000 qaram    1.1500
parameters
   -0.7082   14.5855   -1.5253   -5.0036   -5.6622   -4.8024
   13.2158    3.4905   -9.8986   11.0469    1.9060  -10.1670
eta,q 0.97295  9.93802
  0.0390  0.0380  0.0366  0.0331  0.0283  0.0293  0.0311  0.0356  0.0314  0.0304  0.0294  0.0285
  0.0370  0.0365  0.0356  0.0329  0.0292  0.0285  0.0297  0.0327  0.0298  0.0287  0.0283  0.0279
  0.0356  0.0355  0.0351  0.0335  0.0308  0.0284  0.0288  0.0303  0.0285  0.0276  0.0276  0.0274
  0.0350  0.0350  0.0350  0.0350  0.0330  0.0296  0.0284  0.0284  0.0276  0.0272  0.0272  0.0271
  0.0353  0.0352  0.0354  0.0373  0.0356  0.0321  0.0286  0.0276  0.0272  0.0276  0.0271  0.0271
  0.0363  0.0358  0.0362  0.0406  0.0386  0.0354  0.0295  0.0285  0.0273  0.0290  0.0274  0.0273
  0.0380  0.0370  0.0373  0.0443  0.0418  0.0396  0.0309  0.0306  0.0279  0.0313  0.0279  0.0278
niter,ni,del,rscale     7    3    5.0000    1.2000
parameter  5  0.578850 ->  0.500000 qaram    1.3225
parameters
   -0.6259   14.6623   -2.5925   -5.6650  -10.4232   -6.0793
   12.4388    3.1715   -9.9713   12.1834    3.0546   -9.8777
eta,q 0.97446  9.66764
  0.0312  0.0300  0.0273  0.0303  0.0261  0.0291  0.0279  0.0306  0.0276  0.0296  0.0274  0.0268
  0.0290  0.0284  0.0267  0.0286  0.0255  0.0275  0.0266  0.0280  0.0266  0.0278  0.0265  0.0262
  0.0276  0.0274  0.0267  0.0272  0.0256  0.0264  0.0259  0.0263  0.0260  0.0265  0.0259  0.0258
  0.0270  0.0270  0.0270  0.0266  0.0267  0.0255  0.0257  0.0257  0.0257  0.0257  0.0256  0.0256
  0.0274  0.0273  0.0278  0.0273  0.0285  0.0265  0.0263  0.0266  0.0259  0.0257  0.0256  0.0256
  0.0286  0.0282  0.0289  0.0292  0.0311  0.0294  0.0274  0.0286  0.0266  0.0264  0.0259  0.0260
  0.0307  0.0296  0.0302  0.0321  0.0343  0.0331  0.0290  0.0315  0.0277  0.0279  0.0265  0.0267
niter,ni,del,rscale     7    3    5.0000    1.2000
parameters
   -0.6833   15.1398   -3.2104   -4.8957  -11.5240   -7.1932
   12.5073    2.8311  -10.2417   13.2560    3.3496  -10.2192
eta,q 0.97462  9.60766
  0.0291  0.0293  0.0264  0.0296  0.0281  0.0289  0.0281  0.0303  0.0271  0.0288  0.0269  0.0265
  0.0271  0.0274  0.0256  0.0279  0.0266  0.0272  0.0268  0.0277  0.0262  0.0273  0.0261  0.0259
  0.0259  0.0262  0.0253  0.0263  0.0256  0.0261  0.0259  0.0260  0.0257  0.0261  0.0256  0.0255
  0.0255  0.0255  0.0255  0.0253  0.0251  0.0252  0.0255  0.0255  0.0255  0.0255  0.0254  0.0254
  0.0261  0.0255  0.0260  0.0253  0.0257  0.0261  0.0258  0.0264  0.0257  0.0254  0.0255  0.0255
  0.0274  0.0261  0.0269  0.0265  0.0276  0.0288  0.0267  0.0285  0.0264  0.0261  0.0260  0.0260
  0.0294  0.0271  0.0280  0.0287  0.0303  0.0322  0.0281  0.0313  0.0274  0.0274  0.0267  0.0267
niter,ni,del,rscale     6    3    5.0000    1.2000
parameters
   -0.7588   15.5237   -3.7130   -4.6981  -12.0861   -8.0604
   12.7292    2.6464  -10.3389   14.2130    3.3444  -10.5394
eta,q 0.97464  9.56021
  0.0289  0.0286  0.0264  0.0291  0.0283  0.0290  0.0281  0.0304  0.0270  0.0284  0.0268  0.0264
  0.0270  0.0269  0.0256  0.0275  0.0267  0.0273  0.0268  0.0278  0.0262  0.0270  0.0260  0.0259
  0.0257  0.0259  0.0252  0.0261  0.0257  0.0260  0.0259  0.0260  0.0256  0.0260  0.0255  0.0255
  0.0254  0.0254  0.0253  0.0252  0.0252  0.0252  0.0255  0.0254  0.0254  0.0254  0.0254  0.0254
  0.0259  0.0254  0.0258  0.0254  0.0255  0.0258  0.0257  0.0262  0.0256  0.0254  0.0255  0.0255
  0.0273  0.0260  0.0266  0.0268  0.0271  0.0284  0.0265  0.0282  0.0262  0.0260  0.0260  0.0260
  0.0294  0.0270  0.0276  0.0292  0.0296  0.0316  0.0279  0.0309  0.0271  0.0273  0.0268  0.0267
niter,ni,del,rscale     5    3    5.0000    1.2000
parameters
   -0.8288   15.8476   -4.1169   -4.6386  -12.6019   -8.7879
   12.9020    2.5620  -10.2620   15.0445    3.1851  -10.7868
eta,q 0.97465  9.51420
  0.0289  0.0283  0.0265  0.0290  0.0283  0.0291  0.0280  0.0305  0.0270  0.0282  0.0267  0.0265
  0.0269  0.0267  0.0256  0.0275  0.0267  0.0273  0.0267  0.0279  0.0262  0.0269  0.0259  0.0259
  0.0257  0.0258  0.0253  0.0261  0.0257  0.0260  0.0258  0.0261  0.0256  0.0260  0.0255  0.0255
  0.0254  0.0254  0.0253  0.0252  0.0252  0.0253  0.0255  0.0254  0.0254  0.0254  0.0254  0.0253
  0.0259  0.0254  0.0258  0.0255  0.0255  0.0256  0.0257  0.0262  0.0256  0.0254  0.0256  0.0255
  0.0272  0.0260  0.0265  0.0269  0.0270  0.0281  0.0265  0.0281  0.0261  0.0260  0.0260  0.0260
  0.0293  0.0270  0.0275  0.0294  0.0295  0.0313  0.0278  0.0307  0.0270  0.0273  0.0268  0.0266
niter,ni,del,rscale     4    3    5.0000    1.2000
parameters
   -0.8687   16.1221   -4.4262   -4.6006  -13.0538   -9.3554
   12.9877    2.5461  -10.1059   15.7179    3.0203  -11.0176
eta,q 0.97464  9.47600
  0.0289  0.0281  0.0266  0.0290  0.0284  0.0292  0.0279  0.0305  0.0271  0.0281  0.0267  0.0265
  0.0270  0.0267  0.0257  0.0275  0.0268  0.0274  0.0267  0.0279  0.0262  0.0268  0.0259  0.0258
  0.0257  0.0258  0.0253  0.0261  0.0258  0.0261  0.0258  0.0261  0.0257  0.0260  0.0255  0.0255
  0.0253  0.0254  0.0253  0.0253  0.0253  0.0253  0.0254  0.0254  0.0254  0.0254  0.0254  0.0254
  0.0258  0.0254  0.0257  0.0255  0.0255  0.0255  0.0257  0.0261  0.0256  0.0254  0.0256  0.0255
  0.0271  0.0260  0.0264  0.0269  0.0269  0.0279  0.0266  0.0280  0.0261  0.0260  0.0260  0.0259
  0.0291  0.0271  0.0273  0.0294  0.0294  0.0311  0.0279  0.0305  0.0270  0.0274  0.0268  0.0266
niter,ni,del,rscale     3    3    5.0000    1.2000
parameters
   -0.8823   16.3351   -4.6464   -4.5680  -13.3879   -9.7571
   12.9971    2.5734   -9.9782   16.2265    2.9218  -11.2129
eta,q 0.97462  9.44941
  0.0289  0.0280  0.0267  0.0289  0.0284  0.0293  0.0279  0.0305  0.0271  0.0280  0.0268  0.0265
  0.0270  0.0266  0.0258  0.0275  0.0269  0.0275  0.0266  0.0279  0.0262  0.0268  0.0260  0.0259
  0.0258  0.0257  0.0254  0.0262  0.0258  0.0261  0.0258  0.0261  0.0257  0.0259  0.0255  0.0255
  0.0254  0.0254  0.0253  0.0253  0.0253  0.0253  0.0254  0.0254  0.0254  0.0254  0.0254  0.0254
  0.0258  0.0255  0.0257  0.0256  0.0255  0.0254  0.0257  0.0261  0.0256  0.0254  0.0256  0.0255
  0.0271  0.0261  0.0263  0.0270  0.0269  0.0276  0.0266  0.0279  0.0261  0.0261  0.0260  0.0260
  0.0290  0.0272  0.0272  0.0294  0.0294  0.0309  0.0279  0.0304  0.0270  0.0275  0.0268  0.0266
niter,ni,del,rscale     2    3    5.0000    1.2000
parameters
   -0.8754   16.4894   -4.7919   -4.5392  -13.6274  -10.0133
   12.9780    2.6178   -9.9111   16.5790    2.8679  -11.3437
eta,q 0.97459  9.43202
  0.0290  0.0280  0.0268  0.0289  0.0285  0.0294  0.0279  0.0305  0.0271  0.0279  0.0268  0.0265
  0.0270  0.0266  0.0259  0.0275  0.0269  0.0276  0.0266  0.0280  0.0262  0.0267  0.0260  0.0259
  0.0258  0.0257  0.0255  0.0262  0.0259  0.0262  0.0258  0.0261  0.0257  0.0259  0.0255  0.0255
  0.0254  0.0254  0.0254  0.0254  0.0254  0.0254  0.0254  0.0254  0.0254  0.0254  0.0254  0.0254
  0.0258  0.0256  0.0256  0.0256  0.0255  0.0253  0.0258  0.0261  0.0256  0.0255  0.0256  0.0256
  0.0270  0.0262  0.0262  0.0270  0.0268  0.0274  0.0266  0.0279  0.0262  0.0262  0.0261  0.0260
  0.0289  0.0273  0.0271  0.0294  0.0293  0.0307  0.0279  0.0304  0.0271  0.0277  0.0268  0.0266
niter,ni,del,rscale     1    3    5.0000    1.2000
parameters
   -0.8623   16.5960   -4.8823   -4.5199  -13.7883  -10.1768
   12.9544    2.6629   -9.8895   16.8171    2.8453  -11.4390
eta,q 0.97456  9.42119
  0.0290  0.0279  0.0269  0.0289  0.0286  0.0294  0.0279  0.0305  0.0271  0.0278  0.0268  0.0266
  0.0271  0.0265  0.0260  0.0275  0.0270  0.0277  0.0266  0.0280  0.0262  0.0267  0.0260  0.0259
  0.0258  0.0257  0.0255  0.0262  0.0259  0.0263  0.0258  0.0261  0.0257  0.0259  0.0256  0.0256
  0.0254  0.0254  0.0254  0.0254  0.0254  0.0254  0.0255  0.0255  0.0255  0.0255  0.0254  0.0254
  0.0258  0.0256  0.0257  0.0256  0.0255  0.0253  0.0258  0.0261  0.0256  0.0255  0.0256  0.0256
  0.0270  0.0263  0.0262  0.0270  0.0268  0.0273  0.0266  0.0279  0.0262  0.0263  0.0261  0.0260
  0.0289  0.0274  0.0271  0.0294  0.0293  0.0306  0.0279  0.0304  0.0271  0.0278  0.0268  0.0266
registration optimization eta report
parameter search radius
    2.4000    2.4000    2.4000    8.2800    9.5220    8.2800
    7.2000    7.2000    7.2000    7.2000    7.2000    7.2000
100000*second partial in parameter space
       61.       39.       28.        5.        4.        7.
        5.        9.        3.        5.        3.        2.
  0.0290  0.0279  0.0269  0.0289  0.0286  0.0294  0.0279  0.0305  0.0271  0.0278  0.0268  0.0266
  0.0271  0.0265  0.0260  0.0275  0.0270  0.0277  0.0266  0.0280  0.0262  0.0267  0.0260  0.0259
  0.0258  0.0257  0.0255  0.0262  0.0259  0.0263  0.0258  0.0261  0.0257  0.0259  0.0256  0.0256
  0.0254  0.0254  0.0254  0.0254  0.0254  0.0254  0.0255  0.0255  0.0255  0.0255  0.0254  0.0254
  0.0258  0.0256  0.0257  0.0256  0.0255  0.0253  0.0258  0.0261  0.0256  0.0255  0.0256  0.0256
  0.0270  0.0263  0.0262  0.0270  0.0268  0.0273  0.0266  0.0279  0.0262  0.0263  0.0261  0.0260
  0.0289  0.0274  0.0271  0.0294  0.0293  0.0306  0.0279  0.0304  0.0271  0.0278  0.0268  0.0266
   -0.8623   16.5960   -4.8823   -4.5199  -13.7883  -10.1768
   12.9544    2.6629   -9.8895   16.8171    2.8453  -11.4390
eta,q 0.97456  9.42119

---------------------------------------------------------------------
imgreg_4dfp /opt/freesurfer/average/711-2C_as_mni_average_305 /opt/freesurfer/average/711-2B_as_mni_average_305_mask talsrcimg_g11 none talsrcimg_to_711-2C_as_mni_average_305_t4 2311
---------------------------------------------------------------------

freesurfer imgreg_4dfp.c
/opt/freesurfer/average/711-2C_as_mni_average_305.4dfp.img
       256       256       256         1
  1.000000  1.000000  1.000000
orientation T byte_order littleendian
Reading image: /opt/freesurfer/average/711-2C_as_mni_average_305.4dfp.img
dimensions:      256       256       256
mmppix:       1.0000   -1.0000   -1.0000
center:     128.0000 -129.0000 -129.0000
/opt/freesurfer/average/711-2B_as_mni_average_305_mask.4dfp.img
       256       256       256         1
  1.000000  1.000000  1.000000
orientation T byte_order littleendian
Reading mask: /opt/freesurfer/average/711-2B_as_mni_average_305_mask.4dfp.img (2306576 pixels)
talsrcimg_g11.4dfp.img
       256       256       256         1
  1.000000  1.000000  1.000000
orientation T byte_order littleendian
Reading image: talsrcimg_g11.4dfp.img
dimensions:      256       256       256
mmppix:       1.0000   -1.0000   -1.0000
center:     128.0000 -129.0000 -129.0000
fimgreg.f
image alignment mode   2311 decimal      907 hex
parameters
   -0.8623   16.5960   -4.8823   -4.5199  -13.7883  -10.1768
   12.9544    2.6629   -9.8895   16.8171    2.8453  -11.4390
eta,q 0.97456  9.42119
niter,ni,del,rscale     5    3    5.0000    0.8000
parameters
   -0.8503   16.6302   -4.9862   -3.9076  -13.0050   -9.6236
   12.9521    2.6975   -9.6117   16.8815    2.7367  -11.9680
eta,q 0.97480  9.49894
  0.0271  0.0265  0.0261  0.0272  0.0264  0.0272  0.0264  0.0280  0.0261  0.0264  0.0259  0.0257
  0.0262  0.0259  0.0257  0.0264  0.0259  0.0264  0.0258  0.0265  0.0256  0.0259  0.0255  0.0254
  0.0256  0.0256  0.0255  0.0258  0.0256  0.0258  0.0254  0.0256  0.0253  0.0254  0.0253  0.0252
  0.0254  0.0254  0.0254  0.0254  0.0254  0.0253  0.0252  0.0252  0.0252  0.0252  0.0252  0.0252
  0.0256  0.0255  0.0256  0.0254  0.0253  0.0251  0.0254  0.0256  0.0253  0.0253  0.0253  0.0253
  0.0262  0.0259  0.0258  0.0258  0.0255  0.0255  0.0258  0.0265  0.0255  0.0257  0.0256  0.0256
  0.0270  0.0264  0.0262  0.0266  0.0259  0.0268  0.0265  0.0279  0.0259  0.0265  0.0260  0.0259
niter,ni,del,rscale     4    3    5.0000    0.7000
parameters
   -0.8220   16.5804   -4.8719   -3.9715  -12.9760   -9.2402
   12.8912    2.7522   -9.5073   16.9175    2.7019  -12.0893
eta,q 0.97489  9.51279
  0.0266  0.0260  0.0259  0.0264  0.0259  0.0267  0.0261  0.0274  0.0258  0.0261  0.0257  0.0256
  0.0258  0.0255  0.0255  0.0258  0.0255  0.0260  0.0256  0.0262  0.0254  0.0256  0.0254  0.0253
  0.0254  0.0253  0.0253  0.0254  0.0253  0.0256  0.0252  0.0254  0.0252  0.0253  0.0252  0.0252
  0.0252  0.0252  0.0252  0.0252  0.0252  0.0252  0.0251  0.0251  0.0251  0.0251  0.0251  0.0251
  0.0253  0.0253  0.0252  0.0253  0.0252  0.0251  0.0252  0.0254  0.0252  0.0252  0.0252  0.0252
  0.0258  0.0256  0.0254  0.0258  0.0255  0.0254  0.0256  0.0261  0.0254  0.0255  0.0254  0.0254
  0.0265  0.0261  0.0257  0.0266  0.0259  0.0265  0.0261  0.0273  0.0257  0.0261  0.0257  0.0256
niter,ni,del,rscale     3    3    5.0000    0.6000
parameters
   -0.8091   16.5581   -4.7944   -4.0168  -12.9129   -8.9652
   12.8571    2.7833   -9.4702   16.9133    2.6733  -12.2036
eta,q 0.97494  9.52522
  0.0261  0.0257  0.0257  0.0261  0.0256  0.0263  0.0258  0.0268  0.0255  0.0258  0.0255  0.0254
  0.0256  0.0254  0.0254  0.0256  0.0254  0.0258  0.0254  0.0259  0.0253  0.0254  0.0253  0.0252
  0.0252  0.0252  0.0252  0.0253  0.0252  0.0254  0.0252  0.0253  0.0251  0.0252  0.0251  0.0251
  0.0251  0.0251  0.0251  0.0251  0.0251  0.0251  0.0251  0.0251  0.0251  0.0251  0.0251  0.0251
  0.0252  0.0252  0.0252  0.0252  0.0251  0.0250  0.0252  0.0253  0.0251  0.0251  0.0251  0.0251
  0.0256  0.0254  0.0253  0.0256  0.0253  0.0254  0.0254  0.0258  0.0253  0.0254  0.0253  0.0252
  0.0261  0.0257  0.0255  0.0262  0.0256  0.0262  0.0258  0.0267  0.0255  0.0259  0.0255  0.0254
niter,ni,del,rscale     2    3    5.0000    0.5000
parameters
   -0.8029   16.5397   -4.7367   -4.0567  -12.8633   -8.6955
   12.8397    2.8095   -9.4248   16.8956    2.6450  -12.3094
eta,q 0.97497  9.53658
  0.0258  0.0255  0.0255  0.0258  0.0254  0.0259  0.0256  0.0263  0.0254  0.0256  0.0254  0.0253
  0.0254  0.0252  0.0252  0.0254  0.0252  0.0256  0.0253  0.0256  0.0252  0.0253  0.0252  0.0251
  0.0252  0.0251  0.0251  0.0252  0.0251  0.0253  0.0251  0.0252  0.0251  0.0251  0.0251  0.0250
  0.0251  0.0251  0.0251  0.0251  0.0251  0.0251  0.0250  0.0250  0.0250  0.0250  0.0250  0.0250
  0.0251  0.0251  0.0251  0.0251  0.0251  0.0250  0.0251  0.0252  0.0251  0.0251  0.0251  0.0251
  0.0254  0.0253  0.0252  0.0254  0.0252  0.0252  0.0253  0.0256  0.0252  0.0253  0.0252  0.0252
  0.0258  0.0255  0.0254  0.0258  0.0254  0.0258  0.0256  0.0262  0.0254  0.0256  0.0254  0.0253
niter,ni,del,rscale     1    3    5.0000    0.4000
parameters
   -0.7960   16.5187   -4.6702   -4.0893  -12.8005   -8.4366
   12.8244    2.8289   -9.4035   16.8456    2.6276  -12.4036
eta,q 0.97500  9.54849
  0.0255  0.0253  0.0253  0.0255  0.0253  0.0257  0.0254  0.0258  0.0252  0.0253  0.0252  0.0252
  0.0252  0.0251  0.0252  0.0253  0.0251  0.0254  0.0252  0.0254  0.0251  0.0252  0.0251  0.0251
  0.0251  0.0251  0.0251  0.0251  0.0251  0.0252  0.0250  0.0251  0.0250  0.0250  0.0250  0.0250
  0.0250  0.0250  0.0250  0.0250  0.0250  0.0250  0.0250  0.0250  0.0250  0.0250  0.0250  0.0250
  0.0251  0.0251  0.0250  0.0251  0.0250  0.0250  0.0250  0.0251  0.0250  0.0250  0.0250  0.0250
  0.0252  0.0252  0.0251  0.0253  0.0251  0.0251  0.0252  0.0254  0.0251  0.0252  0.0251  0.0251
  0.0255  0.0253  0.0252  0.0255  0.0252  0.0255  0.0254  0.0258  0.0252  0.0254  0.0252  0.0252
registration optimization eta report
parameter search radius
    0.8000    0.8000    0.8000    2.4000    2.4000    2.4000
    2.4000    2.4000    2.4000    2.4000    2.4000    2.4000
100000*second partial in parameter space
       71.       43.       36.        8.        4.       10.
        6.       14.        4.        6.        4.        3.
  0.0255  0.0253  0.0253  0.0255  0.0253  0.0257  0.0254  0.0258  0.0252  0.0253  0.0252  0.0252
  0.0252  0.0251  0.0252  0.0253  0.0251  0.0254  0.0252  0.0254  0.0251  0.0252  0.0251  0.0251
  0.0251  0.0251  0.0251  0.0251  0.0251  0.0252  0.0250  0.0251  0.0250  0.0250  0.0250  0.0250
  0.0250  0.0250  0.0250  0.0250  0.0250  0.0250  0.0250  0.0250  0.0250  0.0250  0.0250  0.0250
  0.0251  0.0251  0.0250  0.0251  0.0250  0.0250  0.0250  0.0251  0.0250  0.0250  0.0250  0.0250
  0.0252  0.0252  0.0251  0.0253  0.0251  0.0251  0.0252  0.0254  0.0251  0.0252  0.0251  0.0251
  0.0255  0.0253  0.0252  0.0255  0.0252  0.0255  0.0254  0.0258  0.0252  0.0254  0.0252  0.0252
   -0.7960   16.5187   -4.6702   -4.0893  -12.8005   -8.4366
   12.8244    2.8289   -9.4035   16.8456    2.6276  -12.4036
eta,q 0.97500  9.54849

---------------------------------------------------------------------
imgreg_4dfp /opt/freesurfer/average/711-2C_as_mni_average_305 /opt/freesurfer/average/711-2B_as_mni_average_305_mask talsrcimg_g11 none talsrcimg_to_711-2C_as_mni_average_305_t4 2311
---------------------------------------------------------------------

freesurfer imgreg_4dfp.c
/opt/freesurfer/average/711-2C_as_mni_average_305.4dfp.img
       256       256       256         1
  1.000000  1.000000  1.000000
orientation T byte_order littleendian
Reading image: /opt/freesurfer/average/711-2C_as_mni_average_305.4dfp.img
dimensions:      256       256       256
mmppix:       1.0000   -1.0000   -1.0000
center:     128.0000 -129.0000 -129.0000
/opt/freesurfer/average/711-2B_as_mni_average_305_mask.4dfp.img
       256       256       256         1
  1.000000  1.000000  1.000000
orientation T byte_order littleendian
Reading mask: /opt/freesurfer/average/711-2B_as_mni_average_305_mask.4dfp.img (2306576 pixels)
talsrcimg_g11.4dfp.img
       256       256       256         1
  1.000000  1.000000  1.000000
orientation T byte_order littleendian
Reading image: talsrcimg_g11.4dfp.img
dimensions:      256       256       256
mmppix:       1.0000   -1.0000   -1.0000
center:     128.0000 -129.0000 -129.0000
fimgreg.f
image alignment mode   2311 decimal      907 hex
parameters
   -0.7960   16.5187   -4.6702   -4.0893  -12.8005   -8.4366
   12.8244    2.8289   -9.4035   16.8456    2.6276  -12.4036
eta,q 0.97500  9.54849
niter,ni,del,rscale     5    3    5.0000    0.8000
parameters
   -0.8001   16.5187   -4.5381   -4.2904  -13.1090   -8.8054
   12.7967    2.8218   -9.5313   16.8306    2.7118  -11.9275
eta,q 0.97493  9.51373
  0.0268  0.0261  0.0261  0.0265  0.0258  0.0266  0.0263  0.0278  0.0258  0.0263  0.0259  0.0258
  0.0258  0.0255  0.0255  0.0258  0.0254  0.0259  0.0257  0.0264  0.0254  0.0257  0.0254  0.0254
  0.0252  0.0251  0.0251  0.0252  0.0251  0.0254  0.0252  0.0254  0.0252  0.0253  0.0252  0.0252
  0.0250  0.0250  0.0250  0.0250  0.0250  0.0250  0.0251  0.0251  0.0251  0.0251  0.0251  0.0251
  0.0252  0.0251  0.0251  0.0252  0.0251  0.0251  0.0252  0.0254  0.0252  0.0252  0.0252  0.0251
  0.0258  0.0255  0.0253  0.0259  0.0255  0.0261  0.0257  0.0264  0.0255  0.0256  0.0254  0.0253
  0.0268  0.0261  0.0258  0.0269  0.0262  0.0277  0.0263  0.0278  0.0259  0.0264  0.0258  0.0256
niter,ni,del,rscale     4    3    5.0000    0.7000
parameters
   -0.7961   16.5081   -4.6632   -4.1773  -12.9893   -8.9341
   12.8261    2.8029   -9.5293   16.7903    2.6855  -11.9944
eta,q 0.97493  9.51700
  0.0264  0.0259  0.0256  0.0264  0.0258  0.0264  0.0261  0.0273  0.0257  0.0260  0.0257  0.0255
  0.0257  0.0254  0.0253  0.0258  0.0254  0.0258  0.0256  0.0261  0.0254  0.0256  0.0253  0.0253
  0.0252  0.0252  0.0251  0.0253  0.0252  0.0254  0.0252  0.0253  0.0252  0.0252  0.0251  0.0251
  0.0251  0.0251  0.0251  0.0251  0.0251  0.0251  0.0251  0.0251  0.0251  0.0251  0.0251  0.0251
  0.0252  0.0252  0.0252  0.0252  0.0251  0.0251  0.0252  0.0254  0.0251  0.0252  0.0252  0.0251
  0.0257  0.0255  0.0254  0.0256  0.0253  0.0257  0.0255  0.0261  0.0254  0.0255  0.0254  0.0253
  0.0264  0.0259  0.0258  0.0263  0.0257  0.0269  0.0260  0.0273  0.0257  0.0261  0.0257  0.0256
niter,ni,del,rscale     3    3    5.0000    0.6000
parameters
   -0.8002   16.5041   -4.7089   -4.0978  -12.8698   -8.8391
   12.8381    2.7968   -9.4740   16.7960    2.6729  -12.1298
eta,q 0.97495  9.52849
  0.0261  0.0257  0.0255  0.0261  0.0256  0.0262  0.0258  0.0267  0.0255  0.0258  0.0255  0.0254
  0.0255  0.0253  0.0253  0.0256  0.0253  0.0257  0.0254  0.0258  0.0253  0.0254  0.0252  0.0252
  0.0252  0.0251  0.0251  0.0252  0.0252  0.0254  0.0251  0.0253  0.0251  0.0252  0.0251  0.0251
  0.0251  0.0251  0.0251  0.0251  0.0251  0.0251  0.0250  0.0251  0.0251  0.0250  0.0251  0.0251
  0.0252  0.0252  0.0252  0.0252  0.0251  0.0250  0.0251  0.0253  0.0251  0.0251  0.0251  0.0251
  0.0255  0.0254  0.0253  0.0255  0.0252  0.0254  0.0254  0.0258  0.0253  0.0254  0.0253  0.0252
  0.0261  0.0257  0.0256  0.0260  0.0256  0.0263  0.0258  0.0267  0.0255  0.0258  0.0255  0.0254
niter,ni,del,rscale     2    3    5.0000    0.5000
parameters
   -0.8025   16.5024   -4.6942   -4.0778  -12.8076   -8.6366
   12.8427    2.8011   -9.4451   16.8019    2.6569  -12.2715
eta,q 0.97498  9.54017
  0.0258  0.0255  0.0254  0.0258  0.0254  0.0259  0.0256  0.0263  0.0254  0.0256  0.0254  0.0253
  0.0254  0.0252  0.0252  0.0254  0.0252  0.0256  0.0253  0.0256  0.0252  0.0253  0.0252  0.0251
  0.0251  0.0251  0.0251  0.0252  0.0251  0.0253  0.0251  0.0252  0.0251  0.0251  0.0251  0.0250
  0.0250  0.0250  0.0251  0.0251  0.0250  0.0251  0.0250  0.0250  0.0250  0.0250  0.0250  0.0250
  0.0251  0.0251  0.0251  0.0251  0.0251  0.0250  0.0251  0.0252  0.0251  0.0251  0.0251  0.0251
  0.0254  0.0252  0.0252  0.0254  0.0252  0.0253  0.0253  0.0256  0.0252  0.0253  0.0252  0.0252
  0.0258  0.0255  0.0254  0.0258  0.0254  0.0258  0.0256  0.0262  0.0253  0.0256  0.0253  0.0253
niter,ni,del,rscale     1    3    5.0000    0.4000
parameters
   -0.8010   16.4922   -4.6463   -4.1011  -12.7603   -8.3927
   12.8284    2.8164   -9.4142   16.7782    2.6412  -12.3885
eta,q 0.97500  9.55128
  0.0255  0.0253  0.0253  0.0255  0.0253  0.0257  0.0253  0.0258  0.0252  0.0254  0.0252  0.0251
  0.0252  0.0251  0.0251  0.0252  0.0251  0.0254  0.0252  0.0254  0.0251  0.0252  0.0251  0.0251
  0.0251  0.0250  0.0251  0.0251  0.0251  0.0252  0.0250  0.0251  0.0250  0.0250  0.0250  0.0250
  0.0250  0.0250  0.0250  0.0250  0.0250  0.0250  0.0250  0.0250  0.0250  0.0250  0.0250  0.0250
  0.0251  0.0251  0.0250  0.0251  0.0250  0.0250  0.0250  0.0251  0.0250  0.0250  0.0250  0.0250
  0.0252  0.0252  0.0251  0.0252  0.0251  0.0252  0.0252  0.0254  0.0251  0.0252  0.0251  0.0251
  0.0255  0.0253  0.0252  0.0255  0.0252  0.0255  0.0254  0.0258  0.0252  0.0254  0.0252  0.0252
registration optimization eta report
parameter search radius
    0.8000    0.8000    0.8000    2.4000    2.4000    2.4000
    2.4000    2.4000    2.4000    2.4000    2.4000    2.4000
100000*second partial in parameter space
       72.       43.       36.        8.        4.       10.
        6.       14.        4.        6.        4.        3.
  0.0255  0.0253  0.0253  0.0255  0.0253  0.0257  0.0253  0.0258  0.0252  0.0254  0.0252  0.0251
  0.0252  0.0251  0.0251  0.0252  0.0251  0.0254  0.0252  0.0254  0.0251  0.0252  0.0251  0.0251
  0.0251  0.0250  0.0251  0.0251  0.0251  0.0252  0.0250  0.0251  0.0250  0.0250  0.0250  0.0250
  0.0250  0.0250  0.0250  0.0250  0.0250  0.0250  0.0250  0.0250  0.0250  0.0250  0.0250  0.0250
  0.0251  0.0251  0.0250  0.0251  0.0250  0.0250  0.0250  0.0251  0.0250  0.0250  0.0250  0.0250
  0.0252  0.0252  0.0251  0.0252  0.0251  0.0252  0.0252  0.0254  0.0251  0.0252  0.0251  0.0251
  0.0255  0.0253  0.0252  0.0255  0.0252  0.0255  0.0254  0.0258  0.0252  0.0254  0.0252  0.0252
   -0.8010   16.4922   -4.6463   -4.1011  -12.7603   -8.3927
   12.8284    2.8164   -9.4142   16.7782    2.6412  -12.3885
eta,q 0.97500  9.55128

---------------------------------------------------------------------
compute_vox2vox talsrcimg talsrcimg_to_711-2C_as_mni_average_305_t4 /opt/freesurfer/average/711-2C_as_mni_average_305
---------------------------------------------------------------------

freesurfer compute_vox2vox.c
Reading: talsrcimg.4dfp.ifh
Reading: talsrcimg_to_711-2C_as_mni_average_305_t4
Reading: /opt/freesurfer/average/711-2C_as_mni_average_305.4dfp.ifh
Writing: talsrcimg_to_711-2C_as_mni_average_305_t4_vox2vox.txt

start time Fri Mar 13 02:26:59 CET 2026
end		time Fri Mar 13 02:27:12 CET 2026

mpr2mni305 success

avi2talxfm orig_nu.mgz /opt/freesurfer/average/mni305.cor.mgz talsrcimg_to_711-2C_as_mni_average_305_t4_vox2vox.txt transforms/talairach.auto.xfm
avi2talxfm done
mv -f /out/sourcedata/freesurfer/sub-v2s3x28825_ses-1/mri/talsrcimg_to_711-2C_as_mni_average_305_t4_vox2vox.txt /out/sourcedata/freesurfer/sub-v2s3x28825_ses-1/mri/transforms/talsrcimg_to_711-2C_as_mni_average_305_t4_vox2vox.txt
lta_convert --src orig_nu.mgz --trg /opt/freesurfer/average/mni305.cor.mgz --inxfm transforms/talairach.auto.xfm --outlta transforms/talairach.auto.xfm.lta --subject fsaverage
7.3.2

--src: orig_nu.mgz src image (geometry).
--trg: /opt/freesurfer/average/mni305.cor.mgz trg image (geometry).
--inmni: transforms/talairach.auto.xfm input MNI/XFM transform.
--outlta: transforms/talairach.auto.xfm.lta output LTA.
--s: fsaverage subject name
 LTA read, type : 1
 1.02798  -0.00382  -0.15170  -5.78981;
-0.01427   1.06400   0.15319  -42.45166;
 0.11367  -0.20504   1.10043  -12.78949;
 0.00000   0.00000   0.00000   1.00000;
setting subject to fsaverage
Writing  LTA to file transforms/talairach.auto.xfm.lta...
lta_convert successful.
 
 
Started at Fri Mar 13 02:26:58 CET 2026
Ended   at Fri Mar 13 02:27:13 CET 2026
talairach_avi done
