/out/sourcedata/freesurfer/sub-v2s3x28816_ses-1/mri
/opt/freesurfer/bin/talairach_avi
--i orig_nu.mgz --xfm transforms/talairach.auto.xfm
talairach_avi 7.3.2
Linux dna075 5.14.0-427.37.1.el9_4.x86_64 #1 SMP PREEMPT_DYNAMIC Fri Sep 13 12:41:50 EDT 2024 x86_64 x86_64 x86_64 GNU/Linux
Fri Mar 13 02:10:19 CET 2026
mri_convert orig_nu.mgz talsrcimg.img 
reading from orig_nu.mgz...
TR=0.00, TE=0.00, TI=0.00, flip angle=0.00
i_ras = (-1, 0, 0)
j_ras = (0, 0, -1)
k_ras = (0, 1, 0)
writing to talsrcimg.img...
Analyze Output Matrix
-1.00000   0.00000   0.00000   136.32515;
 0.00000   0.00000   1.00000  -89.42174;
 0.00000  -1.00000   0.00000   131.12582;
 0.00000   0.00000   0.00000   1.00000;
--------------------
INFO: set hdr.hist.orient to -1
mpr2mni305 talsrcimg
Fri Mar 13 02:10:19 CET 2026
/opt/freesurfer/bin/mpr2mni305 talsrcimg
mpr2mni305 7.3.2
target=711-2C_as_mni_average_305

---------------------------------------------------------------------
analyzeto4dfp talsrcimg -O0 -y
---------------------------------------------------------------------

freesurfer ifh2hdr.c
Fri Mar 13 02:10:20 2026
Writing: talsrcimg.4dfp.hdr
freesurfer analyzeto4dfp.c
Reading: talsrcimg.hdr
header size 348 bytes
hdr.dime.datatype	offset=70	value=2
hdr.dime.bitpix		offset=72	value=8
hdr.hist.orient		offset=252	value=-1
dimensionality     4
dimensions       256       256       256         1
Reading: talsrcimg.img
Writing: talsrcimg.4dfp.img
Writing: talsrcimg.4dfp.ifh
ifh2hdr talsrcimg -r0to213
ori=2

---------------------------------------------------------------------
gauss_4dfp talsrcimg 1.1
---------------------------------------------------------------------

freesurfer gauss_4dfp.c
Reading: talsrcimg.4dfp.img
Writing: talsrcimg_g11.4dfp.img
image dimensions 256 256 256 padded to 288 288 288
processing volume 1freesurfer ifh2hdr.c
Fri Mar 13 02:10:21 2026
Writing: talsrcimg_g11.4dfp.hdr

Writing: talsrcimg_g11.4dfp.ifh
including: talsrcimg.4dfp.img.rec in talsrcimg_g11.4dfp.img.rec

---------------------------------------------------------------------
imgreg_4dfp /opt/freesurfer/average/711-2C_as_mni_average_305 none talsrcimg_g11 none talsrcimg_to_711-2C_as_mni_average_305_t4 4355
---------------------------------------------------------------------

freesurfer imgreg_4dfp.c
/opt/freesurfer/average/711-2C_as_mni_average_305.4dfp.img
       256       256       256         1
  1.000000  1.000000  1.000000
orientation T byte_order littleendian
Reading image: /opt/freesurfer/average/711-2C_as_mni_average_305.4dfp.img
dimensions:      256       256       256
mmppix:       1.0000   -1.0000   -1.0000
center:     128.0000 -129.0000 -129.0000
talsrcimg_g11.4dfp.img
       256       256       256         1
  1.000000  1.000000  1.000000
orientation T byte_order littleendian
Reading image: talsrcimg_g11.4dfp.img
dimensions:      256       256       256
mmppix:       1.0000   -1.0000   -1.0000
center:     128.0000 -129.0000 -129.0000
t4_read: open error in t4_sub.f l:  41 t4_file(1:l)talsrcimg_to_711-2C_as_mni_average_305_t4 
t4_read: transform initialized to I4
rotation matrix determinant  1.000000
image alignment mode   4355 decimal     1103 hex
   -7.5000  -45.0000  -45.000010393.8750   14.4001
    0.0000  -45.0000  -45.000010943.9873   14.4037
    7.5000  -45.0000  -45.000010477.7773   14.4238
   -7.5000  -37.5000  -45.000010893.3613   14.3643
    0.0000  -37.5000  -45.000011484.7256   14.3687
    7.5000  -37.5000  -45.000010980.0938   14.3906
   -7.5000  -30.0000  -45.000011738.3389   14.3520
    0.0000  -30.0000  -45.000012381.1787   14.3574
    7.5000  -30.0000  -45.000011812.8555   14.3812
   -7.5000  -22.5000  -45.000012494.3613   14.3505
    0.0000  -22.5000  -45.000013166.2861   14.3562
    7.5000  -22.5000  -45.000012551.7646   14.3806
   -7.5000  -15.0000  -45.000013200.5928   14.3562
    0.0000  -15.0000  -45.000013899.1650   14.3615
    7.5000  -15.0000  -45.000013253.7783   14.3842
   -7.5000   -7.5000  -45.000013785.1230   14.3647
    0.0000   -7.5000  -45.000014492.7832   14.3692
    7.5000   -7.5000  -45.000013838.3711   14.3894
   -7.5000    0.0000  -45.000014298.7705   14.3656
    0.0000    0.0000  -45.000015026.7051   14.3695
    7.5000    0.0000  -45.000014326.6494   14.3895
   -7.5000    7.5000  -45.000013725.8779   14.3585
    0.0000    7.5000  -45.000014413.6143   14.3630
    7.5000    7.5000  -45.000013721.3066   14.3848
   -7.5000   15.0000  -45.000012837.9219   14.3520
    0.0000   15.0000  -45.000013460.7021   14.3574
    7.5000   15.0000  -45.000012782.7490   14.3812
   -7.5000   22.5000  -45.000011775.1152   14.3486
    0.0000   22.5000  -45.000012344.7578   14.3542
    7.5000   22.5000  -45.000011705.5771   14.3786
   -7.5000   30.0000  -45.000010706.4668   14.1649
    0.0000   30.0000  -45.000011214.3213   14.1701
    7.5000   30.0000  -45.000010642.3379   14.1925
   -7.5000   37.5000  -45.000010029.9824   14.1754
    0.0000   37.5000  -45.000010514.2900   14.1798
    7.5000   37.5000  -45.0000 9961.9893   14.1998
   -7.5000   45.0000  -45.0000 9002.9414   13.8708
    0.0000   45.0000  -45.0000 9422.0322   13.8740
    7.5000   45.0000  -45.0000 8917.5264   13.8928
   -7.5000  -45.0000  -37.500010701.7510   14.5886
    0.0000  -45.0000  -37.500011257.7949   14.5920
    7.5000  -45.0000  -37.500010788.8320   14.6158
   -7.5000  -37.5000  -37.500011224.8516   14.5504
    0.0000  -37.5000  -37.500011833.8408   14.5544
    7.5000  -37.5000  -37.500011322.1650   14.5802
   -7.5000  -30.0000  -37.500012096.5586   14.5363
    0.0000  -30.0000  -37.500012760.9697   14.5420
    7.5000  -30.0000  -37.500012183.4570   14.5703
   -7.5000  -22.5000  -37.500012907.0459   14.5349
    0.0000  -22.5000  -37.500013590.2881   14.5419
    7.5000  -22.5000  -37.500012963.3545   14.5716
   -7.5000  -15.0000  -37.500013641.4912   14.5422
    0.0000  -15.0000  -37.500014353.9102   14.5489
    7.5000  -15.0000  -37.500013689.0869   14.5767
   -7.5000   -7.5000  -37.500014240.3613   14.5524
    0.0000   -7.5000  -37.500014972.8984   14.5575
    7.5000   -7.5000  -37.500014267.7773   14.5817
   -7.5000    0.0000  -37.500014729.1455   14.5533
    0.0000    0.0000  -37.500015495.8896   14.5570
    7.5000    0.0000  -37.500014727.0303   14.5807
   -7.5000    7.5000  -37.500014114.0703   14.5444
    0.0000    7.5000  -37.500014827.8135   14.5485
    7.5000    7.5000  -37.500014080.0078   14.5743
   -7.5000   15.0000  -37.500013177.2305   14.5363
    0.0000   15.0000  -37.500013832.9619   14.5420
    7.5000   15.0000  -37.500013128.5625   14.5703
   -7.5000   22.5000  -37.500012067.5664   14.5329
    0.0000   22.5000  -37.500012644.2705   14.5400
    7.5000   22.5000  -37.500011996.8623   14.5696
   -7.5000   30.0000  -37.500010980.0381   14.3484
    0.0000   30.0000  -37.500011497.5908   14.3551
    7.5000   30.0000  -37.500010906.9004   14.3824
   -7.5000   37.5000  -37.500010304.3037   14.3607
    0.0000   37.5000  -37.500010778.3965   14.3657
    7.5000   37.5000  -37.500010228.3809   14.3897
   -7.5000   45.0000  -37.5000 9226.3701   14.0524
    0.0000   45.0000  -37.5000 9643.5615   14.0555
    7.5000   45.0000  -37.5000 9138.7480   14.0779
   -7.5000  -45.0000  -30.000011351.5186   15.1325
    0.0000  -45.0000  -30.000011943.6592   15.1355
    7.5000  -45.0000  -30.000011443.6807   15.1621
   -7.5000  -37.5000  -30.000011914.9639   15.0941
    0.0000  -37.5000  -30.000012558.7715   15.0952
    7.5000  -37.5000  -30.000012018.5068   15.1237
   -7.5000  -30.0000  -30.000012858.0625   15.0786
    0.0000  -30.0000  -30.000013557.9678   15.0799
    7.5000  -30.0000  -30.000012945.4209   15.1100
   -7.5000  -22.5000  -30.000013727.1611   15.0757
    0.0000  -22.5000  -30.000014472.1182   15.0792
    7.5000  -22.5000  -30.000013791.9844   15.1100
   -7.5000  -15.0000  -30.000014511.7080   15.0825
    0.0000  -15.0000  -30.000015276.0801   15.0879
    7.5000  -15.0000  -30.000014554.3057   15.1168
   -7.5000   -7.5000  -30.000015153.3564   15.0937
    0.0000   -7.5000  -30.000015948.0332   15.0990
    7.5000   -7.5000  -30.000015156.9229   15.1251
   -7.5000    0.0000  -30.000015646.3828   15.0962
    0.0000    0.0000  -30.000016469.3379   15.0994
    7.5000    0.0000  -30.000015606.1602   15.1259
   -7.5000    7.5000  -30.000014953.9629   15.0880
    0.0000    7.5000  -30.000015704.6123   15.0891
    7.5000    7.5000  -30.000014880.9658   15.1176
   -7.5000   15.0000  -30.000013963.9229   15.0786
    0.0000   15.0000  -30.000014673.9053   15.0799
    7.5000   15.0000  -30.000013900.6582   15.1100
   -7.5000   22.5000  -30.000012780.8008   15.0720
    0.0000   22.5000  -30.000013401.2520   15.0756
    7.5000   22.5000  -30.000012701.4492   15.1064
   -7.5000   30.0000  -30.000011634.4355   14.8829
    0.0000   30.0000  -30.000012191.6631   14.8883
    7.5000   30.0000  -30.000011555.4941   14.9168
   -7.5000   37.5000  -30.000010920.9619   14.8964
    0.0000   37.5000  -30.000011413.2695   14.9017
    7.5000   37.5000  -30.000010814.1123   14.9274
   -7.5000   45.0000  -30.0000 9754.4443   14.5876
    0.0000   45.0000  -30.000010187.9541   14.5901
    7.5000   45.0000  -30.0000 9644.7227   14.6153
   -7.5000  -45.0000  -22.500011926.2744   15.5990
    0.0000  -45.0000  -22.500012541.7754   15.6015
    7.5000  -45.0000  -22.500012009.4238   15.6275
   -7.5000  -37.5000  -22.500012539.9971   15.5619
    0.0000  -37.5000  -22.500013214.5586   15.5602
    7.5000  -37.5000  -22.500012627.1006   15.5878
   -7.5000  -30.0000  -22.500013542.7236   15.5461
    0.0000  -30.0000  -22.500014288.0830   15.5426
    7.5000  -30.0000  -22.500013626.5615   15.5699
   -7.5000  -22.5000  -22.500014478.5840   15.5411
    0.0000  -22.5000  -22.500015265.4590   15.5403
    7.5000  -22.5000  -22.500014549.1123   15.5667
   -7.5000  -15.0000  -22.500015295.3906   15.5462
    0.0000  -15.0000  -22.500016090.0488   15.5494
    7.5000  -15.0000  -22.500015337.7598   15.5741
   -7.5000   -7.5000  -22.500015991.7559   15.5574
    0.0000   -7.5000  -22.500016820.4668   15.5625
    7.5000   -7.5000  -22.500015990.8857   15.5862
   -7.5000    0.0000  -22.500016501.7441   15.5618
    0.0000    0.0000  -22.500017374.6973   15.5646
    7.5000    0.0000  -22.500016461.0566   15.5905
   -7.5000    7.5000  -22.500015746.0537   15.5555
    0.0000    7.5000  -22.500016545.4121   15.5539
    7.5000    7.5000  -22.500015667.0557   15.5815
   -7.5000   15.0000  -22.500014703.0859   15.5461
    0.0000   15.0000  -22.500015462.7363   15.5426
    7.5000   15.0000  -22.500014638.5840   15.5698
   -7.5000   22.5000  -22.500013467.4072   15.5363
    0.0000   22.5000  -22.500014136.3398   15.5355
    7.5000   22.5000  -22.500013395.1074   15.5619
   -7.5000   30.0000  -22.500012266.2695   15.3428
    0.0000   30.0000  -22.500012854.2930   15.3461
    7.5000   30.0000  -22.500012170.9658   15.3704
   -7.5000   37.5000  -22.500011523.5186   15.3563
    0.0000   37.5000  -22.500012066.1211   15.3614
    7.5000   37.5000  -22.500011419.1318   15.3848
   -7.5000   45.0000  -22.500010273.0488   15.0484
    0.0000   45.0000  -22.500010744.0889   15.0505
    7.5000   45.0000  -22.500010170.4863   15.0753
   -7.5000  -45.0000  -15.000012465.8643   15.9356
    0.0000  -45.0000  -15.000013096.0791   15.9383
    7.5000  -45.0000  -15.000012559.1367   15.9611
   -7.5000  -37.5000  -15.000013103.4893   15.8988
    0.0000  -37.5000  -15.000013788.1582   15.8973
    7.5000  -37.5000  -15.000013200.2432   15.9221
   -7.5000  -30.0000  -15.000014181.8789   15.8835
    0.0000  -30.0000  -15.000014926.9375   15.8797
    7.5000  -30.0000  -15.000014271.5078   15.9035
   -7.5000  -22.5000  -15.000015175.8105   15.8782
    0.0000  -22.5000  -15.000015991.3545   15.8763
    7.5000  -22.5000  -15.000015273.4082   15.8981
   -7.5000  -15.0000  -15.000016018.0586   15.8824
    0.0000  -15.0000  -15.000016832.5195   15.8846
    7.5000  -15.0000  -15.000016097.3945   15.9043
   -7.5000   -7.5000  -15.000016774.1230   15.8931
    0.0000   -7.5000  -15.000017599.9355   15.8976
    7.5000   -7.5000  -15.000016798.2344   15.9174
   -7.5000    0.0000  -15.000017277.2246   15.8977
    0.0000    0.0000  -15.000018150.8633   15.9006
    7.5000    0.0000  -15.000017258.0156   15.9234
   -7.5000    7.5000  -15.000016456.5176   15.8924
    0.0000    7.5000  -15.000017282.0723   15.8909
    7.5000    7.5000  -15.000016409.2188   15.9157
   -7.5000   15.0000  -15.000015358.5410   15.8835
    0.0000   15.0000  -15.000016142.6777   15.8797
    7.5000   15.0000  -15.000015303.1562   15.9035
   -7.5000   22.5000  -15.000014103.1973   15.8726
    0.0000   22.5000  -15.000014791.0645   15.8706
    7.5000   22.5000  -15.000014022.8311   15.8924
   -7.5000   30.0000  -15.000012877.1123   15.6769
    0.0000   30.0000  -15.000013498.9902   15.6790
    7.5000   30.0000  -15.000012774.8154   15.6985
   -7.5000   37.5000  -15.000012123.7266   15.6897
    0.0000   37.5000  -15.000012714.3135   15.6942
    7.5000   37.5000  -15.000012025.8359   15.7138
   -7.5000   45.0000  -15.000010805.4648   15.3821
    0.0000   45.0000  -15.000011329.7969   15.3844
    7.5000   45.0000  -15.000010704.5254   15.4062
   -7.5000  -45.0000   -7.500012962.0947   16.0940
    0.0000  -45.0000   -7.500013595.2412   16.0975
    7.5000  -45.0000   -7.500013036.6748   16.1187
   -7.5000  -37.5000   -7.500013591.1367   16.0555
    0.0000  -37.5000   -7.500014270.9014   16.0576
    7.5000  -37.5000   -7.500013680.7305   16.0808
   -7.5000  -30.0000   -7.500014711.3750   16.0409
    0.0000  -30.0000   -7.500015447.1123   16.0422
    7.5000  -30.0000   -7.500014804.2266   16.0655
   -7.5000  -22.5000   -7.500015803.6719   16.0373
    0.0000  -22.5000   -7.500016643.6777   16.0392
    7.5000  -22.5000   -7.500015899.1328   16.0613
   -7.5000  -15.0000   -7.500016758.9414   16.0426
    0.0000  -15.0000   -7.500017600.1250   16.0461
    7.5000  -15.0000   -7.500016827.1152   16.0661
   -7.5000   -7.5000   -7.500017543.6191   16.0528
    0.0000   -7.5000   -7.500018384.5840   16.0574
    7.5000   -7.5000   -7.500017592.7559   16.0766
   -7.5000    0.0000   -7.500018035.6055   16.0556
    0.0000    0.0000   -7.500018896.4277   16.0594
    7.5000    0.0000   -7.500018074.0137   16.0806
   -7.5000    7.5000   -7.500017124.6289   16.0489
    0.0000    7.5000   -7.500017930.9199   16.0512
    7.5000    7.5000   -7.500017097.4414   16.0743
   -7.5000   15.0000   -7.500015973.6875   16.0409
    0.0000   15.0000   -7.500016739.3438   16.0422
    7.5000   15.0000   -7.500015908.3770   16.0655
   -7.5000   22.5000   -7.500014668.6953   16.0299
    0.0000   22.5000   -7.500015374.7705   16.0318
    7.5000   22.5000   -7.500014576.5020   16.0539
   -7.5000   30.0000   -7.500013426.7520   15.8346
    0.0000   30.0000   -7.500014070.0840   15.8380
    7.5000   30.0000   -7.500013309.3516   15.8578
   -7.5000   37.5000   -7.500012679.8428   15.8469
    0.0000   37.5000   -7.500013264.9131   15.8514
    7.5000   37.5000   -7.500012555.9658   15.8704
   -7.5000   45.0000   -7.500011296.5010   15.5378
    0.0000   45.0000   -7.500011826.3418   15.5410
    7.5000   45.0000   -7.500011167.1738   15.5610
   -7.5000  -45.0000    0.000013314.3701   16.0931
    0.0000  -45.0000    0.000013945.9883   16.0973
    7.5000  -45.0000    0.000013369.6816   16.1202
   -7.5000  -37.5000    0.000013939.8623   16.0526
    0.0000  -37.5000    0.000014573.0107   16.0577
    7.5000  -37.5000    0.000014026.0254   16.0824
   -7.5000  -30.0000    0.000015062.6055   16.0382
    0.0000  -30.0000    0.000015770.9346   16.0444
    7.5000  -30.0000    0.000015186.9658   16.0712
   -7.5000  -22.5000    0.000016221.2695   16.0365
    0.0000  -22.5000    0.000017078.2266   16.0431
    7.5000  -22.5000    0.000016301.4277   16.0707
   -7.5000  -15.0000    0.000017274.0039   16.0434
    0.0000  -15.0000    0.000018106.1367   16.0496
    7.5000  -15.0000    0.000017310.5547   16.0753
   -7.5000   -7.5000    0.000018086.0742   16.0535
    0.0000   -7.5000    0.000018900.0391   16.0589
    7.5000   -7.5000    0.000018125.4766   16.0819
   -7.5000    0.0000    0.000018592.6523   16.0547
    0.0000    0.0000    0.000019434.7988   16.0592
    7.5000    0.0000    0.000018616.8066   16.0819
   -7.5000    7.5000    0.000017582.3398   16.0461
    0.0000    7.5000    0.000018415.6523   16.0513
    7.5000    7.5000    0.000017585.6699   16.0759
   -7.5000   15.0000    0.000016419.9453   16.0382
    0.0000   15.0000    0.000017199.6543   16.0444
    7.5000   15.0000    0.000016373.3164   16.0712
   -7.5000   22.5000    0.000015079.8330   16.0291
    0.0000   22.5000    0.000015795.2314   16.0357
    7.5000   22.5000    0.000015015.6631   16.0632
   -7.5000   30.0000    0.000013794.4502   15.8357
    0.0000   30.0000    0.000014455.2412   15.8419
    7.5000   30.0000    0.000013727.4453   15.8673
   -7.5000   37.5000    0.000013021.5596   15.8481
    0.0000   37.5000    0.000013618.1924   15.8534
    7.5000   37.5000    0.000012941.6826   15.8761
   -7.5000   45.0000    0.000011596.7021   15.5380
    0.0000   45.0000    0.000012129.4893   15.5419
    7.5000   45.0000    0.000011487.8203   15.5633
   -7.5000  -45.0000    7.500012667.2744   16.3250
    0.0000  -45.0000    7.500013296.0078   16.3288
    7.5000  -45.0000    7.500012722.5312   16.3555
   -7.5000  -37.5000    7.500013289.7695   16.2822
    0.0000  -37.5000    7.500013915.9033   16.2867
    7.5000  -37.5000    7.500013349.7012   16.3157
   -7.5000  -30.0000    7.500014385.3770   16.2665
    0.0000  -30.0000    7.500015090.3398   16.2729
    7.5000  -30.0000    7.500014456.8027   16.3046
   -7.5000  -22.5000    7.500015464.1445   16.2650
    0.0000  -22.5000    7.500016247.1680   16.2728
    7.5000  -22.5000    7.500015515.1094   16.3060
   -7.5000  -15.0000    7.500016434.3105   16.2731
    0.0000  -15.0000    7.500017204.8184   16.2806
    7.5000  -15.0000    7.500016450.0664   16.3117
   -7.5000   -7.5000    7.500017258.0059   16.2845
    0.0000   -7.5000    7.500018020.6758   16.2902
    7.5000   -7.5000    7.500017268.1055   16.3173
   -7.5000    0.0000    7.500017771.3887   16.2855
    0.0000    0.0000    7.500018579.0059   16.2896
    7.5000    0.0000    7.500017774.8965   16.3161
   -7.5000    7.5000    7.500016761.9805   16.2756
    0.0000    7.5000    7.500017543.7812   16.2801
    7.5000    7.5000    7.500016768.5762   16.3090
   -7.5000   15.0000    7.500015636.8789   16.2665
    0.0000   15.0000    7.500016373.9258   16.2729
    7.5000   15.0000    7.500015598.2852   16.3046
   -7.5000   22.5000    7.500014339.3174   16.2575
    0.0000   22.5000    7.500015022.9102   16.2653
    7.5000   22.5000    7.500014292.4746   16.2985
   -7.5000   30.0000    7.500013114.5908   16.0625
    0.0000   30.0000    7.500013739.7119   16.0699
    7.5000   30.0000    7.500013065.3643   16.1006
   -7.5000   37.5000    7.500012367.9453   16.0762
    0.0000   37.5000    7.500012937.4092   16.0819
    7.5000   37.5000    7.500012293.2432   16.1087
   -7.5000   45.0000    7.500011011.2275   15.7621
    0.0000   45.0000    7.500011510.1797   15.7655
    7.5000   45.0000    7.500010913.2178   15.7906
   -7.5000  -45.0000   15.000011915.7314   16.6627
    0.0000  -45.0000   15.000012518.0107   16.6660
    7.5000  -45.0000   15.000011972.0791   16.6951
   -7.5000  -37.5000   15.000012549.6943   16.6211
    0.0000  -37.5000   15.000013152.8789   16.6227
    7.5000  -37.5000   15.000012586.4434   16.6541
   -7.5000  -30.0000   15.000013629.9287   16.6048
    0.0000  -30.0000   15.000014318.8623   16.6065
    7.5000  -30.0000   15.000013636.0098   16.6400
   -7.5000  -22.5000   15.000014639.6328   16.6008
    0.0000  -22.5000   15.000015344.6113   16.6046
    7.5000  -22.5000   15.000014613.3574   16.6390
   -7.5000  -15.0000   15.000015522.2031   16.6066
    0.0000  -15.0000   15.000016211.0771   16.6121
    7.5000  -15.0000   15.000015475.8389   16.6443
   -7.5000   -7.5000   15.000016315.6787   16.6181
    0.0000   -7.5000   15.000017020.6309   16.6235
    7.5000   -7.5000   15.000016267.1748   16.6523
   -7.5000    0.0000   15.000016840.7402   16.6217
    0.0000    0.0000   15.000017584.5000   16.6253
    7.5000    0.0000   15.000016784.5059   16.6543
   -7.5000    7.5000   15.000015882.5117   16.6142
    0.0000    7.5000   15.000016608.3301   16.6158
    7.5000    7.5000   15.000015832.5088   16.6472
   -7.5000   15.0000   15.000014785.8330   16.6048
    0.0000   15.0000   15.000015482.0303   16.6065
    7.5000   15.0000   15.000014735.0068   16.6400
   -7.5000   22.5000   15.000013549.5615   16.5931
    0.0000   22.5000   15.000014192.2236   16.5970
    7.5000   22.5000   15.000013485.3340   16.6313
   -7.5000   30.0000   15.000012374.9834   16.3916
    0.0000   30.0000   15.000012956.9395   16.3971
    7.5000   30.0000   15.000012307.6328   16.4289
   -7.5000   37.5000   15.000011671.8594   16.4040
    0.0000   37.5000   15.000012199.9951   16.4093
    7.5000   37.5000   15.000011596.3213   16.4377
   -7.5000   45.0000   15.000010393.1514   16.0781
    0.0000   45.0000   15.000010870.4512   16.0810
    7.5000   45.0000   15.000010310.8818   16.1086
   -7.5000  -45.0000   22.500011127.2432   17.0721
    0.0000  -45.0000   22.500011705.4844   17.0756
    7.5000  -45.0000   22.500011181.8184   17.1035
   -7.5000  -37.5000   22.500011735.6348   17.0320
    0.0000  -37.5000   22.500012335.5449   17.0306
    7.5000  -37.5000   22.500011790.6367   17.0608
   -7.5000  -30.0000   22.500012767.9609   17.0126
    0.0000  -30.0000   22.500013436.5088   17.0091
    7.5000  -30.0000   22.500012804.3447   17.0392
   -7.5000  -22.5000   22.500013679.2275   17.0029
    0.0000  -22.5000   22.500014333.5381   17.0023
    7.5000  -22.5000   22.500013663.0361   17.0311
   -7.5000  -15.0000   22.500014473.4248   17.0053
    0.0000  -15.0000   22.500015117.3984   17.0096
    7.5000  -15.0000   22.500014438.3896   17.0360
   -7.5000   -7.5000   22.500015226.0234   17.0197
    0.0000   -7.5000   22.500015901.9443   17.0262
    7.5000   -7.5000   22.500015195.5049   17.0514
   -7.5000    0.0000   22.500015720.1572   17.0292
    0.0000    0.0000   22.500016437.8887   17.0330
    7.5000    0.0000   22.500015683.1807   17.0608
   -7.5000    7.5000   22.500014854.9482   17.0247
    0.0000    7.5000   22.500015537.5859   17.0233
    7.5000    7.5000   22.500014818.6699   17.0535
   -7.5000   15.0000   22.500013844.2744   17.0126
    0.0000   15.0000   22.500014489.0898   17.0091
    7.5000   15.0000   22.500013785.9785   17.0392
   -7.5000   22.5000   22.500012718.5186   16.9950
    0.0000   22.5000   22.500013303.9043   16.9945
    7.5000   22.5000   22.500012633.5527   17.0232
   -7.5000   30.0000   22.500011605.6367   16.7852
    0.0000   30.0000   22.500012144.1758   16.7895
    7.5000   30.0000   22.500011533.2070   16.8155
   -7.5000   37.5000   22.500010933.6240   16.7996
    0.0000   37.5000   22.500011432.3096   16.8060
    7.5000   37.5000   22.500010860.7158   16.8309
   -7.5000   45.0000   22.5000 9732.0850   16.4609
    0.0000   45.0000   22.500010180.6143   16.4640
    7.5000   45.0000   22.5000 9667.5771   16.4907
   -7.5000  -45.0000   30.000010283.5293   17.5361
    0.0000  -45.0000   30.000010834.7148   17.5413
    7.5000  -45.0000   30.000010330.4199   17.5654
   -7.5000  -37.5000   30.000010853.2852   17.4959
    0.0000  -37.5000   30.000011439.2451   17.4965
    7.5000  -37.5000   30.000010903.2881   17.5235
   -7.5000  -30.0000   30.000011809.5254   17.4750
    0.0000  -30.0000   30.000012442.4688   17.4728
    7.5000  -30.0000   30.000011838.0361   17.4986
   -7.5000  -22.5000   30.000012620.4912   17.4618
    0.0000  -22.5000   30.000013235.4092   17.4615
    7.5000  -22.5000   30.000012623.9531   17.4843
   -7.5000  -15.0000   30.000013305.3066   17.4622
    0.0000  -15.0000   30.000013919.1992   17.4667
    7.5000  -15.0000   30.000013308.5527   17.4865
   -7.5000   -7.5000   30.000014019.5332   17.4781
    0.0000   -7.5000   30.000014678.0107   17.4855
    7.5000   -7.5000   30.000014025.2100   17.5055
   -7.5000    0.0000   30.000014506.9941   17.4908
    0.0000    0.0000   30.000015189.2607   17.4964
    7.5000    0.0000   30.000014512.2051   17.5204
   -7.5000    7.5000   30.000013728.6455   17.4882
    0.0000    7.5000   30.000014379.2832   17.4888
    7.5000    7.5000   30.000013730.8789   17.5157
   -7.5000   15.0000   30.000012801.2373   17.4750
    0.0000   15.0000   30.000013410.2871   17.4728
    7.5000   15.0000   30.000012772.2480   17.4986
   -7.5000   22.5000   30.000011788.4619   17.4538
    0.0000   22.5000   30.000012328.1719   17.4535
    7.5000   22.5000   30.000011735.2783   17.4763
   -7.5000   30.0000   30.000010773.7480   17.2362
    0.0000   30.0000   30.000011269.0537   17.2406
    7.5000   30.0000   30.000010715.9092   17.2602
   -7.5000   37.5000   30.000010111.4268   17.2519
    0.0000   37.5000   30.000010585.9746   17.2592
    7.5000   37.5000   30.000010066.0283   17.2790
   -7.5000   45.0000   30.0000 9026.8027   16.8953
    0.0000   45.0000   30.0000 9434.4297   16.9003
    7.5000   45.0000   30.0000 8980.8311   16.9233
   -7.5000  -45.0000   37.5000 9861.3877   18.1273
    0.0000  -45.0000   37.500010365.4590   18.1325
    7.5000  -45.0000   37.5000 9878.2334   18.1525
   -7.5000  -37.5000   37.500010401.1289   18.0798
    0.0000  -37.5000   37.500010946.3447   18.0835
    7.5000  -37.5000   37.500010439.1602   18.1064
   -7.5000  -30.0000   37.500011293.2900   18.0546
    0.0000  -30.0000   37.500011903.0791   18.0576
    7.5000  -30.0000   37.500011327.3174   18.0816
   -7.5000  -22.5000   37.500012061.0820   18.0418
    0.0000  -22.5000   37.500012654.2480   18.0457
    7.5000  -22.5000   37.500012085.0596   18.0688
   -7.5000  -15.0000   37.500012712.2773   18.0457
    0.0000  -15.0000   37.500013306.1670   18.0517
    7.5000  -15.0000   37.500012731.3740   18.0723
   -7.5000   -7.5000   37.500013382.4775   18.0657
    0.0000   -7.5000   37.500014004.9443   18.0726
    7.5000   -7.5000   37.500013412.4346   18.0911
   -7.5000    0.0000   37.500013876.5264   18.0787
    0.0000    0.0000   37.500014515.0449   18.0842
    7.5000    0.0000   37.500013906.4277   18.1043
   -7.5000    7.5000   37.500013156.1963   18.0716
    0.0000    7.5000   37.500013765.3740   18.0753
    7.5000    7.5000   37.500013185.5020   18.0981
   -7.5000   15.0000   37.500012299.4316   18.0546
    0.0000   15.0000   37.500012866.8408   18.0576
    7.5000   15.0000   37.500012282.9795   18.0816
   -7.5000   22.5000   37.500011337.0850   18.0335
    0.0000   22.5000   37.500011851.0811   18.0374
    7.5000   22.5000   37.500011294.7285   18.0605
   -7.5000   30.0000   37.500010361.4053   17.8122
    0.0000   30.0000   37.500010830.2666   17.8181
    7.5000   30.0000   37.500010314.9053   17.8384
   -7.5000   37.5000   37.5000 9729.3535   17.8319
    0.0000   37.5000   37.500010166.6621   17.8387
    7.5000   37.5000   37.5000 9679.4551   17.8569
   -7.5000   45.0000   37.5000 8697.4639   17.4520
    0.0000   45.0000   37.5000 9073.4023   17.4568
    7.5000   45.0000   37.5000 8651.7588   17.4756
   -7.5000  -45.0000   45.0000 9072.3809   18.7373
    0.0000  -45.0000   45.0000 9523.0508   18.7392
    7.5000  -45.0000   45.0000 9093.4414   18.7615
   -7.5000  -37.5000   45.0000 9567.2676   18.6801
    0.0000  -37.5000   45.000010047.6719   18.6832
    7.5000  -37.5000   45.0000 9598.6133   18.7082
   -7.5000  -30.0000   45.000010365.9629   18.6502
    0.0000  -30.0000   45.000010887.9932   18.6552
    7.5000  -30.0000   45.000010393.6953   18.6835
   -7.5000  -22.5000   45.000011062.2373   18.6391
    0.0000  -22.5000   45.000011589.8691   18.6449
    7.5000  -22.5000   45.000011085.3359   18.6751
   -7.5000  -15.0000   45.000011678.2861   18.6480
    0.0000  -15.0000   45.000012221.0342   18.6537
    7.5000  -15.0000   45.000011698.7871   18.6819
   -7.5000   -7.5000   45.000012278.6025   18.6726
    0.0000   -7.5000   45.000012845.6270   18.6766
    7.5000   -7.5000   45.000012306.5186   18.7002
   -7.5000    0.0000   45.000012754.9229   18.6849
    0.0000    0.0000   45.000013323.7803   18.6871
    7.5000    0.0000   45.000012751.6484   18.7094
   -7.5000    7.5000   45.000012087.5146   18.6713
    0.0000    7.5000   45.000012656.6279   18.6745
    7.5000    7.5000   45.000012104.5244   18.6993
   -7.5000   15.0000   45.000011309.1572   18.6501
    0.0000   15.0000   45.000011828.3818   18.6552
    7.5000   15.0000   45.000011290.3652   18.6835
   -7.5000   22.5000   45.000010434.6475   18.6305
    0.0000   22.5000   45.000010912.6865   18.6362
    7.5000   22.5000   45.000010406.3096   18.6665
   -7.5000   30.0000   45.0000 9546.5898   18.4051
    0.0000   30.0000   45.0000 9993.6738   18.4107
    7.5000   30.0000   45.0000 9511.4014   18.4385
   -7.5000   37.5000   45.0000 8960.1992   18.4294
    0.0000   37.5000   45.0000 9368.7275   18.4333
    7.5000   37.5000   45.0000 8924.4561   18.4566
   -7.5000   45.0000   45.0000 8025.7930   18.0343
    0.0000   45.0000   45.0000 8375.0010   18.0362
    7.5000   45.0000   45.0000 7990.8926   18.0574

---------------------------------------------------------------------
imgreg_4dfp /opt/freesurfer/average/711-2C_as_mni_average_305 /opt/freesurfer/average/711-2B_as_mni_average_305_mask talsrcimg_g11 none talsrcimg_to_711-2C_as_mni_average_305_t4 4355
---------------------------------------------------------------------

freesurfer imgreg_4dfp.c
/opt/freesurfer/average/711-2C_as_mni_average_305.4dfp.img
       256       256       256         1
  1.000000  1.000000  1.000000
orientation T byte_order littleendian
Reading image: /opt/freesurfer/average/711-2C_as_mni_average_305.4dfp.img
dimensions:      256       256       256
mmppix:       1.0000   -1.0000   -1.0000
center:     128.0000 -129.0000 -129.0000
/opt/freesurfer/average/711-2B_as_mni_average_305_mask.4dfp.img
       256       256       256         1
  1.000000  1.000000  1.000000
orientation T byte_order littleendian
Reading mask: /opt/freesurfer/average/711-2B_as_mni_average_305_mask.4dfp.img (2306576 pixels)
talsrcimg_g11.4dfp.img
       256       256       256         1
  1.000000  1.000000  1.000000
orientation T byte_order littleendian
Reading image: talsrcimg_g11.4dfp.img
dimensions:      256       256       256
mmppix:       1.0000   -1.0000   -1.0000
center:     128.0000 -129.0000 -129.0000
rotation matrix determinant  1.000000
image alignment mode   4355 decimal     1103 hex
   -7.5000  -45.0000  -45.0000 2579.6321   14.4417
    0.0000  -45.0000  -45.0000 2604.7754   14.3605
    7.5000  -45.0000  -45.0000 2595.5696   14.4042
   -7.5000  -37.5000  -45.0000 2631.0225   13.5869
    0.0000  -37.5000  -45.0000 2659.2729   13.4940
    7.5000  -37.5000  -45.0000 2646.3772   13.5483
   -7.5000  -30.0000  -45.0000 2667.1648   12.9994
    0.0000  -30.0000  -45.0000 2696.0674   12.9028
    7.5000  -30.0000  -45.0000 2681.2737   12.9519
   -7.5000  -22.5000  -45.0000 2684.0706   12.7196
    0.0000  -22.5000  -45.0000 2710.2073   12.5876
    7.5000  -22.5000  -45.0000 2696.7700   12.6635
   -7.5000  -15.0000  -45.0000 2685.8899   12.6443
    0.0000  -15.0000  -45.0000 2711.7827   12.5168
    7.5000  -15.0000  -45.0000 2700.5095   12.5903
   -7.5000   -7.5000  -45.0000 2671.6843   12.8338
    0.0000   -7.5000  -45.0000 2698.7375   12.6667
    7.5000   -7.5000  -45.0000 2693.4619   12.7499
   -7.5000    0.0000  -45.0000 2645.1951   13.2518
    0.0000    0.0000  -45.0000 2674.2124   13.0832
    7.5000    0.0000  -45.0000 2668.4958   13.1616
   -7.5000    7.5000  -45.0000 2593.2937   13.9446
    0.0000    7.5000  -45.0000 2623.7456   13.7735
    7.5000    7.5000  -45.0000 2613.6423   13.8558
   -7.5000   15.0000  -45.0000 2521.0815   14.9246
    0.0000   15.0000  -45.0000 2544.6453   14.7311
    7.5000   15.0000  -45.0000 2530.6975   14.7869
   -7.5000   22.5000  -45.0000 2424.3682   16.2161
    0.0000   22.5000  -45.0000 2446.0261   15.9866
    7.5000   22.5000  -45.0000 2432.3923   16.0716
   -7.5000   30.0000  -45.0000 2314.3315   17.9322
    0.0000   30.0000  -45.0000 2332.6228   17.7074
    7.5000   30.0000  -45.0000 2320.1880   17.7661
   -7.5000   37.5000  -45.0000 2192.5393   20.1743
    0.0000   37.5000  -45.0000 2211.1294   19.8951
    7.5000   37.5000  -45.0000 2194.6812   19.9203
   -7.5000   45.0000  -45.0000 2061.0029   23.0009
    0.0000   45.0000  -45.0000 2080.1477   22.7069
    7.5000   45.0000  -45.0000 2064.8342   22.7664
   -7.5000  -45.0000  -37.5000 2599.7332   13.9054
    0.0000  -45.0000  -37.5000 2623.0425   13.8167
    7.5000  -45.0000  -37.5000 2618.3887   13.8836
   -7.5000  -37.5000  -37.5000 2654.8362   13.0788
    0.0000  -37.5000  -37.5000 2684.4614   12.9597
    7.5000  -37.5000  -37.5000 2677.3679   13.0204
   -7.5000  -30.0000  -37.5000 2694.0918   12.4966
    0.0000  -30.0000  -37.5000 2723.1995   12.3741
    7.5000  -30.0000  -37.5000 2713.6838   12.4365
   -7.5000  -22.5000  -37.5000 2722.0752   12.1878
    0.0000  -22.5000  -37.5000 2749.2886   12.0609
    7.5000  -22.5000  -37.5000 2735.9946   12.1281
   -7.5000  -15.0000  -37.5000 2727.4067   12.1211
    0.0000  -15.0000  -37.5000 2752.1938   11.9904
    7.5000  -15.0000  -37.5000 2742.2241   12.0646
   -7.5000   -7.5000  -37.5000 2714.6350   12.2978
    0.0000   -7.5000  -37.5000 2741.3418   12.1409
    7.5000   -7.5000  -37.5000 2731.7710   12.2239
   -7.5000    0.0000  -37.5000 2686.9316   12.7111
    0.0000    0.0000  -37.5000 2718.6672   12.5350
    7.5000    0.0000  -37.5000 2704.1755   12.6119
   -7.5000    7.5000  -37.5000 2635.4934   13.3567
    0.0000    7.5000  -37.5000 2663.9922   13.1640
    7.5000    7.5000  -37.5000 2649.3816   13.2513
   -7.5000   15.0000  -37.5000 2554.6987   14.2852
    0.0000   15.0000  -37.5000 2579.1321   14.0732
    7.5000   15.0000  -37.5000 2564.7856   14.1555
   -7.5000   22.5000  -37.5000 2456.8137   15.5028
    0.0000   22.5000  -37.5000 2474.2485   15.2885
    7.5000   22.5000  -37.5000 2461.8979   15.3809
   -7.5000   30.0000  -37.5000 2344.8508   17.1769
    0.0000   30.0000  -37.5000 2361.6257   16.9454
    7.5000   30.0000  -37.5000 2351.4353   17.0206
   -7.5000   37.5000  -37.5000 2220.9658   19.2870
    0.0000   37.5000  -37.5000 2236.8223   19.0465
    7.5000   37.5000  -37.5000 2225.1750   19.0830
   -7.5000   45.0000  -37.5000 2084.2583   22.0380
    0.0000   45.0000  -37.5000 2101.0151   21.7549
    7.5000   45.0000  -37.5000 2084.2781   21.7683
   -7.5000  -45.0000  -30.0000 2691.1074   13.6870
    0.0000  -45.0000  -30.0000 2717.2136   13.5462
    7.5000  -45.0000  -30.0000 2711.9124   13.6574
   -7.5000  -37.5000  -30.0000 2757.7883   12.8135
    0.0000  -37.5000  -30.0000 2788.1196   12.6769
    7.5000  -37.5000  -30.0000 2778.9297   12.7660
   -7.5000  -30.0000  -30.0000 2804.8167   12.2178
    0.0000  -30.0000  -30.0000 2834.4924   12.0784
    7.5000  -30.0000  -30.0000 2824.2566   12.1685
   -7.5000  -22.5000  -30.0000 2840.6777   11.8823
    0.0000  -22.5000  -30.0000 2870.3406   11.7405
    7.5000  -22.5000  -30.0000 2854.3545   11.8296
   -7.5000  -15.0000  -30.0000 2852.7988   11.7982
    0.0000  -15.0000  -30.0000 2878.8398   11.6626
    7.5000  -15.0000  -30.0000 2865.2891   11.7468
   -7.5000   -7.5000  -30.0000 2840.7024   11.9580
    0.0000   -7.5000  -30.0000 2872.4397   11.8093
    7.5000   -7.5000  -30.0000 2854.6504   11.8854
   -7.5000    0.0000  -30.0000 2810.9541   12.3418
    0.0000    0.0000  -30.0000 2846.4839   12.1711
    7.5000    0.0000  -30.0000 2826.4761   12.2640
   -7.5000    7.5000  -30.0000 2753.6699   12.9614
    0.0000    7.5000  -30.0000 2783.8022   12.7694
    7.5000    7.5000  -30.0000 2765.3481   12.8789
   -7.5000   15.0000  -30.0000 2665.3694   13.8791
    0.0000   15.0000  -30.0000 2694.2080   13.6746
    7.5000   15.0000  -30.0000 2677.1040   13.7801
   -7.5000   22.5000  -30.0000 2561.2576   15.0932
    0.0000   22.5000  -30.0000 2582.5815   14.8915
    7.5000   22.5000  -30.0000 2570.4790   14.9892
   -7.5000   30.0000  -30.0000 2446.4419   16.7377
    0.0000   30.0000  -30.0000 2465.9922   16.5193
    7.5000   30.0000  -30.0000 2454.5842   16.5990
   -7.5000   37.5000  -30.0000 2316.5479   18.7995
    0.0000   37.5000  -30.0000 2326.7896   18.5596
    7.5000   37.5000  -30.0000 2317.0134   18.6349
   -7.5000   45.0000  -30.0000 2169.0791   21.4982
    0.0000   45.0000  -30.0000 2184.9949   21.2235
    7.5000   45.0000  -30.0000 2169.7729   21.2730
   -7.5000  -45.0000  -22.5000 2733.1809   13.4488
    0.0000  -45.0000  -22.5000 2763.0981   13.2836
    7.5000  -45.0000  -22.5000 2755.0940   13.4063
   -7.5000  -37.5000  -22.5000 2812.0542   12.5535
    0.0000  -37.5000  -22.5000 2844.0615   12.3908
    7.5000  -37.5000  -22.5000 2835.5239   12.5012
   -7.5000  -30.0000  -22.5000 2869.0586   11.9291
    0.0000  -30.0000  -22.5000 2901.4570   11.7599
    7.5000  -30.0000  -22.5000 2889.0042   11.8705
   -7.5000  -22.5000  -22.5000 2912.9885   11.5757
    0.0000  -22.5000  -22.5000 2944.2122   11.4250
    7.5000  -22.5000  -22.5000 2928.9893   11.5379
   -7.5000  -15.0000  -22.5000 2925.7861   11.4733
    0.0000  -15.0000  -22.5000 2959.8921   11.3189
    7.5000  -15.0000  -22.5000 2940.6589   11.4351
   -7.5000   -7.5000  -22.5000 2919.4463   11.6063
    0.0000   -7.5000  -22.5000 2954.4312   11.4645
    7.5000   -7.5000  -22.5000 2934.4482   11.5715
   -7.5000    0.0000  -22.5000 2887.0005   11.9741
    0.0000    0.0000  -22.5000 2924.4812   11.8158
    7.5000    0.0000  -22.5000 2902.3030   11.9128
   -7.5000    7.5000  -22.5000 2824.9424   12.5862
    0.0000    7.5000  -22.5000 2854.8538   12.4142
    7.5000    7.5000  -22.5000 2836.6252   12.5271
   -7.5000   15.0000  -22.5000 2733.8259   13.4957
    0.0000   15.0000  -22.5000 2760.1323   13.3080
    7.5000   15.0000  -22.5000 2742.9392   13.4260
   -7.5000   22.5000  -22.5000 2630.2246   14.7334
    0.0000   22.5000  -22.5000 2651.4805   14.5354
    7.5000   22.5000  -22.5000 2634.3198   14.6471
   -7.5000   30.0000  -22.5000 2509.3655   16.3574
    0.0000   30.0000  -22.5000 2529.9299   16.1168
    7.5000   30.0000  -22.5000 2513.2632   16.2370
   -7.5000   37.5000  -22.5000 2372.2024   18.4087
    0.0000   37.5000  -22.5000 2391.2451   18.1425
    7.5000   37.5000  -22.5000 2376.4717   18.2549
   -7.5000   45.0000  -22.5000 2224.8870   20.9877
    0.0000   45.0000  -22.5000 2237.8528   20.7437
    7.5000   45.0000  -22.5000 2223.0061   20.8349
   -7.5000  -45.0000  -15.0000 2738.5234   13.3035
    0.0000  -45.0000  -15.0000 2766.9956   13.1105
    7.5000  -45.0000  -15.0000 2760.9458   13.2601
   -7.5000  -37.5000  -15.0000 2828.0024   12.3656
    0.0000  -37.5000  -15.0000 2859.2043   12.1827
    7.5000  -37.5000  -15.0000 2853.4038   12.3254
   -7.5000  -30.0000  -15.0000 2899.1223   11.7066
    0.0000  -30.0000  -15.0000 2934.1912   11.5175
    7.5000  -30.0000  -15.0000 2922.3782   11.6640
   -7.5000  -22.5000  -15.0000 2949.0979   11.3499
    0.0000  -22.5000  -15.0000 2985.3738   11.1842
    7.5000  -22.5000  -15.0000 2973.4277   11.3292
   -7.5000  -15.0000  -15.0000 2969.9102   11.2361
    0.0000  -15.0000  -15.0000 3009.6440   11.0603
    7.5000  -15.0000  -15.0000 2985.3274   11.2115
   -7.5000   -7.5000  -15.0000 2970.0378   11.3566
    0.0000   -7.5000  -15.0000 3007.0881   11.1915
    7.5000   -7.5000  -15.0000 2979.5378   11.3226
   -7.5000    0.0000  -15.0000 2929.9404   11.7087
    0.0000    0.0000  -15.0000 2964.5320   11.5552
    7.5000    0.0000  -15.0000 2939.1172   11.6635
   -7.5000    7.5000  -15.0000 2863.0854   12.3307
    0.0000    7.5000  -15.0000 2890.6592   12.1740
    7.5000    7.5000  -15.0000 2869.9187   12.2950
   -7.5000   15.0000  -15.0000 2768.4751   13.2313
    0.0000   15.0000  -15.0000 2793.7935   13.0353
    7.5000   15.0000  -15.0000 2770.6152   13.1773
   -7.5000   22.5000  -15.0000 2664.7239   14.4804
    0.0000   22.5000  -15.0000 2683.6536   14.2730
    7.5000   22.5000  -15.0000 2664.6760   14.4189
   -7.5000   30.0000  -15.0000 2541.9077   16.0956
    0.0000   30.0000  -15.0000 2562.9919   15.8753
    7.5000   30.0000  -15.0000 2543.2761   15.9970
   -7.5000   37.5000  -15.0000 2404.2324   18.0846
    0.0000   37.5000  -15.0000 2424.9453   17.8528
    7.5000   37.5000  -15.0000 2407.2896   17.9758
   -7.5000   45.0000  -15.0000 2252.0718   20.5354
    0.0000   45.0000  -15.0000 2267.5811   20.3315
    7.5000   45.0000  -15.0000 2252.7305   20.4441
   -7.5000  -45.0000   -7.5000 2718.4187   13.2554
    0.0000  -45.0000   -7.5000 2746.8774   13.0209
    7.5000  -45.0000   -7.5000 2740.0286   13.2258
   -7.5000  -37.5000   -7.5000 2818.0232   12.2676
    0.0000  -37.5000   -7.5000 2848.5044   12.0461
    7.5000  -37.5000   -7.5000 2838.8152   12.2272
   -7.5000  -30.0000   -7.5000 2903.0610   11.5638
    0.0000  -30.0000   -7.5000 2940.9426   11.3593
    7.5000  -30.0000   -7.5000 2924.6404   11.5434
   -7.5000  -22.5000   -7.5000 2969.2380   11.2017
    0.0000  -22.5000   -7.5000 3008.3962   11.0186
    7.5000  -22.5000   -7.5000 2991.4753   11.1759
   -7.5000  -15.0000   -7.5000 3003.7393   11.0863
    0.0000  -15.0000   -7.5000 3048.5161   10.8946
    7.5000  -15.0000   -7.5000 3014.3774   11.0843
   -7.5000   -7.5000   -7.5000 2998.3555   11.2332
    0.0000   -7.5000   -7.5000 3037.8843   11.0410
    7.5000   -7.5000   -7.5000 3001.2402   11.2262
   -7.5000    0.0000   -7.5000 2949.4890   11.6025
    0.0000    0.0000   -7.5000 2982.8831   11.4318
    7.5000    0.0000   -7.5000 2952.9109   11.5765
   -7.5000    7.5000   -7.5000 2876.6038   12.1996
    0.0000    7.5000   -7.5000 2904.7395   12.0270
    7.5000    7.5000   -7.5000 2878.5215   12.1676
   -7.5000   15.0000   -7.5000 2781.3096   13.0915
    0.0000   15.0000   -7.5000 2803.8088   12.9051
    7.5000   15.0000   -7.5000 2781.0435   13.0430
   -7.5000   22.5000   -7.5000 2673.1487   14.3327
    0.0000   22.5000   -7.5000 2693.6094   14.1351
    7.5000   22.5000   -7.5000 2669.0613   14.2854
   -7.5000   30.0000   -7.5000 2551.2852   15.8962
    0.0000   30.0000   -7.5000 2571.7620   15.6918
    7.5000   30.0000   -7.5000 2550.5745   15.8389
   -7.5000   37.5000   -7.5000 2416.8218   17.8553
    0.0000   37.5000   -7.5000 2431.7935   17.6484
    7.5000   37.5000   -7.5000 2415.6396   17.7711
   -7.5000   45.0000   -7.5000 2261.0725   20.2388
    0.0000   45.0000   -7.5000 2276.0898   20.0441
    7.5000   45.0000   -7.5000 2260.7742   20.1521
   -7.5000  -45.0000    0.0000 2693.4529   13.3834
    0.0000  -45.0000    0.0000 2718.6392   13.0998
    7.5000  -45.0000    0.0000 2712.3010   13.3321
   -7.5000  -37.5000    0.0000 2795.4133   12.3140
    0.0000  -37.5000    0.0000 2825.5674   12.0585
    7.5000  -37.5000    0.0000 2816.0750   12.2907
   -7.5000  -30.0000    0.0000 2889.8987   11.5520
    0.0000  -30.0000    0.0000 2923.9241   11.3226
    7.5000  -30.0000    0.0000 2910.4812   11.5626
   -7.5000  -22.5000    0.0000 2969.2695   11.1707
    0.0000  -22.5000    0.0000 3006.5339   10.9687
    7.5000  -22.5000    0.0000 2981.4653   11.1849
   -7.5000  -15.0000    0.0000 3013.5815   11.0618
    0.0000  -15.0000    0.0000 3058.4077   10.8844
    7.5000  -15.0000    0.0000 3016.4709   11.0788
   -7.5000   -7.5000    0.0000 3001.3887   11.2380
    0.0000   -7.5000    0.0000 3044.4702   11.0232
    7.5000   -7.5000    0.0000 3002.2693   11.2363
   -7.5000    0.0000    0.0000 2948.4883   11.5834
    0.0000    0.0000    0.0000 2983.8967   11.3862
    7.5000    0.0000    0.0000 2952.1753   11.5717
   -7.5000    7.5000    0.0000 2871.7888   12.1953
    0.0000    7.5000    0.0000 2902.9788   12.0116
    7.5000    7.5000    0.0000 2879.1758   12.1584
   -7.5000   15.0000    0.0000 2783.7012   13.0930
    0.0000   15.0000    0.0000 2807.5994   12.9240
    7.5000   15.0000    0.0000 2787.3982   13.0555
   -7.5000   22.5000    0.0000 2677.2053   14.2859
    0.0000   22.5000    0.0000 2692.9702   14.1104
    7.5000   22.5000    0.0000 2674.1841   14.2597
   -7.5000   30.0000    0.0000 2552.3794   15.7977
    0.0000   30.0000    0.0000 2567.6699   15.6162
    7.5000   30.0000    0.0000 2550.3748   15.7782
   -7.5000   37.5000    0.0000 2413.5127   17.7060
    0.0000   37.5000    0.0000 2424.8733   17.5226
    7.5000   37.5000    0.0000 2413.0000   17.6694
   -7.5000   45.0000    0.0000 2258.4822   20.0539
    0.0000   45.0000    0.0000 2272.7751   19.8731
    7.5000   45.0000    0.0000 2256.4060   20.0074
   -7.5000  -45.0000    7.5000 2666.5750   13.6426
    0.0000  -45.0000    7.5000 2693.0723   13.3651
    7.5000  -45.0000    7.5000 2685.9751   13.6037
   -7.5000  -37.5000    7.5000 2770.3113   12.5477
    0.0000  -37.5000    7.5000 2799.4390   12.2946
    7.5000  -37.5000    7.5000 2791.5005   12.5200
   -7.5000  -30.0000    7.5000 2864.6533   11.7750
    0.0000  -30.0000    7.5000 2896.6589   11.5367
    7.5000  -30.0000    7.5000 2880.8381   11.7666
   -7.5000  -22.5000    7.5000 2951.1377   11.3509
    0.0000  -22.5000    7.5000 2983.7351   11.1546
    7.5000  -22.5000    7.5000 2959.0083   11.3560
   -7.5000  -15.0000    7.5000 3000.4775   11.1647
    0.0000  -15.0000    7.5000 3035.4265   10.9961
    7.5000  -15.0000    7.5000 2996.2588   11.2035
   -7.5000   -7.5000    7.5000 2992.1204   11.3524
    0.0000   -7.5000    7.5000 3021.1260   11.1549
    7.5000   -7.5000    7.5000 2987.5295   11.3747
   -7.5000    0.0000    7.5000 2939.1370   11.7405
    0.0000    0.0000    7.5000 2968.3237   11.5457
    7.5000    0.0000    7.5000 2939.8989   11.7265
   -7.5000    7.5000    7.5000 2866.3992   12.3488
    0.0000    7.5000    7.5000 2896.0588   12.1629
    7.5000    7.5000    7.5000 2867.0010   12.3388
   -7.5000   15.0000    7.5000 2777.3845   13.2334
    0.0000   15.0000    7.5000 2799.1777   13.0455
    7.5000   15.0000    7.5000 2775.4246   13.2075
   -7.5000   22.5000    7.5000 2669.0522   14.3896
    0.0000   22.5000    7.5000 2684.6831   14.2196
    7.5000   22.5000    7.5000 2669.2292   14.3701
   -7.5000   30.0000    7.5000 2545.9883   15.8627
    0.0000   30.0000    7.5000 2557.6460   15.6659
    7.5000   30.0000    7.5000 2542.2988   15.8215
   -7.5000   37.5000    7.5000 2405.1394   17.7199
    0.0000   37.5000    7.5000 2414.4297   17.5167
    7.5000   37.5000    7.5000 2398.9624   17.6540
   -7.5000   45.0000    7.5000 2243.3357   20.0395
    0.0000   45.0000    7.5000 2259.1108   19.8441
    7.5000   45.0000    7.5000 2242.1973   19.9760
   -7.5000  -45.0000   15.0000 2636.7283   14.0836
    0.0000  -45.0000   15.0000 2663.2039   13.8124
    7.5000  -45.0000   15.0000 2652.4182   14.0359
   -7.5000  -37.5000   15.0000 2742.8989   12.9935
    0.0000  -37.5000   15.0000 2767.7446   12.7213
    7.5000  -37.5000   15.0000 2759.1074   12.9322
   -7.5000  -30.0000   15.0000 2840.3137   12.2360
    0.0000  -30.0000   15.0000 2867.1838   11.9826
    7.5000  -30.0000   15.0000 2849.2649   12.1783
   -7.5000  -22.5000   15.0000 2922.4817   11.7506
    0.0000  -22.5000   15.0000 2951.0986   11.5399
    7.5000  -22.5000   15.0000 2924.3250   11.7034
   -7.5000  -15.0000   15.0000 2970.5964   11.5292
    0.0000  -15.0000   15.0000 2996.3684   11.3034
    7.5000  -15.0000   15.0000 2964.0759   11.5162
   -7.5000   -7.5000   15.0000 2962.8545   11.7056
    0.0000   -7.5000   15.0000 2983.7944   11.4858
    7.5000   -7.5000   15.0000 2957.7190   11.6785
   -7.5000    0.0000   15.0000 2916.2197   12.0769
    0.0000    0.0000   15.0000 2939.2473   11.8696
    7.5000    0.0000   15.0000 2914.4268   12.0538
   -7.5000    7.5000   15.0000 2842.9390   12.6969
    0.0000    7.5000   15.0000 2864.7734   12.4887
    7.5000    7.5000   15.0000 2841.3125   12.6614
   -7.5000   15.0000   15.0000 2753.8347   13.5615
    0.0000   15.0000   15.0000 2773.9810   13.3592
    7.5000   15.0000   15.0000 2752.0347   13.5191
   -7.5000   22.5000   15.0000 2648.0557   14.6799
    0.0000   22.5000   15.0000 2664.9438   14.4998
    7.5000   22.5000   15.0000 2642.1736   14.6388
   -7.5000   30.0000   15.0000 2525.6887   16.1008
    0.0000   30.0000   15.0000 2538.0444   15.9174
    7.5000   30.0000   15.0000 2517.5554   16.0329
   -7.5000   37.5000   15.0000 2382.3347   17.9321
    0.0000   37.5000   15.0000 2390.8469   17.7400
    7.5000   37.5000   15.0000 2377.0796   17.8517
   -7.5000   45.0000   15.0000 2223.2878   20.2497
    0.0000   45.0000   15.0000 2236.1428   20.0478
    7.5000   45.0000   15.0000 2219.4292   20.1646
   -7.5000  -45.0000   22.5000 2601.2581   14.7176
    0.0000  -45.0000   22.5000 2627.3010   14.4498
    7.5000  -45.0000   22.5000 2614.5747   14.6353
   -7.5000  -37.5000   22.5000 2710.0332   13.6116
    0.0000  -37.5000   22.5000 2737.7180   13.3366
    7.5000  -37.5000   22.5000 2723.5825   13.5405
   -7.5000  -30.0000   22.5000 2810.2551   12.8554
    0.0000  -30.0000   22.5000 2837.3311   12.5966
    7.5000  -30.0000   22.5000 2814.9343   12.7743
   -7.5000  -22.5000   22.5000 2886.4041   12.3246
    0.0000  -22.5000   22.5000 2911.2844   12.0821
    7.5000  -22.5000   22.5000 2883.3269   12.2577
   -7.5000  -15.0000   22.5000 2931.0498   12.0796
    0.0000  -15.0000   22.5000 2953.3455   11.8323
    7.5000  -15.0000   22.5000 2922.9761   12.0026
   -7.5000   -7.5000   22.5000 2918.6177   12.2341
    0.0000   -7.5000   22.5000 2939.1641   12.0056
    7.5000   -7.5000   22.5000 2914.5664   12.1672
   -7.5000    0.0000   22.5000 2872.7473   12.5772
    0.0000    0.0000   22.5000 2893.3403   12.3633
    7.5000    0.0000   22.5000 2870.8262   12.5126
   -7.5000    7.5000   22.5000 2804.7622   13.2017
    0.0000    7.5000   22.5000 2823.9412   12.9896
    7.5000    7.5000   22.5000 2802.5249   13.1372
   -7.5000   15.0000   22.5000 2716.3354   14.0591
    0.0000   15.0000   22.5000 2733.0186   13.8659
    7.5000   15.0000   22.5000 2714.2295   13.9995
   -7.5000   22.5000   22.5000 2612.6624   15.1762
    0.0000   22.5000   22.5000 2623.8853   14.9890
    7.5000   22.5000   22.5000 2604.2275   15.1044
   -7.5000   30.0000   22.5000 2484.4548   16.5771
    0.0000   30.0000   22.5000 2497.8047   16.3996
    7.5000   30.0000   22.5000 2482.7402   16.4830
   -7.5000   37.5000   22.5000 2346.2930   18.3983
    0.0000   37.5000   22.5000 2355.8865   18.2098
    7.5000   37.5000   22.5000 2344.8782   18.3232
   -7.5000   45.0000   22.5000 2185.2461   20.6825
    0.0000   45.0000   22.5000 2200.6184   20.5286
    7.5000   45.0000   22.5000 2183.4194   20.6377
   -7.5000  -45.0000   30.0000 2555.4331   15.5249
    0.0000  -45.0000   30.0000 2583.6440   15.3048
    7.5000  -45.0000   30.0000 2564.8579   15.4409
   -7.5000  -37.5000   30.0000 2668.0774   14.3989
    0.0000  -37.5000   30.0000 2695.4307   14.1678
    7.5000  -37.5000   30.0000 2672.1692   14.3343
   -7.5000  -30.0000   30.0000 2766.1301   13.6151
    0.0000  -30.0000   30.0000 2794.7322   13.3646
    7.5000  -30.0000   30.0000 2765.9478   13.5329
   -7.5000  -22.5000   30.0000 2836.0508   13.0521
    0.0000  -22.5000   30.0000 2863.2563   12.7985
    7.5000  -22.5000   30.0000 2832.1396   12.9624
   -7.5000  -15.0000   30.0000 2870.2500   12.7705
    0.0000  -15.0000   30.0000 2895.1780   12.5419
    7.5000  -15.0000   30.0000 2866.9104   12.6833
   -7.5000   -7.5000   30.0000 2856.1899   12.8986
    0.0000   -7.5000   30.0000 2881.3496   12.6792
    7.5000   -7.5000   30.0000 2853.2502   12.8300
   -7.5000    0.0000   30.0000 2812.8843   13.2384
    0.0000    0.0000   30.0000 2833.3213   13.0445
    7.5000    0.0000   30.0000 2810.3252   13.1694
   -7.5000    7.5000   30.0000 2752.0518   13.8360
    0.0000    7.5000   30.0000 2772.8672   13.6458
    7.5000    7.5000   30.0000 2751.1099   13.7725
   -7.5000   15.0000   30.0000 2662.2700   14.6636
    0.0000   15.0000   30.0000 2682.3359   14.4850
    7.5000   15.0000   30.0000 2660.7319   14.6045
   -7.5000   22.5000   30.0000 2559.5410   15.7768
    0.0000   22.5000   30.0000 2572.3201   15.6178
    7.5000   22.5000   30.0000 2554.5283   15.7200
   -7.5000   30.0000   30.0000 2432.4622   17.2080
    0.0000   30.0000   30.0000 2446.0122   17.0706
    7.5000   30.0000   30.0000 2430.6748   17.1536
   -7.5000   37.5000   30.0000 2292.5791   19.0069
    0.0000   37.5000   30.0000 2307.8613   18.8432
    7.5000   37.5000   30.0000 2292.1458   18.9401
   -7.5000   45.0000   30.0000 2137.0649   21.3407
    0.0000   45.0000   30.0000 2148.5410   21.1808
    7.5000   45.0000   30.0000 2137.6125   21.3119
   -7.5000  -45.0000   37.5000 2506.1238   16.5634
    0.0000  -45.0000   37.5000 2529.8384   16.3318
    7.5000  -45.0000   37.5000 2508.3286   16.4392
   -7.5000  -37.5000   37.5000 2615.0381   15.3582
    0.0000  -37.5000   37.5000 2638.6008   15.1476
    7.5000  -37.5000   37.5000 2611.7200   15.2838
   -7.5000  -30.0000   37.5000 2708.8906   14.5052
    0.0000  -30.0000   37.5000 2734.8521   14.2803
    7.5000  -30.0000   37.5000 2701.7625   14.4442
   -7.5000  -22.5000   37.5000 2771.7163   13.8996
    0.0000  -22.5000   37.5000 2798.1404   13.6725
    7.5000  -22.5000   37.5000 2765.9924   13.8390
   -7.5000  -15.0000   37.5000 2799.8457   13.6291
    0.0000  -15.0000   37.5000 2822.6023   13.4110
    7.5000  -15.0000   37.5000 2795.2197   13.5512
   -7.5000   -7.5000   37.5000 2785.2666   13.7096
    0.0000   -7.5000   37.5000 2812.6865   13.4877
    7.5000   -7.5000   37.5000 2786.1445   13.6441
   -7.5000    0.0000   37.5000 2747.3984   14.0360
    0.0000    0.0000   37.5000 2767.0879   13.8479
    7.5000    0.0000   37.5000 2746.4236   13.9729
   -7.5000    7.5000   37.5000 2689.5579   14.6137
    0.0000    7.5000   37.5000 2709.1975   14.4196
    7.5000    7.5000   37.5000 2690.3345   14.5374
   -7.5000   15.0000   37.5000 2606.1472   15.4515
    0.0000   15.0000   37.5000 2622.7134   15.2607
    7.5000   15.0000   37.5000 2601.1909   15.3776
   -7.5000   22.5000   37.5000 2502.4404   16.5537
    0.0000   22.5000   37.5000 2515.8486   16.3986
    7.5000   22.5000   37.5000 2495.8293   16.4808
   -7.5000   30.0000   37.5000 2373.9238   18.0047
    0.0000   30.0000   37.5000 2384.8955   17.8609
    7.5000   30.0000   37.5000 2369.9519   17.9331
   -7.5000   37.5000   37.5000 2236.8687   19.8407
    0.0000   37.5000   37.5000 2249.8779   19.6703
    7.5000   37.5000   37.5000 2233.3022   19.7748
   -7.5000   45.0000   37.5000 2088.6509   22.3208
    0.0000   45.0000   37.5000 2097.7263   22.1219
    7.5000   45.0000   37.5000 2089.3840   22.2752
   -7.5000  -45.0000   45.0000 2447.8911   17.7386
    0.0000  -45.0000   45.0000 2467.7705   17.5207
    7.5000  -45.0000   45.0000 2447.1643   17.6457
   -7.5000  -37.5000   45.0000 2555.2717   16.4663
    0.0000  -37.5000   45.0000 2572.6423   16.2608
    7.5000  -37.5000   45.0000 2550.0142   16.4118
   -7.5000  -30.0000   45.0000 2638.4041   15.5456
    0.0000  -30.0000   45.0000 2657.3457   15.3257
    7.5000  -30.0000   45.0000 2631.0205   15.4959
   -7.5000  -22.5000   45.0000 2694.6721   14.9182
    0.0000  -22.5000   45.0000 2715.0217   14.6958
    7.5000  -22.5000   45.0000 2687.3440   14.8474
   -7.5000  -15.0000   45.0000 2718.0396   14.6386
    0.0000  -15.0000   45.0000 2738.3372   14.4127
    7.5000  -15.0000   45.0000 2712.9973   14.5567
   -7.5000   -7.5000   45.0000 2705.1338   14.6591
    0.0000   -7.5000   45.0000 2729.1523   14.4510
    7.5000   -7.5000   45.0000 2707.1716   14.5965
   -7.5000    0.0000   45.0000 2675.9663   14.9732
    0.0000    0.0000   45.0000 2692.8044   14.7799
    7.5000    0.0000   45.0000 2671.4207   14.8892
   -7.5000    7.5000   45.0000 2619.3250   15.5172
    0.0000    7.5000   45.0000 2637.3406   15.3588
    7.5000    7.5000   45.0000 2617.0820   15.4305
   -7.5000   15.0000   45.0000 2541.0823   16.3620
    0.0000   15.0000   45.0000 2555.7324   16.2074
    7.5000   15.0000   45.0000 2534.6824   16.2779
   -7.5000   22.5000   45.0000 2434.3174   17.5057
    0.0000   22.5000   45.0000 2448.4409   17.3373
    7.5000   22.5000   45.0000 2425.6987   17.4082
   -7.5000   30.0000   45.0000 2308.9702   18.9906
    0.0000   30.0000   45.0000 2322.3135   18.8491
    7.5000   30.0000   45.0000 2303.4771   18.9132
   -7.5000   37.5000   45.0000 2174.5344   20.8924
    0.0000   37.5000   45.0000 2186.9956   20.7636
    7.5000   37.5000   45.0000 2171.6306   20.8588
   -7.5000   45.0000   45.0000 2038.4171   23.4978
    0.0000   45.0000   45.0000 2047.2380   23.3077
    7.5000   45.0000   45.0000 2038.2070   23.4356

---------------------------------------------------------------------
imgreg_4dfp /opt/freesurfer/average/711-2C_as_mni_average_305 /opt/freesurfer/average/711-2B_as_mni_average_305_mask talsrcimg_g11 none talsrcimg_to_711-2C_as_mni_average_305_t4 1283
---------------------------------------------------------------------

freesurfer imgreg_4dfp.c
/opt/freesurfer/average/711-2C_as_mni_average_305.4dfp.img
       256       256       256         1
  1.000000  1.000000  1.000000
orientation T byte_order littleendian
Reading image: /opt/freesurfer/average/711-2C_as_mni_average_305.4dfp.img
dimensions:      256       256       256
mmppix:       1.0000   -1.0000   -1.0000
center:     128.0000 -129.0000 -129.0000
/opt/freesurfer/average/711-2B_as_mni_average_305_mask.4dfp.img
       256       256       256         1
  1.000000  1.000000  1.000000
orientation T byte_order littleendian
Reading mask: /opt/freesurfer/average/711-2B_as_mni_average_305_mask.4dfp.img (2306576 pixels)
talsrcimg_g11.4dfp.img
       256       256       256         1
  1.000000  1.000000  1.000000
orientation T byte_order littleendian
Reading image: talsrcimg_g11.4dfp.img
dimensions:      256       256       256
mmppix:       1.0000   -1.0000   -1.0000
center:     128.0000 -129.0000 -129.0000
rotation matrix determinant  1.000000
fimgreg.f
image alignment mode   1283 decimal      503 hex
parameters
    0.0000  -15.0000    0.0000    0.0000    0.0000    0.0000
eta,q 0.95958 10.90185
niter,ni,del,rscale     5    3   12.0000    1.2000
parameter  3  0.530744 ->  0.500000 qaram    1.1500
parameter  4  1.070664 ->  0.500000 qaram    1.1500
parameters
    0.3045  -12.2971   -3.4500   -3.4500    2.2320    1.1023
eta,q 0.96300 10.89800
  0.0536  0.0500  0.0409  0.0368  0.0462  0.0416
  0.0485  0.0466  0.0392  0.0377  0.0429  0.0397
  0.0441  0.0439  0.0392  0.0382  0.0398  0.0378
  0.0423  0.0422  0.0406  0.0389  0.0378  0.0370
  0.0433  0.0410  0.0430  0.0410  0.0370  0.0372
  0.0468  0.0409  0.0453  0.0437  0.0375  0.0379
  0.0517  0.0427  0.0477  0.0457  0.0393  0.0392
niter,ni,del,rscale     6    3   12.0000    1.2000
parameter  4  0.640487 ->  0.500000 qaram    1.3225
parameters
   -0.2812  -11.5429   -3.0502   -7.4175    2.2965    0.9667
eta,q 0.96477 10.83657
  0.0470  0.0430  0.0438  0.0355  0.0411  0.0379
  0.0412  0.0409  0.0402  0.0351  0.0380  0.0367
  0.0374  0.0387  0.0373  0.0357  0.0359  0.0357
  0.0370  0.0368  0.0364  0.0365  0.0352  0.0352
  0.0396  0.0364  0.0374  0.0373  0.0361  0.0355
  0.0447  0.0380  0.0393  0.0394  0.0379  0.0365
  0.0512  0.0415  0.0421  0.0424  0.0407  0.0385
niter,ni,del,rscale     6    3   12.0000    1.2000
parameters
   -0.3372  -10.2017   -3.8430   -9.0560    2.5126    0.6947
eta,q 0.96567 10.85196
  0.0480  0.0463  0.0407  0.0373  0.0403  0.0371
  0.0416  0.0404  0.0369  0.0345  0.0371  0.0358
  0.0367  0.0368  0.0353  0.0342  0.0352  0.0347
  0.0352  0.0352  0.0351  0.0350  0.0344  0.0344
  0.0376  0.0353  0.0368  0.0362  0.0349  0.0349
  0.0423  0.0366  0.0397  0.0370  0.0365  0.0359
  0.0480  0.0390  0.0432  0.0397  0.0395  0.0378
niter,ni,del,rscale     5    3   12.0000    1.2000
parameters
   -0.4670   -9.2844   -4.1276  -10.2550    2.7445    0.5538
eta,q 0.96624 10.86855
  0.0473  0.0434  0.0414  0.0377  0.0402  0.0369
  0.0404  0.0386  0.0368  0.0341  0.0371  0.0354
  0.0355  0.0357  0.0346  0.0334  0.0348  0.0342
  0.0343  0.0343  0.0343  0.0342  0.0338  0.0338
  0.0368  0.0346  0.0355  0.0357  0.0343  0.0343
  0.0417  0.0361  0.0382  0.0371  0.0361  0.0355
  0.0478  0.0389  0.0421  0.0389  0.0395  0.0373
niter,ni,del,rscale     4    3   12.0000    1.2000
parameters
   -0.5918   -8.5489   -4.4137  -11.1689    2.8495    0.3979
eta,q 0.96681 10.88746
  0.0474  0.0428  0.0409  0.0382  0.0400  0.0370
  0.0402  0.0379  0.0364  0.0341  0.0369  0.0351
  0.0351  0.0349  0.0339  0.0328  0.0344  0.0337
  0.0338  0.0337  0.0337  0.0336  0.0332  0.0332
  0.0363  0.0340  0.0349  0.0352  0.0340  0.0339
  0.0416  0.0358  0.0376  0.0372  0.0362  0.0354
  0.0479  0.0390  0.0419  0.0390  0.0398  0.0373
niter,ni,del,rscale     3    3   12.0000    1.2000
parameters
   -0.6548   -8.0899   -4.6432  -11.6859    2.9010    0.3122
eta,q 0.96710 10.90122
  0.0478  0.0422  0.0407  0.0390  0.0400  0.0371
  0.0403  0.0371  0.0363  0.0344  0.0367  0.0351
  0.0348  0.0343  0.0336  0.0326  0.0341  0.0336
  0.0332  0.0332  0.0332  0.0331  0.0329  0.0329
  0.0357  0.0337  0.0344  0.0347  0.0339  0.0337
  0.0412  0.0359  0.0370  0.0368  0.0364  0.0353
  0.0478  0.0395  0.0416  0.0392  0.0399  0.0373
niter,ni,del,rscale     2    3   12.0000    1.2000
parameters
   -0.6842   -7.8829   -4.7665  -11.9288    2.9227    0.2854
eta,q 0.96719 10.90695
  0.0479  0.0416  0.0407  0.0397  0.0399  0.0373
  0.0402  0.0366  0.0363  0.0348  0.0366  0.0352
  0.0346  0.0339  0.0336  0.0326  0.0339  0.0336
  0.0329  0.0329  0.0329  0.0329  0.0328  0.0328
  0.0354  0.0338  0.0341  0.0344  0.0339  0.0335
  0.0409  0.0363  0.0366  0.0366  0.0364  0.0353
  0.0476  0.0402  0.0412  0.0391  0.0399  0.0374
niter,ni,del,rscale     1    3   12.0000    1.2000
parameters
   -0.6972   -7.7940   -4.8264  -12.0409    2.9328    0.2732
eta,q 0.96722 10.90938
  0.0479  0.0414  0.0407  0.0400  0.0399  0.0373
  0.0402  0.0364  0.0364  0.0350  0.0365  0.0352
  0.0345  0.0337  0.0336  0.0327  0.0339  0.0336
  0.0328  0.0328  0.0328  0.0328  0.0328  0.0328
  0.0353  0.0339  0.0339  0.0343  0.0339  0.0335
  0.0407  0.0365  0.0365  0.0364  0.0364  0.0352
  0.0475  0.0405  0.0409  0.0391  0.0399  0.0374
registration optimization eta report
parameter search radius
    6.0000    6.0000    6.9000    7.9350    6.0000    6.0000
100000*second partial in parameter space
       40.       22.       17.       11.       19.       12.
  0.0479  0.0414  0.0407  0.0400  0.0399  0.0373
  0.0402  0.0364  0.0364  0.0350  0.0365  0.0352
  0.0345  0.0337  0.0336  0.0327  0.0339  0.0336
  0.0328  0.0328  0.0328  0.0328  0.0328  0.0328
  0.0353  0.0339  0.0339  0.0343  0.0339  0.0335
  0.0407  0.0365  0.0365  0.0364  0.0364  0.0352
  0.0475  0.0405  0.0409  0.0391  0.0399  0.0374
   -0.6972   -7.7940   -4.8264  -12.0409    2.9328    0.2732
eta,q 0.96722 10.90938

---------------------------------------------------------------------
imgreg_4dfp /opt/freesurfer/average/711-2C_as_mni_average_305 /opt/freesurfer/average/711-2B_as_mni_average_305_mask talsrcimg_g11 none talsrcimg_to_711-2C_as_mni_average_305_t4 3335
---------------------------------------------------------------------

freesurfer imgreg_4dfp.c
/opt/freesurfer/average/711-2C_as_mni_average_305.4dfp.img
       256       256       256         1
  1.000000  1.000000  1.000000
orientation T byte_order littleendian
Reading image: /opt/freesurfer/average/711-2C_as_mni_average_305.4dfp.img
dimensions:      256       256       256
mmppix:       1.0000   -1.0000   -1.0000
center:     128.0000 -129.0000 -129.0000
/opt/freesurfer/average/711-2B_as_mni_average_305_mask.4dfp.img
       256       256       256         1
  1.000000  1.000000  1.000000
orientation T byte_order littleendian
Reading mask: /opt/freesurfer/average/711-2B_as_mni_average_305_mask.4dfp.img (2306576 pixels)
talsrcimg_g11.4dfp.img
       256       256       256         1
  1.000000  1.000000  1.000000
orientation T byte_order littleendian
Reading image: talsrcimg_g11.4dfp.img
dimensions:      256       256       256
mmppix:       1.0000   -1.0000   -1.0000
center:     128.0000 -129.0000 -129.0000
fimgreg.f
image alignment mode   3335 decimal      D07 hex
parameters
   -0.6972   -7.7940   -4.8264   -0.1321   -2.1961   -2.3282
    0.6009   -5.1033    0.4762   20.8369    5.1164  -20.8337
eta,q 0.96689 10.97713
niter,ni,del,rscale     5    3    5.0000    1.2000
parameter  4  0.565750 ->  0.500000 qaram    1.1500
parameter  5  1.568719 ->  0.500000 qaram    1.1500
parameters
   -0.9152   -7.7634   -4.5575   -4.2721   -6.3361   -1.8519
    0.6204   -5.1822   -0.2507   20.1306    7.1514  -17.2862
eta,q 0.97026 10.67779
  0.0350  0.0346  0.0344  0.0328  0.0292  0.0328  0.0316  0.0333  0.0310  0.0319  0.0313  0.0318
  0.0339  0.0338  0.0337  0.0325  0.0298  0.0315  0.0308  0.0316  0.0304  0.0308  0.0307  0.0310
  0.0332  0.0333  0.0333  0.0326  0.0309  0.0305  0.0302  0.0304  0.0301  0.0301  0.0303  0.0304
  0.0331  0.0331  0.0331  0.0331  0.0325  0.0301  0.0301  0.0301  0.0301  0.0301  0.0300  0.0300
  0.0335  0.0333  0.0331  0.0343  0.0345  0.0303  0.0302  0.0305  0.0303  0.0305  0.0300  0.0298
  0.0344  0.0337  0.0334  0.0361  0.0367  0.0311  0.0307  0.0317  0.0307  0.0314  0.0301  0.0298
  0.0358  0.0345  0.0339  0.0382  0.0389  0.0322  0.0316  0.0335  0.0315  0.0327  0.0304  0.0300
niter,ni,del,rscale     6    3    5.0000    1.2000
parameter  5  0.592411 ->  0.500000 qaram    1.3225
parameters
   -0.9202   -7.0786   -4.5599   -4.2517  -11.0971   -1.7039
    1.6972   -5.3777   -0.2293   21.1208    6.8906  -18.3384
eta,q 0.97138 10.52558
  0.0318  0.0322  0.0308  0.0322  0.0292  0.0314  0.0306  0.0318  0.0299  0.0312  0.0293  0.0292
  0.0307  0.0311  0.0302  0.0309  0.0288  0.0300  0.0297  0.0301  0.0292  0.0300  0.0289  0.0288
  0.0300  0.0303  0.0298  0.0300  0.0289  0.0290  0.0291  0.0290  0.0288  0.0291  0.0287  0.0286
  0.0297  0.0297  0.0296  0.0296  0.0296  0.0287  0.0287  0.0287  0.0287  0.0287  0.0286  0.0286
  0.0300  0.0296  0.0297  0.0297  0.0310  0.0290  0.0287  0.0291  0.0288  0.0287  0.0288  0.0288
  0.0307  0.0298  0.0301  0.0306  0.0329  0.0299  0.0291  0.0303  0.0292  0.0292  0.0290  0.0291
  0.0318  0.0305  0.0308  0.0324  0.0353  0.0311  0.0298  0.0321  0.0299  0.0301  0.0294  0.0296
niter,ni,del,rscale     6    3    5.0000    1.2000
parameters
   -1.0986   -6.5716   -4.5408   -4.2222  -12.5457   -1.6037
    1.9935   -5.4878   -0.2013   22.1560    7.0828  -19.0476
eta,q 0.97152 10.49365
  0.0304  0.0309  0.0297  0.0311  0.0306  0.0312  0.0302  0.0317  0.0297  0.0311  0.0293  0.0291
  0.0293  0.0298  0.0291  0.0298  0.0295  0.0298  0.0293  0.0300  0.0291  0.0299  0.0288  0.0287
  0.0287  0.0290  0.0287  0.0289  0.0287  0.0288  0.0288  0.0289  0.0287  0.0290  0.0286  0.0285
  0.0286  0.0286  0.0285  0.0285  0.0285  0.0285  0.0285  0.0285  0.0285  0.0285  0.0285  0.0285
  0.0290  0.0286  0.0287  0.0287  0.0291  0.0289  0.0286  0.0289  0.0286  0.0286  0.0286  0.0286
  0.0298  0.0289  0.0291  0.0296  0.0305  0.0297  0.0291  0.0301  0.0290  0.0291  0.0288  0.0289
  0.0310  0.0296  0.0297  0.0313  0.0327  0.0310  0.0300  0.0319  0.0297  0.0300  0.0292  0.0293
niter,ni,del,rscale     5    3    5.0000    1.2000
parameters
   -1.1410   -6.3005   -4.5625   -4.3456  -13.1402   -1.5491
    2.1562   -5.5896   -0.2786   22.7051    7.1939  -19.4724
eta,q 0.97155 10.47950
  0.0305  0.0304  0.0296  0.0309  0.0308  0.0311  0.0300  0.0317  0.0296  0.0309  0.0292  0.0291
  0.0293  0.0294  0.0290  0.0296  0.0297  0.0297  0.0292  0.0299  0.0290  0.0297  0.0288  0.0287
  0.0287  0.0288  0.0286  0.0288  0.0288  0.0288  0.0287  0.0288  0.0286  0.0288  0.0285  0.0285
  0.0285  0.0285  0.0284  0.0285  0.0285  0.0285  0.0285  0.0285  0.0285  0.0285  0.0285  0.0285
  0.0287  0.0285  0.0286  0.0287  0.0287  0.0288  0.0286  0.0289  0.0286  0.0286  0.0285  0.0286
  0.0295  0.0289  0.0290  0.0296  0.0298  0.0297  0.0291  0.0301  0.0290  0.0292  0.0288  0.0288
  0.0306  0.0297  0.0297  0.0313  0.0319  0.0310  0.0299  0.0319  0.0297  0.0303  0.0292  0.0292
niter,ni,del,rscale     4    3    5.0000    1.2000
parameters
   -1.1723   -6.1797   -4.5772   -4.4287  -13.4126   -1.5147
    2.2667   -5.6471   -0.3355   22.9826    7.2639  -19.6936
eta,q 0.97154 10.47319
  0.0305  0.0302  0.0296  0.0309  0.0309  0.0311  0.0300  0.0317  0.0296  0.0307  0.0292  0.0291
  0.0293  0.0293  0.0290  0.0296  0.0297  0.0297  0.0292  0.0300  0.0290  0.0296  0.0288  0.0287
  0.0287  0.0287  0.0286  0.0288  0.0289  0.0288  0.0287  0.0288  0.0286  0.0288  0.0285  0.0285
  0.0285  0.0285  0.0284  0.0284  0.0284  0.0285  0.0285  0.0285  0.0285  0.0285  0.0285  0.0285
  0.0287  0.0286  0.0286  0.0287  0.0287  0.0288  0.0286  0.0288  0.0286  0.0287  0.0285  0.0286
  0.0294  0.0291  0.0290  0.0295  0.0297  0.0297  0.0291  0.0300  0.0290  0.0293  0.0288  0.0288
  0.0306  0.0299  0.0296  0.0312  0.0316  0.0310  0.0299  0.0318  0.0297  0.0304  0.0292  0.0292
niter,ni,del,rscale     3    3    5.0000    1.2000
parameters
   -1.1914   -6.1205   -4.5794   -4.4726  -13.5399   -1.4962
    2.3238   -5.6783   -0.3651   23.1136    7.3117  -19.8035
eta,q 0.97154 10.47030
  0.0305  0.0301  0.0296  0.0310  0.0310  0.0311  0.0300  0.0317  0.0296  0.0307  0.0292  0.0292
  0.0294  0.0292  0.0290  0.0297  0.0298  0.0296  0.0292  0.0300  0.0290  0.0295  0.0288  0.0287
  0.0287  0.0287  0.0286  0.0288  0.0289  0.0288  0.0287  0.0288  0.0286  0.0287  0.0285  0.0285
  0.0285  0.0285  0.0285  0.0285  0.0285  0.0285  0.0285  0.0285  0.0285  0.0285  0.0285  0.0285
  0.0287  0.0286  0.0286  0.0287  0.0286  0.0288  0.0286  0.0288  0.0286  0.0287  0.0285  0.0286
  0.0294  0.0291  0.0290  0.0295  0.0296  0.0297  0.0291  0.0300  0.0290  0.0294  0.0288  0.0288
  0.0306  0.0300  0.0296  0.0312  0.0314  0.0310  0.0300  0.0318  0.0297  0.0305  0.0292  0.0292
niter,ni,del,rscale     2    3    5.0000    1.2000
parameters
   -1.2004   -6.0970   -4.5841   -4.4955  -13.5980   -1.4905
    2.3591   -5.6952   -0.3885   23.1691    7.3391  -19.8399
eta,q 0.97154 10.46858
  0.0306  0.0301  0.0296  0.0310  0.0310  0.0311  0.0300  0.0317  0.0296  0.0306  0.0292  0.0292
  0.0294  0.0292  0.0290  0.0297  0.0298  0.0296  0.0292  0.0300  0.0290  0.0295  0.0288  0.0288
  0.0287  0.0287  0.0286  0.0288  0.0289  0.0288  0.0287  0.0288  0.0286  0.0287  0.0285  0.0285
  0.0285  0.0285  0.0285  0.0285  0.0285  0.0285  0.0285  0.0285  0.0285  0.0285  0.0285  0.0285
  0.0287  0.0286  0.0286  0.0287  0.0286  0.0288  0.0286  0.0288  0.0286  0.0287  0.0285  0.0286
  0.0294  0.0291  0.0290  0.0295  0.0296  0.0297  0.0291  0.0300  0.0290  0.0294  0.0288  0.0288
  0.0306  0.0300  0.0296  0.0312  0.0314  0.0310  0.0300  0.0318  0.0297  0.0306  0.0292  0.0292
registration optimization eta report
parameter search radius
    2.4000    2.4000    2.4000    8.2800    9.5220    7.2000
    7.2000    7.2000    7.2000    7.2000    7.2000    7.2000
100000*second partial in parameter space
       36.       28.       20.        4.        3.        5.
        3.        6.        2.        4.        1.        1.
  0.0306  0.0301  0.0296  0.0310  0.0310  0.0311  0.0300  0.0317  0.0296  0.0306  0.0292  0.0292
  0.0294  0.0292  0.0290  0.0297  0.0298  0.0296  0.0292  0.0300  0.0290  0.0295  0.0288  0.0288
  0.0287  0.0287  0.0286  0.0288  0.0289  0.0288  0.0287  0.0288  0.0286  0.0287  0.0285  0.0285
  0.0285  0.0285  0.0285  0.0285  0.0285  0.0285  0.0285  0.0285  0.0285  0.0285  0.0285  0.0285
  0.0287  0.0286  0.0286  0.0287  0.0286  0.0288  0.0286  0.0288  0.0286  0.0287  0.0285  0.0286
  0.0294  0.0291  0.0290  0.0295  0.0296  0.0297  0.0291  0.0300  0.0290  0.0294  0.0288  0.0288
  0.0306  0.0300  0.0296  0.0312  0.0314  0.0310  0.0300  0.0318  0.0297  0.0306  0.0292  0.0292
   -1.2004   -6.0970   -4.5841   -4.4955  -13.5980   -1.4905
    2.3591   -5.6952   -0.3885   23.1691    7.3391  -19.8399
eta,q 0.97154 10.46858

---------------------------------------------------------------------
imgreg_4dfp /opt/freesurfer/average/711-2C_as_mni_average_305 /opt/freesurfer/average/711-2B_as_mni_average_305_mask talsrcimg_g11 none talsrcimg_to_711-2C_as_mni_average_305_t4 2311
---------------------------------------------------------------------

freesurfer imgreg_4dfp.c
/opt/freesurfer/average/711-2C_as_mni_average_305.4dfp.img
       256       256       256         1
  1.000000  1.000000  1.000000
orientation T byte_order littleendian
Reading image: /opt/freesurfer/average/711-2C_as_mni_average_305.4dfp.img
dimensions:      256       256       256
mmppix:       1.0000   -1.0000   -1.0000
center:     128.0000 -129.0000 -129.0000
/opt/freesurfer/average/711-2B_as_mni_average_305_mask.4dfp.img
       256       256       256         1
  1.000000  1.000000  1.000000
orientation T byte_order littleendian
Reading mask: /opt/freesurfer/average/711-2B_as_mni_average_305_mask.4dfp.img (2306576 pixels)
talsrcimg_g11.4dfp.img
       256       256       256         1
  1.000000  1.000000  1.000000
orientation T byte_order littleendian
Reading image: talsrcimg_g11.4dfp.img
dimensions:      256       256       256
mmppix:       1.0000   -1.0000   -1.0000
center:     128.0000 -129.0000 -129.0000
fimgreg.f
image alignment mode   2311 decimal      907 hex
parameters
   -1.2004   -6.0970   -4.5841   -4.4955  -13.5980   -1.4905
    2.3591   -5.6952   -0.3885   23.1691    7.3391  -19.8399
eta,q 0.97154 10.46859
niter,ni,del,rscale     5    3    5.0000    0.8000
parameters
   -1.2230   -6.0690   -4.5807   -4.2146  -12.9391   -1.7132
    2.4025   -5.6991   -0.3331   22.9921    7.3225  -20.0358
eta,q 0.97157 10.49744
  0.0294  0.0292  0.0290  0.0294  0.0293  0.0296  0.0291  0.0300  0.0290  0.0294  0.0288  0.0287
  0.0289  0.0288  0.0287  0.0289  0.0289  0.0289  0.0288  0.0291  0.0287  0.0289  0.0286  0.0286
  0.0285  0.0286  0.0285  0.0286  0.0286  0.0285  0.0285  0.0286  0.0285  0.0285  0.0285  0.0285
  0.0285  0.0285  0.0285  0.0285  0.0285  0.0284  0.0284  0.0284  0.0284  0.0284  0.0284  0.0284
  0.0286  0.0285  0.0285  0.0285  0.0285  0.0287  0.0285  0.0286  0.0285  0.0286  0.0285  0.0285
  0.0289  0.0288  0.0287  0.0288  0.0286  0.0291  0.0287  0.0291  0.0287  0.0290  0.0286  0.0286
  0.0294  0.0292  0.0290  0.0292  0.0290  0.0297  0.0291  0.0300  0.0290  0.0295  0.0288  0.0288
niter,ni,del,rscale     4    3    5.0000    0.7000
parameters
   -1.2242   -6.1242   -4.6263   -4.1769  -12.7449   -1.7917
    2.4155   -5.6936   -0.2765   22.9653    7.3087  -20.0566
eta,q 0.97157 10.50286
  0.0292  0.0289  0.0288  0.0291  0.0290  0.0294  0.0289  0.0296  0.0288  0.0292  0.0287  0.0287
  0.0287  0.0286  0.0286  0.0287  0.0287  0.0289  0.0287  0.0289  0.0286  0.0288  0.0285  0.0285
  0.0285  0.0285  0.0285  0.0285  0.0285  0.0285  0.0285  0.0286  0.0285  0.0285  0.0284  0.0284
  0.0284  0.0284  0.0284  0.0284  0.0284  0.0284  0.0284  0.0284  0.0284  0.0284  0.0284  0.0284
  0.0285  0.0285  0.0285  0.0285  0.0285  0.0286  0.0285  0.0286  0.0285  0.0285  0.0285  0.0285
  0.0288  0.0287  0.0286  0.0287  0.0286  0.0289  0.0287  0.0289  0.0286  0.0288  0.0285  0.0285
  0.0292  0.0290  0.0289  0.0291  0.0290  0.0294  0.0290  0.0296  0.0288  0.0292  0.0287  0.0287
niter,ni,del,rscale     3    3    5.0000    0.6000
parameters
   -1.2230   -6.1401   -4.6395   -4.1800  -12.6746   -1.8318
    2.4245   -5.6976   -0.2560   22.9308    7.2822  -20.0351
eta,q 0.97157 10.50338
  0.0290  0.0288  0.0287  0.0289  0.0289  0.0291  0.0288  0.0293  0.0287  0.0290  0.0286  0.0286
  0.0287  0.0286  0.0286  0.0286  0.0286  0.0288  0.0286  0.0288  0.0286  0.0287  0.0285  0.0285
  0.0285  0.0285  0.0285  0.0285  0.0285  0.0285  0.0285  0.0285  0.0285  0.0285  0.0284  0.0284
  0.0284  0.0284  0.0284  0.0284  0.0284  0.0284  0.0284  0.0284  0.0284  0.0284  0.0284  0.0284
  0.0285  0.0285  0.0285  0.0285  0.0284  0.0285  0.0285  0.0285  0.0285  0.0285  0.0285  0.0284
  0.0287  0.0286  0.0286  0.0286  0.0286  0.0288  0.0286  0.0288  0.0286  0.0287  0.0285  0.0285
  0.0290  0.0289  0.0287  0.0289  0.0288  0.0292  0.0288  0.0293  0.0287  0.0290  0.0286  0.0286
niter,ni,del,rscale     2    3    5.0000    0.5000
parameters
   -1.2287   -6.1472   -4.6516   -4.1848  -12.6006   -1.8521
    2.4552   -5.6950   -0.2492   22.8952    7.2807  -20.0429
eta,q 0.97157 10.50509
  0.0288  0.0287  0.0286  0.0288  0.0287  0.0289  0.0287  0.0290  0.0286  0.0288  0.0286  0.0286
  0.0286  0.0285  0.0285  0.0286  0.0286  0.0287  0.0286  0.0287  0.0285  0.0286  0.0285  0.0285
  0.0285  0.0285  0.0285  0.0285  0.0285  0.0285  0.0285  0.0285  0.0284  0.0285  0.0284  0.0284
  0.0284  0.0284  0.0284  0.0284  0.0284  0.0284  0.0284  0.0284  0.0284  0.0284  0.0284  0.0284
  0.0285  0.0285  0.0285  0.0285  0.0284  0.0285  0.0285  0.0285  0.0284  0.0285  0.0284  0.0284
  0.0286  0.0286  0.0285  0.0286  0.0285  0.0287  0.0285  0.0287  0.0285  0.0286  0.0285  0.0285
  0.0288  0.0287  0.0287  0.0287  0.0287  0.0290  0.0287  0.0290  0.0286  0.0288  0.0286  0.0286
niter,ni,del,rscale     1    3    5.0000    0.4000
parameters
   -1.2307   -6.1548   -4.6589   -4.2309  -12.5378   -1.8452
    2.4869   -5.6891   -0.2422   22.8698    7.2762  -20.0645
eta,q 0.97157 10.50611
  0.0287  0.0286  0.0286  0.0286  0.0286  0.0288  0.0286  0.0288  0.0286  0.0287  0.0285  0.0285
  0.0285  0.0285  0.0285  0.0285  0.0285  0.0286  0.0285  0.0286  0.0285  0.0285  0.0285  0.0285
  0.0285  0.0284  0.0284  0.0284  0.0285  0.0285  0.0284  0.0285  0.0284  0.0284  0.0284  0.0284
  0.0284  0.0284  0.0284  0.0284  0.0284  0.0284  0.0284  0.0284  0.0284  0.0284  0.0284  0.0284
  0.0285  0.0284  0.0284  0.0285  0.0284  0.0285  0.0284  0.0285  0.0284  0.0285  0.0284  0.0284
  0.0285  0.0285  0.0285  0.0285  0.0285  0.0286  0.0285  0.0286  0.0285  0.0285  0.0285  0.0285
  0.0287  0.0286  0.0286  0.0286  0.0286  0.0288  0.0286  0.0288  0.0286  0.0287  0.0285  0.0285
registration optimization eta report
parameter search radius
    0.8000    0.8000    0.8000    2.4000    2.4000    2.4000
    2.4000    2.4000    2.4000    2.4000    2.4000    2.4000
100000*second partial in parameter space
       37.       28.       21.        4.        3.        6.
        3.        7.        2.        5.        1.        1.
  0.0287  0.0286  0.0286  0.0286  0.0286  0.0288  0.0286  0.0288  0.0286  0.0287  0.0285  0.0285
  0.0285  0.0285  0.0285  0.0285  0.0285  0.0286  0.0285  0.0286  0.0285  0.0285  0.0285  0.0285
  0.0285  0.0284  0.0284  0.0284  0.0285  0.0285  0.0284  0.0285  0.0284  0.0284  0.0284  0.0284
  0.0284  0.0284  0.0284  0.0284  0.0284  0.0284  0.0284  0.0284  0.0284  0.0284  0.0284  0.0284
  0.0285  0.0284  0.0284  0.0285  0.0284  0.0285  0.0284  0.0285  0.0284  0.0285  0.0284  0.0284
  0.0285  0.0285  0.0285  0.0285  0.0285  0.0286  0.0285  0.0286  0.0285  0.0285  0.0285  0.0285
  0.0287  0.0286  0.0286  0.0286  0.0286  0.0288  0.0286  0.0288  0.0286  0.0287  0.0285  0.0285
   -1.2307   -6.1548   -4.6589   -4.2309  -12.5378   -1.8452
    2.4869   -5.6891   -0.2422   22.8698    7.2762  -20.0645
eta,q 0.97157 10.50611

---------------------------------------------------------------------
imgreg_4dfp /opt/freesurfer/average/711-2C_as_mni_average_305 /opt/freesurfer/average/711-2B_as_mni_average_305_mask talsrcimg_g11 none talsrcimg_to_711-2C_as_mni_average_305_t4 2311
---------------------------------------------------------------------

freesurfer imgreg_4dfp.c
/opt/freesurfer/average/711-2C_as_mni_average_305.4dfp.img
       256       256       256         1
  1.000000  1.000000  1.000000
orientation T byte_order littleendian
Reading image: /opt/freesurfer/average/711-2C_as_mni_average_305.4dfp.img
dimensions:      256       256       256
mmppix:       1.0000   -1.0000   -1.0000
center:     128.0000 -129.0000 -129.0000
/opt/freesurfer/average/711-2B_as_mni_average_305_mask.4dfp.img
       256       256       256         1
  1.000000  1.000000  1.000000
orientation T byte_order littleendian
Reading mask: /opt/freesurfer/average/711-2B_as_mni_average_305_mask.4dfp.img (2306576 pixels)
talsrcimg_g11.4dfp.img
       256       256       256         1
  1.000000  1.000000  1.000000
orientation T byte_order littleendian
Reading image: talsrcimg_g11.4dfp.img
dimensions:      256       256       256
mmppix:       1.0000   -1.0000   -1.0000
center:     128.0000 -129.0000 -129.0000
fimgreg.f
image alignment mode   2311 decimal      907 hex
parameters
   -1.2307   -6.1548   -4.6589   -4.2309  -12.5378   -1.8452
    2.4869   -5.6891   -0.2422   22.8698    7.2762  -20.0645
eta,q 0.97157 10.50611
niter,ni,del,rscale     5    3    5.0000    0.8000
parameters
   -1.2285   -6.1657   -4.6516   -4.1879  -12.7102   -1.7907
    2.3715   -5.6987   -0.2636   22.9464    7.2979  -19.9793
eta,q 0.97157 10.50246
  0.0294  0.0291  0.0290  0.0293  0.0291  0.0297  0.0291  0.0300  0.0290  0.0295  0.0288  0.0288
  0.0288  0.0287  0.0287  0.0288  0.0287  0.0290  0.0287  0.0291  0.0287  0.0289  0.0286  0.0286
  0.0285  0.0285  0.0285  0.0285  0.0285  0.0286  0.0285  0.0286  0.0285  0.0286  0.0285  0.0285
  0.0284  0.0284  0.0284  0.0284  0.0284  0.0284  0.0284  0.0284  0.0284  0.0284  0.0284  0.0284
  0.0285  0.0285  0.0285  0.0285  0.0285  0.0286  0.0285  0.0286  0.0285  0.0285  0.0285  0.0285
  0.0288  0.0288  0.0287  0.0288  0.0288  0.0290  0.0287  0.0291  0.0287  0.0289  0.0286  0.0286
  0.0294  0.0292  0.0290  0.0293  0.0293  0.0296  0.0292  0.0300  0.0290  0.0294  0.0288  0.0287
niter,ni,del,rscale     4    3    5.0000    0.7000
parameters
   -1.2147   -6.1499   -4.6468   -4.1485  -12.7045   -1.8097
    2.3758   -5.6939   -0.2607   22.9236    7.2857  -19.9922
eta,q 0.97157 10.50337
  0.0292  0.0290  0.0288  0.0291  0.0290  0.0294  0.0289  0.0296  0.0288  0.0292  0.0287  0.0287
  0.0288  0.0287  0.0286  0.0287  0.0287  0.0289  0.0287  0.0289  0.0286  0.0288  0.0285  0.0285
  0.0285  0.0285  0.0285  0.0285  0.0285  0.0286  0.0285  0.0286  0.0285  0.0285  0.0285  0.0285
  0.0284  0.0284  0.0284  0.0284  0.0284  0.0284  0.0284  0.0284  0.0284  0.0284  0.0284  0.0284
  0.0285  0.0285  0.0285  0.0285  0.0285  0.0286  0.0285  0.0286  0.0285  0.0285  0.0285  0.0285
  0.0287  0.0287  0.0286  0.0287  0.0287  0.0289  0.0287  0.0289  0.0286  0.0288  0.0285  0.0285
  0.0291  0.0290  0.0288  0.0291  0.0290  0.0294  0.0290  0.0296  0.0288  0.0292  0.0287  0.0287
niter,ni,del,rscale     3    3    5.0000    0.6000
parameters
   -1.2158   -6.1484   -4.6443   -4.1600  -12.6471   -1.8399
    2.4088   -5.6854   -0.2648   22.9055    7.2839  -20.0394
eta,q 0.97157 10.50457
  0.0290  0.0288  0.0287  0.0289  0.0289  0.0291  0.0288  0.0293  0.0287  0.0290  0.0286  0.0286
  0.0287  0.0286  0.0286  0.0286  0.0286  0.0288  0.0286  0.0288  0.0286  0.0287  0.0285  0.0285
  0.0285  0.0285  0.0285  0.0285  0.0285  0.0285  0.0285  0.0285  0.0285  0.0285  0.0284  0.0284
  0.0284  0.0284  0.0284  0.0284  0.0284  0.0284  0.0284  0.0284  0.0284  0.0284  0.0284  0.0284
  0.0285  0.0285  0.0285  0.0285  0.0285  0.0285  0.0285  0.0285  0.0285  0.0285  0.0284  0.0285
  0.0287  0.0286  0.0286  0.0286  0.0286  0.0288  0.0286  0.0288  0.0286  0.0287  0.0285  0.0285
  0.0290  0.0288  0.0287  0.0289  0.0288  0.0292  0.0288  0.0293  0.0287  0.0290  0.0286  0.0286
niter,ni,del,rscale     2    3    5.0000    0.5000
parameters
   -1.2285   -6.1540   -4.6554   -4.1883  -12.5920   -1.8535
    2.4689   -5.6907   -0.2704   22.8956    7.2976  -20.0684
eta,q 0.97157 10.50556
  0.0288  0.0287  0.0286  0.0287  0.0287  0.0289  0.0287  0.0290  0.0286  0.0288  0.0286  0.0286
  0.0286  0.0285  0.0285  0.0286  0.0286  0.0287  0.0286  0.0287  0.0285  0.0286  0.0285  0.0285
  0.0285  0.0285  0.0284  0.0285  0.0285  0.0285  0.0285  0.0285  0.0284  0.0285  0.0284  0.0284
  0.0284  0.0284  0.0284  0.0284  0.0284  0.0284  0.0284  0.0284  0.0284  0.0284  0.0284  0.0284
  0.0285  0.0285  0.0285  0.0285  0.0284  0.0285  0.0284  0.0285  0.0284  0.0285  0.0284  0.0284
  0.0286  0.0285  0.0285  0.0286  0.0285  0.0287  0.0285  0.0287  0.0285  0.0286  0.0285  0.0285
  0.0288  0.0287  0.0286  0.0287  0.0287  0.0290  0.0287  0.0290  0.0286  0.0288  0.0286  0.0286
niter,ni,del,rscale     1    3    5.0000    0.4000
parameters
   -1.2345   -6.1557   -4.6548   -4.2377  -12.5418   -1.8465
    2.4996   -5.6985   -0.2562   22.8814    7.2841  -20.0779
eta,q 0.97158 10.50595
  0.0287  0.0286  0.0286  0.0286  0.0286  0.0288  0.0286  0.0288  0.0286  0.0287  0.0285  0.0285
  0.0285  0.0285  0.0285  0.0285  0.0285  0.0286  0.0285  0.0286  0.0285  0.0285  0.0285  0.0285
  0.0285  0.0284  0.0284  0.0284  0.0284  0.0285  0.0284  0.0285  0.0284  0.0284  0.0284  0.0284
  0.0284  0.0284  0.0284  0.0284  0.0284  0.0284  0.0284  0.0284  0.0284  0.0284  0.0284  0.0284
  0.0285  0.0284  0.0284  0.0285  0.0284  0.0285  0.0284  0.0285  0.0284  0.0285  0.0284  0.0284
  0.0285  0.0285  0.0285  0.0285  0.0285  0.0286  0.0285  0.0286  0.0285  0.0285  0.0285  0.0285
  0.0287  0.0286  0.0286  0.0286  0.0286  0.0288  0.0286  0.0288  0.0286  0.0287  0.0285  0.0285
registration optimization eta report
parameter search radius
    0.8000    0.8000    0.8000    2.4000    2.4000    2.4000
    2.4000    2.4000    2.4000    2.4000    2.4000    2.4000
100000*second partial in parameter space
       36.       28.       21.        4.        3.        6.
        3.        7.        2.        5.        1.        1.
  0.0287  0.0286  0.0286  0.0286  0.0286  0.0288  0.0286  0.0288  0.0286  0.0287  0.0285  0.0285
  0.0285  0.0285  0.0285  0.0285  0.0285  0.0286  0.0285  0.0286  0.0285  0.0285  0.0285  0.0285
  0.0285  0.0284  0.0284  0.0284  0.0284  0.0285  0.0284  0.0285  0.0284  0.0284  0.0284  0.0284
  0.0284  0.0284  0.0284  0.0284  0.0284  0.0284  0.0284  0.0284  0.0284  0.0284  0.0284  0.0284
  0.0285  0.0284  0.0284  0.0285  0.0284  0.0285  0.0284  0.0285  0.0284  0.0285  0.0284  0.0284
  0.0285  0.0285  0.0285  0.0285  0.0285  0.0286  0.0285  0.0286  0.0285  0.0285  0.0285  0.0285
  0.0287  0.0286  0.0286  0.0286  0.0286  0.0288  0.0286  0.0288  0.0286  0.0287  0.0285  0.0285
   -1.2345   -6.1557   -4.6548   -4.2377  -12.5418   -1.8465
    2.4996   -5.6985   -0.2562   22.8814    7.2841  -20.0779
eta,q 0.97158 10.50595

---------------------------------------------------------------------
compute_vox2vox talsrcimg talsrcimg_to_711-2C_as_mni_average_305_t4 /opt/freesurfer/average/711-2C_as_mni_average_305
---------------------------------------------------------------------

freesurfer compute_vox2vox.c
Reading: talsrcimg.4dfp.ifh
Reading: talsrcimg_to_711-2C_as_mni_average_305_t4
Reading: /opt/freesurfer/average/711-2C_as_mni_average_305.4dfp.ifh
Writing: talsrcimg_to_711-2C_as_mni_average_305_t4_vox2vox.txt

start time Fri Mar 13 02:10:19 CET 2026
end		time Fri Mar 13 02:10:33 CET 2026

mpr2mni305 success

avi2talxfm orig_nu.mgz /opt/freesurfer/average/mni305.cor.mgz talsrcimg_to_711-2C_as_mni_average_305_t4_vox2vox.txt transforms/talairach.auto.xfm
avi2talxfm done
mv -f /out/sourcedata/freesurfer/sub-v2s3x28816_ses-1/mri/talsrcimg_to_711-2C_as_mni_average_305_t4_vox2vox.txt /out/sourcedata/freesurfer/sub-v2s3x28816_ses-1/mri/transforms/talsrcimg_to_711-2C_as_mni_average_305_t4_vox2vox.txt
lta_convert --src orig_nu.mgz --trg /opt/freesurfer/average/mni305.cor.mgz --inxfm transforms/talairach.auto.xfm --outlta transforms/talairach.auto.xfm.lta --subject fsaverage
7.3.2

--src: orig_nu.mgz src image (geometry).
--trg: /opt/freesurfer/average/mni305.cor.mgz trg image (geometry).
--inmni: transforms/talairach.auto.xfm input MNI/XFM transform.
--outlta: transforms/talairach.auto.xfm.lta output LTA.
--s: fsaverage subject name
 LTA read, type : 1
 1.03936   0.06385  -0.01505  -8.55696;
-0.07262   0.96260   0.22306  -32.31342;
 0.02204  -0.25165   1.08500   12.77512;
 0.00000   0.00000   0.00000   1.00000;
setting subject to fsaverage
Writing  LTA to file transforms/talairach.auto.xfm.lta...
lta_convert successful.
 
 
Started at Fri Mar 13 02:10:19 CET 2026
Ended   at Fri Mar 13 02:10:34 CET 2026
talairach_avi done
