/out/sourcedata/freesurfer/sub-v2s3x28789_ses-1/mri
/opt/freesurfer/bin/talairach_avi
--i orig_nu.mgz --xfm transforms/talairach.auto.xfm
talairach_avi 7.3.2
Linux dna065 5.14.0-427.37.1.el9_4.x86_64 #1 SMP PREEMPT_DYNAMIC Fri Sep 13 12:41:50 EDT 2024 x86_64 x86_64 x86_64 GNU/Linux
Fri Mar 13 00:07:50 CET 2026
mri_convert orig_nu.mgz talsrcimg.img 
reading from orig_nu.mgz...
TR=0.00, TE=0.00, TI=0.00, flip angle=0.00
i_ras = (-1, 0, 0)
j_ras = (0, 0, -1)
k_ras = (0, 1, 0)
writing to talsrcimg.img...
Analyze Output Matrix
-1.00000   0.00000   0.00000   121.09071;
 0.00000   0.00000   1.00000  -76.11229;
 0.00000  -1.00000   0.00000   136.52762;
 0.00000   0.00000   0.00000   1.00000;
--------------------
INFO: set hdr.hist.orient to -1
mpr2mni305 talsrcimg
Fri Mar 13 00:07:50 CET 2026
/opt/freesurfer/bin/mpr2mni305 talsrcimg
mpr2mni305 7.3.2
target=711-2C_as_mni_average_305

---------------------------------------------------------------------
analyzeto4dfp talsrcimg -O0 -y
---------------------------------------------------------------------

freesurfer ifh2hdr.c
Fri Mar 13 00:07:51 2026
Writing: talsrcimg.4dfp.hdr
freesurfer analyzeto4dfp.c
Reading: talsrcimg.hdr
header size 348 bytes
hdr.dime.datatype	offset=70	value=2
hdr.dime.bitpix		offset=72	value=8
hdr.hist.orient		offset=252	value=-1
dimensionality     4
dimensions       256       256       256         1
Reading: talsrcimg.img
Writing: talsrcimg.4dfp.img
Writing: talsrcimg.4dfp.ifh
ifh2hdr talsrcimg -r0to227
ori=2

---------------------------------------------------------------------
gauss_4dfp talsrcimg 1.1
---------------------------------------------------------------------

freesurfer gauss_4dfp.c
Reading: talsrcimg.4dfp.img
Writing: talsrcimg_g11.4dfp.img
image dimensions 256 256 256 padded to 288 288 288
processing volume 1freesurfer ifh2hdr.c
Fri Mar 13 00:07:52 2026
Writing: talsrcimg_g11.4dfp.hdr

Writing: talsrcimg_g11.4dfp.ifh
including: talsrcimg.4dfp.img.rec in talsrcimg_g11.4dfp.img.rec

---------------------------------------------------------------------
imgreg_4dfp /opt/freesurfer/average/711-2C_as_mni_average_305 none talsrcimg_g11 none talsrcimg_to_711-2C_as_mni_average_305_t4 4355
---------------------------------------------------------------------

freesurfer imgreg_4dfp.c
/opt/freesurfer/average/711-2C_as_mni_average_305.4dfp.img
       256       256       256         1
  1.000000  1.000000  1.000000
orientation T byte_order littleendian
Reading image: /opt/freesurfer/average/711-2C_as_mni_average_305.4dfp.img
dimensions:      256       256       256
mmppix:       1.0000   -1.0000   -1.0000
center:     128.0000 -129.0000 -129.0000
talsrcimg_g11.4dfp.img
       256       256       256         1
  1.000000  1.000000  1.000000
orientation T byte_order littleendian
Reading image: talsrcimg_g11.4dfp.img
dimensions:      256       256       256
mmppix:       1.0000   -1.0000   -1.0000
center:     128.0000 -129.0000 -129.0000
t4_read: open error in t4_sub.f l:  41 t4_file(1:l)talsrcimg_to_711-2C_as_mni_average_305_t4 
t4_read: transform initialized to I4
rotation matrix determinant  1.000000
image alignment mode   4355 decimal     1103 hex
   -7.5000  -45.0000  -45.0000 7466.7920   14.1883
    0.0000  -45.0000  -45.0000 7796.5010   14.1861
    7.5000  -45.0000  -45.0000 7413.1333   14.1490
   -7.5000  -37.5000  -45.0000 8141.9663   13.8355
    0.0000  -37.5000  -45.0000 8516.0654   13.8298
    7.5000  -37.5000  -45.0000 8089.6919   13.8021
   -7.5000  -30.0000  -45.0000 9171.7520   13.6078
    0.0000  -30.0000  -45.0000 9588.8193   13.6004
    7.5000  -30.0000  -45.0000 9094.7539   13.5797
   -7.5000  -22.5000  -45.000010229.8223   13.5527
    0.0000  -22.5000  -45.000010675.9580   13.5475
    7.5000  -22.5000  -45.000010147.9727   13.5238
   -7.5000  -15.0000  -45.000011266.5410   13.5535
    0.0000  -15.0000  -45.000011736.6846   13.5516
    7.5000  -15.0000  -45.000011162.5303   13.5204
   -7.5000   -7.5000  -45.000012293.6143   13.5241
    0.0000   -7.5000  -45.000012798.1465   13.5234
    7.5000   -7.5000  -45.000012134.8105   13.4876
   -7.5000    0.0000  -45.000013226.6777   13.4862
    0.0000    0.0000  -45.000013730.5166   13.4836
    7.5000    0.0000  -45.000013028.5742   13.4493
   -7.5000    7.5000  -45.000013155.4932   13.4675
    0.0000    7.5000  -45.000013611.6914   13.4618
    7.5000    7.5000  -45.000012968.7900   13.4351
   -7.5000   15.0000  -45.000012972.7441   13.4822
    0.0000   15.0000  -45.000013465.3828   13.4753
    7.5000   15.0000  -45.000012769.9561   13.4548
   -7.5000   22.5000  -45.000012716.1826   13.5205
    0.0000   22.5000  -45.000013227.8584   13.5155
    7.5000   22.5000  -45.000012477.9521   13.4919
   -7.5000   30.0000  -45.000012241.9912   13.3650
    0.0000   30.0000  -45.000012744.2686   13.3632
    7.5000   30.0000  -45.000012009.0352   13.3324
   -7.5000   37.5000  -45.000011857.1846   13.3439
    0.0000   37.5000  -45.000012362.8750   13.3432
    7.5000   37.5000  -45.000011677.1963   13.3079
   -7.5000   45.0000  -45.000011053.6152   12.9686
    0.0000   45.0000  -45.000011536.8916   12.9661
    7.5000   45.0000  -45.000010916.1768   12.9331
   -7.5000  -45.0000  -37.5000 7863.2837   14.2278
    0.0000  -45.0000  -37.5000 8215.6035   14.2384
    7.5000  -45.0000  -37.5000 7814.4033   14.2024
   -7.5000  -37.5000  -37.5000 8569.3066   13.8692
    0.0000  -37.5000  -37.5000 8961.1416   13.8758
    7.5000  -37.5000  -37.5000 8519.4639   13.8499
   -7.5000  -30.0000  -37.5000 9638.0420   13.6387
    0.0000  -30.0000  -37.500010057.2344   13.6393
    7.5000  -30.0000  -37.5000 9569.7422   13.6213
   -7.5000  -22.5000  -37.500010743.4668   13.5851
    0.0000  -22.5000  -37.500011194.8955   13.5845
    7.5000  -22.5000  -37.500010667.0566   13.5639
   -7.5000  -15.0000  -37.500011833.3799   13.5895
    0.0000  -15.0000  -37.500012308.6475   13.5920
    7.5000  -15.0000  -37.500011723.0361   13.5634
   -7.5000   -7.5000  -37.500012900.0615   13.5612
    0.0000   -7.5000  -37.500013427.0293   13.5688
    7.5000   -7.5000  -37.500012764.8242   13.5348
   -7.5000    0.0000  -37.500013889.5391   13.5210
    0.0000    0.0000  -37.500014403.2646   13.5307
    7.5000    0.0000  -37.500013707.2471   13.4979
   -7.5000    7.5000  -37.500013820.6338   13.4993
    0.0000    7.5000  -37.500014320.9736   13.5054
    7.5000    7.5000  -37.500013621.7109   13.4807
   -7.5000   15.0000  -37.500013583.5898   13.5127
    0.0000   15.0000  -37.500014158.2715   13.5136
    7.5000   15.0000  -37.500013374.9551   13.4958
   -7.5000   22.5000  -37.500013281.5684   13.5527
    0.0000   22.5000  -37.500013838.0498   13.5523
    7.5000   22.5000  -37.500013036.1709   13.5318
   -7.5000   30.0000  -37.500012742.4092   13.4004
    0.0000   30.0000  -37.500013278.1143   13.4029
    7.5000   30.0000  -37.500012536.3643   13.3748
   -7.5000   37.5000  -37.500012360.0537   13.3805
    0.0000   37.5000  -37.500012869.4570   13.3880
    7.5000   37.5000  -37.500012185.6201   13.3544
   -7.5000   45.0000  -37.500011509.2490   13.0020
    0.0000   45.0000  -37.500011974.0605   13.0114
    7.5000   45.0000  -37.500011371.8320   12.9798
   -7.5000  -45.0000  -30.0000 8394.2627   14.8427
    0.0000  -45.0000  -30.0000 8786.9883   14.8699
    7.5000  -45.0000  -30.0000 8346.9756   14.8365
   -7.5000  -37.5000  -30.0000 9128.0186   14.4613
    0.0000  -37.5000  -30.0000 9557.5518   14.4820
    7.5000  -37.5000  -30.0000 9087.2676   14.4590
   -7.5000  -30.0000  -30.000010223.5732   14.2160
    0.0000  -30.0000  -30.000010696.9541   14.2271
    7.5000  -30.0000  -30.000010193.3125   14.2121
   -7.5000  -22.5000  -30.000011416.4072   14.1622
    0.0000  -22.5000  -30.000011909.9453   14.1711
    7.5000  -22.5000  -30.000011347.2080   14.1542
   -7.5000  -15.0000  -30.000012608.0791   14.1728
    0.0000  -15.0000  -30.000013129.3340   14.1864
    7.5000  -15.0000  -30.000012501.3545   14.1620
   -7.5000   -7.5000  -30.000013786.4463   14.1476
    0.0000   -7.5000  -30.000014319.7549   14.1693
    7.5000   -7.5000  -30.000013623.1475   14.1388
   -7.5000    0.0000  -30.000014874.0020   14.1039
    0.0000    0.0000  -30.000015423.0498   14.1294
    7.5000    0.0000  -30.000014655.8350   14.0994
   -7.5000    7.5000  -30.000014766.2559   14.0750
    0.0000    7.5000  -30.000015393.1602   14.0944
    7.5000    7.5000  -30.000014527.3545   14.0725
   -7.5000   15.0000  -30.000014464.2949   14.0847
    0.0000   15.0000  -30.000015114.9717   14.0958
    7.5000   15.0000  -30.000014198.5234   14.0809
   -7.5000   22.5000  -30.000014075.4854   14.1270
    0.0000   22.5000  -30.000014695.1729   14.1360
    7.5000   22.5000  -30.000013815.5469   14.1192
   -7.5000   30.0000  -30.000013470.4307   13.9769
    0.0000   30.0000  -30.000014040.7461   13.9904
    7.5000   30.0000  -30.000013265.7930   13.9663
   -7.5000   37.5000  -30.000013069.3818   13.9604
    0.0000   37.5000  -30.000013607.9971   13.9818
    7.5000   37.5000  -30.000012891.5322   13.9517
   -7.5000   45.0000  -30.000012173.8672   13.5725
    0.0000   45.0000  -30.000012683.6182   13.5971
    7.5000   45.0000  -30.000012023.7852   13.5682
   -7.5000  -45.0000  -22.5000 8877.4502   15.3546
    0.0000  -45.0000  -22.5000 9313.2490   15.3853
    7.5000  -45.0000  -22.5000 8839.1406   15.3545
   -7.5000  -37.5000  -22.5000 9647.0352   14.9577
    0.0000  -37.5000  -22.500010103.2998   14.9800
    7.5000  -37.5000  -22.5000 9594.3184   14.9584
   -7.5000  -30.0000  -22.500010805.5420   14.7029
    0.0000  -30.0000  -22.500011297.7295   14.7167
    7.5000  -30.0000  -22.500010729.3604   14.7020
   -7.5000  -22.5000  -22.500012094.3057   14.6483
    0.0000  -22.5000  -22.500012623.6914   14.6637
    7.5000  -22.5000  -22.500011973.1816   14.6478
   -7.5000  -15.0000  -22.500013383.5049   14.6609
    0.0000  -15.0000  -22.500013955.5410   14.6829
    7.5000  -15.0000  -22.500013216.3057   14.6608
   -7.5000   -7.5000  -22.500014677.9287   14.6364
    0.0000   -7.5000  -22.500015243.3262   14.6644
    7.5000   -7.5000  -22.500014446.6484   14.6367
   -7.5000    0.0000  -22.500015884.4004   14.5907
    0.0000    0.0000  -22.500016557.0352   14.6192
    7.5000    0.0000  -22.500015606.4395   14.5913
   -7.5000    7.5000  -22.500015769.0586   14.5579
    0.0000    7.5000  -22.500016557.4512   14.5788
    7.5000    7.5000  -22.500015445.6631   14.5579
   -7.5000   15.0000  -22.500015342.7607   14.5668
    0.0000   15.0000  -22.500016072.4990   14.5807
    7.5000   15.0000  -22.500015013.2148   14.5661
   -7.5000   22.5000  -22.500014861.6963   14.6108
    0.0000   22.5000  -22.500015448.8066   14.6263
    7.5000   22.5000  -22.500014565.2197   14.6104
   -7.5000   30.0000  -22.500014172.8154   14.4605
    0.0000   30.0000  -22.500014740.2070   14.4823
    7.5000   30.0000  -22.500013936.9658   14.4605
   -7.5000   37.5000  -22.500013759.3262   14.4449
    0.0000   37.5000  -22.500014328.7803   14.4726
    7.5000   37.5000  -22.500013557.9404   14.4452
   -7.5000   45.0000  -22.500012833.3691   14.0516
    0.0000   45.0000  -22.500013372.7227   14.0790
    7.5000   45.0000  -22.500012657.6494   14.0522
   -7.5000  -45.0000  -15.0000 9329.9727   15.7005
    0.0000  -45.0000  -15.0000 9785.8809   15.7181
    7.5000  -45.0000  -15.0000 9265.6240   15.6863
   -7.5000  -37.5000  -15.000010131.9521   15.2989
    0.0000  -37.5000  -15.000010609.8838   15.3087
    7.5000  -37.5000  -15.000010028.5205   15.2852
   -7.5000  -30.0000  -15.000011345.2812   15.0417
    0.0000  -30.0000  -15.000011870.6260   15.0477
    7.5000  -30.0000  -15.000011200.5664   15.0303
   -7.5000  -22.5000  -15.000012667.5850   14.9855
    0.0000  -22.5000  -15.000013247.1426   14.9976
    7.5000  -22.5000  -15.000012492.8848   14.9786
   -7.5000  -15.0000  -15.000014011.2090   14.9950
    0.0000  -15.0000  -15.000014629.5654   15.0140
    7.5000  -15.0000  -15.000013775.9707   14.9893
   -7.5000   -7.5000  -15.000015427.6064   14.9674
    0.0000   -7.5000  -15.000016095.6250   14.9875
    7.5000   -7.5000  -15.000015100.6758   14.9582
   -7.5000    0.0000  -15.000016866.4160   14.9215
    0.0000    0.0000  -15.000017735.3711   14.9372
    7.5000    0.0000  -15.000016450.9902   14.9077
   -7.5000    7.5000  -15.000016836.8691   14.8908
    0.0000    7.5000  -15.000017774.3418   14.8994
    7.5000    7.5000  -15.000016355.4658   14.8764
   -7.5000   15.0000  -15.000016278.9004   14.9023
    0.0000   15.0000  -15.000017037.3320   14.9087
    7.5000   15.0000  -15.000015857.3770   14.8914
   -7.5000   22.5000  -15.000015634.7822   14.9464
    0.0000   22.5000  -15.000016229.7285   14.9587
    7.5000   22.5000  -15.000015296.8906   14.9398
   -7.5000   30.0000  -15.000014865.4434   14.7921
    0.0000   30.0000  -15.000015480.3887   14.8109
    7.5000   30.0000  -15.000014599.3066   14.7866
   -7.5000   37.5000  -15.000014477.6973   14.7737
    0.0000   37.5000  -15.000015101.0713   14.7936
    7.5000   37.5000  -15.000014211.6357   14.7646
   -7.5000   45.0000  -15.000013518.1416   14.3788
    0.0000   45.0000  -15.000014090.3311   14.3939
    7.5000   45.0000  -15.000013259.0137   14.3656
   -7.5000  -45.0000   -7.5000 9684.3457   15.8544
    0.0000  -45.0000   -7.500010149.6484   15.8556
    7.5000  -45.0000   -7.5000 9573.2412   15.8182
   -7.5000  -37.5000   -7.500010543.5752   15.4564
    0.0000  -37.5000   -7.500011039.2695   15.4518
    7.5000  -37.5000   -7.500010414.3389   15.4237
   -7.5000  -30.0000   -7.500011827.6748   15.2004
    0.0000  -30.0000   -7.500012396.2773   15.1951
    7.5000  -30.0000   -7.500011671.0371   15.1734
   -7.5000  -22.5000   -7.500013212.7666   15.1406
    0.0000  -22.5000   -7.500013857.1357   15.1414
    7.5000  -22.5000   -7.500013042.1436   15.1171
   -7.5000  -15.0000   -7.500014626.3545   15.1446
    0.0000  -15.0000   -7.500015352.8799   15.1508
    7.5000  -15.0000   -7.500014373.0850   15.1195
   -7.5000   -7.5000   -7.500016177.5537   15.1136
    0.0000   -7.5000   -7.500017015.0996   15.1189
    7.5000   -7.5000   -7.500015780.4375   15.0832
   -7.5000    0.0000   -7.500017832.7969   15.0699
    0.0000    0.0000   -7.500018939.7812   15.0699
    7.5000    0.0000   -7.500017281.8926   15.0350
   -7.5000    7.5000   -7.500017943.3516   15.0450
    0.0000    7.5000   -7.500019066.8438   15.0400
    7.5000    7.5000   -7.500017313.7168   15.0126
   -7.5000   15.0000   -7.500017356.4004   15.0598
    0.0000   15.0000   -7.500018296.8184   15.0550
    7.5000   15.0000   -7.500016803.1426   15.0335
   -7.5000   22.5000   -7.500016585.6699   15.0996
    0.0000   22.5000   -7.500017349.3320   15.1007
    7.5000   22.5000   -7.500016135.8311   15.0764
   -7.5000   30.0000   -7.500015654.6982   14.9394
    0.0000   30.0000   -7.500016382.2373   14.9456
    7.5000   30.0000   -7.500015274.5020   14.9146
   -7.5000   37.5000   -7.500015198.5527   14.9176
    0.0000   37.5000   -7.500015916.6201   14.9229
    7.5000   37.5000   -7.500014838.6377   14.8875
   -7.5000   45.0000   -7.500014140.7871   14.5245
    0.0000   45.0000   -7.500014789.7461   14.5245
    7.5000   45.0000   -7.500013822.9492   14.4909
   -7.5000  -45.0000    0.0000 9967.8730   15.8762
    0.0000  -45.0000    0.000010418.6934   15.8738
    7.5000  -45.0000    0.0000 9858.0752   15.8322
   -7.5000  -37.5000    0.000010850.0820   15.4814
    0.0000  -37.5000    0.000011349.0322   15.4751
    7.5000  -37.5000    0.000010730.8613   15.4440
   -7.5000  -30.0000    0.000012153.3691   15.2267
    0.0000  -30.0000    0.000012729.5508   15.2184
    7.5000  -30.0000    0.000012024.3701   15.1952
   -7.5000  -22.5000    0.000013573.7500   15.1650
    0.0000  -22.5000    0.000014260.8037   15.1591
    7.5000  -22.5000    0.000013385.2998   15.1326
   -7.5000  -15.0000    0.000015050.6094   15.1659
    0.0000  -15.0000    0.000015867.6309   15.1638
    7.5000  -15.0000    0.000014762.9990   15.1288
   -7.5000   -7.5000    0.000016570.1289   15.1330
    0.0000   -7.5000    0.000017567.1543   15.1322
    7.5000   -7.5000    0.000016183.8311   15.0921
   -7.5000    0.0000    0.000018073.8867   15.0906
    0.0000    0.0000    0.000019263.3516   15.0877
    7.5000    0.0000    0.000017591.8203   15.0492
   -7.5000    7.5000    0.000018134.7617   15.0697
    0.0000    7.5000    0.000019358.4355   15.0633
    7.5000    7.5000    0.000017542.2637   15.0334
   -7.5000   15.0000    0.000017698.4219   15.0862
    0.0000   15.0000    0.000018830.9707   15.0784
    7.5000   15.0000    0.000017119.0352   15.0555
   -7.5000   22.5000    0.000017040.8652   15.1240
    0.0000   22.5000    0.000017994.7246   15.1184
    7.5000   22.5000    0.000016535.3965   15.0920
   -7.5000   30.0000    0.000016020.4609   14.9608
    0.0000   30.0000    0.000016865.4141   14.9588
    7.5000   30.0000    0.000015605.2402   14.9242
   -7.5000   37.5000    0.000015511.5391   14.9371
    0.0000   37.5000    0.000016259.2529   14.9363
    7.5000   37.5000    0.000015157.8379   14.8968
   -7.5000   45.0000    0.000014445.8701   14.5456
    0.0000   45.0000    0.000015093.5215   14.5428
    7.5000   45.0000    0.000014146.8145   14.5057
   -7.5000  -45.0000    7.5000 9381.7344   15.9213
    0.0000  -45.0000    7.5000 9849.1211   15.9331
    7.5000  -45.0000    7.5000 9271.5908   15.8928
   -7.5000  -37.5000    7.500010240.5273   15.5200
    0.0000  -37.5000    7.500010749.7031   15.5274
    7.5000  -37.5000    7.500010110.8340   15.4984
   -7.5000  -30.0000    7.500011492.0098   15.2620
    0.0000  -30.0000    7.500012063.3760   15.2628
    7.5000  -30.0000    7.500011326.2080   15.2426
   -7.5000  -22.5000    7.500012856.4375   15.2020
    0.0000  -22.5000    7.500013494.5947   15.2014
    7.5000  -22.5000    7.500012651.5078   15.1784
   -7.5000  -15.0000    7.500014200.5166   15.2070
    0.0000  -15.0000    7.500014919.2607   15.2098
    7.5000  -15.0000    7.500013968.3105   15.1778
   -7.5000   -7.5000    7.500015539.3857   15.1754
    0.0000   -7.5000    7.500016311.7461   15.1839
    7.5000   -7.5000    7.500015285.1807   15.1458
   -7.5000    0.0000    7.500016803.4766   15.1303
    0.0000    0.0000    7.500017630.9473   15.1413
    7.5000    0.0000    7.500016513.2070   15.1045
   -7.5000    7.5000    7.500016778.2480   15.1060
    0.0000    7.5000    7.500017605.8145   15.1129
    7.5000    7.5000    7.500016464.2168   15.0852
   -7.5000   15.0000    7.500016452.1660   15.1211
    0.0000   15.0000    7.500017291.7207   15.1221
    7.5000   15.0000    7.500016118.4707   15.1021
   -7.5000   22.5000    7.500015951.5713   15.1609
    0.0000   22.5000    7.500016718.7617   15.1605
    7.5000   22.5000    7.500015608.5439   15.1375
   -7.5000   30.0000    7.500015077.9619   15.0013
    0.0000   30.0000    7.500015809.2422   15.0041
    7.5000   30.0000    7.500014759.4746   14.9726
   -7.5000   37.5000    7.500014655.5068   14.9790
    0.0000   37.5000    7.500015352.0166   14.9873
    7.5000   37.5000    7.500014333.7803   14.9498
   -7.5000   45.0000    7.500013638.3477   14.5839
    0.0000   45.0000    7.500014270.8145   14.5944
    7.5000   45.0000    7.500013352.7559   14.5590
   -7.5000  -45.0000   15.0000 8762.8037   16.0255
    0.0000  -45.0000   15.0000 9143.3965   16.0550
    7.5000  -45.0000   15.0000 8681.4287   16.0187
   -7.5000  -37.5000   15.0000 9561.9600   15.6117
    0.0000  -37.5000   15.0000 9951.2578   15.6342
    7.5000  -37.5000   15.0000 9456.2520   15.6092
   -7.5000  -30.0000   15.000010702.9121   15.3457
    0.0000  -30.0000   15.000011133.3828   15.3578
    7.5000  -30.0000   15.000010576.9268   15.3416
   -7.5000  -22.5000   15.000011949.6475   15.2876
    0.0000  -22.5000   15.000012441.2090   15.2973
    7.5000  -22.5000   15.000011798.3867   15.2791
   -7.5000  -15.0000   15.000013137.3799   15.2992
    0.0000  -15.0000   15.000013695.3223   15.3139
    7.5000  -15.0000   15.000013004.8057   15.2875
   -7.5000   -7.5000   15.000014313.4150   15.2717
    0.0000   -7.5000   15.000014926.0127   15.2951
    7.5000   -7.5000   15.000014207.0264   15.2620
   -7.5000    0.0000   15.000015409.4570   15.2239
    0.0000    0.0000   15.000016069.6035   15.2516
    7.5000    0.0000   15.000015271.2471   15.2190
   -7.5000    7.5000   15.000015385.7168   15.1924
    0.0000    7.5000   15.000016056.7100   15.2136
    7.5000    7.5000   15.000015225.3887   15.1899
   -7.5000   15.0000   15.000015156.0078   15.2032
    0.0000   15.0000   15.000015827.4199   15.2153
    7.5000   15.0000   15.000014956.4346   15.1993
   -7.5000   22.5000   15.000014731.0820   15.2460
    0.0000   22.5000   15.000015368.6738   15.2559
    7.5000   22.5000   15.000014537.7334   15.2377
   -7.5000   30.0000   15.000013953.2441   15.0922
    0.0000   30.0000   15.000014540.4453   15.1067
    7.5000   30.0000   15.000013766.0254   15.0806
   -7.5000   37.5000   15.000013600.8057   15.0740
    0.0000   37.5000   15.000014162.2852   15.0972
    7.5000   37.5000   15.000013382.1211   15.0645
   -7.5000   45.0000   15.000012678.7822   14.6741
    0.0000   45.0000   15.000013204.4219   14.7008
    7.5000   45.0000   15.000012498.4551   14.6694
   -7.5000  -45.0000   22.5000 8165.1973   16.3293
    0.0000  -45.0000   22.5000 8505.3516   16.3629
    7.5000  -45.0000   22.5000 8129.2666   16.3292
   -7.5000  -37.5000   22.5000 8906.4541   15.8977
    0.0000  -37.5000   22.5000 9261.5498   15.9220
    7.5000  -37.5000   22.5000 8845.6182   15.8986
   -7.5000  -30.0000   22.5000 9950.2578   15.6219
    0.0000  -30.0000   22.500010352.1240   15.6370
    7.5000  -30.0000   22.5000 9894.4395   15.6213
   -7.5000  -22.5000   22.500011067.9258   15.5649
    0.0000  -22.5000   22.500011509.3555   15.5816
    7.5000  -22.5000   22.500011011.9736   15.5646
   -7.5000  -15.0000   22.500012161.1172   15.5799
    0.0000  -15.0000   22.500012651.7158   15.6038
    7.5000  -15.0000   22.500012094.0850   15.5800
   -7.5000   -7.5000   22.500013246.7568   15.5528
    0.0000   -7.5000   22.500013782.7822   15.5832
    7.5000   -7.5000   22.500013170.6064   15.5532
   -7.5000    0.0000   22.500014216.1777   15.5013
    0.0000    0.0000   22.500014812.8115   15.5323
    7.5000    0.0000   22.500014124.5664   15.5020
   -7.5000    7.5000   22.500014176.3916   15.4642
    0.0000    7.5000   22.500014770.7031   15.4870
    7.5000    7.5000   22.500014048.9121   15.4644
   -7.5000   15.0000   22.500014022.5176   15.4744
    0.0000   15.0000   22.500014602.6816   15.4895
    7.5000   15.0000   22.500013844.9053   15.4740
   -7.5000   22.5000   22.500013631.5244   15.5219
    0.0000   22.5000   22.500014197.8320   15.5387
    7.5000   22.5000   22.500013462.0537   15.5218
   -7.5000   30.0000   22.500012929.1885   15.3689
    0.0000   30.0000   22.500013449.4541   15.3926
    7.5000   30.0000   22.500012776.8281   15.3690
   -7.5000   37.5000   22.500012577.8105   15.3515
    0.0000   37.5000   22.500013083.6836   15.3815
    7.5000   37.5000   22.500012434.9844   15.3519
   -7.5000   45.0000   22.500011718.7793   14.9414
    0.0000   45.0000   22.500012197.8213   14.9714
    7.5000   45.0000   22.500011613.7725   14.9421
   -7.5000  -45.0000   30.0000 7561.0796   16.7513
    0.0000  -45.0000   30.0000 7905.0146   16.7727
    7.5000  -45.0000   30.0000 7549.5205   16.7371
   -7.5000  -37.5000   30.0000 8243.1523   16.2974
    0.0000  -37.5000   30.0000 8595.4336   16.3100
    7.5000  -37.5000   30.0000 8206.7627   16.2843
   -7.5000  -30.0000   30.0000 9218.6709   16.0083
    0.0000  -30.0000   30.0000 9597.7344   16.0169
    7.5000  -30.0000   30.0000 9182.2842   15.9984
   -7.5000  -22.5000   30.000010225.4854   15.9518
    0.0000  -22.5000   30.000010633.4092   15.9671
    7.5000  -22.5000   30.000010178.3545   15.9467
   -7.5000  -15.0000   30.000011221.9746   15.9704
    0.0000  -15.0000   30.000011689.6025   15.9934
    7.5000  -15.0000   30.000011170.6367   15.9662
   -7.5000   -7.5000   30.000012173.6514   15.9436
    0.0000   -7.5000   30.000012683.5908   15.9677
    7.5000   -7.5000   30.000012115.6191   15.9350
   -7.5000    0.0000   30.000013032.0547   15.8896
    0.0000    0.0000   30.000013582.0049   15.9086
    7.5000    0.0000   30.000012960.0635   15.8759
   -7.5000    7.5000   30.000012972.0029   15.8475
    0.0000    7.5000   30.000013510.1592   15.8588
    7.5000    7.5000   30.000012873.6318   15.8338
   -7.5000   15.0000   30.000012841.3906   15.8561
    0.0000   15.0000   30.000013382.4941   15.8650
    7.5000   15.0000   30.000012710.8047   15.8468
   -7.5000   22.5000   30.000012497.5586   15.9083
    0.0000   22.5000   30.000013036.0840   15.9239
    7.5000   22.5000   30.000012365.3857   15.9036
   -7.5000   30.0000   30.000011865.7383   15.7544
    0.0000   30.0000   30.000012359.5586   15.7772
    7.5000   30.0000   30.000011732.1562   15.7503
   -7.5000   37.5000   30.000011566.1836   15.7372
    0.0000   37.5000   30.000012058.2119   15.7610
    7.5000   37.5000   30.000011438.5771   15.7287
   -7.5000   45.0000   30.000010776.7109   15.3157
    0.0000   45.0000   30.000011248.8330   15.3341
    7.5000   45.0000   30.000010658.5312   15.3026
   -7.5000  -45.0000   37.5000 7283.2827   17.2725
    0.0000  -45.0000   37.5000 7606.1216   17.2738
    7.5000  -45.0000   37.5000 7250.8892   17.2283
   -7.5000  -37.5000   37.5000 7918.5112   16.7980
    0.0000  -37.5000   37.5000 8273.1973   16.7929
    7.5000  -37.5000   37.5000 7879.2241   16.7584
   -7.5000  -30.0000   37.5000 8841.0254   16.4922
    0.0000  -30.0000   37.5000 9207.8955   16.4868
    7.5000  -30.0000   37.5000 8796.2207   16.4605
   -7.5000  -22.5000   37.5000 9804.5293   16.4288
    0.0000  -22.5000   37.500010209.9229   16.4311
    7.5000  -22.5000   37.5000 9739.8379   16.4023
   -7.5000  -15.0000   37.500010746.1396   16.4466
    0.0000  -15.0000   37.500011203.1543   16.4551
    7.5000  -15.0000   37.500010664.4160   16.4182
   -7.5000   -7.5000   37.500011624.8135   16.4206
    0.0000   -7.5000   37.500012120.0195   16.4275
    7.5000   -7.5000   37.500011519.5869   16.3849
   -7.5000    0.0000   37.500012431.4756   16.3687
    0.0000    0.0000   37.500012945.7871   16.3689
    7.5000    0.0000   37.500012308.4912   16.3270
   -7.5000    7.5000   37.500012345.6309   16.3287
    0.0000    7.5000   37.500012855.5605   16.3231
    7.5000    7.5000   37.500012225.7930   16.2898
   -7.5000   15.0000   37.500012210.5801   16.3364
    0.0000   15.0000   37.500012719.9180   16.3317
    7.5000   15.0000   37.500012082.0791   16.3058
   -7.5000   22.5000   37.500011891.3164   16.3868
    0.0000   22.5000   37.500012394.4707   16.3895
    7.5000   22.5000   37.500011742.6943   16.3607
   -7.5000   30.0000   37.500011270.1543   16.2258
    0.0000   30.0000   37.500011743.6621   16.2343
    7.5000   30.0000   37.500011126.9795   16.1978
   -7.5000   37.5000   37.500010996.9502   16.2081
    0.0000   37.5000   37.500011465.6357   16.2149
    7.5000   37.5000   37.500010867.1104   16.1729
   -7.5000   45.0000   37.500010243.6055   15.7776
    0.0000   45.0000   37.500010698.7822   15.7777
    7.5000   45.0000   37.500010118.4414   15.7373
   -7.5000  -45.0000   45.0000 6730.4980   17.8617
    0.0000  -45.0000   45.0000 7026.2993   17.8598
    7.5000  -45.0000   45.0000 6664.2046   17.8056
   -7.5000  -37.5000   45.0000 7300.1826   17.3550
    0.0000  -37.5000   45.0000 7629.1729   17.3484
    7.5000  -37.5000   45.0000 7233.1084   17.3077
   -7.5000  -30.0000   45.0000 8127.6865   17.0251
    0.0000  -30.0000   45.0000 8482.2588   17.0160
    7.5000  -30.0000   45.0000 8052.1328   16.9849
   -7.5000  -22.5000   45.0000 9008.9434   16.9552
    0.0000  -22.5000   45.0000 9401.1377   16.9489
    7.5000  -22.5000   45.0000 8915.5000   16.9132
   -7.5000  -15.0000   45.0000 9864.4502   16.9769
    0.0000  -15.0000   45.000010285.3828   16.9750
    7.5000  -15.0000   45.0000 9742.1875   16.9285
   -7.5000   -7.5000   45.000010657.7236   16.9546
    0.0000   -7.5000   45.000011108.8867   16.9544
    7.5000   -7.5000   45.000010502.2520   16.9024
   -7.5000    0.0000   45.000011370.9434   16.9024
    0.0000    0.0000   45.000011855.3047   16.8998
    7.5000    0.0000   45.000011221.3174   16.8505
   -7.5000    7.5000   45.000011245.5527   16.8603
    0.0000    7.5000   45.000011734.4043   16.8535
    7.5000    7.5000   45.000011115.5605   16.8147
   -7.5000   15.0000   45.000011119.0732   16.8648
    0.0000   15.0000   45.000011606.0117   16.8563
    7.5000   15.0000   45.000010988.5928   16.8256
   -7.5000   22.5000   45.000010833.5723   16.9149
    0.0000   22.5000   45.000011301.8447   16.9089
    7.5000   22.5000   45.000010698.8682   16.8733
   -7.5000   30.0000   45.000010258.8252   16.7495
    0.0000   30.0000   45.000010705.7998   16.7477
    7.5000   30.0000   45.000010117.9033   16.7018
   -7.5000   37.5000   45.000010020.3936   16.7337
    0.0000   37.5000   45.000010455.4102   16.7335
    7.5000   37.5000   45.0000 9889.1621   16.6822
   -7.5000   45.0000   45.0000 9351.9570   16.2993
    0.0000   45.0000   45.0000 9763.6777   16.2969
    7.5000   45.0000   45.0000 9213.8330   16.2493

---------------------------------------------------------------------
imgreg_4dfp /opt/freesurfer/average/711-2C_as_mni_average_305 /opt/freesurfer/average/711-2B_as_mni_average_305_mask talsrcimg_g11 none talsrcimg_to_711-2C_as_mni_average_305_t4 4355
---------------------------------------------------------------------

freesurfer imgreg_4dfp.c
/opt/freesurfer/average/711-2C_as_mni_average_305.4dfp.img
       256       256       256         1
  1.000000  1.000000  1.000000
orientation T byte_order littleendian
Reading image: /opt/freesurfer/average/711-2C_as_mni_average_305.4dfp.img
dimensions:      256       256       256
mmppix:       1.0000   -1.0000   -1.0000
center:     128.0000 -129.0000 -129.0000
/opt/freesurfer/average/711-2B_as_mni_average_305_mask.4dfp.img
       256       256       256         1
  1.000000  1.000000  1.000000
orientation T byte_order littleendian
Reading mask: /opt/freesurfer/average/711-2B_as_mni_average_305_mask.4dfp.img (2306576 pixels)
talsrcimg_g11.4dfp.img
       256       256       256         1
  1.000000  1.000000  1.000000
orientation T byte_order littleendian
Reading image: talsrcimg_g11.4dfp.img
dimensions:      256       256       256
mmppix:       1.0000   -1.0000   -1.0000
center:     128.0000 -129.0000 -129.0000
rotation matrix determinant  1.000000
image alignment mode   4355 decimal     1103 hex
   -7.5000  -37.5000  -45.0000 2184.8442   17.8967
    0.0000  -37.5000  -45.0000 2198.9631   17.8463
    7.5000  -37.5000  -45.0000 2178.4163   17.9357
   -7.5000  -30.0000  -45.0000 2300.7136   16.2059
    0.0000  -30.0000  -45.0000 2316.5706   16.1592
    7.5000  -30.0000  -45.0000 2294.4951   16.2388
   -7.5000  -22.5000  -45.0000 2387.9861   14.8841
    0.0000  -22.5000  -45.0000 2405.5215   14.8211
    7.5000  -22.5000  -45.0000 2387.1392   14.9371
   -7.5000  -15.0000  -45.0000 2452.5171   13.8301
    0.0000  -15.0000  -45.0000 2465.8113   13.7300
    7.5000  -15.0000  -45.0000 2454.1294   13.8724
   -7.5000   -7.5000  -45.0000 2512.6538   12.9883
    0.0000   -7.5000  -45.0000 2522.7068   12.8823
    7.5000   -7.5000  -45.0000 2507.3005   13.0328
   -7.5000    0.0000  -45.0000 2558.8369   12.4106
    0.0000    0.0000  -45.0000 2561.6040   12.2706
    7.5000    0.0000  -45.0000 2547.1702   12.4308
   -7.5000    7.5000  -45.0000 2587.0701   12.0327
    0.0000    7.5000  -45.0000 2591.9814   11.9163
    7.5000    7.5000  -45.0000 2576.2510   12.0809
   -7.5000   15.0000  -45.0000 2592.9380   11.9037
    0.0000   15.0000  -45.0000 2598.7317   11.7957
    7.5000   15.0000  -45.0000 2578.9724   11.9695
   -7.5000   22.5000  -45.0000 2584.0498   11.9952
    0.0000   22.5000  -45.0000 2596.9458   11.9022
    7.5000   22.5000  -45.0000 2571.1895   12.0409
   -7.5000   30.0000  -45.0000 2553.9326   12.3388
    0.0000   30.0000  -45.0000 2571.6536   12.2549
    7.5000   30.0000  -45.0000 2544.9451   12.3786
   -7.5000   37.5000  -45.0000 2510.6406   12.8884
    0.0000   37.5000  -45.0000 2531.7588   12.8209
    7.5000   37.5000  -45.0000 2502.0898   12.9274
   -7.5000   45.0000  -45.0000 2451.3110   13.6977
    0.0000   45.0000  -45.0000 2469.3237   13.6472
    7.5000   45.0000  -45.0000 2440.9580   13.7496
   -7.5000   52.5000  -45.0000 2347.8787   14.6856
    0.0000   52.5000  -45.0000 2367.5798   14.6228
    7.5000   52.5000  -45.0000 2340.7278   14.7430
   -7.5000  -37.5000  -37.5000 2234.3220   17.0630
    0.0000  -37.5000  -37.5000 2253.9146   16.9939
    7.5000  -37.5000  -37.5000 2237.8831   17.1182
   -7.5000  -30.0000  -37.5000 2353.0215   15.3906
    0.0000  -30.0000  -37.5000 2368.8545   15.3278
    7.5000  -30.0000  -37.5000 2354.3779   15.4504
   -7.5000  -22.5000  -37.5000 2444.1724   14.0759
    0.0000  -22.5000  -37.5000 2458.3164   13.9687
    7.5000  -22.5000  -37.5000 2448.0330   14.1546
   -7.5000  -15.0000  -37.5000 2512.6729   13.0349
    0.0000  -15.0000  -37.5000 2526.5903   12.9252
    7.5000  -15.0000  -37.5000 2516.2087   13.0821
   -7.5000   -7.5000  -37.5000 2578.9622   12.2348
    0.0000   -7.5000  -37.5000 2589.5781   12.1274
    7.5000   -7.5000  -37.5000 2578.0154   12.2924
   -7.5000    0.0000  -37.5000 2629.4673   11.6404
    0.0000    0.0000  -37.5000 2638.8335   11.5264
    7.5000    0.0000  -37.5000 2623.3181   11.6801
   -7.5000    7.5000  -37.5000 2666.8960   11.2547
    0.0000    7.5000  -37.5000 2674.9263   11.1459
    7.5000    7.5000  -37.5000 2661.5452   11.3297
   -7.5000   15.0000  -37.5000 2679.0200   11.1033
    0.0000   15.0000  -37.5000 2691.6443   11.0145
    7.5000   15.0000  -37.5000 2670.7444   11.1791
   -7.5000   22.5000  -37.5000 2679.9976   11.1837
    0.0000   22.5000  -37.5000 2695.4016   11.0941
    7.5000   22.5000  -37.5000 2667.7036   11.2504
   -7.5000   30.0000  -37.5000 2651.4812   11.5486
    0.0000   30.0000  -37.5000 2666.6060   11.4360
    7.5000   30.0000  -37.5000 2642.2068   11.6013
   -7.5000   37.5000  -37.5000 2607.9817   12.0851
    0.0000   37.5000  -37.5000 2618.9343   11.9939
    7.5000   37.5000  -37.5000 2597.4514   12.1407
   -7.5000   45.0000  -37.5000 2536.9756   12.8655
    0.0000   45.0000  -37.5000 2549.5000   12.7801
    7.5000   45.0000  -37.5000 2529.3928   12.9305
   -7.5000   52.5000  -37.5000 2425.1016   13.8346
    0.0000   52.5000  -37.5000 2446.7109   13.7750
    7.5000   52.5000  -37.5000 2422.7827   13.9069
   -7.5000  -37.5000  -30.0000 2322.9514   16.8812
    0.0000  -37.5000  -30.0000 2344.6282   16.8489
    7.5000  -37.5000  -30.0000 2331.9158   16.9589
   -7.5000  -30.0000  -30.0000 2437.0295   15.1396
    0.0000  -30.0000  -30.0000 2459.8569   15.0878
    7.5000  -30.0000  -30.0000 2452.5579   15.2411
   -7.5000  -22.5000  -30.0000 2535.5876   13.7879
    0.0000  -22.5000  -30.0000 2552.5696   13.6918
    7.5000  -22.5000  -30.0000 2547.4780   13.8875
   -7.5000  -15.0000  -30.0000 2616.8679   12.7296
    0.0000  -15.0000  -30.0000 2631.3687   12.6287
    7.5000  -15.0000  -30.0000 2625.3960   12.8257
   -7.5000   -7.5000  -30.0000 2695.7583   11.9363
    0.0000   -7.5000  -30.0000 2706.3223   11.8347
    7.5000   -7.5000  -30.0000 2694.9673   12.0137
   -7.5000    0.0000  -30.0000 2759.7808   11.3562
    0.0000    0.0000  -30.0000 2770.1602   11.2692
    7.5000    0.0000  -30.0000 2752.3213   11.4266
   -7.5000    7.5000  -30.0000 2803.3018   10.9677
    0.0000    7.5000  -30.0000 2814.5476   10.8639
    7.5000    7.5000  -30.0000 2792.2537   11.0429
   -7.5000   15.0000  -30.0000 2818.3391   10.7509
    0.0000   15.0000  -30.0000 2838.0107   10.6639
    7.5000   15.0000  -30.0000 2805.2795   10.8406
   -7.5000   22.5000  -30.0000 2816.3464   10.8288
    0.0000   22.5000  -30.0000 2832.1792   10.7305
    7.5000   22.5000  -30.0000 2804.4788   10.9021
   -7.5000   30.0000  -30.0000 2787.7856   11.2056
    0.0000   30.0000  -30.0000 2800.7432   11.0901
    7.5000   30.0000  -30.0000 2780.5676   11.2678
   -7.5000   37.5000  -30.0000 2738.6003   11.8009
    0.0000   37.5000  -30.0000 2748.4382   11.6820
    7.5000   37.5000  -30.0000 2731.9722   11.8774
   -7.5000   45.0000  -30.0000 2664.2905   12.6094
    0.0000   45.0000  -30.0000 2674.1914   12.5055
    7.5000   45.0000  -30.0000 2658.4724   12.7128
   -7.5000   52.5000  -30.0000 2546.3125   13.6147
    0.0000   52.5000  -30.0000 2559.9307   13.5218
    7.5000   52.5000  -30.0000 2536.2744   13.7169
   -7.5000  -37.5000  -22.5000 2372.2998   16.6410
    0.0000  -37.5000  -22.5000 2396.6418   16.5898
    7.5000  -37.5000  -22.5000 2382.8904   16.7163
   -7.5000  -30.0000  -22.5000 2489.7026   14.8555
    0.0000  -30.0000  -22.5000 2510.6616   14.7755
    7.5000  -30.0000  -22.5000 2498.9939   14.9489
   -7.5000  -22.5000  -22.5000 2598.9888   13.4959
    0.0000  -22.5000  -22.5000 2614.7910   13.4007
    7.5000  -22.5000  -22.5000 2604.6704   13.5796
   -7.5000  -15.0000  -22.5000 2691.2603   12.4511
    0.0000  -15.0000  -22.5000 2704.0737   12.3322
    7.5000  -15.0000  -22.5000 2693.7522   12.5223
   -7.5000   -7.5000  -22.5000 2780.3491   11.6588
    0.0000   -7.5000  -22.5000 2786.8323   11.5268
    7.5000   -7.5000  -22.5000 2779.3982   11.7210
   -7.5000    0.0000  -22.5000 2856.7175   11.0897
    0.0000    0.0000  -22.5000 2863.2444   10.9687
    7.5000    0.0000  -22.5000 2848.7832   11.1526
   -7.5000    7.5000  -22.5000 2902.5173   10.6902
    0.0000    7.5000  -22.5000 2918.1829   10.5923
    7.5000    7.5000  -22.5000 2887.9275   10.7598
   -7.5000   15.0000  -22.5000 2918.5332   10.4038
    0.0000   15.0000  -22.5000 2938.4817   10.3096
    7.5000   15.0000  -22.5000 2901.2712   10.5069
   -7.5000   22.5000  -22.5000 2917.2200   10.4548
    0.0000   22.5000  -22.5000 2927.3608   10.3151
    7.5000   22.5000  -22.5000 2902.6687   10.5610
   -7.5000   30.0000  -22.5000 2884.6267   10.8628
    0.0000   30.0000  -22.5000 2894.2290   10.6947
    7.5000   30.0000  -22.5000 2876.1428   10.9639
   -7.5000   37.5000  -22.5000 2828.4714   11.5132
    0.0000   37.5000  -22.5000 2842.2153   11.3475
    7.5000   37.5000  -22.5000 2822.5840   11.6257
   -7.5000   45.0000  -22.5000 2747.4893   12.3525
    0.0000   45.0000  -22.5000 2761.0112   12.2172
    7.5000   45.0000  -22.5000 2740.2007   12.4920
   -7.5000   52.5000  -22.5000 2624.6829   13.3485
    0.0000   52.5000  -22.5000 2638.6692   13.2242
    7.5000   52.5000  -22.5000 2614.8154   13.4905
   -7.5000  -37.5000  -15.0000 2398.6699   16.4772
    0.0000  -37.5000  -15.0000 2413.2634   16.3490
    7.5000  -37.5000  -15.0000 2407.2861   16.5617
   -7.5000  -30.0000  -15.0000 2515.2759   14.6722
    0.0000  -30.0000  -15.0000 2531.7429   14.5548
    7.5000  -30.0000  -15.0000 2522.9619   14.7459
   -7.5000  -22.5000  -15.0000 2624.0022   13.2845
    0.0000  -22.5000  -15.0000 2637.9272   13.1782
    7.5000  -22.5000  -15.0000 2629.8352   13.3579
   -7.5000  -15.0000  -15.0000 2719.3628   12.2293
    0.0000  -15.0000  -15.0000 2727.4006   12.1107
    7.5000  -15.0000  -15.0000 2720.2217   12.2849
   -7.5000   -7.5000  -15.0000 2819.0146   11.4344
    0.0000   -7.5000  -15.0000 2820.7087   11.3108
    7.5000   -7.5000  -15.0000 2811.2942   11.4876
   -7.5000    0.0000  -15.0000 2903.5859   10.8976
    0.0000    0.0000  -15.0000 2908.2559   10.7751
    7.5000    0.0000  -15.0000 2890.6702   10.9518
   -7.5000    7.5000  -15.0000 2958.7192   10.5331
    0.0000    7.5000  -15.0000 2978.5637   10.4542
    7.5000    7.5000  -15.0000 2937.3423   10.5957
   -7.5000   15.0000  -15.0000 2974.1895   10.2099
    0.0000   15.0000  -15.0000 2992.7891   10.0717
    7.5000   15.0000  -15.0000 2954.5459   10.3176
   -7.5000   22.5000  -15.0000 2974.4038   10.2042
    0.0000   22.5000  -15.0000 2979.9805   10.0088
    7.5000   22.5000  -15.0000 2953.0095   10.3562
   -7.5000   30.0000  -15.0000 2937.9609   10.6226
    0.0000   30.0000  -15.0000 2947.6089   10.4200
    7.5000   30.0000  -15.0000 2926.4316   10.7416
   -7.5000   37.5000  -15.0000 2879.9937   11.3029
    0.0000   37.5000  -15.0000 2892.6230   11.1328
    7.5000   37.5000  -15.0000 2871.2146   11.4036
   -7.5000   45.0000  -15.0000 2794.5378   12.1749
    0.0000   45.0000  -15.0000 2800.8010   12.0178
    7.5000   45.0000  -15.0000 2781.6323   12.2692
   -7.5000   52.5000  -15.0000 2666.3591   13.1598
    0.0000   52.5000  -15.0000 2671.5259   13.0163
    7.5000   52.5000  -15.0000 2654.4653   13.2647
   -7.5000  -37.5000   -7.5000 2400.1819   16.3611
    0.0000  -37.5000   -7.5000 2418.1270   16.2332
    7.5000  -37.5000   -7.5000 2408.2019   16.4130
   -7.5000  -30.0000   -7.5000 2524.3875   14.5761
    0.0000  -30.0000   -7.5000 2540.9912   14.4625
    7.5000  -30.0000   -7.5000 2528.8420   14.6505
   -7.5000  -22.5000   -7.5000 2637.7795   13.1707
    0.0000  -22.5000   -7.5000 2648.3589   13.1062
    7.5000  -22.5000   -7.5000 2640.9807   13.2758
   -7.5000  -15.0000   -7.5000 2736.8760   12.1193
    0.0000  -15.0000   -7.5000 2741.7478   12.0519
    7.5000  -15.0000   -7.5000 2735.6230   12.2061
   -7.5000   -7.5000   -7.5000 2836.1594   11.3406
    0.0000   -7.5000   -7.5000 2836.6030   11.2913
    7.5000   -7.5000   -7.5000 2827.7185   11.4066
   -7.5000    0.0000   -7.5000 2929.0239   10.8509
    0.0000    0.0000   -7.5000 2936.8311   10.8251
    7.5000    0.0000   -7.5000 2908.2493   10.8925
   -7.5000    7.5000   -7.5000 2990.5591   10.5279
    0.0000    7.5000   -7.5000 3017.5947   10.5410
    7.5000    7.5000   -7.5000 2963.4036   10.5314
   -7.5000   15.0000   -7.5000 2999.6555   10.2406
    0.0000   15.0000   -7.5000 3032.7993   10.1438
    7.5000   15.0000   -7.5000 2984.0413   10.2917
   -7.5000   22.5000   -7.5000 2995.0332   10.1810
    0.0000   22.5000   -7.5000 3013.0435   10.0169
    7.5000   22.5000   -7.5000 2978.0437   10.3002
   -7.5000   30.0000   -7.5000 2960.0085   10.5414
    0.0000   30.0000   -7.5000 2971.2368   10.3825
    7.5000   30.0000   -7.5000 2941.7529   10.6296
   -7.5000   37.5000   -7.5000 2899.5073   11.1849
    0.0000   37.5000   -7.5000 2911.9978   11.0345
    7.5000   37.5000   -7.5000 2884.2893   11.2304
   -7.5000   45.0000   -7.5000 2805.5896   12.0497
    0.0000   45.0000   -7.5000 2813.4375   11.8935
    7.5000   45.0000   -7.5000 2791.9993   12.0737
   -7.5000   52.5000   -7.5000 2670.6226   13.0318
    0.0000   52.5000   -7.5000 2679.0784   12.8934
    7.5000   52.5000   -7.5000 2659.1594   13.0850
   -7.5000  -37.5000    0.0000 2396.0945   16.4220
    0.0000  -37.5000    0.0000 2409.6924   16.3080
    7.5000  -37.5000    0.0000 2405.1914   16.5279
   -7.5000  -30.0000    0.0000 2522.0112   14.6096
    0.0000  -30.0000    0.0000 2536.1277   14.5299
    7.5000  -30.0000    0.0000 2530.1475   14.7473
   -7.5000  -22.5000    0.0000 2638.3711   13.2407
    0.0000  -22.5000    0.0000 2651.5706   13.2286
    7.5000  -22.5000    0.0000 2641.3005   13.3872
   -7.5000  -15.0000    0.0000 2741.4573   12.2227
    0.0000  -15.0000    0.0000 2757.9875   12.2641
    7.5000  -15.0000    0.0000 2736.4539   12.3360
   -7.5000   -7.5000    0.0000 2837.2959   11.4687
    0.0000   -7.5000    0.0000 2857.9363   11.5320
    7.5000   -7.5000    0.0000 2824.9163   11.5441
   -7.5000    0.0000    0.0000 2925.4612   10.9303
    0.0000    0.0000    0.0000 2949.6782   10.9987
    7.5000    0.0000    0.0000 2897.6167   10.9705
   -7.5000    7.5000    0.0000 2984.0005   10.5988
    0.0000    7.5000    0.0000 3008.0229   10.6103
    7.5000    7.5000    0.0000 2948.9551   10.6573
   -7.5000   15.0000    0.0000 2992.1804   10.3810
    0.0000   15.0000    0.0000 3025.0425   10.3593
    7.5000   15.0000    0.0000 2966.6680   10.4471
   -7.5000   22.5000    0.0000 2987.9653   10.4161
    0.0000   22.5000    0.0000 3013.5225   10.3403
    7.5000   22.5000    0.0000 2965.7883   10.5017
   -7.5000   30.0000    0.0000 2945.3262   10.7310
    0.0000   30.0000    0.0000 2965.7178   10.6360
    7.5000   30.0000    0.0000 2922.6980   10.7961
   -7.5000   37.5000    0.0000 2878.7134   11.2882
    0.0000   37.5000    0.0000 2893.9282   11.1546
    7.5000   37.5000    0.0000 2863.2886   11.3264
   -7.5000   45.0000    0.0000 2789.8557   12.0938
    0.0000   45.0000    0.0000 2798.2366   11.9330
    7.5000   45.0000    0.0000 2774.6150   12.1034
   -7.5000   52.5000    0.0000 2658.2410   13.0587
    0.0000   52.5000    0.0000 2662.2830   12.8936
    7.5000   52.5000    0.0000 2643.6064   13.0851
   -7.5000  -37.5000    7.5000 2387.1648   16.7154
    0.0000  -37.5000    7.5000 2402.4612   16.7023
    7.5000  -37.5000    7.5000 2391.6357   16.8865
   -7.5000  -30.0000    7.5000 2520.1528   14.9310
    0.0000  -30.0000    7.5000 2536.5427   14.9270
    7.5000  -30.0000    7.5000 2517.8110   15.1118
   -7.5000  -22.5000    7.5000 2640.3733   13.6072
    0.0000  -22.5000    7.5000 2658.1270   13.6102
    7.5000  -22.5000    7.5000 2636.4277   13.7822
   -7.5000  -15.0000    7.5000 2742.0352   12.5798
    0.0000  -15.0000    7.5000 2758.1418   12.5886
    7.5000  -15.0000    7.5000 2733.3257   12.7190
   -7.5000   -7.5000    7.5000 2835.7659   11.7698
    0.0000   -7.5000    7.5000 2849.4731   11.7703
    7.5000   -7.5000    7.5000 2821.5959   11.8750
   -7.5000    0.0000    7.5000 2910.3657   11.1924
    0.0000    0.0000    7.5000 2920.5144   11.1609
    7.5000    0.0000    7.5000 2888.8828   11.2941
   -7.5000    7.5000    7.5000 2955.5603   10.8397
    0.0000    7.5000    7.5000 2967.5806   10.7774
    7.5000    7.5000    7.5000 2933.5757   10.9399
   -7.5000   15.0000    7.5000 2968.4729   10.6800
    0.0000   15.0000    7.5000 2987.5928   10.6028
    7.5000   15.0000    7.5000 2944.4939   10.7851
   -7.5000   22.5000    7.5000 2962.3254   10.7855
    0.0000   22.5000    7.5000 2975.8374   10.6570
    7.5000   22.5000    7.5000 2936.7300   10.8347
   -7.5000   30.0000    7.5000 2918.2544   11.1367
    0.0000   30.0000    7.5000 2929.4016   11.0054
    7.5000   30.0000    7.5000 2894.3501   11.1478
   -7.5000   37.5000    7.5000 2847.4951   11.6514
    0.0000   37.5000    7.5000 2858.4216   11.5600
    7.5000   37.5000    7.5000 2827.2375   11.6603
   -7.5000   45.0000    7.5000 2754.2029   12.3654
    0.0000   45.0000    7.5000 2764.0315   12.2748
    7.5000   45.0000    7.5000 2732.7617   12.4022
   -7.5000   52.5000    7.5000 2618.4226   13.2614
    0.0000   52.5000    7.5000 2627.8201   13.1562
    7.5000   52.5000    7.5000 2604.2056   13.3193
   -7.5000  -37.5000   15.0000 2370.9573   17.1950
    0.0000  -37.5000   15.0000 2376.4189   17.0665
    7.5000  -37.5000   15.0000 2370.6274   17.4238
   -7.5000  -30.0000   15.0000 2502.2532   15.3991
    0.0000  -30.0000   15.0000 2511.8018   15.2863
    7.5000  -30.0000   15.0000 2500.0278   15.6361
   -7.5000  -22.5000   15.0000 2625.2117   14.0365
    0.0000  -22.5000   15.0000 2636.9292   13.9563
    7.5000  -22.5000   15.0000 2618.2852   14.2490
   -7.5000  -15.0000   15.0000 2725.7402   12.9674
    0.0000  -15.0000   15.0000 2734.2229   12.9015
    7.5000  -15.0000   15.0000 2714.1445   13.1509
   -7.5000   -7.5000   15.0000 2813.3406   12.1338
    0.0000   -7.5000   15.0000 2819.4026   12.0644
    7.5000   -7.5000   15.0000 2803.7888   12.3142
   -7.5000    0.0000   15.0000 2876.2559   11.5411
    0.0000    0.0000   15.0000 2882.2476   11.4465
    7.5000    0.0000   15.0000 2862.9761   11.6989
   -7.5000    7.5000   15.0000 2914.5103   11.2089
    0.0000    7.5000   15.0000 2923.5085   11.1352
    7.5000    7.5000   15.0000 2896.3984   11.3671
   -7.5000   15.0000   15.0000 2925.2803   11.1006
    0.0000   15.0000   15.0000 2932.4070   11.0117
    7.5000   15.0000   15.0000 2901.5513   11.2267
   -7.5000   22.5000   15.0000 2910.8440   11.2626
    0.0000   22.5000   15.0000 2915.3098   11.1429
    7.5000   22.5000   15.0000 2889.6980   11.3551
   -7.5000   30.0000   15.0000 2859.1372   11.6323
    0.0000   30.0000   15.0000 2867.0627   11.4937
    7.5000   30.0000   15.0000 2846.1013   11.6962
   -7.5000   37.5000   15.0000 2791.6169   12.1628
    0.0000   37.5000   15.0000 2800.6091   12.0260
    7.5000   37.5000   15.0000 2775.0242   12.2054
   -7.5000   45.0000   15.0000 2695.9238   12.8768
    0.0000   45.0000   15.0000 2709.9426   12.7619
    7.5000   45.0000   15.0000 2686.7915   12.9426
   -7.5000   52.5000   15.0000 2561.7280   13.7915
    0.0000   52.5000   15.0000 2573.1062   13.6712
    7.5000   52.5000   15.0000 2558.9697   13.8492
   -7.5000  -37.5000   22.5000 2343.5093   17.7148
    0.0000  -37.5000   22.5000 2347.2874   17.5077
    7.5000  -37.5000   22.5000 2342.3811   18.0417
   -7.5000  -30.0000   22.5000 2473.0088   15.9155
    0.0000  -30.0000   22.5000 2479.2412   15.7675
    7.5000  -30.0000   22.5000 2473.8262   16.2405
   -7.5000  -22.5000   22.5000 2592.3235   14.5367
    0.0000  -22.5000   22.5000 2597.4358   14.4134
    7.5000  -22.5000   22.5000 2588.2200   14.8201
   -7.5000  -15.0000   22.5000 2693.0015   13.4634
    0.0000  -15.0000   22.5000 2693.1316   13.3347
    7.5000  -15.0000   22.5000 2681.2429   13.7139
   -7.5000   -7.5000   22.5000 2775.8750   12.6443
    0.0000   -7.5000   22.5000 2776.9463   12.5208
    7.5000   -7.5000   22.5000 2764.7930   12.8543
   -7.5000    0.0000   22.5000 2827.4189   12.0549
    0.0000    0.0000   22.5000 2833.3545   11.9355
    7.5000    0.0000   22.5000 2814.5474   12.2381
   -7.5000    7.5000   22.5000 2857.8010   11.7383
    0.0000    7.5000   22.5000 2869.8318   11.6455
    7.5000    7.5000   22.5000 2841.2083   11.9020
   -7.5000   15.0000   22.5000 2867.6147   11.6670
    0.0000   15.0000   22.5000 2869.8438   11.5842
    7.5000   15.0000   22.5000 2842.8354   11.7909
   -7.5000   22.5000   22.5000 2838.9612   11.8822
    0.0000   22.5000   22.5000 2841.0725   11.7745
    7.5000   22.5000   22.5000 2820.5266   11.9634
   -7.5000   30.0000   22.5000 2789.3462   12.2618
    0.0000   30.0000   22.5000 2794.4255   12.1303
    7.5000   30.0000   22.5000 2777.6938   12.3355
   -7.5000   37.5000   22.5000 2716.7190   12.7750
    0.0000   37.5000   22.5000 2724.3596   12.6510
    7.5000   37.5000   22.5000 2708.6218   12.8571
   -7.5000   45.0000   22.5000 2623.0894   13.4670
    0.0000   45.0000   22.5000 2634.3218   13.3430
    7.5000   45.0000   22.5000 2620.5305   13.5622
   -7.5000   52.5000   22.5000 2491.8542   14.4081
    0.0000   52.5000   22.5000 2505.5371   14.3002
    7.5000   52.5000   22.5000 2488.0857   14.5150
   -7.5000  -37.5000   30.0000 2305.7148   18.4110
    0.0000  -37.5000   30.0000 2309.3811   18.2056
    7.5000  -37.5000   30.0000 2298.0063   18.7789
   -7.5000  -30.0000   30.0000 2434.3669   16.5819
    0.0000  -30.0000   30.0000 2436.7568   16.4132
    7.5000  -30.0000   30.0000 2429.5366   16.9200
   -7.5000  -22.5000   30.0000 2542.3352   15.1872
    0.0000  -22.5000   30.0000 2544.2305   15.0251
    7.5000  -22.5000   30.0000 2533.6802   15.5014
   -7.5000  -15.0000   30.0000 2637.7629   14.1140
    0.0000  -15.0000   30.0000 2641.8667   13.9871
    7.5000  -15.0000   30.0000 2625.3882   14.4061
   -7.5000   -7.5000   30.0000 2709.7681   13.2925
    0.0000   -7.5000   30.0000 2716.5581   13.1601
    7.5000   -7.5000   30.0000 2701.0093   13.5314
   -7.5000    0.0000   30.0000 2755.5278   12.7119
    0.0000    0.0000   30.0000 2765.0483   12.5909
    7.5000    0.0000   30.0000 2742.9607   12.9082
   -7.5000    7.5000   30.0000 2784.0195   12.3901
    0.0000    7.5000   30.0000 2793.0232   12.3086
    7.5000    7.5000   30.0000 2766.9961   12.5699
   -7.5000   15.0000   30.0000 2787.1187   12.3633
    0.0000   15.0000   30.0000 2794.6245   12.2789
    7.5000   15.0000   30.0000 2765.8958   12.5090
   -7.5000   22.5000   30.0000 2754.3325   12.6089
    0.0000   22.5000   30.0000 2761.6013   12.5076
    7.5000   22.5000   30.0000 2737.8416   12.7059
   -7.5000   30.0000   30.0000 2707.0271   13.0060
    0.0000   30.0000   30.0000 2711.9941   12.8764
    7.5000   30.0000   30.0000 2691.9294   13.1050
   -7.5000   37.5000   30.0000 2634.1377   13.5551
    0.0000   37.5000   30.0000 2641.1965   13.4433
    7.5000   37.5000   30.0000 2624.3455   13.6143
   -7.5000   45.0000   30.0000 2541.2539   14.2527
    0.0000   45.0000   30.0000 2552.6270   14.1408
    7.5000   45.0000   30.0000 2533.4023   14.3122
   -7.5000   52.5000   30.0000 2408.0315   15.1904
    0.0000   52.5000   30.0000 2421.6016   15.0824
    7.5000   52.5000   30.0000 2404.1785   15.2679
   -7.5000  -37.5000   37.5000 2259.0476   19.3426
    0.0000  -37.5000   37.5000 2267.6182   19.1558
    7.5000  -37.5000   37.5000 2251.4619   19.7631
   -7.5000  -30.0000   37.5000 2381.3474   17.4554
    0.0000  -30.0000   37.5000 2386.7803   17.2707
    7.5000  -30.0000   37.5000 2373.6909   17.8081
   -7.5000  -22.5000   37.5000 2483.6162   16.0760
    0.0000  -22.5000   37.5000 2491.1719   15.9249
    7.5000  -22.5000   37.5000 2474.4028   16.3826
   -7.5000  -15.0000   37.5000 2570.7249   14.9792
    0.0000  -15.0000   37.5000 2581.0850   14.8613
    7.5000  -15.0000   37.5000 2559.6924   15.2376
   -7.5000   -7.5000   37.5000 2636.7078   14.1492
    0.0000   -7.5000   37.5000 2648.2097   14.0235
    7.5000   -7.5000   37.5000 2622.9644   14.3569
   -7.5000    0.0000   37.5000 2677.7058   13.5442
    0.0000    0.0000   37.5000 2688.3765   13.4591
    7.5000    0.0000   37.5000 2663.3108   13.7205
   -7.5000    7.5000   37.5000 2704.6824   13.2267
    0.0000    7.5000   37.5000 2713.2976   13.1625
    7.5000    7.5000   37.5000 2689.7703   13.3858
   -7.5000   15.0000   37.5000 2701.7949   13.2398
    0.0000   15.0000   37.5000 2711.7869   13.1690
    7.5000   15.0000   37.5000 2683.9387   13.3716
   -7.5000   22.5000   37.5000 2670.4966   13.4830
    0.0000   22.5000   37.5000 2677.4275   13.4121
    7.5000   22.5000   37.5000 2649.8994   13.5971
   -7.5000   30.0000   37.5000 2617.6069   13.8807
    0.0000   30.0000   37.5000 2623.2036   13.7876
    7.5000   30.0000   37.5000 2598.5347   13.9857
   -7.5000   37.5000   37.5000 2543.4885   14.4606
    0.0000   37.5000   37.5000 2549.9263   14.3572
    7.5000   37.5000   37.5000 2529.9236   14.5320
   -7.5000   45.0000   37.5000 2449.4624   15.2035
    0.0000   45.0000   37.5000 2460.2742   15.1170
    7.5000   45.0000   37.5000 2442.5029   15.2520
   -7.5000   52.5000   37.5000 2319.1951   16.1659
    0.0000   52.5000   37.5000 2334.1614   16.1187
    7.5000   52.5000   37.5000 2314.9856   16.2431
   -7.5000  -37.5000   45.0000 2199.2324   20.6241
    0.0000  -37.5000   45.0000 2210.6860   20.4491
    7.5000  -37.5000   45.0000 2192.0962   21.0609
   -7.5000  -30.0000   45.0000 2318.4797   18.6359
    0.0000  -30.0000   45.0000 2327.1770   18.4850
    7.5000  -30.0000   45.0000 2310.1274   19.0178
   -7.5000  -22.5000   45.0000 2415.8279   17.2042
    0.0000  -22.5000   45.0000 2424.1565   17.0816
    7.5000  -22.5000   45.0000 2402.9504   17.4917
   -7.5000  -15.0000   45.0000 2493.8081   16.0802
    0.0000  -15.0000   45.0000 2501.0608   15.9733
    7.5000  -15.0000   45.0000 2480.4683   16.3135
   -7.5000   -7.5000   45.0000 2553.3137   15.1942
    0.0000   -7.5000   45.0000 2559.9192   15.1221
    7.5000   -7.5000   45.0000 2536.1057   15.3935
   -7.5000    0.0000   45.0000 2590.6521   14.5603
    0.0000    0.0000   45.0000 2600.7278   14.5297
    7.5000    0.0000   45.0000 2576.2988   14.7390
   -7.5000    7.5000   45.0000 2610.3730   14.2631
    0.0000    7.5000   45.0000 2620.5791   14.2369
    7.5000    7.5000   45.0000 2599.2510   14.4208
   -7.5000   15.0000   45.0000 2604.0544   14.3011
    0.0000   15.0000   45.0000 2618.9353   14.2645
    7.5000   15.0000   45.0000 2593.6392   14.4432
   -7.5000   22.5000   45.0000 2574.3557   14.5470
    0.0000   22.5000   45.0000 2584.0110   14.5201
    7.5000   22.5000   45.0000 2558.7346   14.6844
   -7.5000   30.0000   45.0000 2519.7375   14.9387
    0.0000   30.0000   45.0000 2526.5549   14.9004
    7.5000   30.0000   45.0000 2500.4514   15.0272
   -7.5000   37.5000   45.0000 2443.7349   15.5450
    0.0000   37.5000   45.0000 2451.5547   15.4840
    7.5000   37.5000   45.0000 2430.9214   15.6080
   -7.5000   45.0000   45.0000 2353.4285   16.3661
    0.0000   45.0000   45.0000 2362.0801   16.3431
    7.5000   45.0000   45.0000 2342.4055   16.4450
   -7.5000   52.5000   45.0000 2232.9514   17.3857
    0.0000   52.5000   45.0000 2244.0730   17.3784
    7.5000   52.5000   45.0000 2226.2820   17.4658

---------------------------------------------------------------------
imgreg_4dfp /opt/freesurfer/average/711-2C_as_mni_average_305 /opt/freesurfer/average/711-2B_as_mni_average_305_mask talsrcimg_g11 none talsrcimg_to_711-2C_as_mni_average_305_t4 1283
---------------------------------------------------------------------

freesurfer imgreg_4dfp.c
/opt/freesurfer/average/711-2C_as_mni_average_305.4dfp.img
       256       256       256         1
  1.000000  1.000000  1.000000
orientation T byte_order littleendian
Reading image: /opt/freesurfer/average/711-2C_as_mni_average_305.4dfp.img
dimensions:      256       256       256
mmppix:       1.0000   -1.0000   -1.0000
center:     128.0000 -129.0000 -129.0000
/opt/freesurfer/average/711-2B_as_mni_average_305_mask.4dfp.img
       256       256       256         1
  1.000000  1.000000  1.000000
orientation T byte_order littleendian
Reading mask: /opt/freesurfer/average/711-2B_as_mni_average_305_mask.4dfp.img (2306576 pixels)
talsrcimg_g11.4dfp.img
       256       256       256         1
  1.000000  1.000000  1.000000
orientation T byte_order littleendian
Reading image: talsrcimg_g11.4dfp.img
dimensions:      256       256       256
mmppix:       1.0000   -1.0000   -1.0000
center:     128.0000 -129.0000 -129.0000
rotation matrix determinant  1.000000
fimgreg.f
image alignment mode   1283 decimal      503 hex
parameters
    0.0000   15.0000   -7.5000    0.0000    0.0000    0.0000
eta,q 0.95268 10.23451
niter,ni,del,rscale     5    3   12.0000    1.2000
parameters
   -0.7906   13.8867   -5.2572    1.1031    2.2495   -0.5587
eta,q 0.95638 10.22311
  0.0560  0.0515  0.0574  0.0493  0.0575  0.0472
  0.0523  0.0481  0.0530  0.0466  0.0529  0.0453
  0.0488  0.0461  0.0487  0.0446  0.0486  0.0439
  0.0469  0.0468  0.0459  0.0445  0.0450  0.0438
  0.0504  0.0494  0.0445  0.0452  0.0437  0.0448
  0.0562  0.0522  0.0455  0.0456  0.0448  0.0464
  0.0621  0.0549  0.0480  0.0461  0.0475  0.0484
niter,ni,del,rscale     4    3   12.0000    1.2000
parameters
   -1.8755   12.9398   -5.4568    2.4353    3.2377   -0.2719
eta,q 0.95807 10.22858
  0.0538  0.0472  0.0505  0.0477  0.0545  0.0471
  0.0477  0.0437  0.0459  0.0445  0.0491  0.0449
  0.0432  0.0419  0.0427  0.0424  0.0446  0.0429
  0.0436  0.0426  0.0420  0.0419  0.0422  0.0419
  0.0494  0.0445  0.0441  0.0424  0.0422  0.0425
  0.0554  0.0467  0.0470  0.0427  0.0446  0.0440
  0.0616  0.0505  0.0511  0.0437  0.0488  0.0464
niter,ni,del,rscale     3    3   12.0000    1.2000
parameters
   -2.2849   11.8887   -5.3686    3.9621    3.6461   -0.1660
eta,q 0.95954 10.25866
  0.0565  0.0461  0.0512  0.0468  0.0520  0.0457
  0.0494  0.0421  0.0458  0.0438  0.0465  0.0434
  0.0434  0.0406  0.0419  0.0418  0.0425  0.0412
  0.0419  0.0417  0.0408  0.0408  0.0405  0.0404
  0.0466  0.0439  0.0426  0.0405  0.0413  0.0412
  0.0533  0.0458  0.0456  0.0412  0.0448  0.0430
  0.0592  0.0491  0.0502  0.0427  0.0493  0.0455
niter,ni,del,rscale     2    3   12.0000    1.2000
parameters
   -2.4794   10.8017   -5.1836    5.4327    3.8897   -0.5209
eta,q 0.96067 10.29893
  0.0577  0.0454  0.0516  0.0466  0.0501  0.0443
  0.0495  0.0410  0.0454  0.0437  0.0453  0.0416
  0.0427  0.0395  0.0409  0.0410  0.0415  0.0395
  0.0405  0.0404  0.0397  0.0397  0.0395  0.0395
  0.0451  0.0430  0.0414  0.0397  0.0404  0.0408
  0.0522  0.0457  0.0449  0.0408  0.0440  0.0427
  0.0585  0.0481  0.0496  0.0421  0.0489  0.0450
niter,ni,del,rscale     1    3   12.0000    1.2000
parameters
   -2.6617    9.9802   -5.0463    6.6091    4.1432   -0.9782
eta,q 0.96130 10.32748
  0.0574  0.0454  0.0511  0.0462  0.0494  0.0439
  0.0482  0.0405  0.0449  0.0424  0.0448  0.0411
  0.0412  0.0387  0.0400  0.0396  0.0409  0.0390
  0.0393  0.0392  0.0388  0.0389  0.0389  0.0389
  0.0442  0.0416  0.0410  0.0393  0.0399  0.0405
  0.0512  0.0448  0.0447  0.0403  0.0433  0.0426
  0.0577  0.0477  0.0493  0.0416  0.0482  0.0449
registration optimization eta report
parameter search radius
    6.0000    6.0000    6.0000    6.0000    6.0000    6.0000
100000*second partial in parameter space
       48.       20.       31.       14.       27.       15.
  0.0574  0.0454  0.0511  0.0462  0.0494  0.0439
  0.0482  0.0405  0.0449  0.0424  0.0448  0.0411
  0.0412  0.0387  0.0400  0.0396  0.0409  0.0390
  0.0393  0.0392  0.0388  0.0389  0.0389  0.0389
  0.0442  0.0416  0.0410  0.0393  0.0399  0.0405
  0.0512  0.0448  0.0447  0.0403  0.0433  0.0426
  0.0577  0.0477  0.0493  0.0416  0.0482  0.0449
   -2.6617    9.9802   -5.0463    6.6091    4.1432   -0.9782
eta,q 0.96130 10.32748

---------------------------------------------------------------------
imgreg_4dfp /opt/freesurfer/average/711-2C_as_mni_average_305 /opt/freesurfer/average/711-2B_as_mni_average_305_mask talsrcimg_g11 none talsrcimg_to_711-2C_as_mni_average_305_t4 3335
---------------------------------------------------------------------

freesurfer imgreg_4dfp.c
/opt/freesurfer/average/711-2C_as_mni_average_305.4dfp.img
       256       256       256         1
  1.000000  1.000000  1.000000
orientation T byte_order littleendian
Reading image: /opt/freesurfer/average/711-2C_as_mni_average_305.4dfp.img
dimensions:      256       256       256
mmppix:       1.0000   -1.0000   -1.0000
center:     128.0000 -129.0000 -129.0000
/opt/freesurfer/average/711-2B_as_mni_average_305_mask.4dfp.img
       256       256       256         1
  1.000000  1.000000  1.000000
orientation T byte_order littleendian
Reading mask: /opt/freesurfer/average/711-2B_as_mni_average_305_mask.4dfp.img (2306576 pixels)
talsrcimg_g11.4dfp.img
       256       256       256         1
  1.000000  1.000000  1.000000
orientation T byte_order littleendian
Reading image: talsrcimg_g11.4dfp.img
dimensions:      256       256       256
mmppix:       1.0000   -1.0000   -1.0000
center:     128.0000 -129.0000 -129.0000
fimgreg.f
image alignment mode   3335 decimal      D07 hex
parameters
   -2.6617    9.9802   -5.0463   -0.2759   -0.6648   -0.9242
    0.8645   -7.3723   -1.7028  -11.3853    7.2249   11.4794
eta,q 0.96380 10.42302
niter,ni,del,rscale     5    3    5.0000    1.2000
parameter  4  1.272647 ->  0.500000 qaram    1.1500
parameter  5  1.358004 ->  0.500000 qaram    1.1500
parameter 10  0.531438 ->  0.500000 qaram    1.1500
parameters
   -2.7370    9.4981   -4.9913   -4.4159   -4.8048   -4.0621
    1.7231   -5.4602    0.0073  -15.5253    8.2222    8.6392
eta,q 0.97374 10.38530
  0.0397  0.0373  0.0385  0.0305  0.0279  0.0294  0.0317  0.0378  0.0299  0.0272  0.0288  0.0266
  0.0376  0.0365  0.0372  0.0307  0.0281  0.0285  0.0299  0.0334  0.0287  0.0265  0.0277  0.0263
  0.0364  0.0361  0.0364  0.0324  0.0292  0.0277  0.0286  0.0299  0.0279  0.0265  0.0269  0.0263
  0.0362  0.0362  0.0361  0.0361  0.0310  0.0283  0.0279  0.0279  0.0274  0.0273  0.0265  0.0264
  0.0368  0.0367  0.0363  0.0409  0.0334  0.0315  0.0280  0.0274  0.0273  0.0287  0.0264  0.0268
  0.0381  0.0375  0.0371  0.0460  0.0362  0.0366  0.0289  0.0285  0.0276  0.0307  0.0269  0.0277
  0.0400  0.0386  0.0383  0.0501  0.0382  0.0418  0.0303  0.0311  0.0283  0.0333  0.0279  0.0289
niter,ni,del,rscale     7    3    5.0000    1.2000
parameter  3  0.786293 ->  0.500000 qaram    1.1500
parameters
   -2.3431    9.4904   -6.3713   -5.8457   -5.7990   -5.2482
    0.1708   -5.4268    0.0400  -15.0310    8.5561    9.6543
eta,q 0.97403 10.31021
  0.0316  0.0285  0.0253  0.0295  0.0290  0.0279  0.0276  0.0313  0.0275  0.0300  0.0273  0.0274
  0.0290  0.0272  0.0252  0.0278  0.0274  0.0272  0.0266  0.0282  0.0267  0.0277  0.0266  0.0267
  0.0272  0.0264  0.0255  0.0263  0.0262  0.0265  0.0261  0.0264  0.0262  0.0265  0.0262  0.0262
  0.0263  0.0261  0.0261  0.0252  0.0257  0.0258  0.0261  0.0260  0.0260  0.0260  0.0260  0.0260
  0.0262  0.0264  0.0271  0.0261  0.0264  0.0258  0.0268  0.0266  0.0262  0.0263  0.0261  0.0260
  0.0272  0.0272  0.0283  0.0300  0.0287  0.0279  0.0281  0.0282  0.0267  0.0273  0.0264  0.0263
  0.0290  0.0285  0.0298  0.0361  0.0315  0.0320  0.0297  0.0311  0.0275  0.0290  0.0271  0.0268
niter,ni,del,rscale     7    3    5.0000    1.2000
parameters
   -2.2292    9.9655   -7.2656   -6.0745   -6.1416   -6.6891
    0.0669   -5.3964   -0.2068  -14.5865    8.6862    9.4034
eta,q 0.97402 10.23112
  0.0296  0.0292  0.0266  0.0300  0.0294  0.0274  0.0284  0.0309  0.0272  0.0297  0.0271  0.0270
  0.0276  0.0276  0.0258  0.0283  0.0277  0.0267  0.0271  0.0280  0.0265  0.0276  0.0265  0.0265
  0.0264  0.0265  0.0256  0.0269  0.0264  0.0262  0.0263  0.0264  0.0261  0.0265  0.0261  0.0261
  0.0260  0.0260  0.0259  0.0256  0.0257  0.0257  0.0260  0.0260  0.0260  0.0260  0.0260  0.0260
  0.0262  0.0259  0.0265  0.0251  0.0260  0.0259  0.0263  0.0265  0.0262  0.0262  0.0261  0.0262
  0.0272  0.0264  0.0275  0.0272  0.0279  0.0277  0.0272  0.0280  0.0267  0.0272  0.0264  0.0266
  0.0290  0.0273  0.0286  0.0323  0.0306  0.0315  0.0286  0.0307  0.0274  0.0289  0.0270  0.0272
niter,ni,del,rscale     6    3    5.0000    1.2000
parameters
   -2.2278   10.3479   -7.8182   -5.8455   -6.3429   -7.7515
    0.1451   -5.4313   -0.3423  -14.0561    8.6598    9.2641
eta,q 0.97413 10.18476
  0.0290  0.0289  0.0271  0.0300  0.0295  0.0274  0.0284  0.0306  0.0271  0.0295  0.0269  0.0270
  0.0273  0.0274  0.0262  0.0284  0.0278  0.0267  0.0270  0.0278  0.0264  0.0274  0.0264  0.0264
  0.0263  0.0265  0.0258  0.0271  0.0265  0.0262  0.0262  0.0263  0.0260  0.0264  0.0260  0.0260
  0.0260  0.0260  0.0259  0.0258  0.0257  0.0257  0.0259  0.0259  0.0259  0.0259  0.0259  0.0259
  0.0263  0.0260  0.0265  0.0250  0.0259  0.0257  0.0262  0.0264  0.0261  0.0261  0.0260  0.0261
  0.0273  0.0265  0.0273  0.0266  0.0277  0.0271  0.0270  0.0279  0.0265  0.0270  0.0264  0.0265
  0.0291  0.0275  0.0283  0.0311  0.0303  0.0302  0.0283  0.0307  0.0272  0.0286  0.0270  0.0271
niter,ni,del,rscale     5    3    5.0000    1.2000
parameters
   -2.2347   10.6517   -8.1563   -5.7078   -6.5403   -8.3728
    0.2315   -5.4333   -0.3956  -13.5830    8.6503    9.2095
eta,q 0.97415 10.15315
  0.0289  0.0286  0.0273  0.0298  0.0294  0.0275  0.0284  0.0306  0.0270  0.0292  0.0269  0.0270
  0.0272  0.0272  0.0263  0.0282  0.0278  0.0267  0.0270  0.0278  0.0264  0.0273  0.0263  0.0264
  0.0262  0.0263  0.0259  0.0270  0.0265  0.0262  0.0262  0.0263  0.0260  0.0263  0.0260  0.0260
  0.0259  0.0259  0.0259  0.0258  0.0258  0.0258  0.0259  0.0259  0.0259  0.0259  0.0259  0.0259
  0.0262  0.0260  0.0263  0.0251  0.0259  0.0256  0.0261  0.0264  0.0260  0.0261  0.0260  0.0260
  0.0272  0.0265  0.0271  0.0266  0.0277  0.0266  0.0270  0.0278  0.0264  0.0270  0.0263  0.0264
  0.0290  0.0275  0.0281  0.0311  0.0303  0.0293  0.0283  0.0305  0.0271  0.0285  0.0269  0.0270
niter,ni,del,rscale     4    3    5.0000    1.2000
parameters
   -2.2331   10.8912   -8.3600   -5.6178   -6.7217   -8.7391
    0.2770   -5.4277   -0.4191  -13.1928    8.6743    9.1778
eta,q 0.97416 10.13157
  0.0289  0.0284  0.0275  0.0297  0.0294  0.0276  0.0283  0.0306  0.0270  0.0290  0.0269  0.0270
  0.0272  0.0271  0.0265  0.0282  0.0278  0.0267  0.0270  0.0278  0.0264  0.0272  0.0263  0.0264
  0.0262  0.0262  0.0259  0.0270  0.0265  0.0262  0.0262  0.0263  0.0260  0.0263  0.0260  0.0260
  0.0258  0.0258  0.0258  0.0258  0.0258  0.0258  0.0259  0.0259  0.0259  0.0259  0.0258  0.0258
  0.0262  0.0260  0.0262  0.0251  0.0260  0.0256  0.0261  0.0263  0.0260  0.0261  0.0260  0.0260
  0.0272  0.0265  0.0269  0.0266  0.0276  0.0264  0.0270  0.0278  0.0264  0.0270  0.0263  0.0264
  0.0289  0.0275  0.0279  0.0310  0.0302  0.0288  0.0283  0.0305  0.0270  0.0284  0.0269  0.0270
niter,ni,del,rscale     3    3    5.0000    1.2000
parameters
   -2.2294   11.0718   -8.4908   -5.5610   -6.8714   -8.9780
    0.3025   -5.4267   -0.4595  -12.8871    8.7215    9.1547
eta,q 0.97415 10.11574
  0.0289  0.0282  0.0276  0.0297  0.0294  0.0277  0.0283  0.0305  0.0270  0.0288  0.0269  0.0270
  0.0272  0.0270  0.0265  0.0281  0.0278  0.0268  0.0270  0.0278  0.0263  0.0271  0.0263  0.0264
  0.0262  0.0262  0.0260  0.0270  0.0265  0.0262  0.0262  0.0262  0.0260  0.0262  0.0260  0.0260
  0.0258  0.0258  0.0258  0.0258  0.0258  0.0258  0.0259  0.0259  0.0259  0.0259  0.0258  0.0258
  0.0261  0.0260  0.0262  0.0251  0.0260  0.0257  0.0261  0.0263  0.0260  0.0261  0.0260  0.0260
  0.0271  0.0266  0.0269  0.0267  0.0276  0.0263  0.0270  0.0278  0.0264  0.0270  0.0263  0.0264
  0.0289  0.0276  0.0279  0.0311  0.0302  0.0287  0.0283  0.0305  0.0270  0.0284  0.0269  0.0270
niter,ni,del,rscale     2    3    5.0000    1.2000
parameters
   -2.2286   11.2064   -8.5808   -5.5212   -6.9876   -9.1405
    0.3251   -5.4342   -0.5058  -12.6481    8.7711    9.1327
eta,q 0.97414 10.10442
  0.0289  0.0281  0.0277  0.0296  0.0294  0.0277  0.0283  0.0305  0.0270  0.0287  0.0269  0.0270
  0.0272  0.0269  0.0266  0.0281  0.0278  0.0268  0.0270  0.0278  0.0263  0.0271  0.0263  0.0264
  0.0262  0.0261  0.0260  0.0270  0.0265  0.0262  0.0262  0.0262  0.0260  0.0262  0.0260  0.0260
  0.0258  0.0258  0.0258  0.0258  0.0258  0.0258  0.0259  0.0259  0.0259  0.0259  0.0259  0.0259
  0.0262  0.0260  0.0262  0.0252  0.0260  0.0257  0.0261  0.0263  0.0260  0.0261  0.0260  0.0260
  0.0271  0.0266  0.0268  0.0267  0.0275  0.0263  0.0270  0.0278  0.0264  0.0270  0.0263  0.0264
  0.0289  0.0276  0.0278  0.0311  0.0301  0.0286  0.0283  0.0305  0.0270  0.0283  0.0269  0.0270
niter,ni,del,rscale     1    3    5.0000    1.2000
parameters
   -2.2288   11.3141   -8.6485   -5.4909   -7.0814   -9.2737
    0.3472   -5.4454   -0.5580  -12.4521    8.8247    9.1174
eta,q 0.97413 10.09512
  0.0289  0.0281  0.0277  0.0296  0.0294  0.0277  0.0283  0.0305  0.0269  0.0286  0.0269  0.0270
  0.0272  0.0269  0.0266  0.0281  0.0278  0.0268  0.0270  0.0278  0.0263  0.0270  0.0263  0.0264
  0.0262  0.0261  0.0260  0.0270  0.0266  0.0262  0.0262  0.0263  0.0260  0.0262  0.0260  0.0260
  0.0259  0.0259  0.0259  0.0259  0.0258  0.0259  0.0259  0.0259  0.0259  0.0259  0.0259  0.0259
  0.0262  0.0261  0.0262  0.0252  0.0260  0.0257  0.0261  0.0264  0.0260  0.0261  0.0260  0.0260
  0.0272  0.0267  0.0268  0.0267  0.0275  0.0263  0.0270  0.0278  0.0264  0.0270  0.0263  0.0264
  0.0289  0.0277  0.0278  0.0311  0.0301  0.0285  0.0283  0.0305  0.0270  0.0283  0.0269  0.0270
registration optimization eta report
parameter search radius
    2.4000    2.4000    2.7600    8.2800    8.2800    7.2000
    7.2000    7.2000    7.2000    8.2800    7.2000    7.2000
100000*second partial in parameter space
       53.       35.       25.        7.        6.        5.
        5.        9.        2.        4.        2.        2.
  0.0289  0.0281  0.0277  0.0296  0.0294  0.0277  0.0283  0.0305  0.0269  0.0286  0.0269  0.0270
  0.0272  0.0269  0.0266  0.0281  0.0278  0.0268  0.0270  0.0278  0.0263  0.0270  0.0263  0.0264
  0.0262  0.0261  0.0260  0.0270  0.0266  0.0262  0.0262  0.0263  0.0260  0.0262  0.0260  0.0260
  0.0259  0.0259  0.0259  0.0259  0.0258  0.0259  0.0259  0.0259  0.0259  0.0259  0.0259  0.0259
  0.0262  0.0261  0.0262  0.0252  0.0260  0.0257  0.0261  0.0264  0.0260  0.0261  0.0260  0.0260
  0.0272  0.0267  0.0268  0.0267  0.0275  0.0263  0.0270  0.0278  0.0264  0.0270  0.0263  0.0264
  0.0289  0.0277  0.0278  0.0311  0.0301  0.0285  0.0283  0.0305  0.0270  0.0283  0.0269  0.0270
   -2.2288   11.3141   -8.6485   -5.4909   -7.0814   -9.2737
    0.3472   -5.4454   -0.5580  -12.4521    8.8247    9.1174
eta,q 0.97413 10.09512

---------------------------------------------------------------------
imgreg_4dfp /opt/freesurfer/average/711-2C_as_mni_average_305 /opt/freesurfer/average/711-2B_as_mni_average_305_mask talsrcimg_g11 none talsrcimg_to_711-2C_as_mni_average_305_t4 2311
---------------------------------------------------------------------

freesurfer imgreg_4dfp.c
/opt/freesurfer/average/711-2C_as_mni_average_305.4dfp.img
       256       256       256         1
  1.000000  1.000000  1.000000
orientation T byte_order littleendian
Reading image: /opt/freesurfer/average/711-2C_as_mni_average_305.4dfp.img
dimensions:      256       256       256
mmppix:       1.0000   -1.0000   -1.0000
center:     128.0000 -129.0000 -129.0000
/opt/freesurfer/average/711-2B_as_mni_average_305_mask.4dfp.img
       256       256       256         1
  1.000000  1.000000  1.000000
orientation T byte_order littleendian
Reading mask: /opt/freesurfer/average/711-2B_as_mni_average_305_mask.4dfp.img (2306576 pixels)
talsrcimg_g11.4dfp.img
       256       256       256         1
  1.000000  1.000000  1.000000
orientation T byte_order littleendian
Reading image: talsrcimg_g11.4dfp.img
dimensions:      256       256       256
mmppix:       1.0000   -1.0000   -1.0000
center:     128.0000 -129.0000 -129.0000
fimgreg.f
image alignment mode   2311 decimal      907 hex
parameters
   -2.2288   11.3141   -8.6485   -5.4909   -7.0814   -9.2737
    0.3472   -5.4454   -0.5580  -12.4521    8.8247    9.1174
eta,q 0.97413 10.09512
niter,ni,del,rscale     5    3    5.0000    0.8000
parameter  4 -0.502675 -> -0.500000 qaram    1.1500
parameters
   -2.2104   11.3686   -8.7547   -2.7309   -7.0529   -9.5329
    0.4851   -5.1536   -0.4014  -12.1858    8.7756    8.4006
eta,q 0.97481 10.15561
  0.0272  0.0268  0.0265  0.0278  0.0266  0.0262  0.0268  0.0286  0.0259  0.0262  0.0261  0.0256
  0.0265  0.0263  0.0261  0.0272  0.0259  0.0257  0.0259  0.0268  0.0255  0.0257  0.0256  0.0254
  0.0260  0.0260  0.0259  0.0265  0.0254  0.0254  0.0254  0.0257  0.0253  0.0254  0.0253  0.0252
  0.0259  0.0259  0.0259  0.0259  0.0252  0.0252  0.0252  0.0252  0.0252  0.0252  0.0252  0.0252
  0.0260  0.0260  0.0260  0.0253  0.0253  0.0252  0.0254  0.0255  0.0253  0.0253  0.0253  0.0253
  0.0264  0.0262  0.0262  0.0252  0.0257  0.0256  0.0258  0.0264  0.0255  0.0255  0.0256  0.0256
  0.0272  0.0267  0.0266  0.0260  0.0267  0.0267  0.0266  0.0279  0.0258  0.0260  0.0261  0.0260
niter,ni,del,rscale     5    3    5.0000    0.8000
parameters
   -2.2246   11.3323   -8.7045   -3.8754   -6.5210   -8.5643
    0.4213   -5.3289   -0.3070  -12.1641    8.7243    8.3096
eta,q 0.97483 10.18191
  0.0271  0.0261  0.0260  0.0270  0.0269  0.0265  0.0265  0.0278  0.0258  0.0261  0.0259  0.0257
  0.0260  0.0256  0.0256  0.0263  0.0262  0.0260  0.0257  0.0263  0.0254  0.0256  0.0255  0.0254
  0.0254  0.0253  0.0253  0.0256  0.0257  0.0256  0.0253  0.0254  0.0252  0.0253  0.0253  0.0252
  0.0252  0.0252  0.0252  0.0252  0.0253  0.0253  0.0252  0.0252  0.0252  0.0252  0.0252  0.0252
  0.0254  0.0253  0.0253  0.0258  0.0253  0.0251  0.0253  0.0256  0.0252  0.0253  0.0253  0.0252
  0.0261  0.0256  0.0255  0.0277  0.0256  0.0253  0.0258  0.0266  0.0254  0.0256  0.0255  0.0254
  0.0272  0.0261  0.0259  0.0308  0.0265  0.0259  0.0265  0.0282  0.0257  0.0261  0.0260  0.0258
niter,ni,del,rscale     4    3    5.0000    0.7000
parameters
   -2.2188   11.2088   -8.6065   -4.0389   -6.2164   -8.1835
    0.3928   -5.3611   -0.2503  -12.3098    8.6827    8.2227
eta,q 0.97486 10.20275
  0.0265  0.0258  0.0259  0.0271  0.0264  0.0261  0.0261  0.0273  0.0256  0.0258  0.0257  0.0256
  0.0258  0.0254  0.0255  0.0264  0.0259  0.0257  0.0256  0.0261  0.0253  0.0255  0.0254  0.0253
  0.0253  0.0252  0.0253  0.0257  0.0255  0.0254  0.0253  0.0253  0.0252  0.0252  0.0252  0.0252
  0.0252  0.0252  0.0252  0.0252  0.0252  0.0252  0.0251  0.0251  0.0251  0.0251  0.0251  0.0251
  0.0253  0.0253  0.0252  0.0251  0.0252  0.0251  0.0253  0.0254  0.0252  0.0252  0.0252  0.0252
  0.0258  0.0256  0.0254  0.0260  0.0255  0.0253  0.0256  0.0262  0.0253  0.0255  0.0254  0.0254
  0.0265  0.0260  0.0257  0.0280  0.0262  0.0259  0.0262  0.0274  0.0256  0.0260  0.0258  0.0256
niter,ni,del,rscale     3    3    5.0000    0.6000
parameters
   -2.2151   11.0812   -8.5140   -3.8644   -6.0197   -7.8766
    0.3716   -5.3483   -0.2179  -12.4277    8.6347    8.0733
eta,q 0.97495 10.22559
  0.0261  0.0256  0.0256  0.0268  0.0260  0.0258  0.0258  0.0268  0.0254  0.0256  0.0255  0.0254
  0.0256  0.0253  0.0254  0.0262  0.0256  0.0255  0.0254  0.0258  0.0252  0.0253  0.0253  0.0252
  0.0253  0.0252  0.0252  0.0256  0.0253  0.0252  0.0251  0.0252  0.0251  0.0251  0.0251  0.0251
  0.0251  0.0251  0.0251  0.0251  0.0251  0.0251  0.0251  0.0250  0.0251  0.0250  0.0251  0.0250
  0.0252  0.0252  0.0252  0.0250  0.0251  0.0250  0.0251  0.0253  0.0251  0.0251  0.0251  0.0251
  0.0256  0.0255  0.0253  0.0256  0.0254  0.0252  0.0254  0.0258  0.0252  0.0253  0.0253  0.0252
  0.0261  0.0258  0.0255  0.0269  0.0259  0.0257  0.0258  0.0268  0.0254  0.0257  0.0256  0.0254
niter,ni,del,rscale     2    3    5.0000    0.5000
parameters
   -2.2168   10.9746   -8.4026   -3.6802   -5.8433   -7.5597
    0.3640   -5.3480   -0.1761  -12.5234    8.5784    7.9158
eta,q 0.97502 10.24690
  0.0258  0.0254  0.0254  0.0264  0.0257  0.0255  0.0255  0.0263  0.0252  0.0254  0.0253  0.0252
  0.0254  0.0252  0.0252  0.0259  0.0254  0.0253  0.0252  0.0255  0.0251  0.0252  0.0251  0.0251
  0.0251  0.0251  0.0251  0.0254  0.0251  0.0251  0.0250  0.0251  0.0250  0.0250  0.0250  0.0250
  0.0251  0.0251  0.0250  0.0250  0.0250  0.0250  0.0250  0.0250  0.0250  0.0250  0.0250  0.0250
  0.0251  0.0251  0.0251  0.0250  0.0250  0.0250  0.0250  0.0251  0.0250  0.0250  0.0250  0.0250
  0.0254  0.0253  0.0251  0.0254  0.0252  0.0251  0.0252  0.0256  0.0251  0.0252  0.0252  0.0251
  0.0258  0.0255  0.0253  0.0264  0.0256  0.0254  0.0256  0.0263  0.0252  0.0255  0.0254  0.0253
niter,ni,del,rscale     1    3    5.0000    0.4000
parameters
   -2.2205   10.8778   -8.2852   -3.5410   -5.6870   -7.2430
    0.3480   -5.3485   -0.1109  -12.6177    8.5289    7.7442
eta,q 0.97507 10.26586
  0.0255  0.0252  0.0252  0.0259  0.0254  0.0253  0.0253  0.0258  0.0251  0.0252  0.0252  0.0251
  0.0252  0.0251  0.0251  0.0255  0.0252  0.0252  0.0251  0.0253  0.0250  0.0251  0.0250  0.0250
  0.0250  0.0250  0.0250  0.0252  0.0250  0.0250  0.0250  0.0250  0.0250  0.0250  0.0250  0.0249
  0.0250  0.0250  0.0250  0.0250  0.0250  0.0249  0.0249  0.0249  0.0249  0.0249  0.0249  0.0249
  0.0250  0.0250  0.0250  0.0250  0.0250  0.0249  0.0250  0.0250  0.0250  0.0250  0.0250  0.0250
  0.0252  0.0251  0.0250  0.0253  0.0251  0.0250  0.0251  0.0253  0.0250  0.0251  0.0250  0.0250
  0.0255  0.0253  0.0251  0.0259  0.0253  0.0252  0.0253  0.0258  0.0251  0.0253  0.0252  0.0251
registration optimization eta report
parameter search radius
    0.8000    0.8000    0.8000    2.7600    2.4000    2.4000
    2.4000    2.4000    2.4000    2.4000    2.4000    2.4000
100000*second partial in parameter space
       77.       41.       33.       12.        7.        6.
        6.       15.        3.        5.        4.        3.
  0.0255  0.0252  0.0252  0.0259  0.0254  0.0253  0.0253  0.0258  0.0251  0.0252  0.0252  0.0251
  0.0252  0.0251  0.0251  0.0255  0.0252  0.0252  0.0251  0.0253  0.0250  0.0251  0.0250  0.0250
  0.0250  0.0250  0.0250  0.0252  0.0250  0.0250  0.0250  0.0250  0.0250  0.0250  0.0250  0.0249
  0.0250  0.0250  0.0250  0.0250  0.0250  0.0249  0.0249  0.0249  0.0249  0.0249  0.0249  0.0249
  0.0250  0.0250  0.0250  0.0250  0.0250  0.0249  0.0250  0.0250  0.0250  0.0250  0.0250  0.0250
  0.0252  0.0251  0.0250  0.0253  0.0251  0.0250  0.0251  0.0253  0.0250  0.0251  0.0250  0.0250
  0.0255  0.0253  0.0251  0.0259  0.0253  0.0252  0.0253  0.0258  0.0251  0.0253  0.0252  0.0251
   -2.2205   10.8778   -8.2852   -3.5410   -5.6870   -7.2430
    0.3480   -5.3485   -0.1109  -12.6177    8.5289    7.7442
eta,q 0.97507 10.26586

---------------------------------------------------------------------
imgreg_4dfp /opt/freesurfer/average/711-2C_as_mni_average_305 /opt/freesurfer/average/711-2B_as_mni_average_305_mask talsrcimg_g11 none talsrcimg_to_711-2C_as_mni_average_305_t4 2311
---------------------------------------------------------------------

freesurfer imgreg_4dfp.c
/opt/freesurfer/average/711-2C_as_mni_average_305.4dfp.img
       256       256       256         1
  1.000000  1.000000  1.000000
orientation T byte_order littleendian
Reading image: /opt/freesurfer/average/711-2C_as_mni_average_305.4dfp.img
dimensions:      256       256       256
mmppix:       1.0000   -1.0000   -1.0000
center:     128.0000 -129.0000 -129.0000
/opt/freesurfer/average/711-2B_as_mni_average_305_mask.4dfp.img
       256       256       256         1
  1.000000  1.000000  1.000000
orientation T byte_order littleendian
Reading mask: /opt/freesurfer/average/711-2B_as_mni_average_305_mask.4dfp.img (2306576 pixels)
talsrcimg_g11.4dfp.img
       256       256       256         1
  1.000000  1.000000  1.000000
orientation T byte_order littleendian
Reading image: talsrcimg_g11.4dfp.img
dimensions:      256       256       256
mmppix:       1.0000   -1.0000   -1.0000
center:     128.0000 -129.0000 -129.0000
fimgreg.f
image alignment mode   2311 decimal      907 hex
parameters
   -2.2205   10.8778   -8.2852   -3.5410   -5.6870   -7.2430
    0.3480   -5.3485   -0.1109  -12.6177    8.5289    7.7442
eta,q 0.97507 10.26585
niter,ni,del,rscale     5    3    5.0000    0.8000
parameters
   -2.2284   10.7969   -8.1375   -4.1839   -5.8898   -7.5124
    0.3120   -5.3344   -0.0390  -13.0383    8.4650    8.0961
eta,q 0.97493 10.24059
  0.0269  0.0259  0.0259  0.0267  0.0265  0.0261  0.0264  0.0280  0.0257  0.0260  0.0258  0.0257
  0.0258  0.0253  0.0254  0.0260  0.0258  0.0257  0.0257  0.0263  0.0254  0.0255  0.0254  0.0254
  0.0252  0.0250  0.0251  0.0253  0.0253  0.0253  0.0252  0.0254  0.0252  0.0252  0.0252  0.0252
  0.0249  0.0249  0.0249  0.0249  0.0250  0.0250  0.0251  0.0251  0.0251  0.0251  0.0251  0.0251
  0.0252  0.0251  0.0250  0.0252  0.0252  0.0250  0.0252  0.0254  0.0252  0.0253  0.0252  0.0251
  0.0258  0.0255  0.0252  0.0265  0.0258  0.0255  0.0257  0.0263  0.0254  0.0257  0.0254  0.0253
  0.0270  0.0261  0.0256  0.0288  0.0270  0.0268  0.0264  0.0279  0.0257  0.0264  0.0259  0.0256
niter,ni,del,rscale     4    3    5.0000    0.7000
parameters
   -2.2159   10.7538   -8.2203   -3.9883   -5.8611   -7.5325
    0.2958   -5.3036   -0.0204  -13.0314    8.4588    8.1325
eta,q 0.97498 10.24691
  0.0265  0.0258  0.0256  0.0268  0.0262  0.0259  0.0261  0.0274  0.0255  0.0258  0.0257  0.0255
  0.0257  0.0254  0.0253  0.0262  0.0257  0.0255  0.0255  0.0260  0.0252  0.0254  0.0253  0.0252
  0.0252  0.0251  0.0251  0.0256  0.0253  0.0252  0.0251  0.0253  0.0251  0.0251  0.0251  0.0251
  0.0251  0.0251  0.0251  0.0251  0.0250  0.0250  0.0250  0.0250  0.0250  0.0250  0.0250  0.0250
  0.0252  0.0252  0.0252  0.0250  0.0251  0.0250  0.0251  0.0253  0.0251  0.0251  0.0251  0.0251
  0.0257  0.0255  0.0254  0.0255  0.0255  0.0253  0.0255  0.0260  0.0252  0.0254  0.0253  0.0252
  0.0264  0.0259  0.0257  0.0269  0.0264  0.0262  0.0261  0.0273  0.0255  0.0259  0.0257  0.0255
niter,ni,del,rscale     3    3    5.0000    0.6000
parameters
   -2.2143   10.7522   -8.2198   -3.7779   -5.8019   -7.3901
    0.2994   -5.2969   -0.0211  -12.9507    8.4488    8.0289
eta,q 0.97503 10.25763
  0.0261  0.0256  0.0255  0.0264  0.0259  0.0257  0.0258  0.0268  0.0254  0.0256  0.0255  0.0253
  0.0255  0.0253  0.0252  0.0259  0.0255  0.0254  0.0253  0.0258  0.0251  0.0253  0.0252  0.0251
  0.0251  0.0251  0.0251  0.0254  0.0252  0.0251  0.0251  0.0252  0.0250  0.0251  0.0250  0.0250
  0.0250  0.0250  0.0250  0.0250  0.0250  0.0250  0.0250  0.0250  0.0250  0.0250  0.0250  0.0250
  0.0251  0.0251  0.0251  0.0250  0.0250  0.0250  0.0251  0.0252  0.0250  0.0250  0.0250  0.0250
  0.0255  0.0253  0.0252  0.0254  0.0253  0.0252  0.0253  0.0258  0.0251  0.0252  0.0252  0.0251
  0.0261  0.0256  0.0255  0.0264  0.0260  0.0257  0.0258  0.0267  0.0253  0.0256  0.0255  0.0253
niter,ni,del,rscale     2    3    5.0000    0.5000
parameters
   -2.2181   10.7368   -8.1749   -3.6159   -5.6990   -7.1697
    0.3028   -5.3008   -0.0089  -12.9019    8.4374    7.8600
eta,q 0.97508 10.27050
  0.0257  0.0254  0.0253  0.0261  0.0256  0.0255  0.0255  0.0263  0.0252  0.0254  0.0253  0.0251
  0.0253  0.0251  0.0251  0.0256  0.0253  0.0252  0.0252  0.0255  0.0250  0.0251  0.0251  0.0250
  0.0250  0.0250  0.0250  0.0252  0.0251  0.0251  0.0250  0.0251  0.0249  0.0250  0.0250  0.0249
  0.0250  0.0250  0.0250  0.0250  0.0249  0.0249  0.0249  0.0249  0.0249  0.0249  0.0249  0.0249
  0.0251  0.0250  0.0250  0.0249  0.0250  0.0249  0.0250  0.0251  0.0250  0.0250  0.0250  0.0250
  0.0253  0.0252  0.0251  0.0253  0.0252  0.0251  0.0252  0.0255  0.0250  0.0251  0.0251  0.0251
  0.0257  0.0254  0.0253  0.0260  0.0256  0.0254  0.0255  0.0262  0.0252  0.0254  0.0253  0.0252
niter,ni,del,rscale     1    3    5.0000    0.4000
parameters
   -2.2176   10.7084   -8.0974   -3.5116   -5.5783   -6.8870
    0.2993   -5.3220   -0.0107  -12.8681    8.4332    7.7410
eta,q 0.97511 10.28484
  0.0254  0.0252  0.0252  0.0257  0.0254  0.0253  0.0253  0.0258  0.0251  0.0252  0.0251  0.0250
  0.0251  0.0250  0.0250  0.0254  0.0252  0.0251  0.0251  0.0253  0.0250  0.0250  0.0250  0.0250
  0.0250  0.0249  0.0250  0.0251  0.0250  0.0250  0.0249  0.0250  0.0249  0.0249  0.0249  0.0249
  0.0249  0.0249  0.0249  0.0249  0.0249  0.0249  0.0249  0.0249  0.0249  0.0249  0.0249  0.0249
  0.0250  0.0250  0.0249  0.0249  0.0249  0.0249  0.0249  0.0250  0.0249  0.0249  0.0249  0.0249
  0.0251  0.0251  0.0250  0.0252  0.0251  0.0250  0.0251  0.0253  0.0250  0.0250  0.0250  0.0250
  0.0254  0.0252  0.0251  0.0257  0.0253  0.0252  0.0253  0.0258  0.0251  0.0252  0.0252  0.0251
registration optimization eta report
parameter search radius
    0.8000    0.8000    0.8000    2.4000    2.4000    2.4000
    2.4000    2.4000    2.4000    2.4000    2.4000    2.4000
100000*second partial in parameter space
       78.       43.       33.       13.        8.        6.
        7.       15.        3.        5.        4.        3.
  0.0254  0.0252  0.0252  0.0257  0.0254  0.0253  0.0253  0.0258  0.0251  0.0252  0.0251  0.0250
  0.0251  0.0250  0.0250  0.0254  0.0252  0.0251  0.0251  0.0253  0.0250  0.0250  0.0250  0.0250
  0.0250  0.0249  0.0250  0.0251  0.0250  0.0250  0.0249  0.0250  0.0249  0.0249  0.0249  0.0249
  0.0249  0.0249  0.0249  0.0249  0.0249  0.0249  0.0249  0.0249  0.0249  0.0249  0.0249  0.0249
  0.0250  0.0250  0.0249  0.0249  0.0249  0.0249  0.0249  0.0250  0.0249  0.0249  0.0249  0.0249
  0.0251  0.0251  0.0250  0.0252  0.0251  0.0250  0.0251  0.0253  0.0250  0.0250  0.0250  0.0250
  0.0254  0.0252  0.0251  0.0257  0.0253  0.0252  0.0253  0.0258  0.0251  0.0252  0.0252  0.0251
   -2.2176   10.7084   -8.0974   -3.5116   -5.5783   -6.8870
    0.2993   -5.3220   -0.0107  -12.8681    8.4332    7.7410
eta,q 0.97511 10.28484

---------------------------------------------------------------------
compute_vox2vox talsrcimg talsrcimg_to_711-2C_as_mni_average_305_t4 /opt/freesurfer/average/711-2C_as_mni_average_305
---------------------------------------------------------------------

freesurfer compute_vox2vox.c
Reading: talsrcimg.4dfp.ifh
Reading: talsrcimg_to_711-2C_as_mni_average_305_t4
Reading: /opt/freesurfer/average/711-2C_as_mni_average_305.4dfp.ifh
Writing: talsrcimg_to_711-2C_as_mni_average_305_t4_vox2vox.txt

start time Fri Mar 13 00:07:50 CET 2026
end		time Fri Mar 13 00:08:05 CET 2026

mpr2mni305 success

avi2talxfm orig_nu.mgz /opt/freesurfer/average/mni305.cor.mgz talsrcimg_to_711-2C_as_mni_average_305_t4_vox2vox.txt transforms/talairach.auto.xfm
avi2talxfm done
mv -f /out/sourcedata/freesurfer/sub-v2s3x28789_ses-1/mri/talsrcimg_to_711-2C_as_mni_average_305_t4_vox2vox.txt /out/sourcedata/freesurfer/sub-v2s3x28789_ses-1/mri/transforms/talsrcimg_to_711-2C_as_mni_average_305_t4_vox2vox.txt
lta_convert --src orig_nu.mgz --trg /opt/freesurfer/average/mni305.cor.mgz --inxfm transforms/talairach.auto.xfm --outlta transforms/talairach.auto.xfm.lta --subject fsaverage
7.3.2

--src: orig_nu.mgz src image (geometry).
--trg: /opt/freesurfer/average/mni305.cor.mgz trg image (geometry).
--inmni: transforms/talairach.auto.xfm input MNI/XFM transform.
--outlta: transforms/talairach.auto.xfm.lta output LTA.
--s: fsaverage subject name
 LTA read, type : 1
 1.03134   0.05784  -0.00801   8.05747;
-0.09237   1.05675  -0.08634  -46.63640;
-0.01247   0.14402   1.04731  -25.53193;
 0.00000   0.00000   0.00000   1.00000;
setting subject to fsaverage
Writing  LTA to file transforms/talairach.auto.xfm.lta...
lta_convert successful.
 
 
Started at Fri Mar 13 00:07:50 CET 2026
Ended   at Fri Mar 13 00:08:05 CET 2026
talairach_avi done
