status file for recon-all
Fri Mar 13 04:11:48 CET 2026
#@# Tessellate lh Fri Mar 13 04:11:48 CET 2026
#@# Smooth1 lh Fri Mar 13 04:11:52 CET 2026
#@# Inflation1 lh Fri Mar 13 04:11:54 CET 2026
#@# QSphere lh Fri Mar 13 04:12:06 CET 2026
#@# Fix Topology lh Fri Mar 13 04:13:10 CET 2026
#@# Smooth2 lh Fri Mar 13 04:18:13 CET 2026
#@# Inflation2 lh Fri Mar 13 04:18:16 CET 2026
#@# Curv .H and .K lh Fri Mar 13 04:18:29 CET 2026
#@# Sphere lh Fri Mar 13 04:19:11 CET 2026
#@# Surf Reg lh Fri Mar 13 04:22:09 CET 2026
#@# Jacobian white lh Fri Mar 13 04:25:20 CET 2026
#@# AvgCurv lh Fri Mar 13 04:25:20 CET 2026
#@# Cortical Parc lh Fri Mar 13 04:25:21 CET 2026
#@# white curv lh Fri Mar 13 04:30:59 CET 2026
#@# white area lh Fri Mar 13 04:31:01 CET 2026
#@# pial curv lh Fri Mar 13 04:31:02 CET 2026
#@# pial area lh Fri Mar 13 04:31:03 CET 2026
#@# thickness lh Fri Mar 13 04:31:04 CET 2026
#@# area and vertex vol lh Fri Mar 13 04:31:30 CET 2026
#@# Curvature Stats lh Fri Mar 13 04:31:31 CET 2026
#@# Cortical Parc 2 lh Fri Mar 13 04:31:33 CET 2026
#@# Cortical Parc 3 lh Fri Mar 13 04:31:45 CET 2026
#@# WM/GM Contrast lh Fri Mar 13 04:31:54 CET 2026
recon-all -s sub-v2s3x28827_ses-1 finished without error at Fri Mar 13 04:31:57 CET 2026



#New# invocation of recon-all 



status file for recon-all
Fri Mar 13 04:57:45 CET 2026
#@# white curv lh Fri Mar 13 04:57:45 CET 2026
#@# white area lh Fri Mar 13 04:57:45 CET 2026
#@# pial curv lh Fri Mar 13 04:57:45 CET 2026
#@# pial area lh Fri Mar 13 04:57:45 CET 2026
#@# thickness lh Fri Mar 13 04:57:45 CET 2026
#@# area and vertex vol lh Fri Mar 13 04:57:45 CET 2026
#@# Parcellation Stats lh Fri Mar 13 04:57:45 CET 2026
#@# Parcellation Stats 2 lh Fri Mar 13 04:58:01 CET 2026
#@# Parcellation Stats 3 lh Fri Mar 13 04:58:09 CET 2026
#@# BA_exvivo Labels lh Fri Mar 13 04:58:16 CET 2026
recon-all -s sub-v2s3x28827_ses-1 finished without error at Fri Mar 13 05:00:39 CET 2026
