status file for recon-all
Fri Mar 13 03:11:49 CET 2026
#@# Tessellate lh Fri Mar 13 03:11:49 CET 2026
#@# Smooth1 lh Fri Mar 13 03:11:52 CET 2026
#@# Inflation1 lh Fri Mar 13 03:11:55 CET 2026
#@# QSphere lh Fri Mar 13 03:12:08 CET 2026
#@# Fix Topology lh Fri Mar 13 03:13:27 CET 2026
#@# Smooth2 lh Fri Mar 13 03:19:47 CET 2026
#@# Inflation2 lh Fri Mar 13 03:19:50 CET 2026
#@# Curv .H and .K lh Fri Mar 13 03:20:04 CET 2026
#@# Sphere lh Fri Mar 13 03:20:51 CET 2026
#@# Surf Reg lh Fri Mar 13 03:23:31 CET 2026
#@# Jacobian white lh Fri Mar 13 03:27:28 CET 2026
#@# AvgCurv lh Fri Mar 13 03:27:28 CET 2026
#@# Cortical Parc lh Fri Mar 13 03:27:29 CET 2026
#@# white curv lh Fri Mar 13 03:34:36 CET 2026
#@# white area lh Fri Mar 13 03:34:38 CET 2026
#@# pial curv lh Fri Mar 13 03:34:39 CET 2026
#@# pial area lh Fri Mar 13 03:34:41 CET 2026
#@# thickness lh Fri Mar 13 03:34:42 CET 2026
#@# area and vertex vol lh Fri Mar 13 03:35:11 CET 2026
#@# Curvature Stats lh Fri Mar 13 03:35:13 CET 2026
#@# Cortical Parc 2 lh Fri Mar 13 03:35:15 CET 2026
#@# Cortical Parc 3 lh Fri Mar 13 03:35:29 CET 2026
#@# WM/GM Contrast lh Fri Mar 13 03:35:39 CET 2026
recon-all -s sub-v2s3x28811_ses-1 finished without error at Fri Mar 13 03:35:42 CET 2026



#New# invocation of recon-all 



status file for recon-all
Fri Mar 13 04:06:21 CET 2026
#@# white curv lh Fri Mar 13 04:06:21 CET 2026
#@# white area lh Fri Mar 13 04:06:22 CET 2026
#@# pial curv lh Fri Mar 13 04:06:22 CET 2026
#@# pial area lh Fri Mar 13 04:06:22 CET 2026
#@# thickness lh Fri Mar 13 04:06:22 CET 2026
#@# area and vertex vol lh Fri Mar 13 04:06:22 CET 2026
#@# Parcellation Stats lh Fri Mar 13 04:06:22 CET 2026
#@# Parcellation Stats 2 lh Fri Mar 13 04:06:41 CET 2026
#@# Parcellation Stats 3 lh Fri Mar 13 04:06:51 CET 2026
#@# BA_exvivo Labels lh Fri Mar 13 04:07:01 CET 2026
recon-all -s sub-v2s3x28811_ses-1 finished without error at Fri Mar 13 04:09:38 CET 2026
