/out/sourcedata/freesurfer/sub-v2s3x28746_ses-1/mri
/opt/freesurfer/bin/talairach_avi
--i orig_nu.mgz --xfm transforms/talairach.auto.xfm
talairach_avi 7.3.2
Linux dna013 5.14.0-427.37.1.el9_4.x86_64 #1 SMP PREEMPT_DYNAMIC Fri Sep 13 12:41:50 EDT 2024 x86_64 x86_64 x86_64 GNU/Linux
Thu Mar 12 23:26:33 CET 2026
mri_convert orig_nu.mgz talsrcimg.img 
reading from orig_nu.mgz...
TR=0.00, TE=0.00, TI=0.00, flip angle=0.00
i_ras = (-1, 0, 0)
j_ras = (0, 0, -1)
k_ras = (0, 1, 0)
writing to talsrcimg.img...
Analyze Output Matrix
-1.00000   0.00000   0.00000   126.36406;
 0.00000   0.00000   1.00000  -133.47632;
 0.00000  -1.00000   0.00000   143.87842;
 0.00000   0.00000   0.00000   1.00000;
--------------------
INFO: set hdr.hist.orient to -1
mpr2mni305 talsrcimg
Thu Mar 12 23:26:34 CET 2026
/opt/freesurfer/bin/mpr2mni305 talsrcimg
mpr2mni305 7.3.2
target=711-2C_as_mni_average_305

---------------------------------------------------------------------
analyzeto4dfp talsrcimg -O0 -y
---------------------------------------------------------------------

freesurfer ifh2hdr.c
Thu Mar 12 23:26:34 2026
Writing: talsrcimg.4dfp.hdr
freesurfer analyzeto4dfp.c
Reading: talsrcimg.hdr
header size 348 bytes
hdr.dime.datatype	offset=70	value=2
hdr.dime.bitpix		offset=72	value=8
hdr.hist.orient		offset=252	value=-1
dimensionality     4
dimensions       256       256       256         1
Reading: talsrcimg.img
Writing: talsrcimg.4dfp.img
Writing: talsrcimg.4dfp.ifh
ifh2hdr talsrcimg -r0to239
ori=2

---------------------------------------------------------------------
gauss_4dfp talsrcimg 1.1
---------------------------------------------------------------------

freesurfer gauss_4dfp.c
Reading: talsrcimg.4dfp.img
Writing: talsrcimg_g11.4dfp.img
image dimensions 256 256 256 padded to 288 288 288
processing volume 1freesurfer ifh2hdr.c
Thu Mar 12 23:26:36 2026
Writing: talsrcimg_g11.4dfp.hdr

Writing: talsrcimg_g11.4dfp.ifh
including: talsrcimg.4dfp.img.rec in talsrcimg_g11.4dfp.img.rec

---------------------------------------------------------------------
imgreg_4dfp /opt/freesurfer/average/711-2C_as_mni_average_305 none talsrcimg_g11 none talsrcimg_to_711-2C_as_mni_average_305_t4 4355
---------------------------------------------------------------------

freesurfer imgreg_4dfp.c
/opt/freesurfer/average/711-2C_as_mni_average_305.4dfp.img
       256       256       256         1
  1.000000  1.000000  1.000000
orientation T byte_order littleendian
Reading image: /opt/freesurfer/average/711-2C_as_mni_average_305.4dfp.img
dimensions:      256       256       256
mmppix:       1.0000   -1.0000   -1.0000
center:     128.0000 -129.0000 -129.0000
talsrcimg_g11.4dfp.img
       256       256       256         1
  1.000000  1.000000  1.000000
orientation T byte_order littleendian
Reading image: talsrcimg_g11.4dfp.img
dimensions:      256       256       256
mmppix:       1.0000   -1.0000   -1.0000
center:     128.0000 -129.0000 -129.0000
t4_read: open error in t4_sub.f l:  41 t4_file(1:l)talsrcimg_to_711-2C_as_mni_average_305_t4 
t4_read: transform initialized to I4
rotation matrix determinant  1.000000
image alignment mode   4355 decimal     1103 hex
   -7.5000  -45.0000  -45.0000 9248.3516   14.5607
    0.0000  -45.0000  -45.0000 9681.2705   14.5496
    7.5000  -45.0000  -45.0000 9226.6504   14.5505
   -7.5000  -37.5000  -45.0000 9920.1582   14.5269
    0.0000  -37.5000  -45.000010380.8857   14.5133
    7.5000  -37.5000  -45.0000 9867.1143   14.5181
   -7.5000  -30.0000  -45.000010912.9854   14.5127
    0.0000  -30.0000  -45.000011412.1885   14.5016
    7.5000  -30.0000  -45.000010863.4141   14.5113
   -7.5000  -22.5000  -45.000011770.3740   14.5132
    0.0000  -22.5000  -45.000012327.8564   14.5080
    7.5000  -22.5000  -45.000011732.0146   14.5170
   -7.5000  -15.0000  -45.000012562.5303   14.5083
    0.0000  -15.0000  -45.000013150.1367   14.5029
    7.5000  -15.0000  -45.000012489.7900   14.5075
   -7.5000   -7.5000  -45.000013283.3848   14.5011
    0.0000   -7.5000  -45.000013907.7979   14.4924
    7.5000   -7.5000  -45.000013187.9736   14.4939
   -7.5000    0.0000  -45.000013953.4023   14.4989
    0.0000    0.0000  -45.000014617.3096   14.4876
    7.5000    0.0000  -45.000013834.7070   14.4886
   -7.5000    7.5000  -45.000013514.7754   14.5038
    0.0000    7.5000  -45.000014188.2002   14.4900
    7.5000    7.5000  -45.000013428.8096   14.4948
   -7.5000   15.0000  -45.000012916.5029   14.5110
    0.0000   15.0000  -45.000013542.8350   14.4999
    7.5000   15.0000  -45.000012816.3076   14.5096
   -7.5000   22.5000  -45.000012295.3936   14.5112
    0.0000   22.5000  -45.000012862.4219   14.5060
    7.5000   22.5000  -45.000012120.0322   14.5150
   -7.5000   30.0000  -45.000011335.3486   14.3149
    0.0000   30.0000  -45.000011879.5400   14.3096
    7.5000   30.0000  -45.000011199.6006   14.3142
   -7.5000   37.5000  -45.000010702.9824   14.3078
    0.0000   37.5000  -45.000011228.7686   14.2993
    7.5000   37.5000  -45.000010591.4053   14.3008
   -7.5000   45.0000  -45.0000 9744.5068   13.9425
    0.0000   45.0000  -45.000010189.1611   13.9315
    7.5000   45.0000  -45.0000 9624.1436   13.9325
   -7.5000  -45.0000  -37.5000 9596.9248   14.5608
    0.0000  -45.0000  -37.500010066.8057   14.5532
    7.5000  -45.0000  -37.5000 9580.2578   14.5575
   -7.5000  -37.5000  -37.500010265.4951   14.5315
    0.0000  -37.5000  -37.500010755.9736   14.5213
    7.5000  -37.5000  -37.500010231.6250   14.5291
   -7.5000  -30.0000  -37.500011313.3545   14.5180
    0.0000  -30.0000  -37.500011831.0508   14.5091
    7.5000  -30.0000  -37.500011266.0596   14.5209
   -7.5000  -22.5000  -37.500012192.4355   14.5141
    0.0000  -22.5000  -37.500012782.0400   14.5100
    7.5000  -22.5000  -37.500012155.1924   14.5207
   -7.5000  -15.0000  -37.500012976.8525   14.5037
    0.0000  -15.0000  -37.500013572.7686   14.4996
    7.5000  -15.0000  -37.500012903.5322   14.5059
   -7.5000   -7.5000  -37.500013684.8818   14.4965
    0.0000   -7.5000  -37.500014329.6484   14.4901
    7.5000   -7.5000  -37.500013594.4355   14.4944
   -7.5000    0.0000  -37.500014381.8574   14.4991
    0.0000    0.0000  -37.500015096.6689   14.4912
    7.5000    0.0000  -37.500014263.9883   14.4956
   -7.5000    7.5000  -37.500013956.3115   14.5084
    0.0000    7.5000  -37.500014658.2910   14.4980
    7.5000    7.5000  -37.500013854.5225   14.5058
   -7.5000   15.0000  -37.500013305.4541   14.5164
    0.0000   15.0000  -37.500013956.2959   14.5075
    7.5000   15.0000  -37.500013164.0537   14.5193
   -7.5000   22.5000  -37.500012630.3047   14.5121
    0.0000   22.5000  -37.500013237.6250   14.5080
    7.5000   22.5000  -37.500012457.2051   14.5187
   -7.5000   30.0000  -37.500011641.3926   14.3104
    0.0000   30.0000  -37.500012204.2783   14.3063
    7.5000   30.0000  -37.500011502.9043   14.3126
   -7.5000   37.5000  -37.500010986.6162   14.3033
    0.0000   37.5000  -37.500011543.0479   14.2970
    7.5000   37.5000  -37.500010862.3857   14.3013
   -7.5000   45.0000  -37.5000 9987.4209   13.9426
    0.0000   45.0000  -37.500010458.2871   13.9350
    7.5000   45.0000  -37.5000 9861.6514   13.9393
   -7.5000  -45.0000  -30.000010098.2236   15.1414
    0.0000  -45.0000  -30.000010587.5752   15.1395
    7.5000  -45.0000  -30.000010083.0039   15.1519
   -7.5000  -37.5000  -30.000010802.4619   15.1128
    0.0000  -37.5000  -30.000011311.8125   15.1098
    7.5000  -37.5000  -30.000010768.0156   15.1247
   -7.5000  -30.0000  -30.000011884.3311   15.1026
    0.0000  -30.0000  -30.000012453.0869   15.1022
    7.5000  -30.0000  -30.000011844.7070   15.1200
   -7.5000  -22.5000  -30.000012823.5049   15.0996
    0.0000  -22.5000  -30.000013466.8750   15.1036
    7.5000  -22.5000  -30.000012792.8389   15.1197
   -7.5000  -15.0000  -30.000013602.8203   15.0858
    0.0000  -15.0000  -30.000014230.4102   15.0888
    7.5000  -15.0000  -30.000013539.7734   15.1015
   -7.5000   -7.5000  -30.000014315.5342   15.0753
    0.0000   -7.5000  -30.000014954.7061   15.0749
    7.5000   -7.5000  -30.000014211.6797   15.0870
   -7.5000    0.0000  -30.000015043.7959   15.0770
    0.0000    0.0000  -30.000015757.7324   15.0748
    7.5000    0.0000  -30.000014904.0420   15.0873
   -7.5000    7.5000  -30.000014593.8291   15.0889
    0.0000    7.5000  -30.000015310.5586   15.0856
    7.5000    7.5000  -30.000014451.4092   15.1005
   -7.5000   15.0000  -30.000013856.3965   15.1009
    0.0000   15.0000  -30.000014533.8994   15.1004
    7.5000   15.0000  -30.000013701.2803   15.1183
   -7.5000   22.5000  -30.000013125.7549   15.0960
    0.0000   22.5000  -30.000013755.8115   15.1000
    7.5000   22.5000  -30.000012926.3701   15.1160
   -7.5000   30.0000  -30.000012091.1387   14.8862
    0.0000   30.0000  -30.000012682.5693   14.8892
    7.5000   30.0000  -30.000011920.8145   14.9017
   -7.5000   37.5000  -30.000011427.1963   14.8758
    0.0000   37.5000  -30.000012002.1367   14.8754
    7.5000   37.5000  -30.000011272.0879   14.8874
   -7.5000   45.0000  -30.000010404.6035   14.5090
    0.0000   45.0000  -30.000010894.4990   14.5069
    7.5000   45.0000  -30.000010252.5049   14.5189
   -7.5000  -45.0000  -22.500010540.1738   15.6824
    0.0000  -45.0000  -22.500011044.6221   15.6821
    7.5000  -45.0000  -22.500010509.6309   15.6988
   -7.5000  -37.5000  -22.500011263.9629   15.6487
    0.0000  -37.5000  -22.500011785.8125   15.6483
    7.5000  -37.5000  -22.500011224.1738   15.6666
   -7.5000  -30.0000  -22.500012383.8691   15.6390
    0.0000  -30.0000  -22.500012959.9209   15.6443
    7.5000  -30.0000  -22.500012353.9570   15.6656
   -7.5000  -22.5000  -22.500013389.8545   15.6412
    0.0000  -22.5000  -22.500014033.5518   15.6523
    7.5000  -22.5000  -22.500013359.1143   15.6723
   -7.5000  -15.0000  -22.500014261.5723   15.6309
    0.0000  -15.0000  -22.500014892.6943   15.6407
    7.5000  -15.0000  -22.500014212.4082   15.6587
   -7.5000   -7.5000  -22.500014981.4229   15.6186
    0.0000   -7.5000  -22.500015620.3359   15.6224
    7.5000   -7.5000  -22.500014884.9082   15.6400
   -7.5000    0.0000  -22.500015724.8213   15.6153
    0.0000    0.0000  -22.500016429.5645   15.6147
    7.5000    0.0000  -22.500015608.8984   15.6313
   -7.5000    7.5000  -22.500015221.5391   15.6238
    0.0000    7.5000  -22.500015938.2295   15.6232
    7.5000    7.5000  -22.500015112.7168   15.6415
   -7.5000   15.0000  -22.500014407.8848   15.6373
    0.0000   15.0000  -22.500015072.7393   15.6425
    7.5000   15.0000  -22.500014299.3975   15.6638
   -7.5000   22.5000  -22.500013588.1523   15.6364
    0.0000   22.5000  -22.500014217.2334   15.6475
    7.5000   22.5000  -22.500013428.0537   15.6675
   -7.5000   30.0000  -22.500012531.2031   15.4264
    0.0000   30.0000  -22.500013102.3682   15.4361
    7.5000   30.0000  -22.500012364.9658   15.4539
   -7.5000   37.5000  -22.500011860.3926   15.4143
    0.0000   37.5000  -22.500012412.5410   15.4181
    7.5000   37.5000  -22.500011700.0801   15.4354
   -7.5000   45.0000  -22.500010799.8105   15.0383
    0.0000   45.0000  -22.500011299.0352   15.0377
    7.5000   45.0000  -22.500010623.0996   15.0538
   -7.5000  -45.0000  -15.000010943.4561   16.0968
    0.0000  -45.0000  -15.000011416.1250   16.0939
    7.5000  -45.0000  -15.000010894.5459   16.1086
   -7.5000  -37.5000  -15.000011664.5742   16.0551
    0.0000  -37.5000  -15.000012166.3594   16.0518
    7.5000  -37.5000  -15.000011620.4189   16.0687
   -7.5000  -30.0000  -15.000012789.6660   16.0437
    0.0000  -30.0000  -15.000013312.9424   16.0471
    7.5000  -30.0000  -15.000012748.0225   16.0675
   -7.5000  -22.5000  -15.000013834.7236   16.0522
    0.0000  -22.5000  -15.000014409.7900   16.0628
    7.5000  -22.5000  -15.000013809.4502   16.0822
   -7.5000  -15.0000  -15.000014815.0908   16.0499
    0.0000  -15.0000  -15.000015413.4355   16.0595
    7.5000  -15.0000  -15.000014734.3711   16.0769
   -7.5000   -7.5000  -15.000015561.4033   16.0377
    0.0000   -7.5000  -15.000016104.7500   16.0405
    7.5000   -7.5000  -15.000015477.5752   16.0568
   -7.5000    0.0000  -15.000016245.9736   16.0277
    0.0000    0.0000  -15.000016831.3203   16.0245
    7.5000    0.0000  -15.000016197.8301   16.0392
   -7.5000    7.5000  -15.000015730.1084   16.0295
    0.0000    7.5000  -15.000016298.3857   16.0260
    7.5000    7.5000  -15.000015694.7070   16.0429
   -7.5000   15.0000  -15.000014867.2090   16.0419
    0.0000   15.0000  -15.000015437.8408   16.0452
    7.5000   15.0000  -15.000014820.3330   16.0657
   -7.5000   22.5000  -15.000013971.1016   16.0466
    0.0000   22.5000  -15.000014506.6953   16.0571
    7.5000   22.5000  -15.000013831.2090   16.0765
   -7.5000   30.0000  -15.000012905.6270   15.8422
    0.0000   30.0000  -15.000013417.0947   15.8516
    7.5000   30.0000  -15.000012712.2158   15.8688
   -7.5000   37.5000  -15.000012217.7402   15.8301
    0.0000   37.5000  -15.000012743.6582   15.8329
    7.5000   37.5000  -15.000012024.9248   15.8490
   -7.5000   45.0000  -15.000011156.1338   15.4448
    0.0000   45.0000  -15.000011624.5156   15.4417
    7.5000   45.0000  -15.000010959.3457   15.4559
   -7.5000  -45.0000   -7.500011284.8174   16.2931
    0.0000  -45.0000   -7.500011807.8672   16.2844
    7.5000  -45.0000   -7.500011259.2207   16.2914
   -7.5000  -37.5000   -7.500012015.2617   16.2502
    0.0000  -37.5000   -7.500012555.9951   16.2400
    7.5000  -37.5000   -7.500011995.8018   16.2508
   -7.5000  -30.0000   -7.500013146.2383   16.2367
    0.0000  -30.0000   -7.500013689.6924   16.2318
    7.5000  -30.0000   -7.500013125.7090   16.2471
   -7.5000  -22.5000   -7.500014212.3320   16.2450
    0.0000  -22.5000   -7.500014774.8623   16.2470
    7.5000  -22.5000   -7.500014212.1338   16.2611
   -7.5000  -15.0000   -7.500015208.6719   16.2443
    0.0000  -15.0000   -7.500015765.3682   16.2457
    7.5000  -15.0000   -7.500015194.9434   16.2562
   -7.5000   -7.5000   -7.500016082.8770   16.2335
    0.0000   -7.5000   -7.500016626.6797   16.2292
    7.5000   -7.5000   -7.500016046.6396   16.2373
   -7.5000    0.0000   -7.500016940.5488   16.2235
    0.0000    0.0000   -7.500017515.3867   16.2145
    7.5000    0.0000   -7.500016864.2363   16.2216
   -7.5000    7.5000   -7.500016413.0371   16.2243
    0.0000    7.5000   -7.500017008.2109   16.2139
    7.5000    7.5000   -7.500016331.6289   16.2246
   -7.5000   15.0000   -7.500015475.6338   16.2349
    0.0000   15.0000   -7.500016036.0557   16.2299
    7.5000   15.0000   -7.500015367.9004   16.2452
   -7.5000   22.5000   -7.500014441.9492   16.2375
    0.0000   22.5000   -7.500014939.1895   16.2395
    7.5000   22.5000   -7.500014267.0039   16.2536
   -7.5000   30.0000   -7.500013331.6592   16.0337
    0.0000   30.0000   -7.500013783.3916   16.0350
    7.5000   30.0000   -7.500013124.7021   16.0454
   -7.5000   37.5000   -7.500012632.1514   16.0230
    0.0000   37.5000   -7.500013091.7432   16.0187
    7.5000   37.5000   -7.500012443.3047   16.0267
   -7.5000   45.0000   -7.500011496.9346   15.6364
    0.0000   45.0000   -7.500011917.3008   15.6277
    7.5000   45.0000   -7.500011308.6846   15.6345
   -7.5000  -45.0000    0.000011500.4238   16.2939
    0.0000  -45.0000    0.000012014.8506   16.2814
    7.5000  -45.0000    0.000011455.8076   16.2824
   -7.5000  -37.5000    0.000012221.0537   16.2560
    0.0000  -37.5000    0.000012769.1064   16.2407
    7.5000  -37.5000    0.000012190.1631   16.2462
   -7.5000  -30.0000    0.000013398.8008   16.2401
    0.0000  -30.0000    0.000013943.2744   16.2277
    7.5000  -30.0000    0.000013372.7803   16.2385
   -7.5000  -22.5000    0.000014488.2393   16.2407
    0.0000  -22.5000    0.000015071.4346   16.2348
    7.5000  -22.5000    0.000014480.3027   16.2449
   -7.5000  -15.0000    0.000015513.4658   16.2351
    0.0000  -15.0000    0.000016098.2197   16.2291
    7.5000  -15.0000    0.000015485.4941   16.2343
   -7.5000   -7.5000    0.000016454.9609   16.2271
    0.0000   -7.5000    0.000017041.8301   16.2174
    7.5000   -7.5000    0.000016366.0420   16.2191
   -7.5000    0.0000    0.000017349.9961   16.2247
    0.0000    0.0000    0.000018011.2227   16.2120
    7.5000    0.0000    0.000017232.6895   16.2131
   -7.5000    7.5000    0.000016827.7598   16.2302
    0.0000    7.5000    0.000017524.5762   16.2147
    7.5000    7.5000    0.000016714.2656   16.2201
   -7.5000   15.0000    0.000015860.2021   16.2382
    0.0000   15.0000    0.000016533.1836   16.2258
    7.5000   15.0000    0.000015750.8789   16.2367
   -7.5000   22.5000    0.000014704.7373   16.2332
    0.0000   22.5000    0.000015310.9111   16.2274
    7.5000   22.5000    0.000014589.8711   16.2374
   -7.5000   30.0000    0.000013541.0264   16.0250
    0.0000   30.0000    0.000014103.9248   16.0191
    7.5000   30.0000    0.000013415.6084   16.0242
   -7.5000   37.5000    0.000012815.8545   16.0171
    0.0000   37.5000    0.000013356.0371   16.0075
    7.5000   37.5000    0.000012696.0283   16.0092
   -7.5000   45.0000    0.000011659.8086   15.6388
    0.0000   45.0000    0.000012114.8438   15.6265
    7.5000   45.0000    0.000011513.1504   15.6276
   -7.5000  -45.0000    7.500010813.7559   16.2939
    0.0000  -45.0000    7.500011305.8750   16.2854
    7.5000  -45.0000    7.500010785.3926   16.2903
   -7.5000  -37.5000    7.500011525.0303   16.2611
    0.0000  -37.5000    7.500012052.1475   16.2497
    7.5000  -37.5000    7.500011488.2715   16.2585
   -7.5000  -30.0000    7.500012680.5967   16.2460
    0.0000  -30.0000    7.500013234.5586   16.2361
    7.5000  -30.0000    7.500012607.8887   16.2493
   -7.5000  -22.5000    7.500013746.7139   16.2416
    0.0000  -22.5000    7.500014340.5459   16.2370
    7.5000  -22.5000    7.500013682.9180   16.2491
   -7.5000  -15.0000    7.500014677.6914   16.2300
    0.0000  -15.0000    7.500015243.6689   16.2254
    7.5000  -15.0000    7.500014588.4766   16.2325
   -7.5000   -7.5000    7.500015487.9160   16.2220
    0.0000   -7.5000    7.500016060.1230   16.2148
    7.5000   -7.5000    7.500015384.9395   16.2196
   -7.5000    0.0000    7.500016261.7930   16.2248
    0.0000    0.0000    7.500016886.8164   16.2160
    7.5000    0.0000    7.500016172.0127   16.2210
   -7.5000    7.5000    7.500015810.7021   16.2353
    0.0000    7.5000    7.500016408.7227   16.2237
    7.5000    7.5000    7.500015713.6807   16.2324
   -7.5000   15.0000    7.500014947.7031   16.2442
    0.0000   15.0000    7.500015527.8320   16.2342
    7.5000   15.0000    7.500014866.4434   16.2475
   -7.5000   22.5000    7.500013875.1387   16.2341
    0.0000   22.5000    7.500014414.9844   16.2296
    7.5000   22.5000    7.500013792.0664   16.2416
   -7.5000   30.0000    7.500012773.0225   16.0199
    0.0000   30.0000    7.500013286.8926   16.0154
    7.5000   30.0000    7.500012672.8418   16.0225
   -7.5000   37.5000    7.500012102.4941   16.0121
    0.0000   37.5000    7.500012586.5576   16.0050
    7.5000   37.5000    7.500011965.3320   16.0097
   -7.5000   45.0000    7.500010967.4600   15.6389
    0.0000   45.0000    7.500011390.1699   15.6304
    7.5000   45.0000    7.500010814.2402   15.6352
   -7.5000  -45.0000   15.000010063.9775   16.3682
    0.0000  -45.0000   15.000010552.3154   16.3657
    7.5000  -45.0000   15.000010057.7285   16.3792
   -7.5000  -37.5000   15.000010736.6299   16.3378
    0.0000  -37.5000   15.000011254.3037   16.3341
    7.5000  -37.5000   15.000010700.3652   16.3501
   -7.5000  -30.0000   15.000011805.0449   16.3270
    0.0000  -30.0000   15.000012349.5234   16.3263
    7.5000  -30.0000   15.000011741.0195   16.3455
   -7.5000  -22.5000   15.000012742.5771   16.3236
    0.0000  -22.5000   15.000013342.7031   16.3278
    7.5000  -22.5000   15.000012692.2744   16.3452
   -7.5000  -15.0000   15.000013565.8262   16.3080
    0.0000  -15.0000   15.000014142.3994   16.3112
    7.5000  -15.0000   15.000013509.9844   16.3251
   -7.5000   -7.5000   15.000014300.1270   16.2962
    0.0000   -7.5000   15.000014885.5352   16.2955
    7.5000   -7.5000   15.000014246.0635   16.3088
   -7.5000    0.0000   15.000014989.5059   16.2982
    0.0000    0.0000   15.000015615.8926   16.2955
    7.5000    0.0000   15.000014942.9258   16.3090
   -7.5000    7.5000   15.000014611.3887   16.3117
    0.0000    7.5000   15.000015202.9512   16.3079
    7.5000    7.5000   15.000014543.0703   16.3238
   -7.5000   15.0000   15.000013874.4883   16.3252
    0.0000   15.0000   15.000014447.3301   16.3244
    7.5000   15.0000   15.000013795.8428   16.3436
   -7.5000   22.5000   15.000012877.1045   16.3160
    0.0000   22.5000   15.000013407.0312   16.3203
    7.5000   22.5000   15.000012794.4678   16.3377
   -7.5000   30.0000   15.000011851.5684   16.0970
    0.0000   30.0000   15.000012354.1895   16.1001
    7.5000   30.0000   15.000011761.5391   16.1138
   -7.5000   37.5000   15.000011221.5225   16.0853
    0.0000   37.5000   15.000011695.0107   16.0846
    7.5000   37.5000   15.000011110.6436   16.0977
   -7.5000   45.0000   15.000010171.7842   15.7096
    0.0000   45.0000   15.000010585.0430   15.7070
    7.5000   45.0000   15.000010037.6240   15.7200
   -7.5000  -45.0000   22.5000 9238.7393   16.6195
    0.0000  -45.0000   22.5000 9717.6338   16.6179
    7.5000  -45.0000   22.5000 9240.6182   16.6359
   -7.5000  -37.5000   22.5000 9854.6982   16.5840
    0.0000  -37.5000   22.500010341.6201   16.5821
    7.5000  -37.5000   22.5000 9810.4990   16.6016
   -7.5000  -30.0000   22.500010807.5996   16.5740
    0.0000  -30.0000   22.500011328.3389   16.5782
    7.5000  -30.0000   22.500010749.0117   16.6007
   -7.5000  -22.5000   22.500011674.3066   16.5763
    0.0000  -22.5000   22.500012249.6260   16.5869
    7.5000  -22.5000   22.500011624.6289   16.6082
   -7.5000  -15.0000   22.500012437.7021   16.5647
    0.0000  -15.0000   22.500013012.3408   16.5740
    7.5000  -15.0000   22.500012379.2773   16.5935
   -7.5000   -7.5000   22.500013108.0273   16.5509
    0.0000   -7.5000   22.500013677.4580   16.5538
    7.5000   -7.5000   22.500013040.5586   16.5730
   -7.5000    0.0000   22.500013732.1230   16.5474
    0.0000    0.0000   22.500014311.7510   16.5453
    7.5000    0.0000   22.500013665.3271   16.5633
   -7.5000    7.5000   22.500013398.7744   16.5571
    0.0000    7.5000   22.500013949.0742   16.5550
    7.5000    7.5000   22.500013344.7002   16.5744
   -7.5000   15.0000   22.500012757.3926   16.5721
    0.0000   15.0000   22.500013305.3213   16.5762
    7.5000   15.0000   22.500012700.3545   16.5988
   -7.5000   22.5000   22.500011859.8320   16.5686
    0.0000   22.5000   22.500012371.8818   16.5792
    7.5000   22.5000   22.500011796.7246   16.6006
   -7.5000   30.0000   22.500010916.6553   16.3503
    0.0000   30.0000   22.500011377.9805   16.3595
    7.5000   30.0000   22.500010850.3486   16.3788
   -7.5000   37.5000   22.500010327.1270   16.3367
    0.0000   37.5000   22.500010763.0537   16.3395
    7.5000   37.5000   22.500010254.9580   16.3585
   -7.5000   45.0000   22.5000 9370.4961   15.9497
    0.0000   45.0000   22.5000 9759.6836   15.9478
    7.5000   45.0000   22.5000 9275.2754   15.9651
   -7.5000  -45.0000   30.0000 8396.1553   17.0691
    0.0000  -45.0000   30.0000 8821.7559   17.0641
    7.5000  -45.0000   30.0000 8384.8418   17.0787
   -7.5000  -37.5000   30.0000 8965.4111   17.0267
    0.0000  -37.5000   30.0000 9422.5156   17.0218
    7.5000  -37.5000   30.0000 8925.7168   17.0393
   -7.5000  -30.0000   30.0000 9834.0322   17.0153
    0.0000  -30.0000   30.000010338.5771   17.0185
    7.5000  -30.0000   30.0000 9791.4854   17.0401
   -7.5000  -22.5000   30.000010627.0107   17.0230
    0.0000  -22.5000   30.000011142.5254   17.0344
    7.5000  -22.5000   30.000010571.7285   17.0545
   -7.5000  -15.0000   30.000011300.7363   17.0175
    0.0000  -15.0000   30.000011843.1953   17.0274
    7.5000  -15.0000   30.000011252.6826   17.0449
   -7.5000   -7.5000   30.000011906.6758   17.0028
    0.0000   -7.5000   30.000012448.6895   17.0044
    7.5000   -7.5000   30.000011862.4521   17.0206
   -7.5000    0.0000   30.000012477.8789   16.9934
    0.0000    0.0000   30.000013022.0781   16.9881
    7.5000    0.0000   30.000012427.2178   17.0027
   -7.5000    7.5000   30.000012185.6836   16.9983
    0.0000    7.5000   30.000012699.3896   16.9931
    7.5000    7.5000   30.000012152.0254   17.0107
   -7.5000   15.0000   30.000011632.8271   17.0133
    0.0000   15.0000   30.000012140.3086   17.0164
    7.5000   15.0000   30.000011598.8555   17.0381
   -7.5000   22.5000   30.000010829.2949   17.0152
    0.0000   22.5000   30.000011302.7139   17.0265
    7.5000   22.5000   30.000010786.9541   17.0467
   -7.5000   30.0000   30.0000 9976.2217   16.7973
    0.0000   30.0000   30.000010410.7588   16.8070
    7.5000   30.0000   30.0000 9929.9287   16.8243
   -7.5000   37.5000   30.0000 9445.0771   16.7828
    0.0000   37.5000   30.0000 9857.8232   16.7844
    7.5000   37.5000   30.0000 9384.6123   16.8003
   -7.5000   45.0000   30.0000 8567.4883   16.3797
    0.0000   45.0000   30.0000 8928.2764   16.3745
    7.5000   45.0000   30.0000 8502.0840   16.3887
   -7.5000  -45.0000   37.5000 7930.5312   17.7617
    0.0000  -45.0000   37.5000 8307.9268   17.7460
    7.5000  -45.0000   37.5000 7910.5303   17.7481
   -7.5000  -37.5000   37.5000 8489.9941   17.7152
    0.0000  -37.5000   37.5000 8900.5439   17.6977
    7.5000  -37.5000   37.5000 8440.8457   17.7033
   -7.5000  -30.0000   37.5000 9333.4004   17.7031
    0.0000  -30.0000   37.5000 9778.3691   17.6922
    7.5000  -30.0000   37.5000 9279.3447   17.7029
   -7.5000  -22.5000   37.500010085.5762   17.7147
    0.0000  -22.5000   37.500010549.0869   17.7129
    7.5000  -22.5000   37.500010030.5371   17.7228
   -7.5000  -15.0000   37.500010726.7871   17.7117
    0.0000  -15.0000   37.500011199.7285   17.7095
    7.5000  -15.0000   37.500010655.5342   17.7163
   -7.5000   -7.5000   37.500011288.8223   17.6944
    0.0000   -7.5000   37.500011781.3770   17.6850
    7.5000   -7.5000   37.500011208.2168   17.6891
   -7.5000    0.0000   37.500011820.3154   17.6809
    0.0000    0.0000   37.500012319.8320   17.6650
    7.5000    0.0000   37.500011747.0254   17.6672
   -7.5000    7.5000   37.500011571.4189   17.6845
    0.0000    7.5000   37.500012060.6865   17.6667
    7.5000    7.5000   37.500011501.1523   17.6724
   -7.5000   15.0000   37.500011059.5781   17.7009
    0.0000   15.0000   37.500011534.1963   17.6899
    7.5000   15.0000   37.500011005.8564   17.7007
   -7.5000   22.5000   37.500010293.4541   17.7065
    0.0000   22.5000   37.500010740.6768   17.7047
    7.5000   22.5000   37.500010242.3896   17.7147
   -7.5000   30.0000   37.5000 9495.9746   17.4824
    0.0000   30.0000   37.5000 9913.9639   17.4804
    7.5000   30.0000   37.5000 9443.2686   17.4870
   -7.5000   37.5000   37.5000 9024.2998   17.4654
    0.0000   37.5000   37.5000 9404.8242   17.4561
    7.5000   37.5000   37.5000 8957.8594   17.4601
   -7.5000   45.0000   37.5000 8182.5034   17.0424
    0.0000   45.0000   37.5000 8497.7207   17.0271
    7.5000   45.0000   37.5000 8114.3765   17.0292
   -7.5000  -45.0000   45.0000 7185.1362   18.5156
    0.0000  -45.0000   45.0000 7478.3242   18.5108
    7.5000  -45.0000   45.0000 7169.4741   18.5193
   -7.5000  -37.5000   45.0000 7701.7485   18.4645
    0.0000  -37.5000   45.0000 8030.6006   18.4554
    7.5000  -37.5000   45.0000 7665.8115   18.4690
   -7.5000  -30.0000   45.0000 8473.1250   18.4371
    0.0000  -30.0000   45.0000 8836.4365   18.4314
    7.5000  -30.0000   45.0000 8421.0615   18.4513
   -7.5000  -22.5000   45.0000 9159.8086   18.4374
    0.0000  -22.5000   45.0000 9544.6885   18.4407
    7.5000  -22.5000   45.0000 9104.7881   18.4596
   -7.5000  -15.0000   45.0000 9732.9639   18.4349
    0.0000  -15.0000   45.000010133.9189   18.4388
    7.5000  -15.0000   45.0000 9678.6357   18.4524
   -7.5000   -7.5000   45.000010258.8418   18.4301
    0.0000   -7.5000   45.000010671.0723   18.4293
    7.5000   -7.5000   45.000010202.9727   18.4391
   -7.5000    0.0000   45.000010752.4824   18.4291
    0.0000    0.0000   45.000011177.0801   18.4239
    7.5000    0.0000   45.000010689.3740   18.4325
   -7.5000    7.5000   45.000010513.8271   18.4309
    0.0000    7.5000   45.000010925.8809   18.4216
    7.5000    7.5000   45.000010457.6104   18.4351
   -7.5000   15.0000   45.000010044.5176   18.4347
    0.0000   15.0000   45.000010438.0938   18.4289
    7.5000   15.0000   45.0000 9995.2275   18.4488
   -7.5000   22.5000   45.0000 9372.5605   18.4289
    0.0000   22.5000   45.0000 9750.0352   18.4321
    7.5000   22.5000   45.0000 9326.1963   18.4510
   -7.5000   30.0000   45.0000 8682.9316   18.1948
    0.0000   30.0000   45.0000 9037.0322   18.1986
    7.5000   30.0000   45.0000 8618.0303   18.2120
   -7.5000   37.5000   45.0000 8271.3613   18.1900
    0.0000   37.5000   45.0000 8603.0762   18.1892
    7.5000   37.5000   45.0000 8207.6836   18.1989
   -7.5000   45.0000   45.0000 7489.1655   17.7715
    0.0000   45.0000   45.0000 7771.5835   17.7666
    7.5000   45.0000   45.0000 7444.0376   17.7749

---------------------------------------------------------------------
imgreg_4dfp /opt/freesurfer/average/711-2C_as_mni_average_305 /opt/freesurfer/average/711-2B_as_mni_average_305_mask talsrcimg_g11 none talsrcimg_to_711-2C_as_mni_average_305_t4 4355
---------------------------------------------------------------------

freesurfer imgreg_4dfp.c
/opt/freesurfer/average/711-2C_as_mni_average_305.4dfp.img
       256       256       256         1
  1.000000  1.000000  1.000000
orientation T byte_order littleendian
Reading image: /opt/freesurfer/average/711-2C_as_mni_average_305.4dfp.img
dimensions:      256       256       256
mmppix:       1.0000   -1.0000   -1.0000
center:     128.0000 -129.0000 -129.0000
/opt/freesurfer/average/711-2B_as_mni_average_305_mask.4dfp.img
       256       256       256         1
  1.000000  1.000000  1.000000
orientation T byte_order littleendian
Reading mask: /opt/freesurfer/average/711-2B_as_mni_average_305_mask.4dfp.img (2306576 pixels)
talsrcimg_g11.4dfp.img
       256       256       256         1
  1.000000  1.000000  1.000000
orientation T byte_order littleendian
Reading image: talsrcimg_g11.4dfp.img
dimensions:      256       256       256
mmppix:       1.0000   -1.0000   -1.0000
center:     128.0000 -129.0000 -129.0000
rotation matrix determinant  1.000000
image alignment mode   4355 decimal     1103 hex
   -7.5000  -45.0000  -45.0000 2271.9917   14.0770
    0.0000  -45.0000  -45.0000 2284.9946   14.0528
    7.5000  -45.0000  -45.0000 2262.9355   14.1712
   -7.5000  -37.5000  -45.0000 2384.2288   12.8270
    0.0000  -37.5000  -45.0000 2397.1077   12.8005
    7.5000  -37.5000  -45.0000 2370.4905   12.8713
   -7.5000  -30.0000  -45.0000 2464.6106   11.8637
    0.0000  -30.0000  -45.0000 2478.1799   11.8458
    7.5000  -30.0000  -45.0000 2454.6721   11.9040
   -7.5000  -22.5000  -45.0000 2518.1084   11.2086
    0.0000  -22.5000  -45.0000 2531.2756   11.1808
    7.5000  -22.5000  -45.0000 2512.7397   11.2510
   -7.5000  -15.0000  -45.0000 2558.6079   10.7812
    0.0000  -15.0000  -45.0000 2574.4434   10.7459
    7.5000  -15.0000  -45.0000 2548.8254   10.8380
   -7.5000   -7.5000  -45.0000 2590.3953   10.5908
    0.0000   -7.5000  -45.0000 2604.3997   10.5466
    7.5000   -7.5000  -45.0000 2573.0161   10.6444
   -7.5000    0.0000  -45.0000 2595.4500   10.6835
    0.0000    0.0000  -45.0000 2607.1160   10.6268
    7.5000    0.0000  -45.0000 2574.9812   10.7225
   -7.5000    7.5000  -45.0000 2573.6252   10.9749
    0.0000    7.5000  -45.0000 2590.4426   10.9124
    7.5000    7.5000  -45.0000 2558.2678   11.0171
   -7.5000   15.0000  -45.0000 2530.7485   11.4462
    0.0000   15.0000  -45.0000 2547.4268   11.3945
    7.5000   15.0000  -45.0000 2513.2769   11.5158
   -7.5000   22.5000  -45.0000 2463.7324   12.1242
    0.0000   22.5000  -45.0000 2480.0698   12.0802
    7.5000   22.5000  -45.0000 2446.0054   12.1999
   -7.5000   30.0000  -45.0000 2363.1365   13.0591
    0.0000   30.0000  -45.0000 2379.6362   13.0090
    7.5000   30.0000  -45.0000 2350.3809   13.1215
   -7.5000   37.5000  -45.0000 2245.8831   14.3244
    0.0000   37.5000  -45.0000 2262.1675   14.2501
    7.5000   37.5000  -45.0000 2237.2329   14.4085
   -7.5000   45.0000  -45.0000 2114.1279   15.9846
    0.0000   45.0000  -45.0000 2125.3970   15.9112
    7.5000   45.0000  -45.0000 2101.1653   16.0865
   -7.5000  -45.0000  -37.5000 2318.5403   13.3817
    0.0000  -45.0000  -37.5000 2334.8967   13.3592
    7.5000  -45.0000  -37.5000 2307.8235   13.4692
   -7.5000  -37.5000  -37.5000 2429.7556   12.1470
    0.0000  -37.5000  -37.5000 2446.8875   12.1187
    7.5000  -37.5000  -37.5000 2418.5825   12.2254
   -7.5000  -30.0000  -37.5000 2523.1992   11.2046
    0.0000  -30.0000  -37.5000 2536.6021   11.1816
    7.5000  -30.0000  -37.5000 2512.4617   11.2881
   -7.5000  -22.5000  -37.5000 2589.6460   10.5519
    0.0000  -22.5000  -37.5000 2602.8125   10.5301
    7.5000  -22.5000  -37.5000 2579.5479   10.6312
   -7.5000  -15.0000  -37.5000 2637.6824   10.1258
    0.0000  -15.0000  -37.5000 2650.2976   10.0832
    7.5000  -15.0000  -37.5000 2623.7156   10.1909
   -7.5000   -7.5000  -37.5000 2675.1997    9.9156
    0.0000   -7.5000  -37.5000 2691.9355    9.8717
    7.5000   -7.5000  -37.5000 2655.5801    9.9832
   -7.5000    0.0000  -37.5000 2683.3455   10.0267
    0.0000    0.0000  -37.5000 2700.6367    9.9926
    7.5000    0.0000  -37.5000 2662.2729   10.0827
   -7.5000    7.5000  -37.5000 2662.4934   10.3093
    0.0000    7.5000  -37.5000 2683.5701   10.2737
    7.5000    7.5000  -37.5000 2650.1863   10.3636
   -7.5000   15.0000  -37.5000 2613.9058   10.7787
    0.0000   15.0000  -37.5000 2635.2412   10.7360
    7.5000   15.0000  -37.5000 2597.8708   10.8489
   -7.5000   22.5000  -37.5000 2538.4380   11.4198
    0.0000   22.5000  -37.5000 2559.0242   11.3838
    7.5000   22.5000  -37.5000 2523.3591   11.5118
   -7.5000   30.0000  -37.5000 2431.6758   12.3151
    0.0000   30.0000  -37.5000 2452.2874   12.2667
    7.5000   30.0000  -37.5000 2423.1194   12.3988
   -7.5000   37.5000  -37.5000 2307.5996   13.5434
    0.0000   37.5000  -37.5000 2328.3901   13.4821
    7.5000   37.5000  -37.5000 2296.9746   13.6159
   -7.5000   45.0000  -37.5000 2169.3333   15.1292
    0.0000   45.0000  -37.5000 2180.2222   15.0706
    7.5000   45.0000  -37.5000 2156.3997   15.2067
   -7.5000  -45.0000  -30.0000 2394.4648   13.2523
    0.0000  -45.0000  -30.0000 2410.4978   13.2233
    7.5000  -45.0000  -30.0000 2384.5698   13.3856
   -7.5000  -37.5000  -30.0000 2513.2771   12.0176
    0.0000  -37.5000  -30.0000 2528.5913   11.9625
    7.5000  -37.5000  -30.0000 2502.6387   12.1271
   -7.5000  -30.0000  -30.0000 2620.2827   11.0495
    0.0000  -30.0000  -30.0000 2637.3628   11.0162
    7.5000  -30.0000  -30.0000 2610.7107   11.1631
   -7.5000  -22.5000  -30.0000 2701.6646   10.3637
    0.0000  -22.5000  -30.0000 2723.3235   10.3328
    7.5000  -22.5000  -30.0000 2695.0310   10.4802
   -7.5000  -15.0000  -30.0000 2766.3564    9.9188
    0.0000  -15.0000  -30.0000 2782.8010    9.8771
    7.5000  -15.0000  -30.0000 2749.2561   10.0086
   -7.5000   -7.5000  -30.0000 2814.5239    9.6738
    0.0000   -7.5000  -30.0000 2833.7422    9.6146
    7.5000   -7.5000  -30.0000 2791.3293    9.7612
   -7.5000    0.0000  -30.0000 2824.8630    9.7950
    0.0000    0.0000  -30.0000 2846.7891    9.7486
    7.5000    0.0000  -30.0000 2801.4080    9.8619
   -7.5000    7.5000  -30.0000 2805.8604   10.0834
    0.0000    7.5000  -30.0000 2825.7942   10.0410
    7.5000    7.5000  -30.0000 2786.1892   10.1557
   -7.5000   15.0000  -30.0000 2746.1677   10.5359
    0.0000   15.0000  -30.0000 2764.7656   10.4831
    7.5000   15.0000  -30.0000 2731.2175   10.6164
   -7.5000   22.5000  -30.0000 2656.9282   11.1885
    0.0000   22.5000  -30.0000 2676.8152   11.1397
    7.5000   22.5000  -30.0000 2642.3538   11.2831
   -7.5000   30.0000  -30.0000 2536.6545   12.1221
    0.0000   30.0000  -30.0000 2560.0579   12.0614
    7.5000   30.0000  -30.0000 2525.8687   12.2131
   -7.5000   37.5000  -30.0000 2407.8027   13.3445
    0.0000   37.5000  -30.0000 2429.5872   13.2816
    7.5000   37.5000  -30.0000 2395.6572   13.4488
   -7.5000   45.0000  -30.0000 2262.2200   14.8904
    0.0000   45.0000  -30.0000 2275.9702   14.8296
    7.5000   45.0000  -30.0000 2253.3767   15.0098
   -7.5000  -45.0000  -22.5000 2432.6833   13.1319
    0.0000  -45.0000  -22.5000 2447.4629   13.0558
    7.5000  -45.0000  -22.5000 2422.0986   13.2736
   -7.5000  -37.5000  -22.5000 2556.2766   11.8669
    0.0000  -37.5000  -22.5000 2569.9434   11.7565
    7.5000  -37.5000  -22.5000 2548.1819   11.9888
   -7.5000  -30.0000  -22.5000 2673.3833   10.8823
    0.0000  -30.0000  -22.5000 2692.9314   10.8045
    7.5000  -30.0000  -22.5000 2667.2825   11.0081
   -7.5000  -22.5000  -22.5000 2773.3030   10.1752
    0.0000  -22.5000  -22.5000 2799.6023   10.0956
    7.5000  -22.5000  -22.5000 2765.3413   10.3131
   -7.5000  -15.0000  -22.5000 2856.7419    9.7245
    0.0000  -15.0000  -22.5000 2881.3657    9.6520
    7.5000  -15.0000  -22.5000 2840.5312    9.8384
   -7.5000   -7.5000  -22.5000 2917.1714    9.4624
    0.0000   -7.5000  -22.5000 2948.9944    9.3679
    7.5000   -7.5000  -22.5000 2890.8794    9.5744
   -7.5000    0.0000  -22.5000 2934.4531    9.5677
    0.0000    0.0000  -22.5000 2967.7595    9.4799
    7.5000    0.0000  -22.5000 2908.0496    9.6622
   -7.5000    7.5000  -22.5000 2901.7896    9.8622
    0.0000    7.5000  -22.5000 2932.6328    9.7905
    7.5000    7.5000  -22.5000 2882.9182    9.9400
   -7.5000   15.0000  -22.5000 2831.1833   10.3128
    0.0000   15.0000  -22.5000 2852.6953   10.2383
    7.5000   15.0000  -22.5000 2816.7253   10.4214
   -7.5000   22.5000  -22.5000 2732.5486   10.9967
    0.0000   22.5000  -22.5000 2755.7817   10.9140
    7.5000   22.5000  -22.5000 2719.5913   11.1195
   -7.5000   30.0000  -22.5000 2607.0959   11.9385
    0.0000   30.0000  -22.5000 2626.2070   11.8648
    7.5000   30.0000  -22.5000 2593.8823   12.0683
   -7.5000   37.5000  -22.5000 2467.5515   13.1238
    0.0000   37.5000  -22.5000 2488.7583   13.0951
    7.5000   37.5000  -22.5000 2455.8401   13.2990
   -7.5000   45.0000  -22.5000 2315.1667   14.6292
    0.0000   45.0000  -22.5000 2332.6213   14.6137
    7.5000   45.0000  -22.5000 2303.5713   14.8208
   -7.5000  -45.0000  -15.0000 2435.9575   13.1009
    0.0000  -45.0000  -15.0000 2451.1899   12.9051
    7.5000  -45.0000  -15.0000 2428.1685   13.2104
   -7.5000  -37.5000  -15.0000 2564.0085   11.8195
    0.0000  -37.5000  -15.0000 2581.7400   11.6337
    7.5000  -37.5000  -15.0000 2557.4751   11.9122
   -7.5000  -30.0000  -15.0000 2688.1982   10.8095
    0.0000  -30.0000  -15.0000 2709.0684   10.6473
    7.5000  -30.0000  -15.0000 2682.6592   10.9286
   -7.5000  -22.5000  -15.0000 2799.3367   10.0819
    0.0000  -22.5000  -15.0000 2821.9670    9.9281
    7.5000  -22.5000  -15.0000 2788.2971   10.2130
   -7.5000  -15.0000  -15.0000 2900.9062    9.6359
    0.0000  -15.0000  -15.0000 2927.7610    9.4774
    7.5000  -15.0000  -15.0000 2878.6770    9.7243
   -7.5000   -7.5000  -15.0000 2977.1968    9.3684
    0.0000   -7.5000  -15.0000 3018.0151    9.1972
    7.5000   -7.5000  -15.0000 2948.0837    9.4607
   -7.5000    0.0000  -15.0000 2995.0598    9.4105
    0.0000    0.0000  -15.0000 3040.8196    9.2320
    7.5000    0.0000  -15.0000 2962.3906    9.5153
   -7.5000    7.5000  -15.0000 2949.9873    9.7324
    0.0000    7.5000  -15.0000 2985.2527    9.5679
    7.5000    7.5000  -15.0000 2924.8296    9.8140
   -7.5000   15.0000  -15.0000 2863.2578   10.2171
    0.0000   15.0000  -15.0000 2889.7515   10.0940
    7.5000   15.0000  -15.0000 2850.0425   10.2980
   -7.5000   22.5000  -15.0000 2758.2373   10.8804
    0.0000   22.5000  -15.0000 2780.2300   10.7804
    7.5000   22.5000  -15.0000 2748.0046   10.9792
   -7.5000   30.0000  -15.0000 2630.3906   11.8297
    0.0000   30.0000  -15.0000 2648.1331   11.7340
    7.5000   30.0000  -15.0000 2616.2090   11.9231
   -7.5000   37.5000  -15.0000 2485.0388   13.0186
    0.0000   37.5000  -15.0000 2505.9148   12.9568
    7.5000   37.5000  -15.0000 2472.7905   13.1407
   -7.5000   45.0000  -15.0000 2334.1243   14.5226
    0.0000   45.0000  -15.0000 2346.5801   14.4734
    7.5000   45.0000  -15.0000 2320.6816   14.6593
   -7.5000  -45.0000   -7.5000 2428.7124   13.1574
    0.0000  -45.0000   -7.5000 2450.7668   12.9579
    7.5000  -45.0000   -7.5000 2421.1116   13.2482
   -7.5000  -37.5000   -7.5000 2553.5442   11.8559
    0.0000  -37.5000   -7.5000 2577.4683   11.6519
    7.5000  -37.5000   -7.5000 2548.1709   11.9483
   -7.5000  -30.0000   -7.5000 2678.6619   10.8554
    0.0000  -30.0000   -7.5000 2702.8157   10.6541
    7.5000  -30.0000   -7.5000 2669.5933   10.9488
   -7.5000  -22.5000   -7.5000 2793.2915   10.0898
    0.0000  -22.5000   -7.5000 2814.6904    9.8960
    7.5000  -22.5000   -7.5000 2779.4163   10.2138
   -7.5000  -15.0000   -7.5000 2896.2185    9.6541
    0.0000  -15.0000   -7.5000 2926.2917    9.4407
    7.5000  -15.0000   -7.5000 2880.1987    9.7440
   -7.5000   -7.5000   -7.5000 2974.1018    9.4291
    0.0000   -7.5000   -7.5000 3014.4866    9.2145
    7.5000   -7.5000   -7.5000 2951.6650    9.5153
   -7.5000    0.0000   -7.5000 2991.2004    9.5156
    0.0000    0.0000   -7.5000 3034.9609    9.3221
    7.5000    0.0000   -7.5000 2964.0945    9.5697
   -7.5000    7.5000   -7.5000 2947.5469    9.7680
    0.0000    7.5000   -7.5000 2988.5591    9.6206
    7.5000    7.5000   -7.5000 2928.1138    9.8180
   -7.5000   15.0000   -7.5000 2856.9429   10.2330
    0.0000   15.0000   -7.5000 2886.4185   10.1194
    7.5000   15.0000   -7.5000 2845.0471   10.2941
   -7.5000   22.5000   -7.5000 2747.9626   10.9034
    0.0000   22.5000   -7.5000 2766.1284   10.8046
    7.5000   22.5000   -7.5000 2739.1135   10.9731
   -7.5000   30.0000   -7.5000 2623.7974   11.8398
    0.0000   30.0000   -7.5000 2633.9546   11.7414
    7.5000   30.0000   -7.5000 2611.0303   11.9063
   -7.5000   37.5000   -7.5000 2483.6624   12.9937
    0.0000   37.5000   -7.5000 2495.2209   12.9234
    7.5000   37.5000   -7.5000 2468.5742   13.0808
   -7.5000   45.0000   -7.5000 2330.2498   14.4531
    0.0000   45.0000   -7.5000 2337.0791   14.4030
    7.5000   45.0000   -7.5000 2310.7217   14.5609
   -7.5000  -45.0000    0.0000 2408.3838   13.3809
    0.0000  -45.0000    0.0000 2429.0649   13.1634
    7.5000  -45.0000    0.0000 2400.1958   13.4720
   -7.5000  -37.5000    0.0000 2528.5288   12.0709
    0.0000  -37.5000    0.0000 2549.5322   11.8641
    7.5000  -37.5000    0.0000 2521.3560   12.1645
   -7.5000  -30.0000    0.0000 2649.8870   11.0754
    0.0000  -30.0000    0.0000 2668.3840   10.8581
    7.5000  -30.0000    0.0000 2641.4626   11.1850
   -7.5000  -22.5000    0.0000 2761.2097   10.3406
    0.0000  -22.5000    0.0000 2775.9404   10.1498
    7.5000  -22.5000    0.0000 2749.1909   10.4693
   -7.5000  -15.0000    0.0000 2860.8071    9.9109
    0.0000  -15.0000    0.0000 2884.0947    9.7319
    7.5000  -15.0000    0.0000 2843.2703   10.0161
   -7.5000   -7.5000    0.0000 2925.1057    9.6877
    0.0000   -7.5000    0.0000 2951.9531    9.5063
    7.5000   -7.5000    0.0000 2900.8982    9.7816
   -7.5000    0.0000    0.0000 2934.9558    9.7455
    0.0000    0.0000    0.0000 2965.8352    9.5980
    7.5000    0.0000    0.0000 2915.6135    9.7963
   -7.5000    7.5000    0.0000 2896.0649   10.0082
    0.0000    7.5000    0.0000 2927.9451    9.8987
    7.5000    7.5000    0.0000 2881.5959   10.0660
   -7.5000   15.0000    0.0000 2812.5386   10.4934
    0.0000   15.0000    0.0000 2839.4377   10.4099
    7.5000   15.0000    0.0000 2802.1006   10.5470
   -7.5000   22.5000    0.0000 2707.1243   11.1437
    0.0000   22.5000    0.0000 2723.5112   11.0813
    7.5000   22.5000    0.0000 2697.6843   11.2101
   -7.5000   30.0000    0.0000 2586.2031   11.9956
    0.0000   30.0000    0.0000 2602.4365   11.9353
    7.5000   30.0000    0.0000 2576.7549   12.0847
   -7.5000   37.5000    0.0000 2451.0061   13.1064
    0.0000   37.5000    0.0000 2468.0801   13.0530
    7.5000   37.5000    0.0000 2442.1467   13.2067
   -7.5000   45.0000    0.0000 2301.9653   14.5292
    0.0000   45.0000    0.0000 2310.5017   14.4873
    7.5000   45.0000    0.0000 2290.0874   14.6566
   -7.5000  -45.0000    7.5000 2378.5476   13.8145
    0.0000  -45.0000    7.5000 2394.3569   13.5821
    7.5000  -45.0000    7.5000 2370.0625   13.8969
   -7.5000  -37.5000    7.5000 2497.8376   12.5307
    0.0000  -37.5000    7.5000 2515.3938   12.3225
    7.5000  -37.5000    7.5000 2486.4084   12.6075
   -7.5000  -30.0000    7.5000 2614.5112   11.5447
    0.0000  -30.0000    7.5000 2635.2659   11.3476
    7.5000  -30.0000    7.5000 2600.1555   11.6227
   -7.5000  -22.5000    7.5000 2719.5354   10.8107
    0.0000  -22.5000    7.5000 2740.0874   10.6383
    7.5000  -22.5000    7.5000 2707.5037   10.9100
   -7.5000  -15.0000    7.5000 2805.7239   10.3422
    0.0000  -15.0000    7.5000 2826.6465   10.1469
    7.5000  -15.0000    7.5000 2788.9509   10.4419
   -7.5000   -7.5000    7.5000 2856.2390   10.0877
    0.0000   -7.5000    7.5000 2874.6377    9.9161
    7.5000   -7.5000    7.5000 2835.1213   10.1813
   -7.5000    0.0000    7.5000 2856.1304   10.1141
    0.0000    0.0000    7.5000 2880.0352    9.9823
    7.5000    0.0000    7.5000 2844.7957   10.1830
   -7.5000    7.5000    7.5000 2819.4751   10.4178
    0.0000    7.5000    7.5000 2846.0176   10.2871
    7.5000    7.5000    7.5000 2806.0720   10.4888
   -7.5000   15.0000    7.5000 2742.9736   10.9117
    0.0000   15.0000    7.5000 2767.6458   10.7908
    7.5000   15.0000    7.5000 2732.2473   10.9804
   -7.5000   22.5000    7.5000 2643.2917   11.5620
    0.0000   22.5000    7.5000 2660.5383   11.4681
    7.5000   22.5000    7.5000 2637.6028   11.6393
   -7.5000   30.0000    7.5000 2528.9670   12.3924
    0.0000   30.0000    7.5000 2546.2764   12.3147
    7.5000   30.0000    7.5000 2525.1426   12.4701
   -7.5000   37.5000    7.5000 2402.5461   13.4518
    0.0000   37.5000    7.5000 2421.5811   13.3777
    7.5000   37.5000    7.5000 2400.6418   13.5236
   -7.5000   45.0000    7.5000 2255.8943   14.8370
    0.0000   45.0000    7.5000 2268.2546   14.7809
    7.5000   45.0000    7.5000 2250.4846   14.9561
   -7.5000  -45.0000   15.0000 2328.4832   14.4951
    0.0000  -45.0000   15.0000 2347.7173   14.3527
    7.5000  -45.0000   15.0000 2321.0720   14.6220
   -7.5000  -37.5000   15.0000 2446.7405   13.1856
    0.0000  -37.5000   15.0000 2468.6611   13.0268
    7.5000  -37.5000   15.0000 2436.8479   13.2775
   -7.5000  -30.0000   15.0000 2561.9434   12.1564
    0.0000  -30.0000   15.0000 2585.2019   12.0169
    7.5000  -30.0000   15.0000 2548.2512   12.2519
   -7.5000  -22.5000   15.0000 2659.4287   11.4003
    0.0000  -22.5000   15.0000 2687.3022   11.2619
    7.5000  -22.5000   15.0000 2648.2891   11.5077
   -7.5000  -15.0000   15.0000 2728.8865   10.9209
    0.0000  -15.0000   15.0000 2752.7068   10.7540
    7.5000  -15.0000   15.0000 2714.8276   11.0224
   -7.5000   -7.5000   15.0000 2769.8972   10.6638
    0.0000   -7.5000   15.0000 2786.4084   10.5289
    7.5000   -7.5000   15.0000 2753.7183   10.7671
   -7.5000    0.0000   15.0000 2765.0425   10.6743
    0.0000    0.0000   15.0000 2785.7971   10.5554
    7.5000    0.0000   15.0000 2755.9192   10.7519
   -7.5000    7.5000   15.0000 2727.2000   10.9804
    0.0000    7.5000   15.0000 2748.9597   10.8593
    7.5000    7.5000   15.0000 2717.2764   11.0598
   -7.5000   15.0000   15.0000 2657.2429   11.4721
    0.0000   15.0000   15.0000 2680.2283   11.3637
    7.5000   15.0000   15.0000 2647.0308   11.5440
   -7.5000   22.5000   15.0000 2566.2654   12.1158
    0.0000   22.5000   15.0000 2580.4446   12.0229
    7.5000   22.5000   15.0000 2555.8247   12.1939
   -7.5000   30.0000   15.0000 2461.7742   12.9214
    0.0000   30.0000   15.0000 2474.4141   12.8700
    7.5000   30.0000   15.0000 2452.9978   13.0187
   -7.5000   37.5000   15.0000 2341.7739   13.9978
    0.0000   37.5000   15.0000 2357.4568   13.9304
    7.5000   37.5000   15.0000 2334.0413   14.0726
   -7.5000   45.0000   15.0000 2199.4023   15.4003
    0.0000   45.0000   15.0000 2213.9929   15.3401
    7.5000   45.0000   15.0000 2190.5894   15.5140
   -7.5000  -45.0000   22.5000 2267.8564   15.4455
    0.0000  -45.0000   22.5000 2293.3064   15.3435
    7.5000  -45.0000   22.5000 2264.0776   15.5692
   -7.5000  -37.5000   22.5000 2387.8779   14.0298
    0.0000  -37.5000   22.5000 2412.7073   13.9250
    7.5000  -37.5000   22.5000 2377.8972   14.1379
   -7.5000  -30.0000   22.5000 2496.2917   12.9633
    0.0000  -30.0000   22.5000 2520.6543   12.8666
    7.5000  -30.0000   22.5000 2481.8188   13.0782
   -7.5000  -22.5000   22.5000 2586.5061   12.1975
    0.0000  -22.5000   22.5000 2611.5398   12.1040
    7.5000  -22.5000   22.5000 2573.7153   12.3102
   -7.5000  -15.0000   22.5000 2647.4771   11.6867
    0.0000  -15.0000   22.5000 2669.3340   11.6091
    7.5000  -15.0000   22.5000 2633.4211   11.8299
   -7.5000   -7.5000   22.5000 2677.1646   11.4386
    0.0000   -7.5000   22.5000 2692.9988   11.3564
    7.5000   -7.5000   22.5000 2664.2014   11.5399
   -7.5000    0.0000   22.5000 2669.1418   11.4401
    0.0000    0.0000   22.5000 2688.3486   11.3367
    7.5000    0.0000   22.5000 2661.6682   11.5003
   -7.5000    7.5000   22.5000 2632.9790   11.7509
    0.0000    7.5000   22.5000 2649.2695   11.6378
    7.5000    7.5000   22.5000 2627.1802   11.8093
   -7.5000   15.0000   22.5000 2574.4980   12.2043
    0.0000   15.0000   22.5000 2593.8152   12.1298
    7.5000   15.0000   22.5000 2566.6497   12.2902
   -7.5000   22.5000   22.5000 2492.5496   12.8652
    0.0000   22.5000   22.5000 2507.3247   12.7913
    7.5000   22.5000   22.5000 2483.2654   12.9455
   -7.5000   30.0000   22.5000 2390.6411   13.6648
    0.0000   30.0000   22.5000 2398.3884   13.6117
    7.5000   30.0000   22.5000 2382.2993   13.7623
   -7.5000   37.5000   22.5000 2266.5947   14.7816
    0.0000   37.5000   22.5000 2276.6299   14.7510
    7.5000   37.5000   22.5000 2261.5869   14.8625
   -7.5000   45.0000   22.5000 2135.3728   16.2264
    0.0000   45.0000   22.5000 2149.4436   16.1767
    7.5000   45.0000   22.5000 2127.2266   16.2826
   -7.5000  -45.0000   30.0000 2197.3345   16.6796
    0.0000  -45.0000   30.0000 2222.0168   16.6036
    7.5000  -45.0000   30.0000 2195.4561   16.7819
   -7.5000  -37.5000   30.0000 2315.5928   15.1468
    0.0000  -37.5000   30.0000 2342.3381   15.0876
    7.5000  -37.5000   30.0000 2305.0603   15.2538
   -7.5000  -30.0000   30.0000 2418.5923   14.0144
    0.0000  -30.0000   30.0000 2444.3386   13.9590
    7.5000  -30.0000   30.0000 2407.0049   14.1255
   -7.5000  -22.5000   30.0000 2500.0366   13.2271
    0.0000  -22.5000   30.0000 2520.1548   13.1544
    7.5000  -22.5000   30.0000 2486.5393   13.3400
   -7.5000  -15.0000   30.0000 2547.2285   12.7048
    0.0000  -15.0000   30.0000 2565.0627   12.6501
    7.5000  -15.0000   30.0000 2533.5281   12.8368
   -7.5000   -7.5000   30.0000 2569.6147   12.4310
    0.0000   -7.5000   30.0000 2585.5610   12.3632
    7.5000   -7.5000   30.0000 2560.3459   12.5350
   -7.5000    0.0000   30.0000 2561.2927   12.3888
    0.0000    0.0000   30.0000 2579.1252   12.3292
    7.5000    0.0000   30.0000 2554.1550   12.4802
   -7.5000    7.5000   30.0000 2530.3572   12.6957
    0.0000    7.5000   30.0000 2543.8677   12.6352
    7.5000    7.5000   30.0000 2525.4280   12.7944
   -7.5000   15.0000   30.0000 2479.6060   13.1471
    0.0000   15.0000   30.0000 2495.9263   13.0949
    7.5000   15.0000   30.0000 2472.6526   13.2494
   -7.5000   22.5000   30.0000 2405.7356   13.7968
    0.0000   22.5000   30.0000 2419.5361   13.7308
    7.5000   22.5000   30.0000 2398.5986   13.8989
   -7.5000   30.0000   30.0000 2309.4946   14.6008
    0.0000   30.0000   30.0000 2320.3655   14.5736
    7.5000   30.0000   30.0000 2302.2866   14.7113
   -7.5000   37.5000   30.0000 2190.2205   15.7616
    0.0000   37.5000   30.0000 2203.5920   15.7256
    7.5000   37.5000   30.0000 2182.8291   15.8218
   -7.5000   45.0000   30.0000 2060.5588   17.2741
    0.0000   45.0000   30.0000 2079.3689   17.1798
    7.5000   45.0000   30.0000 2057.3245   17.2994
   -7.5000  -45.0000   37.5000 2117.4172   18.2296
    0.0000  -45.0000   37.5000 2138.0720   18.1453
    7.5000  -45.0000   37.5000 2116.1604   18.3124
   -7.5000  -37.5000   37.5000 2233.3044   16.5473
    0.0000  -37.5000   37.5000 2257.9863   16.4762
    7.5000  -37.5000   37.5000 2225.5396   16.6270
   -7.5000  -30.0000   37.5000 2332.1687   15.3146
    0.0000  -30.0000   37.5000 2354.2349   15.2527
    7.5000  -30.0000   37.5000 2321.2495   15.4233
   -7.5000  -22.5000   37.5000 2404.2456   14.4791
    0.0000  -22.5000   37.5000 2421.1824   14.4204
    7.5000  -22.5000   37.5000 2394.0586   14.6206
   -7.5000  -15.0000   37.5000 2446.0581   13.9058
    0.0000  -15.0000   37.5000 2457.8213   13.8685
    7.5000  -15.0000   37.5000 2433.5198   14.0501
   -7.5000   -7.5000   37.5000 2462.6848   13.6126
    0.0000   -7.5000   37.5000 2477.4822   13.5332
    7.5000   -7.5000   37.5000 2450.9622   13.7109
   -7.5000    0.0000   37.5000 2457.8921   13.5347
    0.0000    0.0000   37.5000 2471.6199   13.4716
    7.5000    0.0000   37.5000 2446.2227   13.6287
   -7.5000    7.5000   37.5000 2430.4292   13.8195
    0.0000    7.5000   37.5000 2444.4788   13.7439
    7.5000    7.5000   37.5000 2421.6270   13.8925
   -7.5000   15.0000   37.5000 2381.8789   14.2733
    0.0000   15.0000   37.5000 2396.9656   14.2361
    7.5000   15.0000   37.5000 2374.2034   14.3803
   -7.5000   22.5000   37.5000 2308.0217   14.9254
    0.0000   22.5000   37.5000 2323.1267   14.8994
    7.5000   22.5000   37.5000 2302.5918   15.0315
   -7.5000   30.0000   37.5000 2216.5906   15.7868
    0.0000   30.0000   37.5000 2231.1882   15.7792
    7.5000   30.0000   37.5000 2209.0374   15.8874
   -7.5000   37.5000   37.5000 2109.2029   16.9558
    0.0000   37.5000   37.5000 2121.7832   16.9207
    7.5000   37.5000   37.5000 2099.4849   17.0332
   -7.5000   45.0000   37.5000 1986.8528   18.5643
    0.0000   45.0000   37.5000 1997.6387   18.4779
    7.5000   45.0000   37.5000 1980.1661   18.6090
   -7.5000  -45.0000   45.0000 2030.7100   20.0696
    0.0000  -45.0000   45.0000 2044.3984   19.8946
    7.5000  -45.0000   45.0000 2026.1569   20.1339
   -7.5000  -37.5000   45.0000 2143.9785   18.2155
    0.0000  -37.5000   45.0000 2162.5430   18.0689
    7.5000  -37.5000   45.0000 2134.7590   18.2866
   -7.5000  -30.0000   45.0000 2237.5627   16.8834
    0.0000  -30.0000   45.0000 2255.8857   16.7718
    7.5000  -30.0000   45.0000 2226.7285   17.0014
   -7.5000  -22.5000   45.0000 2301.7532   15.9387
    0.0000  -22.5000   45.0000 2318.6672   15.8563
    7.5000  -22.5000   45.0000 2293.2781   16.0740
   -7.5000  -15.0000   45.0000 2340.6553   15.3028
    0.0000  -15.0000   45.0000 2353.9287   15.2131
    7.5000  -15.0000   45.0000 2328.8521   15.4310
   -7.5000   -7.5000   45.0000 2354.8616   14.9334
    0.0000   -7.5000   45.0000 2369.9192   14.8316
    7.5000   -7.5000   45.0000 2345.9436   15.0630
   -7.5000    0.0000   45.0000 2350.9678   14.7878
    0.0000    0.0000   45.0000 2362.7812   14.6934
    7.5000    0.0000   45.0000 2341.9241   14.9178
   -7.5000    7.5000   45.0000 2327.7231   15.0294
    0.0000    7.5000   45.0000 2337.3774   14.9268
    7.5000    7.5000   45.0000 2320.8206   15.0968
   -7.5000   15.0000   45.0000 2276.1606   15.5511
    0.0000   15.0000   45.0000 2286.6313   15.4942
    7.5000   15.0000   45.0000 2271.3132   15.6467
   -7.5000   22.5000   45.0000 2209.7495   16.2723
    0.0000   22.5000   45.0000 2221.5801   16.2112
    7.5000   22.5000   45.0000 2206.0959   16.3691
   -7.5000   30.0000   45.0000 2122.9497   17.1874
    0.0000   30.0000   45.0000 2135.6521   17.1288
    7.5000   30.0000   45.0000 2115.0381   17.2629
   -7.5000   37.5000   45.0000 2019.9784   18.3906
    0.0000   37.5000   45.0000 2030.9502   18.3187
    7.5000   37.5000   45.0000 2011.9606   18.4383
   -7.5000   45.0000   45.0000 1903.5746   20.0436
    0.0000   45.0000   45.0000 1910.6299   19.9609
    7.5000   45.0000   45.0000 1898.6975   20.1457

---------------------------------------------------------------------
imgreg_4dfp /opt/freesurfer/average/711-2C_as_mni_average_305 /opt/freesurfer/average/711-2B_as_mni_average_305_mask talsrcimg_g11 none talsrcimg_to_711-2C_as_mni_average_305_t4 1283
---------------------------------------------------------------------

freesurfer imgreg_4dfp.c
/opt/freesurfer/average/711-2C_as_mni_average_305.4dfp.img
       256       256       256         1
  1.000000  1.000000  1.000000
orientation T byte_order littleendian
Reading image: /opt/freesurfer/average/711-2C_as_mni_average_305.4dfp.img
dimensions:      256       256       256
mmppix:       1.0000   -1.0000   -1.0000
center:     128.0000 -129.0000 -129.0000
/opt/freesurfer/average/711-2B_as_mni_average_305_mask.4dfp.img
       256       256       256         1
  1.000000  1.000000  1.000000
orientation T byte_order littleendian
Reading mask: /opt/freesurfer/average/711-2B_as_mni_average_305_mask.4dfp.img (2306576 pixels)
talsrcimg_g11.4dfp.img
       256       256       256         1
  1.000000  1.000000  1.000000
orientation T byte_order littleendian
Reading image: talsrcimg_g11.4dfp.img
dimensions:      256       256       256
mmppix:       1.0000   -1.0000   -1.0000
center:     128.0000 -129.0000 -129.0000
rotation matrix determinant  1.000000
fimgreg.f
image alignment mode   1283 decimal      503 hex
parameters
    0.0000    0.0000  -15.0000    0.0000    0.0000    0.0000
eta,q 0.95437  9.21084
niter,ni,del,rscale     5    3   12.0000    1.2000
parameter  3 -0.632439 -> -0.500000 qaram    1.1500
parameter  4  0.657824 ->  0.500000 qaram    1.1500
parameters
   -1.5926   -2.5878  -11.5500   -3.4500    1.0232    1.4185
eta,q 0.95669  9.03586
  0.0553  0.0475  0.0558  0.0435  0.0523  0.0506
  0.0498  0.0464  0.0534  0.0430  0.0476  0.0472
  0.0476  0.0472  0.0491  0.0434  0.0443  0.0444
  0.0487  0.0473  0.0467  0.0444  0.0430  0.0431
  0.0533  0.0486  0.0455  0.0464  0.0433  0.0435
  0.0600  0.0522  0.0447  0.0484  0.0444  0.0442
  0.0662  0.0586  0.0462  0.0518  0.0474  0.0457
niter,ni,del,rscale     6    3   12.0000    1.2000
parameter  4  0.520962 ->  0.500000 qaram    1.3225
parameters
   -1.6357   -0.6179  -12.9139   -7.4175    0.9742    1.2868
eta,q 0.96104  9.02181
  0.0579  0.0576  0.0486  0.0429  0.0477  0.0458
  0.0505  0.0500  0.0441  0.0390  0.0433  0.0421
  0.0455  0.0451  0.0422  0.0402  0.0404  0.0394
  0.0433  0.0433  0.0432  0.0425  0.0390  0.0390
  0.0441  0.0432  0.0446  0.0447  0.0400  0.0404
  0.0509  0.0440  0.0495  0.0467  0.0434  0.0428
  0.0588  0.0454  0.0560  0.0497  0.0482  0.0460
niter,ni,del,rscale     6    3   12.0000    1.2000
parameters
   -1.3679    0.7237  -13.4750   -6.5868    0.8148    1.1745
eta,q 0.96093  9.05807
  0.0588  0.0566  0.0499  0.0526  0.0469  0.0448
  0.0501  0.0491  0.0436  0.0465  0.0429  0.0416
  0.0423  0.0420  0.0387  0.0397  0.0401  0.0395
  0.0390  0.0390  0.0390  0.0385  0.0391  0.0391
  0.0409  0.0396  0.0423  0.0411  0.0403  0.0401
  0.0479  0.0422  0.0469  0.0441  0.0435  0.0421
  0.0558  0.0456  0.0526  0.0467  0.0477  0.0449
niter,ni,del,rscale     5    3   12.0000    1.2000
parameters
   -1.3063    0.6541  -13.4475   -6.3751    0.7690    1.1635
eta,q 0.96075  9.06189
  0.0573  0.0498  0.0515  0.0510  0.0472  0.0451
  0.0489  0.0426  0.0457  0.0444  0.0432  0.0419
  0.0417  0.0392  0.0399  0.0385  0.0404  0.0398
  0.0391  0.0391  0.0390  0.0390  0.0392  0.0393
  0.0414  0.0410  0.0417  0.0421  0.0404  0.0402
  0.0487  0.0440  0.0454  0.0448  0.0434  0.0422
  0.0565  0.0490  0.0507  0.0479  0.0475  0.0449
niter,ni,del,rscale     4    3   12.0000    1.2000
parameters
   -1.3012    0.5829  -13.4222   -6.3092    0.7608    1.1584
eta,q 0.96071  9.06143
  0.0572  0.0497  0.0514  0.0507  0.0474  0.0451
  0.0488  0.0426  0.0457  0.0439  0.0433  0.0420
  0.0417  0.0395  0.0400  0.0384  0.0405  0.0398
  0.0392  0.0392  0.0392  0.0392  0.0393  0.0393
  0.0417  0.0410  0.0419  0.0423  0.0404  0.0402
  0.0491  0.0440  0.0454  0.0450  0.0433  0.0422
  0.0569  0.0490  0.0507  0.0481  0.0474  0.0449
niter,ni,del,rscale     3    3   12.0000    1.2000
parameters
   -1.3031    0.5598  -13.4134   -6.2875    0.7604    1.1552
eta,q 0.96070  9.06120
  0.0572  0.0499  0.0514  0.0506  0.0474  0.0452
  0.0488  0.0428  0.0457  0.0437  0.0433  0.0420
  0.0417  0.0396  0.0400  0.0384  0.0405  0.0398
  0.0393  0.0393  0.0393  0.0393  0.0393  0.0393
  0.0418  0.0410  0.0419  0.0424  0.0404  0.0402
  0.0492  0.0439  0.0454  0.0450  0.0433  0.0422
  0.0569  0.0489  0.0508  0.0482  0.0474  0.0449
registration optimization eta report
parameter search radius
    6.0000    6.0000    6.9000    7.9350    6.0000    6.0000
100000*second partial in parameter space
       48.       28.       24.       16.       22.       16.
  0.0572  0.0499  0.0514  0.0506  0.0474  0.0452
  0.0488  0.0428  0.0457  0.0437  0.0433  0.0420
  0.0417  0.0396  0.0400  0.0384  0.0405  0.0398
  0.0393  0.0393  0.0393  0.0393  0.0393  0.0393
  0.0418  0.0410  0.0419  0.0424  0.0404  0.0402
  0.0492  0.0439  0.0454  0.0450  0.0433  0.0422
  0.0569  0.0489  0.0508  0.0482  0.0474  0.0449
   -1.3031    0.5598  -13.4134   -6.2875    0.7604    1.1552
eta,q 0.96070  9.06120

---------------------------------------------------------------------
imgreg_4dfp /opt/freesurfer/average/711-2C_as_mni_average_305 /opt/freesurfer/average/711-2B_as_mni_average_305_mask talsrcimg_g11 none talsrcimg_to_711-2C_as_mni_average_305_t4 3335
---------------------------------------------------------------------

freesurfer imgreg_4dfp.c
/opt/freesurfer/average/711-2C_as_mni_average_305.4dfp.img
       256       256       256         1
  1.000000  1.000000  1.000000
orientation T byte_order littleendian
Reading image: /opt/freesurfer/average/711-2C_as_mni_average_305.4dfp.img
dimensions:      256       256       256
mmppix:       1.0000   -1.0000   -1.0000
center:     128.0000 -129.0000 -129.0000
/opt/freesurfer/average/711-2B_as_mni_average_305_mask.4dfp.img
       256       256       256         1
  1.000000  1.000000  1.000000
orientation T byte_order littleendian
Reading mask: /opt/freesurfer/average/711-2B_as_mni_average_305_mask.4dfp.img (2306576 pixels)
talsrcimg_g11.4dfp.img
       256       256       256         1
  1.000000  1.000000  1.000000
orientation T byte_order littleendian
Reading image: talsrcimg_g11.4dfp.img
dimensions:      256       256       256
mmppix:       1.0000   -1.0000   -1.0000
center:     128.0000 -129.0000 -129.0000
fimgreg.f
image alignment mode   3335 decimal      D07 hex
parameters
   -1.3031    0.5598  -13.4134   -0.0291   -0.6188   -0.6103
   -1.8586   -1.5397    2.0158   10.9229    1.3272  -10.9508
eta,q 0.96233  9.14530
niter,ni,del,rscale     5    3    5.0000    1.2000
parameter  4  1.402680 ->  0.500000 qaram    1.1500
parameter  5  2.068701 ->  0.500000 qaram    1.1500
parameter  6  1.429607 ->  0.500000 qaram    1.1500
parameters
   -1.3073    1.1314  -13.6017   -4.1691   -4.7588   -4.7503
   -1.6701   -0.2809    3.4463    7.7901   -0.0302  -11.5278
eta,q 0.97654  8.78249
  0.0408  0.0406  0.0388  0.0319  0.0276  0.0243  0.0275  0.0318  0.0273  0.0250  0.0249  0.0248
  0.0392  0.0393  0.0381  0.0329  0.0293  0.0243  0.0260  0.0287  0.0260  0.0238  0.0240  0.0240
  0.0381  0.0383  0.0376  0.0347  0.0311  0.0264  0.0250  0.0262  0.0250  0.0236  0.0235  0.0236
  0.0377  0.0377  0.0375  0.0375  0.0333  0.0298  0.0247  0.0247  0.0245  0.0244  0.0235  0.0235
  0.0381  0.0376  0.0378  0.0414  0.0364  0.0336  0.0250  0.0246  0.0244  0.0260  0.0241  0.0238
  0.0392  0.0380  0.0384  0.0456  0.0397  0.0373  0.0258  0.0260  0.0249  0.0284  0.0251  0.0244
  0.0408  0.0388  0.0393  0.0499  0.0430  0.0414  0.0272  0.0284  0.0257  0.0313  0.0264  0.0253
niter,ni,del,rscale     7    3    5.0000    1.2000
parameter  5  0.691872 ->  0.500000 qaram    1.3225
parameters
   -1.4403    1.0127  -13.8495   -7.5382   -9.5198   -6.5359
   -1.7429    0.0594    4.0599    9.6377   -0.3637  -10.2478
eta,q 0.97889  8.53885
  0.0270  0.0256  0.0256  0.0244  0.0215  0.0250  0.0243  0.0268  0.0238  0.0259  0.0225  0.0231
  0.0249  0.0244  0.0243  0.0233  0.0211  0.0236  0.0228  0.0243  0.0227  0.0240  0.0218  0.0222
  0.0237  0.0236  0.0235  0.0227  0.0216  0.0221  0.0219  0.0223  0.0219  0.0225  0.0213  0.0216
  0.0235  0.0234  0.0234  0.0234  0.0228  0.0211  0.0215  0.0215  0.0215  0.0215  0.0212  0.0212
  0.0241  0.0238  0.0240  0.0255  0.0245  0.0230  0.0219  0.0219  0.0216  0.0212  0.0214  0.0211
  0.0256  0.0247  0.0251  0.0291  0.0271  0.0269  0.0229  0.0235  0.0222  0.0217  0.0219  0.0215
  0.0278  0.0261  0.0266  0.0338  0.0304  0.0313  0.0243  0.0261  0.0232  0.0231  0.0228  0.0222
niter,ni,del,rscale     7    3    5.0000    1.2000
parameters
   -1.3023    0.9404  -14.3873   -7.1130  -10.4517   -7.6172
   -1.8133    0.2523    4.0736    9.6564    0.0147   -9.8880
eta,q 0.97883  8.49119
  0.0250  0.0236  0.0223  0.0247  0.0244  0.0251  0.0240  0.0264  0.0231  0.0241  0.0226  0.0227
  0.0230  0.0221  0.0214  0.0232  0.0224  0.0236  0.0225  0.0239  0.0221  0.0226  0.0219  0.0220
  0.0217  0.0213  0.0210  0.0219  0.0211  0.0222  0.0216  0.0220  0.0214  0.0217  0.0214  0.0215
  0.0211  0.0211  0.0211  0.0210  0.0209  0.0208  0.0212  0.0212  0.0212  0.0212  0.0212  0.0212
  0.0214  0.0215  0.0217  0.0208  0.0218  0.0216  0.0216  0.0217  0.0214  0.0214  0.0213  0.0213
  0.0224  0.0224  0.0228  0.0220  0.0236  0.0252  0.0226  0.0234  0.0221  0.0225  0.0216  0.0217
  0.0242  0.0238  0.0242  0.0247  0.0261  0.0293  0.0242  0.0261  0.0231  0.0243  0.0224  0.0225
niter,ni,del,rscale     6    3    5.0000    1.2000
parameters
   -1.2522    1.0322  -14.7616   -6.7489  -10.4932   -8.2777
   -1.8562    0.2694    3.9154    9.8476    0.3745   -9.9704
eta,q 0.97874  8.47893
  0.0248  0.0239  0.0225  0.0247  0.0252  0.0253  0.0242  0.0263  0.0231  0.0242  0.0227  0.0226
  0.0229  0.0224  0.0216  0.0233  0.0231  0.0238  0.0226  0.0238  0.0221  0.0227  0.0220  0.0219
  0.0216  0.0215  0.0211  0.0221  0.0215  0.0224  0.0217  0.0220  0.0215  0.0218  0.0215  0.0215
  0.0212  0.0212  0.0212  0.0211  0.0210  0.0210  0.0213  0.0213  0.0213  0.0213  0.0213  0.0213
  0.0215  0.0214  0.0216  0.0210  0.0216  0.0212  0.0216  0.0218  0.0215  0.0214  0.0213  0.0214
  0.0226  0.0222  0.0224  0.0221  0.0232  0.0242  0.0227  0.0237  0.0222  0.0224  0.0217  0.0219
  0.0245  0.0235  0.0236  0.0249  0.0252  0.0282  0.0242  0.0264  0.0232  0.0241  0.0225  0.0228
niter,ni,del,rscale     5    3    5.0000    1.2000
parameters
   -1.2379    1.1286  -15.0311   -6.6592  -10.5381   -8.6882
   -1.8413    0.2489    3.7524   10.1081    0.6562  -10.0820
eta,q 0.97866  8.46652
  0.0248  0.0240  0.0227  0.0247  0.0252  0.0255  0.0243  0.0263  0.0231  0.0242  0.0227  0.0227
  0.0229  0.0225  0.0217  0.0233  0.0232  0.0239  0.0227  0.0239  0.0222  0.0228  0.0220  0.0220
  0.0217  0.0216  0.0212  0.0221  0.0217  0.0225  0.0217  0.0221  0.0215  0.0219  0.0216  0.0215
  0.0213  0.0213  0.0213  0.0212  0.0212  0.0212  0.0214  0.0214  0.0214  0.0214  0.0213  0.0213
  0.0216  0.0215  0.0217  0.0212  0.0218  0.0211  0.0217  0.0219  0.0216  0.0215  0.0214  0.0215
  0.0228  0.0223  0.0224  0.0225  0.0233  0.0237  0.0227  0.0238  0.0223  0.0224  0.0218  0.0220
  0.0247  0.0235  0.0233  0.0253  0.0253  0.0277  0.0242  0.0265  0.0233  0.0240  0.0226  0.0228
niter,ni,del,rscale     4    3    5.0000    1.2000
parameters
   -1.2333    1.2196  -15.2245   -6.6053  -10.6356   -8.9845
   -1.8088    0.2204    3.5897   10.3608    0.8768  -10.1353
eta,q 0.97861  8.45522
  0.0248  0.0240  0.0229  0.0247  0.0253  0.0255  0.0243  0.0263  0.0232  0.0242  0.0227  0.0228
  0.0230  0.0225  0.0219  0.0234  0.0233  0.0240  0.0228  0.0239  0.0222  0.0228  0.0221  0.0221
  0.0218  0.0216  0.0214  0.0222  0.0218  0.0226  0.0218  0.0221  0.0216  0.0219  0.0216  0.0216
  0.0213  0.0213  0.0213  0.0213  0.0213  0.0213  0.0214  0.0214  0.0214  0.0214  0.0214  0.0214
  0.0217  0.0216  0.0217  0.0213  0.0219  0.0212  0.0217  0.0220  0.0217  0.0215  0.0215  0.0215
  0.0229  0.0223  0.0224  0.0226  0.0234  0.0235  0.0228  0.0238  0.0223  0.0224  0.0219  0.0221
  0.0248  0.0236  0.0233  0.0254  0.0254  0.0275  0.0243  0.0265  0.0233  0.0240  0.0226  0.0229
niter,ni,del,rscale     3    3    5.0000    1.2000
parameters
   -1.2346    1.3080  -15.3650   -6.5632  -10.7439   -9.2173
   -1.7683    0.1896    3.4533   10.5914    1.0290  -10.1667
eta,q 0.97856  8.44536
  0.0249  0.0240  0.0230  0.0248  0.0253  0.0256  0.0243  0.0263  0.0232  0.0242  0.0228  0.0228
  0.0230  0.0226  0.0220  0.0234  0.0233  0.0240  0.0228  0.0239  0.0223  0.0228  0.0221  0.0221
  0.0218  0.0217  0.0215  0.0223  0.0219  0.0226  0.0218  0.0222  0.0216  0.0219  0.0216  0.0217
  0.0214  0.0214  0.0214  0.0214  0.0214  0.0214  0.0215  0.0215  0.0215  0.0215  0.0214  0.0214
  0.0218  0.0216  0.0217  0.0214  0.0219  0.0212  0.0218  0.0221  0.0217  0.0216  0.0215  0.0216
  0.0230  0.0224  0.0224  0.0226  0.0235  0.0234  0.0228  0.0239  0.0224  0.0224  0.0220  0.0221
  0.0249  0.0236  0.0233  0.0255  0.0255  0.0273  0.0243  0.0265  0.0234  0.0241  0.0227  0.0229
niter,ni,del,rscale     2    3    5.0000    1.2000
parameters
   -1.2395    1.3848  -15.4801   -6.5256  -10.8504   -9.4170
   -1.7346    0.1611    3.3465   10.7941    1.1513  -10.1809
eta,q 0.97852  8.43651
  0.0249  0.0240  0.0231  0.0248  0.0253  0.0256  0.0244  0.0263  0.0233  0.0242  0.0228  0.0229
  0.0230  0.0226  0.0221  0.0234  0.0234  0.0240  0.0228  0.0240  0.0223  0.0229  0.0221  0.0222
  0.0219  0.0217  0.0215  0.0223  0.0219  0.0227  0.0219  0.0222  0.0217  0.0220  0.0217  0.0217
  0.0214  0.0214  0.0214  0.0214  0.0214  0.0214  0.0215  0.0215  0.0215  0.0215  0.0215  0.0215
  0.0218  0.0217  0.0218  0.0214  0.0220  0.0212  0.0218  0.0221  0.0217  0.0216  0.0216  0.0216
  0.0230  0.0225  0.0224  0.0227  0.0235  0.0234  0.0228  0.0239  0.0224  0.0225  0.0220  0.0221
  0.0249  0.0237  0.0233  0.0255  0.0255  0.0272  0.0243  0.0265  0.0234  0.0241  0.0227  0.0229
niter,ni,del,rscale     1    3    5.0000    1.2000
parameters
   -1.2450    1.4525  -15.5745   -6.4925  -10.9494   -9.5912
   -1.7040    0.1355    3.2632   10.9726    1.2365  -10.1877
eta,q 0.97848  8.42859
  0.0249  0.0241  0.0231  0.0248  0.0254  0.0256  0.0244  0.0263  0.0233  0.0242  0.0228  0.0229
  0.0231  0.0226  0.0221  0.0235  0.0234  0.0240  0.0229  0.0240  0.0223  0.0229  0.0221  0.0222
  0.0219  0.0218  0.0216  0.0224  0.0220  0.0227  0.0219  0.0222  0.0217  0.0220  0.0217  0.0217
  0.0215  0.0215  0.0215  0.0215  0.0215  0.0215  0.0215  0.0215  0.0215  0.0215  0.0215  0.0215
  0.0219  0.0217  0.0218  0.0215  0.0220  0.0213  0.0219  0.0221  0.0218  0.0217  0.0216  0.0217
  0.0231  0.0225  0.0224  0.0227  0.0236  0.0234  0.0229  0.0239  0.0224  0.0225  0.0220  0.0222
  0.0250  0.0237  0.0233  0.0255  0.0255  0.0272  0.0243  0.0265  0.0234  0.0241  0.0228  0.0230
registration optimization eta report
parameter search radius
    2.4000    2.4000    2.4000    8.2800    9.5220    8.2800
    7.2000    7.2000    7.2000    7.2000    7.2000    7.2000
100000*second partial in parameter space
       60.       42.       30.        5.        4.        7.
        5.        9.        4.        5.        2.        3.
  0.0249  0.0241  0.0231  0.0248  0.0254  0.0256  0.0244  0.0263  0.0233  0.0242  0.0228  0.0229
  0.0231  0.0226  0.0221  0.0235  0.0234  0.0240  0.0229  0.0240  0.0223  0.0229  0.0221  0.0222
  0.0219  0.0218  0.0216  0.0224  0.0220  0.0227  0.0219  0.0222  0.0217  0.0220  0.0217  0.0217
  0.0215  0.0215  0.0215  0.0215  0.0215  0.0215  0.0215  0.0215  0.0215  0.0215  0.0215  0.0215
  0.0219  0.0217  0.0218  0.0215  0.0220  0.0213  0.0219  0.0221  0.0218  0.0217  0.0216  0.0217
  0.0231  0.0225  0.0224  0.0227  0.0236  0.0234  0.0229  0.0239  0.0224  0.0225  0.0220  0.0222
  0.0250  0.0237  0.0233  0.0255  0.0255  0.0272  0.0243  0.0265  0.0234  0.0241  0.0228  0.0230
   -1.2450    1.4525  -15.5745   -6.4925  -10.9494   -9.5912
   -1.7040    0.1355    3.2632   10.9726    1.2365  -10.1877
eta,q 0.97848  8.42859

---------------------------------------------------------------------
imgreg_4dfp /opt/freesurfer/average/711-2C_as_mni_average_305 /opt/freesurfer/average/711-2B_as_mni_average_305_mask talsrcimg_g11 none talsrcimg_to_711-2C_as_mni_average_305_t4 2311
---------------------------------------------------------------------

freesurfer imgreg_4dfp.c
/opt/freesurfer/average/711-2C_as_mni_average_305.4dfp.img
       256       256       256         1
  1.000000  1.000000  1.000000
orientation T byte_order littleendian
Reading image: /opt/freesurfer/average/711-2C_as_mni_average_305.4dfp.img
dimensions:      256       256       256
mmppix:       1.0000   -1.0000   -1.0000
center:     128.0000 -129.0000 -129.0000
/opt/freesurfer/average/711-2B_as_mni_average_305_mask.4dfp.img
       256       256       256         1
  1.000000  1.000000  1.000000
orientation T byte_order littleendian
Reading mask: /opt/freesurfer/average/711-2B_as_mni_average_305_mask.4dfp.img (2306576 pixels)
talsrcimg_g11.4dfp.img
       256       256       256         1
  1.000000  1.000000  1.000000
orientation T byte_order littleendian
Reading image: talsrcimg_g11.4dfp.img
dimensions:      256       256       256
mmppix:       1.0000   -1.0000   -1.0000
center:     128.0000 -129.0000 -129.0000
fimgreg.f
image alignment mode   2311 decimal      907 hex
parameters
   -1.2450    1.4525  -15.5745   -6.4925  -10.9494   -9.5912
   -1.7040    0.1355    3.2632   10.9726    1.2365  -10.1877
eta,q 0.97848  8.42859
niter,ni,del,rscale     5    3    5.0000    0.8000
parameters
   -1.2412    1.4839  -15.7186   -5.3954  -11.2499   -8.9078
   -1.6698    0.1441    3.1395   10.8994    1.1323  -10.7783
eta,q 0.97884  8.47091
  0.0231  0.0227  0.0222  0.0232  0.0225  0.0234  0.0226  0.0239  0.0220  0.0224  0.0218  0.0217
  0.0222  0.0220  0.0218  0.0226  0.0218  0.0227  0.0218  0.0225  0.0215  0.0218  0.0215  0.0214
  0.0217  0.0216  0.0215  0.0220  0.0214  0.0220  0.0213  0.0215  0.0213  0.0214  0.0212  0.0212
  0.0215  0.0215  0.0215  0.0215  0.0214  0.0213  0.0212  0.0212  0.0212  0.0212  0.0212  0.0212
  0.0217  0.0216  0.0217  0.0214  0.0216  0.0211  0.0213  0.0215  0.0213  0.0213  0.0213  0.0213
  0.0222  0.0220  0.0220  0.0216  0.0220  0.0216  0.0218  0.0225  0.0216  0.0218  0.0215  0.0216
  0.0231  0.0226  0.0224  0.0223  0.0227  0.0228  0.0225  0.0240  0.0221  0.0226  0.0219  0.0221
niter,ni,del,rscale     4    3    5.0000    0.7000
parameters
   -1.2582    1.5639  -15.4813   -5.3781  -11.2329   -8.2352
   -1.6166    0.1342    3.1580   10.8740    0.8978  -10.9877
eta,q 0.97902  8.49459
  0.0224  0.0221  0.0221  0.0223  0.0221  0.0230  0.0221  0.0232  0.0217  0.0220  0.0215  0.0215
  0.0217  0.0216  0.0216  0.0218  0.0216  0.0223  0.0215  0.0221  0.0213  0.0215  0.0212  0.0212
  0.0213  0.0213  0.0213  0.0214  0.0212  0.0217  0.0211  0.0213  0.0211  0.0211  0.0210  0.0210
  0.0212  0.0212  0.0212  0.0211  0.0211  0.0211  0.0210  0.0210  0.0210  0.0210  0.0210  0.0210
  0.0213  0.0212  0.0212  0.0212  0.0213  0.0210  0.0211  0.0213  0.0211  0.0211  0.0211  0.0210
  0.0218  0.0215  0.0213  0.0217  0.0216  0.0214  0.0215  0.0221  0.0213  0.0215  0.0213  0.0212
  0.0225  0.0219  0.0216  0.0224  0.0221  0.0223  0.0221  0.0233  0.0217  0.0221  0.0216  0.0216
niter,ni,del,rscale     3    3    5.0000    0.6000
parameters
   -1.2728    1.5266  -15.2153   -5.3979  -11.2181   -7.6404
   -1.5915    0.1378    3.2548   10.6727    0.6035  -11.0481
eta,q 0.97915  8.51341
  0.0219  0.0216  0.0218  0.0219  0.0217  0.0225  0.0217  0.0226  0.0214  0.0216  0.0212  0.0212
  0.0214  0.0212  0.0214  0.0215  0.0213  0.0220  0.0212  0.0217  0.0211  0.0212  0.0210  0.0210
  0.0211  0.0210  0.0211  0.0211  0.0210  0.0214  0.0210  0.0211  0.0209  0.0209  0.0209  0.0209
  0.0210  0.0210  0.0210  0.0210  0.0210  0.0210  0.0209  0.0209  0.0209  0.0208  0.0209  0.0209
  0.0211  0.0211  0.0210  0.0211  0.0211  0.0208  0.0209  0.0211  0.0209  0.0210  0.0209  0.0209
  0.0214  0.0213  0.0211  0.0214  0.0213  0.0212  0.0212  0.0217  0.0211  0.0213  0.0211  0.0210
  0.0220  0.0217  0.0213  0.0220  0.0217  0.0220  0.0217  0.0226  0.0213  0.0218  0.0213  0.0213
niter,ni,del,rscale     2    3    5.0000    0.5000
parameters
   -1.2904    1.4518  -14.9215   -5.4093  -11.1864   -7.0442
   -1.5926    0.1432    3.4162   10.3867    0.2700  -11.0649
eta,q 0.97928  8.53163
  0.0215  0.0212  0.0214  0.0215  0.0213  0.0222  0.0213  0.0220  0.0211  0.0212  0.0210  0.0210
  0.0211  0.0210  0.0212  0.0212  0.0210  0.0216  0.0210  0.0213  0.0209  0.0209  0.0208  0.0208
  0.0209  0.0209  0.0210  0.0209  0.0209  0.0212  0.0208  0.0209  0.0208  0.0208  0.0207  0.0208
  0.0209  0.0209  0.0208  0.0208  0.0208  0.0208  0.0207  0.0207  0.0207  0.0207  0.0207  0.0207
  0.0209  0.0209  0.0208  0.0209  0.0209  0.0207  0.0208  0.0209  0.0208  0.0208  0.0208  0.0207
  0.0212  0.0211  0.0209  0.0211  0.0210  0.0210  0.0210  0.0213  0.0209  0.0211  0.0209  0.0208
  0.0216  0.0214  0.0210  0.0216  0.0213  0.0215  0.0213  0.0220  0.0211  0.0215  0.0211  0.0210
niter,ni,del,rscale     1    3    5.0000    0.4000
parameters
   -1.3113    1.3620  -14.6070   -5.4230  -11.1508   -6.4949
   -1.5911    0.1618    3.5887   10.1137   -0.0204  -11.0268
eta,q 0.97940  8.54745
  0.0212  0.0209  0.0212  0.0212  0.0210  0.0217  0.0210  0.0215  0.0209  0.0209  0.0208  0.0208
  0.0209  0.0208  0.0210  0.0209  0.0208  0.0213  0.0208  0.0210  0.0207  0.0207  0.0207  0.0207
  0.0208  0.0207  0.0208  0.0207  0.0207  0.0209  0.0207  0.0207  0.0206  0.0206  0.0206  0.0206
  0.0207  0.0207  0.0207  0.0207  0.0207  0.0207  0.0206  0.0206  0.0206  0.0206  0.0206  0.0206
  0.0208  0.0208  0.0207  0.0207  0.0207  0.0206  0.0206  0.0207  0.0206  0.0207  0.0206  0.0206
  0.0209  0.0209  0.0207  0.0209  0.0208  0.0208  0.0208  0.0210  0.0207  0.0208  0.0207  0.0207
  0.0212  0.0211  0.0208  0.0212  0.0210  0.0212  0.0210  0.0214  0.0208  0.0211  0.0209  0.0208
registration optimization eta report
parameter search radius
    0.8000    0.8000    0.8000    2.4000    2.4000    2.4000
    2.4000    2.4000    2.4000    2.4000    2.4000    2.4000
100000*second partial in parameter space
       71.       46.       39.        9.        6.       13.
        7.       15.        4.        7.        4.        3.
  0.0212  0.0209  0.0212  0.0212  0.0210  0.0217  0.0210  0.0215  0.0209  0.0209  0.0208  0.0208
  0.0209  0.0208  0.0210  0.0209  0.0208  0.0213  0.0208  0.0210  0.0207  0.0207  0.0207  0.0207
  0.0208  0.0207  0.0208  0.0207  0.0207  0.0209  0.0207  0.0207  0.0206  0.0206  0.0206  0.0206
  0.0207  0.0207  0.0207  0.0207  0.0207  0.0207  0.0206  0.0206  0.0206  0.0206  0.0206  0.0206
  0.0208  0.0208  0.0207  0.0207  0.0207  0.0206  0.0206  0.0207  0.0206  0.0207  0.0206  0.0206
  0.0209  0.0209  0.0207  0.0209  0.0208  0.0208  0.0208  0.0210  0.0207  0.0208  0.0207  0.0207
  0.0212  0.0211  0.0208  0.0212  0.0210  0.0212  0.0210  0.0214  0.0208  0.0211  0.0209  0.0208
   -1.3113    1.3620  -14.6070   -5.4230  -11.1508   -6.4949
   -1.5911    0.1618    3.5887   10.1137   -0.0204  -11.0268
eta,q 0.97940  8.54745

---------------------------------------------------------------------
imgreg_4dfp /opt/freesurfer/average/711-2C_as_mni_average_305 /opt/freesurfer/average/711-2B_as_mni_average_305_mask talsrcimg_g11 none talsrcimg_to_711-2C_as_mni_average_305_t4 2311
---------------------------------------------------------------------

freesurfer imgreg_4dfp.c
/opt/freesurfer/average/711-2C_as_mni_average_305.4dfp.img
       256       256       256         1
  1.000000  1.000000  1.000000
orientation T byte_order littleendian
Reading image: /opt/freesurfer/average/711-2C_as_mni_average_305.4dfp.img
dimensions:      256       256       256
mmppix:       1.0000   -1.0000   -1.0000
center:     128.0000 -129.0000 -129.0000
/opt/freesurfer/average/711-2B_as_mni_average_305_mask.4dfp.img
       256       256       256         1
  1.000000  1.000000  1.000000
orientation T byte_order littleendian
Reading mask: /opt/freesurfer/average/711-2B_as_mni_average_305_mask.4dfp.img (2306576 pixels)
talsrcimg_g11.4dfp.img
       256       256       256         1
  1.000000  1.000000  1.000000
orientation T byte_order littleendian
Reading image: talsrcimg_g11.4dfp.img
dimensions:      256       256       256
mmppix:       1.0000   -1.0000   -1.0000
center:     128.0000 -129.0000 -129.0000
fimgreg.f
image alignment mode   2311 decimal      907 hex
parameters
   -1.3113    1.3620  -14.6070   -5.4230  -11.1508   -6.4949
   -1.5911    0.1618    3.5887   10.1137   -0.0204  -11.0268
eta,q 0.97940  8.54744
niter,ni,del,rscale     5    3    5.0000    0.8000
parameters
   -1.3191    1.2936  -14.3591   -5.8611  -10.9558   -6.7551
   -1.6724    0.2150    3.8021   10.0540   -0.1145  -10.5864
eta,q 0.97937  8.53717
  0.0224  0.0217  0.0220  0.0219  0.0220  0.0230  0.0220  0.0236  0.0216  0.0221  0.0214  0.0214
  0.0214  0.0210  0.0213  0.0213  0.0212  0.0221  0.0213  0.0221  0.0211  0.0213  0.0210  0.0211
  0.0208  0.0207  0.0208  0.0208  0.0207  0.0212  0.0208  0.0210  0.0208  0.0208  0.0207  0.0208
  0.0206  0.0206  0.0206  0.0206  0.0206  0.0206  0.0206  0.0206  0.0206  0.0206  0.0206  0.0206
  0.0208  0.0208  0.0206  0.0208  0.0207  0.0208  0.0208  0.0210  0.0207  0.0208  0.0207  0.0207
  0.0214  0.0212  0.0208  0.0216  0.0211  0.0220  0.0213  0.0220  0.0210  0.0213  0.0210  0.0208
  0.0224  0.0219  0.0213  0.0227  0.0218  0.0242  0.0221  0.0235  0.0215  0.0222  0.0214  0.0212
niter,ni,del,rscale     4    3    5.0000    0.7000
parameters
   -1.2965    1.1770  -14.4260   -5.7872  -10.9225   -6.7453
   -1.7103    0.2571    3.8598    9.8436   -0.1104  -10.5647
eta,q 0.97939  8.53877
  0.0220  0.0214  0.0213  0.0219  0.0216  0.0227  0.0217  0.0230  0.0214  0.0217  0.0212  0.0212
  0.0213  0.0209  0.0209  0.0213  0.0211  0.0220  0.0211  0.0218  0.0209  0.0211  0.0209  0.0209
  0.0208  0.0207  0.0207  0.0209  0.0207  0.0212  0.0207  0.0209  0.0207  0.0207  0.0207  0.0207
  0.0206  0.0206  0.0206  0.0206  0.0206  0.0206  0.0206  0.0206  0.0206  0.0206  0.0206  0.0206
  0.0208  0.0208  0.0207  0.0207  0.0207  0.0207  0.0207  0.0209  0.0207  0.0208  0.0207  0.0207
  0.0212  0.0211  0.0210  0.0211  0.0210  0.0215  0.0211  0.0217  0.0209  0.0212  0.0209  0.0208
  0.0219  0.0217  0.0215  0.0219  0.0216  0.0232  0.0218  0.0229  0.0213  0.0219  0.0212  0.0212
niter,ni,del,rscale     3    3    5.0000    0.6000
parameters
   -1.2893    1.1526  -14.4199   -5.6899  -10.8954   -6.5573
   -1.7197    0.2630    3.8855    9.7446   -0.1621  -10.6655
eta,q 0.97943  8.54637
  0.0216  0.0212  0.0212  0.0216  0.0214  0.0224  0.0214  0.0224  0.0211  0.0214  0.0210  0.0210
  0.0211  0.0209  0.0209  0.0212  0.0209  0.0217  0.0210  0.0214  0.0208  0.0210  0.0208  0.0208
  0.0207  0.0207  0.0207  0.0208  0.0207  0.0211  0.0207  0.0208  0.0206  0.0207  0.0206  0.0206
  0.0206  0.0206  0.0206  0.0206  0.0206  0.0206  0.0206  0.0206  0.0206  0.0206  0.0206  0.0206
  0.0207  0.0207  0.0207  0.0207  0.0207  0.0206  0.0207  0.0208  0.0206  0.0207  0.0206  0.0206
  0.0211  0.0209  0.0209  0.0210  0.0209  0.0212  0.0209  0.0214  0.0208  0.0210  0.0208  0.0208
  0.0216  0.0213  0.0212  0.0216  0.0213  0.0223  0.0214  0.0224  0.0211  0.0215  0.0210  0.0210
niter,ni,del,rscale     2    3    5.0000    0.5000
parameters
   -1.2957    1.1415  -14.3469   -5.6400  -10.9157   -6.3088
   -1.7158    0.2587    3.9044    9.6739   -0.2197  -10.7447
eta,q 0.97947  8.55331
  0.0213  0.0210  0.0210  0.0213  0.0211  0.0220  0.0211  0.0218  0.0209  0.0211  0.0209  0.0208
  0.0209  0.0208  0.0208  0.0210  0.0208  0.0214  0.0208  0.0211  0.0207  0.0208  0.0207  0.0207
  0.0207  0.0206  0.0206  0.0207  0.0206  0.0209  0.0206  0.0207  0.0206  0.0206  0.0206  0.0206
  0.0206  0.0206  0.0206  0.0206  0.0206  0.0206  0.0205  0.0205  0.0205  0.0205  0.0205  0.0205
  0.0207  0.0206  0.0206  0.0206  0.0206  0.0206  0.0206  0.0207  0.0206  0.0206  0.0206  0.0206
  0.0209  0.0208  0.0207  0.0209  0.0208  0.0210  0.0208  0.0211  0.0207  0.0208  0.0207  0.0207
  0.0213  0.0210  0.0209  0.0213  0.0211  0.0218  0.0211  0.0218  0.0209  0.0212  0.0209  0.0208
niter,ni,del,rscale     1    3    5.0000    0.4000
parameters
   -1.3031    1.1264  -14.2499   -5.6301  -10.9553   -6.0788
   -1.6947    0.2552    3.9237    9.6255   -0.2959  -10.7493
eta,q 0.97950  8.55818
  0.0210  0.0208  0.0209  0.0210  0.0208  0.0216  0.0209  0.0214  0.0208  0.0209  0.0207  0.0207
  0.0207  0.0207  0.0207  0.0208  0.0207  0.0211  0.0207  0.0209  0.0206  0.0207  0.0206  0.0206
  0.0206  0.0206  0.0206  0.0206  0.0206  0.0208  0.0206  0.0206  0.0205  0.0205  0.0205  0.0205
  0.0205  0.0205  0.0205  0.0205  0.0205  0.0205  0.0205  0.0205  0.0205  0.0205  0.0205  0.0205
  0.0206  0.0206  0.0205  0.0206  0.0206  0.0205  0.0205  0.0206  0.0205  0.0205  0.0205  0.0205
  0.0207  0.0207  0.0206  0.0208  0.0207  0.0208  0.0207  0.0209  0.0206  0.0207  0.0206  0.0206
  0.0210  0.0208  0.0207  0.0210  0.0209  0.0213  0.0209  0.0214  0.0207  0.0209  0.0207  0.0207
registration optimization eta report
parameter search radius
    0.8000    0.8000    0.8000    2.4000    2.4000    2.4000
    2.4000    2.4000    2.4000    2.4000    2.4000    2.4000
100000*second partial in parameter space
       73.       46.       43.        9.        6.       16.
        7.       15.        4.        7.        4.        3.
  0.0210  0.0208  0.0209  0.0210  0.0208  0.0216  0.0209  0.0214  0.0208  0.0209  0.0207  0.0207
  0.0207  0.0207  0.0207  0.0208  0.0207  0.0211  0.0207  0.0209  0.0206  0.0207  0.0206  0.0206
  0.0206  0.0206  0.0206  0.0206  0.0206  0.0208  0.0206  0.0206  0.0205  0.0205  0.0205  0.0205
  0.0205  0.0205  0.0205  0.0205  0.0205  0.0205  0.0205  0.0205  0.0205  0.0205  0.0205  0.0205
  0.0206  0.0206  0.0205  0.0206  0.0206  0.0205  0.0205  0.0206  0.0205  0.0205  0.0205  0.0205
  0.0207  0.0207  0.0206  0.0208  0.0207  0.0208  0.0207  0.0209  0.0206  0.0207  0.0206  0.0206
  0.0210  0.0208  0.0207  0.0210  0.0209  0.0213  0.0209  0.0214  0.0207  0.0209  0.0207  0.0207
   -1.3031    1.1264  -14.2499   -5.6301  -10.9553   -6.0788
   -1.6947    0.2552    3.9237    9.6255   -0.2959  -10.7493
eta,q 0.97950  8.55818

---------------------------------------------------------------------
compute_vox2vox talsrcimg talsrcimg_to_711-2C_as_mni_average_305_t4 /opt/freesurfer/average/711-2C_as_mni_average_305
---------------------------------------------------------------------

freesurfer compute_vox2vox.c
Reading: talsrcimg.4dfp.ifh
Reading: talsrcimg_to_711-2C_as_mni_average_305_t4
Reading: /opt/freesurfer/average/711-2C_as_mni_average_305.4dfp.ifh
Writing: talsrcimg_to_711-2C_as_mni_average_305_t4_vox2vox.txt

start time Thu Mar 12 23:26:34 CET 2026
end		time Thu Mar 12 23:28:01 CET 2026

mpr2mni305 success

avi2talxfm orig_nu.mgz /opt/freesurfer/average/mni305.cor.mgz talsrcimg_to_711-2C_as_mni_average_305_t4_vox2vox.txt transforms/talairach.auto.xfm
avi2talxfm done
mv -f /out/sourcedata/freesurfer/sub-v2s3x28746_ses-1/mri/talsrcimg_to_711-2C_as_mni_average_305_t4_vox2vox.txt /out/sourcedata/freesurfer/sub-v2s3x28746_ses-1/mri/transforms/talsrcimg_to_711-2C_as_mni_average_305_t4_vox2vox.txt
lta_convert --src orig_nu.mgz --trg /opt/freesurfer/average/mni305.cor.mgz --inxfm transforms/talairach.auto.xfm --outlta transforms/talairach.auto.xfm.lta --subject fsaverage
7.3.2

--src: orig_nu.mgz src image (geometry).
--trg: /opt/freesurfer/average/mni305.cor.mgz trg image (geometry).
--inmni: transforms/talairach.auto.xfm input MNI/XFM transform.
--outlta: transforms/talairach.auto.xfm.lta output LTA.
--s: fsaverage subject name
 LTA read, type : 1
 1.05883  -0.00488   0.01956   3.76132;
-0.00198   1.05172   0.12692   17.70731;
-0.04644  -0.11347   1.10845  -20.16191;
 0.00000   0.00000   0.00000   1.00000;
setting subject to fsaverage
Writing  LTA to file transforms/talairach.auto.xfm.lta...
lta_convert successful.
 
 
Started at Thu Mar 12 23:26:33 CET 2026
Ended   at Thu Mar 12 23:28:01 CET 2026
talairach_avi done
