status file for recon-all
Fri Mar 13 05:14:55 CET 2026
#@# Tessellate lh Fri Mar 13 05:14:55 CET 2026
#@# Smooth1 lh Fri Mar 13 05:14:58 CET 2026
#@# Inflation1 lh Fri Mar 13 05:15:01 CET 2026
#@# QSphere lh Fri Mar 13 05:15:14 CET 2026
#@# Fix Topology lh Fri Mar 13 05:16:28 CET 2026
#@# Smooth2 lh Fri Mar 13 05:21:42 CET 2026
#@# Inflation2 lh Fri Mar 13 05:21:45 CET 2026
#@# Curv .H and .K lh Fri Mar 13 05:21:58 CET 2026
#@# Sphere lh Fri Mar 13 05:22:43 CET 2026
#@# Surf Reg lh Fri Mar 13 05:24:14 CET 2026
#@# Jacobian white lh Fri Mar 13 05:28:15 CET 2026
#@# AvgCurv lh Fri Mar 13 05:28:16 CET 2026
#@# Cortical Parc lh Fri Mar 13 05:28:17 CET 2026
#@# white curv lh Fri Mar 13 05:34:35 CET 2026
#@# white area lh Fri Mar 13 05:34:37 CET 2026
#@# pial curv lh Fri Mar 13 05:34:38 CET 2026
#@# pial area lh Fri Mar 13 05:34:39 CET 2026
#@# thickness lh Fri Mar 13 05:34:40 CET 2026
#@# area and vertex vol lh Fri Mar 13 05:35:07 CET 2026
#@# Curvature Stats lh Fri Mar 13 05:35:08 CET 2026
#@# Cortical Parc 2 lh Fri Mar 13 05:35:11 CET 2026
#@# Cortical Parc 3 lh Fri Mar 13 05:35:24 CET 2026
#@# WM/GM Contrast lh Fri Mar 13 05:35:34 CET 2026
recon-all -s sub-v2s3x28842_ses-1 finished without error at Fri Mar 13 05:35:37 CET 2026



#New# invocation of recon-all 



status file for recon-all
Fri Mar 13 06:04:47 CET 2026
#@# white curv lh Fri Mar 13 06:04:47 CET 2026
#@# white area lh Fri Mar 13 06:04:47 CET 2026
#@# pial curv lh Fri Mar 13 06:04:47 CET 2026
#@# pial area lh Fri Mar 13 06:04:47 CET 2026
#@# thickness lh Fri Mar 13 06:04:47 CET 2026
#@# area and vertex vol lh Fri Mar 13 06:04:47 CET 2026
#@# Parcellation Stats lh Fri Mar 13 06:04:47 CET 2026
#@# Parcellation Stats 2 lh Fri Mar 13 06:05:05 CET 2026
#@# Parcellation Stats 3 lh Fri Mar 13 06:05:14 CET 2026
#@# BA_exvivo Labels lh Fri Mar 13 06:05:23 CET 2026
recon-all -s sub-v2s3x28842_ses-1 finished without error at Fri Mar 13 06:08:04 CET 2026
