status file for recon-all
Fri Mar 13 03:25:57 CET 2026
#@# MotionCor Fri Mar 13 03:25:59 CET 2026
#@# Talairach Fri Mar 13 03:26:07 CET 2026
#@# Talairach Failure Detection Fri Mar 13 03:30:29 CET 2026
#@# Nu Intensity Correction Fri Mar 13 03:30:29 CET 2026
#@# Intensity Normalization Fri Mar 13 03:33:45 CET 2026
recon-all -s sub-v2s3x28842_ses-1 finished without error at Fri Mar 13 03:35:21 CET 2026



#New# invocation of recon-all 



status file for recon-all
Fri Mar 13 03:43:08 CET 2026
#@# EM Registration Fri Mar 13 03:43:08 CET 2026
recon-all -s sub-v2s3x28842_ses-1 finished without error at Fri Mar 13 03:45:20 CET 2026



#New# invocation of recon-all 



status file for recon-all
Fri Mar 13 03:45:24 CET 2026
#@# CA Normalize Fri Mar 13 03:45:24 CET 2026
#@# CA Reg Fri Mar 13 03:46:47 CET 2026
#@# SubCort Seg Fri Mar 13 04:40:48 CET 2026
#@# CC Seg Fri Mar 13 05:08:54 CET 2026
#@# Merge ASeg Fri Mar 13 05:09:27 CET 2026
#@# Intensity Normalization2 Fri Mar 13 05:09:27 CET 2026
#@# Mask BFS Fri Mar 13 05:11:52 CET 2026
#@# WM Segmentation Fri Mar 13 05:11:52 CET 2026
#@# Fill Fri Mar 13 05:13:45 CET 2026
recon-all -s sub-v2s3x28842_ses-1 finished without error at Fri Mar 13 05:14:50 CET 2026



#New# invocation of recon-all 



status file for recon-all
Fri Mar 13 06:00:19 CET 2026
#@# white curv lh Fri Mar 13 06:00:19 CET 2026
#@# white area lh Fri Mar 13 06:00:19 CET 2026
#@# pial curv lh Fri Mar 13 06:00:19 CET 2026
#@# pial area lh Fri Mar 13 06:00:19 CET 2026
#@# thickness lh Fri Mar 13 06:00:19 CET 2026
#@# area and vertex vol lh Fri Mar 13 06:00:19 CET 2026
#@# white curv rh Fri Mar 13 06:00:19 CET 2026
#@# white area rh Fri Mar 13 06:00:19 CET 2026
#@# pial curv rh Fri Mar 13 06:00:19 CET 2026
#@# pial area rh Fri Mar 13 06:00:19 CET 2026
#@# thickness rh Fri Mar 13 06:00:19 CET 2026
#@# area and vertex vol rh Fri Mar 13 06:00:19 CET 2026
#@# Cortical ribbon mask Fri Mar 13 06:00:19 CET 2026
recon-all -s sub-v2s3x28842_ses-1 finished without error at Fri Mar 13 06:04:43 CET 2026



#New# invocation of recon-all 



status file for recon-all
Fri Mar 13 06:11:33 CET 2026
#@# white curv lh Fri Mar 13 06:11:33 CET 2026
#@# white area lh Fri Mar 13 06:11:33 CET 2026
#@# pial curv lh Fri Mar 13 06:11:33 CET 2026
#@# pial area lh Fri Mar 13 06:11:33 CET 2026
#@# thickness lh Fri Mar 13 06:11:33 CET 2026
#@# area and vertex vol lh Fri Mar 13 06:11:33 CET 2026
#@# white curv rh Fri Mar 13 06:11:33 CET 2026
#@# white area rh Fri Mar 13 06:11:33 CET 2026
#@# pial curv rh Fri Mar 13 06:11:33 CET 2026
#@# pial area rh Fri Mar 13 06:11:33 CET 2026
#@# thickness rh Fri Mar 13 06:11:33 CET 2026
#@# area and vertex vol rh Fri Mar 13 06:11:33 CET 2026
#@# Curvature Stats lh Fri Mar 13 06:11:33 CET 2026
#@# Curvature Stats rh Fri Mar 13 06:11:36 CET 2026
#@# Relabel Hypointensities Fri Mar 13 06:11:39 CET 2026
#@# APas-to-ASeg Fri Mar 13 06:11:55 CET 2026
#@# AParc-to-ASeg aparc Fri Mar 13 06:12:05 CET 2026
#@# AParc-to-ASeg aparc.a2009s Fri Mar 13 06:12:49 CET 2026
#@# AParc-to-ASeg aparc.DKTatlas Fri Mar 13 06:13:33 CET 2026
#@# WMParc Fri Mar 13 06:14:21 CET 2026
#@# ASeg Stats Fri Mar 13 06:18:31 CET 2026
recon-all -s sub-v2s3x28842_ses-1 finished without error at Fri Mar 13 06:19:13 CET 2026
