status file for recon-all
Fri Mar 13 01:20:48 CET 2026
#@# Tessellate lh Fri Mar 13 01:20:48 CET 2026
#@# Smooth1 lh Fri Mar 13 01:20:52 CET 2026
#@# Inflation1 lh Fri Mar 13 01:20:54 CET 2026
#@# QSphere lh Fri Mar 13 01:21:06 CET 2026
#@# Fix Topology lh Fri Mar 13 01:21:58 CET 2026
#@# Smooth2 lh Fri Mar 13 01:26:56 CET 2026
#@# Inflation2 lh Fri Mar 13 01:26:58 CET 2026
#@# Curv .H and .K lh Fri Mar 13 01:27:11 CET 2026
#@# Sphere lh Fri Mar 13 01:27:52 CET 2026
#@# Surf Reg lh Fri Mar 13 01:30:55 CET 2026
#@# Jacobian white lh Fri Mar 13 01:34:02 CET 2026
#@# AvgCurv lh Fri Mar 13 01:34:02 CET 2026
#@# Cortical Parc lh Fri Mar 13 01:34:03 CET 2026
#@# white curv lh Fri Mar 13 01:40:00 CET 2026
#@# white area lh Fri Mar 13 01:40:02 CET 2026
#@# pial curv lh Fri Mar 13 01:40:02 CET 2026
#@# pial area lh Fri Mar 13 01:40:04 CET 2026
#@# thickness lh Fri Mar 13 01:40:04 CET 2026
#@# area and vertex vol lh Fri Mar 13 01:40:30 CET 2026
#@# Curvature Stats lh Fri Mar 13 01:40:31 CET 2026
#@# Cortical Parc 2 lh Fri Mar 13 01:40:33 CET 2026
#@# Cortical Parc 3 lh Fri Mar 13 01:40:45 CET 2026
#@# WM/GM Contrast lh Fri Mar 13 01:40:54 CET 2026
recon-all -s sub-v2s3x28784_ses-1 finished without error at Fri Mar 13 01:40:57 CET 2026



#New# invocation of recon-all 



status file for recon-all
Fri Mar 13 02:07:21 CET 2026
#@# white curv lh Fri Mar 13 02:07:21 CET 2026
#@# white area lh Fri Mar 13 02:07:21 CET 2026
#@# pial curv lh Fri Mar 13 02:07:21 CET 2026
#@# pial area lh Fri Mar 13 02:07:21 CET 2026
#@# thickness lh Fri Mar 13 02:07:21 CET 2026
#@# area and vertex vol lh Fri Mar 13 02:07:21 CET 2026
#@# Parcellation Stats lh Fri Mar 13 02:07:21 CET 2026
#@# Parcellation Stats 2 lh Fri Mar 13 02:07:36 CET 2026
#@# Parcellation Stats 3 lh Fri Mar 13 02:07:43 CET 2026
#@# BA_exvivo Labels lh Fri Mar 13 02:07:51 CET 2026
recon-all -s sub-v2s3x28784_ses-1 finished without error at Fri Mar 13 02:10:08 CET 2026
