status file for recon-all
Thu Mar 12 23:42:24 CET 2026
#@# MotionCor Thu Mar 12 23:42:26 CET 2026
#@# Talairach Thu Mar 12 23:42:34 CET 2026
#@# Talairach Failure Detection Thu Mar 12 23:46:57 CET 2026
#@# Nu Intensity Correction Thu Mar 12 23:46:57 CET 2026
#@# Intensity Normalization Thu Mar 12 23:50:13 CET 2026
recon-all -s sub-v2s3x28784_ses-1 finished without error at Thu Mar 12 23:51:38 CET 2026



#New# invocation of recon-all 



status file for recon-all
Thu Mar 12 23:59:27 CET 2026
#@# EM Registration Thu Mar 12 23:59:27 CET 2026
recon-all -s sub-v2s3x28784_ses-1 finished without error at Fri Mar 13 00:01:37 CET 2026



#New# invocation of recon-all 



status file for recon-all
Fri Mar 13 00:01:42 CET 2026
#@# CA Normalize Fri Mar 13 00:01:42 CET 2026
#@# CA Reg Fri Mar 13 00:03:02 CET 2026
#@# SubCort Seg Fri Mar 13 00:49:11 CET 2026
#@# CC Seg Fri Mar 13 01:15:05 CET 2026
#@# Merge ASeg Fri Mar 13 01:15:40 CET 2026
#@# Intensity Normalization2 Fri Mar 13 01:15:40 CET 2026
#@# Mask BFS Fri Mar 13 01:17:49 CET 2026
#@# WM Segmentation Fri Mar 13 01:17:50 CET 2026
#@# Fill Fri Mar 13 01:19:42 CET 2026
recon-all -s sub-v2s3x28784_ses-1 finished without error at Fri Mar 13 01:20:43 CET 2026



#New# invocation of recon-all 



status file for recon-all
Fri Mar 13 02:02:11 CET 2026
#@# white curv lh Fri Mar 13 02:02:11 CET 2026
#@# white area lh Fri Mar 13 02:02:11 CET 2026
#@# pial curv lh Fri Mar 13 02:02:11 CET 2026
#@# pial area lh Fri Mar 13 02:02:11 CET 2026
#@# thickness lh Fri Mar 13 02:02:11 CET 2026
#@# area and vertex vol lh Fri Mar 13 02:02:11 CET 2026
#@# white curv rh Fri Mar 13 02:02:11 CET 2026
#@# white area rh Fri Mar 13 02:02:11 CET 2026
#@# pial curv rh Fri Mar 13 02:02:11 CET 2026
#@# pial area rh Fri Mar 13 02:02:11 CET 2026
#@# thickness rh Fri Mar 13 02:02:11 CET 2026
#@# area and vertex vol rh Fri Mar 13 02:02:11 CET 2026
#@# Cortical ribbon mask Fri Mar 13 02:02:11 CET 2026
recon-all -s sub-v2s3x28784_ses-1 finished without error at Fri Mar 13 02:07:17 CET 2026



#New# invocation of recon-all 



status file for recon-all
Fri Mar 13 02:13:04 CET 2026
#@# white curv lh Fri Mar 13 02:13:04 CET 2026
#@# white area lh Fri Mar 13 02:13:04 CET 2026
#@# pial curv lh Fri Mar 13 02:13:04 CET 2026
#@# pial area lh Fri Mar 13 02:13:04 CET 2026
#@# thickness lh Fri Mar 13 02:13:04 CET 2026
#@# area and vertex vol lh Fri Mar 13 02:13:04 CET 2026
#@# white curv rh Fri Mar 13 02:13:04 CET 2026
#@# white area rh Fri Mar 13 02:13:04 CET 2026
#@# pial curv rh Fri Mar 13 02:13:04 CET 2026
#@# pial area rh Fri Mar 13 02:13:04 CET 2026
#@# thickness rh Fri Mar 13 02:13:04 CET 2026
#@# area and vertex vol rh Fri Mar 13 02:13:04 CET 2026
#@# Curvature Stats lh Fri Mar 13 02:13:04 CET 2026
#@# Curvature Stats rh Fri Mar 13 02:13:06 CET 2026
#@# Relabel Hypointensities Fri Mar 13 02:13:09 CET 2026
#@# APas-to-ASeg Fri Mar 13 02:13:23 CET 2026
#@# AParc-to-ASeg aparc Fri Mar 13 02:13:30 CET 2026
#@# AParc-to-ASeg aparc.a2009s Fri Mar 13 02:14:08 CET 2026
#@# AParc-to-ASeg aparc.DKTatlas Fri Mar 13 02:14:50 CET 2026
#@# WMParc Fri Mar 13 02:15:30 CET 2026
#@# ASeg Stats Fri Mar 13 02:19:17 CET 2026
recon-all -s sub-v2s3x28784_ses-1 finished without error at Fri Mar 13 02:19:56 CET 2026
