/out/sourcedata/freesurfer/sub-v2s3x28744_ses-1/mri
/opt/freesurfer/bin/talairach_avi
--i orig_nu.mgz --xfm transforms/talairach.auto.xfm
talairach_avi 7.3.2
Linux dna003 5.14.0-427.37.1.el9_4.x86_64 #1 SMP PREEMPT_DYNAMIC Fri Sep 13 12:41:50 EDT 2024 x86_64 x86_64 x86_64 GNU/Linux
Thu Mar 12 23:20:16 CET 2026
mri_convert orig_nu.mgz talsrcimg.img 
reading from orig_nu.mgz...
TR=0.00, TE=0.00, TI=0.00, flip angle=0.00
i_ras = (-1, 0, 0)
j_ras = (0, 0, -1)
k_ras = (0, 1, 0)
writing to talsrcimg.img...
Analyze Output Matrix
-1.00000   0.00000   0.00000   146.87756;
 0.00000   0.00000   1.00000  -130.99304;
 0.00000  -1.00000   0.00000   143.68521;
 0.00000   0.00000   0.00000   1.00000;
--------------------
INFO: set hdr.hist.orient to -1
mpr2mni305 talsrcimg
Thu Mar 12 23:20:17 CET 2026
/opt/freesurfer/bin/mpr2mni305 talsrcimg
mpr2mni305 7.3.2
target=711-2C_as_mni_average_305

---------------------------------------------------------------------
analyzeto4dfp talsrcimg -O0 -y
---------------------------------------------------------------------

freesurfer ifh2hdr.c
Thu Mar 12 23:20:17 2026
Writing: talsrcimg.4dfp.hdr
freesurfer analyzeto4dfp.c
Reading: talsrcimg.hdr
header size 348 bytes
hdr.dime.datatype	offset=70	value=2
hdr.dime.bitpix		offset=72	value=8
hdr.hist.orient		offset=252	value=-1
dimensionality     4
dimensions       256       256       256         1
Reading: talsrcimg.img
Writing: talsrcimg.4dfp.img
Writing: talsrcimg.4dfp.ifh
ifh2hdr talsrcimg -r0to249
ori=2

---------------------------------------------------------------------
gauss_4dfp talsrcimg 1.1
---------------------------------------------------------------------

freesurfer gauss_4dfp.c
Reading: talsrcimg.4dfp.img
Writing: talsrcimg_g11.4dfp.img
image dimensions 256 256 256 padded to 288 288 288
processing volume 1freesurfer ifh2hdr.c
Thu Mar 12 23:20:18 2026
Writing: talsrcimg_g11.4dfp.hdr

Writing: talsrcimg_g11.4dfp.ifh
including: talsrcimg.4dfp.img.rec in talsrcimg_g11.4dfp.img.rec

---------------------------------------------------------------------
imgreg_4dfp /opt/freesurfer/average/711-2C_as_mni_average_305 none talsrcimg_g11 none talsrcimg_to_711-2C_as_mni_average_305_t4 4355
---------------------------------------------------------------------

freesurfer imgreg_4dfp.c
/opt/freesurfer/average/711-2C_as_mni_average_305.4dfp.img
       256       256       256         1
  1.000000  1.000000  1.000000
orientation T byte_order littleendian
Reading image: /opt/freesurfer/average/711-2C_as_mni_average_305.4dfp.img
dimensions:      256       256       256
mmppix:       1.0000   -1.0000   -1.0000
center:     128.0000 -129.0000 -129.0000
talsrcimg_g11.4dfp.img
       256       256       256         1
  1.000000  1.000000  1.000000
orientation T byte_order littleendian
Reading image: talsrcimg_g11.4dfp.img
dimensions:      256       256       256
mmppix:       1.0000   -1.0000   -1.0000
center:     128.0000 -129.0000 -129.0000
t4_read: open error in t4_sub.f l:  41 t4_file(1:l)talsrcimg_to_711-2C_as_mni_average_305_t4 
t4_read: transform initialized to I4
rotation matrix determinant  1.000000
image alignment mode   4355 decimal     1103 hex
   -7.5000  -45.0000  -45.0000 8206.3066   12.8068
    0.0000  -45.0000  -45.0000 8502.6562   12.7977
    7.5000  -45.0000  -45.0000 8105.0459   12.7962
   -7.5000  -37.5000  -45.0000 8885.5244   12.7521
    0.0000  -37.5000  -45.0000 9207.6611   12.7386
    7.5000  -37.5000  -45.0000 8753.2168   12.7388
   -7.5000  -30.0000  -45.0000 9859.5430   12.7412
    0.0000  -30.0000  -45.000010251.0283   12.7293
    7.5000  -30.0000  -45.0000 9734.7725   12.7311
   -7.5000  -22.5000  -45.000010763.8320   12.7647
    0.0000  -22.5000  -45.000011201.1123   12.7591
    7.5000  -22.5000  -45.000010644.3555   12.7606
   -7.5000  -15.0000  -45.000011542.0869   12.7769
    0.0000  -15.0000  -45.000012009.4414   12.7741
    7.5000  -15.0000  -45.000011411.1152   12.7734
   -7.5000   -7.5000  -45.000012259.4785   12.7585
    0.0000   -7.5000  -45.000012759.9385   12.7542
    7.5000   -7.5000  -45.000012120.7061   12.7518
   -7.5000    0.0000  -45.000012897.9121   12.7316
    0.0000    0.0000  -45.000013429.4697   12.7228
    7.5000    0.0000  -45.000012760.2793   12.7210
   -7.5000    7.5000  -45.000012590.9102   12.7231
    0.0000    7.5000  -45.000013112.5566   12.7097
    7.5000    7.5000  -45.000012465.2109   12.7098
   -7.5000   15.0000  -45.000012136.0566   12.7380
    0.0000   15.0000  -45.000012630.3730   12.7261
    7.5000   15.0000  -45.000011991.3389   12.7279
   -7.5000   22.5000  -45.000011688.0195   12.7630
    0.0000   22.5000  -45.000012142.2441   12.7573
    7.5000   22.5000  -45.000011510.1943   12.7589
   -7.5000   30.0000  -45.000010871.5107   12.6066
    0.0000   30.0000  -45.000011306.0166   12.6039
    7.5000   30.0000  -45.000010719.1455   12.6032
   -7.5000   37.5000  -45.000010334.3574   12.5885
    0.0000   37.5000  -45.000010728.8486   12.5843
    7.5000   37.5000  -45.000010167.6182   12.5819
   -7.5000   45.0000  -45.0000 9418.0508   12.2429
    0.0000   45.0000  -45.0000 9803.8564   12.2345
    7.5000   45.0000  -45.0000 9269.5225   12.2328
   -7.5000  -45.0000  -37.5000 8659.2891   12.8348
    0.0000  -45.0000  -37.5000 9010.7607   12.8258
    7.5000  -45.0000  -37.5000 8573.6455   12.8255
   -7.5000  -37.5000  -37.5000 9351.3662   12.7813
    0.0000  -37.5000  -37.5000 9725.3770   12.7685
    7.5000  -37.5000  -37.5000 9236.3506   12.7698
   -7.5000  -30.0000  -37.500010380.4922   12.7741
    0.0000  -30.0000  -37.500010807.6064   12.7616
    7.5000  -30.0000  -37.500010254.3096   12.7650
   -7.5000  -22.5000  -37.500011320.7422   12.8007
    0.0000  -22.5000  -37.500011785.2139   12.7925
    7.5000  -22.5000  -37.500011207.1504   12.7967
   -7.5000  -15.0000  -37.500012119.8740   12.8105
    0.0000  -15.0000  -37.500012622.7227   12.8047
    7.5000  -15.0000  -37.500012008.5098   12.8073
   -7.5000   -7.5000  -37.500012872.9277   12.7877
    0.0000   -7.5000  -37.500013401.7227   12.7818
    7.5000   -7.5000  -37.500012743.3623   12.7818
   -7.5000    0.0000  -37.500013524.5850   12.7594
    0.0000    0.0000  -37.500014100.7500   12.7507
    7.5000    0.0000  -37.500013392.9014   12.7501
   -7.5000    7.5000  -37.500013180.3496   12.7522
    0.0000    7.5000  -37.500013735.4238   12.7396
    7.5000    7.5000  -37.500013055.6260   12.7407
   -7.5000   15.0000  -37.500012683.0908   12.7709
    0.0000   15.0000  -37.500013197.7129   12.7585
    7.5000   15.0000  -37.500012551.8008   12.7618
   -7.5000   22.5000  -37.500012159.5225   12.7990
    0.0000   22.5000  -37.500012648.5576   12.7908
    7.5000   22.5000  -37.500012004.0645   12.7949
   -7.5000   30.0000  -37.500011326.3584   12.6398
    0.0000   30.0000  -37.500011779.9883   12.6341
    7.5000   30.0000  -37.500011169.4287   12.6367
   -7.5000   37.5000  -37.500010737.3438   12.6173
    0.0000   37.5000  -37.500011175.6621   12.6114
    7.5000   37.5000  -37.500010597.3105   12.6115
   -7.5000   45.0000  -37.5000 9773.4043   12.2697
    0.0000   45.0000  -37.500010184.1035   12.2613
    7.5000   45.0000  -37.5000 9654.5947   12.2608
   -7.5000  -45.0000  -30.0000 9257.5762   13.3860
    0.0000  -45.0000  -30.0000 9658.3320   13.3728
    7.5000  -45.0000  -30.0000 9188.1240   13.3731
   -7.5000  -37.5000  -30.0000 9965.4258   13.3300
    0.0000  -37.5000  -30.000010404.1738   13.3141
    7.5000  -37.5000  -30.0000 9883.9189   13.3159
   -7.5000  -30.0000  -30.000011056.6953   13.3219
    0.0000  -30.0000  -30.000011541.4697   13.3063
    7.5000  -30.0000  -30.000010965.3682   13.3093
   -7.5000  -22.5000  -30.000012022.2852   13.3492
    0.0000  -22.5000  -30.000012556.5811   13.3367
    7.5000  -22.5000  -30.000011951.3574   13.3396
   -7.5000  -15.0000  -30.000012856.0645   13.3587
    0.0000  -15.0000  -30.000013441.8545   13.3475
    7.5000  -15.0000  -30.000012797.2012   13.3487
   -7.5000   -7.5000  -30.000013634.1055   13.3355
    0.0000   -7.5000  -30.000014266.8623   13.3242
    7.5000   -7.5000  -30.000013526.0957   13.3238
   -7.5000    0.0000  -30.000014316.5381   13.3072
    0.0000    0.0000  -30.000014991.9053   13.2945
    7.5000    0.0000  -30.000014200.0889   13.2945
   -7.5000    7.5000  -30.000013965.3457   13.2997
    0.0000    7.5000  -30.000014599.1787   13.2840
    7.5000    7.5000  -30.000013842.3154   13.2857
   -7.5000   15.0000  -30.000013435.8223   13.3185
    0.0000   15.0000  -30.000014028.2754   13.3029
    7.5000   15.0000  -30.000013298.4404   13.3059
   -7.5000   22.5000  -30.000012839.4580   13.3460
    0.0000   22.5000  -30.000013376.7236   13.3335
    7.5000   22.5000  -30.000012665.9404   13.3364
   -7.5000   30.0000  -30.000011943.4258   13.1820
    0.0000   30.0000  -30.000012431.3262   13.1709
    7.5000   30.0000  -30.000011776.0596   13.1721
   -7.5000   37.5000  -30.000011292.2930   13.1590
    0.0000   37.5000  -30.000011785.4590   13.1479
    7.5000   37.5000  -30.000011177.8105   13.1475
   -7.5000   45.0000  -30.000010287.4150   12.8059
    0.0000   45.0000  -30.000010737.0215   12.7936
    7.5000   45.0000  -30.000010178.6553   12.7936
   -7.5000  -45.0000  -22.5000 9853.1396   13.8312
    0.0000  -45.0000  -22.500010284.9756   13.8137
    7.5000  -45.0000  -22.5000 9770.2998   13.8137
   -7.5000  -37.5000  -22.500010585.9609   13.7713
    0.0000  -37.5000  -22.500011064.4277   13.7510
    7.5000  -37.5000  -22.500010515.5518   13.7524
   -7.5000  -30.0000  -22.500011710.5967   13.7573
    0.0000  -30.0000  -22.500012253.3496   13.7386
    7.5000  -30.0000  -22.500011641.0039   13.7393
   -7.5000  -22.5000  -22.500012707.8145   13.7816
    0.0000  -22.5000  -22.500013340.6699   13.7668
    7.5000  -22.5000  -22.500012676.1689   13.7652
   -7.5000  -15.0000  -22.500013581.1279   13.7940
    0.0000  -15.0000  -22.500014249.4795   13.7800
    7.5000  -15.0000  -22.500013535.2529   13.7760
   -7.5000   -7.5000  -22.500014340.8359   13.7761
    0.0000   -7.5000  -22.500015075.0674   13.7611
    7.5000   -7.5000  -22.500014285.4824   13.7579
   -7.5000    0.0000  -22.500015040.8359   13.7499
    0.0000    0.0000  -22.500015802.6855   13.7328
    7.5000    0.0000  -22.500014963.9912   13.7325
   -7.5000    7.5000  -22.500014698.9756   13.7400
    0.0000    7.5000  -22.500015408.5137   13.7199
    7.5000    7.5000  -22.500014592.2158   13.7212
   -7.5000   15.0000  -22.500014124.3184   13.7537
    0.0000   15.0000  -22.500014801.6992   13.7351
    7.5000   15.0000  -22.500013982.3018   13.7357
   -7.5000   22.5000  -22.500013466.6748   13.7773
    0.0000   22.5000  -22.500014046.7051   13.7626
    7.5000   22.5000  -22.500013267.4785   13.7610
   -7.5000   30.0000  -22.500012516.0098   13.6135
    0.0000   30.0000  -22.500013047.2637   13.5998
    7.5000   30.0000  -22.500012330.2158   13.5958
   -7.5000   37.5000  -22.500011830.9834   13.5959
    0.0000   37.5000  -22.500012354.8438   13.5811
    7.5000   37.5000  -22.500011681.1982   13.5779
   -7.5000   45.0000  -22.500010770.8662   13.2418
    0.0000   45.0000  -22.500011253.7881   13.2254
    7.5000   45.0000  -22.500010641.1436   13.2251
   -7.5000  -45.0000  -15.000010432.9375   14.1359
    0.0000  -45.0000  -15.000010901.1113   14.1171
    7.5000  -45.0000  -15.000010380.3320   14.1157
   -7.5000  -37.5000  -15.000011191.8701   14.0716
    0.0000  -37.5000  -15.000011712.6719   14.0500
    7.5000  -37.5000  -15.000011165.6777   14.0503
   -7.5000  -30.0000  -15.000012334.4170   14.0521
    0.0000  -30.0000  -15.000012907.3174   14.0338
    7.5000  -30.0000  -15.000012313.3809   14.0328
   -7.5000  -22.5000  -15.000013373.6123   14.0735
    0.0000  -22.5000  -15.000014012.3730   14.0611
    7.5000  -22.5000  -15.000013364.8457   14.0567
   -7.5000  -15.0000  -15.000014288.6357   14.0900
    0.0000  -15.0000  -15.000014987.5088   14.0784
    7.5000  -15.0000  -15.000014279.0840   14.0706
   -7.5000   -7.5000  -15.000015060.6191   14.0781
    0.0000   -7.5000  -15.000015849.1689   14.0635
    7.5000   -7.5000  -15.000015049.0244   14.0574
   -7.5000    0.0000  -15.000015780.3447   14.0528
    0.0000    0.0000  -15.000016577.9609   14.0345
    7.5000    0.0000  -15.000015746.7148   14.0328
   -7.5000    7.5000  -15.000015397.3740   14.0396
    0.0000    7.5000  -15.000016147.4277   14.0182
    7.5000    7.5000  -15.000015347.7129   14.0185
   -7.5000   15.0000  -15.000014766.0215   14.0484
    0.0000   15.0000  -15.000015474.4150   14.0301
    7.5000   15.0000  -15.000014669.7686   14.0292
   -7.5000   22.5000  -15.000014009.7656   14.0685
    0.0000   22.5000  -15.000014610.9941   14.0562
    7.5000   22.5000  -15.000013831.9307   14.0517
   -7.5000   30.0000  -15.000013001.7383   13.9077
    0.0000   30.0000  -15.000013563.0518   13.8962
    7.5000   30.0000  -15.000012841.3057   13.8885
   -7.5000   37.5000  -15.000012290.8701   13.8959
    0.0000   37.5000  -15.000012845.8232   13.8815
    7.5000   37.5000  -15.000012154.9902   13.8754
   -7.5000   45.0000  -15.000011207.5889   13.5417
    0.0000   45.0000  -15.000011733.9922   13.5241
    7.5000   45.0000  -15.000011090.6348   13.5224
   -7.5000  -45.0000   -7.500011006.6572   14.2888
    0.0000  -45.0000   -7.500011467.5840   14.2740
    7.5000  -45.0000   -7.500010960.9346   14.2714
   -7.5000  -37.5000   -7.500011806.2139   14.2246
    0.0000  -37.5000   -7.500012309.9014   14.2058
    7.5000  -37.5000   -7.500011781.2285   14.2054
   -7.5000  -30.0000   -7.500012962.6807   14.2063
    0.0000  -30.0000   -7.500013535.6650   14.1911
    7.5000  -30.0000   -7.500012973.2148   14.1908
   -7.5000  -22.5000   -7.500014025.7461   14.2288
    0.0000  -22.5000   -7.500014637.2998   14.2209
    7.5000  -22.5000   -7.500014063.3262   14.2183
   -7.5000  -15.0000   -7.500015028.4961   14.2456
    0.0000  -15.0000   -7.500015735.4258   14.2397
    7.5000  -15.0000   -7.500015078.8965   14.2334
   -7.5000   -7.5000   -7.500015933.8389   14.2321
    0.0000   -7.5000   -7.500016725.4453   14.2229
    7.5000   -7.5000   -7.500015961.0381   14.2167
   -7.5000    0.0000   -7.500016674.4688   14.2049
    0.0000    0.0000   -7.500017412.4785   14.1904
    7.5000    0.0000   -7.500016680.3652   14.1876
   -7.5000    7.5000   -7.500016241.3662   14.1923
    0.0000    7.5000   -7.500016922.3613   14.1737
    7.5000    7.5000   -7.500016234.6396   14.1732
   -7.5000   15.0000   -7.500015492.2236   14.2027
    0.0000   15.0000   -7.500016143.4326   14.1875
    7.5000   15.0000   -7.500015469.6445   14.1872
   -7.5000   22.5000   -7.500014574.7295   14.2222
    0.0000   22.5000   -7.500015170.9873   14.2144
    7.5000   22.5000   -7.500014490.9971   14.2117
   -7.5000   30.0000   -7.500013529.1904   14.0609
    0.0000   30.0000   -7.500014106.5713   14.0550
    7.5000   30.0000   -7.500013418.0244   14.0488
   -7.5000   37.5000   -7.500012811.1230   14.0476
    0.0000   37.5000   -7.500013376.3760   14.0384
    7.5000   37.5000   -7.500012701.9404   14.0324
   -7.5000   45.0000   -7.500011704.2734   13.6908
    0.0000   45.0000   -7.500012218.5820   13.6769
    7.5000   45.0000   -7.500011574.7930   13.6741
   -7.5000  -45.0000    0.000011443.6865   14.3283
    0.0000  -45.0000    0.000011914.3486   14.3181
    7.5000  -45.0000    0.000011387.3896   14.3164
   -7.5000  -37.5000    0.000012259.9922   14.2670
    0.0000  -37.5000    0.000012760.7939   14.2519
    7.5000  -37.5000    0.000012220.9434   14.2521
   -7.5000  -30.0000    0.000013456.2012   14.2548
    0.0000  -30.0000    0.000013981.9248   14.2414
    7.5000  -30.0000    0.000013435.0625   14.2433
   -7.5000  -22.5000    0.000014544.3213   14.2811
    0.0000  -22.5000    0.000015110.3232   14.2748
    7.5000  -22.5000    0.000014586.3271   14.2764
   -7.5000  -15.0000    0.000015534.8379   14.2949
    0.0000  -15.0000    0.000016202.7812   14.2918
    7.5000  -15.0000    0.000015612.6260   14.2909
   -7.5000   -7.5000    0.000016527.3555   14.2744
    0.0000   -7.5000    0.000017171.4805   14.2696
    7.5000   -7.5000    0.000016498.3750   14.2669
   -7.5000    0.0000    0.000017348.5312   14.2442
    0.0000    0.0000    0.000018014.3574   14.2343
    7.5000    0.0000    0.000017265.6582   14.2323
   -7.5000    7.5000    0.000016843.3145   14.2346
    0.0000    7.5000    0.000017514.9434   14.2196
    7.5000    7.5000    0.000016830.5156   14.2197
   -7.5000   15.0000    0.000016058.7764   14.2512
    0.0000   15.0000    0.000016687.4902   14.2379
    7.5000   15.0000    0.000016042.0273   14.2397
   -7.5000   22.5000    0.000015065.0400   14.2746
    0.0000   22.5000    0.000015610.5459   14.2683
    7.5000   22.5000    0.000014975.2725   14.2699
   -7.5000   30.0000    0.000013991.9922   14.1099
    0.0000   30.0000    0.000014471.7969   14.1068
    7.5000   30.0000    0.000013838.5723   14.1060
   -7.5000   37.5000    0.000013287.2041   14.0897
    0.0000   37.5000    0.000013764.0811   14.0850
    7.5000   37.5000    0.000013138.3760   14.0822
   -7.5000   45.0000    0.000012151.9043   13.7298
    0.0000   45.0000    0.000012586.9932   13.7203
    7.5000   45.0000    0.000011974.2549   13.7183
   -7.5000  -45.0000    7.500010971.8486   14.3625
    0.0000  -45.0000    7.500011408.8184   14.3524
    7.5000  -45.0000    7.500010921.3467   14.3520
   -7.5000  -37.5000    7.500011730.6846   14.3026
    0.0000  -37.5000    7.500012221.9365   14.2883
    7.5000  -37.5000    7.500011687.6758   14.2897
   -7.5000  -30.0000    7.500012847.1523   14.2946
    0.0000  -30.0000    7.500013378.2666   14.2806
    7.5000  -30.0000    7.500012834.9189   14.2844
   -7.5000  -22.5000    7.500013882.5498   14.3244
    0.0000  -22.5000    7.500014483.7715   14.3152
    7.5000  -22.5000    7.500013940.6992   14.3198
   -7.5000  -15.0000    7.500014802.6816   14.3353
    0.0000  -15.0000    7.500015452.7305   14.3288
    7.5000  -15.0000    7.500014914.9736   14.3317
   -7.5000   -7.5000    7.500015724.9658   14.3098
    0.0000   -7.5000    7.500016317.5664   14.3031
    7.5000   -7.5000    7.500015762.9395   14.3032
   -7.5000    0.0000    7.500016652.8945   14.2781
    0.0000    0.0000    7.500017229.7988   14.2683
    7.5000    0.0000    7.500016586.7695   14.2677
   -7.5000    7.5000    7.500016340.6797   14.2701
    0.0000    7.5000    7.500016875.4492   14.2559
    7.5000    7.5000    7.500016196.8359   14.2572
   -7.5000   15.0000    7.500015569.9150   14.2910
    0.0000   15.0000    7.500016068.3174   14.2771
    7.5000   15.0000    7.500015427.8301   14.2808
   -7.5000   22.5000    7.500014533.3291   14.3178
    0.0000   22.5000    7.500014969.6309   14.3086
    7.5000   22.5000    7.500014371.4697   14.3132
   -7.5000   30.0000    7.500013441.9033   14.1498
    0.0000   30.0000    7.500013867.8164   14.1434
    7.5000   30.0000    7.500013251.8926   14.1463
   -7.5000   37.5000    7.500012746.4082   14.1246
    0.0000   37.5000    7.500013188.7588   14.1180
    7.5000   37.5000    7.500012567.9971   14.1181
   -7.5000   45.0000    7.500011620.1885   13.7625
    0.0000   45.0000    7.500012040.7002   13.7530
    7.5000   45.0000    7.500011450.4102   13.7524
   -7.5000  -45.0000   15.000010368.5771   14.4069
    0.0000  -45.0000   15.000010811.5557   14.3926
    7.5000  -45.0000   15.000010300.7549   14.3929
   -7.5000  -37.5000   15.000011074.8994   14.3470
    0.0000  -37.5000   15.000011547.8135   14.3298
    7.5000  -37.5000   15.000011031.0830   14.3317
   -7.5000  -30.0000   15.000012153.1318   14.3383
    0.0000  -30.0000   15.000012659.3994   14.3216
    7.5000  -30.0000   15.000012138.0781   14.3247
   -7.5000  -22.5000   15.000013159.8613   14.3677
    0.0000  -22.5000   15.000013726.9238   14.3542
    7.5000  -22.5000   15.000013202.0283   14.3573
   -7.5000  -15.0000   15.000014079.3262   14.3777
    0.0000  -15.0000   15.000014646.7891   14.3657
    7.5000  -15.0000   15.000014102.3486   14.3670
   -7.5000   -7.5000   15.000014973.9766   14.3526
    0.0000   -7.5000   15.000015511.0410   14.3405
    7.5000   -7.5000   15.000014917.0645   14.3400
   -7.5000    0.0000   15.000015808.4551   14.3222
    0.0000    0.0000   15.000016367.3193   14.3085
    7.5000    0.0000   15.000015711.2979   14.3084
   -7.5000    7.5000   15.000015484.9580   14.3143
    0.0000    7.5000   15.000016037.6729   14.2973
    7.5000    7.5000   15.000015345.0947   14.2991
   -7.5000   15.0000   15.000014812.0498   14.3347
    0.0000   15.0000   15.000015354.2988   14.3179
    7.5000   15.0000   15.000014677.3662   14.3211
   -7.5000   22.5000   15.000013801.4199   14.3611
    0.0000   22.5000   15.000014313.4287   14.3476
    7.5000   22.5000   15.000013658.0850   14.3507
   -7.5000   30.0000   15.000012735.4375   14.1916
    0.0000   30.0000   15.000013221.2129   14.1798
    7.5000   30.0000   15.000012583.2656   14.1810
   -7.5000   37.5000   15.000012092.1084   14.1668
    0.0000   37.5000   15.000012559.9805   14.1549
    7.5000   37.5000   15.000011920.5918   14.1544
   -7.5000   45.0000   15.000010982.1152   13.8050
    0.0000   45.0000   15.000011390.5029   13.7917
    7.5000   45.0000   15.000010820.1250   13.7916
   -7.5000  -45.0000   22.5000 9684.9248   14.4354
    0.0000  -45.0000   22.500010128.6133   14.4167
    7.5000  -45.0000   22.5000 9633.0039   14.4166
   -7.5000  -37.5000   22.500010355.3086   14.3743
    0.0000  -37.5000   22.500010831.9307   14.3528
    7.5000  -37.5000   22.500010315.4805   14.3540
   -7.5000  -30.0000   22.500011382.1279   14.3598
    0.0000  -30.0000   22.500011910.2773   14.3400
    7.5000  -30.0000   22.500011333.4043   14.3404
   -7.5000  -22.5000   22.500012359.2529   14.3850
    0.0000  -22.5000   22.500012922.0986   14.3693
    7.5000  -22.5000   22.500012317.5371   14.3675
   -7.5000  -15.0000   22.500013233.5449   14.3975
    0.0000  -15.0000   22.500013778.9863   14.3828
    7.5000  -15.0000   22.500013166.8711   14.3784
   -7.5000   -7.5000   22.500014021.7715   14.3786
    0.0000   -7.5000   22.500014548.0771   14.3627
    7.5000   -7.5000   22.500013935.8262   14.3592
   -7.5000    0.0000   22.500014770.1162   14.3514
    0.0000    0.0000   22.500015325.6279   14.3332
    7.5000    0.0000   22.500014685.5566   14.3327
   -7.5000    7.5000   22.500014464.5762   14.3415
    0.0000    7.5000   22.500014993.1885   14.3201
    7.5000    7.5000   22.500014336.5977   14.3213
   -7.5000   15.0000   22.500013874.9619   14.3561
    0.0000   15.0000   22.500014379.4463   14.3362
    7.5000   15.0000   22.500013756.6553   14.3367
   -7.5000   22.5000   22.500012955.7949   14.3784
    0.0000   22.5000   22.500013434.9717   14.3627
    7.5000   22.5000   22.500012830.3643   14.3608
   -7.5000   30.0000   22.500011924.9883   14.2112
    0.0000   30.0000   22.500012385.6172   14.1966
    7.5000   30.0000   22.500011814.2373   14.1924
   -7.5000   37.5000   22.500011321.5713   14.1925
    0.0000   37.5000   22.500011754.3223   14.1768
    7.5000   37.5000   22.500011169.6465   14.1733
   -7.5000   45.0000   22.500010278.8428   13.8331
    0.0000   45.0000   22.500010649.3408   13.8156
    7.5000   45.0000   22.500010115.9238   13.8151
   -7.5000  -45.0000   30.0000 8947.9170   14.5367
    0.0000  -45.0000   30.0000 9392.8975   14.5164
    7.5000  -45.0000   30.0000 8902.5723   14.5143
   -7.5000  -37.5000   30.0000 9585.4609   14.4732
    0.0000  -37.5000   30.000010054.1895   14.4499
    7.5000  -37.5000   30.0000 9528.7617   14.4497
   -7.5000  -30.0000   30.000010528.4365   14.4529
    0.0000  -30.0000   30.000011028.4111   14.4333
    7.5000  -30.0000   30.000010468.7988   14.4318
   -7.5000  -22.5000   30.000011428.2842   14.4748
    0.0000  -22.5000   30.000011959.2900   14.4614
    7.5000  -22.5000   30.000011373.4854   14.4563
   -7.5000  -15.0000   30.000012230.2832   14.4915
    0.0000  -15.0000   30.000012763.8301   14.4788
    7.5000  -15.0000   30.000012163.5801   14.4701
   -7.5000   -7.5000   30.000012932.1240   14.4788
    0.0000   -7.5000   30.000013453.9932   14.4630
    7.5000   -7.5000   30.000012861.5615   14.4560
   -7.5000    0.0000   30.000013586.0400   14.4529
    0.0000    0.0000   30.000014121.3145   14.4331
    7.5000    0.0000   30.000013518.5723   14.4306
   -7.5000    7.5000   30.000013264.3945   14.4398
    0.0000    7.5000   30.000013766.9775   14.4168
    7.5000    7.5000   30.000013203.4473   14.4164
   -7.5000   15.0000   30.000012771.0400   14.4491
    0.0000   15.0000   30.000013257.5605   14.4295
    7.5000   15.0000   30.000012703.7988   14.4280
   -7.5000   22.5000   30.000011943.3428   14.4681
    0.0000   22.5000   30.000012404.2637   14.4547
    7.5000   22.5000   30.000011850.0791   14.4496
   -7.5000   30.0000   30.000011019.3457   14.3039
    0.0000   30.0000   30.000011439.0117   14.2914
    7.5000   30.0000   30.000010903.5518   14.2828
   -7.5000   37.5000   30.000010460.7803   14.2915
    0.0000   37.5000   30.000010851.6533   14.2759
    7.5000   37.5000   30.000010319.9033   14.2689
   -7.5000   45.0000   30.0000 9483.7373   13.9309
    0.0000   45.0000   30.0000 9840.8047   13.9118
    7.5000   45.0000   30.0000 9349.9561   13.9095
   -7.5000  -45.0000   37.5000 8542.1377   14.7660
    0.0000  -45.0000   37.5000 8963.8789   14.7485
    7.5000  -45.0000   37.5000 8498.1719   14.7449
   -7.5000  -37.5000   37.5000 9147.6191   14.7024
    0.0000  -37.5000   37.5000 9596.4053   14.6810
    7.5000  -37.5000   37.5000 9096.2197   14.6796
   -7.5000  -30.0000   37.500010040.3682   14.6832
    0.0000  -30.0000   37.500010525.6182   14.6655
    7.5000  -30.0000   37.500010003.2725   14.6642
   -7.5000  -22.5000   37.500010890.5195   14.7077
    0.0000  -22.5000   37.500011401.9395   14.6976
    7.5000  -22.5000   37.500010838.0557   14.6935
   -7.5000  -15.0000   37.500011652.5859   14.7259
    0.0000  -15.0000   37.500012170.1670   14.7175
    7.5000  -15.0000   37.500011590.2041   14.7096
   -7.5000   -7.5000   37.500012311.8418   14.7111
    0.0000   -7.5000   37.500012823.5693   14.6994
    7.5000   -7.5000   37.500012255.4746   14.6917
   -7.5000    0.0000   37.500012925.0410   14.6815
    0.0000    0.0000   37.500013446.1162   14.6644
    7.5000    0.0000   37.500012870.7393   14.6605
   -7.5000    7.5000   37.500012612.3389   14.6679
    0.0000    7.5000   37.500013104.9619   14.6467
    7.5000    7.5000   37.500012554.6904   14.6453
   -7.5000   15.0000   37.500012161.4375   14.6794
    0.0000   15.0000   37.500012659.8164   14.6617
    7.5000   15.0000   37.500012126.1533   14.6603
   -7.5000   22.5000   37.500011371.0537   14.7009
    0.0000   22.5000   37.500011838.3887   14.6908
    7.5000   22.5000   37.500011319.4814   14.6867
   -7.5000   30.0000   37.500010497.2793   14.5353
    0.0000   30.0000   37.500010922.3213   14.5271
    7.5000   30.0000   37.500010411.1875   14.5193
   -7.5000   37.5000   37.5000 9969.5342   14.5207
    0.0000   37.5000   37.500010365.6895   14.5091
    7.5000   37.5000   37.5000 9872.0625   14.5016
   -7.5000   45.0000   37.5000 9050.8535   14.1513
    0.0000   45.0000   37.5000 9410.1934   14.1348
    7.5000   45.0000   37.5000 8950.6328   14.1311
   -7.5000  -45.0000   45.0000 7761.1763   15.0637
    0.0000  -45.0000   45.0000 8109.9907   15.0484
    7.5000  -45.0000   45.0000 7733.4214   15.0422
   -7.5000  -37.5000   45.0000 8311.1377   15.0035
    0.0000  -37.5000   45.0000 8706.0137   14.9840
    7.5000  -37.5000   45.0000 8285.1699   14.9809
   -7.5000  -30.0000   45.0000 9117.6738   14.9893
    0.0000  -30.0000   45.0000 9568.9531   14.9728
    7.5000  -30.0000   45.0000 9123.1348   14.9728
   -7.5000  -22.5000   45.0000 9887.2383   15.0175
    0.0000  -22.5000   45.000010358.2861   15.0084
    7.5000  -22.5000   45.0000 9882.1074   15.0084
   -7.5000  -15.0000   45.000010574.4492   15.0321
    0.0000  -15.0000   45.000011051.2422   15.0253
    7.5000  -15.0000   45.000010553.6152   15.0218
   -7.5000   -7.5000   45.000011183.5967   15.0100
    0.0000   -7.5000   45.000011665.9102   15.0004
    7.5000   -7.5000   45.000011151.7480   14.9937
   -7.5000    0.0000   45.000011735.0811   14.9775
    0.0000    0.0000   45.000012237.5352   14.9627
    7.5000    0.0000   45.000011708.2100   14.9562
   -7.5000    7.5000   45.000011452.2939   14.9674
    0.0000    7.5000   45.000011919.4746   14.9481
    7.5000    7.5000   45.000011405.5195   14.9449
   -7.5000   15.0000   45.000011085.2305   14.9854
    0.0000   15.0000   45.000011551.9385   14.9689
    7.5000   15.0000   45.000011039.9326   14.9689
   -7.5000   22.5000   45.000010378.5078   15.0106
    0.0000   22.5000   45.000010830.9150   15.0015
    7.5000   22.5000   45.000010343.1963   15.0015
   -7.5000   30.0000   45.0000 9589.0088   14.8362
    0.0000   30.0000   45.0000 9987.3408   14.8296
    7.5000   30.0000   45.0000 9508.2002   14.8261
   -7.5000   37.5000   45.0000 9105.8408   14.8145
    0.0000   37.5000   45.0000 9489.5684   14.8050
    7.5000   37.5000   45.0000 9040.7559   14.7983
   -7.5000   45.0000   45.0000 8275.5098   14.4432
    0.0000   45.0000   45.0000 8633.7461   14.4288
    7.5000   45.0000   45.0000 8214.2510   14.4226

---------------------------------------------------------------------
imgreg_4dfp /opt/freesurfer/average/711-2C_as_mni_average_305 /opt/freesurfer/average/711-2B_as_mni_average_305_mask talsrcimg_g11 none talsrcimg_to_711-2C_as_mni_average_305_t4 4355
---------------------------------------------------------------------

freesurfer imgreg_4dfp.c
/opt/freesurfer/average/711-2C_as_mni_average_305.4dfp.img
       256       256       256         1
  1.000000  1.000000  1.000000
orientation T byte_order littleendian
Reading image: /opt/freesurfer/average/711-2C_as_mni_average_305.4dfp.img
dimensions:      256       256       256
mmppix:       1.0000   -1.0000   -1.0000
center:     128.0000 -129.0000 -129.0000
/opt/freesurfer/average/711-2B_as_mni_average_305_mask.4dfp.img
       256       256       256         1
  1.000000  1.000000  1.000000
orientation T byte_order littleendian
Reading mask: /opt/freesurfer/average/711-2B_as_mni_average_305_mask.4dfp.img (2306576 pixels)
talsrcimg_g11.4dfp.img
       256       256       256         1
  1.000000  1.000000  1.000000
orientation T byte_order littleendian
Reading image: talsrcimg_g11.4dfp.img
dimensions:      256       256       256
mmppix:       1.0000   -1.0000   -1.0000
center:     128.0000 -129.0000 -129.0000
rotation matrix determinant  1.000000
image alignment mode   4355 decimal     1103 hex
   -7.5000  -45.0000  -45.0000 2088.3877   14.2444
    0.0000  -45.0000  -45.0000 2082.4961   14.2928
    7.5000  -45.0000  -45.0000 2061.1287   14.5285
   -7.5000  -37.5000  -45.0000 2208.3406   12.8999
    0.0000  -37.5000  -45.0000 2202.1880   12.9084
    7.5000  -37.5000  -45.0000 2176.1890   13.1044
   -7.5000  -30.0000  -45.0000 2302.2761   11.8995
    0.0000  -30.0000  -45.0000 2297.7722   11.9046
    7.5000  -30.0000  -45.0000 2267.8262   12.0582
   -7.5000  -22.5000  -45.0000 2362.8760   11.2050
    0.0000  -22.5000  -45.0000 2360.9243   11.2203
    7.5000  -22.5000  -45.0000 2332.6611   11.3480
   -7.5000  -15.0000  -45.0000 2402.6279   10.7297
    0.0000  -15.0000  -45.0000 2399.0750   10.7332
    7.5000  -15.0000  -45.0000 2374.2170   10.8661
   -7.5000   -7.5000  -45.0000 2421.1174   10.4515
    0.0000   -7.5000  -45.0000 2423.6555   10.4399
    7.5000   -7.5000  -45.0000 2396.4658   10.5729
   -7.5000    0.0000  -45.0000 2420.3203   10.4029
    0.0000    0.0000  -45.0000 2420.8828   10.3749
    7.5000    0.0000  -45.0000 2402.4216   10.5130
   -7.5000    7.5000  -45.0000 2405.4568   10.5504
    0.0000    7.5000  -45.0000 2412.0142   10.5118
    7.5000    7.5000  -45.0000 2389.6013   10.6619
   -7.5000   15.0000  -45.0000 2377.7825   10.9280
    0.0000   15.0000  -45.0000 2383.5088   10.8779
    7.5000   15.0000  -45.0000 2361.2805   11.0241
   -7.5000   22.5000  -45.0000 2332.4563   11.5040
    0.0000   22.5000  -45.0000 2336.5271   11.4557
    7.5000   22.5000  -45.0000 2312.7800   11.6149
   -7.5000   30.0000  -45.0000 2254.6333   12.3370
    0.0000   30.0000  -45.0000 2261.1196   12.2755
    7.5000   30.0000  -45.0000 2241.7405   12.4329
   -7.5000   37.5000  -45.0000 2159.4944   13.4367
    0.0000   37.5000  -45.0000 2164.6760   13.3762
    7.5000   37.5000  -45.0000 2146.6177   13.5409
   -7.5000   45.0000  -45.0000 2041.2629   14.8987
    0.0000   45.0000  -45.0000 2051.7942   14.8252
    7.5000   45.0000  -45.0000 2031.8846   15.0010
   -7.5000  -45.0000  -37.5000 2155.4988   13.3467
    0.0000  -45.0000  -37.5000 2152.2166   13.4230
    7.5000  -45.0000  -37.5000 2130.8237   13.6081
   -7.5000  -37.5000  -37.5000 2277.9819   12.0622
    0.0000  -37.5000  -37.5000 2273.1919   12.0796
    7.5000  -37.5000  -37.5000 2246.2075   12.2443
   -7.5000  -30.0000  -37.5000 2376.9866   11.1157
    0.0000  -30.0000  -37.5000 2373.4319   11.1236
    7.5000  -30.0000  -37.5000 2341.8706   11.2681
   -7.5000  -22.5000  -37.5000 2443.5603   10.4536
    0.0000  -22.5000  -37.5000 2440.1787   10.4408
    7.5000  -22.5000  -37.5000 2413.0410   10.5728
   -7.5000  -15.0000  -37.5000 2491.3223    9.9817
    0.0000  -15.0000  -37.5000 2486.8542    9.9578
    7.5000  -15.0000  -37.5000 2462.0251   10.0919
   -7.5000   -7.5000  -37.5000 2520.1550    9.7209
    0.0000   -7.5000  -37.5000 2523.1235    9.6953
    7.5000   -7.5000  -37.5000 2491.6526    9.8301
   -7.5000    0.0000  -37.5000 2522.6421    9.7016
    0.0000    0.0000  -37.5000 2527.6135    9.6441
    7.5000    0.0000  -37.5000 2500.9956    9.7710
   -7.5000    7.5000  -37.5000 2509.5164    9.8377
    0.0000    7.5000  -37.5000 2517.9128    9.7738
    7.5000    7.5000  -37.5000 2491.8850    9.9031
   -7.5000   15.0000  -37.5000 2475.5317   10.1992
    0.0000   15.0000  -37.5000 2484.2339   10.1201
    7.5000   15.0000  -37.5000 2460.1912   10.2588
   -7.5000   22.5000  -37.5000 2419.1008   10.7625
    0.0000   22.5000  -37.5000 2431.8875   10.6808
    7.5000   22.5000  -37.5000 2407.7297   10.8095
   -7.5000   30.0000  -37.5000 2336.0989   11.5410
    0.0000   30.0000  -37.5000 2347.8247   11.4678
    7.5000   30.0000  -37.5000 2327.5120   11.5942
   -7.5000   37.5000  -37.5000 2232.9651   12.5525
    0.0000   37.5000  -37.5000 2243.9653   12.4696
    7.5000   37.5000  -37.5000 2227.0850   12.6297
   -7.5000   45.0000  -37.5000 2108.3147   13.9016
    0.0000   45.0000  -37.5000 2119.0134   13.8116
    7.5000   45.0000  -37.5000 2102.0151   13.9853
   -7.5000  -45.0000  -30.0000 2255.9270   12.9899
    0.0000  -45.0000  -30.0000 2255.1934   13.0484
    7.5000  -45.0000  -30.0000 2230.7979   13.2494
   -7.5000  -37.5000  -30.0000 2381.3552   11.7005
    0.0000  -37.5000  -30.0000 2380.6531   11.7242
    7.5000  -37.5000  -30.0000 2348.5833   11.9083
   -7.5000  -30.0000  -30.0000 2490.8206   10.7614
    0.0000  -30.0000  -30.0000 2485.5598   10.7651
    7.5000  -30.0000  -30.0000 2452.8726   10.9382
   -7.5000  -22.5000  -30.0000 2563.9172   10.0893
    0.0000  -22.5000  -30.0000 2561.6360   10.0817
    7.5000  -22.5000  -30.0000 2535.1741   10.2239
   -7.5000  -15.0000  -30.0000 2618.5449    9.6121
    0.0000  -15.0000  -30.0000 2623.0229    9.5987
    7.5000  -15.0000  -30.0000 2596.2747    9.7231
   -7.5000   -7.5000  -30.0000 2660.6533    9.3651
    0.0000   -7.5000  -30.0000 2669.1396    9.3085
    7.5000   -7.5000  -30.0000 2635.2725    9.4439
   -7.5000    0.0000  -30.0000 2671.9634    9.3245
    0.0000    0.0000  -30.0000 2683.4211    9.2690
    7.5000    0.0000  -30.0000 2648.8220    9.3933
   -7.5000    7.5000  -30.0000 2657.8022    9.5046
    0.0000    7.5000  -30.0000 2672.4539    9.4242
    7.5000    7.5000  -30.0000 2640.4802    9.5328
   -7.5000   15.0000  -30.0000 2622.4548    9.8821
    0.0000   15.0000  -30.0000 2637.5022    9.7866
    7.5000   15.0000  -30.0000 2607.6907    9.8952
   -7.5000   22.5000  -30.0000 2559.7297   10.4344
    0.0000   22.5000  -30.0000 2576.1992   10.3323
    7.5000   22.5000  -30.0000 2549.1501   10.4414
   -7.5000   30.0000  -30.0000 2466.0229   11.1759
    0.0000   30.0000  -30.0000 2481.9128   11.0743
    7.5000   30.0000  -30.0000 2457.1042   11.2000
   -7.5000   37.5000  -30.0000 2345.0706   12.1662
    0.0000   37.5000  -30.0000 2359.5991   12.0702
    7.5000   37.5000  -30.0000 2342.8826   12.2077
   -7.5000   45.0000  -30.0000 2217.1538   13.4753
    0.0000   45.0000  -30.0000 2227.3796   13.3798
    7.5000   45.0000  -30.0000 2210.8362   13.5455
   -7.5000  -45.0000  -22.5000 2328.3293   12.5639
    0.0000  -45.0000  -22.5000 2327.3291   12.6042
    7.5000  -45.0000  -22.5000 2295.7397   12.8432
   -7.5000  -37.5000  -22.5000 2456.3145   11.3105
    0.0000  -37.5000  -22.5000 2455.6157   11.3106
    7.5000  -37.5000  -22.5000 2422.2966   11.5200
   -7.5000  -30.0000  -22.5000 2571.4045   10.3682
    0.0000  -30.0000  -22.5000 2568.0188   10.3514
    7.5000  -30.0000  -22.5000 2537.2263   10.5351
   -7.5000  -22.5000  -22.5000 2656.6628    9.6679
    0.0000  -22.5000  -22.5000 2660.9268    9.6525
    7.5000  -22.5000  -22.5000 2629.1653    9.8167
   -7.5000  -15.0000  -22.5000 2724.9070    9.2016
    0.0000  -15.0000  -22.5000 2731.5288    9.1744
    7.5000  -15.0000  -22.5000 2701.4133    9.3235
   -7.5000   -7.5000  -22.5000 2772.5935    8.9526
    0.0000   -7.5000  -22.5000 2786.1338    8.9029
    7.5000   -7.5000  -22.5000 2748.7004    9.0388
   -7.5000    0.0000  -22.5000 2794.7461    8.8953
    0.0000    0.0000  -22.5000 2812.2104    8.8241
    7.5000    0.0000  -22.5000 2769.8416    8.9655
   -7.5000    7.5000  -22.5000 2788.2646    9.0976
    0.0000    7.5000  -22.5000 2799.8279    9.0206
    7.5000    7.5000  -22.5000 2766.0718    9.1480
   -7.5000   15.0000  -22.5000 2739.7234    9.4729
    0.0000   15.0000  -22.5000 2757.9744    9.3876
    7.5000   15.0000  -22.5000 2724.7058    9.4920
   -7.5000   22.5000  -22.5000 2665.7598   10.0111
    0.0000   22.5000  -22.5000 2683.4436    9.9103
    7.5000   22.5000  -22.5000 2657.5010   10.0160
   -7.5000   30.0000  -22.5000 2563.1289   10.7448
    0.0000   30.0000  -22.5000 2578.1973   10.6464
    7.5000   30.0000  -22.5000 2556.0461   10.7666
   -7.5000   37.5000  -22.5000 2432.4521   11.7219
    0.0000   37.5000  -22.5000 2448.3301   11.6168
    7.5000   37.5000  -22.5000 2427.6145   11.7576
   -7.5000   45.0000  -22.5000 2296.5923   13.0075
    0.0000   45.0000  -22.5000 2313.8154   12.8905
    7.5000   45.0000  -22.5000 2290.9705   13.0580
   -7.5000  -45.0000  -15.0000 2361.8896   12.2175
    0.0000  -45.0000  -15.0000 2363.9365   12.2240
    7.5000  -45.0000  -15.0000 2332.6875   12.5282
   -7.5000  -37.5000  -15.0000 2495.5771   10.9649
    0.0000  -37.5000  -15.0000 2497.5129   10.9318
    7.5000  -37.5000  -15.0000 2465.8647   11.2027
   -7.5000  -30.0000  -15.0000 2616.7488   10.0069
    0.0000  -30.0000  -15.0000 2619.1860    9.9819
    7.5000  -30.0000  -15.0000 2588.8171   10.1991
   -7.5000  -22.5000  -15.0000 2717.4043    9.3162
    0.0000  -22.5000  -15.0000 2722.6497    9.2628
    7.5000  -22.5000  -15.0000 2688.8591    9.4654
   -7.5000  -15.0000  -15.0000 2798.8167    8.8465
    0.0000  -15.0000  -15.0000 2807.3640    8.7987
    7.5000  -15.0000  -15.0000 2772.6431    8.9810
   -7.5000   -7.5000  -15.0000 2860.2197    8.5990
    0.0000   -7.5000  -15.0000 2878.9490    8.5467
    7.5000   -7.5000  -15.0000 2834.7656    8.6976
   -7.5000    0.0000  -15.0000 2895.8057    8.5159
    0.0000    0.0000  -15.0000 2921.0608    8.4404
    7.5000    0.0000  -15.0000 2866.4983    8.6108
   -7.5000    7.5000  -15.0000 2878.4973    8.7190
    0.0000    7.5000  -15.0000 2900.4556    8.6504
    7.5000    7.5000  -15.0000 2860.8767    8.8020
   -7.5000   15.0000  -15.0000 2823.4319    9.0688
    0.0000   15.0000  -15.0000 2842.9402    8.9950
    7.5000   15.0000  -15.0000 2810.6045    9.1307
   -7.5000   22.5000  -15.0000 2739.9263    9.5915
    0.0000   22.5000  -15.0000 2757.2061    9.4991
    7.5000   22.5000  -15.0000 2728.9768    9.6365
   -7.5000   30.0000  -15.0000 2622.6260   10.3309
    0.0000   30.0000  -15.0000 2637.4631   10.2387
    7.5000   30.0000  -15.0000 2613.3862   10.4083
   -7.5000   37.5000  -15.0000 2485.9487   11.3047
    0.0000   37.5000  -15.0000 2497.8611   11.2118
    7.5000   37.5000  -15.0000 2474.9158   11.4028
   -7.5000   45.0000  -15.0000 2342.1824   12.5624
    0.0000   45.0000  -15.0000 2361.2825   12.4531
    7.5000   45.0000  -15.0000 2335.1912   12.6514
   -7.5000  -45.0000   -7.5000 2379.2422   12.0129
    0.0000  -45.0000   -7.5000 2379.8489   11.9345
    7.5000  -45.0000   -7.5000 2352.6770   12.3120
   -7.5000  -37.5000   -7.5000 2512.8542   10.7236
    0.0000  -37.5000   -7.5000 2512.9866   10.6568
    7.5000  -37.5000   -7.5000 2481.1479   10.9780
   -7.5000  -30.0000   -7.5000 2637.0144    9.7561
    0.0000  -30.0000   -7.5000 2640.8635    9.6842
    7.5000  -30.0000   -7.5000 2605.8198    9.9621
   -7.5000  -22.5000   -7.5000 2744.7307    9.0438
    0.0000  -22.5000   -7.5000 2753.1831    8.9713
    7.5000  -22.5000   -7.5000 2717.2905    9.2172
   -7.5000  -15.0000   -7.5000 2841.5889    8.5818
    0.0000  -15.0000   -7.5000 2854.8433    8.5012
    7.5000  -15.0000   -7.5000 2814.9338    8.7298
   -7.5000   -7.5000   -7.5000 2924.7185    8.3530
    0.0000   -7.5000   -7.5000 2948.8901    8.2744
    7.5000   -7.5000   -7.5000 2895.4294    8.4490
   -7.5000    0.0000   -7.5000 2972.0637    8.2408
    0.0000    0.0000   -7.5000 3003.0649    8.1648
    7.5000    0.0000   -7.5000 2935.1165    8.3606
   -7.5000    7.5000   -7.5000 2945.7283    8.4227
    0.0000    7.5000   -7.5000 2978.1733    8.3363
    7.5000    7.5000   -7.5000 2920.2532    8.5535
   -7.5000   15.0000   -7.5000 2870.1887    8.7661
    0.0000   15.0000   -7.5000 2894.4236    8.6784
    7.5000   15.0000   -7.5000 2855.3088    8.8761
   -7.5000   22.5000   -7.5000 2771.0488    9.2768
    0.0000   22.5000   -7.5000 2793.8281    9.1998
    7.5000   22.5000   -7.5000 2763.7495    9.3850
   -7.5000   30.0000   -7.5000 2649.9414   10.0100
    0.0000   30.0000   -7.5000 2670.6211    9.9469
    7.5000   30.0000   -7.5000 2643.6541   10.1303
   -7.5000   37.5000   -7.5000 2506.2710   10.9897
    0.0000   37.5000   -7.5000 2521.6606   10.9203
    7.5000   37.5000   -7.5000 2500.5254   11.1236
   -7.5000   45.0000   -7.5000 2357.3335   12.2266
    0.0000   45.0000   -7.5000 2370.5408   12.1610
    7.5000   45.0000   -7.5000 2347.9927   12.3663
   -7.5000  -45.0000    0.0000 2381.7290   11.9249
    0.0000  -45.0000    0.0000 2384.8594   11.8110
    7.5000  -45.0000    0.0000 2354.1621   12.1946
   -7.5000  -37.5000    0.0000 2509.9451   10.6610
    0.0000  -37.5000    0.0000 2515.1062   10.5332
    7.5000  -37.5000    0.0000 2481.2441   10.8786
   -7.5000  -30.0000    0.0000 2633.0024    9.6899
    0.0000  -30.0000    0.0000 2639.4392    9.5683
    7.5000  -30.0000    0.0000 2606.6604    9.8817
   -7.5000  -22.5000    0.0000 2748.0254    8.9707
    0.0000  -22.5000    0.0000 2761.5686    8.8542
    7.5000  -22.5000    0.0000 2726.5068    9.1383
   -7.5000  -15.0000    0.0000 2855.6243    8.4985
    0.0000  -15.0000    0.0000 2874.0918    8.3773
    7.5000  -15.0000    0.0000 2834.1162    8.6402
   -7.5000   -7.5000    0.0000 2950.9641    8.2183
    0.0000   -7.5000    0.0000 2975.5637    8.1144
    7.5000   -7.5000    0.0000 2925.8032    8.3394
   -7.5000    0.0000    0.0000 2997.3389    8.1346
    0.0000    0.0000    0.0000 3037.3445    8.0141
    7.5000    0.0000    0.0000 2965.1335    8.2384
   -7.5000    7.5000    0.0000 2966.9729    8.3150
    0.0000    7.5000    0.0000 3007.0061    8.2037
    7.5000    7.5000    0.0000 2945.8992    8.4208
   -7.5000   15.0000    0.0000 2884.6511    8.6286
    0.0000   15.0000    0.0000 2908.7803    8.5572
    7.5000   15.0000    0.0000 2870.6758    8.7536
   -7.5000   22.5000    0.0000 2777.3093    9.1262
    0.0000   22.5000    0.0000 2798.5347    9.0656
    7.5000   22.5000    0.0000 2772.1843    9.2521
   -7.5000   30.0000    0.0000 2646.6934    9.8756
    0.0000   30.0000    0.0000 2665.0515    9.8126
    7.5000   30.0000    0.0000 2646.3337   10.0039
   -7.5000   37.5000    0.0000 2502.4185   10.8673
    0.0000   37.5000    0.0000 2521.6223   10.7880
    7.5000   37.5000    0.0000 2505.0801   10.9918
   -7.5000   45.0000    0.0000 2346.9763   12.1276
    0.0000   45.0000    0.0000 2366.6084   12.0157
    7.5000   45.0000    0.0000 2348.4829   12.2224
   -7.5000  -45.0000    7.5000 2376.2285   12.0382
    0.0000  -45.0000    7.5000 2375.0979   11.8734
    7.5000  -45.0000    7.5000 2350.4924   12.2575
   -7.5000  -37.5000    7.5000 2502.4353   10.7509
    0.0000  -37.5000    7.5000 2508.0432   10.5933
    7.5000  -37.5000    7.5000 2476.1616   10.9400
   -7.5000  -30.0000    7.5000 2621.4546    9.7767
    0.0000  -30.0000    7.5000 2633.1045    9.6315
    7.5000  -30.0000    7.5000 2601.5569    9.9463
   -7.5000  -22.5000    7.5000 2735.6196    9.0533
    0.0000  -22.5000    7.5000 2752.8955    8.9149
    7.5000  -22.5000    7.5000 2722.8074    9.2103
   -7.5000  -15.0000    7.5000 2841.2458    8.5575
    0.0000  -15.0000    7.5000 2866.1135    8.4545
    7.5000  -15.0000    7.5000 2835.3049    8.7251
   -7.5000   -7.5000    7.5000 2926.8748    8.2789
    0.0000   -7.5000    7.5000 2958.5354    8.1533
    7.5000   -7.5000    7.5000 2918.7393    8.4096
   -7.5000    0.0000    7.5000 2972.5603    8.2442
    0.0000    0.0000    7.5000 3005.3196    8.1014
    7.5000    0.0000    7.5000 2955.7058    8.3364
   -7.5000    7.5000    7.5000 2943.3413    8.4657
    0.0000    7.5000    7.5000 2976.1653    8.3266
    7.5000    7.5000    7.5000 2930.6182    8.5274
   -7.5000   15.0000    7.5000 2854.6541    8.7692
    0.0000   15.0000    7.5000 2880.2441    8.6728
    7.5000   15.0000    7.5000 2850.9346    8.8524
   -7.5000   22.5000    7.5000 2748.1323    9.2528
    0.0000   22.5000    7.5000 2770.2068    9.1636
    7.5000   22.5000    7.5000 2749.9177    9.3436
   -7.5000   30.0000    7.5000 2620.6848    9.9532
    0.0000   30.0000    7.5000 2642.7783    9.8774
    7.5000   30.0000    7.5000 2630.2327   10.0695
   -7.5000   37.5000    7.5000 2481.0649   10.8982
    0.0000   37.5000    7.5000 2503.7939   10.8319
    7.5000   37.5000    7.5000 2492.4121   10.9962
   -7.5000   45.0000    7.5000 2327.3894   12.0907
    0.0000   45.0000    7.5000 2350.3945   12.0211
    7.5000   45.0000    7.5000 2339.3745   12.1893
   -7.5000  -45.0000   15.0000 2358.9226   12.2701
    0.0000  -45.0000   15.0000 2361.3813   12.1192
    7.5000  -45.0000   15.0000 2332.9734   12.4589
   -7.5000  -37.5000   15.0000 2479.1458   10.9950
    0.0000  -37.5000   15.0000 2489.0195   10.8365
    7.5000  -37.5000   15.0000 2459.9646   11.1563
   -7.5000  -30.0000   15.0000 2595.1838   10.0346
    0.0000  -30.0000   15.0000 2609.3743    9.8829
    7.5000  -30.0000   15.0000 2585.7632   10.1867
   -7.5000  -22.5000   15.0000 2701.0132    9.3229
    0.0000  -22.5000   15.0000 2723.1016    9.1907
    7.5000  -22.5000   15.0000 2702.8069    9.4862
   -7.5000  -15.0000   15.0000 2794.9932    8.8477
    0.0000  -15.0000   15.0000 2823.2935    8.7193
    7.5000  -15.0000   15.0000 2804.2441    8.9933
   -7.5000   -7.5000   15.0000 2873.0127    8.5567
    0.0000   -7.5000   15.0000 2906.0388    8.4128
    7.5000   -7.5000   15.0000 2874.7920    8.6600
   -7.5000    0.0000   15.0000 2908.2954    8.5106
    0.0000    0.0000   15.0000 2935.9414    8.3901
    7.5000    0.0000   15.0000 2904.9290    8.6007
   -7.5000    7.5000   15.0000 2875.3657    8.7097
    0.0000    7.5000   15.0000 2907.1304    8.5971
    7.5000    7.5000   15.0000 2871.1228    8.7900
   -7.5000   15.0000   15.0000 2795.8589    9.0390
    0.0000   15.0000   15.0000 2822.6919    8.9595
    7.5000   15.0000   15.0000 2795.1304    9.1282
   -7.5000   22.5000   15.0000 2696.2080    9.5319
    0.0000   22.5000   15.0000 2715.9558    9.4569
    7.5000   22.5000   15.0000 2699.4976    9.6191
   -7.5000   30.0000   15.0000 2574.5542   10.2314
    0.0000   30.0000   15.0000 2596.0771   10.1495
    7.5000   30.0000   15.0000 2585.6436   10.3166
   -7.5000   37.5000   15.0000 2442.0117   11.1390
    0.0000   37.5000   15.0000 2465.3162   11.0454
    7.5000   37.5000   15.0000 2456.4978   11.2060
   -7.5000   45.0000   15.0000 2292.4653   12.2950
    0.0000   45.0000   15.0000 2311.8821   12.1893
    7.5000   45.0000   15.0000 2304.0530   12.3663
   -7.5000  -45.0000   22.5000 2321.6157   12.6681
    0.0000  -45.0000   22.5000 2334.4385   12.5389
    7.5000  -45.0000   22.5000 2305.3252   12.8508
   -7.5000  -37.5000   22.5000 2444.9695   11.3958
    0.0000  -37.5000   22.5000 2459.9897   11.2647
    7.5000  -37.5000   22.5000 2433.0979   11.5334
   -7.5000  -30.0000   22.5000 2556.2219   10.4740
    0.0000  -30.0000   22.5000 2578.7419   10.3325
    7.5000  -30.0000   22.5000 2552.3521   10.5752
   -7.5000  -22.5000   22.5000 2656.1565    9.7883
    0.0000  -22.5000   22.5000 2684.3391    9.6524
    7.5000  -22.5000   22.5000 2662.2766    9.8899
   -7.5000  -15.0000   22.5000 2740.8984    9.2874
    0.0000  -15.0000   22.5000 2769.9802    9.1494
    7.5000  -15.0000   22.5000 2751.6628    9.3802
   -7.5000   -7.5000   22.5000 2799.1270    8.9765
    0.0000   -7.5000   22.5000 2833.0906    8.8468
    7.5000   -7.5000   22.5000 2807.8650    9.0747
   -7.5000    0.0000   22.5000 2820.8611    8.9347
    0.0000    0.0000   22.5000 2849.1814    8.8280
    7.5000    0.0000   22.5000 2831.8506    9.0208
   -7.5000    7.5000   22.5000 2787.2280    9.1409
    0.0000    7.5000   22.5000 2815.6086    9.0197
    7.5000    7.5000   22.5000 2794.4744    9.2127
   -7.5000   15.0000   22.5000 2713.3535    9.4796
    0.0000   15.0000   22.5000 2739.2185    9.3712
    7.5000   15.0000   22.5000 2720.5264    9.5619
   -7.5000   22.5000   22.5000 2623.0493    9.9882
    0.0000   22.5000   22.5000 2645.6211    9.8799
    7.5000   22.5000   22.5000 2629.5583   10.0510
   -7.5000   30.0000   22.5000 2508.4258   10.6617
    0.0000   30.0000   22.5000 2533.2261   10.5595
    7.5000   30.0000   22.5000 2524.1921   10.7194
   -7.5000   37.5000   22.5000 2386.4597   11.5509
    0.0000   37.5000   22.5000 2409.4453   11.4500
    7.5000   37.5000   22.5000 2400.6470   11.5915
   -7.5000   45.0000   22.5000 2243.0337   12.6877
    0.0000   45.0000   22.5000 2259.8508   12.5692
    7.5000   45.0000   22.5000 2253.2959   12.7105
   -7.5000  -45.0000   30.0000 2268.4321   13.3226
    0.0000  -45.0000   30.0000 2287.7273   13.2177
    7.5000  -45.0000   30.0000 2261.3716   13.4391
   -7.5000  -37.5000   30.0000 2388.8811   12.0154
    0.0000  -37.5000   30.0000 2412.3628   11.9000
    7.5000  -37.5000   30.0000 2384.8708   12.0920
   -7.5000  -30.0000   30.0000 2497.8823   11.0532
    0.0000  -30.0000   30.0000 2523.4229   10.9382
    7.5000  -30.0000   30.0000 2496.6394   11.1299
   -7.5000  -22.5000   30.0000 2593.7288   10.3657
    0.0000  -22.5000   30.0000 2624.7036   10.2470
    7.5000  -22.5000   30.0000 2601.1855   10.4421
   -7.5000  -15.0000   30.0000 2668.3337    9.8639
    0.0000  -15.0000   30.0000 2702.3821    9.7471
    7.5000  -15.0000   30.0000 2681.3140    9.9456
   -7.5000   -7.5000   30.0000 2715.2397    9.5567
    0.0000   -7.5000   30.0000 2745.3091    9.4505
    7.5000   -7.5000   30.0000 2724.6042    9.6470
   -7.5000    0.0000   30.0000 2723.5388    9.4969
    0.0000    0.0000   30.0000 2747.0908    9.4042
    7.5000    0.0000   30.0000 2735.4126    9.5806
   -7.5000    7.5000   30.0000 2685.4419    9.6775
    0.0000    7.5000   30.0000 2708.2700    9.5692
    7.5000    7.5000   30.0000 2698.7988    9.7535
   -7.5000   15.0000   30.0000 2619.4146   10.0203
    0.0000   15.0000   30.0000 2644.0203    9.9313
    7.5000   15.0000   30.0000 2633.5874   10.0951
   -7.5000   22.5000   30.0000 2536.4961   10.5641
    0.0000   22.5000   30.0000 2558.0059   10.4618
    7.5000   22.5000   30.0000 2544.3423   10.6016
   -7.5000   30.0000   30.0000 2435.4622   11.2170
    0.0000   30.0000   30.0000 2453.8943   11.1142
    7.5000   30.0000   30.0000 2442.8757   11.2536
   -7.5000   37.5000   30.0000 2320.5710   12.0974
    0.0000   37.5000   30.0000 2337.6860   12.0085
    7.5000   37.5000   30.0000 2328.3901   12.1318
   -7.5000   45.0000   30.0000 2179.9209   13.2702
    0.0000   45.0000   30.0000 2196.7644   13.1419
    7.5000   45.0000   30.0000 2188.8198   13.2626
   -7.5000  -45.0000   37.5000 2208.0681   14.2012
    0.0000  -45.0000   37.5000 2229.4551   14.1032
    7.5000  -45.0000   37.5000 2207.0190   14.2912
   -7.5000  -37.5000   37.5000 2328.6960   12.8450
    0.0000  -37.5000   37.5000 2354.5857   12.7597
    7.5000  -37.5000   37.5000 2330.3547   12.9028
   -7.5000  -30.0000   37.5000 2432.8101   11.8417
    0.0000  -30.0000   37.5000 2456.8391   11.7436
    7.5000  -30.0000   37.5000 2435.2458   11.9119
   -7.5000  -22.5000   37.5000 2520.7717   11.1217
    0.0000  -22.5000   37.5000 2550.9253   11.0292
    7.5000  -22.5000   37.5000 2530.4333   11.1925
   -7.5000  -15.0000   37.5000 2587.1570   10.6176
    0.0000  -15.0000   37.5000 2618.3325   10.5145
    7.5000  -15.0000   37.5000 2600.2991   10.6836
   -7.5000   -7.5000   37.5000 2621.7065   10.2938
    0.0000   -7.5000   37.5000 2648.5505   10.1972
    7.5000   -7.5000   37.5000 2635.1011   10.3682
   -7.5000    0.0000   37.5000 2621.2507   10.2275
    0.0000    0.0000   37.5000 2642.0747   10.1303
    7.5000    0.0000   37.5000 2631.9983   10.3065
   -7.5000    7.5000   37.5000 2587.7388   10.3797
    0.0000    7.5000   37.5000 2605.5833   10.2864
    7.5000    7.5000   37.5000 2598.9548   10.4434
   -7.5000   15.0000   37.5000 2528.3662   10.7232
    0.0000   15.0000   37.5000 2555.0708   10.6460
    7.5000   15.0000   37.5000 2546.6836   10.7964
   -7.5000   22.5000   37.5000 2450.0317   11.2567
    0.0000   22.5000   37.5000 2474.0244   11.1694
    7.5000   22.5000   37.5000 2463.8572   11.3075
   -7.5000   30.0000   37.5000 2355.0693   11.9050
    0.0000   30.0000   37.5000 2375.1038   11.8221
    7.5000   30.0000   37.5000 2364.0586   11.9369
   -7.5000   37.5000   37.5000 2240.4275   12.8064
    0.0000   37.5000   37.5000 2258.5247   12.7102
    7.5000   37.5000   37.5000 2251.0198   12.8240
   -7.5000   45.0000   37.5000 2111.4768   14.0216
    0.0000   45.0000   37.5000 2126.1265   13.9333
    7.5000   45.0000   37.5000 2117.1716   14.0119
   -7.5000  -45.0000   45.0000 2138.9841   15.3291
    0.0000  -45.0000   45.0000 2158.9917   15.2219
    7.5000  -45.0000   45.0000 2140.1074   15.3915
   -7.5000  -37.5000   45.0000 2255.0950   13.9051
    0.0000  -37.5000   45.0000 2282.7756   13.8118
    7.5000  -37.5000   45.0000 2262.6060   13.9593
   -7.5000  -30.0000   45.0000 2351.5293   12.8391
    0.0000  -30.0000   45.0000 2380.4631   12.7590
    7.5000  -30.0000   45.0000 2364.4541   12.9235
   -7.5000  -22.5000   45.0000 2434.4851   12.0737
    0.0000  -22.5000   45.0000 2463.8918   11.9904
    7.5000  -22.5000   45.0000 2450.3384   12.1589
   -7.5000  -15.0000   45.0000 2490.5483   11.5345
    0.0000  -15.0000   45.0000 2517.3652   11.4434
    7.5000  -15.0000   45.0000 2506.2629   11.6129
   -7.5000   -7.5000   45.0000 2518.6606   11.1928
    0.0000   -7.5000   45.0000 2538.2390   11.0981
    7.5000   -7.5000   45.0000 2530.7749   11.2769
   -7.5000    0.0000   45.0000 2510.0237   11.1244
    0.0000    0.0000   45.0000 2530.4084   11.0345
    7.5000    0.0000   45.0000 2522.4622   11.1911
   -7.5000    7.5000   45.0000 2483.3516   11.2325
    0.0000    7.5000   45.0000 2499.9917   11.1585
    7.5000    7.5000   45.0000 2491.6228   11.3109
   -7.5000   15.0000   45.0000 2431.5391   11.6108
    0.0000   15.0000   45.0000 2454.3757   11.5364
    7.5000   15.0000   45.0000 2443.8169   11.6713
   -7.5000   22.5000   45.0000 2361.8096   12.1370
    0.0000   22.5000   45.0000 2385.0681   12.0538
    7.5000   22.5000   45.0000 2377.3972   12.1569
   -7.5000   30.0000   45.0000 2272.9734   12.7765
    0.0000   30.0000   45.0000 2290.2822   12.6926
    7.5000   30.0000   45.0000 2279.6428   12.7812
   -7.5000   37.5000   45.0000 2161.4087   13.6604
    0.0000   37.5000   45.0000 2179.7578   13.5757
    7.5000   37.5000   45.0000 2172.3811   13.6692
   -7.5000   45.0000   45.0000 2035.1501   14.9398
    0.0000   45.0000   45.0000 2052.6345   14.8513
    7.5000   45.0000   45.0000 2044.7972   14.9372

---------------------------------------------------------------------
imgreg_4dfp /opt/freesurfer/average/711-2C_as_mni_average_305 /opt/freesurfer/average/711-2B_as_mni_average_305_mask talsrcimg_g11 none talsrcimg_to_711-2C_as_mni_average_305_t4 1283
---------------------------------------------------------------------

freesurfer imgreg_4dfp.c
/opt/freesurfer/average/711-2C_as_mni_average_305.4dfp.img
       256       256       256         1
  1.000000  1.000000  1.000000
orientation T byte_order littleendian
Reading image: /opt/freesurfer/average/711-2C_as_mni_average_305.4dfp.img
dimensions:      256       256       256
mmppix:       1.0000   -1.0000   -1.0000
center:     128.0000 -129.0000 -129.0000
/opt/freesurfer/average/711-2B_as_mni_average_305_mask.4dfp.img
       256       256       256         1
  1.000000  1.000000  1.000000
orientation T byte_order littleendian
Reading mask: /opt/freesurfer/average/711-2B_as_mni_average_305_mask.4dfp.img (2306576 pixels)
talsrcimg_g11.4dfp.img
       256       256       256         1
  1.000000  1.000000  1.000000
orientation T byte_order littleendian
Reading image: talsrcimg_g11.4dfp.img
dimensions:      256       256       256
mmppix:       1.0000   -1.0000   -1.0000
center:     128.0000 -129.0000 -129.0000
rotation matrix determinant  1.000000
fimgreg.f
image alignment mode   1283 decimal      503 hex
parameters
    0.0000    0.0000    0.0000    0.0000    0.0000    0.0000
eta,q 0.95190  8.04337
niter,ni,del,rscale     5    3   12.0000    1.2000
parameter  4  0.867387 ->  0.500000 qaram    1.1500
parameter  5  0.669960 ->  0.500000 qaram    1.1500
parameter  6  0.544449 ->  0.500000 qaram    1.1500
parameters
   -1.1812    1.2031    0.0454   -3.4500   -3.4500   -3.4500
eta,q 0.96023  7.89385
  0.0579  0.0580  0.0559  0.0456  0.0436  0.0413
  0.0512  0.0518  0.0527  0.0448  0.0417  0.0399
  0.0477  0.0486  0.0491  0.0456  0.0421  0.0399
  0.0492  0.0476  0.0474  0.0474  0.0449  0.0415
  0.0536  0.0476  0.0482  0.0493  0.0495  0.0445
  0.0594  0.0483  0.0516  0.0518  0.0545  0.0485
  0.0659  0.0515  0.0565  0.0543  0.0593  0.0531
niter,ni,del,rscale     7    3   12.0000    1.2000
parameters
   -0.5492    2.3597   -0.2744   -4.3761   -4.1762   -3.2376
eta,q 0.96163  7.92862
  0.0611  0.0569  0.0482  0.0459  0.0479  0.0466
  0.0512  0.0488  0.0435  0.0405  0.0428  0.0432
  0.0435  0.0427  0.0396  0.0383  0.0393  0.0397
  0.0398  0.0396  0.0391  0.0389  0.0383  0.0384
  0.0410  0.0394  0.0417  0.0414  0.0406  0.0391
  0.0466  0.0425  0.0454  0.0451  0.0462  0.0420
  0.0537  0.0472  0.0494  0.0488  0.0531  0.0460
niter,ni,del,rscale     6    3   12.0000    1.2000
parameters
   -0.2898    2.6931   -0.4855   -4.6978   -4.4590   -3.1769
eta,q 0.96166  7.94604
  0.0581  0.0533  0.0483  0.0472  0.0486  0.0461
  0.0481  0.0453  0.0437  0.0415  0.0436  0.0425
  0.0409  0.0401  0.0395  0.0384  0.0398  0.0393
  0.0384  0.0384  0.0385  0.0384  0.0383  0.0383
  0.0408  0.0403  0.0410  0.0402  0.0395  0.0393
  0.0470  0.0444  0.0448  0.0437  0.0444  0.0422
  0.0542  0.0494  0.0492  0.0478  0.0512  0.0459
niter,ni,del,rscale     5    3   12.0000    1.2000
parameters
   -0.1811    2.8116   -0.5929   -4.8497   -4.5702   -3.1535
eta,q 0.96164  7.95352
  0.0570  0.0523  0.0485  0.0476  0.0489  0.0459
  0.0471  0.0444  0.0441  0.0419  0.0439  0.0423
  0.0404  0.0395  0.0398  0.0386  0.0401  0.0392
  0.0383  0.0384  0.0384  0.0384  0.0383  0.0384
  0.0411  0.0407  0.0408  0.0400  0.0392  0.0393
  0.0473  0.0450  0.0446  0.0432  0.0438  0.0422
  0.0547  0.0500  0.0490  0.0476  0.0505  0.0458
niter,ni,del,rscale     4    3   12.0000    1.2000
parameters
   -0.1382    2.8687   -0.6380   -4.9191   -4.6143   -3.1442
eta,q 0.96162  7.95681
  0.0565  0.0520  0.0486  0.0478  0.0490  0.0459
  0.0467  0.0441  0.0443  0.0421  0.0441  0.0422
  0.0402  0.0393  0.0400  0.0387  0.0402  0.0391
  0.0384  0.0384  0.0384  0.0384  0.0384  0.0384
  0.0412  0.0408  0.0407  0.0399  0.0391  0.0393
  0.0475  0.0451  0.0444  0.0429  0.0435  0.0422
  0.0549  0.0501  0.0488  0.0474  0.0502  0.0457
niter,ni,del,rscale     3    3   12.0000    1.2000
parameters
   -0.1222    2.8945   -0.6569   -4.9502   -4.6313   -3.1412
eta,q 0.96160  7.95820
  0.0564  0.0519  0.0487  0.0479  0.0491  0.0458
  0.0466  0.0440  0.0444  0.0422  0.0441  0.0421
  0.0401  0.0392  0.0401  0.0387  0.0402  0.0391
  0.0384  0.0384  0.0384  0.0384  0.0384  0.0384
  0.0413  0.0409  0.0406  0.0399  0.0391  0.0394
  0.0476  0.0452  0.0444  0.0428  0.0435  0.0422
  0.0550  0.0501  0.0488  0.0474  0.0501  0.0457
registration optimization eta report
parameter search radius
    6.0000    6.0000    6.0000    6.9000    6.9000    6.9000
100000*second partial in parameter space
       47.       35.       27.       20.       24.       15.
  0.0564  0.0519  0.0487  0.0479  0.0491  0.0458
  0.0466  0.0440  0.0444  0.0422  0.0441  0.0421
  0.0401  0.0392  0.0401  0.0387  0.0402  0.0391
  0.0384  0.0384  0.0384  0.0384  0.0384  0.0384
  0.0413  0.0409  0.0406  0.0399  0.0391  0.0394
  0.0476  0.0452  0.0444  0.0428  0.0435  0.0422
  0.0550  0.0501  0.0488  0.0474  0.0501  0.0457
   -0.1222    2.8945   -0.6569   -4.9502   -4.6313   -3.1412
eta,q 0.96160  7.95820

---------------------------------------------------------------------
imgreg_4dfp /opt/freesurfer/average/711-2C_as_mni_average_305 /opt/freesurfer/average/711-2B_as_mni_average_305_mask talsrcimg_g11 none talsrcimg_to_711-2C_as_mni_average_305_t4 3335
---------------------------------------------------------------------

freesurfer imgreg_4dfp.c
/opt/freesurfer/average/711-2C_as_mni_average_305.4dfp.img
       256       256       256         1
  1.000000  1.000000  1.000000
orientation T byte_order littleendian
Reading image: /opt/freesurfer/average/711-2C_as_mni_average_305.4dfp.img
dimensions:      256       256       256
mmppix:       1.0000   -1.0000   -1.0000
center:     128.0000 -129.0000 -129.0000
/opt/freesurfer/average/711-2B_as_mni_average_305_mask.4dfp.img
       256       256       256         1
  1.000000  1.000000  1.000000
orientation T byte_order littleendian
Reading mask: /opt/freesurfer/average/711-2B_as_mni_average_305_mask.4dfp.img (2306576 pixels)
talsrcimg_g11.4dfp.img
       256       256       256         1
  1.000000  1.000000  1.000000
orientation T byte_order littleendian
Reading image: talsrcimg_g11.4dfp.img
dimensions:      256       256       256
mmppix:       1.0000   -1.0000   -1.0000
center:     128.0000 -129.0000 -129.0000
fimgreg.f
image alignment mode   3335 decimal      D07 hex
parameters
   -0.1222    2.8945   -0.6569   -0.4763   -0.4845   -0.6983
    4.7636    8.5049   -5.4619    8.1752   -8.0743   -8.6008
eta,q 0.96133  8.04550
niter,ni,del,rscale     5    3    5.0000    1.2000
parameter  4  0.922352 ->  0.500000 qaram    1.1500
parameter  5  1.947298 ->  0.500000 qaram    1.1500
parameter  6  0.925731 ->  0.500000 qaram    1.1500
parameter 10  0.525145 ->  0.500000 qaram    1.1500
parameter 12  0.995545 ->  0.500000 qaram    1.1500
parameters
    0.1776    3.3462   -0.8857   -4.6163   -4.6245   -4.8383
    5.1957   10.0104   -2.5218    4.0352   -6.1439  -12.7408
eta,q 0.97395  7.61451
  0.0425  0.0414  0.0397  0.0353  0.0304  0.0284  0.0312  0.0348  0.0316  0.0279  0.0289  0.0260
  0.0407  0.0401  0.0390  0.0357  0.0317  0.0284  0.0298  0.0321  0.0301  0.0271  0.0280  0.0260
  0.0393  0.0392  0.0386  0.0367  0.0335  0.0296  0.0289  0.0300  0.0290  0.0271  0.0274  0.0263
  0.0387  0.0386  0.0385  0.0385  0.0359  0.0322  0.0286  0.0286  0.0283  0.0280  0.0270  0.0269
  0.0387  0.0385  0.0388  0.0413  0.0388  0.0355  0.0288  0.0283  0.0280  0.0295  0.0269  0.0277
  0.0395  0.0390  0.0394  0.0450  0.0418  0.0396  0.0295  0.0293  0.0281  0.0319  0.0271  0.0287
  0.0411  0.0399  0.0403  0.0493  0.0452  0.0448  0.0306  0.0314  0.0286  0.0347  0.0276  0.0299
niter,ni,del,rscale     7    3    5.0000    1.2000
parameter  5  0.748959 ->  0.500000 qaram    1.3225
parameters
    0.0253    3.2657   -1.3016   -6.8534   -9.3855   -7.1277
    4.7522    9.6578   -2.9105    5.8629   -5.7402  -15.0372
eta,q 0.97606  7.34727
  0.0290  0.0284  0.0274  0.0276  0.0242  0.0260  0.0267  0.0281  0.0262  0.0296  0.0253  0.0248
  0.0273  0.0271  0.0265  0.0265  0.0239  0.0251  0.0253  0.0261  0.0251  0.0271  0.0247  0.0242
  0.0263  0.0263  0.0260  0.0259  0.0245  0.0244  0.0245  0.0247  0.0244  0.0253  0.0242  0.0239
  0.0260  0.0260  0.0260  0.0260  0.0259  0.0240  0.0243  0.0243  0.0243  0.0243  0.0241  0.0241
  0.0266  0.0264  0.0265  0.0269  0.0280  0.0251  0.0248  0.0248  0.0246  0.0241  0.0242  0.0246
  0.0278  0.0273  0.0275  0.0289  0.0307  0.0283  0.0258  0.0265  0.0254  0.0248  0.0245  0.0255
  0.0298  0.0288  0.0288  0.0321  0.0343  0.0324  0.0272  0.0291  0.0266  0.0264  0.0251  0.0265
niter,ni,del,rscale     7    3    5.0000    1.2000
parameters
   -0.0593    3.3782   -1.6821   -6.0888  -11.1762   -7.6057
    4.6180    9.6648   -2.9289    6.5717   -5.4870  -15.4420
eta,q 0.97616  7.30250
  0.0270  0.0269  0.0250  0.0272  0.0264  0.0268  0.0265  0.0281  0.0259  0.0279  0.0251  0.0254
  0.0252  0.0253  0.0243  0.0257  0.0249  0.0254  0.0250  0.0260  0.0248  0.0257  0.0244  0.0245
  0.0242  0.0243  0.0239  0.0246  0.0239  0.0245  0.0241  0.0245  0.0241  0.0244  0.0240  0.0240
  0.0239  0.0239  0.0239  0.0239  0.0238  0.0238  0.0239  0.0239  0.0239  0.0239  0.0238  0.0238
  0.0244  0.0242  0.0243  0.0238  0.0248  0.0236  0.0243  0.0243  0.0241  0.0240  0.0240  0.0241
  0.0256  0.0250  0.0249  0.0247  0.0268  0.0253  0.0252  0.0258  0.0248  0.0250  0.0243  0.0248
  0.0274  0.0263  0.0259  0.0265  0.0298  0.0286  0.0266  0.0283  0.0259  0.0267  0.0249  0.0257
niter,ni,del,rscale     6    3    5.0000    1.2000
parameters
   -0.0667    3.5471   -1.7381   -5.9629  -11.4360   -7.6411
    4.5715    9.6859   -2.9856    6.8837   -5.4606  -15.6328
eta,q 0.97617  7.30009
  0.0271  0.0267  0.0252  0.0268  0.0275  0.0271  0.0265  0.0281  0.0258  0.0274  0.0250  0.0255
  0.0253  0.0252  0.0244  0.0255  0.0257  0.0256  0.0251  0.0260  0.0247  0.0254  0.0244  0.0246
  0.0242  0.0242  0.0240  0.0244  0.0244  0.0246  0.0241  0.0245  0.0240  0.0243  0.0240  0.0240
  0.0238  0.0238  0.0238  0.0238  0.0238  0.0238  0.0239  0.0239  0.0238  0.0238  0.0238  0.0238
  0.0242  0.0240  0.0240  0.0239  0.0242  0.0235  0.0242  0.0242  0.0241  0.0241  0.0240  0.0241
  0.0254  0.0248  0.0245  0.0250  0.0257  0.0248  0.0252  0.0258  0.0248  0.0251  0.0243  0.0247
  0.0271  0.0260  0.0254  0.0270  0.0281  0.0280  0.0265  0.0283  0.0258  0.0269  0.0250  0.0256
niter,ni,del,rscale     5    3    5.0000    1.2000
parameters
   -0.0608    3.6144   -1.7687   -5.9616  -11.5084   -7.6645
    4.5538    9.7147   -2.9916    7.0110   -5.4724  -15.7262
eta,q 0.97616  7.29858
  0.0271  0.0265  0.0253  0.0268  0.0276  0.0271  0.0265  0.0281  0.0258  0.0272  0.0250  0.0255
  0.0253  0.0250  0.0245  0.0254  0.0257  0.0256  0.0251  0.0260  0.0247  0.0253  0.0244  0.0246
  0.0242  0.0241  0.0240  0.0244  0.0245  0.0246  0.0241  0.0245  0.0240  0.0242  0.0240  0.0240
  0.0238  0.0238  0.0238  0.0238  0.0238  0.0238  0.0238  0.0238  0.0238  0.0238  0.0238  0.0238
  0.0242  0.0241  0.0240  0.0240  0.0241  0.0235  0.0242  0.0242  0.0241  0.0241  0.0240  0.0240
  0.0253  0.0249  0.0245  0.0250  0.0256  0.0248  0.0251  0.0258  0.0247  0.0252  0.0243  0.0247
  0.0271  0.0261  0.0254  0.0271  0.0279  0.0280  0.0265  0.0282  0.0258  0.0270  0.0250  0.0256
niter,ni,del,rscale     4    3    5.0000    1.2000
parameters
   -0.0568    3.6411   -1.7859   -5.9662  -11.5368   -7.6765
    4.5444    9.7290   -2.9901    7.0702   -5.4777  -15.7672
eta,q 0.97616  7.29781
  0.0271  0.0264  0.0253  0.0268  0.0276  0.0271  0.0265  0.0281  0.0258  0.0271  0.0250  0.0255
  0.0253  0.0250  0.0245  0.0254  0.0258  0.0256  0.0251  0.0260  0.0247  0.0253  0.0244  0.0246
  0.0242  0.0241  0.0240  0.0244  0.0245  0.0246  0.0242  0.0245  0.0240  0.0242  0.0240  0.0240
  0.0238  0.0238  0.0238  0.0238  0.0238  0.0238  0.0238  0.0238  0.0238  0.0238  0.0238  0.0238
  0.0242  0.0241  0.0240  0.0240  0.0241  0.0235  0.0242  0.0242  0.0241  0.0241  0.0240  0.0240
  0.0253  0.0249  0.0245  0.0251  0.0256  0.0248  0.0251  0.0258  0.0247  0.0252  0.0243  0.0247
  0.0271  0.0262  0.0253  0.0272  0.0279  0.0280  0.0265  0.0282  0.0258  0.0271  0.0250  0.0256
niter,ni,del,rscale     3    3    5.0000    1.2000
parameters
   -0.0535    3.6542   -1.7931   -5.9686  -11.5491   -7.6825
    4.5390    9.7348   -2.9841    7.0932   -5.4811  -15.7812
eta,q 0.97615  7.29741
  0.0271  0.0263  0.0253  0.0268  0.0276  0.0271  0.0265  0.0281  0.0258  0.0271  0.0250  0.0256
  0.0253  0.0249  0.0245  0.0254  0.0258  0.0256  0.0251  0.0260  0.0247  0.0252  0.0244  0.0246
  0.0242  0.0241  0.0240  0.0244  0.0245  0.0246  0.0242  0.0245  0.0240  0.0242  0.0240  0.0240
  0.0238  0.0238  0.0238  0.0238  0.0238  0.0238  0.0238  0.0238  0.0238  0.0238  0.0238  0.0238
  0.0242  0.0241  0.0240  0.0240  0.0241  0.0235  0.0242  0.0242  0.0241  0.0242  0.0240  0.0240
  0.0253  0.0250  0.0245  0.0251  0.0256  0.0248  0.0251  0.0258  0.0247  0.0252  0.0243  0.0246
  0.0271  0.0262  0.0253  0.0272  0.0279  0.0280  0.0265  0.0283  0.0258  0.0271  0.0250  0.0256
registration optimization eta report
parameter search radius
    2.4000    2.4000    2.4000    8.2800    9.5220    8.2800
    7.2000    7.2000    7.2000    8.2800    7.2000    8.2800
100000*second partial in parameter space
       56.       43.       26.        5.        4.        6.
        5.        8.        4.        5.        2.        2.
  0.0271  0.0263  0.0253  0.0268  0.0276  0.0271  0.0265  0.0281  0.0258  0.0271  0.0250  0.0256
  0.0253  0.0249  0.0245  0.0254  0.0258  0.0256  0.0251  0.0260  0.0247  0.0252  0.0244  0.0246
  0.0242  0.0241  0.0240  0.0244  0.0245  0.0246  0.0242  0.0245  0.0240  0.0242  0.0240  0.0240
  0.0238  0.0238  0.0238  0.0238  0.0238  0.0238  0.0238  0.0238  0.0238  0.0238  0.0238  0.0238
  0.0242  0.0241  0.0240  0.0240  0.0241  0.0235  0.0242  0.0242  0.0241  0.0242  0.0240  0.0240
  0.0253  0.0250  0.0245  0.0251  0.0256  0.0248  0.0251  0.0258  0.0247  0.0252  0.0243  0.0246
  0.0271  0.0262  0.0253  0.0272  0.0279  0.0280  0.0265  0.0283  0.0258  0.0271  0.0250  0.0256
   -0.0535    3.6542   -1.7931   -5.9686  -11.5491   -7.6825
    4.5390    9.7348   -2.9841    7.0932   -5.4811  -15.7812
eta,q 0.97615  7.29741

---------------------------------------------------------------------
imgreg_4dfp /opt/freesurfer/average/711-2C_as_mni_average_305 /opt/freesurfer/average/711-2B_as_mni_average_305_mask talsrcimg_g11 none talsrcimg_to_711-2C_as_mni_average_305_t4 2311
---------------------------------------------------------------------

freesurfer imgreg_4dfp.c
/opt/freesurfer/average/711-2C_as_mni_average_305.4dfp.img
       256       256       256         1
  1.000000  1.000000  1.000000
orientation T byte_order littleendian
Reading image: /opt/freesurfer/average/711-2C_as_mni_average_305.4dfp.img
dimensions:      256       256       256
mmppix:       1.0000   -1.0000   -1.0000
center:     128.0000 -129.0000 -129.0000
/opt/freesurfer/average/711-2B_as_mni_average_305_mask.4dfp.img
       256       256       256         1
  1.000000  1.000000  1.000000
orientation T byte_order littleendian
Reading mask: /opt/freesurfer/average/711-2B_as_mni_average_305_mask.4dfp.img (2306576 pixels)
talsrcimg_g11.4dfp.img
       256       256       256         1
  1.000000  1.000000  1.000000
orientation T byte_order littleendian
Reading image: talsrcimg_g11.4dfp.img
dimensions:      256       256       256
mmppix:       1.0000   -1.0000   -1.0000
center:     128.0000 -129.0000 -129.0000
fimgreg.f
image alignment mode   2311 decimal      907 hex
parameters
   -0.0535    3.6542   -1.7931   -5.9686  -11.5491   -7.6825
    4.5390    9.7348   -2.9841    7.0932   -5.4811  -15.7812
eta,q 0.97615  7.29741
niter,ni,del,rscale     5    3    5.0000    0.8000
parameters
   -0.0648    3.6336   -1.8058   -5.3684  -11.0782   -6.2149
    4.6315    9.8669   -2.7628    6.8859   -5.6443  -16.0458
eta,q 0.97654  7.37862
  0.0253  0.0249  0.0245  0.0251  0.0250  0.0253  0.0248  0.0259  0.0244  0.0245  0.0240  0.0240
  0.0245  0.0243  0.0241  0.0245  0.0245  0.0247  0.0241  0.0247  0.0239  0.0239  0.0237  0.0237
  0.0240  0.0240  0.0239  0.0241  0.0240  0.0242  0.0236  0.0239  0.0236  0.0236  0.0235  0.0235
  0.0238  0.0238  0.0238  0.0238  0.0238  0.0238  0.0235  0.0235  0.0235  0.0235  0.0235  0.0235
  0.0240  0.0240  0.0239  0.0238  0.0238  0.0235  0.0236  0.0237  0.0235  0.0236  0.0236  0.0236
  0.0245  0.0244  0.0241  0.0241  0.0241  0.0236  0.0240  0.0245  0.0238  0.0240  0.0238  0.0238
  0.0253  0.0250  0.0245  0.0247  0.0247  0.0243  0.0247  0.0258  0.0243  0.0248  0.0241  0.0242
niter,ni,del,rscale     4    3    5.0000    0.7000
parameters
   -0.0700    3.6067   -1.5675   -5.5451  -10.9862   -6.0610
    4.5954    9.9096   -2.7631    6.9490   -5.7900  -15.8301
eta,q 0.97659  7.38050
  0.0247  0.0243  0.0243  0.0243  0.0243  0.0246  0.0244  0.0253  0.0241  0.0243  0.0239  0.0240
  0.0240  0.0238  0.0239  0.0238  0.0239  0.0242  0.0239  0.0243  0.0237  0.0239  0.0236  0.0237
  0.0236  0.0235  0.0236  0.0235  0.0236  0.0238  0.0235  0.0237  0.0235  0.0236  0.0235  0.0235
  0.0235  0.0235  0.0235  0.0234  0.0234  0.0234  0.0234  0.0234  0.0234  0.0234  0.0234  0.0234
  0.0236  0.0236  0.0235  0.0236  0.0235  0.0234  0.0235  0.0236  0.0235  0.0235  0.0235  0.0235
  0.0240  0.0239  0.0236  0.0239  0.0238  0.0238  0.0239  0.0242  0.0237  0.0238  0.0237  0.0236
  0.0247  0.0244  0.0239  0.0245  0.0243  0.0248  0.0244  0.0253  0.0241  0.0243  0.0239  0.0239
niter,ni,del,rscale     3    3    5.0000    0.6000
parameters
   -0.0704    3.5724   -1.5048   -5.5643  -10.9555   -5.8276
    4.6005    9.9895   -2.7284    6.8830   -5.8556  -15.8406
eta,q 0.97662  7.38783
  0.0243  0.0240  0.0239  0.0241  0.0241  0.0244  0.0241  0.0248  0.0239  0.0240  0.0237  0.0237
  0.0238  0.0237  0.0237  0.0237  0.0237  0.0240  0.0237  0.0241  0.0236  0.0237  0.0235  0.0235
  0.0235  0.0235  0.0235  0.0235  0.0235  0.0237  0.0235  0.0236  0.0234  0.0235  0.0234  0.0234
  0.0234  0.0234  0.0234  0.0234  0.0234  0.0234  0.0234  0.0234  0.0234  0.0234  0.0234  0.0234
  0.0235  0.0235  0.0235  0.0235  0.0235  0.0234  0.0235  0.0235  0.0234  0.0234  0.0234  0.0234
  0.0238  0.0237  0.0236  0.0237  0.0237  0.0237  0.0237  0.0240  0.0236  0.0237  0.0236  0.0235
  0.0243  0.0241  0.0238  0.0241  0.0241  0.0244  0.0241  0.0248  0.0239  0.0241  0.0238  0.0237
niter,ni,del,rscale     2    3    5.0000    0.5000
parameters
   -0.0632    3.5550   -1.4577   -5.5820  -10.8961   -5.6094
    4.6091   10.0389   -2.6872    6.8698   -5.9147  -15.8656
eta,q 0.97663  7.39587
  0.0240  0.0238  0.0238  0.0239  0.0239  0.0242  0.0239  0.0244  0.0237  0.0238  0.0236  0.0236
  0.0237  0.0236  0.0236  0.0236  0.0236  0.0239  0.0236  0.0239  0.0235  0.0236  0.0235  0.0235
  0.0235  0.0234  0.0234  0.0234  0.0235  0.0236  0.0234  0.0235  0.0234  0.0234  0.0234  0.0234
  0.0234  0.0234  0.0234  0.0234  0.0234  0.0234  0.0234  0.0234  0.0234  0.0234  0.0234  0.0234
  0.0234  0.0234  0.0234  0.0234  0.0234  0.0234  0.0234  0.0235  0.0234  0.0234  0.0234  0.0234
  0.0237  0.0236  0.0235  0.0236  0.0236  0.0236  0.0236  0.0238  0.0235  0.0236  0.0235  0.0235
  0.0240  0.0239  0.0237  0.0239  0.0238  0.0241  0.0239  0.0244  0.0237  0.0239  0.0236  0.0236
niter,ni,del,rscale     1    3    5.0000    0.4000
parameters
   -0.0575    3.5508   -1.4152   -5.6210  -10.8648   -5.4283
    4.6197   10.0774   -2.6581    6.8842   -5.9593  -15.9365
eta,q 0.97665  7.40151
  0.0238  0.0237  0.0236  0.0237  0.0237  0.0239  0.0237  0.0240  0.0236  0.0237  0.0235  0.0235
  0.0235  0.0235  0.0235  0.0235  0.0235  0.0237  0.0235  0.0237  0.0235  0.0235  0.0234  0.0234
  0.0234  0.0234  0.0234  0.0234  0.0234  0.0235  0.0234  0.0234  0.0234  0.0234  0.0234  0.0234
  0.0234  0.0234  0.0234  0.0234  0.0234  0.0234  0.0233  0.0233  0.0233  0.0233  0.0233  0.0233
  0.0234  0.0234  0.0234  0.0234  0.0234  0.0234  0.0234  0.0234  0.0234  0.0234  0.0234  0.0234
  0.0235  0.0235  0.0234  0.0235  0.0235  0.0235  0.0235  0.0236  0.0234  0.0235  0.0234  0.0234
  0.0238  0.0237  0.0236  0.0237  0.0237  0.0238  0.0237  0.0240  0.0236  0.0237  0.0235  0.0235
registration optimization eta report
parameter search radius
    0.8000    0.8000    0.8000    2.4000    2.4000    2.4000
    2.4000    2.4000    2.4000    2.4000    2.4000    2.4000
100000*second partial in parameter space
       62.       46.       35.        6.        5.        9.
        6.       12.        4.        6.        3.        3.
  0.0238  0.0237  0.0236  0.0237  0.0237  0.0239  0.0237  0.0240  0.0236  0.0237  0.0235  0.0235
  0.0235  0.0235  0.0235  0.0235  0.0235  0.0237  0.0235  0.0237  0.0235  0.0235  0.0234  0.0234
  0.0234  0.0234  0.0234  0.0234  0.0234  0.0235  0.0234  0.0234  0.0234  0.0234  0.0234  0.0234
  0.0234  0.0234  0.0234  0.0234  0.0234  0.0234  0.0233  0.0233  0.0233  0.0233  0.0233  0.0233
  0.0234  0.0234  0.0234  0.0234  0.0234  0.0234  0.0234  0.0234  0.0234  0.0234  0.0234  0.0234
  0.0235  0.0235  0.0234  0.0235  0.0235  0.0235  0.0235  0.0236  0.0234  0.0235  0.0234  0.0234
  0.0238  0.0237  0.0236  0.0237  0.0237  0.0238  0.0237  0.0240  0.0236  0.0237  0.0235  0.0235
   -0.0575    3.5508   -1.4152   -5.6210  -10.8648   -5.4283
    4.6197   10.0774   -2.6581    6.8842   -5.9593  -15.9365
eta,q 0.97665  7.40151

---------------------------------------------------------------------
imgreg_4dfp /opt/freesurfer/average/711-2C_as_mni_average_305 /opt/freesurfer/average/711-2B_as_mni_average_305_mask talsrcimg_g11 none talsrcimg_to_711-2C_as_mni_average_305_t4 2311
---------------------------------------------------------------------

freesurfer imgreg_4dfp.c
/opt/freesurfer/average/711-2C_as_mni_average_305.4dfp.img
       256       256       256         1
  1.000000  1.000000  1.000000
orientation T byte_order littleendian
Reading image: /opt/freesurfer/average/711-2C_as_mni_average_305.4dfp.img
dimensions:      256       256       256
mmppix:       1.0000   -1.0000   -1.0000
center:     128.0000 -129.0000 -129.0000
/opt/freesurfer/average/711-2B_as_mni_average_305_mask.4dfp.img
       256       256       256         1
  1.000000  1.000000  1.000000
orientation T byte_order littleendian
Reading mask: /opt/freesurfer/average/711-2B_as_mni_average_305_mask.4dfp.img (2306576 pixels)
talsrcimg_g11.4dfp.img
       256       256       256         1
  1.000000  1.000000  1.000000
orientation T byte_order littleendian
Reading image: talsrcimg_g11.4dfp.img
dimensions:      256       256       256
mmppix:       1.0000   -1.0000   -1.0000
center:     128.0000 -129.0000 -129.0000
fimgreg.f
image alignment mode   2311 decimal      907 hex
parameters
   -0.0575    3.5508   -1.4152   -5.6210  -10.8648   -5.4283
    4.6197   10.0774   -2.6581    6.8842   -5.9593  -15.9365
eta,q 0.97665  7.40151
niter,ni,del,rscale     5    3    5.0000    0.8000
parameters
   -0.0479    3.5702   -1.3926   -5.8270  -11.0883   -6.0480
    4.5561    9.9578   -2.7359    6.8965   -5.8776  -15.5785
eta,q 0.97657  7.36772
  0.0250  0.0246  0.0243  0.0245  0.0244  0.0247  0.0247  0.0256  0.0243  0.0246  0.0241  0.0242
  0.0241  0.0239  0.0238  0.0239  0.0238  0.0242  0.0240  0.0245  0.0238  0.0240  0.0237  0.0238
  0.0235  0.0235  0.0235  0.0235  0.0235  0.0237  0.0236  0.0237  0.0235  0.0236  0.0235  0.0235
  0.0233  0.0233  0.0233  0.0233  0.0234  0.0234  0.0234  0.0234  0.0234  0.0234  0.0234  0.0234
  0.0235  0.0235  0.0234  0.0235  0.0235  0.0236  0.0236  0.0237  0.0235  0.0235  0.0235  0.0235
  0.0240  0.0239  0.0237  0.0240  0.0239  0.0245  0.0240  0.0246  0.0239  0.0239  0.0237  0.0236
  0.0249  0.0245  0.0242  0.0247  0.0247  0.0261  0.0247  0.0259  0.0244  0.0247  0.0240  0.0240
niter,ni,del,rscale     4    3    5.0000    0.7000
parameters
   -0.0657    3.5395   -1.4624   -5.6251  -11.0144   -6.0335
    4.5936    9.9670   -2.7488    6.8142   -5.8106  -15.6408
eta,q 0.97659  7.37624
  0.0246  0.0243  0.0240  0.0244  0.0243  0.0246  0.0244  0.0252  0.0241  0.0243  0.0239  0.0239
  0.0239  0.0238  0.0237  0.0239  0.0239  0.0242  0.0239  0.0243  0.0237  0.0238  0.0236  0.0236
  0.0235  0.0235  0.0235  0.0236  0.0236  0.0237  0.0235  0.0237  0.0235  0.0235  0.0235  0.0235
  0.0234  0.0234  0.0234  0.0234  0.0234  0.0234  0.0234  0.0234  0.0234  0.0234  0.0234  0.0234
  0.0236  0.0235  0.0235  0.0235  0.0235  0.0234  0.0235  0.0236  0.0235  0.0235  0.0235  0.0235
  0.0240  0.0239  0.0238  0.0238  0.0238  0.0239  0.0238  0.0242  0.0237  0.0238  0.0236  0.0236
  0.0247  0.0243  0.0241  0.0243  0.0243  0.0249  0.0244  0.0253  0.0241  0.0244  0.0239  0.0239
niter,ni,del,rscale     3    3    5.0000    0.6000
parameters
   -0.0645    3.5362   -1.4758   -5.5786  -10.9414   -5.8213
    4.6054    9.9909   -2.7328    6.8203   -5.8322  -15.7519
eta,q 0.97662  7.38708
  0.0243  0.0241  0.0239  0.0241  0.0241  0.0244  0.0241  0.0248  0.0239  0.0241  0.0237  0.0237
  0.0238  0.0237  0.0236  0.0238  0.0237  0.0240  0.0237  0.0241  0.0236  0.0237  0.0235  0.0235
  0.0235  0.0235  0.0235  0.0235  0.0235  0.0237  0.0235  0.0236  0.0234  0.0235  0.0234  0.0234
  0.0234  0.0234  0.0234  0.0234  0.0234  0.0234  0.0234  0.0234  0.0234  0.0234  0.0234  0.0234
  0.0235  0.0235  0.0235  0.0235  0.0235  0.0234  0.0235  0.0235  0.0234  0.0234  0.0234  0.0234
  0.0238  0.0237  0.0236  0.0237  0.0237  0.0237  0.0237  0.0240  0.0236  0.0237  0.0235  0.0236
  0.0243  0.0241  0.0239  0.0241  0.0241  0.0244  0.0241  0.0248  0.0239  0.0241  0.0238  0.0238
niter,ni,del,rscale     2    3    5.0000    0.5000
parameters
   -0.0658    3.5399   -1.4449   -5.5883  -10.8844   -5.6081
    4.6141   10.0317   -2.6954    6.8364   -5.9031  -15.8382
eta,q 0.97663  7.39571
  0.0240  0.0238  0.0237  0.0239  0.0239  0.0242  0.0239  0.0244  0.0237  0.0238  0.0236  0.0236
  0.0237  0.0236  0.0236  0.0236  0.0236  0.0239  0.0236  0.0239  0.0235  0.0236  0.0235  0.0235
  0.0234  0.0234  0.0234  0.0234  0.0235  0.0236  0.0234  0.0235  0.0234  0.0234  0.0234  0.0234
  0.0234  0.0234  0.0234  0.0234  0.0234  0.0234  0.0234  0.0234  0.0234  0.0234  0.0234  0.0234
  0.0234  0.0234  0.0234  0.0234  0.0234  0.0234  0.0234  0.0235  0.0234  0.0234  0.0234  0.0234
  0.0237  0.0236  0.0235  0.0236  0.0236  0.0236  0.0236  0.0238  0.0235  0.0236  0.0235  0.0235
  0.0240  0.0238  0.0237  0.0239  0.0238  0.0241  0.0239  0.0244  0.0237  0.0239  0.0236  0.0236
niter,ni,del,rscale     1    3    5.0000    0.4000
parameters
   -0.0603    3.5425   -1.4171   -5.6192  -10.8583   -5.4307
    4.6211   10.0762   -2.6648    6.8630   -5.9404  -15.9129
eta,q 0.97665  7.40146
  0.0238  0.0237  0.0236  0.0237  0.0237  0.0239  0.0237  0.0240  0.0236  0.0237  0.0235  0.0235
  0.0235  0.0235  0.0235  0.0235  0.0235  0.0237  0.0235  0.0237  0.0235  0.0235  0.0234  0.0234
  0.0234  0.0234  0.0234  0.0234  0.0234  0.0235  0.0234  0.0234  0.0234  0.0234  0.0234  0.0234
  0.0234  0.0234  0.0234  0.0234  0.0234  0.0234  0.0233  0.0233  0.0233  0.0233  0.0233  0.0233
  0.0234  0.0234  0.0234  0.0234  0.0234  0.0234  0.0234  0.0234  0.0234  0.0234  0.0234  0.0234
  0.0235  0.0235  0.0234  0.0235  0.0235  0.0235  0.0235  0.0236  0.0234  0.0235  0.0234  0.0234
  0.0238  0.0237  0.0236  0.0237  0.0237  0.0238  0.0237  0.0240  0.0236  0.0237  0.0235  0.0235
registration optimization eta report
parameter search radius
    0.8000    0.8000    0.8000    2.4000    2.4000    2.4000
    2.4000    2.4000    2.4000    2.4000    2.4000    2.4000
100000*second partial in parameter space
       62.       46.       34.        6.        5.        9.
        6.       12.        4.        6.        3.        3.
  0.0238  0.0237  0.0236  0.0237  0.0237  0.0239  0.0237  0.0240  0.0236  0.0237  0.0235  0.0235
  0.0235  0.0235  0.0235  0.0235  0.0235  0.0237  0.0235  0.0237  0.0235  0.0235  0.0234  0.0234
  0.0234  0.0234  0.0234  0.0234  0.0234  0.0235  0.0234  0.0234  0.0234  0.0234  0.0234  0.0234
  0.0234  0.0234  0.0234  0.0234  0.0234  0.0234  0.0233  0.0233  0.0233  0.0233  0.0233  0.0233
  0.0234  0.0234  0.0234  0.0234  0.0234  0.0234  0.0234  0.0234  0.0234  0.0234  0.0234  0.0234
  0.0235  0.0235  0.0234  0.0235  0.0235  0.0235  0.0235  0.0236  0.0234  0.0235  0.0234  0.0234
  0.0238  0.0237  0.0236  0.0237  0.0237  0.0238  0.0237  0.0240  0.0236  0.0237  0.0235  0.0235
   -0.0603    3.5425   -1.4171   -5.6192  -10.8583   -5.4307
    4.6211   10.0762   -2.6648    6.8630   -5.9404  -15.9129
eta,q 0.97665  7.40146

---------------------------------------------------------------------
compute_vox2vox talsrcimg talsrcimg_to_711-2C_as_mni_average_305_t4 /opt/freesurfer/average/711-2C_as_mni_average_305
---------------------------------------------------------------------

freesurfer compute_vox2vox.c
Reading: talsrcimg.4dfp.ifh
Reading: talsrcimg_to_711-2C_as_mni_average_305_t4
Reading: /opt/freesurfer/average/711-2C_as_mni_average_305.4dfp.ifh
Writing: talsrcimg_to_711-2C_as_mni_average_305_t4_vox2vox.txt

start time Thu Mar 12 23:20:17 CET 2026
end		time Thu Mar 12 23:21:45 CET 2026

mpr2mni305 success

avi2talxfm orig_nu.mgz /opt/freesurfer/average/mni305.cor.mgz talsrcimg_to_711-2C_as_mni_average_305_t4_vox2vox.txt transforms/talairach.auto.xfm
avi2talxfm done
mv -f /out/sourcedata/freesurfer/sub-v2s3x28744_ses-1/mri/talsrcimg_to_711-2C_as_mni_average_305_t4_vox2vox.txt /out/sourcedata/freesurfer/sub-v2s3x28744_ses-1/mri/transforms/talsrcimg_to_711-2C_as_mni_average_305_t4_vox2vox.txt
lta_convert --src orig_nu.mgz --trg /opt/freesurfer/average/mni305.cor.mgz --inxfm transforms/talairach.auto.xfm --outlta transforms/talairach.auto.xfm.lta --subject fsaverage
7.3.2

--src: orig_nu.mgz src image (geometry).
--trg: /opt/freesurfer/average/mni305.cor.mgz trg image (geometry).
--inmni: transforms/talairach.auto.xfm input MNI/XFM transform.
--outlta: transforms/talairach.auto.xfm.lta output LTA.
--s: fsaverage subject name
 LTA read, type : 1
 1.05075  -0.10662  -0.07350  -17.85193;
 0.07038   1.03676   0.18143  -0.98869;
 0.02599  -0.08301   1.10564  -20.98251;
 0.00000   0.00000   0.00000   1.00000;
setting subject to fsaverage
Writing  LTA to file transforms/talairach.auto.xfm.lta...
lta_convert successful.
 
 
Started at Thu Mar 12 23:20:16 CET 2026
Ended   at Thu Mar 12 23:21:45 CET 2026
talairach_avi done
