/out/sourcedata/freesurfer/sub-v2s3x28796_ses-1/mri
/opt/freesurfer/bin/talairach_avi
--i orig_nu.mgz --xfm transforms/talairach.auto.xfm
talairach_avi 7.3.2
Linux dna034 5.14.0-427.37.1.el9_4.x86_64 #1 SMP PREEMPT_DYNAMIC Fri Sep 13 12:41:50 EDT 2024 x86_64 x86_64 x86_64 GNU/Linux
Fri Mar 13 00:26:23 CET 2026
mri_convert orig_nu.mgz talsrcimg.img 
reading from orig_nu.mgz...
TR=0.00, TE=0.00, TI=0.00, flip angle=0.00
i_ras = (-1, 0, 0)
j_ras = (0, 0, -1)
k_ras = (0, 1, 0)
writing to talsrcimg.img...
Analyze Output Matrix
-1.00000   0.00000   0.00000   132.30919;
 0.00000   0.00000   1.00000  -82.76981;
 0.00000  -1.00000   0.00000   131.85632;
 0.00000   0.00000   0.00000   1.00000;
--------------------
INFO: set hdr.hist.orient to -1
mpr2mni305 talsrcimg
Fri Mar 13 00:26:24 CET 2026
/opt/freesurfer/bin/mpr2mni305 talsrcimg
mpr2mni305 7.3.2
target=711-2C_as_mni_average_305

---------------------------------------------------------------------
analyzeto4dfp talsrcimg -O0 -y
---------------------------------------------------------------------

freesurfer ifh2hdr.c
Fri Mar 13 00:26:24 2026
Writing: talsrcimg.4dfp.hdr
freesurfer analyzeto4dfp.c
Reading: talsrcimg.hdr
header size 348 bytes
hdr.dime.datatype	offset=70	value=2
hdr.dime.bitpix		offset=72	value=8
hdr.hist.orient		offset=252	value=-1
dimensionality     4
dimensions       256       256       256         1
Reading: talsrcimg.img
Writing: talsrcimg.4dfp.img
Writing: talsrcimg.4dfp.ifh
ifh2hdr talsrcimg -r0to235
ori=2

---------------------------------------------------------------------
gauss_4dfp talsrcimg 1.1
---------------------------------------------------------------------

freesurfer gauss_4dfp.c
Reading: talsrcimg.4dfp.img
Writing: talsrcimg_g11.4dfp.img
image dimensions 256 256 256 padded to 288 288 288
processing volume 1freesurfer ifh2hdr.c
Fri Mar 13 00:26:25 2026
Writing: talsrcimg_g11.4dfp.hdr

Writing: talsrcimg_g11.4dfp.ifh
including: talsrcimg.4dfp.img.rec in talsrcimg_g11.4dfp.img.rec

---------------------------------------------------------------------
imgreg_4dfp /opt/freesurfer/average/711-2C_as_mni_average_305 none talsrcimg_g11 none talsrcimg_to_711-2C_as_mni_average_305_t4 4355
---------------------------------------------------------------------

freesurfer imgreg_4dfp.c
/opt/freesurfer/average/711-2C_as_mni_average_305.4dfp.img
       256       256       256         1
  1.000000  1.000000  1.000000
orientation T byte_order littleendian
Reading image: /opt/freesurfer/average/711-2C_as_mni_average_305.4dfp.img
dimensions:      256       256       256
mmppix:       1.0000   -1.0000   -1.0000
center:     128.0000 -129.0000 -129.0000
talsrcimg_g11.4dfp.img
       256       256       256         1
  1.000000  1.000000  1.000000
orientation T byte_order littleendian
Reading image: talsrcimg_g11.4dfp.img
dimensions:      256       256       256
mmppix:       1.0000   -1.0000   -1.0000
center:     128.0000 -129.0000 -129.0000
t4_read: open error in t4_sub.f l:  41 t4_file(1:l)talsrcimg_to_711-2C_as_mni_average_305_t4 
t4_read: transform initialized to I4
rotation matrix determinant  1.000000
image alignment mode   4355 decimal     1103 hex
   -7.5000  -45.0000  -45.0000 8971.1357   14.2604
    0.0000  -45.0000  -45.0000 9440.3867   14.2690
    7.5000  -45.0000  -45.0000 8998.4062   14.3009
   -7.5000  -37.5000  -45.0000 9570.5332   14.2355
    0.0000  -37.5000  -45.000010053.8516   14.2482
    7.5000  -37.5000  -45.0000 9570.4102   14.2861
   -7.5000  -30.0000  -45.000010502.8604   14.2239
    0.0000  -30.0000  -45.000011022.1670   14.2370
    7.5000  -30.0000  -45.000010481.8057   14.2743
   -7.5000  -22.5000  -45.000011368.6543   14.2251
    0.0000  -22.5000  -45.000011902.5527   14.2340
    7.5000  -22.5000  -45.000011328.1504   14.2633
   -7.5000  -15.0000  -45.000012121.3633   14.2306
    0.0000  -15.0000  -45.000012686.4570   14.2347
    7.5000  -15.0000  -45.000012087.6895   14.2575
   -7.5000   -7.5000  -45.000012848.6855   14.2324
    0.0000   -7.5000  -45.000013457.1582   14.2369
    7.5000   -7.5000  -45.000012782.4512   14.2614
   -7.5000    0.0000  -45.000013501.1895   14.2299
    0.0000    0.0000  -45.000014108.8184   14.2386
    7.5000    0.0000  -45.000013381.9492   14.2704
   -7.5000    7.5000  -45.000013003.1846   14.2252
    0.0000    7.5000  -45.000013599.6699   14.2379
    7.5000    7.5000  -45.000012896.5176   14.2757
   -7.5000   15.0000  -45.000012396.6299   14.2221
    0.0000   15.0000  -45.000012981.4658   14.2353
    7.5000   15.0000  -45.000012291.3740   14.2725
   -7.5000   22.5000  -45.000011677.8691   14.2231
    0.0000   22.5000  -45.000012257.6504   14.2320
    7.5000   22.5000  -45.000011621.5752   14.2613
   -7.5000   30.0000  -45.000010787.1865   14.0410
    0.0000   30.0000  -45.000011295.9082   14.0450
    7.5000   30.0000  -45.000010698.5000   14.0675
   -7.5000   37.5000  -45.000010130.3799   14.0427
    0.0000   37.5000  -45.000010595.8877   14.0471
    7.5000   37.5000  -45.000010041.3066   14.0713
   -7.5000   45.0000  -45.0000 9171.5029   13.6837
    0.0000   45.0000  -45.0000 9597.7949   13.6922
    7.5000   45.0000  -45.0000 9122.1045   13.7227
   -7.5000  -45.0000  -37.5000 9428.8730   14.2795
    0.0000  -45.0000  -37.5000 9890.1328   14.2858
    7.5000  -45.0000  -37.5000 9421.6084   14.3178
   -7.5000  -37.5000  -37.500010034.6113   14.2476
    0.0000  -37.5000  -37.500010509.8213   14.2578
    7.5000  -37.5000  -37.500010004.2412   14.2946
   -7.5000  -30.0000  -37.500010988.2705   14.2383
    0.0000  -30.0000  -37.500011496.2617   14.2479
    7.5000  -30.0000  -37.500010935.4580   14.2841
   -7.5000  -22.5000  -37.500011872.2383   14.2493
    0.0000  -22.5000  -37.500012409.7744   14.2544
    7.5000  -22.5000  -37.500011815.4258   14.2837
   -7.5000  -15.0000  -37.500012638.1670   14.2624
    0.0000  -15.0000  -37.500013230.7178   14.2632
    7.5000  -15.0000  -37.500012588.1377   14.2872
   -7.5000   -7.5000  -37.500013392.4834   14.2614
    0.0000   -7.5000  -37.500014017.9629   14.2630
    7.5000   -7.5000  -37.500013267.1123   14.2888
   -7.5000    0.0000  -37.500014060.6973   14.2488
    0.0000    0.0000  -37.500014669.3193   14.2552
    7.5000    0.0000  -37.500013866.2471   14.2871
   -7.5000    7.5000  -37.500013543.0400   14.2371
    0.0000    7.5000  -37.500014146.7246   14.2473
    7.5000    7.5000  -37.500013363.6250   14.2841
   -7.5000   15.0000  -37.500012882.2646   14.2365
    0.0000   15.0000  -37.500013478.3281   14.2461
    7.5000   15.0000  -37.500012722.8545   14.2823
   -7.5000   22.5000  -37.500012117.8203   14.2473
    0.0000   22.5000  -37.500012688.7012   14.2524
    7.5000   22.5000  -37.500012005.9668   14.2818
   -7.5000   30.0000  -37.500011174.4600   14.0724
    0.0000   30.0000  -37.500011678.2988   14.0731
    7.5000   30.0000  -37.500011038.5430   14.0968
   -7.5000   37.5000  -37.500010479.8252   14.0713
    0.0000   37.5000  -37.500010932.7021   14.0729
    7.5000   37.5000  -37.500010352.5693   14.0984
   -7.5000   45.0000  -37.5000 9503.3916   13.7020
    0.0000   45.0000  -37.5000 9906.5361   13.7081
    7.5000   45.0000  -37.5000 9410.6084   13.7387
   -7.5000  -45.0000  -30.000010008.3789   14.8820
    0.0000  -45.0000  -30.000010476.5850   14.8917
    7.5000  -45.0000  -30.0000 9988.7090   14.9278
   -7.5000  -37.5000  -30.000010632.4180   14.8457
    0.0000  -37.5000  -30.000011112.8066   14.8600
    7.5000  -37.5000  -30.000010590.2256   14.9004
   -7.5000  -30.0000  -30.000011652.3896   14.8363
    0.0000  -30.0000  -30.000012163.6807   14.8494
    7.5000  -30.0000  -30.000011572.1885   14.8888
   -7.5000  -22.5000  -30.000012583.6943   14.8514
    0.0000  -22.5000  -30.000013139.0693   14.8589
    7.5000  -22.5000  -30.000012499.4053   14.8918
   -7.5000  -15.0000  -30.000013370.3125   14.8685
    0.0000  -15.0000  -30.000013998.4707   14.8714
    7.5000  -15.0000  -30.000013287.5928   14.8992
   -7.5000   -7.5000  -30.000014137.8750   14.8670
    0.0000   -7.5000  -30.000014794.9004   14.8710
    7.5000   -7.5000  -30.000013961.2246   14.9009
   -7.5000    0.0000  -30.000014836.8320   14.8501
    0.0000    0.0000  -30.000015493.8516   14.8600
    7.5000    0.0000  -30.000014589.5664   14.8959
   -7.5000    7.5000  -30.000014342.9404   14.8347
    0.0000    7.5000  -30.000014967.6348   14.8491
    7.5000    7.5000  -30.000014093.0273   14.8895
   -7.5000   15.0000  -30.000013621.6035   14.8344
    0.0000   15.0000  -30.000014231.4004   14.8476
    7.5000   15.0000  -30.000013394.0723   14.8870
   -7.5000   22.5000  -30.000012799.1035   14.8479
    0.0000   22.5000  -30.000013363.6104   14.8553
    7.5000   22.5000  -30.000012586.2227   14.8882
   -7.5000   30.0000  -30.000011761.6191   14.6717
    0.0000   30.0000  -30.000012267.0713   14.6746
    7.5000   30.0000  -30.000011576.7930   14.7020
   -7.5000   37.5000  -30.000010998.0020   14.6703
    0.0000   37.5000  -30.000011458.5840   14.6742
    7.5000   37.5000  -30.000010846.8857   14.7038
   -7.5000   45.0000  -30.0000 9974.6289   14.2906
    0.0000   45.0000  -30.000010371.2012   14.3001
    7.5000   45.0000  -30.0000 9821.7627   14.3347
   -7.5000  -45.0000  -22.500010515.9980   15.3874
    0.0000  -45.0000  -22.500011022.0068   15.4047
    7.5000  -45.0000  -22.500010512.5830   15.4456
   -7.5000  -37.5000  -22.500011172.8223   15.3563
    0.0000  -37.5000  -22.500011703.8174   15.3784
    7.5000  -37.5000  -22.500011161.6387   15.4243
   -7.5000  -30.0000  -22.500012234.8809   15.3451
    0.0000  -30.0000  -22.500012788.5752   15.3659
    7.5000  -30.0000  -22.500012184.4395   15.4101
   -7.5000  -22.5000  -22.500013222.8799   15.3521
    0.0000  -22.5000  -22.500013827.8330   15.3672
    7.5000  -22.5000  -22.500013166.7939   15.4035
   -7.5000  -15.0000  -22.500014057.7998   15.3630
    0.0000  -15.0000  -22.500014739.5967   15.3729
    7.5000  -15.0000  -22.500014002.7812   15.4033
   -7.5000   -7.5000  -22.500014847.3613   15.3639
    0.0000   -7.5000  -22.500015519.4404   15.3748
    7.5000   -7.5000  -22.500014677.1826   15.4081
   -7.5000    0.0000  -22.500015619.2383   15.3548
    0.0000    0.0000  -22.500016230.1885   15.3721
    7.5000    0.0000  -22.500015318.5801   15.4129
   -7.5000    7.5000  -22.500015108.2852   15.3451
    0.0000    7.5000  -22.500015711.5225   15.3672
    7.5000    7.5000  -22.500014789.7803   15.4130
   -7.5000   15.0000  -22.500014336.4248   15.3431
    0.0000   15.0000  -22.500014908.1299   15.3640
    7.5000   15.0000  -22.500014025.9648   15.4082
   -7.5000   22.5000  -22.500013447.1768   15.3473
    0.0000   22.5000  -22.500013961.9150   15.3624
    7.5000   22.5000  -22.500013143.1289   15.3987
   -7.5000   30.0000  -22.500012325.9980   15.1621
    0.0000   30.0000  -22.500012816.9609   15.1718
    7.5000   30.0000  -22.500012085.0488   15.2018
   -7.5000   37.5000  -22.500011543.8896   15.1629
    0.0000   37.5000  -22.500012048.7061   15.1737
    7.5000   37.5000  -22.500011360.8750   15.2065
   -7.5000   45.0000  -22.500010455.1943   14.7874
    0.0000   45.0000  -22.500010901.4756   14.8041
    7.5000   45.0000  -22.500010287.7354   14.8434
   -7.5000  -45.0000  -15.000010987.6719   15.7465
    0.0000  -45.0000  -15.000011510.9473   15.7678
    7.5000  -45.0000  -15.000011000.5654   15.8103
   -7.5000  -37.5000  -15.000011669.1494   15.7233
    0.0000  -37.5000  -15.000012229.4707   15.7495
    7.5000  -37.5000  -15.000011675.2549   15.7980
   -7.5000  -30.0000  -15.000012754.1406   15.7098
    0.0000  -30.0000  -15.000013314.1016   15.7354
    7.5000  -30.0000  -15.000012745.5898   15.7816
   -7.5000  -22.5000  -15.000013777.4961   15.7054
    0.0000  -22.5000  -15.000014386.2627   15.7249
    7.5000  -22.5000  -15.000013775.7148   15.7618
   -7.5000  -15.0000  -15.000014698.7734   15.7073
    0.0000  -15.0000  -15.000015434.2295   15.7209
    7.5000  -15.0000  -15.000014736.9922   15.7507
   -7.5000   -7.5000  -15.000015562.8438   15.7109
    0.0000   -7.5000  -15.000016276.9082   15.7258
    7.5000   -7.5000  -15.000015469.6953   15.7590
   -7.5000    0.0000  -15.000016401.5273   15.7132
    0.0000    0.0000  -15.000016980.9785   15.7347
    7.5000    0.0000  -15.000016107.5342   15.7769
   -7.5000    7.5000  -15.000015862.6211   15.7119
    0.0000    7.5000  -15.000016395.2031   15.7382
    7.5000    7.5000  -15.000015493.5742   15.7866
   -7.5000   15.0000  -15.000015023.5498   15.7078
    0.0000   15.0000  -15.000015534.6387   15.7334
    7.5000   15.0000  -15.000014656.1494   15.7797
   -7.5000   22.5000  -15.000014068.5801   15.6998
    0.0000   22.5000  -15.000014582.4219   15.7193
    7.5000   22.5000  -15.000013733.0625   15.7563
   -7.5000   30.0000  -15.000012890.1768   15.5040
    0.0000   30.0000  -15.000013429.3496   15.5174
    7.5000   30.0000  -15.000012597.4072   15.5468
   -7.5000   37.5000  -15.000012088.7715   15.5076
    0.0000   37.5000  -15.000012658.9863   15.5223
    7.5000   37.5000  -15.000011891.4922   15.5550
   -7.5000   45.0000  -15.000010934.6426   15.1418
    0.0000   45.0000  -15.000011459.3555   15.1624
    7.5000   45.0000  -15.000010770.9385   15.2031
   -7.5000  -45.0000   -7.500011406.4580   15.9264
    0.0000  -45.0000   -7.500011976.9531   15.9432
    7.5000  -45.0000   -7.500011444.8262   15.9823
   -7.5000  -37.5000   -7.500012110.2354   15.9042
    0.0000  -37.5000   -7.500012717.6660   15.9261
    7.5000  -37.5000   -7.500012145.5547   15.9720
   -7.5000  -30.0000   -7.500013244.0625   15.8895
    0.0000  -30.0000   -7.500013842.2773   15.9117
    7.5000  -30.0000   -7.500013275.2314   15.9563
   -7.5000  -22.5000   -7.500014307.5107   15.8830
    0.0000  -22.5000   -7.500014905.6680   15.8994
    7.5000  -22.5000   -7.500014372.4414   15.9344
   -7.5000  -15.0000   -7.500015361.1836   15.8832
    0.0000  -15.0000   -7.500016112.9697   15.8935
    7.5000  -15.0000   -7.500015457.0107   15.9208
   -7.5000   -7.5000   -7.500016465.6074   15.8877
    0.0000   -7.5000   -7.500017242.7402   15.8987
    7.5000   -7.5000   -7.500016418.3809   15.9286
   -7.5000    0.0000   -7.500017410.6973   15.8926
    0.0000    0.0000   -7.500018103.1660   15.9095
    7.5000    0.0000   -7.500017120.1387   15.9484
   -7.5000    7.5000   -7.500016786.4961   15.8927
    0.0000    7.5000   -7.500017451.4590   15.9146
    7.5000    7.5000   -7.500016384.2754   15.9605
   -7.5000   15.0000   -7.500015784.2178   15.8875
    0.0000   15.0000   -7.500016445.8730   15.9097
    7.5000   15.0000   -7.500015379.5674   15.9544
   -7.5000   22.5000   -7.500014658.8965   15.8756
    0.0000   22.5000   -7.500015306.4609   15.8920
    7.5000   22.5000   -7.500014321.8135   15.9270
   -7.5000   30.0000   -7.500013393.6680   15.6773
    0.0000   30.0000   -7.500014031.6328   15.6874
    7.5000   30.0000   -7.500013117.0479   15.7143
   -7.5000   37.5000   -7.500012587.1943   15.6817
    0.0000   37.5000   -7.500013228.0117   15.6926
    7.5000   37.5000   -7.500012403.3672   15.7220
   -7.5000   45.0000   -7.500011390.2402   15.3175
    0.0000   45.0000   -7.500011946.7959   15.3338
    7.5000   45.0000   -7.500011237.4932   15.3712
   -7.5000  -45.0000    0.000011757.1699   15.9577
    0.0000  -45.0000    0.000012302.3779   15.9674
    7.5000  -45.0000    0.000011803.1660   16.0031
   -7.5000  -37.5000    0.000012474.2568   15.9299
    0.0000  -37.5000    0.000013043.6250   15.9441
    7.5000  -37.5000    0.000012526.9570   15.9865
   -7.5000  -30.0000    0.000013620.0693   15.9169
    0.0000  -30.0000    0.000014210.0762   15.9316
    7.5000  -30.0000    0.000013692.0840   15.9733
   -7.5000  -22.5000    0.000014773.9727   15.9183
    0.0000  -22.5000    0.000015438.5107   15.9282
    7.5000  -22.5000    0.000014835.6641   15.9610
   -7.5000  -15.0000    0.000015971.7109   15.9244
    0.0000  -15.0000    0.000016878.6797   15.9290
    7.5000  -15.0000    0.000016012.4004   15.9545
   -7.5000   -7.5000    0.000017055.4766   15.9264
    0.0000   -7.5000    0.000018121.4785   15.9314
    7.5000   -7.5000    0.000017068.9727   15.9589
   -7.5000    0.0000    0.000017996.9668   15.9236
    0.0000    0.0000    0.000019109.7500   15.9334
    7.5000    0.0000    0.000017922.9062   15.9689
   -7.5000    7.5000    0.000017347.2402   15.9183
    0.0000    7.5000    0.000018316.0820   15.9326
    7.5000    7.5000    0.000017146.8711   15.9749
   -7.5000   15.0000    0.000016235.3682   15.9149
    0.0000   15.0000    0.000017080.1426   15.9297
    7.5000   15.0000    0.000016006.3564   15.9713
   -7.5000   22.5000    0.000015026.9219   15.9109
    0.0000   22.5000    0.000015743.8984   15.9209
    7.5000   22.5000    0.000014820.1611   15.9537
   -7.5000   30.0000    0.000013718.4961   15.7183
    0.0000   30.0000    0.000014335.1357   15.7228
    7.5000   30.0000    0.000013508.0771   15.7480
   -7.5000   37.5000    0.000012922.0576   15.7203
    0.0000   37.5000    0.000013536.8896   15.7252
    7.5000   37.5000    0.000012769.7500   15.7523
   -7.5000   45.0000    0.000011710.2393   15.3485
    0.0000   45.0000    0.000012251.3330   15.3580
    7.5000   45.0000    0.000011599.7012   15.3922
   -7.5000  -45.0000    7.500011190.9111   15.9792
    0.0000  -45.0000    7.500011759.7344   15.9862
    7.5000  -45.0000    7.500011195.6025   16.0219
   -7.5000  -37.5000    7.500011873.9082   15.9434
    0.0000  -37.5000    7.500012512.1094   15.9548
    7.5000  -37.5000    7.500011913.4219   15.9960
   -7.5000  -30.0000    7.500012997.6582   15.9330
    0.0000  -30.0000    7.500013701.5635   15.9438
    7.5000  -30.0000    7.500013065.7812   15.9843
   -7.5000  -22.5000    7.500014149.4932   15.9454
    0.0000  -22.5000    7.500014954.7188   15.9511
    7.5000  -22.5000    7.500014198.9385   15.9839
   -7.5000  -15.0000    7.500015187.7715   15.9600
    0.0000  -15.0000    7.500016087.5410   15.9609
    7.5000  -15.0000    7.500015251.3945   15.9878
   -7.5000   -7.5000    7.500016040.5293   15.9588
    0.0000   -7.5000    7.500016929.4551   15.9607
    7.5000   -7.5000    7.500016122.7598   15.9895
   -7.5000    0.0000    7.500016860.8418   15.9448
    0.0000    0.0000    7.500017724.1660   15.9520
    7.5000    0.0000    7.500016892.3359   15.9876
   -7.5000    7.5000    7.500016331.5547   15.9317
    0.0000    7.5000    7.500017073.2793   15.9431
    7.5000    7.5000    7.500016243.5586   15.9843
   -7.5000   15.0000    7.500015370.5508   15.9310
    0.0000   15.0000    7.500016040.5020   15.9418
    7.5000   15.0000    7.500015263.2314   15.9823
   -7.5000   22.5000    7.500014267.9736   15.9380
    0.0000   22.5000    7.500014851.1465   15.9437
    7.5000   22.5000    7.500014148.4287   15.9765
   -7.5000   30.0000    7.500013029.5156   15.7535
    0.0000   30.0000    7.500013574.7617   15.7544
    7.5000   30.0000    7.500012916.7695   15.7809
   -7.5000   37.5000    7.500012282.9717   15.7523
    0.0000   37.5000    7.500012825.1250   15.7541
    7.5000   37.5000    7.500012179.7568   15.7826
   -7.5000   45.0000    7.500011104.6533   15.3690
    0.0000   45.0000    7.500011610.2637   15.3759
    7.5000   45.0000    7.500011029.9062   15.4102
   -7.5000  -45.0000   15.000010498.7549   16.0205
    0.0000  -45.0000   15.000011058.3311   16.0309
    7.5000  -45.0000   15.000010460.1748   16.0700
   -7.5000  -37.5000   15.000011152.9238   15.9812
    0.0000  -37.5000   15.000011750.5918   15.9966
    7.5000  -37.5000   15.000011153.5303   16.0403
   -7.5000  -30.0000   15.000012214.8076   15.9709
    0.0000  -30.0000   15.000012850.4414   15.9850
    7.5000  -30.0000   15.000012251.9902   16.0277
   -7.5000  -22.5000   15.000013261.8066   15.9873
    0.0000  -22.5000   15.000013952.7080   15.9953
    7.5000  -22.5000   15.000013303.5557   16.0309
   -7.5000  -15.0000   15.000014148.7207   16.0058
    0.0000  -15.0000   15.000014833.3584   16.0089
    7.5000  -15.0000   15.000014217.3965   16.0390
   -7.5000   -7.5000   15.000014878.1768   16.0043
    0.0000   -7.5000   15.000015556.7197   16.0086
    7.5000   -7.5000   15.000015012.1914   16.0411
   -7.5000    0.0000   15.000015616.0078   15.9861
    0.0000    0.0000   15.000016321.6162   15.9967
    7.5000    0.0000   15.000015739.3408   16.0356
   -7.5000    7.5000   15.000015157.7891   15.9693
    0.0000    7.5000   15.000015804.2969   15.9848
    7.5000    7.5000   15.000015170.2656   16.0285
   -7.5000   15.0000   15.000014338.3945   15.9689
    0.0000   15.0000   15.000014933.0430   15.9830
    7.5000   15.0000   15.000014304.8438   16.0257
   -7.5000   22.5000   15.000013370.2871   15.9799
    0.0000   22.5000   15.000013897.9375   15.9879
    7.5000   22.5000   15.000013282.0068   16.0235
   -7.5000   30.0000   15.000012219.1260   15.7987
    0.0000   30.0000   15.000012724.7119   15.8017
    7.5000   30.0000   15.000012139.2529   15.8315
   -7.5000   37.5000   15.000011511.2168   15.7972
    0.0000   37.5000   15.000012025.1494   15.8014
    7.5000   37.5000   15.000011437.5361   15.8335
   -7.5000   45.0000   15.000010371.4707   15.4088
    0.0000   45.0000   15.000010849.5332   15.4190
    7.5000   45.0000   15.000010345.1709   15.4565
   -7.5000  -45.0000   22.5000 9727.7041   16.2047
    0.0000  -45.0000   22.500010217.5771   16.2231
    7.5000  -45.0000   22.5000 9686.1797   16.2673
   -7.5000  -37.5000   22.500010313.9062   16.1711
    0.0000  -37.5000   22.500010838.5264   16.1947
    7.5000  -37.5000   22.500010318.8223   16.2441
   -7.5000  -30.0000   22.500011260.3750   16.1589
    0.0000  -30.0000   22.500011845.1709   16.1812
    7.5000  -30.0000   22.500011316.7607   16.2289
   -7.5000  -22.5000   22.500012218.6709   16.1666
    0.0000  -22.5000   22.500012837.0244   16.1827
    7.5000  -22.5000   22.500012306.0098   16.2220
   -7.5000  -15.0000   22.500013026.8594   16.1786
    0.0000  -15.0000   22.500013630.8350   16.1892
    7.5000  -15.0000   22.500013123.7705   16.2220
   -7.5000   -7.5000   22.500013687.0762   16.1797
    0.0000   -7.5000   22.500014318.7588   16.1915
    7.5000   -7.5000   22.500013830.8027   16.2272
   -7.5000    0.0000   22.500014354.2861   16.1698
    0.0000    0.0000   22.500015026.0010   16.1884
    7.5000    0.0000   22.500014503.8262   16.2322
   -7.5000    7.5000   22.500013977.7373   16.1591
    0.0000    7.5000   22.500014608.6543   16.1827
    7.5000    7.5000   22.500014050.0342   16.2321
   -7.5000   15.0000   22.500013284.7041   16.1568
    0.0000   15.0000   22.500013868.9150   16.1791
    7.5000   15.0000   22.500013327.9287   16.2269
   -7.5000   22.5000   22.500012386.7783   16.1591
    0.0000   22.5000   22.500012938.8623   16.1753
    7.5000   22.5000   22.500012396.4541   16.2145
   -7.5000   30.0000   22.500011348.5654   15.9693
    0.0000   30.0000   22.500011856.0537   15.9797
    7.5000   30.0000   22.500011316.7061   16.0120
   -7.5000   37.5000   22.500010700.2559   15.9703
    0.0000   37.5000   22.500011192.6445   15.9819
    7.5000   37.5000   22.500010671.3027   16.0172
   -7.5000   45.0000   22.5000 9641.4111   15.5859
    0.0000   45.0000   22.500010097.3779   15.6037
    7.5000   45.0000   22.5000 9647.9170   15.6460
   -7.5000  -45.0000   30.0000 8841.6318   16.4903
    0.0000  -45.0000   30.0000 9287.9082   16.5131
    7.5000  -45.0000   30.0000 8841.2119   16.5586
   -7.5000  -37.5000   30.0000 9393.5928   16.4622
    0.0000  -37.5000   30.0000 9884.4766   16.4903
    7.5000  -37.5000   30.0000 9413.2275   16.5427
   -7.5000  -30.0000   30.000010267.1260   16.4461
    0.0000  -30.0000   30.000010811.1992   16.4734
    7.5000  -30.0000   30.000010338.5156   16.5236
   -7.5000  -22.5000   30.000011134.7197   16.4431
    0.0000  -22.5000   30.000011701.7578   16.4637
    7.5000  -22.5000   30.000011221.3066   16.5037
   -7.5000  -15.0000   30.000011876.6299   16.4481
    0.0000  -15.0000   30.000012445.0088   16.4624
    7.5000  -15.0000   30.000011961.5117   16.4942
   -7.5000   -7.5000   30.000012505.7959   16.4534
    0.0000   -7.5000   30.000013118.8477   16.4691
    7.5000   -7.5000   30.000012618.4316   16.5044
   -7.5000    0.0000   30.000013107.5664   16.4543
    0.0000    0.0000   30.000013732.3037   16.4772
    7.5000    0.0000   30.000013218.7451   16.5225
   -7.5000    7.5000   30.000012760.1943   16.4499
    0.0000    7.5000   30.000013353.0762   16.4780
    7.5000    7.5000   30.000012848.3936   16.5303
   -7.5000   15.0000   30.000012161.8975   16.4440
    0.0000   15.0000   30.000012721.4053   16.4713
    7.5000   15.0000   30.000012237.4248   16.5215
   -7.5000   22.5000   30.000011334.8027   16.4355
    0.0000   22.5000   30.000011875.6406   16.4561
    7.5000   22.5000   30.000011395.1406   16.4961
   -7.5000   30.0000   30.000010403.9209   16.2353
    0.0000   30.0000   30.000010895.8457   16.2494
    7.5000   30.0000   30.000010421.3008   16.2808
   -7.5000   37.5000   30.0000 9821.2871   16.2404
    0.0000   37.5000   30.000010292.1289   16.2559
    7.5000   37.5000   30.0000 9857.8008   16.2908
   -7.5000   45.0000   30.0000 8868.4648   15.8601
    0.0000   45.0000   30.0000 9312.5928   15.8821
    7.5000   45.0000   30.0000 8911.1357   15.9258
   -7.5000  -45.0000   37.5000 8377.5322   16.9720
    0.0000  -45.0000   37.5000 8804.8301   16.9910
    7.5000  -45.0000   37.5000 8378.1982   17.0365
   -7.5000  -37.5000   37.5000 8919.4854   16.9471
    0.0000  -37.5000   37.5000 9370.0303   16.9717
    7.5000  -37.5000   37.5000 8931.1406   17.0249
   -7.5000  -30.0000   37.5000 9766.6807   16.9317
    0.0000  -30.0000   37.500010270.9512   16.9560
    7.5000  -30.0000   37.5000 9797.3896   17.0079
   -7.5000  -22.5000   37.500010588.6641   16.9253
    0.0000  -22.5000   37.500011127.6924   16.9426
    7.5000  -22.5000   37.500010628.8936   16.9839
   -7.5000  -15.0000   37.500011290.0098   16.9255
    0.0000  -15.0000   37.500011848.0068   16.9358
    7.5000  -15.0000   37.500011334.2949   16.9684
   -7.5000   -7.5000   37.500011873.7695   16.9293
    0.0000   -7.5000   37.500012486.4795   16.9413
    7.5000   -7.5000   37.500011955.5293   16.9766
   -7.5000    0.0000   37.500012428.3311   16.9337
    0.0000    0.0000   37.500013057.7441   16.9529
    7.5000    0.0000   37.500012515.8369   16.9981
   -7.5000    7.5000   37.500012117.5439   16.9341
    0.0000    7.5000   37.500012699.2236   16.9587
    7.5000    7.5000   37.500012196.7725   17.0118
   -7.5000   15.0000   37.500011587.5840   16.9294
    0.0000   15.0000   37.500012139.6250   16.9538
    7.5000   15.0000   37.500011669.3789   17.0057
   -7.5000   22.5000   37.500010829.0557   16.9175
    0.0000   22.5000   37.500011335.2588   16.9348
    7.5000   22.5000   37.500010866.1797   16.9760
   -7.5000   30.0000   37.5000 9932.0029   16.7064
    0.0000   30.0000   37.500010378.6787   16.7167
    7.5000   30.0000   37.5000 9934.0830   16.7488
   -7.5000   37.5000   37.5000 9377.1484   16.7102
    0.0000   37.5000   37.5000 9824.4541   16.7220
    7.5000   37.5000   37.5000 9399.2109   16.7568
   -7.5000   45.0000   37.5000 8507.4443   16.3222
    0.0000   45.0000   37.5000 8910.3164   16.3407
    7.5000   45.0000   37.5000 8522.0039   16.3842
   -7.5000  -45.0000   45.0000 7618.6611   17.5678
    0.0000  -45.0000   45.0000 7986.5825   17.5867
    7.5000  -45.0000   45.0000 7610.1157   17.6335
   -7.5000  -37.5000   45.0000 8122.1763   17.5359
    0.0000  -37.5000   45.0000 8511.3760   17.5601
    7.5000  -37.5000   45.0000 8103.3164   17.6151
   -7.5000  -30.0000   45.0000 8915.9160   17.5206
    0.0000  -30.0000   45.0000 9375.4111   17.5459
    7.5000  -30.0000   45.0000 8917.5967   17.6010
   -7.5000  -22.5000   45.0000 9659.9043   17.5207
    0.0000  -22.5000   45.000010153.6875   17.5406
    7.5000  -22.5000   45.0000 9668.8701   17.5856
   -7.5000  -15.0000   45.000010276.2383   17.5266
    0.0000  -15.0000   45.000010819.5645   17.5401
    7.5000  -15.0000   45.000010313.0176   17.5760
   -7.5000   -7.5000   45.000010818.1367   17.5287
    0.0000   -7.5000   45.000011395.1982   17.5424
    7.5000   -7.5000   45.000010880.9043   17.5798
   -7.5000    0.0000   45.000011327.3145   17.5262
    0.0000    0.0000   45.000011907.2148   17.5452
    7.5000    0.0000   45.000011392.8105   17.5918
   -7.5000    7.5000   45.000011052.2969   17.5218
    0.0000    7.5000   45.000011603.3730   17.5460
    7.5000    7.5000   45.000011116.5371   17.6010
   -7.5000   15.0000   45.000010586.7539   17.5181
    0.0000   15.0000   45.000011111.4893   17.5435
    7.5000   15.0000   45.000010638.7305   17.5986
   -7.5000   22.5000   45.0000 9897.2295   17.5125
    0.0000   22.5000   45.000010370.6611   17.5325
    7.5000   22.5000   45.0000 9914.1396   17.5774
   -7.5000   30.0000   45.0000 9079.3379   17.2983
    0.0000   30.0000   45.0000 9505.1426   17.3116
    7.5000   30.0000   45.0000 9079.6055   17.3470
   -7.5000   37.5000   45.0000 8590.4814   17.3003
    0.0000   37.5000   45.0000 9007.7314   17.3139
    7.5000   37.5000   45.0000 8608.9404   17.3508
   -7.5000   45.0000   45.0000 7795.3247   16.9009
    0.0000   45.0000   45.0000 8164.0791   16.9192
    7.5000   45.0000   45.0000 7817.7642   16.9642

---------------------------------------------------------------------
imgreg_4dfp /opt/freesurfer/average/711-2C_as_mni_average_305 /opt/freesurfer/average/711-2B_as_mni_average_305_mask talsrcimg_g11 none talsrcimg_to_711-2C_as_mni_average_305_t4 4355
---------------------------------------------------------------------

freesurfer imgreg_4dfp.c
/opt/freesurfer/average/711-2C_as_mni_average_305.4dfp.img
       256       256       256         1
  1.000000  1.000000  1.000000
orientation T byte_order littleendian
Reading image: /opt/freesurfer/average/711-2C_as_mni_average_305.4dfp.img
dimensions:      256       256       256
mmppix:       1.0000   -1.0000   -1.0000
center:     128.0000 -129.0000 -129.0000
/opt/freesurfer/average/711-2B_as_mni_average_305_mask.4dfp.img
       256       256       256         1
  1.000000  1.000000  1.000000
orientation T byte_order littleendian
Reading mask: /opt/freesurfer/average/711-2B_as_mni_average_305_mask.4dfp.img (2306576 pixels)
talsrcimg_g11.4dfp.img
       256       256       256         1
  1.000000  1.000000  1.000000
orientation T byte_order littleendian
Reading image: talsrcimg_g11.4dfp.img
dimensions:      256       256       256
mmppix:       1.0000   -1.0000   -1.0000
center:     128.0000 -129.0000 -129.0000
rotation matrix determinant  1.000000
image alignment mode   4355 decimal     1103 hex
   -7.5000  -45.0000  -45.0000 2251.5725   14.6433
    0.0000  -45.0000  -45.0000 2275.5461   14.5261
    7.5000  -45.0000  -45.0000 2266.0884   14.4764
   -7.5000  -37.5000  -45.0000 2348.6472   13.3960
    0.0000  -37.5000  -45.0000 2375.4814   13.2960
    7.5000  -37.5000  -45.0000 2362.7954   13.3021
   -7.5000  -30.0000  -45.0000 2423.6135   12.4906
    0.0000  -30.0000  -45.0000 2448.5022   12.3789
    7.5000  -30.0000  -45.0000 2435.7173   12.4136
   -7.5000  -22.5000  -45.0000 2473.2749   11.8906
    0.0000  -22.5000  -45.0000 2492.5454   11.7339
    7.5000  -22.5000  -45.0000 2489.2761   11.7775
   -7.5000  -15.0000  -45.0000 2503.6938   11.5588
    0.0000  -15.0000  -45.0000 2525.2991   11.3957
    7.5000  -15.0000  -45.0000 2525.1887   11.4442
   -7.5000   -7.5000  -45.0000 2516.8672   11.4422
    0.0000   -7.5000  -45.0000 2540.7993   11.2785
    7.5000   -7.5000  -45.0000 2537.4314   11.3600
   -7.5000    0.0000  -45.0000 2504.8650   11.5866
    0.0000    0.0000  -45.0000 2533.4021   11.3996
    7.5000    0.0000  -45.0000 2532.5654   11.4625
   -7.5000    7.5000  -45.0000 2474.7837   11.9065
    0.0000    7.5000  -45.0000 2511.3374   11.7343
    7.5000    7.5000  -45.0000 2507.2222   11.8164
   -7.5000   15.0000  -45.0000 2434.3904   12.4938
    0.0000   15.0000  -45.0000 2472.1616   12.3066
    7.5000   15.0000  -45.0000 2466.9360   12.4037
   -7.5000   22.5000  -45.0000 2374.0994   13.3361
    0.0000   22.5000  -45.0000 2408.5503   13.1306
    7.5000   22.5000  -45.0000 2406.1973   13.2065
   -7.5000   30.0000  -45.0000 2286.3594   14.4487
    0.0000   30.0000  -45.0000 2316.0283   14.2078
    7.5000   30.0000  -45.0000 2312.8816   14.2862
   -7.5000   37.5000  -45.0000 2180.5950   15.9431
    0.0000   37.5000  -45.0000 2208.8130   15.6548
    7.5000   37.5000  -45.0000 2203.1655   15.7310
   -7.5000   45.0000  -45.0000 2052.2644   17.8963
    0.0000   45.0000  -45.0000 2081.8127   17.5712
    7.5000   45.0000  -45.0000 2077.6467   17.6281
   -7.5000  -45.0000  -37.5000 2309.8821   13.8921
    0.0000  -45.0000  -37.5000 2335.8535   13.7367
    7.5000  -45.0000  -37.5000 2325.0273   13.7441
   -7.5000  -37.5000  -37.5000 2411.0588   12.6788
    0.0000  -37.5000  -37.5000 2434.7261   12.5344
    7.5000  -37.5000  -37.5000 2420.9138   12.5655
   -7.5000  -30.0000  -37.5000 2489.8640   11.7779
    0.0000  -30.0000  -37.5000 2513.1570   11.6426
    7.5000  -30.0000  -37.5000 2501.2039   11.6853
   -7.5000  -22.5000  -37.5000 2546.2766   11.1742
    0.0000  -22.5000  -37.5000 2567.0718   11.0322
    7.5000  -22.5000  -37.5000 2565.5469   11.0626
   -7.5000  -15.0000  -37.5000 2583.8408   10.8211
    0.0000  -15.0000  -37.5000 2608.4001   10.6604
    7.5000  -15.0000  -37.5000 2610.7090   10.7167
   -7.5000   -7.5000  -37.5000 2607.2949   10.6856
    0.0000   -7.5000  -37.5000 2633.9277   10.5354
    7.5000   -7.5000  -37.5000 2628.5410   10.5950
   -7.5000    0.0000  -37.5000 2601.1497   10.8106
    0.0000    0.0000  -37.5000 2629.4519   10.6562
    7.5000    0.0000  -37.5000 2625.5037   10.7296
   -7.5000    7.5000  -37.5000 2575.2568   11.1497
    0.0000    7.5000  -37.5000 2609.5320   10.9941
    7.5000    7.5000  -37.5000 2601.6855   11.0837
   -7.5000   15.0000  -37.5000 2527.5454   11.6994
    0.0000   15.0000  -37.5000 2568.3950   11.5249
    7.5000   15.0000  -37.5000 2556.7305   11.6143
   -7.5000   22.5000  -37.5000 2459.6628   12.4954
    0.0000   22.5000  -37.5000 2497.4126   12.2875
    7.5000   22.5000  -37.5000 2489.8308   12.3710
   -7.5000   30.0000  -37.5000 2362.2810   13.5281
    0.0000   30.0000  -37.5000 2391.9348   13.3131
    7.5000   30.0000  -37.5000 2384.8499   13.3861
   -7.5000   37.5000  -37.5000 2247.4390   14.9307
    0.0000   37.5000  -37.5000 2271.6001   14.6700
    7.5000   37.5000  -37.5000 2266.2192   14.7237
   -7.5000   45.0000  -37.5000 2114.6653   16.7308
    0.0000   45.0000  -37.5000 2141.3083   16.4542
    7.5000   45.0000  -37.5000 2137.9058   16.5113
   -7.5000  -45.0000  -30.0000 2393.4023   13.6872
    0.0000  -45.0000  -30.0000 2417.3647   13.4980
    7.5000  -45.0000  -30.0000 2406.7993   13.5804
   -7.5000  -37.5000  -30.0000 2503.1721   12.4512
    0.0000  -37.5000  -30.0000 2523.6379   12.2805
    7.5000  -37.5000  -30.0000 2513.2207   12.3543
   -7.5000  -30.0000  -30.0000 2594.8274   11.5385
    0.0000  -30.0000  -30.0000 2618.0012   11.3654
    7.5000  -30.0000  -30.0000 2608.3823   11.4573
   -7.5000  -22.5000  -30.0000 2661.7922   10.9001
    0.0000  -22.5000  -30.0000 2688.3738   10.7461
    7.5000  -22.5000  -30.0000 2687.3462   10.8149
   -7.5000  -15.0000  -30.0000 2703.7676   10.5215
    0.0000  -15.0000  -30.0000 2736.8799   10.3874
    7.5000  -15.0000  -30.0000 2735.8843   10.4282
   -7.5000   -7.5000  -30.0000 2734.3616   10.3746
    0.0000   -7.5000  -30.0000 2772.9797   10.2218
    7.5000   -7.5000  -30.0000 2767.7493   10.2646
   -7.5000    0.0000  -30.0000 2738.9648   10.4920
    0.0000    0.0000  -30.0000 2775.6338   10.3314
    7.5000    0.0000  -30.0000 2764.0430   10.4055
   -7.5000    7.5000  -30.0000 2720.7737   10.8581
    0.0000    7.5000  -30.0000 2757.5964   10.7009
    7.5000    7.5000  -30.0000 2744.7449   10.7969
   -7.5000   15.0000  -30.0000 2669.4355   11.3919
    0.0000   15.0000  -30.0000 2713.2754   11.2064
    7.5000   15.0000  -30.0000 2697.0483   11.3120
   -7.5000   22.5000  -30.0000 2593.2507   12.1539
    0.0000   22.5000  -30.0000 2627.4897   11.9435
    7.5000   22.5000  -30.0000 2615.1313   12.0379
   -7.5000   30.0000  -30.0000 2483.9780   13.1807
    0.0000   30.0000  -30.0000 2513.4746   12.9593
    7.5000   30.0000  -30.0000 2504.6711   13.0490
   -7.5000   37.5000  -30.0000 2352.7400   14.5586
    0.0000   37.5000  -30.0000 2377.4534   14.3112
    7.5000   37.5000  -30.0000 2374.7563   14.3849
   -7.5000   45.0000  -30.0000 2216.7004   16.3038
    0.0000   45.0000  -30.0000 2239.7390   16.0580
    7.5000   45.0000  -30.0000 2233.0466   16.1257
   -7.5000  -45.0000  -22.5000 2436.1929   13.3989
    0.0000  -45.0000  -22.5000 2464.0486   13.2270
    7.5000  -45.0000  -22.5000 2452.1157   13.3894
   -7.5000  -37.5000  -22.5000 2552.2715   12.1748
    0.0000  -37.5000  -22.5000 2579.6616   11.9871
    7.5000  -37.5000  -22.5000 2572.7285   12.1457
   -7.5000  -30.0000  -22.5000 2654.5830   11.2449
    0.0000  -30.0000  -22.5000 2686.7551   11.0760
    7.5000  -30.0000  -22.5000 2682.0994   11.2059
   -7.5000  -22.5000  -22.5000 2736.3057   10.6073
    0.0000  -22.5000  -22.5000 2774.1970   10.4424
    7.5000  -22.5000  -22.5000 2771.9736   10.5436
   -7.5000  -15.0000  -22.5000 2790.8130   10.2100
    0.0000  -15.0000  -22.5000 2828.8457   10.0778
    7.5000  -15.0000  -22.5000 2828.0962   10.1431
   -7.5000   -7.5000  -22.5000 2832.2410   10.0558
    0.0000   -7.5000  -22.5000 2876.3689    9.8824
    7.5000   -7.5000  -22.5000 2869.7249    9.9514
   -7.5000    0.0000  -22.5000 2848.4873   10.1685
    0.0000    0.0000  -22.5000 2886.4253    9.9702
    7.5000    0.0000  -22.5000 2873.9041   10.0596
   -7.5000    7.5000  -22.5000 2825.5715   10.5178
    0.0000    7.5000  -22.5000 2864.4207   10.3415
    7.5000    7.5000  -22.5000 2851.3743   10.4362
   -7.5000   15.0000  -22.5000 2768.4641   11.0580
    0.0000   15.0000  -22.5000 2809.8628   10.8505
    7.5000   15.0000  -22.5000 2796.9724   10.9584
   -7.5000   22.5000  -22.5000 2685.9568   11.7964
    0.0000   22.5000  -22.5000 2714.8845   11.5836
    7.5000   22.5000  -22.5000 2704.6118   11.6964
   -7.5000   30.0000  -22.5000 2566.0122   12.8104
    0.0000   30.0000  -22.5000 2594.3257   12.5782
    7.5000   30.0000  -22.5000 2587.8445   12.6975
   -7.5000   37.5000  -22.5000 2428.9636   14.1553
    0.0000   37.5000  -22.5000 2460.6619   13.9085
    7.5000   37.5000  -22.5000 2453.1445   14.0261
   -7.5000   45.0000  -22.5000 2283.4971   15.8920
    0.0000   45.0000  -22.5000 2311.9541   15.6009
    7.5000   45.0000  -22.5000 2302.2612   15.6853
   -7.5000  -45.0000  -15.0000 2439.2092   13.2508
    0.0000  -45.0000  -15.0000 2469.3811   13.0657
    7.5000  -45.0000  -15.0000 2463.0991   13.2924
   -7.5000  -37.5000  -15.0000 2558.8030   12.0108
    0.0000  -37.5000  -15.0000 2590.8638   11.8156
    7.5000  -37.5000  -15.0000 2584.4651   12.0182
   -7.5000  -30.0000  -15.0000 2669.7312   11.0522
    0.0000  -30.0000  -15.0000 2701.8984   10.8719
    7.5000  -30.0000  -15.0000 2704.7292   11.0485
   -7.5000  -22.5000  -15.0000 2766.8965   10.3855
    0.0000  -22.5000  -15.0000 2805.3008   10.1993
    7.5000  -22.5000  -15.0000 2806.5374   10.3609
   -7.5000  -15.0000  -15.0000 2839.1904    9.9911
    0.0000  -15.0000  -15.0000 2878.5369    9.8334
    7.5000  -15.0000  -15.0000 2880.5168    9.9350
   -7.5000   -7.5000  -15.0000 2892.7927    9.8271
    0.0000   -7.5000  -15.0000 2944.6582    9.6506
    7.5000   -7.5000  -15.0000 2934.4497    9.7372
   -7.5000    0.0000  -15.0000 2913.6841    9.9488
    0.0000    0.0000  -15.0000 2960.9895    9.7134
    7.5000    0.0000  -15.0000 2939.3225    9.8313
   -7.5000    7.5000  -15.0000 2891.2266   10.2857
    0.0000    7.5000  -15.0000 2928.5627   10.0786
    7.5000    7.5000  -15.0000 2910.3164   10.1926
   -7.5000   15.0000  -15.0000 2823.9475   10.7832
    0.0000   15.0000  -15.0000 2860.7549   10.5633
    7.5000   15.0000  -15.0000 2847.2478   10.6912
   -7.5000   22.5000  -15.0000 2731.3347   11.4899
    0.0000   22.5000  -15.0000 2766.2397   11.2693
    7.5000   22.5000  -15.0000 2758.9734   11.3980
   -7.5000   30.0000  -15.0000 2606.8472   12.5014
    0.0000   30.0000  -15.0000 2642.4260   12.2593
    7.5000   30.0000  -15.0000 2630.3093   12.3793
   -7.5000   37.5000  -15.0000 2466.3630   13.8496
    0.0000   37.5000  -15.0000 2500.3291   13.6141
    7.5000   37.5000  -15.0000 2492.6011   13.6972
   -7.5000   45.0000  -15.0000 2316.7432   15.5623
    0.0000   45.0000  -15.0000 2349.4170   15.3120
    7.5000   45.0000  -15.0000 2340.4275   15.3539
   -7.5000  -45.0000   -7.5000 2421.6245   13.1823
    0.0000  -45.0000   -7.5000 2452.9666   13.0225
    7.5000  -45.0000   -7.5000 2445.8013   13.3051
   -7.5000  -37.5000   -7.5000 2541.9084   11.9073
    0.0000  -37.5000   -7.5000 2574.3208   11.7358
    7.5000  -37.5000   -7.5000 2564.1165   12.0057
   -7.5000  -30.0000   -7.5000 2662.6619   10.9409
    0.0000  -30.0000   -7.5000 2695.1025   10.7601
    7.5000  -30.0000   -7.5000 2693.2109   10.9994
   -7.5000  -22.5000   -7.5000 2770.3765   10.2646
    0.0000  -22.5000   -7.5000 2803.6946   10.0773
    7.5000  -22.5000   -7.5000 2803.9841   10.2765
   -7.5000  -15.0000   -7.5000 2861.6538    9.8770
    0.0000  -15.0000   -7.5000 2896.5967    9.6861
    7.5000  -15.0000   -7.5000 2891.6392    9.8380
   -7.5000   -7.5000   -7.5000 2930.8879    9.7772
    0.0000   -7.5000   -7.5000 2984.0796    9.6118
    7.5000   -7.5000   -7.5000 2957.8684    9.7353
   -7.5000    0.0000   -7.5000 2953.6174    9.8879
    0.0000    0.0000   -7.5000 3010.5671    9.7119
    7.5000    0.0000   -7.5000 2972.9414    9.8315
   -7.5000    7.5000   -7.5000 2922.0891   10.1446
    0.0000    7.5000   -7.5000 2970.1365    9.9879
    7.5000    7.5000   -7.5000 2935.9580   10.0664
   -7.5000   15.0000   -7.5000 2846.3979   10.5568
    0.0000   15.0000   -7.5000 2886.7183   10.4032
    7.5000   15.0000   -7.5000 2861.6467   10.4823
   -7.5000   22.5000   -7.5000 2745.2004   11.2333
    0.0000   22.5000   -7.5000 2781.5195   11.0841
    7.5000   22.5000   -7.5000 2767.8201   11.1592
   -7.5000   30.0000   -7.5000 2622.2153   12.2548
    0.0000   30.0000   -7.5000 2653.9624   12.0999
    7.5000   30.0000   -7.5000 2640.7798   12.1479
   -7.5000   37.5000   -7.5000 2482.8979   13.5919
    0.0000   37.5000   -7.5000 2513.6682   13.4254
    7.5000   37.5000   -7.5000 2503.3464   13.4526
   -7.5000   45.0000   -7.5000 2327.5090   15.2507
    0.0000   45.0000   -7.5000 2355.0374   15.0643
    7.5000   45.0000   -7.5000 2349.5237   15.0797
   -7.5000  -45.0000    0.0000 2399.8677   13.2850
    0.0000  -45.0000    0.0000 2424.6899   13.0926
    7.5000  -45.0000    0.0000 2417.7830   13.4950
   -7.5000  -37.5000    0.0000 2520.6184   11.9942
    0.0000  -37.5000    0.0000 2542.2400   11.7845
    7.5000  -37.5000    0.0000 2535.6404   12.1551
   -7.5000  -30.0000    0.0000 2640.9756   11.0246
    0.0000  -30.0000    0.0000 2663.9026   10.8222
    7.5000  -30.0000    0.0000 2661.9631   11.1316
   -7.5000  -22.5000    0.0000 2754.1716   10.3509
    0.0000  -22.5000    0.0000 2778.1177   10.1841
    7.5000  -22.5000    0.0000 2770.6587   10.4268
   -7.5000  -15.0000    0.0000 2856.9155    9.9886
    0.0000  -15.0000    0.0000 2895.7852    9.8806
    7.5000  -15.0000    0.0000 2870.6958   10.0339
   -7.5000   -7.5000    0.0000 2932.6033    9.8668
    0.0000   -7.5000    0.0000 2992.9521    9.7967
    7.5000   -7.5000    0.0000 2943.3604    9.8947
   -7.5000    0.0000    0.0000 2962.1101    9.9282
    0.0000    0.0000    0.0000 3019.4189    9.8692
    7.5000    0.0000    0.0000 2961.8447    9.9545
   -7.5000    7.5000    0.0000 2926.8730   10.1429
    0.0000    7.5000    0.0000 2965.6125   10.0858
    7.5000    7.5000    0.0000 2924.5496   10.1576
   -7.5000   15.0000    0.0000 2842.2903   10.5431
    0.0000   15.0000    0.0000 2875.3359   10.4455
    7.5000   15.0000    0.0000 2848.7441   10.5459
   -7.5000   22.5000    0.0000 2737.2793   11.2197
    0.0000   22.5000    0.0000 2765.9324   11.0688
    7.5000   22.5000    0.0000 2752.1062   11.1823
   -7.5000   30.0000    0.0000 2617.3867   12.2116
    0.0000   30.0000    0.0000 2638.8489   12.0217
    7.5000   30.0000    0.0000 2630.8572   12.1140
   -7.5000   37.5000    0.0000 2479.4441   13.5081
    0.0000   37.5000    0.0000 2504.9202   13.3195
    7.5000   37.5000    0.0000 2494.5056   13.3756
   -7.5000   45.0000    0.0000 2323.2129   15.1347
    0.0000   45.0000    0.0000 2344.9314   14.9340
    7.5000   45.0000    0.0000 2339.8484   14.9900
   -7.5000  -45.0000    7.5000 2377.3494   13.6147
    0.0000  -45.0000    7.5000 2393.0068   13.4768
    7.5000  -45.0000    7.5000 2379.5750   13.8675
   -7.5000  -37.5000    7.5000 2494.7090   12.3352
    0.0000  -37.5000    7.5000 2514.2729   12.2099
    7.5000  -37.5000    7.5000 2497.5413   12.5362
   -7.5000  -30.0000    7.5000 2614.1079   11.3583
    0.0000  -30.0000    7.5000 2641.4792   11.2593
    7.5000  -30.0000    7.5000 2624.4585   11.5597
   -7.5000  -22.5000    7.5000 2725.2637   10.6906
    0.0000  -22.5000    7.5000 2754.6409   10.5847
    7.5000  -22.5000    7.5000 2734.5088   10.8398
   -7.5000  -15.0000    7.5000 2824.1960   10.2839
    0.0000  -15.0000    7.5000 2862.5415   10.1845
    7.5000  -15.0000    7.5000 2836.5493   10.3503
   -7.5000   -7.5000    7.5000 2897.2280   10.0594
    0.0000   -7.5000    7.5000 2944.9292    9.9384
    7.5000   -7.5000    7.5000 2906.1829   10.1255
   -7.5000    0.0000    7.5000 2923.8621   10.0473
    0.0000    0.0000    7.5000 2962.2717    9.9211
    7.5000    0.0000    7.5000 2926.9109   10.1322
   -7.5000    7.5000    7.5000 2894.4272   10.3059
    0.0000    7.5000    7.5000 2920.8484   10.1851
    7.5000    7.5000    7.5000 2891.8926   10.3728
   -7.5000   15.0000    7.5000 2811.1406   10.8019
    0.0000   15.0000    7.5000 2835.4971   10.6859
    7.5000   15.0000    7.5000 2811.9380   10.8454
   -7.5000   22.5000    7.5000 2705.5964   11.5001
    0.0000   22.5000    7.5000 2724.2051   11.3503
    7.5000   22.5000    7.5000 2711.9426   11.4902
   -7.5000   30.0000    7.5000 2586.5051   12.4709
    0.0000   30.0000    7.5000 2604.0813   12.2927
    7.5000   30.0000    7.5000 2595.5798   12.3989
   -7.5000   37.5000    7.5000 2454.2834   13.7090
    0.0000   37.5000    7.5000 2471.4875   13.5209
    7.5000   37.5000    7.5000 2464.0586   13.5998
   -7.5000   45.0000    7.5000 2302.4895   15.2615
    0.0000   45.0000    7.5000 2317.4229   15.0844
    7.5000   45.0000    7.5000 2310.5908   15.1285
   -7.5000  -45.0000   15.0000 2345.1467   14.2448
    0.0000  -45.0000   15.0000 2360.2905   14.1797
    7.5000  -45.0000   15.0000 2334.5054   14.5306
   -7.5000  -37.5000   15.0000 2463.7664   12.9375
    0.0000  -37.5000   15.0000 2483.9360   12.8485
    7.5000  -37.5000   15.0000 2458.4578   13.1875
   -7.5000  -30.0000   15.0000 2577.1777   11.9156
    0.0000  -30.0000   15.0000 2601.9192   11.8057
    7.5000  -30.0000   15.0000 2581.3350   12.1519
   -7.5000  -22.5000   15.0000 2689.9297   11.2023
    0.0000  -22.5000   15.0000 2713.8010   11.0677
    7.5000  -22.5000   15.0000 2692.5366   11.3659
   -7.5000  -15.0000   15.0000 2779.6343   10.7512
    0.0000  -15.0000   15.0000 2810.7354   10.6086
    7.5000  -15.0000   15.0000 2783.6606   10.8366
   -7.5000   -7.5000   15.0000 2835.2490   10.4800
    0.0000   -7.5000   15.0000 2869.5664   10.3006
    7.5000   -7.5000   15.0000 2843.5310   10.5863
   -7.5000    0.0000   15.0000 2854.5571   10.4812
    0.0000    0.0000   15.0000 2882.0632   10.3076
    7.5000    0.0000   15.0000 2858.7063   10.5635
   -7.5000    7.5000   15.0000 2829.3999   10.7407
    0.0000    7.5000   15.0000 2853.2278   10.5968
    7.5000    7.5000   15.0000 2829.5525   10.7973
   -7.5000   15.0000   15.0000 2754.3130   11.2341
    0.0000   15.0000   15.0000 2773.9990   11.0964
    7.5000   15.0000   15.0000 2753.8901   11.2631
   -7.5000   22.5000   15.0000 2657.5796   11.9351
    0.0000   22.5000   15.0000 2672.6990   11.7760
    7.5000   22.5000   15.0000 2657.5259   11.9083
   -7.5000   30.0000   15.0000 2540.0322   12.8978
    0.0000   30.0000   15.0000 2556.8564   12.7146
    7.5000   30.0000   15.0000 2546.2803   12.8100
   -7.5000   37.5000   15.0000 2410.5393   14.0922
    0.0000   37.5000   15.0000 2429.2678   13.9248
    7.5000   37.5000   15.0000 2417.6738   14.0048
   -7.5000   45.0000   15.0000 2259.3679   15.6205
    0.0000   45.0000   15.0000 2275.2766   15.4519
    7.5000   45.0000   15.0000 2269.7000   15.5254
   -7.5000  -45.0000   22.5000 2302.8660   15.0909
    0.0000  -45.0000   22.5000 2315.8745   15.0325
    7.5000  -45.0000   22.5000 2291.1521   15.4290
   -7.5000  -37.5000   22.5000 2421.6792   13.6838
    0.0000  -37.5000   22.5000 2440.6990   13.5697
    7.5000  -37.5000   22.5000 2413.2871   13.9706
   -7.5000  -30.0000   22.5000 2535.4773   12.5871
    0.0000  -30.0000   22.5000 2557.0630   12.4624
    7.5000  -30.0000   22.5000 2531.5466   12.8560
   -7.5000  -22.5000   22.5000 2645.6643   11.8485
    0.0000  -22.5000   22.5000 2666.7456   11.7093
    7.5000  -22.5000   22.5000 2641.8118   12.0310
   -7.5000  -15.0000   22.5000 2725.9670   11.3641
    0.0000  -15.0000   22.5000 2749.7632   11.1841
    7.5000  -15.0000   22.5000 2720.7676   11.5003
   -7.5000   -7.5000   22.5000 2767.9602   11.0737
    0.0000   -7.5000   22.5000 2791.9893   10.9031
    7.5000   -7.5000   22.5000 2769.4419   11.2162
   -7.5000    0.0000   22.5000 2777.4307   11.0699
    0.0000    0.0000   22.5000 2797.1450   10.9294
    7.5000    0.0000   22.5000 2779.7842   11.1731
   -7.5000    7.5000   22.5000 2749.0532   11.3571
    0.0000    7.5000   22.5000 2769.4197   11.2274
    7.5000    7.5000   22.5000 2748.1780   11.4310
   -7.5000   15.0000   22.5000 2683.5911   11.8440
    0.0000   15.0000   22.5000 2698.3562   11.7155
    7.5000   15.0000   22.5000 2679.9558   11.8947
   -7.5000   22.5000   22.5000 2592.4597   12.5582
    0.0000   22.5000   22.5000 2606.9272   12.3986
    7.5000   22.5000   22.5000 2591.4512   12.5509
   -7.5000   30.0000   22.5000 2484.2881   13.4933
    0.0000   30.0000   22.5000 2501.5027   13.3262
    7.5000   30.0000   22.5000 2486.0669   13.4245
   -7.5000   37.5000   22.5000 2356.9326   14.6665
    0.0000   37.5000   22.5000 2377.0566   14.4966
    7.5000   37.5000   22.5000 2365.0220   14.5604
   -7.5000   45.0000   22.5000 2205.6973   16.2070
    0.0000   45.0000   22.5000 2227.4441   16.0199
    7.5000   45.0000   22.5000 2220.7917   16.0626
   -7.5000  -45.0000   30.0000 2248.2285   15.9997
    0.0000  -45.0000   30.0000 2260.1313   15.9657
    7.5000  -45.0000   30.0000 2234.0859   16.4149
   -7.5000  -37.5000   30.0000 2371.4409   14.4940
    0.0000  -37.5000   30.0000 2385.7402   14.4374
    7.5000  -37.5000   30.0000 2352.8762   14.8555
   -7.5000  -30.0000   30.0000 2480.6816   13.3909
    0.0000  -30.0000   30.0000 2500.0090   13.2913
    7.5000  -30.0000   30.0000 2468.8379   13.6761
   -7.5000  -22.5000   30.0000 2583.4148   12.5991
    0.0000  -22.5000   30.0000 2600.5020   12.4872
    7.5000  -22.5000   30.0000 2571.5171   12.8370
   -7.5000  -15.0000   30.0000 2651.5520   12.0961
    0.0000  -15.0000   30.0000 2674.5344   11.9573
    7.5000  -15.0000   30.0000 2642.4556   12.2731
   -7.5000   -7.5000   30.0000 2687.8245   11.8079
    0.0000   -7.5000   30.0000 2710.0762   11.6992
    7.5000   -7.5000   30.0000 2686.9248   11.9689
   -7.5000    0.0000   30.0000 2688.2007   11.8263
    0.0000    0.0000   30.0000 2705.2803   11.7212
    7.5000    0.0000   30.0000 2687.0601   11.9540
   -7.5000    7.5000   30.0000 2659.2588   12.0940
    0.0000    7.5000   30.0000 2671.7629   12.0228
    7.5000    7.5000   30.0000 2654.7866   12.2389
   -7.5000   15.0000   30.0000 2598.6182   12.5725
    0.0000   15.0000   30.0000 2612.0986   12.4896
    7.5000   15.0000   30.0000 2594.3735   12.6755
   -7.5000   22.5000   30.0000 2513.3875   13.2813
    0.0000   22.5000   30.0000 2529.0969   13.1492
    7.5000   22.5000   30.0000 2511.2224   13.3249
   -7.5000   30.0000   30.0000 2415.5613   14.1829
    0.0000   30.0000   30.0000 2428.5449   14.0434
    7.5000   30.0000   30.0000 2409.9292   14.1729
   -7.5000   37.5000   30.0000 2291.0312   15.3726
    0.0000   37.5000   30.0000 2306.7007   15.2517
    7.5000   37.5000   30.0000 2293.3518   15.3404
   -7.5000   45.0000   30.0000 2145.2900   16.9147
    0.0000   45.0000   30.0000 2165.7080   16.7872
    7.5000   45.0000   30.0000 2150.6299   16.8487
   -7.5000  -45.0000   37.5000 2189.0859   17.0923
    0.0000  -45.0000   37.5000 2201.5137   17.1020
    7.5000  -45.0000   37.5000 2169.5664   17.5467
   -7.5000  -37.5000   37.5000 2314.0664   15.5188
    0.0000  -37.5000   37.5000 2324.1089   15.4954
    7.5000  -37.5000   37.5000 2288.4751   15.8986
   -7.5000  -30.0000   37.5000 2420.4832   14.3627
    0.0000  -30.0000   37.5000 2433.9465   14.3010
    7.5000  -30.0000   37.5000 2399.0088   14.6644
   -7.5000  -22.5000   37.5000 2509.3096   13.5447
    0.0000  -22.5000   37.5000 2527.3025   13.4471
    7.5000  -22.5000   37.5000 2492.7598   13.7812
   -7.5000  -15.0000   37.5000 2569.5398   13.0318
    0.0000  -15.0000   37.5000 2591.2954   12.9292
    7.5000  -15.0000   37.5000 2556.1125   13.1981
   -7.5000   -7.5000   37.5000 2598.8503   12.7276
    0.0000   -7.5000   37.5000 2618.0830   12.6508
    7.5000   -7.5000   37.5000 2594.0940   12.8753
   -7.5000    0.0000   37.5000 2591.8857   12.7361
    0.0000    0.0000   37.5000 2611.0247   12.6799
    7.5000    0.0000   37.5000 2590.6980   12.8833
   -7.5000    7.5000   37.5000 2563.6660   12.9923
    0.0000    7.5000   37.5000 2575.6008   12.9529
    7.5000    7.5000   37.5000 2560.2034   13.1627
   -7.5000   15.0000   37.5000 2512.0056   13.4620
    0.0000   15.0000   37.5000 2524.4946   13.4203
    7.5000   15.0000   37.5000 2508.2158   13.6081
   -7.5000   22.5000   37.5000 2441.8486   14.1397
    0.0000   22.5000   37.5000 2451.5142   14.0493
    7.5000   22.5000   37.5000 2430.5413   14.2268
   -7.5000   30.0000   37.5000 2342.8750   15.0509
    0.0000   30.0000   37.5000 2350.1621   14.9283
    7.5000   30.0000   37.5000 2330.4707   15.0602
   -7.5000   37.5000   37.5000 2214.1780   16.2677
    0.0000   37.5000   37.5000 2229.9856   16.1458
    7.5000   37.5000   37.5000 2215.1882   16.2547
   -7.5000   45.0000   37.5000 2080.9338   17.8967
    0.0000   45.0000   37.5000 2095.9758   17.7660
    7.5000   45.0000   37.5000 2081.1843   17.8477
   -7.5000  -45.0000   45.0000 2117.3706   18.4508
    0.0000  -45.0000   45.0000 2129.2402   18.4683
    7.5000  -45.0000   45.0000 2095.2322   18.9542
   -7.5000  -37.5000   45.0000 2240.4226   16.7708
    0.0000  -37.5000   45.0000 2248.8005   16.7570
    7.5000  -37.5000   45.0000 2212.1174   17.1554
   -7.5000  -30.0000   45.0000 2343.0654   15.5479
    0.0000  -30.0000   45.0000 2357.4873   15.5174
    7.5000  -30.0000   45.0000 2318.6904   15.8498
   -7.5000  -22.5000   45.0000 2428.3672   14.7044
    0.0000  -22.5000   45.0000 2442.3032   14.6512
    7.5000  -22.5000   45.0000 2407.2622   14.9490
   -7.5000  -15.0000   45.0000 2476.7363   14.1423
    0.0000  -15.0000   45.0000 2495.3032   14.1161
    7.5000  -15.0000   45.0000 2460.9172   14.3297
   -7.5000   -7.5000   45.0000 2498.5679   13.8352
    0.0000   -7.5000   45.0000 2515.4287   13.8054
    7.5000   -7.5000   45.0000 2490.8867   14.0084
   -7.5000    0.0000   45.0000 2489.4309   13.8239
    0.0000    0.0000   45.0000 2507.1897   13.8107
    7.5000    0.0000   45.0000 2488.0981   14.0005
   -7.5000    7.5000   45.0000 2463.6736   14.0650
    0.0000    7.5000   45.0000 2479.1753   14.0658
    7.5000    7.5000   45.0000 2463.7397   14.2550
   -7.5000   15.0000   45.0000 2416.5667   14.5520
    0.0000   15.0000   45.0000 2430.3330   14.5389
    7.5000   15.0000   45.0000 2411.6631   14.7022
   -7.5000   22.5000   45.0000 2350.5813   15.1900
    0.0000   22.5000   45.0000 2362.8501   15.1410
    7.5000   22.5000   45.0000 2336.6479   15.3033
   -7.5000   30.0000   45.0000 2253.9060   16.1402
    0.0000   30.0000   45.0000 2266.2471   16.0458
    7.5000   30.0000   45.0000 2244.0657   16.1708
   -7.5000   37.5000   45.0000 2136.4600   17.3816
    0.0000   37.5000   45.0000 2151.1755   17.2754
    7.5000   37.5000   45.0000 2132.4851   17.3746
   -7.5000   45.0000   45.0000 2006.2354   19.0875
    0.0000   45.0000   45.0000 2019.2454   18.9528
    7.5000   45.0000   45.0000 2005.3362   19.0681

---------------------------------------------------------------------
imgreg_4dfp /opt/freesurfer/average/711-2C_as_mni_average_305 /opt/freesurfer/average/711-2B_as_mni_average_305_mask talsrcimg_g11 none talsrcimg_to_711-2C_as_mni_average_305_t4 1283
---------------------------------------------------------------------

freesurfer imgreg_4dfp.c
/opt/freesurfer/average/711-2C_as_mni_average_305.4dfp.img
       256       256       256         1
  1.000000  1.000000  1.000000
orientation T byte_order littleendian
Reading image: /opt/freesurfer/average/711-2C_as_mni_average_305.4dfp.img
dimensions:      256       256       256
mmppix:       1.0000   -1.0000   -1.0000
center:     128.0000 -129.0000 -129.0000
/opt/freesurfer/average/711-2B_as_mni_average_305_mask.4dfp.img
       256       256       256         1
  1.000000  1.000000  1.000000
orientation T byte_order littleendian
Reading mask: /opt/freesurfer/average/711-2B_as_mni_average_305_mask.4dfp.img (2306576 pixels)
talsrcimg_g11.4dfp.img
       256       256       256         1
  1.000000  1.000000  1.000000
orientation T byte_order littleendian
Reading image: talsrcimg_g11.4dfp.img
dimensions:      256       256       256
mmppix:       1.0000   -1.0000   -1.0000
center:     128.0000 -129.0000 -129.0000
rotation matrix determinant  1.000000
fimgreg.f
image alignment mode   1283 decimal      503 hex
parameters
    0.0000    0.0000    0.0000    0.0000    0.0000    0.0000
eta,q 0.94909  9.87158
niter,ni,del,rscale     5    3   12.0000    1.2000
parameter  3  0.801132 ->  0.500000 qaram    1.1500
parameter  4  0.657107 ->  0.500000 qaram    1.1500
parameter  6  0.921712 ->  0.500000 qaram    1.1500
parameters
    0.3399   -2.7555   -3.4500   -3.4500    2.2511   -3.4500
eta,q 0.95664  9.63673
  0.0696  0.0544  0.0492  0.0479  0.0576  0.0437
  0.0608  0.0523  0.0486  0.0473  0.0543  0.0433
  0.0553  0.0525  0.0500  0.0478  0.0506  0.0441
  0.0542  0.0541  0.0521  0.0487  0.0473  0.0464
  0.0561  0.0562  0.0546  0.0501  0.0463  0.0494
  0.0598  0.0592  0.0579  0.0522  0.0473  0.0526
  0.0654  0.0644  0.0635  0.0548  0.0496  0.0561
niter,ni,del,rscale     7    3   12.0000    1.2000
parameters
   -0.3367   -0.8655   -3.2482   -5.3536    2.5159   -5.2134
eta,q 0.95932  9.67361
  0.0577  0.0612  0.0544  0.0469  0.0506  0.0447
  0.0494  0.0529  0.0484  0.0416  0.0462  0.0421
  0.0444  0.0465  0.0441  0.0412  0.0427  0.0407
  0.0434  0.0433  0.0431  0.0431  0.0414  0.0415
  0.0469  0.0431  0.0442  0.0459  0.0424  0.0436
  0.0552  0.0447  0.0476  0.0485  0.0451  0.0466
  0.0657  0.0470  0.0529  0.0515  0.0491  0.0504
niter,ni,del,rscale     6    3   12.0000    1.2000
parameters
   -0.5714    0.4023   -3.5153   -6.3092    2.6954   -5.5156
eta,q 0.95953  9.67908
  0.0583  0.0572  0.0525  0.0483  0.0497  0.0458
  0.0487  0.0493  0.0458  0.0421  0.0446  0.0429
  0.0421  0.0432  0.0415  0.0403  0.0413  0.0409
  0.0407  0.0406  0.0410  0.0409  0.0404  0.0405
  0.0435  0.0418  0.0434  0.0437  0.0415  0.0415
  0.0507  0.0441  0.0479  0.0475  0.0441  0.0437
  0.0611  0.0467  0.0533  0.0512  0.0484  0.0467
niter,ni,del,rscale     5    3   12.0000    1.2000
parameters
   -0.5482    0.9259   -3.6497   -6.7623    2.7573   -5.4221
eta,q 0.95939  9.67895
  0.0590  0.0540  0.0525  0.0498  0.0490  0.0461
  0.0494  0.0462  0.0457  0.0434  0.0440  0.0431
  0.0427  0.0410  0.0412  0.0404  0.0411  0.0412
  0.0405  0.0405  0.0409  0.0408  0.0406  0.0406
  0.0423  0.0422  0.0431  0.0428  0.0416  0.0412
  0.0488  0.0444  0.0473  0.0468  0.0440  0.0430
  0.0591  0.0488  0.0522  0.0506  0.0483  0.0457
niter,ni,del,rscale     4    3   12.0000    1.2000
parameters
   -0.5315    1.1240   -3.7082   -6.9748    2.7473   -5.3447
eta,q 0.95938  9.67861
  0.0586  0.0528  0.0526  0.0505  0.0487  0.0459
  0.0493  0.0449  0.0457  0.0441  0.0438  0.0430
  0.0428  0.0404  0.0412  0.0405  0.0411  0.0411
  0.0406  0.0406  0.0408  0.0407  0.0406  0.0406
  0.0423  0.0422  0.0429  0.0425  0.0417  0.0412
  0.0486  0.0448  0.0470  0.0463  0.0441  0.0429
  0.0589  0.0499  0.0517  0.0502  0.0484  0.0456
niter,ni,del,rscale     3    3   12.0000    1.2000
parameters
   -0.5140    1.2104   -3.7387   -7.0774    2.7282   -5.2989
eta,q 0.95939  9.67851
  0.0584  0.0524  0.0525  0.0508  0.0486  0.0458
  0.0493  0.0444  0.0457  0.0444  0.0438  0.0429
  0.0429  0.0403  0.0412  0.0406  0.0411  0.0411
  0.0406  0.0406  0.0407  0.0407  0.0406  0.0406
  0.0422  0.0422  0.0428  0.0424  0.0417  0.0412
  0.0486  0.0450  0.0468  0.0461  0.0441  0.0429
  0.0588  0.0504  0.0516  0.0500  0.0484  0.0456
niter,ni,del,rscale     2    3   12.0000    1.2000
parameters
   -0.4993    1.2507   -3.7536   -7.1292    2.7114   -5.2715
eta,q 0.95941  9.67828
  0.0584  0.0522  0.0525  0.0509  0.0486  0.0458
  0.0493  0.0442  0.0457  0.0446  0.0438  0.0429
  0.0429  0.0402  0.0412  0.0406  0.0410  0.0411
  0.0406  0.0406  0.0406  0.0406  0.0406  0.0406
  0.0422  0.0421  0.0427  0.0423  0.0416  0.0412
  0.0486  0.0451  0.0467  0.0459  0.0441  0.0429
  0.0588  0.0505  0.0515  0.0499  0.0484  0.0456
registration optimization eta report
parameter search radius
    6.0000    6.0000    6.9000    6.9000    6.0000    6.9000
100000*second partial in parameter space
       50.       31.       24.       21.       22.       11.
  0.0584  0.0522  0.0525  0.0509  0.0486  0.0458
  0.0493  0.0442  0.0457  0.0446  0.0438  0.0429
  0.0429  0.0402  0.0412  0.0406  0.0410  0.0411
  0.0406  0.0406  0.0406  0.0406  0.0406  0.0406
  0.0422  0.0421  0.0427  0.0423  0.0416  0.0412
  0.0486  0.0451  0.0467  0.0459  0.0441  0.0429
  0.0588  0.0505  0.0515  0.0499  0.0484  0.0456
   -0.4993    1.2507   -3.7536   -7.1292    2.7114   -5.2715
eta,q 0.95941  9.67828

---------------------------------------------------------------------
imgreg_4dfp /opt/freesurfer/average/711-2C_as_mni_average_305 /opt/freesurfer/average/711-2B_as_mni_average_305_mask talsrcimg_g11 none talsrcimg_to_711-2C_as_mni_average_305_t4 3335
---------------------------------------------------------------------

freesurfer imgreg_4dfp.c
/opt/freesurfer/average/711-2C_as_mni_average_305.4dfp.img
       256       256       256         1
  1.000000  1.000000  1.000000
orientation T byte_order littleendian
Reading image: /opt/freesurfer/average/711-2C_as_mni_average_305.4dfp.img
dimensions:      256       256       256
mmppix:       1.0000   -1.0000   -1.0000
center:     128.0000 -129.0000 -129.0000
/opt/freesurfer/average/711-2B_as_mni_average_305_mask.4dfp.img
       256       256       256         1
  1.000000  1.000000  1.000000
orientation T byte_order littleendian
Reading mask: /opt/freesurfer/average/711-2B_as_mni_average_305_mask.4dfp.img (2306576 pixels)
talsrcimg_g11.4dfp.img
       256       256       256         1
  1.000000  1.000000  1.000000
orientation T byte_order littleendian
Reading image: talsrcimg_g11.4dfp.img
dimensions:      256       256       256
mmppix:       1.0000   -1.0000   -1.0000
center:     128.0000 -129.0000 -129.0000
fimgreg.f
image alignment mode   3335 decimal      D07 hex
parameters
   -0.4993    1.2507   -3.7536   -0.5344   -1.2467   -0.8842
    9.7011   -3.5339   -9.1772   12.7895    4.7306  -12.3968
eta,q 0.96107  9.80685
niter,ni,del,rscale     5    3    5.0000    1.2000
parameter  4  0.767936 ->  0.500000 qaram    1.1500
parameter  5  2.724000 ->  0.500000 qaram    1.1500
parameter  6  0.530113 ->  0.500000 qaram    1.1500
parameters
   -0.5367    1.8748   -3.8231   -4.6744   -5.3867   -5.0242
   10.5143   -3.2680   -7.8282   10.4062    1.3595  -13.6168
eta,q 0.96863  9.39597
  0.0423  0.0412  0.0405  0.0368  0.0304  0.0321  0.0349  0.0362  0.0346  0.0329  0.0316  0.0322
  0.0405  0.0402  0.0395  0.0363  0.0320  0.0320  0.0335  0.0341  0.0334  0.0319  0.0314  0.0317
  0.0393  0.0394  0.0389  0.0369  0.0339  0.0321  0.0325  0.0327  0.0324  0.0316  0.0314  0.0314
  0.0389  0.0389  0.0387  0.0387  0.0364  0.0325  0.0320  0.0320  0.0319  0.0319  0.0316  0.0314
  0.0393  0.0387  0.0390  0.0418  0.0393  0.0342  0.0321  0.0321  0.0319  0.0328  0.0320  0.0317
  0.0406  0.0390  0.0396  0.0454  0.0420  0.0372  0.0327  0.0334  0.0323  0.0346  0.0326  0.0322
  0.0426  0.0397  0.0407  0.0493  0.0451  0.0411  0.0339  0.0359  0.0332  0.0367  0.0335  0.0331
niter,ni,del,rscale     7    3    5.0000    1.2000
parameter  3  0.606947 ->  0.500000 qaram    1.1500
parameter  5  0.865017 ->  0.500000 qaram    1.3225
parameters
   -0.5723    1.1984   -5.2031   -5.5290  -10.1477   -8.0015
   10.1439   -3.4249   -7.8961   10.0544   -0.1484  -14.4997
eta,q 0.97198  9.01455
  0.0346  0.0324  0.0309  0.0336  0.0287  0.0292  0.0303  0.0313  0.0300  0.0307  0.0286  0.0290
  0.0328  0.0315  0.0307  0.0324  0.0286  0.0282  0.0291  0.0295  0.0289  0.0292  0.0282  0.0284
  0.0317  0.0312  0.0308  0.0314  0.0294  0.0281  0.0283  0.0284  0.0283  0.0283  0.0281  0.0281
  0.0314  0.0314  0.0312  0.0307  0.0308  0.0287  0.0281  0.0281  0.0281  0.0281  0.0281  0.0280
  0.0318  0.0320  0.0319  0.0310  0.0329  0.0293  0.0285  0.0285  0.0283  0.0286  0.0283  0.0283
  0.0329  0.0332  0.0328  0.0329  0.0358  0.0308  0.0294  0.0296  0.0290  0.0296  0.0287  0.0289
  0.0347  0.0347  0.0341  0.0362  0.0390  0.0339  0.0308  0.0316  0.0301  0.0312  0.0292  0.0297
niter,ni,del,rscale     7    3    5.0000    1.2000
parameters
   -0.4791    1.6308   -5.1284   -5.6432  -13.2348   -8.5787
   10.0976   -3.3695   -7.6022   11.0558   -0.5608  -14.8933
eta,q 0.97238  8.85211
  0.0314  0.0316  0.0301  0.0307  0.0293  0.0301  0.0300  0.0310  0.0296  0.0308  0.0284  0.0287
  0.0296  0.0298  0.0290  0.0294  0.0283  0.0287  0.0287  0.0292  0.0286  0.0291  0.0279  0.0281
  0.0285  0.0286  0.0283  0.0286  0.0278  0.0278  0.0279  0.0280  0.0279  0.0281  0.0277  0.0277
  0.0280  0.0280  0.0279  0.0279  0.0279  0.0277  0.0277  0.0277  0.0277  0.0277  0.0276  0.0276
  0.0283  0.0280  0.0281  0.0279  0.0293  0.0285  0.0280  0.0281  0.0278  0.0277  0.0278  0.0278
  0.0293  0.0286  0.0288  0.0290  0.0313  0.0293  0.0288  0.0291  0.0284  0.0283  0.0281  0.0283
  0.0309  0.0297  0.0300  0.0314  0.0343  0.0306  0.0300  0.0308  0.0293  0.0294  0.0286  0.0290
niter,ni,del,rscale     6    3    5.0000    1.2000
parameters
   -0.4369    2.1121   -5.2278   -5.6286  -14.3077   -8.9123
    9.9941   -3.2139   -7.3425   12.1293   -1.0000  -15.2517
eta,q 0.97249  8.79733
  0.0307  0.0309  0.0295  0.0301  0.0298  0.0301  0.0297  0.0309  0.0294  0.0304  0.0283  0.0286
  0.0291  0.0293  0.0285  0.0289  0.0287  0.0287  0.0286  0.0291  0.0284  0.0289  0.0278  0.0280
  0.0280  0.0282  0.0278  0.0281  0.0279  0.0278  0.0278  0.0279  0.0278  0.0279  0.0276  0.0276
  0.0276  0.0276  0.0275  0.0275  0.0275  0.0276  0.0276  0.0276  0.0276  0.0276  0.0275  0.0275
  0.0279  0.0276  0.0278  0.0274  0.0279  0.0284  0.0278  0.0279  0.0277  0.0276  0.0277  0.0277
  0.0289  0.0280  0.0286  0.0284  0.0294  0.0291  0.0286  0.0289  0.0282  0.0281  0.0280  0.0281
  0.0306  0.0290  0.0299  0.0306  0.0315  0.0303  0.0298  0.0306  0.0291  0.0290  0.0284  0.0288
niter,ni,del,rscale     5    3    5.0000    1.2000
parameters
   -0.3659    2.4709   -5.4410   -5.6883  -15.0370   -9.3202
    9.8556   -3.0189   -7.1037   13.0939   -1.3671  -15.5457
eta,q 0.97256  8.75115
  0.0306  0.0304  0.0292  0.0298  0.0297  0.0299  0.0295  0.0308  0.0292  0.0300  0.0282  0.0284
  0.0290  0.0289  0.0283  0.0287  0.0286  0.0286  0.0284  0.0290  0.0283  0.0287  0.0277  0.0279
  0.0279  0.0280  0.0276  0.0280  0.0278  0.0277  0.0277  0.0279  0.0277  0.0278  0.0275  0.0276
  0.0275  0.0275  0.0275  0.0275  0.0275  0.0275  0.0275  0.0275  0.0275  0.0275  0.0274  0.0274
  0.0277  0.0275  0.0278  0.0273  0.0277  0.0283  0.0278  0.0278  0.0276  0.0275  0.0276  0.0276
  0.0287  0.0281  0.0286  0.0283  0.0289  0.0290  0.0285  0.0288  0.0281  0.0280  0.0279  0.0280
  0.0303  0.0291  0.0299  0.0305  0.0310  0.0302  0.0297  0.0304  0.0290  0.0289  0.0283  0.0286
niter,ni,del,rscale     4    3    5.0000    1.2000
parameters
   -0.2893    2.7980   -5.6898   -5.7855  -15.7524   -9.8196
    9.7049   -2.8257   -6.9553   13.9883   -1.5895  -15.7496
eta,q 0.97262  8.70087
  0.0305  0.0302  0.0291  0.0296  0.0296  0.0298  0.0294  0.0306  0.0291  0.0298  0.0281  0.0283
  0.0289  0.0288  0.0281  0.0285  0.0285  0.0285  0.0283  0.0289  0.0282  0.0285  0.0277  0.0278
  0.0279  0.0279  0.0276  0.0279  0.0277  0.0276  0.0276  0.0278  0.0276  0.0277  0.0274  0.0275
  0.0274  0.0274  0.0274  0.0274  0.0274  0.0275  0.0274  0.0274  0.0274  0.0274  0.0274  0.0274
  0.0277  0.0275  0.0277  0.0273  0.0276  0.0282  0.0277  0.0277  0.0275  0.0275  0.0275  0.0275
  0.0286  0.0280  0.0286  0.0282  0.0287  0.0290  0.0284  0.0287  0.0281  0.0279  0.0278  0.0279
  0.0302  0.0290  0.0299  0.0303  0.0307  0.0302  0.0295  0.0303  0.0290  0.0288  0.0282  0.0285
niter,ni,del,rscale     3    3    5.0000    1.2000
parameters
   -0.2106    3.1166   -5.9570   -5.9106  -16.4502  -10.3868
    9.5887   -2.6439   -6.9527   14.8370   -1.6076  -15.9292
eta,q 0.97270  8.64921
  0.0303  0.0300  0.0289  0.0294  0.0294  0.0296  0.0292  0.0305  0.0289  0.0297  0.0281  0.0282
  0.0288  0.0287  0.0280  0.0284  0.0283  0.0284  0.0282  0.0288  0.0281  0.0285  0.0276  0.0277
  0.0278  0.0278  0.0275  0.0278  0.0276  0.0276  0.0276  0.0277  0.0275  0.0277  0.0274  0.0274
  0.0274  0.0274  0.0273  0.0273  0.0273  0.0274  0.0273  0.0273  0.0273  0.0273  0.0273  0.0273
  0.0276  0.0274  0.0277  0.0272  0.0275  0.0281  0.0276  0.0277  0.0275  0.0274  0.0274  0.0274
  0.0285  0.0279  0.0285  0.0280  0.0286  0.0289  0.0283  0.0286  0.0280  0.0279  0.0277  0.0278
  0.0300  0.0289  0.0298  0.0301  0.0305  0.0301  0.0294  0.0302  0.0290  0.0288  0.0281  0.0284
niter,ni,del,rscale     2    3    5.0000    1.2000
parameters
   -0.1421    3.4090   -6.2362   -6.0608  -17.0669  -10.9557
    9.5271   -2.4806   -7.0796   15.5764   -1.4610  -16.0832
eta,q 0.97275  8.60104
  0.0301  0.0299  0.0288  0.0292  0.0294  0.0295  0.0291  0.0303  0.0289  0.0297  0.0281  0.0282
  0.0287  0.0286  0.0279  0.0282  0.0283  0.0283  0.0281  0.0287  0.0280  0.0284  0.0276  0.0277
  0.0277  0.0277  0.0274  0.0277  0.0276  0.0275  0.0275  0.0276  0.0275  0.0276  0.0273  0.0274
  0.0273  0.0273  0.0273  0.0273  0.0273  0.0273  0.0273  0.0273  0.0273  0.0273  0.0273  0.0273
  0.0275  0.0274  0.0276  0.0271  0.0275  0.0280  0.0275  0.0276  0.0275  0.0273  0.0273  0.0274
  0.0284  0.0279  0.0284  0.0279  0.0284  0.0288  0.0282  0.0285  0.0280  0.0279  0.0276  0.0277
  0.0299  0.0289  0.0296  0.0299  0.0304  0.0300  0.0292  0.0301  0.0290  0.0289  0.0280  0.0283
niter,ni,del,rscale     1    3    5.0000    1.2000
parameters
   -0.0842    3.6513   -6.4966   -6.2131  -17.5215  -11.4379
    9.5009   -2.3346   -7.2566   16.1582   -1.2365  -16.2765
eta,q 0.97278  8.56349
  0.0300  0.0298  0.0287  0.0291  0.0294  0.0295  0.0291  0.0303  0.0289  0.0296  0.0281  0.0281
  0.0285  0.0285  0.0279  0.0281  0.0282  0.0283  0.0281  0.0286  0.0280  0.0284  0.0276  0.0276
  0.0276  0.0276  0.0274  0.0276  0.0275  0.0275  0.0275  0.0276  0.0274  0.0276  0.0273  0.0273
  0.0272  0.0272  0.0272  0.0272  0.0272  0.0273  0.0272  0.0272  0.0272  0.0272  0.0272  0.0272
  0.0275  0.0273  0.0275  0.0271  0.0274  0.0279  0.0274  0.0276  0.0274  0.0274  0.0273  0.0273
  0.0283  0.0279  0.0283  0.0277  0.0283  0.0287  0.0281  0.0285  0.0281  0.0280  0.0276  0.0277
  0.0298  0.0289  0.0295  0.0297  0.0302  0.0299  0.0291  0.0300  0.0291  0.0290  0.0279  0.0282
registration optimization eta report
parameter search radius
    2.4000    2.4000    2.7600    8.2800    9.5220    8.2800
    7.2000    7.2000    7.2000    7.2000    7.2000    7.2000
100000*second partial in parameter space
       46.       36.       25.        3.        3.        3.
        4.        6.        3.        4.        1.        2.
  0.0300  0.0298  0.0287  0.0291  0.0294  0.0295  0.0291  0.0303  0.0289  0.0296  0.0281  0.0281
  0.0285  0.0285  0.0279  0.0281  0.0282  0.0283  0.0281  0.0286  0.0280  0.0284  0.0276  0.0276
  0.0276  0.0276  0.0274  0.0276  0.0275  0.0275  0.0275  0.0276  0.0274  0.0276  0.0273  0.0273
  0.0272  0.0272  0.0272  0.0272  0.0272  0.0273  0.0272  0.0272  0.0272  0.0272  0.0272  0.0272
  0.0275  0.0273  0.0275  0.0271  0.0274  0.0279  0.0274  0.0276  0.0274  0.0274  0.0273  0.0273
  0.0283  0.0279  0.0283  0.0277  0.0283  0.0287  0.0281  0.0285  0.0281  0.0280  0.0276  0.0277
  0.0298  0.0289  0.0295  0.0297  0.0302  0.0299  0.0291  0.0300  0.0291  0.0290  0.0279  0.0282
   -0.0842    3.6513   -6.4966   -6.2131  -17.5215  -11.4379
    9.5009   -2.3346   -7.2566   16.1582   -1.2365  -16.2765
eta,q 0.97278  8.56349

---------------------------------------------------------------------
imgreg_4dfp /opt/freesurfer/average/711-2C_as_mni_average_305 /opt/freesurfer/average/711-2B_as_mni_average_305_mask talsrcimg_g11 none talsrcimg_to_711-2C_as_mni_average_305_t4 2311
---------------------------------------------------------------------

freesurfer imgreg_4dfp.c
/opt/freesurfer/average/711-2C_as_mni_average_305.4dfp.img
       256       256       256         1
  1.000000  1.000000  1.000000
orientation T byte_order littleendian
Reading image: /opt/freesurfer/average/711-2C_as_mni_average_305.4dfp.img
dimensions:      256       256       256
mmppix:       1.0000   -1.0000   -1.0000
center:     128.0000 -129.0000 -129.0000
/opt/freesurfer/average/711-2B_as_mni_average_305_mask.4dfp.img
       256       256       256         1
  1.000000  1.000000  1.000000
orientation T byte_order littleendian
Reading mask: /opt/freesurfer/average/711-2B_as_mni_average_305_mask.4dfp.img (2306576 pixels)
talsrcimg_g11.4dfp.img
       256       256       256         1
  1.000000  1.000000  1.000000
orientation T byte_order littleendian
Reading image: talsrcimg_g11.4dfp.img
dimensions:      256       256       256
mmppix:       1.0000   -1.0000   -1.0000
center:     128.0000 -129.0000 -129.0000
fimgreg.f
image alignment mode   2311 decimal      907 hex
parameters
   -0.0842    3.6513   -6.4966   -6.2131  -17.5215  -11.4379
    9.5009   -2.3346   -7.2566   16.1582   -1.2365  -16.2765
eta,q 0.97278  8.56349
niter,ni,del,rscale     5    3    5.0000    0.8000
parameters
   -0.0129    3.8228   -6.6585   -4.5757  -16.7889  -11.4821
    9.1278   -2.0663   -7.5443   16.2793   -1.0022  -16.3231
eta,q 0.97299  8.66435
  0.0284  0.0284  0.0277  0.0278  0.0277  0.0280  0.0278  0.0286  0.0277  0.0280  0.0274  0.0274
  0.0278  0.0278  0.0274  0.0276  0.0274  0.0275  0.0273  0.0277  0.0273  0.0275  0.0272  0.0272
  0.0274  0.0274  0.0273  0.0274  0.0272  0.0272  0.0271  0.0272  0.0271  0.0271  0.0271  0.0271
  0.0272  0.0272  0.0272  0.0272  0.0270  0.0270  0.0270  0.0270  0.0270  0.0270  0.0270  0.0270
  0.0273  0.0273  0.0273  0.0271  0.0270  0.0272  0.0272  0.0271  0.0271  0.0271  0.0270  0.0270
  0.0277  0.0275  0.0276  0.0271  0.0272  0.0276  0.0276  0.0275  0.0275  0.0274  0.0271  0.0272
  0.0283  0.0280  0.0280  0.0274  0.0275  0.0280  0.0281  0.0282  0.0279  0.0279  0.0273  0.0275
niter,ni,del,rscale     4    3    5.0000    0.7000
parameters
   -0.0167    3.7887   -6.8350   -4.6539  -16.6687  -11.6413
    9.1518   -2.0291   -7.5974   16.3714   -0.8278  -16.4011
eta,q 0.97300  8.66176
  0.0280  0.0277  0.0274  0.0275  0.0275  0.0277  0.0278  0.0281  0.0276  0.0278  0.0273  0.0273
  0.0274  0.0273  0.0271  0.0274  0.0272  0.0274  0.0273  0.0275  0.0273  0.0274  0.0271  0.0272
  0.0271  0.0271  0.0270  0.0272  0.0271  0.0271  0.0271  0.0271  0.0271  0.0271  0.0270  0.0270
  0.0270  0.0270  0.0270  0.0270  0.0270  0.0270  0.0270  0.0270  0.0270  0.0270  0.0270  0.0270
  0.0271  0.0271  0.0271  0.0270  0.0270  0.0271  0.0271  0.0271  0.0271  0.0271  0.0270  0.0270
  0.0274  0.0274  0.0273  0.0272  0.0272  0.0275  0.0273  0.0275  0.0273  0.0273  0.0271  0.0272
  0.0280  0.0278  0.0276  0.0278  0.0275  0.0278  0.0277  0.0280  0.0277  0.0277  0.0272  0.0274
niter,ni,del,rscale     3    3    5.0000    0.6000
parameters
   -0.0147    3.8158   -6.8970   -4.3532  -16.6270  -11.6667
    9.1045   -1.9840   -7.6564   16.4445   -0.7082  -16.4281
eta,q 0.97302  8.67531
  0.0277  0.0276  0.0273  0.0275  0.0273  0.0276  0.0275  0.0278  0.0274  0.0276  0.0272  0.0272
  0.0273  0.0273  0.0271  0.0273  0.0271  0.0273  0.0272  0.0273  0.0272  0.0272  0.0271  0.0271
  0.0271  0.0271  0.0270  0.0272  0.0270  0.0271  0.0270  0.0271  0.0270  0.0271  0.0270  0.0270
  0.0270  0.0270  0.0270  0.0270  0.0270  0.0270  0.0270  0.0270  0.0270  0.0270  0.0270  0.0270
  0.0271  0.0271  0.0271  0.0270  0.0270  0.0271  0.0270  0.0271  0.0270  0.0270  0.0270  0.0270
  0.0273  0.0272  0.0272  0.0271  0.0271  0.0273  0.0272  0.0273  0.0272  0.0272  0.0271  0.0271
  0.0277  0.0275  0.0274  0.0274  0.0273  0.0276  0.0276  0.0277  0.0275  0.0275  0.0272  0.0272
niter,ni,del,rscale     2    3    5.0000    0.5000
parameters
   -0.0214    3.8208   -6.9487   -4.1051  -16.5451  -11.6599
    9.0741   -1.9447   -7.6754   16.4944   -0.6075  -16.4203
eta,q 0.97304  8.68912
  0.0275  0.0274  0.0272  0.0274  0.0272  0.0274  0.0274  0.0275  0.0273  0.0274  0.0271  0.0271
  0.0272  0.0272  0.0271  0.0272  0.0271  0.0272  0.0271  0.0272  0.0271  0.0272  0.0270  0.0270
  0.0270  0.0270  0.0270  0.0271  0.0270  0.0270  0.0270  0.0270  0.0270  0.0270  0.0270  0.0270
  0.0270  0.0270  0.0270  0.0270  0.0270  0.0270  0.0270  0.0270  0.0270  0.0270  0.0270  0.0270
  0.0270  0.0270  0.0270  0.0270  0.0270  0.0270  0.0270  0.0270  0.0270  0.0270  0.0270  0.0270
  0.0272  0.0271  0.0271  0.0271  0.0270  0.0272  0.0271  0.0272  0.0271  0.0271  0.0270  0.0270
  0.0275  0.0274  0.0272  0.0273  0.0272  0.0274  0.0274  0.0275  0.0273  0.0273  0.0271  0.0271
niter,ni,del,rscale     1    3    5.0000    0.4000
parameters
   -0.0324    3.8158   -6.9790   -3.9053  -16.4978  -11.6389
    9.0524   -1.9327   -7.6804   16.5096   -0.5288  -16.4297
eta,q 0.97305  8.69959
  0.0273  0.0272  0.0271  0.0273  0.0271  0.0272  0.0272  0.0273  0.0272  0.0272  0.0270  0.0271
  0.0271  0.0271  0.0270  0.0271  0.0270  0.0271  0.0271  0.0271  0.0271  0.0271  0.0270  0.0270
  0.0270  0.0270  0.0270  0.0270  0.0270  0.0270  0.0270  0.0270  0.0270  0.0270  0.0270  0.0270
  0.0270  0.0270  0.0270  0.0270  0.0270  0.0270  0.0270  0.0270  0.0270  0.0270  0.0270  0.0270
  0.0270  0.0270  0.0270  0.0270  0.0270  0.0270  0.0270  0.0270  0.0270  0.0270  0.0270  0.0270
  0.0271  0.0271  0.0270  0.0270  0.0270  0.0271  0.0271  0.0271  0.0271  0.0271  0.0270  0.0270
  0.0273  0.0272  0.0271  0.0272  0.0271  0.0272  0.0272  0.0273  0.0272  0.0272  0.0270  0.0271
registration optimization eta report
parameter search radius
    0.8000    0.8000    0.8000    2.4000    2.4000    2.4000
    2.4000    2.4000    2.4000    2.4000    2.4000    2.4000
100000*second partial in parameter space
       52.       39.       25.        5.        3.        5.
        4.        6.        4.        4.        1.        2.
  0.0273  0.0272  0.0271  0.0273  0.0271  0.0272  0.0272  0.0273  0.0272  0.0272  0.0270  0.0271
  0.0271  0.0271  0.0270  0.0271  0.0270  0.0271  0.0271  0.0271  0.0271  0.0271  0.0270  0.0270
  0.0270  0.0270  0.0270  0.0270  0.0270  0.0270  0.0270  0.0270  0.0270  0.0270  0.0270  0.0270
  0.0270  0.0270  0.0270  0.0270  0.0270  0.0270  0.0270  0.0270  0.0270  0.0270  0.0270  0.0270
  0.0270  0.0270  0.0270  0.0270  0.0270  0.0270  0.0270  0.0270  0.0270  0.0270  0.0270  0.0270
  0.0271  0.0271  0.0270  0.0270  0.0270  0.0271  0.0271  0.0271  0.0271  0.0271  0.0270  0.0270
  0.0273  0.0272  0.0271  0.0272  0.0271  0.0272  0.0272  0.0273  0.0272  0.0272  0.0270  0.0271
   -0.0324    3.8158   -6.9790   -3.9053  -16.4978  -11.6389
    9.0524   -1.9327   -7.6804   16.5096   -0.5288  -16.4297
eta,q 0.97305  8.69959

---------------------------------------------------------------------
imgreg_4dfp /opt/freesurfer/average/711-2C_as_mni_average_305 /opt/freesurfer/average/711-2B_as_mni_average_305_mask talsrcimg_g11 none talsrcimg_to_711-2C_as_mni_average_305_t4 2311
---------------------------------------------------------------------

freesurfer imgreg_4dfp.c
/opt/freesurfer/average/711-2C_as_mni_average_305.4dfp.img
       256       256       256         1
  1.000000  1.000000  1.000000
orientation T byte_order littleendian
Reading image: /opt/freesurfer/average/711-2C_as_mni_average_305.4dfp.img
dimensions:      256       256       256
mmppix:       1.0000   -1.0000   -1.0000
center:     128.0000 -129.0000 -129.0000
/opt/freesurfer/average/711-2B_as_mni_average_305_mask.4dfp.img
       256       256       256         1
  1.000000  1.000000  1.000000
orientation T byte_order littleendian
Reading mask: /opt/freesurfer/average/711-2B_as_mni_average_305_mask.4dfp.img (2306576 pixels)
talsrcimg_g11.4dfp.img
       256       256       256         1
  1.000000  1.000000  1.000000
orientation T byte_order littleendian
Reading image: talsrcimg_g11.4dfp.img
dimensions:      256       256       256
mmppix:       1.0000   -1.0000   -1.0000
center:     128.0000 -129.0000 -129.0000
fimgreg.f
image alignment mode   2311 decimal      907 hex
parameters
   -0.0324    3.8158   -6.9790   -3.9053  -16.4978  -11.6389
    9.0524   -1.9327   -7.6804   16.5096   -0.5288  -16.4297
eta,q 0.97305  8.69959
niter,ni,del,rscale     5    3    5.0000    0.8000
parameters
   -0.0309    3.8090   -7.0236   -4.7372  -16.8258  -11.7790
    9.1978   -2.0216   -7.7003   16.5704   -0.5593  -16.6300
eta,q 0.97298  8.64966
  0.0283  0.0279  0.0275  0.0275  0.0275  0.0279  0.0280  0.0283  0.0278  0.0280  0.0273  0.0274
  0.0275  0.0274  0.0272  0.0273  0.0273  0.0274  0.0275  0.0276  0.0274  0.0275  0.0272  0.0272
  0.0271  0.0271  0.0270  0.0271  0.0271  0.0271  0.0271  0.0271  0.0271  0.0271  0.0271  0.0271
  0.0270  0.0270  0.0270  0.0270  0.0270  0.0270  0.0270  0.0270  0.0270  0.0270  0.0270  0.0270
  0.0271  0.0271  0.0270  0.0271  0.0271  0.0272  0.0271  0.0272  0.0271  0.0271  0.0271  0.0271
  0.0276  0.0274  0.0272  0.0276  0.0273  0.0276  0.0274  0.0276  0.0274  0.0274  0.0272  0.0272
  0.0283  0.0280  0.0276  0.0285  0.0278  0.0280  0.0279  0.0284  0.0279  0.0280  0.0274  0.0275
niter,ni,del,rscale     4    3    5.0000    0.7000
parameters
   -0.0122    3.8807   -6.9865   -4.7015  -16.8103  -11.7943
    9.1889   -2.0002   -7.7226   16.6285   -0.6159  -16.6136
eta,q 0.97299  8.65211
  0.0280  0.0279  0.0275  0.0275  0.0275  0.0278  0.0277  0.0281  0.0276  0.0278  0.0273  0.0273
  0.0275  0.0274  0.0272  0.0274  0.0272  0.0274  0.0273  0.0275  0.0273  0.0274  0.0271  0.0272
  0.0271  0.0271  0.0271  0.0272  0.0271  0.0271  0.0271  0.0271  0.0271  0.0271  0.0270  0.0271
  0.0270  0.0270  0.0270  0.0270  0.0270  0.0270  0.0270  0.0270  0.0270  0.0270  0.0270  0.0270
  0.0271  0.0271  0.0271  0.0270  0.0270  0.0271  0.0271  0.0271  0.0271  0.0271  0.0270  0.0270
  0.0274  0.0273  0.0272  0.0272  0.0272  0.0274  0.0273  0.0275  0.0273  0.0273  0.0271  0.0272
  0.0279  0.0277  0.0275  0.0277  0.0275  0.0278  0.0278  0.0280  0.0277  0.0277  0.0273  0.0273
niter,ni,del,rscale     3    3    5.0000    0.6000
parameters
   -0.0085    3.8842   -6.9912   -4.3726  -16.7314  -11.7553
    9.1220   -1.9484   -7.7205   16.6259   -0.5715  -16.5452
eta,q 0.97302  8.66952
  0.0277  0.0276  0.0274  0.0274  0.0273  0.0276  0.0275  0.0278  0.0275  0.0275  0.0272  0.0272
  0.0273  0.0273  0.0272  0.0273  0.0272  0.0273  0.0272  0.0273  0.0272  0.0272  0.0271  0.0271
  0.0271  0.0271  0.0271  0.0272  0.0270  0.0271  0.0270  0.0271  0.0270  0.0271  0.0270  0.0270
  0.0270  0.0270  0.0270  0.0270  0.0270  0.0270  0.0270  0.0270  0.0270  0.0270  0.0270  0.0270
  0.0271  0.0271  0.0270  0.0270  0.0270  0.0271  0.0271  0.0271  0.0270  0.0270  0.0270  0.0270
  0.0273  0.0273  0.0272  0.0271  0.0271  0.0273  0.0272  0.0273  0.0272  0.0272  0.0271  0.0271
  0.0277  0.0276  0.0274  0.0274  0.0273  0.0276  0.0276  0.0277  0.0275  0.0275  0.0272  0.0272
niter,ni,del,rscale     2    3    5.0000    0.5000
parameters
   -0.0177    3.8641   -7.0108   -4.1138  -16.6218  -11.7178
    9.0793   -1.9210   -7.7161   16.6031   -0.5271  -16.4764
eta,q 0.97303  8.68487
  0.0275  0.0274  0.0272  0.0274  0.0272  0.0274  0.0274  0.0275  0.0273  0.0273  0.0271  0.0271
  0.0272  0.0271  0.0271  0.0272  0.0271  0.0272  0.0271  0.0272  0.0271  0.0271  0.0270  0.0270
  0.0270  0.0270  0.0270  0.0271  0.0270  0.0270  0.0270  0.0270  0.0270  0.0270  0.0270  0.0270
  0.0270  0.0270  0.0270  0.0270  0.0270  0.0270  0.0270  0.0270  0.0270  0.0270  0.0270  0.0270
  0.0270  0.0270  0.0270  0.0270  0.0270  0.0270  0.0270  0.0270  0.0270  0.0270  0.0270  0.0270
  0.0272  0.0272  0.0271  0.0271  0.0270  0.0272  0.0271  0.0272  0.0271  0.0271  0.0270  0.0270
  0.0275  0.0274  0.0272  0.0273  0.0272  0.0274  0.0274  0.0275  0.0273  0.0274  0.0271  0.0271
niter,ni,del,rscale     1    3    5.0000    0.4000
parameters
   -0.0322    3.8446   -7.0230   -3.8843  -16.5455  -11.6809
    9.0633   -1.9111   -7.7091   16.5772   -0.4416  -16.4499
eta,q 0.97305  8.69769
  0.0273  0.0272  0.0271  0.0273  0.0271  0.0273  0.0272  0.0273  0.0272  0.0272  0.0270  0.0271
  0.0271  0.0271  0.0270  0.0271  0.0270  0.0271  0.0271  0.0271  0.0271  0.0271  0.0270  0.0270
  0.0270  0.0270  0.0270  0.0270  0.0270  0.0270  0.0270  0.0270  0.0270  0.0270  0.0270  0.0270
  0.0270  0.0270  0.0270  0.0270  0.0270  0.0270  0.0270  0.0270  0.0270  0.0270  0.0270  0.0270
  0.0270  0.0270  0.0270  0.0270  0.0270  0.0270  0.0270  0.0270  0.0270  0.0270  0.0270  0.0270
  0.0271  0.0271  0.0270  0.0270  0.0270  0.0271  0.0271  0.0271  0.0271  0.0271  0.0270  0.0270
  0.0273  0.0272  0.0271  0.0272  0.0271  0.0272  0.0272  0.0273  0.0272  0.0272  0.0270  0.0271
registration optimization eta report
parameter search radius
    0.8000    0.8000    0.8000    2.4000    2.4000    2.4000
    2.4000    2.4000    2.4000    2.4000    2.4000    2.4000
100000*second partial in parameter space
       51.       39.       24.        5.        3.        5.
        4.        6.        4.        4.        1.        2.
  0.0273  0.0272  0.0271  0.0273  0.0271  0.0273  0.0272  0.0273  0.0272  0.0272  0.0270  0.0271
  0.0271  0.0271  0.0270  0.0271  0.0270  0.0271  0.0271  0.0271  0.0271  0.0271  0.0270  0.0270
  0.0270  0.0270  0.0270  0.0270  0.0270  0.0270  0.0270  0.0270  0.0270  0.0270  0.0270  0.0270
  0.0270  0.0270  0.0270  0.0270  0.0270  0.0270  0.0270  0.0270  0.0270  0.0270  0.0270  0.0270
  0.0270  0.0270  0.0270  0.0270  0.0270  0.0270  0.0270  0.0270  0.0270  0.0270  0.0270  0.0270
  0.0271  0.0271  0.0270  0.0270  0.0270  0.0271  0.0271  0.0271  0.0271  0.0271  0.0270  0.0270
  0.0273  0.0272  0.0271  0.0272  0.0271  0.0272  0.0272  0.0273  0.0272  0.0272  0.0270  0.0271
   -0.0322    3.8446   -7.0230   -3.8843  -16.5455  -11.6809
    9.0633   -1.9111   -7.7091   16.5772   -0.4416  -16.4499
eta,q 0.97305  8.69769

---------------------------------------------------------------------
compute_vox2vox talsrcimg talsrcimg_to_711-2C_as_mni_average_305_t4 /opt/freesurfer/average/711-2C_as_mni_average_305
---------------------------------------------------------------------

freesurfer compute_vox2vox.c
Reading: talsrcimg.4dfp.ifh
Reading: talsrcimg_to_711-2C_as_mni_average_305_t4
Reading: /opt/freesurfer/average/711-2C_as_mni_average_305.4dfp.ifh
Writing: talsrcimg_to_711-2C_as_mni_average_305_t4_vox2vox.txt

start time Fri Mar 13 00:26:24 CET 2026
end		time Fri Mar 13 00:27:51 CET 2026

mpr2mni305 success

avi2talxfm orig_nu.mgz /opt/freesurfer/average/mni305.cor.mgz talsrcimg_to_711-2C_as_mni_average_305_t4_vox2vox.txt transforms/talairach.auto.xfm
avi2talxfm done
mv -f /out/sourcedata/freesurfer/sub-v2s3x28796_ses-1/mri/talsrcimg_to_711-2C_as_mni_average_305_t4_vox2vox.txt /out/sourcedata/freesurfer/sub-v2s3x28796_ses-1/mri/transforms/talsrcimg_to_711-2C_as_mni_average_305_t4_vox2vox.txt
lta_convert --src orig_nu.mgz --trg /opt/freesurfer/average/mni305.cor.mgz --inxfm transforms/talairach.auto.xfm --outlta transforms/talairach.auto.xfm.lta --subject fsaverage
7.3.2

--src: orig_nu.mgz src image (geometry).
--trg: /opt/freesurfer/average/mni305.cor.mgz trg image (geometry).
--inmni: transforms/talairach.auto.xfm input MNI/XFM transform.
--outlta: transforms/talairach.auto.xfm.lta output LTA.
--s: fsaverage subject name
 LTA read, type : 1
 1.03227   0.04183  -0.10386  -4.28502;
 0.02210   1.09276   0.21299  -44.25088;
 0.09097  -0.21320   1.14636   0.16594;
 0.00000   0.00000   0.00000   1.00000;
setting subject to fsaverage
Writing  LTA to file transforms/talairach.auto.xfm.lta...
lta_convert successful.
 
 
Started at Fri Mar 13 00:26:23 CET 2026
Ended   at Fri Mar 13 00:27:51 CET 2026
talairach_avi done
