status file for recon-all
Fri Mar 13 02:17:24 CET 2026
#@# MotionCor Fri Mar 13 02:17:26 CET 2026
#@# Talairach Fri Mar 13 02:17:31 CET 2026
#@# Talairach Failure Detection Fri Mar 13 02:20:21 CET 2026
#@# Nu Intensity Correction Fri Mar 13 02:20:21 CET 2026
#@# Intensity Normalization Fri Mar 13 02:23:06 CET 2026
recon-all -s sub-v2s3x28820_ses-1 finished without error at Fri Mar 13 02:24:13 CET 2026



#New# invocation of recon-all 



status file for recon-all
Fri Mar 13 02:30:32 CET 2026
#@# EM Registration Fri Mar 13 02:30:32 CET 2026
recon-all -s sub-v2s3x28820_ses-1 finished without error at Fri Mar 13 02:31:47 CET 2026



#New# invocation of recon-all 



status file for recon-all
Fri Mar 13 02:31:48 CET 2026
#@# CA Normalize Fri Mar 13 02:31:48 CET 2026
#@# CA Reg Fri Mar 13 02:32:43 CET 2026
#@# SubCort Seg Fri Mar 13 03:05:46 CET 2026
#@# CC Seg Fri Mar 13 03:25:52 CET 2026
#@# Merge ASeg Fri Mar 13 03:26:13 CET 2026
#@# Intensity Normalization2 Fri Mar 13 03:26:13 CET 2026
#@# Mask BFS Fri Mar 13 03:27:51 CET 2026
#@# WM Segmentation Fri Mar 13 03:27:51 CET 2026
#@# Fill Fri Mar 13 03:29:23 CET 2026
recon-all -s sub-v2s3x28820_ses-1 finished without error at Fri Mar 13 03:30:01 CET 2026



#New# invocation of recon-all 



status file for recon-all
Fri Mar 13 04:02:49 CET 2026
#@# white curv lh Fri Mar 13 04:02:49 CET 2026
#@# white area lh Fri Mar 13 04:02:49 CET 2026
#@# pial curv lh Fri Mar 13 04:02:49 CET 2026
#@# pial area lh Fri Mar 13 04:02:49 CET 2026
#@# thickness lh Fri Mar 13 04:02:49 CET 2026
#@# area and vertex vol lh Fri Mar 13 04:02:49 CET 2026
#@# white curv rh Fri Mar 13 04:02:49 CET 2026
#@# white area rh Fri Mar 13 04:02:49 CET 2026
#@# pial curv rh Fri Mar 13 04:02:49 CET 2026
#@# pial area rh Fri Mar 13 04:02:49 CET 2026
#@# thickness rh Fri Mar 13 04:02:49 CET 2026
#@# area and vertex vol rh Fri Mar 13 04:02:49 CET 2026
#@# Cortical ribbon mask Fri Mar 13 04:02:49 CET 2026
recon-all -s sub-v2s3x28820_ses-1 finished without error at Fri Mar 13 04:06:43 CET 2026



#New# invocation of recon-all 



status file for recon-all
Fri Mar 13 04:11:49 CET 2026
#@# white curv lh Fri Mar 13 04:11:49 CET 2026
#@# white area lh Fri Mar 13 04:11:49 CET 2026
#@# pial curv lh Fri Mar 13 04:11:49 CET 2026
#@# pial area lh Fri Mar 13 04:11:49 CET 2026
#@# thickness lh Fri Mar 13 04:11:49 CET 2026
#@# area and vertex vol lh Fri Mar 13 04:11:49 CET 2026
#@# white curv rh Fri Mar 13 04:11:49 CET 2026
#@# white area rh Fri Mar 13 04:11:49 CET 2026
#@# pial curv rh Fri Mar 13 04:11:49 CET 2026
#@# pial area rh Fri Mar 13 04:11:49 CET 2026
#@# thickness rh Fri Mar 13 04:11:49 CET 2026
#@# area and vertex vol rh Fri Mar 13 04:11:49 CET 2026
#@# Curvature Stats lh Fri Mar 13 04:11:49 CET 2026
#@# Curvature Stats rh Fri Mar 13 04:11:51 CET 2026
#@# Relabel Hypointensities Fri Mar 13 04:11:52 CET 2026
#@# APas-to-ASeg Fri Mar 13 04:12:03 CET 2026
#@# AParc-to-ASeg aparc Fri Mar 13 04:12:09 CET 2026
#@# AParc-to-ASeg aparc.a2009s Fri Mar 13 04:12:40 CET 2026
#@# AParc-to-ASeg aparc.DKTatlas Fri Mar 13 04:13:09 CET 2026
#@# WMParc Fri Mar 13 04:13:37 CET 2026
#@# ASeg Stats Fri Mar 13 04:15:20 CET 2026
recon-all -s sub-v2s3x28820_ses-1 finished without error at Fri Mar 13 04:15:37 CET 2026
