status file for recon-all
Fri Mar 13 03:30:05 CET 2026
#@# Tessellate lh Fri Mar 13 03:30:05 CET 2026
#@# Smooth1 lh Fri Mar 13 03:30:07 CET 2026
#@# Inflation1 lh Fri Mar 13 03:30:09 CET 2026
#@# QSphere lh Fri Mar 13 03:30:17 CET 2026
#@# Fix Topology lh Fri Mar 13 03:30:59 CET 2026
#@# Smooth2 lh Fri Mar 13 03:35:00 CET 2026
#@# Inflation2 lh Fri Mar 13 03:35:02 CET 2026
#@# Curv .H and .K lh Fri Mar 13 03:35:10 CET 2026
#@# Sphere lh Fri Mar 13 03:35:49 CET 2026
#@# Surf Reg lh Fri Mar 13 03:37:06 CET 2026
#@# Jacobian white lh Fri Mar 13 03:39:48 CET 2026
#@# AvgCurv lh Fri Mar 13 03:39:48 CET 2026
#@# Cortical Parc lh Fri Mar 13 03:39:49 CET 2026
#@# white curv lh Fri Mar 13 03:45:09 CET 2026
#@# white area lh Fri Mar 13 03:45:10 CET 2026
#@# pial curv lh Fri Mar 13 03:45:11 CET 2026
#@# pial area lh Fri Mar 13 03:45:12 CET 2026
#@# thickness lh Fri Mar 13 03:45:12 CET 2026
#@# area and vertex vol lh Fri Mar 13 03:45:32 CET 2026
#@# Curvature Stats lh Fri Mar 13 03:45:33 CET 2026
#@# Cortical Parc 2 lh Fri Mar 13 03:45:35 CET 2026
#@# Cortical Parc 3 lh Fri Mar 13 03:45:45 CET 2026
#@# WM/GM Contrast lh Fri Mar 13 03:45:53 CET 2026
recon-all -s sub-v2s3x28820_ses-1 finished without error at Fri Mar 13 03:45:55 CET 2026



#New# invocation of recon-all 



status file for recon-all
Fri Mar 13 04:06:47 CET 2026
#@# white curv lh Fri Mar 13 04:06:47 CET 2026
#@# white area lh Fri Mar 13 04:06:47 CET 2026
#@# pial curv lh Fri Mar 13 04:06:47 CET 2026
#@# pial area lh Fri Mar 13 04:06:47 CET 2026
#@# thickness lh Fri Mar 13 04:06:47 CET 2026
#@# area and vertex vol lh Fri Mar 13 04:06:47 CET 2026
#@# Parcellation Stats lh Fri Mar 13 04:06:47 CET 2026
#@# Parcellation Stats 2 lh Fri Mar 13 04:07:04 CET 2026
#@# Parcellation Stats 3 lh Fri Mar 13 04:07:14 CET 2026
#@# BA_exvivo Labels lh Fri Mar 13 04:07:23 CET 2026
recon-all -s sub-v2s3x28820_ses-1 finished without error at Fri Mar 13 04:09:17 CET 2026
