status file for recon-all
Fri Mar 13 03:23:48 CET 2026
#@# MotionCor Fri Mar 13 03:23:50 CET 2026
#@# Talairach Fri Mar 13 03:23:57 CET 2026
#@# Talairach Failure Detection Fri Mar 13 03:28:22 CET 2026
#@# Nu Intensity Correction Fri Mar 13 03:28:23 CET 2026
#@# Intensity Normalization Fri Mar 13 03:31:37 CET 2026
recon-all -s sub-v2s3x28841_ses-1 finished without error at Fri Mar 13 03:33:05 CET 2026



#New# invocation of recon-all 



status file for recon-all
Fri Mar 13 03:40:41 CET 2026
#@# EM Registration Fri Mar 13 03:40:41 CET 2026
recon-all -s sub-v2s3x28841_ses-1 finished without error at Fri Mar 13 03:42:32 CET 2026



#New# invocation of recon-all 



status file for recon-all
Fri Mar 13 03:42:34 CET 2026
#@# CA Normalize Fri Mar 13 03:42:34 CET 2026
#@# CA Reg Fri Mar 13 03:43:55 CET 2026
#@# SubCort Seg Fri Mar 13 04:36:52 CET 2026
#@# CC Seg Fri Mar 13 05:02:16 CET 2026
#@# Merge ASeg Fri Mar 13 05:02:53 CET 2026
#@# Intensity Normalization2 Fri Mar 13 05:02:53 CET 2026
#@# Mask BFS Fri Mar 13 05:05:08 CET 2026
#@# WM Segmentation Fri Mar 13 05:05:09 CET 2026
#@# Fill Fri Mar 13 05:06:57 CET 2026
recon-all -s sub-v2s3x28841_ses-1 finished without error at Fri Mar 13 05:07:59 CET 2026



#New# invocation of recon-all 



status file for recon-all
Fri Mar 13 05:50:45 CET 2026
#@# white curv lh Fri Mar 13 05:50:45 CET 2026
#@# white area lh Fri Mar 13 05:50:45 CET 2026
#@# pial curv lh Fri Mar 13 05:50:45 CET 2026
#@# pial area lh Fri Mar 13 05:50:45 CET 2026
#@# thickness lh Fri Mar 13 05:50:45 CET 2026
#@# area and vertex vol lh Fri Mar 13 05:50:45 CET 2026
#@# white curv rh Fri Mar 13 05:50:45 CET 2026
#@# white area rh Fri Mar 13 05:50:45 CET 2026
#@# pial curv rh Fri Mar 13 05:50:45 CET 2026
#@# pial area rh Fri Mar 13 05:50:45 CET 2026
#@# thickness rh Fri Mar 13 05:50:45 CET 2026
#@# area and vertex vol rh Fri Mar 13 05:50:45 CET 2026
#@# Cortical ribbon mask Fri Mar 13 05:50:45 CET 2026
recon-all -s sub-v2s3x28841_ses-1 finished without error at Fri Mar 13 05:56:34 CET 2026



#New# invocation of recon-all 



status file for recon-all
Fri Mar 13 06:03:03 CET 2026
#@# white curv lh Fri Mar 13 06:03:03 CET 2026
#@# white area lh Fri Mar 13 06:03:03 CET 2026
#@# pial curv lh Fri Mar 13 06:03:03 CET 2026
#@# pial area lh Fri Mar 13 06:03:03 CET 2026
#@# thickness lh Fri Mar 13 06:03:03 CET 2026
#@# area and vertex vol lh Fri Mar 13 06:03:03 CET 2026
#@# white curv rh Fri Mar 13 06:03:03 CET 2026
#@# white area rh Fri Mar 13 06:03:03 CET 2026
#@# pial curv rh Fri Mar 13 06:03:04 CET 2026
#@# pial area rh Fri Mar 13 06:03:04 CET 2026
#@# thickness rh Fri Mar 13 06:03:04 CET 2026
#@# area and vertex vol rh Fri Mar 13 06:03:04 CET 2026
#@# Curvature Stats lh Fri Mar 13 06:03:04 CET 2026
#@# Curvature Stats rh Fri Mar 13 06:03:06 CET 2026
#@# Relabel Hypointensities Fri Mar 13 06:03:08 CET 2026
#@# APas-to-ASeg Fri Mar 13 06:03:23 CET 2026
#@# AParc-to-ASeg aparc Fri Mar 13 06:03:32 CET 2026
#@# AParc-to-ASeg aparc.a2009s Fri Mar 13 06:04:13 CET 2026
#@# AParc-to-ASeg aparc.DKTatlas Fri Mar 13 06:04:51 CET 2026
#@# WMParc Fri Mar 13 06:05:32 CET 2026
#@# ASeg Stats Fri Mar 13 06:09:01 CET 2026
recon-all -s sub-v2s3x28841_ses-1 finished without error at Fri Mar 13 06:09:44 CET 2026
