status file for recon-all
Fri Mar 13 02:35:24 CET 2026
#@# MotionCor Fri Mar 13 02:35:26 CET 2026
#@# Talairach Fri Mar 13 02:35:31 CET 2026
#@# Talairach Failure Detection Fri Mar 13 02:38:21 CET 2026
#@# Nu Intensity Correction Fri Mar 13 02:38:22 CET 2026
#@# Intensity Normalization Fri Mar 13 02:41:10 CET 2026
recon-all -s sub-v2s3x28829_ses-1 finished without error at Fri Mar 13 02:42:06 CET 2026



#New# invocation of recon-all 



status file for recon-all
Fri Mar 13 02:48:29 CET 2026
#@# EM Registration Fri Mar 13 02:48:29 CET 2026
recon-all -s sub-v2s3x28829_ses-1 finished without error at Fri Mar 13 02:50:08 CET 2026



#New# invocation of recon-all 



status file for recon-all
Fri Mar 13 02:50:11 CET 2026
#@# CA Normalize Fri Mar 13 02:50:11 CET 2026
#@# CA Reg Fri Mar 13 02:51:04 CET 2026
#@# SubCort Seg Fri Mar 13 03:34:50 CET 2026
#@# CC Seg Fri Mar 13 03:54:08 CET 2026
#@# Merge ASeg Fri Mar 13 03:54:32 CET 2026
#@# Intensity Normalization2 Fri Mar 13 03:54:32 CET 2026
#@# Mask BFS Fri Mar 13 03:56:02 CET 2026
#@# WM Segmentation Fri Mar 13 03:56:02 CET 2026
#@# Fill Fri Mar 13 03:57:35 CET 2026
recon-all -s sub-v2s3x28829_ses-1 finished without error at Fri Mar 13 03:58:15 CET 2026



#New# invocation of recon-all 



status file for recon-all
Fri Mar 13 04:35:46 CET 2026
#@# white curv lh Fri Mar 13 04:35:46 CET 2026
#@# white area lh Fri Mar 13 04:35:46 CET 2026
#@# pial curv lh Fri Mar 13 04:35:46 CET 2026
#@# pial area lh Fri Mar 13 04:35:46 CET 2026
#@# thickness lh Fri Mar 13 04:35:46 CET 2026
#@# area and vertex vol lh Fri Mar 13 04:35:46 CET 2026
#@# white curv rh Fri Mar 13 04:35:46 CET 2026
#@# white area rh Fri Mar 13 04:35:46 CET 2026
#@# pial curv rh Fri Mar 13 04:35:46 CET 2026
#@# pial area rh Fri Mar 13 04:35:46 CET 2026
#@# thickness rh Fri Mar 13 04:35:46 CET 2026
#@# area and vertex vol rh Fri Mar 13 04:35:46 CET 2026
#@# Cortical ribbon mask Fri Mar 13 04:35:46 CET 2026
recon-all -s sub-v2s3x28829_ses-1 finished without error at Fri Mar 13 04:39:56 CET 2026



#New# invocation of recon-all 



status file for recon-all
Fri Mar 13 04:44:52 CET 2026
#@# white curv lh Fri Mar 13 04:44:52 CET 2026
#@# white area lh Fri Mar 13 04:44:52 CET 2026
#@# pial curv lh Fri Mar 13 04:44:52 CET 2026
#@# pial area lh Fri Mar 13 04:44:52 CET 2026
#@# thickness lh Fri Mar 13 04:44:52 CET 2026
#@# area and vertex vol lh Fri Mar 13 04:44:52 CET 2026
#@# white curv rh Fri Mar 13 04:44:52 CET 2026
#@# white area rh Fri Mar 13 04:44:52 CET 2026
#@# pial curv rh Fri Mar 13 04:44:52 CET 2026
#@# pial area rh Fri Mar 13 04:44:52 CET 2026
#@# thickness rh Fri Mar 13 04:44:52 CET 2026
#@# area and vertex vol rh Fri Mar 13 04:44:52 CET 2026
#@# Curvature Stats lh Fri Mar 13 04:44:52 CET 2026
#@# Curvature Stats rh Fri Mar 13 04:44:54 CET 2026
#@# Relabel Hypointensities Fri Mar 13 04:44:56 CET 2026
#@# APas-to-ASeg Fri Mar 13 04:45:07 CET 2026
#@# AParc-to-ASeg aparc Fri Mar 13 04:45:13 CET 2026
#@# AParc-to-ASeg aparc.a2009s Fri Mar 13 04:45:45 CET 2026
#@# AParc-to-ASeg aparc.DKTatlas Fri Mar 13 04:46:17 CET 2026
#@# WMParc Fri Mar 13 04:46:49 CET 2026
#@# ASeg Stats Fri Mar 13 04:48:51 CET 2026
recon-all -s sub-v2s3x28829_ses-1 finished without error at Fri Mar 13 04:49:09 CET 2026
