status file for recon-all
Fri Mar 13 03:58:19 CET 2026
#@# Tessellate lh Fri Mar 13 03:58:19 CET 2026
#@# Smooth1 lh Fri Mar 13 03:58:22 CET 2026
#@# Inflation1 lh Fri Mar 13 03:58:24 CET 2026
#@# QSphere lh Fri Mar 13 03:58:37 CET 2026
#@# Fix Topology lh Fri Mar 13 03:59:57 CET 2026
#@# Smooth2 lh Fri Mar 13 04:03:58 CET 2026
#@# Inflation2 lh Fri Mar 13 04:04:00 CET 2026
#@# Curv .H and .K lh Fri Mar 13 04:04:13 CET 2026
#@# Sphere lh Fri Mar 13 04:04:50 CET 2026
#@# Surf Reg lh Fri Mar 13 04:07:15 CET 2026
#@# Jacobian white lh Fri Mar 13 04:10:57 CET 2026
#@# AvgCurv lh Fri Mar 13 04:10:58 CET 2026
#@# Cortical Parc lh Fri Mar 13 04:10:59 CET 2026
#@# white curv lh Fri Mar 13 04:16:13 CET 2026
#@# white area lh Fri Mar 13 04:16:15 CET 2026
#@# pial curv lh Fri Mar 13 04:16:15 CET 2026
#@# pial area lh Fri Mar 13 04:16:16 CET 2026
#@# thickness lh Fri Mar 13 04:16:17 CET 2026
#@# area and vertex vol lh Fri Mar 13 04:16:36 CET 2026
#@# Curvature Stats lh Fri Mar 13 04:16:37 CET 2026
#@# Cortical Parc 2 lh Fri Mar 13 04:16:39 CET 2026
#@# Cortical Parc 3 lh Fri Mar 13 04:16:49 CET 2026
#@# WM/GM Contrast lh Fri Mar 13 04:16:56 CET 2026
recon-all -s sub-v2s3x28829_ses-1 finished without error at Fri Mar 13 04:16:58 CET 2026



#New# invocation of recon-all 



status file for recon-all
Fri Mar 13 04:40:00 CET 2026
#@# white curv lh Fri Mar 13 04:40:00 CET 2026
#@# white area lh Fri Mar 13 04:40:00 CET 2026
#@# pial curv lh Fri Mar 13 04:40:00 CET 2026
#@# pial area lh Fri Mar 13 04:40:00 CET 2026
#@# thickness lh Fri Mar 13 04:40:00 CET 2026
#@# area and vertex vol lh Fri Mar 13 04:40:00 CET 2026
#@# Parcellation Stats lh Fri Mar 13 04:40:00 CET 2026
#@# Parcellation Stats 2 lh Fri Mar 13 04:40:15 CET 2026
#@# Parcellation Stats 3 lh Fri Mar 13 04:40:22 CET 2026
#@# BA_exvivo Labels lh Fri Mar 13 04:40:29 CET 2026
recon-all -s sub-v2s3x28829_ses-1 finished without error at Fri Mar 13 04:42:22 CET 2026
