status file for recon-all
Fri Mar 13 04:22:58 CET 2026
#@# Tessellate lh Fri Mar 13 04:22:58 CET 2026
#@# Smooth1 lh Fri Mar 13 04:23:02 CET 2026
#@# Inflation1 lh Fri Mar 13 04:23:04 CET 2026
#@# QSphere lh Fri Mar 13 04:23:18 CET 2026
#@# Fix Topology lh Fri Mar 13 04:24:23 CET 2026
#@# Smooth2 lh Fri Mar 13 04:35:34 CET 2026
#@# Inflation2 lh Fri Mar 13 04:35:37 CET 2026
#@# Curv .H and .K lh Fri Mar 13 04:35:53 CET 2026
#@# Sphere lh Fri Mar 13 04:36:43 CET 2026
#@# Surf Reg lh Fri Mar 13 04:42:43 CET 2026
#@# Jacobian white lh Fri Mar 13 04:48:24 CET 2026
#@# AvgCurv lh Fri Mar 13 04:48:25 CET 2026
#@# Cortical Parc lh Fri Mar 13 04:48:25 CET 2026
#@# white curv lh Fri Mar 13 04:55:20 CET 2026
#@# white area lh Fri Mar 13 04:55:21 CET 2026
#@# pial curv lh Fri Mar 13 04:55:22 CET 2026
#@# pial area lh Fri Mar 13 04:55:24 CET 2026
#@# thickness lh Fri Mar 13 04:55:24 CET 2026
#@# area and vertex vol lh Fri Mar 13 04:55:56 CET 2026
#@# Curvature Stats lh Fri Mar 13 04:55:57 CET 2026
#@# Cortical Parc 2 lh Fri Mar 13 04:56:00 CET 2026
#@# Cortical Parc 3 lh Fri Mar 13 04:56:14 CET 2026
#@# WM/GM Contrast lh Fri Mar 13 04:56:24 CET 2026
recon-all -s sub-v2s3x28831_ses-1 finished without error at Fri Mar 13 04:56:27 CET 2026



#New# invocation of recon-all 



status file for recon-all
Fri Mar 13 05:27:26 CET 2026
#@# white curv lh Fri Mar 13 05:27:26 CET 2026
#@# white area lh Fri Mar 13 05:27:26 CET 2026
#@# pial curv lh Fri Mar 13 05:27:26 CET 2026
#@# pial area lh Fri Mar 13 05:27:26 CET 2026
#@# thickness lh Fri Mar 13 05:27:26 CET 2026
#@# area and vertex vol lh Fri Mar 13 05:27:26 CET 2026
#@# Parcellation Stats lh Fri Mar 13 05:27:26 CET 2026
#@# Parcellation Stats 2 lh Fri Mar 13 05:27:46 CET 2026
#@# Parcellation Stats 3 lh Fri Mar 13 05:27:57 CET 2026
#@# BA_exvivo Labels lh Fri Mar 13 05:28:07 CET 2026
recon-all -s sub-v2s3x28831_ses-1 finished without error at Fri Mar 13 05:30:44 CET 2026
