status file for recon-all
Fri Mar 13 04:03:14 CET 2026
#@# Tessellate rh Fri Mar 13 04:03:14 CET 2026
#@# Smooth1 rh Fri Mar 13 04:03:17 CET 2026
#@# Inflation1 rh Fri Mar 13 04:03:19 CET 2026
#@# QSphere rh Fri Mar 13 04:03:31 CET 2026
#@# Fix Topology rh Fri Mar 13 04:04:42 CET 2026
#@# Smooth2 rh Fri Mar 13 04:10:00 CET 2026
#@# Inflation2 rh Fri Mar 13 04:10:03 CET 2026
#@# Curv .H and .K rh Fri Mar 13 04:10:13 CET 2026
#@# Sphere rh Fri Mar 13 04:10:44 CET 2026
#@# Surf Reg rh Fri Mar 13 04:14:17 CET 2026
#@# Jacobian white rh Fri Mar 13 04:17:15 CET 2026
#@# AvgCurv rh Fri Mar 13 04:17:15 CET 2026
#@# Cortical Parc rh Fri Mar 13 04:17:16 CET 2026
#@# white curv rh Fri Mar 13 04:22:44 CET 2026
#@# white area rh Fri Mar 13 04:22:45 CET 2026
#@# pial curv rh Fri Mar 13 04:22:45 CET 2026
#@# pial area rh Fri Mar 13 04:22:47 CET 2026
#@# thickness rh Fri Mar 13 04:22:47 CET 2026
#@# area and vertex vol rh Fri Mar 13 04:23:03 CET 2026
#@# Curvature Stats rh Fri Mar 13 04:23:04 CET 2026
#@# Cortical Parc 2 rh Fri Mar 13 04:23:06 CET 2026
#@# Cortical Parc 3 rh Fri Mar 13 04:23:14 CET 2026
#@# WM/GM Contrast rh Fri Mar 13 04:23:21 CET 2026
recon-all -s sub-v2s3x28819_ses-1 finished without error at Fri Mar 13 04:23:23 CET 2026



#New# invocation of recon-all 



status file for recon-all
Fri Mar 13 04:27:52 CET 2026
#@# white curv rh Fri Mar 13 04:27:52 CET 2026
#@# white area rh Fri Mar 13 04:27:52 CET 2026
#@# pial curv rh Fri Mar 13 04:27:52 CET 2026
#@# pial area rh Fri Mar 13 04:27:52 CET 2026
#@# thickness rh Fri Mar 13 04:27:53 CET 2026
#@# area and vertex vol rh Fri Mar 13 04:27:53 CET 2026
#@# Parcellation Stats rh Fri Mar 13 04:27:53 CET 2026
#@# Parcellation Stats 2 rh Fri Mar 13 04:28:04 CET 2026
#@# Parcellation Stats 3 rh Fri Mar 13 04:28:10 CET 2026
#@# BA_exvivo Labels rh Fri Mar 13 04:28:15 CET 2026
recon-all -s sub-v2s3x28819_ses-1 finished without error at Fri Mar 13 04:29:56 CET 2026
