status file for recon-all
Fri Mar 13 02:17:24 CET 2026
#@# MotionCor Fri Mar 13 02:17:25 CET 2026
#@# Talairach Fri Mar 13 02:17:31 CET 2026
#@# Talairach Failure Detection Fri Mar 13 02:20:21 CET 2026
#@# Nu Intensity Correction Fri Mar 13 02:20:21 CET 2026
#@# Intensity Normalization Fri Mar 13 02:23:07 CET 2026
recon-all -s sub-v2s3x28819_ses-1 finished without error at Fri Mar 13 02:24:03 CET 2026



#New# invocation of recon-all 



status file for recon-all
Fri Mar 13 02:30:25 CET 2026
#@# EM Registration Fri Mar 13 02:30:25 CET 2026
recon-all -s sub-v2s3x28819_ses-1 finished without error at Fri Mar 13 02:31:53 CET 2026



#New# invocation of recon-all 



status file for recon-all
Fri Mar 13 02:31:55 CET 2026
#@# CA Normalize Fri Mar 13 02:31:55 CET 2026
#@# CA Reg Fri Mar 13 02:32:49 CET 2026
#@# SubCort Seg Fri Mar 13 03:11:13 CET 2026
#@# CC Seg Fri Mar 13 03:30:31 CET 2026
#@# Merge ASeg Fri Mar 13 03:30:58 CET 2026
#@# Intensity Normalization2 Fri Mar 13 03:30:58 CET 2026
#@# Mask BFS Fri Mar 13 03:32:23 CET 2026
#@# WM Segmentation Fri Mar 13 03:32:24 CET 2026
#@# Fill Fri Mar 13 03:33:56 CET 2026
recon-all -s sub-v2s3x28819_ses-1 finished without error at Fri Mar 13 03:34:35 CET 2026



#New# invocation of recon-all 



status file for recon-all
Fri Mar 13 04:23:27 CET 2026
#@# white curv lh Fri Mar 13 04:23:27 CET 2026
#@# white area lh Fri Mar 13 04:23:27 CET 2026
#@# pial curv lh Fri Mar 13 04:23:27 CET 2026
#@# pial area lh Fri Mar 13 04:23:27 CET 2026
#@# thickness lh Fri Mar 13 04:23:27 CET 2026
#@# area and vertex vol lh Fri Mar 13 04:23:27 CET 2026
#@# white curv rh Fri Mar 13 04:23:27 CET 2026
#@# white area rh Fri Mar 13 04:23:27 CET 2026
#@# pial curv rh Fri Mar 13 04:23:27 CET 2026
#@# pial area rh Fri Mar 13 04:23:27 CET 2026
#@# thickness rh Fri Mar 13 04:23:27 CET 2026
#@# area and vertex vol rh Fri Mar 13 04:23:27 CET 2026
#@# Cortical ribbon mask Fri Mar 13 04:23:27 CET 2026
recon-all -s sub-v2s3x28819_ses-1 finished without error at Fri Mar 13 04:25:38 CET 2026



#New# invocation of recon-all 



status file for recon-all
Fri Mar 13 04:30:01 CET 2026
#@# white curv lh Fri Mar 13 04:30:01 CET 2026
#@# white area lh Fri Mar 13 04:30:01 CET 2026
#@# pial curv lh Fri Mar 13 04:30:01 CET 2026
#@# pial area lh Fri Mar 13 04:30:01 CET 2026
#@# thickness lh Fri Mar 13 04:30:01 CET 2026
#@# area and vertex vol lh Fri Mar 13 04:30:01 CET 2026
#@# white curv rh Fri Mar 13 04:30:01 CET 2026
#@# white area rh Fri Mar 13 04:30:01 CET 2026
#@# pial curv rh Fri Mar 13 04:30:01 CET 2026
#@# pial area rh Fri Mar 13 04:30:01 CET 2026
#@# thickness rh Fri Mar 13 04:30:01 CET 2026
#@# area and vertex vol rh Fri Mar 13 04:30:01 CET 2026
#@# Curvature Stats lh Fri Mar 13 04:30:01 CET 2026
#@# Curvature Stats rh Fri Mar 13 04:30:03 CET 2026
#@# Relabel Hypointensities Fri Mar 13 04:30:04 CET 2026
#@# APas-to-ASeg Fri Mar 13 04:30:14 CET 2026
#@# AParc-to-ASeg aparc Fri Mar 13 04:30:19 CET 2026
#@# AParc-to-ASeg aparc.a2009s Fri Mar 13 04:30:35 CET 2026
#@# AParc-to-ASeg aparc.DKTatlas Fri Mar 13 04:30:52 CET 2026
#@# WMParc Fri Mar 13 04:31:10 CET 2026
#@# ASeg Stats Fri Mar 13 04:32:59 CET 2026
recon-all -s sub-v2s3x28819_ses-1 finished without error at Fri Mar 13 04:33:17 CET 2026
