/out/sourcedata/freesurfer/sub-v2s3x28804_ses-1/mri
/opt/freesurfer/bin/talairach_avi
--i orig_nu.mgz --xfm transforms/talairach.auto.xfm
talairach_avi 7.3.2
Linux dna055 5.14.0-427.37.1.el9_4.x86_64 #1 SMP PREEMPT_DYNAMIC Fri Sep 13 12:41:50 EDT 2024 x86_64 x86_64 x86_64 GNU/Linux
Fri Mar 13 01:07:43 CET 2026
mri_convert orig_nu.mgz talsrcimg.img 
reading from orig_nu.mgz...
TR=0.00, TE=0.00, TI=0.00, flip angle=0.00
i_ras = (-1, 0, 0)
j_ras = (0, 0, -1)
k_ras = (0, 1, 0)
writing to talsrcimg.img...
Analyze Output Matrix
-1.00000   0.00000   0.00000   131.19316;
 0.00000   0.00000   1.00000  -105.59692;
 0.00000  -1.00000   0.00000   125.46094;
 0.00000   0.00000   0.00000   1.00000;
--------------------
INFO: set hdr.hist.orient to -1
mpr2mni305 talsrcimg
Fri Mar 13 01:07:44 CET 2026
/opt/freesurfer/bin/mpr2mni305 talsrcimg
mpr2mni305 7.3.2
target=711-2C_as_mni_average_305

---------------------------------------------------------------------
analyzeto4dfp talsrcimg -O0 -y
---------------------------------------------------------------------

freesurfer ifh2hdr.c
Fri Mar 13 01:07:44 2026
Writing: talsrcimg.4dfp.hdr
freesurfer analyzeto4dfp.c
Reading: talsrcimg.hdr
header size 348 bytes
hdr.dime.datatype	offset=70	value=2
hdr.dime.bitpix		offset=72	value=8
hdr.hist.orient		offset=252	value=-1
dimensionality     4
dimensions       256       256       256         1
Reading: talsrcimg.img
Writing: talsrcimg.4dfp.img
Writing: talsrcimg.4dfp.ifh
ifh2hdr talsrcimg -r0to233
ori=2

---------------------------------------------------------------------
gauss_4dfp talsrcimg 1.1
---------------------------------------------------------------------

freesurfer gauss_4dfp.c
Reading: talsrcimg.4dfp.img
Writing: talsrcimg_g11.4dfp.img
image dimensions 256 256 256 padded to 288 288 288
processing volume 1freesurfer ifh2hdr.c
Fri Mar 13 01:07:46 2026
Writing: talsrcimg_g11.4dfp.hdr

Writing: talsrcimg_g11.4dfp.ifh
including: talsrcimg.4dfp.img.rec in talsrcimg_g11.4dfp.img.rec

---------------------------------------------------------------------
imgreg_4dfp /opt/freesurfer/average/711-2C_as_mni_average_305 none talsrcimg_g11 none talsrcimg_to_711-2C_as_mni_average_305_t4 4355
---------------------------------------------------------------------

freesurfer imgreg_4dfp.c
/opt/freesurfer/average/711-2C_as_mni_average_305.4dfp.img
       256       256       256         1
  1.000000  1.000000  1.000000
orientation T byte_order littleendian
Reading image: /opt/freesurfer/average/711-2C_as_mni_average_305.4dfp.img
dimensions:      256       256       256
mmppix:       1.0000   -1.0000   -1.0000
center:     128.0000 -129.0000 -129.0000
talsrcimg_g11.4dfp.img
       256       256       256         1
  1.000000  1.000000  1.000000
orientation T byte_order littleendian
Reading image: talsrcimg_g11.4dfp.img
dimensions:      256       256       256
mmppix:       1.0000   -1.0000   -1.0000
center:     128.0000 -129.0000 -129.0000
t4_read: open error in t4_sub.f l:  41 t4_file(1:l)talsrcimg_to_711-2C_as_mni_average_305_t4 
t4_read: transform initialized to I4
rotation matrix determinant  1.000000
image alignment mode   4355 decimal     1103 hex
   -7.5000  -45.0000  -45.0000 6249.0474   14.5223
    0.0000  -45.0000  -45.0000 6500.1299   14.5247
    7.5000  -45.0000  -45.0000 6248.4189   14.5454
   -7.5000  -37.5000  -45.0000 6762.9434   14.4014
    0.0000  -37.5000  -45.0000 7027.4170   14.4022
    7.5000  -37.5000  -45.0000 6758.6758   14.4244
   -7.5000  -30.0000  -45.0000 7579.7168   14.4020
    0.0000  -30.0000  -45.0000 7881.5688   14.4018
    7.5000  -30.0000  -45.0000 7560.9414   14.4242
   -7.5000  -22.5000  -45.0000 8462.5908   14.3660
    0.0000  -22.5000  -45.0000 8809.1436   14.3661
    7.5000  -22.5000  -45.0000 8427.5098   14.3855
   -7.5000  -15.0000  -45.0000 9271.9199   14.3190
    0.0000  -15.0000  -45.0000 9651.5244   14.3195
    7.5000  -15.0000  -45.0000 9214.2070   14.3358
   -7.5000   -7.5000  -45.000010007.6201   14.2823
    0.0000   -7.5000  -45.000010419.6807   14.2837
    7.5000   -7.5000  -45.0000 9946.3984   14.3006
   -7.5000    0.0000  -45.000010704.0527   14.2778
    0.0000    0.0000  -45.000011145.5967   14.2800
    7.5000    0.0000  -45.000010640.3193   14.2996
   -7.5000    7.5000  -45.000010575.7998   14.3165
    0.0000    7.5000  -45.000011031.2783   14.3177
    7.5000    7.5000  -45.000010505.2764   14.3394
   -7.5000   15.0000  -45.000010334.3174   14.3576
    0.0000   15.0000  -45.000010761.5391   14.3575
    7.5000   15.0000  -45.000010262.0322   14.3796
   -7.5000   22.5000  -45.000010024.9287   14.3535
    0.0000   22.5000  -45.000010441.5381   14.3537
    7.5000   22.5000  -45.0000 9965.7871   14.3731
   -7.5000   30.0000  -45.0000 9713.4053   14.1281
    0.0000   30.0000  -45.000010132.5205   14.1287
    7.5000   30.0000  -45.0000 9675.9736   14.1448
   -7.5000   37.5000  -45.0000 9398.6025   14.0920
    0.0000   37.5000  -45.0000 9802.2549   14.0934
    7.5000   37.5000  -45.0000 9349.6523   14.1100
   -7.5000   45.0000  -45.0000 8697.2627   13.7298
    0.0000   45.0000  -45.0000 9084.4648   13.7319
    7.5000   45.0000  -45.0000 8656.3789   13.7508
   -7.5000  -45.0000  -37.5000 6711.9414   14.4013
    0.0000  -45.0000  -37.5000 6992.0996   14.4058
    7.5000  -45.0000  -37.5000 6724.4868   14.4324
   -7.5000  -37.5000  -37.5000 7270.7285   14.2875
    0.0000  -37.5000  -37.5000 7578.9268   14.2910
    7.5000  -37.5000  -37.5000 7275.4287   14.3189
   -7.5000  -30.0000  -37.5000 8179.6641   14.2969
    0.0000  -30.0000  -37.5000 8528.4795   14.2992
    7.5000  -30.0000  -37.5000 8159.9668   14.3252
   -7.5000  -22.5000  -37.5000 9132.5645   14.2641
    0.0000  -22.5000  -37.5000 9535.7920   14.2661
    7.5000  -22.5000  -37.5000 9105.1650   14.2872
   -7.5000  -15.0000  -37.500010004.5430   14.2116
    0.0000  -15.0000  -37.500010446.6631   14.2136
    7.5000  -15.0000  -37.5000 9957.0781   14.2318
   -7.5000   -7.5000  -37.500010798.7324   14.1655
    0.0000   -7.5000  -37.500011262.9863   14.1682
    7.5000   -7.5000  -37.500010734.7227   14.1890
   -7.5000    0.0000  -37.500011508.3340   14.1575
    0.0000    0.0000  -37.500012001.5146   14.1616
    7.5000    0.0000  -37.500011454.7285   14.1870
   -7.5000    7.5000  -37.500011328.9502   14.2020
    0.0000    7.5000  -37.500011845.6211   14.2058
    7.5000    7.5000  -37.500011293.1514   14.2332
   -7.5000   15.0000  -37.500011066.1875   14.2522
    0.0000   15.0000  -37.500011576.5557   14.2545
    7.5000   15.0000  -37.500011016.9766   14.2803
   -7.5000   22.5000  -37.500010740.7012   14.2517
    0.0000   22.5000  -37.500011252.8262   14.2537
    7.5000   22.5000  -37.500010707.4629   14.2748
   -7.5000   30.0000  -37.500010384.8389   14.0222
    0.0000   30.0000  -37.500010877.1934   14.0242
    7.5000   30.0000  -37.500010346.4746   14.0421
   -7.5000   37.5000  -37.500010040.1250   13.9768
    0.0000   37.5000  -37.500010492.9629   13.9794
    7.5000   37.5000  -37.5000 9977.4346   13.9999
   -7.5000   45.0000  -37.5000 9272.4258   13.6141
    0.0000   45.0000  -37.5000 9706.3203   13.6180
    7.5000   45.0000  -37.5000 9215.1230   13.6425
   -7.5000  -45.0000  -30.0000 7311.6636   14.9116
    0.0000  -45.0000  -30.0000 7614.2451   14.9171
    7.5000  -45.0000  -30.0000 7311.5601   14.9511
   -7.5000  -37.5000  -30.0000 7945.9717   14.7972
    0.0000  -37.5000  -30.0000 8289.6074   14.8028
    7.5000  -37.5000  -30.0000 7945.8882   14.8365
   -7.5000  -30.0000  -30.0000 8951.9121   14.8122
    0.0000  -30.0000  -30.0000 9355.5215   14.8151
    7.5000  -30.0000  -30.0000 8950.1592   14.8456
   -7.5000  -22.5000  -30.0000 9980.0195   14.7810
    0.0000  -22.5000  -30.000010444.5957   14.7816
    7.5000  -22.5000  -30.0000 9981.4453   14.8077
   -7.5000  -15.0000  -30.000010904.4346   14.7234
    0.0000  -15.0000  -30.000011409.2764   14.7233
    7.5000  -15.0000  -30.000010903.8057   14.7482
   -7.5000   -7.5000  -30.000011751.6582   14.6693
    0.0000   -7.5000  -30.000012289.8320   14.6709
    7.5000   -7.5000  -30.000011725.5059   14.6995
   -7.5000    0.0000  -30.000012521.1162   14.6585
    0.0000    0.0000  -30.000013092.4678   14.6637
    7.5000    0.0000  -30.000012475.1475   14.6964
   -7.5000    7.5000  -30.000012301.7715   14.7079
    0.0000    7.5000  -30.000012876.7119   14.7138
    7.5000    7.5000  -30.000012256.9648   14.7469
   -7.5000   15.0000  -30.000012000.2168   14.7656
    0.0000   15.0000  -30.000012558.9619   14.7686
    7.5000   15.0000  -30.000011945.2725   14.7988
   -7.5000   22.5000  -30.000011637.5020   14.7667
    0.0000   22.5000  -30.000012184.5049   14.7674
    7.5000   22.5000  -30.000011596.6621   14.7934
   -7.5000   30.0000  -30.000011239.2051   14.5285
    0.0000   30.0000  -30.000011754.7773   14.5285
    7.5000   30.0000  -30.000011167.4004   14.5530
   -7.5000   37.5000  -30.000010839.7998   14.4752
    0.0000   37.5000  -30.000011344.7773   14.4767
    7.5000   37.5000  -30.000010764.2539   14.5050
   -7.5000   45.0000  -30.0000 9982.3623   14.1063
    0.0000   45.0000  -30.000010453.6338   14.1113
    7.5000   45.0000  -30.0000 9905.6426   14.1427
   -7.5000  -45.0000  -22.5000 7953.3291   15.4225
    0.0000  -45.0000  -22.5000 8299.5986   15.4284
    7.5000  -45.0000  -22.5000 7962.2627   15.4637
   -7.5000  -37.5000  -22.5000 8657.3916   15.3025
    0.0000  -37.5000  -22.5000 9042.1924   15.3087
    7.5000  -37.5000  -22.5000 8664.7812   15.3420
   -7.5000  -30.0000  -22.5000 9740.0615   15.3134
    0.0000  -30.0000  -22.500010195.1797   15.3151
    7.5000  -30.0000  -22.5000 9748.1885   15.3457
   -7.5000  -22.5000  -22.500010837.1611   15.2788
    0.0000  -22.5000  -22.500011355.2402   15.2768
    7.5000  -22.5000  -22.500010856.6865   15.3056
   -7.5000  -15.0000  -22.500011830.2969   15.2210
    0.0000  -15.0000  -22.500012379.6602   15.2180
    7.5000  -15.0000  -22.500011851.1035   15.2477
   -7.5000   -7.5000  -22.500012721.1953   15.1695
    0.0000   -7.5000  -22.500013303.0449   15.1698
    7.5000   -7.5000  -22.500012708.8086   15.2024
   -7.5000    0.0000  -22.500013541.6758   15.1612
    0.0000    0.0000  -22.500014175.0459   15.1672
    7.5000    0.0000  -22.500013518.8711   15.2012
   -7.5000    7.5000  -22.500013298.6777   15.2101
    0.0000    7.5000  -22.500013916.8760   15.2167
    7.5000    7.5000  -22.500013283.2822   15.2493
   -7.5000   15.0000  -22.500012961.0059   15.2653
    0.0000   15.0000  -22.500013570.2119   15.2672
    7.5000   15.0000  -22.500012928.5527   15.2974
   -7.5000   22.5000  -22.500012538.9619   15.2630
    0.0000   22.5000  -22.500013127.1396   15.2611
    7.5000   22.5000  -22.500012511.6787   15.2899
   -7.5000   30.0000  -22.500012058.7363   15.0219
    0.0000   30.0000  -22.500012623.2578   15.0190
    7.5000   30.0000  -22.500011994.5127   15.0483
   -7.5000   37.5000  -22.500011601.5508   14.9710
    0.0000   37.5000  -22.500012179.1113   14.9714
    7.5000   37.5000  -22.500011565.1865   15.0035
   -7.5000   45.0000  -22.500010676.4775   14.6010
    0.0000   45.0000  -22.500011201.4590   14.6068
    7.5000   45.0000  -22.500010637.2510   14.6395
   -7.5000  -45.0000  -15.0000 8624.7930   15.8044
    0.0000  -45.0000  -15.0000 9006.8887   15.8093
    7.5000  -45.0000  -15.0000 8633.5312   15.8391
   -7.5000  -37.5000  -15.0000 9394.3779   15.6755
    0.0000  -37.5000  -15.0000 9827.0771   15.6798
    7.5000  -37.5000  -15.0000 9419.1738   15.7075
   -7.5000  -30.0000  -15.000010551.7129   15.6756
    0.0000  -30.0000  -15.000011064.9531   15.6753
    7.5000  -30.0000  -15.000010580.3340   15.7022
   -7.5000  -22.5000  -15.000011715.4316   15.6351
    0.0000  -22.5000  -15.000012280.4131   15.6315
    7.5000  -22.5000  -15.000011754.0605   15.6587
   -7.5000  -15.0000  -15.000012768.5771   15.5815
    0.0000  -15.0000  -15.000013366.8848   15.5775
    7.5000  -15.0000  -15.000012799.4326   15.6058
   -7.5000   -7.5000  -15.000013713.9922   15.5399
    0.0000   -7.5000  -15.000014352.4326   15.5398
    7.5000   -7.5000  -15.000013710.6211   15.5691
   -7.5000    0.0000  -15.000014568.3506   15.5365
    0.0000    0.0000  -15.000015276.8760   15.5417
    7.5000    0.0000  -15.000014571.5078   15.5704
   -7.5000    7.5000  -15.000014331.5127   15.5806
    0.0000    7.5000  -15.000015020.7744   15.5853
    7.5000    7.5000  -15.000014314.7588   15.6126
   -7.5000   15.0000  -15.000013966.3623   15.6262
    0.0000   15.0000  -15.000014642.4570   15.6262
    7.5000   15.0000  -15.000013948.4863   15.6528
   -7.5000   22.5000  -15.000013484.5039   15.6184
    0.0000   22.5000  -15.000014143.5469   15.6147
    7.5000   22.5000  -15.000013464.4971   15.6419
   -7.5000   30.0000  -15.000012890.7598   15.3798
    0.0000   30.0000  -15.000013532.6396   15.3759
    7.5000   30.0000  -15.000012827.2852   15.4039
   -7.5000   37.5000  -15.000012403.8535   15.3388
    0.0000   37.5000  -15.000013027.4248   15.3387
    7.5000   37.5000  -15.000012369.0781   15.3676
   -7.5000   45.0000  -15.000011407.7646   14.9715
    0.0000   45.0000  -15.000011980.3877   14.9765
    7.5000   45.0000  -15.000011389.8984   15.0041
   -7.5000  -45.0000   -7.5000 9321.9443   15.9924
    0.0000  -45.0000   -7.5000 9752.4502   15.9956
    7.5000  -45.0000   -7.5000 9342.3906   16.0185
   -7.5000  -37.5000   -7.500010160.2988   15.8575
    0.0000  -37.5000   -7.500010645.5439   15.8594
    7.5000  -37.5000   -7.500010184.5762   15.8822
   -7.5000  -30.0000   -7.500011381.0479   15.8519
    0.0000  -30.0000   -7.500011923.7266   15.8511
    7.5000  -30.0000   -7.500011406.4131   15.8745
   -7.5000  -22.5000   -7.500012628.4297   15.8090
    0.0000  -22.5000   -7.500013220.7109   15.8069
    7.5000  -22.5000   -7.500012659.8193   15.8299
   -7.5000  -15.0000   -7.500013752.4043   15.7590
    0.0000  -15.0000   -7.500014424.4248   15.7570
    7.5000  -15.0000   -7.500013789.9219   15.7789
   -7.5000   -7.5000   -7.500014769.1514   15.7229
    0.0000   -7.5000   -7.500015476.7041   15.7234
    7.5000   -7.5000   -7.500014768.4932   15.7451
   -7.5000    0.0000   -7.500015674.1611   15.7209
    0.0000    0.0000   -7.500016430.6973   15.7243
    7.5000    0.0000   -7.500015673.5566   15.7462
   -7.5000    7.5000   -7.500015383.6777   15.7614
    0.0000    7.5000   -7.500016140.3965   15.7637
    7.5000    7.5000   -7.500015394.6006   15.7861
   -7.5000   15.0000   -7.500014956.4814   15.8020
    0.0000   15.0000   -7.500015714.4551   15.8014
    7.5000   15.0000   -7.500014993.2441   15.8246
   -7.5000   22.5000   -7.500014440.6318   15.7903
    0.0000   22.5000   -7.500015193.5283   15.7882
    7.5000   22.5000   -7.500014472.0430   15.8112
   -7.5000   30.0000   -7.500013733.1650   15.5546
    0.0000   30.0000   -7.500014453.6230   15.5527
    7.5000   30.0000   -7.500013720.8320   15.5743
   -7.5000   37.5000   -7.500013250.6748   15.5190
    0.0000   37.5000   -7.500013912.2236   15.5195
    7.5000   37.5000   -7.500013227.4531   15.5409
   -7.5000   45.0000   -7.500012154.6543   15.1520
    0.0000   45.0000   -7.500012779.6240   15.1553
    7.5000   45.0000   -7.500012166.4688   15.1764
   -7.5000  -45.0000    0.000010002.8975   16.0178
    0.0000  -45.0000    0.000010474.2764   16.0211
    7.5000  -45.0000    0.000010017.6104   16.0435
   -7.5000  -37.5000    0.000010879.8232   15.8841
    0.0000  -37.5000    0.000011419.6885   15.8858
    7.5000  -37.5000    0.000010898.1748   15.9099
   -7.5000  -30.0000    0.000012151.8926   15.8824
    0.0000  -30.0000    0.000012736.5547   15.8828
    7.5000  -30.0000    0.000012186.0039   15.9069
   -7.5000  -22.5000    0.000013471.3711   15.8410
    0.0000  -22.5000    0.000014112.8047   15.8417
    7.5000  -22.5000    0.000013501.0947   15.8624
   -7.5000  -15.0000    0.000014665.5400   15.7895
    0.0000  -15.0000    0.000015396.0156   15.7905
    7.5000  -15.0000    0.000014713.7539   15.8079
   -7.5000   -7.5000    0.000015780.1406   15.7498
    0.0000   -7.5000    0.000016510.7227   15.7519
    7.5000   -7.5000    0.000015784.0635   15.7701
   -7.5000    0.0000    0.000016720.5391   15.7455
    0.0000    0.0000    0.000017478.1797   15.7486
    7.5000    0.0000    0.000016703.7266   15.7699
   -7.5000    7.5000    0.000016337.5400   15.7879
    0.0000    7.5000    0.000017112.6875   15.7899
    7.5000    7.5000    0.000016365.3105   15.8135
   -7.5000   15.0000    0.000015861.2188   15.8323
    0.0000   15.0000    0.000016646.2832   15.8329
    7.5000   15.0000    0.000015917.1230   15.8568
   -7.5000   22.5000    0.000015307.7871   15.8223
    0.0000   22.5000    0.000016116.8203   15.8230
    7.5000   22.5000    0.000015372.9814   15.8437
   -7.5000   30.0000    0.000014506.8740   15.5851
    0.0000   30.0000    0.000015264.0361   15.5862
    7.5000   30.0000    0.000014528.2402   15.6033
   -7.5000   37.5000    0.000013975.7568   15.5460
    0.0000   37.5000    0.000014687.6836   15.5480
    7.5000   37.5000    0.000013985.2432   15.5660
   -7.5000   45.0000    0.000012826.9072   15.1768
    0.0000   45.0000    0.000013506.9629   15.1798
    7.5000   45.0000    0.000012858.1533   15.2003
   -7.5000  -45.0000    7.5000 9898.3809   16.0068
    0.0000  -45.0000    7.500010377.5967   16.0117
    7.5000  -45.0000    7.5000 9922.9092   16.0414
   -7.5000  -37.5000    7.500010754.7988   15.8792
    0.0000  -37.5000    7.500011278.3018   15.8831
    7.5000  -37.5000    7.500010776.5420   15.9142
   -7.5000  -30.0000    7.500012015.6650   15.8881
    0.0000  -30.0000    7.500012561.9033   15.8905
    7.5000  -30.0000    7.500012029.7148   15.9194
   -7.5000  -22.5000    7.500013301.6396   15.8513
    0.0000  -22.5000    7.500013880.7842   15.8534
    7.5000  -22.5000    7.500013293.1846   15.8767
   -7.5000  -15.0000    7.500014440.7510   15.7940
    0.0000  -15.0000    7.500015093.0000   15.7960
    7.5000  -15.0000    7.500014467.8574   15.8161
   -7.5000   -7.5000    7.500015541.3672   15.7437
    0.0000   -7.5000    7.500016191.9395   15.7466
    7.5000   -7.5000    7.500015518.0293   15.7696
   -7.5000    0.0000    7.500016471.3223   15.7348
    0.0000    0.0000    7.500017190.4141   15.7393
    7.5000    0.0000    7.500016454.4707   15.7676
   -7.5000    7.5000    7.500016086.2383   15.7832
    0.0000    7.5000    7.500016784.2598   15.7874
    7.5000    7.5000    7.500016100.9434   15.8180
   -7.5000   15.0000    7.500015586.2949   15.8381
    0.0000   15.0000    7.500016309.0127   15.8406
    7.5000   15.0000    7.500015647.8994   15.8692
   -7.5000   22.5000    7.500015011.5781   15.8326
    0.0000   22.5000    7.500015706.1777   15.8346
    7.5000   22.5000    7.500015078.1494   15.8579
   -7.5000   30.0000    7.500014138.2451   15.5896
    0.0000   30.0000    7.500014807.5518   15.5916
    7.5000   30.0000    7.500014175.8125   15.6115
   -7.5000   37.5000    7.500013596.7725   15.5399
    0.0000   37.5000    7.500014281.4268   15.5428
    7.5000   37.5000    7.500013630.6660   15.5655
   -7.5000   45.0000    7.500012496.8789   15.1665
    0.0000   45.0000    7.500013157.1191   15.1708
    7.5000   45.0000    7.500012545.3809   15.1981
   -7.5000  -45.0000   15.0000 9645.9102   16.0022
    0.0000  -45.0000   15.000010127.2363   16.0083
    7.5000  -45.0000   15.0000 9667.6953   16.0449
   -7.5000  -37.5000   15.000010466.4033   15.8793
    0.0000  -37.5000   15.000010974.8486   15.8855
    7.5000  -37.5000   15.000010485.9443   15.9217
   -7.5000  -30.0000   15.000011708.3828   15.8955
    0.0000  -30.0000   15.000012223.0850   15.8987
    7.5000  -30.0000   15.000011691.3271   15.9315
   -7.5000  -22.5000   15.000012947.2617   15.8622
    0.0000  -22.5000   15.000013487.1836   15.8631
    7.5000  -22.5000   15.000012909.5576   15.8910
   -7.5000  -15.0000   15.000014054.1621   15.8006
    0.0000  -15.0000   15.000014619.1055   15.8007
    7.5000  -15.0000   15.000014008.9619   15.8273
   -7.5000   -7.5000   15.000015108.8213   15.7426
    0.0000   -7.5000   15.000015661.5723   15.7444
    7.5000   -7.5000   15.000015046.2725   15.7751
   -7.5000    0.0000   15.000016064.0312   15.7307
    0.0000    0.0000   15.000016743.8770   15.7365
    7.5000    0.0000   15.000016015.4316   15.7715
   -7.5000    7.5000   15.000015738.6201   15.7835
    0.0000    7.5000   15.000016392.7773   15.7900
    7.5000    7.5000   15.000015752.6953   15.8256
   -7.5000   15.0000   15.000015236.2471   15.8455
    0.0000   15.0000   15.000015883.3535   15.8489
    7.5000   15.0000   15.000015322.1299   15.8813
   -7.5000   22.5000   15.000014629.8516   15.8434
    0.0000   22.5000   15.000015228.6777   15.8443
    7.5000   22.5000   15.000014698.7744   15.8722
   -7.5000   30.0000   15.000013693.5391   15.5961
    0.0000   30.0000   15.000014271.3184   15.5962
    7.5000   30.0000   15.000013707.6855   15.6225
   -7.5000   37.5000   15.000013164.6816   15.5388
    0.0000   37.5000   15.000013759.6797   15.5406
    7.5000   37.5000   15.000013160.7246   15.5709
   -7.5000   45.0000   15.000012130.6104   15.1626
    0.0000   45.0000   15.000012706.7637   15.1682
    7.5000   45.0000   15.000012143.2227   15.2020
   -7.5000  -45.0000   22.5000 9294.2207   16.0098
    0.0000  -45.0000   22.5000 9764.0498   16.0160
    7.5000  -45.0000   22.5000 9317.2314   16.0526
   -7.5000  -37.5000   22.500010109.7910   15.8853
    0.0000  -37.5000   22.500010593.0137   15.8917
    7.5000  -37.5000   22.500010117.4219   15.9262
   -7.5000  -30.0000   22.500011285.1963   15.8966
    0.0000  -30.0000   22.500011799.3516   15.8984
    7.5000  -30.0000   22.500011281.8984   15.9301
   -7.5000  -22.5000   22.500012446.9229   15.8606
    0.0000  -22.5000   22.500012982.1982   15.8586
    7.5000  -22.5000   22.500012426.0693   15.8885
   -7.5000  -15.0000   22.500013537.1465   15.8007
    0.0000  -15.0000   22.500014057.1074   15.7976
    7.5000  -15.0000   22.500013445.4131   15.8284
   -7.5000   -7.5000   22.500014509.6904   15.7472
    0.0000   -7.5000   22.500015043.1484   15.7475
    7.5000   -7.5000   22.500014426.8057   15.7813
   -7.5000    0.0000   22.500015403.4414   15.7386
    0.0000    0.0000   22.500015968.0986   15.7448
    7.5000    0.0000   22.500015304.1367   15.7801
   -7.5000    7.5000   22.500015180.1885   15.7893
    0.0000    7.5000   22.500015676.9580   15.7961
    7.5000    7.5000   22.500015062.2920   15.8301
   -7.5000   15.0000   22.500014781.4150   15.8466
    0.0000   15.0000   22.500015244.8154   15.8486
    7.5000   15.0000   22.500014699.9756   15.8800
   -7.5000   22.5000   22.500014156.4854   15.8419
    0.0000   22.5000   22.500014608.4238   15.8399
    7.5000   22.5000   22.500014084.8018   15.8697
   -7.5000   30.0000   22.500013189.7012   15.5962
    0.0000   30.0000   22.500013656.5107   15.5931
    7.5000   30.0000   22.500013104.6406   15.6235
   -7.5000   37.5000   22.500012637.2949   15.5434
    0.0000   37.5000   22.500013126.1045   15.5437
    7.5000   37.5000   22.500012557.0000   15.5771
   -7.5000   45.0000   22.500011648.4229   15.1702
    0.0000   45.0000   22.500012144.1094   15.1762
    7.5000   45.0000   22.500011611.2803   15.2102
   -7.5000  -45.0000   30.0000 8812.8721   16.0351
    0.0000  -45.0000   30.0000 9260.9727   16.0400
    7.5000  -45.0000   30.0000 8841.5010   16.0704
   -7.5000  -37.5000   30.0000 9572.4326   15.9043
    0.0000  -37.5000   30.000010052.5342   15.9086
    7.5000  -37.5000   30.0000 9594.5557   15.9370
   -7.5000  -30.0000   30.000010681.6973   15.9044
    0.0000  -30.0000   30.000011186.5703   15.9041
    7.5000  -30.0000   30.000010694.5488   15.9316
   -7.5000  -22.5000   30.000011803.5459   15.8634
    0.0000  -22.5000   30.000012305.6650   15.8596
    7.5000  -22.5000   30.000011781.3799   15.8874
   -7.5000  -15.0000   30.000012873.0078   15.8089
    0.0000  -15.0000   30.000013347.7041   15.8047
    7.5000  -15.0000   30.000012788.3965   15.8337
   -7.5000   -7.5000   30.000013835.5410   15.7666
    0.0000   -7.5000   30.000014306.1055   15.7664
    7.5000   -7.5000   30.000013726.2070   15.7963
   -7.5000    0.0000   30.000014706.9277   15.7631
    0.0000    0.0000   30.000015157.8564   15.7683
    7.5000    0.0000   30.000014514.0889   15.7976
   -7.5000    7.5000   30.000014461.2607   15.8079
    0.0000    7.5000   30.000014855.3330   15.8127
    7.5000    7.5000   30.000014267.9570   15.8405
   -7.5000   15.0000   30.000014081.3428   15.8543
    0.0000   15.0000   30.000014516.5127   15.8543
    7.5000   15.0000   30.000013941.6553   15.8815
   -7.5000   22.5000   30.000013525.6094   15.8447
    0.0000   22.5000   30.000013996.3389   15.8410
    7.5000   22.5000   30.000013417.9258   15.8687
   -7.5000   30.0000   30.000012570.2295   15.6043
    0.0000   30.0000   30.000013044.0361   15.6002
    7.5000   30.0000   30.000012472.4326   15.6288
   -7.5000   37.5000   30.000012016.1230   15.5626
    0.0000   37.5000   30.000012484.3955   15.5623
    7.5000   37.5000   30.000011937.0703   15.5918
   -7.5000   45.0000   30.000011084.7422   15.1938
    0.0000   45.0000   30.000011529.2803   15.1988
    7.5000   45.0000   30.000011034.4902   15.2271
   -7.5000  -45.0000   37.5000 8578.1445   16.0778
    0.0000  -45.0000   37.5000 9026.4336   16.0807
    7.5000  -45.0000   37.5000 8634.5029   16.1042
   -7.5000  -37.5000   37.5000 9329.0371   15.9424
    0.0000  -37.5000   37.5000 9805.8975   15.9442
    7.5000  -37.5000   37.5000 9360.5664   15.9676
   -7.5000  -30.0000   37.500010426.5957   15.9371
    0.0000  -30.0000   37.500010945.7578   15.9362
    7.5000  -30.0000   37.500010443.5742   15.9602
   -7.5000  -22.5000   37.500011530.1270   15.8937
    0.0000  -22.5000   37.500012053.6152   15.8915
    7.5000  -22.5000   37.500011519.5273   15.9150
   -7.5000  -15.0000   37.500012579.8730   15.8431
    0.0000  -15.0000   37.500013102.8643   15.8408
    7.5000  -15.0000   37.500012527.9980   15.8631
   -7.5000   -7.5000   37.500013536.2295   15.8065
    0.0000   -7.5000   37.500014054.7500   15.8066
    7.5000   -7.5000   37.500013445.5801   15.8287
   -7.5000    0.0000   37.500014391.7246   15.8045
    0.0000    0.0000   37.500014885.5283   15.8076
    7.5000    0.0000   37.500014220.8838   15.8300
   -7.5000    7.5000   37.500014119.5303   15.8457
    0.0000    7.5000   37.500014578.0332   15.8478
    7.5000    7.5000   37.500013945.1885   15.8707
   -7.5000   15.0000   37.500013766.0049   15.8868
    0.0000   15.0000   37.500014256.4688   15.8861
    7.5000   15.0000   37.500013614.4639   15.9098
   -7.5000   22.5000   37.500013264.6895   15.8750
    0.0000   22.5000   37.500013759.0996   15.8728
    7.5000   22.5000   37.500013165.9932   15.8962
   -7.5000   30.0000   37.500012307.6094   15.6380
    0.0000   30.0000   37.500012777.7793   15.6358
    7.5000   30.0000   37.500012215.6426   15.6578
   -7.5000   37.5000   37.500011762.2949   15.6019
    0.0000   37.5000   37.500012236.9131   15.6020
    7.5000   37.5000   37.500011690.5449   15.6239
   -7.5000   45.0000   37.500010860.1094   15.2337
    0.0000   45.0000   37.500011295.4492   15.2367
    7.5000   45.0000   37.500010794.9863   15.2583
   -7.5000  -45.0000   45.0000 7957.0576   16.0645
    0.0000  -45.0000   45.0000 8378.8887   16.0674
    7.5000  -45.0000   45.0000 8023.5674   16.0908
   -7.5000  -37.5000   45.0000 8650.8232   15.9312
    0.0000  -37.5000   45.0000 9106.1562   15.9326
    7.5000  -37.5000   45.0000 8702.6709   15.9579
   -7.5000  -30.0000   45.0000 9661.7178   15.9312
    0.0000  -30.0000   45.000010164.4043   15.9314
    7.5000  -30.0000   45.0000 9701.4766   15.9567
   -7.5000  -22.5000   45.000010694.3096   15.8904
    0.0000  -22.5000   45.000011227.4639   15.8907
    7.5000  -22.5000   45.000010715.6318   15.9124
   -7.5000  -15.0000   45.000011658.2598   15.8381
    0.0000  -15.0000   45.000012221.6963   15.8384
    7.5000  -15.0000   45.000011678.0996   15.8566
   -7.5000   -7.5000   45.000012536.1328   15.7975
    0.0000   -7.5000   45.000013097.1006   15.7989
    7.5000   -7.5000   45.000012508.2266   15.8179
   -7.5000    0.0000   45.000013307.0332   15.7930
    0.0000    0.0000   45.000013862.2285   15.7956
    7.5000    0.0000   45.000013224.4824   15.8178
   -7.5000    7.5000   45.000013054.4502   15.8361
    0.0000    7.5000   45.000013564.7578   15.8378
    7.5000    7.5000   45.000012966.5137   15.8627
   -7.5000   15.0000   45.000012724.6992   15.8815
    0.0000   15.0000   45.000013204.3975   15.8818
    7.5000   15.0000   45.000012632.7334   15.9069
   -7.5000   22.5000   45.000012287.7295   15.8715
    0.0000   22.5000   45.000012769.8877   15.8718
    7.5000   22.5000   45.000012236.1865   15.8935
   -7.5000   30.0000   45.000011414.3203   15.6317
    0.0000   30.0000   45.000011848.4590   15.6321
    7.5000   30.0000   45.000011327.7461   15.6500
   -7.5000   37.5000   45.000010942.9189   15.5917
    0.0000   37.5000   45.000011372.1611   15.5931
    7.5000   37.5000   45.000010871.5166   15.6118
   -7.5000   45.0000   45.000010112.5742   15.2295
    0.0000   45.0000   45.000010516.8242   15.2320
    7.5000   45.0000   45.000010046.0215   15.2535

---------------------------------------------------------------------
imgreg_4dfp /opt/freesurfer/average/711-2C_as_mni_average_305 /opt/freesurfer/average/711-2B_as_mni_average_305_mask talsrcimg_g11 none talsrcimg_to_711-2C_as_mni_average_305_t4 4355
---------------------------------------------------------------------

freesurfer imgreg_4dfp.c
/opt/freesurfer/average/711-2C_as_mni_average_305.4dfp.img
       256       256       256         1
  1.000000  1.000000  1.000000
orientation T byte_order littleendian
Reading image: /opt/freesurfer/average/711-2C_as_mni_average_305.4dfp.img
dimensions:      256       256       256
mmppix:       1.0000   -1.0000   -1.0000
center:     128.0000 -129.0000 -129.0000
/opt/freesurfer/average/711-2B_as_mni_average_305_mask.4dfp.img
       256       256       256         1
  1.000000  1.000000  1.000000
orientation T byte_order littleendian
Reading mask: /opt/freesurfer/average/711-2B_as_mni_average_305_mask.4dfp.img (2306576 pixels)
talsrcimg_g11.4dfp.img
       256       256       256         1
  1.000000  1.000000  1.000000
orientation T byte_order littleendian
Reading image: talsrcimg_g11.4dfp.img
dimensions:      256       256       256
mmppix:       1.0000   -1.0000   -1.0000
center:     128.0000 -129.0000 -129.0000
rotation matrix determinant  1.000000
image alignment mode   4355 decimal     1103 hex
   -7.5000  -45.0000  -45.0000 1792.3612   22.6496
    0.0000  -45.0000  -45.0000 1798.1727   22.5314
    7.5000  -45.0000  -45.0000 1787.6971   22.6738
   -7.5000  -37.5000  -45.0000 1888.5808   20.2376
    0.0000  -37.5000  -45.0000 1886.2365   20.0657
    7.5000  -37.5000  -45.0000 1880.2495   20.2590
   -7.5000  -30.0000  -45.0000 1971.3142   18.3809
    0.0000  -30.0000  -45.0000 1971.5839   18.2584
    7.5000  -30.0000  -45.0000 1961.1697   18.4069
   -7.5000  -22.5000  -45.0000 2045.7820   16.9922
    0.0000  -22.5000  -45.0000 2051.6311   16.9030
    7.5000  -22.5000  -45.0000 2038.7229   16.9994
   -7.5000  -15.0000  -45.0000 2096.6099   15.9997
    0.0000  -15.0000  -45.0000 2102.8123   15.9161
    7.5000  -15.0000  -45.0000 2088.3525   15.9956
   -7.5000   -7.5000  -45.0000 2132.3284   15.3161
    0.0000   -7.5000  -45.0000 2141.0537   15.2330
    7.5000   -7.5000  -45.0000 2124.9016   15.3210
   -7.5000    0.0000  -45.0000 2151.4993   14.8948
    0.0000    0.0000  -45.0000 2158.9194   14.7954
    7.5000    0.0000  -45.0000 2143.9441   14.9083
   -7.5000    7.5000  -45.0000 2159.5510   14.7852
    0.0000    7.5000  -45.0000 2167.3413   14.6673
    7.5000    7.5000  -45.0000 2149.1172   14.8280
   -7.5000   15.0000  -45.0000 2154.8201   14.9053
    0.0000   15.0000  -45.0000 2160.8958   14.8359
    7.5000   15.0000  -45.0000 2139.7219   15.0067
   -7.5000   22.5000  -45.0000 2133.6448   15.3384
    0.0000   22.5000  -45.0000 2137.2039   15.2602
    7.5000   22.5000  -45.0000 2116.6587   15.4713
   -7.5000   30.0000  -45.0000 2092.0132   16.0320
    0.0000   30.0000  -45.0000 2101.3831   15.9640
    7.5000   30.0000  -45.0000 2082.5103   16.1943
   -7.5000   37.5000  -45.0000 2042.2708   17.0322
    0.0000   37.5000  -45.0000 2050.7893   16.9602
    7.5000   37.5000  -45.0000 2026.6975   17.2180
   -7.5000   45.0000  -45.0000 1969.0800   18.4255
    0.0000   45.0000  -45.0000 1979.3307   18.3400
    7.5000   45.0000  -45.0000 1951.2521   18.5744
   -7.5000  -45.0000  -37.5000 1871.5422   20.6674
    0.0000  -45.0000  -37.5000 1875.0011   20.4992
    7.5000  -45.0000  -37.5000 1869.1664   20.7224
   -7.5000  -37.5000  -37.5000 1973.0916   18.4508
    0.0000  -37.5000  -37.5000 1976.7821   18.3038
    7.5000  -37.5000  -37.5000 1967.8865   18.5059
   -7.5000  -30.0000  -37.5000 2069.0354   16.7967
    0.0000  -30.0000  -37.5000 2074.7949   16.6926
    7.5000  -30.0000  -37.5000 2058.0271   16.8458
   -7.5000  -22.5000  -37.5000 2152.8977   15.5252
    0.0000  -22.5000  -37.5000 2164.9316   15.4513
    7.5000  -22.5000  -37.5000 2145.3093   15.5913
   -7.5000  -15.0000  -37.5000 2204.0220   14.5961
    0.0000  -15.0000  -37.5000 2214.0701   14.5280
    7.5000  -15.0000  -37.5000 2197.0527   14.6150
   -7.5000   -7.5000  -37.5000 2241.3318   13.9474
    0.0000   -7.5000  -37.5000 2251.2883   13.8642
    7.5000   -7.5000  -37.5000 2239.2791   13.9388
   -7.5000    0.0000  -37.5000 2257.0566   13.5687
    0.0000    0.0000  -37.5000 2267.5066   13.4595
    7.5000    0.0000  -37.5000 2255.6418   13.5696
   -7.5000    7.5000  -37.5000 2259.6252   13.4712
    0.0000    7.5000  -37.5000 2270.9053   13.3831
    7.5000    7.5000  -37.5000 2256.5476   13.5146
   -7.5000   15.0000  -37.5000 2250.7703   13.6188
    0.0000   15.0000  -37.5000 2260.8447   13.5457
    7.5000   15.0000  -37.5000 2240.9316   13.7069
   -7.5000   22.5000  -37.5000 2234.1704   13.9622
    0.0000   22.5000  -37.5000 2245.8655   13.9118
    7.5000   22.5000  -37.5000 2222.4622   14.0780
   -7.5000   30.0000  -37.5000 2198.2981   14.5753
    0.0000   30.0000  -37.5000 2212.4578   14.5072
    7.5000   30.0000  -37.5000 2183.0557   14.6814
   -7.5000   37.5000  -37.5000 2143.2996   15.5125
    0.0000   37.5000  -37.5000 2153.2800   15.4315
    7.5000   37.5000  -37.5000 2127.9089   15.6117
   -7.5000   45.0000  -37.5000 2060.7908   16.7585
    0.0000   45.0000  -37.5000 2074.1479   16.6741
    7.5000   45.0000  -37.5000 2049.5479   16.8705
   -7.5000  -45.0000  -30.0000 1978.8915   19.5794
    0.0000  -45.0000  -30.0000 1985.8763   19.4453
    7.5000  -45.0000  -30.0000 1976.3364   19.7126
   -7.5000  -37.5000  -30.0000 2094.1499   17.5336
    0.0000  -37.5000  -30.0000 2102.5742   17.3926
    7.5000  -37.5000  -30.0000 2087.6050   17.5955
   -7.5000  -30.0000  -30.0000 2199.7415   15.9594
    0.0000  -30.0000  -30.0000 2212.9187   15.8656
    7.5000  -30.0000  -30.0000 2194.8201   16.0097
   -7.5000  -22.5000  -30.0000 2292.0332   14.7239
    0.0000  -22.5000  -30.0000 2303.3794   14.6614
    7.5000  -22.5000  -30.0000 2289.4604   14.7933
   -7.5000  -15.0000  -30.0000 2346.6543   13.7895
    0.0000  -15.0000  -30.0000 2356.5349   13.7392
    7.5000  -15.0000  -30.0000 2342.7087   13.8478
   -7.5000   -7.5000  -30.0000 2391.4517   13.1303
    0.0000   -7.5000  -30.0000 2402.3906   13.0457
    7.5000   -7.5000  -30.0000 2383.7515   13.1415
   -7.5000    0.0000  -30.0000 2409.0911   12.7833
    0.0000    0.0000  -30.0000 2423.1753   12.7045
    7.5000    0.0000  -30.0000 2402.9177   12.8261
   -7.5000    7.5000  -30.0000 2410.7344   12.7173
    0.0000    7.5000  -30.0000 2420.3608   12.6450
    7.5000    7.5000  -30.0000 2401.5535   12.7494
   -7.5000   15.0000  -30.0000 2400.4238   12.8434
    0.0000   15.0000  -30.0000 2410.9700   12.7769
    7.5000   15.0000  -30.0000 2388.4634   12.9204
   -7.5000   22.5000  -30.0000 2383.8496   13.1736
    0.0000   22.5000  -30.0000 2393.7644   13.1009
    7.5000   22.5000  -30.0000 2368.3716   13.2502
   -7.5000   30.0000  -30.0000 2348.7971   13.7698
    0.0000   30.0000  -30.0000 2356.6968   13.6903
    7.5000   30.0000  -30.0000 2331.0576   13.8614
   -7.5000   37.5000  -30.0000 2285.4033   14.6458
    0.0000   37.5000  -30.0000 2292.9309   14.5552
    7.5000   37.5000  -30.0000 2268.7307   14.7434
   -7.5000   45.0000  -30.0000 2195.6731   15.8295
    0.0000   45.0000  -30.0000 2207.3367   15.6984
    7.5000   45.0000  -30.0000 2181.1165   15.9494
   -7.5000  -45.0000  -22.5000 2068.6033   18.4669
    0.0000  -45.0000  -22.5000 2078.3511   18.3611
    7.5000  -45.0000  -22.5000 2063.5559   18.6362
   -7.5000  -37.5000  -22.5000 2192.2429   16.5013
    0.0000  -37.5000  -22.5000 2203.0188   16.4108
    7.5000  -37.5000  -22.5000 2185.6919   16.6156
   -7.5000  -30.0000  -22.5000 2304.9392   15.0291
    0.0000  -30.0000  -22.5000 2317.2852   14.9384
    7.5000  -30.0000  -22.5000 2301.0981   15.0846
   -7.5000  -22.5000  -22.5000 2396.9180   13.8182
    0.0000  -22.5000  -22.5000 2412.7935   13.7571
    7.5000  -22.5000  -22.5000 2397.5344   13.8570
   -7.5000  -15.0000  -22.5000 2460.4895   12.8764
    0.0000  -15.0000  -22.5000 2469.8652   12.8231
    7.5000  -15.0000  -22.5000 2456.9038   12.9411
   -7.5000   -7.5000  -22.5000 2511.1970   12.2455
    0.0000   -7.5000  -22.5000 2520.0623   12.1777
    7.5000   -7.5000  -22.5000 2503.6272   12.2838
   -7.5000    0.0000  -22.5000 2541.2654   11.9402
    0.0000    0.0000  -22.5000 2554.9502   11.8495
    7.5000    0.0000  -22.5000 2531.0239   11.9735
   -7.5000    7.5000  -22.5000 2545.8682   11.8738
    0.0000    7.5000  -22.5000 2558.8486   11.7862
    7.5000    7.5000  -22.5000 2535.9944   11.9016
   -7.5000   15.0000  -22.5000 2543.5002   12.0202
    0.0000   15.0000  -22.5000 2552.9600   11.9349
    7.5000   15.0000  -22.5000 2526.8818   12.0689
   -7.5000   22.5000  -22.5000 2521.3833   12.3745
    0.0000   22.5000  -22.5000 2532.1997   12.2733
    7.5000   22.5000  -22.5000 2504.7129   12.4122
   -7.5000   30.0000  -22.5000 2477.2300   12.9327
    0.0000   30.0000  -22.5000 2489.2651   12.8272
    7.5000   30.0000  -22.5000 2463.2183   12.9750
   -7.5000   37.5000  -22.5000 2405.2556   13.7569
    0.0000   37.5000  -22.5000 2419.2043   13.6553
    7.5000   37.5000  -22.5000 2392.1467   13.8158
   -7.5000   45.0000  -22.5000 2305.2732   14.8764
    0.0000   45.0000  -22.5000 2319.1636   14.7597
    7.5000   45.0000  -22.5000 2292.7153   14.9493
   -7.5000  -45.0000  -15.0000 2132.1013   17.4533
    0.0000  -45.0000  -15.0000 2141.8074   17.4107
    7.5000  -45.0000  -15.0000 2126.6731   17.6304
   -7.5000  -37.5000  -15.0000 2265.8904   15.5985
    0.0000  -37.5000  -15.0000 2273.7886   15.5250
    7.5000  -37.5000  -15.0000 2260.8689   15.7143
   -7.5000  -30.0000  -15.0000 2380.7603   14.1354
    0.0000  -30.0000  -15.0000 2396.9565   14.0683
    7.5000  -30.0000  -15.0000 2375.0415   14.2023
   -7.5000  -22.5000  -15.0000 2480.6877   12.9391
    0.0000  -22.5000  -15.0000 2496.4604   12.8720
    7.5000  -22.5000  -15.0000 2476.7666   13.0150
   -7.5000  -15.0000  -15.0000 2548.6047   12.0507
    0.0000  -15.0000  -15.0000 2560.3162   11.9954
    7.5000  -15.0000  -15.0000 2544.8762   12.1182
   -7.5000   -7.5000  -15.0000 2604.6624   11.4548
    0.0000   -7.5000  -15.0000 2616.5750   11.3732
    7.5000   -7.5000  -15.0000 2598.9668   11.4807
   -7.5000    0.0000  -15.0000 2645.9541   11.1304
    0.0000    0.0000  -15.0000 2661.4739   11.0407
    7.5000    0.0000  -15.0000 2638.7114   11.1553
   -7.5000    7.5000  -15.0000 2667.5393   11.0633
    0.0000    7.5000  -15.0000 2680.6123   10.9716
    7.5000    7.5000  -15.0000 2650.8206   11.0759
   -7.5000   15.0000  -15.0000 2669.5535   11.2297
    0.0000   15.0000  -15.0000 2679.1399   11.1240
    7.5000   15.0000  -15.0000 2645.6072   11.2491
   -7.5000   22.5000  -15.0000 2640.7825   11.5913
    0.0000   22.5000  -15.0000 2658.6343   11.4762
    7.5000   22.5000  -15.0000 2623.4062   11.5883
   -7.5000   30.0000  -15.0000 2587.3687   12.1427
    0.0000   30.0000  -15.0000 2608.1174   12.0315
    7.5000   30.0000  -15.0000 2571.7446   12.1560
   -7.5000   37.5000  -15.0000 2507.0537   12.9348
    0.0000   37.5000  -15.0000 2523.6318   12.8093
    7.5000   37.5000  -15.0000 2493.3574   12.9456
   -7.5000   45.0000  -15.0000 2397.2383   14.0175
    0.0000   45.0000  -15.0000 2412.4387   13.8851
    7.5000   45.0000  -15.0000 2384.7427   14.0425
   -7.5000  -45.0000   -7.5000 2178.6731   16.6319
    0.0000  -45.0000   -7.5000 2193.4246   16.5397
    7.5000  -45.0000   -7.5000 2179.5488   16.7463
   -7.5000  -37.5000   -7.5000 2317.6309   14.8343
    0.0000  -37.5000   -7.5000 2332.3579   14.7462
    7.5000  -37.5000   -7.5000 2315.1987   14.8944
   -7.5000  -30.0000   -7.5000 2432.8762   13.3839
    0.0000  -30.0000   -7.5000 2446.5874   13.2829
    7.5000  -30.0000   -7.5000 2427.5850   13.4341
   -7.5000  -22.5000   -7.5000 2542.8108   12.2063
    0.0000  -22.5000   -7.5000 2553.4910   12.1171
    7.5000  -22.5000   -7.5000 2534.4370   12.2797
   -7.5000  -15.0000   -7.5000 2620.6782   11.3261
    0.0000  -15.0000   -7.5000 2637.1270   11.2397
    7.5000  -15.0000   -7.5000 2616.7229   11.3875
   -7.5000   -7.5000   -7.5000 2688.3518   10.7333
    0.0000   -7.5000   -7.5000 2703.9453   10.6548
    7.5000   -7.5000   -7.5000 2679.1663   10.7658
   -7.5000    0.0000   -7.5000 2737.8730   10.4248
    0.0000    0.0000   -7.5000 2757.3748   10.3273
    7.5000    0.0000   -7.5000 2730.5662   10.4259
   -7.5000    7.5000   -7.5000 2767.9871   10.3366
    0.0000    7.5000   -7.5000 2788.1501   10.2178
    7.5000    7.5000   -7.5000 2756.2458   10.3238
   -7.5000   15.0000   -7.5000 2773.7170   10.4747
    0.0000   15.0000   -7.5000 2789.2434   10.3847
    7.5000   15.0000   -7.5000 2754.6008   10.5009
   -7.5000   22.5000   -7.5000 2742.7717   10.8518
    0.0000   22.5000   -7.5000 2768.4871   10.7406
    7.5000   22.5000   -7.5000 2728.3850   10.8491
   -7.5000   30.0000   -7.5000 2680.2351   11.3995
    0.0000   30.0000   -7.5000 2705.5928   11.2716
    7.5000   30.0000   -7.5000 2666.1274   11.3937
   -7.5000   37.5000   -7.5000 2592.1770   12.1744
    0.0000   37.5000   -7.5000 2610.1250   12.0317
    7.5000   37.5000   -7.5000 2579.8989   12.1775
   -7.5000   45.0000   -7.5000 2475.2253   13.2200
    0.0000   45.0000   -7.5000 2490.1104   13.0705
    7.5000   45.0000   -7.5000 2461.6929   13.2307
   -7.5000  -45.0000    0.0000 2218.6458   16.0953
    0.0000  -45.0000    0.0000 2233.0276   15.9416
    7.5000  -45.0000    0.0000 2217.5237   16.1738
   -7.5000  -37.5000    0.0000 2351.3113   14.2958
    0.0000  -37.5000    0.0000 2368.2200   14.1670
    7.5000  -37.5000    0.0000 2348.9377   14.3352
   -7.5000  -30.0000    0.0000 2461.9954   12.8384
    0.0000  -30.0000    0.0000 2477.5195   12.7241
    7.5000  -30.0000    0.0000 2460.5476   12.8866
   -7.5000  -22.5000    0.0000 2579.6079   11.6988
    0.0000  -22.5000    0.0000 2593.2480   11.5764
    7.5000  -22.5000    0.0000 2575.8333   11.7365
   -7.5000  -15.0000    0.0000 2673.1421   10.7958
    0.0000  -15.0000    0.0000 2697.6821   10.6877
    7.5000  -15.0000    0.0000 2675.3672   10.8193
   -7.5000   -7.5000    0.0000 2761.1328   10.2000
    0.0000   -7.5000    0.0000 2780.6067   10.0815
    7.5000   -7.5000    0.0000 2754.5063   10.2006
   -7.5000    0.0000    0.0000 2823.5112    9.8729
    0.0000    0.0000    0.0000 2841.8857    9.7612
    7.5000    0.0000    0.0000 2812.4683    9.8824
   -7.5000    7.5000    0.0000 2859.9963    9.7718
    0.0000    7.5000    0.0000 2886.6274    9.6500
    7.5000    7.5000    0.0000 2850.3589    9.7579
   -7.5000   15.0000    0.0000 2863.5344    9.8982
    0.0000   15.0000    0.0000 2888.1521    9.8028
    7.5000   15.0000    0.0000 2848.7651    9.9201
   -7.5000   22.5000    0.0000 2830.6064   10.2521
    0.0000   22.5000    0.0000 2861.5850   10.1350
    7.5000   22.5000    0.0000 2819.2815   10.2538
   -7.5000   30.0000    0.0000 2759.7168   10.8083
    0.0000   30.0000    0.0000 2785.5359   10.6572
    7.5000   30.0000    0.0000 2751.9768   10.7872
   -7.5000   37.5000    0.0000 2657.2310   11.5710
    0.0000   37.5000    0.0000 2680.0190   11.4190
    7.5000   37.5000    0.0000 2652.8835   11.5656
   -7.5000   45.0000    0.0000 2531.2898   12.5971
    0.0000   45.0000    0.0000 2551.0381   12.4582
    7.5000   45.0000    0.0000 2521.3523   12.6200
   -7.5000  -45.0000    7.5000 2244.4832   15.7731
    0.0000  -45.0000    7.5000 2260.5344   15.5792
    7.5000  -45.0000    7.5000 2249.2651   15.7956
   -7.5000  -37.5000    7.5000 2367.6272   13.9587
    0.0000  -37.5000    7.5000 2388.2075   13.7777
    7.5000  -37.5000    7.5000 2371.0261   13.9681
   -7.5000  -30.0000    7.5000 2482.4771   12.5112
    0.0000  -30.0000    7.5000 2497.3384   12.3371
    7.5000  -30.0000    7.5000 2481.3257   12.5280
   -7.5000  -22.5000    7.5000 2604.8716   11.3560
    0.0000  -22.5000    7.5000 2619.8767   11.1883
    7.5000  -22.5000    7.5000 2601.2007   11.3660
   -7.5000  -15.0000    7.5000 2707.1106   10.4564
    0.0000  -15.0000    7.5000 2729.2156   10.2800
    7.5000  -15.0000    7.5000 2715.0447   10.4356
   -7.5000   -7.5000    7.5000 2812.5559    9.8222
    0.0000   -7.5000    7.5000 2837.7610    9.6691
    7.5000   -7.5000    7.5000 2811.4749    9.8094
   -7.5000    0.0000    7.5000 2890.5120    9.4833
    0.0000    0.0000    7.5000 2921.4958    9.3475
    7.5000    0.0000    7.5000 2884.5874    9.4839
   -7.5000    7.5000    7.5000 2940.7625    9.3708
    0.0000    7.5000    7.5000 2978.5583    9.2450
    7.5000    7.5000    7.5000 2933.4419    9.3824
   -7.5000   15.0000    7.5000 2938.8918    9.5132
    0.0000   15.0000    7.5000 2981.0913    9.3909
    7.5000   15.0000    7.5000 2931.0115    9.5317
   -7.5000   22.5000    7.5000 2898.5571    9.8282
    0.0000   22.5000    7.5000 2931.3748    9.6918
    7.5000   22.5000    7.5000 2891.7178    9.8379
   -7.5000   30.0000    7.5000 2812.2407   10.3673
    0.0000   30.0000    7.5000 2843.2124   10.2134
    7.5000   30.0000    7.5000 2808.1948   10.3694
   -7.5000   37.5000    7.5000 2702.5188   11.1417
    0.0000   37.5000    7.5000 2732.4351   10.9896
    7.5000   37.5000    7.5000 2698.5059   11.1626
   -7.5000   45.0000    7.5000 2568.5376   12.1497
    0.0000   45.0000    7.5000 2591.2771   12.0291
    7.5000   45.0000    7.5000 2560.0630   12.2118
   -7.5000  -45.0000   15.0000 2253.7598   15.5702
    0.0000  -45.0000   15.0000 2277.4153   15.3595
    7.5000  -45.0000   15.0000 2263.1362   15.5683
   -7.5000  -37.5000   15.0000 2372.4221   13.7825
    0.0000  -37.5000   15.0000 2395.5063   13.5609
    7.5000  -37.5000   15.0000 2382.1550   13.7615
   -7.5000  -30.0000   15.0000 2484.7678   12.3570
    0.0000  -30.0000   15.0000 2504.3442   12.1425
    7.5000  -30.0000   15.0000 2488.3315   12.3189
   -7.5000  -22.5000   15.0000 2610.9888   11.2169
    0.0000  -22.5000   15.0000 2630.2969   10.9745
    7.5000  -22.5000   15.0000 2611.3916   11.1422
   -7.5000  -15.0000   15.0000 2725.9814   10.2633
    0.0000  -15.0000   15.0000 2749.5244   10.0470
    7.5000  -15.0000   15.0000 2730.2053   10.2092
   -7.5000   -7.5000   15.0000 2840.0083    9.5978
    0.0000   -7.5000   15.0000 2871.1384    9.4010
    7.5000   -7.5000   15.0000 2842.2219    9.5810
   -7.5000    0.0000   15.0000 2931.1587    9.2618
    0.0000    0.0000   15.0000 2974.2505    9.0716
    7.5000    0.0000   15.0000 2930.8130    9.2415
   -7.5000    7.5000   15.0000 2991.7437    9.1664
    0.0000    7.5000   15.0000 3049.1499    9.0197
    7.5000    7.5000   15.0000 2991.1560    9.1608
   -7.5000   15.0000   15.0000 2990.0181    9.2934
    0.0000   15.0000   15.0000 3045.7053    9.1619
    7.5000   15.0000   15.0000 2988.7263    9.3343
   -7.5000   22.5000   15.0000 2932.2312    9.6195
    0.0000   22.5000   15.0000 2970.8879    9.4668
    7.5000   22.5000   15.0000 2927.6130    9.6350
   -7.5000   30.0000   15.0000 2837.6909   10.1399
    0.0000   30.0000   15.0000 2870.3953    9.9805
    7.5000   30.0000   15.0000 2832.4817   10.1356
   -7.5000   37.5000   15.0000 2720.6594   10.8927
    0.0000   37.5000   15.0000 2752.8779   10.7375
    7.5000   37.5000   15.0000 2718.5835   10.9177
   -7.5000   45.0000   15.0000 2582.7673   11.9163
    0.0000   45.0000   15.0000 2608.9287   11.7751
    7.5000   45.0000   15.0000 2579.5625   11.9726
   -7.5000  -45.0000   22.5000 2248.1619   15.6034
    0.0000  -45.0000   22.5000 2278.6672   15.3620
    7.5000  -45.0000   22.5000 2263.8127   15.5404
   -7.5000  -37.5000   22.5000 2372.7058   13.8118
    0.0000  -37.5000   22.5000 2397.7432   13.5715
    7.5000  -37.5000   22.5000 2383.7837   13.7495
   -7.5000  -30.0000   22.5000 2484.2463   12.3903
    0.0000  -30.0000   22.5000 2508.4355   12.1462
    7.5000  -30.0000   22.5000 2493.8516   12.3071
   -7.5000  -22.5000   22.5000 2604.9565   11.2062
    0.0000  -22.5000   22.5000 2629.3940   10.9505
    7.5000  -22.5000   22.5000 2614.0708   11.1144
   -7.5000  -15.0000   22.5000 2726.4902   10.2471
    0.0000  -15.0000   22.5000 2754.4858    9.9994
    7.5000  -15.0000   22.5000 2733.1877   10.1625
   -7.5000   -7.5000   22.5000 2840.1121    9.5671
    0.0000   -7.5000   22.5000 2878.2720    9.3216
    7.5000   -7.5000   22.5000 2848.2173    9.5043
   -7.5000    0.0000   22.5000 2935.2983    9.2092
    0.0000    0.0000   22.5000 2981.2988    8.9732
    7.5000    0.0000   22.5000 2942.7297    9.1585
   -7.5000    7.5000   22.5000 2997.4514    9.1226
    0.0000    7.5000   22.5000 3056.9436    8.9052
    7.5000    7.5000   22.5000 3003.3088    9.0840
   -7.5000   15.0000   22.5000 2988.2478    9.3091
    0.0000   15.0000   22.5000 3047.0083    9.1068
    7.5000   15.0000   22.5000 2995.6125    9.2747
   -7.5000   22.5000   22.5000 2929.1201    9.6040
    0.0000   22.5000   22.5000 2971.7893    9.4387
    7.5000   22.5000   22.5000 2927.9971    9.5995
   -7.5000   30.0000   22.5000 2834.6248   10.0945
    0.0000   30.0000   22.5000 2870.5073    9.9434
    7.5000   30.0000   22.5000 2830.8040   10.0981
   -7.5000   37.5000   22.5000 2714.8862   10.8170
    0.0000   37.5000   22.5000 2744.1296   10.6825
    7.5000   37.5000   22.5000 2716.4998   10.8588
   -7.5000   45.0000   22.5000 2575.1709   11.8174
    0.0000   45.0000   22.5000 2601.0103   11.6891
    7.5000   45.0000   22.5000 2579.1812   11.8812
   -7.5000  -45.0000   30.0000 2230.9429   15.8147
    0.0000  -45.0000   30.0000 2259.0149   15.5455
    7.5000  -45.0000   30.0000 2249.4792   15.6842
   -7.5000  -37.5000   30.0000 2354.7168   13.9977
    0.0000  -37.5000   30.0000 2386.6770   13.7413
    7.5000  -37.5000   30.0000 2372.0862   13.8905
   -7.5000  -30.0000   30.0000 2466.5505   12.5635
    0.0000  -30.0000   30.0000 2497.5754   12.2840
    7.5000  -30.0000   30.0000 2482.2825   12.4459
   -7.5000  -22.5000   30.0000 2585.6948   11.3954
    0.0000  -22.5000   30.0000 2616.0078   11.0887
    7.5000  -22.5000   30.0000 2602.3574   11.2629
   -7.5000  -15.0000   30.0000 2707.1362   10.4572
    0.0000  -15.0000   30.0000 2737.0886   10.1537
    7.5000  -15.0000   30.0000 2718.2422   10.3151
   -7.5000   -7.5000   30.0000 2818.3188    9.7858
    0.0000   -7.5000   30.0000 2852.0330    9.4888
    7.5000   -7.5000   30.0000 2834.6504    9.6703
   -7.5000    0.0000   30.0000 2903.4482    9.4268
    0.0000    0.0000   30.0000 2945.5293    9.1671
    7.5000    0.0000   30.0000 2916.8308    9.3252
   -7.5000    7.5000   30.0000 2950.7639    9.3257
    0.0000    7.5000   30.0000 3001.5818    9.0611
    7.5000    7.5000   30.0000 2960.8069    9.2512
   -7.5000   15.0000   30.0000 2937.7756    9.4773
    0.0000   15.0000   30.0000 2986.7163    9.2750
    7.5000   15.0000   30.0000 2951.6750    9.4291
   -7.5000   22.5000   30.0000 2880.7583    9.8113
    0.0000   22.5000   30.0000 2920.0024    9.6706
    7.5000   22.5000   30.0000 2891.6130    9.7860
   -7.5000   30.0000   30.0000 2792.9380   10.3131
    0.0000   30.0000   30.0000 2825.9541   10.1843
    7.5000   30.0000   30.0000 2800.3306   10.3024
   -7.5000   37.5000   30.0000 2677.0471   11.0068
    0.0000   37.5000   30.0000 2707.6855   10.8753
    7.5000   37.5000   30.0000 2684.6599   11.0294
   -7.5000   45.0000   30.0000 2544.8230   11.9535
    0.0000   45.0000   30.0000 2571.2517   11.8223
    7.5000   45.0000   30.0000 2555.2229   12.0003
   -7.5000  -45.0000   37.5000 2197.4324   16.2145
    0.0000  -45.0000   37.5000 2228.6067   15.9281
    7.5000  -45.0000   37.5000 2223.2905   16.0511
   -7.5000  -37.5000   37.5000 2325.3484   14.4005
    0.0000  -37.5000   37.5000 2359.0425   14.1061
    7.5000  -37.5000   37.5000 2347.8926   14.2345
   -7.5000  -30.0000   37.5000 2438.4429   12.9533
    0.0000  -30.0000   37.5000 2477.3811   12.6479
    7.5000  -30.0000   37.5000 2461.1770   12.7811
   -7.5000  -22.5000   37.5000 2558.1157   11.7931
    0.0000  -22.5000   37.5000 2593.6799   11.4819
    7.5000  -22.5000   37.5000 2579.0378   11.6115
   -7.5000  -15.0000   37.5000 2671.4805   10.8629
    0.0000  -15.0000   37.5000 2706.7881   10.5508
    7.5000  -15.0000   37.5000 2692.6753   10.6735
   -7.5000   -7.5000   37.5000 2771.7810   10.1967
    0.0000   -7.5000   37.5000 2811.3044    9.9165
    7.5000   -7.5000   37.5000 2794.3445   10.0368
   -7.5000    0.0000   37.5000 2850.2168    9.8177
    0.0000    0.0000   37.5000 2891.2297    9.5523
    7.5000    0.0000   37.5000 2865.9768    9.6858
   -7.5000    7.5000   37.5000 2882.0850    9.7145
    0.0000    7.5000   37.5000 2922.1819    9.4681
    7.5000    7.5000   37.5000 2895.8352    9.6109
   -7.5000   15.0000   37.5000 2864.3137    9.8787
    0.0000   15.0000   37.5000 2903.5442    9.6744
    7.5000   15.0000   37.5000 2879.4045    9.8096
   -7.5000   22.5000   37.5000 2809.9014   10.2283
    0.0000   22.5000   37.5000 2844.5686   10.0572
    7.5000   22.5000   37.5000 2827.2546   10.1754
   -7.5000   30.0000   37.5000 2727.1057   10.7163
    0.0000   30.0000   37.5000 2756.8555   10.5666
    7.5000   30.0000   37.5000 2739.3445   10.6813
   -7.5000   37.5000   37.5000 2621.2834   11.4072
    0.0000   37.5000   37.5000 2649.3269   11.2473
    7.5000   37.5000   37.5000 2633.4954   11.3929
   -7.5000   45.0000   37.5000 2499.1558   12.3127
    0.0000   45.0000   37.5000 2521.3740   12.1650
    7.5000   45.0000   37.5000 2507.4856   12.3089
   -7.5000  -45.0000   45.0000 2153.2258   16.8510
    0.0000  -45.0000   45.0000 2182.8979   16.5610
    7.5000  -45.0000   45.0000 2180.6453   16.6706
   -7.5000  -37.5000   45.0000 2282.2959   14.9638
    0.0000  -37.5000   45.0000 2316.5559   14.7039
    7.5000  -37.5000   45.0000 2309.6772   14.8198
   -7.5000  -30.0000   45.0000 2393.0835   13.5225
    0.0000  -30.0000   45.0000 2431.1997   13.2634
    7.5000  -30.0000   45.0000 2417.4219   13.3680
   -7.5000  -22.5000   45.0000 2509.6726   12.3832
    0.0000  -22.5000   45.0000 2547.9580   12.1048
    7.5000  -22.5000   45.0000 2532.3484   12.1917
   -7.5000  -15.0000   45.0000 2618.7932   11.4440
    0.0000  -15.0000   45.0000 2660.9202   11.1642
    7.5000  -15.0000   45.0000 2644.5339   11.2595
   -7.5000   -7.5000   45.0000 2711.9656   10.7477
    0.0000   -7.5000   45.0000 2755.0952   10.4926
    7.5000   -7.5000   45.0000 2737.5193   10.5876
   -7.5000    0.0000   45.0000 2776.6946   10.3746
    0.0000    0.0000   45.0000 2820.5015   10.1202
    7.5000    0.0000   45.0000 2798.9692   10.2349
   -7.5000    7.5000   45.0000 2799.8271   10.2539
    0.0000    7.5000   45.0000 2832.8376   10.0524
    7.5000    7.5000   45.0000 2817.1855   10.1627
   -7.5000   15.0000   45.0000 2777.7903   10.4329
    0.0000   15.0000   45.0000 2807.7114   10.2313
    7.5000   15.0000   45.0000 2792.5063   10.3307
   -7.5000   22.5000   45.0000 2723.3274   10.7847
    0.0000   22.5000   45.0000 2753.5891   10.6044
    7.5000   22.5000   45.0000 2740.5754   10.7113
   -7.5000   30.0000   45.0000 2645.4961   11.2684
    0.0000   30.0000   45.0000 2669.2302   11.1131
    7.5000   30.0000   45.0000 2651.9902   11.2111
   -7.5000   37.5000   45.0000 2550.2346   11.9028
    0.0000   37.5000   45.0000 2570.6733   11.7633
    7.5000   37.5000   45.0000 2558.8259   11.8669
   -7.5000   45.0000   45.0000 2439.8884   12.7966
    0.0000   45.0000   45.0000 2459.6414   12.6545
    7.5000   45.0000   45.0000 2448.0144   12.7701

---------------------------------------------------------------------
imgreg_4dfp /opt/freesurfer/average/711-2C_as_mni_average_305 /opt/freesurfer/average/711-2B_as_mni_average_305_mask talsrcimg_g11 none talsrcimg_to_711-2C_as_mni_average_305_t4 1283
---------------------------------------------------------------------

freesurfer imgreg_4dfp.c
/opt/freesurfer/average/711-2C_as_mni_average_305.4dfp.img
       256       256       256         1
  1.000000  1.000000  1.000000
orientation T byte_order littleendian
Reading image: /opt/freesurfer/average/711-2C_as_mni_average_305.4dfp.img
dimensions:      256       256       256
mmppix:       1.0000   -1.0000   -1.0000
center:     128.0000 -129.0000 -129.0000
/opt/freesurfer/average/711-2B_as_mni_average_305_mask.4dfp.img
       256       256       256         1
  1.000000  1.000000  1.000000
orientation T byte_order littleendian
Reading mask: /opt/freesurfer/average/711-2B_as_mni_average_305_mask.4dfp.img (2306576 pixels)
talsrcimg_g11.4dfp.img
       256       256       256         1
  1.000000  1.000000  1.000000
orientation T byte_order littleendian
Reading image: talsrcimg_g11.4dfp.img
dimensions:      256       256       256
mmppix:       1.0000   -1.0000   -1.0000
center:     128.0000 -129.0000 -129.0000
rotation matrix determinant  1.000000
fimgreg.f
image alignment mode   1283 decimal      503 hex
parameters
    0.0000    7.5000   22.5000    0.0000    0.0000    0.0000
eta,q 0.95740  8.92817
niter,ni,del,rscale     5    3   12.0000    1.2000
parameter  2 -0.530974 -> -0.500000 qaram    1.1500
parameter  3  0.676038 ->  0.500000 qaram    1.1500
parameters
   -0.1647   10.9500   19.0500   -0.3062   -1.7442    1.5575
eta,q 0.96594  8.91523
  0.0572  0.0602  0.0371  0.0387  0.0394  0.0417
  0.0495  0.0526  0.0356  0.0363  0.0363  0.0394
  0.0436  0.0461  0.0364  0.0355  0.0347  0.0367
  0.0418  0.0416  0.0391  0.0358  0.0356  0.0347
  0.0454  0.0394  0.0435  0.0361  0.0386  0.0341
  0.0515  0.0392  0.0487  0.0371  0.0432  0.0351
  0.0579  0.0414  0.0550  0.0390  0.0477  0.0376
niter,ni,del,rscale     6    3   12.0000    1.2000
parameters
    0.4538   11.3558   19.1604   -1.0930   -2.3519    1.5473
eta,q 0.96685  8.90923
  0.0553  0.0477  0.0459  0.0369  0.0411  0.0398
  0.0475  0.0414  0.0396  0.0343  0.0369  0.0369
  0.0396  0.0363  0.0351  0.0332  0.0339  0.0343
  0.0341  0.0337  0.0336  0.0336  0.0333  0.0332
  0.0352  0.0347  0.0350  0.0349  0.0354  0.0339
  0.0414  0.0386  0.0388  0.0363  0.0397  0.0364
  0.0495  0.0455  0.0452  0.0383  0.0446  0.0403
niter,ni,del,rscale     5    3   12.0000    1.2000
parameters
    0.7004   11.6354   19.1369   -1.2981   -2.6484    1.5619
eta,q 0.96701  8.91072
  0.0530  0.0477  0.0451  0.0379  0.0418  0.0397
  0.0453  0.0407  0.0388  0.0348  0.0374  0.0369
  0.0375  0.0354  0.0343  0.0331  0.0341  0.0343
  0.0332  0.0331  0.0331  0.0331  0.0330  0.0330
  0.0355  0.0347  0.0350  0.0344  0.0348  0.0336
  0.0425  0.0390  0.0389  0.0360  0.0388  0.0363
  0.0509  0.0457  0.0451  0.0376  0.0436  0.0403
niter,ni,del,rscale     4    3   12.0000    1.2000
parameters
    0.8191   11.7210   19.1410   -1.3892   -2.7869    1.5657
eta,q 0.96707  8.90947
  0.0523  0.0471  0.0452  0.0382  0.0422  0.0397
  0.0445  0.0400  0.0387  0.0349  0.0378  0.0369
  0.0369  0.0349  0.0342  0.0331  0.0343  0.0342
  0.0330  0.0330  0.0330  0.0330  0.0329  0.0329
  0.0357  0.0349  0.0349  0.0344  0.0345  0.0336
  0.0430  0.0396  0.0388  0.0360  0.0384  0.0363
  0.0515  0.0463  0.0449  0.0375  0.0432  0.0403
niter,ni,del,rscale     3    3   12.0000    1.2000
parameters
    0.8721   11.7598   19.1472   -1.4293   -2.8508    1.5662
eta,q 0.96710  8.90871
  0.0519  0.0469  0.0452  0.0383  0.0424  0.0397
  0.0441  0.0399  0.0387  0.0350  0.0380  0.0369
  0.0366  0.0348  0.0342  0.0331  0.0344  0.0342
  0.0329  0.0329  0.0329  0.0329  0.0329  0.0329
  0.0358  0.0350  0.0349  0.0343  0.0343  0.0336
  0.0433  0.0397  0.0388  0.0360  0.0381  0.0363
  0.0518  0.0465  0.0448  0.0375  0.0430  0.0403
niter,ni,del,rscale     2    3   12.0000    1.2000
parameters
    0.8958   11.7763   19.1505   -1.4470   -2.8795    1.5656
eta,q 0.96711  8.90837
  0.0518  0.0469  0.0452  0.0384  0.0425  0.0397
  0.0439  0.0398  0.0386  0.0351  0.0381  0.0369
  0.0365  0.0347  0.0341  0.0331  0.0344  0.0342
  0.0329  0.0329  0.0329  0.0329  0.0329  0.0329
  0.0359  0.0350  0.0349  0.0343  0.0343  0.0336
  0.0434  0.0398  0.0388  0.0360  0.0381  0.0363
  0.0519  0.0466  0.0448  0.0375  0.0429  0.0403
registration optimization eta report
parameter search radius
    6.0000    6.9000    6.9000    6.0000    6.0000    6.0000
100000*second partial in parameter space
       50.       28.       25.       14.       27.       19.
  0.0518  0.0469  0.0452  0.0384  0.0425  0.0397
  0.0439  0.0398  0.0386  0.0351  0.0381  0.0369
  0.0365  0.0347  0.0341  0.0331  0.0344  0.0342
  0.0329  0.0329  0.0329  0.0329  0.0329  0.0329
  0.0359  0.0350  0.0349  0.0343  0.0343  0.0336
  0.0434  0.0398  0.0388  0.0360  0.0381  0.0363
  0.0519  0.0466  0.0448  0.0375  0.0429  0.0403
    0.8958   11.7763   19.1505   -1.4470   -2.8795    1.5656
eta,q 0.96711  8.90837

---------------------------------------------------------------------
imgreg_4dfp /opt/freesurfer/average/711-2C_as_mni_average_305 /opt/freesurfer/average/711-2B_as_mni_average_305_mask talsrcimg_g11 none talsrcimg_to_711-2C_as_mni_average_305_t4 3335
---------------------------------------------------------------------

freesurfer imgreg_4dfp.c
/opt/freesurfer/average/711-2C_as_mni_average_305.4dfp.img
       256       256       256         1
  1.000000  1.000000  1.000000
orientation T byte_order littleendian
Reading image: /opt/freesurfer/average/711-2C_as_mni_average_305.4dfp.img
dimensions:      256       256       256
mmppix:       1.0000   -1.0000   -1.0000
center:     128.0000 -129.0000 -129.0000
/opt/freesurfer/average/711-2B_as_mni_average_305_mask.4dfp.img
       256       256       256         1
  1.000000  1.000000  1.000000
orientation T byte_order littleendian
Reading mask: /opt/freesurfer/average/711-2B_as_mni_average_305_mask.4dfp.img (2306576 pixels)
talsrcimg_g11.4dfp.img
       256       256       256         1
  1.000000  1.000000  1.000000
orientation T byte_order littleendian
Reading image: talsrcimg_g11.4dfp.img
dimensions:      256       256       256
mmppix:       1.0000   -1.0000   -1.0000
center:     128.0000 -129.0000 -129.0000
fimgreg.f
image alignment mode   3335 decimal      D07 hex
parameters
    0.8958   11.7763   19.1505   -0.1635   -0.0727   -0.1581
   -2.8580    4.9511    2.7287    2.6615   -5.0236   -2.5221
eta,q 0.96800  8.97877
niter,ni,del,rscale     5    3    5.0000    1.2000
parameter  4  0.870173 ->  0.500000 qaram    1.1500
parameter  5  0.854480 ->  0.500000 qaram    1.1500
parameter  6  0.752938 ->  0.500000 qaram    1.1500
parameters
    1.0027   12.1213   19.1233   -4.3035   -4.2127   -4.2981
   -2.9596    5.9133    3.0089    1.1021   -3.4668   -3.5889
eta,q 0.97438  8.51304
  0.0354  0.0348  0.0338  0.0291  0.0274  0.0256  0.0279  0.0305  0.0277  0.0275  0.0272  0.0265
  0.0336  0.0334  0.0328  0.0294  0.0275  0.0258  0.0269  0.0284  0.0268  0.0264  0.0265  0.0260
  0.0324  0.0324  0.0322  0.0303  0.0283  0.0264  0.0262  0.0268  0.0261  0.0258  0.0260  0.0257
  0.0320  0.0320  0.0320  0.0320  0.0296  0.0276  0.0259  0.0259  0.0259  0.0259  0.0257  0.0256
  0.0323  0.0321  0.0322  0.0346  0.0315  0.0299  0.0262  0.0260  0.0260  0.0267  0.0257  0.0259
  0.0332  0.0326  0.0328  0.0382  0.0344  0.0333  0.0269  0.0269  0.0266  0.0280  0.0259  0.0264
  0.0348  0.0336  0.0339  0.0426  0.0377  0.0376  0.0281  0.0287  0.0275  0.0298  0.0263  0.0271
niter,ni,del,rscale     7    3    5.0000    1.2000
parameters
    1.1002   12.0435   18.6494   -8.0737   -6.2647   -7.3906
   -3.1285    5.8804    2.5790    1.8180   -3.9226   -2.6952
eta,q 0.97558  8.18278
  0.0286  0.0278  0.0264  0.0257  0.0266  0.0255  0.0267  0.0281  0.0261  0.0275  0.0254  0.0259
  0.0270  0.0266  0.0258  0.0250  0.0257  0.0247  0.0255  0.0263  0.0252  0.0261  0.0248  0.0251
  0.0260  0.0258  0.0256  0.0251  0.0250  0.0245  0.0247  0.0249  0.0246  0.0250  0.0245  0.0246
  0.0256  0.0256  0.0256  0.0256  0.0250  0.0249  0.0245  0.0245  0.0245  0.0245  0.0244  0.0244
  0.0258  0.0260  0.0259  0.0267  0.0259  0.0258  0.0248  0.0249  0.0248  0.0246  0.0246  0.0245
  0.0267  0.0268  0.0265  0.0287  0.0276  0.0279  0.0256  0.0262  0.0255  0.0254  0.0250  0.0248
  0.0281  0.0281  0.0274  0.0319  0.0302  0.0312  0.0269  0.0283  0.0266  0.0266  0.0257  0.0253
niter,ni,del,rscale     6    3    5.0000    1.2000
parameters
    1.0833   12.1731   18.0002   -8.1676   -6.2645   -8.6450
   -2.9366    5.8016    2.6963    2.0236   -4.1742   -2.7426
eta,q 0.97580  8.13142
  0.0272  0.0268  0.0251  0.0267  0.0269  0.0264  0.0266  0.0278  0.0260  0.0268  0.0253  0.0253
  0.0256  0.0255  0.0245  0.0254  0.0258  0.0251  0.0253  0.0259  0.0251  0.0255  0.0247  0.0247
  0.0247  0.0247  0.0243  0.0245  0.0249  0.0243  0.0245  0.0246  0.0244  0.0246  0.0243  0.0243
  0.0244  0.0244  0.0244  0.0243  0.0243  0.0243  0.0242  0.0242  0.0242  0.0242  0.0242  0.0242
  0.0248  0.0246  0.0249  0.0246  0.0244  0.0249  0.0244  0.0247  0.0244  0.0245  0.0244  0.0243
  0.0257  0.0253  0.0256  0.0254  0.0255  0.0261  0.0252  0.0260  0.0250  0.0253  0.0248  0.0247
  0.0272  0.0263  0.0265  0.0268  0.0273  0.0284  0.0263  0.0280  0.0259  0.0265  0.0254  0.0253
niter,ni,del,rscale     5    3    5.0000    1.2000
parameters
    1.0075   12.3339   17.7054   -8.1320   -6.2227   -9.0596
   -2.9143    5.7136    2.7865    2.2879   -4.2363   -2.9636
eta,q 0.97586  8.11889
  0.0268  0.0266  0.0254  0.0266  0.0267  0.0269  0.0264  0.0277  0.0259  0.0267  0.0253  0.0252
  0.0253  0.0253  0.0246  0.0253  0.0256  0.0255  0.0252  0.0259  0.0250  0.0254  0.0247  0.0246
  0.0244  0.0245  0.0242  0.0244  0.0248  0.0245  0.0244  0.0246  0.0244  0.0245  0.0243  0.0242
  0.0242  0.0242  0.0242  0.0242  0.0242  0.0242  0.0241  0.0241  0.0242  0.0241  0.0241  0.0241
  0.0246  0.0244  0.0245  0.0245  0.0243  0.0246  0.0244  0.0246  0.0243  0.0244  0.0243  0.0243
  0.0256  0.0250  0.0251  0.0252  0.0253  0.0257  0.0252  0.0260  0.0249  0.0252  0.0247  0.0247
  0.0271  0.0259  0.0260  0.0266  0.0270  0.0276  0.0264  0.0279  0.0258  0.0264  0.0253  0.0253
niter,ni,del,rscale     4    3    5.0000    1.2000
parameters
    0.9670   12.4416   17.5776   -8.1316   -6.2568   -9.2099
   -2.9165    5.6650    2.8080    2.5069   -4.2633   -3.0986
eta,q 0.97585  8.11248
  0.0268  0.0264  0.0255  0.0266  0.0266  0.0271  0.0264  0.0278  0.0258  0.0266  0.0253  0.0252
  0.0253  0.0251  0.0247  0.0253  0.0256  0.0256  0.0252  0.0259  0.0249  0.0253  0.0247  0.0246
  0.0244  0.0244  0.0242  0.0244  0.0247  0.0246  0.0244  0.0246  0.0243  0.0245  0.0243  0.0243
  0.0241  0.0241  0.0241  0.0241  0.0241  0.0241  0.0241  0.0241  0.0241  0.0241  0.0241  0.0241
  0.0245  0.0244  0.0244  0.0245  0.0243  0.0246  0.0244  0.0246  0.0244  0.0244  0.0243  0.0243
  0.0255  0.0250  0.0250  0.0252  0.0253  0.0256  0.0252  0.0259  0.0249  0.0251  0.0247  0.0247
  0.0270  0.0259  0.0258  0.0266  0.0270  0.0274  0.0264  0.0279  0.0258  0.0263  0.0254  0.0253
niter,ni,del,rscale     3    3    5.0000    1.2000
parameters
    0.9469   12.5074   17.5164   -8.1370   -6.2994   -9.2848
   -2.9066    5.6378    2.8134    2.6415   -4.2688   -3.1670
eta,q 0.97585  8.10829
  0.0269  0.0263  0.0256  0.0266  0.0266  0.0271  0.0264  0.0278  0.0258  0.0265  0.0254  0.0253
  0.0254  0.0251  0.0248  0.0253  0.0256  0.0257  0.0252  0.0259  0.0249  0.0253  0.0247  0.0247
  0.0244  0.0243  0.0243  0.0244  0.0247  0.0246  0.0244  0.0246  0.0243  0.0245  0.0243  0.0243
  0.0241  0.0241  0.0241  0.0241  0.0241  0.0241  0.0242  0.0242  0.0242  0.0242  0.0242  0.0241
  0.0245  0.0244  0.0244  0.0245  0.0243  0.0245  0.0244  0.0246  0.0244  0.0244  0.0243  0.0243
  0.0254  0.0250  0.0249  0.0252  0.0253  0.0256  0.0252  0.0259  0.0249  0.0252  0.0247  0.0247
  0.0269  0.0259  0.0258  0.0266  0.0270  0.0274  0.0264  0.0279  0.0258  0.0264  0.0254  0.0253
niter,ni,del,rscale     2    3    5.0000    1.2000
parameters
    0.9342   12.5471   17.4847   -8.1384   -6.3405   -9.3314
   -2.8960    5.6175    2.8115    2.7272   -4.2675   -3.1954
eta,q 0.97584  8.10530
  0.0269  0.0262  0.0257  0.0266  0.0266  0.0272  0.0264  0.0278  0.0258  0.0265  0.0254  0.0253
  0.0254  0.0250  0.0248  0.0253  0.0256  0.0257  0.0252  0.0259  0.0249  0.0252  0.0247  0.0247
  0.0244  0.0243  0.0243  0.0244  0.0247  0.0246  0.0244  0.0246  0.0243  0.0244  0.0243  0.0243
  0.0242  0.0242  0.0242  0.0242  0.0242  0.0242  0.0242  0.0242  0.0242  0.0242  0.0242  0.0242
  0.0245  0.0244  0.0244  0.0245  0.0243  0.0245  0.0244  0.0246  0.0244  0.0244  0.0243  0.0243
  0.0254  0.0250  0.0249  0.0252  0.0253  0.0256  0.0252  0.0259  0.0249  0.0252  0.0247  0.0247
  0.0269  0.0259  0.0257  0.0266  0.0270  0.0274  0.0264  0.0278  0.0258  0.0264  0.0254  0.0253
niter,ni,del,rscale     1    3    5.0000    1.2000
parameters
    0.9262   12.5686   17.4667   -8.1409   -6.3700   -9.3554
   -2.8807    5.6055    2.7990    2.7765   -4.2669   -3.2124
eta,q 0.97583  8.10339
  0.0269  0.0261  0.0257  0.0266  0.0266  0.0272  0.0264  0.0278  0.0258  0.0264  0.0254  0.0253
  0.0254  0.0250  0.0248  0.0253  0.0256  0.0257  0.0252  0.0259  0.0249  0.0252  0.0247  0.0247
  0.0245  0.0243  0.0243  0.0244  0.0247  0.0246  0.0244  0.0246  0.0243  0.0244  0.0243  0.0243
  0.0242  0.0242  0.0242  0.0242  0.0242  0.0242  0.0242  0.0242  0.0242  0.0242  0.0242  0.0242
  0.0245  0.0244  0.0244  0.0245  0.0243  0.0245  0.0244  0.0246  0.0244  0.0244  0.0243  0.0243
  0.0254  0.0250  0.0249  0.0252  0.0253  0.0256  0.0252  0.0259  0.0249  0.0252  0.0247  0.0247
  0.0269  0.0260  0.0257  0.0266  0.0270  0.0274  0.0264  0.0278  0.0258  0.0264  0.0254  0.0253
registration optimization eta report
parameter search radius
    2.4000    2.4000    2.4000    8.2800    8.2800    8.2800
    7.2000    7.2000    7.2000    7.2000    7.2000    7.2000
100000*second partial in parameter space
       47.       33.       27.        4.        4.        4.
        4.        7.        3.        4.        2.        2.
  0.0269  0.0261  0.0257  0.0266  0.0266  0.0272  0.0264  0.0278  0.0258  0.0264  0.0254  0.0253
  0.0254  0.0250  0.0248  0.0253  0.0256  0.0257  0.0252  0.0259  0.0249  0.0252  0.0247  0.0247
  0.0245  0.0243  0.0243  0.0244  0.0247  0.0246  0.0244  0.0246  0.0243  0.0244  0.0243  0.0243
  0.0242  0.0242  0.0242  0.0242  0.0242  0.0242  0.0242  0.0242  0.0242  0.0242  0.0242  0.0242
  0.0245  0.0244  0.0244  0.0245  0.0243  0.0245  0.0244  0.0246  0.0244  0.0244  0.0243  0.0243
  0.0254  0.0250  0.0249  0.0252  0.0253  0.0256  0.0252  0.0259  0.0249  0.0252  0.0247  0.0247
  0.0269  0.0260  0.0257  0.0266  0.0270  0.0274  0.0264  0.0278  0.0258  0.0264  0.0254  0.0253
    0.9262   12.5686   17.4667   -8.1409   -6.3700   -9.3554
   -2.8807    5.6055    2.7990    2.7765   -4.2669   -3.2124
eta,q 0.97583  8.10339

---------------------------------------------------------------------
imgreg_4dfp /opt/freesurfer/average/711-2C_as_mni_average_305 /opt/freesurfer/average/711-2B_as_mni_average_305_mask talsrcimg_g11 none talsrcimg_to_711-2C_as_mni_average_305_t4 2311
---------------------------------------------------------------------

freesurfer imgreg_4dfp.c
/opt/freesurfer/average/711-2C_as_mni_average_305.4dfp.img
       256       256       256         1
  1.000000  1.000000  1.000000
orientation T byte_order littleendian
Reading image: /opt/freesurfer/average/711-2C_as_mni_average_305.4dfp.img
dimensions:      256       256       256
mmppix:       1.0000   -1.0000   -1.0000
center:     128.0000 -129.0000 -129.0000
/opt/freesurfer/average/711-2B_as_mni_average_305_mask.4dfp.img
       256       256       256         1
  1.000000  1.000000  1.000000
orientation T byte_order littleendian
Reading mask: /opt/freesurfer/average/711-2B_as_mni_average_305_mask.4dfp.img (2306576 pixels)
talsrcimg_g11.4dfp.img
       256       256       256         1
  1.000000  1.000000  1.000000
orientation T byte_order littleendian
Reading image: talsrcimg_g11.4dfp.img
dimensions:      256       256       256
mmppix:       1.0000   -1.0000   -1.0000
center:     128.0000 -129.0000 -129.0000
fimgreg.f
image alignment mode   2311 decimal      907 hex
parameters
    0.9262   12.5686   17.4667   -8.1409   -6.3700   -9.3554
   -2.8807    5.6055    2.7990    2.7765   -4.2669   -3.2124
eta,q 0.97583  8.10339
niter,ni,del,rscale     5    3    5.0000    0.8000
parameters
    0.9112   12.5119   17.4483   -8.1521   -5.7013   -9.2094
   -2.8729    5.6648    2.7454    2.5219   -4.2630   -3.3461
eta,q 0.97590  8.13002
  0.0254  0.0250  0.0249  0.0250  0.0254  0.0254  0.0251  0.0259  0.0249  0.0251  0.0247  0.0246
  0.0247  0.0245  0.0245  0.0245  0.0249  0.0247  0.0246  0.0250  0.0244  0.0245  0.0244  0.0243
  0.0243  0.0242  0.0242  0.0242  0.0244  0.0243  0.0242  0.0243  0.0242  0.0242  0.0242  0.0241
  0.0242  0.0242  0.0242  0.0242  0.0242  0.0241  0.0241  0.0241  0.0241  0.0241  0.0241  0.0241
  0.0243  0.0243  0.0243  0.0243  0.0241  0.0242  0.0242  0.0243  0.0242  0.0243  0.0242  0.0242
  0.0247  0.0246  0.0245  0.0246  0.0244  0.0246  0.0246  0.0249  0.0245  0.0247  0.0244  0.0244
  0.0254  0.0251  0.0249  0.0250  0.0249  0.0252  0.0251  0.0259  0.0249  0.0253  0.0247  0.0247
niter,ni,del,rscale     4    3    5.0000    0.7000
parameters
    0.9177   12.4559   17.4750   -8.2615   -5.5103   -9.1232
   -2.8960    5.6952    2.7432    2.4103   -4.3018   -3.3574
eta,q 0.97592  8.13567
  0.0251  0.0248  0.0247  0.0247  0.0250  0.0251  0.0249  0.0255  0.0247  0.0250  0.0245  0.0245
  0.0245  0.0244  0.0244  0.0244  0.0246  0.0246  0.0245  0.0247  0.0244  0.0245  0.0243  0.0243
  0.0242  0.0242  0.0242  0.0241  0.0243  0.0242  0.0242  0.0243  0.0242  0.0242  0.0241  0.0241
  0.0241  0.0241  0.0241  0.0241  0.0241  0.0241  0.0241  0.0241  0.0241  0.0241  0.0241  0.0241
  0.0242  0.0242  0.0242  0.0242  0.0241  0.0242  0.0242  0.0242  0.0242  0.0242  0.0241  0.0241
  0.0245  0.0245  0.0243  0.0244  0.0244  0.0245  0.0245  0.0247  0.0244  0.0246  0.0243  0.0243
  0.0251  0.0248  0.0246  0.0248  0.0249  0.0250  0.0249  0.0255  0.0247  0.0250  0.0245  0.0245
niter,ni,del,rscale     3    3    5.0000    0.6000
parameters
    0.9249   12.4186   17.4921   -8.3273   -5.4016   -9.0993
   -2.9158    5.7110    2.7598    2.3075   -4.3526   -3.3219
eta,q 0.97593  8.13804
  0.0248  0.0246  0.0245  0.0246  0.0248  0.0248  0.0247  0.0251  0.0246  0.0248  0.0244  0.0244
  0.0244  0.0243  0.0243  0.0243  0.0244  0.0244  0.0243  0.0246  0.0243  0.0244  0.0242  0.0242
  0.0242  0.0241  0.0241  0.0241  0.0242  0.0242  0.0241  0.0242  0.0241  0.0241  0.0241  0.0241
  0.0241  0.0241  0.0241  0.0241  0.0241  0.0241  0.0241  0.0241  0.0241  0.0241  0.0241  0.0241
  0.0242  0.0242  0.0241  0.0242  0.0241  0.0242  0.0241  0.0242  0.0241  0.0242  0.0241  0.0241
  0.0244  0.0244  0.0243  0.0243  0.0243  0.0244  0.0244  0.0246  0.0243  0.0244  0.0242  0.0242
  0.0248  0.0246  0.0245  0.0246  0.0247  0.0248  0.0247  0.0251  0.0245  0.0248  0.0244  0.0244
niter,ni,del,rscale     2    3    5.0000    0.5000
parameters
    0.9290   12.3897   17.5039   -8.4102   -5.3088   -9.0962
   -2.9171    5.7201    2.7605    2.2085   -4.3582   -3.2971
eta,q 0.97593  8.13843
  0.0246  0.0244  0.0244  0.0244  0.0246  0.0246  0.0245  0.0248  0.0244  0.0246  0.0243  0.0243
  0.0243  0.0242  0.0242  0.0242  0.0243  0.0243  0.0243  0.0244  0.0242  0.0243  0.0242  0.0242
  0.0241  0.0241  0.0241  0.0241  0.0241  0.0241  0.0241  0.0242  0.0241  0.0241  0.0241  0.0241
  0.0241  0.0241  0.0241  0.0241  0.0241  0.0241  0.0241  0.0241  0.0241  0.0241  0.0241  0.0241
  0.0241  0.0241  0.0241  0.0241  0.0241  0.0241  0.0241  0.0242  0.0241  0.0242  0.0241  0.0241
  0.0243  0.0243  0.0242  0.0243  0.0243  0.0243  0.0243  0.0244  0.0242  0.0243  0.0242  0.0242
  0.0246  0.0245  0.0244  0.0244  0.0245  0.0246  0.0245  0.0248  0.0244  0.0246  0.0243  0.0243
niter,ni,del,rscale     1    3    5.0000    0.4000
parameters
    0.9294   12.3670   17.5023   -8.4559   -5.2290   -9.0866
   -2.9292    5.7203    2.7877    2.1338   -4.3847   -3.2804
eta,q 0.97593  8.13988
  0.0244  0.0243  0.0243  0.0243  0.0244  0.0244  0.0243  0.0246  0.0243  0.0244  0.0242  0.0242
  0.0242  0.0242  0.0242  0.0242  0.0242  0.0242  0.0242  0.0243  0.0242  0.0242  0.0241  0.0241
  0.0241  0.0241  0.0241  0.0241  0.0241  0.0241  0.0241  0.0241  0.0241  0.0241  0.0241  0.0241
  0.0241  0.0241  0.0241  0.0241  0.0241  0.0241  0.0241  0.0241  0.0241  0.0241  0.0241  0.0241
  0.0241  0.0241  0.0241  0.0241  0.0241  0.0241  0.0241  0.0241  0.0241  0.0241  0.0241  0.0241
  0.0242  0.0242  0.0242  0.0242  0.0242  0.0242  0.0242  0.0243  0.0242  0.0242  0.0241  0.0241
  0.0244  0.0243  0.0243  0.0243  0.0244  0.0244  0.0243  0.0246  0.0243  0.0244  0.0242  0.0242
registration optimization eta report
parameter search radius
    0.8000    0.8000    0.8000    2.4000    2.4000    2.4000
    2.4000    2.4000    2.4000    2.4000    2.4000    2.4000
100000*second partial in parameter space
       50.       39.       28.        4.        6.        6.
        5.        8.        4.        6.        3.        2.
  0.0244  0.0243  0.0243  0.0243  0.0244  0.0244  0.0243  0.0246  0.0243  0.0244  0.0242  0.0242
  0.0242  0.0242  0.0242  0.0242  0.0242  0.0242  0.0242  0.0243  0.0242  0.0242  0.0241  0.0241
  0.0241  0.0241  0.0241  0.0241  0.0241  0.0241  0.0241  0.0241  0.0241  0.0241  0.0241  0.0241
  0.0241  0.0241  0.0241  0.0241  0.0241  0.0241  0.0241  0.0241  0.0241  0.0241  0.0241  0.0241
  0.0241  0.0241  0.0241  0.0241  0.0241  0.0241  0.0241  0.0241  0.0241  0.0241  0.0241  0.0241
  0.0242  0.0242  0.0242  0.0242  0.0242  0.0242  0.0242  0.0243  0.0242  0.0242  0.0241  0.0241
  0.0244  0.0243  0.0243  0.0243  0.0244  0.0244  0.0243  0.0246  0.0243  0.0244  0.0242  0.0242
    0.9294   12.3670   17.5023   -8.4559   -5.2290   -9.0866
   -2.9292    5.7203    2.7877    2.1338   -4.3847   -3.2804
eta,q 0.97593  8.13988

---------------------------------------------------------------------
imgreg_4dfp /opt/freesurfer/average/711-2C_as_mni_average_305 /opt/freesurfer/average/711-2B_as_mni_average_305_mask talsrcimg_g11 none talsrcimg_to_711-2C_as_mni_average_305_t4 2311
---------------------------------------------------------------------

freesurfer imgreg_4dfp.c
/opt/freesurfer/average/711-2C_as_mni_average_305.4dfp.img
       256       256       256         1
  1.000000  1.000000  1.000000
orientation T byte_order littleendian
Reading image: /opt/freesurfer/average/711-2C_as_mni_average_305.4dfp.img
dimensions:      256       256       256
mmppix:       1.0000   -1.0000   -1.0000
center:     128.0000 -129.0000 -129.0000
/opt/freesurfer/average/711-2B_as_mni_average_305_mask.4dfp.img
       256       256       256         1
  1.000000  1.000000  1.000000
orientation T byte_order littleendian
Reading mask: /opt/freesurfer/average/711-2B_as_mni_average_305_mask.4dfp.img (2306576 pixels)
talsrcimg_g11.4dfp.img
       256       256       256         1
  1.000000  1.000000  1.000000
orientation T byte_order littleendian
Reading image: talsrcimg_g11.4dfp.img
dimensions:      256       256       256
mmppix:       1.0000   -1.0000   -1.0000
center:     128.0000 -129.0000 -129.0000
fimgreg.f
image alignment mode   2311 decimal      907 hex
parameters
    0.9294   12.3670   17.5023   -8.4559   -5.2290   -9.0866
   -2.9292    5.7203    2.7877    2.1338   -4.3847   -3.2804
eta,q 0.97593  8.13988
niter,ni,del,rscale     5    3    5.0000    0.8000
parameters
    0.9381   12.3926   17.5233   -8.2789   -5.4662   -9.0795
   -2.9274    5.7284    2.8199    2.2954   -4.3359   -3.2727
eta,q 0.97592  8.13829
  0.0254  0.0251  0.0248  0.0250  0.0251  0.0253  0.0251  0.0259  0.0249  0.0254  0.0247  0.0246
  0.0246  0.0245  0.0244  0.0245  0.0246  0.0246  0.0246  0.0249  0.0245  0.0247  0.0243  0.0243
  0.0242  0.0242  0.0242  0.0242  0.0242  0.0242  0.0242  0.0243  0.0242  0.0242  0.0241  0.0241
  0.0241  0.0241  0.0241  0.0241  0.0241  0.0241  0.0241  0.0241  0.0241  0.0241  0.0241  0.0241
  0.0242  0.0242  0.0242  0.0242  0.0242  0.0242  0.0242  0.0243  0.0242  0.0242  0.0241  0.0241
  0.0246  0.0245  0.0244  0.0244  0.0247  0.0246  0.0246  0.0249  0.0244  0.0246  0.0243  0.0243
  0.0253  0.0250  0.0248  0.0249  0.0254  0.0252  0.0251  0.0259  0.0249  0.0252  0.0246  0.0246
niter,ni,del,rscale     4    3    5.0000    0.7000
parameters
    0.9378   12.4040   17.5161   -8.2906   -5.4428   -9.0823
   -2.9371    5.7193    2.7926    2.3015   -4.3232   -3.2904
eta,q 0.97592  8.13856
  0.0251  0.0248  0.0246  0.0248  0.0249  0.0250  0.0249  0.0255  0.0247  0.0250  0.0245  0.0245
  0.0245  0.0244  0.0243  0.0244  0.0245  0.0245  0.0244  0.0247  0.0243  0.0245  0.0243  0.0243
  0.0242  0.0242  0.0241  0.0241  0.0242  0.0242  0.0242  0.0242  0.0241  0.0242  0.0241  0.0241
  0.0241  0.0241  0.0241  0.0241  0.0241  0.0241  0.0241  0.0241  0.0241  0.0241  0.0241  0.0241
  0.0242  0.0242  0.0241  0.0242  0.0241  0.0242  0.0242  0.0242  0.0242  0.0242  0.0241  0.0241
  0.0245  0.0244  0.0243  0.0244  0.0245  0.0245  0.0244  0.0247  0.0244  0.0245  0.0243  0.0243
  0.0250  0.0248  0.0246  0.0247  0.0250  0.0250  0.0249  0.0255  0.0247  0.0250  0.0245  0.0245
registration optimization eta report
parameter search radius
    1.4000    1.4000    1.4000    4.2000    4.2000    4.2000
    4.2000    4.2000    4.2000    4.2000    4.2000    4.2000
100000*second partial in parameter space
       50.       38.       28.        4.        5.        5.
        5.        8.        4.        5.        2.        2.
  0.0251  0.0248  0.0246  0.0248  0.0249  0.0250  0.0249  0.0255  0.0247  0.0250  0.0245  0.0245
  0.0245  0.0244  0.0243  0.0244  0.0245  0.0245  0.0244  0.0247  0.0243  0.0245  0.0243  0.0243
  0.0242  0.0242  0.0241  0.0241  0.0242  0.0242  0.0242  0.0242  0.0241  0.0242  0.0241  0.0241
  0.0241  0.0241  0.0241  0.0241  0.0241  0.0241  0.0241  0.0241  0.0241  0.0241  0.0241  0.0241
  0.0242  0.0242  0.0241  0.0242  0.0241  0.0242  0.0242  0.0242  0.0242  0.0242  0.0241  0.0241
  0.0245  0.0244  0.0243  0.0244  0.0245  0.0245  0.0244  0.0247  0.0244  0.0245  0.0243  0.0243
  0.0250  0.0248  0.0246  0.0247  0.0250  0.0250  0.0249  0.0255  0.0247  0.0250  0.0245  0.0245
    0.9378   12.4040   17.5161   -8.2906   -5.4428   -9.0823
   -2.9371    5.7193    2.7926    2.3015   -4.3232   -3.2904
eta,q 0.97592  8.13856

---------------------------------------------------------------------
compute_vox2vox talsrcimg talsrcimg_to_711-2C_as_mni_average_305_t4 /opt/freesurfer/average/711-2C_as_mni_average_305
---------------------------------------------------------------------

freesurfer compute_vox2vox.c
Reading: talsrcimg.4dfp.ifh
Reading: talsrcimg_to_711-2C_as_mni_average_305_t4
Reading: /opt/freesurfer/average/711-2C_as_mni_average_305.4dfp.ifh
Writing: talsrcimg_to_711-2C_as_mni_average_305_t4_vox2vox.txt

start time Fri Mar 13 01:07:44 CET 2026
end		time Fri Mar 13 01:09:16 CET 2026

mpr2mni305 success

avi2talxfm orig_nu.mgz /opt/freesurfer/average/mni305.cor.mgz talsrcimg_to_711-2C_as_mni_average_305_t4_vox2vox.txt transforms/talairach.auto.xfm
avi2talxfm done
mv -f /out/sourcedata/freesurfer/sub-v2s3x28804_ses-1/mri/talsrcimg_to_711-2C_as_mni_average_305_t4_vox2vox.txt /out/sourcedata/freesurfer/sub-v2s3x28804_ses-1/mri/transforms/talsrcimg_to_711-2C_as_mni_average_305_t4_vox2vox.txt
lta_convert --src orig_nu.mgz --trg /opt/freesurfer/average/mni305.cor.mgz --inxfm transforms/talairach.auto.xfm --outlta transforms/talairach.auto.xfm.lta --subject fsaverage
7.3.2

--src: orig_nu.mgz src image (geometry).
--trg: /opt/freesurfer/average/mni305.cor.mgz trg image (geometry).
--inmni: transforms/talairach.auto.xfm input MNI/XFM transform.
--outlta: transforms/talairach.auto.xfm.lta output LTA.
--s: fsaverage subject name
 LTA read, type : 1
 1.08619  -0.06912   0.03133  -0.91927;
 0.05044   1.09572   0.03970  -45.24997;
-0.03331  -0.02463   1.05567  -8.27097;
 0.00000   0.00000   0.00000   1.00000;
setting subject to fsaverage
Writing  LTA to file transforms/talairach.auto.xfm.lta...
lta_convert successful.
 
 
Started at Fri Mar 13 01:07:43 CET 2026
Ended   at Fri Mar 13 01:09:16 CET 2026
talairach_avi done
