status file for recon-all
Fri Mar 13 00:05:08 CET 2026
#@# MotionCor Fri Mar 13 00:05:10 CET 2026
#@# Talairach Fri Mar 13 00:05:16 CET 2026
#@# Talairach Failure Detection Fri Mar 13 00:08:07 CET 2026
#@# Nu Intensity Correction Fri Mar 13 00:08:07 CET 2026
#@# Intensity Normalization Fri Mar 13 00:10:54 CET 2026
recon-all -s sub-v2s3x28789_ses-1 finished without error at Fri Mar 13 00:11:57 CET 2026



#New# invocation of recon-all 



status file for recon-all
Fri Mar 13 00:18:53 CET 2026
#@# EM Registration Fri Mar 13 00:18:53 CET 2026
recon-all -s sub-v2s3x28789_ses-1 finished without error at Fri Mar 13 00:22:56 CET 2026



#New# invocation of recon-all 



status file for recon-all
Fri Mar 13 00:22:58 CET 2026
#@# CA Normalize Fri Mar 13 00:22:58 CET 2026
#@# CA Reg Fri Mar 13 00:23:53 CET 2026
#@# SubCort Seg Fri Mar 13 01:07:54 CET 2026
#@# CC Seg Fri Mar 13 01:32:20 CET 2026
#@# Merge ASeg Fri Mar 13 01:32:52 CET 2026
#@# Intensity Normalization2 Fri Mar 13 01:32:52 CET 2026
#@# Mask BFS Fri Mar 13 01:34:23 CET 2026
#@# WM Segmentation Fri Mar 13 01:34:23 CET 2026
#@# Fill Fri Mar 13 01:36:01 CET 2026
recon-all -s sub-v2s3x28789_ses-1 finished without error at Fri Mar 13 01:36:39 CET 2026



#New# invocation of recon-all 



status file for recon-all
Fri Mar 13 02:47:32 CET 2026
#@# white curv lh Fri Mar 13 02:47:32 CET 2026
#@# white area lh Fri Mar 13 02:47:32 CET 2026
#@# pial curv lh Fri Mar 13 02:47:32 CET 2026
#@# pial area lh Fri Mar 13 02:47:32 CET 2026
#@# thickness lh Fri Mar 13 02:47:32 CET 2026
#@# area and vertex vol lh Fri Mar 13 02:47:32 CET 2026
#@# white curv rh Fri Mar 13 02:47:32 CET 2026
#@# white area rh Fri Mar 13 02:47:32 CET 2026
#@# pial curv rh Fri Mar 13 02:47:32 CET 2026
#@# pial area rh Fri Mar 13 02:47:32 CET 2026
#@# thickness rh Fri Mar 13 02:47:32 CET 2026
#@# area and vertex vol rh Fri Mar 13 02:47:32 CET 2026
#@# Cortical ribbon mask Fri Mar 13 02:47:32 CET 2026
recon-all -s sub-v2s3x28789_ses-1 finished without error at Fri Mar 13 02:56:43 CET 2026



#New# invocation of recon-all 



status file for recon-all
Fri Mar 13 03:03:20 CET 2026
#@# white curv lh Fri Mar 13 03:03:20 CET 2026
#@# white area lh Fri Mar 13 03:03:20 CET 2026
#@# pial curv lh Fri Mar 13 03:03:20 CET 2026
#@# pial area lh Fri Mar 13 03:03:20 CET 2026
#@# thickness lh Fri Mar 13 03:03:20 CET 2026
#@# area and vertex vol lh Fri Mar 13 03:03:21 CET 2026
#@# white curv rh Fri Mar 13 03:03:21 CET 2026
#@# white area rh Fri Mar 13 03:03:21 CET 2026
#@# pial curv rh Fri Mar 13 03:03:21 CET 2026
#@# pial area rh Fri Mar 13 03:03:21 CET 2026
#@# thickness rh Fri Mar 13 03:03:21 CET 2026
#@# area and vertex vol rh Fri Mar 13 03:03:21 CET 2026
#@# Curvature Stats lh Fri Mar 13 03:03:21 CET 2026
#@# Curvature Stats rh Fri Mar 13 03:03:23 CET 2026
#@# Relabel Hypointensities Fri Mar 13 03:03:25 CET 2026
#@# APas-to-ASeg Fri Mar 13 03:03:39 CET 2026
#@# AParc-to-ASeg aparc Fri Mar 13 03:03:46 CET 2026
#@# AParc-to-ASeg aparc.a2009s Fri Mar 13 03:04:36 CET 2026
#@# AParc-to-ASeg aparc.DKTatlas Fri Mar 13 03:05:23 CET 2026
#@# WMParc Fri Mar 13 03:06:08 CET 2026
#@# ASeg Stats Fri Mar 13 03:08:08 CET 2026
recon-all -s sub-v2s3x28789_ses-1 finished without error at Fri Mar 13 03:08:35 CET 2026
