status file for recon-all
Fri Mar 13 03:28:10 CET 2026
#@# MotionCor Fri Mar 13 03:28:12 CET 2026
#@# Talairach Fri Mar 13 03:28:20 CET 2026
#@# Talairach Failure Detection Fri Mar 13 03:32:48 CET 2026
#@# Nu Intensity Correction Fri Mar 13 03:32:48 CET 2026
#@# Intensity Normalization Fri Mar 13 03:36:03 CET 2026
recon-all -s sub-v2s3x28845_ses-1 finished without error at Fri Mar 13 03:37:44 CET 2026



#New# invocation of recon-all 



status file for recon-all
Fri Mar 13 03:45:42 CET 2026
#@# EM Registration Fri Mar 13 03:45:42 CET 2026
recon-all -s sub-v2s3x28845_ses-1 finished without error at Fri Mar 13 03:47:45 CET 2026



#New# invocation of recon-all 



status file for recon-all
Fri Mar 13 03:47:48 CET 2026
#@# CA Normalize Fri Mar 13 03:47:48 CET 2026
#@# CA Reg Fri Mar 13 03:49:10 CET 2026
#@# SubCort Seg Fri Mar 13 04:40:40 CET 2026
#@# CC Seg Fri Mar 13 05:08:44 CET 2026
#@# Merge ASeg Fri Mar 13 05:09:48 CET 2026
#@# Intensity Normalization2 Fri Mar 13 05:09:48 CET 2026
#@# Mask BFS Fri Mar 13 05:12:07 CET 2026
#@# WM Segmentation Fri Mar 13 05:12:08 CET 2026
#@# Fill Fri Mar 13 05:14:02 CET 2026
recon-all -s sub-v2s3x28845_ses-1 finished without error at Fri Mar 13 05:15:08 CET 2026



#New# invocation of recon-all 



status file for recon-all
Fri Mar 13 06:06:20 CET 2026
#@# white curv lh Fri Mar 13 06:06:20 CET 2026
#@# white area lh Fri Mar 13 06:06:20 CET 2026
#@# pial curv lh Fri Mar 13 06:06:20 CET 2026
#@# pial area lh Fri Mar 13 06:06:20 CET 2026
#@# thickness lh Fri Mar 13 06:06:20 CET 2026
#@# area and vertex vol lh Fri Mar 13 06:06:20 CET 2026
#@# white curv rh Fri Mar 13 06:06:20 CET 2026
#@# white area rh Fri Mar 13 06:06:20 CET 2026
#@# pial curv rh Fri Mar 13 06:06:20 CET 2026
#@# pial area rh Fri Mar 13 06:06:20 CET 2026
#@# thickness rh Fri Mar 13 06:06:20 CET 2026
#@# area and vertex vol rh Fri Mar 13 06:06:20 CET 2026
#@# Cortical ribbon mask Fri Mar 13 06:06:20 CET 2026
recon-all -s sub-v2s3x28845_ses-1 finished without error at Fri Mar 13 06:17:08 CET 2026



#New# invocation of recon-all 



status file for recon-all
Fri Mar 13 06:24:54 CET 2026
#@# white curv lh Fri Mar 13 06:24:54 CET 2026
#@# white area lh Fri Mar 13 06:24:54 CET 2026
#@# pial curv lh Fri Mar 13 06:24:54 CET 2026
#@# pial area lh Fri Mar 13 06:24:54 CET 2026
#@# thickness lh Fri Mar 13 06:24:54 CET 2026
#@# area and vertex vol lh Fri Mar 13 06:24:54 CET 2026
#@# white curv rh Fri Mar 13 06:24:54 CET 2026
#@# white area rh Fri Mar 13 06:24:54 CET 2026
#@# pial curv rh Fri Mar 13 06:24:54 CET 2026
#@# pial area rh Fri Mar 13 06:24:54 CET 2026
#@# thickness rh Fri Mar 13 06:24:54 CET 2026
#@# area and vertex vol rh Fri Mar 13 06:24:54 CET 2026
#@# Curvature Stats lh Fri Mar 13 06:24:54 CET 2026
#@# Curvature Stats rh Fri Mar 13 06:24:57 CET 2026
#@# Relabel Hypointensities Fri Mar 13 06:25:00 CET 2026
#@# APas-to-ASeg Fri Mar 13 06:25:17 CET 2026
#@# AParc-to-ASeg aparc Fri Mar 13 06:25:26 CET 2026
#@# AParc-to-ASeg aparc.a2009s Fri Mar 13 06:26:17 CET 2026
#@# AParc-to-ASeg aparc.DKTatlas Fri Mar 13 06:27:06 CET 2026
#@# WMParc Fri Mar 13 06:27:55 CET 2026
#@# ASeg Stats Fri Mar 13 06:32:04 CET 2026
recon-all -s sub-v2s3x28845_ses-1 finished without error at Fri Mar 13 06:32:46 CET 2026
