status file for recon-all
Fri Mar 13 01:32:41 CET 2026
#@# MotionCor Fri Mar 13 01:32:43 CET 2026
#@# Talairach Fri Mar 13 01:32:51 CET 2026
#@# Talairach Failure Detection Fri Mar 13 01:37:21 CET 2026
#@# Nu Intensity Correction Fri Mar 13 01:37:21 CET 2026
#@# Intensity Normalization Fri Mar 13 01:40:40 CET 2026
recon-all -s sub-v2s3x28813_ses-1 finished without error at Fri Mar 13 01:42:10 CET 2026



#New# invocation of recon-all 



status file for recon-all
Fri Mar 13 01:49:55 CET 2026
#@# EM Registration Fri Mar 13 01:49:55 CET 2026
recon-all -s sub-v2s3x28813_ses-1 finished without error at Fri Mar 13 01:52:05 CET 2026



#New# invocation of recon-all 



status file for recon-all
Fri Mar 13 01:52:06 CET 2026
#@# CA Normalize Fri Mar 13 01:52:06 CET 2026
#@# CA Reg Fri Mar 13 01:53:28 CET 2026
#@# SubCort Seg Fri Mar 13 02:46:02 CET 2026
#@# CC Seg Fri Mar 13 03:12:27 CET 2026
#@# Merge ASeg Fri Mar 13 03:12:59 CET 2026
#@# Intensity Normalization2 Fri Mar 13 03:12:59 CET 2026
#@# Mask BFS Fri Mar 13 03:15:13 CET 2026
#@# WM Segmentation Fri Mar 13 03:15:14 CET 2026
#@# Fill Fri Mar 13 03:17:04 CET 2026
recon-all -s sub-v2s3x28813_ses-1 finished without error at Fri Mar 13 03:18:07 CET 2026



#New# invocation of recon-all 



status file for recon-all
Fri Mar 13 04:02:19 CET 2026
#@# white curv lh Fri Mar 13 04:02:19 CET 2026
#@# white area lh Fri Mar 13 04:02:19 CET 2026
#@# pial curv lh Fri Mar 13 04:02:19 CET 2026
#@# pial area lh Fri Mar 13 04:02:19 CET 2026
#@# thickness lh Fri Mar 13 04:02:19 CET 2026
#@# area and vertex vol lh Fri Mar 13 04:02:19 CET 2026
#@# white curv rh Fri Mar 13 04:02:19 CET 2026
#@# white area rh Fri Mar 13 04:02:19 CET 2026
#@# pial curv rh Fri Mar 13 04:02:19 CET 2026
#@# pial area rh Fri Mar 13 04:02:19 CET 2026
#@# thickness rh Fri Mar 13 04:02:19 CET 2026
#@# area and vertex vol rh Fri Mar 13 04:02:19 CET 2026
#@# Cortical ribbon mask Fri Mar 13 04:02:19 CET 2026
recon-all -s sub-v2s3x28813_ses-1 finished without error at Fri Mar 13 04:06:30 CET 2026



#New# invocation of recon-all 



status file for recon-all
Fri Mar 13 04:13:23 CET 2026
#@# white curv lh Fri Mar 13 04:13:23 CET 2026
#@# white area lh Fri Mar 13 04:13:23 CET 2026
#@# pial curv lh Fri Mar 13 04:13:23 CET 2026
#@# pial area lh Fri Mar 13 04:13:23 CET 2026
#@# thickness lh Fri Mar 13 04:13:23 CET 2026
#@# area and vertex vol lh Fri Mar 13 04:13:23 CET 2026
#@# white curv rh Fri Mar 13 04:13:23 CET 2026
#@# white area rh Fri Mar 13 04:13:23 CET 2026
#@# pial curv rh Fri Mar 13 04:13:23 CET 2026
#@# pial area rh Fri Mar 13 04:13:23 CET 2026
#@# thickness rh Fri Mar 13 04:13:23 CET 2026
#@# area and vertex vol rh Fri Mar 13 04:13:23 CET 2026
#@# Curvature Stats lh Fri Mar 13 04:13:23 CET 2026
#@# Curvature Stats rh Fri Mar 13 04:13:26 CET 2026
#@# Relabel Hypointensities Fri Mar 13 04:13:28 CET 2026
#@# APas-to-ASeg Fri Mar 13 04:13:43 CET 2026
#@# AParc-to-ASeg aparc Fri Mar 13 04:13:52 CET 2026
#@# AParc-to-ASeg aparc.a2009s Fri Mar 13 04:14:28 CET 2026
#@# AParc-to-ASeg aparc.DKTatlas Fri Mar 13 04:15:06 CET 2026
#@# WMParc Fri Mar 13 04:15:44 CET 2026
#@# ASeg Stats Fri Mar 13 04:19:25 CET 2026
recon-all -s sub-v2s3x28813_ses-1 finished without error at Fri Mar 13 04:20:03 CET 2026
