status file for recon-all
Fri Mar 13 03:18:11 CET 2026
#@# Tessellate lh Fri Mar 13 03:18:11 CET 2026
#@# Smooth1 lh Fri Mar 13 03:18:15 CET 2026
#@# Inflation1 lh Fri Mar 13 03:18:17 CET 2026
#@# QSphere lh Fri Mar 13 03:18:30 CET 2026
#@# Fix Topology lh Fri Mar 13 03:19:48 CET 2026
#@# Smooth2 lh Fri Mar 13 03:25:24 CET 2026
#@# Inflation2 lh Fri Mar 13 03:25:27 CET 2026
#@# Curv .H and .K lh Fri Mar 13 03:25:41 CET 2026
#@# Sphere lh Fri Mar 13 03:26:26 CET 2026
#@# Surf Reg lh Fri Mar 13 03:28:34 CET 2026
#@# Jacobian white lh Fri Mar 13 03:31:57 CET 2026
#@# AvgCurv lh Fri Mar 13 03:31:58 CET 2026
#@# Cortical Parc lh Fri Mar 13 03:31:59 CET 2026
#@# white curv lh Fri Mar 13 03:38:28 CET 2026
#@# white area lh Fri Mar 13 03:38:30 CET 2026
#@# pial curv lh Fri Mar 13 03:38:31 CET 2026
#@# pial area lh Fri Mar 13 03:38:33 CET 2026
#@# thickness lh Fri Mar 13 03:38:34 CET 2026
#@# area and vertex vol lh Fri Mar 13 03:39:01 CET 2026
#@# Curvature Stats lh Fri Mar 13 03:39:03 CET 2026
#@# Cortical Parc 2 lh Fri Mar 13 03:39:05 CET 2026
#@# Cortical Parc 3 lh Fri Mar 13 03:39:18 CET 2026
#@# WM/GM Contrast lh Fri Mar 13 03:39:27 CET 2026
recon-all -s sub-v2s3x28813_ses-1 finished without error at Fri Mar 13 03:39:31 CET 2026



#New# invocation of recon-all 



status file for recon-all
Fri Mar 13 04:06:35 CET 2026
#@# white curv lh Fri Mar 13 04:06:35 CET 2026
#@# white area lh Fri Mar 13 04:06:35 CET 2026
#@# pial curv lh Fri Mar 13 04:06:35 CET 2026
#@# pial area lh Fri Mar 13 04:06:35 CET 2026
#@# thickness lh Fri Mar 13 04:06:35 CET 2026
#@# area and vertex vol lh Fri Mar 13 04:06:35 CET 2026
#@# Parcellation Stats lh Fri Mar 13 04:06:35 CET 2026
#@# Parcellation Stats 2 lh Fri Mar 13 04:06:53 CET 2026
#@# Parcellation Stats 3 lh Fri Mar 13 04:07:02 CET 2026
#@# BA_exvivo Labels lh Fri Mar 13 04:07:11 CET 2026
recon-all -s sub-v2s3x28813_ses-1 finished without error at Fri Mar 13 04:09:52 CET 2026
