status file for recon-all
Fri Mar 13 01:00:37 CET 2026
#@# Tessellate lh Fri Mar 13 01:00:37 CET 2026
#@# Smooth1 lh Fri Mar 13 01:00:40 CET 2026
#@# Inflation1 lh Fri Mar 13 01:00:42 CET 2026
#@# QSphere lh Fri Mar 13 01:00:54 CET 2026
#@# Fix Topology lh Fri Mar 13 01:01:47 CET 2026
#@# Smooth2 lh Fri Mar 13 01:06:11 CET 2026
#@# Inflation2 lh Fri Mar 13 01:06:13 CET 2026
#@# Curv .H and .K lh Fri Mar 13 01:06:26 CET 2026
#@# Sphere lh Fri Mar 13 01:07:04 CET 2026
#@# Surf Reg lh Fri Mar 13 01:14:30 CET 2026
#@# Jacobian white lh Fri Mar 13 01:24:00 CET 2026
#@# AvgCurv lh Fri Mar 13 01:24:01 CET 2026
#@# Cortical Parc lh Fri Mar 13 01:24:02 CET 2026
#@# white curv lh Fri Mar 13 01:30:27 CET 2026
#@# white area lh Fri Mar 13 01:30:28 CET 2026
#@# pial curv lh Fri Mar 13 01:30:29 CET 2026
#@# pial area lh Fri Mar 13 01:30:30 CET 2026
#@# thickness lh Fri Mar 13 01:30:31 CET 2026
#@# area and vertex vol lh Fri Mar 13 01:30:52 CET 2026
#@# Curvature Stats lh Fri Mar 13 01:30:53 CET 2026
#@# Cortical Parc 2 lh Fri Mar 13 01:30:55 CET 2026
#@# Cortical Parc 3 lh Fri Mar 13 01:31:06 CET 2026
#@# WM/GM Contrast lh Fri Mar 13 01:31:15 CET 2026
recon-all -s sub-v2s3x28754_ses-1 finished without error at Fri Mar 13 01:31:17 CET 2026



#New# invocation of recon-all 



status file for recon-all
Fri Mar 13 01:56:36 CET 2026
#@# white curv lh Fri Mar 13 01:56:36 CET 2026
#@# white area lh Fri Mar 13 01:56:36 CET 2026
#@# pial curv lh Fri Mar 13 01:56:36 CET 2026
#@# pial area lh Fri Mar 13 01:56:36 CET 2026
#@# thickness lh Fri Mar 13 01:56:36 CET 2026
#@# area and vertex vol lh Fri Mar 13 01:56:36 CET 2026
#@# Parcellation Stats lh Fri Mar 13 01:56:36 CET 2026
#@# Parcellation Stats 2 lh Fri Mar 13 01:56:52 CET 2026
#@# Parcellation Stats 3 lh Fri Mar 13 01:57:00 CET 2026
#@# BA_exvivo Labels lh Fri Mar 13 01:57:08 CET 2026
recon-all -s sub-v2s3x28754_ses-1 finished without error at Fri Mar 13 01:59:11 CET 2026
