status file for recon-all
Thu Mar 12 23:40:32 CET 2026
#@# MotionCor Thu Mar 12 23:40:34 CET 2026
#@# Talairach Thu Mar 12 23:40:39 CET 2026
#@# Talairach Failure Detection Thu Mar 12 23:43:30 CET 2026
#@# Nu Intensity Correction Thu Mar 12 23:43:30 CET 2026
#@# Intensity Normalization Thu Mar 12 23:46:16 CET 2026
recon-all -s sub-v2s3x28754_ses-1 finished without error at Thu Mar 12 23:47:20 CET 2026



#New# invocation of recon-all 



status file for recon-all
Thu Mar 12 23:53:59 CET 2026
#@# EM Registration Thu Mar 12 23:53:59 CET 2026
recon-all -s sub-v2s3x28754_ses-1 finished without error at Thu Mar 12 23:55:49 CET 2026



#New# invocation of recon-all 



status file for recon-all
Thu Mar 12 23:55:53 CET 2026
#@# CA Normalize Thu Mar 12 23:55:53 CET 2026
#@# CA Reg Thu Mar 12 23:56:47 CET 2026
#@# SubCort Seg Fri Mar 13 00:36:00 CET 2026
#@# CC Seg Fri Mar 13 00:56:10 CET 2026
#@# Merge ASeg Fri Mar 13 00:56:43 CET 2026
#@# Intensity Normalization2 Fri Mar 13 00:56:43 CET 2026
#@# Mask BFS Fri Mar 13 00:58:18 CET 2026
#@# WM Segmentation Fri Mar 13 00:58:19 CET 2026
#@# Fill Fri Mar 13 00:59:55 CET 2026
recon-all -s sub-v2s3x28754_ses-1 finished without error at Fri Mar 13 01:00:34 CET 2026



#New# invocation of recon-all 



status file for recon-all
Fri Mar 13 01:51:52 CET 2026
#@# white curv lh Fri Mar 13 01:51:52 CET 2026
#@# white area lh Fri Mar 13 01:51:52 CET 2026
#@# pial curv lh Fri Mar 13 01:51:52 CET 2026
#@# pial area lh Fri Mar 13 01:51:52 CET 2026
#@# thickness lh Fri Mar 13 01:51:52 CET 2026
#@# area and vertex vol lh Fri Mar 13 01:51:52 CET 2026
#@# white curv rh Fri Mar 13 01:51:52 CET 2026
#@# white area rh Fri Mar 13 01:51:52 CET 2026
#@# pial curv rh Fri Mar 13 01:51:52 CET 2026
#@# pial area rh Fri Mar 13 01:51:52 CET 2026
#@# thickness rh Fri Mar 13 01:51:52 CET 2026
#@# area and vertex vol rh Fri Mar 13 01:51:52 CET 2026
#@# Cortical ribbon mask Fri Mar 13 01:51:52 CET 2026
recon-all -s sub-v2s3x28754_ses-1 finished without error at Fri Mar 13 01:56:31 CET 2026



#New# invocation of recon-all 



status file for recon-all
Fri Mar 13 02:01:54 CET 2026
#@# white curv lh Fri Mar 13 02:01:54 CET 2026
#@# white area lh Fri Mar 13 02:01:54 CET 2026
#@# pial curv lh Fri Mar 13 02:01:54 CET 2026
#@# pial area lh Fri Mar 13 02:01:54 CET 2026
#@# thickness lh Fri Mar 13 02:01:54 CET 2026
#@# area and vertex vol lh Fri Mar 13 02:01:54 CET 2026
#@# white curv rh Fri Mar 13 02:01:54 CET 2026
#@# white area rh Fri Mar 13 02:01:54 CET 2026
#@# pial curv rh Fri Mar 13 02:01:54 CET 2026
#@# pial area rh Fri Mar 13 02:01:54 CET 2026
#@# thickness rh Fri Mar 13 02:01:54 CET 2026
#@# area and vertex vol rh Fri Mar 13 02:01:54 CET 2026
#@# Curvature Stats lh Fri Mar 13 02:01:54 CET 2026
#@# Curvature Stats rh Fri Mar 13 02:01:56 CET 2026
#@# Relabel Hypointensities Fri Mar 13 02:01:58 CET 2026
#@# APas-to-ASeg Fri Mar 13 02:02:09 CET 2026
#@# AParc-to-ASeg aparc Fri Mar 13 02:02:15 CET 2026
#@# AParc-to-ASeg aparc.a2009s Fri Mar 13 02:02:49 CET 2026
#@# AParc-to-ASeg aparc.DKTatlas Fri Mar 13 02:03:22 CET 2026
#@# WMParc Fri Mar 13 02:03:48 CET 2026
#@# ASeg Stats Fri Mar 13 02:05:43 CET 2026
recon-all -s sub-v2s3x28754_ses-1 finished without error at Fri Mar 13 02:06:05 CET 2026
