/out/sourcedata/freesurfer/sub-v2s3x28839_ses-1/mri
/opt/freesurfer/bin/talairach_avi
--i orig_nu.mgz --xfm transforms/talairach.auto.xfm
talairach_avi 7.3.2
Linux dna071 5.14.0-427.37.1.el9_4.x86_64 #1 SMP PREEMPT_DYNAMIC Fri Sep 13 12:41:50 EDT 2024 x86_64 x86_64 x86_64 GNU/Linux
Fri Mar 13 03:20:27 CET 2026
mri_convert orig_nu.mgz talsrcimg.img 
reading from orig_nu.mgz...
TR=0.00, TE=0.00, TI=0.00, flip angle=0.00
i_ras = (-1, 0, 0)
j_ras = (0, 0, -1)
k_ras = (0, 1, 0)
writing to talsrcimg.img...
Analyze Output Matrix
-1.00000   0.00000   0.00000   130.48550;
 0.00000   0.00000   1.00000  -114.10323;
 0.00000  -1.00000   0.00000   118.26842;
 0.00000   0.00000   0.00000   1.00000;
--------------------
INFO: set hdr.hist.orient to -1
mpr2mni305 talsrcimg
Fri Mar 13 03:20:28 CET 2026
/opt/freesurfer/bin/mpr2mni305 talsrcimg
mpr2mni305 7.3.2
target=711-2C_as_mni_average_305

---------------------------------------------------------------------
analyzeto4dfp talsrcimg -O0 -y
---------------------------------------------------------------------

freesurfer ifh2hdr.c
Fri Mar 13 03:20:28 2026
Writing: talsrcimg.4dfp.hdr
freesurfer analyzeto4dfp.c
Reading: talsrcimg.hdr
header size 348 bytes
hdr.dime.datatype	offset=70	value=2
hdr.dime.bitpix		offset=72	value=8
hdr.hist.orient		offset=252	value=-1
dimensionality     4
dimensions       256       256       256         1
Reading: talsrcimg.img
Writing: talsrcimg.4dfp.img
Writing: talsrcimg.4dfp.ifh
ifh2hdr talsrcimg -r0to220
ori=2

---------------------------------------------------------------------
gauss_4dfp talsrcimg 1.1
---------------------------------------------------------------------

freesurfer gauss_4dfp.c
Reading: talsrcimg.4dfp.img
Writing: talsrcimg_g11.4dfp.img
image dimensions 256 256 256 padded to 288 288 288
processing volume 1freesurfer ifh2hdr.c
Fri Mar 13 03:20:29 2026
Writing: talsrcimg_g11.4dfp.hdr

Writing: talsrcimg_g11.4dfp.ifh
including: talsrcimg.4dfp.img.rec in talsrcimg_g11.4dfp.img.rec

---------------------------------------------------------------------
imgreg_4dfp /opt/freesurfer/average/711-2C_as_mni_average_305 none talsrcimg_g11 none talsrcimg_to_711-2C_as_mni_average_305_t4 4355
---------------------------------------------------------------------

freesurfer imgreg_4dfp.c
/opt/freesurfer/average/711-2C_as_mni_average_305.4dfp.img
       256       256       256         1
  1.000000  1.000000  1.000000
orientation T byte_order littleendian
Reading image: /opt/freesurfer/average/711-2C_as_mni_average_305.4dfp.img
dimensions:      256       256       256
mmppix:       1.0000   -1.0000   -1.0000
center:     128.0000 -129.0000 -129.0000
talsrcimg_g11.4dfp.img
       256       256       256         1
  1.000000  1.000000  1.000000
orientation T byte_order littleendian
Reading image: talsrcimg_g11.4dfp.img
dimensions:      256       256       256
mmppix:       1.0000   -1.0000   -1.0000
center:     128.0000 -129.0000 -129.0000
t4_read: open error in t4_sub.f l:  41 t4_file(1:l)talsrcimg_to_711-2C_as_mni_average_305_t4 
t4_read: transform initialized to I4
rotation matrix determinant  1.000000
image alignment mode   4355 decimal     1103 hex
   -7.5000  -45.0000  -45.0000 4781.8491   18.1377
    0.0000  -45.0000  -45.0000 5011.4526   18.1625
    7.5000  -45.0000  -45.0000 4786.5830   18.1512
   -7.5000  -37.5000  -45.0000 5281.3228   17.7979
    0.0000  -37.5000  -45.0000 5534.3735   17.8357
    7.5000  -37.5000  -45.0000 5292.9297   17.8335
   -7.5000  -30.0000  -45.0000 6033.1533   17.6719
    0.0000  -30.0000  -45.0000 6313.1367   17.7078
    7.5000  -30.0000  -45.0000 6043.5845   17.6996
   -7.5000  -22.5000  -45.0000 6770.4927   17.6290
    0.0000  -22.5000  -45.0000 7067.4380   17.6466
    7.5000  -22.5000  -45.0000 6793.9834   17.6205
   -7.5000  -15.0000  -45.0000 7526.8252   17.6142
    0.0000  -15.0000  -45.0000 7875.2734   17.6176
    7.5000  -15.0000  -45.0000 7547.1294   17.5819
   -7.5000   -7.5000  -45.0000 8248.8545   17.6068
    0.0000   -7.5000  -45.0000 8640.1738   17.6139
    7.5000   -7.5000  -45.0000 8275.4170   17.5874
   -7.5000    0.0000  -45.0000 8897.9492   17.6025
    0.0000    0.0000  -45.0000 9311.0664   17.6253
    7.5000    0.0000  -45.0000 8916.8174   17.6150
   -7.5000    7.5000  -45.0000 8887.5068   17.6043
    0.0000    7.5000  -45.0000 9320.8086   17.6417
    7.5000    7.5000  -45.0000 8885.2100   17.6405
   -7.5000   15.0000  -45.0000 8795.8389   17.6099
    0.0000   15.0000  -45.0000 9208.5889   17.6456
    7.5000   15.0000  -45.0000 8795.1670   17.6379
   -7.5000   22.5000  -45.0000 8587.7061   17.6128
    0.0000   22.5000  -45.0000 8981.5967   17.6303
    7.5000   22.5000  -45.0000 8601.5186   17.6043
   -7.5000   30.0000  -45.0000 8298.1455   17.3793
    0.0000   30.0000  -45.0000 8677.7637   17.3827
    7.5000   30.0000  -45.0000 8326.3379   17.3474
   -7.5000   37.5000  -45.0000 8287.2822   17.3722
    0.0000   37.5000  -45.0000 8668.7939   17.3791
    7.5000   37.5000  -45.0000 8309.8271   17.3530
   -7.5000   45.0000  -45.0000 7896.2046   16.9269
    0.0000   45.0000  -45.0000 8252.7715   16.9488
    7.5000   45.0000  -45.0000 7913.2964   16.9390
   -7.5000  -45.0000  -37.5000 5222.8979   17.9227
    0.0000  -45.0000  -37.5000 5480.0649   17.9432
    7.5000  -45.0000  -37.5000 5230.9688   17.9237
   -7.5000  -37.5000  -37.5000 5740.4614   17.5796
    0.0000  -37.5000  -37.5000 6008.8208   17.6152
    7.5000  -37.5000  -37.5000 5766.5166   17.6027
   -7.5000  -30.0000  -37.5000 6535.5156   17.4458
    0.0000  -30.0000  -37.5000 6823.5176   17.4821
    7.5000  -30.0000  -37.5000 6562.3535   17.4668
   -7.5000  -22.5000  -37.5000 7341.3398   17.4023
    0.0000  -22.5000  -37.5000 7671.6123   17.4208
    7.5000  -22.5000  -37.5000 7359.0454   17.3944
   -7.5000  -15.0000  -37.5000 8192.8223   17.3938
    0.0000  -15.0000  -37.5000 8569.9678   17.3960
    7.5000  -15.0000  -37.5000 8215.4980   17.3640
   -7.5000   -7.5000  -37.5000 9003.9268   17.3948
    0.0000   -7.5000  -37.5000 9433.2344   17.3981
    7.5000   -7.5000  -37.5000 9043.3789   17.3712
   -7.5000    0.0000  -37.5000 9683.4941   17.3919
    0.0000    0.0000  -37.500010134.8076   17.4104
    7.5000    0.0000  -37.5000 9707.3730   17.3925
   -7.5000    7.5000  -37.5000 9640.0547   17.3849
    0.0000    7.5000  -37.500010083.5332   17.4199
    7.5000    7.5000  -37.5000 9630.3076   17.4085
   -7.5000   15.0000  -37.5000 9498.6816   17.3821
    0.0000   15.0000  -37.5000 9926.9473   17.4181
    7.5000   15.0000  -37.5000 9484.9297   17.4033
   -7.5000   22.5000  -37.5000 9247.8604   17.3854
    0.0000   22.5000  -37.5000 9676.3955   17.4037
    7.5000   22.5000  -37.5000 9277.0498   17.3775
   -7.5000   30.0000  -37.5000 8952.8457   17.1618
    0.0000   30.0000  -37.5000 9346.0928   17.1639
    7.5000   30.0000  -37.5000 9000.7920   17.1324
   -7.5000   37.5000  -37.5000 8955.1875   17.1630
    0.0000   37.5000  -37.5000 9342.3457   17.1663
    7.5000   37.5000  -37.5000 8976.8320   17.1397
   -7.5000   45.0000  -37.5000 8573.8066   16.7244
    0.0000   45.0000  -37.5000 8933.1494   16.7422
    7.5000   45.0000  -37.5000 8561.5312   16.7250
   -7.5000  -45.0000  -30.0000 5743.8291   18.5136
    0.0000  -45.0000  -30.0000 6015.2710   18.5347
    7.5000  -45.0000  -30.0000 5768.6484   18.5115
   -7.5000  -37.5000  -30.0000 6313.6499   18.1577
    0.0000  -37.5000  -30.0000 6597.7954   18.1943
    7.5000  -37.5000  -30.0000 6346.6748   18.1778
   -7.5000  -30.0000  -30.0000 7202.2490   18.0109
    0.0000  -30.0000  -30.0000 7520.3726   18.0508
    7.5000  -30.0000  -30.0000 7226.7896   18.0353
   -7.5000  -22.5000  -30.0000 8112.6929   17.9575
    0.0000  -22.5000  -30.0000 8478.8047   17.9820
    7.5000  -22.5000  -30.0000 8136.6328   17.9608
   -7.5000  -15.0000  -30.0000 9044.2021   17.9474
    0.0000  -15.0000  -30.0000 9453.1523   17.9554
    7.5000  -15.0000  -30.0000 9060.3418   17.9300
   -7.5000   -7.5000  -30.0000 9926.8340   17.9564
    0.0000   -7.5000  -30.000010371.4727   17.9629
    7.5000   -7.5000  -30.0000 9945.6533   17.9376
   -7.5000    0.0000  -30.000010658.0488   17.9611
    0.0000    0.0000  -30.000011158.9971   17.9804
    7.5000    0.0000  -30.000010687.0605   17.9592
   -7.5000    7.5000  -30.000010566.5479   17.9531
    0.0000    7.5000  -30.000011046.0850   17.9891
    7.5000    7.5000  -30.000010588.1973   17.9737
   -7.5000   15.0000  -30.000010381.5947   17.9430
    0.0000   15.0000  -30.000010829.8262   17.9826
    7.5000   15.0000  -30.000010386.2217   17.9675
   -7.5000   22.5000  -30.000010130.8496   17.9376
    0.0000   22.5000  -30.000010570.0293   17.9618
    7.5000   22.5000  -30.000010143.4854   17.9408
   -7.5000   30.0000  -30.0000 9828.5498   17.7097
    0.0000   30.0000  -30.000010255.5342   17.7176
    7.5000   30.0000  -30.0000 9847.6855   17.6925
   -7.5000   37.5000  -30.0000 9828.1816   17.7188
    0.0000   37.5000  -30.000010234.2803   17.7252
    7.5000   37.5000  -30.0000 9827.6670   17.7003
   -7.5000   45.0000  -30.0000 9392.4492   17.2844
    0.0000   45.0000  -30.0000 9763.7510   17.3030
    7.5000   45.0000  -30.0000 9370.3262   17.2826
   -7.5000  -45.0000  -22.5000 6312.3433   19.1139
    0.0000  -45.0000  -22.5000 6592.3672   19.1428
    7.5000  -45.0000  -22.5000 6342.9370   19.1248
   -7.5000  -37.5000  -22.5000 6936.7603   18.7516
    0.0000  -37.5000  -22.5000 7244.5161   18.7935
    7.5000  -37.5000  -22.5000 6970.5811   18.7837
   -7.5000  -30.0000  -22.5000 7911.6909   18.5984
    0.0000  -30.0000  -22.5000 8277.0361   18.6428
    7.5000  -30.0000  -22.5000 7937.4653   18.6354
   -7.5000  -22.5000  -22.5000 8931.7305   18.5341
    0.0000  -22.5000  -22.5000 9358.0830   18.5653
    7.5000  -22.5000  -22.5000 8950.1514   18.5522
   -7.5000  -15.0000  -22.5000 9958.5234   18.5172
    0.0000  -15.0000  -22.500010404.8926   18.5340
    7.5000  -15.0000  -22.5000 9961.4102   18.5144
   -7.5000   -7.5000  -22.500010914.0840   18.5280
    0.0000   -7.5000  -22.500011410.8330   18.5435
    7.5000   -7.5000  -22.500010927.8887   18.5225
   -7.5000    0.0000  -22.500011701.0117   18.5404
    0.0000    0.0000  -22.500012238.3447   18.5671
    7.5000    0.0000  -22.500011744.4229   18.5509
   -7.5000    7.5000  -22.500011587.7217   18.5395
    0.0000    7.5000  -22.500012098.2568   18.5807
    7.5000    7.5000  -22.500011607.7363   18.5719
   -7.5000   15.0000  -22.500011360.9111   18.5282
    0.0000   15.0000  -22.500011846.1924   18.5723
    7.5000   15.0000  -22.500011346.3525   18.5655
   -7.5000   22.5000  -22.500011052.8555   18.5123
    0.0000   22.5000  -22.500011529.8242   18.5432
    7.5000   22.5000  -22.500011048.2773   18.5303
   -7.5000   30.0000  -22.500010708.2637   18.2747
    0.0000   30.0000  -22.500011174.6836   18.2913
    7.5000   30.0000  -22.500010713.5879   18.2720
   -7.5000   37.5000  -22.500010709.4941   18.2857
    0.0000   37.5000  -22.500011153.9961   18.3010
    7.5000   37.5000  -22.500010700.8623   18.2803
   -7.5000   45.0000  -22.500010227.8760   17.8553
    0.0000   45.0000  -22.500010629.0723   17.8811
    7.5000   45.0000  -22.500010181.0615   17.8654
   -7.5000  -45.0000  -15.0000 6894.4727   19.5691
    0.0000  -45.0000  -15.0000 7196.5269   19.6054
    7.5000  -45.0000  -15.0000 6906.6870   19.5962
   -7.5000  -37.5000  -15.0000 7605.8560   19.2034
    0.0000  -37.5000  -15.0000 7955.3042   19.2503
    7.5000  -37.5000  -15.0000 7627.1099   19.2518
   -7.5000  -30.0000  -15.0000 8682.6592   19.0536
    0.0000  -30.0000  -15.0000 9102.8145   19.1003
    7.5000  -30.0000  -15.0000 8727.9590   19.1019
   -7.5000  -22.5000  -15.0000 9811.1641   18.9896
    0.0000  -22.5000  -15.000010266.5693   19.0219
    7.5000  -22.5000  -15.0000 9845.5479   19.0117
   -7.5000  -15.0000  -15.000010901.3535   18.9681
    0.0000  -15.0000  -15.000011403.7402   18.9879
    7.5000  -15.0000  -15.000010911.3770   18.9669
   -7.5000   -7.5000  -15.000011924.4004   18.9711
    0.0000   -7.5000  -15.000012472.2500   18.9923
    7.5000   -7.5000  -15.000011935.2334   18.9731
   -7.5000    0.0000  -15.000012759.4678   18.9799
    0.0000    0.0000  -15.000013354.8438   19.0136
    7.5000    0.0000  -15.000012796.0234   19.0055
   -7.5000    7.5000  -15.000012601.8750   18.9852
    0.0000    7.5000  -15.000013162.4355   19.0315
    7.5000    7.5000  -15.000012600.4658   19.0337
   -7.5000   15.0000  -15.000012340.4189   18.9815
    0.0000   15.0000  -15.000012891.0078   19.0278
    7.5000   15.0000  -15.000012304.5986   19.0299
   -7.5000   22.5000  -15.000012004.8721   18.9663
    0.0000   22.5000  -15.000012545.2266   18.9984
    7.5000   22.5000  -15.000011981.4053   18.9884
   -7.5000   30.0000  -15.000011626.3164   18.7224
    0.0000   30.0000  -15.000012148.5410   18.7419
    7.5000   30.0000  -15.000011617.6836   18.7212
   -7.5000   37.5000  -15.000011602.0371   18.7256
    0.0000   37.5000  -15.000012103.6309   18.7465
    7.5000   37.5000  -15.000011584.2217   18.7276
   -7.5000   45.0000  -15.000011032.6484   18.2896
    0.0000   45.0000  -15.000011499.8096   18.3221
    7.5000   45.0000  -15.000010976.8867   18.3143
   -7.5000  -45.0000   -7.5000 7560.2427   19.7763
    0.0000  -45.0000   -7.5000 7904.1050   19.8112
    7.5000  -45.0000   -7.5000 7577.6768   19.8057
   -7.5000  -37.5000   -7.5000 8353.4668   19.4076
    0.0000  -37.5000   -7.5000 8746.2676   19.4541
    7.5000  -37.5000   -7.5000 8372.7959   19.4595
   -7.5000  -30.0000   -7.5000 9553.4697   19.2652
    0.0000  -30.0000   -7.5000 9978.5156   19.3095
    7.5000  -30.0000   -7.5000 9552.8555   19.3103
   -7.5000  -22.5000   -7.500010769.4395   19.2102
    0.0000  -22.5000   -7.500011226.1455   19.2371
    7.5000  -22.5000   -7.500010748.4150   19.2196
   -7.5000  -15.0000   -7.500011919.1582   19.1899
    0.0000  -15.0000   -7.500012465.5693   19.2034
    7.5000  -15.0000   -7.500011907.9521   19.1737
   -7.5000   -7.5000   -7.500013010.5840   19.1833
    0.0000   -7.5000   -7.500013602.9033   19.2004
    7.5000   -7.5000   -7.500012999.8711   19.1784
   -7.5000    0.0000   -7.500013863.3115   19.1819
    0.0000    0.0000   -7.500014520.0020   19.2142
    7.5000    0.0000   -7.500013881.3164   19.2093
   -7.5000    7.5000   -7.500013665.1084   19.1869
    0.0000    7.5000   -7.500014305.2100   19.2327
    7.5000    7.5000   -7.500013659.3613   19.2389
   -7.5000   15.0000   -7.500013397.5967   19.1921
    0.0000   15.0000   -7.500014023.7852   19.2360
    7.5000   15.0000   -7.500013360.6006   19.2373
   -7.5000   22.5000   -7.500013052.4580   19.1845
    0.0000   22.5000   -7.500013655.2637   19.2112
    7.5000   22.5000   -7.500012989.9277   19.1938
   -7.5000   30.0000   -7.500012630.7822   18.9408
    0.0000   30.0000   -7.500013202.5332   18.9541
    7.5000   30.0000   -7.500012567.5439   18.9248
   -7.5000   37.5000   -7.500012531.6152   18.9346
    0.0000   37.5000   -7.500013088.7373   18.9514
    7.5000   37.5000   -7.500012457.2441   18.9297
   -7.5000   45.0000   -7.500011877.0732   18.4877
    0.0000   45.0000   -7.500012385.4756   18.5188
    7.5000   45.0000   -7.500011793.3477   18.5142
   -7.5000  -45.0000    0.0000 8196.8789   19.7964
    0.0000  -45.0000    0.0000 8574.8350   19.8237
    7.5000  -45.0000    0.0000 8214.3154   19.8121
   -7.5000  -37.5000    0.0000 9059.5703   19.4244
    0.0000  -37.5000    0.0000 9474.2754   19.4661
    7.5000  -37.5000    0.0000 9081.2900   19.4637
   -7.5000  -30.0000    0.000010373.9307   19.2833
    0.0000  -30.0000    0.000010811.6982   19.3234
    7.5000  -30.0000    0.000010349.4883   19.3148
   -7.5000  -22.5000    0.000011687.9824   19.2351
    0.0000  -22.5000    0.000012176.6855   19.2552
    7.5000  -22.5000    0.000011625.3066   19.2281
   -7.5000  -15.0000    0.000012901.8984   19.2193
    0.0000  -15.0000    0.000013483.6240   19.2235
    7.5000  -15.0000    0.000012868.2744   19.1866
   -7.5000   -7.5000    0.000014016.3623   19.2112
    0.0000   -7.5000    0.000014652.1240   19.2190
    7.5000   -7.5000    0.000014001.3320   19.1918
   -7.5000    0.0000    0.000014901.0996   19.2043
    0.0000    0.0000    0.000015579.6621   19.2293
    7.5000    0.0000    0.000014904.3604   19.2186
   -7.5000    7.5000    0.000014681.3438   19.2041
    0.0000    7.5000    0.000015354.8945   19.2452
    7.5000    7.5000    0.000014658.7783   19.2438
   -7.5000   15.0000    0.000014379.1953   19.2103
    0.0000   15.0000    0.000015054.9854   19.2499
    7.5000   15.0000    0.000014334.5479   19.2418
   -7.5000   22.5000    0.000014008.6797   19.2094
    0.0000   22.5000    0.000014661.8906   19.2292
    7.5000   22.5000    0.000013922.4521   19.2024
   -7.5000   30.0000    0.000013547.0996   18.9703
    0.0000   30.0000    0.000014161.4775   18.9744
    7.5000   30.0000    0.000013435.5547   18.9380
   -7.5000   37.5000    0.000013398.5811   18.9625
    0.0000   37.5000    0.000013991.0391   18.9703
    7.5000   37.5000    0.000013273.6416   18.9434
   -7.5000   45.0000    0.000012703.7129   18.5108
    0.0000   45.0000    0.000013231.2354   18.5348
    7.5000   45.0000    0.000012545.2705   18.5245
   -7.5000  -45.0000    7.5000 8254.4844   19.8009
    0.0000  -45.0000    7.5000 8614.8818   19.8228
    7.5000  -45.0000    7.5000 8264.9551   19.8013
   -7.5000  -37.5000    7.5000 9139.5195   19.4222
    0.0000  -37.5000    7.5000 9517.2793   19.4607
    7.5000  -37.5000    7.5000 9129.4961   19.4469
   -7.5000  -30.0000    7.500010438.6387   19.2734
    0.0000  -30.0000    7.500010874.4766   19.3128
    7.5000  -30.0000    7.500010409.3447   19.2962
   -7.5000  -22.5000    7.500011708.4531   19.2245
    0.0000  -22.5000    7.500012227.6094   19.2443
    7.5000  -22.5000    7.500011669.9346   19.2156
   -7.5000  -15.0000    7.500012883.2275   19.2142
    0.0000  -15.0000    7.500013470.2373   19.2161
    7.5000  -15.0000    7.500012873.0977   19.1812
   -7.5000   -7.5000    7.500013945.9453   19.2145
    0.0000   -7.5000    7.500014601.1377   19.2176
    7.5000   -7.5000    7.500013960.8604   19.1880
   -7.5000    0.0000    7.500014808.4824   19.2107
    0.0000    0.0000    7.500015496.9414   19.2304
    7.5000    0.0000    7.500014856.3408   19.2105
   -7.5000    7.5000    7.500014551.5703   19.2029
    0.0000    7.5000    7.500015220.4355   19.2408
    7.5000    7.5000    7.500014568.0449   19.2281
   -7.5000   15.0000    7.500014250.4248   19.2007
    0.0000   15.0000    7.500014896.6650   19.2397
    7.5000   15.0000    7.500014228.1367   19.2236
   -7.5000   22.5000    7.500013884.5195   19.1989
    0.0000   22.5000    7.500014531.9678   19.2184
    7.5000   22.5000    7.500013787.6279   19.1900
   -7.5000   30.0000    7.500013435.7324   18.9653
    0.0000   30.0000    7.500014061.5283   18.9671
    7.5000   30.0000    7.500013299.5254   18.9327
   -7.5000   37.5000    7.500013266.5088   18.9658
    0.0000   37.5000    7.500013852.5381   18.9689
    7.5000   37.5000    7.500013104.8125   18.9397
   -7.5000   45.0000    7.500012506.9365   18.5169
    0.0000   45.0000    7.500013026.5391   18.5359
    7.5000   45.0000    7.500012330.9697   18.5167
   -7.5000  -45.0000   15.0000 8243.8789   19.8240
    0.0000  -45.0000   15.0000 8597.2471   19.8466
    7.5000  -45.0000   15.0000 8235.1562   19.8218
   -7.5000  -37.5000   15.0000 9113.7617   19.4427
    0.0000  -37.5000   15.0000 9507.0000   19.4817
    7.5000  -37.5000   15.0000 9090.0615   19.4640
   -7.5000  -30.0000   15.000010345.0586   19.2848
    0.0000  -30.0000   15.000010812.0479   19.3273
    7.5000  -30.0000   15.000010331.0859   19.3108
   -7.5000  -22.5000   15.000011542.2246   19.2272
    0.0000  -22.5000   15.000012080.0439   19.2535
    7.5000  -22.5000   15.000011532.6914   19.2310
   -7.5000  -15.0000   15.000012646.1191   19.2166
    0.0000  -15.0000   15.000013266.8672   19.2253
    7.5000  -15.0000   15.000012687.5498   19.1983
   -7.5000   -7.5000   15.000013688.0684   19.2267
    0.0000   -7.5000   15.000014346.3301   19.2338
    7.5000   -7.5000   15.000013766.6807   19.2069
   -7.5000    0.0000   15.000014589.9844   19.2322
    0.0000    0.0000   15.000015287.4961   19.2528
    7.5000    0.0000   15.000014657.0928   19.2301
   -7.5000    7.5000   15.000014348.8340   19.2234
    0.0000    7.5000   15.000015006.4053   19.2619
    7.5000    7.5000   15.000014356.1680   19.2453
   -7.5000   15.0000   15.000014016.0186   19.2121
    0.0000   15.0000   15.000014657.1553   19.2544
    7.5000   15.0000   15.000013996.2373   19.2383
   -7.5000   22.5000   15.000013636.9805   19.2017
    0.0000   22.5000   15.000014266.3379   19.2276
    7.5000   22.5000   15.000013572.0352   19.2054
   -7.5000   30.0000   15.000013183.9912   18.9677
    0.0000   30.0000   15.000013772.4941   18.9762
    7.5000   30.0000   15.000013064.7969   18.9495
   -7.5000   37.5000   15.000012982.3857   18.9779
    0.0000   37.5000   15.000013546.6719   18.9849
    7.5000   37.5000   15.000012843.8652   18.9584
   -7.5000   45.0000   15.000012183.1123   18.5376
    0.0000   45.0000   15.000012686.0752   18.5575
    7.5000   45.0000   15.000012016.5830   18.5356
   -7.5000  -45.0000   22.5000 8112.7607   19.8408
    0.0000  -45.0000   22.5000 8462.3223   19.8709
    7.5000  -45.0000   22.5000 8088.9106   19.8522
   -7.5000  -37.5000   22.5000 8932.6641   19.4648
    0.0000  -37.5000   22.5000 9336.2598   19.5083
    7.5000  -37.5000   22.5000 8923.7852   19.4981
   -7.5000  -30.0000   22.500010093.3291   19.3057
    0.0000  -30.0000   22.500010574.5635   19.3519
    7.5000  -30.0000   22.500010113.3242   19.3442
   -7.5000  -22.5000   22.500011220.8145   19.2391
    0.0000  -22.5000   22.500011779.1846   19.2714
    7.5000  -22.5000   22.500011273.8906   19.2579
   -7.5000  -15.0000   22.500012274.9443   19.2215
    0.0000  -15.0000   22.500012887.6025   19.2390
    7.5000  -15.0000   22.500012369.9365   19.2186
   -7.5000   -7.5000   22.500013289.1338   19.2327
    0.0000   -7.5000   22.500013948.3662   19.2488
    7.5000   -7.5000   22.500013406.8379   19.2270
   -7.5000    0.0000   22.500014225.4717   19.2456
    0.0000    0.0000   22.500014909.0996   19.2733
    7.5000    0.0000   22.500014318.3359   19.2565
   -7.5000    7.5000   22.500013965.1094   19.2446
    0.0000    7.5000   22.500014497.2500   19.2874
    7.5000    7.5000   22.500013974.4902   19.2783
   -7.5000   15.0000   22.500013560.8232   19.2329
    0.0000   15.0000   22.500014071.0547   19.2787
    7.5000   15.0000   22.500013568.1172   19.2716
   -7.5000   22.5000   22.500013182.3877   19.2135
    0.0000   22.5000   22.500013705.0166   19.2455
    7.5000   22.5000   22.500013184.4014   19.2322
   -7.5000   30.0000   22.500012736.8623   18.9724
    0.0000   30.0000   22.500013272.9463   18.9897
    7.5000   30.0000   22.500012724.2578   18.9696
   -7.5000   37.5000   22.500012502.1729   18.9838
    0.0000   37.5000   22.500013022.1230   18.9997
    7.5000   37.5000   22.500012487.8330   18.9782
   -7.5000   45.0000   22.500011715.3330   18.5505
    0.0000   45.0000   22.500012167.2412   18.5772
    7.5000   45.0000   22.500011646.0127   18.5610
   -7.5000  -45.0000   30.0000 7827.5166   19.8377
    0.0000  -45.0000   30.0000 8181.9248   19.8745
    7.5000  -45.0000   30.0000 7815.7754   19.8651
   -7.5000  -37.5000   30.0000 8644.5410   19.4669
    0.0000  -37.5000   30.0000 9038.0215   19.5145
    7.5000  -37.5000   30.0000 8634.9824   19.5160
   -7.5000  -30.0000   30.0000 9779.0537   19.3151
    0.0000  -30.0000   30.000010228.8340   19.3624
    7.5000  -30.0000   30.0000 9775.0059   19.3641
   -7.5000  -22.5000   30.000010822.9385   19.2502
    0.0000  -22.5000   30.000011365.1826   19.2830
    7.5000  -22.5000   30.000010883.6230   19.2726
   -7.5000  -15.0000   30.000011788.4561   19.2284
    0.0000  -15.0000   30.000012352.3750   19.2484
    7.5000  -15.0000   30.000011902.7754   19.2272
   -7.5000   -7.5000   30.000012737.3418   19.2314
    0.0000   -7.5000   30.000013378.7285   19.2529
    7.5000   -7.5000   30.000012904.8398   19.2335
   -7.5000    0.0000   30.000013709.1680   19.2404
    0.0000    0.0000   30.000014314.0283   19.2745
    7.5000    0.0000   30.000013838.7109   19.2663
   -7.5000    7.5000   30.000013453.0684   19.2458
    0.0000    7.5000   30.000013877.5186   19.2926
    7.5000    7.5000   30.000013489.7891   19.2949
   -7.5000   15.0000   30.000013038.8369   19.2420
    0.0000   15.0000   30.000013430.0078   19.2889
    7.5000   15.0000   30.000013088.0273   19.2910
   -7.5000   22.5000   30.000012711.4717   19.2246
    0.0000   22.5000   30.000013123.3340   19.2570
    7.5000   22.5000   30.000012740.9434   19.2469
   -7.5000   30.0000   30.000012277.2959   18.9793
    0.0000   30.0000   30.000012717.8535   18.9991
    7.5000   30.0000   30.000012311.4346   18.9781
   -7.5000   37.5000   30.000012046.4746   18.9825
    0.0000   37.5000   30.000012478.1641   19.0038
    7.5000   37.5000   30.000012055.8779   18.9846
   -7.5000   45.0000   30.000011260.1260   18.5455
    0.0000   45.0000   30.000011643.6650   18.5784
    7.5000   45.0000   30.000011215.9209   18.5705
   -7.5000  -45.0000   37.5000 7734.9390   19.8162
    0.0000  -45.0000   37.5000 8071.7412   19.8512
    7.5000  -45.0000   37.5000 7730.6880   19.8457
   -7.5000  -37.5000   37.5000 8551.0879   19.4468
    0.0000  -37.5000   37.5000 8950.8682   19.4934
    7.5000  -37.5000   37.5000 8569.4297   19.4987
   -7.5000  -30.0000   37.5000 9702.2031   19.3041
    0.0000  -30.0000   37.500010187.7646   19.3485
    7.5000  -30.0000   37.5000 9729.1738   19.3493
   -7.5000  -22.5000   37.500010761.9150   19.2490
    0.0000  -22.5000   37.500011320.4053   19.2760
    7.5000  -22.5000   37.500010830.8760   19.2584
   -7.5000  -15.0000   37.500011723.6562   19.2286
    0.0000  -15.0000   37.500012264.2793   19.2422
    7.5000  -15.0000   37.500011845.5420   19.2125
   -7.5000   -7.5000   37.500012641.4092   19.2221
    0.0000   -7.5000   37.500013233.0518   19.2392
    7.5000   -7.5000   37.500012839.7471   19.2171
   -7.5000    0.0000   37.500013540.6484   19.2206
    0.0000    0.0000   37.500014118.6826   19.2530
    7.5000    0.0000   37.500013745.8262   19.2481
   -7.5000    7.5000   37.500013400.1855   19.2257
    0.0000    7.5000   37.500013849.3184   19.2716
    7.5000    7.5000   37.500013515.8105   19.2777
   -7.5000   15.0000   37.500013091.1914   19.2309
    0.0000   15.0000   37.500013496.3486   19.2749
    7.5000   15.0000   37.500013194.0752   19.2761
   -7.5000   22.5000   37.500012767.9287   19.2233
    0.0000   22.5000   37.500013165.9365   19.2500
    7.5000   22.5000   37.500012800.7588   19.2326
   -7.5000   30.0000   37.500012351.1279   18.9795
    0.0000   30.0000   37.500012754.0117   18.9929
    7.5000   30.0000   37.500012323.6006   18.9636
   -7.5000   37.5000   37.500012056.3672   18.9733
    0.0000   37.5000   37.500012462.5918   18.9902
    7.5000   37.5000   37.500011998.1260   18.9684
   -7.5000   45.0000   37.500011224.8291   18.5265
    0.0000   45.0000   37.500011594.6758   18.5576
    7.5000   45.0000   37.500011123.8799   18.5529
   -7.5000  -45.0000   45.0000 7263.3750   19.6682
    0.0000  -45.0000   45.0000 7590.8667   19.6954
    7.5000  -45.0000   45.0000 7256.8188   19.6838
   -7.5000  -37.5000   45.0000 8013.4170   19.2986
    0.0000  -37.5000   45.0000 8399.2432   19.3400
    7.5000  -37.5000   45.0000 8059.0576   19.3376
   -7.5000  -30.0000   45.0000 9108.8701   19.1584
    0.0000  -30.0000   45.0000 9541.8604   19.1982
    7.5000  -30.0000   45.0000 9170.3057   19.1897
   -7.5000  -22.5000   45.000010151.4531   19.1105
    0.0000  -22.5000   45.000010644.6543   19.1305
    7.5000  -22.5000   45.000010234.4893   19.1036
   -7.5000  -15.0000   45.000011098.8115   19.0948
    0.0000  -15.0000   45.000011607.5146   19.0990
    7.5000  -15.0000   45.000011213.9229   19.0623
   -7.5000   -7.5000   45.000012020.3418   19.0867
    0.0000   -7.5000   45.000012587.3252   19.0945
    7.5000   -7.5000   45.000012167.9629   19.0674
   -7.5000    0.0000   45.000012855.3760   19.0799
    0.0000    0.0000   45.000013427.6357   19.1047
    7.5000    0.0000   45.000012979.3359   19.0941
   -7.5000    7.5000   45.000012704.1045   19.0797
    0.0000    7.5000   45.000013227.7246   19.1206
    7.5000    7.5000   45.000012747.5137   19.1191
   -7.5000   15.0000   45.000012418.2988   19.0858
    0.0000   15.0000   45.000012964.9121   19.1253
    7.5000   15.0000   45.000012473.3281   19.1172
   -7.5000   22.5000   45.000012063.0850   19.0849
    0.0000   22.5000   45.000012604.2422   19.1046
    7.5000   22.5000   45.000012099.5391   19.0779
   -7.5000   30.0000   45.000011634.2188   18.8458
    0.0000   30.0000   45.000012157.0537   18.8499
    7.5000   30.0000   45.000011639.0986   18.8137
   -7.5000   37.5000   45.000011367.4082   18.8380
    0.0000   37.5000   45.000011855.7080   18.8457
    7.5000   37.5000   45.000011353.8506   18.8190
   -7.5000   45.0000   45.000010586.9854   18.3992
    0.0000   45.0000   45.000010993.0322   18.4231
    7.5000   45.0000   45.000010530.2588   18.4128

---------------------------------------------------------------------
imgreg_4dfp /opt/freesurfer/average/711-2C_as_mni_average_305 /opt/freesurfer/average/711-2B_as_mni_average_305_mask talsrcimg_g11 none talsrcimg_to_711-2C_as_mni_average_305_t4 4355
---------------------------------------------------------------------

freesurfer imgreg_4dfp.c
/opt/freesurfer/average/711-2C_as_mni_average_305.4dfp.img
       256       256       256         1
  1.000000  1.000000  1.000000
orientation T byte_order littleendian
Reading image: /opt/freesurfer/average/711-2C_as_mni_average_305.4dfp.img
dimensions:      256       256       256
mmppix:       1.0000   -1.0000   -1.0000
center:     128.0000 -129.0000 -129.0000
/opt/freesurfer/average/711-2B_as_mni_average_305_mask.4dfp.img
       256       256       256         1
  1.000000  1.000000  1.000000
orientation T byte_order littleendian
Reading mask: /opt/freesurfer/average/711-2B_as_mni_average_305_mask.4dfp.img (2306576 pixels)
talsrcimg_g11.4dfp.img
       256       256       256         1
  1.000000  1.000000  1.000000
orientation T byte_order littleendian
Reading image: talsrcimg_g11.4dfp.img
dimensions:      256       256       256
mmppix:       1.0000   -1.0000   -1.0000
center:     128.0000 -129.0000 -129.0000
rotation matrix determinant  1.000000
image alignment mode   4355 decimal     1103 hex
   -7.5000  -45.0000  -45.0000 1447.6750   36.2365
    0.0000  -45.0000  -45.0000 1460.8979   35.9755
    7.5000  -45.0000  -45.0000 1444.9755   36.0181
   -7.5000  -37.5000  -45.0000 1552.6056   31.3998
    0.0000  -37.5000  -45.0000 1561.6663   31.2130
    7.5000  -37.5000  -45.0000 1554.0303   31.2805
   -7.5000  -30.0000  -45.0000 1646.9731   27.6504
    0.0000  -30.0000  -45.0000 1657.9550   27.4308
    7.5000  -30.0000  -45.0000 1651.5980   27.4345
   -7.5000  -22.5000  -45.0000 1723.2896   24.6337
    0.0000  -22.5000  -45.0000 1735.8406   24.3793
    7.5000  -22.5000  -45.0000 1734.2878   24.4391
   -7.5000  -15.0000  -45.0000 1796.0255   22.5040
    0.0000  -15.0000  -45.0000 1810.8696   22.2096
    7.5000  -15.0000  -45.0000 1809.1464   22.2990
   -7.5000   -7.5000  -45.0000 1848.7777   21.0298
    0.0000   -7.5000  -45.0000 1867.1577   20.7833
    7.5000   -7.5000  -45.0000 1860.6145   20.8086
   -7.5000    0.0000  -45.0000 1886.8419   20.0412
    0.0000    0.0000  -45.0000 1908.6302   19.7456
    7.5000    0.0000  -45.0000 1900.0992   19.8739
   -7.5000    7.5000  -45.0000 1909.4756   19.4260
    0.0000    7.5000  -45.0000 1934.1442   19.1559
    7.5000    7.5000  -45.0000 1922.5870   19.2369
   -7.5000   15.0000  -45.0000 1919.2084   19.1319
    0.0000   15.0000  -45.0000 1943.2125   18.8389
    7.5000   15.0000  -45.0000 1933.3364   18.9848
   -7.5000   22.5000  -45.0000 1902.3258   19.4409
    0.0000   22.5000  -45.0000 1928.3232   19.1335
    7.5000   22.5000  -45.0000 1921.6776   19.3120
   -7.5000   30.0000  -45.0000 1872.4718   20.2303
    0.0000   30.0000  -45.0000 1895.3821   19.8825
    7.5000   30.0000  -45.0000 1889.3544   20.0486
   -7.5000   37.5000  -45.0000 1830.5049   21.4366
    0.0000   37.5000  -45.0000 1856.6611   21.0685
    7.5000   37.5000  -45.0000 1849.5980   21.1785
   -7.5000   45.0000  -45.0000 1771.0358   23.0286
    0.0000   45.0000  -45.0000 1794.7112   22.6776
    7.5000   45.0000  -45.0000 1795.5328   22.7631
   -7.5000  -45.0000  -37.5000 1522.6329   32.5758
    0.0000  -45.0000  -37.5000 1538.6318   32.3601
    7.5000  -45.0000  -37.5000 1525.1272   32.3356
   -7.5000  -37.5000  -37.5000 1628.0625   28.2263
    0.0000  -37.5000  -37.5000 1642.3387   28.0086
    7.5000  -37.5000  -37.5000 1633.6869   28.0642
   -7.5000  -30.0000  -37.5000 1730.2891   24.7974
    0.0000  -30.0000  -37.5000 1740.2629   24.5012
    7.5000  -30.0000  -37.5000 1734.6678   24.6562
   -7.5000  -22.5000  -37.5000 1816.4760   22.1359
    0.0000  -22.5000  -37.5000 1830.6023   21.8209
    7.5000  -22.5000  -37.5000 1826.6517   21.9942
   -7.5000  -15.0000  -37.5000 1900.3633   20.2185
    0.0000  -15.0000  -37.5000 1923.0507   19.9849
    7.5000  -15.0000  -37.5000 1913.5079   20.0768
   -7.5000   -7.5000  -37.5000 1963.8741   18.8883
    0.0000   -7.5000  -37.5000 1986.3905   18.6475
    7.5000   -7.5000  -37.5000 1981.2522   18.7455
   -7.5000    0.0000  -37.5000 2000.5629   17.9944
    0.0000    0.0000  -37.5000 2022.1644   17.7579
    7.5000    0.0000  -37.5000 2014.4261   17.8307
   -7.5000    7.5000  -37.5000 2021.8083   17.4464
    0.0000    7.5000  -37.5000 2046.8538   17.1859
    7.5000    7.5000  -37.5000 2036.9718   17.2799
   -7.5000   15.0000  -37.5000 2028.7723   17.1541
    0.0000   15.0000  -37.5000 2055.0479   16.8699
    7.5000   15.0000  -37.5000 2044.3303   17.0486
   -7.5000   22.5000  -37.5000 2015.4403   17.4214
    0.0000   22.5000  -37.5000 2046.2659   17.1341
    7.5000   22.5000  -37.5000 2035.4387   17.2883
   -7.5000   30.0000  -37.5000 1979.6608   18.1660
    0.0000   30.0000  -37.5000 2004.7020   17.8222
    7.5000   30.0000  -37.5000 2001.7446   17.9691
   -7.5000   37.5000  -37.5000 1934.0282   19.2446
    0.0000   37.5000  -37.5000 1957.0844   18.8815
    7.5000   37.5000  -37.5000 1954.4973   19.0027
   -7.5000   45.0000  -37.5000 1875.2128   20.6937
    0.0000   45.0000  -37.5000 1899.8848   20.3469
    7.5000   45.0000  -37.5000 1895.2188   20.4844
   -7.5000  -45.0000  -30.0000 1615.7284   30.4548
    0.0000  -45.0000  -30.0000 1631.5751   30.1570
    7.5000  -45.0000  -30.0000 1620.4910   30.2266
   -7.5000  -37.5000  -30.0000 1733.7728   26.3899
    0.0000  -37.5000  -30.0000 1747.0310   26.0147
    7.5000  -37.5000  -30.0000 1743.9324   26.1878
   -7.5000  -30.0000  -30.0000 1852.3693   23.2544
    0.0000  -30.0000  -30.0000 1865.1505   22.9036
    7.5000  -30.0000  -30.0000 1860.7942   23.0561
   -7.5000  -22.5000  -30.0000 1950.5050   20.7883
    0.0000  -22.5000  -30.0000 1967.7633   20.5018
    7.5000  -22.5000  -30.0000 1961.2638   20.6482
   -7.5000  -15.0000  -30.0000 2043.8198   18.9607
    0.0000  -15.0000  -30.0000 2065.6421   18.7110
    7.5000  -15.0000  -30.0000 2054.3396   18.8591
   -7.5000   -7.5000  -30.0000 2112.2109   17.6941
    0.0000   -7.5000  -30.0000 2132.5825   17.4741
    7.5000   -7.5000  -30.0000 2125.3484   17.6105
   -7.5000    0.0000  -30.0000 2152.1650   16.8535
    0.0000    0.0000  -30.0000 2174.3140   16.6009
    7.5000    0.0000  -30.0000 2165.0916   16.7071
   -7.5000    7.5000  -30.0000 2169.4080   16.3169
    0.0000    7.5000  -30.0000 2194.7207   16.0859
    7.5000    7.5000  -30.0000 2187.4727   16.1559
   -7.5000   15.0000  -30.0000 2166.2148   16.1080
    0.0000   15.0000  -30.0000 2192.5334   15.8468
    7.5000   15.0000  -30.0000 2194.3970   16.0021
   -7.5000   22.5000  -30.0000 2159.5081   16.3580
    0.0000   22.5000  -30.0000 2186.2900   16.0986
    7.5000   22.5000  -30.0000 2182.3213   16.2499
   -7.5000   30.0000  -30.0000 2125.7986   17.0898
    0.0000   30.0000  -30.0000 2152.9834   16.7401
    7.5000   30.0000  -30.0000 2153.2905   16.8794
   -7.5000   37.5000  -30.0000 2076.2463   18.0429
    0.0000   37.5000  -30.0000 2104.2214   17.6895
    7.5000   37.5000  -30.0000 2101.4485   17.8147
   -7.5000   45.0000  -30.0000 2015.3049   19.3515
    0.0000   45.0000  -30.0000 2042.2803   18.9741
    7.5000   45.0000  -30.0000 2033.2178   19.1113
   -7.5000  -45.0000  -22.5000 1703.5778   28.0902
    0.0000  -45.0000  -22.5000 1716.1952   27.8868
    7.5000  -45.0000  -22.5000 1709.4520   28.1480
   -7.5000  -37.5000  -22.5000 1832.7201   24.4084
    0.0000  -37.5000  -22.5000 1842.4586   24.0908
    7.5000  -37.5000  -22.5000 1836.3937   24.3804
   -7.5000  -30.0000  -22.5000 1954.0507   21.5514
    0.0000  -30.0000  -22.5000 1971.9005   21.2659
    7.5000  -30.0000  -22.5000 1959.1251   21.4758
   -7.5000  -22.5000  -22.5000 2064.0383   19.3395
    0.0000  -22.5000  -22.5000 2087.7769   19.0855
    7.5000  -22.5000  -22.5000 2073.9673   19.2601
   -7.5000  -15.0000  -22.5000 2167.2334   17.6402
    0.0000  -15.0000  -22.5000 2189.9807   17.4174
    7.5000  -15.0000  -22.5000 2178.3752   17.5854
   -7.5000   -7.5000  -22.5000 2245.1108   16.4256
    0.0000   -7.5000  -22.5000 2265.4800   16.2292
    7.5000   -7.5000  -22.5000 2255.8384   16.3873
   -7.5000    0.0000  -22.5000 2280.4268   15.6277
    0.0000    0.0000  -22.5000 2302.9661   15.4329
    7.5000    0.0000  -22.5000 2300.2341   15.5618
   -7.5000    7.5000  -22.5000 2299.8030   15.1959
    0.0000    7.5000  -22.5000 2322.1597   14.9765
    7.5000    7.5000  -22.5000 2322.9614   15.0925
   -7.5000   15.0000  -22.5000 2299.8621   15.0483
    0.0000   15.0000  -22.5000 2325.7153   14.8305
    7.5000   15.0000  -22.5000 2323.8779   14.9541
   -7.5000   22.5000  -22.5000 2283.3472   15.2382
    0.0000   22.5000  -22.5000 2306.6133   15.0129
    7.5000   22.5000  -22.5000 2306.7068   15.1286
   -7.5000   30.0000  -22.5000 2247.1570   15.7876
    0.0000   30.0000  -22.5000 2274.9419   15.5097
    7.5000   30.0000  -22.5000 2270.1562   15.6744
   -7.5000   37.5000  -22.5000 2199.0513   16.6611
    0.0000   37.5000  -22.5000 2229.3101   16.3487
    7.5000   37.5000  -22.5000 2222.4590   16.4936
   -7.5000   45.0000  -22.5000 2130.0842   17.9144
    0.0000   45.0000  -22.5000 2159.8132   17.5647
    7.5000   45.0000  -22.5000 2151.0098   17.7343
   -7.5000  -45.0000  -15.0000 1768.9640   26.1713
    0.0000  -45.0000  -15.0000 1780.3279   25.8247
    7.5000  -45.0000  -15.0000 1775.9583   26.2226
   -7.5000  -37.5000  -15.0000 1905.8618   22.6758
    0.0000  -37.5000  -15.0000 1923.1177   22.4321
    7.5000  -37.5000  -15.0000 1910.4517   22.7225
   -7.5000  -30.0000  -15.0000 2041.6208   19.9894
    0.0000  -30.0000  -15.0000 2061.3381   19.8062
    7.5000  -30.0000  -15.0000 2045.9302   20.0346
   -7.5000  -22.5000  -15.0000 2166.1665   17.9454
    0.0000  -22.5000  -15.0000 2188.2356   17.7541
    7.5000  -22.5000  -15.0000 2174.0105   17.9662
   -7.5000  -15.0000  -15.0000 2268.9988   16.3601
    0.0000  -15.0000  -15.0000 2290.5354   16.1772
    7.5000  -15.0000  -15.0000 2278.2581   16.3491
   -7.5000   -7.5000  -15.0000 2346.0005   15.2156
    0.0000   -7.5000  -15.0000 2369.1113   15.0658
    7.5000   -7.5000  -15.0000 2356.8787   15.2118
   -7.5000    0.0000  -15.0000 2389.1272   14.4723
    0.0000    0.0000  -15.0000 2411.5276   14.3335
    7.5000    0.0000  -15.0000 2406.0449   14.4476
   -7.5000    7.5000  -15.0000 2414.8474   14.0773
    0.0000    7.5000  -15.0000 2440.6453   13.8984
    7.5000    7.5000  -15.0000 2431.6511   14.0173
   -7.5000   15.0000  -15.0000 2415.6628   13.9825
    0.0000   15.0000  -15.0000 2445.0029   13.8012
    7.5000   15.0000  -15.0000 2432.2109   13.9172
   -7.5000   22.5000  -15.0000 2395.2190   14.1653
    0.0000   22.5000  -15.0000 2423.0962   14.0012
    7.5000   22.5000  -15.0000 2417.4346   14.1039
   -7.5000   30.0000  -15.0000 2359.0259   14.6351
    0.0000   30.0000  -15.0000 2390.5068   14.4366
    7.5000   30.0000  -15.0000 2385.9692   14.5418
   -7.5000   37.5000  -15.0000 2306.0479   15.4257
    0.0000   37.5000  -15.0000 2337.5945   15.1902
    7.5000   37.5000  -15.0000 2335.1646   15.3127
   -7.5000   45.0000  -15.0000 2224.6665   16.5812
    0.0000   45.0000  -15.0000 2258.3691   16.2820
    7.5000   45.0000  -15.0000 2250.3992   16.4744
   -7.5000  -45.0000   -7.5000 1825.7406   24.2997
    0.0000  -45.0000   -7.5000 1841.3575   24.1487
    7.5000  -45.0000   -7.5000 1832.1522   24.4336
   -7.5000  -37.5000   -7.5000 1974.4962   21.1388
    0.0000  -37.5000   -7.5000 1993.5344   20.9628
    7.5000  -37.5000   -7.5000 1977.2921   21.2145
   -7.5000  -30.0000   -7.5000 2117.4873   18.7057
    0.0000  -30.0000   -7.5000 2134.4910   18.5050
    7.5000  -30.0000   -7.5000 2119.5972   18.7248
   -7.5000  -22.5000   -7.5000 2243.9529   16.7239
    0.0000  -22.5000   -7.5000 2263.6584   16.5420
    7.5000  -22.5000   -7.5000 2245.4487   16.7214
   -7.5000  -15.0000   -7.5000 2352.0818   15.2173
    0.0000  -15.0000   -7.5000 2374.9446   15.0557
    7.5000  -15.0000   -7.5000 2355.5024   15.2041
   -7.5000   -7.5000   -7.5000 2438.3538   14.1312
    0.0000   -7.5000   -7.5000 2464.0354   14.0040
    7.5000   -7.5000   -7.5000 2444.5742   14.1118
   -7.5000    0.0000   -7.5000 2478.6274   13.4318
    0.0000    0.0000   -7.5000 2508.9399   13.3164
    7.5000    0.0000   -7.5000 2495.8608   13.4025
   -7.5000    7.5000   -7.5000 2510.7166   13.0361
    0.0000    7.5000   -7.5000 2543.8489   12.8895
    7.5000    7.5000   -7.5000 2531.2874   13.0067
   -7.5000   15.0000   -7.5000 2526.4504   12.9375
    0.0000   15.0000   -7.5000 2561.6489   12.8121
    7.5000   15.0000   -7.5000 2541.9937   12.9189
   -7.5000   22.5000   -7.5000 2509.0701   13.1310
    0.0000   22.5000   -7.5000 2542.7952   13.0051
    7.5000   22.5000   -7.5000 2531.1482   13.0979
   -7.5000   30.0000   -7.5000 2470.9783   13.6026
    0.0000   30.0000   -7.5000 2504.4075   13.4327
    7.5000   30.0000   -7.5000 2494.5684   13.5058
   -7.5000   37.5000   -7.5000 2407.9609   14.3435
    0.0000   37.5000   -7.5000 2445.3254   14.1547
    7.5000   37.5000   -7.5000 2431.9602   14.2406
   -7.5000   45.0000   -7.5000 2318.7776   15.3877
    0.0000   45.0000   -7.5000 2353.4897   15.1655
    7.5000   45.0000   -7.5000 2340.4031   15.3094
   -7.5000  -45.0000    0.0000 1872.0588   23.0078
    0.0000  -45.0000    0.0000 1887.7839   22.8244
    7.5000  -45.0000    0.0000 1872.8772   23.1697
   -7.5000  -37.5000    0.0000 2026.5109   19.9805
    0.0000  -37.5000    0.0000 2045.2609   19.7972
    7.5000  -37.5000    0.0000 2027.4249   20.1150
   -7.5000  -30.0000    0.0000 2174.6282   17.5933
    0.0000  -30.0000    0.0000 2192.2390   17.4206
    7.5000  -30.0000    0.0000 2171.3086   17.6384
   -7.5000  -22.5000    0.0000 2308.3489   15.7238
    0.0000  -22.5000    0.0000 2325.3718   15.5554
    7.5000  -22.5000    0.0000 2302.5710   15.7272
   -7.5000  -15.0000    0.0000 2417.5854   14.2848
    0.0000  -15.0000    0.0000 2443.4592   14.1631
    7.5000  -15.0000    0.0000 2423.1548   14.2902
   -7.5000   -7.5000    0.0000 2505.7712   13.2672
    0.0000   -7.5000    0.0000 2536.2429   13.1291
    7.5000   -7.5000    0.0000 2522.1797   13.2330
   -7.5000    0.0000    0.0000 2561.9971   12.5643
    0.0000    0.0000    0.0000 2593.4797   12.4642
    7.5000    0.0000    0.0000 2583.3269   12.5526
   -7.5000    7.5000    0.0000 2606.9749   12.1615
    0.0000    7.5000    0.0000 2639.3149   12.0562
    7.5000    7.5000    0.0000 2625.5305   12.1551
   -7.5000   15.0000    0.0000 2629.8833   12.0482
    0.0000   15.0000    0.0000 2664.1990   11.9580
    7.5000   15.0000    0.0000 2647.0867   12.0621
   -7.5000   22.5000    0.0000 2616.1682   12.2732
    0.0000   22.5000    0.0000 2653.4653   12.1781
    7.5000   22.5000    0.0000 2633.9941   12.2379
   -7.5000   30.0000    0.0000 2574.6326   12.7297
    0.0000   30.0000    0.0000 2609.4192   12.6169
    7.5000   30.0000    0.0000 2590.6489   12.6438
   -7.5000   37.5000    0.0000 2500.5503   13.4420
    0.0000   37.5000    0.0000 2540.7507   13.2950
    7.5000   37.5000    0.0000 2523.0393   13.3676
   -7.5000   45.0000    0.0000 2407.7595   14.3920
    0.0000   45.0000    0.0000 2441.9031   14.2266
    7.5000   45.0000    0.0000 2427.1707   14.3371
   -7.5000  -45.0000    7.5000 1910.6708   22.0682
    0.0000  -45.0000    7.5000 1924.6949   21.9157
    7.5000  -45.0000    7.5000 1911.3833   22.2973
   -7.5000  -37.5000    7.5000 2072.5696   19.1222
    0.0000  -37.5000    7.5000 2084.6240   18.9523
    7.5000  -37.5000    7.5000 2067.6499   19.2726
   -7.5000  -30.0000    7.5000 2219.3069   16.7881
    0.0000  -30.0000    7.5000 2231.8467   16.6251
    7.5000  -30.0000    7.5000 2213.0388   16.8808
   -7.5000  -22.5000    7.5000 2353.9705   14.9675
    0.0000  -22.5000    7.5000 2371.6968   14.8139
    7.5000  -22.5000    7.5000 2350.7617   15.0210
   -7.5000  -15.0000    7.5000 2468.1802   13.5550
    0.0000  -15.0000    7.5000 2493.6956   13.4478
    7.5000  -15.0000    7.5000 2474.6804   13.5844
   -7.5000   -7.5000    7.5000 2569.3157   12.5688
    0.0000   -7.5000    7.5000 2599.5642   12.4493
    7.5000   -7.5000    7.5000 2585.8347   12.5862
   -7.5000    0.0000    7.5000 2641.7568   11.8850
    0.0000    0.0000    7.5000 2676.9817   11.7882
    7.5000    0.0000    7.5000 2665.4783   11.9092
   -7.5000    7.5000    7.5000 2695.6282   11.4745
    0.0000    7.5000    7.5000 2731.3240   11.3900
    7.5000    7.5000    7.5000 2715.4207   11.5000
   -7.5000   15.0000    7.5000 2725.2556   11.3755
    0.0000   15.0000    7.5000 2763.4260   11.2924
    7.5000   15.0000    7.5000 2741.4006   11.4048
   -7.5000   22.5000    7.5000 2713.9612   11.5766
    0.0000   22.5000    7.5000 2757.1638   11.5082
    7.5000   22.5000    7.5000 2730.4653   11.5640
   -7.5000   30.0000    7.5000 2667.5959   12.0139
    0.0000   30.0000    7.5000 2708.7524   11.9478
    7.5000   30.0000    7.5000 2681.8394   11.9744
   -7.5000   37.5000    7.5000 2587.5222   12.7123
    0.0000   37.5000    7.5000 2625.9641   12.5903
    7.5000   37.5000    7.5000 2604.5747   12.6651
   -7.5000   45.0000    7.5000 2479.2200   13.6331
    0.0000   45.0000    7.5000 2513.5696   13.5006
    7.5000   45.0000    7.5000 2495.8125   13.6087
   -7.5000  -45.0000   15.0000 1945.9874   21.4678
    0.0000  -45.0000   15.0000 1957.0911   21.3248
    7.5000  -45.0000   15.0000 1942.2725   21.7904
   -7.5000  -37.5000   15.0000 2103.0344   18.5100
    0.0000  -37.5000   15.0000 2115.9792   18.3800
    7.5000  -37.5000   15.0000 2095.6516   18.7283
   -7.5000  -30.0000   15.0000 2244.3328   16.2014
    0.0000  -30.0000   15.0000 2259.5671   16.0968
    7.5000  -30.0000   15.0000 2241.0496   16.3629
   -7.5000  -22.5000   15.0000 2376.0176   14.3919
    0.0000  -22.5000   15.0000 2396.4934   14.2772
    7.5000  -22.5000   15.0000 2373.6162   14.4956
   -7.5000  -15.0000   15.0000 2497.3872   13.0180
    0.0000  -15.0000   15.0000 2521.1060   12.9010
    7.5000  -15.0000   15.0000 2501.9656   13.1292
   -7.5000   -7.5000   15.0000 2614.1008   12.0321
    0.0000   -7.5000   15.0000 2643.3718   11.9239
    7.5000   -7.5000   15.0000 2626.5420   12.1218
   -7.5000    0.0000   15.0000 2705.8613   11.4016
    0.0000    0.0000   15.0000 2746.4846   11.2749
    7.5000    0.0000   15.0000 2725.2212   11.4478
   -7.5000    7.5000   15.0000 2774.4309   10.9988
    0.0000    7.5000   15.0000 2818.3835   10.8936
    7.5000    7.5000   15.0000 2793.3884   11.0300
   -7.5000   15.0000   15.0000 2812.0383   10.8907
    0.0000   15.0000   15.0000 2857.1797   10.8172
    7.5000   15.0000   15.0000 2825.2500   10.9136
   -7.5000   22.5000   15.0000 2804.4441   11.0614
    0.0000   22.5000   15.0000 2854.5649   11.0069
    7.5000   22.5000   15.0000 2815.2903   11.0821
   -7.5000   30.0000   15.0000 2743.2109   11.4861
    0.0000   30.0000   15.0000 2784.9265   11.4161
    7.5000   30.0000   15.0000 2756.5161   11.5015
   -7.5000   37.5000   15.0000 2652.5247   12.1489
    0.0000   37.5000   15.0000 2690.8579   12.0509
    7.5000   37.5000   15.0000 2670.6895   12.1310
   -7.5000   45.0000   15.0000 2534.3811   13.0704
    0.0000   45.0000   15.0000 2570.3801   12.9565
    7.5000   45.0000   15.0000 2549.9336   13.0431
   -7.5000  -45.0000   22.5000 1966.8834   21.0730
    0.0000  -45.0000   22.5000 1978.3593   20.9618
    7.5000  -45.0000   22.5000 1965.4729   21.3954
   -7.5000  -37.5000   22.5000 2120.7849   18.1384
    0.0000  -37.5000   22.5000 2132.8398   18.0496
    7.5000  -37.5000   22.5000 2111.8157   18.3765
   -7.5000  -30.0000   22.5000 2256.7400   15.8010
    0.0000  -30.0000   22.5000 2274.0278   15.7272
    7.5000  -30.0000   22.5000 2251.8953   16.0314
   -7.5000  -22.5000   22.5000 2387.8738   14.0247
    0.0000  -22.5000   22.5000 2408.6077   13.9377
    7.5000  -22.5000   22.5000 2388.2151   14.2112
   -7.5000  -15.0000   22.5000 2512.1853   12.6937
    0.0000  -15.0000   22.5000 2539.3704   12.5918
    7.5000  -15.0000   22.5000 2518.8274   12.8585
   -7.5000   -7.5000   22.5000 2639.1978   11.7407
    0.0000   -7.5000   22.5000 2670.7534   11.5957
    7.5000   -7.5000   22.5000 2648.2954   11.8457
   -7.5000    0.0000   22.5000 2747.5256   11.1167
    0.0000    0.0000   22.5000 2792.5205   10.9726
    7.5000    0.0000   22.5000 2763.4285   11.1873
   -7.5000    7.5000   22.5000 2833.7981   10.7122
    0.0000    7.5000   22.5000 2887.8694   10.5402
    7.5000    7.5000   22.5000 2848.5662   10.7552
   -7.5000   15.0000   22.5000 2881.0579   10.5364
    0.0000   15.0000   22.5000 2936.3967   10.3886
    7.5000   15.0000   22.5000 2891.8796   10.5852
   -7.5000   22.5000   22.5000 2872.4502   10.7005
    0.0000   22.5000   22.5000 2919.7998   10.5702
    7.5000   22.5000   22.5000 2884.9138   10.7362
   -7.5000   30.0000   22.5000 2796.5754   11.1592
    0.0000   30.0000   22.5000 2838.4170   11.0655
    7.5000   30.0000   22.5000 2812.7871   11.1816
   -7.5000   37.5000   22.5000 2692.1033   11.7866
    0.0000   37.5000   22.5000 2729.8308   11.6755
    7.5000   37.5000   22.5000 2715.2578   11.7821
   -7.5000   45.0000   22.5000 2567.0383   12.7077
    0.0000   45.0000   22.5000 2600.6409   12.5760
    7.5000   45.0000   22.5000 2584.4290   12.6989
   -7.5000  -45.0000   30.0000 1968.4893   21.0099
    0.0000  -45.0000   30.0000 1982.4948   20.9496
    7.5000  -45.0000   30.0000 1958.9827   21.3642
   -7.5000  -37.5000   30.0000 2125.3167   18.0347
    0.0000  -37.5000   30.0000 2140.0476   17.9683
    7.5000  -37.5000   30.0000 2111.0715   18.3326
   -7.5000  -30.0000   30.0000 2262.6191   15.7034
    0.0000  -30.0000   30.0000 2277.2588   15.5841
    7.5000  -30.0000   30.0000 2255.0435   15.9365
   -7.5000  -22.5000   30.0000 2387.2175   13.9254
    0.0000  -22.5000   30.0000 2409.7878   13.8245
    7.5000  -22.5000   30.0000 2388.3208   14.1069
   -7.5000  -15.0000   30.0000 2513.8069   12.5994
    0.0000  -15.0000   30.0000 2538.9402   12.4719
    7.5000  -15.0000   30.0000 2518.3723   12.7528
   -7.5000   -7.5000   30.0000 2637.9229   11.6485
    0.0000   -7.5000   30.0000 2672.1572   11.4761
    7.5000   -7.5000   30.0000 2647.5354   11.7626
   -7.5000    0.0000   30.0000 2754.1912   11.0602
    0.0000    0.0000   30.0000 2798.4878   10.8667
    7.5000    0.0000   30.0000 2768.3379   11.1265
   -7.5000    7.5000   30.0000 2854.6658   10.6432
    0.0000    7.5000   30.0000 2910.6575   10.3966
    7.5000    7.5000   30.0000 2867.0510   10.6932
   -7.5000   15.0000   30.0000 2908.1675   10.4440
    0.0000   15.0000   30.0000 2955.4829   10.1954
    7.5000   15.0000   30.0000 2918.8162   10.4882
   -7.5000   22.5000   30.0000 2906.0146   10.6049
    0.0000   22.5000   30.0000 2947.7549   10.4223
    7.5000   22.5000   30.0000 2914.1733   10.6346
   -7.5000   30.0000   30.0000 2814.7085   11.1086
    0.0000   30.0000   30.0000 2856.4207   10.9537
    7.5000   30.0000   30.0000 2835.7661   11.0918
   -7.5000   37.5000   30.0000 2700.6580   11.7418
    0.0000   37.5000   30.0000 2738.8354   11.5748
    7.5000   37.5000   30.0000 2723.4868   11.7020
   -7.5000   45.0000   30.0000 2568.4895   12.6032
    0.0000   45.0000   30.0000 2602.0198   12.4286
    7.5000   45.0000   30.0000 2589.8850   12.5523
   -7.5000  -45.0000   37.5000 1951.2725   21.2936
    0.0000  -45.0000   37.5000 1961.9034   21.1998
    7.5000  -45.0000   37.5000 1943.7736   21.6712
   -7.5000  -37.5000   37.5000 2110.6387   18.2038
    0.0000  -37.5000   37.5000 2119.9260   18.1329
    7.5000  -37.5000   37.5000 2097.7024   18.5541
   -7.5000  -30.0000   37.5000 2250.1011   15.8894
    0.0000  -30.0000   37.5000 2268.2500   15.8078
    7.5000  -30.0000   37.5000 2240.3040   16.1390
   -7.5000  -22.5000   37.5000 2377.9077   14.0839
    0.0000  -22.5000   37.5000 2403.2107   13.9959
    7.5000  -22.5000   37.5000 2373.1414   14.2862
   -7.5000  -15.0000   37.5000 2503.9399   12.7192
    0.0000  -15.0000   37.5000 2527.4875   12.5785
    7.5000  -15.0000   37.5000 2500.3870   12.8684
   -7.5000   -7.5000   37.5000 2629.3174   11.7645
    0.0000   -7.5000   37.5000 2658.3179   11.5724
    7.5000   -7.5000   37.5000 2633.5586   11.8975
   -7.5000    0.0000   37.5000 2737.4988   11.1460
    0.0000    0.0000   37.5000 2775.5349   10.9574
    7.5000    0.0000   37.5000 2750.6011   11.2554
   -7.5000    7.5000   37.5000 2829.6335   10.7943
    0.0000    7.5000   37.5000 2876.8271   10.5238
    7.5000    7.5000   37.5000 2847.9563   10.8626
   -7.5000   15.0000   37.5000 2879.0085   10.6726
    0.0000   15.0000   37.5000 2921.6145   10.4214
    7.5000   15.0000   37.5000 2899.8870   10.6976
   -7.5000   22.5000   37.5000 2881.2295   10.8107
    0.0000   22.5000   37.5000 2918.3669   10.6017
    7.5000   22.5000   37.5000 2893.7986   10.8064
   -7.5000   30.0000   37.5000 2803.0667   11.2310
    0.0000   30.0000   37.5000 2840.5647   11.0485
    7.5000   30.0000   37.5000 2815.4570   11.1877
   -7.5000   37.5000   37.5000 2682.4153   11.8405
    0.0000   37.5000   37.5000 2717.2026   11.6559
    7.5000   37.5000   37.5000 2698.5198   11.7741
   -7.5000   45.0000   37.5000 2553.2539   12.6801
    0.0000   45.0000   37.5000 2586.5225   12.4939
    7.5000   45.0000   37.5000 2571.5986   12.5944
   -7.5000  -45.0000   45.0000 1914.6234   21.8641
    0.0000  -45.0000   45.0000 1921.5206   21.8202
    7.5000  -45.0000   45.0000 1905.7750   22.3591
   -7.5000  -37.5000   45.0000 2072.7019   18.6657
    0.0000  -37.5000   45.0000 2085.7449   18.6105
    7.5000  -37.5000   45.0000 2061.9158   19.0795
   -7.5000  -30.0000   45.0000 2224.2131   16.2700
    0.0000  -30.0000   45.0000 2240.8718   16.1795
    7.5000  -30.0000   45.0000 2213.4319   16.5668
   -7.5000  -22.5000   45.0000 2361.6125   14.4418
    0.0000  -22.5000   45.0000 2381.3892   14.3011
    7.5000  -22.5000   45.0000 2349.7949   14.6379
   -7.5000  -15.0000   45.0000 2483.5430   13.0966
    0.0000  -15.0000   45.0000 2504.5796   12.9285
    7.5000  -15.0000   45.0000 2478.2954   13.2696
   -7.5000   -7.5000   45.0000 2603.5012   12.2035
    0.0000   -7.5000   45.0000 2628.6851   12.0113
    7.5000   -7.5000   45.0000 2602.0762   12.2976
   -7.5000    0.0000   45.0000 2704.2622   11.5810
    0.0000    0.0000   45.0000 2734.5408   11.3984
    7.5000    0.0000   45.0000 2705.7729   11.6484
   -7.5000    7.5000   45.0000 2783.6230   11.1645
    0.0000    7.5000   45.0000 2819.0356   10.9748
    7.5000    7.5000   45.0000 2786.8967   11.2068
   -7.5000   15.0000   45.0000 2817.0664   11.0223
    0.0000   15.0000   45.0000 2853.7229   10.8881
    7.5000   15.0000   45.0000 2832.1016   11.0375
   -7.5000   22.5000   45.0000 2805.0334   11.1690
    0.0000   22.5000   45.0000 2841.3623   11.0336
    7.5000   22.5000   45.0000 2821.6001   11.1379
   -7.5000   30.0000   45.0000 2738.1240   11.5403
    0.0000   30.0000   45.0000 2773.7014   11.4183
    7.5000   30.0000   45.0000 2754.0227   11.5032
   -7.5000   37.5000   45.0000 2635.5061   12.1264
    0.0000   37.5000   45.0000 2665.3557   11.9861
    7.5000   37.5000   45.0000 2647.6753   12.0762
   -7.5000   45.0000   45.0000 2517.0896   12.9450
    0.0000   45.0000   45.0000 2546.0544   12.7574
    7.5000   45.0000   45.0000 2529.5962   12.8619

---------------------------------------------------------------------
imgreg_4dfp /opt/freesurfer/average/711-2C_as_mni_average_305 /opt/freesurfer/average/711-2B_as_mni_average_305_mask talsrcimg_g11 none talsrcimg_to_711-2C_as_mni_average_305_t4 1283
---------------------------------------------------------------------

freesurfer imgreg_4dfp.c
/opt/freesurfer/average/711-2C_as_mni_average_305.4dfp.img
       256       256       256         1
  1.000000  1.000000  1.000000
orientation T byte_order littleendian
Reading image: /opt/freesurfer/average/711-2C_as_mni_average_305.4dfp.img
dimensions:      256       256       256
mmppix:       1.0000   -1.0000   -1.0000
center:     128.0000 -129.0000 -129.0000
/opt/freesurfer/average/711-2B_as_mni_average_305_mask.4dfp.img
       256       256       256         1
  1.000000  1.000000  1.000000
orientation T byte_order littleendian
Reading mask: /opt/freesurfer/average/711-2B_as_mni_average_305_mask.4dfp.img (2306576 pixels)
talsrcimg_g11.4dfp.img
       256       256       256         1
  1.000000  1.000000  1.000000
orientation T byte_order littleendian
Reading image: talsrcimg_g11.4dfp.img
dimensions:      256       256       256
mmppix:       1.0000   -1.0000   -1.0000
center:     128.0000 -129.0000 -129.0000
rotation matrix determinant  1.000000
fimgreg.f
image alignment mode   1283 decimal      503 hex
parameters
    0.0000   15.0000   30.0000    0.0000    0.0000    0.0000
eta,q 0.92892 10.12204
niter,ni,del,rscale     5    3   12.0000    1.2000
parameter  3  1.052496 ->  0.500000 qaram    1.1500
parameter  6  0.554012 ->  0.500000 qaram    1.1500
parameters
    1.5181   16.5865   26.5500    0.2226    0.2823   -3.4500
eta,q 0.93090 10.13681
  0.0834  0.0852  0.0716  0.0751  0.0739  0.0700
  0.0779  0.0801  0.0703  0.0734  0.0720  0.0692
  0.0755  0.0760  0.0706  0.0714  0.0705  0.0691
  0.0744  0.0735  0.0725  0.0699  0.0699  0.0701
  0.0739  0.0729  0.0756  0.0706  0.0705  0.0721
  0.0746  0.0744  0.0770  0.0723  0.0715  0.0745
  0.0768  0.0773  0.0775  0.0750  0.0732  0.0770
niter,ni,del,rscale     6    3   12.0000    1.2000
parameters
    0.5119   16.3964   27.6577    0.9662    1.6402   -3.5534
eta,q 0.93062 10.13153
  0.0748  0.0772  0.0842  0.0757  0.0741  0.0742
  0.0715  0.0734  0.0753  0.0740  0.0718  0.0715
  0.0695  0.0700  0.0695  0.0705  0.0705  0.0698
  0.0691  0.0689  0.0689  0.0694  0.0697  0.0694
  0.0712  0.0706  0.0704  0.0704  0.0693  0.0697
  0.0748  0.0737  0.0730  0.0715  0.0700  0.0717
  0.0813  0.0785  0.0748  0.0736  0.0714  0.0746
niter,ni,del,rscale     5    3   12.0000    1.2000
parameters
   -0.2047   16.2395   27.8387    0.9640    2.4630   -3.4758
eta,q 0.93080 10.13155
  0.0749  0.0770  0.0798  0.0750  0.0735  0.0748
  0.0716  0.0736  0.0720  0.0726  0.0718  0.0720
  0.0699  0.0704  0.0687  0.0697  0.0704  0.0699
  0.0694  0.0693  0.0693  0.0694  0.0694  0.0692
  0.0711  0.0704  0.0711  0.0706  0.0693  0.0695
  0.0736  0.0733  0.0739  0.0723  0.0704  0.0716
  0.0783  0.0786  0.0763  0.0749  0.0720  0.0748
niter,ni,del,rscale     4    3   12.0000    1.2000
parameters
   -0.5119   16.3125   27.7470    0.7920    2.7785   -3.5109
eta,q 0.93091 10.13090
  0.0757  0.0773  0.0788  0.0746  0.0731  0.0746
  0.0718  0.0740  0.0713  0.0723  0.0714  0.0719
  0.0702  0.0707  0.0685  0.0694  0.0700  0.0698
  0.0692  0.0692  0.0692  0.0692  0.0691  0.0691
  0.0706  0.0701  0.0712  0.0705  0.0694  0.0695
  0.0733  0.0726  0.0741  0.0725  0.0705  0.0717
  0.0768  0.0777  0.0768  0.0751  0.0727  0.0750
niter,ni,del,rscale     3    3   12.0000    1.2000
parameters
   -0.6080   16.4365   27.6781    0.6435    2.8877   -3.5651
eta,q 0.93098 10.13190
  0.0763  0.0772  0.0788  0.0745  0.0729  0.0745
  0.0719  0.0740  0.0714  0.0723  0.0712  0.0718
  0.0702  0.0706  0.0683  0.0694  0.0697  0.0698
  0.0691  0.0691  0.0691  0.0691  0.0690  0.0690
  0.0703  0.0700  0.0711  0.0704  0.0694  0.0695
  0.0730  0.0724  0.0739  0.0723  0.0706  0.0717
  0.0762  0.0774  0.0768  0.0750  0.0730  0.0750
niter,ni,del,rscale     2    3   12.0000    1.2000
parameters
   -0.6443   16.5392   27.6270    0.5450    2.9345   -3.6135
eta,q 0.93103 10.13277
  0.0765  0.0771  0.0789  0.0745  0.0729  0.0745
  0.0719  0.0738  0.0713  0.0723  0.0711  0.0718
  0.0702  0.0705  0.0682  0.0694  0.0696  0.0697
  0.0690  0.0690  0.0690  0.0690  0.0690  0.0690
  0.0701  0.0699  0.0710  0.0702  0.0694  0.0694
  0.0729  0.0724  0.0738  0.0721  0.0706  0.0717
  0.0761  0.0774  0.0767  0.0749  0.0731  0.0749
niter,ni,del,rscale     1    3   12.0000    1.2000
parameters
   -0.6628   16.6062   27.5979    0.4867    2.9613   -3.6460
eta,q 0.93105 10.13322
  0.0765  0.0770  0.0789  0.0746  0.0729  0.0745
  0.0719  0.0737  0.0714  0.0723  0.0710  0.0718
  0.0702  0.0704  0.0681  0.0694  0.0696  0.0697
  0.0690  0.0690  0.0690  0.0690  0.0689  0.0689
  0.0701  0.0699  0.0710  0.0701  0.0694  0.0694
  0.0729  0.0724  0.0737  0.0720  0.0706  0.0716
  0.0760  0.0775  0.0767  0.0749  0.0731  0.0749
registration optimization eta report
parameter search radius
    6.0000    6.0000    6.9000    6.0000    6.0000    6.9000
100000*second partial in parameter space
       20.       23.       19.       16.       11.       12.
  0.0765  0.0770  0.0789  0.0746  0.0729  0.0745
  0.0719  0.0737  0.0714  0.0723  0.0710  0.0718
  0.0702  0.0704  0.0681  0.0694  0.0696  0.0697
  0.0690  0.0690  0.0690  0.0690  0.0689  0.0689
  0.0701  0.0699  0.0710  0.0701  0.0694  0.0694
  0.0729  0.0724  0.0737  0.0720  0.0706  0.0716
  0.0760  0.0775  0.0767  0.0749  0.0731  0.0749
   -0.6628   16.6062   27.5979    0.4867    2.9613   -3.6460
eta,q 0.93105 10.13322

---------------------------------------------------------------------
imgreg_4dfp /opt/freesurfer/average/711-2C_as_mni_average_305 /opt/freesurfer/average/711-2B_as_mni_average_305_mask talsrcimg_g11 none talsrcimg_to_711-2C_as_mni_average_305_t4 3335
---------------------------------------------------------------------

freesurfer imgreg_4dfp.c
/opt/freesurfer/average/711-2C_as_mni_average_305.4dfp.img
       256       256       256         1
  1.000000  1.000000  1.000000
orientation T byte_order littleendian
Reading image: /opt/freesurfer/average/711-2C_as_mni_average_305.4dfp.img
dimensions:      256       256       256
mmppix:       1.0000   -1.0000   -1.0000
center:     128.0000 -129.0000 -129.0000
/opt/freesurfer/average/711-2B_as_mni_average_305_mask.4dfp.img
       256       256       256         1
  1.000000  1.000000  1.000000
orientation T byte_order littleendian
Reading mask: /opt/freesurfer/average/711-2B_as_mni_average_305_mask.4dfp.img (2306576 pixels)
talsrcimg_g11.4dfp.img
       256       256       256         1
  1.000000  1.000000  1.000000
orientation T byte_order littleendian
Reading image: talsrcimg_g11.4dfp.img
dimensions:      256       256       256
mmppix:       1.0000   -1.0000   -1.0000
center:     128.0000 -129.0000 -129.0000
fimgreg.f
image alignment mode   3335 decimal      D07 hex
parameters
   -0.6628   16.6062   27.5979   -0.3357   -0.2032   -0.1371
    6.3152   -5.2095   -6.3508   -0.5191    5.1661    0.8482
eta,q 0.93255 10.15396
niter,ni,del,rscale     5    3    5.0000    1.2000
parameter  4  4.044729 ->  0.500000 qaram    1.1500
parameter  5  4.159110 ->  0.500000 qaram    1.1500
parameter  6  3.548854 ->  0.500000 qaram    1.1500
parameter 11  1.034838 ->  0.500000 qaram    1.1500
parameter 12  0.748756 ->  0.500000 qaram    1.1500
parameters
   -0.5531   17.0880   28.7890   -4.4757   -4.3432   -4.2771
    4.8418   -4.2718   -5.1246    0.4772    1.0261   -3.2918
eta,q 0.95232  9.44253
  0.0693  0.0691  0.0695  0.0575  0.0518  0.0444  0.0499  0.0516  0.0504  0.0510  0.0479  0.0477
  0.0684  0.0682  0.0685  0.0604  0.0547  0.0478  0.0491  0.0501  0.0495  0.0498  0.0480  0.0477
  0.0678  0.0677  0.0678  0.0638  0.0579  0.0517  0.0488  0.0492  0.0489  0.0490  0.0482  0.0478
  0.0675  0.0674  0.0674  0.0672  0.0613  0.0555  0.0489  0.0488  0.0487  0.0487  0.0486  0.0481
  0.0675  0.0674  0.0672  0.0710  0.0649  0.0598  0.0493  0.0487  0.0487  0.0488  0.0492  0.0484
  0.0681  0.0677  0.0672  0.0753  0.0690  0.0646  0.0501  0.0493  0.0490  0.0492  0.0500  0.0489
  0.0691  0.0681  0.0674  0.0796  0.0734  0.0703  0.0512  0.0504  0.0495  0.0499  0.0508  0.0496
niter,ni,del,rscale     7    3    5.0000    1.2000
parameter  4  1.705678 ->  0.500000 qaram    1.3225
parameter  5  3.239921 ->  0.500000 qaram    1.3225
parameter  6  1.062340 ->  0.500000 qaram    1.3225
parameters
   -0.0118   17.9764   28.4348   -9.2367   -9.1042   -9.0381
    6.4861   -2.7874   -4.3100    1.8627    2.0717   -4.1047
eta,q 0.96968  9.05847
  0.0509  0.0499  0.0483  0.0400  0.0328  0.0309  0.0350  0.0377  0.0330  0.0350  0.0332  0.0319
  0.0493  0.0488  0.0478  0.0412  0.0354  0.0310  0.0332  0.0350  0.0318  0.0329  0.0319  0.0309
  0.0483  0.0480  0.0474  0.0436  0.0383  0.0326  0.0319  0.0327  0.0310  0.0314  0.0310  0.0304
  0.0477  0.0476  0.0474  0.0474  0.0418  0.0362  0.0312  0.0311  0.0306  0.0306  0.0304  0.0304
  0.0476  0.0474  0.0477  0.0516  0.0457  0.0412  0.0311  0.0306  0.0306  0.0305  0.0304  0.0307
  0.0480  0.0475  0.0483  0.0558  0.0497  0.0463  0.0316  0.0318  0.0312  0.0312  0.0310  0.0315
  0.0489  0.0479  0.0491  0.0610  0.0542  0.0519  0.0327  0.0342  0.0322  0.0326  0.0322  0.0326
niter,ni,del,rscale     7    3    5.0000    1.2000
parameter  2 -0.536079 -> -0.500000 qaram    1.1500
parameter  5  0.915718 ->  0.500000 qaram    1.5209
parameters
   -0.4747   19.3564   28.1068  -13.5421  -14.5793  -11.8290
    7.3842   -3.4232   -5.2604    4.7970    3.0287   -3.6320
eta,q 0.97535  8.70242
  0.0327  0.0346  0.0313  0.0304  0.0250  0.0276  0.0291  0.0294  0.0271  0.0306  0.0265  0.0264
  0.0310  0.0327  0.0302  0.0289  0.0246  0.0264  0.0274  0.0270  0.0260  0.0283  0.0256  0.0255
  0.0302  0.0312  0.0296  0.0282  0.0259  0.0256  0.0261  0.0256  0.0254  0.0266  0.0250  0.0249
  0.0303  0.0302  0.0295  0.0295  0.0283  0.0248  0.0255  0.0255  0.0254  0.0254  0.0247  0.0247
  0.0313  0.0296  0.0301  0.0327  0.0313  0.0264  0.0256  0.0263  0.0259  0.0247  0.0247  0.0247
  0.0330  0.0296  0.0311  0.0374  0.0352  0.0317  0.0264  0.0282  0.0268  0.0249  0.0251  0.0252
  0.0355  0.0300  0.0326  0.0428  0.0396  0.0379  0.0277  0.0310  0.0282  0.0260  0.0258  0.0261
niter,ni,del,rscale     7    3    5.0000    1.2000
parameters
   -0.5047   19.9096   27.3381  -12.9209  -17.7249  -13.1319
    7.8195   -3.4684   -5.5305    5.5713    3.4223   -3.4126
eta,q 0.97579  8.54141
  0.0280  0.0300  0.0251  0.0294  0.0268  0.0274  0.0274  0.0288  0.0262  0.0276  0.0258  0.0258
  0.0261  0.0275  0.0245  0.0275  0.0252  0.0258  0.0258  0.0264  0.0251  0.0260  0.0250  0.0250
  0.0250  0.0256  0.0244  0.0258  0.0240  0.0248  0.0247  0.0248  0.0244  0.0249  0.0244  0.0244
  0.0246  0.0246  0.0245  0.0244  0.0242  0.0239  0.0243  0.0243  0.0243  0.0243  0.0242  0.0242
  0.0251  0.0246  0.0250  0.0240  0.0263  0.0239  0.0245  0.0248  0.0246  0.0244  0.0243  0.0244
  0.0262  0.0254  0.0258  0.0257  0.0294  0.0269  0.0254  0.0264  0.0254  0.0251  0.0247  0.0249
  0.0281  0.0270  0.0270  0.0292  0.0335  0.0320  0.0267  0.0290  0.0265  0.0265  0.0255  0.0257
niter,ni,del,rscale     6    3    5.0000    1.2000
parameters
   -0.4092   20.3545   27.2287  -12.4089  -18.3699  -13.5872
    7.7807   -3.4066   -5.6509    6.1530    3.4269   -3.5943
eta,q 0.97586  8.51361
  0.0278  0.0288  0.0253  0.0287  0.0285  0.0278  0.0269  0.0288  0.0261  0.0272  0.0256  0.0256
  0.0259  0.0265  0.0246  0.0270  0.0264  0.0261  0.0254  0.0264  0.0250  0.0257  0.0248  0.0248
  0.0247  0.0250  0.0242  0.0255  0.0249  0.0249  0.0245  0.0248  0.0243  0.0246  0.0243  0.0243
  0.0242  0.0242  0.0241  0.0241  0.0239  0.0240  0.0242  0.0242  0.0242  0.0241  0.0241  0.0241
  0.0245  0.0242  0.0243  0.0237  0.0246  0.0235  0.0245  0.0246  0.0244  0.0243  0.0243  0.0243
  0.0255  0.0250  0.0248  0.0254  0.0270  0.0254  0.0255  0.0262  0.0252  0.0251  0.0248  0.0249
  0.0273  0.0265  0.0256  0.0288  0.0301  0.0302  0.0269  0.0288  0.0262  0.0264  0.0256  0.0257
niter,ni,del,rscale     5    3    5.0000    1.2000
parameters
   -0.3741   20.5504   27.1006  -12.3483  -18.5680  -13.7689
    7.8126   -3.3559   -5.6245    6.5168    3.4038   -3.7740
eta,q 0.97582  8.49996
  0.0276  0.0279  0.0253  0.0284  0.0288  0.0279  0.0270  0.0288  0.0262  0.0270  0.0256  0.0256
  0.0257  0.0259  0.0246  0.0268  0.0267  0.0262  0.0255  0.0264  0.0251  0.0255  0.0248  0.0249
  0.0246  0.0247  0.0242  0.0254  0.0252  0.0250  0.0245  0.0248  0.0244  0.0245  0.0244  0.0243
  0.0241  0.0241  0.0241  0.0241  0.0241  0.0241  0.0242  0.0242  0.0242  0.0242  0.0242  0.0242
  0.0245  0.0244  0.0243  0.0240  0.0244  0.0235  0.0245  0.0246  0.0244  0.0244  0.0243  0.0244
  0.0256  0.0253  0.0248  0.0258  0.0267  0.0251  0.0255  0.0263  0.0251  0.0252  0.0248  0.0249
  0.0274  0.0269  0.0256  0.0294  0.0297  0.0298  0.0269  0.0288  0.0261  0.0264  0.0257  0.0258
niter,ni,del,rscale     4    3    5.0000    1.2000
parameters
   -0.3576   20.6568   26.9981  -12.3531  -18.6721  -13.8893
    7.8228   -3.3232   -5.5772    6.7428    3.3909   -3.8897
eta,q 0.97578  8.49020
  0.0276  0.0276  0.0254  0.0284  0.0289  0.0280  0.0270  0.0288  0.0262  0.0268  0.0256  0.0257
  0.0257  0.0258  0.0247  0.0268  0.0268  0.0263  0.0255  0.0264  0.0251  0.0254  0.0249  0.0249
  0.0246  0.0246  0.0243  0.0254  0.0253  0.0251  0.0246  0.0248  0.0244  0.0245  0.0244  0.0244
  0.0242  0.0242  0.0242  0.0242  0.0242  0.0242  0.0242  0.0242  0.0242  0.0242  0.0242  0.0242
  0.0245  0.0245  0.0243  0.0241  0.0244  0.0236  0.0246  0.0247  0.0245  0.0245  0.0244  0.0244
  0.0257  0.0255  0.0248  0.0259  0.0266  0.0251  0.0255  0.0263  0.0251  0.0253  0.0248  0.0250
  0.0275  0.0271  0.0256  0.0295  0.0296  0.0296  0.0269  0.0288  0.0261  0.0265  0.0257  0.0258
niter,ni,del,rscale     3    3    5.0000    1.2000
parameters
   -0.3444   20.7263   26.9228  -12.3664  -18.7417  -13.9753
    7.8266   -3.3010   -5.5425    6.8984    3.3740   -3.9705
eta,q 0.97574  8.48310
  0.0276  0.0275  0.0254  0.0284  0.0289  0.0280  0.0270  0.0288  0.0262  0.0268  0.0256  0.0257
  0.0258  0.0257  0.0248  0.0268  0.0269  0.0263  0.0255  0.0264  0.0251  0.0254  0.0249  0.0250
  0.0246  0.0246  0.0244  0.0254  0.0253  0.0251  0.0246  0.0248  0.0245  0.0245  0.0244  0.0244
  0.0242  0.0242  0.0242  0.0242  0.0242  0.0242  0.0243  0.0243  0.0243  0.0243  0.0243  0.0243
  0.0246  0.0246  0.0244  0.0241  0.0245  0.0236  0.0246  0.0247  0.0245  0.0246  0.0244  0.0245
  0.0257  0.0256  0.0249  0.0259  0.0266  0.0251  0.0255  0.0263  0.0251  0.0253  0.0249  0.0250
  0.0275  0.0272  0.0256  0.0295  0.0296  0.0296  0.0270  0.0288  0.0261  0.0265  0.0257  0.0258
niter,ni,del,rscale     2    3    5.0000    1.2000
parameters
   -0.3367   20.7765   26.8649  -12.3709  -18.7965  -14.0451
    7.8289   -3.2873   -5.5168    7.0076    3.3676   -4.0204
eta,q 0.97571  8.47754
  0.0276  0.0275  0.0255  0.0284  0.0289  0.0280  0.0270  0.0288  0.0262  0.0267  0.0257  0.0258
  0.0258  0.0257  0.0248  0.0268  0.0269  0.0263  0.0256  0.0265  0.0252  0.0254  0.0249  0.0250
  0.0246  0.0246  0.0244  0.0255  0.0253  0.0251  0.0246  0.0249  0.0245  0.0245  0.0245  0.0245
  0.0243  0.0243  0.0243  0.0243  0.0243  0.0243  0.0243  0.0243  0.0243  0.0243  0.0243  0.0243
  0.0246  0.0246  0.0244  0.0241  0.0245  0.0237  0.0246  0.0248  0.0245  0.0246  0.0244  0.0245
  0.0257  0.0256  0.0249  0.0259  0.0266  0.0251  0.0256  0.0263  0.0252  0.0254  0.0249  0.0250
  0.0275  0.0272  0.0256  0.0295  0.0296  0.0295  0.0270  0.0288  0.0261  0.0265  0.0257  0.0258
niter,ni,del,rscale     1    3    5.0000    1.2000
parameters
   -0.3299   20.8137   26.8202  -12.3792  -18.8330  -14.1032
    7.8236   -3.2783   -5.4978    7.0909    3.3577   -4.0527
eta,q 0.97568  8.47318
  0.0276  0.0275  0.0255  0.0284  0.0290  0.0280  0.0270  0.0288  0.0262  0.0267  0.0257  0.0258
  0.0258  0.0257  0.0248  0.0268  0.0269  0.0263  0.0256  0.0265  0.0252  0.0254  0.0250  0.0250
  0.0247  0.0247  0.0244  0.0255  0.0254  0.0251  0.0246  0.0249  0.0245  0.0246  0.0245  0.0245
  0.0243  0.0243  0.0243  0.0243  0.0243  0.0243  0.0243  0.0243  0.0243  0.0243  0.0243  0.0243
  0.0247  0.0246  0.0244  0.0242  0.0245  0.0237  0.0247  0.0248  0.0246  0.0246  0.0245  0.0245
  0.0258  0.0257  0.0249  0.0259  0.0266  0.0251  0.0256  0.0264  0.0252  0.0254  0.0249  0.0250
  0.0276  0.0272  0.0256  0.0295  0.0296  0.0295  0.0270  0.0288  0.0261  0.0265  0.0257  0.0258
registration optimization eta report
parameter search radius
    2.4000    2.7600    2.4000    9.5220   10.9503    9.5220
    7.2000    7.2000    7.2000    7.2000    8.2800    8.2800
100000*second partial in parameter space
       57.       40.       22.        5.        4.        5.
        5.        9.        4.        4.        2.        2.
  0.0276  0.0275  0.0255  0.0284  0.0290  0.0280  0.0270  0.0288  0.0262  0.0267  0.0257  0.0258
  0.0258  0.0257  0.0248  0.0268  0.0269  0.0263  0.0256  0.0265  0.0252  0.0254  0.0250  0.0250
  0.0247  0.0247  0.0244  0.0255  0.0254  0.0251  0.0246  0.0249  0.0245  0.0246  0.0245  0.0245
  0.0243  0.0243  0.0243  0.0243  0.0243  0.0243  0.0243  0.0243  0.0243  0.0243  0.0243  0.0243
  0.0247  0.0246  0.0244  0.0242  0.0245  0.0237  0.0247  0.0248  0.0246  0.0246  0.0245  0.0245
  0.0258  0.0257  0.0249  0.0259  0.0266  0.0251  0.0256  0.0264  0.0252  0.0254  0.0249  0.0250
  0.0276  0.0272  0.0256  0.0295  0.0296  0.0295  0.0270  0.0288  0.0261  0.0265  0.0257  0.0258
   -0.3299   20.8137   26.8202  -12.3792  -18.8330  -14.1032
    7.8236   -3.2783   -5.4978    7.0909    3.3577   -4.0527
eta,q 0.97568  8.47318

---------------------------------------------------------------------
imgreg_4dfp /opt/freesurfer/average/711-2C_as_mni_average_305 /opt/freesurfer/average/711-2B_as_mni_average_305_mask talsrcimg_g11 none talsrcimg_to_711-2C_as_mni_average_305_t4 2311
---------------------------------------------------------------------

freesurfer imgreg_4dfp.c
/opt/freesurfer/average/711-2C_as_mni_average_305.4dfp.img
       256       256       256         1
  1.000000  1.000000  1.000000
orientation T byte_order littleendian
Reading image: /opt/freesurfer/average/711-2C_as_mni_average_305.4dfp.img
dimensions:      256       256       256
mmppix:       1.0000   -1.0000   -1.0000
center:     128.0000 -129.0000 -129.0000
/opt/freesurfer/average/711-2B_as_mni_average_305_mask.4dfp.img
       256       256       256         1
  1.000000  1.000000  1.000000
orientation T byte_order littleendian
Reading mask: /opt/freesurfer/average/711-2B_as_mni_average_305_mask.4dfp.img (2306576 pixels)
talsrcimg_g11.4dfp.img
       256       256       256         1
  1.000000  1.000000  1.000000
orientation T byte_order littleendian
Reading image: talsrcimg_g11.4dfp.img
dimensions:      256       256       256
mmppix:       1.0000   -1.0000   -1.0000
center:     128.0000 -129.0000 -129.0000
fimgreg.f
image alignment mode   2311 decimal      907 hex
parameters
   -0.3299   20.8137   26.8202  -12.3792  -18.8330  -14.1032
    7.8236   -3.2783   -5.4978    7.0909    3.3577   -4.0527
eta,q 0.97568  8.47319
niter,ni,del,rscale     5    3    5.0000    0.8000
parameters
   -0.3248   20.8119   26.8041  -10.7526  -18.0199  -11.7714
    7.6553   -3.1983   -5.4155    6.9359    3.4828   -5.4491
eta,q 0.97656  8.65326
  0.0258  0.0254  0.0249  0.0262  0.0255  0.0254  0.0249  0.0264  0.0246  0.0248  0.0243  0.0238
  0.0250  0.0248  0.0246  0.0255  0.0249  0.0248  0.0241  0.0249  0.0240  0.0241  0.0239  0.0235
  0.0245  0.0244  0.0244  0.0249  0.0244  0.0243  0.0236  0.0239  0.0236  0.0236  0.0236  0.0234
  0.0243  0.0243  0.0243  0.0243  0.0240  0.0239  0.0235  0.0235  0.0235  0.0235  0.0235  0.0235
  0.0245  0.0244  0.0244  0.0240  0.0239  0.0236  0.0237  0.0238  0.0236  0.0237  0.0236  0.0237
  0.0250  0.0248  0.0246  0.0242  0.0242  0.0235  0.0243  0.0247  0.0240  0.0242  0.0238  0.0240
  0.0258  0.0254  0.0249  0.0248  0.0249  0.0240  0.0251  0.0262  0.0245  0.0250  0.0243  0.0245
niter,ni,del,rscale     4    3    5.0000    0.7000
parameters
   -0.3891   20.5983   27.3518  -11.0763  -17.6473  -11.2887
    7.7055   -3.3059   -5.5322    6.6476    3.4057   -5.2441
eta,q 0.97682  8.68001
  0.0247  0.0241  0.0246  0.0246  0.0245  0.0247  0.0244  0.0253  0.0240  0.0241  0.0238  0.0237
  0.0240  0.0237  0.0241  0.0240  0.0240  0.0242  0.0237  0.0242  0.0235  0.0236  0.0235  0.0235
  0.0236  0.0234  0.0237  0.0235  0.0236  0.0237  0.0233  0.0234  0.0233  0.0233  0.0233  0.0233
  0.0234  0.0234  0.0234  0.0233  0.0233  0.0233  0.0232  0.0232  0.0232  0.0232  0.0232  0.0232
  0.0237  0.0236  0.0233  0.0235  0.0233  0.0231  0.0233  0.0235  0.0233  0.0233  0.0233  0.0232
  0.0242  0.0240  0.0234  0.0242  0.0236  0.0235  0.0237  0.0243  0.0236  0.0237  0.0235  0.0234
  0.0250  0.0246  0.0236  0.0252  0.0243  0.0244  0.0244  0.0256  0.0241  0.0244  0.0239  0.0236
niter,ni,del,rscale     3    3    5.0000    0.6000
parameters
   -0.4426   20.4345   27.4460  -11.1379  -17.4563  -11.0273
    7.7595   -3.3338   -5.5216    6.3662    3.3835   -5.2691
eta,q 0.97688  8.69545
  0.0241  0.0237  0.0238  0.0243  0.0241  0.0243  0.0240  0.0248  0.0238  0.0238  0.0236  0.0235
  0.0236  0.0234  0.0235  0.0237  0.0237  0.0239  0.0235  0.0239  0.0234  0.0234  0.0233  0.0233
  0.0233  0.0232  0.0233  0.0233  0.0233  0.0235  0.0232  0.0233  0.0232  0.0232  0.0232  0.0232
  0.0232  0.0232  0.0232  0.0232  0.0232  0.0232  0.0231  0.0231  0.0231  0.0231  0.0231  0.0231
  0.0233  0.0233  0.0232  0.0233  0.0232  0.0231  0.0232  0.0233  0.0232  0.0232  0.0232  0.0232
  0.0237  0.0236  0.0234  0.0237  0.0235  0.0234  0.0235  0.0239  0.0234  0.0236  0.0233  0.0233
  0.0243  0.0241  0.0236  0.0244  0.0240  0.0242  0.0240  0.0249  0.0237  0.0241  0.0236  0.0235
niter,ni,del,rscale     2    3    5.0000    0.5000
parameters
   -0.4590   20.3648   27.4832  -11.1410  -17.3097  -10.7513
    7.7511   -3.3498   -5.5182    6.1937    3.3865   -5.4799
eta,q 0.97693  8.71105
  0.0238  0.0236  0.0235  0.0240  0.0238  0.0240  0.0237  0.0243  0.0235  0.0236  0.0234  0.0233
  0.0234  0.0233  0.0233  0.0235  0.0235  0.0236  0.0234  0.0236  0.0233  0.0233  0.0232  0.0232
  0.0232  0.0231  0.0232  0.0232  0.0232  0.0233  0.0231  0.0232  0.0231  0.0231  0.0231  0.0231
  0.0231  0.0231  0.0231  0.0231  0.0231  0.0231  0.0231  0.0231  0.0231  0.0231  0.0231  0.0231
  0.0232  0.0232  0.0231  0.0232  0.0231  0.0231  0.0231  0.0232  0.0231  0.0231  0.0231  0.0231
  0.0235  0.0234  0.0233  0.0235  0.0233  0.0233  0.0234  0.0236  0.0233  0.0234  0.0232  0.0232
  0.0239  0.0237  0.0235  0.0240  0.0237  0.0239  0.0237  0.0243  0.0235  0.0237  0.0234  0.0234
niter,ni,del,rscale     1    3    5.0000    0.4000
parameters
   -0.4694   20.3330   27.5045  -11.1648  -17.1776  -10.4723
    7.7522   -3.3622   -5.5231    6.0476    3.3978   -5.7745
eta,q 0.97697  8.72554
  0.0235  0.0234  0.0233  0.0236  0.0235  0.0237  0.0235  0.0239  0.0233  0.0234  0.0233  0.0232
  0.0233  0.0232  0.0232  0.0233  0.0233  0.0235  0.0232  0.0234  0.0232  0.0232  0.0231  0.0231
  0.0231  0.0231  0.0231  0.0231  0.0231  0.0232  0.0231  0.0231  0.0231  0.0231  0.0231  0.0230
  0.0231  0.0231  0.0231  0.0231  0.0231  0.0231  0.0230  0.0230  0.0230  0.0230  0.0230  0.0230
  0.0231  0.0231  0.0231  0.0231  0.0231  0.0230  0.0231  0.0231  0.0231  0.0231  0.0231  0.0231
  0.0233  0.0232  0.0232  0.0233  0.0232  0.0232  0.0232  0.0234  0.0232  0.0232  0.0231  0.0231
  0.0236  0.0234  0.0233  0.0237  0.0234  0.0236  0.0235  0.0239  0.0233  0.0235  0.0233  0.0232
registration optimization eta report
parameter search radius
    0.8000    0.8000    0.8000    2.4000    2.4000    2.4000
    2.4000    2.4000    2.4000    2.4000    2.4000    2.4000
100000*second partial in parameter space
       75.       51.       39.       10.        7.       10.
        7.       14.        5.        6.        4.        3.
  0.0235  0.0234  0.0233  0.0236  0.0235  0.0237  0.0235  0.0239  0.0233  0.0234  0.0233  0.0232
  0.0233  0.0232  0.0232  0.0233  0.0233  0.0235  0.0232  0.0234  0.0232  0.0232  0.0231  0.0231
  0.0231  0.0231  0.0231  0.0231  0.0231  0.0232  0.0231  0.0231  0.0231  0.0231  0.0231  0.0230
  0.0231  0.0231  0.0231  0.0231  0.0231  0.0231  0.0230  0.0230  0.0230  0.0230  0.0230  0.0230
  0.0231  0.0231  0.0231  0.0231  0.0231  0.0230  0.0231  0.0231  0.0231  0.0231  0.0231  0.0231
  0.0233  0.0232  0.0232  0.0233  0.0232  0.0232  0.0232  0.0234  0.0232  0.0232  0.0231  0.0231
  0.0236  0.0234  0.0233  0.0237  0.0234  0.0236  0.0235  0.0239  0.0233  0.0235  0.0233  0.0232
   -0.4694   20.3330   27.5045  -11.1648  -17.1776  -10.4723
    7.7522   -3.3622   -5.5231    6.0476    3.3978   -5.7745
eta,q 0.97697  8.72554

---------------------------------------------------------------------
imgreg_4dfp /opt/freesurfer/average/711-2C_as_mni_average_305 /opt/freesurfer/average/711-2B_as_mni_average_305_mask talsrcimg_g11 none talsrcimg_to_711-2C_as_mni_average_305_t4 2311
---------------------------------------------------------------------

freesurfer imgreg_4dfp.c
/opt/freesurfer/average/711-2C_as_mni_average_305.4dfp.img
       256       256       256         1
  1.000000  1.000000  1.000000
orientation T byte_order littleendian
Reading image: /opt/freesurfer/average/711-2C_as_mni_average_305.4dfp.img
dimensions:      256       256       256
mmppix:       1.0000   -1.0000   -1.0000
center:     128.0000 -129.0000 -129.0000
/opt/freesurfer/average/711-2B_as_mni_average_305_mask.4dfp.img
       256       256       256         1
  1.000000  1.000000  1.000000
orientation T byte_order littleendian
Reading mask: /opt/freesurfer/average/711-2B_as_mni_average_305_mask.4dfp.img (2306576 pixels)
talsrcimg_g11.4dfp.img
       256       256       256         1
  1.000000  1.000000  1.000000
orientation T byte_order littleendian
Reading image: talsrcimg_g11.4dfp.img
dimensions:      256       256       256
mmppix:       1.0000   -1.0000   -1.0000
center:     128.0000 -129.0000 -129.0000
fimgreg.f
image alignment mode   2311 decimal      907 hex
parameters
   -0.4694   20.3330   27.5045  -11.1648  -17.1776  -10.4723
    7.7522   -3.3622   -5.5231    6.0476    3.3978   -5.7745
eta,q 0.97697  8.72554
niter,ni,del,rscale     5    3    5.0000    0.8000
parameters
   -0.4636   20.3200   27.5150  -11.5144  -17.3995  -11.0427
    7.8279   -3.4101   -5.5252    6.2486    3.3614   -5.1119
eta,q 0.97686  8.68722
  0.0250  0.0243  0.0241  0.0247  0.0244  0.0245  0.0248  0.0260  0.0243  0.0247  0.0240  0.0239
  0.0239  0.0236  0.0235  0.0239  0.0238  0.0240  0.0239  0.0245  0.0236  0.0239  0.0235  0.0236
  0.0232  0.0232  0.0231  0.0233  0.0233  0.0235  0.0233  0.0235  0.0233  0.0234  0.0233  0.0233
  0.0230  0.0230  0.0230  0.0230  0.0230  0.0231  0.0232  0.0232  0.0232  0.0232  0.0231  0.0231
  0.0233  0.0232  0.0231  0.0233  0.0232  0.0232  0.0233  0.0235  0.0233  0.0232  0.0232  0.0232
  0.0239  0.0236  0.0235  0.0242  0.0238  0.0242  0.0238  0.0245  0.0237  0.0237  0.0235  0.0233
  0.0249  0.0244  0.0240  0.0255  0.0248  0.0262  0.0246  0.0261  0.0242  0.0245  0.0240  0.0236
niter,ni,del,rscale     4    3    5.0000    0.7000
parameters
   -0.4673   20.3382   27.4722  -11.3204  -17.4549  -11.1371
    7.8007   -3.3739   -5.5151    6.2745    3.3892   -5.0310
eta,q 0.97686  8.68632
  0.0245  0.0242  0.0238  0.0247  0.0242  0.0244  0.0243  0.0254  0.0240  0.0242  0.0238  0.0236
  0.0238  0.0236  0.0234  0.0240  0.0237  0.0239  0.0237  0.0242  0.0235  0.0237  0.0234  0.0234
  0.0233  0.0233  0.0232  0.0234  0.0233  0.0235  0.0233  0.0234  0.0232  0.0233  0.0232  0.0232
  0.0231  0.0231  0.0231  0.0231  0.0231  0.0231  0.0231  0.0231  0.0231  0.0231  0.0231  0.0231
  0.0233  0.0232  0.0232  0.0232  0.0232  0.0231  0.0233  0.0234  0.0232  0.0232  0.0232  0.0232
  0.0238  0.0236  0.0235  0.0237  0.0236  0.0237  0.0237  0.0242  0.0235  0.0236  0.0234  0.0234
  0.0246  0.0241  0.0239  0.0246  0.0244  0.0249  0.0243  0.0254  0.0240  0.0242  0.0238  0.0236
niter,ni,del,rscale     3    3    5.0000    0.6000
parameters
   -0.4631   20.3438   27.4786  -11.1957  -17.3960  -10.9759
    7.7589   -3.3626   -5.5136    6.2264    3.3951   -5.2064
eta,q 0.97689  8.69799
  0.0242  0.0239  0.0237  0.0243  0.0240  0.0242  0.0240  0.0248  0.0237  0.0239  0.0236  0.0234
  0.0236  0.0235  0.0234  0.0238  0.0236  0.0238  0.0235  0.0239  0.0234  0.0235  0.0233  0.0233
  0.0233  0.0232  0.0232  0.0234  0.0233  0.0234  0.0232  0.0233  0.0232  0.0232  0.0232  0.0231
  0.0231  0.0231  0.0231  0.0231  0.0231  0.0231  0.0231  0.0231  0.0231  0.0231  0.0231  0.0231
  0.0233  0.0232  0.0232  0.0232  0.0232  0.0231  0.0232  0.0233  0.0232  0.0232  0.0232  0.0232
  0.0236  0.0235  0.0234  0.0236  0.0235  0.0234  0.0235  0.0239  0.0234  0.0235  0.0233  0.0233
  0.0242  0.0239  0.0237  0.0243  0.0240  0.0243  0.0240  0.0248  0.0237  0.0240  0.0236  0.0235
niter,ni,del,rscale     2    3    5.0000    0.5000
parameters
   -0.4639   20.3344   27.4919  -11.1625  -17.2849  -10.7253
    7.7506   -3.3634   -5.5162    6.1428    3.3953   -5.4816
eta,q 0.97694  8.71239
  0.0238  0.0236  0.0235  0.0240  0.0237  0.0240  0.0237  0.0243  0.0235  0.0236  0.0234  0.0233
  0.0234  0.0233  0.0233  0.0235  0.0234  0.0236  0.0234  0.0236  0.0233  0.0233  0.0232  0.0232
  0.0232  0.0232  0.0231  0.0232  0.0232  0.0233  0.0231  0.0232  0.0231  0.0231  0.0231  0.0231
  0.0231  0.0231  0.0231  0.0231  0.0231  0.0231  0.0231  0.0231  0.0231  0.0231  0.0231  0.0231
  0.0232  0.0232  0.0231  0.0232  0.0231  0.0231  0.0231  0.0232  0.0231  0.0231  0.0231  0.0231
  0.0234  0.0233  0.0233  0.0235  0.0233  0.0233  0.0234  0.0236  0.0233  0.0233  0.0232  0.0232
  0.0238  0.0236  0.0235  0.0240  0.0237  0.0239  0.0237  0.0243  0.0235  0.0237  0.0234  0.0234
niter,ni,del,rscale     1    3    5.0000    0.4000
parameters
   -0.4719   20.3233   27.5063  -11.1814  -17.1693  -10.4531
    7.7455   -3.3717   -5.5218    6.0321    3.4037   -5.7783
eta,q 0.97697  8.72606
  0.0235  0.0234  0.0233  0.0236  0.0235  0.0237  0.0234  0.0239  0.0233  0.0234  0.0233  0.0232
  0.0233  0.0232  0.0232  0.0233  0.0233  0.0235  0.0232  0.0234  0.0232  0.0232  0.0231  0.0231
  0.0231  0.0231  0.0231  0.0231  0.0231  0.0232  0.0231  0.0231  0.0231  0.0231  0.0231  0.0230
  0.0231  0.0231  0.0231  0.0231  0.0231  0.0231  0.0230  0.0230  0.0230  0.0230  0.0230  0.0230
  0.0231  0.0231  0.0231  0.0231  0.0231  0.0230  0.0231  0.0231  0.0231  0.0231  0.0231  0.0231
  0.0233  0.0232  0.0232  0.0233  0.0232  0.0232  0.0232  0.0234  0.0232  0.0232  0.0231  0.0231
  0.0236  0.0234  0.0233  0.0237  0.0235  0.0236  0.0235  0.0239  0.0233  0.0234  0.0233  0.0232
registration optimization eta report
parameter search radius
    0.8000    0.8000    0.8000    2.4000    2.4000    2.4000
    2.4000    2.4000    2.4000    2.4000    2.4000    2.4000
100000*second partial in parameter space
       76.       51.       40.       10.        7.       10.
        7.       15.        5.        6.        4.        3.
  0.0235  0.0234  0.0233  0.0236  0.0235  0.0237  0.0234  0.0239  0.0233  0.0234  0.0233  0.0232
  0.0233  0.0232  0.0232  0.0233  0.0233  0.0235  0.0232  0.0234  0.0232  0.0232  0.0231  0.0231
  0.0231  0.0231  0.0231  0.0231  0.0231  0.0232  0.0231  0.0231  0.0231  0.0231  0.0231  0.0230
  0.0231  0.0231  0.0231  0.0231  0.0231  0.0231  0.0230  0.0230  0.0230  0.0230  0.0230  0.0230
  0.0231  0.0231  0.0231  0.0231  0.0231  0.0230  0.0231  0.0231  0.0231  0.0231  0.0231  0.0231
  0.0233  0.0232  0.0232  0.0233  0.0232  0.0232  0.0232  0.0234  0.0232  0.0232  0.0231  0.0231
  0.0236  0.0234  0.0233  0.0237  0.0235  0.0236  0.0235  0.0239  0.0233  0.0234  0.0233  0.0232
   -0.4719   20.3233   27.5063  -11.1814  -17.1693  -10.4531
    7.7455   -3.3717   -5.5218    6.0321    3.4037   -5.7783
eta,q 0.97697  8.72606

---------------------------------------------------------------------
compute_vox2vox talsrcimg talsrcimg_to_711-2C_as_mni_average_305_t4 /opt/freesurfer/average/711-2C_as_mni_average_305
---------------------------------------------------------------------

freesurfer compute_vox2vox.c
Reading: talsrcimg.4dfp.ifh
Reading: talsrcimg_to_711-2C_as_mni_average_305_t4
Reading: /opt/freesurfer/average/711-2C_as_mni_average_305.4dfp.ifh
Writing: talsrcimg_to_711-2C_as_mni_average_305_t4_vox2vox.txt

start time Fri Mar 13 03:20:28 CET 2026
end		time Fri Mar 13 03:20:42 CET 2026

mpr2mni305 success

avi2talxfm orig_nu.mgz /opt/freesurfer/average/mni305.cor.mgz talsrcimg_to_711-2C_as_mni_average_305_t4_vox2vox.txt transforms/talairach.auto.xfm
avi2talxfm done
mv -f /out/sourcedata/freesurfer/sub-v2s3x28839_ses-1/mri/talsrcimg_to_711-2C_as_mni_average_305_t4_vox2vox.txt /out/sourcedata/freesurfer/sub-v2s3x28839_ses-1/mri/transforms/talsrcimg_to_711-2C_as_mni_average_305_t4_vox2vox.txt
lta_convert --src orig_nu.mgz --trg /opt/freesurfer/average/mni305.cor.mgz --inxfm transforms/talairach.auto.xfm --outlta transforms/talairach.auto.xfm.lta --subject fsaverage
7.3.2

--src: orig_nu.mgz src image (geometry).
--trg: /opt/freesurfer/average/mni305.cor.mgz trg image (geometry).
--inmni: transforms/talairach.auto.xfm input MNI/XFM transform.
--outlta: transforms/talairach.auto.xfm.lta output LTA.
--s: fsaverage subject name
 LTA read, type : 1
 1.11773   0.04890  -0.10111  -2.18761;
-0.03750   1.10987   0.08093  -47.69032;
 0.07724  -0.07757   1.19465  -8.32552;
 0.00000   0.00000   0.00000   1.00000;
setting subject to fsaverage
Writing  LTA to file transforms/talairach.auto.xfm.lta...
lta_convert successful.
 
 
Started at Fri Mar 13 03:20:27 CET 2026
Ended   at Fri Mar 13 03:20:42 CET 2026
talairach_avi done
