/out/sourcedata/freesurfer/sub-v2s3x28842_ses-1/mri
/opt/freesurfer/bin/talairach_avi
--i orig_nu.mgz --xfm transforms/talairach.auto.xfm
talairach_avi 7.3.2
Linux dna039 5.14.0-427.37.1.el9_4.x86_64 #1 SMP PREEMPT_DYNAMIC Fri Sep 13 12:41:50 EDT 2024 x86_64 x86_64 x86_64 GNU/Linux
Fri Mar 13 03:29:01 CET 2026
mri_convert orig_nu.mgz talsrcimg.img 
reading from orig_nu.mgz...
TR=0.00, TE=0.00, TI=0.00, flip angle=0.00
i_ras = (-1, 0, 0)
j_ras = (0, 0, -1)
k_ras = (0, 1, 0)
writing to talsrcimg.img...
Analyze Output Matrix
-1.00000   0.00000   0.00000   132.86142;
 0.00000   0.00000   1.00000  -73.01572;
 0.00000  -1.00000   0.00000   119.63754;
 0.00000   0.00000   0.00000   1.00000;
--------------------
INFO: set hdr.hist.orient to -1
mpr2mni305 talsrcimg
Fri Mar 13 03:29:01 CET 2026
/opt/freesurfer/bin/mpr2mni305 talsrcimg
mpr2mni305 7.3.2
target=711-2C_as_mni_average_305

---------------------------------------------------------------------
analyzeto4dfp talsrcimg -O0 -y
---------------------------------------------------------------------

freesurfer ifh2hdr.c
Fri Mar 13 03:29:02 2026
Writing: talsrcimg.4dfp.hdr
freesurfer analyzeto4dfp.c
Reading: talsrcimg.hdr
header size 348 bytes
hdr.dime.datatype	offset=70	value=2
hdr.dime.bitpix		offset=72	value=8
hdr.hist.orient		offset=252	value=-1
dimensionality     4
dimensions       256       256       256         1
Reading: talsrcimg.img
Writing: talsrcimg.4dfp.img
Writing: talsrcimg.4dfp.ifh
ifh2hdr talsrcimg -r0to225
ori=2

---------------------------------------------------------------------
gauss_4dfp talsrcimg 1.1
---------------------------------------------------------------------

freesurfer gauss_4dfp.c
Reading: talsrcimg.4dfp.img
Writing: talsrcimg_g11.4dfp.img
image dimensions 256 256 256 padded to 288 288 288
processing volume 1freesurfer ifh2hdr.c
Fri Mar 13 03:29:03 2026
Writing: talsrcimg_g11.4dfp.hdr

Writing: talsrcimg_g11.4dfp.ifh
including: talsrcimg.4dfp.img.rec in talsrcimg_g11.4dfp.img.rec

---------------------------------------------------------------------
imgreg_4dfp /opt/freesurfer/average/711-2C_as_mni_average_305 none talsrcimg_g11 none talsrcimg_to_711-2C_as_mni_average_305_t4 4355
---------------------------------------------------------------------

freesurfer imgreg_4dfp.c
/opt/freesurfer/average/711-2C_as_mni_average_305.4dfp.img
       256       256       256         1
  1.000000  1.000000  1.000000
orientation T byte_order littleendian
Reading image: /opt/freesurfer/average/711-2C_as_mni_average_305.4dfp.img
dimensions:      256       256       256
mmppix:       1.0000   -1.0000   -1.0000
center:     128.0000 -129.0000 -129.0000
talsrcimg_g11.4dfp.img
       256       256       256         1
  1.000000  1.000000  1.000000
orientation T byte_order littleendian
Reading image: talsrcimg_g11.4dfp.img
dimensions:      256       256       256
mmppix:       1.0000   -1.0000   -1.0000
center:     128.0000 -129.0000 -129.0000
t4_read: open error in t4_sub.f l:  41 t4_file(1:l)talsrcimg_to_711-2C_as_mni_average_305_t4 
t4_read: transform initialized to I4
rotation matrix determinant  1.000000
image alignment mode   4355 decimal     1103 hex
   -7.5000  -45.0000  -45.0000 6127.2622   15.8180
    0.0000  -45.0000  -45.0000 6327.5537   15.7843
    7.5000  -45.0000  -45.0000 6013.1343   15.7866
   -7.5000  -37.5000  -45.0000 6835.4580   15.3259
    0.0000  -37.5000  -45.0000 7054.1855   15.2868
    7.5000  -37.5000  -45.0000 6697.2339   15.2861
   -7.5000  -30.0000  -45.0000 7887.3862   15.0127
    0.0000  -30.0000  -45.0000 8138.5967   14.9730
    7.5000  -30.0000  -45.0000 7718.7456   14.9760
   -7.5000  -22.5000  -45.0000 9015.0000   14.7863
    0.0000  -22.5000  -45.0000 9306.0459   14.7471
    7.5000  -22.5000  -45.0000 8820.5283   14.7522
   -7.5000  -15.0000  -45.000010195.1514   14.7100
    0.0000  -15.0000  -45.000010514.6621   14.6716
    7.5000  -15.0000  -45.0000 9935.6514   14.6766
   -7.5000   -7.5000  -45.000011357.9590   14.6574
    0.0000   -7.5000  -45.000011689.3262   14.6216
    7.5000   -7.5000  -45.000011006.6162   14.6234
   -7.5000    0.0000  -45.000012420.7559   14.6474
    0.0000    0.0000  -45.000012777.6445   14.6150
    7.5000    0.0000  -45.000012045.4131   14.6146
   -7.5000    7.5000  -45.000012444.4336   14.6563
    0.0000    7.5000  -45.000012815.7666   14.6207
    7.5000    7.5000  -45.000012113.5527   14.6198
   -7.5000   15.0000  -45.000012268.6758   14.6657
    0.0000   15.0000  -45.000012642.1006   14.6260
    7.5000   15.0000  -45.000011968.4990   14.6265
   -7.5000   22.5000  -45.000012008.5625   14.6628
    0.0000   22.5000  -45.000012369.8193   14.6235
    7.5000   22.5000  -45.000011711.8193   14.6272
   -7.5000   30.0000  -45.000011740.3154   14.4635
    0.0000   30.0000  -45.000012071.1807   14.4254
    7.5000   30.0000  -45.000011388.2588   14.4298
   -7.5000   37.5000  -45.000011856.0684   14.4540
    0.0000   37.5000  -45.000012151.8232   14.4188
    7.5000   37.5000  -45.000011441.3828   14.4204
   -7.5000   45.0000  -45.000011350.3242   14.0852
    0.0000   45.0000  -45.000011655.0996   14.0540
    7.5000   45.0000  -45.000010984.2803   14.0537
   -7.5000  -45.0000  -37.5000 6371.5625   15.8512
    0.0000  -45.0000  -37.5000 6580.9395   15.8255
    7.5000  -45.0000  -37.5000 6228.7637   15.8326
   -7.5000  -37.5000  -37.5000 7106.0366   15.3608
    0.0000  -37.5000  -37.5000 7332.3467   15.3274
    7.5000  -37.5000  -37.5000 6945.8901   15.3278
   -7.5000  -30.0000  -37.5000 8211.1201   15.0513
    0.0000  -30.0000  -37.5000 8470.5029   15.0145
    7.5000  -30.0000  -37.5000 8031.9561   15.0149
   -7.5000  -22.5000  -37.5000 9383.9414   14.8266
    0.0000  -22.5000  -37.5000 9681.5156   14.7892
    7.5000  -22.5000  -37.5000 9164.4326   14.7922
   -7.5000  -15.0000  -37.500010589.4453   14.7501
    0.0000  -15.0000  -37.500010923.1748   14.7146
    7.5000  -15.0000  -37.500010314.7803   14.7206
   -7.5000   -7.5000  -37.500011766.2471   14.6934
    0.0000   -7.5000  -37.500012114.6455   14.6635
    7.5000   -7.5000  -37.500011414.5166   14.6698
   -7.5000    0.0000  -37.500012838.7715   14.6819
    0.0000    0.0000  -37.500013229.8047   14.6565
    7.5000    0.0000  -37.500012494.5068   14.6612
   -7.5000    7.5000  -37.500012854.7588   14.6936
    0.0000    7.5000  -37.500013252.0156   14.6634
    7.5000    7.5000  -37.500012546.1836   14.6638
   -7.5000   15.0000  -37.500012621.2334   14.7061
    0.0000   15.0000  -37.500013042.8408   14.6693
    7.5000   15.0000  -37.500012377.5664   14.6674
   -7.5000   22.5000  -37.500012345.1924   14.7039
    0.0000   22.5000  -37.500012734.4482   14.6663
    7.5000   22.5000  -37.500012086.2051   14.6680
   -7.5000   30.0000  -37.500012082.1777   14.5024
    0.0000   30.0000  -37.500012427.4463   14.4673
    7.5000   30.0000  -37.500011757.3633   14.4727
   -7.5000   37.5000  -37.500012201.9082   14.4895
    0.0000   37.5000  -37.500012536.0605   14.4600
    7.5000   37.5000  -37.500011808.8770   14.4662
   -7.5000   45.0000  -37.500011684.6582   14.1184
    0.0000   45.0000  -37.500012010.3086   14.0940
    7.5000   45.0000  -37.500011319.9639   14.0985
   -7.5000  -45.0000  -30.0000 6693.1445   16.5186
    0.0000  -45.0000  -30.0000 6914.5615   16.4955
    7.5000  -45.0000  -30.0000 6549.4712   16.5006
   -7.5000  -37.5000  -30.0000 7484.6694   16.0096
    0.0000  -37.5000  -30.0000 7728.3760   15.9772
    7.5000  -37.5000  -30.0000 7330.9746   15.9725
   -7.5000  -30.0000  -30.0000 8671.2412   15.6879
    0.0000  -30.0000  -30.0000 8939.0137   15.6503
    7.5000  -30.0000  -30.0000 8474.4990   15.6447
   -7.5000  -22.5000  -30.0000 9895.5566   15.4503
    0.0000  -22.5000  -30.000010196.2568   15.4115
    7.5000  -22.5000  -30.0000 9654.3262   15.4116
   -7.5000  -15.0000  -30.000011153.5059   15.3672
    0.0000  -15.0000  -30.000011509.7021   15.3316
    7.5000  -15.0000  -30.000010865.9395   15.3380
   -7.5000   -7.5000  -30.000012361.2295   15.3067
    0.0000   -7.5000  -30.000012747.3975   15.2783
    7.5000   -7.5000  -30.000012036.5264   15.2855
   -7.5000    0.0000  -30.000013459.5264   15.2965
    0.0000    0.0000  -30.000013900.2588   15.2730
    7.5000    0.0000  -30.000013136.6787   15.2764
   -7.5000    7.5000  -30.000013468.8926   15.3130
    0.0000    7.5000  -30.000013912.7002   15.2837
    7.5000    7.5000  -30.000013185.4609   15.2794
   -7.5000   15.0000  -30.000013221.1035   15.3276
    0.0000   15.0000  -30.000013683.8574   15.2899
    7.5000   15.0000  -30.000013006.8428   15.2824
   -7.5000   22.5000  -30.000012892.2520   15.3210
    0.0000   22.5000  -30.000013326.9482   15.2819
    7.5000   22.5000  -30.000012700.7500   15.2807
   -7.5000   30.0000  -30.000012610.0674   15.1108
    0.0000   30.0000  -30.000012995.2588   15.0756
    7.5000   30.0000  -30.000012352.9189   15.0813
   -7.5000   37.5000  -30.000012724.1367   15.0957
    0.0000   37.5000  -30.000013110.8408   15.0677
    7.5000   37.5000  -30.000012401.1553   15.0747
   -7.5000   45.0000  -30.000012158.3047   14.7202
    0.0000   45.0000  -30.000012540.4629   14.6976
    7.5000   45.0000  -30.000011854.2295   14.7009
   -7.5000  -45.0000  -22.5000 6943.5938   17.1038
    0.0000  -45.0000  -22.5000 7174.9448   17.0750
    7.5000  -45.0000  -22.5000 6798.8286   17.0730
   -7.5000  -37.5000  -22.5000 7799.0195   16.5782
    0.0000  -37.5000  -22.5000 8056.2183   16.5410
    7.5000  -37.5000  -22.5000 7644.7109   16.5297
   -7.5000  -30.0000  -22.5000 9079.9229   16.2443
    0.0000  -30.0000  -22.5000 9360.5010   16.2024
    7.5000  -30.0000  -22.5000 8869.5195   16.1929
   -7.5000  -22.5000  -22.500010362.0615   15.9935
    0.0000  -22.5000  -22.500010671.1787   15.9513
    7.5000  -22.5000  -22.500010109.8701   15.9501
   -7.5000  -15.0000  -22.500011668.4375   15.9047
    0.0000  -15.0000  -22.500012024.7334   15.8664
    7.5000  -15.0000  -22.500011374.6152   15.8715
   -7.5000   -7.5000  -22.500012890.7305   15.8432
    0.0000   -7.5000  -22.500013278.9727   15.8107
    7.5000   -7.5000  -22.500012579.8896   15.8139
   -7.5000    0.0000  -22.500013979.3467   15.8357
    0.0000    0.0000  -22.500014435.0439   15.8068
    7.5000    0.0000  -22.500013682.1943   15.8034
   -7.5000    7.5000  -22.500013980.9814   15.8553
    0.0000    7.5000  -22.500014435.1982   15.8212
    7.5000    7.5000  -22.500013725.7217   15.8104
   -7.5000   15.0000  -22.500013782.2168   15.8702
    0.0000   15.0000  -22.500014261.2451   15.8283
    7.5000   15.0000  -22.500013568.5986   15.8169
   -7.5000   22.5000  -22.500013422.9688   15.8590
    0.0000   22.5000  -22.500013882.1855   15.8164
    7.5000   22.5000  -22.500013274.5801   15.8138
   -7.5000   30.0000  -22.500013100.4619   15.6421
    0.0000   30.0000  -22.500013501.7178   15.6042
    7.5000   30.0000  -22.500012910.6914   15.6086
   -7.5000   37.5000  -22.500013188.2500   15.6273
    0.0000   37.5000  -22.500013616.9492   15.5952
    7.5000   37.5000  -22.500012971.5635   15.5982
   -7.5000   45.0000  -22.500012582.7598   15.2505
    0.0000   45.0000  -22.500013002.6504   15.2227
    7.5000   45.0000  -22.500012369.9941   15.2195
   -7.5000  -45.0000  -15.0000 7156.5381   17.5194
    0.0000  -45.0000  -15.0000 7374.4312   17.4818
    7.5000  -45.0000  -15.0000 7015.0996   17.4741
   -7.5000  -37.5000  -15.0000 8101.1128   16.9796
    0.0000  -37.5000  -15.0000 8340.5684   16.9358
    7.5000  -37.5000  -15.0000 7907.7686   16.9227
   -7.5000  -30.0000  -15.0000 9447.9033   16.6366
    0.0000  -30.0000  -15.0000 9729.7119   16.5905
    7.5000  -30.0000  -15.0000 9177.3086   16.5821
   -7.5000  -22.5000  -15.000010754.5586   16.3800
    0.0000  -22.5000  -15.000011084.7588   16.3342
    7.5000  -22.5000  -15.000010466.5732   16.3332
   -7.5000  -15.0000  -15.000012067.1865   16.2903
    0.0000  -15.0000  -15.000012443.0605   16.2472
    7.5000  -15.0000  -15.000011778.7012   16.2494
   -7.5000   -7.5000  -15.000013324.9043   16.2287
    0.0000   -7.5000  -15.000013722.4766   16.1891
    7.5000   -7.5000  -15.000013015.7500   16.1863
   -7.5000    0.0000  -15.000014419.1709   16.2202
    0.0000    0.0000  -15.000014895.3770   16.1835
    7.5000    0.0000  -15.000014159.1582   16.1742
   -7.5000    7.5000  -15.000014409.5166   16.2380
    0.0000    7.5000  -15.000014867.5898   16.1977
    7.5000    7.5000  -15.000014199.0449   16.1847
   -7.5000   15.0000  -15.000014275.3887   16.2526
    0.0000   15.0000  -15.000014740.4443   16.2064
    7.5000   15.0000  -15.000014055.2422   16.1959
   -7.5000   22.5000  -15.000013917.8857   16.2415
    0.0000   22.5000  -15.000014434.7295   16.1954
    7.5000   22.5000  -15.000013834.4297   16.1930
   -7.5000   30.0000  -15.000013531.7832   16.0239
    0.0000   30.0000  -15.000014016.1240   15.9813
    7.5000   30.0000  -15.000013455.7559   15.9828
   -7.5000   37.5000  -15.000013627.7969   16.0098
    0.0000   37.5000  -15.000014124.4727   15.9707
    7.5000   37.5000  -15.000013529.1406   15.9679
   -7.5000   45.0000  -15.000013006.5166   15.6303
    0.0000   45.0000  -15.000013480.5547   15.5949
    7.5000   45.0000  -15.000012901.2139   15.5859
   -7.5000  -45.0000   -7.5000 7314.8730   17.7006
    0.0000  -45.0000   -7.5000 7559.4478   17.6588
    7.5000  -45.0000   -7.5000 7184.4053   17.6534
   -7.5000  -37.5000   -7.5000 8333.1416   17.1512
    0.0000  -37.5000   -7.5000 8592.0420   17.1047
    7.5000  -37.5000   -7.5000 8121.7646   17.0969
   -7.5000  -30.0000   -7.5000 9769.7646   16.8018
    0.0000  -30.0000   -7.500010044.2979   16.7551
    7.5000  -30.0000   -7.5000 9463.1387   16.7536
   -7.5000  -22.5000   -7.500011136.9404   16.5463
    0.0000  -22.5000   -7.500011447.0781   16.5002
    7.5000  -22.5000   -7.500010806.6641   16.5031
   -7.5000  -15.0000   -7.500012498.0381   16.4596
    0.0000  -15.0000   -7.500012852.8643   16.4146
    7.5000  -15.0000   -7.500012163.1553   16.4172
   -7.5000   -7.5000   -7.500013745.7471   16.4001
    0.0000   -7.5000   -7.500014159.0879   16.3569
    7.5000   -7.5000   -7.500013426.6748   16.3536
   -7.5000    0.0000   -7.500014838.1045   16.3896
    0.0000    0.0000   -7.500015349.8438   16.3494
    7.5000    0.0000   -7.500014606.6182   16.3417
   -7.5000    7.5000   -7.500014823.2344   16.4018
    0.0000    7.5000   -7.500015298.3086   16.3591
    7.5000    7.5000   -7.500014599.9346   16.3512
   -7.5000   15.0000   -7.500014579.2402   16.4136
    0.0000   15.0000   -7.500015121.7568   16.3668
    7.5000   15.0000   -7.500014462.8555   16.3626
   -7.5000   22.5000   -7.500014302.4551   16.4038
    0.0000   22.5000   -7.500014836.8164   16.3575
    7.5000   22.5000   -7.500014228.9629   16.3589
   -7.5000   30.0000   -7.500014020.6982   16.1899
    0.0000   30.0000   -7.500014523.8477   16.1454
    7.5000   30.0000   -7.500013869.1875   16.1474
   -7.5000   37.5000   -7.500014176.4346   16.1784
    0.0000   37.5000   -7.500014654.7178   16.1358
    7.5000   37.5000   -7.500013950.1807   16.1325
   -7.5000   45.0000   -7.500013488.2676   15.7965
    0.0000   45.0000   -7.500013936.5967   15.7578
    7.5000   45.0000   -7.500013302.3193   15.7503
   -7.5000  -45.0000    0.0000 7426.7896   17.7007
    0.0000  -45.0000    0.0000 7649.5664   17.6630
    7.5000  -45.0000    0.0000 7298.9658   17.6656
   -7.5000  -37.5000    0.0000 8458.1807   17.1501
    0.0000  -37.5000    0.0000 8713.5479   17.1063
    7.5000  -37.5000    0.0000 8264.5742   17.1056
   -7.5000  -30.0000    0.0000 9912.9932   16.7996
    0.0000  -30.0000    0.000010219.6631   16.7552
    7.5000  -30.0000    0.0000 9639.9014   16.7586
   -7.5000  -22.5000    0.000011313.8594   16.5463
    0.0000  -22.5000    0.000011670.8330   16.5024
    7.5000  -22.5000    0.000011003.6660   16.5081
   -7.5000  -15.0000    0.000012687.3643   16.4609
    0.0000  -15.0000    0.000013096.9688   16.4179
    7.5000  -15.0000    0.000012355.8760   16.4235
   -7.5000   -7.5000    0.000013962.8516   16.4020
    0.0000   -7.5000    0.000014400.8682   16.3620
    7.5000   -7.5000    0.000013642.4336   16.3640
   -7.5000    0.0000    0.000015163.8545   16.3908
    0.0000    0.0000    0.000015643.7783   16.3545
    7.5000    0.0000    0.000014861.2031   16.3542
   -7.5000    7.5000    0.000015201.2861   16.4008
    0.0000    7.5000    0.000015648.1475   16.3610
    7.5000    7.5000    0.000014892.5361   16.3600
   -7.5000   15.0000    0.000014976.4971   16.4114
    0.0000   15.0000    0.000015453.8984   16.3668
    7.5000   15.0000    0.000014778.6777   16.3674
   -7.5000   22.5000    0.000014666.8281   16.4028
    0.0000   22.5000    0.000015121.4414   16.3587
    7.5000   22.5000    0.000014515.8037   16.3630
   -7.5000   30.0000    0.000014379.6504   16.1913
    0.0000   30.0000    0.000014798.9707   16.1487
    7.5000   30.0000    0.000014162.1426   16.1537
   -7.5000   37.5000    0.000014538.5596   16.1807
    0.0000   37.5000    0.000014961.1660   16.1413
    7.5000   37.5000    0.000014268.0674   16.1431
   -7.5000   45.0000    0.000013892.1602   15.7989
    0.0000   45.0000    0.000014286.4238   15.7639
    7.5000   45.0000    0.000013630.0723   15.7635
   -7.5000  -45.0000    7.5000 6973.3013   17.7379
    0.0000  -45.0000    7.5000 7185.9258   17.7092
    7.5000  -45.0000    7.5000 6851.9736   17.7171
   -7.5000  -37.5000    7.5000 7916.1079   17.1892
    0.0000  -37.5000    7.5000 8151.6362   17.1518
    7.5000  -37.5000    7.5000 7735.4194   17.1522
   -7.5000  -30.0000    7.5000 9256.1562   16.8428
    0.0000  -30.0000    7.5000 9536.3535   16.8017
    7.5000  -30.0000    7.5000 9019.6318   16.8021
   -7.5000  -22.5000    7.500010585.2578   16.5913
    0.0000  -22.5000    7.500010912.1904   16.5495
    7.5000  -22.5000    7.500010324.5195   16.5528
   -7.5000  -15.0000    7.500011900.8867   16.5057
    0.0000  -15.0000    7.500012260.9473   16.4660
    7.5000  -15.0000    7.500011596.2939   16.4728
   -7.5000   -7.5000    7.500013130.8848   16.4423
    0.0000   -7.5000    7.500013522.4502   16.4089
    7.5000   -7.5000    7.500012803.2393   16.4159
   -7.5000    0.0000    7.500014336.5703   16.4294
    0.0000    0.0000    7.500014756.1377   16.4011
    7.5000    0.0000    7.500013958.6035   16.4063
   -7.5000    7.5000    7.500014381.1436   16.4425
    0.0000    7.5000    7.500014804.5498   16.4087
    7.5000    7.5000    7.500014019.7832   16.4092
   -7.5000   15.0000    7.500014157.2012   16.4565
    0.0000   15.0000    7.500014597.5928   16.4153
    7.5000   15.0000    7.500013909.7168   16.4133
   -7.5000   22.5000    7.500013846.9775   16.4487
    0.0000   22.5000    7.500014275.8330   16.4066
    7.5000   22.5000    7.500013624.5547   16.4086
   -7.5000   30.0000    7.500013550.4180   16.2349
    0.0000   30.0000    7.500013970.1621   16.1956
    7.5000   30.0000    7.500013310.4170   16.2017
   -7.5000   37.5000    7.500013661.6738   16.2204
    0.0000   37.5000    7.500014098.7607   16.1874
    7.5000   37.5000    7.500013432.1475   16.1943
   -7.5000   45.0000    7.500013090.2148   15.8361
    0.0000   45.0000    7.500013495.2764   15.8087
    7.5000   45.0000    7.500012860.9355   15.8138
   -7.5000  -45.0000   15.0000 6476.7812   17.9017
    0.0000  -45.0000   15.0000 6666.6782   17.8773
    7.5000  -45.0000   15.0000 6342.1187   17.8836
   -7.5000  -37.5000   15.0000 7344.8179   17.3489
    0.0000  -37.5000   15.0000 7555.3745   17.3143
    7.5000  -37.5000   15.0000 7168.3599   17.3099
   -7.5000  -30.0000   15.0000 8557.1660   17.0012
    0.0000  -30.0000   15.0000 8829.0635   16.9609
    7.5000  -30.0000   15.0000 8361.6367   16.9554
   -7.5000  -22.5000   15.0000 9798.6182   16.7450
    0.0000  -22.5000   15.000010108.1650   16.7035
    7.5000  -22.5000   15.0000 9556.7217   16.7044
   -7.5000  -15.0000   15.000011033.7588   16.6571
    0.0000  -15.0000   15.000011378.5752   16.6191
    7.5000  -15.0000   15.000010725.4766   16.6270
   -7.5000   -7.5000   15.000012213.5566   16.5899
    0.0000   -7.5000   15.000012595.5449   16.5598
    7.5000   -7.5000   15.000011869.5791   16.5685
   -7.5000    0.0000   15.000013345.6025   16.5779
    0.0000    0.0000   15.000013742.7793   16.5530
    7.5000    0.0000   15.000012943.8604   16.5575
   -7.5000    7.5000   15.000013365.9385   16.5961
    0.0000    7.5000   15.000013769.0186   16.5648
    7.5000    7.5000   15.000012994.3867   16.5608
   -7.5000   15.0000   15.000013190.3779   16.6128
    0.0000   15.0000   15.000013583.5889   16.5724
    7.5000   15.0000   15.000012891.9795   16.5649
   -7.5000   22.5000   15.000012902.3584   16.6029
    0.0000   22.5000   15.000013292.5342   16.5611
    7.5000   22.5000   15.000012634.2129   16.5606
   -7.5000   30.0000   15.000012597.2100   16.3834
    0.0000   30.0000   15.000012970.4639   16.3458
    7.5000   30.0000   15.000012335.6289   16.3530
   -7.5000   37.5000   15.000012694.7725   16.3659
    0.0000   37.5000   15.000013071.6797   16.3362
    7.5000   37.5000   15.000012454.0273   16.3448
   -7.5000   45.0000   15.000012184.6807   15.9792
    0.0000   45.0000   15.000012552.4541   15.9552
    7.5000   45.0000   15.000011968.3613   15.9596
   -7.5000  -45.0000   22.5000 5950.2739   18.2061
    0.0000  -45.0000   22.5000 6121.8394   18.1781
    7.5000  -45.0000   22.5000 5812.5347   18.1800
   -7.5000  -37.5000   22.5000 6742.5234   17.6411
    0.0000  -37.5000   22.5000 6929.7173   17.6041
    7.5000  -37.5000   22.5000 6568.6494   17.5956
   -7.5000  -30.0000   22.5000 7842.9756   17.2845
    0.0000  -30.0000   22.5000 8090.6714   17.2426
    7.5000  -30.0000   22.5000 7668.5088   17.2356
   -7.5000  -22.5000   22.5000 8989.3516   17.0176
    0.0000  -22.5000   22.5000 9269.8232   16.9752
    7.5000  -22.5000   22.5000 8764.5566   16.9774
   -7.5000  -15.0000   22.500010129.6494   16.9264
    0.0000  -15.0000   22.500010434.2139   16.8881
    7.5000  -15.0000   22.5000 9847.5723   16.8974
   -7.5000   -7.5000   22.500011233.3896   16.8582
    0.0000   -7.5000   22.500011585.7021   16.8261
    7.5000   -7.5000   22.500010901.8965   16.8333
   -7.5000    0.0000   22.500012252.0791   16.8495
    0.0000    0.0000   22.500012633.8037   16.8213
    7.5000    0.0000   22.500011890.3770   16.8215
   -7.5000    7.5000   22.500012288.8213   16.8716
    0.0000    7.5000   22.500012665.8604   16.8379
    7.5000    7.5000   22.500011938.6211   16.8298
   -7.5000   15.0000   22.500012140.3203   16.8888
    0.0000   15.0000   22.500012491.2266   16.8470
    7.5000   15.0000   22.500011826.0830   16.8379
   -7.5000   22.5000   22.500011872.7627   16.8747
    0.0000   22.5000   22.500012244.3740   16.8320
    7.5000   22.5000   22.500011603.6377   16.8326
   -7.5000   30.0000   22.500011560.0732   16.6478
    0.0000   30.0000   22.500011907.4512   16.6099
    7.5000   30.0000   22.500011320.1250   16.6184
   -7.5000   37.5000   22.500011634.6055   16.6305
    0.0000   37.5000   22.500011996.2666   16.5988
    7.5000   37.5000   22.500011439.7451   16.6059
   -7.5000   45.0000   22.500011206.4990   16.2410
    0.0000   45.0000   22.500011563.3896   16.2138
    7.5000   45.0000   22.500011039.1523   16.2140
   -7.5000  -45.0000   30.0000 5404.9023   18.7277
    0.0000  -45.0000   30.0000 5569.5244   18.6898
    7.5000  -45.0000   30.0000 5273.1494   18.6846
   -7.5000  -37.5000   30.0000 6125.6050   18.1324
    0.0000  -37.5000   30.0000 6302.8374   18.0886
    7.5000  -37.5000   30.0000 5980.7778   18.0770
   -7.5000  -30.0000   30.0000 7128.2485   17.7535
    0.0000  -30.0000   30.0000 7348.7134   17.7090
    7.5000  -30.0000   30.0000 6980.5093   17.7027
   -7.5000  -22.5000   30.0000 8181.6680   17.4712
    0.0000  -22.5000   30.0000 8426.6621   17.4277
    7.5000  -22.5000   30.0000 7990.3340   17.4301
   -7.5000  -15.0000   30.0000 9228.6924   17.3798
    0.0000  -15.0000   30.0000 9509.2920   17.3385
    7.5000  -15.0000   30.0000 8996.9297   17.3450
   -7.5000   -7.5000   30.000010252.6377   17.3148
    0.0000   -7.5000   30.000010562.1582   17.2755
    7.5000   -7.5000   30.0000 9956.2383   17.2764
   -7.5000    0.0000   30.000011184.0352   17.3098
    0.0000    0.0000   30.000011527.4023   17.2729
    7.5000    0.0000   30.000010860.9980   17.2661
   -7.5000    7.5000   30.000011192.5508   17.3301
    0.0000    7.5000   30.000011561.9072   17.2902
    7.5000    7.5000   30.000010912.2881   17.2789
   -7.5000   15.0000   30.000011068.4023   17.3428
    0.0000   15.0000   30.000011423.1670   17.2981
    7.5000   15.0000   30.000010812.2461   17.2895
   -7.5000   22.5000   30.000010838.4971   17.3245
    0.0000   22.5000   30.000011195.5391   17.2807
    7.5000   22.5000   30.000010611.7080   17.2816
   -7.5000   30.0000   30.000010549.4258   17.0925
    0.0000   30.0000   30.000010894.9453   17.0517
    7.5000   30.0000   30.000010346.6943   17.0573
   -7.5000   37.5000   30.000010617.6484   17.0807
    0.0000   37.5000   30.000010949.8916   17.0420
    7.5000   37.5000   30.000010435.9463   17.0427
   -7.5000   45.0000   30.000010279.5967   16.6847
    0.0000   45.0000   30.000010603.6709   16.6491
    7.5000   45.0000   30.000010088.9697   16.6425
   -7.5000  -45.0000   37.5000 5087.5620   19.4659
    0.0000  -45.0000   37.5000 5247.0854   19.4249
    7.5000  -45.0000   37.5000 4971.1455   19.4200
   -7.5000  -37.5000   37.5000 5775.8848   18.8447
    0.0000  -37.5000   37.5000 5950.3447   18.7998
    7.5000  -37.5000   37.5000 5647.8047   18.7924
   -7.5000  -30.0000   37.5000 6724.7612   18.4371
    0.0000  -30.0000   37.5000 6929.6108   18.3939
    7.5000  -30.0000   37.5000 6603.5264   18.3950
   -7.5000  -22.5000   37.5000 7722.3970   18.1369
    0.0000  -22.5000   37.5000 7960.9443   18.0950
    7.5000  -22.5000   37.5000 7577.9375   18.1022
   -7.5000  -15.0000   37.5000 8711.7363   18.0430
    0.0000  -15.0000   37.5000 8975.0244   18.0008
    7.5000  -15.0000   37.5000 8535.4648   18.0079
   -7.5000   -7.5000   37.5000 9686.5742   17.9760
    0.0000   -7.5000   37.5000 9979.7598   17.9338
    7.5000   -7.5000   37.5000 9448.4316   17.9331
   -7.5000    0.0000   37.500010581.0293   17.9714
    0.0000    0.0000   37.500010907.2275   17.9323
    7.5000    0.0000   37.500010323.1797   17.9253
   -7.5000    7.5000   37.500010619.5117   17.9902
    0.0000    7.5000   37.500010969.3174   17.9497
    7.5000    7.5000   37.500010369.9277   17.9427
   -7.5000   15.0000   37.500010492.9600   18.0014
    0.0000   15.0000   37.500010844.2637   17.9581
    7.5000   15.0000   37.500010267.3232   17.9563
   -7.5000   22.5000   37.500010285.0049   17.9821
    0.0000   22.5000   37.500010624.5273   17.9398
    7.5000   22.5000   37.500010082.3438   17.9456
   -7.5000   30.0000   37.5000 9997.5098   17.7423
    0.0000   30.0000   37.500010334.5684   17.7005
    7.5000   30.0000   37.5000 9814.8672   17.7068
   -7.5000   37.5000   37.500010080.5430   17.7326
    0.0000   37.5000   37.500010416.4844   17.6910
    7.5000   37.5000   37.5000 9905.2139   17.6901
   -7.5000   45.0000   37.5000 9785.2686   17.3224
    0.0000   45.0000   37.500010099.7139   17.2846
    7.5000   45.0000   37.5000 9601.9893   17.2779
   -7.5000  -45.0000   45.0000 4587.1567   20.3221
    0.0000  -45.0000   45.0000 4725.6602   20.2755
    7.5000  -45.0000   45.0000 4479.9419   20.2721
   -7.5000  -37.5000   45.0000 5217.9966   19.6696
    0.0000  -37.5000   45.0000 5372.3037   19.6152
    7.5000  -37.5000   45.0000 5097.7021   19.6072
   -7.5000  -30.0000   45.0000 6072.4258   19.2440
    0.0000  -30.0000   45.0000 6254.1118   19.1895
    7.5000  -30.0000   45.0000 5959.6763   19.1874
   -7.5000  -22.5000   45.0000 6980.1147   18.9234
    0.0000  -22.5000   45.0000 7177.3359   18.8701
    7.5000  -22.5000   45.0000 6847.2319   18.8726
   -7.5000  -15.0000   45.0000 7877.8486   18.8249
    0.0000  -15.0000   45.0000 8111.4922   18.7729
    7.5000  -15.0000   45.0000 7728.1870   18.7763
   -7.5000   -7.5000   45.0000 8767.4004   18.7492
    0.0000   -7.5000   45.0000 9015.5781   18.7006
    7.5000   -7.5000   45.0000 8553.0479   18.6992
   -7.5000    0.0000   45.0000 9585.0078   18.7410
    0.0000    0.0000   45.0000 9864.3965   18.6970
    7.5000    0.0000   45.0000 9338.0947   18.6917
   -7.5000    7.5000   45.0000 9624.7920   18.7612
    0.0000    7.5000   45.0000 9937.1445   18.7126
    7.5000    7.5000   45.0000 9407.4307   18.7058
   -7.5000   15.0000   45.0000 9530.6318   18.7754
    0.0000   15.0000   45.0000 9846.3340   18.7212
    7.5000   15.0000   45.0000 9339.9258   18.7163
   -7.5000   22.5000   45.0000 9353.0732   18.7573
    0.0000   22.5000   45.0000 9660.1182   18.7039
    7.5000   22.5000   45.0000 9172.5557   18.7048
   -7.5000   30.0000   45.0000 9084.7266   18.5059
    0.0000   30.0000   45.0000 9379.4824   18.4545
    7.5000   30.0000   45.0000 8913.1416   18.4571
   -7.5000   37.5000   45.0000 9168.2373   18.4932
    0.0000   37.5000   45.0000 9459.1572   18.4452
    7.5000   37.5000   45.0000 8988.7969   18.4436
   -7.5000   45.0000   45.0000 8882.5918   18.0723
    0.0000   45.0000   45.0000 9174.5557   18.0299
    7.5000   45.0000   45.0000 8738.7139   18.0248

---------------------------------------------------------------------
imgreg_4dfp /opt/freesurfer/average/711-2C_as_mni_average_305 /opt/freesurfer/average/711-2B_as_mni_average_305_mask talsrcimg_g11 none talsrcimg_to_711-2C_as_mni_average_305_t4 4355
---------------------------------------------------------------------

freesurfer imgreg_4dfp.c
/opt/freesurfer/average/711-2C_as_mni_average_305.4dfp.img
       256       256       256         1
  1.000000  1.000000  1.000000
orientation T byte_order littleendian
Reading image: /opt/freesurfer/average/711-2C_as_mni_average_305.4dfp.img
dimensions:      256       256       256
mmppix:       1.0000   -1.0000   -1.0000
center:     128.0000 -129.0000 -129.0000
/opt/freesurfer/average/711-2B_as_mni_average_305_mask.4dfp.img
       256       256       256         1
  1.000000  1.000000  1.000000
orientation T byte_order littleendian
Reading mask: /opt/freesurfer/average/711-2B_as_mni_average_305_mask.4dfp.img (2306576 pixels)
talsrcimg_g11.4dfp.img
       256       256       256         1
  1.000000  1.000000  1.000000
orientation T byte_order littleendian
Reading image: talsrcimg_g11.4dfp.img
dimensions:      256       256       256
mmppix:       1.0000   -1.0000   -1.0000
center:     128.0000 -129.0000 -129.0000
rotation matrix determinant  1.000000
image alignment mode   4355 decimal     1103 hex
   -7.5000  -37.5000  -45.0000 1806.1284   20.2309
    0.0000  -37.5000  -45.0000 1800.4147   20.3567
    7.5000  -37.5000  -45.0000 1777.0961   21.0036
   -7.5000  -30.0000  -45.0000 1944.1965   17.5249
    0.0000  -30.0000  -45.0000 1936.9883   17.6489
    7.5000  -30.0000  -45.0000 1910.1804   18.1391
   -7.5000  -22.5000  -45.0000 2086.4653   15.4183
    0.0000  -22.5000  -45.0000 2077.3767   15.5432
    7.5000  -22.5000  -45.0000 2049.6338   15.9520
   -7.5000  -15.0000  -45.0000 2219.7539   13.7183
    0.0000  -15.0000  -45.0000 2210.8018   13.8397
    7.5000  -15.0000  -45.0000 2172.8159   14.1828
   -7.5000   -7.5000  -45.0000 2341.7078   12.4142
    0.0000   -7.5000  -45.0000 2327.6936   12.5039
    7.5000   -7.5000  -45.0000 2279.2673   12.8185
   -7.5000    0.0000  -45.0000 2433.2417   11.4234
    0.0000    0.0000  -45.0000 2415.5991   11.4781
    7.5000    0.0000  -45.0000 2372.1672   11.7887
   -7.5000    7.5000  -45.0000 2496.2910   10.7387
    0.0000    7.5000  -45.0000 2480.9050   10.7998
    7.5000    7.5000  -45.0000 2441.4443   11.0712
   -7.5000   15.0000  -45.0000 2548.3215   10.3101
    0.0000   15.0000  -45.0000 2528.7837   10.3662
    7.5000   15.0000  -45.0000 2488.1853   10.6202
   -7.5000   22.5000  -45.0000 2585.3679   10.1116
    0.0000   22.5000  -45.0000 2560.9287   10.1526
    7.5000   22.5000  -45.0000 2513.3293   10.4110
   -7.5000   30.0000  -45.0000 2585.1086   10.1913
    0.0000   30.0000  -45.0000 2561.1279   10.2197
    7.5000   30.0000  -45.0000 2506.2407   10.4403
   -7.5000   37.5000  -45.0000 2562.6050   10.4620
    0.0000   37.5000  -45.0000 2537.0566   10.4832
    7.5000   37.5000  -45.0000 2477.9578   10.6893
   -7.5000   45.0000  -45.0000 2513.7097   10.8933
    0.0000   45.0000  -45.0000 2490.7227   10.9091
    7.5000   45.0000  -45.0000 2429.2607   11.1349
   -7.5000   52.5000  -45.0000 2411.2202   11.4410
    0.0000   52.5000  -45.0000 2388.6086   11.4850
    7.5000   52.5000  -45.0000 2329.1064   11.7187
   -7.5000  -37.5000  -37.5000 1838.9247   19.4138
    0.0000  -37.5000  -37.5000 1831.5062   19.5796
    7.5000  -37.5000  -37.5000 1805.8253   20.1401
   -7.5000  -30.0000  -37.5000 1979.3838   16.7659
    0.0000  -30.0000  -37.5000 1972.5546   16.8941
    7.5000  -30.0000  -37.5000 1947.1350   17.3770
   -7.5000  -22.5000  -37.5000 2125.7651   14.6993
    0.0000  -22.5000  -37.5000 2118.1538   14.8140
    7.5000  -22.5000  -37.5000 2085.7236   15.2403
   -7.5000  -15.0000  -37.5000 2262.7246   13.0612
    0.0000  -15.0000  -37.5000 2254.1245   13.1511
    7.5000  -15.0000  -37.5000 2210.6748   13.5406
   -7.5000   -7.5000  -37.5000 2383.1023   11.7718
    0.0000   -7.5000  -37.5000 2372.4924   11.8581
    7.5000   -7.5000  -37.5000 2326.5610   12.2134
   -7.5000    0.0000  -37.5000 2482.4946   10.7995
    0.0000    0.0000  -37.5000 2470.9338   10.8941
    7.5000    0.0000  -37.5000 2426.7080   11.2117
   -7.5000    7.5000  -37.5000 2564.1375   10.1216
    0.0000    7.5000  -37.5000 2548.7571   10.1945
    7.5000    7.5000  -37.5000 2507.3906   10.4966
   -7.5000   15.0000  -37.5000 2624.0076    9.7017
    0.0000   15.0000  -37.5000 2606.7893    9.7648
    7.5000   15.0000  -37.5000 2560.8335   10.0459
   -7.5000   22.5000  -37.5000 2670.5935    9.4938
    0.0000   22.5000  -37.5000 2644.6162    9.5503
    7.5000   22.5000  -37.5000 2587.6633    9.8193
   -7.5000   30.0000  -37.5000 2677.4292    9.5680
    0.0000   30.0000  -37.5000 2651.2678    9.5981
    7.5000   30.0000  -37.5000 2587.7249    9.8340
   -7.5000   37.5000  -37.5000 2653.2939    9.8479
    0.0000   37.5000  -37.5000 2629.3687    9.8648
    7.5000   37.5000  -37.5000 2560.4133   10.0738
   -7.5000   45.0000  -37.5000 2596.7886   10.2802
    0.0000   45.0000  -37.5000 2570.9785   10.3077
    7.5000   45.0000  -37.5000 2505.9155   10.5226
   -7.5000   52.5000  -37.5000 2486.2112   10.8135
    0.0000   52.5000  -37.5000 2460.8958   10.8545
    7.5000   52.5000  -37.5000 2402.0432   11.0707
   -7.5000  -37.5000  -30.0000 1903.1758   19.4765
    0.0000  -37.5000  -30.0000 1897.6738   19.6196
    7.5000  -37.5000  -30.0000 1872.9425   20.2790
   -7.5000  -30.0000  -30.0000 2052.0493   16.7599
    0.0000  -30.0000  -30.0000 2042.9968   16.8986
    7.5000  -30.0000  -30.0000 2017.1135   17.4492
   -7.5000  -22.5000  -30.0000 2198.7437   14.6251
    0.0000  -22.5000  -30.0000 2187.1394   14.7245
    7.5000  -22.5000  -30.0000 2155.1201   15.2260
   -7.5000  -15.0000  -30.0000 2333.5803   12.9393
    0.0000  -15.0000  -30.0000 2326.3652   13.0440
    7.5000  -15.0000  -30.0000 2284.6560   13.4874
   -7.5000   -7.5000  -30.0000 2460.9629   11.6345
    0.0000   -7.5000  -30.0000 2449.6331   11.7467
    7.5000   -7.5000  -30.0000 2406.1262   12.1334
   -7.5000    0.0000  -30.0000 2578.2136   10.6555
    0.0000    0.0000  -30.0000 2564.3811   10.7468
    7.5000    0.0000  -30.0000 2517.3638   11.1013
   -7.5000    7.5000  -30.0000 2674.5327    9.9374
    0.0000    7.5000  -30.0000 2661.3398   10.0312
    7.5000    7.5000  -30.0000 2612.0493   10.3676
   -7.5000   15.0000  -30.0000 2754.5908    9.5136
    0.0000   15.0000  -30.0000 2735.1570    9.5922
    7.5000   15.0000  -30.0000 2676.8179    9.8921
   -7.5000   22.5000  -30.0000 2812.3235    9.2844
    0.0000   22.5000  -30.0000 2785.0352    9.3490
    7.5000   22.5000  -30.0000 2713.9333    9.6599
   -7.5000   30.0000  -30.0000 2827.3269    9.3462
    0.0000   30.0000  -30.0000 2798.4392    9.3865
    7.5000   30.0000  -30.0000 2723.8433    9.6622
   -7.5000   37.5000  -30.0000 2795.9922    9.6355
    0.0000   37.5000  -30.0000 2771.5298    9.6629
    7.5000   37.5000  -30.0000 2693.6643    9.8959
   -7.5000   45.0000  -30.0000 2722.6055   10.0660
    0.0000   45.0000  -30.0000 2699.7837   10.0924
    7.5000   45.0000  -30.0000 2628.6384   10.3250
   -7.5000   52.5000  -30.0000 2599.3687   10.6021
    0.0000   52.5000  -30.0000 2579.0547   10.6287
    7.5000   52.5000  -30.0000 2516.5066   10.8705
   -7.5000  -37.5000  -22.5000 1939.1754   19.4909
    0.0000  -37.5000  -22.5000 1936.1862   19.6590
    7.5000  -37.5000  -22.5000 1911.5337   20.3599
   -7.5000  -30.0000  -22.5000 2093.5442   16.8118
    0.0000  -30.0000  -22.5000 2086.9573   16.9264
    7.5000  -30.0000  -22.5000 2054.8054   17.5342
   -7.5000  -22.5000  -22.5000 2237.9207   14.5806
    0.0000  -22.5000  -22.5000 2228.0706   14.7193
    7.5000  -22.5000  -22.5000 2193.7529   15.2609
   -7.5000  -15.0000  -22.5000 2375.5662   12.8570
    0.0000  -15.0000  -22.5000 2364.8452   12.9812
    7.5000  -15.0000  -22.5000 2323.7390   13.4675
   -7.5000   -7.5000  -22.5000 2506.2222   11.5183
    0.0000   -7.5000  -22.5000 2489.6477   11.6333
    7.5000   -7.5000  -22.5000 2444.3433   12.0718
   -7.5000    0.0000  -22.5000 2630.0798   10.5081
    0.0000    0.0000  -22.5000 2611.3584   10.6057
    7.5000    0.0000  -22.5000 2559.9692   11.0105
   -7.5000    7.5000  -22.5000 2742.3831    9.7830
    0.0000    7.5000  -22.5000 2725.4895    9.8756
    7.5000    7.5000  -22.5000 2665.0508   10.2515
   -7.5000   15.0000  -22.5000 2844.1667    9.3458
    0.0000   15.0000  -22.5000 2821.5088    9.4218
    7.5000   15.0000  -22.5000 2746.6809    9.7658
   -7.5000   22.5000  -22.5000 2922.4841    9.0972
    0.0000   22.5000  -22.5000 2888.0413    9.1874
    7.5000   22.5000  -22.5000 2798.9731    9.5150
   -7.5000   30.0000  -22.5000 2941.6909    9.1389
    0.0000   30.0000  -22.5000 2907.7751    9.1814
    7.5000   30.0000  -22.5000 2814.3350    9.5118
   -7.5000   37.5000  -22.5000 2897.9805    9.4243
    0.0000   37.5000  -22.5000 2869.4492    9.4659
    7.5000   37.5000  -22.5000 2779.7476    9.7553
   -7.5000   45.0000  -22.5000 2809.5803    9.8490
    0.0000   45.0000  -22.5000 2784.1345    9.8923
    7.5000   45.0000  -22.5000 2705.8799   10.1696
   -7.5000   52.5000  -22.5000 2674.3342   10.3876
    0.0000   52.5000  -22.5000 2651.2817   10.4348
    7.5000   52.5000  -22.5000 2583.3799   10.7123
   -7.5000  -37.5000  -15.0000 1954.6019   19.6325
    0.0000  -37.5000  -15.0000 1949.2726   19.7388
    7.5000  -37.5000  -15.0000 1920.8708   20.5360
   -7.5000  -30.0000  -15.0000 2115.9277   16.8915
    0.0000  -30.0000  -15.0000 2107.4392   17.0106
    7.5000  -30.0000  -15.0000 2065.8801   17.6396
   -7.5000  -22.5000  -15.0000 2254.1011   14.5914
    0.0000  -22.5000  -15.0000 2243.7070   14.7384
    7.5000  -22.5000  -15.0000 2199.4595   15.3107
   -7.5000  -15.0000  -15.0000 2380.9810   12.8278
    0.0000  -15.0000  -15.0000 2368.4751   12.9506
    7.5000  -15.0000  -15.0000 2327.0317   13.4780
   -7.5000   -7.5000  -15.0000 2512.5908   11.4734
    0.0000   -7.5000  -15.0000 2495.8718   11.5825
    7.5000   -7.5000  -15.0000 2447.7637   12.0751
   -7.5000    0.0000  -15.0000 2643.1084   10.4386
    0.0000    0.0000  -15.0000 2624.5159   10.5371
    7.5000    0.0000  -15.0000 2565.1206   10.9943
   -7.5000    7.5000  -15.0000 2764.0784    9.6948
    0.0000    7.5000  -15.0000 2746.0203    9.7843
    7.5000    7.5000  -15.0000 2675.7788   10.2129
   -7.5000   15.0000  -15.0000 2879.0452    9.2436
    0.0000   15.0000  -15.0000 2852.1770    9.3236
    7.5000   15.0000  -15.0000 2767.3423    9.7261
   -7.5000   22.5000  -15.0000 2977.0378    8.9967
    0.0000   22.5000  -15.0000 2941.5566    9.0876
    7.5000   22.5000  -15.0000 2838.9099    9.4546
   -7.5000   30.0000  -15.0000 3010.0273    8.9914
    0.0000   30.0000  -15.0000 2972.3257    9.0779
    7.5000   30.0000  -15.0000 2856.9331    9.4475
   -7.5000   37.5000  -15.0000 2955.4788    9.2885
    0.0000   37.5000  -15.0000 2921.9680    9.3684
    7.5000   37.5000  -15.0000 2815.7859    9.6929
   -7.5000   45.0000  -15.0000 2847.3411    9.7356
    0.0000   45.0000  -15.0000 2822.4543    9.7956
    7.5000   45.0000  -15.0000 2737.9265   10.0824
   -7.5000   52.5000  -15.0000 2699.6602   10.2782
    0.0000   52.5000  -15.0000 2680.4246   10.3316
    7.5000   52.5000  -15.0000 2613.0583   10.6205
   -7.5000  -37.5000   -7.5000 1942.4656   19.8305
    0.0000  -37.5000   -7.5000 1941.2000   19.9473
    7.5000  -37.5000   -7.5000 1908.1448   20.7031
   -7.5000  -30.0000   -7.5000 2112.6213   17.0902
    0.0000  -30.0000   -7.5000 2103.2236   17.1600
    7.5000  -30.0000   -7.5000 2054.4580   17.7544
   -7.5000  -22.5000   -7.5000 2245.0461   14.7210
    0.0000  -22.5000   -7.5000 2234.7415   14.8056
    7.5000  -22.5000   -7.5000 2186.5420   15.3890
   -7.5000  -15.0000   -7.5000 2375.3860   12.9157
    0.0000  -15.0000   -7.5000 2361.7058   13.0143
    7.5000  -15.0000   -7.5000 2315.3242   13.5363
   -7.5000   -7.5000   -7.5000 2502.7458   11.5048
    0.0000   -7.5000   -7.5000 2486.3713   11.6088
    7.5000   -7.5000   -7.5000 2436.9795   12.1185
   -7.5000    0.0000   -7.5000 2630.7644   10.4601
    0.0000    0.0000   -7.5000 2614.5144   10.5619
    7.5000    0.0000   -7.5000 2553.3125   11.0233
   -7.5000    7.5000   -7.5000 2752.1140    9.6978
    0.0000    7.5000   -7.5000 2732.0706    9.7923
    7.5000    7.5000   -7.5000 2662.1833   10.2539
   -7.5000   15.0000   -7.5000 2864.7371    9.2384
    0.0000   15.0000   -7.5000 2843.1353    9.3307
    7.5000   15.0000   -7.5000 2757.9233    9.7471
   -7.5000   22.5000   -7.5000 2958.6416    8.9874
    0.0000   22.5000   -7.5000 2931.6147    9.0798
    7.5000   22.5000   -7.5000 2832.1587    9.4719
   -7.5000   30.0000   -7.5000 2986.2673    9.0357
    0.0000   30.0000   -7.5000 2961.7041    9.0925
    7.5000   30.0000   -7.5000 2853.0989    9.4582
   -7.5000   37.5000   -7.5000 2946.9087    9.3128
    0.0000   37.5000   -7.5000 2917.0508    9.3585
    7.5000   37.5000   -7.5000 2812.5657    9.6825
   -7.5000   45.0000   -7.5000 2842.6055    9.7293
    0.0000   45.0000   -7.5000 2814.4556    9.7837
    7.5000   45.0000   -7.5000 2733.2000   10.0845
   -7.5000   52.5000   -7.5000 2693.9058   10.2731
    0.0000   52.5000   -7.5000 2674.8191   10.3248
    7.5000   52.5000   -7.5000 2610.5320   10.6172
   -7.5000  -37.5000    0.0000 1910.1746   20.2411
    0.0000  -37.5000    0.0000 1905.4821   20.3980
    7.5000  -37.5000    0.0000 1875.3387   21.1734
   -7.5000  -30.0000    0.0000 2081.1179   17.3768
    0.0000  -30.0000    0.0000 2071.8931   17.4710
    7.5000  -30.0000    0.0000 2026.3602   18.0957
   -7.5000  -22.5000    0.0000 2220.7085   14.9651
    0.0000  -22.5000    0.0000 2212.6187   15.0626
    7.5000  -22.5000    0.0000 2168.0386   15.6250
   -7.5000  -15.0000    0.0000 2351.8596   13.1325
    0.0000  -15.0000    0.0000 2344.4685   13.2123
    7.5000  -15.0000    0.0000 2294.4854   13.7312
   -7.5000   -7.5000    0.0000 2475.7444   11.7353
    0.0000   -7.5000    0.0000 2464.1431   11.8095
    7.5000   -7.5000    0.0000 2411.0269   12.2929
   -7.5000    0.0000    0.0000 2603.0725   10.7114
    0.0000    0.0000    0.0000 2586.3152   10.7832
    7.5000    0.0000    0.0000 2527.1897   11.2413
   -7.5000    7.5000    0.0000 2719.7239    9.9871
    0.0000    7.5000    0.0000 2701.9165   10.0463
    7.5000    7.5000    0.0000 2634.5740   10.4762
   -7.5000   15.0000    0.0000 2825.9861    9.5243
    0.0000   15.0000    0.0000 2803.5283    9.5693
    7.5000   15.0000    0.0000 2724.1492    9.9857
   -7.5000   22.5000    0.0000 2900.7349    9.2338
    0.0000   22.5000    0.0000 2878.7034    9.2773
    7.5000   22.5000    0.0000 2795.3857    9.6945
   -7.5000   30.0000    0.0000 2922.0242    9.2848
    0.0000   30.0000    0.0000 2901.2031    9.2972
    7.5000   30.0000    0.0000 2816.3101    9.6524
   -7.5000   37.5000    0.0000 2880.9387    9.5457
    0.0000   37.5000    0.0000 2860.7427    9.5648
    7.5000   37.5000    0.0000 2775.3499    9.8753
   -7.5000   45.0000    0.0000 2797.4133    9.9691
    0.0000   45.0000    0.0000 2773.3645    9.9893
    7.5000   45.0000    0.0000 2696.9368   10.2884
   -7.5000   52.5000    0.0000 2654.0969   10.5170
    0.0000   52.5000    0.0000 2635.8354   10.5212
    7.5000   52.5000    0.0000 2575.9023   10.8173
   -7.5000  -37.5000    7.5000 1868.9031   20.9287
    0.0000  -37.5000    7.5000 1861.6105   21.0487
    7.5000  -37.5000    7.5000 1830.5524   21.8309
   -7.5000  -30.0000    7.5000 2032.2354   17.8804
    0.0000  -30.0000    7.5000 2024.0209   17.9515
    7.5000  -30.0000    7.5000 1987.3146   18.6096
   -7.5000  -22.5000    7.5000 2181.0635   15.4533
    0.0000  -22.5000    7.5000 2176.0256   15.5316
    7.5000  -22.5000    7.5000 2134.0984   16.1072
   -7.5000  -15.0000    7.5000 2317.3679   13.6128
    0.0000  -15.0000    7.5000 2306.9370   13.6790
    7.5000  -15.0000    7.5000 2261.6270   14.1965
   -7.5000   -7.5000    7.5000 2443.7852   12.2286
    0.0000   -7.5000    7.5000 2430.0981   12.2778
    7.5000   -7.5000    7.5000 2376.6118   12.7519
   -7.5000    0.0000    7.5000 2570.3801   11.2238
    0.0000    0.0000    7.5000 2551.6516   11.2667
    7.5000    0.0000    7.5000 2489.4619   11.7031
   -7.5000    7.5000    7.5000 2681.5173   10.5027
    0.0000    7.5000    7.5000 2662.6667   10.5239
    7.5000    7.5000    7.5000 2590.8892   10.9357
   -7.5000   15.0000    7.5000 2772.8508    9.9872
    0.0000   15.0000    7.5000 2750.8132   10.0300
    7.5000   15.0000    7.5000 2676.0154   10.4350
   -7.5000   22.5000    7.5000 2826.9705    9.7109
    0.0000   22.5000    7.5000 2807.2751    9.7322
    7.5000   22.5000    7.5000 2734.6890   10.1073
   -7.5000   30.0000    7.5000 2841.8494    9.7235
    0.0000   30.0000    7.5000 2824.0430    9.7287
    7.5000   30.0000    7.5000 2756.4819   10.0387
   -7.5000   37.5000    7.5000 2798.4038    9.9611
    0.0000   37.5000    7.5000 2781.5420    9.9841
    7.5000   37.5000    7.5000 2716.6042   10.2877
   -7.5000   45.0000    7.5000 2724.4236   10.3537
    0.0000   45.0000    7.5000 2701.4788   10.3841
    7.5000   45.0000    7.5000 2640.6006   10.6935
   -7.5000   52.5000    7.5000 2596.6001   10.8778
    0.0000   52.5000    7.5000 2576.7234   10.9001
    7.5000   52.5000    7.5000 2526.3491   11.1978
   -7.5000  -37.5000   15.0000 1815.1432   22.0867
    0.0000  -37.5000   15.0000 1807.3464   22.1666
    7.5000  -37.5000   15.0000 1777.3981   23.0021
   -7.5000  -30.0000   15.0000 1974.3152   18.7816
    0.0000  -30.0000   15.0000 1965.7172   18.8628
    7.5000  -30.0000   15.0000 1934.2693   19.5049
   -7.5000  -22.5000   15.0000 2127.4893   16.2250
    0.0000  -22.5000   15.0000 2119.6233   16.3206
    7.5000  -22.5000   15.0000 2084.5391   16.8919
   -7.5000  -15.0000   15.0000 2268.9167   14.3445
    0.0000  -15.0000   15.0000 2255.8562   14.3833
    7.5000  -15.0000   15.0000 2212.4575   14.8665
   -7.5000   -7.5000   15.0000 2397.8667   12.9383
    0.0000   -7.5000   15.0000 2386.2297   12.9984
    7.5000   -7.5000   15.0000 2332.4626   13.4052
   -7.5000    0.0000   15.0000 2519.9473   11.9197
    0.0000    0.0000   15.0000 2500.6917   11.9536
    7.5000    0.0000   15.0000 2439.8604   12.3391
   -7.5000    7.5000   15.0000 2623.6951   11.1623
    0.0000    7.5000   15.0000 2605.9802   11.2000
    7.5000    7.5000   15.0000 2537.0562   11.5625
   -7.5000   15.0000   15.0000 2700.7297   10.6443
    0.0000   15.0000   15.0000 2681.7827   10.6761
    7.5000   15.0000   15.0000 2613.3501   11.0347
   -7.5000   22.5000   15.0000 2743.2058   10.3586
    0.0000   22.5000   15.0000 2726.9736   10.3782
    7.5000   22.5000   15.0000 2663.6016   10.7033
   -7.5000   30.0000   15.0000 2748.7769   10.3362
    0.0000   30.0000   15.0000 2732.0032   10.3431
    7.5000   30.0000   15.0000 2674.3511   10.6337
   -7.5000   37.5000   15.0000 2704.7751   10.5489
    0.0000   37.5000   15.0000 2685.7061   10.5677
    7.5000   37.5000   15.0000 2635.1021   10.8595
   -7.5000   45.0000   15.0000 2635.7004   10.9309
    0.0000   45.0000   15.0000 2615.1841   10.9662
    7.5000   45.0000   15.0000 2565.1155   11.2608
   -7.5000   52.5000   15.0000 2521.0930   11.4309
    0.0000   52.5000   15.0000 2500.1736   11.4688
    7.5000   52.5000   15.0000 2455.4102   11.7467
   -7.5000  -37.5000   22.5000 1760.7059   23.6490
    0.0000  -37.5000   22.5000 1747.2261   23.7331
    7.5000  -37.5000   22.5000 1718.7899   24.6197
   -7.5000  -30.0000   22.5000 1915.4501   20.0186
    0.0000  -30.0000   22.5000 1904.5854   20.1424
    7.5000  -30.0000   22.5000 1876.4712   20.7716
   -7.5000  -22.5000   22.5000 2071.4275   17.2966
    0.0000  -22.5000   22.5000 2058.7661   17.3694
    7.5000  -22.5000   22.5000 2026.7512   17.9132
   -7.5000  -15.0000   22.5000 2212.4414   15.2771
    0.0000  -15.0000   22.5000 2196.5449   15.3423
    7.5000  -15.0000   22.5000 2156.7559   15.7845
   -7.5000   -7.5000   22.5000 2344.3604   13.8651
    0.0000   -7.5000   22.5000 2327.1404   13.8876
    7.5000   -7.5000   22.5000 2276.1936   14.2707
   -7.5000    0.0000   22.5000 2454.5461   12.7787
    0.0000    0.0000   22.5000 2436.0854   12.8284
    7.5000    0.0000   22.5000 2380.5273   13.1682
   -7.5000    7.5000   22.5000 2550.3723   11.9985
    0.0000    7.5000   22.5000 2534.3652   12.0396
    7.5000    7.5000   22.5000 2472.2546   12.3539
   -7.5000   15.0000   22.5000 2618.6052   11.4479
    0.0000   15.0000   22.5000 2600.6025   11.4712
    7.5000   15.0000   22.5000 2541.4358   11.7824
   -7.5000   22.5000   22.5000 2649.9468   11.1403
    0.0000   22.5000   22.5000 2637.8130   11.1647
    7.5000   22.5000   22.5000 2584.6394   11.4495
   -7.5000   30.0000   22.5000 2645.5920   11.1049
    0.0000   30.0000   22.5000 2629.0508   11.1191
    7.5000   30.0000   22.5000 2583.0352   11.3938
   -7.5000   37.5000   22.5000 2604.9641   11.2781
    0.0000   37.5000   22.5000 2588.4844   11.3005
    7.5000   37.5000   22.5000 2551.0391   11.5695
   -7.5000   45.0000   22.5000 2543.4531   11.6403
    0.0000   45.0000   22.5000 2529.9077   11.6761
    7.5000   45.0000   22.5000 2492.1379   11.9569
   -7.5000   52.5000   22.5000 2440.3474   12.1275
    0.0000   52.5000   22.5000 2421.8435   12.1563
    7.5000   52.5000   22.5000 2384.5200   12.4214
   -7.5000  -37.5000   30.0000 1697.4589   25.5029
    0.0000  -37.5000   30.0000 1685.0319   25.6666
    7.5000  -37.5000   30.0000 1658.6595   26.6175
   -7.5000  -30.0000   30.0000 1848.7653   21.4756
    0.0000  -30.0000   30.0000 1837.8817   21.6554
    7.5000  -30.0000   30.0000 1813.7051   22.3859
   -7.5000  -22.5000   30.0000 2006.0870   18.5737
    0.0000  -22.5000   30.0000 1991.3318   18.6738
    7.5000  -22.5000   30.0000 1963.1392   19.2516
   -7.5000  -15.0000   30.0000 2146.6362   16.4345
    0.0000  -15.0000   30.0000 2128.4377   16.5015
    7.5000  -15.0000   30.0000 2091.2971   16.9465
   -7.5000   -7.5000   30.0000 2275.4265   14.9324
    0.0000   -7.5000   30.0000 2255.2434   14.9849
    7.5000   -7.5000   30.0000 2207.5715   15.3220
   -7.5000    0.0000   30.0000 2380.8159   13.7865
    0.0000    0.0000   30.0000 2362.5183   13.8500
    7.5000    0.0000   30.0000 2309.4194   14.1562
   -7.5000    7.5000   30.0000 2465.8591   12.9590
    0.0000    7.5000   30.0000 2451.4338   13.0013
    7.5000    7.5000   30.0000 2398.6680   13.3011
   -7.5000   15.0000   30.0000 2521.7781   12.3759
    0.0000   15.0000   30.0000 2508.7122   12.4036
    7.5000   15.0000   30.0000 2459.5288   12.7007
   -7.5000   22.5000   30.0000 2549.6685   12.0454
    0.0000   22.5000   30.0000 2537.7686   12.0760
    7.5000   22.5000   30.0000 2493.3584   12.3652
   -7.5000   30.0000   30.0000 2538.8467   12.0000
    0.0000   30.0000   30.0000 2526.8572   12.0328
    7.5000   30.0000   30.0000 2485.2842   12.2924
   -7.5000   37.5000   30.0000 2501.6562   12.1508
    0.0000   37.5000   30.0000 2487.1575   12.1709
    7.5000   37.5000   30.0000 2456.8245   12.4227
   -7.5000   45.0000   30.0000 2452.7690   12.5275
    0.0000   45.0000   30.0000 2438.5134   12.5603
    7.5000   45.0000   30.0000 2403.8069   12.7948
   -7.5000   52.5000   30.0000 2354.7329   12.9582
    0.0000   52.5000   30.0000 2342.3633   13.0019
    7.5000   52.5000   30.0000 2306.9834   13.2436
   -7.5000  -37.5000   37.5000 1631.3738   27.7830
    0.0000  -37.5000   37.5000 1619.1909   27.9389
    7.5000  -37.5000   37.5000 1595.5619   28.9405
   -7.5000  -30.0000   37.5000 1780.7377   23.2932
    0.0000  -30.0000   37.5000 1768.1390   23.4504
    7.5000  -30.0000   37.5000 1745.7722   24.3049
   -7.5000  -22.5000   37.5000 1935.1505   20.1313
    0.0000  -22.5000   37.5000 1918.4310   20.2468
    7.5000  -22.5000   37.5000 1896.2498   20.9166
   -7.5000  -15.0000   37.5000 2073.9282   17.8190
    0.0000  -15.0000   37.5000 2055.9524   17.9508
    7.5000  -15.0000   37.5000 2021.3041   18.4240
   -7.5000   -7.5000   37.5000 2200.7192   16.2064
    0.0000   -7.5000   37.5000 2177.8816   16.2860
    7.5000   -7.5000   37.5000 2133.5396   16.6621
   -7.5000    0.0000   37.5000 2301.3242   14.9711
    0.0000    0.0000   37.5000 2281.2295   15.0548
    7.5000    0.0000   37.5000 2232.9404   15.4009
   -7.5000    7.5000   37.5000 2381.5208   14.0878
    0.0000    7.5000   37.5000 2366.4302   14.1375
    7.5000    7.5000   37.5000 2318.2639   14.4394
   -7.5000   15.0000   37.5000 2425.8118   13.4479
    0.0000   15.0000   37.5000 2416.3979   13.4846
    7.5000   15.0000   37.5000 2369.7871   13.7712
   -7.5000   22.5000   37.5000 2445.9294   13.1019
    0.0000   22.5000   37.5000 2435.3274   13.1501
    7.5000   22.5000   37.5000 2393.5100   13.4388
   -7.5000   30.0000   37.5000 2433.2834   13.0236
    0.0000   30.0000   37.5000 2423.6206   13.0770
    7.5000   30.0000   37.5000 2384.3538   13.3355
   -7.5000   37.5000   37.5000 2405.8853   13.1637
    0.0000   37.5000   37.5000 2396.8821   13.2071
    7.5000   37.5000   37.5000 2363.5542   13.4412
   -7.5000   45.0000   37.5000 2357.4822   13.5363
    0.0000   45.0000   37.5000 2346.6074   13.5642
    7.5000   45.0000   37.5000 2312.9270   13.8108
   -7.5000   52.5000   37.5000 2268.7205   13.9636
    0.0000   52.5000   37.5000 2255.4114   14.0063
    7.5000   52.5000   37.5000 2221.3921   14.2376
   -7.5000  -37.5000   45.0000 1563.0409   30.6000
    0.0000  -37.5000   45.0000 1550.3770   30.8195
    7.5000  -37.5000   45.0000 1527.9874   32.0446
   -7.5000  -30.0000   45.0000 1703.3979   25.5744
    0.0000  -30.0000   45.0000 1693.6321   25.7612
    7.5000  -30.0000   45.0000 1669.9875   26.7832
   -7.5000  -22.5000   45.0000 1852.6176   22.1105
    0.0000  -22.5000   45.0000 1837.5641   22.2100
    7.5000  -22.5000   45.0000 1815.9415   23.0022
   -7.5000  -15.0000   45.0000 1990.0750   19.5746
    0.0000  -15.0000   45.0000 1971.8262   19.6992
    7.5000  -15.0000   45.0000 1939.9878   20.2686
   -7.5000   -7.5000   45.0000 2113.8403   17.7981
    0.0000   -7.5000   45.0000 2091.7004   17.8722
    7.5000   -7.5000   45.0000 2047.7053   18.3200
   -7.5000    0.0000   45.0000 2212.1680   16.4659
    0.0000    0.0000   45.0000 2189.8230   16.5188
    7.5000    0.0000   45.0000 2143.6689   16.8933
   -7.5000    7.5000   45.0000 2280.7070   15.4540
    0.0000    7.5000   45.0000 2266.8013   15.4946
    7.5000    7.5000   45.0000 2221.6282   15.8412
   -7.5000   15.0000   45.0000 2319.0686   14.7247
    0.0000   15.0000   45.0000 2308.1716   14.7706
    7.5000   15.0000   45.0000 2268.9761   15.1080
   -7.5000   22.5000   45.0000 2335.0747   14.3530
    0.0000   22.5000   45.0000 2325.5071   14.4040
    7.5000   22.5000   45.0000 2288.0640   14.7268
   -7.5000   30.0000   45.0000 2324.9873   14.1808
    0.0000   30.0000   45.0000 2314.1089   14.2611
    7.5000   30.0000   45.0000 2278.8452   14.5361
   -7.5000   37.5000   45.0000 2308.7380   14.2722
    0.0000   37.5000   45.0000 2297.5254   14.3370
    7.5000   37.5000   45.0000 2261.9993   14.5895
   -7.5000   45.0000   45.0000 2251.9771   14.6787
    0.0000   45.0000   45.0000 2241.6704   14.7498
    7.5000   45.0000   45.0000 2214.3831   14.9925
   -7.5000   52.5000   45.0000 2170.3403   15.1223
    0.0000   52.5000   45.0000 2155.8301   15.2064
    7.5000   52.5000   45.0000 2129.7974   15.4380

---------------------------------------------------------------------
imgreg_4dfp /opt/freesurfer/average/711-2C_as_mni_average_305 /opt/freesurfer/average/711-2B_as_mni_average_305_mask talsrcimg_g11 none talsrcimg_to_711-2C_as_mni_average_305_t4 1283
---------------------------------------------------------------------

freesurfer imgreg_4dfp.c
/opt/freesurfer/average/711-2C_as_mni_average_305.4dfp.img
       256       256       256         1
  1.000000  1.000000  1.000000
orientation T byte_order littleendian
Reading image: /opt/freesurfer/average/711-2C_as_mni_average_305.4dfp.img
dimensions:      256       256       256
mmppix:       1.0000   -1.0000   -1.0000
center:     128.0000 -129.0000 -129.0000
/opt/freesurfer/average/711-2B_as_mni_average_305_mask.4dfp.img
       256       256       256         1
  1.000000  1.000000  1.000000
orientation T byte_order littleendian
Reading mask: /opt/freesurfer/average/711-2B_as_mni_average_305_mask.4dfp.img (2306576 pixels)
talsrcimg_g11.4dfp.img
       256       256       256         1
  1.000000  1.000000  1.000000
orientation T byte_order littleendian
Reading image: talsrcimg_g11.4dfp.img
dimensions:      256       256       256
mmppix:       1.0000   -1.0000   -1.0000
center:     128.0000 -129.0000 -129.0000
rotation matrix determinant  1.000000
fimgreg.f
image alignment mode   1283 decimal      503 hex
parameters
   -7.5000   30.0000  -15.0000    0.0000    0.0000    0.0000
eta,q 0.94544  8.94649
niter,ni,del,rscale     5    3   12.0000    1.2000
parameters
   -6.3447   28.1068  -12.9154   -1.8307    0.8390    0.6641
eta,q 0.94721  8.86804
  0.0772  0.0599  0.0649  0.0561  0.0615  0.0599
  0.0669  0.0561  0.0630  0.0531  0.0575  0.0571
  0.0597  0.0555  0.0585  0.0529  0.0545  0.0541
  0.0564  0.0568  0.0554  0.0542  0.0530  0.0529
  0.0577  0.0596  0.0542  0.0554  0.0530  0.0531
  0.0610  0.0632  0.0549  0.0577  0.0550  0.0549
  0.0648  0.0689  0.0585  0.0606  0.0579  0.0577
niter,ni,del,rscale     4    3   12.0000    1.2000
parameters
   -6.3381   29.2564  -13.4988   -3.2952    1.0870    0.4421
eta,q 0.94802  8.89334
  0.0673  0.0677  0.0593  0.0564  0.0595  0.0575
  0.0583  0.0610  0.0563  0.0522  0.0558  0.0545
  0.0533  0.0552  0.0541  0.0517  0.0532  0.0524
  0.0528  0.0528  0.0531  0.0532  0.0520  0.0520
  0.0549  0.0537  0.0543  0.0550  0.0529  0.0529
  0.0597  0.0560  0.0579  0.0570  0.0553  0.0551
  0.0657  0.0592  0.0629  0.0603  0.0582  0.0582
niter,ni,del,rscale     3    3   12.0000    1.2000
parameters
   -6.3623   30.0752  -13.9349   -4.1392    1.1518    0.1856
eta,q 0.94833  8.93008
  0.0666  0.0659  0.0585  0.0574  0.0588  0.0568
  0.0577  0.0594  0.0562  0.0530  0.0551  0.0540
  0.0527  0.0538  0.0536  0.0510  0.0525  0.0521
  0.0520  0.0520  0.0523  0.0524  0.0517  0.0517
  0.0542  0.0534  0.0534  0.0545  0.0528  0.0525
  0.0592  0.0560  0.0568  0.0564  0.0554  0.0548
  0.0655  0.0595  0.0616  0.0593  0.0581  0.0577
niter,ni,del,rscale     2    3   12.0000    1.2000
parameters
   -6.3300   30.5418  -14.0619   -4.6197    1.1284    0.0377
eta,q 0.94844  8.95203
  0.0663  0.0647  0.0590  0.0580  0.0584  0.0568
  0.0577  0.0586  0.0567  0.0539  0.0548  0.0540
  0.0525  0.0529  0.0537  0.0511  0.0522  0.0521
  0.0517  0.0517  0.0520  0.0520  0.0516  0.0516
  0.0538  0.0537  0.0528  0.0542  0.0529  0.0523
  0.0585  0.0567  0.0560  0.0561  0.0553  0.0544
  0.0648  0.0605  0.0607  0.0587  0.0580  0.0573
niter,ni,del,rscale     1    3   12.0000    1.2000
parameters
   -6.2967   30.8090  -14.0746   -4.8967    1.1057   -0.0233
eta,q 0.94841  8.96328
  0.0659  0.0642  0.0594  0.0585  0.0584  0.0568
  0.0574  0.0580  0.0568  0.0545  0.0548  0.0539
  0.0524  0.0524  0.0537  0.0512  0.0522  0.0521
  0.0516  0.0516  0.0518  0.0518  0.0516  0.0516
  0.0537  0.0539  0.0527  0.0540  0.0529  0.0521
  0.0582  0.0572  0.0559  0.0560  0.0553  0.0541
  0.0645  0.0612  0.0605  0.0584  0.0580  0.0571
registration optimization eta report
parameter search radius
    6.0000    6.0000    6.0000    6.0000    6.0000    6.0000
100000*second partial in parameter space
       38.       30.       22.       18.       18.       15.
  0.0659  0.0642  0.0594  0.0585  0.0584  0.0568
  0.0574  0.0580  0.0568  0.0545  0.0548  0.0539
  0.0524  0.0524  0.0537  0.0512  0.0522  0.0521
  0.0516  0.0516  0.0518  0.0518  0.0516  0.0516
  0.0537  0.0539  0.0527  0.0540  0.0529  0.0521
  0.0582  0.0572  0.0559  0.0560  0.0553  0.0541
  0.0645  0.0612  0.0605  0.0584  0.0580  0.0571
   -6.2967   30.8090  -14.0746   -4.8967    1.1057   -0.0233
eta,q 0.94841  8.96328

---------------------------------------------------------------------
imgreg_4dfp /opt/freesurfer/average/711-2C_as_mni_average_305 /opt/freesurfer/average/711-2B_as_mni_average_305_mask talsrcimg_g11 none talsrcimg_to_711-2C_as_mni_average_305_t4 3335
---------------------------------------------------------------------

freesurfer imgreg_4dfp.c
/opt/freesurfer/average/711-2C_as_mni_average_305.4dfp.img
       256       256       256         1
  1.000000  1.000000  1.000000
orientation T byte_order littleendian
Reading image: /opt/freesurfer/average/711-2C_as_mni_average_305.4dfp.img
dimensions:      256       256       256
mmppix:       1.0000   -1.0000   -1.0000
center:     128.0000 -129.0000 -129.0000
/opt/freesurfer/average/711-2B_as_mni_average_305_mask.4dfp.img
       256       256       256         1
  1.000000  1.000000  1.000000
orientation T byte_order littleendian
Reading mask: /opt/freesurfer/average/711-2B_as_mni_average_305_mask.4dfp.img (2306576 pixels)
talsrcimg_g11.4dfp.img
       256       256       256         1
  1.000000  1.000000  1.000000
orientation T byte_order littleendian
Reading image: talsrcimg_g11.4dfp.img
dimensions:      256       256       256
mmppix:       1.0000   -1.0000   -1.0000
center:     128.0000 -129.0000 -129.0000
fimgreg.f
image alignment mode   3335 decimal      D07 hex
parameters
   -6.2967   30.8090  -14.0746   -0.0186   -0.3650   -0.3835
    0.2052   -1.9192   -0.0407    8.5367    1.9297   -8.5344
eta,q 0.95007  8.91908
niter,ni,del,rscale     5    3    5.0000    1.2000
parameter  4  3.977834 ->  0.500000 qaram    1.1500
parameter  5  3.573211 ->  0.500000 qaram    1.1500
parameter  6  0.690809 ->  0.500000 qaram    1.1500
parameters
   -5.9243   31.3280  -13.9975   -4.1586   -4.5050   -4.5235
   -1.4287   -0.9881    0.5997    7.0287    1.0199   -8.4549
eta,q 0.96565  8.37003
  0.0532  0.0517  0.0517  0.0377  0.0336  0.0353  0.0361  0.0408  0.0363  0.0363  0.0353  0.0355
  0.0516  0.0508  0.0507  0.0412  0.0360  0.0348  0.0351  0.0379  0.0354  0.0351  0.0347  0.0349
  0.0505  0.0502  0.0501  0.0452  0.0389  0.0351  0.0347  0.0357  0.0348  0.0344  0.0344  0.0345
  0.0499  0.0499  0.0498  0.0498  0.0422  0.0367  0.0348  0.0346  0.0345  0.0345  0.0344  0.0344
  0.0499  0.0498  0.0500  0.0549  0.0457  0.0397  0.0354  0.0347  0.0346  0.0353  0.0346  0.0345
  0.0505  0.0500  0.0505  0.0601  0.0494  0.0423  0.0366  0.0361  0.0350  0.0368  0.0352  0.0348
  0.0517  0.0506  0.0515  0.0654  0.0536  0.0468  0.0383  0.0384  0.0358  0.0386  0.0360  0.0355
niter,ni,del,rscale     7    3    5.0000    1.2000
parameter  4  1.309698 ->  0.500000 qaram    1.3225
parameter  5  1.192778 ->  0.500000 qaram    1.3225
parameters
   -5.9492   31.6868  -14.5622   -8.9196   -9.2660   -5.7462
   -0.9727   -0.5312    0.9470    7.5951    1.0234   -8.6247
eta,q 0.97484  7.97820
  0.0376  0.0371  0.0352  0.0272  0.0242  0.0278  0.0290  0.0311  0.0276  0.0286  0.0262  0.0263
  0.0357  0.0357  0.0345  0.0281  0.0247  0.0264  0.0271  0.0283  0.0264  0.0270  0.0256  0.0257
  0.0346  0.0348  0.0342  0.0305  0.0262  0.0257  0.0258  0.0262  0.0256  0.0258  0.0253  0.0253
  0.0343  0.0344  0.0343  0.0342  0.0286  0.0250  0.0253  0.0253  0.0252  0.0252  0.0252  0.0252
  0.0348  0.0344  0.0348  0.0387  0.0316  0.0256  0.0255  0.0256  0.0254  0.0253  0.0253  0.0253
  0.0358  0.0349  0.0357  0.0442  0.0354  0.0279  0.0265  0.0272  0.0261  0.0262  0.0256  0.0258
  0.0377  0.0358  0.0368  0.0501  0.0394  0.0304  0.0282  0.0300  0.0272  0.0278  0.0262  0.0265
niter,ni,del,rscale     7    3    5.0000    1.2000
parameters
   -6.0355   32.2105  -14.6815  -13.3085  -12.8913   -5.5488
   -0.7324   -0.7029    1.2053    8.6679    0.9363   -8.9831
eta,q 0.97660  7.71926
  0.0290  0.0291  0.0264  0.0255  0.0252  0.0263  0.0265  0.0277  0.0256  0.0268  0.0242  0.0244
  0.0268  0.0273  0.0255  0.0244  0.0240  0.0248  0.0250  0.0255  0.0245  0.0252  0.0237  0.0239
  0.0255  0.0259  0.0251  0.0241  0.0235  0.0241  0.0239  0.0240  0.0238  0.0241  0.0235  0.0235
  0.0252  0.0251  0.0250  0.0250  0.0241  0.0236  0.0235  0.0235  0.0235  0.0235  0.0234  0.0234
  0.0257  0.0250  0.0253  0.0279  0.0259  0.0233  0.0238  0.0241  0.0237  0.0235  0.0235  0.0236
  0.0272  0.0256  0.0258  0.0324  0.0286  0.0244  0.0247  0.0257  0.0243  0.0241  0.0237  0.0240
  0.0295  0.0268  0.0266  0.0382  0.0324  0.0264  0.0262  0.0283  0.0254  0.0254  0.0242  0.0247
niter,ni,del,rscale     6    3    5.0000    1.2000
parameters
   -5.9205   32.5552  -14.4701  -13.7569  -13.5417   -5.2257
   -0.7647   -0.6111    1.1963    9.0871    0.7988   -9.2108
eta,q 0.97667  7.69314
  0.0274  0.0269  0.0250  0.0274  0.0268  0.0262  0.0261  0.0279  0.0252  0.0262  0.0240  0.0244
  0.0253  0.0251  0.0241  0.0255  0.0251  0.0248  0.0247  0.0256  0.0242  0.0247  0.0236  0.0238
  0.0240  0.0239  0.0236  0.0241  0.0239  0.0240  0.0237  0.0239  0.0236  0.0238  0.0234  0.0235
  0.0234  0.0234  0.0234  0.0233  0.0234  0.0234  0.0233  0.0233  0.0233  0.0233  0.0233  0.0233
  0.0237  0.0235  0.0235  0.0236  0.0239  0.0231  0.0237  0.0238  0.0235  0.0235  0.0234  0.0235
  0.0248  0.0241  0.0238  0.0254  0.0256  0.0242  0.0247  0.0253  0.0242  0.0242  0.0237  0.0239
  0.0268  0.0253  0.0245  0.0290  0.0282  0.0262  0.0262  0.0278  0.0253  0.0257  0.0241  0.0246
niter,ni,del,rscale     5    3    5.0000    1.2000
parameters
   -5.8946   32.6318  -14.3827  -13.7050  -13.6393   -5.0777
   -0.7610   -0.5776    1.2058    9.1721    0.7539   -9.2635
eta,q 0.97672  7.69756
  0.0270  0.0261  0.0248  0.0277  0.0270  0.0261  0.0261  0.0278  0.0252  0.0259  0.0240  0.0244
  0.0251  0.0246  0.0240  0.0257  0.0253  0.0247  0.0246  0.0255  0.0242  0.0245  0.0236  0.0238
  0.0238  0.0236  0.0235  0.0242  0.0240  0.0240  0.0236  0.0238  0.0235  0.0236  0.0234  0.0235
  0.0233  0.0233  0.0233  0.0233  0.0233  0.0233  0.0233  0.0233  0.0233  0.0233  0.0233  0.0233
  0.0237  0.0236  0.0235  0.0234  0.0236  0.0230  0.0236  0.0238  0.0235  0.0235  0.0234  0.0234
  0.0249  0.0244  0.0239  0.0248  0.0251  0.0243  0.0246  0.0253  0.0241  0.0243  0.0236  0.0238
  0.0269  0.0257  0.0246  0.0283  0.0275  0.0264  0.0261  0.0278  0.0252  0.0259  0.0241  0.0244
niter,ni,del,rscale     4    3    5.0000    1.2000
parameters
   -5.8923   32.6396  -14.3487  -13.6891  -13.6509   -5.0042
   -0.7578   -0.5710    1.2113    9.1813    0.7486   -9.2627
eta,q 0.97674  7.70052
  0.0269  0.0259  0.0248  0.0276  0.0271  0.0260  0.0261  0.0278  0.0251  0.0258  0.0240  0.0244
  0.0250  0.0244  0.0239  0.0256  0.0253  0.0247  0.0246  0.0254  0.0242  0.0245  0.0236  0.0238
  0.0238  0.0235  0.0234  0.0241  0.0239  0.0240  0.0236  0.0238  0.0235  0.0236  0.0233  0.0234
  0.0233  0.0233  0.0233  0.0233  0.0233  0.0233  0.0233  0.0233  0.0233  0.0233  0.0233  0.0233
  0.0237  0.0236  0.0234  0.0233  0.0235  0.0230  0.0236  0.0237  0.0235  0.0235  0.0233  0.0234
  0.0249  0.0245  0.0239  0.0248  0.0250  0.0244  0.0246  0.0253  0.0241  0.0243  0.0236  0.0238
  0.0270  0.0258  0.0246  0.0283  0.0274  0.0264  0.0261  0.0278  0.0252  0.0259  0.0240  0.0244
niter,ni,del,rscale     3    3    5.0000    1.2000
parameters
   -5.8918   32.6389  -14.3275  -13.6849  -13.6526   -4.9776
   -0.7586   -0.5692    1.2120    9.1728    0.7389   -9.2588
eta,q 0.97675  7.70155
  0.0269  0.0259  0.0247  0.0276  0.0271  0.0260  0.0261  0.0277  0.0251  0.0258  0.0240  0.0244
  0.0250  0.0244  0.0239  0.0256  0.0253  0.0247  0.0246  0.0254  0.0241  0.0244  0.0236  0.0238
  0.0237  0.0235  0.0234  0.0241  0.0239  0.0240  0.0236  0.0238  0.0235  0.0236  0.0233  0.0234
  0.0233  0.0233  0.0233  0.0233  0.0233  0.0233  0.0233  0.0233  0.0233  0.0233  0.0233  0.0233
  0.0236  0.0236  0.0234  0.0233  0.0235  0.0230  0.0236  0.0237  0.0234  0.0235  0.0233  0.0234
  0.0249  0.0245  0.0239  0.0248  0.0250  0.0244  0.0246  0.0253  0.0241  0.0244  0.0236  0.0238
  0.0270  0.0258  0.0246  0.0284  0.0274  0.0264  0.0261  0.0278  0.0252  0.0259  0.0240  0.0244
registration optimization eta report
parameter search radius
    2.4000    2.4000    2.4000    9.5220    9.5220    8.2800
    7.2000    7.2000    7.2000    7.2000    7.2000    7.2000
100000*second partial in parameter space
       64.       45.       25.        5.        4.        4.
        5.        9.        4.        5.        2.        2.
  0.0269  0.0259  0.0247  0.0276  0.0271  0.0260  0.0261  0.0277  0.0251  0.0258  0.0240  0.0244
  0.0250  0.0244  0.0239  0.0256  0.0253  0.0247  0.0246  0.0254  0.0241  0.0244  0.0236  0.0238
  0.0237  0.0235  0.0234  0.0241  0.0239  0.0240  0.0236  0.0238  0.0235  0.0236  0.0233  0.0234
  0.0233  0.0233  0.0233  0.0233  0.0233  0.0233  0.0233  0.0233  0.0233  0.0233  0.0233  0.0233
  0.0236  0.0236  0.0234  0.0233  0.0235  0.0230  0.0236  0.0237  0.0234  0.0235  0.0233  0.0234
  0.0249  0.0245  0.0239  0.0248  0.0250  0.0244  0.0246  0.0253  0.0241  0.0244  0.0236  0.0238
  0.0270  0.0258  0.0246  0.0284  0.0274  0.0264  0.0261  0.0278  0.0252  0.0259  0.0240  0.0244
   -5.8918   32.6389  -14.3275  -13.6849  -13.6526   -4.9776
   -0.7586   -0.5692    1.2120    9.1728    0.7389   -9.2588
eta,q 0.97675  7.70155

---------------------------------------------------------------------
imgreg_4dfp /opt/freesurfer/average/711-2C_as_mni_average_305 /opt/freesurfer/average/711-2B_as_mni_average_305_mask talsrcimg_g11 none talsrcimg_to_711-2C_as_mni_average_305_t4 2311
---------------------------------------------------------------------

freesurfer imgreg_4dfp.c
/opt/freesurfer/average/711-2C_as_mni_average_305.4dfp.img
       256       256       256         1
  1.000000  1.000000  1.000000
orientation T byte_order littleendian
Reading image: /opt/freesurfer/average/711-2C_as_mni_average_305.4dfp.img
dimensions:      256       256       256
mmppix:       1.0000   -1.0000   -1.0000
center:     128.0000 -129.0000 -129.0000
/opt/freesurfer/average/711-2B_as_mni_average_305_mask.4dfp.img
       256       256       256         1
  1.000000  1.000000  1.000000
orientation T byte_order littleendian
Reading mask: /opt/freesurfer/average/711-2B_as_mni_average_305_mask.4dfp.img (2306576 pixels)
talsrcimg_g11.4dfp.img
       256       256       256         1
  1.000000  1.000000  1.000000
orientation T byte_order littleendian
Reading image: talsrcimg_g11.4dfp.img
dimensions:      256       256       256
mmppix:       1.0000   -1.0000   -1.0000
center:     128.0000 -129.0000 -129.0000
fimgreg.f
image alignment mode   2311 decimal      907 hex
parameters
   -5.8918   32.6389  -14.3275  -13.6849  -13.6526   -4.9776
   -0.7586   -0.5692    1.2120    9.1728    0.7389   -9.2588
eta,q 0.97675  7.70154
niter,ni,del,rscale     5    3    5.0000    0.8000
parameters
   -5.8682   32.5985  -14.3462  -12.4583  -13.1203   -3.8289
   -0.6915   -0.3937    1.2928    9.2356    0.8128   -9.6848
eta,q 0.97714  7.80729
  0.0250  0.0244  0.0239  0.0248  0.0245  0.0244  0.0243  0.0255  0.0238  0.0242  0.0233  0.0233
  0.0241  0.0237  0.0235  0.0241  0.0238  0.0240  0.0235  0.0241  0.0233  0.0235  0.0231  0.0231
  0.0235  0.0234  0.0233  0.0236  0.0234  0.0237  0.0230  0.0232  0.0230  0.0231  0.0229  0.0229
  0.0233  0.0232  0.0232  0.0233  0.0232  0.0231  0.0229  0.0229  0.0229  0.0229  0.0229  0.0229
  0.0234  0.0234  0.0233  0.0232  0.0232  0.0228  0.0230  0.0231  0.0229  0.0230  0.0229  0.0229
  0.0240  0.0238  0.0236  0.0233  0.0234  0.0230  0.0235  0.0239  0.0233  0.0234  0.0231  0.0232
  0.0249  0.0245  0.0239  0.0238  0.0241  0.0239  0.0242  0.0252  0.0238  0.0242  0.0233  0.0235
niter,ni,del,rscale     4    3    5.0000    0.7000
parameters
   -5.9181   32.5533  -14.0765  -12.4807  -13.0585   -3.3659
   -0.6908   -0.4583    1.3124    9.2319    0.5960   -9.5489
eta,q 0.97724  7.82399
  0.0241  0.0238  0.0237  0.0238  0.0238  0.0241  0.0238  0.0247  0.0235  0.0238  0.0231  0.0232
  0.0234  0.0232  0.0233  0.0233  0.0233  0.0238  0.0232  0.0236  0.0231  0.0233  0.0229  0.0230
  0.0230  0.0229  0.0230  0.0230  0.0230  0.0233  0.0229  0.0230  0.0228  0.0229  0.0228  0.0228
  0.0229  0.0229  0.0229  0.0228  0.0228  0.0228  0.0228  0.0228  0.0228  0.0228  0.0228  0.0228
  0.0230  0.0230  0.0228  0.0229  0.0229  0.0227  0.0229  0.0230  0.0228  0.0229  0.0228  0.0228
  0.0235  0.0233  0.0230  0.0232  0.0232  0.0231  0.0232  0.0237  0.0231  0.0232  0.0230  0.0229
  0.0243  0.0239  0.0232  0.0239  0.0238  0.0240  0.0238  0.0248  0.0235  0.0239  0.0232  0.0232
niter,ni,del,rscale     3    3    5.0000    0.6000
parameters
   -5.9413   32.5297  -13.8961  -12.4196  -13.0468   -2.9816
   -0.6835   -0.4677    1.3436    9.2085    0.4163   -9.4860
eta,q 0.97732  7.83857
  0.0237  0.0234  0.0234  0.0235  0.0234  0.0239  0.0235  0.0242  0.0232  0.0235  0.0230  0.0230
  0.0232  0.0230  0.0231  0.0231  0.0231  0.0235  0.0230  0.0234  0.0229  0.0231  0.0228  0.0229
  0.0228  0.0228  0.0228  0.0228  0.0228  0.0231  0.0228  0.0229  0.0228  0.0228  0.0227  0.0227
  0.0228  0.0227  0.0227  0.0227  0.0227  0.0227  0.0227  0.0227  0.0227  0.0227  0.0227  0.0227
  0.0229  0.0228  0.0228  0.0228  0.0228  0.0227  0.0228  0.0229  0.0227  0.0228  0.0227  0.0227
  0.0232  0.0231  0.0229  0.0230  0.0230  0.0230  0.0230  0.0234  0.0229  0.0230  0.0228  0.0228
  0.0238  0.0235  0.0231  0.0235  0.0234  0.0237  0.0235  0.0242  0.0232  0.0235  0.0230  0.0230
niter,ni,del,rscale     2    3    5.0000    0.5000
parameters
   -5.9594   32.5105  -13.7547  -12.3743  -13.0477   -2.6898
   -0.6799   -0.4714    1.3835    9.1838    0.3012   -9.4086
eta,q 0.97735  7.84893
  0.0234  0.0232  0.0231  0.0232  0.0232  0.0236  0.0232  0.0237  0.0230  0.0232  0.0229  0.0229
  0.0230  0.0229  0.0229  0.0229  0.0229  0.0233  0.0229  0.0231  0.0228  0.0229  0.0227  0.0228
  0.0228  0.0227  0.0228  0.0227  0.0227  0.0229  0.0227  0.0228  0.0227  0.0227  0.0227  0.0227
  0.0227  0.0227  0.0227  0.0227  0.0227  0.0227  0.0226  0.0227  0.0227  0.0227  0.0227  0.0227
  0.0228  0.0228  0.0227  0.0227  0.0227  0.0227  0.0227  0.0228  0.0227  0.0227  0.0227  0.0227
  0.0230  0.0229  0.0228  0.0229  0.0229  0.0229  0.0229  0.0231  0.0228  0.0229  0.0228  0.0228
  0.0234  0.0232  0.0229  0.0232  0.0232  0.0234  0.0232  0.0237  0.0230  0.0233  0.0229  0.0229
niter,ni,del,rscale     1    3    5.0000    0.4000
parameters
   -5.9764   32.4976  -13.6502  -12.3648  -13.0570   -2.4898
   -0.6966   -0.4698    1.4053    9.1619    0.2426   -9.3252
eta,q 0.97737  7.85484
  0.0231  0.0230  0.0229  0.0230  0.0229  0.0233  0.0230  0.0233  0.0229  0.0230  0.0228  0.0228
  0.0228  0.0228  0.0228  0.0228  0.0228  0.0230  0.0228  0.0230  0.0227  0.0228  0.0227  0.0227
  0.0227  0.0227  0.0227  0.0227  0.0227  0.0228  0.0227  0.0227  0.0227  0.0227  0.0226  0.0227
  0.0226  0.0227  0.0227  0.0226  0.0226  0.0226  0.0226  0.0226  0.0226  0.0226  0.0226  0.0226
  0.0227  0.0227  0.0226  0.0227  0.0227  0.0227  0.0227  0.0227  0.0227  0.0227  0.0227  0.0226
  0.0229  0.0228  0.0227  0.0228  0.0228  0.0228  0.0228  0.0229  0.0227  0.0228  0.0227  0.0227
  0.0231  0.0230  0.0228  0.0230  0.0230  0.0232  0.0230  0.0234  0.0229  0.0230  0.0228  0.0228
registration optimization eta report
parameter search radius
    0.8000    0.8000    0.8000    2.4000    2.4000    2.4000
    2.4000    2.4000    2.4000    2.4000    2.4000    2.4000
100000*second partial in parameter space
       70.       51.       36.        6.        5.       11.
        6.       13.        4.        7.        3.        3.
  0.0231  0.0230  0.0229  0.0230  0.0229  0.0233  0.0230  0.0233  0.0229  0.0230  0.0228  0.0228
  0.0228  0.0228  0.0228  0.0228  0.0228  0.0230  0.0228  0.0230  0.0227  0.0228  0.0227  0.0227
  0.0227  0.0227  0.0227  0.0227  0.0227  0.0228  0.0227  0.0227  0.0227  0.0227  0.0226  0.0227
  0.0226  0.0227  0.0227  0.0226  0.0226  0.0226  0.0226  0.0226  0.0226  0.0226  0.0226  0.0226
  0.0227  0.0227  0.0226  0.0227  0.0227  0.0227  0.0227  0.0227  0.0227  0.0227  0.0227  0.0226
  0.0229  0.0228  0.0227  0.0228  0.0228  0.0228  0.0228  0.0229  0.0227  0.0228  0.0227  0.0227
  0.0231  0.0230  0.0228  0.0230  0.0230  0.0232  0.0230  0.0234  0.0229  0.0230  0.0228  0.0228
   -5.9764   32.4976  -13.6502  -12.3648  -13.0570   -2.4898
   -0.6966   -0.4698    1.4053    9.1619    0.2426   -9.3252
eta,q 0.97737  7.85484

---------------------------------------------------------------------
imgreg_4dfp /opt/freesurfer/average/711-2C_as_mni_average_305 /opt/freesurfer/average/711-2B_as_mni_average_305_mask talsrcimg_g11 none talsrcimg_to_711-2C_as_mni_average_305_t4 2311
---------------------------------------------------------------------

freesurfer imgreg_4dfp.c
/opt/freesurfer/average/711-2C_as_mni_average_305.4dfp.img
       256       256       256         1
  1.000000  1.000000  1.000000
orientation T byte_order littleendian
Reading image: /opt/freesurfer/average/711-2C_as_mni_average_305.4dfp.img
dimensions:      256       256       256
mmppix:       1.0000   -1.0000   -1.0000
center:     128.0000 -129.0000 -129.0000
/opt/freesurfer/average/711-2B_as_mni_average_305_mask.4dfp.img
       256       256       256         1
  1.000000  1.000000  1.000000
orientation T byte_order littleendian
Reading mask: /opt/freesurfer/average/711-2B_as_mni_average_305_mask.4dfp.img (2306576 pixels)
talsrcimg_g11.4dfp.img
       256       256       256         1
  1.000000  1.000000  1.000000
orientation T byte_order littleendian
Reading image: talsrcimg_g11.4dfp.img
dimensions:      256       256       256
mmppix:       1.0000   -1.0000   -1.0000
center:     128.0000 -129.0000 -129.0000
fimgreg.f
image alignment mode   2311 decimal      907 hex
parameters
   -5.9764   32.4976  -13.6502  -12.3648  -13.0570   -2.4898
   -0.6966   -0.4698    1.4053    9.1619    0.2426   -9.3252
eta,q 0.97737  7.85484
niter,ni,del,rscale     5    3    5.0000    0.8000
parameters
   -5.9814   32.5045  -13.5902  -12.6685  -13.2190   -3.0336
   -0.7145   -0.5318    1.3705    9.0701    0.3185   -9.0857
eta,q 0.97730  7.82099
  0.0244  0.0240  0.0236  0.0239  0.0238  0.0241  0.0241  0.0251  0.0236  0.0240  0.0233  0.0234
  0.0234  0.0232  0.0231  0.0232  0.0232  0.0236  0.0233  0.0238  0.0231  0.0233  0.0230  0.0231
  0.0228  0.0228  0.0228  0.0228  0.0228  0.0230  0.0229  0.0230  0.0228  0.0229  0.0228  0.0228
  0.0226  0.0226  0.0226  0.0226  0.0226  0.0226  0.0227  0.0227  0.0227  0.0227  0.0227  0.0227
  0.0228  0.0228  0.0227  0.0228  0.0228  0.0229  0.0229  0.0230  0.0228  0.0228  0.0228  0.0227
  0.0234  0.0232  0.0230  0.0233  0.0232  0.0239  0.0233  0.0239  0.0231  0.0233  0.0229  0.0229
  0.0245  0.0239  0.0235  0.0244  0.0240  0.0255  0.0241  0.0253  0.0237  0.0242  0.0232  0.0233
niter,ni,del,rscale     4    3    5.0000    0.7000
parameters
   -5.9562   32.4835  -13.7171  -12.5068  -13.1372   -3.0591
   -0.7004   -0.4785    1.3778    9.0896    0.3951   -9.1719
eta,q 0.97731  7.82856
  0.0241  0.0237  0.0233  0.0238  0.0236  0.0240  0.0238  0.0247  0.0234  0.0238  0.0231  0.0231
  0.0233  0.0231  0.0229  0.0232  0.0232  0.0236  0.0232  0.0236  0.0230  0.0232  0.0229  0.0229
  0.0229  0.0228  0.0227  0.0229  0.0228  0.0230  0.0228  0.0229  0.0228  0.0228  0.0227  0.0228
  0.0227  0.0227  0.0227  0.0227  0.0227  0.0227  0.0227  0.0227  0.0227  0.0227  0.0227  0.0227
  0.0228  0.0228  0.0228  0.0227  0.0228  0.0227  0.0228  0.0229  0.0228  0.0228  0.0227  0.0227
  0.0233  0.0232  0.0231  0.0230  0.0231  0.0233  0.0232  0.0236  0.0230  0.0232  0.0229  0.0229
  0.0240  0.0237  0.0235  0.0237  0.0236  0.0244  0.0238  0.0246  0.0234  0.0238  0.0231  0.0232
niter,ni,del,rscale     3    3    5.0000    0.6000
parameters
   -5.9572   32.4859  -13.7456  -12.4305  -13.0796   -2.8802
   -0.7024   -0.4723    1.3701    9.1237    0.3766   -9.2728
eta,q 0.97734  7.83922
  0.0237  0.0234  0.0232  0.0235  0.0234  0.0239  0.0235  0.0242  0.0232  0.0235  0.0230  0.0230
  0.0231  0.0230  0.0229  0.0231  0.0230  0.0234  0.0230  0.0234  0.0229  0.0231  0.0228  0.0228
  0.0228  0.0228  0.0227  0.0228  0.0228  0.0230  0.0227  0.0228  0.0227  0.0228  0.0227  0.0227
  0.0227  0.0227  0.0227  0.0227  0.0227  0.0227  0.0227  0.0227  0.0227  0.0227  0.0227  0.0227
  0.0228  0.0228  0.0227  0.0227  0.0227  0.0227  0.0228  0.0228  0.0227  0.0227  0.0227  0.0227
  0.0231  0.0230  0.0229  0.0230  0.0230  0.0230  0.0230  0.0233  0.0229  0.0230  0.0228  0.0228
  0.0237  0.0234  0.0232  0.0234  0.0234  0.0239  0.0235  0.0242  0.0232  0.0235  0.0230  0.0231
niter,ni,del,rscale     2    3    5.0000    0.5000
parameters
   -5.9635   32.4882  -13.6994  -12.3777  -13.0618   -2.6636
   -0.6884   -0.4743    1.3830    9.1484    0.2912   -9.3207
eta,q 0.97736  7.84869
  0.0234  0.0232  0.0230  0.0232  0.0231  0.0236  0.0232  0.0237  0.0230  0.0232  0.0229  0.0229
  0.0230  0.0229  0.0228  0.0229  0.0229  0.0232  0.0229  0.0231  0.0228  0.0229  0.0227  0.0228
  0.0227  0.0227  0.0227  0.0227  0.0227  0.0229  0.0227  0.0228  0.0227  0.0227  0.0227  0.0227
  0.0227  0.0227  0.0227  0.0227  0.0227  0.0227  0.0226  0.0226  0.0226  0.0226  0.0226  0.0226
  0.0227  0.0227  0.0227  0.0227  0.0227  0.0227  0.0227  0.0228  0.0227  0.0227  0.0227  0.0227
  0.0230  0.0229  0.0228  0.0229  0.0229  0.0229  0.0229  0.0231  0.0228  0.0229  0.0228  0.0228
  0.0234  0.0232  0.0230  0.0232  0.0231  0.0235  0.0232  0.0237  0.0230  0.0232  0.0229  0.0229
niter,ni,del,rscale     1    3    5.0000    0.4000
parameters
   -5.9783   32.4860  -13.6335  -12.3660  -13.0623   -2.4824
   -0.6915   -0.4747    1.4029    9.1493    0.2321   -9.3040
eta,q 0.97738  7.85468
  0.0231  0.0230  0.0229  0.0230  0.0229  0.0233  0.0230  0.0233  0.0229  0.0230  0.0228  0.0228
  0.0228  0.0228  0.0228  0.0228  0.0228  0.0230  0.0228  0.0230  0.0227  0.0228  0.0227  0.0227
  0.0227  0.0227  0.0227  0.0227  0.0227  0.0228  0.0227  0.0227  0.0227  0.0227  0.0226  0.0227
  0.0226  0.0226  0.0226  0.0226  0.0226  0.0226  0.0226  0.0226  0.0226  0.0226  0.0226  0.0226
  0.0227  0.0227  0.0227  0.0227  0.0227  0.0227  0.0227  0.0227  0.0227  0.0227  0.0226  0.0226
  0.0229  0.0228  0.0227  0.0228  0.0228  0.0228  0.0228  0.0229  0.0227  0.0228  0.0227  0.0227
  0.0231  0.0230  0.0228  0.0230  0.0230  0.0232  0.0230  0.0234  0.0229  0.0230  0.0228  0.0228
registration optimization eta report
parameter search radius
    0.8000    0.8000    0.8000    2.4000    2.4000    2.4000
    2.4000    2.4000    2.4000    2.4000    2.4000    2.4000
100000*second partial in parameter space
       71.       52.       36.        6.        5.       11.
        6.       12.        4.        7.        3.        3.
  0.0231  0.0230  0.0229  0.0230  0.0229  0.0233  0.0230  0.0233  0.0229  0.0230  0.0228  0.0228
  0.0228  0.0228  0.0228  0.0228  0.0228  0.0230  0.0228  0.0230  0.0227  0.0228  0.0227  0.0227
  0.0227  0.0227  0.0227  0.0227  0.0227  0.0228  0.0227  0.0227  0.0227  0.0227  0.0226  0.0227
  0.0226  0.0226  0.0226  0.0226  0.0226  0.0226  0.0226  0.0226  0.0226  0.0226  0.0226  0.0226
  0.0227  0.0227  0.0227  0.0227  0.0227  0.0227  0.0227  0.0227  0.0227  0.0227  0.0226  0.0226
  0.0229  0.0228  0.0227  0.0228  0.0228  0.0228  0.0228  0.0229  0.0227  0.0228  0.0227  0.0227
  0.0231  0.0230  0.0228  0.0230  0.0230  0.0232  0.0230  0.0234  0.0229  0.0230  0.0228  0.0228
   -5.9783   32.4860  -13.6335  -12.3660  -13.0623   -2.4824
   -0.6915   -0.4747    1.4029    9.1493    0.2321   -9.3040
eta,q 0.97738  7.85468

---------------------------------------------------------------------
compute_vox2vox talsrcimg talsrcimg_to_711-2C_as_mni_average_305_t4 /opt/freesurfer/average/711-2C_as_mni_average_305
---------------------------------------------------------------------

freesurfer compute_vox2vox.c
Reading: talsrcimg.4dfp.ifh
Reading: talsrcimg_to_711-2C_as_mni_average_305_t4
Reading: /opt/freesurfer/average/711-2C_as_mni_average_305.4dfp.ifh
Writing: talsrcimg_to_711-2C_as_mni_average_305_t4_vox2vox.txt

start time Fri Mar 13 03:29:01 CET 2026
end		time Fri Mar 13 03:30:27 CET 2026

mpr2mni305 success

avi2talxfm orig_nu.mgz /opt/freesurfer/average/mni305.cor.mgz talsrcimg_to_711-2C_as_mni_average_305_t4_vox2vox.txt transforms/talairach.auto.xfm
avi2talxfm done
mv -f /out/sourcedata/freesurfer/sub-v2s3x28842_ses-1/mri/talsrcimg_to_711-2C_as_mni_average_305_t4_vox2vox.txt /out/sourcedata/freesurfer/sub-v2s3x28842_ses-1/mri/transforms/talsrcimg_to_711-2C_as_mni_average_305_t4_vox2vox.txt
lta_convert --src orig_nu.mgz --trg /opt/freesurfer/average/mni305.cor.mgz --inxfm transforms/talairach.auto.xfm --outlta transforms/talairach.auto.xfm.lta --subject fsaverage
7.3.2

--src: orig_nu.mgz src image (geometry).
--trg: /opt/freesurfer/average/mni305.cor.mgz trg image (geometry).
--inmni: transforms/talairach.auto.xfm input MNI/XFM transform.
--outlta: transforms/talairach.auto.xfm.lta output LTA.
--s: fsaverage subject name
 LTA read, type : 1
 1.14094   0.00466   0.00957   2.00128;
-0.00443   1.01524   0.10862  -45.50205;
-0.01795  -0.10692   1.13866  -21.94680;
 0.00000   0.00000   0.00000   1.00000;
setting subject to fsaverage
Writing  LTA to file transforms/talairach.auto.xfm.lta...
lta_convert successful.
 
 
Started at Fri Mar 13 03:29:01 CET 2026
Ended   at Fri Mar 13 03:30:27 CET 2026
talairach_avi done
