status file for recon-all
Fri Mar 13 00:36:06 CET 2026
#@# Tessellate lh Fri Mar 13 00:36:06 CET 2026
#@# Smooth1 lh Fri Mar 13 00:36:08 CET 2026
#@# Inflation1 lh Fri Mar 13 00:36:10 CET 2026
#@# QSphere lh Fri Mar 13 00:36:16 CET 2026
#@# Fix Topology lh Fri Mar 13 00:36:54 CET 2026
#@# Smooth2 lh Fri Mar 13 00:40:16 CET 2026
#@# Inflation2 lh Fri Mar 13 00:40:18 CET 2026
#@# Curv .H and .K lh Fri Mar 13 00:40:24 CET 2026
#@# Sphere lh Fri Mar 13 00:40:57 CET 2026
#@# Surf Reg lh Fri Mar 13 00:42:21 CET 2026
#@# Jacobian white lh Fri Mar 13 00:44:13 CET 2026
#@# AvgCurv lh Fri Mar 13 00:44:14 CET 2026
#@# Cortical Parc lh Fri Mar 13 00:44:14 CET 2026
#@# white curv lh Fri Mar 13 00:48:32 CET 2026
#@# white area lh Fri Mar 13 00:48:33 CET 2026
#@# pial curv lh Fri Mar 13 00:48:33 CET 2026
#@# pial area lh Fri Mar 13 00:48:34 CET 2026
#@# thickness lh Fri Mar 13 00:48:34 CET 2026
#@# area and vertex vol lh Fri Mar 13 00:48:51 CET 2026
#@# Curvature Stats lh Fri Mar 13 00:48:51 CET 2026
#@# Cortical Parc 2 lh Fri Mar 13 00:48:53 CET 2026
#@# Cortical Parc 3 lh Fri Mar 13 00:49:01 CET 2026
#@# WM/GM Contrast lh Fri Mar 13 00:49:08 CET 2026
recon-all -s sub-v2s3x28749_ses-1 finished without error at Fri Mar 13 00:49:10 CET 2026



#New# invocation of recon-all 



status file for recon-all
Fri Mar 13 01:06:12 CET 2026
#@# white curv lh Fri Mar 13 01:06:12 CET 2026
#@# white area lh Fri Mar 13 01:06:12 CET 2026
#@# pial curv lh Fri Mar 13 01:06:12 CET 2026
#@# pial area lh Fri Mar 13 01:06:12 CET 2026
#@# thickness lh Fri Mar 13 01:06:12 CET 2026
#@# area and vertex vol lh Fri Mar 13 01:06:12 CET 2026
#@# Parcellation Stats lh Fri Mar 13 01:06:12 CET 2026
#@# Parcellation Stats 2 lh Fri Mar 13 01:06:24 CET 2026
#@# Parcellation Stats 3 lh Fri Mar 13 01:06:30 CET 2026
#@# BA_exvivo Labels lh Fri Mar 13 01:06:36 CET 2026
recon-all -s sub-v2s3x28749_ses-1 finished without error at Fri Mar 13 01:08:14 CET 2026
