status file for recon-all
Fri Mar 13 00:49:13 CET 2026
#@# Tessellate rh Fri Mar 13 00:49:13 CET 2026
#@# Smooth1 rh Fri Mar 13 00:49:16 CET 2026
#@# Inflation1 rh Fri Mar 13 00:49:17 CET 2026
#@# QSphere rh Fri Mar 13 00:49:24 CET 2026
#@# Fix Topology rh Fri Mar 13 00:50:00 CET 2026
#@# Smooth2 rh Fri Mar 13 00:53:18 CET 2026
#@# Inflation2 rh Fri Mar 13 00:53:20 CET 2026
#@# Curv .H and .K rh Fri Mar 13 00:53:27 CET 2026
#@# Sphere rh Fri Mar 13 00:54:00 CET 2026
#@# Surf Reg rh Fri Mar 13 00:55:52 CET 2026
#@# Jacobian white rh Fri Mar 13 00:57:43 CET 2026
#@# AvgCurv rh Fri Mar 13 00:57:44 CET 2026
#@# Cortical Parc rh Fri Mar 13 00:57:44 CET 2026
#@# white curv rh Fri Mar 13 01:02:02 CET 2026
#@# white area rh Fri Mar 13 01:02:03 CET 2026
#@# pial curv rh Fri Mar 13 01:02:03 CET 2026
#@# pial area rh Fri Mar 13 01:02:04 CET 2026
#@# thickness rh Fri Mar 13 01:02:05 CET 2026
#@# area and vertex vol rh Fri Mar 13 01:02:22 CET 2026
#@# Curvature Stats rh Fri Mar 13 01:02:23 CET 2026
#@# Cortical Parc 2 rh Fri Mar 13 01:02:24 CET 2026
#@# Cortical Parc 3 rh Fri Mar 13 01:02:33 CET 2026
#@# WM/GM Contrast rh Fri Mar 13 01:02:39 CET 2026
recon-all -s sub-v2s3x28749_ses-1 finished without error at Fri Mar 13 01:02:41 CET 2026



#New# invocation of recon-all 



status file for recon-all
Fri Mar 13 01:08:16 CET 2026
#@# white curv rh Fri Mar 13 01:08:16 CET 2026
#@# white area rh Fri Mar 13 01:08:16 CET 2026
#@# pial curv rh Fri Mar 13 01:08:16 CET 2026
#@# pial area rh Fri Mar 13 01:08:16 CET 2026
#@# thickness rh Fri Mar 13 01:08:16 CET 2026
#@# area and vertex vol rh Fri Mar 13 01:08:16 CET 2026
#@# Parcellation Stats rh Fri Mar 13 01:08:16 CET 2026
#@# Parcellation Stats 2 rh Fri Mar 13 01:08:28 CET 2026
#@# Parcellation Stats 3 rh Fri Mar 13 01:08:34 CET 2026
#@# BA_exvivo Labels rh Fri Mar 13 01:08:40 CET 2026
recon-all -s sub-v2s3x28749_ses-1 finished without error at Fri Mar 13 01:10:18 CET 2026
