/out/sourcedata/freesurfer/sub-v2s3x28837_ses-1/mri
/opt/freesurfer/bin/talairach_avi
--i orig_nu.mgz --xfm transforms/talairach.auto.xfm
talairach_avi 7.3.2
Linux dna078 5.14.0-427.37.1.el9_4.x86_64 #1 SMP PREEMPT_DYNAMIC Fri Sep 13 12:41:50 EDT 2024 x86_64 x86_64 x86_64 GNU/Linux
Fri Mar 13 03:12:50 CET 2026
mri_convert orig_nu.mgz talsrcimg.img 
reading from orig_nu.mgz...
TR=0.00, TE=0.00, TI=0.00, flip angle=0.00
i_ras = (-1, 0, 0)
j_ras = (0, 0, -1)
k_ras = (0, 1, 0)
writing to talsrcimg.img...
Analyze Output Matrix
-1.00000   0.00000   0.00000   131.95361;
 0.00000   0.00000   1.00000  -103.69440;
 0.00000  -1.00000   0.00000   120.87726;
 0.00000   0.00000   0.00000   1.00000;
--------------------
INFO: set hdr.hist.orient to -1
mpr2mni305 talsrcimg
Fri Mar 13 03:12:50 CET 2026
/opt/freesurfer/bin/mpr2mni305 talsrcimg
mpr2mni305 7.3.2
target=711-2C_as_mni_average_305

---------------------------------------------------------------------
analyzeto4dfp talsrcimg -O0 -y
---------------------------------------------------------------------

freesurfer ifh2hdr.c
Fri Mar 13 03:12:50 2026
Writing: talsrcimg.4dfp.hdr
freesurfer analyzeto4dfp.c
Reading: talsrcimg.hdr
header size 348 bytes
hdr.dime.datatype	offset=70	value=2
hdr.dime.bitpix		offset=72	value=8
hdr.hist.orient		offset=252	value=-1
dimensionality     4
dimensions       256       256       256         1
Reading: talsrcimg.img
Writing: talsrcimg.4dfp.img
Writing: talsrcimg.4dfp.ifh
ifh2hdr talsrcimg -r0to236
ori=2

---------------------------------------------------------------------
gauss_4dfp talsrcimg 1.1
---------------------------------------------------------------------

freesurfer gauss_4dfp.c
Reading: talsrcimg.4dfp.img
Writing: talsrcimg_g11.4dfp.img
image dimensions 256 256 256 padded to 288 288 288
processing volume 1freesurfer ifh2hdr.c
Fri Mar 13 03:12:51 2026
Writing: talsrcimg_g11.4dfp.hdr

Writing: talsrcimg_g11.4dfp.ifh
including: talsrcimg.4dfp.img.rec in talsrcimg_g11.4dfp.img.rec

---------------------------------------------------------------------
imgreg_4dfp /opt/freesurfer/average/711-2C_as_mni_average_305 none talsrcimg_g11 none talsrcimg_to_711-2C_as_mni_average_305_t4 4355
---------------------------------------------------------------------

freesurfer imgreg_4dfp.c
/opt/freesurfer/average/711-2C_as_mni_average_305.4dfp.img
       256       256       256         1
  1.000000  1.000000  1.000000
orientation T byte_order littleendian
Reading image: /opt/freesurfer/average/711-2C_as_mni_average_305.4dfp.img
dimensions:      256       256       256
mmppix:       1.0000   -1.0000   -1.0000
center:     128.0000 -129.0000 -129.0000
talsrcimg_g11.4dfp.img
       256       256       256         1
  1.000000  1.000000  1.000000
orientation T byte_order littleendian
Reading image: talsrcimg_g11.4dfp.img
dimensions:      256       256       256
mmppix:       1.0000   -1.0000   -1.0000
center:     128.0000 -129.0000 -129.0000
t4_read: open error in t4_sub.f l:  41 t4_file(1:l)talsrcimg_to_711-2C_as_mni_average_305_t4 
t4_read: transform initialized to I4
rotation matrix determinant  1.000000
image alignment mode   4355 decimal     1103 hex
   -7.5000  -45.0000  -45.0000 5491.2837   14.4670
    0.0000  -45.0000  -45.0000 5729.5845   14.4740
    7.5000  -45.0000  -45.0000 5536.6138   14.4792
   -7.5000  -37.5000  -45.0000 6109.2241   14.0761
    0.0000  -37.5000  -45.0000 6359.8525   14.0820
    7.5000  -37.5000  -45.0000 6131.4717   14.0894
   -7.5000  -30.0000  -45.0000 6972.2832   13.8124
    0.0000  -30.0000  -45.0000 7253.2441   13.8220
    7.5000  -30.0000  -45.0000 6977.2437   13.8352
   -7.5000  -22.5000  -45.0000 7847.8003   13.7115
    0.0000  -22.5000  -45.0000 8188.2803   13.7234
    7.5000  -22.5000  -45.0000 7863.3223   13.7398
   -7.5000  -15.0000  -45.0000 8767.0625   13.6759
    0.0000  -15.0000  -45.0000 9145.6543   13.6874
    7.5000  -15.0000  -45.0000 8763.9180   13.7023
   -7.5000   -7.5000  -45.0000 9699.0654   13.6447
    0.0000   -7.5000  -45.000010114.5146   13.6534
    7.5000   -7.5000  -45.0000 9711.9326   13.6629
   -7.5000    0.0000  -45.000010532.8574   13.6335
    0.0000    0.0000  -45.000010995.6533   13.6391
    7.5000    0.0000  -45.000010545.6523   13.6439
   -7.5000    7.5000  -45.000010559.7598   13.6299
    0.0000    7.5000  -45.000011019.2139   13.6361
    7.5000    7.5000  -45.000010578.8750   13.6423
   -7.5000   15.0000  -45.000010490.8535   13.6310
    0.0000   15.0000  -45.000010965.0479   13.6408
    7.5000   15.0000  -45.000010479.8232   13.6530
   -7.5000   22.5000  -45.000010336.6973   13.6378
    0.0000   22.5000  -45.000010779.1309   13.6500
    7.5000   22.5000  -45.000010258.7500   13.6660
   -7.5000   30.0000  -45.000010070.6133   13.4637
    0.0000   30.0000  -45.000010462.2393   13.4752
    7.5000   30.0000  -45.0000 9954.3584   13.4897
   -7.5000   37.5000  -45.000010094.5039   13.4575
    0.0000   37.5000  -45.000010452.7988   13.4661
    7.5000   37.5000  -45.0000 9956.0322   13.4755
   -7.5000   45.0000  -45.0000 9681.9395   13.1102
    0.0000   45.0000  -45.000010037.7461   13.1156
    7.5000   45.0000  -45.0000 9560.7637   13.1202
   -7.5000  -45.0000  -37.5000 5871.3140   14.3453
    0.0000  -45.0000  -37.5000 6131.0464   14.3539
    7.5000  -45.0000  -37.5000 5910.1343   14.3601
   -7.5000  -37.5000  -37.5000 6490.0977   13.9629
    0.0000  -37.5000  -37.5000 6767.6489   13.9692
    7.5000  -37.5000  -37.5000 6512.8481   13.9735
   -7.5000  -30.0000  -37.5000 7389.9155   13.6992
    0.0000  -30.0000  -37.5000 7716.1201   13.7093
    7.5000  -30.0000  -37.5000 7411.0889   13.7181
   -7.5000  -22.5000  -37.5000 8355.6016   13.5913
    0.0000  -22.5000  -37.5000 8730.2500   13.6054
    7.5000  -22.5000  -37.5000 8377.3145   13.6205
   -7.5000  -15.0000  -37.5000 9356.5576   13.5520
    0.0000  -15.0000  -37.5000 9773.5781   13.5672
    7.5000  -15.0000  -37.5000 9367.1865   13.5842
   -7.5000   -7.5000  -37.500010357.5586   13.5255
    0.0000   -7.5000  -37.500010812.6416   13.5375
    7.5000   -7.5000  -37.500010355.2539   13.5496
   -7.5000    0.0000  -37.500011248.5039   13.5211
    0.0000    0.0000  -37.500011740.2686   13.5284
    7.5000    0.0000  -37.500011220.5762   13.5336
   -7.5000    7.5000  -37.500011247.6387   13.5201
    0.0000    7.5000  -37.500011742.5244   13.5267
    7.5000    7.5000  -37.500011202.7881   13.5299
   -7.5000   15.0000  -37.500011125.3066   13.5178
    0.0000   15.0000  -37.500011627.5312   13.5281
    7.5000   15.0000  -37.500011042.8965   13.5361
   -7.5000   22.5000  -37.500010964.0332   13.5168
    0.0000   22.5000  -37.500011412.7041   13.5312
    7.5000   22.5000  -37.500010819.1719   13.5460
   -7.5000   30.0000  -37.500010666.8223   13.3410
    0.0000   30.0000  -37.500011075.9922   13.3562
    7.5000   30.0000  -37.500010530.6758   13.3728
   -7.5000   37.5000  -37.500010683.5674   13.3400
    0.0000   37.5000  -37.500011077.5928   13.3519
    7.5000   37.5000  -37.500010544.3936   13.3638
   -7.5000   45.0000  -37.500010267.1807   13.0022
    0.0000   45.0000  -37.500010659.0596   13.0092
    7.5000   45.0000  -37.500010113.4492   13.0142
   -7.5000  -45.0000  -30.0000 6364.6929   14.8989
    0.0000  -45.0000  -30.0000 6635.3604   14.9087
    7.5000  -45.0000  -30.0000 6386.5239   14.9199
   -7.5000  -37.5000  -30.0000 7023.8379   14.5123
    0.0000  -37.5000  -30.0000 7324.1006   14.5190
    7.5000  -37.5000  -30.0000 7041.1636   14.5245
   -7.5000  -30.0000  -30.0000 7993.6089   14.2420
    0.0000  -30.0000  -30.0000 8363.5674   14.2530
    7.5000  -30.0000  -30.0000 8014.0059   14.2611
   -7.5000  -22.5000  -30.0000 9084.0576   14.1204
    0.0000  -22.5000  -30.0000 9500.3379   14.1373
    7.5000  -22.5000  -30.0000 9087.8320   14.1538
   -7.5000  -15.0000  -30.000010180.2705   14.0691
    0.0000  -15.0000  -30.000010656.4795   14.0882
    7.5000  -15.0000  -30.000010170.5137   14.1090
   -7.5000   -7.5000  -30.000011255.7461   14.0398
    0.0000   -7.5000  -30.000011742.1543   14.0548
    7.5000   -7.5000  -30.000011198.0996   14.0718
   -7.5000    0.0000  -30.000012196.1133   14.0424
    0.0000    0.0000  -30.000012729.5156   14.0511
    7.5000    0.0000  -30.000012119.9287   14.0602
   -7.5000    7.5000  -30.000012169.4297   14.0524
    0.0000    7.5000  -30.000012689.5283   14.0592
    7.5000    7.5000  -30.000012082.3789   14.0633
   -7.5000   15.0000  -30.000012030.7344   14.0529
    0.0000   15.0000  -30.000012531.1836   14.0642
    7.5000   15.0000  -30.000011891.4580   14.0715
   -7.5000   22.5000  -30.000011830.5312   14.0413
    0.0000   22.5000  -30.000012310.0049   14.0585
    7.5000   22.5000  -30.000011661.7793   14.0747
   -7.5000   30.0000  -30.000011504.2158   13.8513
    0.0000   30.0000  -30.000011971.5645   13.8703
    7.5000   30.0000  -30.000011365.1885   13.8907
   -7.5000   37.5000  -30.000011472.7822   13.8486
    0.0000   37.5000  -30.000011952.1152   13.8634
    7.5000   37.5000  -30.000011338.6152   13.8801
   -7.5000   45.0000  -30.000011020.4385   13.5134
    0.0000   45.0000  -30.000011477.9160   13.5217
    7.5000   45.0000  -30.000010851.3945   13.5305
   -7.5000  -45.0000  -22.5000 6851.1372   15.3862
    0.0000  -45.0000  -22.5000 7124.7920   15.3959
    7.5000  -45.0000  -22.5000 6863.0752   15.4116
   -7.5000  -37.5000  -22.5000 7578.0254   14.9944
    0.0000  -37.5000  -22.5000 7895.5342   15.0011
    7.5000  -37.5000  -22.5000 7574.2104   15.0106
   -7.5000  -30.0000  -22.5000 8662.1777   14.7227
    0.0000  -30.0000  -22.5000 9047.7793   14.7333
    7.5000  -30.0000  -22.5000 8661.3203   14.7443
   -7.5000  -22.5000  -22.5000 9845.7588   14.5955
    0.0000  -22.5000  -22.500010293.5986   14.6120
    7.5000  -22.5000  -22.5000 9834.4844   14.6304
   -7.5000  -15.0000  -22.500011023.3730   14.5351
    0.0000  -15.0000  -22.500011519.4629   14.5535
    7.5000  -15.0000  -22.500011001.4150   14.5762
   -7.5000   -7.5000  -22.500012147.5518   14.4978
    0.0000   -7.5000  -22.500012669.5840   14.5122
    7.5000   -7.5000  -22.500012094.1807   14.5320
   -7.5000    0.0000  -22.500013154.1348   14.5009
    0.0000    0.0000  -22.500013736.3740   14.5096
    7.5000    0.0000  -22.500013091.8545   14.5223
   -7.5000    7.5000  -22.500013112.6162   14.5200
    0.0000    7.5000  -22.500013702.2373   14.5267
    7.5000    7.5000  -22.500013033.8779   14.5344
   -7.5000   15.0000  -22.500012950.7998   14.5277
    0.0000   15.0000  -22.500013505.1709   14.5384
    7.5000   15.0000  -22.500012805.6426   14.5486
   -7.5000   22.5000  -22.500012733.3350   14.5129
    0.0000   22.5000  -22.500013228.8652   14.5297
    7.5000   22.5000  -22.500012541.2617   14.5478
   -7.5000   30.0000  -22.500012369.2969   14.3123
    0.0000   30.0000  -22.500012863.3008   14.3307
    7.5000   30.0000  -22.500012189.3066   14.3530
   -7.5000   37.5000  -22.500012278.0195   14.3026
    0.0000   37.5000  -22.500012792.0430   14.3168
    7.5000   37.5000  -22.500012119.7383   14.3363
   -7.5000   45.0000  -22.500011775.8564   13.9651
    0.0000   45.0000  -22.500012255.0840   13.9734
    7.5000   45.0000  -22.500011572.9658   13.9857
   -7.5000  -45.0000  -15.0000 7331.5596   15.7447
    0.0000  -45.0000  -15.0000 7636.1714   15.7536
    7.5000  -45.0000  -15.0000 7337.5386   15.7701
   -7.5000  -37.5000  -15.0000 8129.3481   15.3413
    0.0000  -37.5000  -15.0000 8498.8643   15.3479
    7.5000  -37.5000  -15.0000 8128.4971   15.3612
   -7.5000  -30.0000  -15.0000 9321.0088   15.0676
    0.0000  -30.0000  -15.0000 9755.5615   15.0778
    7.5000  -30.0000  -15.0000 9329.2461   15.0931
   -7.5000  -22.5000  -15.000010595.0303   14.9455
    0.0000  -22.5000  -15.000011075.3887   14.9600
    7.5000  -22.5000  -15.000010586.0723   14.9797
   -7.5000  -15.0000  -15.000011822.2480   14.8864
    0.0000  -15.0000  -15.000012339.5205   14.9017
    7.5000  -15.0000  -15.000011806.1943   14.9231
   -7.5000   -7.5000  -15.000013009.4443   14.8422
    0.0000   -7.5000  -15.000013570.7305   14.8541
    7.5000   -7.5000  -15.000012949.3516   14.8729
   -7.5000    0.0000  -15.000014117.9033   14.8384
    0.0000    0.0000  -15.000014766.0918   14.8461
    7.5000    0.0000  -15.000014045.0967   14.8599
   -7.5000    7.5000  -15.000014055.2715   14.8561
    0.0000    7.5000  -15.000014709.3525   14.8629
    7.5000    7.5000  -15.000013972.5137   14.8742
   -7.5000   15.0000  -15.000013860.3291   14.8683
    0.0000   15.0000  -15.000014440.1680   14.8788
    7.5000   15.0000  -15.000013692.1855   14.8930
   -7.5000   22.5000  -15.000013601.3506   14.8604
    0.0000   22.5000  -15.000014102.1074   14.8753
    7.5000   22.5000  -15.000013356.0693   14.8946
   -7.5000   30.0000  -15.000013220.1328   14.6604
    0.0000   30.0000  -15.000013733.1436   14.6757
    7.5000   30.0000  -15.000012987.2920   14.6966
   -7.5000   37.5000  -15.000013119.7803   14.6443
    0.0000   37.5000  -15.000013649.8984   14.6562
    7.5000   37.5000  -15.000012901.0010   14.6747
   -7.5000   45.0000  -15.000012541.6299   14.2987
    0.0000   45.0000  -15.000013048.1973   14.3062
    7.5000   45.0000  -15.000012288.2129   14.3195
   -7.5000  -45.0000   -7.5000 7838.9185   15.9390
    0.0000  -45.0000   -7.5000 8185.4067   15.9476
    7.5000  -45.0000   -7.5000 7860.5386   15.9590
   -7.5000  -37.5000   -7.5000 8721.7832   15.5186
    0.0000  -37.5000   -7.5000 9117.3906   15.5257
    7.5000  -37.5000   -7.5000 8730.9053   15.5382
   -7.5000  -30.0000   -7.5000 9994.1162   15.2371
    0.0000  -30.0000   -7.500010464.4150   15.2481
    7.5000  -30.0000   -7.5000 9998.6836   15.2649
   -7.5000  -22.5000   -7.500011358.7188   15.1241
    0.0000  -22.5000   -7.500011876.8984   15.1379
    7.5000  -22.5000   -7.500011340.3896   15.1569
   -7.5000  -15.0000   -7.500012667.4434   15.0766
    0.0000  -15.0000   -7.500013222.7109   15.0901
    7.5000  -15.0000   -7.500012626.5010   15.1076
   -7.5000   -7.5000   -7.500013941.7949   15.0341
    0.0000   -7.5000   -7.500014552.5820   15.0447
    7.5000   -7.5000   -7.500013861.2422   15.0583
   -7.5000    0.0000   -7.500015125.8262   15.0222
    0.0000    0.0000   -7.500015815.0527   15.0295
    7.5000    0.0000   -7.500015045.1406   15.0394
   -7.5000    7.5000   -7.500015049.2246   15.0274
    0.0000    7.5000   -7.500015738.2158   15.0349
    7.5000    7.5000   -7.500014950.5312   15.0458
   -7.5000   15.0000   -7.500014822.4170   15.0357
    0.0000   15.0000   -7.500015402.5332   15.0469
    7.5000   15.0000   -7.500014606.6191   15.0627
   -7.5000   22.5000   -7.500014534.5254   15.0364
    0.0000   22.5000   -7.500015043.7393   15.0506
    7.5000   22.5000   -7.500014246.5762   15.0692
   -7.5000   30.0000   -7.500014131.1680   14.8473
    0.0000   30.0000   -7.500014658.1328   14.8608
    7.5000   30.0000   -7.500013852.7412   14.8780
   -7.5000   37.5000   -7.500014001.3477   14.8333
    0.0000   37.5000   -7.500014549.4287   14.8438
    7.5000   37.5000   -7.500013726.1357   14.8572
   -7.5000   45.0000   -7.500013350.5869   14.4785
    0.0000   45.0000   -7.500013852.0967   14.4856
    7.5000   45.0000   -7.500013045.7236   14.4951
   -7.5000  -45.0000    0.0000 8319.7549   15.9878
    0.0000  -45.0000    0.0000 8702.0977   15.9970
    7.5000  -45.0000    0.0000 8319.8281   16.0026
   -7.5000  -37.5000    0.0000 9257.1133   15.5581
    0.0000  -37.5000    0.0000 9689.0400   15.5657
    7.5000  -37.5000    0.0000 9252.7646   15.5734
   -7.5000  -30.0000    0.000010612.4053   15.2678
    0.0000  -30.0000    0.000011104.8916   15.2792
    7.5000  -30.0000    0.000010606.5762   15.2932
   -7.5000  -22.5000    0.000012074.8164   15.1561
    0.0000  -22.5000    0.000012601.6074   15.1702
    7.5000  -22.5000    0.000012015.7402   15.1877
   -7.5000  -15.0000    0.000013478.2373   15.1165
    0.0000  -15.0000    0.000014047.5410   15.1305
    7.5000  -15.0000    0.000013387.5205   15.1465
   -7.5000   -7.5000    0.000014810.5361   15.0819
    0.0000   -7.5000    0.000015452.2002   15.0931
    7.5000   -7.5000    0.000014697.6904   15.1034
   -7.5000    0.0000    0.000016064.3408   15.0696
    0.0000    0.0000    0.000016766.0352   15.0773
    7.5000    0.0000    0.000015962.2705   15.0825
   -7.5000    7.5000    0.000016027.4961   15.0651
    0.0000    7.5000    0.000016705.6699   15.0731
    7.5000    7.5000    0.000015891.1943   15.0797
   -7.5000   15.0000    0.000015769.9834   15.0657
    0.0000   15.0000    0.000016318.1621   15.0775
    7.5000   15.0000    0.000015513.0264   15.0904
   -7.5000   22.5000    0.000015422.5020   15.0682
    0.0000   22.5000    0.000015887.3906   15.0827
    7.5000   22.5000    0.000015125.4668   15.0998
   -7.5000   30.0000    0.000014965.9648   14.8869
    0.0000   30.0000    0.000015450.9951   14.9010
    7.5000   30.0000    0.000014675.6465   14.9166
   -7.5000   37.5000    0.000014802.3018   14.8809
    0.0000   37.5000    0.000015311.0771   14.8919
    7.5000   37.5000    0.000014498.7646   14.9021
   -7.5000   45.0000    0.000014074.5371   14.5254
    0.0000   45.0000    0.000014534.9072   14.5328
    7.5000   45.0000    0.000013735.9805   14.5378
   -7.5000  -45.0000    7.5000 8140.8208   15.9940
    0.0000  -45.0000    7.5000 8510.1064   16.0040
    7.5000  -45.0000    7.5000 8140.6846   16.0110
   -7.5000  -37.5000    7.5000 9087.7139   15.5686
    0.0000  -37.5000    7.5000 9497.5918   15.5761
    7.5000  -37.5000    7.5000 9065.3008   15.5810
   -7.5000  -30.0000    7.500010444.2529   15.2748
    0.0000  -30.0000    7.500010891.3799   15.2867
    7.5000  -30.0000    7.500010385.5684   15.2966
   -7.5000  -22.5000    7.500011855.7539   15.1541
    0.0000  -22.5000    7.500012344.6719   15.1703
    7.5000  -22.5000    7.500011776.5684   15.1873
   -7.5000  -15.0000    7.500013216.7041   15.1099
    0.0000  -15.0000    7.500013745.7344   15.1274
    7.5000  -15.0000    7.500013108.8809   15.1463
   -7.5000   -7.5000    7.500014479.2588   15.0805
    0.0000   -7.5000    7.500015073.0527   15.0944
    7.5000   -7.5000    7.500014399.0811   15.1080
   -7.5000    0.0000    7.500015676.9922   15.0761
    0.0000    0.0000    7.500016330.0068   15.0847
    7.5000    0.0000    7.500015633.0244   15.0907
   -7.5000    7.5000    7.500015684.9375   15.0752
    0.0000    7.5000    7.500016325.4512   15.0830
    7.5000    7.5000    7.500015589.3398   15.0867
   -7.5000   15.0000    7.500015531.0371   15.0723
    0.0000   15.0000    7.500016022.5576   15.0845
    7.5000   15.0000    7.500015310.1689   15.0935
   -7.5000   22.5000    7.500015180.3379   15.0660
    0.0000   22.5000    7.500015564.5195   15.0826
    7.5000   22.5000    7.500014907.7471   15.0992
   -7.5000   30.0000    7.500014701.4023   14.8804
    0.0000   30.0000    7.500015064.1689   14.8978
    7.5000   30.0000    7.500014399.4600   14.9164
   -7.5000   37.5000    7.500014524.7920   14.8795
    0.0000   37.5000    7.500014928.3350   14.8932
    7.5000   37.5000    7.500014222.5508   14.9066
   -7.5000   45.0000    7.500013745.4590   14.5316
    0.0000   45.0000    7.500014134.2666   14.5399
    7.5000   45.0000    7.500013429.9180   14.5457
   -7.5000  -45.0000   15.0000 7856.2656   15.9914
    0.0000  -45.0000   15.0000 8198.3594   16.0023
    7.5000  -45.0000   15.0000 7864.1260   16.0142
   -7.5000  -37.5000   15.0000 8793.3438   15.5766
    0.0000  -37.5000   15.0000 9191.9561   15.5840
    7.5000  -37.5000   15.0000 8780.7529   15.5900
   -7.5000  -30.0000   15.000010086.3730   15.2864
    0.0000  -30.0000   15.000010530.5342   15.2985
    7.5000  -30.0000   15.000010050.0859   15.3072
   -7.5000  -22.5000   15.000011428.7480   15.1559
    0.0000  -22.5000   15.000011924.2686   15.1744
    7.5000  -22.5000   15.000011374.1680   15.1920
   -7.5000  -15.0000   15.000012724.7080   15.1010
    0.0000  -15.0000   15.000013266.2129   15.1218
    7.5000  -15.0000   15.000012641.4014   15.1440
   -7.5000   -7.5000   15.000013943.7969   15.0698
    0.0000   -7.5000   15.000014541.2754   15.0861
    7.5000   -7.5000   15.000013893.4785   15.1043
   -7.5000    0.0000   15.000015106.8350   15.0727
    0.0000    0.0000   15.000015716.9746   15.0823
    7.5000    0.0000   15.000015084.1787   15.0920
   -7.5000    7.5000   15.000015165.1982   15.0832
    0.0000    7.5000   15.000015739.0068   15.0908
    7.5000    7.5000   15.000015080.8633   15.0952
   -7.5000   15.0000   15.000015117.4268   15.0836
    0.0000   15.0000   15.000015600.0840   15.0960
    7.5000   15.0000   15.000014970.9355   15.1038
   -7.5000   22.5000   15.000014830.9199   15.0678
    0.0000   22.5000   15.000015225.9561   15.0865
    7.5000   22.5000   15.000014637.7910   15.1038
   -7.5000   30.0000   15.000014349.2148   14.8716
    0.0000   30.0000   15.000014731.4150   14.8923
    7.5000   30.0000   15.000014129.2041   14.9141
   -7.5000   37.5000   15.000014136.9590   14.8690
    0.0000   37.5000   15.000014552.1104   14.8851
    7.5000   37.5000   15.000013890.9834   14.9030
   -7.5000   45.0000   15.000013283.3174   14.5284
    0.0000   45.0000   15.000013713.8096   14.5376
    7.5000   45.0000   15.000013049.2568   14.5469
   -7.5000  -45.0000   22.5000 7467.1553   15.9904
    0.0000  -45.0000   22.5000 7794.9858   16.0006
    7.5000  -45.0000   22.5000 7462.9468   16.0166
   -7.5000  -37.5000   22.5000 8400.7051   15.5836
    0.0000  -37.5000   22.5000 8773.4268   15.5907
    7.5000  -37.5000   22.5000 8369.2559   15.6003
   -7.5000  -30.0000   22.5000 9652.8711   15.3017
    0.0000  -30.0000   22.500010060.0986   15.3128
    7.5000  -30.0000   22.5000 9591.1953   15.3240
   -7.5000  -22.5000   22.500010944.7783   15.1699
    0.0000  -22.5000   22.500011378.7793   15.1872
    7.5000  -22.5000   22.500010858.6738   15.2060
   -7.5000  -15.0000   22.500012190.0693   15.1070
    0.0000  -15.0000   22.500012644.7178   15.1263
    7.5000  -15.0000   22.500012089.9258   15.1497
   -7.5000   -7.5000   22.500013340.7295   15.0682
    0.0000   -7.5000   22.500013836.5605   15.0833
    7.5000   -7.5000   22.500013303.7988   15.1036
   -7.5000    0.0000   22.500014442.1045   15.0713
    0.0000    0.0000   22.500014985.5469   15.0805
    7.5000    0.0000   22.500014442.5703   15.0935
   -7.5000    7.5000   22.500014494.5771   15.0911
    0.0000    7.5000   22.500015108.4404   15.0982
    7.5000    7.5000   22.500014490.3535   15.1060
   -7.5000   15.0000   22.500014338.6768   15.0992
    0.0000   15.0000   22.500015039.8555   15.1105
    7.5000   15.0000   22.500014389.9775   15.1208
   -7.5000   22.5000   22.500014054.5322   15.0817
    0.0000   22.5000   22.500014761.5869   15.0993
    7.5000   22.5000   22.500014097.7891   15.1178
   -7.5000   30.0000   22.500013643.7266   14.8776
    0.0000   30.0000   22.500014324.5596   14.8968
    7.5000   30.0000   22.500013607.8721   14.9197
   -7.5000   37.5000   22.500013473.2695   14.8673
    0.0000   37.5000   22.500014088.4814   14.8823
    7.5000   37.5000   22.500013373.5908   14.9023
   -7.5000   45.0000   22.500012643.0439   14.5270
    0.0000   45.0000   22.500013172.7656   14.5358
    7.5000   45.0000   22.500012532.5459   14.5484
   -7.5000  -45.0000   30.0000 7036.9116   16.0118
    0.0000  -45.0000   30.0000 7295.0718   16.0208
    7.5000  -45.0000   30.0000 7002.3188   16.0370
   -7.5000  -37.5000   30.0000 7931.3418   15.6026
    0.0000  -37.5000   30.0000 8227.1680   15.6093
    7.5000  -37.5000   30.0000 7852.3174   15.6223
   -7.5000  -30.0000   30.0000 9116.4424   15.3254
    0.0000  -30.0000   30.0000 9472.1738   15.3358
    7.5000  -30.0000   30.0000 9008.8594   15.3509
   -7.5000  -22.5000   30.000010322.3623   15.2025
    0.0000  -22.5000   30.000010747.1035   15.2174
    7.5000  -22.5000   30.000010199.9707   15.2369
   -7.5000  -15.0000   30.000011478.4102   15.1422
    0.0000  -15.0000   30.000011965.8877   15.1579
    7.5000  -15.0000   30.000011370.5186   15.1791
   -7.5000   -7.5000   30.000012569.7959   15.0970
    0.0000   -7.5000   30.000013129.9043   15.1092
    7.5000   -7.5000   30.000012544.4023   15.1278
   -7.5000    0.0000   30.000013631.7764   15.0930
    0.0000    0.0000   30.000014276.3652   15.1010
    7.5000    0.0000   30.000013663.8262   15.1146
   -7.5000    7.5000   30.000013655.3486   15.1113
    0.0000    7.5000   30.000014344.5693   15.1182
    7.5000    7.5000   30.000013701.1855   15.1293
   -7.5000   15.0000   30.000013473.9121   15.1238
    0.0000   15.0000   30.000014138.4844   15.1344
    7.5000   15.0000   30.000013565.3213   15.1486
   -7.5000   22.5000   30.000013201.8408   15.1141
    0.0000   22.5000   30.000013821.0078   15.1294
    7.5000   22.5000   30.000013266.3311   15.1485
   -7.5000   30.0000   30.000012847.3467   14.9122
    0.0000   30.0000   30.000013394.8896   14.9278
    7.5000   30.0000   30.000012836.5996   14.9486
   -7.5000   37.5000   30.000012721.0527   14.8957
    0.0000   37.5000   30.000013228.4521   14.9079
    7.5000   37.5000   30.000012661.6729   14.9263
   -7.5000   45.0000   30.000011935.8174   14.5480
    0.0000   45.0000   30.000012406.3633   14.5556
    7.5000   45.0000   30.000011880.3447   14.5687
   -7.5000  -45.0000   37.5000 6774.6201   16.0758
    0.0000  -45.0000   37.5000 7034.9780   16.0844
    7.5000  -45.0000   37.5000 6721.5156   16.0954
   -7.5000  -37.5000   37.5000 7630.6060   15.6533
    0.0000  -37.5000   37.5000 7941.6616   15.6605
    7.5000  -37.5000   37.5000 7542.9399   15.6728
   -7.5000  -30.0000   37.5000 8807.5156   15.3713
    0.0000  -30.0000   37.5000 9177.0215   15.3825
    7.5000  -30.0000   37.5000 8708.5176   15.3991
   -7.5000  -22.5000   37.5000 9984.8320   15.2600
    0.0000  -22.5000   37.500010438.4307   15.2740
    7.5000  -22.5000   37.5000 9893.1514   15.2928
   -7.5000  -15.0000   37.500011126.1211   15.2119
    0.0000  -15.0000   37.500011632.5840   15.2254
    7.5000  -15.0000   37.500011042.9668   15.2427
   -7.5000   -7.5000   37.500012193.2803   15.1690
    0.0000   -7.5000   37.500012733.5137   15.1796
    7.5000   -7.5000   37.500012158.2412   15.1929
   -7.5000    0.0000   37.500013212.8652   15.1571
    0.0000    0.0000   37.500013808.9688   15.1645
    7.5000    0.0000   37.500013195.3877   15.1742
   -7.5000    7.5000   37.500013172.4160   15.1624
    0.0000    7.5000   37.500013785.9570   15.1701
    7.5000    7.5000   37.500013212.0068   15.1809
   -7.5000   15.0000   37.500012949.0029   15.1706
    0.0000   15.0000   37.500013534.1104   15.1820
    7.5000   15.0000   37.500013022.6680   15.1976
   -7.5000   22.5000   37.500012724.5166   15.1712
    0.0000   22.5000   37.500013248.6973   15.1855
    7.5000   22.5000   37.500012736.5439   15.2039
   -7.5000   30.0000   37.500012401.2119   14.9807
    0.0000   30.0000   37.500012918.0078   14.9942
    7.5000   30.0000   37.500012358.2949   15.0112
   -7.5000   37.5000   37.500012313.7656   14.9668
    0.0000   37.5000   37.500012814.3203   14.9773
    7.5000   37.5000   37.500012251.8691   14.9904
   -7.5000   45.0000   37.500011577.7500   14.6097
    0.0000   45.0000   37.500012046.7764   14.6169
    7.5000   45.0000   37.500011532.2559   14.6262
   -7.5000  -45.0000   45.0000 6204.5581   16.1556
    0.0000  -45.0000   45.0000 6448.8984   16.1650
    7.5000  -45.0000   45.0000 6145.1885   16.1710
   -7.5000  -37.5000   45.0000 6985.7114   15.7212
    0.0000  -37.5000   45.0000 7269.1187   15.7290
    7.5000  -37.5000   45.0000 6908.2026   15.7369
   -7.5000  -30.0000   45.0000 8069.7500   15.4293
    0.0000  -30.0000   45.0000 8404.2588   15.4410
    7.5000  -30.0000   45.0000 7978.4551   15.4551
   -7.5000  -22.5000   45.0000 9159.1475   15.3195
    0.0000  -22.5000   45.0000 9547.2607   15.3340
    7.5000  -22.5000   45.0000 9070.6250   15.3518
   -7.5000  -15.0000   45.000010195.4463   15.2784
    0.0000  -15.0000   45.000010619.5059   15.2928
    7.5000  -15.0000   45.000010093.7646   15.3093
   -7.5000   -7.5000   45.000011181.7393   15.2429
    0.0000   -7.5000   45.000011635.7451   15.2544
    7.5000   -7.5000   45.000011085.9326   15.2653
   -7.5000    0.0000   45.000012099.8486   15.2311
    0.0000    0.0000   45.000012635.8662   15.2390
    7.5000    0.0000   45.000012036.2969   15.2446
   -7.5000    7.5000   45.000012061.5186   15.2271
    0.0000    7.5000   45.000012610.0879   15.2353
    7.5000    7.5000   45.000012071.2666   15.2421
   -7.5000   15.0000   45.000011860.2734   15.2277
    0.0000   15.0000   45.000012381.5479   15.2397
    7.5000   15.0000   45.000011885.1729   15.2529
   -7.5000   22.5000   45.000011653.0225   15.2296
    0.0000   22.5000   45.000012127.1650   15.2444
    7.5000   22.5000   45.000011632.1797   15.2618
   -7.5000   30.0000   45.000011355.2373   15.0445
    0.0000   30.0000   45.000011833.6270   15.0589
    7.5000   30.0000   45.000011315.7021   15.0750
   -7.5000   37.5000   45.000011298.9326   15.0383
    0.0000   37.5000   45.000011769.3174   15.0496
    7.5000   37.5000   45.000011270.1797   15.0604
   -7.5000   45.0000   45.000010634.1045   14.6876
    0.0000   45.0000   45.000011092.1787   14.6953
    7.5000   45.0000   45.000010624.1221   14.7007

---------------------------------------------------------------------
imgreg_4dfp /opt/freesurfer/average/711-2C_as_mni_average_305 /opt/freesurfer/average/711-2B_as_mni_average_305_mask talsrcimg_g11 none talsrcimg_to_711-2C_as_mni_average_305_t4 4355
---------------------------------------------------------------------

freesurfer imgreg_4dfp.c
/opt/freesurfer/average/711-2C_as_mni_average_305.4dfp.img
       256       256       256         1
  1.000000  1.000000  1.000000
orientation T byte_order littleendian
Reading image: /opt/freesurfer/average/711-2C_as_mni_average_305.4dfp.img
dimensions:      256       256       256
mmppix:       1.0000   -1.0000   -1.0000
center:     128.0000 -129.0000 -129.0000
/opt/freesurfer/average/711-2B_as_mni_average_305_mask.4dfp.img
       256       256       256         1
  1.000000  1.000000  1.000000
orientation T byte_order littleendian
Reading mask: /opt/freesurfer/average/711-2B_as_mni_average_305_mask.4dfp.img (2306576 pixels)
talsrcimg_g11.4dfp.img
       256       256       256         1
  1.000000  1.000000  1.000000
orientation T byte_order littleendian
Reading image: talsrcimg_g11.4dfp.img
dimensions:      256       256       256
mmppix:       1.0000   -1.0000   -1.0000
center:     128.0000 -129.0000 -129.0000
rotation matrix determinant  1.000000
image alignment mode   4355 decimal     1103 hex
   -7.5000  -45.0000  -45.0000 1636.5143   25.9640
    0.0000  -45.0000  -45.0000 1651.2671   25.8535
    7.5000  -45.0000  -45.0000 1648.7510   26.2296
   -7.5000  -37.5000  -45.0000 1762.5786   22.4827
    0.0000  -37.5000  -45.0000 1776.9799   22.3139
    7.5000  -37.5000  -45.0000 1773.1824   22.5911
   -7.5000  -30.0000  -45.0000 1875.7500   19.8167
    0.0000  -30.0000  -45.0000 1887.2504   19.6219
    7.5000  -30.0000  -45.0000 1878.3901   19.7977
   -7.5000  -22.5000  -45.0000 1971.1843   17.6791
    0.0000  -22.5000  -45.0000 1987.0518   17.4902
    7.5000  -22.5000  -45.0000 1974.4606   17.6765
   -7.5000  -15.0000  -45.0000 2062.4187   15.9963
    0.0000  -15.0000  -45.0000 2077.2991   15.8322
    7.5000  -15.0000  -45.0000 2062.7046   15.9709
   -7.5000   -7.5000  -45.0000 2142.6799   14.7703
    0.0000   -7.5000  -45.0000 2157.9612   14.6509
    7.5000   -7.5000  -45.0000 2149.6892   14.7471
   -7.5000    0.0000  -45.0000 2187.5784   13.8951
    0.0000    0.0000  -45.0000 2206.5916   13.7732
    7.5000    0.0000  -45.0000 2198.4868   13.8407
   -7.5000    7.5000  -45.0000 2220.9441   13.3748
    0.0000    7.5000  -45.0000 2240.2058   13.2038
    7.5000    7.5000  -45.0000 2233.9739   13.2899
   -7.5000   15.0000  -45.0000 2241.3992   13.1057
    0.0000   15.0000  -45.0000 2257.5825   12.9360
    7.5000   15.0000  -45.0000 2251.7068   13.0356
   -7.5000   22.5000  -45.0000 2245.8035   13.1107
    0.0000   22.5000  -45.0000 2262.4504   12.9284
    7.5000   22.5000  -45.0000 2251.1709   13.0175
   -7.5000   30.0000  -45.0000 2236.9309   13.3196
    0.0000   30.0000  -45.0000 2252.3835   13.1155
    7.5000   30.0000  -45.0000 2236.4585   13.1950
   -7.5000   37.5000  -45.0000 2202.4751   13.7422
    0.0000   37.5000  -45.0000 2223.9705   13.5574
    7.5000   37.5000  -45.0000 2205.2925   13.6470
   -7.5000   45.0000  -45.0000 2152.5845   14.4009
    0.0000   45.0000  -45.0000 2174.7927   14.1912
    7.5000   45.0000  -45.0000 2159.2705   14.3162
   -7.5000  -45.0000  -37.5000 1697.2230   24.0310
    0.0000  -45.0000  -37.5000 1713.4979   23.9229
    7.5000  -45.0000  -37.5000 1712.8013   24.2966
   -7.5000  -37.5000  -37.5000 1823.7699   20.7785
    0.0000  -37.5000  -37.5000 1838.3661   20.6512
    7.5000  -37.5000  -37.5000 1833.9297   20.9318
   -7.5000  -30.0000  -37.5000 1941.2021   18.2694
    0.0000  -30.0000  -37.5000 1954.5972   18.1230
    7.5000  -30.0000  -37.5000 1945.6680   18.3413
   -7.5000  -22.5000  -37.5000 2049.7373   16.2722
    0.0000  -22.5000  -37.5000 2064.0815   16.1614
    7.5000  -22.5000  -37.5000 2056.5059   16.3416
   -7.5000  -15.0000  -37.5000 2155.3140   14.7591
    0.0000  -15.0000  -37.5000 2166.9521   14.6559
    7.5000  -15.0000  -37.5000 2158.8928   14.7871
   -7.5000   -7.5000  -37.5000 2243.4355   13.6133
    0.0000   -7.5000  -37.5000 2255.6697   13.5263
    7.5000   -7.5000  -37.5000 2247.5066   13.6526
   -7.5000    0.0000  -37.5000 2293.6904   12.8345
    0.0000    0.0000  -37.5000 2309.2534   12.7318
    7.5000    0.0000  -37.5000 2300.9802   12.8218
   -7.5000    7.5000  -37.5000 2323.2407   12.3239
    0.0000    7.5000  -37.5000 2343.8503   12.2165
    7.5000    7.5000  -37.5000 2331.8909   12.3136
   -7.5000   15.0000  -37.5000 2340.4390   12.0340
    0.0000   15.0000  -37.5000 2360.3533   11.9396
    7.5000   15.0000  -37.5000 2345.0466   12.0325
   -7.5000   22.5000  -37.5000 2347.8616   11.9957
    0.0000   22.5000  -37.5000 2365.3977   11.8604
    7.5000   22.5000  -37.5000 2350.0686   11.9496
   -7.5000   30.0000  -37.5000 2335.9685   12.1431
    0.0000   30.0000  -37.5000 2356.1724   12.0036
    7.5000   30.0000  -37.5000 2339.6592   12.1055
   -7.5000   37.5000  -37.5000 2308.3723   12.5477
    0.0000   37.5000  -37.5000 2327.9492   12.4169
    7.5000   37.5000  -37.5000 2313.9998   12.5308
   -7.5000   45.0000  -37.5000 2257.7732   13.1859
    0.0000   45.0000  -37.5000 2277.1235   13.0761
    7.5000   45.0000  -37.5000 2262.1406   13.1936
   -7.5000  -45.0000  -30.0000 1787.7328   23.1073
    0.0000  -45.0000  -30.0000 1799.7906   23.0296
    7.5000  -45.0000  -30.0000 1799.2664   23.2861
   -7.5000  -37.5000  -30.0000 1922.4916   19.9095
    0.0000  -37.5000  -30.0000 1931.0891   19.8512
    7.5000  -37.5000  -30.0000 1926.9823   20.0377
   -7.5000  -30.0000  -30.0000 2044.0568   17.5120
    0.0000  -30.0000  -30.0000 2056.1621   17.4398
    7.5000  -30.0000  -30.0000 2051.1516   17.6172
   -7.5000  -22.5000  -30.0000 2172.0808   15.6367
    0.0000  -22.5000  -30.0000 2182.9417   15.5749
    7.5000  -22.5000  -30.0000 2175.9209   15.6920
   -7.5000  -15.0000  -30.0000 2285.0183   14.1702
    0.0000  -15.0000  -30.0000 2301.4028   14.1240
    7.5000  -15.0000  -30.0000 2291.8997   14.2239
   -7.5000   -7.5000  -30.0000 2377.7244   13.0490
    0.0000   -7.5000  -30.0000 2392.7629   12.9954
    7.5000   -7.5000  -30.0000 2382.0388   13.0845
   -7.5000    0.0000  -30.0000 2433.2295   12.2781
    0.0000    0.0000  -30.0000 2453.6445   12.1870
    7.5000    0.0000  -30.0000 2441.2139   12.2779
   -7.5000    7.5000  -30.0000 2468.7292   11.7627
    0.0000    7.5000  -30.0000 2492.3770   11.6693
    7.5000    7.5000  -30.0000 2478.3706   11.7849
   -7.5000   15.0000  -30.0000 2491.5283   11.4545
    0.0000   15.0000  -30.0000 2511.3604   11.3733
    7.5000   15.0000  -30.0000 2495.1858   11.4757
   -7.5000   22.5000  -30.0000 2500.3599   11.4184
    0.0000   22.5000  -30.0000 2518.3018   11.3254
    7.5000   22.5000  -30.0000 2504.7195   11.4189
   -7.5000   30.0000  -30.0000 2487.5032   11.5606
    0.0000   30.0000  -30.0000 2510.2205   11.4689
    7.5000   30.0000  -30.0000 2493.9866   11.5777
   -7.5000   37.5000  -30.0000 2454.7256   11.9378
    0.0000   37.5000  -30.0000 2480.9993   11.8515
    7.5000   37.5000  -30.0000 2464.3987   11.9647
   -7.5000   45.0000  -30.0000 2400.2893   12.5391
    0.0000   45.0000  -30.0000 2424.7510   12.4706
    7.5000   45.0000  -30.0000 2404.6953   12.5983
   -7.5000  -45.0000  -22.5000 1854.9421   22.1556
    0.0000  -45.0000  -22.5000 1865.2987   22.0518
    7.5000  -45.0000  -22.5000 1858.3533   22.2863
   -7.5000  -37.5000  -22.5000 1996.4967   19.0910
    0.0000  -37.5000  -22.5000 2003.3680   18.9566
    7.5000  -37.5000  -22.5000 1995.5098   19.1616
   -7.5000  -30.0000  -22.5000 2129.9529   16.8052
    0.0000  -30.0000  -22.5000 2146.3491   16.6961
    7.5000  -30.0000  -22.5000 2134.9795   16.8137
   -7.5000  -22.5000  -22.5000 2266.9446   14.9689
    0.0000  -22.5000  -22.5000 2281.5740   14.8823
    7.5000  -22.5000  -22.5000 2272.6721   14.9969
   -7.5000  -15.0000  -22.5000 2386.3452   13.5124
    0.0000  -15.0000  -22.5000 2403.9407   13.4822
    7.5000  -15.0000  -22.5000 2392.0996   13.5852
   -7.5000   -7.5000  -22.5000 2478.7363   12.4262
    0.0000   -7.5000  -22.5000 2495.8020   12.3704
    7.5000   -7.5000  -22.5000 2483.7773   12.4754
   -7.5000    0.0000  -22.5000 2540.2512   11.6608
    0.0000    0.0000  -22.5000 2560.1750   11.5666
    7.5000    0.0000  -22.5000 2550.9473   11.6633
   -7.5000    7.5000  -22.5000 2589.0664   11.1462
    0.0000    7.5000  -22.5000 2609.9490   11.0511
    7.5000    7.5000  -22.5000 2600.3906   11.1445
   -7.5000   15.0000  -22.5000 2623.6055   10.8323
    0.0000   15.0000  -22.5000 2645.0051   10.7516
    7.5000   15.0000  -22.5000 2626.9563   10.8470
   -7.5000   22.5000  -22.5000 2635.4170   10.7977
    0.0000   22.5000  -22.5000 2649.3704   10.7272
    7.5000   22.5000  -22.5000 2635.1926   10.8129
   -7.5000   30.0000  -22.5000 2619.0813   10.9368
    0.0000   30.0000  -22.5000 2638.1836   10.8752
    7.5000   30.0000  -22.5000 2619.7292   10.9886
   -7.5000   37.5000  -22.5000 2584.5508   11.2815
    0.0000   37.5000  -22.5000 2604.5952   11.2400
    7.5000   37.5000  -22.5000 2586.5039   11.3555
   -7.5000   45.0000  -22.5000 2525.5154   11.8549
    0.0000   45.0000  -22.5000 2543.8391   11.8174
    7.5000   45.0000  -22.5000 2523.2812   11.9535
   -7.5000  -45.0000  -15.0000 1897.1948   21.3031
    0.0000  -45.0000  -15.0000 1900.4994   21.2045
    7.5000  -45.0000  -15.0000 1894.1427   21.4111
   -7.5000  -37.5000  -15.0000 2043.1873   18.3193
    0.0000  -37.5000  -15.0000 2054.0027   18.2622
    7.5000  -37.5000  -15.0000 2044.0209   18.4137
   -7.5000  -30.0000  -15.0000 2188.1428   16.0849
    0.0000  -30.0000  -15.0000 2205.8613   16.0114
    7.5000  -30.0000  -15.0000 2193.8997   16.1171
   -7.5000  -22.5000  -15.0000 2333.2485   14.3185
    0.0000  -22.5000  -15.0000 2351.2041   14.2511
    7.5000  -22.5000  -15.0000 2338.1982   14.3654
   -7.5000  -15.0000  -15.0000 2449.6392   12.9077
    0.0000  -15.0000  -15.0000 2466.6501   12.8458
    7.5000  -15.0000  -15.0000 2455.5830   12.9817
   -7.5000   -7.5000  -15.0000 2542.6670   11.8310
    0.0000   -7.5000  -15.0000 2562.2864   11.7411
    7.5000   -7.5000  -15.0000 2546.3584   11.8771
   -7.5000    0.0000  -15.0000 2619.3206   11.0592
    0.0000    0.0000  -15.0000 2640.5913   10.9768
    7.5000    0.0000  -15.0000 2624.9436   11.0633
   -7.5000    7.5000  -15.0000 2678.5002   10.5411
    0.0000    7.5000  -15.0000 2700.1433   10.4572
    7.5000    7.5000  -15.0000 2687.2317   10.5313
   -7.5000   15.0000  -15.0000 2720.4631   10.2293
    0.0000   15.0000  -15.0000 2739.8601   10.1449
    7.5000   15.0000  -15.0000 2719.5588   10.2314
   -7.5000   22.5000  -15.0000 2736.0938   10.1853
    0.0000   22.5000  -15.0000 2749.2632   10.1215
    7.5000   22.5000  -15.0000 2726.0481   10.2327
   -7.5000   30.0000  -15.0000 2722.0503   10.3318
    0.0000   30.0000  -15.0000 2743.1138   10.2779
    7.5000   30.0000  -15.0000 2719.5137   10.3979
   -7.5000   37.5000  -15.0000 2687.8894   10.6576
    0.0000   37.5000  -15.0000 2704.7107   10.6312
    7.5000   37.5000  -15.0000 2683.1201   10.7581
   -7.5000   45.0000  -15.0000 2622.9163   11.1985
    0.0000   45.0000  -15.0000 2639.3999   11.1641
    7.5000   45.0000  -15.0000 2612.6726   11.3042
   -7.5000  -45.0000   -7.5000 1927.2091   20.5969
    0.0000  -45.0000   -7.5000 1932.4778   20.4882
    7.5000  -45.0000   -7.5000 1926.1276   20.8090
   -7.5000  -37.5000   -7.5000 2079.1907   17.6651
    0.0000  -37.5000   -7.5000 2090.7524   17.6136
    7.5000  -37.5000   -7.5000 2080.9856   17.8564
   -7.5000  -30.0000   -7.5000 2227.5798   15.4628
    0.0000  -30.0000   -7.5000 2244.2520   15.4073
    7.5000  -30.0000   -7.5000 2229.8787   15.6005
   -7.5000  -22.5000   -7.5000 2371.0195   13.7341
    0.0000  -22.5000   -7.5000 2388.3406   13.6691
    7.5000  -22.5000   -7.5000 2371.6323   13.8756
   -7.5000  -15.0000   -7.5000 2489.3909   12.3590
    0.0000  -15.0000   -7.5000 2507.8230   12.2783
    7.5000  -15.0000   -7.5000 2490.4321   12.4681
   -7.5000   -7.5000   -7.5000 2592.6995   11.3087
    0.0000   -7.5000   -7.5000 2613.4221   11.2184
    7.5000   -7.5000   -7.5000 2595.1411   11.3580
   -7.5000    0.0000   -7.5000 2678.1121   10.5258
    0.0000    0.0000   -7.5000 2700.7939   10.4406
    7.5000    0.0000   -7.5000 2682.1687   10.5521
   -7.5000    7.5000   -7.5000 2744.2175    9.9867
    0.0000    7.5000   -7.5000 2768.2698    9.9137
    7.5000    7.5000   -7.5000 2751.9648   10.0131
   -7.5000   15.0000   -7.5000 2796.2632    9.6575
    0.0000   15.0000   -7.5000 2820.0144    9.5719
    7.5000   15.0000   -7.5000 2790.4077    9.6973
   -7.5000   22.5000   -7.5000 2822.8003    9.5970
    0.0000   22.5000   -7.5000 2836.0383    9.5175
    7.5000   22.5000   -7.5000 2805.9104    9.6650
   -7.5000   30.0000   -7.5000 2813.2449    9.7725
    0.0000   30.0000   -7.5000 2832.9255    9.7163
    7.5000   30.0000   -7.5000 2802.4377    9.8526
   -7.5000   37.5000   -7.5000 2774.8743   10.0862
    0.0000   37.5000   -7.5000 2793.2686   10.0574
    7.5000   37.5000   -7.5000 2763.7971   10.1917
   -7.5000   45.0000   -7.5000 2702.4365   10.5982
    0.0000   45.0000   -7.5000 2714.6843   10.5596
    7.5000   45.0000   -7.5000 2685.7009   10.7114
   -7.5000  -45.0000    0.0000 1947.2122   20.1505
    0.0000  -45.0000    0.0000 1957.0215   20.1014
    7.5000  -45.0000    0.0000 1949.4728   20.3900
   -7.5000  -37.5000    0.0000 2098.1282   17.2630
    0.0000  -37.5000    0.0000 2113.5337   17.1796
    7.5000  -37.5000    0.0000 2102.8667   17.4643
   -7.5000  -30.0000    0.0000 2245.0112   15.0581
    0.0000  -30.0000    0.0000 2263.7480   14.9776
    7.5000  -30.0000    0.0000 2250.8220   15.2777
   -7.5000  -22.5000    0.0000 2385.8022   13.3369
    0.0000  -22.5000    0.0000 2405.8003   13.2410
    7.5000  -22.5000    0.0000 2388.8687   13.5222
   -7.5000  -15.0000    0.0000 2510.2224   11.9810
    0.0000  -15.0000    0.0000 2529.8914   11.8641
    7.5000  -15.0000    0.0000 2510.1614   12.1038
   -7.5000   -7.5000    0.0000 2619.7119   10.9135
    0.0000   -7.5000    0.0000 2646.4773   10.8100
    7.5000   -7.5000    0.0000 2624.2930   11.0016
   -7.5000    0.0000    0.0000 2715.3625   10.1066
    0.0000    0.0000    0.0000 2745.4375   10.0168
    7.5000    0.0000    0.0000 2722.2869   10.1907
   -7.5000    7.5000    0.0000 2798.6365    9.5649
    0.0000    7.5000    0.0000 2827.4592    9.4746
    7.5000    7.5000    0.0000 2801.6536    9.6442
   -7.5000   15.0000    0.0000 2861.1206    9.2579
    0.0000   15.0000    0.0000 2893.2209    9.1329
    7.5000   15.0000    0.0000 2852.6882    9.3134
   -7.5000   22.5000    0.0000 2901.3123    9.1640
    0.0000   22.5000    0.0000 2919.2810    9.0420
    7.5000   22.5000    0.0000 2878.1262    9.2391
   -7.5000   30.0000    0.0000 2893.4375    9.3208
    0.0000   30.0000    0.0000 2905.8142    9.2375
    7.5000   30.0000    0.0000 2870.7583    9.3979
   -7.5000   37.5000    0.0000 2843.6267    9.6320
    0.0000   37.5000    0.0000 2857.8252    9.5739
    7.5000   37.5000    0.0000 2824.0400    9.7230
   -7.5000   45.0000    0.0000 2761.5466   10.1373
    0.0000   45.0000    0.0000 2774.4832   10.0852
    7.5000   45.0000    0.0000 2740.8362   10.2502
   -7.5000  -45.0000    7.5000 1955.2804   19.9749
    0.0000  -45.0000    7.5000 1971.4371   19.9681
    7.5000  -45.0000    7.5000 1962.4244   20.2857
   -7.5000  -37.5000    7.5000 2108.5237   17.1758
    0.0000  -37.5000    7.5000 2126.9429   17.0483
    7.5000  -37.5000    7.5000 2117.5190   17.3465
   -7.5000  -30.0000    7.5000 2253.5051   14.9287
    0.0000  -30.0000    7.5000 2273.0984   14.8124
    7.5000  -30.0000    7.5000 2260.5256   15.1138
   -7.5000  -22.5000    7.5000 2391.0859   13.1601
    0.0000  -22.5000    7.5000 2410.0173   13.0380
    7.5000  -22.5000    7.5000 2396.6028   13.3416
   -7.5000  -15.0000    7.5000 2514.6802   11.7543
    0.0000  -15.0000    7.5000 2532.0955   11.6482
    7.5000  -15.0000    7.5000 2514.3789   11.9414
   -7.5000   -7.5000    7.5000 2630.6516   10.6619
    0.0000   -7.5000    7.5000 2651.4436   10.5507
    7.5000   -7.5000    7.5000 2633.3779   10.8304
   -7.5000    0.0000    7.5000 2737.3130    9.8454
    0.0000    0.0000    7.5000 2762.9648    9.7283
    7.5000    0.0000    7.5000 2742.2234    9.9948
   -7.5000    7.5000    7.5000 2835.7769    9.3051
    0.0000    7.5000    7.5000 2864.6257    9.1765
    7.5000    7.5000    7.5000 2834.4834    9.4228
   -7.5000   15.0000    7.5000 2912.3027    9.0225
    0.0000   15.0000    7.5000 2947.1614    8.8807
    7.5000   15.0000    7.5000 2900.4065    9.0988
   -7.5000   22.5000    7.5000 2965.2371    8.9246
    0.0000   22.5000    7.5000 2985.6558    8.7556
    7.5000   22.5000    7.5000 2938.2485    8.9982
   -7.5000   30.0000    7.5000 2958.0698    9.0535
    0.0000   30.0000    7.5000 2961.0557    8.9079
    7.5000   30.0000    7.5000 2920.7761    9.1223
   -7.5000   37.5000    7.5000 2897.0444    9.3698
    0.0000   37.5000    7.5000 2900.5469    9.2548
    7.5000   37.5000    7.5000 2865.4016    9.4547
   -7.5000   45.0000    7.5000 2804.4150    9.8593
    0.0000   45.0000    7.5000 2812.1428    9.7586
    7.5000   45.0000    7.5000 2776.6887    9.9707
   -7.5000  -45.0000   15.0000 1955.1544   20.2080
    0.0000  -45.0000   15.0000 1970.2961   20.0323
    7.5000  -45.0000   15.0000 1961.8649   20.4032
   -7.5000  -37.5000   15.0000 2113.3589   17.2923
    0.0000  -37.5000   15.0000 2128.9077   17.1357
    7.5000  -37.5000   15.0000 2118.5713   17.4673
   -7.5000  -30.0000   15.0000 2251.4014   14.9818
    0.0000  -30.0000   15.0000 2265.0010   14.8633
    7.5000  -30.0000   15.0000 2252.1079   15.1690
   -7.5000  -22.5000   15.0000 2381.4573   13.1484
    0.0000  -22.5000   15.0000 2397.1047   13.0599
    7.5000  -22.5000   15.0000 2381.9133   13.3636
   -7.5000  -15.0000   15.0000 2502.5742   11.7283
    0.0000  -15.0000   15.0000 2514.8840   11.6308
    7.5000  -15.0000   15.0000 2495.9268   11.9231
   -7.5000   -7.5000   15.0000 2623.2905   10.6125
    0.0000   -7.5000   15.0000 2636.6694   10.4976
    7.5000   -7.5000   15.0000 2617.5415   10.7852
   -7.5000    0.0000   15.0000 2739.5144    9.7727
    0.0000    0.0000   15.0000 2756.4231    9.6417
    7.5000    0.0000   15.0000 2732.6326    9.9244
   -7.5000    7.5000   15.0000 2848.1846    9.2244
    0.0000    7.5000   15.0000 2867.4131    9.0718
    7.5000    7.5000   15.0000 2833.6177    9.3408
   -7.5000   15.0000   15.0000 2940.8250    8.9658
    0.0000   15.0000   15.0000 2962.1750    8.8204
    7.5000   15.0000   15.0000 2915.2017    9.0702
   -7.5000   22.5000   15.0000 2999.3333    8.8858
    0.0000   22.5000   15.0000 3014.5698    8.7487
    7.5000   22.5000   15.0000 2955.7949    8.9919
   -7.5000   30.0000   15.0000 2985.5647    8.9827
    0.0000   30.0000   15.0000 2990.4099    8.8699
    7.5000   30.0000   15.0000 2937.2598    9.0935
   -7.5000   37.5000   15.0000 2915.3647    9.2633
    0.0000   37.5000   15.0000 2919.7336    9.1655
    7.5000   37.5000   15.0000 2877.7639    9.3566
   -7.5000   45.0000   15.0000 2813.0098    9.7475
    0.0000   45.0000   15.0000 2821.4636    9.6473
    7.5000   45.0000   15.0000 2787.0720    9.8268
   -7.5000  -45.0000   22.5000 1935.3307   20.5948
    0.0000  -45.0000   22.5000 1945.5375   20.4488
    7.5000  -45.0000   22.5000 1940.3491   20.8418
   -7.5000  -37.5000   22.5000 2102.4805   17.6269
    0.0000  -37.5000   22.5000 2110.2190   17.4808
    7.5000  -37.5000   22.5000 2098.9556   17.8057
   -7.5000  -30.0000   22.5000 2240.7830   15.2152
    0.0000  -30.0000   22.5000 2247.4338   15.0955
    7.5000  -30.0000   22.5000 2231.8271   15.4179
   -7.5000  -22.5000   22.5000 2367.3655   13.3291
    0.0000  -22.5000   22.5000 2375.9883   13.2067
    7.5000  -22.5000   22.5000 2354.4758   13.5506
   -7.5000  -15.0000   22.5000 2486.9534   11.8917
    0.0000  -15.0000   22.5000 2490.5134   11.7383
    7.5000  -15.0000   22.5000 2469.7871   12.0909
   -7.5000   -7.5000   22.5000 2608.5540   10.7519
    0.0000   -7.5000   22.5000 2610.2122   10.6104
    7.5000   -7.5000   22.5000 2594.9031   10.9529
   -7.5000    0.0000   22.5000 2723.7139    9.9055
    0.0000    0.0000   22.5000 2730.4714    9.7651
    7.5000    0.0000   22.5000 2707.9780   10.0954
   -7.5000    7.5000   22.5000 2832.1489    9.3782
    0.0000    7.5000   22.5000 2850.1074    9.2625
    7.5000    7.5000   22.5000 2810.8052    9.5429
   -7.5000   15.0000   22.5000 2929.2869    9.0797
    0.0000   15.0000   22.5000 2949.2468    9.0254
    7.5000   15.0000   22.5000 2889.4053    9.2409
   -7.5000   22.5000   22.5000 2981.4255    8.9466
    0.0000   22.5000   22.5000 2994.5164    8.9326
    7.5000   22.5000   22.5000 2932.5425    9.1323
   -7.5000   30.0000   22.5000 2962.5713    9.0443
    0.0000   30.0000   22.5000 2972.5085    9.0427
    7.5000   30.0000   22.5000 2913.9907    9.2050
   -7.5000   37.5000   22.5000 2894.2070    9.3545
    0.0000   37.5000   22.5000 2899.4475    9.3218
    7.5000   37.5000   22.5000 2853.3125    9.4631
   -7.5000   45.0000   22.5000 2796.2180    9.8518
    0.0000   45.0000   22.5000 2802.2661    9.7776
    7.5000   45.0000   22.5000 2768.2688    9.9150
   -7.5000  -45.0000   30.0000 1902.2943   21.3597
    0.0000  -45.0000   30.0000 1904.2736   21.1771
    7.5000  -45.0000   30.0000 1896.8113   21.6513
   -7.5000  -37.5000   30.0000 2074.3513   18.1837
    0.0000  -37.5000   30.0000 2070.6726   17.9964
    7.5000  -37.5000   30.0000 2055.1118   18.3684
   -7.5000  -30.0000   30.0000 2212.7234   15.6234
    0.0000  -30.0000   30.0000 2212.3044   15.4938
    7.5000  -30.0000   30.0000 2194.9907   15.8413
   -7.5000  -22.5000   30.0000 2339.5684   13.7056
    0.0000  -22.5000   30.0000 2342.1292   13.5865
    7.5000  -22.5000   30.0000 2318.7363   13.9274
   -7.5000  -15.0000   30.0000 2458.4038   12.2252
    0.0000  -15.0000   30.0000 2460.0950   12.1441
    7.5000  -15.0000   30.0000 2433.9609   12.4828
   -7.5000   -7.5000   30.0000 2581.4731   11.0751
    0.0000   -7.5000   30.0000 2580.3411   11.0258
    7.5000   -7.5000   30.0000 2555.4373   11.3579
   -7.5000    0.0000   30.0000 2693.6113   10.2171
    0.0000    0.0000   30.0000 2697.8413   10.1861
    7.5000    0.0000   30.0000 2667.0420   10.5006
   -7.5000    7.5000   30.0000 2799.6150    9.6853
    0.0000    7.5000   30.0000 2809.0105    9.6322
    7.5000    7.5000   30.0000 2765.5876    9.9211
   -7.5000   15.0000   30.0000 2892.6765    9.3577
    0.0000   15.0000   30.0000 2898.9487    9.3032
    7.5000   15.0000   30.0000 2842.6528    9.5609
   -7.5000   22.5000   30.0000 2931.8674    9.2370
    0.0000   22.5000   30.0000 2939.2051    9.1786
    7.5000   22.5000   30.0000 2882.8284    9.4258
   -7.5000   30.0000   30.0000 2913.5017    9.3687
    0.0000   30.0000   30.0000 2917.8396    9.3062
    7.5000   30.0000   30.0000 2862.6267    9.5132
   -7.5000   37.5000   30.0000 2851.2886    9.6678
    0.0000   37.5000   30.0000 2853.1934    9.5932
    7.5000   37.5000   30.0000 2807.3518    9.7729
   -7.5000   45.0000   30.0000 2753.1902   10.1496
    0.0000   45.0000   30.0000 2756.7537   10.0651
    7.5000   45.0000   30.0000 2723.5239   10.2105
   -7.5000  -45.0000   37.5000 1856.6866   22.3328
    0.0000  -45.0000   37.5000 1854.6052   22.2153
    7.5000  -45.0000   37.5000 1841.6287   22.6660
   -7.5000  -37.5000   37.5000 2021.1115   18.9215
    0.0000  -37.5000   37.5000 2019.7157   18.8563
    7.5000  -37.5000   37.5000 1998.3652   19.2145
   -7.5000  -30.0000   37.5000 2168.4993   16.3075
    0.0000  -30.0000   37.5000 2169.7153   16.2806
    7.5000  -30.0000   37.5000 2146.4167   16.6353
   -7.5000  -22.5000   37.5000 2298.4746   14.3093
    0.0000  -22.5000   37.5000 2299.6931   14.3177
    7.5000  -22.5000   37.5000 2270.7737   14.6704
   -7.5000  -15.0000   37.5000 2422.4990   12.8013
    0.0000  -15.0000   37.5000 2420.3059   12.7993
    7.5000  -15.0000   37.5000 2388.8076   13.1408
   -7.5000   -7.5000   37.5000 2542.9590   11.6159
    0.0000   -7.5000   37.5000 2539.0615   11.5962
    7.5000   -7.5000   37.5000 2506.4705   11.9585
   -7.5000    0.0000   37.5000 2653.6653   10.7258
    0.0000    0.0000   37.5000 2653.7043   10.7037
    7.5000    0.0000   37.5000 2615.2397   11.0527
   -7.5000    7.5000   37.5000 2754.5486   10.1741
    0.0000    7.5000   37.5000 2757.7654   10.1209
    7.5000    7.5000   37.5000 2707.6270   10.4402
   -7.5000   15.0000   37.5000 2832.1118    9.7743
    0.0000   15.0000   37.5000 2833.7703    9.7370
    7.5000   15.0000   37.5000 2775.0085   10.0382
   -7.5000   22.5000   37.5000 2869.0457    9.6868
    0.0000   22.5000   37.5000 2868.6809    9.5970
    7.5000   22.5000   37.5000 2812.7019    9.8761
   -7.5000   30.0000   37.5000 2844.8057    9.8466
    0.0000   30.0000   37.5000 2846.0081    9.7650
    7.5000   30.0000   37.5000 2789.5657    9.9697
   -7.5000   37.5000   37.5000 2787.0347   10.1402
    0.0000   37.5000   37.5000 2781.1907   10.0717
    7.5000   37.5000   37.5000 2735.6221   10.2538
   -7.5000   45.0000   37.5000 2692.0417   10.6255
    0.0000   45.0000   37.5000 2692.0103   10.5401
    7.5000   45.0000   37.5000 2658.8147   10.6986
   -7.5000  -45.0000   45.0000 1801.8373   23.7443
    0.0000  -45.0000   45.0000 1800.2848   23.7912
    7.5000  -45.0000   45.0000 1783.8088   24.2820
   -7.5000  -37.5000   45.0000 1961.8551   20.0326
    0.0000  -37.5000   45.0000 1958.5913   20.1479
    7.5000  -37.5000   45.0000 1939.2217   20.5526
   -7.5000  -30.0000   45.0000 2112.4897   17.2358
    0.0000  -30.0000   45.0000 2108.9907   17.3202
    7.5000  -30.0000   45.0000 2085.2241   17.6986
   -7.5000  -22.5000   45.0000 2245.2617   15.1205
    0.0000  -22.5000   45.0000 2242.3237   15.1839
    7.5000  -22.5000   45.0000 2212.6934   15.5297
   -7.5000  -15.0000   45.0000 2370.9722   13.5200
    0.0000  -15.0000   45.0000 2365.1587   13.5313
    7.5000  -15.0000   45.0000 2329.1340   13.8960
   -7.5000   -7.5000   45.0000 2491.1599   12.2985
    0.0000   -7.5000   45.0000 2485.0540   12.2841
    7.5000   -7.5000   45.0000 2445.3127   12.6492
   -7.5000    0.0000   45.0000 2599.3108   11.4066
    0.0000    0.0000   45.0000 2594.9756   11.3676
    7.5000    0.0000   45.0000 2548.1667   11.7192
   -7.5000    7.5000   45.0000 2692.5454   10.7918
    0.0000    7.5000   45.0000 2692.1025   10.7709
    7.5000    7.5000   45.0000 2637.6111   11.0859
   -7.5000   15.0000   45.0000 2756.4709   10.3931
    0.0000   15.0000   45.0000 2752.0132   10.3640
    7.5000   15.0000   45.0000 2695.4202   10.6662
   -7.5000   22.5000   45.0000 2784.4031   10.3148
    0.0000   22.5000   45.0000 2777.8762   10.2382
    7.5000   22.5000   45.0000 2727.6592   10.4814
   -7.5000   30.0000   45.0000 2754.3726   10.4614
    0.0000   30.0000   45.0000 2751.9893   10.3883
    7.5000   30.0000   45.0000 2703.7349   10.5826
   -7.5000   37.5000   45.0000 2700.0088   10.7474
    0.0000   37.5000   45.0000 2693.6025   10.6868
    7.5000   37.5000   45.0000 2652.4407   10.8671
   -7.5000   45.0000   45.0000 2615.8230   11.2141
    0.0000   45.0000   45.0000 2610.2588   11.1511
    7.5000   45.0000   45.0000 2575.9514   11.3099

---------------------------------------------------------------------
imgreg_4dfp /opt/freesurfer/average/711-2C_as_mni_average_305 /opt/freesurfer/average/711-2B_as_mni_average_305_mask talsrcimg_g11 none talsrcimg_to_711-2C_as_mni_average_305_t4 1283
---------------------------------------------------------------------

freesurfer imgreg_4dfp.c
/opt/freesurfer/average/711-2C_as_mni_average_305.4dfp.img
       256       256       256         1
  1.000000  1.000000  1.000000
orientation T byte_order littleendian
Reading image: /opt/freesurfer/average/711-2C_as_mni_average_305.4dfp.img
dimensions:      256       256       256
mmppix:       1.0000   -1.0000   -1.0000
center:     128.0000 -129.0000 -129.0000
/opt/freesurfer/average/711-2B_as_mni_average_305_mask.4dfp.img
       256       256       256         1
  1.000000  1.000000  1.000000
orientation T byte_order littleendian
Reading mask: /opt/freesurfer/average/711-2B_as_mni_average_305_mask.4dfp.img (2306576 pixels)
talsrcimg_g11.4dfp.img
       256       256       256         1
  1.000000  1.000000  1.000000
orientation T byte_order littleendian
Reading image: talsrcimg_g11.4dfp.img
dimensions:      256       256       256
mmppix:       1.0000   -1.0000   -1.0000
center:     128.0000 -129.0000 -129.0000
rotation matrix determinant  1.000000
fimgreg.f
image alignment mode   1283 decimal      503 hex
parameters
    0.0000   22.5000   15.0000    0.0000    0.0000    0.0000
eta,q 0.94705  8.73641
niter,ni,del,rscale     5    3   12.0000    1.2000
parameter  4  1.441524 ->  0.500000 qaram    1.1500
parameter  5 -0.994477 -> -0.500000 qaram    1.1500
parameters
   -1.3341   24.0805   16.6609   -3.4500    3.4500    2.6000
eta,q 0.95292  8.70545
  0.0628  0.0643  0.0623  0.0509  0.0630  0.0545
  0.0572  0.0592  0.0594  0.0509  0.0591  0.0521
  0.0546  0.0561  0.0565  0.0518  0.0550  0.0496
  0.0561  0.0545  0.0548  0.0538  0.0511  0.0479
  0.0591  0.0546  0.0539  0.0559  0.0486  0.0472
  0.0652  0.0550  0.0546  0.0580  0.0478  0.0472
  0.0722  0.0574  0.0574  0.0599  0.0476  0.0487
niter,ni,del,rscale     6    3   12.0000    1.2000
parameter  4  1.010060 ->  0.500000 qaram    1.3225
parameter  5 -0.511776 -> -0.500000 qaram    1.3225
parameters
   -2.6961   25.4694   16.1352   -7.4175    7.4175    0.5970
eta,q 0.95878  8.72667
  0.0551  0.0589  0.0514  0.0442  0.0562  0.0437
  0.0488  0.0526  0.0487  0.0439  0.0509  0.0418
  0.0462  0.0485  0.0474  0.0452  0.0467  0.0412
  0.0471  0.0462  0.0461  0.0464  0.0442  0.0419
  0.0507  0.0464  0.0465  0.0487  0.0426  0.0437
  0.0584  0.0480  0.0497  0.0511  0.0420  0.0462
  0.0671  0.0507  0.0547  0.0539  0.0441  0.0487
niter,ni,del,rscale     7    3   12.0000    1.2000
parameters
   -4.4400   26.9023   15.0573   -8.2795    8.3471    0.6807
eta,q 0.96211  8.70859
  0.0489  0.0568  0.0452  0.0458  0.0541  0.0433
  0.0420  0.0481  0.0414  0.0408  0.0475  0.0405
  0.0394  0.0421  0.0394  0.0378  0.0416  0.0387
  0.0412  0.0394  0.0392  0.0390  0.0384  0.0379
  0.0477  0.0395  0.0416  0.0413  0.0383  0.0382
  0.0555  0.0419  0.0458  0.0442  0.0424  0.0401
  0.0631  0.0449  0.0515  0.0477  0.0490  0.0432
niter,ni,del,rscale     6    3   12.0000    1.2000
parameters
   -4.5756   27.2844   14.8591   -8.4015    8.4688    0.7054
eta,q 0.96190  8.70618
  0.0547  0.0522  0.0476  0.0468  0.0520  0.0433
  0.0464  0.0435  0.0425  0.0424  0.0454  0.0406
  0.0400  0.0387  0.0394  0.0383  0.0404  0.0388
  0.0379  0.0379  0.0382  0.0382  0.0381  0.0381
  0.0406  0.0404  0.0395  0.0404  0.0395  0.0386
  0.0478  0.0437  0.0436  0.0429  0.0443  0.0403
  0.0559  0.0470  0.0489  0.0465  0.0517  0.0434
niter,ni,del,rscale     5    3   12.0000    1.2000
parameters
   -4.6078   27.3627   14.8286   -8.4396    8.4903    0.7150
eta,q 0.96184  8.70583
  0.0551  0.0507  0.0481  0.0469  0.0518  0.0433
  0.0469  0.0424  0.0429  0.0426  0.0451  0.0406
  0.0406  0.0382  0.0396  0.0384  0.0402  0.0389
  0.0381  0.0381  0.0382  0.0382  0.0382  0.0382
  0.0403  0.0410  0.0392  0.0403  0.0397  0.0386
  0.0473  0.0443  0.0432  0.0428  0.0446  0.0404
  0.0555  0.0476  0.0484  0.0464  0.0521  0.0434
niter,ni,del,rscale     4    3   12.0000    1.2000
parameters
   -4.6155   27.3782   14.8209   -8.4508    8.4947    0.7191
eta,q 0.96183  8.70567
  0.0552  0.0504  0.0482  0.0469  0.0517  0.0433
  0.0470  0.0422  0.0430  0.0426  0.0450  0.0406
  0.0407  0.0381  0.0396  0.0385  0.0402  0.0389
  0.0382  0.0382  0.0382  0.0382  0.0382  0.0382
  0.0402  0.0412  0.0391  0.0403  0.0397  0.0386
  0.0472  0.0444  0.0431  0.0427  0.0446  0.0404
  0.0554  0.0477  0.0484  0.0463  0.0521  0.0434
registration optimization eta report
parameter search radius
    6.0000    6.0000    6.0000    7.9350    7.9350    6.0000
100000*second partial in parameter space
       47.       30.       28.       13.       22.       14.
  0.0552  0.0504  0.0482  0.0469  0.0517  0.0433
  0.0470  0.0422  0.0430  0.0426  0.0450  0.0406
  0.0407  0.0381  0.0396  0.0385  0.0402  0.0389
  0.0382  0.0382  0.0382  0.0382  0.0382  0.0382
  0.0402  0.0412  0.0391  0.0403  0.0397  0.0386
  0.0472  0.0444  0.0431  0.0427  0.0446  0.0404
  0.0554  0.0477  0.0484  0.0463  0.0521  0.0434
   -4.6155   27.3782   14.8209   -8.4508    8.4947    0.7191
eta,q 0.96183  8.70567

---------------------------------------------------------------------
imgreg_4dfp /opt/freesurfer/average/711-2C_as_mni_average_305 /opt/freesurfer/average/711-2B_as_mni_average_305_mask talsrcimg_g11 none talsrcimg_to_711-2C_as_mni_average_305_t4 3335
---------------------------------------------------------------------

freesurfer imgreg_4dfp.c
/opt/freesurfer/average/711-2C_as_mni_average_305.4dfp.img
       256       256       256         1
  1.000000  1.000000  1.000000
orientation T byte_order littleendian
Reading image: /opt/freesurfer/average/711-2C_as_mni_average_305.4dfp.img
dimensions:      256       256       256
mmppix:       1.0000   -1.0000   -1.0000
center:     128.0000 -129.0000 -129.0000
/opt/freesurfer/average/711-2B_as_mni_average_305_mask.4dfp.img
       256       256       256         1
  1.000000  1.000000  1.000000
orientation T byte_order littleendian
Reading mask: /opt/freesurfer/average/711-2B_as_mni_average_305_mask.4dfp.img (2306576 pixels)
talsrcimg_g11.4dfp.img
       256       256       256         1
  1.000000  1.000000  1.000000
orientation T byte_order littleendian
Reading image: talsrcimg_g11.4dfp.img
dimensions:      256       256       256
mmppix:       1.0000   -1.0000   -1.0000
center:     128.0000 -129.0000 -129.0000
fimgreg.f
image alignment mode   3335 decimal      D07 hex
parameters
   -4.6155   27.3782   14.8209   -1.1048   -1.0663   -2.1709
    0.9293  -14.7946    1.2412   14.5115   14.7717  -14.5348
eta,q 0.96414  8.71864
niter,ni,del,rscale     5    3    5.0000    1.2000
parameter  4  1.282479 ->  0.500000 qaram    1.1500
parameter  5  1.969840 ->  0.500000 qaram    1.1500
parameters
   -4.7656   27.6466   14.8683   -5.2448   -5.2063   -4.0113
    0.6388  -13.6328    2.8878   12.6349   11.4898  -15.4119
eta,q 0.97290  8.41424
  0.0386  0.0384  0.0378  0.0304  0.0261  0.0306  0.0304  0.0349  0.0309  0.0292  0.0276  0.0279
  0.0371  0.0372  0.0368  0.0310  0.0275  0.0292  0.0290  0.0319  0.0295  0.0281  0.0272  0.0274
  0.0361  0.0363  0.0361  0.0329  0.0293  0.0281  0.0281  0.0294  0.0284  0.0275  0.0271  0.0271
  0.0359  0.0359  0.0358  0.0358  0.0314  0.0280  0.0279  0.0279  0.0277  0.0276  0.0274  0.0271
  0.0363  0.0359  0.0360  0.0396  0.0341  0.0297  0.0283  0.0280  0.0276  0.0286  0.0282  0.0273
  0.0375  0.0365  0.0366  0.0440  0.0372  0.0326  0.0293  0.0294  0.0280  0.0303  0.0293  0.0277
  0.0394  0.0375  0.0377  0.0486  0.0404  0.0358  0.0308  0.0317  0.0290  0.0327  0.0307  0.0284
niter,ni,del,rscale     6    3    5.0000    1.2000
parameter  5  0.690493 ->  0.500000 qaram    1.3225
parameters
   -4.8022   27.2708   14.0889   -8.2020   -9.9673   -3.9438
    0.3068  -13.1811    4.0751   13.1109   11.2892  -16.5377
eta,q 0.97510  8.18651
  0.0308  0.0287  0.0276  0.0282  0.0254  0.0281  0.0273  0.0299  0.0278  0.0278  0.0261  0.0256
  0.0288  0.0276  0.0270  0.0272  0.0250  0.0271  0.0260  0.0276  0.0265  0.0265  0.0255  0.0252
  0.0275  0.0271  0.0268  0.0266  0.0254  0.0261  0.0252  0.0257  0.0255  0.0255  0.0251  0.0250
  0.0271  0.0271  0.0270  0.0268  0.0266  0.0250  0.0250  0.0250  0.0250  0.0250  0.0249  0.0249
  0.0276  0.0276  0.0276  0.0285  0.0283  0.0248  0.0254  0.0254  0.0250  0.0250  0.0250  0.0252
  0.0289  0.0286  0.0285  0.0319  0.0305  0.0262  0.0263  0.0268  0.0255  0.0258  0.0255  0.0256
  0.0310  0.0299  0.0297  0.0364  0.0337  0.0289  0.0277  0.0289  0.0265  0.0273  0.0263  0.0262
niter,ni,del,rscale     6    3    5.0000    1.2000
parameters
   -4.5528   27.5315   13.8964   -8.2725  -11.1729   -4.0643
   -0.0118  -13.0366    4.2695   13.6722   11.2249  -16.9729
eta,q 0.97519  8.14048
  0.0287  0.0279  0.0263  0.0279  0.0276  0.0277  0.0271  0.0293  0.0270  0.0275  0.0260  0.0256
  0.0268  0.0263  0.0254  0.0266  0.0262  0.0267  0.0258  0.0270  0.0258  0.0262  0.0253  0.0252
  0.0255  0.0253  0.0249  0.0256  0.0251  0.0258  0.0250  0.0254  0.0251  0.0253  0.0250  0.0249
  0.0249  0.0249  0.0249  0.0248  0.0248  0.0248  0.0248  0.0248  0.0248  0.0248  0.0248  0.0248
  0.0250  0.0250  0.0252  0.0247  0.0256  0.0248  0.0252  0.0254  0.0250  0.0249  0.0249  0.0249
  0.0258  0.0257  0.0258  0.0259  0.0273  0.0261  0.0261  0.0268  0.0257  0.0255  0.0253  0.0253
  0.0274  0.0268  0.0267  0.0288  0.0296  0.0287  0.0275  0.0290  0.0268  0.0269  0.0260  0.0259
niter,ni,del,rscale     5    3    5.0000    1.2000
parameters
   -4.5022   27.7385   13.8324   -8.1720  -11.4951   -4.1738
   -0.0236  -13.0248    4.3312   14.0358   11.1806  -17.1627
eta,q 0.97520  8.12991
  0.0280  0.0276  0.0264  0.0278  0.0280  0.0276  0.0272  0.0291  0.0268  0.0272  0.0259  0.0256
  0.0263  0.0261  0.0254  0.0266  0.0266  0.0267  0.0259  0.0269  0.0257  0.0260  0.0253  0.0252
  0.0252  0.0252  0.0249  0.0256  0.0253  0.0258  0.0251  0.0253  0.0251  0.0252  0.0250  0.0250
  0.0248  0.0248  0.0248  0.0248  0.0248  0.0248  0.0248  0.0248  0.0248  0.0248  0.0248  0.0248
  0.0251  0.0250  0.0251  0.0245  0.0252  0.0247  0.0251  0.0254  0.0250  0.0249  0.0249  0.0249
  0.0261  0.0257  0.0256  0.0257  0.0267  0.0261  0.0259  0.0269  0.0257  0.0255  0.0253  0.0252
  0.0278  0.0267  0.0264  0.0285  0.0287  0.0287  0.0272  0.0291  0.0268  0.0269  0.0260  0.0258
niter,ni,del,rscale     4    3    5.0000    1.2000
parameters
   -4.5055   27.8389   13.7751   -8.1719  -11.6666   -4.2674
    0.0222  -13.0453    4.3666   14.2416   11.1489  -17.2187
eta,q 0.97518  8.12143
  0.0278  0.0273  0.0264  0.0277  0.0280  0.0276  0.0272  0.0291  0.0268  0.0271  0.0259  0.0256
  0.0262  0.0259  0.0254  0.0265  0.0266  0.0267  0.0260  0.0269  0.0257  0.0259  0.0253  0.0253
  0.0252  0.0251  0.0249  0.0256  0.0254  0.0258  0.0251  0.0253  0.0251  0.0252  0.0250  0.0250
  0.0248  0.0248  0.0248  0.0248  0.0248  0.0248  0.0248  0.0248  0.0248  0.0248  0.0248  0.0248
  0.0251  0.0250  0.0251  0.0246  0.0252  0.0248  0.0251  0.0254  0.0251  0.0249  0.0249  0.0249
  0.0261  0.0258  0.0256  0.0258  0.0266  0.0261  0.0259  0.0269  0.0257  0.0256  0.0253  0.0252
  0.0279  0.0269  0.0264  0.0286  0.0285  0.0286  0.0272  0.0291  0.0268  0.0270  0.0260  0.0257
niter,ni,del,rscale     3    3    5.0000    1.2000
parameters
   -4.5132   27.8980   13.7276   -8.1709  -11.7817   -4.3559
    0.0572  -13.0618    4.3935   14.3823   11.1468  -17.2163
eta,q 0.97517  8.11492
  0.0278  0.0272  0.0264  0.0277  0.0280  0.0276  0.0272  0.0291  0.0268  0.0270  0.0259  0.0257
  0.0262  0.0259  0.0255  0.0265  0.0267  0.0267  0.0260  0.0269  0.0257  0.0259  0.0254  0.0253
  0.0252  0.0251  0.0249  0.0256  0.0254  0.0258  0.0251  0.0253  0.0251  0.0252  0.0250  0.0250
  0.0248  0.0248  0.0248  0.0248  0.0248  0.0248  0.0248  0.0248  0.0248  0.0248  0.0248  0.0248
  0.0251  0.0251  0.0251  0.0246  0.0252  0.0248  0.0251  0.0254  0.0251  0.0249  0.0249  0.0249
  0.0262  0.0258  0.0256  0.0258  0.0265  0.0261  0.0259  0.0269  0.0257  0.0256  0.0253  0.0252
  0.0279  0.0269  0.0264  0.0285  0.0285  0.0286  0.0272  0.0290  0.0268  0.0271  0.0260  0.0258
niter,ni,del,rscale     2    3    5.0000    1.2000
parameters
   -4.5191   27.9407   13.6834   -8.1789  -11.8644   -4.4359
    0.0783  -13.0714    4.4019   14.4850   11.1400  -17.2188
eta,q 0.97514  8.10942
  0.0278  0.0272  0.0264  0.0277  0.0281  0.0276  0.0272  0.0291  0.0268  0.0270  0.0259  0.0257
  0.0262  0.0259  0.0255  0.0265  0.0267  0.0267  0.0260  0.0269  0.0257  0.0259  0.0254  0.0253
  0.0252  0.0251  0.0250  0.0256  0.0255  0.0258  0.0251  0.0253  0.0251  0.0252  0.0250  0.0250
  0.0248  0.0248  0.0248  0.0248  0.0248  0.0248  0.0249  0.0249  0.0249  0.0249  0.0249  0.0249
  0.0251  0.0251  0.0251  0.0246  0.0252  0.0248  0.0252  0.0255  0.0251  0.0249  0.0250  0.0249
  0.0262  0.0259  0.0256  0.0258  0.0265  0.0261  0.0259  0.0269  0.0257  0.0257  0.0253  0.0253
  0.0279  0.0269  0.0264  0.0285  0.0285  0.0286  0.0272  0.0290  0.0268  0.0271  0.0260  0.0258
niter,ni,del,rscale     1    3    5.0000    1.2000
parameters
   -4.5208   27.9726   13.6441   -8.1827  -11.9273   -4.5040
    0.0987  -13.0771    4.4159   14.5742   11.1334  -17.2194
eta,q 0.97513  8.10505
  0.0278  0.0272  0.0264  0.0277  0.0281  0.0277  0.0272  0.0291  0.0268  0.0270  0.0260  0.0257
  0.0262  0.0259  0.0255  0.0265  0.0267  0.0267  0.0260  0.0269  0.0258  0.0259  0.0254  0.0253
  0.0252  0.0251  0.0250  0.0256  0.0255  0.0258  0.0251  0.0253  0.0251  0.0253  0.0250  0.0251
  0.0249  0.0249  0.0249  0.0249  0.0249  0.0249  0.0249  0.0249  0.0249  0.0249  0.0249  0.0249
  0.0252  0.0251  0.0251  0.0246  0.0252  0.0248  0.0252  0.0255  0.0251  0.0250  0.0250  0.0249
  0.0262  0.0259  0.0257  0.0258  0.0265  0.0261  0.0260  0.0269  0.0258  0.0257  0.0254  0.0253
  0.0279  0.0270  0.0264  0.0285  0.0284  0.0286  0.0272  0.0290  0.0268  0.0271  0.0260  0.0258
registration optimization eta report
parameter search radius
    2.4000    2.4000    2.4000    8.2800    9.5220    7.2000
    7.2000    7.2000    7.2000    7.2000    7.2000    7.2000
100000*second partial in parameter space
       52.       38.       27.        5.        4.        6.
        5.        8.        4.        4.        2.        2.
  0.0278  0.0272  0.0264  0.0277  0.0281  0.0277  0.0272  0.0291  0.0268  0.0270  0.0260  0.0257
  0.0262  0.0259  0.0255  0.0265  0.0267  0.0267  0.0260  0.0269  0.0258  0.0259  0.0254  0.0253
  0.0252  0.0251  0.0250  0.0256  0.0255  0.0258  0.0251  0.0253  0.0251  0.0253  0.0250  0.0251
  0.0249  0.0249  0.0249  0.0249  0.0249  0.0249  0.0249  0.0249  0.0249  0.0249  0.0249  0.0249
  0.0252  0.0251  0.0251  0.0246  0.0252  0.0248  0.0252  0.0255  0.0251  0.0250  0.0250  0.0249
  0.0262  0.0259  0.0257  0.0258  0.0265  0.0261  0.0260  0.0269  0.0258  0.0257  0.0254  0.0253
  0.0279  0.0270  0.0264  0.0285  0.0284  0.0286  0.0272  0.0290  0.0268  0.0271  0.0260  0.0258
   -4.5208   27.9726   13.6441   -8.1827  -11.9273   -4.5040
    0.0987  -13.0771    4.4159   14.5742   11.1334  -17.2194
eta,q 0.97513  8.10505

---------------------------------------------------------------------
imgreg_4dfp /opt/freesurfer/average/711-2C_as_mni_average_305 /opt/freesurfer/average/711-2B_as_mni_average_305_mask talsrcimg_g11 none talsrcimg_to_711-2C_as_mni_average_305_t4 2311
---------------------------------------------------------------------

freesurfer imgreg_4dfp.c
/opt/freesurfer/average/711-2C_as_mni_average_305.4dfp.img
       256       256       256         1
  1.000000  1.000000  1.000000
orientation T byte_order littleendian
Reading image: /opt/freesurfer/average/711-2C_as_mni_average_305.4dfp.img
dimensions:      256       256       256
mmppix:       1.0000   -1.0000   -1.0000
center:     128.0000 -129.0000 -129.0000
/opt/freesurfer/average/711-2B_as_mni_average_305_mask.4dfp.img
       256       256       256         1
  1.000000  1.000000  1.000000
orientation T byte_order littleendian
Reading mask: /opt/freesurfer/average/711-2B_as_mni_average_305_mask.4dfp.img (2306576 pixels)
talsrcimg_g11.4dfp.img
       256       256       256         1
  1.000000  1.000000  1.000000
orientation T byte_order littleendian
Reading image: talsrcimg_g11.4dfp.img
dimensions:      256       256       256
mmppix:       1.0000   -1.0000   -1.0000
center:     128.0000 -129.0000 -129.0000
fimgreg.f
image alignment mode   2311 decimal      907 hex
parameters
   -4.5208   27.9726   13.6441   -8.1827  -11.9273   -4.5040
    0.0987  -13.0771    4.4159   14.5742   11.1334  -17.2194
eta,q 0.97513  8.10505
niter,ni,del,rscale     5    3    5.0000    0.8000
parameters
   -4.5064   27.9467   13.5618   -6.6336  -11.6375   -4.0301
    0.0590  -13.0442    4.3106   14.4386   11.1237  -17.5857
eta,q 0.97547  8.17265
  0.0262  0.0259  0.0255  0.0263  0.0259  0.0265  0.0257  0.0270  0.0254  0.0255  0.0252  0.0249
  0.0255  0.0253  0.0251  0.0257  0.0253  0.0259  0.0251  0.0257  0.0249  0.0250  0.0248  0.0247
  0.0250  0.0250  0.0249  0.0253  0.0248  0.0252  0.0246  0.0248  0.0246  0.0247  0.0246  0.0246
  0.0249  0.0249  0.0249  0.0249  0.0246  0.0246  0.0245  0.0245  0.0245  0.0245  0.0245  0.0245
  0.0250  0.0250  0.0250  0.0246  0.0247  0.0245  0.0247  0.0249  0.0246  0.0246  0.0246  0.0246
  0.0254  0.0254  0.0253  0.0247  0.0250  0.0251  0.0251  0.0257  0.0250  0.0250  0.0248  0.0247
  0.0262  0.0259  0.0257  0.0253  0.0256  0.0262  0.0258  0.0269  0.0255  0.0257  0.0252  0.0250
niter,ni,del,rscale     4    3    5.0000    0.7000
parameters
   -4.5516   27.8649   13.8290   -6.7922  -11.4550   -3.4186
    0.0835  -13.1200    4.3100   14.1673   11.1028  -17.6208
eta,q 0.97559  8.19304
  0.0256  0.0253  0.0254  0.0255  0.0255  0.0263  0.0254  0.0263  0.0252  0.0252  0.0249  0.0247
  0.0250  0.0248  0.0250  0.0251  0.0250  0.0257  0.0248  0.0253  0.0248  0.0248  0.0247  0.0246
  0.0246  0.0246  0.0247  0.0247  0.0247  0.0250  0.0245  0.0246  0.0245  0.0245  0.0245  0.0245
  0.0245  0.0245  0.0245  0.0245  0.0245  0.0245  0.0244  0.0244  0.0244  0.0244  0.0244  0.0244
  0.0247  0.0247  0.0245  0.0246  0.0246  0.0244  0.0245  0.0247  0.0245  0.0245  0.0245  0.0244
  0.0251  0.0250  0.0247  0.0250  0.0249  0.0248  0.0248  0.0254  0.0248  0.0249  0.0247  0.0245
  0.0258  0.0254  0.0249  0.0259  0.0254  0.0257  0.0254  0.0264  0.0252  0.0254  0.0250  0.0248
niter,ni,del,rscale     3    3    5.0000    0.6000
parameters
   -4.5771   27.7840   14.0988   -6.7066  -11.3638   -2.9382
    0.0363  -13.1587    4.2862   13.9361   11.0978  -17.4674
eta,q 0.97568  8.21183
  0.0253  0.0249  0.0251  0.0252  0.0251  0.0259  0.0250  0.0258  0.0249  0.0249  0.0247  0.0246
  0.0248  0.0246  0.0248  0.0249  0.0247  0.0253  0.0246  0.0250  0.0246  0.0246  0.0245  0.0245
  0.0245  0.0244  0.0245  0.0246  0.0245  0.0248  0.0244  0.0245  0.0244  0.0244  0.0244  0.0244
  0.0244  0.0244  0.0244  0.0244  0.0244  0.0244  0.0243  0.0243  0.0243  0.0243  0.0243  0.0243
  0.0245  0.0245  0.0244  0.0244  0.0244  0.0243  0.0244  0.0245  0.0244  0.0244  0.0244  0.0243
  0.0248  0.0247  0.0245  0.0247  0.0247  0.0247  0.0247  0.0251  0.0246  0.0247  0.0245  0.0244
  0.0253  0.0251  0.0247  0.0253  0.0250  0.0254  0.0251  0.0259  0.0249  0.0251  0.0247  0.0246
niter,ni,del,rscale     2    3    5.0000    0.5000
parameters
   -4.6050   27.7096   14.3524   -6.6169  -11.3247   -2.5624
   -0.0098  -13.1958    4.2613   13.7566   11.0879  -17.2154
eta,q 0.97576  8.22530
  0.0249  0.0247  0.0248  0.0249  0.0248  0.0255  0.0247  0.0253  0.0246  0.0247  0.0245  0.0244
  0.0246  0.0245  0.0246  0.0247  0.0245  0.0250  0.0245  0.0247  0.0244  0.0244  0.0244  0.0243
  0.0244  0.0243  0.0244  0.0244  0.0243  0.0246  0.0243  0.0243  0.0243  0.0243  0.0243  0.0243
  0.0243  0.0243  0.0243  0.0243  0.0243  0.0243  0.0242  0.0242  0.0242  0.0242  0.0242  0.0242
  0.0244  0.0244  0.0243  0.0243  0.0243  0.0243  0.0243  0.0244  0.0243  0.0243  0.0243  0.0242
  0.0246  0.0246  0.0243  0.0245  0.0245  0.0245  0.0245  0.0248  0.0244  0.0245  0.0244  0.0243
  0.0250  0.0248  0.0245  0.0250  0.0248  0.0251  0.0248  0.0254  0.0246  0.0248  0.0246  0.0244
niter,ni,del,rscale     1    3    5.0000    0.4000
parameters
   -4.6337   27.6538   14.5415   -6.5498  -11.3075   -2.3026
   -0.0365  -13.2271    4.2472   13.6328   11.0958  -17.0158
eta,q 0.97581  8.23422
  0.0246  0.0245  0.0246  0.0247  0.0245  0.0251  0.0245  0.0249  0.0245  0.0245  0.0244  0.0243
  0.0244  0.0243  0.0244  0.0245  0.0244  0.0247  0.0243  0.0245  0.0243  0.0243  0.0243  0.0243
  0.0243  0.0243  0.0243  0.0243  0.0243  0.0244  0.0242  0.0243  0.0242  0.0242  0.0242  0.0242
  0.0242  0.0242  0.0242  0.0242  0.0242  0.0242  0.0242  0.0242  0.0242  0.0242  0.0242  0.0242
  0.0243  0.0243  0.0242  0.0242  0.0243  0.0242  0.0242  0.0243  0.0242  0.0242  0.0242  0.0242
  0.0244  0.0244  0.0243  0.0244  0.0244  0.0244  0.0243  0.0245  0.0243  0.0243  0.0243  0.0242
  0.0247  0.0245  0.0244  0.0247  0.0245  0.0248  0.0245  0.0249  0.0245  0.0246  0.0244  0.0243
registration optimization eta report
parameter search radius
    0.8000    0.8000    0.8000    2.4000    2.4000    2.4000
    2.4000    2.4000    2.4000    2.4000    2.4000    2.4000
100000*second partial in parameter space
       65.       44.       37.        8.        6.       13.
        6.       13.        5.        6.        4.        2.
  0.0246  0.0245  0.0246  0.0247  0.0245  0.0251  0.0245  0.0249  0.0245  0.0245  0.0244  0.0243
  0.0244  0.0243  0.0244  0.0245  0.0244  0.0247  0.0243  0.0245  0.0243  0.0243  0.0243  0.0243
  0.0243  0.0243  0.0243  0.0243  0.0243  0.0244  0.0242  0.0243  0.0242  0.0242  0.0242  0.0242
  0.0242  0.0242  0.0242  0.0242  0.0242  0.0242  0.0242  0.0242  0.0242  0.0242  0.0242  0.0242
  0.0243  0.0243  0.0242  0.0242  0.0243  0.0242  0.0242  0.0243  0.0242  0.0242  0.0242  0.0242
  0.0244  0.0244  0.0243  0.0244  0.0244  0.0244  0.0243  0.0245  0.0243  0.0243  0.0243  0.0242
  0.0247  0.0245  0.0244  0.0247  0.0245  0.0248  0.0245  0.0249  0.0245  0.0246  0.0244  0.0243
   -4.6337   27.6538   14.5415   -6.5498  -11.3075   -2.3026
   -0.0365  -13.2271    4.2472   13.6328   11.0958  -17.0158
eta,q 0.97581  8.23422

---------------------------------------------------------------------
imgreg_4dfp /opt/freesurfer/average/711-2C_as_mni_average_305 /opt/freesurfer/average/711-2B_as_mni_average_305_mask talsrcimg_g11 none talsrcimg_to_711-2C_as_mni_average_305_t4 2311
---------------------------------------------------------------------

freesurfer imgreg_4dfp.c
/opt/freesurfer/average/711-2C_as_mni_average_305.4dfp.img
       256       256       256         1
  1.000000  1.000000  1.000000
orientation T byte_order littleendian
Reading image: /opt/freesurfer/average/711-2C_as_mni_average_305.4dfp.img
dimensions:      256       256       256
mmppix:       1.0000   -1.0000   -1.0000
center:     128.0000 -129.0000 -129.0000
/opt/freesurfer/average/711-2B_as_mni_average_305_mask.4dfp.img
       256       256       256         1
  1.000000  1.000000  1.000000
orientation T byte_order littleendian
Reading mask: /opt/freesurfer/average/711-2B_as_mni_average_305_mask.4dfp.img (2306576 pixels)
talsrcimg_g11.4dfp.img
       256       256       256         1
  1.000000  1.000000  1.000000
orientation T byte_order littleendian
Reading image: talsrcimg_g11.4dfp.img
dimensions:      256       256       256
mmppix:       1.0000   -1.0000   -1.0000
center:     128.0000 -129.0000 -129.0000
fimgreg.f
image alignment mode   2311 decimal      907 hex
parameters
   -4.6337   27.6538   14.5415   -6.5498  -11.3075   -2.3026
   -0.0365  -13.2271    4.2472   13.6328   11.0958  -17.0158
eta,q 0.97581  8.23422
niter,ni,del,rscale     5    3    5.0000    0.8000
parameters
   -4.6643   27.6521   14.6534   -7.1259  -11.2780   -2.5550
   -0.0659  -13.2220    4.2819   13.6684   10.9966  -16.9402
eta,q 0.97574  8.21514
  0.0258  0.0253  0.0253  0.0254  0.0255  0.0263  0.0255  0.0268  0.0253  0.0254  0.0249  0.0247
  0.0249  0.0247  0.0247  0.0248  0.0248  0.0255  0.0248  0.0254  0.0247  0.0248  0.0246  0.0245
  0.0244  0.0243  0.0244  0.0244  0.0244  0.0247  0.0244  0.0245  0.0244  0.0244  0.0243  0.0244
  0.0242  0.0242  0.0242  0.0242  0.0242  0.0242  0.0243  0.0243  0.0243  0.0243  0.0243  0.0243
  0.0244  0.0243  0.0242  0.0244  0.0243  0.0245  0.0244  0.0246  0.0244  0.0243  0.0243  0.0243
  0.0250  0.0247  0.0245  0.0251  0.0248  0.0255  0.0248  0.0255  0.0247  0.0247  0.0246  0.0245
  0.0259  0.0253  0.0250  0.0265  0.0255  0.0271  0.0255  0.0267  0.0253  0.0255  0.0250  0.0247
niter,ni,del,rscale     4    3    5.0000    0.7000
parameters
   -4.6396   27.6235   14.5396   -6.9703  -11.2569   -2.5698
   -0.0606  -13.1893    4.3022   13.6373   11.0377  -17.0174
eta,q 0.97577  8.21902
  0.0255  0.0251  0.0248  0.0254  0.0252  0.0260  0.0252  0.0263  0.0250  0.0251  0.0248  0.0246
  0.0248  0.0246  0.0245  0.0249  0.0247  0.0253  0.0247  0.0252  0.0246  0.0247  0.0245  0.0244
  0.0244  0.0243  0.0243  0.0245  0.0243  0.0247  0.0243  0.0245  0.0243  0.0244  0.0243  0.0243
  0.0243  0.0243  0.0243  0.0243  0.0242  0.0242  0.0242  0.0242  0.0242  0.0242  0.0242  0.0242
  0.0244  0.0244  0.0244  0.0242  0.0243  0.0244  0.0244  0.0245  0.0243  0.0243  0.0243  0.0243
  0.0248  0.0247  0.0247  0.0246  0.0247  0.0251  0.0247  0.0252  0.0246  0.0246  0.0245  0.0244
  0.0254  0.0251  0.0251  0.0254  0.0252  0.0263  0.0252  0.0262  0.0250  0.0252  0.0248  0.0246
niter,ni,del,rscale     3    3    5.0000    0.6000
parameters
   -4.6299   27.6211   14.5343   -6.8086  -11.2527   -2.4667
   -0.0757  -13.1949    4.2806   13.6077   11.0548  -17.0415
eta,q 0.97579  8.22577
  0.0252  0.0249  0.0248  0.0251  0.0249  0.0257  0.0249  0.0258  0.0248  0.0249  0.0246  0.0245
  0.0247  0.0245  0.0245  0.0248  0.0246  0.0251  0.0245  0.0249  0.0245  0.0245  0.0244  0.0244
  0.0243  0.0243  0.0243  0.0244  0.0243  0.0246  0.0243  0.0244  0.0243  0.0243  0.0243  0.0243
  0.0242  0.0242  0.0242  0.0242  0.0242  0.0242  0.0242  0.0242  0.0242  0.0242  0.0242  0.0242
  0.0243  0.0243  0.0243  0.0242  0.0243  0.0243  0.0243  0.0244  0.0243  0.0243  0.0242  0.0242
  0.0246  0.0245  0.0245  0.0245  0.0245  0.0248  0.0245  0.0249  0.0245  0.0245  0.0244  0.0243
  0.0251  0.0249  0.0248  0.0251  0.0249  0.0257  0.0249  0.0258  0.0248  0.0249  0.0247  0.0245
niter,ni,del,rscale     2    3    5.0000    0.5000
parameters
   -4.6343   27.6125   14.5813   -6.6841  -11.2589   -2.3205
   -0.0677  -13.2077    4.2625   13.5723   11.0706  -16.9975
eta,q 0.97581  8.23228
  0.0249  0.0247  0.0246  0.0249  0.0247  0.0254  0.0247  0.0253  0.0246  0.0247  0.0245  0.0244
  0.0245  0.0244  0.0244  0.0246  0.0244  0.0249  0.0244  0.0247  0.0244  0.0244  0.0243  0.0243
  0.0243  0.0243  0.0243  0.0243  0.0243  0.0245  0.0243  0.0243  0.0242  0.0243  0.0242  0.0242
  0.0242  0.0242  0.0242  0.0242  0.0242  0.0242  0.0242  0.0242  0.0242  0.0242  0.0242  0.0242
  0.0243  0.0243  0.0242  0.0242  0.0243  0.0242  0.0243  0.0243  0.0242  0.0242  0.0242  0.0242
  0.0245  0.0244  0.0244  0.0244  0.0244  0.0246  0.0244  0.0247  0.0244  0.0244  0.0243  0.0243
  0.0249  0.0247  0.0246  0.0249  0.0247  0.0253  0.0247  0.0253  0.0246  0.0247  0.0245  0.0244
niter,ni,del,rscale     1    3    5.0000    0.4000
parameters
   -4.6454   27.5973   14.6588   -6.5844  -11.2837   -2.1783
   -0.0714  -13.2274    4.2360   13.5263   11.1059  -16.8824
eta,q 0.97583  8.23735
  0.0246  0.0245  0.0245  0.0246  0.0245  0.0250  0.0245  0.0249  0.0244  0.0245  0.0244  0.0243
  0.0244  0.0243  0.0243  0.0244  0.0243  0.0247  0.0243  0.0245  0.0243  0.0243  0.0243  0.0242
  0.0242  0.0242  0.0242  0.0243  0.0242  0.0243  0.0242  0.0243  0.0242  0.0242  0.0242  0.0242
  0.0242  0.0242  0.0242  0.0242  0.0242  0.0242  0.0242  0.0242  0.0242  0.0242  0.0242  0.0242
  0.0242  0.0242  0.0242  0.0242  0.0242  0.0242  0.0242  0.0243  0.0242  0.0242  0.0242  0.0242
  0.0244  0.0243  0.0243  0.0243  0.0243  0.0245  0.0243  0.0245  0.0243  0.0243  0.0243  0.0242
  0.0246  0.0245  0.0244  0.0246  0.0245  0.0249  0.0245  0.0249  0.0244  0.0245  0.0244  0.0243
registration optimization eta report
parameter search radius
    0.8000    0.8000    0.8000    2.4000    2.4000    2.4000
    2.4000    2.4000    2.4000    2.4000    2.4000    2.4000
100000*second partial in parameter space
       65.       45.       39.        8.        6.       14.
        6.       13.        5.        6.        4.        2.
  0.0246  0.0245  0.0245  0.0246  0.0245  0.0250  0.0245  0.0249  0.0244  0.0245  0.0244  0.0243
  0.0244  0.0243  0.0243  0.0244  0.0243  0.0247  0.0243  0.0245  0.0243  0.0243  0.0243  0.0242
  0.0242  0.0242  0.0242  0.0243  0.0242  0.0243  0.0242  0.0243  0.0242  0.0242  0.0242  0.0242
  0.0242  0.0242  0.0242  0.0242  0.0242  0.0242  0.0242  0.0242  0.0242  0.0242  0.0242  0.0242
  0.0242  0.0242  0.0242  0.0242  0.0242  0.0242  0.0242  0.0243  0.0242  0.0242  0.0242  0.0242
  0.0244  0.0243  0.0243  0.0243  0.0243  0.0245  0.0243  0.0245  0.0243  0.0243  0.0243  0.0242
  0.0246  0.0245  0.0244  0.0246  0.0245  0.0249  0.0245  0.0249  0.0244  0.0245  0.0244  0.0243
   -4.6454   27.5973   14.6588   -6.5844  -11.2837   -2.1783
   -0.0714  -13.2274    4.2360   13.5263   11.1059  -16.8824
eta,q 0.97583  8.23735

---------------------------------------------------------------------
compute_vox2vox talsrcimg talsrcimg_to_711-2C_as_mni_average_305_t4 /opt/freesurfer/average/711-2C_as_mni_average_305
---------------------------------------------------------------------

freesurfer compute_vox2vox.c
Reading: talsrcimg.4dfp.ifh
Reading: talsrcimg_to_711-2C_as_mni_average_305_t4
Reading: /opt/freesurfer/average/711-2C_as_mni_average_305.4dfp.ifh
Writing: talsrcimg_to_711-2C_as_mni_average_305_t4_vox2vox.txt

start time Fri Mar 13 03:12:50 CET 2026
end		time Fri Mar 13 03:13:04 CET 2026

mpr2mni305 success

avi2talxfm orig_nu.mgz /opt/freesurfer/average/mni305.cor.mgz talsrcimg_to_711-2C_as_mni_average_305_t4_vox2vox.txt transforms/talairach.auto.xfm
avi2talxfm done
mv -f /out/sourcedata/freesurfer/sub-v2s3x28837_ses-1/mri/talsrcimg_to_711-2C_as_mni_average_305_t4_vox2vox.txt /out/sourcedata/freesurfer/sub-v2s3x28837_ses-1/mri/transforms/talsrcimg_to_711-2C_as_mni_average_305_t4_vox2vox.txt
lta_convert --src orig_nu.mgz --trg /opt/freesurfer/average/mni305.cor.mgz --inxfm transforms/talairach.auto.xfm --outlta transforms/talairach.auto.xfm.lta --subject fsaverage
7.3.2

--src: orig_nu.mgz src image (geometry).
--trg: /opt/freesurfer/average/mni305.cor.mgz trg image (geometry).
--inmni: transforms/talairach.auto.xfm input MNI/XFM transform.
--outlta: transforms/talairach.auto.xfm.lta output LTA.
--s: fsaverage subject name
 LTA read, type : 1
 1.05277   0.13859   0.02722  -4.14920;
-0.12491   0.97961   0.18632  -43.00982;
-0.03122  -0.15598   1.09748  -15.34825;
 0.00000   0.00000   0.00000   1.00000;
setting subject to fsaverage
Writing  LTA to file transforms/talairach.auto.xfm.lta...
lta_convert successful.
 
 
Started at Fri Mar 13 03:12:50 CET 2026
Ended   at Fri Mar 13 03:13:04 CET 2026
talairach_avi done
