/out/sourcedata/freesurfer/sub-v2s3x28829_ses-1/mri
/opt/freesurfer/bin/talairach_avi
--i orig_nu.mgz --xfm transforms/talairach.auto.xfm
talairach_avi 7.3.2
Linux dna075 5.14.0-427.37.1.el9_4.x86_64 #1 SMP PREEMPT_DYNAMIC Fri Sep 13 12:41:50 EDT 2024 x86_64 x86_64 x86_64 GNU/Linux
Fri Mar 13 02:38:05 CET 2026
mri_convert orig_nu.mgz talsrcimg.img 
reading from orig_nu.mgz...
TR=0.00, TE=0.00, TI=0.00, flip angle=0.00
i_ras = (-1, 0, 0)
j_ras = (0, 0, -1)
k_ras = (0, 1, 0)
writing to talsrcimg.img...
Analyze Output Matrix
-1.00000   0.00000   0.00000   132.23320;
 0.00000   0.00000   1.00000  -96.96245;
 0.00000  -1.00000   0.00000   115.30824;
 0.00000   0.00000   0.00000   1.00000;
--------------------
INFO: set hdr.hist.orient to -1
mpr2mni305 talsrcimg
Fri Mar 13 02:38:05 CET 2026
/opt/freesurfer/bin/mpr2mni305 talsrcimg
mpr2mni305 7.3.2
target=711-2C_as_mni_average_305

---------------------------------------------------------------------
analyzeto4dfp talsrcimg -O0 -y
---------------------------------------------------------------------

freesurfer ifh2hdr.c
Fri Mar 13 02:38:05 2026
Writing: talsrcimg.4dfp.hdr
freesurfer analyzeto4dfp.c
Reading: talsrcimg.hdr
header size 348 bytes
hdr.dime.datatype	offset=70	value=2
hdr.dime.bitpix		offset=72	value=8
hdr.hist.orient		offset=252	value=-1
dimensionality     4
dimensions       256       256       256         1
Reading: talsrcimg.img
Writing: talsrcimg.4dfp.img
Writing: talsrcimg.4dfp.ifh
ifh2hdr talsrcimg -r0to227
ori=2

---------------------------------------------------------------------
gauss_4dfp talsrcimg 1.1
---------------------------------------------------------------------

freesurfer gauss_4dfp.c
Reading: talsrcimg.4dfp.img
Writing: talsrcimg_g11.4dfp.img
image dimensions 256 256 256 padded to 288 288 288
processing volume 1freesurfer ifh2hdr.c
Fri Mar 13 02:38:07 2026
Writing: talsrcimg_g11.4dfp.hdr

Writing: talsrcimg_g11.4dfp.ifh
including: talsrcimg.4dfp.img.rec in talsrcimg_g11.4dfp.img.rec

---------------------------------------------------------------------
imgreg_4dfp /opt/freesurfer/average/711-2C_as_mni_average_305 none talsrcimg_g11 none talsrcimg_to_711-2C_as_mni_average_305_t4 4355
---------------------------------------------------------------------

freesurfer imgreg_4dfp.c
/opt/freesurfer/average/711-2C_as_mni_average_305.4dfp.img
       256       256       256         1
  1.000000  1.000000  1.000000
orientation T byte_order littleendian
Reading image: /opt/freesurfer/average/711-2C_as_mni_average_305.4dfp.img
dimensions:      256       256       256
mmppix:       1.0000   -1.0000   -1.0000
center:     128.0000 -129.0000 -129.0000
talsrcimg_g11.4dfp.img
       256       256       256         1
  1.000000  1.000000  1.000000
orientation T byte_order littleendian
Reading image: talsrcimg_g11.4dfp.img
dimensions:      256       256       256
mmppix:       1.0000   -1.0000   -1.0000
center:     128.0000 -129.0000 -129.0000
t4_read: open error in t4_sub.f l:  41 t4_file(1:l)talsrcimg_to_711-2C_as_mni_average_305_t4 
t4_read: transform initialized to I4
rotation matrix determinant  1.000000
image alignment mode   4355 decimal     1103 hex
   -7.5000  -45.0000  -45.0000 6851.7529   17.0106
    0.0000  -45.0000  -45.0000 7142.0859   17.0332
    7.5000  -45.0000  -45.0000 6871.6289   17.0161
   -7.5000  -37.5000  -45.0000 7472.9761   16.9321
    0.0000  -37.5000  -45.0000 7794.5366   16.9523
    7.5000  -37.5000  -45.0000 7500.8862   16.9339
   -7.5000  -30.0000  -45.0000 8384.9521   16.8759
    0.0000  -30.0000  -45.0000 8769.6016   16.8899
    7.5000  -30.0000  -45.0000 8426.1553   16.8665
   -7.5000  -22.5000  -45.0000 9299.4346   16.8508
    0.0000  -22.5000  -45.0000 9698.2764   16.8599
    7.5000  -22.5000  -45.0000 9330.5479   16.8315
   -7.5000  -15.0000  -45.000010088.0625   16.8529
    0.0000  -15.0000  -45.000010535.0713   16.8638
    7.5000  -15.0000  -45.000010128.9971   16.8349
   -7.5000   -7.5000  -45.000010827.8311   16.8565
    0.0000   -7.5000  -45.000011283.9844   16.8742
    7.5000   -7.5000  -45.000010848.0967   16.8519
   -7.5000    0.0000  -45.000011443.1719   16.8530
    0.0000    0.0000  -45.000011939.6807   16.8756
    7.5000    0.0000  -45.000011455.5977   16.8592
   -7.5000    7.5000  -45.000011244.3574   16.8471
    0.0000    7.5000  -45.000011744.7842   16.8676
    7.5000    7.5000  -45.000011270.3057   16.8499
   -7.5000   15.0000  -45.000010935.5898   16.8421
    0.0000   15.0000  -45.000011407.8252   16.8562
    7.5000   15.0000  -45.000010972.3418   16.8332
   -7.5000   22.5000  -45.000010500.5615   16.8422
    0.0000   22.5000  -45.000010950.6475   16.8515
    7.5000   22.5000  -45.000010539.7578   16.8232
   -7.5000   30.0000  -45.000010040.7080   16.6283
    0.0000   30.0000  -45.000010456.5850   16.6390
    7.5000   30.0000  -45.000010075.3291   16.6105
   -7.5000   37.5000  -45.0000 9773.4688   16.6318
    0.0000   37.5000  -45.000010166.4629   16.6493
    7.5000   37.5000  -45.0000 9772.7539   16.6273
   -7.5000   45.0000  -45.0000 9049.2051   16.2062
    0.0000   45.0000  -45.0000 9385.8711   16.2279
    7.5000   45.0000  -45.0000 9019.8604   16.2122
   -7.5000  -45.0000  -37.5000 7277.6626   16.9930
    0.0000  -45.0000  -37.5000 7589.2319   17.0087
    7.5000  -45.0000  -37.5000 7304.9326   16.9803
   -7.5000  -37.5000  -37.5000 7961.5430   16.9138
    0.0000  -37.5000  -37.5000 8323.6787   16.9290
    7.5000  -37.5000  -37.5000 8005.7212   16.9004
   -7.5000  -30.0000  -37.5000 8957.0508   16.8496
    0.0000  -30.0000  -37.5000 9356.8223   16.8622
    7.5000  -30.0000  -37.5000 9003.4502   16.8335
   -7.5000  -22.5000  -37.5000 9914.6094   16.8185
    0.0000  -22.5000  -37.500010359.4004   16.8285
    7.5000  -22.5000  -37.5000 9974.7695   16.7980
   -7.5000  -15.0000  -37.500010751.6680   16.8204
    0.0000  -15.0000  -37.500011241.1680   16.8316
    7.5000  -15.0000  -37.500010800.6465   16.8007
   -7.5000   -7.5000  -37.500011486.7725   16.8307
    0.0000   -7.5000  -37.500012015.3037   16.8449
    7.5000   -7.5000  -37.500011536.4473   16.8164
   -7.5000    0.0000  -37.500012112.8711   16.8356
    0.0000    0.0000  -37.500012695.5693   16.8514
    7.5000    0.0000  -37.500012154.0654   16.8240
   -7.5000    7.5000  -37.500011880.8984   16.8289
    0.0000    7.5000  -37.500012457.0244   16.8443
    7.5000    7.5000  -37.500011916.4199   16.8166
   -7.5000   15.0000  -37.500011554.7568   16.8158
    0.0000   15.0000  -37.500012080.5605   16.8286
    7.5000   15.0000  -37.500011577.3564   16.8003
   -7.5000   22.5000  -37.500011075.8789   16.8099
    0.0000   22.5000  -37.500011576.0791   16.8200
    7.5000   22.5000  -37.500011104.3594   16.7897
   -7.5000   30.0000  -37.500010583.3115   16.5962
    0.0000   30.0000  -37.500011049.2598   16.6073
    7.5000   30.0000  -37.500010599.0732   16.5768
   -7.5000   37.5000  -37.500010294.7461   16.6064
    0.0000   37.5000  -37.500010724.1670   16.6205
    7.5000   37.5000  -37.500010269.0947   16.5923
   -7.5000   45.0000  -37.5000 9483.6543   16.1894
    0.0000   45.0000  -37.5000 9865.8164   16.2046
    7.5000   45.0000  -37.5000 9449.9854   16.1783
   -7.5000  -45.0000  -30.0000 7860.2114   17.7094
    0.0000  -45.0000  -30.0000 8225.5215   17.7181
    7.5000  -45.0000  -30.0000 7903.9233   17.6753
   -7.5000  -37.5000  -30.0000 8607.5410   17.6405
    0.0000  -37.5000  -30.0000 9009.4541   17.6492
    7.5000  -37.5000  -30.0000 8672.6699   17.6056
   -7.5000  -30.0000  -30.0000 9666.9209   17.5794
    0.0000  -30.0000  -30.000010110.0752   17.5853
    7.5000  -30.0000  -30.0000 9727.7773   17.5448
   -7.5000  -22.5000  -30.000010691.1064   17.5388
    0.0000  -22.5000  -30.000011181.7363   17.5424
    7.5000  -22.5000  -30.000010734.8652   17.5046
   -7.5000  -15.0000  -30.000011573.8506   17.5262
    0.0000  -15.0000  -30.000012123.5918   17.5318
    7.5000  -15.0000  -30.000011610.0986   17.4956
   -7.5000   -7.5000  -30.000012354.4922   17.5316
    0.0000   -7.5000  -30.000012932.0391   17.5395
    7.5000   -7.5000  -30.000012375.9443   17.5023
   -7.5000    0.0000  -30.000013022.2842   17.5453
    0.0000    0.0000  -30.000013649.8945   17.5543
    7.5000    0.0000  -30.000013028.6230   17.5129
   -7.5000    7.5000  -30.000012746.8564   17.5519
    0.0000    7.5000  -30.000013375.1318   17.5608
    7.5000    7.5000  -30.000012769.4570   17.5182
   -7.5000   15.0000  -30.000012353.6162   17.5440
    0.0000   15.0000  -30.000012956.8711   17.5502
    7.5000   15.0000  -30.000012387.8936   17.5102
   -7.5000   22.5000  -30.000011803.3027   17.5279
    0.0000   22.5000  -30.000012361.3125   17.5317
    7.5000   22.5000  -30.000011838.3066   17.4940
   -7.5000   30.0000  -30.000011272.5234   17.2943
    0.0000   30.0000  -30.000011780.1299   17.2998
    7.5000   30.0000  -30.000011264.7246   17.2640
   -7.5000   37.5000  -30.000010967.3848   17.2996
    0.0000   37.5000  -30.000011451.9824   17.3074
    7.5000   37.5000  -30.000010939.5586   17.2707
   -7.5000   45.0000  -30.000010076.0000   16.8843
    0.0000   45.0000  -30.000010522.9189   16.8929
    7.5000   45.0000  -30.000010050.6230   16.8531
   -7.5000  -45.0000  -22.5000 8465.5811   18.3154
    0.0000  -45.0000  -22.5000 8877.9551   18.3237
    7.5000  -45.0000  -22.5000 8539.0059   18.2806
   -7.5000  -37.5000  -22.5000 9261.2207   18.2607
    0.0000  -37.5000  -22.5000 9709.6729   18.2677
    7.5000  -37.5000  -22.5000 9340.4951   18.2211
   -7.5000  -30.0000  -22.500010359.7979   18.2157
    0.0000  -30.0000  -22.500010850.0156   18.2157
    7.5000  -30.0000  -22.500010434.0732   18.1685
   -7.5000  -22.5000  -22.500011403.0342   18.1733
    0.0000  -22.5000  -22.500011960.2314   18.1686
    7.5000  -22.5000  -22.500011480.1123   18.1241
   -7.5000  -15.0000  -22.500012332.6475   18.1443
    0.0000  -15.0000  -22.500012942.6562   18.1422
    7.5000  -15.0000  -22.500012392.9150   18.1023
   -7.5000   -7.5000  -22.500013148.7930   18.1338
    0.0000   -7.5000  -22.500013780.3193   18.1378
    7.5000   -7.5000  -22.500013194.3848   18.0995
   -7.5000    0.0000  -22.500013849.7783   18.1460
    0.0000    0.0000  -22.500014543.5527   18.1545
    7.5000    0.0000  -22.500013901.9883   18.1128
   -7.5000    7.5000  -22.500013561.8555   18.1691
    0.0000    7.5000  -22.500014243.7021   18.1763
    7.5000    7.5000  -22.500013629.5752   18.1307
   -7.5000   15.0000  -22.500013128.5889   18.1792
    0.0000   15.0000  -22.500013801.0586   18.1793
    7.5000   15.0000  -22.500013214.7598   18.1326
   -7.5000   22.5000  -22.500012533.3633   18.1608
    0.0000   22.5000  -22.500013146.7354   18.1562
    7.5000   22.5000  -22.500012589.5254   18.1120
   -7.5000   30.0000  -22.500011927.0225   17.9069
    0.0000   30.0000  -22.500012491.8320   17.9049
    7.5000   30.0000  -22.500011939.0605   17.8655
   -7.5000   37.5000  -22.500011611.1846   17.8966
    0.0000   37.5000  -22.500012153.9834   17.9006
    7.5000   37.5000  -22.500011599.3223   17.8627
   -7.5000   45.0000  -22.500010652.0664   17.4755
    0.0000   45.0000  -22.500011169.4160   17.4837
    7.5000   45.0000  -22.500010653.5889   17.4436
   -7.5000  -45.0000  -15.0000 9054.1846   18.7466
    0.0000  -45.0000  -15.0000 9495.2090   18.7617
    7.5000  -45.0000  -15.0000 9138.9648   18.7297
   -7.5000  -37.5000  -15.0000 9892.4883   18.6907
    0.0000  -37.5000  -15.000010357.2031   18.7031
    7.5000  -37.5000  -15.0000 9962.2705   18.6663
   -7.5000  -30.0000  -15.000011023.2070   18.6545
    0.0000  -30.0000  -15.000011559.9834   18.6557
    7.5000  -30.0000  -15.000011112.4961   18.6125
   -7.5000  -22.5000  -15.000012103.4727   18.6201
    0.0000  -22.5000  -15.000012715.0088   18.6132
    7.5000  -22.5000  -15.000012207.2695   18.5687
   -7.5000  -15.0000  -15.000013082.5430   18.5925
    0.0000  -15.0000  -15.000013736.0986   18.5879
    7.5000  -15.0000  -15.000013164.8730   18.5477
   -7.5000   -7.5000  -15.000013924.2744   18.5731
    0.0000   -7.5000  -15.000014591.9502   18.5791
    7.5000   -7.5000  -15.000014009.7871   18.5456
   -7.5000    0.0000  -15.000014628.1035   18.5736
    0.0000    0.0000  -15.000015357.2119   18.5887
    7.5000    0.0000  -15.000014744.0576   18.5579
   -7.5000    7.5000  -15.000014329.8965   18.5972
    0.0000    7.5000  -15.000015042.3242   18.6097
    7.5000    7.5000  -15.000014461.7021   18.5738
   -7.5000   15.0000  -15.000013885.9893   18.6172
    0.0000   15.0000  -15.000014621.4844   18.6184
    7.5000   15.0000  -15.000014026.0791   18.5758
   -7.5000   22.5000  -15.000013260.3711   18.6065
    0.0000   22.5000  -15.000013936.6768   18.5998
    7.5000   22.5000  -15.000013363.2715   18.5555
   -7.5000   30.0000  -15.000012600.0264   18.3519
    0.0000   30.0000  -15.000013200.4258   18.3473
    7.5000   30.0000  -15.000012639.2988   18.3077
   -7.5000   37.5000  -15.000012257.5645   18.3327
    0.0000   37.5000  -15.000012827.8438   18.3386
    7.5000   37.5000  -15.000012250.4512   18.3056
   -7.5000   45.0000  -15.000011223.7451   17.8981
    0.0000   45.0000  -15.000011795.6436   17.9126
    7.5000   45.0000  -15.000011257.8350   17.8830
   -7.5000  -45.0000   -7.5000 9660.7324   18.9626
    0.0000  -45.0000   -7.500010145.5840   18.9860
    7.5000  -45.0000   -7.5000 9765.0439   18.9654
   -7.5000  -37.5000   -7.500010547.4639   18.8894
    0.0000  -37.5000   -7.500011050.9873   18.9095
    7.5000  -37.5000   -7.500010624.0732   18.8855
   -7.5000  -30.0000   -7.500011732.6875   18.8432
    0.0000  -30.0000   -7.500012313.8154   18.8521
    7.5000  -30.0000   -7.500011830.6260   18.8200
   -7.5000  -22.5000   -7.500012868.3857   18.8158
    0.0000  -22.5000   -7.500013523.5488   18.8166
    7.5000  -22.5000   -7.500012970.8291   18.7796
   -7.5000  -15.0000   -7.500013876.2676   18.8050
    0.0000  -15.0000   -7.500014580.4434   18.8079
    7.5000  -15.0000   -7.500013987.9990   18.7725
   -7.5000   -7.5000   -7.500014770.0527   18.7943
    0.0000   -7.5000   -7.500015473.3096   18.8085
    7.5000   -7.5000   -7.500014876.9756   18.7818
   -7.5000    0.0000   -7.500015494.0908   18.7875
    0.0000    0.0000   -7.500016200.3701   18.8109
    7.5000    0.0000   -7.500015620.3574   18.7912
   -7.5000    7.5000   -7.500015177.9619   18.7949
    0.0000    7.5000   -7.500015891.4639   18.8153
    7.5000    7.5000   -7.500015321.8438   18.7920
   -7.5000   15.0000   -7.500014742.1367   18.8055
    0.0000   15.0000   -7.500015443.3672   18.8145
    7.5000   15.0000   -7.500014881.4551   18.7829
   -7.5000   22.5000   -7.500014022.1699   18.8001
    0.0000   22.5000   -7.500014714.8838   18.8011
    7.5000   22.5000   -7.500014170.2920   18.7642
   -7.5000   30.0000   -7.500013269.5254   18.5611
    0.0000   30.0000   -7.500013917.1211   18.5640
    7.5000   30.0000   -7.500013362.8145   18.5291
   -7.5000   37.5000   -7.500012864.5059   18.5506
    0.0000   37.5000   -7.500013484.0898   18.5646
    7.5000   37.5000   -7.500012924.8916   18.5382
   -7.5000   45.0000   -7.500011822.2705   18.1076
    0.0000   45.0000   -7.500012392.9727   18.1302
    7.5000   45.0000   -7.500011896.5186   18.1111
   -7.5000  -45.0000    0.000010189.9941   19.0041
    0.0000  -45.0000    0.000010690.8291   19.0292
    7.5000  -45.0000    0.000010290.7734   19.0105
   -7.5000  -37.5000    0.000011095.9473   18.9165
    0.0000  -37.5000    0.000011624.5117   18.9390
    7.5000  -37.5000    0.000011194.8750   18.9188
   -7.5000  -30.0000    0.000012343.7266   18.8542
    0.0000  -30.0000    0.000012910.1816   18.8696
    7.5000  -30.0000    0.000012435.9873   18.8438
   -7.5000  -22.5000    0.000013532.0586   18.8263
    0.0000  -22.5000    0.000014149.3730   18.8364
    7.5000  -22.5000    0.000013621.3330   18.8050
   -7.5000  -15.0000    0.000014605.2666   18.8287
    0.0000  -15.0000    0.000015289.4199   18.8407
    7.5000  -15.0000    0.000014734.0410   18.8088
   -7.5000   -7.5000    0.000015608.8428   18.8324
    0.0000   -7.5000    0.000016378.2354   18.8521
    7.5000   -7.5000    0.000015752.5205   18.8276
   -7.5000    0.0000    0.000016415.9316   18.8283
    0.0000    0.0000    0.000017111.0742   18.8534
    7.5000    0.0000    0.000016513.9297   18.8356
   -7.5000    7.5000    0.000016063.0918   18.8218
    0.0000    7.5000    0.000016710.0723   18.8445
    7.5000    7.5000    0.000016136.4590   18.8251
   -7.5000   15.0000    0.000015603.1650   18.8164
    0.0000   15.0000    0.000016226.2900   18.8320
    7.5000   15.0000    0.000015672.9346   18.8066
   -7.5000   22.5000    0.000014825.1758   18.8106
    0.0000   22.5000    0.000015427.4893   18.8209
    7.5000   22.5000    0.000014957.0488   18.7896
   -7.5000   30.0000    0.000013982.5801   18.5850
    0.0000   30.0000    0.000014522.7881   18.5969
    7.5000   30.0000    0.000014072.9678   18.5653
   -7.5000   37.5000    0.000013533.0850   18.5887
    0.0000   37.5000    0.000014065.0742   18.6081
    7.5000   37.5000    0.000013575.1738   18.5839
   -7.5000   45.0000    0.000012462.5381   18.1483
    0.0000   45.0000    0.000012967.6035   18.1725
    7.5000   45.0000    0.000012499.4131   18.1553
   -7.5000  -45.0000    7.5000 9908.8574   19.0114
    0.0000  -45.0000    7.500010350.9395   19.0289
    7.5000  -45.0000    7.5000 9985.9502   18.9972
   -7.5000  -37.5000    7.500010757.3906   18.9230
    0.0000  -37.5000    7.500011262.3486   18.9400
    7.5000  -37.5000    7.500010860.6162   18.9082
   -7.5000  -30.0000    7.500011972.1738   18.8514
    0.0000  -30.0000    7.500012532.0605   18.8655
    7.5000  -30.0000    7.500012068.1318   18.8335
   -7.5000  -22.5000    7.500013094.9863   18.8165
    0.0000  -22.5000    7.500013674.3926   18.8277
    7.5000  -22.5000    7.500013196.4697   18.7937
   -7.5000  -15.0000    7.500014136.2490   18.8184
    0.0000  -15.0000    7.500014788.2695   18.8309
    7.5000  -15.0000    7.500014242.8096   18.7964
   -7.5000   -7.5000    7.500015207.3311   18.8297
    0.0000   -7.5000    7.500015899.2871   18.8457
    7.5000   -7.5000    7.500015274.1309   18.8138
   -7.5000    0.0000    7.500016038.3906   18.8353
    0.0000    0.0000    7.500016527.9766   18.8529
    7.5000    0.0000    7.500016034.2217   18.8224
   -7.5000    7.5000    7.500015660.8418   18.8280
    0.0000    7.5000    7.500016053.1973   18.8453
    7.5000    7.5000    7.500015638.2012   18.8144
   -7.5000   15.0000    7.500015211.6621   18.8135
    0.0000   15.0000    7.500015603.4629   18.8278
    7.5000   15.0000    7.500015233.6465   18.7963
   -7.5000   22.5000    7.500014463.1953   18.8008
    0.0000   22.5000    7.500014849.3340   18.8121
    7.5000   22.5000    7.500014491.3584   18.7783
   -7.5000   30.0000    7.500013595.4639   18.5749
    0.0000   30.0000    7.500013964.0352   18.5872
    7.5000   30.0000    7.500013567.1084   18.5531
   -7.5000   37.5000    7.500013113.6855   18.5860
    0.0000   37.5000    7.500013530.0596   18.6018
    7.5000   37.5000    7.500013054.7314   18.5703
   -7.5000   45.0000    7.500012030.3848   18.1550
    0.0000   45.0000    7.500012485.9219   18.1721
    7.5000   45.0000    7.500011982.6484   18.1426
   -7.5000  -45.0000   15.0000 9491.3604   19.0231
    0.0000  -45.0000   15.0000 9955.3926   19.0323
    7.5000  -45.0000   15.0000 9567.6982   18.9862
   -7.5000  -37.5000   15.000010301.1006   18.9491
    0.0000  -37.5000   15.000010792.1270   18.9582
    7.5000  -37.5000   15.000010388.7207   18.9113
   -7.5000  -30.0000   15.000011455.9473   18.8834
    0.0000  -30.0000   15.000011968.7080   18.8896
    7.5000  -30.0000   15.000011561.9238   18.8460
   -7.5000  -22.5000   15.000012551.0000   18.8398
    0.0000  -22.5000   15.000013066.5205   18.8435
    7.5000  -22.5000   15.000012648.5312   18.8027
   -7.5000  -15.0000   15.000013537.5762   18.8262
    0.0000  -15.0000   15.000014066.9111   18.8320
    7.5000  -15.0000   15.000013588.3760   18.7930
   -7.5000   -7.5000   15.000014493.4473   18.8320
    0.0000   -7.5000   15.000014993.3262   18.8403
    7.5000   -7.5000   15.000014460.7471   18.8003
   -7.5000    0.0000   15.000015314.1973   18.8468
    0.0000    0.0000   15.000015805.5342   18.8562
    7.5000    0.0000   15.000015268.7305   18.8117
   -7.5000    7.5000   15.000015051.6084   18.8539
    0.0000    7.5000   15.000015581.9639   18.8632
    7.5000    7.5000   15.000015056.4434   18.8174
   -7.5000   15.0000   15.000014620.6143   18.8454
    0.0000   15.0000   15.000015162.9502   18.8519
    7.5000   15.0000   15.000014659.0850   18.8088
   -7.5000   22.5000   15.000013864.6719   18.8239
    0.0000   22.5000   15.000014360.0576   18.8278
    7.5000   22.5000   15.000013893.4756   18.7872
   -7.5000   30.0000   15.000012965.5684   18.5825
    0.0000   30.0000   15.000013371.5342   18.5883
    7.5000   30.0000   15.000012968.2012   18.5498
   -7.5000   37.5000   15.000012498.5088   18.5883
    0.0000   37.5000   15.000012894.6475   18.5965
    7.5000   37.5000   15.000012449.1113   18.5570
   -7.5000   45.0000   15.000011493.0840   18.1661
    0.0000   45.0000   15.000011891.7695   18.1752
    7.5000   45.0000   15.000011443.4590   18.1323
   -7.5000  -45.0000   22.5000 8993.8955   19.0507
    0.0000  -45.0000   22.5000 9408.2803   19.0590
    7.5000  -45.0000   22.5000 9057.9385   19.0137
   -7.5000  -37.5000   22.5000 9753.6367   18.9940
    0.0000  -37.5000   22.500010205.3701   19.0010
    7.5000  -37.5000   22.5000 9838.0684   18.9520
   -7.5000  -30.0000   22.500010843.2939   18.9472
    0.0000  -30.0000   22.500011317.4443   18.9469
    7.5000  -30.0000   22.500010920.5762   18.8972
   -7.5000  -22.5000   22.500011868.0713   18.9029
    0.0000  -22.5000   22.500012385.7490   18.8976
    7.5000  -22.5000   22.500011937.5342   18.8510
   -7.5000  -15.0000   22.500012822.8623   18.8725
    0.0000  -15.0000   22.500013385.1670   18.8700
    7.5000  -15.0000   22.500012888.1973   18.8281
   -7.5000   -7.5000   22.500013738.4111   18.8615
    0.0000   -7.5000   22.500014276.9766   18.8654
    7.5000   -7.5000   22.500013759.3135   18.8251
   -7.5000    0.0000   22.500014512.0615   18.8744
    0.0000    0.0000   22.500015057.8408   18.8829
    7.5000    0.0000   22.500014501.2266   18.8391
   -7.5000    7.5000   22.500014251.0547   18.8986
    0.0000    7.5000   22.500014805.6582   18.9057
    7.5000    7.5000   22.500014243.5000   18.8578
   -7.5000   15.0000   22.500013864.7578   18.9091
    0.0000   15.0000   22.500014441.6523   18.9089
    7.5000   15.0000   22.500013892.8828   18.8598
   -7.5000   22.5000   22.500013169.9531   18.8870
    0.0000   22.5000   22.500013716.4229   18.8819
    7.5000   22.5000   22.500013216.9482   18.8355
   -7.5000   30.0000   22.500012303.0762   18.6282
    0.0000   30.0000   22.500012777.4824   18.6258
    7.5000   30.0000   22.500012338.6865   18.5844
   -7.5000   37.5000   22.500011849.3750   18.6174
    0.0000   37.5000   22.500012291.0107   18.6213
    7.5000   37.5000   22.500011820.1357   18.5815
   -7.5000   45.0000   22.500010907.6396   18.1927
    0.0000   45.0000   22.500011327.4873   18.2009
    7.5000   45.0000   22.500010870.2275   18.1587
   -7.5000  -45.0000   30.0000 8359.4766   19.1021
    0.0000  -45.0000   30.0000 8760.7900   19.1170
    7.5000  -45.0000   30.0000 8416.3057   19.0838
   -7.5000  -37.5000   30.0000 9086.1777   19.0473
    0.0000  -37.5000   30.0000 9511.2100   19.0595
    7.5000  -37.5000   30.0000 9137.6641   19.0215
   -7.5000  -30.0000   30.000010102.6084   19.0101
    0.0000  -30.0000   30.000010576.0449   19.0110
    7.5000  -30.0000   30.000010165.6641   18.9664
   -7.5000  -22.5000   30.000011063.9453   18.9745
    0.0000  -22.5000   30.000011585.4629   18.9671
    7.5000  -22.5000   30.000011160.4385   18.9211
   -7.5000  -15.0000   30.000011989.8242   18.9459
    0.0000  -15.0000   30.000012563.7578   18.9409
    7.5000  -15.0000   30.000012088.7842   18.8993
   -7.5000   -7.5000   30.000012848.9600   18.9261
    0.0000   -7.5000   30.000013426.5391   18.9319
    7.5000   -7.5000   30.000012915.4531   18.8971
   -7.5000    0.0000   30.000013547.0625   18.9271
    0.0000    0.0000   30.000014134.9922   18.9420
    7.5000    0.0000   30.000013602.9561   18.9101
   -7.5000    7.5000   30.000013299.8535   18.9515
    0.0000    7.5000   30.000013853.4727   18.9639
    7.5000    7.5000   30.000013336.8545   18.9267
   -7.5000   15.0000   30.000012948.3936   18.9719
    0.0000   15.0000   30.000013463.1660   18.9729
    7.5000   15.0000   30.000012969.6299   18.9287
   -7.5000   22.5000   30.000012336.8691   18.9586
    0.0000   22.5000   30.000012808.5918   18.9513
    7.5000   22.5000   30.000012368.4883   18.9056
   -7.5000   30.0000   30.000011572.0791   18.7007
    0.0000   30.0000   30.000012013.8154   18.6957
    7.5000   30.0000   30.000011596.2129   18.6546
   -7.5000   37.5000   30.000011130.9277   18.6812
    0.0000   37.5000   30.000011560.3818   18.6869
    7.5000   37.5000   30.000011137.1934   18.6525
   -7.5000   45.0000   30.000010230.3525   18.2435
    0.0000   45.0000   30.000010627.5752   18.2580
    7.5000   45.0000   30.000010235.3174   18.2271
   -7.5000  -45.0000   37.5000 8017.4229   19.3018
    0.0000  -45.0000   37.5000 8412.7676   19.3257
    7.5000  -45.0000   37.5000 8093.7886   19.3047
   -7.5000  -37.5000   37.5000 8729.2891   19.2322
    0.0000  -37.5000   37.5000 9155.7979   19.2530
    7.5000  -37.5000   37.5000 8806.7480   19.2287
   -7.5000  -30.0000   37.5000 9728.0078   19.1838
    0.0000  -30.0000   37.500010195.2471   19.1933
    7.5000  -30.0000   37.5000 9819.5762   19.1608
   -7.5000  -22.5000   37.500010665.6348   19.1538
    0.0000  -22.5000   37.500011179.8955   19.1548
    7.5000  -22.5000   37.500010756.9561   19.1171
   -7.5000  -15.0000   37.500011546.3193   19.1416
    0.0000  -15.0000   37.500012124.9922   19.1444
    7.5000  -15.0000   37.500011638.3379   19.1083
   -7.5000   -7.5000   37.500012366.8975   19.1313
    0.0000   -7.5000   37.500012960.0645   19.1455
    7.5000   -7.5000   37.500012444.8486   19.1182
   -7.5000    0.0000   37.500013017.5654   19.1258
    0.0000    0.0000   37.500013637.0088   19.1497
    7.5000    0.0000   37.500013102.0635   19.1296
   -7.5000    7.5000   37.500012780.1475   19.1345
    0.0000    7.5000   37.500013344.2646   19.1555
    7.5000    7.5000   37.500012832.6953   19.1319
   -7.5000   15.0000   37.500012430.1943   19.1449
    0.0000   15.0000   37.500012948.8643   19.1545
    7.5000   15.0000   37.500012459.5352   19.1224
   -7.5000   22.5000   37.500011869.1895   19.1378
    0.0000   22.5000   37.500012359.0166   19.1389
    7.5000   22.5000   37.500011903.6553   19.1014
   -7.5000   30.0000   37.500011160.2451   18.8938
    0.0000   30.0000   37.500011624.4473   18.8966
    7.5000   30.0000   37.500011219.5303   18.8609
   -7.5000   37.5000   37.500010744.6436   18.8837
    0.0000   37.5000   37.500011187.8271   18.8978
    7.5000   37.5000   37.500010778.8281   18.8708
   -7.5000   45.0000   37.5000 9883.3721   18.4351
    0.0000   45.0000   37.500010308.1660   18.4581
    7.5000   45.0000   37.5000 9899.9541   18.4388
   -7.5000  -45.0000   45.0000 7311.0498   19.4834
    0.0000  -45.0000   45.0000 7672.6338   19.5106
    7.5000  -45.0000   45.0000 7368.1211   19.4898
   -7.5000  -37.5000   45.0000 7975.6582   19.3987
    0.0000  -37.5000   45.0000 8359.4697   19.4239
    7.5000  -37.5000   45.0000 8035.0376   19.4017
   -7.5000  -30.0000   45.0000 8866.1807   19.3318
    0.0000  -30.0000   45.0000 9297.9590   19.3502
    7.5000  -30.0000   45.0000 8962.2725   19.3224
   -7.5000  -22.5000   45.0000 9737.1562   19.3017
    0.0000  -22.5000   45.000010219.1426   19.3142
    7.5000  -22.5000   45.0000 9852.8936   19.2807
   -7.5000  -15.0000   45.000010551.0732   19.3047
    0.0000  -15.0000   45.000011094.2070   19.3183
    7.5000  -15.0000   45.000010660.8877   19.2841
   -7.5000   -7.5000   45.000011299.2373   19.3096
    0.0000   -7.5000   45.000011862.8398   19.3309
    7.5000   -7.5000   45.000011407.4434   19.3042
   -7.5000    0.0000   45.000011912.6240   19.3059
    0.0000    0.0000   45.000012487.4668   19.3331
    7.5000    0.0000   45.000012006.4053   19.3132
   -7.5000    7.5000   45.000011658.1309   19.2985
    0.0000    7.5000   45.000012192.5615   19.3240
    7.5000    7.5000   45.000011733.1699   19.3027
   -7.5000   15.0000   45.000011338.8203   19.2918
    0.0000   15.0000   45.000011822.7471   19.3104
    7.5000   15.0000   45.000011386.8623   19.2831
   -7.5000   22.5000   45.000010875.5430   19.2854
    0.0000   22.5000   45.000011335.2861   19.2979
    7.5000   22.5000   45.000010936.2451   19.2647
   -7.5000   30.0000   45.000010260.6045   19.0531
    0.0000   30.0000   45.000010701.4766   19.0666
    7.5000   30.0000   45.000010333.1016   19.0329
   -7.5000   37.5000   45.0000 9880.7686   19.0580
    0.0000   37.5000   45.000010297.5635   19.0791
    7.5000   37.5000   45.0000 9923.1621   19.0527
   -7.5000   45.0000   45.0000 9089.3086   18.6171
    0.0000   45.0000   45.0000 9470.2920   18.6433
    7.5000   45.0000   45.0000 9117.6504   18.6241

---------------------------------------------------------------------
imgreg_4dfp /opt/freesurfer/average/711-2C_as_mni_average_305 /opt/freesurfer/average/711-2B_as_mni_average_305_mask talsrcimg_g11 none talsrcimg_to_711-2C_as_mni_average_305_t4 4355
---------------------------------------------------------------------

freesurfer imgreg_4dfp.c
/opt/freesurfer/average/711-2C_as_mni_average_305.4dfp.img
       256       256       256         1
  1.000000  1.000000  1.000000
orientation T byte_order littleendian
Reading image: /opt/freesurfer/average/711-2C_as_mni_average_305.4dfp.img
dimensions:      256       256       256
mmppix:       1.0000   -1.0000   -1.0000
center:     128.0000 -129.0000 -129.0000
/opt/freesurfer/average/711-2B_as_mni_average_305_mask.4dfp.img
       256       256       256         1
  1.000000  1.000000  1.000000
orientation T byte_order littleendian
Reading mask: /opt/freesurfer/average/711-2B_as_mni_average_305_mask.4dfp.img (2306576 pixels)
talsrcimg_g11.4dfp.img
       256       256       256         1
  1.000000  1.000000  1.000000
orientation T byte_order littleendian
Reading image: talsrcimg_g11.4dfp.img
dimensions:      256       256       256
mmppix:       1.0000   -1.0000   -1.0000
center:     128.0000 -129.0000 -129.0000
rotation matrix determinant  1.000000
image alignment mode   4355 decimal     1103 hex
   -7.5000  -45.0000  -45.0000 1860.1013   22.3579
    0.0000  -45.0000  -45.0000 1874.5815   22.1002
    7.5000  -45.0000  -45.0000 1870.2889   22.2405
   -7.5000  -37.5000  -45.0000 1971.4283   19.8567
    0.0000  -37.5000  -45.0000 1987.2694   19.6061
    7.5000  -37.5000  -45.0000 1979.6586   19.7330
   -7.5000  -30.0000  -45.0000 2075.1267   17.9668
    0.0000  -30.0000  -45.0000 2097.5701   17.7532
    7.5000  -30.0000  -45.0000 2086.1292   17.8427
   -7.5000  -22.5000  -45.0000 2162.8379   16.5722
    0.0000  -22.5000  -45.0000 2179.7576   16.3818
    7.5000  -22.5000  -45.0000 2172.4111   16.4696
   -7.5000  -15.0000  -45.0000 2211.5667   15.5846
    0.0000  -15.0000  -45.0000 2231.3586   15.4042
    7.5000  -15.0000  -45.0000 2225.1260   15.4784
   -7.5000   -7.5000  -45.0000 2245.4717   14.8980
    0.0000   -7.5000  -45.0000 2265.9434   14.7743
    7.5000   -7.5000  -45.0000 2258.2371   14.8214
   -7.5000    0.0000  -45.0000 2258.4197   14.5374
    0.0000    0.0000  -45.0000 2279.9187   14.3682
    7.5000    0.0000  -45.0000 2275.3789   14.4588
   -7.5000    7.5000  -45.0000 2259.5264   14.4428
    0.0000    7.5000  -45.0000 2286.1765   14.2854
    7.5000    7.5000  -45.0000 2274.3582   14.4023
   -7.5000   15.0000  -45.0000 2246.6951   14.6856
    0.0000   15.0000  -45.0000 2272.4746   14.5116
    7.5000   15.0000  -45.0000 2258.6975   14.6179
   -7.5000   22.5000  -45.0000 2209.4734   15.2848
    0.0000   22.5000  -45.0000 2239.7168   15.0868
    7.5000   22.5000  -45.0000 2228.3801   15.1728
   -7.5000   30.0000  -45.0000 2154.7119   16.1966
    0.0000   30.0000  -45.0000 2183.5217   15.9804
    7.5000   30.0000  -45.0000 2174.3459   16.0866
   -7.5000   37.5000  -45.0000 2078.9561   17.4479
    0.0000   37.5000  -45.0000 2109.0037   17.2144
    7.5000   37.5000  -45.0000 2095.4307   17.3217
   -7.5000   45.0000  -45.0000 1988.5135   19.0815
    0.0000   45.0000  -45.0000 2010.7947   18.8090
    7.5000   45.0000  -45.0000 1995.4607   18.9593
   -7.5000  -45.0000  -37.5000 1919.9730   20.7297
    0.0000  -45.0000  -37.5000 1937.4680   20.5129
    7.5000  -45.0000  -37.5000 1932.7030   20.6567
   -7.5000  -37.5000  -37.5000 2046.3811   18.4541
    0.0000  -37.5000  -37.5000 2070.0876   18.2353
    7.5000  -37.5000  -37.5000 2056.4277   18.3107
   -7.5000  -30.0000  -37.5000 2162.1577   16.6482
    0.0000  -30.0000  -37.5000 2183.8936   16.4563
    7.5000  -30.0000  -37.5000 2170.6431   16.5533
   -7.5000  -22.5000  -37.5000 2254.8503   15.3038
    0.0000  -22.5000  -37.5000 2271.3833   15.1370
    7.5000  -22.5000  -37.5000 2260.7012   15.2134
   -7.5000  -15.0000  -37.5000 2309.2024   14.3832
    0.0000  -15.0000  -37.5000 2326.0864   14.2601
    7.5000  -15.0000  -37.5000 2316.8691   14.2993
   -7.5000   -7.5000  -37.5000 2341.2363   13.7957
    0.0000   -7.5000  -37.5000 2364.6667   13.6562
    7.5000   -7.5000  -37.5000 2354.9824   13.6851
   -7.5000    0.0000  -37.5000 2355.5720   13.4387
    0.0000    0.0000  -37.5000 2383.2578   13.3052
    7.5000    0.0000  -37.5000 2373.8840   13.3323
   -7.5000    7.5000  -37.5000 2355.8618   13.3809
    0.0000    7.5000  -37.5000 2386.6841   13.2224
    7.5000    7.5000  -37.5000 2375.4563   13.2690
   -7.5000   15.0000  -37.5000 2342.4172   13.5496
    0.0000   15.0000  -37.5000 2370.0549   13.4003
    7.5000   15.0000  -37.5000 2359.3728   13.4513
   -7.5000   22.5000  -37.5000 2306.3894   14.0722
    0.0000   22.5000  -37.5000 2339.4360   13.9143
    7.5000   22.5000  -37.5000 2325.2073   13.9766
   -7.5000   30.0000  -37.5000 2249.2939   14.9177
    0.0000   30.0000  -37.5000 2281.7075   14.7418
    7.5000   30.0000  -37.5000 2267.7478   14.7880
   -7.5000   37.5000  -37.5000 2169.9624   16.0996
    0.0000   37.5000  -37.5000 2198.7439   15.8930
    7.5000   37.5000  -37.5000 2181.6069   15.9260
   -7.5000   45.0000  -37.5000 2071.5522   17.6061
    0.0000   45.0000  -37.5000 2095.1567   17.3914
    7.5000   45.0000  -37.5000 2077.5903   17.4698
   -7.5000  -45.0000  -30.0000 2016.7703   19.9624
    0.0000  -45.0000  -30.0000 2039.9493   19.7894
    7.5000  -45.0000  -30.0000 2028.1488   19.9468
   -7.5000  -37.5000  -30.0000 2158.2180   17.7751
    0.0000  -37.5000  -30.0000 2180.3330   17.6185
    7.5000  -37.5000  -30.0000 2166.7039   17.6950
   -7.5000  -30.0000  -30.0000 2278.5334   16.0309
    0.0000  -30.0000  -30.0000 2298.0647   15.8694
    7.5000  -30.0000  -30.0000 2288.5398   15.9444
   -7.5000  -22.5000  -30.0000 2373.5847   14.6930
    0.0000  -22.5000  -30.0000 2397.5569   14.5673
    7.5000  -22.5000  -30.0000 2384.5637   14.5878
   -7.5000  -15.0000  -30.0000 2440.9473   13.7759
    0.0000  -15.0000  -30.0000 2461.3044   13.6513
    7.5000  -15.0000  -30.0000 2450.3892   13.6536
   -7.5000   -7.5000  -30.0000 2482.8362   13.1946
    0.0000   -7.5000  -30.0000 2507.2373   13.0834
    7.5000   -7.5000  -30.0000 2495.1091   13.0760
   -7.5000    0.0000  -30.0000 2507.4543   12.8800
    0.0000    0.0000  -30.0000 2535.8650   12.7723
    7.5000    0.0000  -30.0000 2524.2935   12.7463
   -7.5000    7.5000  -30.0000 2505.7578   12.8721
    0.0000    7.5000  -30.0000 2535.0190   12.7524
    7.5000    7.5000  -30.0000 2526.4419   12.7415
   -7.5000   15.0000  -30.0000 2488.0457   13.0493
    0.0000   15.0000  -30.0000 2518.7419   12.9254
    7.5000   15.0000  -30.0000 2508.0930   12.9256
   -7.5000   22.5000  -30.0000 2449.1021   13.5221
    0.0000   22.5000  -30.0000 2481.7302   13.3946
    7.5000   22.5000  -30.0000 2467.3203   13.4171
   -7.5000   30.0000  -30.0000 2387.4368   14.3154
    0.0000   30.0000  -30.0000 2420.0369   14.1695
    7.5000   30.0000  -30.0000 2405.2903   14.1785
   -7.5000   37.5000  -30.0000 2298.6396   15.4119
    0.0000   37.5000  -30.0000 2327.6013   15.2373
    7.5000   37.5000  -30.0000 2313.5132   15.2615
   -7.5000   45.0000  -30.0000 2190.1597   16.8809
    0.0000   45.0000  -30.0000 2212.9910   16.6901
    7.5000   45.0000  -30.0000 2198.9827   16.7338
   -7.5000  -45.0000  -22.5000 2094.8071   19.1872
    0.0000  -45.0000  -22.5000 2119.7913   19.0415
    7.5000  -45.0000  -22.5000 2108.5642   19.1976
   -7.5000  -37.5000  -22.5000 2241.7271   17.0562
    0.0000  -37.5000  -22.5000 2263.7847   16.8815
    7.5000  -37.5000  -22.5000 2251.5220   17.0066
   -7.5000  -30.0000  -22.5000 2360.5659   15.3423
    0.0000  -30.0000  -22.5000 2383.3120   15.1812
    7.5000  -30.0000  -22.5000 2372.9575   15.2537
   -7.5000  -22.5000  -22.5000 2459.6895   14.0571
    0.0000  -22.5000  -22.5000 2487.7324   13.9194
    7.5000  -22.5000  -22.5000 2476.3164   13.9486
   -7.5000  -15.0000  -22.5000 2535.2659   13.0970
    0.0000  -15.0000  -22.5000 2561.4849   12.9986
    7.5000  -15.0000  -22.5000 2552.5015   13.0001
   -7.5000   -7.5000  -22.5000 2592.6729   12.5256
    0.0000   -7.5000  -22.5000 2620.9517   12.4357
    7.5000   -7.5000  -22.5000 2611.7021   12.4317
   -7.5000    0.0000  -22.5000 2629.6157   12.2028
    0.0000    0.0000  -22.5000 2662.8145   12.1404
    7.5000    0.0000  -22.5000 2647.6216   12.1266
   -7.5000    7.5000  -22.5000 2633.3708   12.2421
    0.0000    7.5000  -22.5000 2669.0103   12.1549
    7.5000    7.5000  -22.5000 2656.8738   12.1468
   -7.5000   15.0000  -22.5000 2612.3418   12.4753
    0.0000   15.0000  -22.5000 2652.7476   12.3659
    7.5000   15.0000  -22.5000 2635.9094   12.3664
   -7.5000   22.5000  -22.5000 2573.2593   12.9404
    0.0000   22.5000  -22.5000 2610.1782   12.8298
    7.5000   22.5000  -22.5000 2592.3933   12.8235
   -7.5000   30.0000  -22.5000 2498.4453   13.6639
    0.0000   30.0000  -22.5000 2537.3821   13.5333
    7.5000   30.0000  -22.5000 2519.4824   13.5401
   -7.5000   37.5000  -22.5000 2404.8430   14.6866
    0.0000   37.5000  -22.5000 2434.4326   14.5434
    7.5000   37.5000  -22.5000 2419.3643   14.5745
   -7.5000   45.0000  -22.5000 2286.2483   16.1404
    0.0000   45.0000  -22.5000 2311.8359   15.9501
    7.5000   45.0000  -22.5000 2299.8552   15.9667
   -7.5000  -45.0000  -15.0000 2145.3611   18.5087
    0.0000  -45.0000  -15.0000 2169.4346   18.3362
    7.5000  -45.0000  -15.0000 2156.5720   18.5492
   -7.5000  -37.5000  -15.0000 2291.0649   16.3999
    0.0000  -37.5000  -15.0000 2311.0249   16.2432
    7.5000  -37.5000  -15.0000 2297.5981   16.3774
   -7.5000  -30.0000  -15.0000 2409.4373   14.7344
    0.0000  -30.0000  -15.0000 2429.0488   14.5907
    7.5000  -30.0000  -15.0000 2418.7214   14.6674
   -7.5000  -22.5000  -15.0000 2516.5483   13.4507
    0.0000  -22.5000  -15.0000 2540.9392   13.3082
    7.5000  -22.5000  -15.0000 2532.3354   13.3650
   -7.5000  -15.0000  -15.0000 2606.0828   12.5289
    0.0000  -15.0000  -15.0000 2633.8740   12.3897
    7.5000  -15.0000  -15.0000 2624.1018   12.4325
   -7.5000   -7.5000  -15.0000 2673.8135   11.9318
    0.0000   -7.5000  -15.0000 2704.0847   11.8079
    7.5000   -7.5000  -15.0000 2699.4092   11.8502
   -7.5000    0.0000  -15.0000 2717.0811   11.6014
    0.0000    0.0000  -15.0000 2759.0793   11.5043
    7.5000    0.0000  -15.0000 2741.4976   11.5564
   -7.5000    7.5000  -15.0000 2731.2671   11.6402
    0.0000    7.5000  -15.0000 2776.8582   11.5309
    7.5000    7.5000  -15.0000 2758.9524   11.5599
   -7.5000   15.0000  -15.0000 2712.0320   11.9091
    0.0000   15.0000  -15.0000 2761.3428   11.8010
    7.5000   15.0000  -15.0000 2742.2961   11.8047
   -7.5000   22.5000  -15.0000 2665.3989   12.3806
    0.0000   22.5000  -15.0000 2709.8950   12.2707
    7.5000   22.5000  -15.0000 2690.9780   12.2666
   -7.5000   30.0000  -15.0000 2583.4048   13.0709
    0.0000   30.0000  -15.0000 2623.0334   12.9286
    7.5000   30.0000  -15.0000 2608.5503   12.9310
   -7.5000   37.5000  -15.0000 2481.7380   14.0748
    0.0000   37.5000  -15.0000 2512.4854   13.9243
    7.5000   37.5000  -15.0000 2496.4844   13.9325
   -7.5000   45.0000  -15.0000 2349.6460   15.4434
    0.0000   45.0000  -15.0000 2383.6653   15.2927
    7.5000   45.0000  -15.0000 2368.6125   15.2884
   -7.5000  -45.0000   -7.5000 2172.8069   17.9854
    0.0000  -45.0000   -7.5000 2195.3518   17.7986
    7.5000  -45.0000   -7.5000 2184.1104   18.0255
   -7.5000  -37.5000   -7.5000 2314.3689   15.9054
    0.0000  -37.5000   -7.5000 2333.2852   15.7006
    7.5000  -37.5000   -7.5000 2321.4155   15.8491
   -7.5000  -30.0000   -7.5000 2434.8757   14.2613
    0.0000  -30.0000   -7.5000 2455.3879   14.0485
    7.5000  -30.0000   -7.5000 2443.6194   14.1383
   -7.5000  -22.5000   -7.5000 2551.0667   12.9693
    0.0000  -22.5000   -7.5000 2579.2581   12.7823
    7.5000  -22.5000   -7.5000 2568.6084   12.8584
   -7.5000  -15.0000   -7.5000 2651.2156   12.0254
    0.0000  -15.0000   -7.5000 2687.8623   11.8513
    7.5000  -15.0000   -7.5000 2672.6697   11.9396
   -7.5000   -7.5000   -7.5000 2736.4629   11.4385
    0.0000   -7.5000   -7.5000 2777.9507   11.2786
    7.5000   -7.5000   -7.5000 2765.7288   11.3612
   -7.5000    0.0000   -7.5000 2791.0388   11.0963
    0.0000    0.0000   -7.5000 2840.5251   10.9401
    7.5000    0.0000   -7.5000 2818.2825   11.0425
   -7.5000    7.5000   -7.5000 2814.4973   11.1114
    0.0000    7.5000   -7.5000 2868.4058   10.9810
    7.5000    7.5000   -7.5000 2846.5239   11.0386
   -7.5000   15.0000   -7.5000 2797.1694   11.3957
    0.0000   15.0000   -7.5000 2847.8110   11.2679
    7.5000   15.0000   -7.5000 2831.2651   11.2876
   -7.5000   22.5000   -7.5000 2735.6724   11.8353
    0.0000   22.5000   -7.5000 2781.1892   11.7044
    7.5000   22.5000   -7.5000 2766.7319   11.7319
   -7.5000   30.0000   -7.5000 2642.0066   12.5238
    0.0000   30.0000   -7.5000 2685.9980   12.3731
    7.5000   30.0000   -7.5000 2672.2695   12.3758
   -7.5000   37.5000   -7.5000 2526.4111   13.4909
    0.0000   37.5000   -7.5000 2561.3320   13.3509
    7.5000   37.5000   -7.5000 2549.9717   13.3690
   -7.5000   45.0000   -7.5000 2391.2334   14.8125
    0.0000   45.0000   -7.5000 2423.2000   14.6804
    7.5000   45.0000   -7.5000 2413.1768   14.7062
   -7.5000  -45.0000    0.0000 2182.3000   17.7415
    0.0000  -45.0000    0.0000 2202.9858   17.5185
    7.5000  -45.0000    0.0000 2191.3726   17.7021
   -7.5000  -37.5000    0.0000 2316.9236   15.6150
    0.0000  -37.5000    0.0000 2335.8640   15.3792
    7.5000  -37.5000    0.0000 2322.9739   15.5380
   -7.5000  -30.0000    0.0000 2437.8188   13.9370
    0.0000  -30.0000    0.0000 2459.3123   13.6912
    7.5000  -30.0000    0.0000 2451.4312   13.8191
   -7.5000  -22.5000    0.0000 2566.1030   12.6449
    0.0000  -22.5000    0.0000 2592.1306   12.4037
    7.5000  -22.5000    0.0000 2582.3059   12.5187
   -7.5000  -15.0000    0.0000 2674.1921   11.7240
    0.0000  -15.0000    0.0000 2710.2908   11.4881
    7.5000  -15.0000    0.0000 2697.6626   11.6110
   -7.5000   -7.5000    0.0000 2777.6880   11.1412
    0.0000   -7.5000    0.0000 2823.2000   10.9440
    7.5000   -7.5000    0.0000 2809.5361   11.0427
   -7.5000    0.0000    0.0000 2851.8069   10.7896
    0.0000    0.0000    0.0000 2912.8276   10.5705
    7.5000    0.0000    0.0000 2880.1831   10.7076
   -7.5000    7.5000    0.0000 2887.0100   10.7511
    0.0000    7.5000    0.0000 2951.5947   10.5391
    7.5000    7.5000    0.0000 2918.6587   10.6696
   -7.5000   15.0000    0.0000 2858.1697   11.0217
    0.0000   15.0000    0.0000 2913.3821   10.8243
    7.5000   15.0000    0.0000 2896.4658   10.9227
   -7.5000   22.5000    0.0000 2782.7668   11.4917
    0.0000   22.5000    0.0000 2828.0242   11.3038
    7.5000   22.5000    0.0000 2824.7896   11.3768
   -7.5000   30.0000    0.0000 2678.3845   12.1736
    0.0000   30.0000    0.0000 2719.2795   11.9729
    7.5000   30.0000    0.0000 2717.0027   12.0346
   -7.5000   37.5000    0.0000 2551.8188   13.1380
    0.0000   37.5000    0.0000 2588.4294   12.9216
    7.5000   37.5000    0.0000 2581.5303   13.0062
   -7.5000   45.0000    0.0000 2413.8420   14.4352
    0.0000   45.0000    0.0000 2444.3745   14.2310
    7.5000   45.0000    0.0000 2435.8250   14.3183
   -7.5000  -45.0000    7.5000 2179.9150   17.6702
    0.0000  -45.0000    7.5000 2201.7947   17.3434
    7.5000  -45.0000    7.5000 2190.3140   17.5628
   -7.5000  -37.5000    7.5000 2306.7856   15.5209
    0.0000  -37.5000    7.5000 2329.6853   15.2136
    7.5000  -37.5000    7.5000 2318.9568   15.3957
   -7.5000  -30.0000    7.5000 2433.4854   13.8313
    0.0000  -30.0000    7.5000 2457.4529   13.5525
    7.5000  -30.0000    7.5000 2448.0925   13.6821
   -7.5000  -22.5000    7.5000 2562.5344   12.5248
    0.0000  -22.5000    7.5000 2591.2561   12.2745
    7.5000  -22.5000    7.5000 2583.0522   12.3772
   -7.5000  -15.0000    7.5000 2679.8845   11.5729
    0.0000  -15.0000    7.5000 2716.4612   11.3271
    7.5000  -15.0000    7.5000 2706.1392   11.4382
   -7.5000   -7.5000    7.5000 2792.7939   11.0200
    0.0000   -7.5000    7.5000 2840.8533   10.7620
    7.5000   -7.5000    7.5000 2822.9878   10.8708
   -7.5000    0.0000    7.5000 2884.7646   10.6715
    0.0000    0.0000    7.5000 2942.2083   10.4264
    7.5000    0.0000    7.5000 2909.7661   10.5451
   -7.5000    7.5000    7.5000 2925.6465   10.6122
    0.0000    7.5000    7.5000 2986.1162   10.2637
    7.5000    7.5000    7.5000 2955.6028   10.4618
   -7.5000   15.0000    7.5000 2887.1118   10.8729
    0.0000   15.0000    7.5000 2942.0779   10.5865
    7.5000   15.0000    7.5000 2930.6885   10.7385
   -7.5000   22.5000    7.5000 2802.0029   11.3084
    0.0000   22.5000    7.5000 2843.4260   11.0917
    7.5000   22.5000    7.5000 2838.5789   11.2003
   -7.5000   30.0000    7.5000 2691.5759   11.9650
    0.0000   30.0000    7.5000 2726.9041   11.7525
    7.5000   30.0000    7.5000 2723.3481   11.8237
   -7.5000   37.5000    7.5000 2559.7297   12.9199
    0.0000   37.5000    7.5000 2591.8020   12.7277
    7.5000   37.5000    7.5000 2590.3799   12.7740
   -7.5000   45.0000    7.5000 2414.4888   14.1914
    0.0000   45.0000    7.5000 2445.7300   14.0275
    7.5000   45.0000    7.5000 2436.1743   14.0518
   -7.5000  -45.0000   15.0000 2164.9966   17.8180
    0.0000  -45.0000   15.0000 2191.5032   17.4497
    7.5000  -45.0000   15.0000 2179.0791   17.6455
   -7.5000  -37.5000   15.0000 2291.2351   15.6119
    0.0000  -37.5000   15.0000 2318.2241   15.2828
    7.5000  -37.5000   15.0000 2306.1580   15.4551
   -7.5000  -30.0000   15.0000 2413.7087   13.9294
    0.0000  -30.0000   15.0000 2443.6443   13.5961
    7.5000  -30.0000   15.0000 2434.9700   13.7276
   -7.5000  -22.5000   15.0000 2543.7026   12.6329
    0.0000  -22.5000   15.0000 2574.6472   12.3099
    7.5000  -22.5000   15.0000 2568.3650   12.4398
   -7.5000  -15.0000   15.0000 2663.6338   11.6958
    0.0000  -15.0000   15.0000 2702.2935   11.3645
    7.5000  -15.0000   15.0000 2691.8748   11.4912
   -7.5000   -7.5000   15.0000 2779.2209   11.0995
    0.0000   -7.5000   15.0000 2823.3379   10.7997
    7.5000   -7.5000   15.0000 2805.4670   10.8892
   -7.5000    0.0000   15.0000 2868.8198   10.7613
    0.0000    0.0000   15.0000 2913.1401   10.4463
    7.5000    0.0000   15.0000 2888.7048   10.5607
   -7.5000    7.5000   15.0000 2908.5037   10.7345
    0.0000    7.5000   15.0000 2954.3425   10.4889
    7.5000    7.5000   15.0000 2935.4800   10.5519
   -7.5000   15.0000   15.0000 2869.7397   10.9455
    0.0000   15.0000   15.0000 2923.2576   10.7651
    7.5000   15.0000   15.0000 2909.6116   10.7972
   -7.5000   22.5000   15.0000 2786.3271   11.3337
    0.0000   22.5000   15.0000 2832.3928   11.1646
    7.5000   22.5000   15.0000 2819.9500   11.2013
   -7.5000   30.0000   15.0000 2673.5750   11.9810
    0.0000   30.0000   15.0000 2707.5151   11.7899
    7.5000   30.0000   15.0000 2705.7056   11.8126
   -7.5000   37.5000   15.0000 2545.2910   12.9104
    0.0000   37.5000   15.0000 2574.2776   12.7207
    7.5000   37.5000   15.0000 2572.4377   12.7396
   -7.5000   45.0000   15.0000 2402.8308   14.1571
    0.0000   45.0000   15.0000 2432.6050   13.9878
    7.5000   45.0000   15.0000 2426.1919   14.0070
   -7.5000  -45.0000   22.5000 2144.8884   18.1966
    0.0000  -45.0000   22.5000 2174.5525   17.7864
    7.5000  -45.0000   22.5000 2161.3696   17.9800
   -7.5000  -37.5000   22.5000 2269.8870   15.9775
    0.0000  -37.5000   22.5000 2299.6433   15.6150
    7.5000  -37.5000   22.5000 2289.5210   15.7685
   -7.5000  -30.0000   22.5000 2387.4463   14.2748
    0.0000  -30.0000   22.5000 2418.3479   13.9139
    7.5000  -30.0000   22.5000 2411.2822   14.0454
   -7.5000  -22.5000   22.5000 2510.5269   12.9870
    0.0000  -22.5000   22.5000 2544.2698   12.6441
    7.5000  -22.5000   22.5000 2536.4109   12.7463
   -7.5000  -15.0000   22.5000 2631.1404   12.0287
    0.0000  -15.0000   22.5000 2667.4531   11.7584
    7.5000  -15.0000   22.5000 2657.4502   11.8247
   -7.5000   -7.5000   22.5000 2736.4644   11.4431
    0.0000   -7.5000   22.5000 2778.7295   11.1546
    7.5000   -7.5000   22.5000 2766.5454   11.2269
   -7.5000    0.0000   22.5000 2820.1304   11.0546
    0.0000    0.0000   22.5000 2863.0933   10.7838
    7.5000    0.0000   22.5000 2842.9004   10.8579
   -7.5000    7.5000   22.5000 2853.7991   11.0005
    0.0000    7.5000   22.5000 2896.7642   10.7868
    7.5000    7.5000   22.5000 2875.8420   10.8176
   -7.5000   15.0000   22.5000 2817.4224   11.2359
    0.0000   15.0000   22.5000 2864.1475   11.0353
    7.5000   15.0000   22.5000 2850.6719   11.0567
   -7.5000   22.5000   22.5000 2740.0032   11.6464
    0.0000   22.5000   22.5000 2783.4211   11.4475
    7.5000   22.5000   22.5000 2771.6431   11.4702
   -7.5000   30.0000   22.5000 2630.6592   12.2696
    0.0000   30.0000   22.5000 2660.4553   12.0805
    7.5000   30.0000   22.5000 2657.4692   12.0976
   -7.5000   37.5000   22.5000 2511.5691   13.1427
    0.0000   37.5000   22.5000 2538.4790   12.9583
    7.5000   37.5000   22.5000 2530.3252   12.9860
   -7.5000   45.0000   22.5000 2375.9280   14.3986
    0.0000   45.0000   22.5000 2403.1797   14.2004
    7.5000   45.0000   22.5000 2395.8555   14.2251
   -7.5000  -45.0000   30.0000 2108.1812   18.7844
    0.0000  -45.0000   30.0000 2135.5247   18.3890
    7.5000  -45.0000   30.0000 2121.3096   18.6067
   -7.5000  -37.5000   30.0000 2239.4487   16.5227
    0.0000  -37.5000   30.0000 2263.9426   16.1964
    7.5000  -37.5000   30.0000 2251.5442   16.3344
   -7.5000  -30.0000   30.0000 2358.6604   14.8494
    0.0000  -30.0000   30.0000 2388.1375   14.5365
    7.5000  -30.0000   30.0000 2376.4541   14.6249
   -7.5000  -22.5000   30.0000 2469.2820   13.5660
    0.0000  -22.5000   30.0000 2505.6968   13.2965
    7.5000  -22.5000   30.0000 2496.8325   13.3662
   -7.5000  -15.0000   30.0000 2580.8621   12.6146
    0.0000  -15.0000   30.0000 2619.4426   12.3747
    7.5000  -15.0000   30.0000 2612.1562   12.4111
   -7.5000   -7.5000   30.0000 2678.1799   11.9880
    0.0000   -7.5000   30.0000 2727.2292   11.7325
    7.5000   -7.5000   30.0000 2711.1143   11.7785
   -7.5000    0.0000   30.0000 2746.8103   11.5518
    0.0000    0.0000   30.0000 2786.5901   11.3651
    7.5000    0.0000   30.0000 2771.3755   11.4056
   -7.5000    7.5000   30.0000 2771.8613   11.5047
    0.0000    7.5000   30.0000 2806.8752   11.3294
    7.5000    7.5000   30.0000 2793.5488   11.3618
   -7.5000   15.0000   30.0000 2740.2004   11.7204
    0.0000   15.0000   30.0000 2773.7847   11.5414
    7.5000   15.0000   30.0000 2762.4148   11.5623
   -7.5000   22.5000   30.0000 2667.5161   12.1302
    0.0000   22.5000   30.0000 2700.0481   11.9085
    7.5000   22.5000   30.0000 2693.6736   11.9455
   -7.5000   30.0000   30.0000 2566.9373   12.7783
    0.0000   30.0000   30.0000 2596.3152   12.5489
    7.5000   30.0000   30.0000 2590.9807   12.5809
   -7.5000   37.5000   30.0000 2453.8027   13.6584
    0.0000   37.5000   30.0000 2482.1050   13.4668
    7.5000   37.5000   30.0000 2475.5535   13.4712
   -7.5000   45.0000   30.0000 2327.5515   14.8542
    0.0000   45.0000   30.0000 2354.6619   14.6410
    7.5000   45.0000   30.0000 2349.6929   14.6459
   -7.5000  -45.0000   37.5000 2061.8916   19.6774
    0.0000  -45.0000   37.5000 2085.0964   19.3319
    7.5000  -45.0000   37.5000 2071.4487   19.5550
   -7.5000  -37.5000   37.5000 2198.3127   17.3616
    0.0000  -37.5000   37.5000 2221.7146   17.0979
    7.5000  -37.5000   37.5000 2208.9490   17.2475
   -7.5000  -30.0000   37.5000 2314.3528   15.6524
    0.0000  -30.0000   37.5000 2343.4436   15.4232
    7.5000  -30.0000   37.5000 2336.0059   15.5029
   -7.5000  -22.5000   37.5000 2422.4470   14.3349
    0.0000  -22.5000   37.5000 2460.4666   14.1190
    7.5000  -22.5000   37.5000 2450.1284   14.1643
   -7.5000  -15.0000   37.5000 2525.1887   13.3556
    0.0000  -15.0000   37.5000 2569.3662   13.1440
    7.5000  -15.0000   37.5000 2555.9219   13.1709
   -7.5000   -7.5000   37.5000 2613.6902   12.6959
    0.0000   -7.5000   37.5000 2659.0369   12.5114
    7.5000   -7.5000   37.5000 2642.2297   12.5332
   -7.5000    0.0000   37.5000 2664.6406   12.2748
    0.0000    0.0000   37.5000 2701.8362   12.1349
    7.5000    0.0000   37.5000 2687.8914   12.1667
   -7.5000    7.5000   37.5000 2677.8984   12.2065
    0.0000    7.5000   37.5000 2709.3472   12.0742
    7.5000    7.5000   37.5000 2696.5869   12.1018
   -7.5000   15.0000   37.5000 2646.8572   12.3700
    0.0000   15.0000   37.5000 2672.7742   12.2327
    7.5000   15.0000   37.5000 2662.9656   12.2632
   -7.5000   22.5000   37.5000 2583.2317   12.7429
    0.0000   22.5000   37.5000 2607.8596   12.5911
    7.5000   22.5000   37.5000 2598.7039   12.6359
   -7.5000   30.0000   37.5000 2494.7639   13.3920
    0.0000   30.0000   37.5000 2521.5835   13.2069
    7.5000   30.0000   37.5000 2513.2869   13.2550
   -7.5000   37.5000   37.5000 2392.9578   14.2847
    0.0000   37.5000   37.5000 2415.7102   14.1221
    7.5000   37.5000   37.5000 2407.4072   14.1497
   -7.5000   45.0000   37.5000 2272.4785   15.4702
    0.0000   45.0000   37.5000 2296.6709   15.3162
    7.5000   45.0000   37.5000 2283.0215   15.3128
   -7.5000  -45.0000   45.0000 2006.1714   20.8977
    0.0000  -45.0000   45.0000 2025.9825   20.5996
    7.5000  -45.0000   45.0000 2009.5233   20.8086
   -7.5000  -37.5000   45.0000 2140.6252   18.4930
    0.0000  -37.5000   45.0000 2163.9719   18.2254
    7.5000  -37.5000   45.0000 2150.7317   18.4072
   -7.5000  -30.0000   45.0000 2256.1709   16.6691
    0.0000  -30.0000   45.0000 2286.5728   16.4583
    7.5000  -30.0000   45.0000 2280.3098   16.5596
   -7.5000  -22.5000   45.0000 2362.2952   15.2984
    0.0000  -22.5000   45.0000 2398.4438   15.1129
    7.5000  -22.5000   45.0000 2390.2183   15.1937
   -7.5000  -15.0000   45.0000 2457.2690   14.3233
    0.0000  -15.0000   45.0000 2497.2280   14.1291
    7.5000  -15.0000   45.0000 2483.7559   14.1952
   -7.5000   -7.5000   45.0000 2533.5618   13.6237
    0.0000   -7.5000   45.0000 2572.0818   13.4664
    7.5000   -7.5000   45.0000 2557.6858   13.5117
   -7.5000    0.0000   45.0000 2576.4731   13.1935
    0.0000    0.0000   45.0000 2606.3313   13.0650
    7.5000    0.0000   45.0000 2592.1243   13.1198
   -7.5000    7.5000   45.0000 2574.2576   13.0841
    0.0000    7.5000   45.0000 2604.7441   12.9672
    7.5000    7.5000   45.0000 2591.0015   13.0091
   -7.5000   15.0000   45.0000 2546.2896   13.1966
    0.0000   15.0000   45.0000 2569.1611   13.0742
    7.5000   15.0000   45.0000 2558.0649   13.1397
   -7.5000   22.5000   45.0000 2491.5928   13.5802
    0.0000   22.5000   45.0000 2513.2683   13.4407
    7.5000   22.5000   45.0000 2506.2612   13.5006
   -7.5000   30.0000   45.0000 2414.6812   14.2169
    0.0000   30.0000   45.0000 2436.8835   14.0810
    7.5000   30.0000   45.0000 2432.5413   14.1039
   -7.5000   37.5000   45.0000 2319.2153   15.0764
    0.0000   37.5000   45.0000 2339.2871   14.9241
    7.5000   37.5000   45.0000 2329.9316   14.9688
   -7.5000   45.0000   45.0000 2204.0154   16.2279
    0.0000   45.0000   45.0000 2224.8875   16.0794
    7.5000   45.0000   45.0000 2210.1699   16.1343

---------------------------------------------------------------------
imgreg_4dfp /opt/freesurfer/average/711-2C_as_mni_average_305 /opt/freesurfer/average/711-2B_as_mni_average_305_mask talsrcimg_g11 none talsrcimg_to_711-2C_as_mni_average_305_t4 1283
---------------------------------------------------------------------

freesurfer imgreg_4dfp.c
/opt/freesurfer/average/711-2C_as_mni_average_305.4dfp.img
       256       256       256         1
  1.000000  1.000000  1.000000
orientation T byte_order littleendian
Reading image: /opt/freesurfer/average/711-2C_as_mni_average_305.4dfp.img
dimensions:      256       256       256
mmppix:       1.0000   -1.0000   -1.0000
center:     128.0000 -129.0000 -129.0000
/opt/freesurfer/average/711-2B_as_mni_average_305_mask.4dfp.img
       256       256       256         1
  1.000000  1.000000  1.000000
orientation T byte_order littleendian
Reading mask: /opt/freesurfer/average/711-2B_as_mni_average_305_mask.4dfp.img (2306576 pixels)
talsrcimg_g11.4dfp.img
       256       256       256         1
  1.000000  1.000000  1.000000
orientation T byte_order littleendian
Reading image: talsrcimg_g11.4dfp.img
dimensions:      256       256       256
mmppix:       1.0000   -1.0000   -1.0000
center:     128.0000 -129.0000 -129.0000
rotation matrix determinant  1.000000
fimgreg.f
image alignment mode   1283 decimal      503 hex
parameters
    0.0000    7.5000    7.5000    0.0000    0.0000    0.0000
eta,q 0.93833 10.21699
niter,ni,del,rscale     5    3   12.0000    1.2000
parameters
    1.4911    6.8484    7.8459   -2.6884   -1.4865   -2.5037
eta,q 0.94067 10.08300
  0.0789  0.0676  0.0723  0.0617  0.0650  0.0611
  0.0725  0.0635  0.0690  0.0609  0.0618  0.0599
  0.0665  0.0618  0.0647  0.0608  0.0600  0.0593
  0.0624  0.0613  0.0613  0.0611  0.0608  0.0600
  0.0619  0.0631  0.0613  0.0630  0.0644  0.0623
  0.0639  0.0660  0.0661  0.0662  0.0671  0.0654
  0.0689  0.0706  0.0716  0.0694  0.0687  0.0686
niter,ni,del,rscale     4    3   12.0000    1.2000
parameters
    1.6797    8.6396    7.6056   -5.3212   -2.2303   -2.5646
eta,q 0.94272 10.09332
  0.0722  0.0713  0.0676  0.0587  0.0640  0.0624
  0.0668  0.0652  0.0646  0.0571  0.0598  0.0602
  0.0624  0.0613  0.0610  0.0579  0.0574  0.0584
  0.0593  0.0592  0.0582  0.0584  0.0577  0.0573
  0.0596  0.0582  0.0594  0.0596  0.0604  0.0576
  0.0645  0.0590  0.0653  0.0622  0.0634  0.0597
  0.0721  0.0622  0.0702  0.0666  0.0660  0.0633
niter,ni,del,rscale     3    3   12.0000    1.2000
parameters
    1.9357    9.5961    7.5400   -5.4558   -2.2966   -2.6378
eta,q 0.94384 10.11647
  0.0707  0.0710  0.0654  0.0629  0.0650  0.0616
  0.0652  0.0656  0.0627  0.0581  0.0603  0.0593
  0.0606  0.0598  0.0590  0.0555  0.0570  0.0572
  0.0573  0.0570  0.0562  0.0563  0.0562  0.0561
  0.0576  0.0559  0.0570  0.0575  0.0581  0.0568
  0.0628  0.0589  0.0623  0.0596  0.0614  0.0589
  0.0699  0.0654  0.0670  0.0621  0.0645  0.0625
niter,ni,del,rscale     2    3   12.0000    1.2000
parameters
    1.9480    9.6991    7.5368   -5.5244   -2.2998   -2.6431
eta,q 0.94395 10.11930
  0.0693  0.0690  0.0654  0.0630  0.0651  0.0616
  0.0638  0.0627  0.0627  0.0583  0.0604  0.0593
  0.0593  0.0582  0.0590  0.0555  0.0570  0.0572
  0.0562  0.0562  0.0561  0.0561  0.0560  0.0560
  0.0571  0.0567  0.0568  0.0574  0.0579  0.0566
  0.0630  0.0617  0.0620  0.0595  0.0612  0.0587
  0.0704  0.0688  0.0666  0.0620  0.0643  0.0622
niter,ni,del,rscale     1    3   12.0000    1.2000
parameters
    1.9501    9.7364    7.5399   -5.5526   -2.2947   -2.6414
eta,q 0.94400 10.12011
  0.0692  0.0688  0.0653  0.0631  0.0651  0.0615
  0.0637  0.0625  0.0627  0.0584  0.0603  0.0593
  0.0591  0.0581  0.0590  0.0555  0.0570  0.0572
  0.0560  0.0560  0.0560  0.0560  0.0560  0.0560
  0.0571  0.0568  0.0567  0.0573  0.0579  0.0566
  0.0629  0.0620  0.0620  0.0595  0.0611  0.0586
  0.0704  0.0691  0.0666  0.0620  0.0642  0.0622
registration optimization eta report
parameter search radius
    6.0000    6.0000    6.0000    6.0000    6.0000    6.0000
100000*second partial in parameter space
       37.       36.       26.       19.       23.       16.
  0.0692  0.0688  0.0653  0.0631  0.0651  0.0615
  0.0637  0.0625  0.0627  0.0584  0.0603  0.0593
  0.0591  0.0581  0.0590  0.0555  0.0570  0.0572
  0.0560  0.0560  0.0560  0.0560  0.0560  0.0560
  0.0571  0.0568  0.0567  0.0573  0.0579  0.0566
  0.0629  0.0620  0.0620  0.0595  0.0611  0.0586
  0.0704  0.0691  0.0666  0.0620  0.0642  0.0622
    1.9501    9.7364    7.5399   -5.5526   -2.2947   -2.6414
eta,q 0.94400 10.12011

---------------------------------------------------------------------
imgreg_4dfp /opt/freesurfer/average/711-2C_as_mni_average_305 /opt/freesurfer/average/711-2B_as_mni_average_305_mask talsrcimg_g11 none talsrcimg_to_711-2C_as_mni_average_305_t4 3335
---------------------------------------------------------------------

freesurfer imgreg_4dfp.c
/opt/freesurfer/average/711-2C_as_mni_average_305.4dfp.img
       256       256       256         1
  1.000000  1.000000  1.000000
orientation T byte_order littleendian
Reading image: /opt/freesurfer/average/711-2C_as_mni_average_305.4dfp.img
dimensions:      256       256       256
mmppix:       1.0000   -1.0000   -1.0000
center:     128.0000 -129.0000 -129.0000
/opt/freesurfer/average/711-2B_as_mni_average_305_mask.4dfp.img
       256       256       256         1
  1.000000  1.000000  1.000000
orientation T byte_order littleendian
Reading mask: /opt/freesurfer/average/711-2B_as_mni_average_305_mask.4dfp.img (2306576 pixels)
talsrcimg_g11.4dfp.img
       256       256       256         1
  1.000000  1.000000  1.000000
orientation T byte_order littleendian
Reading image: talsrcimg_g11.4dfp.img
dimensions:      256       256       256
mmppix:       1.0000   -1.0000   -1.0000
center:     128.0000 -129.0000 -129.0000
fimgreg.f
image alignment mode   3335 decimal      D07 hex
parameters
    1.9501    9.7364    7.5399   -0.1863   -0.5571   -0.5490
    4.1998    4.4267   -4.6048    9.4820   -4.0039   -9.6682
eta,q 0.94431 10.24249
niter,ni,del,rscale     5    3    5.0000    1.2000
parameter  4  3.463454 ->  0.500000 qaram    1.1500
parameter  5  2.501887 ->  0.500000 qaram    1.1500
parameter  6  1.302979 ->  0.500000 qaram    1.1500
parameter 12  1.009630 ->  0.500000 qaram    1.1500
parameters
    1.9508    9.9627    7.1633   -4.3263   -4.6971   -4.6890
    2.0608    3.9591   -5.2082    6.2089   -6.4002  -13.8082
eta,q 0.96269  9.68671
  0.0578  0.0575  0.0566  0.0446  0.0416  0.0379  0.0403  0.0431  0.0405  0.0394  0.0390  0.0372
  0.0567  0.0566  0.0559  0.0476  0.0434  0.0390  0.0394  0.0409  0.0397  0.0387  0.0384  0.0372
  0.0560  0.0560  0.0556  0.0514  0.0456  0.0406  0.0391  0.0394  0.0392  0.0385  0.0383  0.0376
  0.0557  0.0557  0.0557  0.0556  0.0486  0.0440  0.0393  0.0391  0.0391  0.0391  0.0385  0.0383
  0.0559  0.0557  0.0560  0.0603  0.0518  0.0483  0.0401  0.0400  0.0394  0.0404  0.0390  0.0392
  0.0566  0.0561  0.0565  0.0653  0.0551  0.0528  0.0413  0.0417  0.0401  0.0425  0.0398  0.0403
  0.0578  0.0570  0.0573  0.0704  0.0589  0.0578  0.0428  0.0442  0.0411  0.0450  0.0409  0.0415
niter,ni,del,rscale     7    3    5.0000    1.2000
parameter  4  1.064842 ->  0.500000 qaram    1.3225
parameter  5  0.914822 ->  0.500000 qaram    1.3225
parameters
    1.9697   10.5147    7.3642   -9.0873   -9.4581   -8.5978
    3.4653    4.9190   -4.4307    8.1773   -6.6321  -16.3414
eta,q 0.97119  9.25821
  0.0409  0.0408  0.0396  0.0316  0.0298  0.0296  0.0329  0.0341  0.0315  0.0332  0.0300  0.0297
  0.0389  0.0391  0.0383  0.0322  0.0299  0.0295  0.0313  0.0319  0.0304  0.0314  0.0294  0.0290
  0.0377  0.0379  0.0375  0.0340  0.0308  0.0297  0.0302  0.0304  0.0297  0.0302  0.0291  0.0288
  0.0373  0.0373  0.0372  0.0372  0.0326  0.0301  0.0296  0.0295  0.0294  0.0293  0.0290  0.0290
  0.0378  0.0372  0.0373  0.0417  0.0351  0.0312  0.0295  0.0295  0.0294  0.0290  0.0291  0.0296
  0.0389  0.0376  0.0379  0.0470  0.0385  0.0351  0.0301  0.0304  0.0299  0.0294  0.0295  0.0304
  0.0408  0.0386  0.0389  0.0531  0.0424  0.0406  0.0311  0.0323  0.0308  0.0306  0.0302  0.0315
niter,ni,del,rscale     7    3    5.0000    1.2000
parameters
    2.2297   11.3271    7.7705  -13.7419  -12.3139   -9.5772
    2.9657    5.3167   -5.0903    8.9769   -7.3461  -17.6891
eta,q 0.97316  8.89951
  0.0332  0.0332  0.0307  0.0284  0.0291  0.0289  0.0293  0.0312  0.0283  0.0300  0.0277  0.0281
  0.0310  0.0312  0.0297  0.0277  0.0277  0.0276  0.0280  0.0292  0.0275  0.0283  0.0272  0.0273
  0.0295  0.0297  0.0289  0.0275  0.0271  0.0271  0.0272  0.0277  0.0270  0.0274  0.0269  0.0269
  0.0288  0.0288  0.0285  0.0284  0.0275  0.0271  0.0270  0.0270  0.0270  0.0269  0.0269  0.0269
  0.0290  0.0285  0.0285  0.0308  0.0287  0.0276  0.0275  0.0273  0.0273  0.0270  0.0271  0.0273
  0.0299  0.0288  0.0288  0.0346  0.0310  0.0282  0.0285  0.0285  0.0279  0.0276  0.0274  0.0281
  0.0317  0.0296  0.0297  0.0397  0.0345  0.0303  0.0300  0.0305  0.0289  0.0288  0.0281  0.0292
niter,ni,del,rscale     6    3    5.0000    1.2000
parameters
    2.4085   11.5956    7.9490  -14.8315  -12.8217   -9.3862
    2.8210    5.5214   -5.0851    9.2830   -7.5203  -17.9874
eta,q 0.97314  8.83688
  0.0310  0.0300  0.0287  0.0296  0.0303  0.0296  0.0295  0.0310  0.0285  0.0296  0.0277  0.0286
  0.0289  0.0283  0.0277  0.0281  0.0286  0.0281  0.0281  0.0290  0.0276  0.0280  0.0273  0.0276
  0.0275  0.0273  0.0271  0.0272  0.0273  0.0272  0.0272  0.0275  0.0270  0.0272  0.0270  0.0270
  0.0268  0.0268  0.0268  0.0268  0.0269  0.0269  0.0269  0.0269  0.0269  0.0269  0.0269  0.0269
  0.0270  0.0270  0.0269  0.0272  0.0275  0.0272  0.0273  0.0272  0.0271  0.0270  0.0270  0.0271
  0.0281  0.0276  0.0274  0.0290  0.0289  0.0279  0.0283  0.0286  0.0276  0.0278  0.0273  0.0278
  0.0299  0.0288  0.0282  0.0319  0.0313  0.0294  0.0297  0.0307  0.0285  0.0291  0.0279  0.0288
niter,ni,del,rscale     5    3    5.0000    1.2000
parameters
    2.4329   11.6998    7.9639  -14.8402  -12.9502   -9.3845
    2.7998    5.5568   -5.0725    9.4273   -7.5147  -18.0860
eta,q 0.97314  8.83241
  0.0304  0.0296  0.0285  0.0303  0.0305  0.0295  0.0296  0.0308  0.0285  0.0294  0.0278  0.0286
  0.0285  0.0281  0.0276  0.0286  0.0288  0.0280  0.0281  0.0289  0.0276  0.0279  0.0273  0.0277
  0.0273  0.0272  0.0271  0.0275  0.0274  0.0272  0.0272  0.0274  0.0270  0.0271  0.0270  0.0271
  0.0269  0.0269  0.0269  0.0269  0.0269  0.0269  0.0269  0.0269  0.0269  0.0269  0.0269  0.0269
  0.0272  0.0271  0.0270  0.0269  0.0274  0.0272  0.0272  0.0273  0.0271  0.0271  0.0269  0.0271
  0.0284  0.0279  0.0276  0.0282  0.0286  0.0280  0.0282  0.0287  0.0276  0.0278  0.0273  0.0277
  0.0303  0.0291  0.0285  0.0307  0.0309  0.0296  0.0296  0.0308  0.0285  0.0292  0.0278  0.0287
niter,ni,del,rscale     4    3    5.0000    1.2000
parameters
    2.4372   11.7369    7.9484  -14.8371  -12.9938   -9.4039
    2.7889    5.5668   -5.0847    9.4952   -7.5117  -18.1334
eta,q 0.97314  8.83070
  0.0304  0.0294  0.0285  0.0303  0.0306  0.0295  0.0296  0.0308  0.0285  0.0293  0.0278  0.0287
  0.0285  0.0280  0.0276  0.0286  0.0288  0.0280  0.0281  0.0289  0.0276  0.0279  0.0273  0.0277
  0.0273  0.0271  0.0270  0.0275  0.0274  0.0272  0.0272  0.0274  0.0270  0.0271  0.0270  0.0271
  0.0269  0.0269  0.0269  0.0269  0.0269  0.0269  0.0269  0.0269  0.0269  0.0269  0.0269  0.0269
  0.0272  0.0271  0.0271  0.0269  0.0273  0.0272  0.0272  0.0273  0.0271  0.0271  0.0269  0.0271
  0.0284  0.0279  0.0276  0.0282  0.0286  0.0280  0.0282  0.0287  0.0276  0.0279  0.0273  0.0277
  0.0304  0.0292  0.0285  0.0307  0.0308  0.0296  0.0296  0.0309  0.0285  0.0292  0.0278  0.0287
niter,ni,del,rscale     3    3    5.0000    1.2000
parameters
    2.4380   11.7531    7.9370  -14.8395  -13.0184   -9.4144
    2.7914    5.5687   -5.0983    9.5238   -7.4897  -18.1508
eta,q 0.97314  8.82935
  0.0304  0.0294  0.0285  0.0303  0.0305  0.0295  0.0296  0.0307  0.0285  0.0293  0.0278  0.0287
  0.0285  0.0279  0.0276  0.0286  0.0288  0.0280  0.0281  0.0288  0.0276  0.0279  0.0273  0.0277
  0.0273  0.0271  0.0270  0.0275  0.0274  0.0272  0.0272  0.0274  0.0270  0.0271  0.0270  0.0271
  0.0269  0.0269  0.0269  0.0269  0.0269  0.0269  0.0269  0.0269  0.0269  0.0269  0.0269  0.0269
  0.0273  0.0272  0.0271  0.0269  0.0273  0.0272  0.0272  0.0273  0.0271  0.0271  0.0269  0.0271
  0.0285  0.0280  0.0276  0.0282  0.0286  0.0280  0.0282  0.0287  0.0276  0.0279  0.0273  0.0277
  0.0304  0.0292  0.0285  0.0307  0.0308  0.0296  0.0296  0.0309  0.0285  0.0292  0.0278  0.0287
registration optimization eta report
parameter search radius
    2.4000    2.4000    2.4000    9.5220    9.5220    8.2800
    7.2000    7.2000    7.2000    7.2000    7.2000    8.2800
100000*second partial in parameter space
       61.       42.       29.        4.        4.        4.
        5.        8.        3.        5.        2.        3.
  0.0304  0.0294  0.0285  0.0303  0.0305  0.0295  0.0296  0.0307  0.0285  0.0293  0.0278  0.0287
  0.0285  0.0279  0.0276  0.0286  0.0288  0.0280  0.0281  0.0288  0.0276  0.0279  0.0273  0.0277
  0.0273  0.0271  0.0270  0.0275  0.0274  0.0272  0.0272  0.0274  0.0270  0.0271  0.0270  0.0271
  0.0269  0.0269  0.0269  0.0269  0.0269  0.0269  0.0269  0.0269  0.0269  0.0269  0.0269  0.0269
  0.0273  0.0272  0.0271  0.0269  0.0273  0.0272  0.0272  0.0273  0.0271  0.0271  0.0269  0.0271
  0.0285  0.0280  0.0276  0.0282  0.0286  0.0280  0.0282  0.0287  0.0276  0.0279  0.0273  0.0277
  0.0304  0.0292  0.0285  0.0307  0.0308  0.0296  0.0296  0.0309  0.0285  0.0292  0.0278  0.0287
    2.4380   11.7531    7.9370  -14.8395  -13.0184   -9.4144
    2.7914    5.5687   -5.0983    9.5238   -7.4897  -18.1508
eta,q 0.97314  8.82935

---------------------------------------------------------------------
imgreg_4dfp /opt/freesurfer/average/711-2C_as_mni_average_305 /opt/freesurfer/average/711-2B_as_mni_average_305_mask talsrcimg_g11 none talsrcimg_to_711-2C_as_mni_average_305_t4 2311
---------------------------------------------------------------------

freesurfer imgreg_4dfp.c
/opt/freesurfer/average/711-2C_as_mni_average_305.4dfp.img
       256       256       256         1
  1.000000  1.000000  1.000000
orientation T byte_order littleendian
Reading image: /opt/freesurfer/average/711-2C_as_mni_average_305.4dfp.img
dimensions:      256       256       256
mmppix:       1.0000   -1.0000   -1.0000
center:     128.0000 -129.0000 -129.0000
/opt/freesurfer/average/711-2B_as_mni_average_305_mask.4dfp.img
       256       256       256         1
  1.000000  1.000000  1.000000
orientation T byte_order littleendian
Reading mask: /opt/freesurfer/average/711-2B_as_mni_average_305_mask.4dfp.img (2306576 pixels)
talsrcimg_g11.4dfp.img
       256       256       256         1
  1.000000  1.000000  1.000000
orientation T byte_order littleendian
Reading image: talsrcimg_g11.4dfp.img
dimensions:      256       256       256
mmppix:       1.0000   -1.0000   -1.0000
center:     128.0000 -129.0000 -129.0000
fimgreg.f
image alignment mode   2311 decimal      907 hex
parameters
    2.4380   11.7531    7.9370  -14.8395  -13.0184   -9.4144
    2.7914    5.5687   -5.0983    9.5238   -7.4897  -18.1508
eta,q 0.97314  8.82935
niter,ni,del,rscale     5    3    5.0000    0.8000
parameters
    2.4431   11.7295    7.9348  -13.8653  -12.8062   -9.2723
    2.8575    5.6155   -5.1302    9.5581   -7.4059  -18.0855
eta,q 0.97322  8.89256
  0.0285  0.0279  0.0276  0.0280  0.0280  0.0277  0.0281  0.0287  0.0275  0.0278  0.0272  0.0274
  0.0276  0.0273  0.0272  0.0275  0.0274  0.0272  0.0274  0.0277  0.0271  0.0272  0.0270  0.0271
  0.0270  0.0270  0.0269  0.0271  0.0270  0.0269  0.0269  0.0270  0.0268  0.0269  0.0268  0.0269
  0.0269  0.0269  0.0269  0.0269  0.0268  0.0268  0.0268  0.0268  0.0268  0.0268  0.0268  0.0268
  0.0270  0.0270  0.0269  0.0268  0.0269  0.0269  0.0269  0.0270  0.0269  0.0269  0.0268  0.0268
  0.0276  0.0274  0.0272  0.0269  0.0272  0.0272  0.0274  0.0276  0.0271  0.0272  0.0270  0.0271
  0.0284  0.0280  0.0276  0.0274  0.0278  0.0276  0.0280  0.0287  0.0275  0.0278  0.0272  0.0274
niter,ni,del,rscale     4    3    5.0000    0.7000
parameters
    2.4567   11.6662    7.9849  -13.8316  -12.7707   -9.2232
    2.8688    5.6365   -5.1377    9.4660   -7.4353  -17.9943
eta,q 0.97322  8.89689
  0.0281  0.0276  0.0274  0.0275  0.0277  0.0275  0.0278  0.0283  0.0273  0.0275  0.0271  0.0273
  0.0274  0.0271  0.0271  0.0271  0.0272  0.0271  0.0272  0.0275  0.0270  0.0271  0.0269  0.0270
  0.0269  0.0268  0.0269  0.0269  0.0269  0.0269  0.0269  0.0269  0.0268  0.0269  0.0268  0.0268
  0.0268  0.0268  0.0268  0.0268  0.0268  0.0268  0.0268  0.0268  0.0268  0.0268  0.0268  0.0268
  0.0269  0.0269  0.0268  0.0268  0.0269  0.0269  0.0269  0.0269  0.0268  0.0269  0.0268  0.0268
  0.0273  0.0272  0.0270  0.0270  0.0272  0.0271  0.0272  0.0274  0.0270  0.0271  0.0269  0.0270
  0.0280  0.0277  0.0273  0.0276  0.0277  0.0274  0.0278  0.0283  0.0273  0.0276  0.0271  0.0273
niter,ni,del,rscale     3    3    5.0000    0.6000
parameters
    2.4617   11.6334    8.0104  -13.7195  -12.7483   -9.2110
    2.8825    5.6236   -5.1275    9.4252   -7.4646  -17.9231
eta,q 0.97323  8.90321
  0.0277  0.0274  0.0272  0.0273  0.0274  0.0273  0.0275  0.0279  0.0272  0.0273  0.0270  0.0271
  0.0272  0.0270  0.0270  0.0271  0.0271  0.0270  0.0271  0.0273  0.0270  0.0270  0.0269  0.0269
  0.0269  0.0268  0.0268  0.0269  0.0269  0.0268  0.0268  0.0269  0.0268  0.0268  0.0268  0.0268
  0.0268  0.0268  0.0268  0.0268  0.0268  0.0268  0.0268  0.0268  0.0268  0.0268  0.0268  0.0268
  0.0269  0.0269  0.0268  0.0268  0.0268  0.0268  0.0268  0.0269  0.0268  0.0268  0.0268  0.0268
  0.0272  0.0271  0.0270  0.0270  0.0271  0.0270  0.0271  0.0273  0.0270  0.0270  0.0269  0.0269
  0.0277  0.0274  0.0272  0.0273  0.0274  0.0273  0.0275  0.0279  0.0272  0.0274  0.0270  0.0271
niter,ni,del,rscale     2    3    5.0000    0.5000
parameters
    2.4632   11.6160    8.0318  -13.6074  -12.7125   -9.1993
    2.8840    5.6074   -5.1337    9.4348   -7.4879  -17.8640
eta,q 0.97323  8.91070
  0.0274  0.0272  0.0271  0.0272  0.0272  0.0272  0.0273  0.0275  0.0271  0.0272  0.0269  0.0270
  0.0271  0.0269  0.0269  0.0270  0.0270  0.0269  0.0270  0.0271  0.0269  0.0270  0.0268  0.0269
  0.0268  0.0268  0.0268  0.0268  0.0268  0.0268  0.0268  0.0269  0.0268  0.0268  0.0268  0.0268
  0.0268  0.0268  0.0268  0.0268  0.0268  0.0268  0.0268  0.0268  0.0268  0.0268  0.0268  0.0268
  0.0268  0.0268  0.0268  0.0268  0.0268  0.0268  0.0268  0.0269  0.0268  0.0268  0.0268  0.0268
  0.0271  0.0270  0.0269  0.0269  0.0270  0.0270  0.0270  0.0271  0.0269  0.0269  0.0268  0.0269
  0.0274  0.0272  0.0271  0.0271  0.0272  0.0272  0.0273  0.0276  0.0271  0.0272  0.0269  0.0270
niter,ni,del,rscale     1    3    5.0000    0.4000
parameters
    2.4623   11.6061    8.0329  -13.5096  -12.6738   -9.2085
    2.8880    5.5899   -5.1206    9.4606   -7.4844  -17.8276
eta,q 0.97324  8.91677
  0.0272  0.0270  0.0270  0.0270  0.0271  0.0270  0.0271  0.0273  0.0269  0.0270  0.0269  0.0269
  0.0270  0.0269  0.0269  0.0269  0.0269  0.0269  0.0269  0.0270  0.0268  0.0269  0.0268  0.0268
  0.0268  0.0268  0.0268  0.0268  0.0268  0.0268  0.0268  0.0268  0.0268  0.0268  0.0268  0.0268
  0.0268  0.0268  0.0268  0.0268  0.0268  0.0268  0.0268  0.0268  0.0268  0.0268  0.0268  0.0268
  0.0268  0.0268  0.0268  0.0268  0.0268  0.0268  0.0268  0.0268  0.0268  0.0268  0.0268  0.0268
  0.0270  0.0269  0.0269  0.0268  0.0269  0.0269  0.0269  0.0270  0.0268  0.0269  0.0268  0.0268
  0.0272  0.0271  0.0270  0.0270  0.0271  0.0270  0.0271  0.0273  0.0269  0.0270  0.0269  0.0269
registration optimization eta report
parameter search radius
    0.8000    0.8000    0.8000    2.4000    2.4000    2.4000
    2.4000    2.4000    2.4000    2.4000    2.4000    2.4000
100000*second partial in parameter space
       65.       44.       29.        4.        5.        5.
        6.        9.        3.        5.        2.        3.
  0.0272  0.0270  0.0270  0.0270  0.0271  0.0270  0.0271  0.0273  0.0269  0.0270  0.0269  0.0269
  0.0270  0.0269  0.0269  0.0269  0.0269  0.0269  0.0269  0.0270  0.0268  0.0269  0.0268  0.0268
  0.0268  0.0268  0.0268  0.0268  0.0268  0.0268  0.0268  0.0268  0.0268  0.0268  0.0268  0.0268
  0.0268  0.0268  0.0268  0.0268  0.0268  0.0268  0.0268  0.0268  0.0268  0.0268  0.0268  0.0268
  0.0268  0.0268  0.0268  0.0268  0.0268  0.0268  0.0268  0.0268  0.0268  0.0268  0.0268  0.0268
  0.0270  0.0269  0.0269  0.0268  0.0269  0.0269  0.0269  0.0270  0.0268  0.0269  0.0268  0.0268
  0.0272  0.0271  0.0270  0.0270  0.0271  0.0270  0.0271  0.0273  0.0269  0.0270  0.0269  0.0269
    2.4623   11.6061    8.0329  -13.5096  -12.6738   -9.2085
    2.8880    5.5899   -5.1206    9.4606   -7.4844  -17.8276
eta,q 0.97324  8.91677

---------------------------------------------------------------------
imgreg_4dfp /opt/freesurfer/average/711-2C_as_mni_average_305 /opt/freesurfer/average/711-2B_as_mni_average_305_mask talsrcimg_g11 none talsrcimg_to_711-2C_as_mni_average_305_t4 2311
---------------------------------------------------------------------

freesurfer imgreg_4dfp.c
/opt/freesurfer/average/711-2C_as_mni_average_305.4dfp.img
       256       256       256         1
  1.000000  1.000000  1.000000
orientation T byte_order littleendian
Reading image: /opt/freesurfer/average/711-2C_as_mni_average_305.4dfp.img
dimensions:      256       256       256
mmppix:       1.0000   -1.0000   -1.0000
center:     128.0000 -129.0000 -129.0000
/opt/freesurfer/average/711-2B_as_mni_average_305_mask.4dfp.img
       256       256       256         1
  1.000000  1.000000  1.000000
orientation T byte_order littleendian
Reading mask: /opt/freesurfer/average/711-2B_as_mni_average_305_mask.4dfp.img (2306576 pixels)
talsrcimg_g11.4dfp.img
       256       256       256         1
  1.000000  1.000000  1.000000
orientation T byte_order littleendian
Reading image: talsrcimg_g11.4dfp.img
dimensions:      256       256       256
mmppix:       1.0000   -1.0000   -1.0000
center:     128.0000 -129.0000 -129.0000
fimgreg.f
image alignment mode   2311 decimal      907 hex
parameters
    2.4623   11.6061    8.0329  -13.5096  -12.6738   -9.2085
    2.8880    5.5899   -5.1206    9.4606   -7.4844  -17.8276
eta,q 0.97324  8.91677
niter,ni,del,rscale     5    3    5.0000    0.8000
parameters
    2.4537   11.6216    8.0252  -13.9133  -12.7226   -9.1453
    2.8658    5.6277   -5.0988    9.3400   -7.5006  -17.9365
eta,q 0.97322  8.89696
  0.0284  0.0279  0.0275  0.0276  0.0279  0.0277  0.0281  0.0287  0.0275  0.0278  0.0272  0.0274
  0.0275  0.0273  0.0271  0.0272  0.0273  0.0272  0.0274  0.0277  0.0271  0.0272  0.0270  0.0271
  0.0269  0.0269  0.0268  0.0269  0.0269  0.0269  0.0269  0.0270  0.0268  0.0269  0.0268  0.0269
  0.0268  0.0268  0.0268  0.0268  0.0268  0.0268  0.0268  0.0268  0.0268  0.0268  0.0268  0.0268
  0.0269  0.0269  0.0268  0.0269  0.0269  0.0269  0.0269  0.0270  0.0269  0.0269  0.0268  0.0269
  0.0275  0.0273  0.0271  0.0273  0.0273  0.0272  0.0274  0.0276  0.0271  0.0273  0.0270  0.0271
  0.0284  0.0279  0.0275  0.0281  0.0279  0.0276  0.0281  0.0287  0.0275  0.0279  0.0272  0.0275
niter,ni,del,rscale     4    3    5.0000    0.7000
parameters
    2.4594   11.6112    8.0423  -13.8176  -12.7210   -9.1284
    2.8658    5.6285   -5.1007    9.3555   -7.5223  -17.9114
eta,q 0.97323  8.90265
  0.0280  0.0276  0.0274  0.0275  0.0277  0.0275  0.0278  0.0283  0.0273  0.0276  0.0271  0.0273
  0.0274  0.0271  0.0270  0.0272  0.0272  0.0271  0.0272  0.0274  0.0270  0.0271  0.0269  0.0270
  0.0269  0.0269  0.0268  0.0269  0.0269  0.0269  0.0269  0.0269  0.0268  0.0269  0.0268  0.0268
  0.0268  0.0268  0.0268  0.0268  0.0268  0.0268  0.0268  0.0268  0.0268  0.0268  0.0268  0.0268
  0.0269  0.0269  0.0268  0.0268  0.0269  0.0269  0.0269  0.0269  0.0268  0.0268  0.0268  0.0268
  0.0273  0.0272  0.0270  0.0270  0.0272  0.0271  0.0272  0.0275  0.0270  0.0271  0.0269  0.0270
  0.0280  0.0276  0.0273  0.0275  0.0277  0.0275  0.0278  0.0283  0.0273  0.0276  0.0271  0.0273
niter,ni,del,rscale     3    3    5.0000    0.6000
parameters
    2.4621   11.6017    8.0506  -13.7027  -12.7171   -9.1278
    2.8745    5.6184   -5.0895    9.3610   -7.5359  -17.8747
eta,q 0.97323  8.90832
  0.0277  0.0274  0.0272  0.0273  0.0274  0.0273  0.0275  0.0279  0.0272  0.0274  0.0270  0.0271
  0.0272  0.0270  0.0270  0.0271  0.0271  0.0270  0.0271  0.0273  0.0270  0.0270  0.0269  0.0269
  0.0269  0.0268  0.0268  0.0269  0.0269  0.0268  0.0268  0.0269  0.0268  0.0268  0.0268  0.0268
  0.0268  0.0268  0.0268  0.0268  0.0268  0.0268  0.0268  0.0268  0.0268  0.0268  0.0268  0.0268
  0.0269  0.0268  0.0268  0.0268  0.0268  0.0268  0.0268  0.0269  0.0268  0.0268  0.0268  0.0268
  0.0272  0.0271  0.0270  0.0270  0.0271  0.0270  0.0271  0.0273  0.0270  0.0270  0.0269  0.0269
  0.0277  0.0274  0.0272  0.0273  0.0274  0.0273  0.0275  0.0279  0.0272  0.0274  0.0270  0.0271
niter,ni,del,rscale     2    3    5.0000    0.5000
parameters
    2.4639   11.5936    8.0600  -13.5924  -12.6972   -9.1434
    2.8778    5.6082   -5.1026    9.3838   -7.5239  -17.8349
eta,q 0.97324  8.91391
  0.0274  0.0272  0.0271  0.0272  0.0272  0.0272  0.0273  0.0275  0.0271  0.0272  0.0269  0.0270
  0.0271  0.0270  0.0269  0.0270  0.0270  0.0269  0.0270  0.0271  0.0269  0.0270  0.0268  0.0269
  0.0268  0.0268  0.0268  0.0268  0.0268  0.0268  0.0268  0.0269  0.0268  0.0268  0.0268  0.0268
  0.0268  0.0268  0.0268  0.0268  0.0268  0.0268  0.0268  0.0268  0.0268  0.0268  0.0268  0.0268
  0.0268  0.0268  0.0268  0.0268  0.0268  0.0268  0.0268  0.0269  0.0268  0.0268  0.0268  0.0268
  0.0271  0.0270  0.0269  0.0269  0.0270  0.0270  0.0270  0.0271  0.0269  0.0269  0.0268  0.0269
  0.0274  0.0272  0.0271  0.0271  0.0272  0.0272  0.0273  0.0275  0.0271  0.0272  0.0269  0.0270
niter,ni,del,rscale     1    3    5.0000    0.4000
parameters
    2.4642   11.5906    8.0540  -13.4980  -12.6687   -9.1651
    2.8792    5.5906   -5.1108    9.4380   -7.5230  -17.8064
eta,q 0.97324  8.91930
  0.0272  0.0270  0.0270  0.0270  0.0271  0.0270  0.0271  0.0273  0.0269  0.0270  0.0269  0.0269
  0.0269  0.0269  0.0268  0.0269  0.0269  0.0269  0.0269  0.0270  0.0268  0.0269  0.0268  0.0268
  0.0268  0.0268  0.0268  0.0268  0.0268  0.0268  0.0268  0.0268  0.0268  0.0268  0.0268  0.0268
  0.0268  0.0268  0.0268  0.0268  0.0268  0.0268  0.0268  0.0268  0.0268  0.0268  0.0268  0.0268
  0.0268  0.0268  0.0268  0.0268  0.0268  0.0268  0.0268  0.0268  0.0268  0.0268  0.0268  0.0268
  0.0269  0.0269  0.0268  0.0268  0.0269  0.0269  0.0269  0.0270  0.0268  0.0269  0.0268  0.0268
  0.0272  0.0270  0.0270  0.0270  0.0271  0.0270  0.0271  0.0273  0.0269  0.0270  0.0269  0.0269
registration optimization eta report
parameter search radius
    0.8000    0.8000    0.8000    2.4000    2.4000    2.4000
    2.4000    2.4000    2.4000    2.4000    2.4000    2.4000
100000*second partial in parameter space
       65.       45.       30.        4.        5.        5.
        6.        9.        3.        5.        2.        3.
  0.0272  0.0270  0.0270  0.0270  0.0271  0.0270  0.0271  0.0273  0.0269  0.0270  0.0269  0.0269
  0.0269  0.0269  0.0268  0.0269  0.0269  0.0269  0.0269  0.0270  0.0268  0.0269  0.0268  0.0268
  0.0268  0.0268  0.0268  0.0268  0.0268  0.0268  0.0268  0.0268  0.0268  0.0268  0.0268  0.0268
  0.0268  0.0268  0.0268  0.0268  0.0268  0.0268  0.0268  0.0268  0.0268  0.0268  0.0268  0.0268
  0.0268  0.0268  0.0268  0.0268  0.0268  0.0268  0.0268  0.0268  0.0268  0.0268  0.0268  0.0268
  0.0269  0.0269  0.0268  0.0268  0.0269  0.0269  0.0269  0.0270  0.0268  0.0269  0.0268  0.0268
  0.0272  0.0270  0.0270  0.0270  0.0271  0.0270  0.0271  0.0273  0.0269  0.0270  0.0269  0.0269
    2.4642   11.5906    8.0540  -13.4980  -12.6687   -9.1651
    2.8792    5.5906   -5.1108    9.4380   -7.5230  -17.8064
eta,q 0.97324  8.91930

---------------------------------------------------------------------
compute_vox2vox talsrcimg talsrcimg_to_711-2C_as_mni_average_305_t4 /opt/freesurfer/average/711-2C_as_mni_average_305
---------------------------------------------------------------------

freesurfer compute_vox2vox.c
Reading: talsrcimg.4dfp.ifh
Reading: talsrcimg_to_711-2C_as_mni_average_305_t4
Reading: /opt/freesurfer/average/711-2C_as_mni_average_305.4dfp.ifh
Writing: talsrcimg_to_711-2C_as_mni_average_305_t4_vox2vox.txt

start time Fri Mar 13 02:38:05 CET 2026
end		time Fri Mar 13 02:38:19 CET 2026

mpr2mni305 success

avi2talxfm orig_nu.mgz /opt/freesurfer/average/mni305.cor.mgz talsrcimg_to_711-2C_as_mni_average_305_t4_vox2vox.txt transforms/talairach.auto.xfm
avi2talxfm done
mv -f /out/sourcedata/freesurfer/sub-v2s3x28829_ses-1/mri/talsrcimg_to_711-2C_as_mni_average_305_t4_vox2vox.txt /out/sourcedata/freesurfer/sub-v2s3x28829_ses-1/mri/transforms/talsrcimg_to_711-2C_as_mni_average_305_t4_vox2vox.txt
lta_convert --src orig_nu.mgz --trg /opt/freesurfer/average/mni305.cor.mgz --inxfm transforms/talairach.auto.xfm --outlta transforms/talairach.auto.xfm.lta --subject fsaverage
7.3.2

--src: orig_nu.mgz src image (geometry).
--trg: /opt/freesurfer/average/mni305.cor.mgz trg image (geometry).
--inmni: transforms/talairach.auto.xfm input MNI/XFM transform.
--outlta: transforms/talairach.auto.xfm.lta output LTA.
--s: fsaverage subject name
 LTA read, type : 1
 1.14734  -0.06530  -0.05114  -4.09161;
 0.10594   1.07203   0.21509  -43.05893;
 0.05570  -0.11968   1.11883   6.71185;
 0.00000   0.00000   0.00000   1.00000;
setting subject to fsaverage
Writing  LTA to file transforms/talairach.auto.xfm.lta...
lta_convert successful.
 
 
Started at Fri Mar 13 02:38:05 CET 2026
Ended   at Fri Mar 13 02:38:19 CET 2026
talairach_avi done
