/out/sourcedata/freesurfer/sub-v2s3x28827_ses-1/mri
/opt/freesurfer/bin/talairach_avi
--i orig_nu.mgz --xfm transforms/talairach.auto.xfm
talairach_avi 7.3.2
Linux dna059 5.14.0-427.37.1.el9_4.x86_64 #1 SMP PREEMPT_DYNAMIC Fri Sep 13 12:41:50 EDT 2024 x86_64 x86_64 x86_64 GNU/Linux
Fri Mar 13 02:32:58 CET 2026
mri_convert orig_nu.mgz talsrcimg.img 
reading from orig_nu.mgz...
TR=0.00, TE=0.00, TI=0.00, flip angle=0.00
i_ras = (-1, 0, 0)
j_ras = (0, 0, -1)
k_ras = (0, 1, 0)
writing to talsrcimg.img...
Analyze Output Matrix
-1.00000   0.00000   0.00000   126.66419;
 0.00000   0.00000   1.00000  -73.01572;
 0.00000  -1.00000   0.00000   120.87726;
 0.00000   0.00000   0.00000   1.00000;
--------------------
INFO: set hdr.hist.orient to -1
mpr2mni305 talsrcimg
Fri Mar 13 02:32:58 CET 2026
/opt/freesurfer/bin/mpr2mni305 talsrcimg
mpr2mni305 7.3.2
target=711-2C_as_mni_average_305

---------------------------------------------------------------------
analyzeto4dfp talsrcimg -O0 -y
---------------------------------------------------------------------

freesurfer ifh2hdr.c
Fri Mar 13 02:32:59 2026
Writing: talsrcimg.4dfp.hdr
freesurfer analyzeto4dfp.c
Reading: talsrcimg.hdr
header size 348 bytes
hdr.dime.datatype	offset=70	value=2
hdr.dime.bitpix		offset=72	value=8
hdr.hist.orient		offset=252	value=-1
dimensionality     4
dimensions       256       256       256         1
Reading: talsrcimg.img
Writing: talsrcimg.4dfp.img
Writing: talsrcimg.4dfp.ifh
ifh2hdr talsrcimg -r0to233
ori=2

---------------------------------------------------------------------
gauss_4dfp talsrcimg 1.1
---------------------------------------------------------------------

freesurfer gauss_4dfp.c
Reading: talsrcimg.4dfp.img
Writing: talsrcimg_g11.4dfp.img
image dimensions 256 256 256 padded to 288 288 288
processing volume 1freesurfer ifh2hdr.c
Fri Mar 13 02:33:00 2026
Writing: talsrcimg_g11.4dfp.hdr

Writing: talsrcimg_g11.4dfp.ifh
including: talsrcimg.4dfp.img.rec in talsrcimg_g11.4dfp.img.rec

---------------------------------------------------------------------
imgreg_4dfp /opt/freesurfer/average/711-2C_as_mni_average_305 none talsrcimg_g11 none talsrcimg_to_711-2C_as_mni_average_305_t4 4355
---------------------------------------------------------------------

freesurfer imgreg_4dfp.c
/opt/freesurfer/average/711-2C_as_mni_average_305.4dfp.img
       256       256       256         1
  1.000000  1.000000  1.000000
orientation T byte_order littleendian
Reading image: /opt/freesurfer/average/711-2C_as_mni_average_305.4dfp.img
dimensions:      256       256       256
mmppix:       1.0000   -1.0000   -1.0000
center:     128.0000 -129.0000 -129.0000
talsrcimg_g11.4dfp.img
       256       256       256         1
  1.000000  1.000000  1.000000
orientation T byte_order littleendian
Reading image: talsrcimg_g11.4dfp.img
dimensions:      256       256       256
mmppix:       1.0000   -1.0000   -1.0000
center:     128.0000 -129.0000 -129.0000
t4_read: open error in t4_sub.f l:  41 t4_file(1:l)talsrcimg_to_711-2C_as_mni_average_305_t4 
t4_read: transform initialized to I4
rotation matrix determinant  1.000000
image alignment mode   4355 decimal     1103 hex
   -7.5000  -45.0000  -45.0000 5178.1851   18.8028
    0.0000  -45.0000  -45.0000 5575.3262   18.7526
    7.5000  -45.0000  -45.0000 5454.0654   18.7135
   -7.5000  -37.5000  -45.0000 5860.8945   17.9767
    0.0000  -37.5000  -45.0000 6278.5508   17.9295
    7.5000  -37.5000  -45.0000 6148.3091   17.8862
   -7.5000  -30.0000  -45.0000 6802.4067   17.4111
    0.0000  -30.0000  -45.0000 7242.5371   17.3637
    7.5000  -30.0000  -45.0000 7113.8076   17.3235
   -7.5000  -22.5000  -45.0000 7843.8882   17.0373
    0.0000  -22.5000  -45.0000 8334.2725   16.9917
    7.5000  -22.5000  -45.0000 8186.5874   16.9617
   -7.5000  -15.0000  -45.0000 8920.0059   16.8045
    0.0000  -15.0000  -45.0000 9533.3926   16.7594
    7.5000  -15.0000  -45.0000 9394.5283   16.7339
   -7.5000   -7.5000  -45.000010030.1904   16.7079
    0.0000   -7.5000  -45.000010759.4248   16.6606
    7.5000   -7.5000  -45.000010626.8301   16.6328
   -7.5000    0.0000  -45.000011081.8760   16.6750
    0.0000    0.0000  -45.000011911.6064   16.6260
    7.5000    0.0000  -45.000011771.4121   16.5927
   -7.5000    7.5000  -45.000011292.0186   16.6973
    0.0000    7.5000  -45.000012158.4688   16.6506
    7.5000    7.5000  -45.000012027.9355   16.6132
   -7.5000   15.0000  -45.000011293.6719   16.7320
    0.0000   15.0000  -45.000012161.7734   16.6880
    7.5000   15.0000  -45.000012004.5996   16.6515
   -7.5000   22.5000  -45.000011178.3906   16.7416
    0.0000   22.5000  -45.000011987.4375   16.6979
    7.5000   22.5000  -45.000011814.2422   16.6676
   -7.5000   30.0000  -45.000010967.6230   16.5053
    0.0000   30.0000  -45.000011725.9346   16.4613
    7.5000   30.0000  -45.000011540.9160   16.4357
   -7.5000   37.5000  -45.000011116.9824   16.4680
    0.0000   37.5000  -45.000011887.0674   16.4215
    7.5000   37.5000  -45.000011725.6094   16.3940
   -7.5000   45.0000  -45.000010826.5420   16.0350
    0.0000   45.0000  -45.000011588.3291   15.9879
    7.5000   45.0000  -45.000011428.1240   15.9559
   -7.5000  -45.0000  -37.5000 5359.7061   18.8635
    0.0000  -45.0000  -37.5000 5762.5107   18.8280
    7.5000  -45.0000  -37.5000 5662.8892   18.7868
   -7.5000  -37.5000  -37.5000 6067.6816   18.0242
    0.0000  -37.5000  -37.5000 6477.3755   17.9895
    7.5000  -37.5000  -37.5000 6367.9692   17.9474
   -7.5000  -30.0000  -37.5000 7055.4463   17.4597
    0.0000  -30.0000  -37.5000 7496.8623   17.4203
    7.5000  -30.0000  -37.5000 7370.2471   17.3793
   -7.5000  -22.5000  -37.5000 8120.4771   17.0934
    0.0000  -22.5000  -37.5000 8660.8525   17.0529
    7.5000  -22.5000  -37.5000 8520.2207   17.0184
   -7.5000  -15.0000  -37.5000 9226.3125   16.8630
    0.0000  -15.0000  -37.5000 9890.7666   16.8237
    7.5000  -15.0000  -37.5000 9781.2471   16.7915
   -7.5000   -7.5000  -37.500010367.0391   16.7610
    0.0000   -7.5000  -37.500011143.3008   16.7235
    7.5000   -7.5000  -37.500011033.2803   16.6913
   -7.5000    0.0000  -37.500011458.5654   16.7218
    0.0000    0.0000  -37.500012336.9707   16.6854
    7.5000    0.0000  -37.500012208.2021   16.6515
   -7.5000    7.5000  -37.500011671.9023   16.7428
    0.0000    7.5000  -37.500012574.8486   16.7068
    7.5000    7.5000  -37.500012439.5146   16.6703
   -7.5000   15.0000  -37.500011671.9033   16.7813
    0.0000   15.0000  -37.500012543.1055   16.7444
    7.5000   15.0000  -37.500012369.5107   16.7072
   -7.5000   22.5000  -37.500011525.4434   16.7983
    0.0000   22.5000  -37.500012330.1240   16.7596
    7.5000   22.5000  -37.500012143.7031   16.7249
   -7.5000   30.0000  -37.500011276.7383   16.5635
    0.0000   30.0000  -37.500012035.9414   16.5253
    7.5000   30.0000  -37.500011801.3623   16.4932
   -7.5000   37.5000  -37.500011425.9502   16.5202
    0.0000   37.5000  -37.500012192.2578   16.4834
    7.5000   37.5000  -37.500011981.4971   16.4515
   -7.5000   45.0000  -37.500011125.4229   16.0800
    0.0000   45.0000  -37.500011870.9062   16.0450
    7.5000   45.0000  -37.500011700.4238   16.0125
   -7.5000  -45.0000  -30.0000 5597.3564   19.6689
    0.0000  -45.0000  -30.0000 6017.9326   19.6385
    7.5000  -45.0000  -30.0000 5921.3726   19.6027
   -7.5000  -37.5000  -30.0000 6359.0859   18.7901
    0.0000  -37.5000  -30.0000 6785.3716   18.7606
    7.5000  -37.5000  -30.0000 6677.1450   18.7271
   -7.5000  -30.0000  -30.0000 7402.4043   18.1988
    0.0000  -30.0000  -30.0000 7899.6562   18.1656
    7.5000  -30.0000  -30.0000 7777.1045   18.1320
   -7.5000  -22.5000  -30.0000 8517.5615   17.8213
    0.0000  -22.5000  -30.0000 9127.5430   17.7854
    7.5000  -22.5000  -30.0000 9011.5303   17.7519
   -7.5000  -15.0000  -30.0000 9688.0898   17.5843
    0.0000  -15.0000  -30.000010418.9033   17.5481
    7.5000  -15.0000  -30.000010296.7803   17.5128
   -7.5000   -7.5000  -30.000010883.7197   17.4765
    0.0000   -7.5000  -30.000011718.2080   17.4423
    7.5000   -7.5000  -30.000011573.7773   17.4090
   -7.5000    0.0000  -30.000012016.2822   17.4326
    0.0000    0.0000  -30.000012941.8682   17.4004
    7.5000    0.0000  -30.000012777.7422   17.3703
   -7.5000    7.5000  -30.000012256.5801   17.4497
    0.0000    7.5000  -30.000013174.1797   17.4189
    7.5000    7.5000  -30.000012977.6152   17.3896
   -7.5000   15.0000  -30.000012245.6973   17.4890
    0.0000   15.0000  -30.000013127.0986   17.4578
    7.5000   15.0000  -30.000012900.0537   17.4270
   -7.5000   22.5000  -30.000012076.3730   17.5103
    0.0000   22.5000  -30.000012895.2754   17.4761
    7.5000   22.5000  -30.000012649.0215   17.4423
   -7.5000   30.0000  -30.000011806.6338   17.2727
    0.0000   30.0000  -30.000012600.9023   17.2377
    7.5000   30.0000  -30.000012281.8271   17.2026
   -7.5000   37.5000  -30.000011952.0791   17.2271
    0.0000   37.5000  -30.000012749.7764   17.1936
    7.5000   37.5000  -30.000012439.1338   17.1605
   -7.5000   45.0000  -30.000011616.3037   16.7758
    0.0000   45.0000  -30.000012394.8936   16.7448
    7.5000   45.0000  -30.000012136.4150   16.7159
   -7.5000  -45.0000  -22.5000 5794.6157   20.3501
    0.0000  -45.0000  -22.5000 6245.7886   20.3074
    7.5000  -45.0000  -22.5000 6142.0825   20.2799
   -7.5000  -37.5000  -22.5000 6594.7988   19.4520
    0.0000  -37.5000  -22.5000 7070.7148   19.4135
    7.5000  -37.5000  -22.5000 6947.9517   19.3872
   -7.5000  -30.0000  -22.5000 7693.0767   18.8361
    0.0000  -30.0000  -22.5000 8250.5371   18.8007
    7.5000  -30.0000  -22.5000 8134.8828   18.7750
   -7.5000  -22.5000  -22.5000 8893.8506   18.4403
    0.0000  -22.5000  -22.5000 9532.2119   18.4040
    7.5000  -22.5000  -22.5000 9413.8594   18.3771
   -7.5000  -15.0000  -22.500010128.1660   18.1953
    0.0000  -15.0000  -22.500010867.5400   18.1559
    7.5000  -15.0000  -22.500010709.6777   18.1267
   -7.5000   -7.5000  -22.500011360.8398   18.0903
    0.0000   -7.5000  -22.500012182.0322   18.0478
    7.5000   -7.5000  -22.500012003.3164   18.0199
   -7.5000    0.0000  -22.500012498.1270   18.0503
    0.0000    0.0000  -22.500013417.8008   18.0074
    7.5000    0.0000  -22.500013227.0342   17.9821
   -7.5000    7.5000  -22.500012731.8389   18.0655
    0.0000    7.5000  -22.500013635.4092   18.0275
    7.5000    7.5000  -22.500013413.2402   18.0043
   -7.5000   15.0000  -22.500012723.4404   18.1010
    0.0000   15.0000  -22.500013605.1924   18.0677
    7.5000   15.0000  -22.500013369.5469   18.0441
   -7.5000   22.5000  -22.500012560.0527   18.1175
    0.0000   22.5000  -22.500013385.0420   18.0830
    7.5000   22.5000  -22.500013100.1250   18.0556
   -7.5000   30.0000  -22.500012294.8506   17.8755
    0.0000   30.0000  -22.500013065.5986   17.8373
    7.5000   30.0000  -22.500012634.1094   17.8081
   -7.5000   37.5000  -22.500012408.7451   17.8350
    0.0000   37.5000  -22.500013191.0391   17.7932
    7.5000   37.5000  -22.500012772.2773   17.7656
   -7.5000   45.0000  -22.500012059.9844   17.3833
    0.0000   45.0000  -22.500012830.0684   17.3420
    7.5000   45.0000  -22.500012447.2920   17.3176
   -7.5000  -45.0000  -15.0000 5954.9316   20.8170
    0.0000  -45.0000  -15.0000 6398.7168   20.7560
    7.5000  -45.0000  -15.0000 6291.0806   20.7307
   -7.5000  -37.5000  -15.0000 6786.4883   19.9117
    0.0000  -37.5000  -15.0000 7283.2998   19.8579
    7.5000  -37.5000  -15.0000 7149.8657   19.8296
   -7.5000  -30.0000  -15.0000 7937.0591   19.2798
    0.0000  -30.0000  -15.0000 8514.1436   19.2342
    7.5000  -30.0000  -15.0000 8395.9775   19.2084
   -7.5000  -22.5000  -15.0000 9182.3066   18.8661
    0.0000  -22.5000  -15.0000 9846.1748   18.8222
    7.5000  -22.5000  -15.0000 9734.8535   18.7999
   -7.5000  -15.0000  -15.000010458.9492   18.6131
    0.0000  -15.0000  -15.000011219.6797   18.5650
    7.5000  -15.0000  -15.000011073.5869   18.5435
   -7.5000   -7.5000  -15.000011743.0586   18.5129
    0.0000   -7.5000  -15.000012565.1426   18.4572
    7.5000   -7.5000  -15.000012387.8076   18.4346
   -7.5000    0.0000  -15.000012926.0312   18.4795
    0.0000    0.0000  -15.000013833.4551   18.4208
    7.5000    0.0000  -15.000013639.8652   18.3959
   -7.5000    7.5000  -15.000013148.7500   18.4966
    0.0000    7.5000  -15.000014020.7656   18.4454
    7.5000    7.5000  -15.000013817.8096   18.4203
   -7.5000   15.0000  -15.000013165.6328   18.5286
    0.0000   15.0000  -15.000013985.8633   18.4860
    7.5000   15.0000  -15.000013760.4541   18.4623
   -7.5000   22.5000  -15.000013034.1699   18.5359
    0.0000   22.5000  -15.000013807.3564   18.4941
    7.5000   22.5000  -15.000013457.3271   18.4711
   -7.5000   30.0000  -15.000012773.8350   18.2887
    0.0000   30.0000  -15.000013477.8760   18.2419
    7.5000   30.0000  -15.000012974.9854   18.2202
   -7.5000   37.5000  -15.000012905.8955   18.2542
    0.0000   37.5000  -15.000013611.4570   18.1994
    7.5000   37.5000  -15.000013084.2148   18.1770
   -7.5000   45.0000  -15.000012539.2949   17.8074
    0.0000   45.0000  -15.000013286.8135   17.7508
    7.5000   45.0000  -15.000012740.2764   17.7269
   -7.5000  -45.0000   -7.5000 6063.0610   21.0195
    0.0000  -45.0000   -7.5000 6515.4131   20.9528
    7.5000  -45.0000   -7.5000 6395.4097   20.9198
   -7.5000  -37.5000   -7.5000 6904.2803   20.1064
    0.0000  -37.5000   -7.5000 7424.6255   20.0459
    7.5000  -37.5000   -7.5000 7294.0200   20.0078
   -7.5000  -30.0000   -7.5000 8102.1343   19.4703
    0.0000  -30.0000   -7.5000 8694.9521   19.4161
    7.5000  -30.0000   -7.5000 8585.3125   19.3815
   -7.5000  -22.5000   -7.5000 9404.1602   19.0496
    0.0000  -22.5000   -7.500010088.0762   18.9982
    7.5000  -22.5000   -7.5000 9974.3652   18.9727
   -7.5000  -15.0000   -7.500010747.0254   18.7917
    0.0000  -15.0000   -7.500011500.2559   18.7382
    7.5000  -15.0000   -7.500011371.4854   18.7169
   -7.5000   -7.5000   -7.500012079.2764   18.6906
    0.0000   -7.5000   -7.500012880.3262   18.6302
    7.5000   -7.5000   -7.500012722.8916   18.6059
   -7.5000    0.0000   -7.500013312.6230   18.6578
    0.0000    0.0000   -7.500014154.0049   18.5941
    7.5000    0.0000   -7.500013989.7715   18.5636
   -7.5000    7.5000   -7.500013524.0283   18.6791
    0.0000    7.5000   -7.500014368.7939   18.6213
    7.5000    7.5000   -7.500014158.2764   18.5879
   -7.5000   15.0000   -7.500013528.8623   18.7125
    0.0000   15.0000   -7.500014339.8359   18.6621
    7.5000   15.0000   -7.500014064.5312   18.6306
   -7.5000   22.5000   -7.500013412.3525   18.7143
    0.0000   22.5000   -7.500014192.7490   18.6652
    7.5000   22.5000   -7.500013801.3408   18.6391
   -7.5000   30.0000   -7.500013166.0645   18.4640
    0.0000   30.0000   -7.500013969.1318   18.4118
    7.5000   30.0000   -7.500013471.6504   18.3902
   -7.5000   37.5000   -7.500013314.4961   18.4290
    0.0000   37.5000   -7.500014180.2412   18.3696
    7.5000   37.5000   -7.500013624.2910   18.3454
   -7.5000   45.0000   -7.500012926.9912   17.9827
    0.0000   45.0000   -7.500013810.9795   17.9213
    7.5000   45.0000   -7.500013248.1846   17.8919
   -7.5000  -45.0000    0.0000 6092.2930   21.0408
    0.0000  -45.0000    0.0000 6551.8735   20.9846
    7.5000  -45.0000    0.0000 6439.4092   20.9409
   -7.5000  -37.5000    0.0000 6933.7549   20.1164
    0.0000  -37.5000    0.0000 7467.4282   20.0636
    7.5000  -37.5000    0.0000 7353.3809   20.0152
   -7.5000  -30.0000    0.0000 8151.2876   19.4835
    0.0000  -30.0000    0.0000 8765.7246   19.4305
    7.5000  -30.0000    0.0000 8640.9785   19.3854
   -7.5000  -22.5000    0.0000 9488.2451   19.0652
    0.0000  -22.5000    0.000010182.3643   19.0141
    7.5000  -22.5000    0.000010033.2959   18.9805
   -7.5000  -15.0000    0.000010852.1865   18.8047
    0.0000  -15.0000    0.000011631.5869   18.7542
    7.5000  -15.0000    0.000011452.5469   18.7257
   -7.5000   -7.5000    0.000012211.7393   18.6965
    0.0000   -7.5000    0.000013045.5225   18.6436
    7.5000   -7.5000    0.000012848.3633   18.6126
   -7.5000    0.0000    0.000013475.8584   18.6597
    0.0000    0.0000    0.000014354.9551   18.6050
    7.5000    0.0000    0.000014138.2441   18.5677
   -7.5000    7.5000    0.000013714.0684   18.6847
    0.0000    7.5000    0.000014598.2031   18.6325
    7.5000    7.5000    0.000014357.8203   18.5906
   -7.5000   15.0000    0.000013736.1562   18.7235
    0.0000   15.0000    0.000014620.1514   18.6743
    7.5000   15.0000    0.000014327.2793   18.6334
   -7.5000   22.5000    0.000013631.3350   18.7283
    0.0000   22.5000    0.000014494.2900   18.6794
    7.5000   22.5000    0.000014156.8994   18.6454
   -7.5000   30.0000    0.000013362.5928   18.4770
    0.0000   30.0000    0.000014205.7852   18.4279
    7.5000   30.0000    0.000013878.8955   18.3992
   -7.5000   37.5000    0.000013544.4580   18.4353
    0.0000   37.5000    0.000014407.6465   18.3833
    7.5000   37.5000    0.000014097.0000   18.3524
   -7.5000   45.0000    0.000013194.0254   17.9858
    0.0000   45.0000    0.000014027.7471   17.9330
    7.5000   45.0000    0.000013731.8916   17.8971
   -7.5000  -45.0000    7.5000 5678.3032   21.1088
    0.0000  -45.0000    7.5000 6123.0000   21.0690
    7.5000  -45.0000    7.5000 6027.5229   21.0230
   -7.5000  -37.5000    7.5000 6447.1763   20.1696
    0.0000  -37.5000    7.5000 6955.0293   20.1307
    7.5000  -37.5000    7.5000 6853.9463   20.0836
   -7.5000  -30.0000    7.5000 7560.8574   19.5378
    0.0000  -30.0000    7.5000 8152.7456   19.4937
    7.5000  -30.0000    7.5000 8008.7065   19.4479
   -7.5000  -22.5000    7.5000 8800.1289   19.1279
    0.0000  -22.5000    7.5000 9484.4355   19.0827
    7.5000  -22.5000    7.5000 9312.4707   19.0440
   -7.5000  -15.0000    7.500010092.9053   18.8701
    0.0000  -15.0000    7.500010855.6592   18.8261
    7.5000  -15.0000    7.500010664.4922   18.7901
   -7.5000   -7.5000    7.500011355.6846   18.7560
    0.0000   -7.5000    7.500012196.4746   18.7141
    7.5000   -7.5000    7.500012011.0859   18.6780
   -7.5000    0.0000    7.500012548.8018   18.7122
    0.0000    0.0000    7.500013444.3594   18.6714
    7.5000    0.0000    7.500013280.3691   18.6335
   -7.5000    7.5000    7.500012792.4150   18.7357
    0.0000    7.5000    7.500013678.3135   18.6954
    7.5000    7.5000    7.500013545.3662   18.6545
   -7.5000   15.0000    7.500012848.6348   18.7788
    0.0000   15.0000    7.500013718.7754   18.7374
    7.5000   15.0000    7.500013573.5430   18.6958
   -7.5000   22.5000    7.500012753.8594   18.7917
    0.0000   22.5000    7.500013595.5381   18.7483
    7.5000   22.5000    7.500013399.9854   18.7095
   -7.5000   30.0000    7.500012496.1875   18.5422
    0.0000   30.0000    7.500013313.5645   18.4995
    7.5000   30.0000    7.500013078.7959   18.4635
   -7.5000   37.5000    7.500012679.1953   18.4938
    0.0000   37.5000    7.500013470.6777   18.4526
    7.5000   37.5000    7.500013228.7539   18.4169
   -7.5000   45.0000    7.500012362.6270   18.0364
    0.0000   45.0000    7.500013132.8018   17.9970
    7.5000   45.0000    7.500012865.9951   17.9606
   -7.5000  -45.0000   15.0000 5222.5845   21.2907
    0.0000  -45.0000   15.0000 5628.1602   21.2575
    7.5000  -45.0000   15.0000 5558.5835   21.2196
   -7.5000  -37.5000   15.0000 5912.5972   20.3369
    0.0000  -37.5000   15.0000 6381.2188   20.3047
    7.5000  -37.5000   15.0000 6291.1367   20.2690
   -7.5000  -30.0000   15.0000 6924.3242   19.6969
    0.0000  -30.0000   15.0000 7479.2271   19.6602
    7.5000  -30.0000   15.0000 7362.3350   19.6241
   -7.5000  -22.5000   15.0000 8079.0884   19.2901
    0.0000  -22.5000   15.0000 8715.3125   19.2501
    7.5000  -22.5000   15.0000 8581.2480   19.2141
   -7.5000  -15.0000   15.0000 9277.8320   19.0360
    0.0000  -15.0000   15.0000 9990.8477   18.9956
    7.5000  -15.0000   15.0000 9852.9463   18.9579
   -7.5000   -7.5000   15.000010435.6494   18.9217
    0.0000   -7.5000   15.000011219.3428   18.8839
    7.5000   -7.5000   15.000011103.8008   18.8486
   -7.5000    0.0000   15.000011555.2275   18.8728
    0.0000    0.0000   15.000012408.1719   18.8377
    7.5000    0.0000   15.000012281.5459   18.8061
   -7.5000    7.5000   15.000011792.7207   18.8912
    0.0000    7.5000   15.000012647.7939   18.8574
    7.5000    7.5000   15.000012528.4180   18.8264
   -7.5000   15.0000   15.000011838.0195   18.9345
    0.0000   15.0000   15.000012667.1318   18.8998
    7.5000   15.0000   15.000012538.9336   18.8670
   -7.5000   22.5000   15.000011741.2354   18.9544
    0.0000   22.5000   15.000012534.6426   18.9161
    7.5000   22.5000   15.000012368.9961   18.8800
   -7.5000   30.0000   15.000011519.9248   18.7073
    0.0000   30.0000   15.000012292.7080   18.6682
    7.5000   30.0000   15.000012096.0664   18.6307
   -7.5000   37.5000   15.000011676.9268   18.6570
    0.0000   37.5000   15.000012440.0762   18.6199
    7.5000   37.5000   15.000012212.0742   18.5850
   -7.5000   45.0000   15.000011412.0947   18.1912
    0.0000   45.0000   15.000012132.4707   18.1573
    7.5000   45.0000   15.000011871.7207   18.1269
   -7.5000  -45.0000   22.5000 4738.2275   21.6212
    0.0000  -45.0000   22.5000 5105.4912   21.5742
    7.5000  -45.0000   22.5000 5039.3530   21.5467
   -7.5000  -37.5000   22.5000 5377.9390   20.6563
    0.0000  -37.5000   22.5000 5798.8872   20.6137
    7.5000  -37.5000   22.5000 5716.7739   20.5867
   -7.5000  -30.0000   22.5000 6317.3799   19.9986
    0.0000  -30.0000   22.5000 6801.5264   19.9590
    7.5000  -30.0000   22.5000 6716.2139   19.9325
   -7.5000  -22.5000   22.5000 7367.2310   19.5806
    0.0000  -22.5000   22.5000 7926.4185   19.5398
    7.5000  -22.5000   22.5000 7828.8706   19.5121
   -7.5000  -15.0000   22.5000 8457.2969   19.3239
    0.0000  -15.0000   22.5000 9107.4141   19.2799
    7.5000  -15.0000   22.5000 8979.5127   19.2501
   -7.5000   -7.5000   22.5000 9512.1826   19.2159
    0.0000   -7.5000   22.500010245.7109   19.1690
    7.5000   -7.5000   22.500010119.2217   19.1410
   -7.5000    0.0000   22.500010523.6748   19.1703
    0.0000    0.0000   22.500011331.2080   19.1232
    7.5000    0.0000   22.500011216.4082   19.0978
   -7.5000    7.5000   22.500010733.4668   19.1865
    0.0000    7.5000   22.500011528.5400   19.1445
    7.5000    7.5000   22.500011424.4551   19.1210
   -7.5000   15.0000   22.500010778.0986   19.2266
    0.0000   15.0000   22.500011538.1738   19.1893
    7.5000   15.0000   22.500011434.5879   19.1651
   -7.5000   22.5000   22.500010714.6387   19.2438
    0.0000   22.5000   22.500011419.4971   19.2049
    7.5000   22.5000   22.500011294.6533   19.1768
   -7.5000   30.0000   22.500010536.7988   18.9927
    0.0000   30.0000   22.500011206.1562   18.9501
    7.5000   30.0000   22.500011058.8623   18.9203
   -7.5000   37.5000   22.500010679.3750   18.9470
    0.0000   37.5000   22.500011342.5908   18.9008
    7.5000   37.5000   22.500011170.4619   18.8731
   -7.5000   45.0000   22.500010434.8818   18.4779
    0.0000   45.0000   22.500011074.9893   18.4325
    7.5000   45.0000   22.500010872.0781   18.4081
   -7.5000  -45.0000   30.0000 4273.3555   22.2207
    0.0000  -45.0000   30.0000 4576.0396   22.1459
    7.5000  -45.0000   30.0000 4531.6743   22.1130
   -7.5000  -37.5000   30.0000 4867.7876   21.2218
    0.0000  -37.5000   30.0000 5209.7354   21.1568
    7.5000  -37.5000   30.0000 5144.2646   21.1213
   -7.5000  -30.0000   30.0000 5717.6089   20.5338
    0.0000  -30.0000   30.0000 6137.0972   20.4792
    7.5000  -30.0000   30.0000 6046.5571   20.4473
   -7.5000  -22.5000   30.0000 6649.5098   20.0925
    0.0000  -22.5000   30.0000 7154.6509   20.0396
    7.5000  -22.5000   30.0000 7041.6055   20.0122
   -7.5000  -15.0000   30.0000 7657.6616   19.8252
    0.0000  -15.0000   30.0000 8237.0879   19.7668
    7.5000  -15.0000   30.0000 8085.3550   19.7404
   -7.5000   -7.5000   30.0000 8611.4531   19.7216
    0.0000   -7.5000   30.0000 9295.0576   19.6541
    7.5000   -7.5000   30.0000 9137.2539   19.6262
   -7.5000    0.0000   30.0000 9537.9736   19.6798
    0.0000    0.0000   30.000010266.2686   19.6092
    7.5000    0.0000   30.000010136.9229   19.5784
   -7.5000    7.5000   30.0000 9725.8828   19.6984
    0.0000    7.5000   30.000010449.3018   19.6370
    7.5000    7.5000   30.000010318.8447   19.6062
   -7.5000   15.0000   30.0000 9779.0234   19.7378
    0.0000   15.0000   30.000010461.2617   19.6867
    7.5000   15.0000   30.000010343.6641   19.6578
   -7.5000   22.5000   30.0000 9695.9014   19.7486
    0.0000   22.5000   30.000010351.7920   19.6980
    7.5000   22.5000   30.000010235.9043   19.6702
   -7.5000   30.0000   30.0000 9536.2207   19.4878
    0.0000   30.0000   30.000010162.4014   19.4309
    7.5000   30.0000   30.000010039.3652   19.4043
   -7.5000   37.5000   30.0000 9685.7119   19.4453
    0.0000   37.5000   30.000010305.9365   19.3789
    7.5000   37.5000   30.000010154.3262   19.3512
   -7.5000   45.0000   30.0000 9468.9160   18.9690
    0.0000   45.0000   30.000010062.0859   18.9010
    7.5000   45.0000   30.0000 9892.9365   18.8713
   -7.5000  -45.0000   37.5000 3994.8291   23.1731
    0.0000  -45.0000   37.5000 4259.5303   23.0863
    7.5000  -45.0000   37.5000 4231.2788   23.0265
   -7.5000  -37.5000   37.5000 4562.2090   22.1231
    0.0000  -37.5000   37.5000 4862.1084   22.0473
    7.5000  -37.5000   37.5000 4800.0366   21.9853
   -7.5000  -30.0000   37.5000 5357.8892   21.3878
    0.0000  -30.0000   37.5000 5730.7759   21.3220
    7.5000  -30.0000   37.5000 5634.2725   21.2671
   -7.5000  -22.5000   37.5000 6254.3418   20.9110
    0.0000  -22.5000   37.5000 6707.1836   20.8481
    7.5000  -22.5000   37.5000 6581.4209   20.8044
   -7.5000  -15.0000   37.5000 7199.5469   20.6231
    0.0000  -15.0000   37.5000 7727.1206   20.5557
    7.5000  -15.0000   37.5000 7564.7056   20.5161
   -7.5000   -7.5000   37.5000 8116.6865   20.5165
    0.0000   -7.5000   37.5000 8726.3760   20.4392
    7.5000   -7.5000   37.5000 8557.8867   20.3953
   -7.5000    0.0000   37.5000 8978.7500   20.4755
    0.0000    0.0000   37.5000 9658.8496   20.3944
    7.5000    0.0000   37.5000 9503.5449   20.3432
   -7.5000    7.5000   37.5000 9153.1201   20.5008
    0.0000    7.5000   37.5000 9814.4590   20.4288
    7.5000    7.5000   37.5000 9679.3682   20.3757
   -7.5000   15.0000   37.5000 9218.3262   20.5432
    0.0000   15.0000   37.5000 9850.9375   20.4820
    7.5000   15.0000   37.5000 9721.8184   20.4323
   -7.5000   22.5000   37.5000 9153.3018   20.5491
    0.0000   22.5000   37.5000 9763.5205   20.4889
    7.5000   22.5000   37.5000 9618.4453   20.4452
   -7.5000   30.0000   37.5000 8995.5205   20.2733
    0.0000   30.0000   37.5000 9601.0654   20.2075
    7.5000   30.0000   37.5000 9453.9180   20.1680
   -7.5000   37.5000   37.5000 9136.9053   20.2288
    0.0000   37.5000   37.5000 9742.3770   20.1527
    7.5000   37.5000   37.5000 9575.5986   20.1092
   -7.5000   45.0000   37.5000 8921.6602   19.7360
    0.0000   45.0000   37.5000 9505.8633   19.6578
    7.5000   45.0000   37.5000 9337.7656   19.6085
   -7.5000  -45.0000   45.0000 3559.0842   24.2804
    0.0000  -45.0000   45.0000 3793.0125   24.1848
    7.5000  -45.0000   45.0000 3773.7793   24.1263
   -7.5000  -37.5000   45.0000 4088.3118   23.1635
    0.0000  -37.5000   45.0000 4340.2803   23.0792
    7.5000  -37.5000   45.0000 4300.4375   23.0176
   -7.5000  -30.0000   45.0000 4816.0854   22.3978
    0.0000  -30.0000   45.0000 5118.5249   22.3174
    7.5000  -30.0000   45.0000 5052.2373   22.2613
   -7.5000  -22.5000   45.0000 5626.9927   21.8833
    0.0000  -22.5000   45.0000 5988.5444   21.8050
    7.5000  -22.5000   45.0000 5886.7866   21.7632
   -7.5000  -15.0000   45.0000 6451.0459   21.5615
    0.0000  -15.0000   45.0000 6898.0884   21.4812
    7.5000  -15.0000   45.0000 6758.4893   21.4447
   -7.5000   -7.5000   45.0000 7270.6987   21.4399
    0.0000   -7.5000   45.0000 7800.2080   21.3539
    7.5000   -7.5000   45.0000 7645.3931   21.3135
   -7.5000    0.0000   45.0000 8053.9976   21.3968
    0.0000    0.0000   45.0000 8648.4189   21.3086
    7.5000    0.0000   45.0000 8492.2393   21.2606
   -7.5000    7.5000   45.0000 8226.1758   21.4358
    0.0000    7.5000   45.0000 8806.7578   21.3543
    7.5000    7.5000   45.0000 8655.3389   21.3019
   -7.5000   15.0000   45.0000 8294.0146   21.4913
    0.0000   15.0000   45.0000 8866.4541   21.4167
    7.5000   15.0000   45.0000 8707.0146   21.3666
   -7.5000   22.5000   45.0000 8244.9580   21.4946
    0.0000   22.5000   45.0000 8812.1221   21.4196
    7.5000   22.5000   45.0000 8643.2959   21.3775
   -7.5000   30.0000   45.0000 8117.9951   21.1938
    0.0000   30.0000   45.0000 8673.8369   21.1153
    7.5000   30.0000   45.0000 8501.7363   21.0789
   -7.5000   37.5000   45.0000 8226.2090   21.1375
    0.0000   37.5000   45.0000 8782.6641   21.0527
    7.5000   37.5000   45.0000 8613.5869   21.0127
   -7.5000   45.0000   45.0000 8026.3555   20.6334
    0.0000   45.0000   45.0000 8555.4326   20.5484
    7.5000   45.0000   45.0000 8410.8740   20.5020

---------------------------------------------------------------------
imgreg_4dfp /opt/freesurfer/average/711-2C_as_mni_average_305 /opt/freesurfer/average/711-2B_as_mni_average_305_mask talsrcimg_g11 none talsrcimg_to_711-2C_as_mni_average_305_t4 4355
---------------------------------------------------------------------

freesurfer imgreg_4dfp.c
/opt/freesurfer/average/711-2C_as_mni_average_305.4dfp.img
       256       256       256         1
  1.000000  1.000000  1.000000
orientation T byte_order littleendian
Reading image: /opt/freesurfer/average/711-2C_as_mni_average_305.4dfp.img
dimensions:      256       256       256
mmppix:       1.0000   -1.0000   -1.0000
center:     128.0000 -129.0000 -129.0000
/opt/freesurfer/average/711-2B_as_mni_average_305_mask.4dfp.img
       256       256       256         1
  1.000000  1.000000  1.000000
orientation T byte_order littleendian
Reading mask: /opt/freesurfer/average/711-2B_as_mni_average_305_mask.4dfp.img (2306576 pixels)
talsrcimg_g11.4dfp.img
       256       256       256         1
  1.000000  1.000000  1.000000
orientation T byte_order littleendian
Reading image: talsrcimg_g11.4dfp.img
dimensions:      256       256       256
mmppix:       1.0000   -1.0000   -1.0000
center:     128.0000 -129.0000 -129.0000
rotation matrix determinant  1.000000
image alignment mode   4355 decimal     1103 hex
   -7.5000  -30.0000  -45.0000 1742.9865   23.3049
    0.0000  -30.0000  -45.0000 1767.1127   22.5367
    7.5000  -30.0000  -45.0000 1788.8862   22.2083
   -7.5000  -22.5000  -45.0000 1874.5865   20.2008
    0.0000  -22.5000  -45.0000 1906.9282   19.4523
    7.5000  -22.5000  -45.0000 1928.8164   19.1232
   -7.5000  -15.0000  -45.0000 2003.0376   17.7591
    0.0000  -15.0000  -45.0000 2046.9050   17.1069
    7.5000  -15.0000  -45.0000 2076.9080   16.8116
   -7.5000   -7.5000  -45.0000 2123.9995   15.8115
    0.0000   -7.5000  -45.0000 2178.6201   15.2376
    7.5000   -7.5000  -45.0000 2214.2190   14.9677
   -7.5000    0.0000  -45.0000 2226.5898   14.2920
    0.0000    0.0000  -45.0000 2284.7842   13.7628
    7.5000    0.0000  -45.0000 2324.4280   13.4903
   -7.5000    7.5000  -45.0000 2313.9524   13.1992
    0.0000    7.5000  -45.0000 2379.7542   12.6730
    7.5000    7.5000  -45.0000 2417.9011   12.4232
   -7.5000   15.0000  -45.0000 2377.8523   12.4137
    0.0000   15.0000  -45.0000 2444.6787   11.8850
    7.5000   15.0000  -45.0000 2484.4036   11.6384
   -7.5000   22.5000  -45.0000 2426.9822   11.9272
    0.0000   22.5000  -45.0000 2495.6870   11.3762
    7.5000   22.5000  -45.0000 2536.9900   11.1240
   -7.5000   30.0000  -45.0000 2450.8486   11.7145
    0.0000   30.0000  -45.0000 2523.3872   11.1499
    7.5000   30.0000  -45.0000 2572.8501   10.8841
   -7.5000   37.5000  -45.0000 2447.5945   11.7716
    0.0000   37.5000  -45.0000 2526.1777   11.2170
    7.5000   37.5000  -45.0000 2583.5168   10.9678
   -7.5000   45.0000  -45.0000 2420.4756   12.0397
    0.0000   45.0000  -45.0000 2504.0664   11.4814
    7.5000   45.0000  -45.0000 2562.4873   11.2508
   -7.5000   52.5000  -45.0000 2344.4236   12.5123
    0.0000   52.5000  -45.0000 2428.1326   11.9560
    7.5000   52.5000  -45.0000 2487.9731   11.6874
   -7.5000   60.0000  -45.0000 2218.4211   13.0599
    0.0000   60.0000  -45.0000 2299.1221   12.4654
    7.5000   60.0000  -45.0000 2352.6328   12.1725
   -7.5000  -30.0000  -37.5000 1766.9369   22.6166
    0.0000  -30.0000  -37.5000 1796.6257   21.6881
    7.5000  -30.0000  -37.5000 1818.6024   21.3237
   -7.5000  -22.5000  -37.5000 1899.4513   19.5408
    0.0000  -22.5000  -37.5000 1941.0405   18.7241
    7.5000  -22.5000  -37.5000 1967.3717   18.3892
   -7.5000  -15.0000  -37.5000 2031.9371   17.1366
    0.0000  -15.0000  -37.5000 2085.0413   16.4644
    7.5000  -15.0000  -37.5000 2120.7297   16.1345
   -7.5000   -7.5000  -37.5000 2155.2002   15.2205
    0.0000   -7.5000  -37.5000 2216.6738   14.6091
    7.5000   -7.5000  -37.5000 2256.7705   14.3068
   -7.5000    0.0000  -37.5000 2263.5876   13.7447
    0.0000    0.0000  -37.5000 2332.4404   13.1823
    7.5000    0.0000  -37.5000 2371.9492   12.8726
   -7.5000    7.5000  -37.5000 2364.0552   12.6568
    0.0000    7.5000  -37.5000 2434.8528   12.0972
    7.5000    7.5000  -37.5000 2476.5464   11.8161
   -7.5000   15.0000  -37.5000 2439.2769   11.8859
    0.0000   15.0000  -37.5000 2512.6733   11.3247
    7.5000   15.0000  -37.5000 2554.6484   11.0458
   -7.5000   22.5000  -37.5000 2495.0415   11.3876
    0.0000   22.5000  -37.5000 2572.2659   10.8099
    7.5000   22.5000  -37.5000 2621.5520   10.5281
   -7.5000   30.0000  -37.5000 2521.0659   11.1555
    0.0000   30.0000  -37.5000 2603.5579   10.5777
    7.5000   30.0000  -37.5000 2659.7981   10.2887
   -7.5000   37.5000  -37.5000 2522.4353   11.2056
    0.0000   37.5000  -37.5000 2611.2563   10.6387
    7.5000   37.5000  -37.5000 2673.4294   10.3825
   -7.5000   45.0000  -37.5000 2493.4221   11.4930
    0.0000   45.0000  -37.5000 2584.5967   10.9266
    7.5000   45.0000  -37.5000 2653.4573   10.6884
   -7.5000   52.5000  -37.5000 2413.4141   11.9427
    0.0000   52.5000  -37.5000 2505.7983   11.3607
    7.5000   52.5000  -37.5000 2567.6282   11.1192
   -7.5000   60.0000  -37.5000 2281.4453   12.4692
    0.0000   60.0000  -37.5000 2366.4482   11.8627
    7.5000   60.0000  -37.5000 2421.5928   11.5851
   -7.5000  -30.0000  -30.0000 1821.9130   22.8801
    0.0000  -30.0000  -30.0000 1861.3733   21.7927
    7.5000  -30.0000  -30.0000 1887.1621   21.3796
   -7.5000  -22.5000  -30.0000 1960.9351   19.6608
    0.0000  -22.5000  -30.0000 2011.9695   18.8036
    7.5000  -22.5000  -30.0000 2043.0221   18.4480
   -7.5000  -15.0000  -30.0000 2092.6440   17.1647
    0.0000  -15.0000  -30.0000 2153.0103   16.4288
    7.5000  -15.0000  -30.0000 2190.2009   16.1035
   -7.5000   -7.5000  -30.0000 2217.5095   15.2394
    0.0000   -7.5000  -30.0000 2285.5710   14.5744
    7.5000   -7.5000  -30.0000 2327.5154   14.2110
   -7.5000    0.0000  -30.0000 2332.1685   13.7687
    0.0000    0.0000  -30.0000 2407.8213   13.1240
    7.5000    0.0000  -30.0000 2450.3640   12.7516
   -7.5000    7.5000  -30.0000 2446.7002   12.6599
    0.0000    7.5000  -30.0000 2525.4199   12.0350
    7.5000    7.5000  -30.0000 2567.8418   11.6860
   -7.5000   15.0000  -30.0000 2534.9858   11.8365
    0.0000   15.0000  -30.0000 2614.8208   11.2320
    7.5000   15.0000  -30.0000 2664.5078   10.8840
   -7.5000   22.5000  -30.0000 2599.2380   11.3237
    0.0000   22.5000  -30.0000 2687.4919   10.7216
    7.5000   22.5000  -30.0000 2747.7185   10.3965
   -7.5000   30.0000  -30.0000 2632.7693   11.1006
    0.0000   30.0000  -30.0000 2732.0266   10.4771
    7.5000   30.0000  -30.0000 2803.7830   10.1346
   -7.5000   37.5000  -30.0000 2641.6951   11.1061
    0.0000   37.5000  -30.0000 2746.5125   10.5023
    7.5000   37.5000  -30.0000 2821.4551   10.2251
   -7.5000   45.0000  -30.0000 2606.7478   11.4200
    0.0000   45.0000  -30.0000 2712.2883   10.8295
    7.5000   45.0000  -30.0000 2788.6152   10.5595
   -7.5000   52.5000  -30.0000 2518.9277   11.8465
    0.0000   52.5000  -30.0000 2624.5869   11.2472
    7.5000   52.5000  -30.0000 2688.1628   10.9816
   -7.5000   60.0000  -30.0000 2381.1111   12.3614
    0.0000   60.0000  -30.0000 2474.7959   11.7456
    7.5000   60.0000  -30.0000 2529.2141   11.4665
   -7.5000  -30.0000  -22.5000 1853.1519   23.0008
    0.0000  -30.0000  -22.5000 1900.7100   21.9093
    7.5000  -30.0000  -22.5000 1930.1884   21.4511
   -7.5000  -22.5000  -22.5000 1994.9666   19.7829
    0.0000  -22.5000  -22.5000 2045.8285   18.8820
    7.5000  -22.5000  -22.5000 2084.9153   18.4552
   -7.5000  -15.0000  -22.5000 2125.8621   17.2539
    0.0000  -15.0000  -22.5000 2185.0151   16.4136
    7.5000  -15.0000  -22.5000 2224.8291   16.0013
   -7.5000   -7.5000  -22.5000 2254.0542   15.2961
    0.0000   -7.5000  -22.5000 2319.9724   14.4922
    7.5000   -7.5000  -22.5000 2360.8103   14.1029
   -7.5000    0.0000  -22.5000 2368.1836   13.7772
    0.0000    0.0000  -22.5000 2442.9468   13.0432
    7.5000    0.0000  -22.5000 2491.4802   12.6596
   -7.5000    7.5000  -22.5000 2488.6001   12.6552
    0.0000    7.5000  -22.5000 2567.9980   11.9428
    7.5000    7.5000  -22.5000 2620.8235   11.5761
   -7.5000   15.0000  -22.5000 2583.3774   11.8287
    0.0000   15.0000  -22.5000 2671.2031   11.1514
    7.5000   15.0000  -22.5000 2733.5935   10.7647
   -7.5000   22.5000  -22.5000 2658.4473   11.2863
    0.0000   22.5000  -22.5000 2758.1321   10.6385
    7.5000   22.5000  -22.5000 2835.7043   10.2723
   -7.5000   30.0000  -22.5000 2705.9121   11.0177
    0.0000   30.0000  -22.5000 2818.4768   10.3510
    7.5000   30.0000  -22.5000 2907.1008    9.9654
   -7.5000   37.5000  -22.5000 2712.1982   11.0210
    0.0000   37.5000  -22.5000 2837.2043   10.3791
    7.5000   37.5000  -22.5000 2927.4917   10.0193
   -7.5000   45.0000  -22.5000 2673.6016   11.3283
    0.0000   45.0000  -22.5000 2790.8557   10.7113
    7.5000   45.0000  -22.5000 2872.4146   10.4041
   -7.5000   52.5000  -22.5000 2584.6060   11.7551
    0.0000   52.5000  -22.5000 2692.9080   11.1249
    7.5000   52.5000  -22.5000 2756.0247   10.8499
   -7.5000   60.0000  -22.5000 2439.8809   12.2548
    0.0000   60.0000  -22.5000 2536.5371   11.6204
    7.5000   60.0000  -22.5000 2589.1917   11.3337
   -7.5000  -30.0000  -15.0000 1855.8281   23.3839
    0.0000  -30.0000  -15.0000 1904.6534   22.2344
    7.5000  -30.0000  -15.0000 1940.6433   21.6385
   -7.5000  -22.5000  -15.0000 1999.2776   20.0545
    0.0000  -22.5000  -15.0000 2047.6798   19.0503
    7.5000  -22.5000  -15.0000 2096.5901   18.5816
   -7.5000  -15.0000  -15.0000 2132.1338   17.4113
    0.0000  -15.0000  -15.0000 2185.2937   16.5006
    7.5000  -15.0000  -15.0000 2231.9485   16.0539
   -7.5000   -7.5000  -15.0000 2258.3259   15.4176
    0.0000   -7.5000  -15.0000 2318.9758   14.5318
    7.5000   -7.5000  -15.0000 2365.1145   14.1278
   -7.5000    0.0000  -15.0000 2370.3252   13.9014
    0.0000    0.0000  -15.0000 2444.0662   13.0879
    7.5000    0.0000  -15.0000 2498.1677   12.6688
   -7.5000    7.5000  -15.0000 2488.4546   12.7572
    0.0000    7.5000  -15.0000 2566.1741   11.9908
    7.5000    7.5000  -15.0000 2629.3040   11.5854
   -7.5000   15.0000  -15.0000 2589.9741   11.9125
    0.0000   15.0000  -15.0000 2676.7812   11.1884
    7.5000   15.0000  -15.0000 2749.9995   10.7770
   -7.5000   22.5000  -15.0000 2670.8499   11.3491
    0.0000   22.5000  -15.0000 2776.7229   10.6502
    7.5000   22.5000  -15.0000 2861.3367   10.2464
   -7.5000   30.0000  -15.0000 2729.9800   11.0252
    0.0000   30.0000  -15.0000 2848.6147   10.3475
    7.5000   30.0000  -15.0000 2942.9487    9.8770
   -7.5000   37.5000  -15.0000 2744.7842   10.9926
    0.0000   37.5000  -15.0000 2874.1116   10.3508
    7.5000   37.5000  -15.0000 2960.5940    9.8985
   -7.5000   45.0000  -15.0000 2699.5623   11.3112
    0.0000   45.0000  -15.0000 2826.3250   10.6734
    7.5000   45.0000  -15.0000 2897.2588   10.3123
   -7.5000   52.5000  -15.0000 2601.8645   11.7200
    0.0000   52.5000  -15.0000 2711.6707   11.0948
    7.5000   52.5000  -15.0000 2774.7771   10.7668
   -7.5000   60.0000  -15.0000 2452.8286   12.2005
    0.0000   60.0000  -15.0000 2548.1272   11.5818
    7.5000   60.0000  -15.0000 2602.5151   11.2384
   -7.5000  -30.0000   -7.5000 1836.3636   23.8930
    0.0000  -30.0000   -7.5000 1885.4066   22.6821
    7.5000  -30.0000   -7.5000 1921.4695   22.0632
   -7.5000  -22.5000   -7.5000 1978.4298   20.4732
    0.0000  -22.5000   -7.5000 2029.7023   19.3724
    7.5000  -22.5000   -7.5000 2075.9282   18.8994
   -7.5000  -15.0000   -7.5000 2114.4302   17.7723
    0.0000  -15.0000   -7.5000 2169.1987   16.7417
    7.5000  -15.0000   -7.5000 2217.0081   16.2869
   -7.5000   -7.5000   -7.5000 2241.1858   15.7014
    0.0000   -7.5000   -7.5000 2298.8909   14.7261
    7.5000   -7.5000   -7.5000 2349.0710   14.2997
   -7.5000    0.0000   -7.5000 2354.2231   14.1310
    0.0000    0.0000   -7.5000 2419.3311   13.2365
    7.5000    0.0000   -7.5000 2479.6682   12.8162
   -7.5000    7.5000   -7.5000 2464.0212   12.9567
    0.0000    7.5000   -7.5000 2542.8889   12.1370
    7.5000    7.5000   -7.5000 2608.0271   11.7153
   -7.5000   15.0000   -7.5000 2563.4219   12.0822
    0.0000   15.0000   -7.5000 2655.3157   11.3341
    7.5000   15.0000   -7.5000 2724.8689   10.8970
   -7.5000   22.5000   -7.5000 2650.3201   11.4936
    0.0000   22.5000   -7.5000 2755.5220   10.7846
    7.5000   22.5000   -7.5000 2830.0886   10.3342
   -7.5000   30.0000   -7.5000 2711.8311   11.1620
    0.0000   30.0000   -7.5000 2830.9734   10.5141
    7.5000   30.0000   -7.5000 2910.4995   10.0439
   -7.5000   37.5000   -7.5000 2727.8708   11.0922
    0.0000   37.5000   -7.5000 2856.8118   10.4918
    7.5000   37.5000   -7.5000 2936.0972   10.0844
   -7.5000   45.0000   -7.5000 2683.3022   11.3585
    0.0000   45.0000   -7.5000 2809.9668   10.7471
    7.5000   45.0000   -7.5000 2885.2051   10.3714
   -7.5000   52.5000   -7.5000 2583.6716   11.7399
    0.0000   52.5000   -7.5000 2693.8022   11.1244
    7.5000   52.5000   -7.5000 2758.4780   10.7698
   -7.5000   60.0000   -7.5000 2433.6172   12.2394
    0.0000   60.0000   -7.5000 2531.4961   11.6149
    7.5000   60.0000   -7.5000 2585.4963   11.2636
   -7.5000  -30.0000    0.0000 1797.6975   24.7626
    0.0000  -30.0000    0.0000 1843.1542   23.4165
    7.5000  -30.0000    0.0000 1876.0408   22.7809
   -7.5000  -22.5000    0.0000 1947.6567   21.1884
    0.0000  -22.5000    0.0000 1995.8226   19.9742
    7.5000  -22.5000    0.0000 2032.4062   19.4182
   -7.5000  -15.0000    0.0000 2087.2974   18.3514
    0.0000  -15.0000    0.0000 2140.4031   17.2314
    7.5000  -15.0000    0.0000 2181.7773   16.7138
   -7.5000   -7.5000    0.0000 2212.8889   16.2061
    0.0000   -7.5000    0.0000 2268.8806   15.1715
    7.5000   -7.5000    0.0000 2318.5239   14.6826
   -7.5000    0.0000    0.0000 2321.6101   14.6008
    0.0000    0.0000    0.0000 2387.9187   13.6519
    7.5000    0.0000    0.0000 2444.1201   13.1849
   -7.5000    7.5000    0.0000 2428.0815   13.3770
    0.0000    7.5000    0.0000 2510.0525   12.5630
    7.5000    7.5000    0.0000 2569.5808   12.0899
   -7.5000   15.0000    0.0000 2524.7322   12.4903
    0.0000   15.0000    0.0000 2614.6292   11.7452
    7.5000   15.0000    0.0000 2680.3101   11.3078
   -7.5000   22.5000    0.0000 2605.2136   11.8961
    0.0000   22.5000    0.0000 2708.8660   11.2115
    7.5000   22.5000    0.0000 2777.3069   10.7888
   -7.5000   30.0000    0.0000 2658.2117   11.5336
    0.0000   30.0000    0.0000 2770.8074   10.8714
    7.5000   30.0000    0.0000 2841.4690   10.4916
   -7.5000   37.5000    0.0000 2680.5554   11.4055
    0.0000   37.5000    0.0000 2794.9722   10.8093
    7.5000   37.5000    0.0000 2861.9419   10.4873
   -7.5000   45.0000    0.0000 2639.8599   11.6587
    0.0000   45.0000    0.0000 2749.0535   11.0563
    7.5000   45.0000    0.0000 2815.6597   10.7612
   -7.5000   52.5000    0.0000 2543.8086   12.0381
    0.0000   52.5000    0.0000 2642.9287   11.4436
    7.5000   52.5000    0.0000 2703.2056   11.1236
   -7.5000   60.0000    0.0000 2397.4939   12.5043
    0.0000   60.0000    0.0000 2488.4282   11.8893
    7.5000   60.0000    0.0000 2542.8882   11.5438
   -7.5000  -30.0000    7.5000 1755.4023   25.8734
    0.0000  -30.0000    7.5000 1799.1765   24.4893
    7.5000  -30.0000    7.5000 1826.5203   23.7135
   -7.5000  -22.5000    7.5000 1907.7323   22.0693
    0.0000  -22.5000    7.5000 1956.1765   20.8162
    7.5000  -22.5000    7.5000 1984.5909   20.1321
   -7.5000  -15.0000    7.5000 2050.5830   19.1236
    0.0000  -15.0000    7.5000 2103.6907   18.0168
    7.5000  -15.0000    7.5000 2137.1562   17.4424
   -7.5000   -7.5000    7.5000 2172.9629   16.9159
    0.0000   -7.5000    7.5000 2236.2153   15.9100
    7.5000   -7.5000    7.5000 2278.6030   15.4085
   -7.5000    0.0000    7.5000 2282.5601   15.2721
    0.0000    0.0000    7.5000 2353.2161   14.3556
    7.5000    0.0000    7.5000 2405.8035   13.9205
   -7.5000    7.5000    7.5000 2384.4473   14.0496
    0.0000    7.5000    7.5000 2463.8293   13.1977
    7.5000    7.5000    7.5000 2525.0193   12.8471
   -7.5000   15.0000    7.5000 2472.2104   13.1659
    0.0000   15.0000    7.5000 2557.9141   12.3881
    7.5000   15.0000    7.5000 2624.3828   12.0505
   -7.5000   22.5000    7.5000 2547.4985   12.5234
    0.0000   22.5000    7.5000 2638.7715   11.8190
    7.5000   22.5000    7.5000 2704.5918   11.4617
   -7.5000   30.0000    7.5000 2591.2874   12.1260
    0.0000   30.0000    7.5000 2691.5618   11.4710
    7.5000   30.0000    7.5000 2751.5830   11.1301
   -7.5000   37.5000    7.5000 2610.4099   11.9836
    0.0000   37.5000    7.5000 2703.4580   11.3782
    7.5000   37.5000    7.5000 2761.2561   11.0754
   -7.5000   45.0000    7.5000 2570.7844   12.2260
    0.0000   45.0000    7.5000 2661.4417   11.6229
    7.5000   45.0000    7.5000 2719.9131   11.3060
   -7.5000   52.5000    7.5000 2484.5173   12.5680
    0.0000   52.5000    7.5000 2563.5933   11.9875
    7.5000   52.5000    7.5000 2616.5737   11.6442
   -7.5000   60.0000    7.5000 2342.4624   13.0129
    0.0000   60.0000    7.5000 2418.5110   12.3958
    7.5000   60.0000    7.5000 2463.3511   12.0745
   -7.5000  -30.0000   15.0000 1704.3972   27.2140
    0.0000  -30.0000   15.0000 1744.1117   25.8621
    7.5000  -30.0000   15.0000 1773.4917   25.0586
   -7.5000  -22.5000   15.0000 1856.3468   23.1800
    0.0000  -22.5000   15.0000 1904.7201   22.0154
    7.5000  -22.5000   15.0000 1933.5016   21.3697
   -7.5000  -15.0000   15.0000 2001.0778   20.1571
    0.0000  -15.0000   15.0000 2057.0691   19.0768
    7.5000  -15.0000   15.0000 2088.1487   18.5596
   -7.5000   -7.5000   15.0000 2121.0242   17.8309
    0.0000   -7.5000   15.0000 2187.1130   16.8448
    7.5000   -7.5000   15.0000 2227.8894   16.4263
   -7.5000    0.0000   15.0000 2230.9592   16.1586
    0.0000    0.0000   15.0000 2300.9951   15.2711
    7.5000    0.0000   15.0000 2347.7581   14.9294
   -7.5000    7.5000   15.0000 2329.9128   14.9398
    0.0000    7.5000   15.0000 2403.6875   14.1229
    7.5000    7.5000   15.0000 2457.6863   13.7917
   -7.5000   15.0000   15.0000 2409.8442   14.0435
    0.0000   15.0000   15.0000 2487.9180   13.2728
    7.5000   15.0000   15.0000 2549.5276   12.9498
   -7.5000   22.5000   15.0000 2470.9485   13.3466
    0.0000   22.5000   15.0000 2556.1128   12.6386
    7.5000   22.5000   15.0000 2616.0527   12.3244
   -7.5000   30.0000   15.0000 2508.6975   12.9217
    0.0000   30.0000   15.0000 2597.8052   12.2750
    7.5000   30.0000   15.0000 2650.8394   11.9650
   -7.5000   37.5000   15.0000 2518.5930   12.7747
    0.0000   37.5000   15.0000 2599.7771   12.1752
    7.5000   37.5000   15.0000 2649.0125   11.8809
   -7.5000   45.0000   15.0000 2485.2197   12.9872
    0.0000   45.0000   15.0000 2564.0967   12.3844
    7.5000   45.0000   15.0000 2606.7175   12.0865
   -7.5000   52.5000   15.0000 2404.0908   13.3160
    0.0000   52.5000   15.0000 2477.8169   12.7168
    7.5000   52.5000   15.0000 2518.8477   12.4035
   -7.5000   60.0000   15.0000 2271.0728   13.7382
    0.0000   60.0000   15.0000 2339.5293   13.1189
    7.5000   60.0000   15.0000 2373.7793   12.8221
   -7.5000  -30.0000   22.5000 1647.2399   29.1789
    0.0000  -30.0000   22.5000 1684.1185   27.8710
    7.5000  -30.0000   22.5000 1712.6395   27.0510
   -7.5000  -22.5000   22.5000 1801.0839   24.7819
    0.0000  -22.5000   22.5000 1845.3824   23.5774
    7.5000  -22.5000   22.5000 1874.2791   23.0089
   -7.5000  -15.0000   22.5000 1945.3757   21.4823
    0.0000  -15.0000   22.5000 1998.0194   20.3969
    7.5000  -15.0000   22.5000 2024.1445   19.9314
   -7.5000   -7.5000   22.5000 2066.7070   19.0038
    0.0000   -7.5000   22.5000 2127.1172   18.0927
    7.5000   -7.5000   22.5000 2163.9475   17.6896
   -7.5000    0.0000   22.5000 2169.6355   17.2588
    0.0000    0.0000   22.5000 2235.5701   16.4219
    7.5000    0.0000   22.5000 2282.8394   16.0707
   -7.5000    7.5000   22.5000 2260.9775   16.0492
    0.0000    7.5000   22.5000 2332.7290   15.2154
    7.5000    7.5000   22.5000 2384.0869   14.9215
   -7.5000   15.0000   22.5000 2334.3115   15.1131
    0.0000   15.0000   22.5000 2409.5864   14.3222
    7.5000   15.0000   22.5000 2463.5020   14.0317
   -7.5000   22.5000   22.5000 2394.2390   14.3790
    0.0000   22.5000   22.5000 2467.0674   13.6527
    7.5000   22.5000   22.5000 2519.3433   13.3727
   -7.5000   30.0000   22.5000 2426.3535   13.9437
    0.0000   30.0000   22.5000 2498.3286   13.2635
    7.5000   30.0000   22.5000 2543.9167   12.9751
   -7.5000   37.5000   22.5000 2423.3848   13.7852
    0.0000   37.5000   22.5000 2492.0471   13.1574
    7.5000   37.5000   22.5000 2535.8914   12.8627
   -7.5000   45.0000   22.5000 2393.6438   13.9445
    0.0000   45.0000   22.5000 2460.4912   13.3191
    7.5000   45.0000   22.5000 2497.4741   13.0392
   -7.5000   52.5000   22.5000 2320.2100   14.2702
    0.0000   52.5000   22.5000 2381.6421   13.6420
    7.5000   52.5000   22.5000 2418.7485   13.3648
   -7.5000   60.0000   22.5000 2196.3726   14.6884
    0.0000   60.0000   22.5000 2255.6750   14.0469
    7.5000   60.0000   22.5000 2289.9294   13.7740
   -7.5000  -30.0000   30.0000 1584.5696   31.8176
    0.0000  -30.0000   30.0000 1615.5939   30.5068
    7.5000  -30.0000   30.0000 1640.8076   29.5539
   -7.5000  -22.5000   30.0000 1731.7638   26.7557
    0.0000  -22.5000   30.0000 1771.8782   25.6508
    7.5000  -22.5000   30.0000 1798.7743   24.9567
   -7.5000  -15.0000   30.0000 1877.1333   23.1341
    0.0000  -15.0000   30.0000 1923.2638   22.1816
    7.5000  -15.0000   30.0000 1951.6472   21.5945
   -7.5000   -7.5000   30.0000 1996.0752   20.4433
    0.0000   -7.5000   30.0000 2053.4451   19.6383
    7.5000   -7.5000   30.0000 2088.7419   19.1815
   -7.5000    0.0000   30.0000 2095.1648   18.6240
    0.0000    0.0000   30.0000 2160.1819   17.8366
    7.5000    0.0000   30.0000 2202.8660   17.4758
   -7.5000    7.5000   30.0000 2183.2466   17.3435
    0.0000    7.5000   30.0000 2254.1450   16.5535
    7.5000    7.5000   30.0000 2297.5100   16.2497
   -7.5000   15.0000   30.0000 2256.8457   16.3508
    0.0000   15.0000   30.0000 2327.9402   15.5874
    7.5000   15.0000   30.0000 2370.8870   15.2973
   -7.5000   22.5000   30.0000 2307.5227   15.5665
    0.0000   22.5000   30.0000 2374.1140   14.8561
    7.5000   22.5000   30.0000 2419.0767   14.5851
   -7.5000   30.0000   30.0000 2329.7173   15.1064
    0.0000   30.0000   30.0000 2396.3813   14.4353
    7.5000   30.0000   30.0000 2437.1230   14.1573
   -7.5000   37.5000   30.0000 2324.0671   14.9591
    0.0000   37.5000   30.0000 2388.9626   14.3021
    7.5000   37.5000   30.0000 2425.8145   14.0288
   -7.5000   45.0000   30.0000 2297.8125   15.0758
    0.0000   45.0000   30.0000 2360.5994   14.4129
    7.5000   45.0000   30.0000 2392.0176   14.1500
   -7.5000   52.5000   30.0000 2231.3577   15.4206
    0.0000   52.5000   30.0000 2287.1936   14.7591
    7.5000   52.5000   30.0000 2319.7617   14.5126
   -7.5000   60.0000   30.0000 2119.0557   15.7965
    0.0000   60.0000   30.0000 2167.4778   15.1562
    7.5000   60.0000   30.0000 2195.8379   14.9074
   -7.5000  -30.0000   37.5000 1509.9539   35.0688
    0.0000  -30.0000   37.5000 1539.1562   33.5312
    7.5000  -30.0000   37.5000 1562.3073   32.5123
   -7.5000  -22.5000   37.5000 1656.8965   29.3712
    0.0000  -22.5000   37.5000 1694.5459   28.1709
    7.5000  -22.5000   37.5000 1717.8057   27.3653
   -7.5000  -15.0000   37.5000 1796.1676   25.2994
    0.0000  -15.0000   37.5000 1843.3655   24.3226
    7.5000  -15.0000   37.5000 1868.5376   23.6690
   -7.5000   -7.5000   37.5000 1912.9323   22.4483
    0.0000   -7.5000   37.5000 1969.1227   21.5615
    7.5000   -7.5000   37.5000 2004.7996   21.0406
   -7.5000    0.0000   37.5000 2011.3097   20.3775
    0.0000    0.0000   37.5000 2074.5569   19.6024
    7.5000    0.0000   37.5000 2117.6948   19.1736
   -7.5000    7.5000   37.5000 2097.1284   18.9447
    0.0000    7.5000   37.5000 2160.5398   18.1663
    7.5000    7.5000   37.5000 2207.7473   17.8223
   -7.5000   15.0000   37.5000 2170.2170   17.8596
    0.0000   15.0000   37.5000 2230.9551   17.1129
    7.5000   15.0000   37.5000 2276.2783   16.8105
   -7.5000   22.5000   37.5000 2214.8875   17.0301
    0.0000   22.5000   37.5000 2275.4058   16.3041
    7.5000   22.5000   37.5000 2312.0554   16.0143
   -7.5000   30.0000   37.5000 2227.6926   16.5291
    0.0000   30.0000   37.5000 2290.9070   15.8516
    7.5000   30.0000   37.5000 2326.3491   15.5756
   -7.5000   37.5000   37.5000 2225.2151   16.3490
    0.0000   37.5000   37.5000 2286.9719   15.6659
    7.5000   37.5000   37.5000 2318.3220   15.3936
   -7.5000   45.0000   37.5000 2203.4907   16.3772
    0.0000   45.0000   37.5000 2261.9075   15.7212
    7.5000   45.0000   37.5000 2291.7756   15.4689
   -7.5000   52.5000   37.5000 2138.6150   16.7264
    0.0000   52.5000   37.5000 2188.9802   16.0592
    7.5000   52.5000   37.5000 2219.5432   15.8358
   -7.5000   60.0000   37.5000 2034.5869   17.1013
    0.0000   60.0000   37.5000 2077.9534   16.4242
    7.5000   60.0000   37.5000 2107.5806   16.1949
   -7.5000  -30.0000   45.0000 1438.8275   39.4185
    0.0000  -30.0000   45.0000 1462.3362   37.5575
    7.5000  -30.0000   45.0000 1487.7788   36.4317
   -7.5000  -22.5000   45.0000 1577.7186   32.8462
    0.0000  -22.5000   45.0000 1609.9268   31.3639
    7.5000  -22.5000   45.0000 1633.3163   30.4736
   -7.5000  -15.0000   45.0000 1704.3099   28.2613
    0.0000  -15.0000   45.0000 1748.3514   27.0453
    7.5000  -15.0000   45.0000 1774.6429   26.2752
   -7.5000   -7.5000   45.0000 1818.6487   24.9706
    0.0000   -7.5000   45.0000 1872.8149   24.0051
    7.5000   -7.5000   45.0000 1908.2883   23.3594
   -7.5000    0.0000   45.0000 1912.2504   22.6511
    0.0000    0.0000   45.0000 1972.9862   21.8132
    7.5000    0.0000   45.0000 2017.8037   21.2580
   -7.5000    7.5000   45.0000 2000.2170   21.0213
    0.0000    7.5000   45.0000 2057.6736   20.1882
    7.5000    7.5000   45.0000 2103.6995   19.7588
   -7.5000   15.0000   45.0000 2072.1938   19.7576
    0.0000   15.0000   45.0000 2125.6775   18.9905
    7.5000   15.0000   45.0000 2166.7781   18.6142
   -7.5000   22.5000   45.0000 2110.6941   18.8432
    0.0000   22.5000   45.0000 2165.2581   18.1159
    7.5000   22.5000   45.0000 2200.0811   17.7769
   -7.5000   30.0000   45.0000 2125.6113   18.2817
    0.0000   30.0000   45.0000 2179.6436   17.5672
    7.5000   30.0000   45.0000 2213.2646   17.2506
   -7.5000   37.5000   45.0000 2120.1594   17.9701
    0.0000   37.5000   45.0000 2177.2522   17.2820
    7.5000   37.5000   45.0000 2205.1223   16.9782
   -7.5000   45.0000   45.0000 2099.6711   17.9445
    0.0000   45.0000   45.0000 2152.0959   17.2817
    7.5000   45.0000   45.0000 2184.6184   17.0136
   -7.5000   52.5000   45.0000 2038.7050   18.2918
    0.0000   52.5000   45.0000 2085.8218   17.6552
    7.5000   52.5000   45.0000 2112.6729   17.3760
   -7.5000   60.0000   45.0000 1942.0120   18.6553
    0.0000   60.0000   45.0000 1982.9982   17.9947
    7.5000   60.0000   45.0000 2009.3691   17.7395

---------------------------------------------------------------------
imgreg_4dfp /opt/freesurfer/average/711-2C_as_mni_average_305 /opt/freesurfer/average/711-2B_as_mni_average_305_mask talsrcimg_g11 none talsrcimg_to_711-2C_as_mni_average_305_t4 1283
---------------------------------------------------------------------

freesurfer imgreg_4dfp.c
/opt/freesurfer/average/711-2C_as_mni_average_305.4dfp.img
       256       256       256         1
  1.000000  1.000000  1.000000
orientation T byte_order littleendian
Reading image: /opt/freesurfer/average/711-2C_as_mni_average_305.4dfp.img
dimensions:      256       256       256
mmppix:       1.0000   -1.0000   -1.0000
center:     128.0000 -129.0000 -129.0000
/opt/freesurfer/average/711-2B_as_mni_average_305_mask.4dfp.img
       256       256       256         1
  1.000000  1.000000  1.000000
orientation T byte_order littleendian
Reading mask: /opt/freesurfer/average/711-2B_as_mni_average_305_mask.4dfp.img (2306576 pixels)
talsrcimg_g11.4dfp.img
       256       256       256         1
  1.000000  1.000000  1.000000
orientation T byte_order littleendian
Reading image: talsrcimg_g11.4dfp.img
dimensions:      256       256       256
mmppix:       1.0000   -1.0000   -1.0000
center:     128.0000 -129.0000 -129.0000
rotation matrix determinant  1.000000
fimgreg.f
image alignment mode   1283 decimal      503 hex
parameters
    7.5000   37.5000  -15.0000    0.0000    0.0000    0.0000
eta,q 0.92968  9.91052
niter,ni,del,rscale     5    3   12.0000    1.2000
parameter  1 -0.548075 -> -0.500000 qaram    1.1500
parameter  2  0.659151 ->  0.500000 qaram    1.1500
parameter  3  1.534014 ->  0.500000 qaram    1.1500
parameters
   10.9500   34.0500  -18.4500   -1.1074    0.8541   -0.2668
eta,q 0.93585  9.67790
  0.0937  0.0684  0.0650  0.0677  0.0697  0.0701
  0.0842  0.0672  0.0655  0.0649  0.0670  0.0671
  0.0773  0.0676  0.0659  0.0643  0.0654  0.0647
  0.0729  0.0701  0.0674  0.0650  0.0645  0.0642
  0.0702  0.0738  0.0697  0.0661  0.0641  0.0654
  0.0698  0.0779  0.0717  0.0674  0.0651  0.0681
  0.0717  0.0837  0.0729  0.0701  0.0676  0.0709
niter,ni,del,rscale     7    3   12.0000    1.2000
parameters
   10.8520   34.5843  -17.4708   -1.6504    0.6579   -0.3388
eta,q 0.93556  9.68626
  0.0784  0.0796  0.0793  0.0693  0.0685  0.0705
  0.0727  0.0726  0.0688  0.0666  0.0665  0.0675
  0.0670  0.0664  0.0634  0.0645  0.0651  0.0651
  0.0642  0.0642  0.0644  0.0646  0.0644  0.0644
  0.0652  0.0660  0.0655  0.0656  0.0652  0.0654
  0.0714  0.0697  0.0679  0.0680  0.0670  0.0678
  0.0813  0.0754  0.0697  0.0713  0.0690  0.0707
niter,ni,del,rscale     6    3   12.0000    1.2000
parameters
   10.9388   34.8155  -17.4011   -1.9564    0.4569   -0.3889
eta,q 0.93544  9.69215
  0.0791  0.0782  0.0738  0.0693  0.0689  0.0705
  0.0726  0.0718  0.0652  0.0670  0.0668  0.0674
  0.0673  0.0658  0.0624  0.0646  0.0653  0.0652
  0.0644  0.0644  0.0645  0.0646  0.0645  0.0646
  0.0654  0.0666  0.0664  0.0654  0.0653  0.0654
  0.0710  0.0705  0.0686  0.0674  0.0674  0.0677
  0.0796  0.0762  0.0697  0.0706  0.0694  0.0705
niter,ni,del,rscale     5    3   12.0000    1.2000
parameters
   10.9867   34.9501  -17.4453   -2.1767    0.4223   -0.3994
eta,q 0.93545  9.69424
  0.0792  0.0775  0.0731  0.0692  0.0691  0.0705
  0.0726  0.0716  0.0647  0.0671  0.0669  0.0674
  0.0673  0.0657  0.0623  0.0646  0.0654  0.0651
  0.0646  0.0645  0.0646  0.0646  0.0645  0.0646
  0.0657  0.0668  0.0664  0.0653  0.0652  0.0654
  0.0714  0.0706  0.0684  0.0671  0.0672  0.0676
  0.0798  0.0764  0.0695  0.0702  0.0692  0.0704
niter,ni,del,rscale     4    3   12.0000    1.2000
parameters
   10.9855   35.0475  -17.4506   -2.3188    0.4053   -0.3921
eta,q 0.93543  9.69599
  0.0790  0.0773  0.0731  0.0692  0.0692  0.0705
  0.0725  0.0716  0.0646  0.0672  0.0670  0.0674
  0.0672  0.0656  0.0622  0.0647  0.0653  0.0651
  0.0645  0.0646  0.0646  0.0646  0.0646  0.0646
  0.0658  0.0667  0.0663  0.0653  0.0652  0.0654
  0.0716  0.0706  0.0682  0.0670  0.0672  0.0676
  0.0801  0.0765  0.0693  0.0699  0.0691  0.0703
niter,ni,del,rscale     3    3   12.0000    1.2000
parameters
   10.9851   35.1161  -17.4589   -2.4125    0.3970   -0.3810
eta,q 0.93542  9.69702
  0.0790  0.0771  0.0729  0.0692  0.0692  0.0705
  0.0726  0.0716  0.0645  0.0673  0.0670  0.0674
  0.0673  0.0656  0.0622  0.0647  0.0653  0.0651
  0.0646  0.0646  0.0646  0.0646  0.0646  0.0646
  0.0658  0.0667  0.0663  0.0653  0.0653  0.0654
  0.0716  0.0706  0.0681  0.0669  0.0672  0.0676
  0.0802  0.0765  0.0692  0.0698  0.0691  0.0703
niter,ni,del,rscale     2    3   12.0000    1.2000
parameters
   10.9853   35.1625  -17.4624   -2.4709    0.3910   -0.3727
eta,q 0.93540  9.69770
  0.0790  0.0769  0.0729  0.0692  0.0692  0.0705
  0.0726  0.0715  0.0645  0.0673  0.0670  0.0674
  0.0673  0.0655  0.0621  0.0647  0.0653  0.0651
  0.0646  0.0646  0.0646  0.0646  0.0646  0.0646
  0.0658  0.0667  0.0663  0.0653  0.0653  0.0654
  0.0716  0.0707  0.0681  0.0668  0.0672  0.0676
  0.0802  0.0766  0.0691  0.0697  0.0691  0.0703
registration optimization eta report
parameter search radius
    6.9000    6.9000    6.9000    6.0000    6.0000    6.0000
100000*second partial in parameter space
       31.       25.       15.       14.       12.       16.
  0.0790  0.0769  0.0729  0.0692  0.0692  0.0705
  0.0726  0.0715  0.0645  0.0673  0.0670  0.0674
  0.0673  0.0655  0.0621  0.0647  0.0653  0.0651
  0.0646  0.0646  0.0646  0.0646  0.0646  0.0646
  0.0658  0.0667  0.0663  0.0653  0.0653  0.0654
  0.0716  0.0707  0.0681  0.0668  0.0672  0.0676
  0.0802  0.0766  0.0691  0.0697  0.0691  0.0703
   10.9853   35.1625  -17.4624   -2.4709    0.3910   -0.3727
eta,q 0.93540  9.69770

---------------------------------------------------------------------
imgreg_4dfp /opt/freesurfer/average/711-2C_as_mni_average_305 /opt/freesurfer/average/711-2B_as_mni_average_305_mask talsrcimg_g11 none talsrcimg_to_711-2C_as_mni_average_305_t4 3335
---------------------------------------------------------------------

freesurfer imgreg_4dfp.c
/opt/freesurfer/average/711-2C_as_mni_average_305.4dfp.img
       256       256       256         1
  1.000000  1.000000  1.000000
orientation T byte_order littleendian
Reading image: /opt/freesurfer/average/711-2C_as_mni_average_305.4dfp.img
dimensions:      256       256       256
mmppix:       1.0000   -1.0000   -1.0000
center:     128.0000 -129.0000 -129.0000
/opt/freesurfer/average/711-2B_as_mni_average_305_mask.4dfp.img
       256       256       256         1
  1.000000  1.000000  1.000000
orientation T byte_order littleendian
Reading mask: /opt/freesurfer/average/711-2B_as_mni_average_305_mask.4dfp.img (2306576 pixels)
talsrcimg_g11.4dfp.img
       256       256       256         1
  1.000000  1.000000  1.000000
orientation T byte_order littleendian
Reading image: talsrcimg_g11.4dfp.img
dimensions:      256       256       256
mmppix:       1.0000   -1.0000   -1.0000
center:     128.0000 -129.0000 -129.0000
fimgreg.f
image alignment mode   3335 decimal      D07 hex
parameters
   10.9853   35.1625  -17.4624   -0.0044   -0.0953   -0.0953
    0.6793   -0.6537   -0.6504    4.3156    0.6824   -4.3111
eta,q 0.93631  9.77874
niter,ni,del,rscale     5    3    5.0000    1.2000
parameter  4  3.700413 ->  0.500000 qaram    1.1500
parameter  5  2.432545 ->  0.500000 qaram    1.1500
parameter  6  4.283010 ->  0.500000 qaram    1.1500
parameter 12  1.062676 ->  0.500000 qaram    1.1500
parameters
   10.9110   36.2140  -16.6787   -4.1444   -4.2353   -4.2353
    0.5324   -0.7289   -0.0019    1.7505    2.1224   -8.4511
eta,q 0.95576  9.03439
  0.0655  0.0657  0.0654  0.0526  0.0495  0.0412  0.0471  0.0476  0.0466  0.0458  0.0457  0.0436
  0.0646  0.0647  0.0644  0.0557  0.0513  0.0440  0.0459  0.0460  0.0458  0.0449  0.0452  0.0436
  0.0640  0.0640  0.0636  0.0593  0.0537  0.0475  0.0452  0.0452  0.0452  0.0446  0.0448  0.0440
  0.0637  0.0637  0.0635  0.0634  0.0567  0.0518  0.0449  0.0449  0.0449  0.0449  0.0446  0.0446
  0.0639  0.0635  0.0634  0.0678  0.0598  0.0563  0.0452  0.0453  0.0450  0.0460  0.0446  0.0454
  0.0646  0.0635  0.0635  0.0726  0.0633  0.0610  0.0461  0.0462  0.0454  0.0474  0.0448  0.0464
  0.0659  0.0638  0.0637  0.0776  0.0673  0.0653  0.0473  0.0476  0.0461  0.0490  0.0451  0.0476
niter,ni,del,rscale     7    3    5.0000    1.2000
parameter  4  2.052811 ->  0.500000 qaram    1.3225
parameter  5  1.273834 ->  0.500000 qaram    1.3225
parameter  6  0.970598 ->  0.500000 qaram    1.3225
parameters
   11.0806   37.1253  -16.4738   -8.9054   -8.9963   -8.9963
    1.2249   -0.4491    0.1562    3.5729    2.2342  -11.6858
eta,q 0.97090  8.62996
  0.0469  0.0474  0.0457  0.0347  0.0328  0.0297  0.0330  0.0353  0.0314  0.0334  0.0312  0.0298
  0.0454  0.0460  0.0448  0.0368  0.0338  0.0296  0.0314  0.0327  0.0304  0.0317  0.0303  0.0293
  0.0446  0.0449  0.0443  0.0399  0.0353  0.0306  0.0303  0.0307  0.0299  0.0304  0.0297  0.0291
  0.0442  0.0442  0.0440  0.0440  0.0376  0.0342  0.0297  0.0297  0.0296  0.0296  0.0294  0.0294
  0.0444  0.0440  0.0441  0.0487  0.0406  0.0393  0.0298  0.0301  0.0298  0.0294  0.0296  0.0301
  0.0451  0.0442  0.0445  0.0538  0.0444  0.0444  0.0306  0.0320  0.0303  0.0299  0.0302  0.0311
  0.0461  0.0447  0.0453  0.0593  0.0486  0.0497  0.0320  0.0347  0.0313  0.0309  0.0312  0.0323
niter,ni,del,rscale     7    3    5.0000    1.2000
parameter  2 -0.807509 -> -0.500000 qaram    1.1500
parameter 10 -0.528963 -> -0.500000 qaram    1.1500
parameters
   10.9138   38.5053  -17.1626  -13.5795  -12.4357  -11.5465
    1.6217   -0.5588    0.2731    7.7129    2.5317  -13.1412
eta,q 0.97428  8.36868
  0.0322  0.0343  0.0287  0.0280  0.0275  0.0285  0.0287  0.0302  0.0279  0.0307  0.0268  0.0264
  0.0304  0.0321  0.0280  0.0268  0.0262  0.0273  0.0275  0.0280  0.0271  0.0289  0.0262  0.0260
  0.0293  0.0304  0.0277  0.0263  0.0258  0.0265  0.0267  0.0267  0.0266  0.0274  0.0258  0.0258
  0.0291  0.0291  0.0278  0.0277  0.0264  0.0257  0.0264  0.0264  0.0264  0.0264  0.0257  0.0257
  0.0297  0.0282  0.0285  0.0312  0.0278  0.0269  0.0265  0.0268  0.0265  0.0258  0.0258  0.0259
  0.0311  0.0278  0.0296  0.0361  0.0301  0.0316  0.0272  0.0281  0.0270  0.0258  0.0261  0.0265
  0.0332  0.0279  0.0311  0.0417  0.0337  0.0374  0.0282  0.0305  0.0278  0.0263  0.0266  0.0273
niter,ni,del,rscale     7    3    5.0000    1.2000
parameters
   10.9059   39.8599  -18.3199  -13.7292  -13.7928  -13.2407
    1.7549   -0.4902    0.1013   10.0697    2.9143  -13.8745
eta,q 0.97520  8.25566
  0.0287  0.0314  0.0251  0.0287  0.0271  0.0275  0.0272  0.0289  0.0263  0.0289  0.0256  0.0256
  0.0270  0.0289  0.0249  0.0272  0.0259  0.0261  0.0261  0.0268  0.0256  0.0270  0.0251  0.0252
  0.0261  0.0270  0.0249  0.0259  0.0250  0.0253  0.0254  0.0255  0.0253  0.0258  0.0249  0.0249
  0.0257  0.0257  0.0251  0.0248  0.0249  0.0248  0.0251  0.0251  0.0251  0.0251  0.0248  0.0248
  0.0260  0.0252  0.0256  0.0246  0.0255  0.0246  0.0253  0.0254  0.0252  0.0248  0.0248  0.0249
  0.0271  0.0252  0.0262  0.0264  0.0269  0.0275  0.0260  0.0266  0.0257  0.0251  0.0250  0.0253
  0.0287  0.0258  0.0272  0.0302  0.0292  0.0333  0.0271  0.0288  0.0264  0.0262  0.0254  0.0261
niter,ni,del,rscale     6    3    5.0000    1.2000
parameters
   10.9185   40.7341  -18.9414  -13.5418  -15.5198  -14.4260
    1.7524   -0.4834   -0.0837   12.0359    2.9415  -13.9235
eta,q 0.97571  8.15819
  0.0276  0.0292  0.0250  0.0280  0.0263  0.0271  0.0264  0.0280  0.0258  0.0279  0.0250  0.0253
  0.0261  0.0272  0.0246  0.0266  0.0253  0.0256  0.0254  0.0260  0.0251  0.0263  0.0246  0.0249
  0.0251  0.0257  0.0245  0.0255  0.0246  0.0247  0.0247  0.0248  0.0246  0.0252  0.0244  0.0245
  0.0248  0.0248  0.0246  0.0245  0.0244  0.0244  0.0245  0.0245  0.0245  0.0245  0.0243  0.0243
  0.0251  0.0246  0.0248  0.0240  0.0252  0.0241  0.0247  0.0247  0.0247  0.0243  0.0244  0.0244
  0.0260  0.0249  0.0253  0.0254  0.0265  0.0258  0.0254  0.0259  0.0252  0.0246  0.0246  0.0247
  0.0276  0.0258  0.0261  0.0288  0.0286  0.0309  0.0264  0.0281  0.0259  0.0258  0.0250  0.0255
niter,ni,del,rscale     5    3    5.0000    1.2000
parameters
   10.8990   41.4228  -19.3024  -13.5597  -16.9249  -15.1552
    1.7389   -0.4407   -0.1766   13.2320    2.9692  -14.1149
eta,q 0.97594  8.08049
  0.0269  0.0282  0.0249  0.0272  0.0260  0.0270  0.0260  0.0276  0.0255  0.0273  0.0247  0.0251
  0.0255  0.0263  0.0244  0.0259  0.0250  0.0255  0.0250  0.0257  0.0247  0.0258  0.0244  0.0247
  0.0246  0.0250  0.0242  0.0250  0.0243  0.0245  0.0244  0.0245  0.0243  0.0247  0.0241  0.0243
  0.0243  0.0243  0.0242  0.0241  0.0241  0.0241  0.0241  0.0241  0.0241  0.0241  0.0241  0.0241
  0.0246  0.0242  0.0244  0.0237  0.0247  0.0240  0.0244  0.0244  0.0243  0.0241  0.0241  0.0242
  0.0255  0.0246  0.0249  0.0250  0.0259  0.0251  0.0250  0.0255  0.0248  0.0247  0.0243  0.0246
  0.0270  0.0256  0.0256  0.0283  0.0278  0.0294  0.0260  0.0276  0.0256  0.0260  0.0247  0.0253
niter,ni,del,rscale     4    3    5.0000    1.2000
parameters
   10.8904   41.8336  -19.4841  -13.6034  -17.5425  -15.4270
    1.7636   -0.4355   -0.2519   13.8502    2.9952  -14.3734
eta,q 0.97598  8.04817
  0.0266  0.0273  0.0250  0.0268  0.0263  0.0271  0.0259  0.0274  0.0254  0.0269  0.0247  0.0250
  0.0252  0.0257  0.0244  0.0256  0.0251  0.0256  0.0249  0.0255  0.0247  0.0255  0.0243  0.0246
  0.0243  0.0246  0.0241  0.0247  0.0243  0.0245  0.0242  0.0244  0.0242  0.0245  0.0241  0.0242
  0.0241  0.0241  0.0240  0.0240  0.0240  0.0240  0.0240  0.0240  0.0240  0.0240  0.0240  0.0240
  0.0243  0.0241  0.0242  0.0236  0.0244  0.0239  0.0242  0.0243  0.0242  0.0242  0.0241  0.0241
  0.0252  0.0247  0.0247  0.0248  0.0254  0.0247  0.0249  0.0254  0.0247  0.0249  0.0243  0.0246
  0.0266  0.0258  0.0254  0.0279  0.0272  0.0285  0.0258  0.0275  0.0255  0.0263  0.0247  0.0253
niter,ni,del,rscale     3    3    5.0000    1.2000
parameters
   10.8818   42.0245  -19.5757  -13.6464  -17.7621  -15.5252
    1.8067   -0.4526   -0.2851   14.1444    3.0063  -14.5343
eta,q 0.97597  8.03653
  0.0265  0.0268  0.0251  0.0267  0.0265  0.0271  0.0258  0.0273  0.0255  0.0267  0.0246  0.0251
  0.0251  0.0254  0.0245  0.0255  0.0252  0.0256  0.0249  0.0255  0.0247  0.0253  0.0243  0.0246
  0.0243  0.0244  0.0241  0.0247  0.0244  0.0245  0.0242  0.0244  0.0242  0.0244  0.0241  0.0242
  0.0240  0.0240  0.0240  0.0240  0.0240  0.0240  0.0240  0.0240  0.0240  0.0240  0.0240  0.0240
  0.0243  0.0242  0.0242  0.0236  0.0243  0.0239  0.0242  0.0243  0.0242  0.0242  0.0241  0.0241
  0.0251  0.0249  0.0246  0.0247  0.0252  0.0246  0.0249  0.0254  0.0247  0.0250  0.0243  0.0246
  0.0265  0.0261  0.0253  0.0278  0.0269  0.0282  0.0258  0.0275  0.0255  0.0264  0.0246  0.0253
niter,ni,del,rscale     2    3    5.0000    1.2000
parameters
   10.8725   42.1084  -19.6214  -13.6679  -17.8509  -15.5740
    1.8365   -0.4676   -0.2976   14.2758    2.9992  -14.6162
eta,q 0.97596  8.03145
  0.0264  0.0266  0.0251  0.0267  0.0266  0.0271  0.0258  0.0273  0.0255  0.0266  0.0246  0.0251
  0.0251  0.0252  0.0245  0.0255  0.0253  0.0256  0.0249  0.0255  0.0247  0.0253  0.0243  0.0246
  0.0243  0.0243  0.0241  0.0247  0.0244  0.0246  0.0242  0.0244  0.0242  0.0244  0.0241  0.0242
  0.0240  0.0240  0.0240  0.0240  0.0240  0.0240  0.0240  0.0240  0.0240  0.0240  0.0240  0.0240
  0.0243  0.0243  0.0242  0.0236  0.0243  0.0239  0.0242  0.0243  0.0242  0.0243  0.0241  0.0241
  0.0251  0.0251  0.0246  0.0247  0.0252  0.0245  0.0249  0.0254  0.0247  0.0251  0.0243  0.0246
  0.0265  0.0263  0.0252  0.0277  0.0268  0.0282  0.0258  0.0275  0.0254  0.0265  0.0247  0.0252
niter,ni,del,rscale     1    3    5.0000    1.2000
parameters
   10.8656   42.1456  -19.6487  -13.6764  -17.8903  -15.6046
    1.8536   -0.4796   -0.3072   14.3385    3.0190  -14.6488
eta,q 0.97595  8.02899
  0.0264  0.0266  0.0252  0.0267  0.0266  0.0271  0.0258  0.0273  0.0255  0.0266  0.0246  0.0251
  0.0251  0.0252  0.0246  0.0255  0.0253  0.0256  0.0249  0.0255  0.0247  0.0252  0.0243  0.0247
  0.0243  0.0243  0.0242  0.0247  0.0244  0.0246  0.0242  0.0244  0.0242  0.0244  0.0241  0.0243
  0.0240  0.0240  0.0240  0.0240  0.0240  0.0240  0.0240  0.0240  0.0240  0.0240  0.0240  0.0240
  0.0243  0.0243  0.0242  0.0236  0.0243  0.0239  0.0242  0.0243  0.0242  0.0243  0.0241  0.0241
  0.0251  0.0251  0.0246  0.0247  0.0252  0.0245  0.0249  0.0254  0.0247  0.0251  0.0243  0.0245
  0.0265  0.0264  0.0252  0.0277  0.0268  0.0281  0.0258  0.0275  0.0254  0.0266  0.0246  0.0252
registration optimization eta report
parameter search radius
    2.4000    2.7600    2.4000    9.5220    9.5220    9.5220
    7.2000    7.2000    7.2000    8.2800    7.2000    8.2800
100000*second partial in parameter space
       42.       32.       20.        4.        3.        4.
        3.        7.        3.        4.        1.        2.
  0.0264  0.0266  0.0252  0.0267  0.0266  0.0271  0.0258  0.0273  0.0255  0.0266  0.0246  0.0251
  0.0251  0.0252  0.0246  0.0255  0.0253  0.0256  0.0249  0.0255  0.0247  0.0252  0.0243  0.0247
  0.0243  0.0243  0.0242  0.0247  0.0244  0.0246  0.0242  0.0244  0.0242  0.0244  0.0241  0.0243
  0.0240  0.0240  0.0240  0.0240  0.0240  0.0240  0.0240  0.0240  0.0240  0.0240  0.0240  0.0240
  0.0243  0.0243  0.0242  0.0236  0.0243  0.0239  0.0242  0.0243  0.0242  0.0243  0.0241  0.0241
  0.0251  0.0251  0.0246  0.0247  0.0252  0.0245  0.0249  0.0254  0.0247  0.0251  0.0243  0.0245
  0.0265  0.0264  0.0252  0.0277  0.0268  0.0281  0.0258  0.0275  0.0254  0.0266  0.0246  0.0252
   10.8656   42.1456  -19.6487  -13.6764  -17.8903  -15.6046
    1.8536   -0.4796   -0.3072   14.3385    3.0190  -14.6488
eta,q 0.97595  8.02899

---------------------------------------------------------------------
imgreg_4dfp /opt/freesurfer/average/711-2C_as_mni_average_305 /opt/freesurfer/average/711-2B_as_mni_average_305_mask talsrcimg_g11 none talsrcimg_to_711-2C_as_mni_average_305_t4 2311
---------------------------------------------------------------------

freesurfer imgreg_4dfp.c
/opt/freesurfer/average/711-2C_as_mni_average_305.4dfp.img
       256       256       256         1
  1.000000  1.000000  1.000000
orientation T byte_order littleendian
Reading image: /opt/freesurfer/average/711-2C_as_mni_average_305.4dfp.img
dimensions:      256       256       256
mmppix:       1.0000   -1.0000   -1.0000
center:     128.0000 -129.0000 -129.0000
/opt/freesurfer/average/711-2B_as_mni_average_305_mask.4dfp.img
       256       256       256         1
  1.000000  1.000000  1.000000
orientation T byte_order littleendian
Reading mask: /opt/freesurfer/average/711-2B_as_mni_average_305_mask.4dfp.img (2306576 pixels)
talsrcimg_g11.4dfp.img
       256       256       256         1
  1.000000  1.000000  1.000000
orientation T byte_order littleendian
Reading image: talsrcimg_g11.4dfp.img
dimensions:      256       256       256
mmppix:       1.0000   -1.0000   -1.0000
center:     128.0000 -129.0000 -129.0000
fimgreg.f
image alignment mode   2311 decimal      907 hex
parameters
   10.8656   42.1456  -19.6487  -13.6764  -17.8903  -15.6046
    1.8536   -0.4796   -0.3072   14.3385    3.0190  -14.6488
eta,q 0.97595  8.02899
niter,ni,del,rscale     5    3    5.0000    0.8000
parameter  4 -0.718161 -> -0.500000 qaram    1.1500
parameters
   10.8554   42.1212  -19.6455  -10.9164  -17.4167  -14.3718
    1.9411   -0.5523   -0.1727   14.1044    2.9180  -15.0243
eta,q 0.97643  8.18058
  0.0251  0.0249  0.0246  0.0251  0.0245  0.0249  0.0246  0.0258  0.0243  0.0244  0.0241  0.0239
  0.0245  0.0244  0.0243  0.0247  0.0241  0.0243  0.0240  0.0246  0.0239  0.0239  0.0238  0.0237
  0.0242  0.0241  0.0241  0.0244  0.0238  0.0238  0.0237  0.0238  0.0237  0.0237  0.0236  0.0236
  0.0240  0.0240  0.0240  0.0240  0.0236  0.0236  0.0236  0.0236  0.0236  0.0236  0.0236  0.0236
  0.0242  0.0242  0.0241  0.0237  0.0236  0.0236  0.0237  0.0239  0.0236  0.0237  0.0236  0.0236
  0.0245  0.0245  0.0243  0.0236  0.0239  0.0237  0.0240  0.0247  0.0239  0.0240  0.0238  0.0238
  0.0251  0.0249  0.0246  0.0239  0.0242  0.0240  0.0245  0.0260  0.0242  0.0245  0.0241  0.0241
niter,ni,del,rscale     5    3    5.0000    0.8000
parameters
   10.8817   42.0916  -19.3175  -11.9165  -17.2507  -13.4306
    2.0381   -0.5471   -0.0957   14.3882    2.9231  -15.2656
eta,q 0.97643  8.19694
  0.0251  0.0244  0.0244  0.0247  0.0244  0.0246  0.0246  0.0258  0.0243  0.0245  0.0241  0.0239
  0.0243  0.0239  0.0240  0.0242  0.0240  0.0241  0.0240  0.0247  0.0239  0.0240  0.0238  0.0237
  0.0238  0.0237  0.0237  0.0238  0.0237  0.0238  0.0237  0.0239  0.0237  0.0237  0.0236  0.0236
  0.0236  0.0236  0.0236  0.0235  0.0236  0.0236  0.0236  0.0236  0.0236  0.0236  0.0236  0.0236
  0.0237  0.0237  0.0236  0.0239  0.0237  0.0236  0.0237  0.0239  0.0236  0.0236  0.0236  0.0236
  0.0242  0.0240  0.0237  0.0249  0.0239  0.0236  0.0240  0.0246  0.0239  0.0239  0.0238  0.0237
  0.0250  0.0245  0.0239  0.0266  0.0243  0.0241  0.0245  0.0258  0.0242  0.0244  0.0241  0.0240
niter,ni,del,rscale     4    3    5.0000    0.7000
parameters
   10.9053   42.0008  -19.1945  -12.0017  -17.1260  -13.1726
    2.0141   -0.5266   -0.1285   14.3376    2.8884  -15.1879
eta,q 0.97644  8.20829
  0.0247  0.0242  0.0241  0.0248  0.0242  0.0243  0.0243  0.0254  0.0241  0.0242  0.0240  0.0238
  0.0241  0.0238  0.0238  0.0243  0.0239  0.0239  0.0239  0.0244  0.0238  0.0239  0.0237  0.0237
  0.0237  0.0236  0.0236  0.0239  0.0237  0.0237  0.0236  0.0238  0.0236  0.0236  0.0236  0.0236
  0.0236  0.0236  0.0236  0.0236  0.0236  0.0236  0.0236  0.0236  0.0236  0.0236  0.0236  0.0236
  0.0237  0.0237  0.0236  0.0236  0.0236  0.0235  0.0236  0.0238  0.0236  0.0236  0.0236  0.0236
  0.0240  0.0239  0.0237  0.0241  0.0238  0.0236  0.0239  0.0244  0.0238  0.0239  0.0238  0.0237
  0.0246  0.0243  0.0239  0.0252  0.0241  0.0242  0.0243  0.0254  0.0241  0.0243  0.0240  0.0238
niter,ni,del,rscale     3    3    5.0000    0.6000
parameters
   10.9139   41.9495  -19.1515  -11.8697  -17.0616  -13.0234
    2.0034   -0.5075   -0.1332   14.2361    2.8529  -15.1585
eta,q 0.97646  8.21892
  0.0244  0.0240  0.0239  0.0246  0.0240  0.0240  0.0241  0.0250  0.0240  0.0240  0.0239  0.0237
  0.0239  0.0238  0.0237  0.0242  0.0237  0.0238  0.0238  0.0242  0.0237  0.0237  0.0237  0.0236
  0.0237  0.0236  0.0236  0.0238  0.0236  0.0236  0.0236  0.0237  0.0236  0.0236  0.0236  0.0236
  0.0236  0.0236  0.0236  0.0236  0.0235  0.0235  0.0235  0.0235  0.0235  0.0235  0.0235  0.0235
  0.0236  0.0236  0.0236  0.0236  0.0236  0.0235  0.0236  0.0237  0.0236  0.0236  0.0236  0.0236
  0.0239  0.0238  0.0237  0.0239  0.0237  0.0236  0.0238  0.0242  0.0237  0.0238  0.0237  0.0236
  0.0244  0.0241  0.0239  0.0247  0.0240  0.0240  0.0241  0.0250  0.0240  0.0241  0.0239  0.0238
niter,ni,del,rscale     2    3    5.0000    0.5000
parameters
   10.9138   41.9188  -19.1214  -11.7277  -17.0387  -12.9070
    2.0021   -0.5059   -0.1163   14.1721    2.8313  -15.1628
eta,q 0.97647  8.22729
  0.0241  0.0239  0.0238  0.0244  0.0238  0.0238  0.0239  0.0246  0.0238  0.0239  0.0238  0.0237
  0.0238  0.0237  0.0237  0.0240  0.0237  0.0237  0.0237  0.0240  0.0237  0.0237  0.0236  0.0236
  0.0236  0.0236  0.0236  0.0237  0.0236  0.0236  0.0236  0.0237  0.0236  0.0236  0.0235  0.0235
  0.0235  0.0235  0.0235  0.0235  0.0235  0.0235  0.0235  0.0235  0.0235  0.0235  0.0235  0.0235
  0.0236  0.0236  0.0236  0.0236  0.0236  0.0235  0.0236  0.0237  0.0236  0.0236  0.0236  0.0235
  0.0238  0.0237  0.0236  0.0238  0.0237  0.0236  0.0237  0.0240  0.0237  0.0237  0.0236  0.0236
  0.0241  0.0239  0.0238  0.0243  0.0238  0.0238  0.0239  0.0246  0.0238  0.0239  0.0238  0.0237
niter,ni,del,rscale     1    3    5.0000    0.4000
parameters
   10.9150   41.9060  -19.0974  -11.6094  -16.9920  -12.7669
    2.0109   -0.5015   -0.1107   14.0896    2.8248  -15.2384
eta,q 0.97648  8.23669
  0.0239  0.0237  0.0237  0.0241  0.0237  0.0237  0.0238  0.0242  0.0237  0.0237  0.0237  0.0236
  0.0237  0.0236  0.0236  0.0239  0.0236  0.0236  0.0236  0.0238  0.0236  0.0236  0.0236  0.0236
  0.0236  0.0236  0.0235  0.0236  0.0235  0.0235  0.0236  0.0236  0.0235  0.0235  0.0235  0.0235
  0.0235  0.0235  0.0235  0.0235  0.0235  0.0235  0.0235  0.0235  0.0235  0.0235  0.0235  0.0235
  0.0236  0.0236  0.0235  0.0235  0.0235  0.0235  0.0235  0.0236  0.0235  0.0235  0.0235  0.0235
  0.0237  0.0236  0.0236  0.0237  0.0236  0.0236  0.0236  0.0238  0.0236  0.0236  0.0236  0.0236
  0.0239  0.0238  0.0237  0.0241  0.0237  0.0237  0.0238  0.0242  0.0237  0.0238  0.0237  0.0236
registration optimization eta report
parameter search radius
    0.8000    0.8000    0.8000    2.7600    2.4000    2.4000
    2.4000    2.4000    2.4000    2.4000    2.4000    2.4000
100000*second partial in parameter space
       61.       35.       22.        7.        3.        3.
        5.       12.        3.        4.        3.        2.
  0.0239  0.0237  0.0237  0.0241  0.0237  0.0237  0.0238  0.0242  0.0237  0.0237  0.0237  0.0236
  0.0237  0.0236  0.0236  0.0239  0.0236  0.0236  0.0236  0.0238  0.0236  0.0236  0.0236  0.0236
  0.0236  0.0236  0.0235  0.0236  0.0235  0.0235  0.0236  0.0236  0.0235  0.0235  0.0235  0.0235
  0.0235  0.0235  0.0235  0.0235  0.0235  0.0235  0.0235  0.0235  0.0235  0.0235  0.0235  0.0235
  0.0236  0.0236  0.0235  0.0235  0.0235  0.0235  0.0235  0.0236  0.0235  0.0235  0.0235  0.0235
  0.0237  0.0236  0.0236  0.0237  0.0236  0.0236  0.0236  0.0238  0.0236  0.0236  0.0236  0.0236
  0.0239  0.0238  0.0237  0.0241  0.0237  0.0237  0.0238  0.0242  0.0237  0.0238  0.0237  0.0236
   10.9150   41.9060  -19.0974  -11.6094  -16.9920  -12.7669
    2.0109   -0.5015   -0.1107   14.0896    2.8248  -15.2384
eta,q 0.97648  8.23669

---------------------------------------------------------------------
imgreg_4dfp /opt/freesurfer/average/711-2C_as_mni_average_305 /opt/freesurfer/average/711-2B_as_mni_average_305_mask talsrcimg_g11 none talsrcimg_to_711-2C_as_mni_average_305_t4 2311
---------------------------------------------------------------------

freesurfer imgreg_4dfp.c
/opt/freesurfer/average/711-2C_as_mni_average_305.4dfp.img
       256       256       256         1
  1.000000  1.000000  1.000000
orientation T byte_order littleendian
Reading image: /opt/freesurfer/average/711-2C_as_mni_average_305.4dfp.img
dimensions:      256       256       256
mmppix:       1.0000   -1.0000   -1.0000
center:     128.0000 -129.0000 -129.0000
/opt/freesurfer/average/711-2B_as_mni_average_305_mask.4dfp.img
       256       256       256         1
  1.000000  1.000000  1.000000
orientation T byte_order littleendian
Reading mask: /opt/freesurfer/average/711-2B_as_mni_average_305_mask.4dfp.img (2306576 pixels)
talsrcimg_g11.4dfp.img
       256       256       256         1
  1.000000  1.000000  1.000000
orientation T byte_order littleendian
Reading image: talsrcimg_g11.4dfp.img
dimensions:      256       256       256
mmppix:       1.0000   -1.0000   -1.0000
center:     128.0000 -129.0000 -129.0000
fimgreg.f
image alignment mode   2311 decimal      907 hex
parameters
   10.9150   41.9060  -19.0974  -11.6094  -16.9920  -12.7669
    2.0109   -0.5015   -0.1107   14.0896    2.8248  -15.2384
eta,q 0.97648  8.23670
niter,ni,del,rscale     5    3    5.0000    0.8000
parameters
   10.9138   41.8990  -19.0939  -12.0717  -16.9835  -13.2894
    1.9823   -0.4773   -0.1024   14.1396    2.8458  -14.9927
eta,q 0.97643  8.20562
  0.0251  0.0244  0.0241  0.0247  0.0243  0.0243  0.0245  0.0258  0.0243  0.0245  0.0241  0.0240
  0.0242  0.0239  0.0238  0.0242  0.0239  0.0239  0.0240  0.0247  0.0239  0.0240  0.0238  0.0238
  0.0237  0.0236  0.0236  0.0238  0.0237  0.0237  0.0237  0.0239  0.0237  0.0237  0.0236  0.0237
  0.0235  0.0235  0.0235  0.0235  0.0236  0.0236  0.0236  0.0236  0.0236  0.0236  0.0236  0.0236
  0.0237  0.0236  0.0236  0.0237  0.0236  0.0235  0.0237  0.0238  0.0237  0.0237  0.0236  0.0236
  0.0242  0.0239  0.0238  0.0244  0.0239  0.0239  0.0240  0.0246  0.0239  0.0239  0.0238  0.0237
  0.0251  0.0244  0.0241  0.0256  0.0243  0.0251  0.0246  0.0258  0.0243  0.0245  0.0241  0.0239
niter,ni,del,rscale     4    3    5.0000    0.7000
parameters
   10.9237   41.9001  -19.1530  -11.8492  -17.0400  -13.2615
    1.9527   -0.4715   -0.1249   14.1453    2.8379  -15.0146
eta,q 0.97645  8.21101
  0.0247  0.0243  0.0240  0.0247  0.0241  0.0242  0.0243  0.0254  0.0241  0.0242  0.0240  0.0238
  0.0241  0.0239  0.0237  0.0242  0.0238  0.0238  0.0239  0.0244  0.0238  0.0239  0.0237  0.0237
  0.0237  0.0236  0.0236  0.0239  0.0236  0.0236  0.0236  0.0238  0.0236  0.0236  0.0236  0.0236
  0.0236  0.0236  0.0236  0.0236  0.0235  0.0235  0.0235  0.0235  0.0235  0.0235  0.0235  0.0235
  0.0237  0.0236  0.0236  0.0236  0.0236  0.0235  0.0236  0.0238  0.0236  0.0236  0.0236  0.0236
  0.0241  0.0239  0.0238  0.0239  0.0238  0.0237  0.0239  0.0244  0.0238  0.0238  0.0237  0.0237
  0.0247  0.0243  0.0240  0.0246  0.0242  0.0243  0.0243  0.0254  0.0241  0.0242  0.0240  0.0238
niter,ni,del,rscale     3    3    5.0000    0.6000
parameters
   10.9229   41.9196  -19.1363  -11.6967  -17.0639  -13.1237
    1.9618   -0.4801   -0.1161   14.1268    2.8288  -15.0642
eta,q 0.97647  8.21880
  0.0244  0.0241  0.0239  0.0244  0.0240  0.0240  0.0241  0.0250  0.0240  0.0240  0.0239  0.0237
  0.0239  0.0238  0.0237  0.0241  0.0237  0.0237  0.0238  0.0242  0.0237  0.0238  0.0237  0.0236
  0.0236  0.0236  0.0236  0.0237  0.0236  0.0236  0.0236  0.0237  0.0236  0.0236  0.0236  0.0236
  0.0235  0.0235  0.0235  0.0235  0.0235  0.0235  0.0235  0.0235  0.0235  0.0235  0.0235  0.0235
  0.0236  0.0236  0.0236  0.0236  0.0236  0.0235  0.0236  0.0237  0.0236  0.0236  0.0236  0.0235
  0.0239  0.0238  0.0237  0.0238  0.0237  0.0236  0.0238  0.0242  0.0237  0.0237  0.0237  0.0236
  0.0244  0.0240  0.0239  0.0244  0.0240  0.0240  0.0241  0.0250  0.0239  0.0240  0.0239  0.0238
niter,ni,del,rscale     2    3    5.0000    0.5000
parameters
   10.9197   41.9172  -19.1110  -11.5842  -17.0368  -12.9965
    1.9704   -0.4921   -0.0965   14.0992    2.8071  -15.1228
eta,q 0.97648  8.22713
  0.0241  0.0239  0.0238  0.0242  0.0238  0.0238  0.0239  0.0246  0.0238  0.0239  0.0238  0.0237
  0.0238  0.0237  0.0236  0.0239  0.0237  0.0237  0.0237  0.0240  0.0237  0.0237  0.0236  0.0236
  0.0236  0.0236  0.0236  0.0237  0.0236  0.0236  0.0236  0.0236  0.0236  0.0236  0.0235  0.0235
  0.0235  0.0235  0.0235  0.0235  0.0235  0.0235  0.0235  0.0235  0.0235  0.0235  0.0235  0.0235
  0.0236  0.0236  0.0236  0.0235  0.0236  0.0235  0.0236  0.0236  0.0236  0.0236  0.0235  0.0235
  0.0238  0.0237  0.0236  0.0238  0.0236  0.0236  0.0237  0.0240  0.0237  0.0237  0.0236  0.0236
  0.0241  0.0239  0.0237  0.0242  0.0238  0.0238  0.0239  0.0246  0.0238  0.0239  0.0238  0.0237
niter,ni,del,rscale     1    3    5.0000    0.4000
parameters
   10.9156   41.9097  -19.0941  -11.5102  -17.0168  -12.8423
    1.9923   -0.4918   -0.0961   14.0697    2.8152  -15.1860
eta,q 0.97649  8.23521
  0.0239  0.0237  0.0237  0.0240  0.0237  0.0237  0.0238  0.0242  0.0237  0.0237  0.0237  0.0236
  0.0237  0.0236  0.0236  0.0238  0.0236  0.0236  0.0236  0.0238  0.0236  0.0236  0.0236  0.0236
  0.0236  0.0235  0.0235  0.0236  0.0235  0.0235  0.0235  0.0236  0.0235  0.0235  0.0235  0.0235
  0.0235  0.0235  0.0235  0.0235  0.0235  0.0235  0.0235  0.0235  0.0235  0.0235  0.0235  0.0235
  0.0236  0.0235  0.0235  0.0235  0.0235  0.0235  0.0235  0.0236  0.0235  0.0235  0.0235  0.0235
  0.0237  0.0236  0.0236  0.0237  0.0236  0.0235  0.0236  0.0238  0.0236  0.0236  0.0236  0.0236
  0.0239  0.0238  0.0237  0.0240  0.0237  0.0237  0.0238  0.0242  0.0237  0.0237  0.0237  0.0236
registration optimization eta report
parameter search radius
    0.8000    0.8000    0.8000    2.4000    2.4000    2.4000
    2.4000    2.4000    2.4000    2.4000    2.4000    2.4000
100000*second partial in parameter space
       61.       35.       23.        8.        3.        3.
        4.       12.        3.        4.        3.        2.
  0.0239  0.0237  0.0237  0.0240  0.0237  0.0237  0.0238  0.0242  0.0237  0.0237  0.0237  0.0236
  0.0237  0.0236  0.0236  0.0238  0.0236  0.0236  0.0236  0.0238  0.0236  0.0236  0.0236  0.0236
  0.0236  0.0235  0.0235  0.0236  0.0235  0.0235  0.0235  0.0236  0.0235  0.0235  0.0235  0.0235
  0.0235  0.0235  0.0235  0.0235  0.0235  0.0235  0.0235  0.0235  0.0235  0.0235  0.0235  0.0235
  0.0236  0.0235  0.0235  0.0235  0.0235  0.0235  0.0235  0.0236  0.0235  0.0235  0.0235  0.0235
  0.0237  0.0236  0.0236  0.0237  0.0236  0.0235  0.0236  0.0238  0.0236  0.0236  0.0236  0.0236
  0.0239  0.0238  0.0237  0.0240  0.0237  0.0237  0.0238  0.0242  0.0237  0.0237  0.0237  0.0236
   10.9156   41.9097  -19.0941  -11.5102  -17.0168  -12.8423
    1.9923   -0.4918   -0.0961   14.0697    2.8152  -15.1860
eta,q 0.97649  8.23521

---------------------------------------------------------------------
compute_vox2vox talsrcimg talsrcimg_to_711-2C_as_mni_average_305_t4 /opt/freesurfer/average/711-2C_as_mni_average_305
---------------------------------------------------------------------

freesurfer compute_vox2vox.c
Reading: talsrcimg.4dfp.ifh
Reading: talsrcimg_to_711-2C_as_mni_average_305_t4
Reading: /opt/freesurfer/average/711-2C_as_mni_average_305.4dfp.ifh
Writing: talsrcimg_to_711-2C_as_mni_average_305_t4_vox2vox.txt

start time Fri Mar 13 02:32:58 CET 2026
end		time Fri Mar 13 02:34:23 CET 2026

mpr2mni305 success

avi2talxfm orig_nu.mgz /opt/freesurfer/average/mni305.cor.mgz talsrcimg_to_711-2C_as_mni_average_305_t4_vox2vox.txt transforms/talairach.auto.xfm
avi2talxfm done
mv -f /out/sourcedata/freesurfer/sub-v2s3x28827_ses-1/mri/talsrcimg_to_711-2C_as_mni_average_305_t4_vox2vox.txt /out/sourcedata/freesurfer/sub-v2s3x28827_ses-1/mri/transforms/talsrcimg_to_711-2C_as_mni_average_305_t4_vox2vox.txt
lta_convert --src orig_nu.mgz --trg /opt/freesurfer/average/mni305.cor.mgz --inxfm transforms/talairach.auto.xfm --outlta transforms/talairach.auto.xfm.lta --subject fsaverage
7.3.2

--src: orig_nu.mgz src image (geometry).
--trg: /opt/freesurfer/average/mni305.cor.mgz trg image (geometry).
--inmni: transforms/talairach.auto.xfm input MNI/XFM transform.
--outlta: transforms/talairach.auto.xfm.lta output LTA.
--s: fsaverage subject name
 LTA read, type : 1
 1.12971   0.01044  -0.02521  -9.21576;
-0.03522   1.11410   0.20473  -47.60011;
 0.00728  -0.18888   1.17032  -32.82513;
 0.00000   0.00000   0.00000   1.00000;
setting subject to fsaverage
Writing  LTA to file transforms/talairach.auto.xfm.lta...
lta_convert successful.
 
 
Started at Fri Mar 13 02:32:58 CET 2026
Ended   at Fri Mar 13 02:34:23 CET 2026
talairach_avi done
