status file for recon-all
Fri Mar 13 01:32:57 CET 2026
#@# Tessellate lh Fri Mar 13 01:32:57 CET 2026
#@# Smooth1 lh Fri Mar 13 01:33:01 CET 2026
#@# Inflation1 lh Fri Mar 13 01:33:03 CET 2026
#@# QSphere lh Fri Mar 13 01:33:16 CET 2026
#@# Fix Topology lh Fri Mar 13 01:34:30 CET 2026
#@# Smooth2 lh Fri Mar 13 01:39:58 CET 2026
#@# Inflation2 lh Fri Mar 13 01:40:00 CET 2026
#@# Curv .H and .K lh Fri Mar 13 01:40:15 CET 2026
#@# Sphere lh Fri Mar 13 01:40:57 CET 2026
#@# Surf Reg lh Fri Mar 13 01:46:17 CET 2026
#@# Jacobian white lh Fri Mar 13 01:50:27 CET 2026
#@# AvgCurv lh Fri Mar 13 01:50:28 CET 2026
#@# Cortical Parc lh Fri Mar 13 01:50:29 CET 2026
#@# white curv lh Fri Mar 13 01:56:30 CET 2026
#@# white area lh Fri Mar 13 01:56:32 CET 2026
#@# pial curv lh Fri Mar 13 01:56:33 CET 2026
#@# pial area lh Fri Mar 13 01:56:35 CET 2026
#@# thickness lh Fri Mar 13 01:56:36 CET 2026
#@# area and vertex vol lh Fri Mar 13 01:57:02 CET 2026
#@# Curvature Stats lh Fri Mar 13 01:57:03 CET 2026
#@# Cortical Parc 2 lh Fri Mar 13 01:57:06 CET 2026
#@# Cortical Parc 3 lh Fri Mar 13 01:57:19 CET 2026
#@# WM/GM Contrast lh Fri Mar 13 01:57:29 CET 2026
recon-all -s sub-v2s3x28786_ses-1 finished without error at Fri Mar 13 01:57:32 CET 2026



#New# invocation of recon-all 



status file for recon-all
Fri Mar 13 02:27:54 CET 2026
#@# white curv lh Fri Mar 13 02:27:54 CET 2026
#@# white area lh Fri Mar 13 02:27:55 CET 2026
#@# pial curv lh Fri Mar 13 02:27:55 CET 2026
#@# pial area lh Fri Mar 13 02:27:55 CET 2026
#@# thickness lh Fri Mar 13 02:27:55 CET 2026
#@# area and vertex vol lh Fri Mar 13 02:27:55 CET 2026
#@# Parcellation Stats lh Fri Mar 13 02:27:55 CET 2026
#@# Parcellation Stats 2 lh Fri Mar 13 02:28:11 CET 2026
#@# Parcellation Stats 3 lh Fri Mar 13 02:28:20 CET 2026
#@# BA_exvivo Labels lh Fri Mar 13 02:28:29 CET 2026
recon-all -s sub-v2s3x28786_ses-1 finished without error at Fri Mar 13 02:31:04 CET 2026
