status file for recon-all
Thu Mar 12 23:49:46 CET 2026
#@# MotionCor Thu Mar 12 23:49:48 CET 2026
#@# Talairach Thu Mar 12 23:49:56 CET 2026
#@# Talairach Failure Detection Thu Mar 12 23:54:20 CET 2026
#@# Nu Intensity Correction Thu Mar 12 23:54:20 CET 2026
#@# Intensity Normalization Thu Mar 12 23:57:36 CET 2026
recon-all -s sub-v2s3x28786_ses-1 finished without error at Thu Mar 12 23:59:04 CET 2026



#New# invocation of recon-all 



status file for recon-all
Fri Mar 13 00:06:50 CET 2026
#@# EM Registration Fri Mar 13 00:06:50 CET 2026
recon-all -s sub-v2s3x28786_ses-1 finished without error at Fri Mar 13 00:09:23 CET 2026



#New# invocation of recon-all 



status file for recon-all
Fri Mar 13 00:09:26 CET 2026
#@# CA Normalize Fri Mar 13 00:09:26 CET 2026
#@# CA Reg Fri Mar 13 00:10:44 CET 2026
#@# SubCort Seg Fri Mar 13 01:02:36 CET 2026
#@# CC Seg Fri Mar 13 01:27:16 CET 2026
#@# Merge ASeg Fri Mar 13 01:27:47 CET 2026
#@# Intensity Normalization2 Fri Mar 13 01:27:47 CET 2026
#@# Mask BFS Fri Mar 13 01:29:54 CET 2026
#@# WM Segmentation Fri Mar 13 01:29:55 CET 2026
#@# Fill Fri Mar 13 01:31:48 CET 2026
recon-all -s sub-v2s3x28786_ses-1 finished without error at Fri Mar 13 01:32:52 CET 2026



#New# invocation of recon-all 



status file for recon-all
Fri Mar 13 02:23:00 CET 2026
#@# white curv lh Fri Mar 13 02:23:00 CET 2026
#@# white area lh Fri Mar 13 02:23:00 CET 2026
#@# pial curv lh Fri Mar 13 02:23:00 CET 2026
#@# pial area lh Fri Mar 13 02:23:00 CET 2026
#@# thickness lh Fri Mar 13 02:23:00 CET 2026
#@# area and vertex vol lh Fri Mar 13 02:23:00 CET 2026
#@# white curv rh Fri Mar 13 02:23:00 CET 2026
#@# white area rh Fri Mar 13 02:23:00 CET 2026
#@# pial curv rh Fri Mar 13 02:23:00 CET 2026
#@# pial area rh Fri Mar 13 02:23:00 CET 2026
#@# thickness rh Fri Mar 13 02:23:00 CET 2026
#@# area and vertex vol rh Fri Mar 13 02:23:00 CET 2026
#@# Cortical ribbon mask Fri Mar 13 02:23:01 CET 2026
recon-all -s sub-v2s3x28786_ses-1 finished without error at Fri Mar 13 02:27:50 CET 2026



#New# invocation of recon-all 



status file for recon-all
Fri Mar 13 02:34:23 CET 2026
#@# white curv lh Fri Mar 13 02:34:23 CET 2026
#@# white area lh Fri Mar 13 02:34:23 CET 2026
#@# pial curv lh Fri Mar 13 02:34:23 CET 2026
#@# pial area lh Fri Mar 13 02:34:23 CET 2026
#@# thickness lh Fri Mar 13 02:34:23 CET 2026
#@# area and vertex vol lh Fri Mar 13 02:34:23 CET 2026
#@# white curv rh Fri Mar 13 02:34:23 CET 2026
#@# white area rh Fri Mar 13 02:34:23 CET 2026
#@# pial curv rh Fri Mar 13 02:34:23 CET 2026
#@# pial area rh Fri Mar 13 02:34:23 CET 2026
#@# thickness rh Fri Mar 13 02:34:23 CET 2026
#@# area and vertex vol rh Fri Mar 13 02:34:23 CET 2026
#@# Curvature Stats lh Fri Mar 13 02:34:23 CET 2026
#@# Curvature Stats rh Fri Mar 13 02:34:26 CET 2026
#@# Relabel Hypointensities Fri Mar 13 02:34:28 CET 2026
#@# APas-to-ASeg Fri Mar 13 02:34:43 CET 2026
#@# AParc-to-ASeg aparc Fri Mar 13 02:34:51 CET 2026
#@# AParc-to-ASeg aparc.a2009s Fri Mar 13 02:35:24 CET 2026
#@# AParc-to-ASeg aparc.DKTatlas Fri Mar 13 02:35:56 CET 2026
#@# WMParc Fri Mar 13 02:36:30 CET 2026
#@# ASeg Stats Fri Mar 13 02:40:12 CET 2026
recon-all -s sub-v2s3x28786_ses-1 finished without error at Fri Mar 13 02:40:51 CET 2026
