/out/sourcedata/freesurfer/sub-v2s3x28784_ses-1/mri
/opt/freesurfer/bin/talairach_avi
--i orig_nu.mgz --xfm transforms/talairach.auto.xfm
talairach_avi 7.3.2
Linux dna038 5.14.0-427.37.1.el9_4.x86_64 #1 SMP PREEMPT_DYNAMIC Fri Sep 13 12:41:50 EDT 2024 x86_64 x86_64 x86_64 GNU/Linux
Thu Mar 12 23:45:29 CET 2026
mri_convert orig_nu.mgz talsrcimg.img 
reading from orig_nu.mgz...
TR=0.00, TE=0.00, TI=0.00, flip angle=0.00
i_ras = (-1, 0, 0)
j_ras = (0, 0, -1)
k_ras = (0, 1, 0)
writing to talsrcimg.img...
Analyze Output Matrix
-1.00000   0.00000   0.00000   133.83136;
 0.00000   0.00000   1.00000  -104.22289;
 0.00000  -1.00000   0.00000   140.11589;
 0.00000   0.00000   0.00000   1.00000;
--------------------
INFO: set hdr.hist.orient to -1
mpr2mni305 talsrcimg
Thu Mar 12 23:45:29 CET 2026
/opt/freesurfer/bin/mpr2mni305 talsrcimg
mpr2mni305 7.3.2
target=711-2C_as_mni_average_305

---------------------------------------------------------------------
analyzeto4dfp talsrcimg -O0 -y
---------------------------------------------------------------------

freesurfer ifh2hdr.c
Thu Mar 12 23:45:29 2026
Writing: talsrcimg.4dfp.hdr
freesurfer analyzeto4dfp.c
Reading: talsrcimg.hdr
header size 348 bytes
hdr.dime.datatype	offset=70	value=2
hdr.dime.bitpix		offset=72	value=8
hdr.hist.orient		offset=252	value=-1
dimensionality     4
dimensions       256       256       256         1
Reading: talsrcimg.img
Writing: talsrcimg.4dfp.img
Writing: talsrcimg.4dfp.ifh
ifh2hdr talsrcimg -r0to234
ori=2

---------------------------------------------------------------------
gauss_4dfp talsrcimg 1.1
---------------------------------------------------------------------

freesurfer gauss_4dfp.c
Reading: talsrcimg.4dfp.img
Writing: talsrcimg_g11.4dfp.img
image dimensions 256 256 256 padded to 288 288 288
processing volume 1freesurfer ifh2hdr.c
Thu Mar 12 23:45:31 2026
Writing: talsrcimg_g11.4dfp.hdr

Writing: talsrcimg_g11.4dfp.ifh
including: talsrcimg.4dfp.img.rec in talsrcimg_g11.4dfp.img.rec

---------------------------------------------------------------------
imgreg_4dfp /opt/freesurfer/average/711-2C_as_mni_average_305 none talsrcimg_g11 none talsrcimg_to_711-2C_as_mni_average_305_t4 4355
---------------------------------------------------------------------

freesurfer imgreg_4dfp.c
/opt/freesurfer/average/711-2C_as_mni_average_305.4dfp.img
       256       256       256         1
  1.000000  1.000000  1.000000
orientation T byte_order littleendian
Reading image: /opt/freesurfer/average/711-2C_as_mni_average_305.4dfp.img
dimensions:      256       256       256
mmppix:       1.0000   -1.0000   -1.0000
center:     128.0000 -129.0000 -129.0000
talsrcimg_g11.4dfp.img
       256       256       256         1
  1.000000  1.000000  1.000000
orientation T byte_order littleendian
Reading image: talsrcimg_g11.4dfp.img
dimensions:      256       256       256
mmppix:       1.0000   -1.0000   -1.0000
center:     128.0000 -129.0000 -129.0000
t4_read: open error in t4_sub.f l:  41 t4_file(1:l)talsrcimg_to_711-2C_as_mni_average_305_t4 
t4_read: transform initialized to I4
rotation matrix determinant  1.000000
image alignment mode   4355 decimal     1103 hex
   -7.5000  -45.0000  -45.0000 9210.4502   15.2166
    0.0000  -45.0000  -45.0000 9498.7500   15.2363
    7.5000  -45.0000  -45.0000 9010.2471   15.2844
   -7.5000  -37.5000  -45.0000 9492.4258   15.2138
    0.0000  -37.5000  -45.0000 9798.3672   15.2405
    7.5000  -37.5000  -45.0000 9285.6855   15.2922
   -7.5000  -30.0000  -45.000010094.9023   15.2075
    0.0000  -30.0000  -45.000010434.4219   15.2396
    7.5000  -30.0000  -45.0000 9889.0664   15.2977
   -7.5000  -22.5000  -45.000010654.6738   15.1990
    0.0000  -22.5000  -45.000011030.0479   15.2289
    7.5000  -22.5000  -45.000010462.7373   15.2905
   -7.5000  -15.0000  -45.000011108.7988   15.1920
    0.0000  -15.0000  -45.000011520.3516   15.2157
    7.5000  -15.0000  -45.000010935.7344   15.2767
   -7.5000   -7.5000  -45.000011522.2754   15.2005
    0.0000   -7.5000  -45.000011931.9922   15.2196
    7.5000   -7.5000  -45.000011317.4609   15.2735
   -7.5000    0.0000  -45.000011808.9453   15.2138
    0.0000    0.0000  -45.000012213.1094   15.2336
    7.5000    0.0000  -45.000011577.3232   15.2817
   -7.5000    7.5000  -45.000011058.7754   15.2138
    0.0000    7.5000  -45.000011430.6025   15.2405
    7.5000    7.5000  -45.000010821.7900   15.2922
   -7.5000   15.0000  -45.000010197.1572   15.2075
    0.0000   15.0000  -45.000010493.9609   15.2396
    7.5000   15.0000  -45.0000 9944.0254   15.2977
   -7.5000   22.5000  -45.0000 9314.4561   15.1970
    0.0000   22.5000  -45.0000 9578.5068   15.2269
    7.5000   22.5000  -45.0000 9077.8701   15.2885
   -7.5000   30.0000  -45.0000 8478.8125   15.0012
    0.0000   30.0000  -45.0000 8698.9082   15.0247
    7.5000   30.0000  -45.0000 8228.6074   15.0850
   -7.5000   37.5000  -45.0000 7888.7886   15.0965
    0.0000   37.5000  -45.0000 8092.6929   15.1168
    7.5000   37.5000  -45.0000 7632.4727   15.1706
   -7.5000   45.0000  -45.0000 6976.3589   14.9092
    0.0000   45.0000  -45.0000 7150.1196   14.9315
    7.5000   45.0000  -45.0000 6727.8931   14.9810
   -7.5000  -45.0000  -37.5000 9805.1455   15.1614
    0.0000  -45.0000  -37.500010120.5381   15.1740
    7.5000  -45.0000  -37.5000 9598.9160   15.2165
   -7.5000  -37.5000  -37.500010090.1348   15.1558
    0.0000  -37.5000  -37.500010418.6465   15.1742
    7.5000  -37.5000  -37.5000 9876.5166   15.2188
   -7.5000  -30.0000  -37.500010721.4980   15.1518
    0.0000  -30.0000  -37.500011080.2100   15.1765
    7.5000  -30.0000  -37.500010491.4326   15.2261
   -7.5000  -22.5000  -37.500011308.1436   15.1478
    0.0000  -22.5000  -37.500011703.3672   15.1735
    7.5000  -22.5000  -37.500011083.8545   15.2274
   -7.5000  -15.0000  -37.500011762.4600   15.1442
    0.0000  -15.0000  -37.500012175.3018   15.1653
    7.5000  -15.0000  -37.500011551.7764   15.2201
   -7.5000   -7.5000  -37.500012177.7295   15.1509
    0.0000   -7.5000  -37.500012595.4482   15.1655
    7.5000   -7.5000  -37.500011929.6445   15.2137
   -7.5000    0.0000  -37.500012481.5986   15.1586
    0.0000    0.0000  -37.500012910.7725   15.1714
    7.5000    0.0000  -37.500012209.9707   15.2138
   -7.5000    7.5000  -37.500011668.6357   15.1558
    0.0000    7.5000  -37.500012036.6113   15.1742
    7.5000    7.5000  -37.500011389.4033   15.2188
   -7.5000   15.0000  -37.500010711.9473   15.1518
    0.0000   15.0000  -37.500011019.3730   15.1765
    7.5000   15.0000  -37.500010422.2568   15.2261
   -7.5000   22.5000  -37.5000 9762.6650   15.1458
    0.0000   22.5000  -37.500010040.8457   15.1715
    7.5000   22.5000  -37.5000 9491.5430   15.2255
   -7.5000   30.0000  -37.5000 8854.5059   14.9537
    0.0000   30.0000  -37.5000 9108.1992   14.9746
    7.5000   30.0000  -37.5000 8604.0137   15.0288
   -7.5000   37.5000  -37.5000 8210.8643   15.0429
    0.0000   37.5000  -37.5000 8429.3643   15.0586
    7.5000   37.5000  -37.5000 7955.7803   15.1076
   -7.5000   45.0000  -37.5000 7242.9810   14.8521
    0.0000   45.0000  -37.5000 7427.1416   14.8676
    7.5000   45.0000  -37.5000 7010.3667   14.9113
   -7.5000  -45.0000  -30.000010542.2949   15.7922
    0.0000  -45.0000  -30.000010896.0459   15.8022
    7.5000  -45.0000  -30.000010329.8906   15.8454
   -7.5000  -37.5000  -30.000010840.7588   15.7846
    0.0000  -37.5000  -30.000011214.2793   15.7980
    7.5000  -37.5000  -30.000010624.9814   15.8390
   -7.5000  -30.0000  -30.000011500.1426   15.7814
    0.0000  -30.0000  -30.000011904.5889   15.7999
    7.5000  -30.0000  -30.000011276.6592   15.8424
   -7.5000  -22.5000  -30.000012136.3291   15.7802
    0.0000  -22.5000  -30.000012567.8154   15.8011
    7.5000  -22.5000  -30.000011895.7227   15.8502
   -7.5000  -15.0000  -30.000012626.6143   15.7786
    0.0000  -15.0000  -30.000013074.7236   15.7968
    7.5000  -15.0000  -30.000012372.5664   15.8514
   -7.5000   -7.5000  -30.000013040.2061   15.7844
    0.0000   -7.5000  -30.000013491.6670   15.7969
    7.5000   -7.5000  -30.000012748.3398   15.8473
   -7.5000    0.0000  -30.000013329.6641   15.7892
    0.0000    0.0000  -30.000013779.5439   15.7993
    7.5000    0.0000  -30.000013007.3369   15.8425
   -7.5000    7.5000  -30.000012455.1416   15.7846
    0.0000    7.5000  -30.000012860.9893   15.7980
    7.5000    7.5000  -30.000012160.8223   15.8390
   -7.5000   15.0000  -30.000011416.8320   15.7814
    0.0000   15.0000  -30.000011749.4209   15.7999
    7.5000   15.0000  -30.000011115.2236   15.8424
   -7.5000   22.5000  -30.000010370.1162   15.7766
    0.0000   22.5000  -30.000010671.3359   15.7974
    7.5000   22.5000  -30.000010099.4248   15.8465
   -7.5000   30.0000  -30.0000 9387.4072   15.5815
    0.0000   30.0000  -30.0000 9660.3926   15.5996
    7.5000   30.0000  -30.0000 9121.1807   15.6536
   -7.5000   37.5000  -30.0000 8666.0107   15.6711
    0.0000   37.5000  -30.0000 8916.7363   15.6843
    7.5000   37.5000  -30.0000 8404.9561   15.7360
   -7.5000   45.0000  -30.0000 7643.7837   15.4774
    0.0000   45.0000  -30.0000 7846.7559   15.4896
    7.5000   45.0000  -30.0000 7399.9819   15.5333
   -7.5000  -45.0000  -22.500011235.8896   16.3630
    0.0000  -45.0000  -22.500011656.6514   16.3775
    7.5000  -45.0000  -22.500011030.2832   16.4278
   -7.5000  -37.5000  -22.500011533.4434   16.3575
    0.0000  -37.5000  -22.500011966.6875   16.3739
    7.5000  -37.5000  -22.500011335.1641   16.4181
   -7.5000  -30.0000  -22.500012239.5020   16.3535
    0.0000  -30.0000  -22.500012695.3975   16.3731
    7.5000  -30.0000  -22.500012037.9131   16.4173
   -7.5000  -22.5000  -22.500012917.4805   16.3501
    0.0000  -22.5000  -22.500013410.2959   16.3708
    7.5000  -22.5000  -22.500012695.5947   16.4238
   -7.5000  -15.0000  -22.500013433.2061   16.3458
    0.0000  -15.0000  -22.500013939.4541   16.3645
    7.5000  -15.0000  -22.500013170.9248   16.4266
   -7.5000   -7.5000  -22.500013845.4854   16.3517
    0.0000   -7.5000  -22.500014356.5264   16.3674
    7.5000   -7.5000  -22.500013554.1426   16.4268
   -7.5000    0.0000  -22.500014110.1895   16.3599
    0.0000    0.0000  -22.500014601.4307   16.3745
    7.5000    0.0000  -22.500013806.1475   16.4247
   -7.5000    7.5000  -22.500013211.3457   16.3575
    0.0000    7.5000  -22.500013637.7334   16.3739
    7.5000    7.5000  -22.500012901.5225   16.4181
   -7.5000   15.0000  -22.500012101.2598   16.3535
    0.0000   15.0000  -22.500012473.7021   16.3731
    7.5000   15.0000  -22.500011775.9072   16.4173
   -7.5000   22.5000  -22.500010969.9453   16.3452
    0.0000   22.5000  -22.500011298.4805   16.3659
    7.5000   22.5000  -22.500010700.2109   16.4189
   -7.5000   30.0000  -22.5000 9913.4844   16.1443
    0.0000   30.0000  -22.500010215.2480   16.1629
    7.5000   30.0000  -22.5000 9635.1621   16.2243
   -7.5000   37.5000  -22.5000 9143.8096   16.2393
    0.0000   37.5000  -22.5000 9425.2666   16.2552
    7.5000   37.5000  -22.5000 8879.8672   16.3157
   -7.5000   45.0000  -22.5000 8048.4004   16.0477
    0.0000   45.0000  -22.5000 8271.1094   16.0634
    7.5000   45.0000  -22.5000 7803.7163   16.1133
   -7.5000  -45.0000  -15.000011928.5635   16.7864
    0.0000  -45.0000  -15.000012406.8047   16.8085
    7.5000  -45.0000  -15.000011726.6016   16.8671
   -7.5000  -37.5000  -15.000012194.9365   16.7842
    0.0000  -37.5000  -15.000012692.8740   16.8091
    7.5000  -37.5000  -15.000012036.3135   16.8614
   -7.5000  -30.0000  -15.000012915.7314   16.7779
    0.0000  -30.0000  -15.000013443.8789   16.8051
    7.5000  -30.0000  -15.000012765.9922   16.8588
   -7.5000  -22.5000  -15.000013636.4678   16.7690
    0.0000  -22.5000  -15.000014213.0166   16.7948
    7.5000  -22.5000  -15.000013458.2217   16.8577
   -7.5000  -15.0000  -15.000014186.5859   16.7604
    0.0000  -15.0000  -15.000014774.7197   16.7830
    7.5000  -15.0000  -15.000013963.6660   16.8548
   -7.5000   -7.5000  -15.000014587.3271   16.7682
    0.0000   -7.5000  -15.000015178.6768   16.7896
    7.5000   -7.5000  -15.000014343.3994   16.8584
   -7.5000    0.0000  -15.000014859.8506   16.7831
    0.0000    0.0000  -15.000015416.2939   16.8054
    7.5000    0.0000  -15.000014558.8750   16.8639
   -7.5000    7.5000  -15.000013925.5596   16.7842
    0.0000    7.5000  -15.000014410.4658   16.8090
    7.5000    7.5000  -15.000013610.2441   16.8614
   -7.5000   15.0000  -15.000012749.5410   16.7779
    0.0000   15.0000  -15.000013167.9873   16.8051
    7.5000   15.0000  -15.000012430.5918   16.8588
   -7.5000   22.5000  -15.000011575.1025   16.7632
    0.0000   22.5000  -15.000011939.8516   16.7889
    7.5000   22.5000  -15.000011282.0967   16.8518
   -7.5000   30.0000  -15.000010427.3574   16.5564
    0.0000   30.0000  -15.000010758.3105   16.5789
    7.5000   30.0000  -15.000010146.4082   16.6499
   -7.5000   37.5000  -15.0000 9591.3574   16.6599
    0.0000   37.5000  -15.0000 9899.1836   16.6815
    7.5000   37.5000  -15.0000 9330.1221   16.7506
   -7.5000   45.0000  -15.0000 8434.3477   16.4753
    0.0000   45.0000  -15.0000 8693.5693   16.4984
    7.5000   45.0000  -15.0000 8198.9473   16.5566
   -7.5000  -45.0000   -7.500012678.0635   16.9819
    0.0000  -45.0000   -7.500013200.9473   17.0077
    7.5000  -45.0000   -7.500012507.2988   17.0677
   -7.5000  -37.5000   -7.500012908.7549   16.9814
    0.0000  -37.5000   -7.500013430.1523   17.0128
    7.5000  -37.5000   -7.500012799.1016   17.0719
   -7.5000  -30.0000   -7.500013593.8848   16.9740
    0.0000  -30.0000   -7.500014152.0723   17.0089
    7.5000  -30.0000   -7.500013549.1377   17.0725
   -7.5000  -22.5000   -7.500014354.4180   16.9618
    0.0000  -22.5000   -7.500014952.0254   16.9933
    7.5000  -22.5000   -7.500014260.4580   17.0630
   -7.5000  -15.0000   -7.500014974.8125   16.9511
    0.0000  -15.0000   -7.500015599.7715   16.9770
    7.5000  -15.0000   -7.500014804.4707   17.0506
   -7.5000   -7.5000   -7.500015395.9482   16.9605
    0.0000   -7.5000   -7.500016011.7588   16.9843
    7.5000   -7.5000   -7.500015181.9248   17.0526
   -7.5000    0.0000   -7.500015625.0010   16.9787
    0.0000    0.0000   -7.500016209.2715   17.0046
    7.5000    0.0000   -7.500015348.0635   17.0646
   -7.5000    7.5000   -7.500014648.0078   16.9814
    0.0000    7.5000   -7.500015147.1777   17.0128
    7.5000    7.5000   -7.500014351.8066   17.0719
   -7.5000   15.0000   -7.500013422.3633   16.9740
    0.0000   15.0000   -7.500013847.0654   17.0089
    7.5000   15.0000   -7.500013126.3213   17.0725
   -7.5000   22.5000   -7.500012156.7422   16.9541
    0.0000   22.5000   -7.500012529.2441   16.9855
    7.5000   22.5000   -7.500011911.9053   17.0552
   -7.5000   30.0000   -7.500010951.0215   16.7444
    0.0000   30.0000   -7.500011299.9072   16.7701
    7.5000   30.0000   -7.500010695.9971   16.8430
   -7.5000   37.5000   -7.500010040.1641   16.8525
    0.0000   37.5000   -7.500010366.1973   16.8770
    7.5000   37.5000   -7.5000 9800.2246   16.9451
   -7.5000   45.0000   -7.5000 8781.9844   16.6743
    0.0000   45.0000   -7.5000 9068.3291   16.7019
    7.5000   45.0000   -7.5000 8579.9561   16.7627
   -7.5000  -45.0000    0.000013327.0879   16.9892
    0.0000  -45.0000    0.000013853.3281   17.0110
    7.5000  -45.0000    0.000013211.5010   17.0651
   -7.5000  -37.5000    0.000013600.9297   16.9869
    0.0000  -37.5000    0.000014130.6816   17.0165
    7.5000  -37.5000    0.000013532.3633   17.0745
   -7.5000  -30.0000    0.000014294.0781   16.9806
    0.0000  -30.0000    0.000014860.5811   17.0162
    7.5000  -30.0000    0.000014312.6543   17.0812
   -7.5000  -22.5000    0.000015068.7705   16.9709
    0.0000  -22.5000    0.000015672.6494   17.0040
    7.5000  -22.5000    0.000015054.5977   17.0728
   -7.5000  -15.0000    0.000015720.3301   16.9624
    0.0000  -15.0000    0.000016329.7324   16.9886
    7.5000  -15.0000    0.000015628.9229   17.0568
   -7.5000   -7.5000    0.000016134.6992   16.9712
    0.0000   -7.5000    0.000016743.8203   16.9924
    7.5000   -7.5000    0.000015979.6406   17.0527
   -7.5000    0.0000    0.000016331.5596   16.9860
    0.0000    0.0000    0.000016931.1582   17.0080
    7.5000    0.0000    0.000016138.1641   17.0621
   -7.5000    7.5000    0.000015241.6611   16.9869
    0.0000    7.5000    0.000015763.5664   17.0165
    7.5000    7.5000    0.000015040.0791   17.0745
   -7.5000   15.0000    0.000013950.4434   16.9806
    0.0000   15.0000    0.000014407.9951   17.0162
    7.5000   15.0000    0.000013760.5020   17.0812
   -7.5000   22.5000    0.000012673.8174   16.9632
    0.0000   22.5000    0.000013067.2910   16.9963
    7.5000   22.5000    0.000012480.4961   17.0650
   -7.5000   30.0000    0.000011408.6709   16.7558
    0.0000   30.0000    0.000011767.8506   16.7819
    7.5000   30.0000    0.000011163.5000   16.8493
   -7.5000   37.5000    0.000010425.1338   16.8614
    0.0000   37.5000    0.000010754.9658   16.8839
    7.5000   37.5000    0.000010209.7305   16.9443
   -7.5000   45.0000    0.0000 9107.1836   16.6844
    0.0000   45.0000    0.0000 9393.4092   16.7093
    7.5000   45.0000    0.0000 8935.1719   16.7651
   -7.5000  -45.0000    7.500012941.7588   16.9618
    0.0000  -45.0000    7.500013435.1660   16.9760
    7.5000  -45.0000    7.500012852.3604   17.0234
   -7.5000  -37.5000    7.500013300.6133   16.9555
    0.0000  -37.5000    7.500013771.6484   16.9760
    7.5000  -37.5000    7.500013199.6191   17.0259
   -7.5000  -30.0000    7.500013927.2344   16.9509
    0.0000  -30.0000    7.500014429.6973   16.9786
    7.5000  -30.0000    7.500013947.8955   17.0339
   -7.5000  -22.5000    7.500014615.6855   16.9466
    0.0000  -22.5000    7.500015149.8682   16.9753
    7.5000  -22.5000    7.500014640.8906   17.0355
   -7.5000  -15.0000    7.500015153.2822   16.9426
    0.0000  -15.0000    7.500015708.6289   16.9662
    7.5000  -15.0000    7.500015150.3828   17.0275
   -7.5000   -7.5000    7.500015488.4619   16.9502
    0.0000   -7.5000    7.500016097.5801   16.9664
    7.5000   -7.5000    7.500015493.8770   17.0204
   -7.5000    0.0000    7.500015630.2725   16.9587
    0.0000    0.0000    7.500016223.2764   16.9730
    7.5000    0.0000    7.500015601.0410   17.0204
   -7.5000    7.5000    7.500014599.2354   16.9554
    0.0000    7.5000    7.500015097.6074   16.9760
    7.5000    7.5000    7.500014517.3389   17.0259
   -7.5000   15.0000    7.500013412.5459   16.9509
    0.0000   15.0000    7.500013843.1123   16.9786
    7.5000   15.0000    7.500013293.3643   17.0339
   -7.5000   22.5000    7.500012204.2188   16.9389
    0.0000   22.5000    7.500012581.6465   16.9676
    7.5000   22.5000    7.500012079.5254   17.0278
   -7.5000   30.0000    7.500011003.9854   16.7361
    0.0000   30.0000    7.500011341.7773   16.7594
    7.5000   30.0000    7.500010801.7266   16.8201
   -7.5000   37.5000    7.500010068.5742   16.8359
    0.0000   37.5000    7.500010377.4033   16.8534
    7.5000   37.5000    7.5000 9894.3359   16.9082
   -7.5000   45.0000    7.5000 8787.1797   16.6548
    0.0000   45.0000    7.5000 9044.3916   16.6722
    7.5000   45.0000    7.5000 8651.4414   16.7212
   -7.5000  -45.0000   15.000012387.2764   16.9606
    0.0000  -45.0000   15.000012862.5918   16.9713
    7.5000  -45.0000   15.000012330.5703   17.0176
   -7.5000  -37.5000   15.000012714.2441   16.9525
    0.0000  -37.5000   15.000013183.7529   16.9668
    7.5000  -37.5000   15.000012665.1221   17.0107
   -7.5000  -30.0000   15.000013376.3809   16.9490
    0.0000  -30.0000   15.000013890.3350   16.9689
    7.5000  -30.0000   15.000013390.1973   17.0144
   -7.5000  -22.5000   15.000014077.2920   16.9478
    0.0000  -22.5000   15.000014627.4082   16.9701
    7.5000  -22.5000   15.000014099.0000   17.0228
   -7.5000  -15.0000   15.000014582.3389   16.9460
    0.0000  -15.0000   15.000015128.1475   16.9656
    7.5000  -15.0000   15.000014574.9414   17.0241
   -7.5000   -7.5000   15.000014917.2109   16.9523
    0.0000   -7.5000   15.000015480.4678   16.9656
    7.5000   -7.5000   15.000014915.4248   17.0196
   -7.5000    0.0000   15.000015026.1572   16.9574
    0.0000    0.0000   15.000015553.7061   16.9682
    7.5000    0.0000   15.000014984.0215   17.0145
   -7.5000    7.5000   15.000013989.7480   16.9525
    0.0000    7.5000   15.000014442.5635   16.9668
    7.5000    7.5000   15.000013914.9258   17.0107
   -7.5000   15.0000   15.000012839.0586   16.9490
    0.0000   15.0000   15.000013228.7480   16.9689
    7.5000   15.0000   15.000012747.2314   17.0144
   -7.5000   22.5000   15.000011672.2773   16.9401
    0.0000   22.5000   15.000012019.2559   16.9625
    7.5000   22.5000   15.000011574.4795   17.0151
   -7.5000   30.0000   15.000010495.8574   16.7393
    0.0000   30.0000   15.000010810.7314   16.7587
    7.5000   30.0000   15.000010341.1240   16.8166
   -7.5000   37.5000   15.0000 9600.0381   16.8355
    0.0000   37.5000   15.0000 9895.9717   16.8496
    7.5000   37.5000   15.0000 9451.2920   16.9051
   -7.5000   45.0000   15.0000 8363.7324   16.6495
    0.0000   45.0000   15.0000 8625.4180   16.6626
    7.5000   45.0000   15.0000 8244.9795   16.7095
   -7.5000  -45.0000   22.500011722.5068   17.0266
    0.0000  -45.0000   22.500012187.4199   17.0415
    7.5000  -45.0000   22.500011667.6426   17.0936
   -7.5000  -37.5000   22.500012013.1250   17.0210
    0.0000  -37.5000   22.500012468.1680   17.0379
    7.5000  -37.5000   22.500011992.7100   17.0837
   -7.5000  -30.0000   22.500012717.5781   17.0172
    0.0000  -30.0000   22.500013199.8975   17.0374
    7.5000  -30.0000   22.500012688.9639   17.0833
   -7.5000  -22.5000   22.500013486.2363   17.0137
    0.0000  -22.5000   22.500014023.3018   17.0351
    7.5000  -22.5000   22.500013412.3223   17.0901
   -7.5000  -15.0000   22.500014046.5234   17.0091
    0.0000  -15.0000   22.500014596.4336   17.0285
    7.5000  -15.0000   22.500013918.2607   17.0928
   -7.5000   -7.5000   22.500014382.2061   17.0150
    0.0000   -7.5000   22.500014933.6553   17.0311
    7.5000   -7.5000   22.500014265.3994   17.0927
   -7.5000    0.0000   22.500014419.1934   17.0233
    0.0000    0.0000   22.500014936.6045   17.0383
    7.5000    0.0000   22.500014305.8984   17.0904
   -7.5000    7.5000   22.500013375.2734   17.0210
    0.0000    7.5000   22.500013797.3428   17.0378
    7.5000    7.5000   22.500013248.2871   17.0837
   -7.5000   15.0000   22.500012241.0068   17.0172
    0.0000   15.0000   22.500012624.9727   17.0374
    7.5000   15.0000   22.500012100.5566   17.0833
   -7.5000   22.5000   22.500011094.1846   17.0060
    0.0000   22.5000   22.500011439.5840   17.0274
    7.5000   22.5000   22.500010989.6992   17.0824
   -7.5000   30.0000   22.5000 9947.8311   16.8018
    0.0000   30.0000   22.500010251.7842   16.8210
    7.5000   30.0000   22.5000 9822.1621   16.8847
   -7.5000   37.5000   22.5000 9105.9678   16.9006
    0.0000   37.5000   22.5000 9391.1406   16.9170
    7.5000   37.5000   22.5000 8990.1973   16.9798
   -7.5000   45.0000   22.5000 7948.4756   16.7137
    0.0000   45.0000   22.5000 8186.4800   16.7298
    7.5000   45.0000   22.5000 7817.9399   16.7817
   -7.5000  -45.0000   30.000011026.1973   17.1195
    0.0000  -45.0000   30.000011469.0010   17.1417
    7.5000  -45.0000   30.000010946.4033   17.2010
   -7.5000  -37.5000   30.000011355.2148   17.1175
    0.0000  -37.5000   30.000011784.9922   17.1426
    7.5000  -37.5000   30.000011263.1777   17.1956
   -7.5000  -30.0000   30.000012027.1260   17.1112
    0.0000  -30.0000   30.000012476.1885   17.1387
    7.5000  -30.0000   30.000011930.5518   17.1932
   -7.5000  -22.5000   30.000012720.4541   17.1020
    0.0000  -22.5000   30.000013205.3691   17.1280
    7.5000  -22.5000   30.000012627.9014   17.1920
   -7.5000  -15.0000   30.000013255.3193   17.0928
    0.0000  -15.0000   30.000013766.3604   17.1156
    7.5000  -15.0000   30.000013122.4824   17.1886
   -7.5000   -7.5000   30.000013616.1699   17.1006
    0.0000   -7.5000   30.000014143.0371   17.1222
    7.5000   -7.5000   30.000013472.5918   17.1921
   -7.5000    0.0000   30.000013677.3594   17.1161
    0.0000    0.0000   30.000014188.3027   17.1385
    7.5000    0.0000   30.000013514.0312   17.1978
   -7.5000    7.5000   30.000012679.6699   17.1175
    0.0000    7.5000   30.000013107.8984   17.1426
    7.5000    7.5000   30.000012504.0732   17.1956
   -7.5000   15.0000   30.000011585.0713   17.1112
    0.0000   15.0000   30.000011958.7197   17.1387
    7.5000   15.0000   30.000011400.9375   17.1932
   -7.5000   22.5000   30.000010472.7012   17.0942
    0.0000   22.5000   30.000010816.2627   17.1202
    7.5000   22.5000   30.000010324.2666   17.1842
   -7.5000   30.0000   30.0000 9365.9902   16.8847
    0.0000   30.0000   30.0000 9679.7227   16.9075
    7.5000   30.0000   30.0000 9216.3564   16.9798
   -7.5000   37.5000   30.0000 8538.5215   16.9908
    0.0000   37.5000   30.0000 8844.8984   17.0126
    7.5000   37.5000   30.0000 8429.6592   17.0828
   -7.5000   45.0000   30.0000 7452.0039   16.8085
    0.0000   45.0000   30.0000 7694.8584   16.8317
    7.5000   45.0000   30.0000 7333.2793   16.8907
   -7.5000  -45.0000   37.500010703.6768   17.2056
    0.0000  -45.0000   37.500011140.1348   17.2310
    7.5000  -45.0000   37.500010588.7656   17.2916
   -7.5000  -37.5000   37.500011006.7383   17.2053
    0.0000  -37.5000   37.500011438.3477   17.2364
    7.5000  -37.5000   37.500010895.2002   17.2962
   -7.5000  -30.0000   37.500011665.5303   17.1974
    0.0000  -30.0000   37.500012112.3711   17.2322
    7.5000  -30.0000   37.500011549.5479   17.2968
   -7.5000  -22.5000   37.500012308.9375   17.1846
    0.0000  -22.5000   37.500012781.6797   17.2159
    7.5000  -22.5000   37.500012200.5215   17.2867
   -7.5000  -15.0000   37.500012816.0986   17.1734
    0.0000  -15.0000   37.500013327.7334   17.1990
    7.5000  -15.0000   37.500012700.1816   17.2736
   -7.5000   -7.5000   37.500013170.1641   17.1832
    0.0000   -7.5000   37.500013693.1445   17.2066
    7.5000   -7.5000   37.500013062.1230   17.2757
   -7.5000    0.0000   37.500013261.0977   17.2023
    0.0000    0.0000   37.500013779.8770   17.2278
    7.5000    0.0000   37.500013127.2373   17.2884
   -7.5000    7.5000   37.500012290.7158   17.2053
    0.0000    7.5000   37.500012733.3584   17.2364
    7.5000    7.5000   37.500012139.0850   17.2962
   -7.5000   15.0000   37.500011206.4502   17.1974
    0.0000   15.0000   37.500011593.9648   17.2322
    7.5000   15.0000   37.500011071.6172   17.2968
   -7.5000   22.5000   37.500010142.1758   17.1768
    0.0000   22.5000   37.500010493.2598   17.2080
    7.5000   22.5000   37.500010016.5557   17.2788
   -7.5000   30.0000   37.5000 9048.7178   16.9645
    0.0000   30.0000   37.5000 9366.8906   16.9900
    7.5000   30.0000   37.5000 8925.2822   17.0638
   -7.5000   37.5000   37.5000 8270.2949   17.0746
    0.0000   37.5000   37.5000 8564.3418   17.0989
    7.5000   37.5000   37.5000 8172.1670   17.1677
   -7.5000   45.0000   37.5000 7223.9878   16.8959
    0.0000   45.0000   37.5000 7478.4819   16.9230
    7.5000   45.0000   37.5000 7121.3906   16.9843
   -7.5000  -45.0000   45.0000 9822.2324   17.2910
    0.0000  -45.0000   45.000010217.1240   17.3128
    7.5000  -45.0000   45.0000 9691.4795   17.3685
   -7.5000  -37.5000   45.000010115.5371   17.2881
    0.0000  -37.5000   45.000010511.9473   17.3181
    7.5000  -37.5000   45.0000 9981.2852   17.3783
   -7.5000  -30.0000   45.000010720.7500   17.2806
    0.0000  -30.0000   45.000011137.0635   17.3170
    7.5000  -30.0000   45.000010581.9277   17.3848
   -7.5000  -22.5000   45.000011281.3203   17.2702
    0.0000  -22.5000   45.000011725.6924   17.3038
    7.5000  -22.5000   45.000011172.9238   17.3756
   -7.5000  -15.0000   45.000011758.3916   17.2617
    0.0000  -15.0000   45.000012221.3848   17.2880
    7.5000  -15.0000   45.000011648.4707   17.3589
   -7.5000   -7.5000   45.000012116.1494   17.2719
    0.0000   -7.5000   45.000012586.6445   17.2927
    7.5000   -7.5000   45.000012006.0391   17.3551
   -7.5000    0.0000   45.000012227.0283   17.2878
    0.0000    0.0000   45.000012698.9395   17.3097
    7.5000    0.0000   45.000012091.9395   17.3653
   -7.5000    7.5000   45.000011312.0684   17.2881
    0.0000    7.5000   45.000011720.6064   17.3181
    7.5000    7.5000   45.000011166.4785   17.3783
   -7.5000   15.0000   45.000010316.6143   17.2806
    0.0000   15.0000   45.000010667.8789   17.3170
    7.5000   15.0000   45.000010189.1299   17.3848
   -7.5000   22.5000   45.0000 9350.9893   17.2622
    0.0000   22.5000   45.0000 9663.2764   17.2958
    7.5000   22.5000   45.0000 9230.1172   17.3675
   -7.5000   30.0000   45.0000 8324.5977   17.0447
    0.0000   30.0000   45.0000 8607.7285   17.0706
    7.5000   30.0000   45.0000 8220.3145   17.1407
   -7.5000   37.5000   45.0000 7611.1958   17.1485
    0.0000   37.5000   45.0000 7882.7197   17.1703
    7.5000   37.5000   45.0000 7532.8628   17.2323
   -7.5000   45.0000   45.0000 6664.8735   16.9750
    0.0000   45.0000   45.0000 6901.8525   16.9992
    7.5000   45.0000   45.0000 6588.1323   17.0561

---------------------------------------------------------------------
imgreg_4dfp /opt/freesurfer/average/711-2C_as_mni_average_305 /opt/freesurfer/average/711-2B_as_mni_average_305_mask talsrcimg_g11 none talsrcimg_to_711-2C_as_mni_average_305_t4 4355
---------------------------------------------------------------------

freesurfer imgreg_4dfp.c
/opt/freesurfer/average/711-2C_as_mni_average_305.4dfp.img
       256       256       256         1
  1.000000  1.000000  1.000000
orientation T byte_order littleendian
Reading image: /opt/freesurfer/average/711-2C_as_mni_average_305.4dfp.img
dimensions:      256       256       256
mmppix:       1.0000   -1.0000   -1.0000
center:     128.0000 -129.0000 -129.0000
/opt/freesurfer/average/711-2B_as_mni_average_305_mask.4dfp.img
       256       256       256         1
  1.000000  1.000000  1.000000
orientation T byte_order littleendian
Reading mask: /opt/freesurfer/average/711-2B_as_mni_average_305_mask.4dfp.img (2306576 pixels)
talsrcimg_g11.4dfp.img
       256       256       256         1
  1.000000  1.000000  1.000000
orientation T byte_order littleendian
Reading image: talsrcimg_g11.4dfp.img
dimensions:      256       256       256
mmppix:       1.0000   -1.0000   -1.0000
center:     128.0000 -129.0000 -129.0000
rotation matrix determinant  1.000000
image alignment mode   4355 decimal     1103 hex
   -7.5000  -45.0000  -45.0000 2227.7402   14.2055
    0.0000  -45.0000  -45.0000 2227.2944   14.1414
    7.5000  -45.0000  -45.0000 2204.2703   14.4056
   -7.5000  -37.5000  -45.0000 2257.7439   13.6440
    0.0000  -37.5000  -45.0000 2260.9163   13.6026
    7.5000  -37.5000  -45.0000 2236.4028   13.8951
   -7.5000  -30.0000  -45.0000 2268.4629   13.3740
    0.0000  -30.0000  -45.0000 2273.3645   13.3478
    7.5000  -30.0000  -45.0000 2248.2749   13.6757
   -7.5000  -22.5000  -45.0000 2275.2725   13.3588
    0.0000  -22.5000  -45.0000 2279.6384   13.3471
    7.5000  -22.5000  -45.0000 2251.2471   13.6739
   -7.5000  -15.0000  -45.0000 2257.1787   13.7020
    0.0000  -15.0000  -45.0000 2266.5195   13.6797
    7.5000  -15.0000  -45.0000 2232.9756   14.0142
   -7.5000   -7.5000  -45.0000 2218.1951   14.3104
    0.0000   -7.5000  -45.0000 2224.2642   14.2599
    7.5000   -7.5000  -45.0000 2193.3079   14.6270
   -7.5000    0.0000  -45.0000 2157.5176   15.1751
    0.0000    0.0000  -45.0000 2164.7764   15.1151
    7.5000    0.0000  -45.0000 2132.6199   15.4848
   -7.5000    7.5000  -45.0000 2079.1367   16.2914
    0.0000    7.5000  -45.0000 2086.2278   16.2637
    7.5000    7.5000  -45.0000 2052.9778   16.6556
   -7.5000   15.0000  -45.0000 1984.7832   17.8323
    0.0000   15.0000  -45.0000 1986.1143   17.7982
    7.5000   15.0000  -45.0000 1958.6176   18.2124
   -7.5000   22.5000  -45.0000 1876.9954   19.9326
    0.0000   22.5000  -45.0000 1883.5541   19.8571
    7.5000   22.5000  -45.0000 1857.9370   20.2989
   -7.5000   30.0000  -45.0000 1761.6624   22.7752
    0.0000   30.0000  -45.0000 1763.5963   22.7164
    7.5000   30.0000  -45.0000 1741.2986   23.1871
   -7.5000   37.5000  -45.0000 1637.7764   26.7778
    0.0000   37.5000  -45.0000 1637.7798   26.6621
    7.5000   37.5000  -45.0000 1616.5380   27.2825
   -7.5000   45.0000  -45.0000 1500.5063   32.3596
    0.0000   45.0000  -45.0000 1506.9399   32.3577
    7.5000   45.0000  -45.0000 1483.5269   33.1659
   -7.5000  -45.0000  -37.5000 2328.7581   13.0842
    0.0000  -45.0000  -37.5000 2328.7146   13.0484
    7.5000  -45.0000  -37.5000 2305.6440   13.2781
   -7.5000  -37.5000  -37.5000 2357.2026   12.5714
    0.0000  -37.5000  -37.5000 2358.7214   12.5541
    7.5000  -37.5000  -37.5000 2335.8535   12.7930
   -7.5000  -30.0000  -37.5000 2371.2844   12.3513
    0.0000  -30.0000  -37.5000 2373.7578   12.3559
    7.5000  -30.0000  -37.5000 2347.6162   12.6131
   -7.5000  -22.5000  -37.5000 2376.4014   12.3330
    0.0000  -22.5000  -37.5000 2379.1787   12.3508
    7.5000  -22.5000  -37.5000 2347.8416   12.6187
   -7.5000  -15.0000  -37.5000 2356.2559   12.6051
    0.0000  -15.0000  -37.5000 2362.3333   12.5888
    7.5000  -15.0000  -37.5000 2330.8630   12.9020
   -7.5000   -7.5000  -37.5000 2320.6785   13.1466
    0.0000   -7.5000  -37.5000 2325.2126   13.1216
    7.5000   -7.5000  -37.5000 2290.0308   13.4434
   -7.5000    0.0000  -37.5000 2255.1667   13.9259
    0.0000    0.0000  -37.5000 2263.3306   13.8941
    7.5000    0.0000  -37.5000 2228.8062   14.2146
   -7.5000    7.5000  -37.5000 2169.3828   14.9545
    0.0000    7.5000  -37.5000 2175.3669   14.9231
    7.5000    7.5000  -37.5000 2142.8904   15.2638
   -7.5000   15.0000  -37.5000 2068.9470   16.3856
    0.0000   15.0000  -37.5000 2074.0239   16.3311
    7.5000   15.0000  -37.5000 2042.8207   16.6922
   -7.5000   22.5000  -37.5000 1960.2610   18.3260
    0.0000   22.5000  -37.5000 1965.4011   18.2411
    7.5000   22.5000  -37.5000 1934.2782   18.5822
   -7.5000   30.0000  -37.5000 1836.8679   20.8503
    0.0000   30.0000  -37.5000 1839.5903   20.8158
    7.5000   30.0000  -37.5000 1811.9176   21.1746
   -7.5000   37.5000  -37.5000 1702.1064   24.3603
    0.0000   37.5000  -37.5000 1705.5942   24.3055
    7.5000   37.5000  -37.5000 1679.5839   24.7885
   -7.5000   45.0000  -37.5000 1560.4001   29.2765
    0.0000   45.0000  -37.5000 1562.8713   29.2826
    7.5000   45.0000  -37.5000 1541.6390   29.8620
   -7.5000  -45.0000  -30.0000 2467.6729   12.5014
    0.0000  -45.0000  -30.0000 2465.8171   12.4706
    7.5000  -45.0000  -30.0000 2438.5618   12.7193
   -7.5000  -37.5000  -30.0000 2504.4976   12.0148
    0.0000  -37.5000  -30.0000 2506.3352   12.0190
    7.5000  -37.5000  -30.0000 2477.1807   12.2599
   -7.5000  -30.0000  -30.0000 2519.0051   11.8123
    0.0000  -30.0000  -30.0000 2525.0259   11.8159
    7.5000  -30.0000  -30.0000 2491.1692   12.0624
   -7.5000  -22.5000  -30.0000 2521.6089   11.8216
    0.0000  -22.5000  -30.0000 2529.6978   11.8407
    7.5000  -22.5000  -30.0000 2491.5730   12.0824
   -7.5000  -15.0000  -30.0000 2505.6104   12.0812
    0.0000  -15.0000  -30.0000 2512.3926   12.0836
    7.5000  -15.0000  -30.0000 2475.8799   12.3410
   -7.5000   -7.5000  -30.0000 2467.8567   12.5620
    0.0000   -7.5000  -30.0000 2472.8047   12.5524
    7.5000   -7.5000  -30.0000 2434.2363   12.8373
   -7.5000    0.0000  -30.0000 2395.6218   13.2887
    0.0000    0.0000  -30.0000 2405.7727   13.2522
    7.5000    0.0000  -30.0000 2364.7585   13.5581
   -7.5000    7.5000  -30.0000 2299.6572   14.2927
    0.0000    7.5000  -30.0000 2307.9841   14.2611
    7.5000    7.5000  -30.0000 2273.0454   14.5533
   -7.5000   15.0000  -30.0000 2189.3606   15.6482
    0.0000   15.0000  -30.0000 2195.6858   15.6040
    7.5000   15.0000  -30.0000 2165.1499   15.9259
   -7.5000   22.5000  -30.0000 2067.9048   17.4761
    0.0000   22.5000  -30.0000 2072.9978   17.4266
    7.5000   22.5000  -30.0000 2045.8500   17.7177
   -7.5000   30.0000  -30.0000 1942.9490   19.9039
    0.0000   30.0000  -30.0000 1942.2385   19.8352
    7.5000   30.0000  -30.0000 1912.9404   20.1344
   -7.5000   37.5000  -30.0000 1793.3373   23.1927
    0.0000   37.5000  -30.0000 1799.1158   23.1195
    7.5000   37.5000  -30.0000 1765.8530   23.4883
   -7.5000   45.0000  -30.0000 1646.6371   27.7208
    0.0000   45.0000  -30.0000 1648.7581   27.6910
    7.5000   45.0000  -30.0000 1624.2183   28.1251
   -7.5000  -45.0000  -22.5000 2574.8198   11.8485
    0.0000  -45.0000  -22.5000 2578.7153   11.8466
    7.5000  -45.0000  -22.5000 2544.1252   12.1078
   -7.5000  -37.5000  -22.5000 2622.1497   11.3891
    0.0000  -37.5000  -22.5000 2627.7173   11.3837
    7.5000  -37.5000  -22.5000 2589.0327   11.6360
   -7.5000  -30.0000  -22.5000 2649.8682   11.2042
    0.0000  -30.0000  -22.5000 2653.8708   11.1962
    7.5000  -30.0000  -22.5000 2611.3376   11.4426
   -7.5000  -22.5000  -22.5000 2650.5229   11.2480
    0.0000  -22.5000  -22.5000 2658.6772   11.2759
    7.5000  -22.5000  -22.5000 2615.0483   11.4915
   -7.5000  -15.0000  -22.5000 2633.5107   11.5111
    0.0000  -15.0000  -22.5000 2643.0308   11.5085
    7.5000  -15.0000  -22.5000 2599.1130   11.7498
   -7.5000   -7.5000  -22.5000 2587.5811   11.9689
    0.0000   -7.5000  -22.5000 2598.0696   11.9418
    7.5000   -7.5000  -22.5000 2553.4363   12.2024
   -7.5000    0.0000  -22.5000 2512.0857   12.6549
    0.0000    0.0000  -22.5000 2523.1223   12.6263
    7.5000    0.0000  -22.5000 2479.1094   12.8927
   -7.5000    7.5000  -22.5000 2407.6323   13.5859
    0.0000    7.5000  -22.5000 2418.3823   13.5594
    7.5000    7.5000  -22.5000 2379.5261   13.8483
   -7.5000   15.0000  -22.5000 2287.7622   14.8960
    0.0000   15.0000  -22.5000 2294.9707   14.8631
    7.5000   15.0000  -22.5000 2261.1040   15.1146
   -7.5000   22.5000  -22.5000 2151.8518   16.6242
    0.0000   22.5000  -22.5000 2157.8406   16.5813
    7.5000   22.5000  -22.5000 2132.8691   16.8534
   -7.5000   30.0000  -22.5000 2015.5684   18.9247
    0.0000   30.0000  -22.5000 2019.9866   18.8337
    7.5000   30.0000  -22.5000 1991.3962   19.1603
   -7.5000   37.5000  -22.5000 1868.1333   22.0011
    0.0000   37.5000  -22.5000 1873.9551   21.9143
    7.5000   37.5000  -22.5000 1842.0935   22.2668
   -7.5000   45.0000  -22.5000 1715.1697   26.2219
    0.0000   45.0000  -22.5000 1717.0518   26.1711
    7.5000   45.0000  -22.5000 1690.7567   26.5476
   -7.5000  -45.0000  -15.0000 2654.9104   11.2870
    0.0000  -45.0000  -15.0000 2660.5439   11.2933
    7.5000  -45.0000  -15.0000 2620.8936   11.5792
   -7.5000  -37.5000  -15.0000 2709.2029   10.8219
    0.0000  -37.5000  -15.0000 2717.9155   10.8271
    7.5000  -37.5000  -15.0000 2676.1321   11.0986
   -7.5000  -30.0000  -15.0000 2743.0369   10.6045
    0.0000  -30.0000  -15.0000 2750.5427   10.6179
    7.5000  -30.0000  -15.0000 2703.2322   10.8736
   -7.5000  -22.5000  -15.0000 2752.7632   10.6816
    0.0000  -22.5000  -15.0000 2763.8508   10.6849
    7.5000  -22.5000  -15.0000 2712.9260   10.9111
   -7.5000  -15.0000  -15.0000 2736.2859   10.9667
    0.0000  -15.0000  -15.0000 2748.6833   10.9625
    7.5000  -15.0000  -15.0000 2695.5601   11.1665
   -7.5000   -7.5000  -15.0000 2684.6172   11.3945
    0.0000   -7.5000  -15.0000 2699.7642   11.3827
    7.5000   -7.5000  -15.0000 2645.3225   11.6143
   -7.5000    0.0000  -15.0000 2603.0823   12.0500
    0.0000    0.0000  -15.0000 2615.8958   12.0238
    7.5000    0.0000  -15.0000 2564.1931   12.2812
   -7.5000    7.5000  -15.0000 2489.3086   12.9408
    0.0000    7.5000  -15.0000 2500.2336   12.9184
    7.5000    7.5000  -15.0000 2456.9021   13.2117
   -7.5000   15.0000  -15.0000 2360.0381   14.1855
    0.0000   15.0000  -15.0000 2369.5103   14.1455
    7.5000   15.0000  -15.0000 2332.0647   14.4433
   -7.5000   22.5000  -15.0000 2219.1755   15.8398
    0.0000   22.5000  -15.0000 2223.6094   15.7763
    7.5000   22.5000  -15.0000 2194.7625   16.0731
   -7.5000   30.0000  -15.0000 2072.7690   18.0099
    0.0000   30.0000  -15.0000 2079.0154   17.9019
    7.5000   30.0000  -15.0000 2047.4390   18.2480
   -7.5000   37.5000  -15.0000 1917.1399   20.8801
    0.0000   37.5000  -15.0000 1927.1083   20.7962
    7.5000   37.5000  -15.0000 1890.6167   21.1710
   -7.5000   45.0000  -15.0000 1763.3890   24.7778
    0.0000   45.0000  -15.0000 1768.4569   24.7107
    7.5000   45.0000  -15.0000 1740.0326   25.1622
   -7.5000  -45.0000   -7.5000 2715.4202   10.7827
    0.0000  -45.0000   -7.5000 2723.5439   10.8014
    7.5000  -45.0000   -7.5000 2681.2126   11.1236
   -7.5000  -37.5000   -7.5000 2778.8650   10.3144
    0.0000  -37.5000   -7.5000 2790.6499   10.3309
    7.5000  -37.5000   -7.5000 2742.1943   10.6421
   -7.5000  -30.0000   -7.5000 2822.5854   10.0631
    0.0000  -30.0000   -7.5000 2829.6638   10.0908
    7.5000  -30.0000   -7.5000 2778.9561   10.3985
   -7.5000  -22.5000   -7.5000 2839.5928   10.1591
    0.0000  -22.5000   -7.5000 2853.2202   10.1542
    7.5000  -22.5000   -7.5000 2792.3159   10.4328
   -7.5000  -15.0000   -7.5000 2823.1853   10.4430
    0.0000  -15.0000   -7.5000 2839.6565   10.4277
    7.5000  -15.0000   -7.5000 2774.7671   10.6586
   -7.5000   -7.5000   -7.5000 2763.0098   10.8742
    0.0000   -7.5000   -7.5000 2781.1218   10.8662
    7.5000   -7.5000   -7.5000 2719.5354   11.0995
   -7.5000    0.0000   -7.5000 2669.3684   11.4978
    0.0000    0.0000   -7.5000 2685.0459   11.4729
    7.5000    0.0000   -7.5000 2634.0945   11.7290
   -7.5000    7.5000   -7.5000 2553.5903   12.3606
    0.0000    7.5000   -7.5000 2562.4482   12.3358
    7.5000    7.5000   -7.5000 2519.8938   12.6222
   -7.5000   15.0000   -7.5000 2419.7344   13.5575
    0.0000   15.0000   -7.5000 2427.3096   13.5328
    7.5000   15.0000   -7.5000 2387.7078   13.8377
   -7.5000   22.5000   -7.5000 2270.6992   15.1255
    0.0000   22.5000   -7.5000 2274.8376   15.0870
    7.5000   22.5000   -7.5000 2245.7258   15.3930
   -7.5000   30.0000   -7.5000 2113.6450   17.1758
    0.0000   30.0000   -7.5000 2119.7505   17.0890
    7.5000   30.0000   -7.5000 2089.4253   17.4244
   -7.5000   37.5000   -7.5000 1951.2365   19.8570
    0.0000   37.5000   -7.5000 1959.8942   19.7384
    7.5000   37.5000   -7.5000 1928.8657   20.1507
   -7.5000   45.0000   -7.5000 1787.5909   23.4010
    0.0000   45.0000   -7.5000 1795.7739   23.2993
    7.5000   45.0000   -7.5000 1769.3036   23.7641
   -7.5000  -45.0000    0.0000 2756.0354   10.4309
    0.0000  -45.0000    0.0000 2763.0039   10.4422
    7.5000  -45.0000    0.0000 2721.0557   10.7980
   -7.5000  -37.5000    0.0000 2836.7515    9.9565
    0.0000  -37.5000    0.0000 2847.3853    9.9572
    7.5000  -37.5000    0.0000 2793.8159   10.2925
   -7.5000  -30.0000    0.0000 2899.5042    9.6616
    0.0000  -30.0000    0.0000 2910.3474    9.6713
    7.5000  -30.0000    0.0000 2846.0042   10.0319
   -7.5000  -22.5000    0.0000 2919.2595    9.7486
    0.0000  -22.5000    0.0000 2933.9875    9.7433
    7.5000  -22.5000    0.0000 2861.7065   10.0636
   -7.5000  -15.0000    0.0000 2891.3101   10.0462
    0.0000  -15.0000    0.0000 2907.2959   10.0367
    7.5000  -15.0000    0.0000 2839.6812   10.2976
   -7.5000   -7.5000    0.0000 2823.3123   10.4779
    0.0000   -7.5000    0.0000 2841.5295   10.4593
    7.5000   -7.5000    0.0000 2777.0129   10.7184
   -7.5000    0.0000    0.0000 2722.9500   11.0885
    0.0000    0.0000    0.0000 2737.5007   11.0760
    7.5000    0.0000    0.0000 2684.9507   11.3462
   -7.5000    7.5000    0.0000 2595.7793   11.9257
    0.0000    7.5000    0.0000 2606.0527   11.9165
    7.5000    7.5000    0.0000 2561.4995   12.2071
   -7.5000   15.0000    0.0000 2455.3699   13.0876
    0.0000   15.0000    0.0000 2462.0920   13.0757
    7.5000   15.0000    0.0000 2421.8313   13.3869
   -7.5000   22.5000    0.0000 2302.5962   14.5841
    0.0000   22.5000    0.0000 2306.8992   14.5635
    7.5000   22.5000    0.0000 2275.7715   14.8743
   -7.5000   30.0000    0.0000 2143.1633   16.5463
    0.0000   30.0000    0.0000 2149.6106   16.4809
    7.5000   30.0000    0.0000 2115.6316   16.8280
   -7.5000   37.5000    0.0000 1973.7261   19.0767
    0.0000   37.5000    0.0000 1979.9045   18.9866
    7.5000   37.5000    0.0000 1950.3948   19.3539
   -7.5000   45.0000    0.0000 1802.7507   22.4835
    0.0000   45.0000    0.0000 1811.4974   22.4190
    7.5000   45.0000    0.0000 1789.8579   22.8078
   -7.5000  -45.0000    7.5000 2771.6223   10.2642
    0.0000  -45.0000    7.5000 2778.9905   10.2442
    7.5000  -45.0000    7.5000 2732.9868   10.6347
   -7.5000  -37.5000    7.5000 2872.9255    9.7800
    0.0000  -37.5000    7.5000 2881.7368    9.7463
    7.5000  -37.5000    7.5000 2820.0432   10.1016
   -7.5000  -30.0000    7.5000 2949.6667    9.4777
    0.0000  -30.0000    7.5000 2961.1804    9.4581
    7.5000  -30.0000    7.5000 2881.6609    9.8173
   -7.5000  -22.5000    7.5000 2979.1387    9.4566
    0.0000  -22.5000    7.5000 2991.9875    9.4379
    7.5000  -22.5000    7.5000 2905.5291    9.8140
   -7.5000  -15.0000    7.5000 2930.6140    9.7355
    0.0000  -15.0000    7.5000 2945.8320    9.7091
    7.5000  -15.0000    7.5000 2873.8740   10.0510
   -7.5000   -7.5000    7.5000 2846.6963   10.2044
    0.0000   -7.5000    7.5000 2870.4868   10.1692
    7.5000   -7.5000    7.5000 2804.9949   10.4836
   -7.5000    0.0000    7.5000 2739.7751   10.8393
    0.0000    0.0000    7.5000 2757.2026   10.7999
    7.5000    0.0000    7.5000 2705.9133   11.0801
   -7.5000    7.5000    7.5000 2609.7458   11.6905
    0.0000    7.5000    7.5000 2619.9905   11.6591
    7.5000    7.5000    7.5000 2579.6880   11.9304
   -7.5000   15.0000    7.5000 2465.8308   12.8363
    0.0000   15.0000    7.5000 2473.8931   12.7939
    7.5000   15.0000    7.5000 2437.4604   13.0855
   -7.5000   22.5000    7.5000 2310.7175   14.3100
    0.0000   22.5000    7.5000 2318.8701   14.2612
    7.5000   22.5000    7.5000 2290.3972   14.5692
   -7.5000   30.0000    7.5000 2152.4451   16.2251
    0.0000   30.0000    7.5000 2162.0825   16.1401
    7.5000   30.0000    7.5000 2127.6064   16.4917
   -7.5000   37.5000    7.5000 1983.2284   18.7554
    0.0000   37.5000    7.5000 1988.3218   18.6193
    7.5000   37.5000    7.5000 1961.5513   18.9731
   -7.5000   45.0000    7.5000 1810.7939   21.9099
    0.0000   45.0000    7.5000 1816.5455   21.7858
    7.5000   45.0000    7.5000 1795.1588   22.2135
   -7.5000  -45.0000   15.0000 2761.0442   10.2918
    0.0000  -45.0000   15.0000 2772.6023   10.2501
    7.5000  -45.0000   15.0000 2717.9080   10.6604
   -7.5000  -37.5000   15.0000 2871.5569    9.7535
    0.0000  -37.5000   15.0000 2885.7656    9.7066
    7.5000  -37.5000   15.0000 2817.5896   10.0934
   -7.5000  -30.0000   15.0000 2950.3538    9.4528
    0.0000  -30.0000   15.0000 2965.1499    9.4309
    7.5000  -30.0000   15.0000 2884.7351    9.7910
   -7.5000  -22.5000   15.0000 2975.8347    9.4743
    0.0000  -22.5000   15.0000 2994.8613    9.4367
    7.5000  -22.5000   15.0000 2912.0200    9.7909
   -7.5000  -15.0000   15.0000 2934.2175    9.6969
    0.0000  -15.0000   15.0000 2951.9531    9.6593
    7.5000  -15.0000   15.0000 2881.3020    9.9787
   -7.5000   -7.5000   15.0000 2849.2485   10.1277
    0.0000   -7.5000   15.0000 2871.0159   10.0769
    7.5000   -7.5000   15.0000 2807.7847   10.3837
   -7.5000    0.0000   15.0000 2729.3184   10.7825
    0.0000    0.0000   15.0000 2746.2405   10.7213
    7.5000    0.0000   15.0000 2696.6831   11.0224
   -7.5000    7.5000   15.0000 2595.5291   11.6490
    0.0000    7.5000   15.0000 2608.4548   11.5857
    7.5000    7.5000   15.0000 2573.2437   11.8847
   -7.5000   15.0000   15.0000 2457.6428   12.7940
    0.0000   15.0000   15.0000 2463.7710   12.7452
    7.5000   15.0000   15.0000 2435.5115   13.0320
   -7.5000   22.5000   15.0000 2302.3057   14.2343
    0.0000   22.5000   15.0000 2309.5283   14.1869
    7.5000   22.5000   15.0000 2286.1226   14.4861
   -7.5000   30.0000   15.0000 2140.9292   16.0684
    0.0000   30.0000   15.0000 2152.6323   16.0101
    7.5000   30.0000   15.0000 2121.2771   16.3107
   -7.5000   37.5000   15.0000 1975.1306   18.5284
    0.0000   37.5000   15.0000 1982.8239   18.4064
    7.5000   37.5000   15.0000 1961.3652   18.6962
   -7.5000   45.0000   15.0000 1807.3806   21.6529
    0.0000   45.0000   15.0000 1813.9783   21.5434
    7.5000   45.0000   15.0000 1792.5518   21.9630
   -7.5000  -45.0000   22.5000 2721.8003   10.5088
    0.0000  -45.0000   22.5000 2737.3584   10.4727
    7.5000  -45.0000   22.5000 2683.8203   10.8817
   -7.5000  -37.5000   22.5000 2829.9648    9.9764
    0.0000  -37.5000   22.5000 2844.7202    9.9395
    7.5000  -37.5000   22.5000 2783.5061   10.3158
   -7.5000  -30.0000   22.5000 2909.1516    9.6807
    0.0000  -30.0000   22.5000 2919.2466    9.6545
    7.5000  -30.0000   22.5000 2849.9692   10.0162
   -7.5000  -22.5000   22.5000 2932.5283    9.7049
    0.0000  -22.5000   22.5000 2945.1875    9.6787
    7.5000  -22.5000   22.5000 2879.4514    9.9776
   -7.5000  -15.0000   22.5000 2890.6365    9.9450
    0.0000  -15.0000   22.5000 2904.7112    9.9013
    7.5000  -15.0000   22.5000 2846.1667   10.1668
   -7.5000   -7.5000   22.5000 2810.7024   10.3511
    0.0000   -7.5000   22.5000 2828.3652   10.3176
    7.5000   -7.5000   22.5000 2773.2178   10.5894
   -7.5000    0.0000   22.5000 2696.8105   10.9474
    0.0000    0.0000   22.5000 2711.1196   10.8981
    7.5000    0.0000   22.5000 2665.2278   11.2052
   -7.5000    7.5000   22.5000 2568.3845   11.7891
    0.0000    7.5000   22.5000 2577.3250   11.7242
    7.5000    7.5000   22.5000 2545.0107   12.0307
   -7.5000   15.0000   22.5000 2426.9048   12.9119
    0.0000   15.0000   22.5000 2438.1208   12.8429
    7.5000   15.0000   22.5000 2410.5676   13.1305
   -7.5000   22.5000   22.5000 2277.7266   14.3341
    0.0000   22.5000   22.5000 2288.2810   14.2561
    7.5000   22.5000   22.5000 2269.0667   14.5449
   -7.5000   30.0000   22.5000 2118.5181   16.1754
    0.0000   30.0000   22.5000 2129.9756   16.0663
    7.5000   30.0000   22.5000 2104.7822   16.3718
   -7.5000   37.5000   22.5000 1954.1932   18.5847
    0.0000   37.5000   22.5000 1964.9714   18.4320
    7.5000   37.5000   22.5000 1942.6993   18.7727
   -7.5000   45.0000   22.5000 1790.6012   21.6841
    0.0000   45.0000   22.5000 1793.4812   21.5452
    7.5000   45.0000   22.5000 1771.0258   21.9538
   -7.5000  -45.0000   30.0000 2667.8372   10.9996
    0.0000  -45.0000   30.0000 2684.6431   10.9619
    7.5000  -45.0000   30.0000 2634.6001   11.3243
   -7.5000  -37.5000   30.0000 2767.6194   10.4632
    0.0000  -37.5000   30.0000 2781.1086   10.4256
    7.5000  -37.5000   30.0000 2724.6760   10.7718
   -7.5000  -30.0000   30.0000 2829.4814   10.1392
    0.0000  -30.0000   30.0000 2839.5327   10.1153
    7.5000  -30.0000   30.0000 2783.0881   10.4452
   -7.5000  -22.5000   30.0000 2846.9243   10.1425
    0.0000  -22.5000   30.0000 2858.7305   10.1099
    7.5000  -22.5000   30.0000 2810.6531   10.3824
   -7.5000  -15.0000   30.0000 2815.1294   10.3427
    0.0000  -15.0000   30.0000 2826.0159   10.3166
    7.5000  -15.0000   30.0000 2777.9646   10.5727
   -7.5000   -7.5000   30.0000 2743.9302   10.7645
    0.0000   -7.5000   30.0000 2756.3242   10.7302
    7.5000   -7.5000   30.0000 2707.6587   11.0018
   -7.5000    0.0000   30.0000 2635.5938   11.3832
    0.0000    0.0000   30.0000 2647.8408   11.3510
    7.5000    0.0000   30.0000 2605.8740   11.6163
   -7.5000    7.5000   30.0000 2513.5630   12.2145
    0.0000    7.5000   30.0000 2521.9651   12.1684
    7.5000    7.5000   30.0000 2492.8589   12.4280
   -7.5000   15.0000   30.0000 2385.9565   13.2647
    0.0000   15.0000   30.0000 2392.2805   13.2184
    7.5000   15.0000   30.0000 2364.3584   13.4889
   -7.5000   22.5000   30.0000 2236.1638   14.6675
    0.0000   22.5000   30.0000 2245.6833   14.6021
    7.5000   22.5000   30.0000 2223.9385   14.8656
   -7.5000   30.0000   30.0000 2080.2952   16.4751
    0.0000   30.0000   30.0000 2092.8479   16.3502
    7.5000   30.0000   30.0000 2068.5146   16.6573
   -7.5000   37.5000   30.0000 1920.3285   18.8072
    0.0000   37.5000   30.0000 1932.4746   18.6984
    7.5000   37.5000   30.0000 1910.9647   19.0855
   -7.5000   45.0000   30.0000 1759.8711   21.8712
    0.0000   45.0000   30.0000 1762.6544   21.8136
    7.5000   45.0000   30.0000 1744.9442   22.2646
   -7.5000  -45.0000   37.5000 2609.1836   11.6808
    0.0000  -45.0000   37.5000 2628.6721   11.6539
    7.5000  -45.0000   37.5000 2578.1951   11.9940
   -7.5000  -37.5000   37.5000 2695.1340   11.1277
    0.0000  -37.5000   37.5000 2710.9873   11.0933
    7.5000  -37.5000   37.5000 2659.2610   11.4033
   -7.5000  -30.0000   37.5000 2743.4365   10.8066
    0.0000  -30.0000   37.5000 2757.0320   10.7752
    7.5000  -30.0000   37.5000 2708.1140   11.0534
   -7.5000  -22.5000   37.5000 2753.5222   10.7694
    0.0000  -22.5000   37.5000 2766.3501   10.7395
    7.5000  -22.5000   37.5000 2722.8357   10.9872
   -7.5000  -15.0000   37.5000 2723.1628   10.9557
    0.0000  -15.0000   37.5000 2735.9783   10.9418
    7.5000  -15.0000   37.5000 2694.0320   11.1779
   -7.5000   -7.5000   37.5000 2654.0652   11.3767
    0.0000   -7.5000   37.5000 2663.1572   11.3589
    7.5000   -7.5000   37.5000 2626.2549   11.6161
   -7.5000    0.0000   37.5000 2560.1199   11.9963
    0.0000    0.0000   37.5000 2569.3247   11.9667
    7.5000    0.0000   37.5000 2530.9822   12.2297
   -7.5000    7.5000   37.5000 2445.7754   12.8193
    0.0000    7.5000   37.5000 2453.1365   12.7983
    7.5000    7.5000   37.5000 2425.8086   13.0467
   -7.5000   15.0000   37.5000 2321.0276   13.8697
    0.0000   15.0000   37.5000 2328.4741   13.8419
    7.5000   15.0000   37.5000 2307.1021   14.0827
   -7.5000   22.5000   37.5000 2182.3108   15.2471
    0.0000   22.5000   37.5000 2190.0103   15.2147
    7.5000   22.5000   37.5000 2171.5742   15.4518
   -7.5000   30.0000   37.5000 2035.1829   17.0187
    0.0000   30.0000   37.5000 2043.0774   16.9373
    7.5000   30.0000   37.5000 2022.0023   17.2151
   -7.5000   37.5000   37.5000 1882.6136   19.3799
    0.0000   37.5000   37.5000 1888.1835   19.2792
    7.5000   37.5000   37.5000 1873.4597   19.6692
   -7.5000   45.0000   37.5000 1721.0253   22.6047
    0.0000   45.0000   37.5000 1725.4385   22.5501
    7.5000   45.0000   37.5000 1711.1758   22.9671
   -7.5000  -45.0000   45.0000 2536.3738   12.5543
    0.0000  -45.0000   45.0000 2553.4226   12.5192
    7.5000  -45.0000   45.0000 2507.1865   12.8101
   -7.5000  -37.5000   45.0000 2613.8638   11.9690
    0.0000  -37.5000   45.0000 2627.8232   11.9356
    7.5000  -37.5000   45.0000 2582.7947   12.1972
   -7.5000  -30.0000   45.0000 2651.3901   11.6270
    0.0000  -30.0000   45.0000 2664.8052   11.5964
    7.5000  -30.0000   45.0000 2621.0718   11.8498
   -7.5000  -22.5000   45.0000 2652.9114   11.5587
    0.0000  -22.5000   45.0000 2665.5081   11.5342
    7.5000  -22.5000   45.0000 2629.0601   11.7720
   -7.5000  -15.0000   45.0000 2621.5137   11.7229
    0.0000  -15.0000   45.0000 2632.7515   11.7209
    7.5000  -15.0000   45.0000 2599.4253   11.9478
   -7.5000   -7.5000   45.0000 2558.7793   12.1395
    0.0000   -7.5000   45.0000 2568.1558   12.1380
    7.5000   -7.5000   45.0000 2540.1211   12.3693
   -7.5000    0.0000   45.0000 2477.9612   12.7291
    0.0000    0.0000   45.0000 2487.0339   12.7230
    7.5000    0.0000   45.0000 2451.3518   12.9724
   -7.5000    7.5000   45.0000 2373.0388   13.5493
    0.0000    7.5000   45.0000 2379.2310   13.5263
    7.5000    7.5000   45.0000 2349.8357   13.7718
   -7.5000   15.0000   45.0000 2251.9883   14.6308
    0.0000   15.0000   45.0000 2256.1394   14.5924
    7.5000   15.0000   45.0000 2237.5815   14.8378
   -7.5000   22.5000   45.0000 2120.9702   16.0440
    0.0000   22.5000   45.0000 2125.9775   16.0022
    7.5000   22.5000   45.0000 2110.9250   16.2434
   -7.5000   30.0000   45.0000 1973.9001   17.8446
    0.0000   30.0000   45.0000 1981.6862   17.8092
    7.5000   30.0000   45.0000 1966.9504   18.0925
   -7.5000   37.5000   45.0000 1832.7748   20.2666
    0.0000   37.5000   45.0000 1839.2560   20.2107
    7.5000   37.5000   45.0000 1825.0052   20.5855
   -7.5000   45.0000   45.0000 1679.5350   23.6784
    0.0000   45.0000   45.0000 1683.2679   23.5788
    7.5000   45.0000   45.0000 1668.9318   24.0149

---------------------------------------------------------------------
imgreg_4dfp /opt/freesurfer/average/711-2C_as_mni_average_305 /opt/freesurfer/average/711-2B_as_mni_average_305_mask talsrcimg_g11 none talsrcimg_to_711-2C_as_mni_average_305_t4 1283
---------------------------------------------------------------------

freesurfer imgreg_4dfp.c
/opt/freesurfer/average/711-2C_as_mni_average_305.4dfp.img
       256       256       256         1
  1.000000  1.000000  1.000000
orientation T byte_order littleendian
Reading image: /opt/freesurfer/average/711-2C_as_mni_average_305.4dfp.img
dimensions:      256       256       256
mmppix:       1.0000   -1.0000   -1.0000
center:     128.0000 -129.0000 -129.0000
/opt/freesurfer/average/711-2B_as_mni_average_305_mask.4dfp.img
       256       256       256         1
  1.000000  1.000000  1.000000
orientation T byte_order littleendian
Reading mask: /opt/freesurfer/average/711-2B_as_mni_average_305_mask.4dfp.img (2306576 pixels)
talsrcimg_g11.4dfp.img
       256       256       256         1
  1.000000  1.000000  1.000000
orientation T byte_order littleendian
Reading image: talsrcimg_g11.4dfp.img
dimensions:      256       256       256
mmppix:       1.0000   -1.0000   -1.0000
center:     128.0000 -129.0000 -129.0000
rotation matrix determinant  1.000000
fimgreg.f
image alignment mode   1283 decimal      503 hex
parameters
    0.0000  -22.5000   15.0000    0.0000    0.0000    0.0000
eta,q 0.93896  9.46018
niter,ni,del,rscale     5    3   12.0000    1.2000
parameter  3  0.505846 ->  0.500000 qaram    1.1500
parameter  4  1.220503 ->  0.500000 qaram    1.1500
parameter  6  0.520587 ->  0.500000 qaram    1.1500
parameters
   -2.8292  -24.3008   11.5500   -3.4500   -0.7533   -3.4500
eta,q 0.94569  9.34291
  0.0648  0.0625  0.0594  0.0538  0.0592  0.0553
  0.0606  0.0590  0.0579  0.0550  0.0569  0.0544
  0.0610  0.0587  0.0572  0.0561  0.0556  0.0543
  0.0642  0.0600  0.0588  0.0573  0.0553  0.0553
  0.0679  0.0616  0.0631  0.0594  0.0562  0.0569
  0.0727  0.0647  0.0683  0.0623  0.0585  0.0590
  0.0801  0.0692  0.0734  0.0657  0.0621  0.0617
niter,ni,del,rscale     7    3   12.0000    1.2000
parameter  4  1.369057 ->  0.500000 qaram    1.3225
parameters
   -2.7745  -23.1770   10.7890   -7.4175   -0.9134   -2.2750
eta,q 0.94841  9.31670
  0.0661  0.0640  0.0611  0.0508  0.0574  0.0593
  0.0611  0.0584  0.0573  0.0515  0.0539  0.0560
  0.0564  0.0553  0.0543  0.0527  0.0523  0.0533
  0.0543  0.0543  0.0544  0.0542  0.0518  0.0518
  0.0560  0.0546  0.0559  0.0562  0.0528  0.0517
  0.0601  0.0556  0.0599  0.0585  0.0550  0.0529
  0.0663  0.0581  0.0648  0.0615  0.0575  0.0558
niter,ni,del,rscale     7    3   12.0000    1.2000
parameters
   -2.7870  -21.4102   10.4439   -9.9601   -1.0664   -2.4709
eta,q 0.95072  9.29884
  0.0644  0.0640  0.0595  0.0537  0.0563  0.0557
  0.0587  0.0586  0.0557  0.0492  0.0522  0.0525
  0.0537  0.0541  0.0520  0.0493  0.0497  0.0500
  0.0516  0.0516  0.0510  0.0509  0.0493  0.0493
  0.0536  0.0510  0.0525  0.0529  0.0508  0.0504
  0.0587  0.0521  0.0564  0.0565  0.0534  0.0527
  0.0646  0.0550  0.0618  0.0604  0.0563  0.0567
niter,ni,del,rscale     6    3   12.0000    1.2000
parameters
   -2.7608  -20.5132    9.9887  -10.6524   -1.1535   -2.4767
eta,q 0.95112  9.30626
  0.0630  0.0635  0.0578  0.0564  0.0558  0.0557
  0.0571  0.0558  0.0543  0.0508  0.0518  0.0525
  0.0518  0.0507  0.0507  0.0483  0.0493  0.0499
  0.0493  0.0493  0.0494  0.0493  0.0489  0.0489
  0.0512  0.0502  0.0515  0.0511  0.0504  0.0498
  0.0566  0.0523  0.0550  0.0536  0.0528  0.0521
  0.0632  0.0562  0.0611  0.0581  0.0553  0.0561
niter,ni,del,rscale     5    3   12.0000    1.2000
parameters
   -2.7065  -20.1887    9.8557  -11.0310   -1.2097   -2.5035
eta,q 0.95125  9.30674
  0.0628  0.0612  0.0584  0.0568  0.0555  0.0556
  0.0570  0.0535  0.0543  0.0516  0.0517  0.0525
  0.0516  0.0496  0.0508  0.0482  0.0492  0.0499
  0.0489  0.0489  0.0490  0.0490  0.0488  0.0488
  0.0509  0.0503  0.0508  0.0508  0.0502  0.0496
  0.0561  0.0532  0.0540  0.0531  0.0525  0.0521
  0.0628  0.0577  0.0598  0.0574  0.0550  0.0562
niter,ni,del,rscale     4    3   12.0000    1.2000
parameters
   -2.6770  -20.0215    9.7997  -11.2324   -1.2294   -2.5245
eta,q 0.95131  9.30741
  0.0626  0.0606  0.0585  0.0570  0.0554  0.0556
  0.0568  0.0530  0.0542  0.0521  0.0517  0.0525
  0.0514  0.0493  0.0507  0.0482  0.0491  0.0499
  0.0488  0.0487  0.0488  0.0488  0.0487  0.0487
  0.0509  0.0504  0.0505  0.0506  0.0501  0.0495
  0.0561  0.0535  0.0536  0.0528  0.0523  0.0520
  0.0628  0.0581  0.0594  0.0570  0.0548  0.0562
niter,ni,del,rscale     3    3   12.0000    1.2000
parameters
   -2.6674  -19.9324    9.7740  -11.3377   -1.2377   -2.5361
eta,q 0.95134  9.30776
  0.0624  0.0604  0.0585  0.0571  0.0554  0.0556
  0.0567  0.0528  0.0541  0.0524  0.0516  0.0526
  0.0513  0.0491  0.0506  0.0482  0.0491  0.0499
  0.0487  0.0487  0.0487  0.0487  0.0487  0.0487
  0.0509  0.0505  0.0504  0.0505  0.0500  0.0495
  0.0561  0.0537  0.0535  0.0527  0.0523  0.0520
  0.0628  0.0583  0.0592  0.0568  0.0547  0.0562
niter,ni,del,rscale     2    3   12.0000    1.2000
parameters
   -2.6644  -19.8854    9.7620  -11.3917   -1.2408   -2.5421
eta,q 0.95135  9.30788
  0.0623  0.0602  0.0586  0.0572  0.0553  0.0557
  0.0566  0.0526  0.0540  0.0525  0.0516  0.0526
  0.0512  0.0490  0.0506  0.0482  0.0491  0.0499
  0.0487  0.0487  0.0487  0.0487  0.0487  0.0487
  0.0509  0.0505  0.0503  0.0505  0.0500  0.0495
  0.0561  0.0538  0.0534  0.0527  0.0522  0.0520
  0.0628  0.0584  0.0592  0.0567  0.0546  0.0562
registration optimization eta report
parameter search radius
    6.0000    6.0000    6.9000    7.9350    6.0000    6.9000
100000*second partial in parameter space
       37.       30.       21.       13.       17.       15.
  0.0623  0.0602  0.0586  0.0572  0.0553  0.0557
  0.0566  0.0526  0.0540  0.0525  0.0516  0.0526
  0.0512  0.0490  0.0506  0.0482  0.0491  0.0499
  0.0487  0.0487  0.0487  0.0487  0.0487  0.0487
  0.0509  0.0505  0.0503  0.0505  0.0500  0.0495
  0.0561  0.0538  0.0534  0.0527  0.0522  0.0520
  0.0628  0.0584  0.0592  0.0567  0.0546  0.0562
   -2.6644  -19.8854    9.7620  -11.3917   -1.2408   -2.5421
eta,q 0.95135  9.30788

---------------------------------------------------------------------
imgreg_4dfp /opt/freesurfer/average/711-2C_as_mni_average_305 /opt/freesurfer/average/711-2B_as_mni_average_305_mask talsrcimg_g11 none talsrcimg_to_711-2C_as_mni_average_305_t4 3335
---------------------------------------------------------------------

freesurfer imgreg_4dfp.c
/opt/freesurfer/average/711-2C_as_mni_average_305.4dfp.img
       256       256       256         1
  1.000000  1.000000  1.000000
orientation T byte_order littleendian
Reading image: /opt/freesurfer/average/711-2C_as_mni_average_305.4dfp.img
dimensions:      256       256       256
mmppix:       1.0000   -1.0000   -1.0000
center:     128.0000 -129.0000 -129.0000
/opt/freesurfer/average/711-2B_as_mni_average_305_mask.4dfp.img
       256       256       256         1
  1.000000  1.000000  1.000000
orientation T byte_order littleendian
Reading mask: /opt/freesurfer/average/711-2B_as_mni_average_305_mask.4dfp.img (2306576 pixels)
talsrcimg_g11.4dfp.img
       256       256       256         1
  1.000000  1.000000  1.000000
orientation T byte_order littleendian
Reading image: talsrcimg_g11.4dfp.img
dimensions:      256       256       256
mmppix:       1.0000   -1.0000   -1.0000
center:     128.0000 -129.0000 -129.0000
fimgreg.f
image alignment mode   3335 decimal      D07 hex
parameters
   -2.6644  -19.8854    9.7620   -0.1218   -2.0475   -1.9930
    3.9207    2.9967   -4.4344   19.6380   -2.1654  -19.7470
eta,q 0.95230  9.33612
niter,ni,del,rscale     5    3    5.0000    1.2000
parameter  4  2.609019 ->  0.500000 qaram    1.1500
parameter  5  2.574920 ->  0.500000 qaram    1.1500
parameter  6  1.480639 ->  0.500000 qaram    1.1500
parameter 10  0.682757 ->  0.500000 qaram    1.1500
parameters
   -2.8492  -19.4361    9.2174   -4.2618   -6.1875   -6.1330
    2.6990    3.1009   -4.8490   15.4980   -2.7875  -21.4841
eta,q 0.96973  8.69387
  0.0495  0.0497  0.0484  0.0379  0.0342  0.0296  0.0335  0.0357  0.0334  0.0307  0.0315  0.0311
  0.0484  0.0488  0.0478  0.0402  0.0360  0.0311  0.0324  0.0335  0.0324  0.0304  0.0308  0.0305
  0.0478  0.0481  0.0475  0.0436  0.0382  0.0335  0.0317  0.0321  0.0318  0.0307  0.0304  0.0303
  0.0477  0.0477  0.0476  0.0475  0.0410  0.0365  0.0317  0.0317  0.0317  0.0317  0.0304  0.0304
  0.0480  0.0476  0.0480  0.0518  0.0443  0.0404  0.0324  0.0321  0.0320  0.0333  0.0306  0.0308
  0.0488  0.0479  0.0487  0.0567  0.0477  0.0453  0.0336  0.0334  0.0327  0.0355  0.0311  0.0315
  0.0502  0.0487  0.0497  0.0617  0.0512  0.0507  0.0352  0.0355  0.0338  0.0381  0.0320  0.0325
niter,ni,del,rscale     7    3    5.0000    1.2000
parameter  4  0.876472 ->  0.500000 qaram    1.3225
parameter  5  0.884292 ->  0.500000 qaram    1.3225
parameters
   -2.6789  -19.1312    9.0080   -9.0228  -10.9485   -9.7962
    3.6827    3.5637   -4.9726   17.8386   -2.6528  -21.5372
eta,q 0.97692  8.33393
  0.0340  0.0330  0.0319  0.0266  0.0241  0.0249  0.0271  0.0284  0.0256  0.0287  0.0244  0.0241
  0.0321  0.0316  0.0309  0.0264  0.0240  0.0241  0.0254  0.0262  0.0244  0.0265  0.0237  0.0236
  0.0309  0.0307  0.0303  0.0276  0.0250  0.0235  0.0242  0.0245  0.0237  0.0247  0.0232  0.0233
  0.0303  0.0303  0.0302  0.0302  0.0266  0.0242  0.0236  0.0236  0.0235  0.0235  0.0231  0.0231
  0.0305  0.0303  0.0306  0.0343  0.0288  0.0268  0.0237  0.0238  0.0238  0.0231  0.0232  0.0231
  0.0315  0.0309  0.0314  0.0390  0.0318  0.0307  0.0244  0.0252  0.0245  0.0235  0.0236  0.0235
  0.0331  0.0319  0.0325  0.0446  0.0355  0.0359  0.0256  0.0276  0.0257  0.0252  0.0243  0.0242
niter,ni,del,rscale     7    3    5.0000    1.2000
parameters
   -2.7276  -18.4377    8.0757  -11.1053  -12.9866  -11.2765
    3.6869    3.7233   -5.0917   19.5104   -2.5444  -23.5959
eta,q 0.97760  8.18195
  0.0266  0.0272  0.0233  0.0257  0.0252  0.0251  0.0255  0.0270  0.0246  0.0272  0.0234  0.0230
  0.0246  0.0253  0.0228  0.0243  0.0236  0.0239  0.0240  0.0249  0.0235  0.0252  0.0229  0.0226
  0.0234  0.0239  0.0226  0.0231  0.0226  0.0231  0.0230  0.0234  0.0229  0.0236  0.0226  0.0224
  0.0231  0.0231  0.0229  0.0226  0.0228  0.0225  0.0227  0.0227  0.0227  0.0227  0.0225  0.0225
  0.0236  0.0229  0.0235  0.0238  0.0240  0.0232  0.0230  0.0230  0.0229  0.0225  0.0226  0.0228
  0.0249  0.0233  0.0245  0.0271  0.0259  0.0255  0.0240  0.0244  0.0236  0.0231  0.0229  0.0234
  0.0268  0.0242  0.0259  0.0318  0.0288  0.0291  0.0254  0.0268  0.0247  0.0248  0.0234  0.0243
niter,ni,del,rscale     6    3    5.0000    1.2000
parameters
   -2.6916  -18.1655    7.3130  -11.1656  -13.5276  -12.0591
    3.6789    3.8409   -5.1889   20.3335   -3.0585  -25.0588
eta,q 0.97775  8.15601
  0.0258  0.0256  0.0230  0.0261  0.0258  0.0253  0.0251  0.0266  0.0241  0.0261  0.0230  0.0229
  0.0240  0.0239  0.0224  0.0246  0.0240  0.0239  0.0236  0.0245  0.0231  0.0242  0.0226  0.0225
  0.0228  0.0228  0.0222  0.0233  0.0227  0.0230  0.0227  0.0230  0.0225  0.0230  0.0223  0.0223
  0.0224  0.0224  0.0224  0.0222  0.0222  0.0222  0.0224  0.0224  0.0223  0.0223  0.0223  0.0223
  0.0228  0.0226  0.0229  0.0221  0.0229  0.0226  0.0227  0.0227  0.0226  0.0224  0.0224  0.0226
  0.0239  0.0232  0.0237  0.0236  0.0244  0.0244  0.0237  0.0241  0.0232  0.0232  0.0228  0.0231
  0.0256  0.0243  0.0248  0.0273  0.0268  0.0276  0.0250  0.0265  0.0242  0.0250  0.0233  0.0238
niter,ni,del,rscale     5    3    5.0000    1.2000
parameters
   -2.6340  -17.9294    6.8121  -11.0721  -13.8387  -12.6491
    3.6920    3.9614   -5.1214   20.9375   -3.5464  -25.8344
eta,q 0.97780  8.14112
  0.0256  0.0252  0.0231  0.0260  0.0257  0.0253  0.0249  0.0264  0.0240  0.0257  0.0229  0.0230
  0.0238  0.0236  0.0225  0.0245  0.0240  0.0239  0.0235  0.0243  0.0230  0.0239  0.0225  0.0226
  0.0227  0.0226  0.0222  0.0233  0.0227  0.0229  0.0226  0.0229  0.0224  0.0228  0.0223  0.0223
  0.0223  0.0222  0.0222  0.0222  0.0221  0.0221  0.0222  0.0222  0.0222  0.0222  0.0222  0.0222
  0.0226  0.0224  0.0227  0.0220  0.0227  0.0224  0.0226  0.0226  0.0224  0.0223  0.0223  0.0224
  0.0236  0.0231  0.0234  0.0234  0.0241  0.0241  0.0235  0.0240  0.0230  0.0231  0.0226  0.0228
  0.0253  0.0241  0.0243  0.0269  0.0264  0.0271  0.0249  0.0263  0.0240  0.0250  0.0232  0.0235
niter,ni,del,rscale     4    3    5.0000    1.2000
parameters
   -2.5938  -17.7425    6.4710  -11.0508  -14.1230  -13.1428
    3.6278    4.0597   -5.0336   21.4346   -3.8616  -26.1750
eta,q 0.97780  8.12246
  0.0255  0.0249  0.0233  0.0259  0.0257  0.0253  0.0248  0.0263  0.0240  0.0255  0.0229  0.0231
  0.0237  0.0234  0.0226  0.0244  0.0239  0.0239  0.0234  0.0242  0.0230  0.0239  0.0225  0.0226
  0.0226  0.0225  0.0222  0.0232  0.0227  0.0229  0.0225  0.0228  0.0224  0.0227  0.0223  0.0223
  0.0222  0.0222  0.0222  0.0222  0.0221  0.0222  0.0222  0.0222  0.0222  0.0222  0.0222  0.0222
  0.0225  0.0224  0.0225  0.0220  0.0227  0.0224  0.0226  0.0226  0.0224  0.0223  0.0223  0.0223
  0.0236  0.0230  0.0232  0.0234  0.0241  0.0240  0.0235  0.0239  0.0230  0.0231  0.0226  0.0227
  0.0253  0.0241  0.0240  0.0269  0.0263  0.0269  0.0249  0.0262  0.0239  0.0250  0.0231  0.0233
niter,ni,del,rscale     3    3    5.0000    1.2000
parameters
   -2.5654  -17.5971    6.2384  -11.0544  -14.3788  -13.5303
    3.5462    4.1370   -4.9767   21.8256   -4.0640  -26.3336
eta,q 0.97778  8.10495
  0.0254  0.0248  0.0234  0.0258  0.0257  0.0254  0.0248  0.0262  0.0240  0.0254  0.0230  0.0232
  0.0237  0.0234  0.0226  0.0244  0.0240  0.0239  0.0234  0.0242  0.0230  0.0238  0.0225  0.0227
  0.0226  0.0225  0.0222  0.0232  0.0227  0.0229  0.0225  0.0228  0.0224  0.0227  0.0223  0.0224
  0.0222  0.0222  0.0222  0.0222  0.0222  0.0222  0.0223  0.0223  0.0222  0.0222  0.0222  0.0222
  0.0225  0.0224  0.0225  0.0220  0.0227  0.0224  0.0226  0.0226  0.0224  0.0223  0.0223  0.0223
  0.0236  0.0231  0.0231  0.0234  0.0241  0.0239  0.0235  0.0239  0.0230  0.0232  0.0226  0.0227
  0.0253  0.0242  0.0239  0.0269  0.0262  0.0267  0.0249  0.0262  0.0239  0.0251  0.0231  0.0233
niter,ni,del,rscale     2    3    5.0000    1.2000
parameters
   -2.5431  -17.4809    6.0698  -11.0549  -14.6079  -13.8345
    3.4684    4.2003   -4.9385   22.1443   -4.1672  -26.4046
eta,q 0.97775  8.08980
  0.0254  0.0247  0.0235  0.0257  0.0257  0.0255  0.0248  0.0262  0.0240  0.0254  0.0230  0.0232
  0.0237  0.0233  0.0227  0.0244  0.0240  0.0239  0.0234  0.0242  0.0230  0.0238  0.0225  0.0227
  0.0226  0.0225  0.0223  0.0233  0.0227  0.0230  0.0226  0.0228  0.0224  0.0228  0.0223  0.0224
  0.0222  0.0222  0.0222  0.0222  0.0222  0.0222  0.0223  0.0223  0.0223  0.0223  0.0222  0.0222
  0.0226  0.0224  0.0225  0.0220  0.0227  0.0224  0.0226  0.0226  0.0225  0.0224  0.0223  0.0223
  0.0236  0.0231  0.0230  0.0234  0.0241  0.0239  0.0235  0.0239  0.0230  0.0233  0.0226  0.0227
  0.0253  0.0242  0.0239  0.0268  0.0262  0.0266  0.0249  0.0262  0.0240  0.0251  0.0231  0.0233
niter,ni,del,rscale     1    3    5.0000    1.2000
parameters
   -2.5248  -17.3832    5.9493  -11.0635  -14.7949  -14.0686
    3.4013    4.2514   -4.9236   22.4058   -4.2465  -26.4522
eta,q 0.97773  8.07757
  0.0254  0.0247  0.0236  0.0257  0.0257  0.0255  0.0248  0.0262  0.0240  0.0253  0.0231  0.0232
  0.0237  0.0233  0.0228  0.0243  0.0240  0.0240  0.0234  0.0242  0.0231  0.0238  0.0226  0.0227
  0.0226  0.0225  0.0223  0.0233  0.0228  0.0230  0.0226  0.0229  0.0225  0.0228  0.0223  0.0224
  0.0222  0.0222  0.0222  0.0222  0.0222  0.0222  0.0223  0.0223  0.0223  0.0223  0.0223  0.0223
  0.0226  0.0225  0.0225  0.0220  0.0227  0.0224  0.0226  0.0226  0.0225  0.0224  0.0224  0.0223
  0.0236  0.0232  0.0230  0.0234  0.0240  0.0238  0.0235  0.0240  0.0231  0.0233  0.0226  0.0227
  0.0253  0.0243  0.0238  0.0268  0.0262  0.0265  0.0249  0.0262  0.0240  0.0252  0.0231  0.0233
registration optimization eta report
parameter search radius
    2.4000    2.4000    2.4000    9.5220    9.5220    8.2800
    7.2000    7.2000    7.2000    8.2800    7.2000    7.2000
100000*second partial in parameter space
       54.       39.       25.        4.        4.        5.
        5.        8.        3.        4.        2.        2.
  0.0254  0.0247  0.0236  0.0257  0.0257  0.0255  0.0248  0.0262  0.0240  0.0253  0.0231  0.0232
  0.0237  0.0233  0.0228  0.0243  0.0240  0.0240  0.0234  0.0242  0.0231  0.0238  0.0226  0.0227
  0.0226  0.0225  0.0223  0.0233  0.0228  0.0230  0.0226  0.0229  0.0225  0.0228  0.0223  0.0224
  0.0222  0.0222  0.0222  0.0222  0.0222  0.0222  0.0223  0.0223  0.0223  0.0223  0.0223  0.0223
  0.0226  0.0225  0.0225  0.0220  0.0227  0.0224  0.0226  0.0226  0.0225  0.0224  0.0224  0.0223
  0.0236  0.0232  0.0230  0.0234  0.0240  0.0238  0.0235  0.0240  0.0231  0.0233  0.0226  0.0227
  0.0253  0.0243  0.0238  0.0268  0.0262  0.0265  0.0249  0.0262  0.0240  0.0252  0.0231  0.0233
   -2.5248  -17.3832    5.9493  -11.0635  -14.7949  -14.0686
    3.4013    4.2514   -4.9236   22.4058   -4.2465  -26.4522
eta,q 0.97773  8.07757

---------------------------------------------------------------------
imgreg_4dfp /opt/freesurfer/average/711-2C_as_mni_average_305 /opt/freesurfer/average/711-2B_as_mni_average_305_mask talsrcimg_g11 none talsrcimg_to_711-2C_as_mni_average_305_t4 2311
---------------------------------------------------------------------

freesurfer imgreg_4dfp.c
/opt/freesurfer/average/711-2C_as_mni_average_305.4dfp.img
       256       256       256         1
  1.000000  1.000000  1.000000
orientation T byte_order littleendian
Reading image: /opt/freesurfer/average/711-2C_as_mni_average_305.4dfp.img
dimensions:      256       256       256
mmppix:       1.0000   -1.0000   -1.0000
center:     128.0000 -129.0000 -129.0000
/opt/freesurfer/average/711-2B_as_mni_average_305_mask.4dfp.img
       256       256       256         1
  1.000000  1.000000  1.000000
orientation T byte_order littleendian
Reading mask: /opt/freesurfer/average/711-2B_as_mni_average_305_mask.4dfp.img (2306576 pixels)
talsrcimg_g11.4dfp.img
       256       256       256         1
  1.000000  1.000000  1.000000
orientation T byte_order littleendian
Reading image: talsrcimg_g11.4dfp.img
dimensions:      256       256       256
mmppix:       1.0000   -1.0000   -1.0000
center:     128.0000 -129.0000 -129.0000
fimgreg.f
image alignment mode   2311 decimal      907 hex
parameters
   -2.5248  -17.3832    5.9493  -11.0635  -14.7949  -14.0686
    3.4013    4.2514   -4.9236   22.4058   -4.2465  -26.4522
eta,q 0.97773  8.07758
niter,ni,del,rscale     5    3    5.0000    0.8000
parameters
   -2.5072  -17.3420    5.8134   -8.9593  -14.7656  -13.7073
    3.3093    4.4471   -4.8803   22.2999   -4.3481  -26.9223
eta,q 0.97810  8.16331
  0.0237  0.0233  0.0228  0.0238  0.0231  0.0235  0.0231  0.0242  0.0228  0.0229  0.0224  0.0223
  0.0229  0.0227  0.0225  0.0233  0.0225  0.0229  0.0225  0.0231  0.0223  0.0224  0.0221  0.0220
  0.0224  0.0224  0.0223  0.0228  0.0221  0.0224  0.0220  0.0223  0.0220  0.0220  0.0219  0.0219
  0.0223  0.0223  0.0223  0.0223  0.0220  0.0220  0.0219  0.0219  0.0219  0.0219  0.0219  0.0219
  0.0224  0.0224  0.0224  0.0220  0.0221  0.0219  0.0221  0.0221  0.0220  0.0220  0.0220  0.0220
  0.0229  0.0227  0.0226  0.0220  0.0225  0.0224  0.0225  0.0228  0.0223  0.0224  0.0221  0.0221
  0.0236  0.0232  0.0230  0.0225  0.0231  0.0233  0.0232  0.0239  0.0227  0.0230  0.0224  0.0224
niter,ni,del,rscale     4    3    5.0000    0.7000
parameters
   -2.4956  -17.2732    5.8963   -9.2215  -14.6978  -13.2770
    3.3184    4.4766   -4.8597   22.2890   -4.4345  -27.1998
eta,q 0.97814  8.17577
  0.0231  0.0228  0.0225  0.0229  0.0228  0.0232  0.0228  0.0236  0.0225  0.0226  0.0222  0.0222
  0.0225  0.0223  0.0222  0.0224  0.0223  0.0227  0.0223  0.0227  0.0221  0.0222  0.0220  0.0220
  0.0220  0.0220  0.0220  0.0220  0.0220  0.0222  0.0220  0.0221  0.0219  0.0219  0.0219  0.0219
  0.0219  0.0219  0.0219  0.0219  0.0219  0.0219  0.0219  0.0219  0.0219  0.0219  0.0219  0.0219
  0.0220  0.0220  0.0219  0.0220  0.0220  0.0219  0.0220  0.0220  0.0219  0.0219  0.0219  0.0219
  0.0224  0.0222  0.0221  0.0225  0.0223  0.0222  0.0223  0.0226  0.0221  0.0222  0.0220  0.0220
  0.0231  0.0226  0.0224  0.0233  0.0228  0.0229  0.0228  0.0236  0.0225  0.0227  0.0222  0.0222
niter,ni,del,rscale     3    3    5.0000    0.6000
parameters
   -2.4898  -17.2835    6.0067   -9.1667  -14.6426  -12.9355
    3.3393    4.5020   -4.8434   22.0887   -4.4666  -27.3696
eta,q 0.97817  8.19028
  0.0228  0.0224  0.0224  0.0227  0.0226  0.0229  0.0226  0.0231  0.0223  0.0223  0.0221  0.0221
  0.0223  0.0221  0.0221  0.0223  0.0222  0.0225  0.0222  0.0225  0.0220  0.0220  0.0219  0.0219
  0.0220  0.0219  0.0219  0.0220  0.0219  0.0221  0.0219  0.0220  0.0219  0.0219  0.0219  0.0218
  0.0219  0.0219  0.0219  0.0219  0.0219  0.0219  0.0218  0.0218  0.0218  0.0218  0.0218  0.0218
  0.0220  0.0219  0.0219  0.0219  0.0219  0.0219  0.0219  0.0220  0.0219  0.0219  0.0219  0.0219
  0.0223  0.0221  0.0220  0.0222  0.0222  0.0221  0.0222  0.0224  0.0220  0.0221  0.0220  0.0220
  0.0228  0.0224  0.0222  0.0228  0.0225  0.0226  0.0226  0.0232  0.0223  0.0225  0.0221  0.0221
niter,ni,del,rscale     2    3    5.0000    0.5000
parameters
   -2.4930  -17.3227    6.1059   -9.0989  -14.5444  -12.5895
    3.3573    4.5032   -4.8331   21.7952   -4.4601  -27.5731
eta,q 0.97820  8.20523
  0.0225  0.0222  0.0222  0.0225  0.0223  0.0226  0.0223  0.0228  0.0221  0.0221  0.0220  0.0220
  0.0221  0.0220  0.0220  0.0222  0.0221  0.0223  0.0220  0.0223  0.0219  0.0219  0.0219  0.0219
  0.0219  0.0219  0.0219  0.0219  0.0219  0.0220  0.0219  0.0219  0.0218  0.0218  0.0218  0.0218
  0.0218  0.0218  0.0218  0.0218  0.0218  0.0218  0.0218  0.0218  0.0218  0.0218  0.0218  0.0218
  0.0219  0.0219  0.0218  0.0219  0.0219  0.0218  0.0219  0.0219  0.0218  0.0219  0.0218  0.0218
  0.0221  0.0220  0.0219  0.0221  0.0220  0.0220  0.0220  0.0222  0.0219  0.0220  0.0219  0.0219
  0.0225  0.0223  0.0221  0.0225  0.0223  0.0224  0.0223  0.0228  0.0221  0.0223  0.0220  0.0220
niter,ni,del,rscale     1    3    5.0000    0.4000
parameters
   -2.5050  -17.3757    6.1966   -9.0588  -14.4220  -12.2423
    3.3885    4.4979   -4.8517   21.4647   -4.4008  -27.7677
eta,q 0.97823  8.21924
  0.0222  0.0220  0.0220  0.0222  0.0221  0.0224  0.0221  0.0224  0.0220  0.0220  0.0219  0.0219
  0.0220  0.0219  0.0219  0.0220  0.0220  0.0221  0.0219  0.0221  0.0219  0.0218  0.0218  0.0218
  0.0218  0.0218  0.0218  0.0219  0.0218  0.0219  0.0218  0.0219  0.0218  0.0218  0.0218  0.0218
  0.0218  0.0218  0.0218  0.0218  0.0218  0.0218  0.0218  0.0218  0.0218  0.0218  0.0218  0.0218
  0.0219  0.0218  0.0218  0.0218  0.0218  0.0218  0.0218  0.0218  0.0218  0.0218  0.0218  0.0218
  0.0220  0.0219  0.0219  0.0220  0.0219  0.0219  0.0219  0.0221  0.0219  0.0219  0.0218  0.0218
  0.0222  0.0221  0.0219  0.0222  0.0221  0.0221  0.0221  0.0224  0.0220  0.0221  0.0219  0.0219
registration optimization eta report
parameter search radius
    0.8000    0.8000    0.8000    2.4000    2.4000    2.4000
    2.4000    2.4000    2.4000    2.4000    2.4000    2.4000
100000*second partial in parameter space
       65.       39.       29.        8.        6.        8.
        6.       11.        4.        4.        2.        2.
  0.0222  0.0220  0.0220  0.0222  0.0221  0.0224  0.0221  0.0224  0.0220  0.0220  0.0219  0.0219
  0.0220  0.0219  0.0219  0.0220  0.0220  0.0221  0.0219  0.0221  0.0219  0.0218  0.0218  0.0218
  0.0218  0.0218  0.0218  0.0219  0.0218  0.0219  0.0218  0.0219  0.0218  0.0218  0.0218  0.0218
  0.0218  0.0218  0.0218  0.0218  0.0218  0.0218  0.0218  0.0218  0.0218  0.0218  0.0218  0.0218
  0.0219  0.0218  0.0218  0.0218  0.0218  0.0218  0.0218  0.0218  0.0218  0.0218  0.0218  0.0218
  0.0220  0.0219  0.0219  0.0220  0.0219  0.0219  0.0219  0.0221  0.0219  0.0219  0.0218  0.0218
  0.0222  0.0221  0.0219  0.0222  0.0221  0.0221  0.0221  0.0224  0.0220  0.0221  0.0219  0.0219
   -2.5050  -17.3757    6.1966   -9.0588  -14.4220  -12.2423
    3.3885    4.4979   -4.8517   21.4647   -4.4008  -27.7677
eta,q 0.97823  8.21924

---------------------------------------------------------------------
imgreg_4dfp /opt/freesurfer/average/711-2C_as_mni_average_305 /opt/freesurfer/average/711-2B_as_mni_average_305_mask talsrcimg_g11 none talsrcimg_to_711-2C_as_mni_average_305_t4 2311
---------------------------------------------------------------------

freesurfer imgreg_4dfp.c
/opt/freesurfer/average/711-2C_as_mni_average_305.4dfp.img
       256       256       256         1
  1.000000  1.000000  1.000000
orientation T byte_order littleendian
Reading image: /opt/freesurfer/average/711-2C_as_mni_average_305.4dfp.img
dimensions:      256       256       256
mmppix:       1.0000   -1.0000   -1.0000
center:     128.0000 -129.0000 -129.0000
/opt/freesurfer/average/711-2B_as_mni_average_305_mask.4dfp.img
       256       256       256         1
  1.000000  1.000000  1.000000
orientation T byte_order littleendian
Reading mask: /opt/freesurfer/average/711-2B_as_mni_average_305_mask.4dfp.img (2306576 pixels)
talsrcimg_g11.4dfp.img
       256       256       256         1
  1.000000  1.000000  1.000000
orientation T byte_order littleendian
Reading image: talsrcimg_g11.4dfp.img
dimensions:      256       256       256
mmppix:       1.0000   -1.0000   -1.0000
center:     128.0000 -129.0000 -129.0000
fimgreg.f
image alignment mode   2311 decimal      907 hex
parameters
   -2.5050  -17.3757    6.1966   -9.0587  -14.4220  -12.2423
    3.3885    4.4979   -4.8517   21.4647   -4.4008  -27.7677
eta,q 0.97823  8.21924
niter,ni,del,rscale     5    3    5.0000    0.8000
parameters
   -2.5081  -17.4163    6.3263   -9.3995  -14.2369  -12.4679
    3.4322    4.3299   -4.7958   21.6716   -4.2858  -27.1427
eta,q 0.97820  8.20612
  0.0234  0.0228  0.0227  0.0231  0.0231  0.0232  0.0231  0.0238  0.0227  0.0229  0.0223  0.0224
  0.0225  0.0222  0.0222  0.0225  0.0224  0.0226  0.0224  0.0228  0.0222  0.0223  0.0220  0.0221
  0.0220  0.0219  0.0219  0.0220  0.0220  0.0221  0.0220  0.0221  0.0219  0.0219  0.0219  0.0219
  0.0218  0.0218  0.0218  0.0218  0.0218  0.0218  0.0218  0.0218  0.0218  0.0218  0.0218  0.0218
  0.0220  0.0219  0.0218  0.0220  0.0219  0.0219  0.0219  0.0221  0.0219  0.0219  0.0219  0.0218
  0.0225  0.0223  0.0220  0.0226  0.0223  0.0225  0.0224  0.0229  0.0222  0.0222  0.0220  0.0219
  0.0234  0.0228  0.0224  0.0238  0.0229  0.0238  0.0231  0.0242  0.0226  0.0227  0.0223  0.0221
niter,ni,del,rscale     4    3    5.0000    0.7000
parameters
   -2.5284  -17.4735    6.3273   -9.3211  -14.2892  -12.4456
    3.4393    4.3411   -4.8282   21.5539   -4.2796  -27.1887
eta,q 0.97821  8.20658
  0.0230  0.0225  0.0224  0.0230  0.0227  0.0230  0.0228  0.0235  0.0224  0.0225  0.0222  0.0221
  0.0223  0.0221  0.0220  0.0225  0.0222  0.0225  0.0223  0.0226  0.0221  0.0221  0.0219  0.0219
  0.0219  0.0219  0.0219  0.0220  0.0219  0.0220  0.0219  0.0220  0.0218  0.0219  0.0218  0.0218
  0.0218  0.0218  0.0218  0.0218  0.0218  0.0218  0.0218  0.0218  0.0218  0.0218  0.0218  0.0218
  0.0220  0.0219  0.0219  0.0219  0.0219  0.0218  0.0219  0.0220  0.0219  0.0219  0.0218  0.0218
  0.0224  0.0222  0.0220  0.0223  0.0222  0.0223  0.0222  0.0226  0.0221  0.0221  0.0220  0.0219
  0.0231  0.0226  0.0223  0.0230  0.0227  0.0232  0.0228  0.0236  0.0224  0.0226  0.0222  0.0221
niter,ni,del,rscale     3    3    5.0000    0.6000
parameters
   -2.5311  -17.4863    6.3169   -9.2012  -14.2501  -12.2997
    3.4434    4.3694   -4.8460   21.4008   -4.2935  -27.3820
eta,q 0.97823  8.21583
  0.0227  0.0224  0.0222  0.0227  0.0225  0.0228  0.0225  0.0231  0.0222  0.0223  0.0221  0.0220
  0.0222  0.0220  0.0220  0.0223  0.0221  0.0224  0.0221  0.0224  0.0220  0.0220  0.0219  0.0219
  0.0219  0.0218  0.0218  0.0220  0.0219  0.0220  0.0219  0.0220  0.0218  0.0218  0.0218  0.0218
  0.0218  0.0218  0.0218  0.0218  0.0218  0.0218  0.0218  0.0218  0.0218  0.0218  0.0218  0.0218
  0.0219  0.0219  0.0218  0.0219  0.0219  0.0218  0.0219  0.0219  0.0218  0.0218  0.0218  0.0218
  0.0222  0.0221  0.0220  0.0221  0.0221  0.0221  0.0221  0.0224  0.0220  0.0220  0.0219  0.0219
  0.0227  0.0224  0.0222  0.0227  0.0225  0.0227  0.0225  0.0231  0.0223  0.0224  0.0221  0.0221
niter,ni,del,rscale     2    3    5.0000    0.5000
parameters
   -2.5325  -17.5027    6.3356   -9.1318  -14.1829  -12.0756
    3.4573    4.3833   -4.8646   21.1845   -4.2891  -27.5861
eta,q 0.97825  8.22600
  0.0224  0.0222  0.0221  0.0225  0.0223  0.0225  0.0223  0.0227  0.0221  0.0221  0.0220  0.0219
  0.0221  0.0219  0.0219  0.0221  0.0220  0.0222  0.0220  0.0222  0.0219  0.0219  0.0218  0.0218
  0.0218  0.0218  0.0218  0.0219  0.0218  0.0219  0.0218  0.0219  0.0218  0.0218  0.0218  0.0218
  0.0218  0.0218  0.0218  0.0218  0.0218  0.0218  0.0218  0.0218  0.0218  0.0218  0.0218  0.0218
  0.0218  0.0218  0.0218  0.0218  0.0218  0.0218  0.0218  0.0219  0.0218  0.0218  0.0218  0.0218
  0.0221  0.0220  0.0219  0.0220  0.0220  0.0220  0.0220  0.0222  0.0219  0.0220  0.0218  0.0219
  0.0224  0.0222  0.0220  0.0224  0.0222  0.0224  0.0223  0.0227  0.0221  0.0222  0.0220  0.0220
niter,ni,del,rscale     1    3    5.0000    0.4000
parameters
   -2.5416  -17.5405    6.3791   -9.0985  -14.0926  -11.8261
    3.4692    4.3897   -4.8695   20.9396   -4.2624  -27.7432
eta,q 0.97827  8.23574
  0.0222  0.0220  0.0220  0.0222  0.0221  0.0223  0.0221  0.0224  0.0220  0.0219  0.0219  0.0218
  0.0219  0.0218  0.0218  0.0220  0.0219  0.0221  0.0219  0.0220  0.0218  0.0218  0.0218  0.0218
  0.0218  0.0218  0.0218  0.0218  0.0218  0.0219  0.0218  0.0218  0.0218  0.0217  0.0217  0.0217
  0.0218  0.0218  0.0218  0.0218  0.0217  0.0217  0.0217  0.0217  0.0217  0.0217  0.0217  0.0217
  0.0218  0.0218  0.0218  0.0218  0.0218  0.0218  0.0218  0.0218  0.0218  0.0218  0.0218  0.0218
  0.0219  0.0219  0.0218  0.0219  0.0219  0.0219  0.0219  0.0220  0.0218  0.0219  0.0218  0.0218
  0.0222  0.0220  0.0219  0.0222  0.0221  0.0222  0.0221  0.0224  0.0220  0.0220  0.0219  0.0219
registration optimization eta report
parameter search radius
    0.8000    0.8000    0.8000    2.4000    2.4000    2.4000
    2.4000    2.4000    2.4000    2.4000    2.4000    2.4000
100000*second partial in parameter space
       65.       40.       30.        8.        6.        8.
        6.       11.        4.        4.        2.        2.
  0.0222  0.0220  0.0220  0.0222  0.0221  0.0223  0.0221  0.0224  0.0220  0.0219  0.0219  0.0218
  0.0219  0.0218  0.0218  0.0220  0.0219  0.0221  0.0219  0.0220  0.0218  0.0218  0.0218  0.0218
  0.0218  0.0218  0.0218  0.0218  0.0218  0.0219  0.0218  0.0218  0.0218  0.0217  0.0217  0.0217
  0.0218  0.0218  0.0218  0.0218  0.0217  0.0217  0.0217  0.0217  0.0217  0.0217  0.0217  0.0217
  0.0218  0.0218  0.0218  0.0218  0.0218  0.0218  0.0218  0.0218  0.0218  0.0218  0.0218  0.0218
  0.0219  0.0219  0.0218  0.0219  0.0219  0.0219  0.0219  0.0220  0.0218  0.0219  0.0218  0.0218
  0.0222  0.0220  0.0219  0.0222  0.0221  0.0222  0.0221  0.0224  0.0220  0.0220  0.0219  0.0219
   -2.5416  -17.5405    6.3791   -9.0985  -14.0926  -11.8261
    3.4692    4.3897   -4.8695   20.9396   -4.2624  -27.7432
eta,q 0.97827  8.23574

---------------------------------------------------------------------
compute_vox2vox talsrcimg talsrcimg_to_711-2C_as_mni_average_305_t4 /opt/freesurfer/average/711-2C_as_mni_average_305
---------------------------------------------------------------------

freesurfer compute_vox2vox.c
Reading: talsrcimg.4dfp.ifh
Reading: talsrcimg_to_711-2C_as_mni_average_305_t4
Reading: /opt/freesurfer/average/711-2C_as_mni_average_305.4dfp.ifh
Writing: talsrcimg_to_711-2C_as_mni_average_305_t4_vox2vox.txt

start time Thu Mar 12 23:45:29 CET 2026
end		time Thu Mar 12 23:46:55 CET 2026

mpr2mni305 success

avi2talxfm orig_nu.mgz /opt/freesurfer/average/mni305.cor.mgz talsrcimg_to_711-2C_as_mni_average_305_t4_vox2vox.txt transforms/talairach.auto.xfm
avi2talxfm done
mv -f /out/sourcedata/freesurfer/sub-v2s3x28784_ses-1/mri/talsrcimg_to_711-2C_as_mni_average_305_t4_vox2vox.txt /out/sourcedata/freesurfer/sub-v2s3x28784_ses-1/mri/transforms/talsrcimg_to_711-2C_as_mni_average_305_t4_vox2vox.txt
lta_convert --src orig_nu.mgz --trg /opt/freesurfer/average/mni305.cor.mgz --inxfm transforms/talairach.auto.xfm --outlta transforms/talairach.auto.xfm.lta --subject fsaverage
7.3.2

--src: orig_nu.mgz src image (geometry).
--trg: /opt/freesurfer/average/mni305.cor.mgz trg image (geometry).
--inmni: transforms/talairach.auto.xfm input MNI/XFM transform.
--outlta: transforms/talairach.auto.xfm.lta output LTA.
--s: fsaverage subject name
 LTA read, type : 1
 1.09510  -0.04088  -0.05743  -1.64365;
 0.06731   1.05083   0.33664  -30.68029;
 0.04567  -0.25845   1.07873   14.61984;
 0.00000   0.00000   0.00000   1.00000;
setting subject to fsaverage
Writing  LTA to file transforms/talairach.auto.xfm.lta...
lta_convert successful.
 
 
Started at Thu Mar 12 23:45:29 CET 2026
Ended   at Thu Mar 12 23:46:55 CET 2026
talairach_avi done
