/out/sourcedata/freesurfer/sub-v2s3x28805_ses-1/mri
/opt/freesurfer/bin/talairach_avi
--i orig_nu.mgz --xfm transforms/talairach.auto.xfm
talairach_avi 7.3.2
Linux dna050 5.14.0-427.37.1.el9_4.x86_64 #1 SMP PREEMPT_DYNAMIC Fri Sep 13 12:41:50 EDT 2024 x86_64 x86_64 x86_64 GNU/Linux
Fri Mar 13 01:07:53 CET 2026
mri_convert orig_nu.mgz talsrcimg.img 
reading from orig_nu.mgz...
TR=0.00, TE=0.00, TI=0.00, flip angle=0.00
i_ras = (-1, 0, 0)
j_ras = (0, 0, -1)
k_ras = (0, 1, 0)
writing to talsrcimg.img...
Analyze Output Matrix
-1.00000   0.00000   0.00000   106.11982;
 0.00000   0.00000   1.00000  -108.51935;
 0.00000  -1.00000   0.00000   123.45940;
 0.00000   0.00000   0.00000   1.00000;
--------------------
INFO: set hdr.hist.orient to -1
mpr2mni305 talsrcimg
Fri Mar 13 01:07:53 CET 2026
/opt/freesurfer/bin/mpr2mni305 talsrcimg
mpr2mni305 7.3.2
target=711-2C_as_mni_average_305

---------------------------------------------------------------------
analyzeto4dfp talsrcimg -O0 -y
---------------------------------------------------------------------

freesurfer ifh2hdr.c
Fri Mar 13 01:07:54 2026
Writing: talsrcimg.4dfp.hdr
freesurfer analyzeto4dfp.c
Reading: talsrcimg.hdr
header size 348 bytes
hdr.dime.datatype	offset=70	value=2
hdr.dime.bitpix		offset=72	value=8
hdr.hist.orient		offset=252	value=-1
dimensionality     4
dimensions       256       256       256         1
Reading: talsrcimg.img
Writing: talsrcimg.4dfp.img
Writing: talsrcimg.4dfp.ifh
ifh2hdr talsrcimg -r0to232
ori=2

---------------------------------------------------------------------
gauss_4dfp talsrcimg 1.1
---------------------------------------------------------------------

freesurfer gauss_4dfp.c
Reading: talsrcimg.4dfp.img
Writing: talsrcimg_g11.4dfp.img
image dimensions 256 256 256 padded to 288 288 288
processing volume 1freesurfer ifh2hdr.c
Fri Mar 13 01:07:55 2026
Writing: talsrcimg_g11.4dfp.hdr

Writing: talsrcimg_g11.4dfp.ifh
including: talsrcimg.4dfp.img.rec in talsrcimg_g11.4dfp.img.rec

---------------------------------------------------------------------
imgreg_4dfp /opt/freesurfer/average/711-2C_as_mni_average_305 none talsrcimg_g11 none talsrcimg_to_711-2C_as_mni_average_305_t4 4355
---------------------------------------------------------------------

freesurfer imgreg_4dfp.c
/opt/freesurfer/average/711-2C_as_mni_average_305.4dfp.img
       256       256       256         1
  1.000000  1.000000  1.000000
orientation T byte_order littleendian
Reading image: /opt/freesurfer/average/711-2C_as_mni_average_305.4dfp.img
dimensions:      256       256       256
mmppix:       1.0000   -1.0000   -1.0000
center:     128.0000 -129.0000 -129.0000
talsrcimg_g11.4dfp.img
       256       256       256         1
  1.000000  1.000000  1.000000
orientation T byte_order littleendian
Reading image: talsrcimg_g11.4dfp.img
dimensions:      256       256       256
mmppix:       1.0000   -1.0000   -1.0000
center:     128.0000 -129.0000 -129.0000
t4_read: open error in t4_sub.f l:  41 t4_file(1:l)talsrcimg_to_711-2C_as_mni_average_305_t4 
t4_read: transform initialized to I4
rotation matrix determinant  1.000000
image alignment mode   4355 decimal     1103 hex
   -7.5000  -45.0000  -45.0000 6655.1909   16.0483
    0.0000  -45.0000  -45.0000 6973.9507   16.0698
    7.5000  -45.0000  -45.0000 6715.3979   16.0616
   -7.5000  -37.5000  -45.0000 7210.8423   16.0185
    0.0000  -37.5000  -45.0000 7552.3115   16.0378
    7.5000  -37.5000  -45.0000 7268.3213   16.0342
   -7.5000  -30.0000  -45.0000 8050.5103   15.9998
    0.0000  -30.0000  -45.0000 8448.0186   16.0141
    7.5000  -30.0000  -45.0000 8120.3008   16.0067
   -7.5000  -22.5000  -45.0000 8900.7578   15.9805
    0.0000  -22.5000  -45.0000 9318.7559   15.9945
    7.5000  -22.5000  -45.0000 8961.9863   15.9795
   -7.5000  -15.0000  -45.0000 9620.0801   15.9720
    0.0000  -15.0000  -45.000010091.1582   15.9881
    7.5000  -15.0000  -45.0000 9691.1123   15.9688
   -7.5000   -7.5000  -45.000010299.6182   15.9668
    0.0000   -7.5000  -45.000010781.9961   15.9854
    7.5000   -7.5000  -45.000010362.5693   15.9694
   -7.5000    0.0000  -45.000010930.3486   15.9643
    0.0000    0.0000  -45.000011473.7119   15.9861
    7.5000    0.0000  -45.000011008.4072   15.9781
   -7.5000    7.5000  -45.000010712.8682   15.9732
    0.0000    7.5000  -45.000011243.5332   15.9928
    7.5000    7.5000  -45.000010787.1514   15.9892
   -7.5000   15.0000  -45.000010365.9180   15.9818
    0.0000   15.0000  -45.000010874.8252   15.9962
    7.5000   15.0000  -45.000010432.6426   15.9888
   -7.5000   22.5000  -45.000010011.0000   15.9758
    0.0000   22.5000  -45.000010514.8027   15.9899
    7.5000   22.5000  -45.000010090.1318   15.9749
   -7.5000   30.0000  -45.0000 9545.2529   15.7592
    0.0000   30.0000  -45.000010021.6309   15.7751
    7.5000   30.0000  -45.0000 9601.6309   15.7560
   -7.5000   37.5000  -45.0000 9211.8818   15.7540
    0.0000   37.5000  -45.0000 9645.6904   15.7724
    7.5000   37.5000  -45.0000 9240.6748   15.7566
   -7.5000   45.0000  -45.0000 8481.7285   15.3516
    0.0000   45.0000  -45.0000 8879.7090   15.3726
    7.5000   45.0000  -45.0000 8501.8018   15.3648
   -7.5000  -45.0000  -37.5000 7149.8525   16.0277
    0.0000  -45.0000  -37.5000 7486.0186   16.0510
    7.5000  -45.0000  -37.5000 7208.4473   16.0443
   -7.5000  -37.5000  -37.5000 7744.8066   15.9838
    0.0000  -37.5000  -37.5000 8129.0200   16.0060
    7.5000  -37.5000  -37.5000 7816.2642   16.0050
   -7.5000  -30.0000  -37.5000 8658.7236   15.9585
    0.0000  -30.0000  -37.5000 9098.8936   15.9736
    7.5000  -30.0000  -37.5000 8735.0195   15.9693
   -7.5000  -22.5000  -37.5000 9566.0439   15.9463
    0.0000  -22.5000  -37.500010041.0254   15.9576
    7.5000  -22.5000  -37.5000 9642.9385   15.9444
   -7.5000  -15.0000  -37.500010317.7559   15.9508
    0.0000  -15.0000  -37.500010828.3281   15.9627
    7.5000  -15.0000  -37.500010399.7773   15.9443
   -7.5000   -7.5000  -37.500011015.2363   15.9527
    0.0000   -7.5000  -37.500011548.4746   15.9698
    7.5000   -7.5000  -37.500011103.4131   15.9545
   -7.5000    0.0000  -37.500011654.3643   15.9439
    0.0000    0.0000  -37.500012228.5205   15.9675
    7.5000    0.0000  -37.500011756.0088   15.9609
   -7.5000    7.5000  -37.500011417.6816   15.9388
    0.0000    7.5000  -37.500011986.1582   15.9612
    7.5000    7.5000  -37.500011525.9727   15.9602
   -7.5000   15.0000  -37.500011051.6348   15.9406
    0.0000   15.0000  -37.500011602.3574   15.9559
    7.5000   15.0000  -37.500011157.4434   15.9515
   -7.5000   22.5000  -37.500010654.6406   15.9417
    0.0000   22.5000  -37.500011163.3467   15.9530
    7.5000   22.5000  -37.500010744.1074   15.9399
   -7.5000   30.0000  -37.500010161.8232   15.7382
    0.0000   30.0000  -37.500010639.4355   15.7500
    7.5000   30.0000  -37.500010225.4092   15.7318
   -7.5000   37.5000  -37.5000 9803.1982   15.7402
    0.0000   37.5000  -37.500010263.9541   15.7569
    7.5000   37.5000  -37.5000 9842.9854   15.7419
   -7.5000   45.0000  -37.5000 9007.2139   15.3320
    0.0000   45.0000  -37.5000 9437.0957   15.3546
    7.5000   45.0000  -37.5000 9016.7812   15.3483
   -7.5000  -45.0000  -30.0000 7786.4253   16.6961
    0.0000  -45.0000  -30.0000 8161.0049   16.7172
    7.5000  -45.0000  -30.0000 7844.2031   16.7203
   -7.5000  -37.5000  -30.0000 8463.9873   16.6379
    0.0000  -37.5000  -30.0000 8895.9590   16.6598
    7.5000  -37.5000  -30.0000 8526.2793   16.6707
   -7.5000  -30.0000  -30.0000 9433.8848   16.6056
    0.0000  -30.0000  -30.0000 9920.5400   16.6200
    7.5000  -30.0000  -30.0000 9513.4297   16.6280
   -7.5000  -22.5000  -30.000010387.3301   16.5994
    0.0000  -22.5000  -30.000010920.2832   16.6065
    7.5000  -22.5000  -30.000010481.5527   16.6041
   -7.5000  -15.0000  -30.000011200.3564   16.6163
    0.0000  -15.0000  -30.000011774.3926   16.6219
    7.5000  -15.0000  -30.000011294.5742   16.6118
   -7.5000   -7.5000  -30.000011906.2979   16.6243
    0.0000   -7.5000  -30.000012529.3916   16.6364
    7.5000   -7.5000  -30.000012040.7959   16.6289
   -7.5000    0.0000  -30.000012576.0684   16.6089
    0.0000    0.0000  -30.000013232.3105   16.6302
    7.5000    0.0000  -30.000012700.3652   16.6334
   -7.5000    7.5000  -30.000012323.3623   16.5910
    0.0000    7.5000  -30.000012952.7793   16.6132
    7.5000    7.5000  -30.000012444.1191   16.6240
   -7.5000   15.0000  -30.000011916.2100   16.5870
    0.0000   15.0000  -30.000012522.0264   16.6015
    7.5000   15.0000  -30.000012049.6904   16.6095
   -7.5000   22.5000  -30.000011454.1416   16.5929
    0.0000   22.5000  -30.000011998.0977   16.6000
    7.5000   22.5000  -30.000011550.8691   16.5977
   -7.5000   30.0000  -30.000010906.7314   16.3964
    0.0000   30.0000  -30.000011437.6426   16.4020
    7.5000   30.0000  -30.000010984.8281   16.3920
   -7.5000   37.5000  -30.000010507.0322   16.4043
    0.0000   37.5000  -30.000011021.2471   16.4162
    7.5000   37.5000  -30.000010569.1025   16.4088
   -7.5000   45.0000  -30.0000 9636.2637   15.9831
    0.0000   45.0000  -30.000010099.7959   16.0037
    7.5000   45.0000  -30.0000 9658.9854   16.0068
   -7.5000  -45.0000  -22.5000 8426.4648   17.2693
    0.0000  -45.0000  -22.5000 8838.4844   17.2859
    7.5000  -45.0000  -22.5000 8489.9316   17.2981
   -7.5000  -37.5000  -22.5000 9150.7168   17.2132
    0.0000  -37.5000  -22.5000 9614.9971   17.2319
    7.5000  -37.5000  -22.5000 9224.4785   17.2519
   -7.5000  -30.0000  -22.500010176.8506   17.1831
    0.0000  -30.0000  -22.500010690.3535   17.1951
    7.5000  -30.0000  -22.500010265.0322   17.2119
   -7.5000  -22.5000  -22.500011164.5703   17.1762
    0.0000  -22.5000  -22.500011732.0859   17.1809
    7.5000  -22.5000  -22.500011264.5352   17.1869
   -7.5000  -15.0000  -22.500012010.1680   17.1911
    0.0000  -15.0000  -22.500012637.2275   17.1935
    7.5000  -15.0000  -22.500012122.4209   17.1910
   -7.5000   -7.5000  -22.500012774.3623   17.1954
    0.0000   -7.5000  -22.500013448.5508   17.2034
    7.5000   -7.5000  -22.500012903.2432   17.2038
   -7.5000    0.0000  -22.500013487.9307   17.1790
    0.0000    0.0000  -22.500014173.7207   17.1961
    7.5000    0.0000  -22.500013605.3584   17.2082
   -7.5000    7.5000  -22.500013198.7305   17.1648
    0.0000    7.5000  -22.500013876.3320   17.1837
    7.5000    7.5000  -22.500013323.5312   17.2036
   -7.5000   15.0000  -22.500012737.3711   17.1638
    0.0000   15.0000  -22.500013397.0469   17.1760
    7.5000   15.0000  -22.500012887.5127   17.1928
   -7.5000   22.5000  -22.500012179.5264   17.1683
    0.0000   22.5000  -22.500012796.7734   17.1731
    7.5000   22.5000  -22.500012305.2227   17.1791
   -7.5000   30.0000  -22.500011590.4238   16.9662
    0.0000   30.0000  -22.500012179.4922   16.9686
    7.5000   30.0000  -22.500011684.4316   16.9661
   -7.5000   37.5000  -22.500011139.8740   16.9705
    0.0000   37.5000  -22.500011714.9531   16.9784
    7.5000   37.5000  -22.500011233.1826   16.9788
   -7.5000   45.0000  -22.500010190.5068   16.5442
    0.0000   45.0000  -22.500010712.7422   16.5607
    7.5000   45.0000  -22.500010248.3496   16.5723
   -7.5000  -45.0000  -15.0000 9053.6348   17.6853
    0.0000  -45.0000  -15.0000 9508.7783   17.6993
    7.5000  -45.0000  -15.0000 9138.3428   17.7109
   -7.5000  -37.5000  -15.0000 9819.7832   17.6417
    0.0000  -37.5000  -15.000010330.4600   17.6573
    7.5000  -37.5000  -15.0000 9924.8438   17.6755
   -7.5000  -30.0000  -15.000010896.8496   17.6179
    0.0000  -30.0000  -15.000011455.2852   17.6285
    7.5000  -30.0000  -15.000011027.2227   17.6429
   -7.5000  -22.5000  -15.000011927.0957   17.6052
    0.0000  -22.5000  -15.000012537.3564   17.6111
    7.5000  -22.5000  -15.000012056.1641   17.6151
   -7.5000  -15.0000  -15.000012792.3359   17.6081
    0.0000  -15.0000  -15.000013461.6924   17.6124
    7.5000  -15.0000  -15.000012951.5752   17.6089
   -7.5000   -7.5000  -15.000013575.0576   17.6046
    0.0000   -7.5000  -15.000014270.7188   17.6123
    7.5000   -7.5000  -15.000013738.6211   17.6123
   -7.5000    0.0000  -15.000014318.4355   17.5928
    0.0000    0.0000  -15.000015051.9971   17.6073
    7.5000    0.0000  -15.000014476.6035   17.6188
   -7.5000    7.5000  -15.000014044.3818   17.5920
    0.0000    7.5000  -15.000014769.3428   17.6079
    7.5000    7.5000  -15.000014185.0039   17.6260
   -7.5000   15.0000  -15.000013542.6748   17.5981
    0.0000   15.0000  -15.000014244.6465   17.6088
    7.5000   15.0000  -15.000013702.1123   17.6232
   -7.5000   22.5000  -15.000012902.2061   17.5963
    0.0000   22.5000  -15.000013546.6426   17.6022
    7.5000   22.5000  -15.000013026.5713   17.6063
   -7.5000   30.0000  -15.000012254.7207   17.3802
    0.0000   30.0000  -15.000012850.3750   17.3845
    7.5000   30.0000  -15.000012326.3330   17.3811
   -7.5000   37.5000  -15.000011758.8818   17.3767
    0.0000   37.5000  -15.000012375.4893   17.3843
    7.5000   37.5000  -15.000011853.7939   17.3844
   -7.5000   45.0000  -15.000010725.0312   16.9530
    0.0000   45.0000  -15.000011297.6113   16.9669
    7.5000   45.0000  -15.000010795.8613   16.9781
   -7.5000  -45.0000   -7.5000 9716.7686   17.8940
    0.0000  -45.0000   -7.500010228.6846   17.9115
    7.5000  -45.0000   -7.5000 9834.4199   17.9122
   -7.5000  -37.5000   -7.500010526.0361   17.8607
    0.0000  -37.5000   -7.500011076.4316   17.8776
    7.5000  -37.5000   -7.500010658.4434   17.8838
   -7.5000  -30.0000   -7.500011653.7129   17.8404
    0.0000  -30.0000   -7.500012253.9775   17.8531
    7.5000  -30.0000   -7.500011794.1953   17.8554
   -7.5000  -22.5000   -7.500012724.7266   17.8204
    0.0000  -22.5000   -7.500013382.0762   17.8322
    7.5000  -22.5000   -7.500012865.5469   17.8254
   -7.5000  -15.0000   -7.500013621.3691   17.8123
    0.0000  -15.0000   -7.500014324.6094   17.8249
    7.5000  -15.0000   -7.500013802.8750   17.8121
   -7.5000   -7.5000   -7.500014426.6777   17.8050
    0.0000   -7.5000   -7.500015125.9980   17.8193
    7.5000   -7.5000   -7.500014583.7832   17.8102
   -7.5000    0.0000   -7.500015181.5625   17.8004
    0.0000    0.0000   -7.500015908.8760   17.8185
    7.5000    0.0000   -7.500015334.6172   17.8192
   -7.5000    7.5000   -7.500014884.5547   17.8102
    0.0000    7.5000   -7.500015599.2324   17.8275
    7.5000    7.5000   -7.500015027.9561   17.8337
   -7.5000   15.0000   -7.500014370.8936   17.8203
    0.0000   15.0000   -7.500015080.1406   17.8331
    7.5000   15.0000   -7.500014545.6553   17.8355
   -7.5000   22.5000   -7.500013618.0879   17.8094
    0.0000   22.5000   -7.500014275.9453   17.8213
    7.5000   22.5000   -7.500013764.9609   17.8145
   -7.5000   30.0000   -7.500012887.0225   17.5813
    0.0000   30.0000   -7.500013494.5488   17.5938
    7.5000   30.0000   -7.500012973.4170   17.5811
   -7.5000   37.5000   -7.500012389.0918   17.5741
    0.0000   37.5000   -7.500012994.0332   17.5883
    7.5000   37.5000   -7.500012472.7275   17.5792
   -7.5000   45.0000   -7.500011303.2041   17.1562
    0.0000   45.0000   -7.500011862.1475   17.1737
    7.5000   45.0000   -7.500011359.3311   17.1743
   -7.5000  -45.0000    0.000010330.5703   17.9316
    0.0000  -45.0000    0.000010890.0332   17.9557
    7.5000  -45.0000    0.000010466.6025   17.9464
   -7.5000  -37.5000    0.000011185.6279   17.8979
    0.0000  -37.5000    0.000011763.5957   17.9195
    7.5000  -37.5000    0.000011318.7627   17.9153
   -7.5000  -30.0000    0.000012371.3447   17.8768
    0.0000  -30.0000    0.000012985.9980   17.8927
    7.5000  -30.0000    0.000012492.1143   17.8844
   -7.5000  -22.5000    0.000013470.4268   17.8556
    0.0000  -22.5000    0.000014123.2666   17.8713
    7.5000  -22.5000    0.000013606.8555   17.8543
   -7.5000  -15.0000    0.000014426.9590   17.8467
    0.0000  -15.0000    0.000015100.9297   17.8648
    7.5000  -15.0000    0.000014551.2881   17.8430
   -7.5000   -7.5000    0.000015242.8184   17.8410
    0.0000   -7.5000    0.000015901.1309   17.8619
    7.5000   -7.5000    0.000015360.0928   17.8439
   -7.5000    0.0000    0.000016016.3164   17.8379
    0.0000    0.0000    0.000016661.4141   17.8624
    7.5000    0.0000    0.000016110.7227   17.8532
   -7.5000    7.5000    0.000015701.5107   17.8473
    0.0000    7.5000    0.000016369.5977   17.8692
    7.5000    7.5000    0.000015817.1270   17.8651
   -7.5000   15.0000    0.000015155.4492   17.8567
    0.0000   15.0000    0.000015862.8545   17.8728
    7.5000   15.0000    0.000015318.8125   17.8644
   -7.5000   22.5000    0.000014329.4990   17.8446
    0.0000   22.5000    0.000014964.5459   17.8604
    7.5000   22.5000    0.000014479.6289   17.8434
   -7.5000   30.0000    0.000013479.0664   17.6157
    0.0000   30.0000    0.000014056.7529   17.6336
    7.5000   30.0000    0.000013572.7861   17.6121
   -7.5000   37.5000    0.000012970.4258   17.6101
    0.0000   37.5000    0.000013530.8076   17.6307
    7.5000   37.5000    0.000013030.9346   17.6129
   -7.5000   45.0000    0.000011846.5664   17.1937
    0.0000   45.0000    0.000012379.1416   17.2173
    7.5000   45.0000    0.000011901.9756   17.2084
   -7.5000  -45.0000    7.500010159.4053   17.9315
    0.0000  -45.0000    7.500010688.9111   17.9575
    7.5000  -45.0000    7.500010276.2041   17.9500
   -7.5000  -37.5000    7.500010976.3135   17.8824
    0.0000  -37.5000    7.500011531.3330   17.9073
    7.5000  -37.5000    7.500011084.3994   17.9061
   -7.5000  -30.0000    7.500012126.6387   17.8543
    0.0000  -30.0000    7.500012728.3018   17.8712
    7.5000  -30.0000    7.500012235.0684   17.8663
   -7.5000  -22.5000    7.500013182.8828   17.8406
    0.0000  -22.5000    7.500013795.3047   17.8533
    7.5000  -22.5000    7.500013280.0615   17.8385
   -7.5000  -15.0000    7.500014126.5615   17.8456
    0.0000  -15.0000    7.500014729.6270   17.8590
    7.5000  -15.0000    7.500014195.7852   17.8382
   -7.5000   -7.5000    7.500014927.9414   17.8477
    0.0000   -7.5000    7.500015523.3232   17.8667
    7.5000   -7.5000    7.500014989.7031   17.8496
   -7.5000    0.0000    7.500015672.6348   17.8378
    0.0000    0.0000    7.500016227.0996   17.8641
    7.5000    0.0000    7.500015671.3584   17.8567
   -7.5000    7.5000    7.500015301.5342   17.8321
    0.0000    7.5000    7.500015852.5068   17.8571
    7.5000    7.5000    7.500015321.7598   17.8559
   -7.5000   15.0000    7.500014762.8906   17.8343
    0.0000   15.0000    7.500015317.8301   17.8513
    7.5000   15.0000    7.500014803.0977   17.8464
   -7.5000   22.5000    7.500013906.0439   17.8297
    0.0000   22.5000    7.500014417.2344   17.8424
    7.5000   22.5000    7.500013956.7109   17.8276
   -7.5000   30.0000    7.500013030.4609   17.6147
    0.0000   30.0000    7.500013484.0410   17.6279
    7.5000   30.0000    7.500013047.3955   17.6074
   -7.5000   37.5000    7.500012514.4824   17.6167
    0.0000   37.5000    7.500012962.6006   17.6355
    7.5000   37.5000    7.500012509.4160   17.6186
   -7.5000   45.0000    7.500011434.9746   17.1935
    0.0000   45.0000    7.500011884.6973   17.2190
    7.5000   45.0000    7.500011457.0859   17.2118
   -7.5000  -45.0000   15.0000 9855.0811   17.9289
    0.0000  -45.0000   15.000010356.4297   17.9515
    7.5000  -45.0000   15.0000 9971.7803   17.9548
   -7.5000  -37.5000   15.000010645.7959   17.8663
    0.0000  -37.5000   15.000011184.5605   17.8899
    7.5000  -37.5000   15.000010760.2256   17.9015
   -7.5000  -30.0000   15.000011728.9092   17.8316
    0.0000  -30.0000   15.000012326.7344   17.8471
    7.5000  -30.0000   15.000011858.0205   17.8557
   -7.5000  -22.5000   15.000012738.6572   17.8250
    0.0000  -22.5000   15.000013349.2676   17.8326
    7.5000  -22.5000   15.000012848.3926   17.8301
   -7.5000  -15.0000   15.000013641.4062   17.8432
    0.0000  -15.0000   15.000014269.4238   17.8492
    7.5000  -15.0000   15.000013750.0771   17.8383
   -7.5000   -7.5000   15.000014476.5840   17.8517
    0.0000   -7.5000   15.000015068.4756   17.8647
    7.5000   -7.5000   15.000014528.0498   17.8566
   -7.5000    0.0000   15.000015182.1074   17.8352
    0.0000    0.0000   15.000015686.1689   17.8581
    7.5000    0.0000   15.000015149.6982   17.8615
   -7.5000    7.5000   15.000014802.4160   17.8160
    0.0000    7.5000   15.000015292.3428   17.8398
    7.5000    7.5000   15.000014803.7803   17.8514
   -7.5000   15.0000   15.000014248.2578   17.8117
    0.0000   15.0000   15.000014704.1104   17.8273
    7.5000   15.0000   15.000014261.3545   17.8359
   -7.5000   22.5000   15.000013431.2871   17.8141
    0.0000   22.5000   15.000013861.1074   17.8218
    7.5000   22.5000   15.000013446.7969   17.8193
   -7.5000   30.0000   15.000012515.2520   17.6122
    0.0000   30.0000   15.000012903.9336   17.6182
    7.5000   30.0000   15.000012490.6562   17.6075
   -7.5000   37.5000   15.000012019.9365   17.6207
    0.0000   37.5000   15.000012401.9277   17.6335
    7.5000   37.5000   15.000011979.4297   17.6255
   -7.5000   45.0000   15.000010993.6328   17.1911
    0.0000   45.0000   15.000011372.2510   17.2132
    7.5000   45.0000   15.000010969.7178   17.2165
   -7.5000  -45.0000   22.5000 9433.1826   17.9270
    0.0000  -45.0000   22.5000 9941.1211   17.9443
    7.5000  -45.0000   22.5000 9561.4268   17.9569
   -7.5000  -37.5000   22.500010194.8545   17.8688
    0.0000  -37.5000   22.500010738.5000   17.8881
    7.5000  -37.5000   22.500010311.8594   17.9089
   -7.5000  -30.0000   22.500011255.6221   17.8375
    0.0000  -30.0000   22.500011829.4180   17.8500
    7.5000  -30.0000   22.500011382.3584   17.8674
   -7.5000  -22.5000   22.500012224.6104   17.8304
    0.0000  -22.5000   22.500012817.9072   17.8353
    7.5000  -22.5000   22.500012342.5049   17.8415
   -7.5000  -15.0000   22.500013073.9072   17.8458
    0.0000  -15.0000   22.500013687.9678   17.8483
    7.5000  -15.0000   22.500013188.9883   17.8457
   -7.5000   -7.5000   22.500013871.0439   17.8503
    0.0000   -7.5000   22.500014473.5439   17.8586
    7.5000   -7.5000   22.500013958.0186   17.8590
   -7.5000    0.0000   22.500014585.2783   17.8333
    0.0000    0.0000   22.500015104.9863   17.8510
    7.5000    0.0000   22.500014601.8193   17.8636
   -7.5000    7.5000   22.500014266.3809   17.8185
    0.0000    7.5000   22.500014736.8896   17.8382
    7.5000    7.5000   22.500014274.5684   17.8588
   -7.5000   15.0000   22.500013732.7637   17.8175
    0.0000   15.0000   22.500014172.5176   17.8301
    7.5000   15.0000   22.500013717.4814   17.8476
   -7.5000   22.5000   22.500012951.9453   17.8195
    0.0000   22.5000   22.500013387.9609   17.8244
    7.5000   22.5000   22.500012949.0430   17.8307
   -7.5000   30.0000   22.500012023.1328   17.6148
    0.0000   30.0000   22.500012400.4062   17.6173
    7.5000   30.0000   22.500011970.5283   17.6147
   -7.5000   37.5000   22.500011528.5352   17.6193
    0.0000   37.5000   22.500011880.8037   17.6275
    7.5000   37.5000   22.500011456.9590   17.6279
   -7.5000   45.0000   22.500010530.6748   17.1892
    0.0000   45.0000   22.500010887.5664   17.2063
    7.5000   45.0000   22.500010476.8721   17.2184
   -7.5000  -45.0000   30.0000 8925.0381   17.9358
    0.0000  -45.0000   30.0000 9384.6504   17.9501
    7.5000  -45.0000   30.0000 9044.0752   17.9619
   -7.5000  -37.5000   30.0000 9641.7012   17.8916
    0.0000  -37.5000   30.000010139.6865   17.9075
    7.5000  -37.5000   30.0000 9751.7773   17.9260
   -7.5000  -30.0000   30.000010650.7266   17.8674
    0.0000  -30.0000   30.000011197.3818   17.8782
    7.5000  -30.0000   30.000010778.8828   17.8928
   -7.5000  -22.5000   30.000011599.3447   17.8543
    0.0000  -22.5000   30.000012191.9385   17.8605
    7.5000  -22.5000   30.000011744.9121   17.8646
   -7.5000  -15.0000   30.000012397.1904   17.8573
    0.0000  -15.0000   30.000013028.1797   17.8618
    7.5000  -15.0000   30.000012554.1025   17.8583
   -7.5000   -7.5000   30.000013148.4072   17.8538
    0.0000   -7.5000   30.000013741.0645   17.8618
    7.5000   -7.5000   30.000013232.3301   17.8619
   -7.5000    0.0000   30.000013853.9346   17.8420
    0.0000    0.0000   30.000014445.7803   17.8568
    7.5000    0.0000   30.000013884.2520   17.8685
   -7.5000    7.5000   30.000013568.7021   17.8411
    0.0000    7.5000   30.000014165.2754   17.8574
    7.5000    7.5000   30.000013608.8809   17.8758
   -7.5000   15.0000   30.000013080.8047   17.8473
    0.0000   15.0000   30.000013643.5693   17.8583
    7.5000   15.0000   30.000013106.4346   17.8729
   -7.5000   22.5000   30.000012358.7969   17.8434
    0.0000   22.5000   30.000012878.7979   17.8496
    7.5000   22.5000   30.000012381.6201   17.8537
   -7.5000   30.0000   30.000011459.2344   17.6262
    0.0000   30.0000   30.000011886.3896   17.6307
    7.5000   30.0000   30.000011435.4014   17.6272
   -7.5000   37.5000   30.000010948.8418   17.6228
    0.0000   37.5000   30.000011335.1533   17.6306
    7.5000   37.5000   30.000010906.9053   17.6307
   -7.5000   45.0000   30.0000 9984.0244   17.1976
    0.0000   45.0000   30.000010340.2412   17.2119
    7.5000   45.0000   30.0000 9958.1826   17.2232
   -7.5000  -45.0000   37.5000 8657.2246   17.9708
    0.0000  -45.0000   37.5000 9133.1436   17.9887
    7.5000  -45.0000   37.5000 8776.9873   17.9890
   -7.5000  -37.5000   37.5000 9382.1416   17.9373
    0.0000  -37.5000   37.5000 9883.0586   17.9545
    7.5000  -37.5000   37.5000 9487.5156   17.9604
   -7.5000  -30.0000   37.500010387.6689   17.9167
    0.0000  -30.0000   37.500010924.9795   17.9297
    7.5000  -30.0000   37.500010509.1211   17.9317
   -7.5000  -22.5000   37.500011330.2217   17.8966
    0.0000  -22.5000   37.500011928.0576   17.9088
    7.5000  -22.5000   37.500011499.7754   17.9016
   -7.5000  -15.0000   37.500012151.6084   17.8885
    0.0000  -15.0000   37.500012798.1406   17.9014
    7.5000  -15.0000   37.500012344.9307   17.8883
   -7.5000   -7.5000   37.500012933.2988   17.8813
    0.0000   -7.5000   37.500013561.6631   17.8959
    7.5000   -7.5000   37.500013076.6113   17.8863
   -7.5000    0.0000   37.500013601.2910   17.8766
    0.0000    0.0000   37.500014220.7324   17.8950
    7.5000    0.0000   37.500013697.4580   17.8954
   -7.5000    7.5000   37.500013299.6279   17.8865
    0.0000    7.5000   37.500013896.4365   17.9040
    7.5000    7.5000   37.500013371.0996   17.9100
   -7.5000   15.0000   37.500012839.9473   17.8965
    0.0000   15.0000   37.500013400.4297   17.9096
    7.5000   15.0000   37.500012926.2754   17.9117
   -7.5000   22.5000   37.500012140.5000   17.8856
    0.0000   22.5000   37.500012660.6562   17.8978
    7.5000   22.5000   37.500012213.1963   17.8906
   -7.5000   30.0000   37.500011250.2471   17.6570
    0.0000   30.0000   37.500011706.2129   17.6698
    7.5000   30.0000   37.500011288.6270   17.6568
   -7.5000   37.5000   37.500010742.6670   17.6499
    0.0000   37.5000   37.500011150.0859   17.6643
    7.5000   37.5000   37.500010734.5537   17.6549
   -7.5000   45.0000   37.5000 9794.9658   17.2310
    0.0000   45.0000   37.500010186.0146   17.2487
    7.5000   45.0000   37.5000 9802.4170   17.2491
   -7.5000  -45.0000   45.0000 7975.9551   17.9179
    0.0000  -45.0000   45.0000 8391.1748   17.9421
    7.5000  -45.0000   45.0000 8086.0024   17.9325
   -7.5000  -37.5000   45.0000 8641.2725   17.8833
    0.0000  -37.5000   45.0000 9094.6279   17.9050
    7.5000  -37.5000   45.0000 8773.6504   17.9005
   -7.5000  -30.0000   45.0000 9591.3496   17.8618
    0.0000  -30.0000   45.000010090.5439   17.8778
    7.5000  -30.0000   45.0000 9734.2881   17.8691
   -7.5000  -22.5000   45.000010500.0137   17.8409
    0.0000  -22.5000   45.000011056.9766   17.8568
    7.5000  -22.5000   45.000010649.5898   17.8393
   -7.5000  -15.0000   45.000011295.6562   17.8327
    0.0000  -15.0000   45.000011899.3750   17.8509
    7.5000  -15.0000   45.000011456.6689   17.8287
   -7.5000   -7.5000   45.000012014.1064   17.8273
    0.0000   -7.5000   45.000012646.4902   17.8482
    7.5000   -7.5000   45.000012164.4082   17.8298
   -7.5000    0.0000   45.000012653.8027   17.8238
    0.0000    0.0000   45.000013283.7402   17.8484
    7.5000    0.0000   45.000012765.5117   17.8389
   -7.5000    7.5000   45.000012321.6719   17.8325
    0.0000    7.5000   45.000012939.4707   17.8546
    7.5000    7.5000   45.000012450.2275   17.8501
   -7.5000   15.0000   45.000011910.5811   17.8415
    0.0000   15.0000   45.000012484.2705   17.8578
    7.5000   15.0000   45.000012025.9033   17.8490
   -7.5000   22.5000   45.000011286.6914   17.8299
    0.0000   22.5000   45.000011811.8955   17.8458
    7.5000   22.5000   45.000011374.2949   17.8284
   -7.5000   30.0000   45.000010463.3711   17.6004
    0.0000   30.0000   45.000010939.1396   17.6183
    7.5000   30.0000   45.000010539.6348   17.5964
   -7.5000   37.5000   45.0000 9984.8066   17.5951
    0.0000   37.5000   45.000010418.6055   17.6157
    7.5000   37.5000   45.000010018.6475   17.5975
   -7.5000   45.0000   45.0000 9122.9092   17.1879
    0.0000   45.0000   45.0000 9533.2812   17.2116
    7.5000   45.0000   45.0000 9167.6748   17.2024

---------------------------------------------------------------------
imgreg_4dfp /opt/freesurfer/average/711-2C_as_mni_average_305 /opt/freesurfer/average/711-2B_as_mni_average_305_mask talsrcimg_g11 none talsrcimg_to_711-2C_as_mni_average_305_t4 4355
---------------------------------------------------------------------

freesurfer imgreg_4dfp.c
/opt/freesurfer/average/711-2C_as_mni_average_305.4dfp.img
       256       256       256         1
  1.000000  1.000000  1.000000
orientation T byte_order littleendian
Reading image: /opt/freesurfer/average/711-2C_as_mni_average_305.4dfp.img
dimensions:      256       256       256
mmppix:       1.0000   -1.0000   -1.0000
center:     128.0000 -129.0000 -129.0000
/opt/freesurfer/average/711-2B_as_mni_average_305_mask.4dfp.img
       256       256       256         1
  1.000000  1.000000  1.000000
orientation T byte_order littleendian
Reading mask: /opt/freesurfer/average/711-2B_as_mni_average_305_mask.4dfp.img (2306576 pixels)
talsrcimg_g11.4dfp.img
       256       256       256         1
  1.000000  1.000000  1.000000
orientation T byte_order littleendian
Reading image: talsrcimg_g11.4dfp.img
dimensions:      256       256       256
mmppix:       1.0000   -1.0000   -1.0000
center:     128.0000 -129.0000 -129.0000
rotation matrix determinant  1.000000
image alignment mode   4355 decimal     1103 hex
   -7.5000  -45.0000  -45.0000 1806.4551   21.3468
    0.0000  -45.0000  -45.0000 1822.1089   21.0458
    7.5000  -45.0000  -45.0000 1815.1707   21.0999
   -7.5000  -37.5000  -45.0000 1907.1826   19.1977
    0.0000  -37.5000  -45.0000 1921.5149   18.9150
    7.5000  -37.5000  -45.0000 1912.8480   18.9578
   -7.5000  -30.0000  -45.0000 1987.2405   17.5900
    0.0000  -30.0000  -45.0000 2006.7205   17.3520
    7.5000  -30.0000  -45.0000 1997.3303   17.3889
   -7.5000  -22.5000  -45.0000 2049.7490   16.4438
    0.0000  -22.5000  -45.0000 2065.4062   16.2187
    7.5000  -22.5000  -45.0000 2059.4539   16.2293
   -7.5000  -15.0000  -45.0000 2082.5359   15.6904
    0.0000  -15.0000  -45.0000 2102.7349   15.4660
    7.5000  -15.0000  -45.0000 2094.1541   15.4709
   -7.5000   -7.5000  -45.0000 2103.9426   15.2484
    0.0000   -7.5000  -45.0000 2122.9392   15.0084
    7.5000   -7.5000  -45.0000 2116.4961   14.9978
   -7.5000    0.0000  -45.0000 2108.6860   15.1325
    0.0000    0.0000  -45.0000 2127.5266   14.8432
    7.5000    0.0000  -45.0000 2118.2417   14.8601
   -7.5000    7.5000  -45.0000 2101.5012   15.2570
    0.0000    7.5000  -45.0000 2121.0154   14.9935
    7.5000    7.5000  -45.0000 2110.7981   15.0316
   -7.5000   15.0000  -45.0000 2073.4841   15.7809
    0.0000   15.0000  -45.0000 2097.3486   15.5152
    7.5000   15.0000  -45.0000 2085.7004   15.5513
   -7.5000   22.5000  -45.0000 2031.9884   16.5415
    0.0000   22.5000  -45.0000 2059.0725   16.3205
    7.5000   22.5000  -45.0000 2046.8131   16.3265
   -7.5000   30.0000  -45.0000 1971.9894   17.6422
    0.0000   30.0000  -45.0000 2001.7330   17.3696
    7.5000   30.0000  -45.0000 1989.3578   17.3729
   -7.5000   37.5000  -45.0000 1896.4907   19.1086
    0.0000   37.5000  -45.0000 1920.5262   18.7823
    7.5000   37.5000  -45.0000 1909.4655   18.8079
   -7.5000   45.0000  -45.0000 1800.5266   21.0827
    0.0000   45.0000  -45.0000 1821.0680   20.6808
    7.5000   45.0000  -45.0000 1815.1367   20.7480
   -7.5000  -45.0000  -37.5000 1898.2611   19.5196
    0.0000  -45.0000  -37.5000 1913.0975   19.1910
    7.5000  -45.0000  -37.5000 1904.6982   19.2466
   -7.5000  -37.5000  -37.5000 2000.7120   17.5488
    0.0000  -37.5000  -37.5000 2021.2953   17.2706
    7.5000  -37.5000  -37.5000 2009.7057   17.3278
   -7.5000  -30.0000  -37.5000 2094.2939   16.0530
    0.0000  -30.0000  -37.5000 2115.7686   15.8508
    7.5000  -30.0000  -37.5000 2101.9246   15.8884
   -7.5000  -22.5000  -37.5000 2167.6753   14.9584
    0.0000  -22.5000  -37.5000 2187.3752   14.7628
    7.5000  -22.5000  -37.5000 2176.6294   14.7883
   -7.5000  -15.0000  -37.5000 2198.0549   14.2433
    0.0000  -15.0000  -37.5000 2220.1538   14.0542
    7.5000  -15.0000  -37.5000 2211.7480   14.0656
   -7.5000   -7.5000  -37.5000 2216.2451   13.8183
    0.0000   -7.5000  -37.5000 2235.7178   13.6178
    7.5000   -7.5000  -37.5000 2229.7832   13.6449
   -7.5000    0.0000  -37.5000 2213.9258   13.7573
    0.0000    0.0000  -37.5000 2235.6245   13.5274
    7.5000    0.0000  -37.5000 2230.6062   13.5388
   -7.5000    7.5000  -37.5000 2204.5430   13.8729
    0.0000    7.5000  -37.5000 2227.2283   13.6295
    7.5000    7.5000  -37.5000 2220.0173   13.6742
   -7.5000   15.0000  -37.5000 2175.7234   14.3223
    0.0000   15.0000  -37.5000 2202.2971   14.0804
    7.5000   15.0000  -37.5000 2192.9824   14.1159
   -7.5000   22.5000  -37.5000 2131.2168   15.0078
    0.0000   22.5000  -37.5000 2160.4753   14.7674
    7.5000   22.5000  -37.5000 2151.4482   14.8223
   -7.5000   30.0000  -37.5000 2071.0999   16.0076
    0.0000   30.0000  -37.5000 2096.9563   15.7232
    7.5000   30.0000  -37.5000 2088.7476   15.7473
   -7.5000   37.5000  -37.5000 1990.3224   17.3324
    0.0000   37.5000  -37.5000 2016.2827   17.0025
    7.5000   37.5000  -37.5000 2007.2781   17.0339
   -7.5000   45.0000  -37.5000 1893.6465   19.1011
    0.0000   45.0000  -37.5000 1916.8850   18.7613
    7.5000   45.0000  -37.5000 1907.4325   18.7914
   -7.5000  -45.0000  -30.0000 2018.1837   18.5495
    0.0000  -45.0000  -30.0000 2035.2297   18.3027
    7.5000  -45.0000  -30.0000 2023.5039   18.3275
   -7.5000  -37.5000  -30.0000 2135.2893   16.6971
    0.0000  -37.5000  -30.0000 2164.0073   16.4655
    7.5000  -37.5000  -30.0000 2147.3005   16.5265
   -7.5000  -30.0000  -30.0000 2236.1997   15.2458
    0.0000  -30.0000  -30.0000 2261.6316   15.0283
    7.5000  -30.0000  -30.0000 2247.5637   15.0858
   -7.5000  -22.5000  -30.0000 2315.2698   14.1564
    0.0000  -22.5000  -30.0000 2338.4514   13.9679
    7.5000  -22.5000  -30.0000 2325.7854   14.0106
   -7.5000  -15.0000  -30.0000 2350.4597   13.4719
    0.0000  -15.0000  -30.0000 2375.6216   13.2948
    7.5000  -15.0000  -30.0000 2362.1709   13.3244
   -7.5000   -7.5000  -30.0000 2366.3149   13.0931
    0.0000   -7.5000  -30.0000 2394.2275   12.8897
    7.5000   -7.5000  -30.0000 2384.2573   12.9303
   -7.5000    0.0000  -30.0000 2365.2563   13.0015
    0.0000    0.0000  -30.0000 2394.4695   12.7795
    7.5000    0.0000  -30.0000 2385.5588   12.8322
   -7.5000    7.5000  -30.0000 2354.7827   13.1235
    0.0000    7.5000  -30.0000 2380.4390   12.8985
    7.5000    7.5000  -30.0000 2371.4089   12.9515
   -7.5000   15.0000  -30.0000 2323.5452   13.4886
    0.0000   15.0000  -30.0000 2353.4404   13.2570
    7.5000   15.0000  -30.0000 2346.0591   13.3213
   -7.5000   22.5000  -30.0000 2280.6880   14.1334
    0.0000   22.5000  -30.0000 2310.0684   13.8756
    7.5000   22.5000  -30.0000 2304.6611   13.9276
   -7.5000   30.0000  -30.0000 2210.9192   15.0702
    0.0000   30.0000  -30.0000 2240.2954   14.8100
    7.5000   30.0000  -30.0000 2233.6299   14.8345
   -7.5000   37.5000  -30.0000 2123.6411   16.3228
    0.0000   37.5000  -30.0000 2151.8340   16.0074
    7.5000   37.5000  -30.0000 2147.2354   16.0475
   -7.5000   45.0000  -30.0000 2020.1249   17.9518
    0.0000   45.0000  -30.0000 2045.8920   17.6393
    7.5000   45.0000  -30.0000 2040.0453   17.6838
   -7.5000  -45.0000  -22.5000 2111.9517   17.5641
    0.0000  -45.0000  -22.5000 2130.6152   17.3596
    7.5000  -45.0000  -22.5000 2117.7388   17.4357
   -7.5000  -37.5000  -22.5000 2236.9832   15.8162
    0.0000  -37.5000  -22.5000 2263.3250   15.6155
    7.5000  -37.5000  -22.5000 2249.6655   15.7140
   -7.5000  -30.0000  -22.5000 2341.3262   14.4040
    0.0000  -30.0000  -22.5000 2368.4966   14.2101
    7.5000  -30.0000  -22.5000 2357.6599   14.3045
   -7.5000  -22.5000  -22.5000 2421.6868   13.3711
    0.0000  -22.5000  -22.5000 2447.5947   13.1744
    7.5000  -22.5000  -22.5000 2436.8352   13.2278
   -7.5000  -15.0000  -22.5000 2467.6057   12.6858
    0.0000  -15.0000  -22.5000 2494.6538   12.4924
    7.5000  -15.0000  -22.5000 2480.9587   12.5293
   -7.5000   -7.5000  -22.5000 2494.5615   12.3234
    0.0000   -7.5000  -22.5000 2522.4675   12.1348
    7.5000   -7.5000  -22.5000 2510.7791   12.1669
   -7.5000    0.0000  -22.5000 2502.8970   12.2012
    0.0000    0.0000  -22.5000 2530.3945   12.0071
    7.5000    0.0000  -22.5000 2519.5183   12.0491
   -7.5000    7.5000  -22.5000 2487.9189   12.3281
    0.0000    7.5000  -22.5000 2515.8887   12.1345
    7.5000    7.5000  -22.5000 2510.9045   12.1865
   -7.5000   15.0000  -22.5000 2458.4343   12.6682
    0.0000   15.0000  -22.5000 2489.5083   12.4563
    7.5000   15.0000  -22.5000 2482.3198   12.5217
   -7.5000   22.5000  -22.5000 2407.3289   13.2725
    0.0000   22.5000  -22.5000 2443.9517   13.0133
    7.5000   22.5000  -22.5000 2437.1694   13.0629
   -7.5000   30.0000  -22.5000 2332.5608   14.1610
    0.0000   30.0000  -22.5000 2366.5383   13.8961
    7.5000   30.0000  -22.5000 2361.6533   13.9138
   -7.5000   37.5000  -22.5000 2233.4856   15.3057
    0.0000   37.5000  -22.5000 2262.3389   15.0238
    7.5000   37.5000  -22.5000 2261.7007   15.0881
   -7.5000   45.0000  -22.5000 2124.9463   16.8656
    0.0000   45.0000  -22.5000 2149.9858   16.5796
    7.5000   45.0000  -22.5000 2146.3047   16.6485
   -7.5000  -45.0000  -15.0000 2169.3801   16.7621
    0.0000  -45.0000  -15.0000 2194.2769   16.5453
    7.5000  -45.0000  -15.0000 2183.1067   16.6491
   -7.5000  -37.5000  -15.0000 2304.1716   15.0450
    0.0000  -37.5000  -15.0000 2335.1851   14.8484
    7.5000  -37.5000  -15.0000 2319.2871   14.9463
   -7.5000  -30.0000  -15.0000 2412.5640   13.6935
    0.0000  -30.0000  -15.0000 2441.9780   13.4915
    7.5000  -30.0000  -15.0000 2431.1592   13.6131
   -7.5000  -22.5000  -15.0000 2495.6289   12.6588
    0.0000  -22.5000  -15.0000 2526.2808   12.4831
    7.5000  -22.5000  -15.0000 2514.9971   12.5561
   -7.5000  -15.0000  -15.0000 2553.2820   11.9464
    0.0000  -15.0000  -15.0000 2584.6438   11.7601
    7.5000  -15.0000  -15.0000 2573.3503   11.8344
   -7.5000   -7.5000  -15.0000 2591.6655   11.5693
    0.0000   -7.5000  -15.0000 2621.6694   11.3828
    7.5000   -7.5000  -15.0000 2612.7993   11.4346
   -7.5000    0.0000  -15.0000 2611.5854   11.4439
    0.0000    0.0000  -15.0000 2646.8137   11.2303
    7.5000    0.0000  -15.0000 2630.2988   11.2924
   -7.5000    7.5000  -15.0000 2604.4038   11.6008
    0.0000    7.5000  -15.0000 2642.1274   11.3944
    7.5000    7.5000  -15.0000 2627.0818   11.4416
   -7.5000   15.0000  -15.0000 2570.6543   11.9425
    0.0000   15.0000  -15.0000 2609.8901   11.7470
    7.5000   15.0000  -15.0000 2599.4124   11.7855
   -7.5000   22.5000  -15.0000 2516.0039   12.5065
    0.0000   22.5000  -15.0000 2556.4001   12.2763
    7.5000   22.5000  -15.0000 2546.3435   12.3073
   -7.5000   30.0000  -15.0000 2435.3008   13.3341
    0.0000   30.0000  -15.0000 2474.8784   13.0813
    7.5000   30.0000  -15.0000 2467.2612   13.1184
   -7.5000   37.5000  -15.0000 2327.2200   14.4290
    0.0000   37.5000  -15.0000 2359.9421   14.1600
    7.5000   37.5000  -15.0000 2355.5942   14.2042
   -7.5000   45.0000  -15.0000 2201.3953   15.9190
    0.0000   45.0000  -15.0000 2234.1697   15.6385
    7.5000   45.0000  -15.0000 2225.7180   15.6909
   -7.5000  -45.0000   -7.5000 2213.2266   16.0505
    0.0000  -45.0000   -7.5000 2243.0850   15.8147
    7.5000  -45.0000   -7.5000 2229.3232   15.9445
   -7.5000  -37.5000   -7.5000 2351.0554   14.3927
    0.0000  -37.5000   -7.5000 2378.8635   14.1608
    7.5000  -37.5000   -7.5000 2365.6982   14.2922
   -7.5000  -30.0000   -7.5000 2461.1260   13.0835
    0.0000  -30.0000   -7.5000 2489.6953   12.8405
    7.5000  -30.0000   -7.5000 2476.6213   12.9751
   -7.5000  -22.5000   -7.5000 2556.4917   12.0555
    0.0000  -22.5000   -7.5000 2588.0315   11.8426
    7.5000  -22.5000   -7.5000 2572.8403   11.9267
   -7.5000  -15.0000   -7.5000 2624.2971   11.3288
    0.0000  -15.0000   -7.5000 2657.4707   11.1370
    7.5000  -15.0000   -7.5000 2649.2280   11.2024
   -7.5000   -7.5000   -7.5000 2672.9536   10.9294
    0.0000   -7.5000   -7.5000 2711.5759   10.7192
    7.5000   -7.5000   -7.5000 2699.9280   10.7768
   -7.5000    0.0000   -7.5000 2702.7192   10.7897
    0.0000    0.0000   -7.5000 2746.4597   10.5441
    7.5000    0.0000   -7.5000 2728.4370   10.6301
   -7.5000    7.5000   -7.5000 2701.0974   10.9434
    0.0000    7.5000   -7.5000 2749.2771   10.7293
    7.5000    7.5000   -7.5000 2731.9172   10.7793
   -7.5000   15.0000   -7.5000 2670.5222   11.3002
    0.0000   15.0000   -7.5000 2721.7097   11.0967
    7.5000   15.0000   -7.5000 2706.3188   11.1330
   -7.5000   22.5000   -7.5000 2610.2832   11.8418
    0.0000   22.5000   -7.5000 2655.2422   11.6208
    7.5000   22.5000   -7.5000 2644.1960   11.6443
   -7.5000   30.0000   -7.5000 2520.0452   12.5924
    0.0000   30.0000   -7.5000 2563.4656   12.3536
    7.5000   30.0000   -7.5000 2550.8491   12.3767
   -7.5000   37.5000   -7.5000 2401.6770   13.6524
    0.0000   37.5000   -7.5000 2439.4849   13.3921
    7.5000   37.5000   -7.5000 2430.9297   13.4210
   -7.5000   45.0000   -7.5000 2270.2791   15.0549
    0.0000   45.0000   -7.5000 2303.9104   14.7947
    7.5000   45.0000   -7.5000 2292.6047   14.8253
   -7.5000  -45.0000    0.0000 2241.8250   15.5684
    0.0000  -45.0000    0.0000 2272.7061   15.2995
    7.5000  -45.0000    0.0000 2257.9167   15.4144
   -7.5000  -37.5000    0.0000 2380.6621   13.9357
    0.0000  -37.5000    0.0000 2408.7786   13.6671
    7.5000  -37.5000    0.0000 2396.4392   13.7947
   -7.5000  -30.0000    0.0000 2494.9341   12.6421
    0.0000  -30.0000    0.0000 2524.1670   12.3607
    7.5000  -30.0000    0.0000 2511.7800   12.4732
   -7.5000  -22.5000    0.0000 2595.7678   11.6247
    0.0000  -22.5000    0.0000 2632.2200   11.3486
    7.5000  -22.5000    0.0000 2617.2720   11.4454
   -7.5000  -15.0000    0.0000 2681.2114   10.9025
    0.0000  -15.0000    0.0000 2722.5276   10.6425
    7.5000  -15.0000    0.0000 2707.3450   10.7306
   -7.5000   -7.5000    0.0000 2742.5693   10.4738
    0.0000   -7.5000    0.0000 2787.8545   10.2117
    7.5000   -7.5000    0.0000 2774.6206   10.2786
   -7.5000    0.0000    0.0000 2781.8652   10.2929
    0.0000    0.0000    0.0000 2835.5725   10.0349
    7.5000    0.0000    0.0000 2819.2595   10.1076
   -7.5000    7.5000    0.0000 2786.9263   10.4414
    0.0000    7.5000    0.0000 2846.2686   10.2037
    7.5000    7.5000    0.0000 2830.3987   10.2610
   -7.5000   15.0000    0.0000 2753.5305   10.7816
    0.0000   15.0000    0.0000 2815.2458   10.5715
    7.5000   15.0000    0.0000 2802.7234   10.6061
   -7.5000   22.5000    0.0000 2687.2097   11.2926
    0.0000   22.5000    0.0000 2735.1404   11.0863
    7.5000   22.5000    0.0000 2728.0779   11.1150
   -7.5000   30.0000    0.0000 2586.0583   12.0096
    0.0000   30.0000    0.0000 2630.6062   11.7784
    7.5000   30.0000    0.0000 2622.4055   11.7979
   -7.5000   37.5000    0.0000 2461.9983   13.0276
    0.0000   37.5000    0.0000 2502.3669   12.7868
    7.5000   37.5000    0.0000 2492.1560   12.8114
   -7.5000   45.0000    0.0000 2322.4050   14.3957
    0.0000   45.0000    0.0000 2361.0647   14.1480
    7.5000   45.0000    0.0000 2350.0977   14.1768
   -7.5000  -45.0000    7.5000 2255.4875   15.2963
    0.0000  -45.0000    7.5000 2282.6028   15.0333
    7.5000  -45.0000    7.5000 2271.6951   15.1455
   -7.5000  -37.5000    7.5000 2390.1299   13.6651
    0.0000  -37.5000    7.5000 2420.8962   13.3767
    7.5000  -37.5000    7.5000 2407.6021   13.4820
   -7.5000  -30.0000    7.5000 2509.2927   12.3533
    0.0000  -30.0000    7.5000 2543.1353   12.0593
    7.5000  -30.0000    7.5000 2528.0391   12.1366
   -7.5000  -22.5000    7.5000 2620.1416   11.3427
    0.0000  -22.5000    7.5000 2654.9329   11.0474
    7.5000  -22.5000    7.5000 2640.6887   11.1253
   -7.5000  -15.0000    7.5000 2718.5984   10.6271
    0.0000  -15.0000    7.5000 2759.2148   10.3295
    7.5000  -15.0000    7.5000 2745.5491   10.4009
   -7.5000   -7.5000    7.5000 2799.3994   10.1873
    0.0000   -7.5000    7.5000 2850.9460    9.8926
    7.5000   -7.5000    7.5000 2835.5049    9.9591
   -7.5000    0.0000    7.5000 2853.9795    9.9668
    0.0000    0.0000    7.5000 2920.1328    9.6756
    7.5000    0.0000    7.5000 2899.3730    9.7408
   -7.5000    7.5000    7.5000 2859.9792   10.0652
    0.0000    7.5000    7.5000 2930.4343    9.8127
    7.5000    7.5000    7.5000 2913.6279    9.8664
   -7.5000   15.0000    7.5000 2820.2234   10.3983
    0.0000   15.0000    7.5000 2886.7207   10.1519
    7.5000   15.0000    7.5000 2873.1753   10.1993
   -7.5000   22.5000    7.5000 2739.2729   10.8887
    0.0000   22.5000    7.5000 2793.3936   10.6585
    7.5000   22.5000    7.5000 2785.4617   10.6923
   -7.5000   30.0000    7.5000 2629.7437   11.5935
    0.0000   30.0000    7.5000 2679.5342   11.3487
    7.5000   30.0000    7.5000 2670.7732   11.3939
   -7.5000   37.5000    7.5000 2501.3926   12.5950
    0.0000   37.5000    7.5000 2542.8918   12.3343
    7.5000   37.5000    7.5000 2532.8979   12.3687
   -7.5000   45.0000    7.5000 2361.5710   13.9079
    0.0000   45.0000    7.5000 2398.8838   13.6469
    7.5000   45.0000    7.5000 2387.2173   13.6789
   -7.5000  -45.0000   15.0000 2245.8513   15.2934
    0.0000  -45.0000   15.0000 2275.8789   15.0120
    7.5000  -45.0000   15.0000 2268.9983   15.1091
   -7.5000  -37.5000   15.0000 2379.6147   13.6065
    0.0000  -37.5000   15.0000 2411.2358   13.3038
    7.5000  -37.5000   15.0000 2399.9785   13.4041
   -7.5000  -30.0000   15.0000 2497.8882   12.2641
    0.0000  -30.0000   15.0000 2534.5715   11.9750
    7.5000  -30.0000   15.0000 2521.0029   12.0587
   -7.5000  -22.5000   15.0000 2614.2327   11.2320
    0.0000  -22.5000   15.0000 2653.4656   10.9526
    7.5000  -22.5000   15.0000 2639.0854   11.0221
   -7.5000  -15.0000   15.0000 2721.8906   10.5125
    0.0000  -15.0000   15.0000 2768.5068   10.2002
    7.5000  -15.0000   15.0000 2757.1726   10.2629
   -7.5000   -7.5000   15.0000 2820.5605   10.0776
    0.0000   -7.5000   15.0000 2879.7651    9.7573
    7.5000   -7.5000   15.0000 2863.1733    9.8136
   -7.5000    0.0000   15.0000 2889.0947    9.8222
    0.0000    0.0000   15.0000 2967.4026    9.4968
    7.5000    0.0000   15.0000 2945.5417    9.5786
   -7.5000    7.5000   15.0000 2900.5408    9.8965
    0.0000    7.5000   15.0000 2978.1997    9.5843
    7.5000    7.5000   15.0000 2961.1750    9.6628
   -7.5000   15.0000   15.0000 2851.7864   10.1814
    0.0000   15.0000   15.0000 2914.1162    9.9169
    7.5000   15.0000   15.0000 2905.9512    9.9843
   -7.5000   22.5000   15.0000 2759.4763   10.6829
    0.0000   22.5000   15.0000 2817.5173   10.4292
    7.5000   22.5000   15.0000 2809.3743   10.5035
   -7.5000   30.0000   15.0000 2641.6995   11.4038
    0.0000   30.0000   15.0000 2692.1179   11.1484
    7.5000   30.0000   15.0000 2684.1111   11.2150
   -7.5000   37.5000   15.0000 2509.4004   12.3941
    0.0000   37.5000   15.0000 2550.9236   12.1353
    7.5000   37.5000   15.0000 2543.3684   12.1955
   -7.5000   45.0000   15.0000 2365.9421   13.6650
    0.0000   45.0000   15.0000 2405.3054   13.4165
    7.5000   45.0000   15.0000 2397.4690   13.4671
   -7.5000  -45.0000   22.5000 2229.4248   15.4534
    0.0000  -45.0000   22.5000 2259.4734   15.1679
    7.5000  -45.0000   22.5000 2256.4004   15.2469
   -7.5000  -37.5000   22.5000 2356.3958   13.7606
    0.0000  -37.5000   22.5000 2390.6367   13.4731
    7.5000  -37.5000   22.5000 2381.4827   13.5642
   -7.5000  -30.0000   22.5000 2474.9062   12.4115
    0.0000  -30.0000   22.5000 2510.3228   12.1177
    7.5000  -30.0000   22.5000 2500.3633   12.1982
   -7.5000  -22.5000   22.5000 2592.3618   11.3503
    0.0000  -22.5000   22.5000 2631.7637   11.0628
    7.5000  -22.5000   22.5000 2620.1182   11.1265
   -7.5000  -15.0000   22.5000 2699.7192   10.5892
    0.0000  -15.0000   22.5000 2749.0320   10.2790
    7.5000  -15.0000   22.5000 2738.2859   10.3374
   -7.5000   -7.5000   22.5000 2804.0027   10.1144
    0.0000   -7.5000   22.5000 2863.0398    9.7865
    7.5000   -7.5000   22.5000 2848.3669    9.8536
   -7.5000    0.0000   22.5000 2877.1299    9.8787
    0.0000    0.0000   22.5000 2948.1790    9.5408
    7.5000    0.0000   22.5000 2931.4521    9.6162
   -7.5000    7.5000   22.5000 2893.3557    9.9505
    0.0000    7.5000   22.5000 2965.9607    9.6314
    7.5000    7.5000   22.5000 2950.6377    9.7054
   -7.5000   15.0000   22.5000 2842.2051   10.2239
    0.0000   15.0000   22.5000 2905.3225    9.9452
    7.5000   15.0000   22.5000 2893.8381    9.9976
   -7.5000   22.5000   22.5000 2750.0527   10.7007
    0.0000   22.5000   22.5000 2807.3569   10.4277
    7.5000   22.5000   22.5000 2798.8718   10.4775
   -7.5000   30.0000   22.5000 2627.7559   11.4289
    0.0000   30.0000   22.5000 2669.1216   11.1617
    7.5000   30.0000   22.5000 2666.6392   11.2009
   -7.5000   37.5000   22.5000 2499.7893   12.4141
    0.0000   37.5000   22.5000 2533.3110   12.1389
    7.5000   37.5000   22.5000 2530.6714   12.1922
   -7.5000   45.0000   22.5000 2353.0618   13.6567
    0.0000   45.0000   22.5000 2388.2126   13.3920
    7.5000   45.0000   22.5000 2382.3674   13.4611
   -7.5000  -45.0000   30.0000 2201.0669   15.8899
    0.0000  -45.0000   30.0000 2230.9507   15.5379
    7.5000  -45.0000   30.0000 2225.5928   15.6225
   -7.5000  -37.5000   30.0000 2324.9629   14.1214
    0.0000  -37.5000   30.0000 2361.1311   13.7792
    7.5000  -37.5000   30.0000 2350.6360   13.8768
   -7.5000  -30.0000   30.0000 2440.7515   12.7203
    0.0000  -30.0000   30.0000 2476.9604   12.4253
    7.5000  -30.0000   30.0000 2470.2273   12.5146
   -7.5000  -22.5000   30.0000 2555.4551   11.6538
    0.0000  -22.5000   30.0000 2598.4087   11.3717
    7.5000  -22.5000   30.0000 2591.5649   11.4210
   -7.5000  -15.0000   30.0000 2656.7644   10.8735
    0.0000  -15.0000   30.0000 2707.3306   10.5817
    7.5000  -15.0000   30.0000 2699.9751   10.6267
   -7.5000   -7.5000   30.0000 2751.7168   10.3612
    0.0000   -7.5000   30.0000 2805.5247   10.0611
    7.5000   -7.5000   30.0000 2796.9939   10.0983
   -7.5000    0.0000   30.0000 2819.5710   10.1552
    0.0000    0.0000   30.0000 2878.9136    9.8381
    7.5000    0.0000   30.0000 2862.1038    9.8876
   -7.5000    7.5000   30.0000 2836.1394   10.1946
    0.0000    7.5000   30.0000 2891.9314    9.9204
    7.5000    7.5000   30.0000 2879.0723    9.9542
   -7.5000   15.0000   30.0000 2788.4036   10.4746
    0.0000   15.0000   30.0000 2837.4397   10.2361
    7.5000   15.0000   30.0000 2830.5540   10.2534
   -7.5000   22.5000   30.0000 2702.1182   10.9670
    0.0000   22.5000   30.0000 2753.7244   10.6965
    7.5000   22.5000   30.0000 2747.6245   10.7198
   -7.5000   30.0000   30.0000 2591.2358   11.6719
    0.0000   30.0000   30.0000 2630.1990   11.3859
    7.5000   30.0000   30.0000 2627.7788   11.4109
   -7.5000   37.5000   30.0000 2465.4868   12.6084
    0.0000   37.5000   30.0000 2501.5361   12.3190
    7.5000   37.5000   30.0000 2499.6978   12.3523
   -7.5000   45.0000   30.0000 2324.1006   13.8208
    0.0000   45.0000   30.0000 2355.2815   13.5265
    7.5000   45.0000   30.0000 2356.8762   13.5565
   -7.5000  -45.0000   37.5000 2161.1077   16.5171
    0.0000  -45.0000   37.5000 2193.1592   16.1590
    7.5000  -45.0000   37.5000 2186.0315   16.2055
   -7.5000  -37.5000   37.5000 2285.7053   14.6970
    0.0000  -37.5000   37.5000 2322.5581   14.3757
    7.5000  -37.5000   37.5000 2314.4519   14.4123
   -7.5000  -30.0000   37.5000 2401.1780   13.2848
    0.0000  -30.0000   37.5000 2435.4060   12.9655
    7.5000  -30.0000   37.5000 2429.5420   13.0157
   -7.5000  -22.5000   37.5000 2507.8147   12.1783
    0.0000  -22.5000   37.5000 2549.9509   11.9012
    7.5000  -22.5000   37.5000 2548.1851   11.9445
   -7.5000  -15.0000   37.5000 2602.2192   11.3614
    0.0000  -15.0000   37.5000 2648.4956   11.1167
    7.5000  -15.0000   37.5000 2647.4189   11.1368
   -7.5000   -7.5000   37.5000 2686.0791   10.8750
    0.0000   -7.5000   37.5000 2733.6274   10.6062
    7.5000   -7.5000   37.5000 2729.6660   10.6379
   -7.5000    0.0000   37.5000 2736.2004   10.6251
    0.0000    0.0000   37.5000 2784.4443   10.3440
    7.5000    0.0000   37.5000 2776.7048   10.3878
   -7.5000    7.5000   37.5000 2749.0454   10.6134
    0.0000    7.5000   37.5000 2795.7898   10.3636
    7.5000    7.5000   37.5000 2788.2751   10.3987
   -7.5000   15.0000   37.5000 2704.3423   10.9276
    0.0000   15.0000   37.5000 2747.4917   10.6770
    7.5000   15.0000   37.5000 2744.3245   10.7028
   -7.5000   22.5000   37.5000 2629.2163   11.4151
    0.0000   22.5000   37.5000 2669.2161   11.1533
    7.5000   22.5000   37.5000 2668.0291   11.1612
   -7.5000   30.0000   37.5000 2530.6482   12.0931
    0.0000   30.0000   37.5000 2562.8208   11.8476
    7.5000   30.0000   37.5000 2560.2344   11.8594
   -7.5000   37.5000   37.5000 2415.3154   13.0085
    0.0000   37.5000   37.5000 2445.3186   12.7314
    7.5000   37.5000   37.5000 2441.9385   12.7542
   -7.5000   45.0000   37.5000 2282.1562   14.1729
    0.0000   45.0000   37.5000 2311.4451   13.8806
    7.5000   45.0000   37.5000 2309.5930   13.9176
   -7.5000  -45.0000   45.0000 2109.6614   17.4294
    0.0000  -45.0000   45.0000 2132.9194   17.0676
    7.5000  -45.0000   45.0000 2130.7976   17.1246
   -7.5000  -37.5000   45.0000 2230.0938   15.5298
    0.0000  -37.5000   45.0000 2258.8901   15.2032
    7.5000  -37.5000   45.0000 2259.1943   15.2674
   -7.5000  -30.0000   45.0000 2340.0637   14.0813
    0.0000  -30.0000   45.0000 2370.4094   13.7736
    7.5000  -30.0000   45.0000 2370.7759   13.8146
   -7.5000  -22.5000   45.0000 2443.4824   12.9525
    0.0000  -22.5000   45.0000 2481.5515   12.6982
    7.5000  -22.5000   45.0000 2479.1069   12.7016
   -7.5000  -15.0000   45.0000 2529.5264   12.1090
    0.0000  -15.0000   45.0000 2574.1196   11.8754
    7.5000  -15.0000   45.0000 2570.8379   11.8868
   -7.5000   -7.5000   45.0000 2603.7148   11.5788
    0.0000   -7.5000   45.0000 2646.8411   11.3467
    7.5000   -7.5000   45.0000 2643.4998   11.3630
   -7.5000    0.0000   45.0000 2646.3262   11.3157
    0.0000    0.0000   45.0000 2686.3538   11.0713
    7.5000    0.0000   45.0000 2680.3660   11.0933
   -7.5000    7.5000   45.0000 2647.1016   11.2620
    0.0000    7.5000   45.0000 2687.0662   11.0425
    7.5000    7.5000   45.0000 2685.5156   11.0686
   -7.5000   15.0000   45.0000 2608.1865   11.5471
    0.0000   15.0000   45.0000 2642.1619   11.3316
    7.5000   15.0000   45.0000 2641.9688   11.3589
   -7.5000   22.5000   45.0000 2544.0234   12.0342
    0.0000   22.5000   45.0000 2573.3738   11.8072
    7.5000   22.5000   45.0000 2570.9509   11.8157
   -7.5000   30.0000   45.0000 2452.7920   12.7232
    0.0000   30.0000   45.0000 2482.1843   12.4854
    7.5000   30.0000   45.0000 2480.5115   12.4731
   -7.5000   37.5000   45.0000 2346.6426   13.6000
    0.0000   37.5000   45.0000 2372.7725   13.3733
    7.5000   37.5000   45.0000 2366.3242   13.3659
   -7.5000   45.0000   45.0000 2223.3196   14.7576
    0.0000   45.0000   45.0000 2251.7329   14.5128
    7.5000   45.0000   45.0000 2247.6138   14.5301

---------------------------------------------------------------------
imgreg_4dfp /opt/freesurfer/average/711-2C_as_mni_average_305 /opt/freesurfer/average/711-2B_as_mni_average_305_mask talsrcimg_g11 none talsrcimg_to_711-2C_as_mni_average_305_t4 1283
---------------------------------------------------------------------

freesurfer imgreg_4dfp.c
/opt/freesurfer/average/711-2C_as_mni_average_305.4dfp.img
       256       256       256         1
  1.000000  1.000000  1.000000
orientation T byte_order littleendian
Reading image: /opt/freesurfer/average/711-2C_as_mni_average_305.4dfp.img
dimensions:      256       256       256
mmppix:       1.0000   -1.0000   -1.0000
center:     128.0000 -129.0000 -129.0000
/opt/freesurfer/average/711-2B_as_mni_average_305_mask.4dfp.img
       256       256       256         1
  1.000000  1.000000  1.000000
orientation T byte_order littleendian
Reading mask: /opt/freesurfer/average/711-2B_as_mni_average_305_mask.4dfp.img (2306576 pixels)
talsrcimg_g11.4dfp.img
       256       256       256         1
  1.000000  1.000000  1.000000
orientation T byte_order littleendian
Reading image: talsrcimg_g11.4dfp.img
dimensions:      256       256       256
mmppix:       1.0000   -1.0000   -1.0000
center:     128.0000 -129.0000 -129.0000
rotation matrix determinant  1.000000
fimgreg.f
image alignment mode   1283 decimal      503 hex
parameters
    0.0000    7.5000   15.0000    0.0000    0.0000    0.0000
eta,q 0.93516  9.53549
niter,ni,del,rscale     5    3   12.0000    1.2000
parameter  2  0.524984 ->  0.500000 qaram    1.1500
parameter  4  1.358220 ->  0.500000 qaram    1.1500
parameters
    2.6791    4.0500   16.8234   -3.4500   -2.5066    0.1758
eta,q 0.94313  9.33600
  0.0850  0.0623  0.0744  0.0583  0.0596  0.0629
  0.0776  0.0610  0.0671  0.0582  0.0574  0.0602
  0.0713  0.0613  0.0626  0.0592  0.0570  0.0579
  0.0663  0.0628  0.0611  0.0610  0.0584  0.0569
  0.0635  0.0666  0.0613  0.0633  0.0609  0.0575
  0.0635  0.0731  0.0624  0.0654  0.0646  0.0596
  0.0682  0.0811  0.0633  0.0674  0.0689  0.0625
niter,ni,del,rscale     6    3   12.0000    1.2000
parameters
    3.4567    5.5244   16.8430   -6.3914   -3.2372   -0.1700
eta,q 0.94492  9.29614
  0.0757  0.0751  0.0626  0.0577  0.0604  0.0597
  0.0676  0.0658  0.0585  0.0552  0.0572  0.0570
  0.0609  0.0593  0.0562  0.0554  0.0554  0.0554
  0.0569  0.0565  0.0564  0.0564  0.0552  0.0551
  0.0574  0.0569  0.0577  0.0587  0.0566  0.0557
  0.0622  0.0592  0.0587  0.0617  0.0595  0.0577
  0.0685  0.0634  0.0619  0.0648  0.0636  0.0611
niter,ni,del,rscale     5    3   12.0000    1.2000
parameters
    3.6049    7.0600   16.1818   -8.6608   -3.6726   -0.1942
eta,q 0.94798  9.26944
  0.0716  0.0737  0.0604  0.0569  0.0587  0.0580
  0.0642  0.0659  0.0560  0.0522  0.0547  0.0549
  0.0581  0.0583  0.0541  0.0521  0.0524  0.0529
  0.0551  0.0550  0.0550  0.0546  0.0521  0.0520
  0.0570  0.0553  0.0565  0.0565  0.0535  0.0523
  0.0630  0.0574  0.0585  0.0590  0.0565  0.0545
  0.0703  0.0625  0.0626  0.0623  0.0605  0.0586
niter,ni,del,rscale     4    3   12.0000    1.2000
parameters
    3.6901    7.9410   15.7086   -9.5196   -3.7737   -0.0616
eta,q 0.94946  9.27231
  0.0690  0.0708  0.0598  0.0581  0.0583  0.0576
  0.0609  0.0641  0.0547  0.0540  0.0540  0.0541
  0.0547  0.0561  0.0516  0.0501  0.0514  0.0516
  0.0520  0.0520  0.0519  0.0516  0.0506  0.0506
  0.0544  0.0530  0.0540  0.0547  0.0517  0.0508
  0.0607  0.0574  0.0573  0.0573  0.0546  0.0532
  0.0678  0.0644  0.0616  0.0602  0.0586  0.0574
niter,ni,del,rscale     3    3   12.0000    1.2000
parameters
    3.6527    8.3270   15.5198   -9.9878   -3.7456    0.0079
eta,q 0.94987  9.27607
  0.0670  0.0693  0.0604  0.0585  0.0582  0.0574
  0.0588  0.0622  0.0549  0.0549  0.0538  0.0537
  0.0529  0.0539  0.0512  0.0502  0.0510  0.0511
  0.0505  0.0505  0.0506  0.0506  0.0501  0.0501
  0.0533  0.0530  0.0527  0.0538  0.0512  0.0505
  0.0597  0.0586  0.0564  0.0567  0.0539  0.0531
  0.0669  0.0661  0.0608  0.0596  0.0579  0.0574
niter,ni,del,rscale     2    3   12.0000    1.2000
parameters
    3.5920    8.5503   15.4025  -10.2373   -3.6994    0.0531
eta,q 0.95000  9.27810
  0.0664  0.0687  0.0606  0.0589  0.0581  0.0573
  0.0583  0.0615  0.0549  0.0554  0.0537  0.0535
  0.0524  0.0530  0.0511  0.0505  0.0509  0.0509
  0.0501  0.0501  0.0502  0.0502  0.0500  0.0500
  0.0529  0.0531  0.0523  0.0533  0.0510  0.0505
  0.0594  0.0592  0.0561  0.0564  0.0537  0.0531
  0.0666  0.0668  0.0606  0.0592  0.0576  0.0574
niter,ni,del,rscale     1    3   12.0000    1.2000
parameters
    3.5372    8.6814   15.3346  -10.3775   -3.6553    0.0859
eta,q 0.95004  9.27890
  0.0663  0.0684  0.0608  0.0590  0.0580  0.0573
  0.0582  0.0611  0.0550  0.0556  0.0536  0.0534
  0.0523  0.0525  0.0511  0.0507  0.0508  0.0508
  0.0500  0.0500  0.0501  0.0501  0.0500  0.0500
  0.0527  0.0533  0.0520  0.0530  0.0510  0.0505
  0.0592  0.0595  0.0559  0.0562  0.0536  0.0532
  0.0665  0.0671  0.0605  0.0590  0.0576  0.0573
registration optimization eta report
parameter search radius
    6.0000    6.9000    6.0000    6.9000    6.0000    6.0000
100000*second partial in parameter space
       44.       36.       29.       18.       22.       21.
  0.0663  0.0684  0.0608  0.0590  0.0580  0.0573
  0.0582  0.0611  0.0550  0.0556  0.0536  0.0534
  0.0523  0.0525  0.0511  0.0507  0.0508  0.0508
  0.0500  0.0500  0.0501  0.0501  0.0500  0.0500
  0.0527  0.0533  0.0520  0.0530  0.0510  0.0505
  0.0592  0.0595  0.0559  0.0562  0.0536  0.0532
  0.0665  0.0671  0.0605  0.0590  0.0576  0.0573
    3.5372    8.6814   15.3346  -10.3775   -3.6553    0.0859
eta,q 0.95004  9.27890

---------------------------------------------------------------------
imgreg_4dfp /opt/freesurfer/average/711-2C_as_mni_average_305 /opt/freesurfer/average/711-2B_as_mni_average_305_mask talsrcimg_g11 none talsrcimg_to_711-2C_as_mni_average_305_t4 3335
---------------------------------------------------------------------

freesurfer imgreg_4dfp.c
/opt/freesurfer/average/711-2C_as_mni_average_305.4dfp.img
       256       256       256         1
  1.000000  1.000000  1.000000
orientation T byte_order littleendian
Reading image: /opt/freesurfer/average/711-2C_as_mni_average_305.4dfp.img
dimensions:      256       256       256
mmppix:       1.0000   -1.0000   -1.0000
center:     128.0000 -129.0000 -129.0000
/opt/freesurfer/average/711-2B_as_mni_average_305_mask.4dfp.img
       256       256       256         1
  1.000000  1.000000  1.000000
orientation T byte_order littleendian
Reading mask: /opt/freesurfer/average/711-2B_as_mni_average_305_mask.4dfp.img (2306576 pixels)
talsrcimg_g11.4dfp.img
       256       256       256         1
  1.000000  1.000000  1.000000
orientation T byte_order littleendian
Reading image: talsrcimg_g11.4dfp.img
dimensions:      256       256       256
mmppix:       1.0000   -1.0000   -1.0000
center:     128.0000 -129.0000 -129.0000
fimgreg.f
image alignment mode   3335 decimal      D07 hex
parameters
    3.5372    8.6814   15.3346   -0.2035   -1.6376   -1.8359
   -1.2959    6.2441    0.1497   18.0226   -6.3754  -17.9766
eta,q 0.94734  9.38888
niter,ni,del,rscale     5    3    5.0000    1.2000
parameter  4  1.581986 ->  0.500000 qaram    1.1500
parameter  5  2.300832 ->  0.500000 qaram    1.1500
parameter  6  1.724992 ->  0.500000 qaram    1.1500
parameter 10  0.779492 ->  0.500000 qaram    1.1500
parameters
    3.4851    9.0945   15.7790   -4.3435   -5.7776   -5.9759
   -0.7357    5.3641   -0.0612   13.8826   -5.5633  -14.5778
eta,q 0.96612  8.67977
  0.0552  0.0546  0.0543  0.0454  0.0396  0.0332  0.0390  0.0394  0.0380  0.0346  0.0366  0.0375
  0.0538  0.0535  0.0535  0.0468  0.0416  0.0353  0.0375  0.0373  0.0369  0.0342  0.0355  0.0360
  0.0529  0.0529  0.0530  0.0491  0.0442  0.0383  0.0365  0.0362  0.0362  0.0347  0.0347  0.0349
  0.0527  0.0527  0.0526  0.0526  0.0473  0.0422  0.0360  0.0360  0.0359  0.0359  0.0343  0.0342
  0.0530  0.0527  0.0526  0.0568  0.0507  0.0469  0.0362  0.0370  0.0362  0.0379  0.0343  0.0339
  0.0539  0.0530  0.0528  0.0616  0.0546  0.0524  0.0369  0.0388  0.0370  0.0400  0.0348  0.0339
  0.0554  0.0535  0.0534  0.0666  0.0591  0.0586  0.0382  0.0414  0.0382  0.0426  0.0358  0.0343
niter,ni,del,rscale     7    3    5.0000    1.2000
parameter  3  0.520628 ->  0.500000 qaram    1.1500
parameter  4  0.533006 ->  0.500000 qaram    1.3225
parameter  5  0.814529 ->  0.500000 qaram    1.3225
parameter  6  0.759632 ->  0.500000 qaram    1.3225
parameters
    3.3909    9.6895   14.3990   -9.1045  -10.5386  -10.7369
    0.3031    5.3916    0.0113   15.3318   -7.3094  -13.1926
eta,q 0.97393  8.16498
  0.0369  0.0371  0.0337  0.0328  0.0297  0.0265  0.0290  0.0299  0.0285  0.0314  0.0268  0.0275
  0.0352  0.0355  0.0333  0.0321  0.0296  0.0264  0.0278  0.0280  0.0273  0.0292  0.0263  0.0268
  0.0342  0.0344  0.0333  0.0321  0.0305  0.0272  0.0269  0.0268  0.0266  0.0274  0.0261  0.0264
  0.0339  0.0339  0.0337  0.0333  0.0320  0.0297  0.0264  0.0264  0.0264  0.0264  0.0262  0.0261
  0.0343  0.0338  0.0347  0.0359  0.0342  0.0339  0.0265  0.0267  0.0266  0.0263  0.0265  0.0261
  0.0355  0.0341  0.0360  0.0401  0.0375  0.0395  0.0270  0.0278  0.0273  0.0272  0.0271  0.0263
  0.0374  0.0349  0.0375  0.0454  0.0415  0.0459  0.0279  0.0300  0.0284  0.0290  0.0279  0.0268
niter,ni,del,rscale     7    3    5.0000    1.2000
parameters
    3.1953    9.8711   13.8270   -8.4256  -12.9652  -14.5190
    0.1338    5.7360   -0.0425   16.2965   -7.0893  -12.3637
eta,q 0.97456  7.96610
  0.0284  0.0289  0.0275  0.0303  0.0278  0.0268  0.0276  0.0291  0.0274  0.0292  0.0265  0.0266
  0.0270  0.0274  0.0265  0.0284  0.0265  0.0260  0.0265  0.0273  0.0264  0.0274  0.0260  0.0261
  0.0262  0.0264  0.0260  0.0269  0.0257  0.0255  0.0258  0.0261  0.0257  0.0261  0.0256  0.0257
  0.0261  0.0260  0.0260  0.0260  0.0258  0.0256  0.0255  0.0255  0.0255  0.0255  0.0255  0.0255
  0.0265  0.0262  0.0267  0.0258  0.0271  0.0280  0.0258  0.0258  0.0258  0.0256  0.0256  0.0255
  0.0276  0.0269  0.0279  0.0269  0.0289  0.0322  0.0266  0.0268  0.0264  0.0264  0.0259  0.0258
  0.0292  0.0281  0.0295  0.0299  0.0321  0.0382  0.0277  0.0286  0.0275  0.0279  0.0264  0.0262
niter,ni,del,rscale     6    3    5.0000    1.2000
parameters
    3.2015   10.0399   13.2002   -7.4549  -13.3425  -16.2464
    0.1038    5.7014   -0.0285   16.5043   -6.9749  -12.6485
eta,q 0.97456  7.92510
  0.0281  0.0280  0.0264  0.0297  0.0284  0.0277  0.0275  0.0286  0.0273  0.0283  0.0264  0.0263
  0.0267  0.0266  0.0257  0.0279  0.0268  0.0264  0.0264  0.0269  0.0263  0.0267  0.0259  0.0258
  0.0257  0.0258  0.0254  0.0264  0.0257  0.0257  0.0257  0.0258  0.0256  0.0258  0.0255  0.0255
  0.0254  0.0254  0.0254  0.0254  0.0252  0.0252  0.0254  0.0254  0.0254  0.0254  0.0254  0.0254
  0.0257  0.0257  0.0259  0.0251  0.0256  0.0255  0.0257  0.0258  0.0256  0.0257  0.0255  0.0256
  0.0266  0.0263  0.0267  0.0261  0.0270  0.0280  0.0265  0.0269  0.0263  0.0266  0.0258  0.0259
  0.0281  0.0273  0.0279  0.0289  0.0292  0.0322  0.0276  0.0287  0.0272  0.0280  0.0263  0.0265
niter,ni,del,rscale     5    3    5.0000    1.2000
parameters
    3.2296   10.1912   12.7375   -7.3323  -13.5338  -16.8510
    0.0555    5.7098   -0.0184   16.9263   -7.0402  -13.0606
eta,q 0.97455  7.90409
  0.0282  0.0279  0.0264  0.0292  0.0286  0.0282  0.0275  0.0286  0.0272  0.0283  0.0263  0.0263
  0.0267  0.0265  0.0258  0.0276  0.0271  0.0267  0.0264  0.0269  0.0263  0.0268  0.0258  0.0259
  0.0258  0.0257  0.0254  0.0263  0.0260  0.0258  0.0257  0.0259  0.0256  0.0258  0.0255  0.0255
  0.0254  0.0254  0.0254  0.0254  0.0254  0.0254  0.0255  0.0255  0.0255  0.0255  0.0255  0.0255
  0.0257  0.0256  0.0258  0.0253  0.0257  0.0252  0.0257  0.0258  0.0257  0.0257  0.0256  0.0256
  0.0266  0.0263  0.0264  0.0267  0.0271  0.0266  0.0265  0.0269  0.0263  0.0265  0.0258  0.0260
  0.0281  0.0272  0.0274  0.0299  0.0291  0.0301  0.0276  0.0286  0.0272  0.0278  0.0263  0.0265
niter,ni,del,rscale     4    3    5.0000    1.2000
parameters
    3.2248   10.3311   12.5207   -7.2936  -13.7805  -17.0720
    0.0118    5.7145    0.0083   17.3401   -7.0932  -13.2946
eta,q 0.97453  7.89227
  0.0281  0.0278  0.0267  0.0292  0.0286  0.0284  0.0275  0.0285  0.0272  0.0282  0.0263  0.0264
  0.0266  0.0265  0.0259  0.0276  0.0271  0.0269  0.0264  0.0269  0.0263  0.0268  0.0258  0.0259
  0.0258  0.0257  0.0255  0.0263  0.0260  0.0259  0.0257  0.0259  0.0257  0.0259  0.0256  0.0256
  0.0255  0.0255  0.0255  0.0254  0.0254  0.0255  0.0255  0.0255  0.0255  0.0255  0.0255  0.0255
  0.0257  0.0257  0.0257  0.0254  0.0258  0.0252  0.0257  0.0258  0.0257  0.0257  0.0256  0.0256
  0.0266  0.0263  0.0263  0.0267  0.0271  0.0264  0.0265  0.0268  0.0263  0.0264  0.0259  0.0260
  0.0281  0.0272  0.0271  0.0299  0.0291  0.0294  0.0276  0.0286  0.0272  0.0277  0.0263  0.0265
niter,ni,del,rscale     3    3    5.0000    1.2000
parameters
    3.2204   10.4550   12.3973   -7.2642  -13.9904  -17.2521
   -0.0221    5.7117    0.0395   17.6812   -7.1465  -13.4564
eta,q 0.97450  7.88261
  0.0281  0.0277  0.0268  0.0292  0.0286  0.0283  0.0276  0.0285  0.0272  0.0281  0.0263  0.0265
  0.0266  0.0265  0.0260  0.0276  0.0271  0.0269  0.0265  0.0269  0.0263  0.0267  0.0259  0.0260
  0.0258  0.0257  0.0256  0.0263  0.0260  0.0259  0.0257  0.0259  0.0257  0.0259  0.0256  0.0256
  0.0255  0.0255  0.0255  0.0255  0.0255  0.0255  0.0255  0.0255  0.0255  0.0255  0.0255  0.0255
  0.0258  0.0257  0.0257  0.0254  0.0258  0.0252  0.0258  0.0258  0.0257  0.0257  0.0256  0.0257
  0.0266  0.0263  0.0262  0.0268  0.0271  0.0263  0.0265  0.0269  0.0263  0.0264  0.0259  0.0260
  0.0281  0.0272  0.0270  0.0300  0.0291  0.0293  0.0276  0.0286  0.0272  0.0277  0.0263  0.0265
niter,ni,del,rscale     2    3    5.0000    1.2000
parameters
    3.2187   10.5602   12.2931   -7.2402  -14.1743  -17.4073
   -0.0505    5.7113    0.0647   17.9804   -7.1844  -13.5639
eta,q 0.97449  7.87384
  0.0281  0.0276  0.0268  0.0292  0.0286  0.0283  0.0276  0.0285  0.0272  0.0281  0.0263  0.0265
  0.0267  0.0264  0.0261  0.0276  0.0271  0.0269  0.0265  0.0269  0.0263  0.0267  0.0259  0.0260
  0.0258  0.0257  0.0256  0.0264  0.0260  0.0259  0.0258  0.0259  0.0257  0.0259  0.0256  0.0256
  0.0255  0.0255  0.0255  0.0255  0.0255  0.0255  0.0255  0.0255  0.0255  0.0255  0.0255  0.0255
  0.0258  0.0257  0.0257  0.0254  0.0258  0.0252  0.0258  0.0258  0.0257  0.0257  0.0256  0.0257
  0.0267  0.0263  0.0262  0.0268  0.0271  0.0263  0.0265  0.0269  0.0263  0.0264  0.0259  0.0260
  0.0281  0.0272  0.0270  0.0300  0.0291  0.0293  0.0276  0.0286  0.0272  0.0277  0.0263  0.0265
niter,ni,del,rscale     1    3    5.0000    1.2000
parameters
    3.2160   10.6585   12.2013   -7.2300  -14.3414  -17.5723
   -0.0676    5.7038    0.0825   18.2463   -7.2394  -13.6493
eta,q 0.97448  7.86466
  0.0281  0.0276  0.0268  0.0291  0.0286  0.0283  0.0276  0.0285  0.0272  0.0280  0.0263  0.0265
  0.0267  0.0264  0.0261  0.0276  0.0271  0.0268  0.0265  0.0269  0.0263  0.0267  0.0259  0.0260
  0.0258  0.0257  0.0256  0.0264  0.0261  0.0259  0.0258  0.0259  0.0257  0.0259  0.0256  0.0256
  0.0255  0.0255  0.0255  0.0255  0.0255  0.0255  0.0255  0.0255  0.0255  0.0255  0.0255  0.0255
  0.0258  0.0257  0.0257  0.0254  0.0258  0.0253  0.0258  0.0258  0.0257  0.0257  0.0256  0.0257
  0.0267  0.0263  0.0262  0.0268  0.0271  0.0263  0.0265  0.0269  0.0263  0.0264  0.0259  0.0260
  0.0281  0.0272  0.0270  0.0300  0.0290  0.0292  0.0276  0.0286  0.0272  0.0278  0.0263  0.0265
registration optimization eta report
parameter search radius
    2.4000    2.4000    2.7600    9.5220    9.5220    9.5220
    7.2000    7.2000    7.2000    8.2800    7.2000    7.2000
100000*second partial in parameter space
       45.       33.       18.        5.        4.        4.
        4.        6.        3.        3.        2.        2.
  0.0281  0.0276  0.0268  0.0291  0.0286  0.0283  0.0276  0.0285  0.0272  0.0280  0.0263  0.0265
  0.0267  0.0264  0.0261  0.0276  0.0271  0.0268  0.0265  0.0269  0.0263  0.0267  0.0259  0.0260
  0.0258  0.0257  0.0256  0.0264  0.0261  0.0259  0.0258  0.0259  0.0257  0.0259  0.0256  0.0256
  0.0255  0.0255  0.0255  0.0255  0.0255  0.0255  0.0255  0.0255  0.0255  0.0255  0.0255  0.0255
  0.0258  0.0257  0.0257  0.0254  0.0258  0.0253  0.0258  0.0258  0.0257  0.0257  0.0256  0.0257
  0.0267  0.0263  0.0262  0.0268  0.0271  0.0263  0.0265  0.0269  0.0263  0.0264  0.0259  0.0260
  0.0281  0.0272  0.0270  0.0300  0.0290  0.0292  0.0276  0.0286  0.0272  0.0278  0.0263  0.0265
    3.2160   10.6585   12.2013   -7.2300  -14.3414  -17.5723
   -0.0676    5.7038    0.0825   18.2463   -7.2394  -13.6493
eta,q 0.97448  7.86466

---------------------------------------------------------------------
imgreg_4dfp /opt/freesurfer/average/711-2C_as_mni_average_305 /opt/freesurfer/average/711-2B_as_mni_average_305_mask talsrcimg_g11 none talsrcimg_to_711-2C_as_mni_average_305_t4 2311
---------------------------------------------------------------------

freesurfer imgreg_4dfp.c
/opt/freesurfer/average/711-2C_as_mni_average_305.4dfp.img
       256       256       256         1
  1.000000  1.000000  1.000000
orientation T byte_order littleendian
Reading image: /opt/freesurfer/average/711-2C_as_mni_average_305.4dfp.img
dimensions:      256       256       256
mmppix:       1.0000   -1.0000   -1.0000
center:     128.0000 -129.0000 -129.0000
/opt/freesurfer/average/711-2B_as_mni_average_305_mask.4dfp.img
       256       256       256         1
  1.000000  1.000000  1.000000
orientation T byte_order littleendian
Reading mask: /opt/freesurfer/average/711-2B_as_mni_average_305_mask.4dfp.img (2306576 pixels)
talsrcimg_g11.4dfp.img
       256       256       256         1
  1.000000  1.000000  1.000000
orientation T byte_order littleendian
Reading image: talsrcimg_g11.4dfp.img
dimensions:      256       256       256
mmppix:       1.0000   -1.0000   -1.0000
center:     128.0000 -129.0000 -129.0000
fimgreg.f
image alignment mode   2311 decimal      907 hex
parameters
    3.2160   10.6585   12.2013   -7.2300  -14.3414  -17.5723
   -0.0676    5.7038    0.0825   18.2463   -7.2394  -13.6493
eta,q 0.97448  7.86467
niter,ni,del,rscale     5    3    5.0000    0.8000
parameters
    3.2229   10.7088   12.1038   -5.6530  -14.0433  -15.5110
   -0.0713    5.7930    0.2603   18.6581   -6.7024  -14.2789
eta,q 0.97490  8.00923
  0.0267  0.0265  0.0260  0.0270  0.0264  0.0262  0.0261  0.0269  0.0260  0.0262  0.0257  0.0255
  0.0260  0.0259  0.0257  0.0264  0.0259  0.0258  0.0256  0.0260  0.0255  0.0257  0.0254  0.0253
  0.0257  0.0256  0.0256  0.0259  0.0256  0.0255  0.0252  0.0254  0.0252  0.0253  0.0252  0.0251
  0.0255  0.0255  0.0255  0.0255  0.0254  0.0253  0.0251  0.0251  0.0251  0.0251  0.0251  0.0251
  0.0256  0.0256  0.0256  0.0254  0.0254  0.0252  0.0252  0.0253  0.0252  0.0252  0.0251  0.0252
  0.0260  0.0259  0.0258  0.0254  0.0257  0.0251  0.0256  0.0258  0.0254  0.0254  0.0253  0.0254
  0.0267  0.0263  0.0261  0.0259  0.0262  0.0254  0.0261  0.0268  0.0258  0.0260  0.0255  0.0257
niter,ni,del,rscale     4    3    5.0000    0.7000
parameters
    3.2024   10.6641   12.3363   -5.8573  -14.0208  -15.5080
   -0.1251    5.7429    0.0589   18.7027   -6.6317  -14.1057
eta,q 0.97491  8.00188
  0.0261  0.0257  0.0257  0.0260  0.0259  0.0257  0.0258  0.0263  0.0256  0.0258  0.0255  0.0255
  0.0255  0.0254  0.0254  0.0255  0.0255  0.0255  0.0254  0.0257  0.0253  0.0255  0.0253  0.0253
  0.0252  0.0252  0.0252  0.0252  0.0252  0.0253  0.0252  0.0252  0.0251  0.0252  0.0251  0.0252
  0.0251  0.0251  0.0251  0.0251  0.0251  0.0251  0.0251  0.0251  0.0251  0.0251  0.0251  0.0251
  0.0252  0.0252  0.0251  0.0252  0.0252  0.0250  0.0252  0.0252  0.0252  0.0252  0.0251  0.0251
  0.0256  0.0254  0.0252  0.0256  0.0254  0.0253  0.0255  0.0257  0.0254  0.0254  0.0253  0.0253
  0.0261  0.0258  0.0254  0.0263  0.0259  0.0260  0.0259  0.0264  0.0258  0.0258  0.0254  0.0255
niter,ni,del,rscale     3    3    5.0000    0.6000
parameters
    3.1980   10.6410   12.3807   -5.7610  -13.9634  -15.2032
   -0.0534    5.7416    0.0516   18.6248   -6.5802  -14.1277
eta,q 0.97496  8.01817
  0.0258  0.0256  0.0255  0.0258  0.0257  0.0256  0.0256  0.0260  0.0255  0.0256  0.0253  0.0253
  0.0254  0.0253  0.0253  0.0255  0.0254  0.0255  0.0253  0.0255  0.0252  0.0253  0.0252  0.0252
  0.0252  0.0251  0.0251  0.0252  0.0252  0.0253  0.0251  0.0252  0.0251  0.0251  0.0251  0.0251
  0.0251  0.0251  0.0251  0.0251  0.0251  0.0251  0.0250  0.0250  0.0250  0.0250  0.0250  0.0250
  0.0252  0.0252  0.0251  0.0251  0.0251  0.0250  0.0251  0.0252  0.0251  0.0251  0.0251  0.0251
  0.0254  0.0253  0.0252  0.0254  0.0253  0.0251  0.0253  0.0255  0.0252  0.0253  0.0252  0.0252
  0.0258  0.0256  0.0254  0.0258  0.0257  0.0256  0.0256  0.0260  0.0255  0.0257  0.0253  0.0254
niter,ni,del,rscale     2    3    5.0000    0.5000
parameters
    3.1963   10.6005   12.4616   -5.7314  -13.8714  -14.8067
   -0.0178    5.7229    0.0491   18.4866   -6.5555  -14.1882
eta,q 0.97500  8.03720
  0.0256  0.0254  0.0253  0.0256  0.0255  0.0255  0.0254  0.0257  0.0253  0.0254  0.0252  0.0252
  0.0253  0.0252  0.0252  0.0253  0.0253  0.0254  0.0252  0.0253  0.0251  0.0252  0.0251  0.0251
  0.0251  0.0251  0.0251  0.0251  0.0251  0.0252  0.0251  0.0251  0.0250  0.0251  0.0250  0.0250
  0.0250  0.0250  0.0250  0.0250  0.0250  0.0250  0.0250  0.0250  0.0250  0.0250  0.0250  0.0250
  0.0251  0.0251  0.0251  0.0251  0.0251  0.0250  0.0250  0.0251  0.0250  0.0251  0.0250  0.0250
  0.0253  0.0252  0.0251  0.0252  0.0252  0.0251  0.0252  0.0253  0.0251  0.0252  0.0251  0.0251
  0.0256  0.0254  0.0252  0.0256  0.0255  0.0254  0.0254  0.0257  0.0253  0.0255  0.0252  0.0252
niter,ni,del,rscale     1    3    5.0000    0.4000
parameters
    3.1941   10.5448   12.5650   -5.7409  -13.7665  -14.4201
   -0.0017    5.7113    0.0691   18.2923   -6.6161  -14.2131
eta,q 0.97503  8.05460
  0.0253  0.0252  0.0252  0.0253  0.0253  0.0254  0.0252  0.0254  0.0252  0.0252  0.0251  0.0251
  0.0252  0.0251  0.0251  0.0252  0.0251  0.0252  0.0251  0.0252  0.0251  0.0251  0.0250  0.0250
  0.0250  0.0250  0.0250  0.0250  0.0250  0.0251  0.0250  0.0250  0.0250  0.0250  0.0250  0.0250
  0.0250  0.0250  0.0250  0.0250  0.0250  0.0250  0.0250  0.0250  0.0250  0.0250  0.0250  0.0250
  0.0250  0.0250  0.0250  0.0250  0.0250  0.0250  0.0250  0.0250  0.0250  0.0250  0.0250  0.0250
  0.0252  0.0251  0.0250  0.0251  0.0251  0.0250  0.0251  0.0252  0.0251  0.0251  0.0250  0.0250
  0.0253  0.0253  0.0251  0.0253  0.0253  0.0253  0.0252  0.0254  0.0252  0.0253  0.0251  0.0251
registration optimization eta report
parameter search radius
    0.8000    0.8000    0.8000    2.4000    2.4000    2.4000
    2.4000    2.4000    2.4000    2.4000    2.4000    2.4000
100000*second partial in parameter space
       52.       35.       26.        6.        5.        6.
        4.        8.        3.        5.        2.        2.
  0.0253  0.0252  0.0252  0.0253  0.0253  0.0254  0.0252  0.0254  0.0252  0.0252  0.0251  0.0251
  0.0252  0.0251  0.0251  0.0252  0.0251  0.0252  0.0251  0.0252  0.0251  0.0251  0.0250  0.0250
  0.0250  0.0250  0.0250  0.0250  0.0250  0.0251  0.0250  0.0250  0.0250  0.0250  0.0250  0.0250
  0.0250  0.0250  0.0250  0.0250  0.0250  0.0250  0.0250  0.0250  0.0250  0.0250  0.0250  0.0250
  0.0250  0.0250  0.0250  0.0250  0.0250  0.0250  0.0250  0.0250  0.0250  0.0250  0.0250  0.0250
  0.0252  0.0251  0.0250  0.0251  0.0251  0.0250  0.0251  0.0252  0.0251  0.0251  0.0250  0.0250
  0.0253  0.0253  0.0251  0.0253  0.0253  0.0253  0.0252  0.0254  0.0252  0.0253  0.0251  0.0251
    3.1941   10.5448   12.5650   -5.7409  -13.7665  -14.4201
   -0.0017    5.7113    0.0691   18.2923   -6.6161  -14.2131
eta,q 0.97503  8.05460

---------------------------------------------------------------------
imgreg_4dfp /opt/freesurfer/average/711-2C_as_mni_average_305 /opt/freesurfer/average/711-2B_as_mni_average_305_mask talsrcimg_g11 none talsrcimg_to_711-2C_as_mni_average_305_t4 2311
---------------------------------------------------------------------

freesurfer imgreg_4dfp.c
/opt/freesurfer/average/711-2C_as_mni_average_305.4dfp.img
       256       256       256         1
  1.000000  1.000000  1.000000
orientation T byte_order littleendian
Reading image: /opt/freesurfer/average/711-2C_as_mni_average_305.4dfp.img
dimensions:      256       256       256
mmppix:       1.0000   -1.0000   -1.0000
center:     128.0000 -129.0000 -129.0000
/opt/freesurfer/average/711-2B_as_mni_average_305_mask.4dfp.img
       256       256       256         1
  1.000000  1.000000  1.000000
orientation T byte_order littleendian
Reading mask: /opt/freesurfer/average/711-2B_as_mni_average_305_mask.4dfp.img (2306576 pixels)
talsrcimg_g11.4dfp.img
       256       256       256         1
  1.000000  1.000000  1.000000
orientation T byte_order littleendian
Reading image: talsrcimg_g11.4dfp.img
dimensions:      256       256       256
mmppix:       1.0000   -1.0000   -1.0000
center:     128.0000 -129.0000 -129.0000
fimgreg.f
image alignment mode   2311 decimal      907 hex
parameters
    3.1941   10.5448   12.5650   -5.7409  -13.7665  -14.4201
   -0.0017    5.7113    0.0691   18.2923   -6.6161  -14.2131
eta,q 0.97503  8.05460
niter,ni,del,rscale     5    3    5.0000    0.8000
parameters
    3.1934   10.5144   12.6991   -6.1532  -13.8380  -15.1072
   -0.0300    5.7075   -0.0060   18.2294   -6.5886  -13.8042
eta,q 0.97494  8.00883
  0.0263  0.0259  0.0258  0.0260  0.0260  0.0258  0.0261  0.0267  0.0258  0.0260  0.0255  0.0256
  0.0256  0.0253  0.0253  0.0255  0.0255  0.0255  0.0255  0.0258  0.0254  0.0255  0.0253  0.0254
  0.0251  0.0250  0.0251  0.0251  0.0251  0.0252  0.0252  0.0253  0.0251  0.0252  0.0251  0.0252
  0.0250  0.0250  0.0250  0.0250  0.0250  0.0250  0.0251  0.0251  0.0251  0.0251  0.0251  0.0251
  0.0251  0.0251  0.0250  0.0251  0.0251  0.0251  0.0252  0.0252  0.0252  0.0252  0.0251  0.0251
  0.0256  0.0254  0.0252  0.0257  0.0254  0.0257  0.0255  0.0258  0.0254  0.0255  0.0253  0.0252
  0.0263  0.0259  0.0255  0.0267  0.0261  0.0269  0.0261  0.0268  0.0259  0.0261  0.0255  0.0255
niter,ni,del,rscale     4    3    5.0000    0.7000
parameters
    3.1929   10.4791   12.5875   -5.9419  -13.7502  -15.1801
   -0.0064    5.7168   -0.0027   18.1281   -6.5580  -13.8121
eta,q 0.97495  8.01545
  0.0260  0.0257  0.0255  0.0261  0.0259  0.0257  0.0258  0.0264  0.0257  0.0258  0.0254  0.0254
  0.0255  0.0253  0.0252  0.0256  0.0255  0.0255  0.0254  0.0257  0.0253  0.0254  0.0252  0.0252
  0.0252  0.0251  0.0251  0.0252  0.0252  0.0253  0.0251  0.0252  0.0251  0.0251  0.0251  0.0251
  0.0251  0.0251  0.0251  0.0251  0.0250  0.0250  0.0251  0.0251  0.0250  0.0250  0.0250  0.0251
  0.0252  0.0252  0.0251  0.0251  0.0251  0.0250  0.0251  0.0252  0.0251  0.0251  0.0251  0.0251
  0.0255  0.0254  0.0253  0.0254  0.0254  0.0253  0.0254  0.0256  0.0253  0.0254  0.0252  0.0252
  0.0261  0.0258  0.0256  0.0260  0.0258  0.0260  0.0258  0.0264  0.0257  0.0259  0.0254  0.0255
niter,ni,del,rscale     3    3    5.0000    0.6000
parameters
    3.1953   10.4570   12.5520   -5.8365  -13.6509  -14.9546
    0.0065    5.7182    0.0118   18.0831   -6.5472  -13.8962
eta,q 0.97498  8.03126
  0.0258  0.0256  0.0254  0.0258  0.0257  0.0256  0.0256  0.0260  0.0255  0.0256  0.0253  0.0253
  0.0254  0.0253  0.0252  0.0254  0.0254  0.0254  0.0253  0.0255  0.0252  0.0253  0.0251  0.0252
  0.0251  0.0251  0.0251  0.0252  0.0251  0.0252  0.0251  0.0251  0.0251  0.0251  0.0250  0.0251
  0.0250  0.0251  0.0251  0.0251  0.0250  0.0250  0.0250  0.0250  0.0250  0.0250  0.0250  0.0250
  0.0251  0.0251  0.0251  0.0251  0.0251  0.0250  0.0251  0.0251  0.0251  0.0251  0.0251  0.0251
  0.0254  0.0253  0.0252  0.0253  0.0253  0.0251  0.0253  0.0255  0.0252  0.0253  0.0251  0.0252
  0.0258  0.0256  0.0254  0.0258  0.0256  0.0257  0.0256  0.0260  0.0255  0.0256  0.0253  0.0253
niter,ni,del,rscale     2    3    5.0000    0.5000
parameters
    3.1961   10.4322   12.5938   -5.8012  -13.6009  -14.6051
    0.0190    5.7121    0.0386   18.0242   -6.5588  -14.0012
eta,q 0.97502  8.04795
  0.0255  0.0254  0.0253  0.0255  0.0254  0.0255  0.0254  0.0257  0.0253  0.0254  0.0252  0.0252
  0.0253  0.0252  0.0251  0.0253  0.0252  0.0253  0.0252  0.0253  0.0251  0.0252  0.0251  0.0251
  0.0251  0.0250  0.0251  0.0251  0.0251  0.0252  0.0250  0.0251  0.0250  0.0250  0.0250  0.0250
  0.0250  0.0250  0.0250  0.0250  0.0250  0.0250  0.0250  0.0250  0.0250  0.0250  0.0250  0.0250
  0.0251  0.0251  0.0250  0.0251  0.0250  0.0250  0.0250  0.0251  0.0250  0.0250  0.0250  0.0250
  0.0252  0.0252  0.0251  0.0252  0.0252  0.0251  0.0252  0.0253  0.0251  0.0252  0.0251  0.0251
  0.0255  0.0254  0.0252  0.0255  0.0254  0.0254  0.0254  0.0257  0.0253  0.0254  0.0252  0.0252
niter,ni,del,rscale     1    3    5.0000    0.4000
parameters
    3.2004   10.4028   12.6772   -5.8094  -13.5391  -14.2706
    0.0278    5.7003    0.0545   17.9251   -6.6014  -14.0134
eta,q 0.97505  8.06215
  0.0253  0.0252  0.0252  0.0253  0.0253  0.0254  0.0252  0.0254  0.0251  0.0252  0.0251  0.0251
  0.0251  0.0251  0.0251  0.0251  0.0251  0.0252  0.0251  0.0252  0.0250  0.0251  0.0250  0.0250
  0.0250  0.0250  0.0250  0.0250  0.0250  0.0251  0.0250  0.0250  0.0250  0.0250  0.0250  0.0250
  0.0250  0.0250  0.0250  0.0250  0.0250  0.0250  0.0249  0.0249  0.0249  0.0249  0.0249  0.0249
  0.0250  0.0250  0.0250  0.0250  0.0250  0.0249  0.0250  0.0250  0.0250  0.0250  0.0250  0.0250
  0.0251  0.0251  0.0250  0.0251  0.0251  0.0250  0.0251  0.0252  0.0250  0.0251  0.0250  0.0250
  0.0253  0.0252  0.0251  0.0253  0.0252  0.0253  0.0252  0.0254  0.0251  0.0253  0.0251  0.0251
registration optimization eta report
parameter search radius
    0.8000    0.8000    0.8000    2.4000    2.4000    2.4000
    2.4000    2.4000    2.4000    2.4000    2.4000    2.4000
100000*second partial in parameter space
       52.       36.       26.        6.        5.        6.
        4.        8.        3.        5.        2.        2.
  0.0253  0.0252  0.0252  0.0253  0.0253  0.0254  0.0252  0.0254  0.0251  0.0252  0.0251  0.0251
  0.0251  0.0251  0.0251  0.0251  0.0251  0.0252  0.0251  0.0252  0.0250  0.0251  0.0250  0.0250
  0.0250  0.0250  0.0250  0.0250  0.0250  0.0251  0.0250  0.0250  0.0250  0.0250  0.0250  0.0250
  0.0250  0.0250  0.0250  0.0250  0.0250  0.0250  0.0249  0.0249  0.0249  0.0249  0.0249  0.0249
  0.0250  0.0250  0.0250  0.0250  0.0250  0.0249  0.0250  0.0250  0.0250  0.0250  0.0250  0.0250
  0.0251  0.0251  0.0250  0.0251  0.0251  0.0250  0.0251  0.0252  0.0250  0.0251  0.0250  0.0250
  0.0253  0.0252  0.0251  0.0253  0.0252  0.0253  0.0252  0.0254  0.0251  0.0253  0.0251  0.0251
    3.2004   10.4028   12.6772   -5.8094  -13.5391  -14.2706
    0.0278    5.7003    0.0545   17.9251   -6.6014  -14.0134
eta,q 0.97505  8.06215

---------------------------------------------------------------------
compute_vox2vox talsrcimg talsrcimg_to_711-2C_as_mni_average_305_t4 /opt/freesurfer/average/711-2C_as_mni_average_305
---------------------------------------------------------------------

freesurfer compute_vox2vox.c
Reading: talsrcimg.4dfp.ifh
Reading: talsrcimg_to_711-2C_as_mni_average_305_t4
Reading: /opt/freesurfer/average/711-2C_as_mni_average_305.4dfp.ifh
Writing: talsrcimg_to_711-2C_as_mni_average_305_t4_vox2vox.txt

start time Fri Mar 13 01:07:53 CET 2026
end		time Fri Mar 13 01:09:22 CET 2026

mpr2mni305 success

avi2talxfm orig_nu.mgz /opt/freesurfer/average/mni305.cor.mgz talsrcimg_to_711-2C_as_mni_average_305_t4_vox2vox.txt transforms/talairach.auto.xfm
avi2talxfm done
mv -f /out/sourcedata/freesurfer/sub-v2s3x28805_ses-1/mri/talsrcimg_to_711-2C_as_mni_average_305_t4_vox2vox.txt /out/sourcedata/freesurfer/sub-v2s3x28805_ses-1/mri/transforms/talsrcimg_to_711-2C_as_mni_average_305_t4_vox2vox.txt
lta_convert --src orig_nu.mgz --trg /opt/freesurfer/average/mni305.cor.mgz --inxfm transforms/talairach.auto.xfm --outlta transforms/talairach.auto.xfm.lta --subject fsaverage
7.3.2

--src: orig_nu.mgz src image (geometry).
--trg: /opt/freesurfer/average/mni305.cor.mgz trg image (geometry).
--inmni: transforms/talairach.auto.xfm input MNI/XFM transform.
--outlta: transforms/talairach.auto.xfm.lta output LTA.
--s: fsaverage subject name
 LTA read, type : 1
 1.05692  -0.06790  -0.01135   23.03884;
 0.07861   1.12318   0.18202  -36.45682;
-0.01696  -0.23281   1.11886   1.71283;
 0.00000   0.00000   0.00000   1.00000;
setting subject to fsaverage
Writing  LTA to file transforms/talairach.auto.xfm.lta...
lta_convert successful.
 
 
Started at Fri Mar 13 01:07:53 CET 2026
Ended   at Fri Mar 13 01:09:23 CET 2026
talairach_avi done
