status file for recon-all
Fri Mar 13 03:00:55 CET 2026
#@# Tessellate lh Fri Mar 13 03:00:55 CET 2026
#@# Smooth1 lh Fri Mar 13 03:00:59 CET 2026
#@# Inflation1 lh Fri Mar 13 03:01:02 CET 2026
#@# QSphere lh Fri Mar 13 03:01:22 CET 2026
#@# Fix Topology lh Fri Mar 13 03:02:57 CET 2026
#@# Smooth2 lh Fri Mar 13 03:10:10 CET 2026
#@# Inflation2 lh Fri Mar 13 03:10:14 CET 2026
#@# Curv .H and .K lh Fri Mar 13 03:10:32 CET 2026
#@# Sphere lh Fri Mar 13 03:11:23 CET 2026
#@# Surf Reg lh Fri Mar 13 03:15:17 CET 2026
#@# Jacobian white lh Fri Mar 13 03:20:48 CET 2026
#@# AvgCurv lh Fri Mar 13 03:20:50 CET 2026
#@# Cortical Parc lh Fri Mar 13 03:20:51 CET 2026
#@# white curv lh Fri Mar 13 03:28:38 CET 2026
#@# white area lh Fri Mar 13 03:28:40 CET 2026
#@# pial curv lh Fri Mar 13 03:28:41 CET 2026
#@# pial area lh Fri Mar 13 03:28:43 CET 2026
#@# thickness lh Fri Mar 13 03:28:44 CET 2026
#@# area and vertex vol lh Fri Mar 13 03:29:17 CET 2026
#@# Curvature Stats lh Fri Mar 13 03:29:19 CET 2026
#@# Cortical Parc 2 lh Fri Mar 13 03:29:22 CET 2026
#@# Cortical Parc 3 lh Fri Mar 13 03:29:37 CET 2026
#@# WM/GM Contrast lh Fri Mar 13 03:29:49 CET 2026
recon-all -s sub-v2s3x28804_ses-1 finished without error at Fri Mar 13 03:29:52 CET 2026



#New# invocation of recon-all 



status file for recon-all
Fri Mar 13 04:05:46 CET 2026
#@# white curv lh Fri Mar 13 04:05:46 CET 2026
#@# white area lh Fri Mar 13 04:05:46 CET 2026
#@# pial curv lh Fri Mar 13 04:05:46 CET 2026
#@# pial area lh Fri Mar 13 04:05:46 CET 2026
#@# thickness lh Fri Mar 13 04:05:46 CET 2026
#@# area and vertex vol lh Fri Mar 13 04:05:46 CET 2026
#@# Parcellation Stats lh Fri Mar 13 04:05:46 CET 2026
#@# Parcellation Stats 2 lh Fri Mar 13 04:06:09 CET 2026
#@# Parcellation Stats 3 lh Fri Mar 13 04:06:20 CET 2026
#@# BA_exvivo Labels lh Fri Mar 13 04:06:31 CET 2026
recon-all -s sub-v2s3x28804_ses-1 finished without error at Fri Mar 13 04:09:34 CET 2026
