status file for recon-all
Fri Mar 13 03:29:55 CET 2026
#@# Tessellate rh Fri Mar 13 03:29:55 CET 2026
#@# Smooth1 rh Fri Mar 13 03:29:59 CET 2026
#@# Inflation1 rh Fri Mar 13 03:30:02 CET 2026
#@# QSphere rh Fri Mar 13 03:30:18 CET 2026
#@# Fix Topology rh Fri Mar 13 03:31:42 CET 2026
#@# Smooth2 rh Fri Mar 13 03:38:02 CET 2026
#@# Inflation2 rh Fri Mar 13 03:38:06 CET 2026
#@# Curv .H and .K rh Fri Mar 13 03:38:23 CET 2026
#@# Sphere rh Fri Mar 13 03:39:17 CET 2026
#@# Surf Reg rh Fri Mar 13 03:43:25 CET 2026
#@# Jacobian white rh Fri Mar 13 03:50:13 CET 2026
#@# AvgCurv rh Fri Mar 13 03:50:14 CET 2026
#@# Cortical Parc rh Fri Mar 13 03:50:15 CET 2026
#@# white curv rh Fri Mar 13 03:57:49 CET 2026
#@# white area rh Fri Mar 13 03:57:51 CET 2026
#@# pial curv rh Fri Mar 13 03:57:52 CET 2026
#@# pial area rh Fri Mar 13 03:57:54 CET 2026
#@# thickness rh Fri Mar 13 03:57:55 CET 2026
#@# area and vertex vol rh Fri Mar 13 03:58:29 CET 2026
#@# Curvature Stats rh Fri Mar 13 03:58:31 CET 2026
#@# Cortical Parc 2 rh Fri Mar 13 03:58:33 CET 2026
#@# Cortical Parc 3 rh Fri Mar 13 03:58:49 CET 2026
#@# WM/GM Contrast rh Fri Mar 13 03:59:00 CET 2026
recon-all -s sub-v2s3x28804_ses-1 finished without error at Fri Mar 13 03:59:04 CET 2026



#New# invocation of recon-all 



status file for recon-all
Fri Mar 13 04:09:36 CET 2026
#@# white curv rh Fri Mar 13 04:09:36 CET 2026
#@# white area rh Fri Mar 13 04:09:36 CET 2026
#@# pial curv rh Fri Mar 13 04:09:36 CET 2026
#@# pial area rh Fri Mar 13 04:09:36 CET 2026
#@# thickness rh Fri Mar 13 04:09:36 CET 2026
#@# area and vertex vol rh Fri Mar 13 04:09:36 CET 2026
#@# Parcellation Stats rh Fri Mar 13 04:09:36 CET 2026
#@# Parcellation Stats 2 rh Fri Mar 13 04:09:59 CET 2026
#@# Parcellation Stats 3 rh Fri Mar 13 04:10:11 CET 2026
#@# BA_exvivo Labels rh Fri Mar 13 04:10:22 CET 2026
recon-all -s sub-v2s3x28804_ses-1 finished without error at Fri Mar 13 04:13:29 CET 2026
