status file for recon-all
Thu Mar 12 23:26:38 CET 2026
#@# MotionCor Thu Mar 12 23:26:40 CET 2026
#@# Talairach Thu Mar 12 23:26:48 CET 2026
#@# Talairach Failure Detection Thu Mar 12 23:31:14 CET 2026
#@# Nu Intensity Correction Thu Mar 12 23:31:14 CET 2026
#@# Intensity Normalization Thu Mar 12 23:34:33 CET 2026
recon-all -s sub-v2s3x28747_ses-1 finished without error at Thu Mar 12 23:36:03 CET 2026



#New# invocation of recon-all 



status file for recon-all
Thu Mar 12 23:43:51 CET 2026
#@# EM Registration Thu Mar 12 23:43:51 CET 2026
recon-all -s sub-v2s3x28747_ses-1 finished without error at Thu Mar 12 23:46:51 CET 2026



#New# invocation of recon-all 



status file for recon-all
Thu Mar 12 23:46:53 CET 2026
#@# CA Normalize Thu Mar 12 23:46:53 CET 2026
#@# CA Reg Thu Mar 12 23:48:16 CET 2026
#@# SubCort Seg Fri Mar 13 00:34:10 CET 2026
#@# CC Seg Fri Mar 13 01:02:49 CET 2026
#@# Merge ASeg Fri Mar 13 01:03:23 CET 2026
#@# Intensity Normalization2 Fri Mar 13 01:03:23 CET 2026
#@# Mask BFS Fri Mar 13 01:05:35 CET 2026
#@# WM Segmentation Fri Mar 13 01:05:36 CET 2026
#@# Fill Fri Mar 13 01:07:31 CET 2026
recon-all -s sub-v2s3x28747_ses-1 finished without error at Fri Mar 13 01:08:33 CET 2026



#New# invocation of recon-all 



status file for recon-all
Fri Mar 13 01:52:59 CET 2026
#@# white curv lh Fri Mar 13 01:52:59 CET 2026
#@# white area lh Fri Mar 13 01:52:59 CET 2026
#@# pial curv lh Fri Mar 13 01:52:59 CET 2026
#@# pial area lh Fri Mar 13 01:52:59 CET 2026
#@# thickness lh Fri Mar 13 01:52:59 CET 2026
#@# area and vertex vol lh Fri Mar 13 01:52:59 CET 2026
#@# white curv rh Fri Mar 13 01:52:59 CET 2026
#@# white area rh Fri Mar 13 01:52:59 CET 2026
#@# pial curv rh Fri Mar 13 01:52:59 CET 2026
#@# pial area rh Fri Mar 13 01:52:59 CET 2026
#@# thickness rh Fri Mar 13 01:52:59 CET 2026
#@# area and vertex vol rh Fri Mar 13 01:52:59 CET 2026
#@# Cortical ribbon mask Fri Mar 13 01:52:59 CET 2026
recon-all -s sub-v2s3x28747_ses-1 finished without error at Fri Mar 13 01:58:08 CET 2026



#New# invocation of recon-all 



status file for recon-all
Fri Mar 13 02:05:25 CET 2026
#@# white curv lh Fri Mar 13 02:05:26 CET 2026
#@# white area lh Fri Mar 13 02:05:26 CET 2026
#@# pial curv lh Fri Mar 13 02:05:26 CET 2026
#@# pial area lh Fri Mar 13 02:05:26 CET 2026
#@# thickness lh Fri Mar 13 02:05:26 CET 2026
#@# area and vertex vol lh Fri Mar 13 02:05:26 CET 2026
#@# white curv rh Fri Mar 13 02:05:26 CET 2026
#@# white area rh Fri Mar 13 02:05:26 CET 2026
#@# pial curv rh Fri Mar 13 02:05:26 CET 2026
#@# pial area rh Fri Mar 13 02:05:26 CET 2026
#@# thickness rh Fri Mar 13 02:05:26 CET 2026
#@# area and vertex vol rh Fri Mar 13 02:05:26 CET 2026
#@# Curvature Stats lh Fri Mar 13 02:05:26 CET 2026
#@# Curvature Stats rh Fri Mar 13 02:05:28 CET 2026
#@# Relabel Hypointensities Fri Mar 13 02:05:31 CET 2026
#@# APas-to-ASeg Fri Mar 13 02:05:47 CET 2026
#@# AParc-to-ASeg aparc Fri Mar 13 02:05:55 CET 2026
#@# AParc-to-ASeg aparc.a2009s Fri Mar 13 02:06:38 CET 2026
#@# AParc-to-ASeg aparc.DKTatlas Fri Mar 13 02:07:24 CET 2026
#@# WMParc Fri Mar 13 02:08:04 CET 2026
#@# ASeg Stats Fri Mar 13 02:11:37 CET 2026
recon-all -s sub-v2s3x28747_ses-1 finished without error at Fri Mar 13 02:12:13 CET 2026
