status file for recon-all
Fri Mar 13 01:30:27 CET 2026
#@# Tessellate rh Fri Mar 13 01:30:27 CET 2026
#@# Smooth1 rh Fri Mar 13 01:30:31 CET 2026
#@# Inflation1 rh Fri Mar 13 01:30:34 CET 2026
#@# QSphere rh Fri Mar 13 01:30:46 CET 2026
#@# Fix Topology rh Fri Mar 13 01:31:58 CET 2026
#@# Smooth2 rh Fri Mar 13 01:37:46 CET 2026
#@# Inflation2 rh Fri Mar 13 01:37:48 CET 2026
#@# Curv .H and .K rh Fri Mar 13 01:38:02 CET 2026
#@# Sphere rh Fri Mar 13 01:38:50 CET 2026
#@# Surf Reg rh Fri Mar 13 01:41:07 CET 2026
#@# Jacobian white rh Fri Mar 13 01:45:26 CET 2026
#@# AvgCurv rh Fri Mar 13 01:45:26 CET 2026
#@# Cortical Parc rh Fri Mar 13 01:45:27 CET 2026
#@# white curv rh Fri Mar 13 01:51:48 CET 2026
#@# white area rh Fri Mar 13 01:51:50 CET 2026
#@# pial curv rh Fri Mar 13 01:51:51 CET 2026
#@# pial area rh Fri Mar 13 01:51:53 CET 2026
#@# thickness rh Fri Mar 13 01:51:54 CET 2026
#@# area and vertex vol rh Fri Mar 13 01:52:23 CET 2026
#@# Curvature Stats rh Fri Mar 13 01:52:25 CET 2026
#@# Cortical Parc 2 rh Fri Mar 13 01:52:27 CET 2026
#@# Cortical Parc 3 rh Fri Mar 13 01:52:41 CET 2026
#@# WM/GM Contrast rh Fri Mar 13 01:52:51 CET 2026
recon-all -s sub-v2s3x28747_ses-1 finished without error at Fri Mar 13 01:52:54 CET 2026



#New# invocation of recon-all 



status file for recon-all
Fri Mar 13 02:01:45 CET 2026
#@# white curv rh Fri Mar 13 02:01:46 CET 2026
#@# white area rh Fri Mar 13 02:01:46 CET 2026
#@# pial curv rh Fri Mar 13 02:01:46 CET 2026
#@# pial area rh Fri Mar 13 02:01:46 CET 2026
#@# thickness rh Fri Mar 13 02:01:46 CET 2026
#@# area and vertex vol rh Fri Mar 13 02:01:46 CET 2026
#@# Parcellation Stats rh Fri Mar 13 02:01:46 CET 2026
#@# Parcellation Stats 2 rh Fri Mar 13 02:02:06 CET 2026
#@# Parcellation Stats 3 rh Fri Mar 13 02:02:17 CET 2026
#@# BA_exvivo Labels rh Fri Mar 13 02:02:27 CET 2026
recon-all -s sub-v2s3x28747_ses-1 finished without error at Fri Mar 13 02:05:22 CET 2026
