/out/sourcedata/freesurfer/sub-v2s3x28826_ses-1/mri
/opt/freesurfer/bin/talairach_avi
--i orig_nu.mgz --xfm transforms/talairach.auto.xfm
talairach_avi 7.3.2
Linux dna082 5.14.0-427.37.1.el9_4.x86_64 #1 SMP PREEMPT_DYNAMIC Fri Sep 13 12:41:50 EDT 2024 x86_64 x86_64 x86_64 GNU/Linux
Fri Mar 13 02:31:53 CET 2026
mri_convert orig_nu.mgz talsrcimg.img 
reading from orig_nu.mgz...
TR=0.00, TE=0.00, TI=0.00, flip angle=0.00
i_ras = (-1, 0, 0)
j_ras = (0, 0, -1)
k_ras = (0, 1, 0)
writing to talsrcimg.img...
Analyze Output Matrix
-1.00000   0.00000   0.00000   127.28405;
 0.00000   0.00000   1.00000  -86.65253;
 0.00000  -1.00000   0.00000   127.07581;
 0.00000   0.00000   0.00000   1.00000;
--------------------
INFO: set hdr.hist.orient to -1
mpr2mni305 talsrcimg
Fri Mar 13 02:31:53 CET 2026
/opt/freesurfer/bin/mpr2mni305 talsrcimg
mpr2mni305 7.3.2
target=711-2C_as_mni_average_305

---------------------------------------------------------------------
analyzeto4dfp talsrcimg -O0 -y
---------------------------------------------------------------------

freesurfer ifh2hdr.c
Fri Mar 13 02:31:53 2026
Writing: talsrcimg.4dfp.hdr
freesurfer analyzeto4dfp.c
Reading: talsrcimg.hdr
header size 348 bytes
hdr.dime.datatype	offset=70	value=2
hdr.dime.bitpix		offset=72	value=8
hdr.hist.orient		offset=252	value=-1
dimensionality     4
dimensions       256       256       256         1
Reading: talsrcimg.img
Writing: talsrcimg.4dfp.img
Writing: talsrcimg.4dfp.ifh
ifh2hdr talsrcimg -r0to228
ori=2

---------------------------------------------------------------------
gauss_4dfp talsrcimg 1.1
---------------------------------------------------------------------

freesurfer gauss_4dfp.c
Reading: talsrcimg.4dfp.img
Writing: talsrcimg_g11.4dfp.img
image dimensions 256 256 256 padded to 288 288 288
processing volume 1freesurfer ifh2hdr.c
Fri Mar 13 02:31:55 2026
Writing: talsrcimg_g11.4dfp.hdr

Writing: talsrcimg_g11.4dfp.ifh
including: talsrcimg.4dfp.img.rec in talsrcimg_g11.4dfp.img.rec

---------------------------------------------------------------------
imgreg_4dfp /opt/freesurfer/average/711-2C_as_mni_average_305 none talsrcimg_g11 none talsrcimg_to_711-2C_as_mni_average_305_t4 4355
---------------------------------------------------------------------

freesurfer imgreg_4dfp.c
/opt/freesurfer/average/711-2C_as_mni_average_305.4dfp.img
       256       256       256         1
  1.000000  1.000000  1.000000
orientation T byte_order littleendian
Reading image: /opt/freesurfer/average/711-2C_as_mni_average_305.4dfp.img
dimensions:      256       256       256
mmppix:       1.0000   -1.0000   -1.0000
center:     128.0000 -129.0000 -129.0000
talsrcimg_g11.4dfp.img
       256       256       256         1
  1.000000  1.000000  1.000000
orientation T byte_order littleendian
Reading image: talsrcimg_g11.4dfp.img
dimensions:      256       256       256
mmppix:       1.0000   -1.0000   -1.0000
center:     128.0000 -129.0000 -129.0000
t4_read: open error in t4_sub.f l:  41 t4_file(1:l)talsrcimg_to_711-2C_as_mni_average_305_t4 
t4_read: transform initialized to I4
rotation matrix determinant  1.000000
image alignment mode   4355 decimal     1103 hex
   -7.5000  -45.0000  -45.0000 6025.9741   16.5683
    0.0000  -45.0000  -45.0000 6273.7075   16.5853
    7.5000  -45.0000  -45.0000 6009.1787   16.5577
   -7.5000  -37.5000  -45.0000 6654.6997   16.2750
    0.0000  -37.5000  -45.0000 6919.8335   16.2923
    7.5000  -37.5000  -45.0000 6625.5210   16.2704
   -7.5000  -30.0000  -45.0000 7560.5420   16.2358
    0.0000  -30.0000  -45.0000 7882.5386   16.2563
    7.5000  -30.0000  -45.0000 7536.4546   16.2419
   -7.5000  -22.5000  -45.0000 8539.0938   16.2577
    0.0000  -22.5000  -45.0000 8903.3301   16.2803
    7.5000  -22.5000  -45.0000 8490.2598   16.2684
   -7.5000  -15.0000  -45.0000 9518.8760   16.2397
    0.0000  -15.0000  -45.0000 9923.4834   16.2618
    7.5000  -15.0000  -45.0000 9451.4805   16.2459
   -7.5000   -7.5000  -45.000010517.5322   16.1644
    0.0000   -7.5000  -45.000010953.0674   16.1833
    7.5000   -7.5000  -45.000010456.3115   16.1602
   -7.5000    0.0000  -45.000011350.2666   16.0994
    0.0000    0.0000  -45.000011832.4502   16.1157
    7.5000    0.0000  -45.000011295.7832   16.0897
   -7.5000    7.5000  -45.000011246.0605   16.1167
    0.0000    7.5000  -45.000011736.6504   16.1337
    7.5000    7.5000  -45.000011166.4482   16.1124
   -7.5000   15.0000  -45.000011004.9648   16.1998
    0.0000   15.0000  -45.000011467.4150   16.2200
    7.5000   15.0000  -45.000010891.2520   16.2056
   -7.5000   22.5000  -45.000010628.7764   16.2555
    0.0000   22.5000  -45.000011057.0898   16.2781
    7.5000   22.5000  -45.000010530.9922   16.2661
   -7.5000   30.0000  -45.000010260.5479   16.0233
    0.0000   30.0000  -45.000010682.7236   16.0451
    7.5000   30.0000  -45.000010182.2764   16.0294
   -7.5000   37.5000  -45.000010362.2773   15.9490
    0.0000   37.5000  -45.000010781.0146   15.9677
    7.5000   37.5000  -45.000010309.7256   15.9448
   -7.5000   45.0000  -45.0000 9966.9404   15.4815
    0.0000   45.0000  -45.000010331.4785   15.4972
    7.5000   45.0000  -45.0000 9859.2725   15.4722
   -7.5000  -45.0000  -37.5000 6414.0273   16.5468
    0.0000  -45.0000  -37.5000 6693.3447   16.5668
    7.5000  -45.0000  -37.5000 6409.4443   16.5362
   -7.5000  -37.5000  -37.5000 7094.1382   16.2637
    0.0000  -37.5000  -37.5000 7404.9360   16.2838
    7.5000  -37.5000  -37.5000 7072.6445   16.2579
   -7.5000  -30.0000  -37.5000 8084.3877   16.2314
    0.0000  -30.0000  -37.5000 8431.3652   16.2520
    7.5000  -30.0000  -37.5000 8039.1304   16.2315
   -7.5000  -22.5000  -37.5000 9128.5273   16.2504
    0.0000  -22.5000  -37.5000 9505.3545   16.2701
    7.5000  -22.5000  -37.5000 9052.1533   16.2510
   -7.5000  -15.0000  -37.500010163.9082   16.2232
    0.0000  -15.0000  -37.500010578.3965   16.2421
    7.5000  -15.0000  -37.500010078.2549   16.2199
   -7.5000   -7.5000  -37.500011182.0654   16.1415
    0.0000   -7.5000  -37.500011644.6123   16.1605
    7.5000   -7.5000  -37.500011109.6299   16.1336
   -7.5000    0.0000  -37.500012036.7383   16.0795
    0.0000    0.0000  -37.500012538.3809   16.0988
    7.5000    0.0000  -37.500011968.4365   16.0702
   -7.5000    7.5000  -37.500011915.3418   16.1061
    0.0000    7.5000  -37.500012428.8477   16.1261
    7.5000    7.5000  -37.500011815.4014   16.1007
   -7.5000   15.0000  -37.500011627.0322   16.1954
    0.0000   15.0000  -37.500012145.5684   16.2158
    7.5000   15.0000  -37.500011522.8154   16.1952
   -7.5000   22.5000  -37.500011216.1279   16.2481
    0.0000   22.5000  -37.500011706.9424   16.2679
    7.5000   22.5000  -37.500011132.8320   16.2487
   -7.5000   30.0000  -37.500010823.3564   16.0070
    0.0000   30.0000  -37.500011294.3691   16.0256
    7.5000   30.0000  -37.500010744.4004   16.0038
   -7.5000   37.5000  -37.500010907.2168   15.9264
    0.0000   37.5000  -37.500011380.7139   15.9451
    7.5000   37.5000  -37.500010844.3271   15.9186
   -7.5000   45.0000  -37.500010429.1992   15.4624
    0.0000   45.0000  -37.500010864.8203   15.4809
    7.5000   45.0000  -37.500010336.3721   15.4534
   -7.5000  -45.0000  -30.0000 6907.5635   17.2082
    0.0000  -45.0000  -30.0000 7209.5171   17.2295
    7.5000  -45.0000  -30.0000 6893.1147   17.2009
   -7.5000  -37.5000  -30.0000 7643.4448   16.9246
    0.0000  -37.5000  -30.0000 7966.4922   16.9419
    7.5000  -37.5000  -30.0000 7615.9458   16.9162
   -7.5000  -30.0000  -30.0000 8718.3994   16.8989
    0.0000  -30.0000  -30.0000 9074.6318   16.9135
    7.5000  -30.0000  -30.0000 8671.3848   16.8900
   -7.5000  -22.5000  -30.0000 9823.6299   16.9159
    0.0000  -22.5000  -30.000010226.2168   16.9307
    7.5000  -22.5000  -30.0000 9768.9170   16.9069
   -7.5000  -15.0000  -30.000010915.0127   16.8778
    0.0000  -15.0000  -30.000011359.9346   16.8957
    7.5000  -15.0000  -30.000010854.5586   16.8704
   -7.5000   -7.5000  -30.000011962.6396   16.7855
    0.0000   -7.5000  -30.000012481.7168   16.8064
    7.5000   -7.5000  -30.000011930.5293   16.7798
   -7.5000    0.0000  -30.000012850.6006   16.7234
    0.0000    0.0000  -30.000013389.8623   16.7440
    7.5000    0.0000  -30.000012832.9170   16.7175
   -7.5000    7.5000  -30.000012731.4355   16.7612
    0.0000    7.5000  -30.000013299.5869   16.7785
    7.5000    7.5000  -30.000012662.1719   16.7534
   -7.5000   15.0000  -30.000012416.7051   16.8615
    0.0000   15.0000  -30.000012989.6113   16.8759
    7.5000   15.0000  -30.000012314.7051   16.8524
   -7.5000   22.5000  -30.000011974.6094   16.9119
    0.0000   22.5000  -30.000012545.8711   16.9266
    7.5000   22.5000  -30.000011905.6982   16.9028
   -7.5000   30.0000  -30.000011531.6035   16.6545
    0.0000   30.0000  -30.000012072.6543   16.6722
    7.5000   30.0000  -30.000011463.8848   16.6471
   -7.5000   37.5000  -30.000011586.6191   16.5634
    0.0000   37.5000  -30.000012132.4756   16.5840
    7.5000   37.5000  -30.000011531.2236   16.5578
   -7.5000   45.0000  -30.000011038.6387   16.0933
    0.0000   45.0000  -30.000011517.9551   16.1132
    7.5000   45.0000  -30.000010947.1748   16.0876
   -7.5000  -45.0000  -22.5000 7406.4067   17.7798
    0.0000  -45.0000  -22.5000 7718.7891   17.8002
    7.5000  -45.0000  -22.5000 7391.2607   17.7789
   -7.5000  -37.5000  -22.5000 8210.1846   17.4885
    0.0000  -37.5000  -22.5000 8548.4404   17.4996
    7.5000  -37.5000  -22.5000 8175.1890   17.4799
   -7.5000  -30.0000  -22.5000 9341.3936   17.4636
    0.0000  -30.0000  -22.5000 9720.8730   17.4709
    7.5000  -30.0000  -22.5000 9309.1592   17.4510
   -7.5000  -22.5000  -22.500010502.1523   17.4816
    0.0000  -22.5000  -22.500010929.6699   17.4938
    7.5000  -22.5000  -22.500010463.5703   17.4724
   -7.5000  -15.0000  -22.500011638.5146   17.4417
    0.0000  -15.0000  -22.500012122.9766   17.4619
    7.5000  -15.0000  -22.500011577.3525   17.4399
   -7.5000   -7.5000  -22.500012724.4043   17.3442
    0.0000   -7.5000  -22.500013289.9678   17.3677
    7.5000   -7.5000  -22.500012715.2822   17.3469
   -7.5000    0.0000  -22.500013656.3057   17.2788
    0.0000    0.0000  -22.500014280.1035   17.2981
    7.5000    0.0000  -22.500013675.7979   17.2786
   -7.5000    7.5000  -22.500013484.2529   17.3195
    0.0000    7.5000  -22.500014143.4375   17.3306
    7.5000    7.5000  -22.500013453.8086   17.3114
   -7.5000   15.0000  -22.500013095.7100   17.4250
    0.0000   15.0000  -22.500013757.8643   17.4322
    7.5000   15.0000  -22.500013076.3018   17.4123
   -7.5000   22.5000  -22.500012652.3711   17.4762
    0.0000   22.5000  -22.500013293.2324   17.4884
    7.5000   22.5000  -22.500012644.0996   17.4670
   -7.5000   30.0000  -22.500012227.1289   17.2135
    0.0000   30.0000  -22.500012809.1338   17.2335
    7.5000   30.0000  -22.500012169.6396   17.2118
   -7.5000   37.5000  -22.500012286.3887   17.1174
    0.0000   37.5000  -22.500012880.6836   17.1406
    7.5000   37.5000  -22.500012239.4678   17.1200
   -7.5000   45.0000  -22.500011639.6504   16.6403
    0.0000   45.0000  -22.500012158.5723   16.6589
    7.5000   45.0000  -22.500011553.0254   16.6401
   -7.5000  -45.0000  -15.0000 7926.4146   18.2221
    0.0000  -45.0000  -15.0000 8263.2432   18.2414
    7.5000  -45.0000  -15.0000 7898.1367   18.2244
   -7.5000  -37.5000  -15.0000 8789.9824   17.9136
    0.0000  -37.5000  -15.0000 9175.2695   17.9223
    7.5000  -37.5000  -15.0000 8765.8359   17.9084
   -7.5000  -30.0000  -15.0000 9970.4258   17.8816
    0.0000  -30.0000  -15.000010404.8555   17.8880
    7.5000  -30.0000  -15.0000 9971.2510   17.8747
   -7.5000  -22.5000  -15.000011179.1455   17.9037
    0.0000  -22.5000  -15.000011657.0322   17.9182
    7.5000  -22.5000  -15.000011152.6045   17.9026
   -7.5000  -15.0000  -15.000012335.0859   17.8722
    0.0000  -15.0000  -15.000012902.7520   17.8963
    7.5000  -15.0000  -15.000012295.9541   17.8785
   -7.5000   -7.5000  -15.000013483.3594   17.7780
    0.0000   -7.5000  -15.000014104.9482   17.8030
    7.5000   -7.5000  -15.000013481.0488   17.7854
   -7.5000    0.0000  -15.000014468.7129   17.7072
    0.0000    0.0000  -15.000015203.5400   17.7252
    7.5000    0.0000  -15.000014506.7773   17.7095
   -7.5000    7.5000  -15.000014214.9199   17.7397
    0.0000    7.5000  -15.000014957.9014   17.7483
    7.5000    7.5000  -15.000014260.3867   17.7348
   -7.5000   15.0000  -15.000013775.0098   17.8420
    0.0000   15.0000  -15.000014473.6387   17.8483
    7.5000   15.0000  -15.000013816.0557   17.8350
   -7.5000   22.5000  -15.000013341.7998   17.8973
    0.0000   22.5000  -15.000014010.2910   17.9119
    7.5000   22.5000  -15.000013341.0059   17.8963
   -7.5000   30.0000  -15.000012904.2188   17.6409
    0.0000   30.0000  -15.000013500.2539   17.6646
    7.5000   30.0000  -15.000012860.8701   17.6471
   -7.5000   37.5000  -15.000012957.4434   17.5479
    0.0000   37.5000  -15.000013560.6074   17.5726
    7.5000   37.5000  -15.000012908.2549   17.5553
   -7.5000   45.0000  -15.000012213.4941   17.0632
    0.0000   45.0000  -15.000012763.5488   17.0805
    7.5000   45.0000  -15.000012142.6318   17.0654
   -7.5000  -45.0000   -7.5000 8422.5771   18.4736
    0.0000  -45.0000   -7.5000 8797.1260   18.4916
    7.5000  -45.0000   -7.5000 8396.0078   18.4694
   -7.5000  -37.5000   -7.5000 9335.1260   18.1479
    0.0000  -37.5000   -7.5000 9763.1914   18.1604
    7.5000  -37.5000   -7.5000 9317.5781   18.1442
   -7.5000  -30.0000   -7.500010594.1445   18.1060
    0.0000  -30.0000   -7.500011068.4355   18.1201
    7.5000  -30.0000   -7.500010583.7637   18.1094
   -7.5000  -22.5000   -7.500011876.7617   18.1311
    0.0000  -22.5000   -7.500012394.1768   18.1522
    7.5000  -22.5000   -7.500011846.9551   18.1415
   -7.5000  -15.0000   -7.500013056.5576   18.1103
    0.0000  -15.0000   -7.500013648.8535   18.1362
    7.5000  -15.0000   -7.500013022.4902   18.1212
   -7.5000   -7.5000   -7.500014279.0928   18.0242
    0.0000   -7.5000   -7.500014960.7910   18.0475
    7.5000   -7.5000   -7.500014276.3242   18.0272
   -7.5000    0.0000   -7.500015344.2900   17.9504
    0.0000    0.0000   -7.500016208.6436   17.9673
    7.5000    0.0000   -7.500015428.5635   17.9464
   -7.5000    7.5000   -7.500015030.1318   17.9712
    0.0000    7.5000   -7.500015748.6162   17.9835
    7.5000    7.5000   -7.500015134.5137   17.9676
   -7.5000   15.0000   -7.500014554.5264   18.0659
    0.0000   15.0000   -7.500015223.1221   18.0798
    7.5000   15.0000   -7.500014633.8994   18.0689
   -7.5000   22.5000   -7.500014135.3232   18.1227
    0.0000   22.5000   -7.500014783.6221   18.1438
    7.5000   22.5000   -7.500014161.5391   18.1331
   -7.5000   30.0000   -7.500013623.3389   17.8754
    0.0000   30.0000   -7.500014252.3770   17.9010
    7.5000   30.0000   -7.500013647.2334   17.8862
   -7.5000   37.5000   -7.500013652.2354   17.7904
    0.0000   37.5000   -7.500014257.2295   17.8134
    7.5000   37.5000   -7.500013662.8193   17.7934
   -7.5000   45.0000   -7.500012805.0547   17.3008
    0.0000   45.0000   -7.500013380.5928   17.3171
    7.5000   45.0000   -7.500012779.4629   17.2969
   -7.5000  -45.0000    0.0000 8828.7344   18.5332
    0.0000  -45.0000    0.0000 9252.1094   18.5522
    7.5000  -45.0000    0.0000 8820.8818   18.5216
   -7.5000  -37.5000    0.0000 9802.9775   18.2048
    0.0000  -37.5000    0.000010252.2715   18.2240
    7.5000  -37.5000    0.0000 9785.4707   18.1999
   -7.5000  -30.0000    0.000011127.4883   18.1607
    0.0000  -30.0000    0.000011610.7910   18.1835
    7.5000  -30.0000    0.000011104.5205   18.1678
   -7.5000  -22.5000    0.000012426.5791   18.1853
    0.0000  -22.5000    0.000012957.8340   18.2105
    7.5000  -22.5000    0.000012388.4863   18.1974
   -7.5000  -15.0000    0.000013625.2344   18.1654
    0.0000  -15.0000    0.000014210.9365   18.1900
    7.5000  -15.0000    0.000013580.8457   18.1724
   -7.5000   -7.5000    0.000014916.2002   18.0812
    0.0000   -7.5000    0.000015594.1562   18.1023
    7.5000   -7.5000    0.000014873.5518   18.0766
   -7.5000    0.0000    0.000016061.0889   18.0085
    0.0000    0.0000    0.000016705.2539   18.0266
    7.5000    0.0000    0.000016073.7305   17.9977
   -7.5000    7.5000    0.000015621.3428   18.0277
    0.0000    7.5000    0.000016121.9395   18.0466
    7.5000    7.5000    0.000015731.4072   18.0230
   -7.5000   15.0000    0.000015117.3555   18.1204
    0.0000   15.0000    0.000015602.0107   18.1429
    7.5000   15.0000    0.000015237.9785   18.1271
   -7.5000   22.5000    0.000014688.5420   18.1769
    0.0000   22.5000    0.000015243.4141   18.2021
    7.5000   22.5000    0.000014815.1670   18.1890
   -7.5000   30.0000    0.000014200.1299   17.9303
    0.0000   30.0000    0.000014733.0635   17.9546
    7.5000   30.0000    0.000014287.5684   17.9372
   -7.5000   37.5000    0.000014247.0791   17.8472
    0.0000   37.5000    0.000014789.0283   17.8680
    7.5000   37.5000    0.000014307.5215   17.8427
   -7.5000   45.0000    0.000013296.8916   17.3581
    0.0000   45.0000    0.000013849.5029   17.3755
    7.5000   45.0000    0.000013301.6826   17.3477
   -7.5000  -45.0000    7.5000 8492.3174   18.5163
    0.0000  -45.0000    7.5000 8884.2334   18.5387
    7.5000  -45.0000    7.5000 8468.9844   18.5045
   -7.5000  -37.5000    7.5000 9439.1045   18.1995
    0.0000  -37.5000    7.5000 9866.2607   18.2221
    7.5000  -37.5000    7.5000 9407.3145   18.1931
   -7.5000  -30.0000    7.500010748.7666   18.1634
    0.0000  -30.0000    7.500011212.4648   18.1864
    7.5000  -30.0000    7.500010699.3691   18.1635
   -7.5000  -22.5000    7.500012018.2842   18.1846
    0.0000  -22.5000    7.500012530.5869   18.2067
    7.5000  -22.5000    7.500011974.6924   18.1852
   -7.5000  -15.0000    7.500013183.9717   18.1542
    0.0000  -15.0000    7.500013729.1191   18.1753
    7.5000  -15.0000    7.500013154.4199   18.1506
   -7.5000   -7.5000    7.500014364.7021   18.0628
    0.0000   -7.5000    7.500014920.9014   18.0840
    7.5000   -7.5000    7.500014329.6562   18.0539
   -7.5000    0.0000    7.500015437.4678   17.9934
    0.0000    0.0000    7.500015887.6240   18.0150
    7.5000    0.0000    7.500015342.5068   17.9830
   -7.5000    7.5000    7.500015128.6133   18.0232
    0.0000    7.5000    7.500015486.7578   18.0455
    7.5000    7.5000    7.500015147.7314   18.0172
   -7.5000   15.0000    7.500014675.8525   18.1231
    0.0000   15.0000    7.500015067.3389   18.1459
    7.5000   15.0000    7.500014804.4229   18.1229
   -7.5000   22.5000    7.500014251.0566   18.1762
    0.0000   22.5000    7.500014716.3330   18.1983
    7.5000   22.5000    7.500014395.1338   18.1769
   -7.5000   30.0000    7.500013789.0068   17.9193
    0.0000   30.0000    7.500014242.0312   17.9401
    7.5000   30.0000    7.500013853.3789   17.9157
   -7.5000   37.5000    7.500013831.9209   17.8290
    0.0000   37.5000    7.500014296.3389   17.8500
    7.5000   37.5000    7.500013840.4814   17.8202
   -7.5000   45.0000    7.500012844.2471   17.3436
    0.0000   45.0000    7.500013289.6670   17.3644
    7.5000   45.0000    7.500012771.5664   17.3335
   -7.5000  -45.0000   15.0000 8047.8931   18.4891
    0.0000  -45.0000   15.0000 8434.6885   18.5124
    7.5000  -45.0000   15.0000 8035.3745   18.4820
   -7.5000  -37.5000   15.0000 8961.6826   18.1841
    0.0000  -37.5000   15.0000 9366.2471   18.2030
    7.5000  -37.5000   15.0000 8928.7666   18.1758
   -7.5000  -30.0000   15.000010210.1406   18.1564
    0.0000  -30.0000   15.000010634.1367   18.1724
    7.5000  -30.0000   15.000010146.7324   18.1475
   -7.5000  -22.5000   15.000011413.0586   18.1748
    0.0000  -22.5000   15.000011897.9043   18.1910
    7.5000  -22.5000   15.000011356.7959   18.1657
   -7.5000  -15.0000   15.000012519.3574   18.1340
    0.0000  -15.0000   15.000013039.2500   18.1535
    7.5000  -15.0000   15.000012479.7422   18.1266
   -7.5000   -7.5000   15.000013633.3906   18.0348
    0.0000   -7.5000   15.000014171.5723   18.0575
    7.5000   -7.5000   15.000013590.7393   18.0293
   -7.5000    0.0000   15.000014657.6836   17.9679
    0.0000    0.0000   15.000015137.1758   17.9904
    7.5000    0.0000   15.000014560.2793   17.9622
   -7.5000    7.5000   15.000014513.6553   18.0084
    0.0000    7.5000   15.000014947.4492   18.0273
    7.5000    7.5000   15.000014402.6396   18.0007
   -7.5000   15.0000   15.000014207.7695   18.1162
    0.0000   15.0000   15.000014633.6074   18.1320
    7.5000   15.0000   15.000014107.2285   18.1072
   -7.5000   22.5000   15.000013771.4043   18.1665
    0.0000   22.5000   15.000014179.1113   18.1826
    7.5000   22.5000   15.000013660.2080   18.1574
   -7.5000   30.0000   15.000013247.3145   17.8993
    0.0000   30.0000   15.000013615.7881   17.9186
    7.5000   30.0000   15.000013129.9629   17.8920
   -7.5000   37.5000   15.000013195.3809   17.8014
    0.0000   37.5000   15.000013627.6670   17.8238
    7.5000   37.5000   15.000013142.9268   17.7959
   -7.5000   45.0000   15.000012182.2559   17.3190
    0.0000   45.0000   15.000012613.3604   17.3407
    7.5000   45.0000   15.000012116.3252   17.3135
   -7.5000  -45.0000   22.5000 7554.3350   18.5034
    0.0000  -45.0000   22.5000 7890.4438   18.5253
    7.5000  -45.0000   22.5000 7562.6401   18.5038
   -7.5000  -37.5000   22.5000 8398.8877   18.1990
    0.0000  -37.5000   22.5000 8750.9502   18.2113
    7.5000  -37.5000   22.5000 8379.3848   18.1915
   -7.5000  -30.0000   22.5000 9559.9180   18.1726
    0.0000  -30.0000   22.5000 9954.2549   18.1809
    7.5000  -30.0000   22.5000 9529.2012   18.1608
   -7.5000  -22.5000   22.500010701.6074   18.1915
    0.0000  -22.5000   22.500011165.3594   18.2048
    7.5000  -22.5000   22.500010679.8555   18.1831
   -7.5000  -15.0000   22.500011779.1025   18.1502
    0.0000  -15.0000   22.500012297.8613   18.1720
    7.5000  -15.0000   22.500011746.2285   18.1496
   -7.5000   -7.5000   22.500012846.9033   18.0490
    0.0000   -7.5000   22.500013403.0732   18.0741
    7.5000   -7.5000   22.500012772.7100   18.0531
   -7.5000    0.0000   22.500013821.6953   17.9808
    0.0000    0.0000   22.500014354.2939   18.0016
    7.5000    0.0000   22.500013699.3008   17.9819
   -7.5000    7.5000   22.500013646.0430   18.0228
    0.0000    7.5000   22.500014160.5850   18.0350
    7.5000    7.5000   22.500013522.6357   18.0157
   -7.5000   15.0000   22.500013334.7266   18.1323
    0.0000   15.0000   22.500013799.5645   18.1405
    7.5000   15.0000   22.500013204.7656   18.1204
   -7.5000   22.5000   22.500012915.4463   18.1831
    0.0000   22.5000   22.500013328.7061   18.1964
    7.5000   22.5000   22.500012764.9717   18.1747
   -7.5000   30.0000   22.500012444.8633   17.9153
    0.0000   30.0000   22.500012816.4258   17.9368
    7.5000   30.0000   22.500012284.9004   17.9147
   -7.5000   37.5000   22.500012433.0088   17.8154
    0.0000   37.5000   22.500012842.5205   17.8402
    7.5000   37.5000   22.500012319.4824   17.8194
   -7.5000   45.0000   22.500011514.2549   17.3314
    0.0000   45.0000   22.500011907.0146   17.3515
    7.5000   45.0000   22.500011422.6787   17.3324
   -7.5000  -45.0000   30.0000 6989.8555   18.5951
    0.0000  -45.0000   30.0000 7311.8818   18.6158
    7.5000  -45.0000   30.0000 7024.9468   18.5994
   -7.5000  -37.5000   30.0000 7763.6055   18.2792
    0.0000  -37.5000   30.0000 8115.4189   18.2891
    7.5000  -37.5000   30.0000 7777.7651   18.2758
   -7.5000  -30.0000   30.0000 8815.7627   18.2466
    0.0000  -30.0000   30.0000 9222.6572   18.2540
    7.5000  -30.0000   30.0000 8823.9111   18.2414
   -7.5000  -22.5000   30.0000 9879.5586   18.2695
    0.0000  -22.5000   30.000010333.7598   18.2853
    7.5000  -22.5000   30.0000 9869.3037   18.2703
   -7.5000  -15.0000   30.000010900.2061   18.2376
    0.0000  -15.0000   30.000011399.7354   18.2632
    7.5000  -15.0000   30.000010867.7021   18.2461
   -7.5000   -7.5000   30.000011878.3232   18.1416
    0.0000   -7.5000   30.000012402.4551   18.1683
    7.5000   -7.5000   30.000011826.6904   18.1513
   -7.5000    0.0000   30.000012765.1787   18.0692
    0.0000    0.0000   30.000013294.2080   18.0887
    7.5000    0.0000   30.000012693.8584   18.0735
   -7.5000    7.5000   30.000012588.2979   18.1020
    0.0000    7.5000   30.000013118.0986   18.1118
    7.5000    7.5000   30.000012532.9600   18.0989
   -7.5000   15.0000   30.000012290.6592   18.2064
    0.0000   15.0000   30.000012793.7236   18.2137
    7.5000   15.0000   30.000012235.1836   18.2010
   -7.5000   22.5000   30.000011884.3037   18.2611
    0.0000   22.5000   30.000012317.3721   18.2769
    7.5000   22.5000   30.000011799.8652   18.2619
   -7.5000   30.0000   30.000011480.1631   18.0016
    0.0000   30.0000   30.000011866.9717   18.0269
    7.5000   30.0000   30.000011364.2422   18.0100
   -7.5000   37.5000   30.000011499.4961   17.9068
    0.0000   37.5000   30.000011920.3574   17.9332
    7.5000   37.5000   30.000011411.0039   17.9164
   -7.5000   45.0000   30.000010675.8018   17.4166
    0.0000   45.0000   30.000011079.6943   17.4354
    7.5000   45.0000   30.000010601.0254   17.4208
   -7.5000  -45.0000   37.5000 6689.7764   18.8848
    0.0000  -45.0000   37.5000 6986.8228   18.9033
    7.5000  -45.0000   37.5000 6696.2788   18.8813
   -7.5000  -37.5000   37.5000 7432.1665   18.5498
    0.0000  -37.5000   37.5000 7769.5610   18.5627
    7.5000  -37.5000   37.5000 7446.5522   18.5471
   -7.5000  -30.0000   37.5000 8426.4277   18.5087
    0.0000  -30.0000   37.5000 8817.1865   18.5233
    7.5000  -30.0000   37.5000 8442.8252   18.5134
   -7.5000  -22.5000   37.5000 9423.7568   18.5363
    0.0000  -22.5000   37.5000 9862.1738   18.5581
    7.5000  -22.5000   37.5000 9448.2578   18.5481
   -7.5000  -15.0000   37.500010384.5742   18.5144
    0.0000  -15.0000   37.500010877.7773   18.5411
    7.5000  -15.0000   37.500010391.0420   18.5264
   -7.5000   -7.5000   37.500011319.1514   18.4251
    0.0000   -7.5000   37.500011853.1914   18.4491
    7.5000   -7.5000   37.500011296.0469   18.4290
   -7.5000    0.0000   37.500012155.8340   18.3490
    0.0000    0.0000   37.500012720.5732   18.3664
    7.5000    0.0000   37.500012122.0557   18.3460
   -7.5000    7.5000   37.500012021.7881   18.3709
    0.0000    7.5000   37.500012558.5000   18.3836
    7.5000    7.5000   37.500011983.1689   18.3684
   -7.5000   15.0000   37.500011723.5820   18.4690
    0.0000   15.0000   37.500012223.8799   18.4834
    7.5000   15.0000   37.500011674.7461   18.4735
   -7.5000   22.5000   37.500011345.8350   18.5278
    0.0000   22.5000   37.500011780.6709   18.5496
    7.5000   22.5000   37.500011273.4844   18.5395
   -7.5000   30.0000   37.500010952.3652   18.2748
    0.0000   30.0000   37.500011373.5771   18.3011
    7.5000   30.0000   37.500010896.1475   18.2866
   -7.5000   37.5000   37.500011013.3838   18.1866
    0.0000   37.5000   37.500011427.0664   18.2103
    7.5000   37.5000   37.500010954.1582   18.1905
   -7.5000   45.0000   37.500010225.3076   17.6863
    0.0000   45.0000   37.500010597.1973   17.7031
    7.5000   45.0000   37.500010162.1748   17.6834
   -7.5000  -45.0000   45.0000 6120.5356   19.2634
    0.0000  -45.0000   45.0000 6369.5039   19.2827
    7.5000  -45.0000   45.0000 6107.4956   19.2506
   -7.5000  -37.5000   45.0000 6786.3828   18.9126
    0.0000  -37.5000   45.0000 7082.1353   18.9329
    7.5000  -37.5000   45.0000 6795.4985   18.9085
   -7.5000  -30.0000   45.0000 7703.8423   18.8679
    0.0000  -30.0000   45.0000 8047.1807   18.8921
    7.5000  -30.0000   45.0000 7721.2549   18.8764
   -7.5000  -22.5000   45.0000 8618.9502   18.8979
    0.0000  -22.5000   45.0000 9011.5010   18.9243
    7.5000  -22.5000   45.0000 8650.1602   18.9104
   -7.5000  -15.0000   45.0000 9486.8525   18.8771
    0.0000  -15.0000   45.0000 9936.2158   18.9023
    7.5000  -15.0000   45.0000 9516.8477   18.8828
   -7.5000   -7.5000   45.000010315.6045   18.7882
    0.0000   -7.5000   45.000010810.6514   18.8095
    7.5000   -7.5000   45.000010341.3086   18.7818
   -7.5000    0.0000   45.000011070.0488   18.7108
    0.0000    0.0000   45.000011585.9268   18.7294
    7.5000    0.0000   45.000011082.7646   18.6994
   -7.5000    7.5000   45.000010957.7207   18.7304
    0.0000    7.5000   45.000011446.3828   18.7505
    7.5000    7.5000   45.000010943.8672   18.7267
   -7.5000   15.0000   45.000010684.5361   18.8287
    0.0000   15.0000   45.000011132.0029   18.8527
    7.5000   15.0000   45.000010655.6963   18.8370
   -7.5000   22.5000   45.000010351.0068   18.8892
    0.0000   22.5000   45.000010760.3896   18.9155
    7.5000   22.5000   45.000010287.1572   18.9016
   -7.5000   30.0000   45.000010006.3232   18.6312
    0.0000   30.0000   45.000010410.3447   18.6560
    7.5000   30.0000   45.0000 9968.4600   18.6368
   -7.5000   37.5000   45.000010087.3125   18.5434
    0.0000   37.5000   45.000010477.5449   18.5644
    7.5000   37.5000   45.000010050.6357   18.5371
   -7.5000   45.0000   45.0000 9368.1475   18.0432
    0.0000   45.0000   45.0000 9725.7998   18.0612
    7.5000   45.0000   45.0000 9336.4648   18.0322

---------------------------------------------------------------------
imgreg_4dfp /opt/freesurfer/average/711-2C_as_mni_average_305 /opt/freesurfer/average/711-2B_as_mni_average_305_mask talsrcimg_g11 none talsrcimg_to_711-2C_as_mni_average_305_t4 4355
---------------------------------------------------------------------

freesurfer imgreg_4dfp.c
/opt/freesurfer/average/711-2C_as_mni_average_305.4dfp.img
       256       256       256         1
  1.000000  1.000000  1.000000
orientation T byte_order littleendian
Reading image: /opt/freesurfer/average/711-2C_as_mni_average_305.4dfp.img
dimensions:      256       256       256
mmppix:       1.0000   -1.0000   -1.0000
center:     128.0000 -129.0000 -129.0000
/opt/freesurfer/average/711-2B_as_mni_average_305_mask.4dfp.img
       256       256       256         1
  1.000000  1.000000  1.000000
orientation T byte_order littleendian
Reading mask: /opt/freesurfer/average/711-2B_as_mni_average_305_mask.4dfp.img (2306576 pixels)
talsrcimg_g11.4dfp.img
       256       256       256         1
  1.000000  1.000000  1.000000
orientation T byte_order littleendian
Reading image: talsrcimg_g11.4dfp.img
dimensions:      256       256       256
mmppix:       1.0000   -1.0000   -1.0000
center:     128.0000 -129.0000 -129.0000
rotation matrix determinant  1.000000
image alignment mode   4355 decimal     1103 hex
   -7.5000  -45.0000  -45.0000 1656.4773   25.4866
    0.0000  -45.0000  -45.0000 1663.1991   25.5333
    7.5000  -45.0000  -45.0000 1647.2800   25.9473
   -7.5000  -37.5000  -45.0000 1785.1436   22.0138
    0.0000  -37.5000  -45.0000 1787.8693   21.9824
    7.5000  -37.5000  -45.0000 1776.2668   22.3373
   -7.5000  -30.0000  -45.0000 1900.2209   19.5428
    0.0000  -30.0000  -45.0000 1904.3070   19.5062
    7.5000  -30.0000  -45.0000 1887.9441   19.7859
   -7.5000  -22.5000  -45.0000 2011.6044   17.6170
    0.0000  -22.5000  -45.0000 2018.7668   17.5559
    7.5000  -22.5000  -45.0000 1997.1555   17.7637
   -7.5000  -15.0000  -45.0000 2116.7371   15.9655
    0.0000  -15.0000  -45.0000 2124.3855   15.8836
    7.5000  -15.0000  -45.0000 2100.0322   16.0751
   -7.5000   -7.5000  -45.0000 2215.1660   14.6664
    0.0000   -7.5000  -45.0000 2223.3179   14.5958
    7.5000   -7.5000  -45.0000 2200.9280   14.7194
   -7.5000    0.0000  -45.0000 2272.5503   13.7693
    0.0000    0.0000  -45.0000 2279.2524   13.7109
    7.5000    0.0000  -45.0000 2261.5920   13.8173
   -7.5000    7.5000  -45.0000 2301.0522   13.2955
    0.0000    7.5000  -45.0000 2310.5696   13.2144
    7.5000    7.5000  -45.0000 2286.9912   13.3466
   -7.5000   15.0000  -45.0000 2306.6948   13.1098
    0.0000   15.0000  -45.0000 2316.8342   13.0197
    7.5000   15.0000  -45.0000 2293.8074   13.1325
   -7.5000   22.5000  -45.0000 2298.4744   13.1355
    0.0000   22.5000  -45.0000 2307.2200   13.0287
    7.5000   22.5000  -45.0000 2288.3564   13.1626
   -7.5000   30.0000  -45.0000 2267.7715   13.4732
    0.0000   30.0000  -45.0000 2282.0952   13.3577
    7.5000   30.0000  -45.0000 2259.1279   13.5376
   -7.5000   37.5000  -45.0000 2228.4548   14.0604
    0.0000   37.5000  -45.0000 2242.4705   13.9554
    7.5000   37.5000  -45.0000 2217.6331   14.1788
   -7.5000   45.0000  -45.0000 2162.4878   15.0402
    0.0000   45.0000  -45.0000 2172.1216   14.9179
    7.5000   45.0000  -45.0000 2146.2197   15.1717
   -7.5000  -45.0000  -37.5000 1708.6067   23.6328
    0.0000  -45.0000  -37.5000 1715.4678   23.6216
    7.5000  -45.0000  -37.5000 1708.9813   24.0446
   -7.5000  -37.5000  -37.5000 1848.0105   20.3773
    0.0000  -37.5000  -37.5000 1857.0590   20.3733
    7.5000  -37.5000  -37.5000 1842.8828   20.7046
   -7.5000  -30.0000  -37.5000 1974.0125   18.1157
    0.0000  -30.0000  -37.5000 1980.2153   18.1174
    7.5000  -30.0000  -37.5000 1960.7650   18.3602
   -7.5000  -22.5000  -37.5000 2093.9141   16.3141
    0.0000  -22.5000  -37.5000 2098.1877   16.2507
    7.5000  -22.5000  -37.5000 2075.1079   16.4381
   -7.5000  -15.0000  -37.5000 2203.7881   14.7245
    0.0000  -15.0000  -37.5000 2211.2537   14.6787
    7.5000  -15.0000  -37.5000 2187.5696   14.8123
   -7.5000   -7.5000  -37.5000 2308.3086   13.5068
    0.0000   -7.5000  -37.5000 2315.3435   13.4553
    7.5000   -7.5000  -37.5000 2292.5232   13.5793
   -7.5000    0.0000  -37.5000 2368.7000   12.6648
    0.0000    0.0000  -37.5000 2377.5703   12.6548
    7.5000    0.0000  -37.5000 2354.7500   12.7557
   -7.5000    7.5000  -37.5000 2401.1973   12.2526
    0.0000    7.5000  -37.5000 2408.7363   12.2167
    7.5000    7.5000  -37.5000 2385.2808   12.3142
   -7.5000   15.0000  -37.5000 2413.5344   12.1250
    0.0000   15.0000  -37.5000 2429.8833   12.0486
    7.5000   15.0000  -37.5000 2401.2251   12.1428
   -7.5000   22.5000  -37.5000 2407.8225   12.1630
    0.0000   22.5000  -37.5000 2420.0811   12.0823
    7.5000   22.5000  -37.5000 2399.3718   12.1723
   -7.5000   30.0000  -37.5000 2378.8562   12.4836
    0.0000   30.0000  -37.5000 2392.6519   12.3941
    7.5000   30.0000  -37.5000 2366.4839   12.5109
   -7.5000   37.5000  -37.5000 2329.4922   13.0621
    0.0000   37.5000  -37.5000 2344.5161   12.9842
    7.5000   37.5000  -37.5000 2320.4927   13.1319
   -7.5000   45.0000  -37.5000 2253.3826   13.9605
    0.0000   45.0000  -37.5000 2265.5706   13.8838
    7.5000   45.0000  -37.5000 2241.6743   14.0636
   -7.5000  -45.0000  -30.0000 1787.5211   22.8690
    0.0000  -45.0000  -30.0000 1796.0493   22.8167
    7.5000  -45.0000  -30.0000 1784.2047   23.2049
   -7.5000  -37.5000  -30.0000 1938.4282   19.6944
    0.0000  -37.5000  -30.0000 1944.6444   19.6524
    7.5000  -37.5000  -30.0000 1929.9430   19.9823
   -7.5000  -30.0000  -30.0000 2072.3364   17.4538
    0.0000  -30.0000  -30.0000 2077.9524   17.4015
    7.5000  -30.0000  -30.0000 2057.2769   17.6783
   -7.5000  -22.5000  -30.0000 2200.1174   15.6221
    0.0000  -22.5000  -30.0000 2207.1567   15.5765
    7.5000  -22.5000  -30.0000 2184.0481   15.7977
   -7.5000  -15.0000  -30.0000 2322.2317   14.1056
    0.0000  -15.0000  -30.0000 2329.6707   14.0639
    7.5000  -15.0000  -30.0000 2303.0911   14.2436
   -7.5000   -7.5000  -30.0000 2433.1123   12.9014
    0.0000   -7.5000  -30.0000 2445.0439   12.8752
    7.5000   -7.5000  -30.0000 2417.5479   13.0314
   -7.5000    0.0000  -30.0000 2499.7664   12.1130
    0.0000    0.0000  -30.0000 2510.5957   12.1133
    7.5000    0.0000  -30.0000 2488.8606   12.2289
   -7.5000    7.5000  -30.0000 2544.8984   11.7273
    0.0000    7.5000  -30.0000 2555.9055   11.7293
    7.5000    7.5000  -30.0000 2530.3086   11.8052
   -7.5000   15.0000  -30.0000 2569.1658   11.6210
    0.0000   15.0000  -30.0000 2585.7109   11.5645
    7.5000   15.0000  -30.0000 2550.9797   11.6506
   -7.5000   22.5000  -30.0000 2564.6003   11.6572
    0.0000   22.5000  -30.0000 2582.4678   11.6045
    7.5000   22.5000  -30.0000 2552.3210   11.6978
   -7.5000   30.0000  -30.0000 2528.1831   11.9921
    0.0000   30.0000  -30.0000 2548.8994   11.9270
    7.5000   30.0000  -30.0000 2518.0110   12.0017
   -7.5000   37.5000  -30.0000 2470.9333   12.6027
    0.0000   37.5000  -30.0000 2491.5911   12.5410
    7.5000   37.5000  -30.0000 2461.1975   12.6285
   -7.5000   45.0000  -30.0000 2385.8843   13.4656
    0.0000   45.0000  -30.0000 2397.7830   13.4000
    7.5000   45.0000  -30.0000 2371.2271   13.5169
   -7.5000  -45.0000  -22.5000 1842.9996   22.0989
    0.0000  -45.0000  -22.5000 1852.8788   21.9780
    7.5000  -45.0000  -22.5000 1841.0120   22.4619
   -7.5000  -37.5000  -22.5000 2004.5962   19.0232
    0.0000  -37.5000  -22.5000 2011.2339   18.9172
    7.5000  -37.5000  -22.5000 1993.8381   19.2847
   -7.5000  -30.0000  -22.5000 2141.8037   16.7593
    0.0000  -30.0000  -22.5000 2148.5837   16.6890
    7.5000  -30.0000  -22.5000 2126.4819   16.9904
   -7.5000  -22.5000  -22.5000 2274.0342   14.9422
    0.0000  -22.5000  -22.5000 2280.3718   14.8948
    7.5000  -22.5000  -22.5000 2256.5469   15.1411
   -7.5000  -15.0000  -22.5000 2405.0381   13.4666
    0.0000  -15.0000  -22.5000 2412.1467   13.4171
    7.5000  -15.0000  -22.5000 2381.4446   13.6152
   -7.5000   -7.5000  -22.5000 2526.0232   12.3438
    0.0000   -7.5000  -22.5000 2537.2295   12.3321
    7.5000   -7.5000  -22.5000 2506.6592   12.4622
   -7.5000    0.0000  -22.5000 2605.9868   11.5644
    0.0000    0.0000  -22.5000 2618.7573   11.5541
    7.5000    0.0000  -22.5000 2595.7058   11.6759
   -7.5000    7.5000  -22.5000 2662.6497   11.1648
    0.0000    7.5000  -22.5000 2679.1523   11.1770
    7.5000    7.5000  -22.5000 2649.6479   11.2443
   -7.5000   15.0000  -22.5000 2686.4883   11.0612
    0.0000   15.0000  -22.5000 2710.2964   11.0303
    7.5000   15.0000  -22.5000 2675.9854   11.1079
   -7.5000   22.5000  -22.5000 2688.1414   11.1298
    0.0000   22.5000  -22.5000 2710.9126   11.0837
    7.5000   22.5000  -22.5000 2678.1743   11.1613
   -7.5000   30.0000  -22.5000 2656.8862   11.4644
    0.0000   30.0000  -22.5000 2676.0371   11.4091
    7.5000   30.0000  -22.5000 2641.4448   11.4671
   -7.5000   37.5000  -22.5000 2590.6692   12.0901
    0.0000   37.5000  -22.5000 2610.9062   12.0266
    7.5000   37.5000  -22.5000 2576.2261   12.1052
   -7.5000   45.0000  -22.5000 2486.9451   12.9531
    0.0000   45.0000  -22.5000 2503.2058   12.8885
    7.5000   45.0000  -22.5000 2474.5593   12.9910
   -7.5000  -45.0000  -15.0000 1886.3558   21.4984
    0.0000  -45.0000  -15.0000 1891.6012   21.3432
    7.5000  -45.0000  -15.0000 1877.0049   21.7036
   -7.5000  -37.5000  -15.0000 2047.3480   18.4173
    0.0000  -37.5000  -15.0000 2056.6106   18.3105
    7.5000  -37.5000  -15.0000 2032.6565   18.6610
   -7.5000  -30.0000  -15.0000 2180.9548   16.1549
    0.0000  -30.0000  -15.0000 2189.0601   16.0788
    7.5000  -30.0000  -15.0000 2168.5469   16.4357
   -7.5000  -22.5000  -15.0000 2317.0630   14.3820
    0.0000  -22.5000  -15.0000 2324.0979   14.3124
    7.5000  -22.5000  -15.0000 2301.7441   14.5851
   -7.5000  -15.0000  -15.0000 2450.4753   12.9572
    0.0000  -15.0000  -15.0000 2461.4290   12.8808
    7.5000  -15.0000  -15.0000 2431.8574   13.0895
   -7.5000   -7.5000  -15.0000 2578.8667   11.8508
    0.0000   -7.5000  -15.0000 2597.9175   11.8204
    7.5000   -7.5000  -15.0000 2567.1997   11.9668
   -7.5000    0.0000  -15.0000 2680.4773   11.0969
    0.0000    0.0000  -15.0000 2700.9512   11.0626
    7.5000    0.0000  -15.0000 2673.7878   11.2041
   -7.5000    7.5000  -15.0000 2749.4763   10.6655
    0.0000    7.5000  -15.0000 2776.6311   10.6529
    7.5000    7.5000  -15.0000 2741.5759   10.7572
   -7.5000   15.0000  -15.0000 2781.0286   10.5630
    0.0000   15.0000  -15.0000 2809.0740   10.5346
    7.5000   15.0000  -15.0000 2773.2715   10.6150
   -7.5000   22.5000  -15.0000 2784.0505   10.6693
    0.0000   22.5000  -15.0000 2812.9087   10.6156
    7.5000   22.5000  -15.0000 2775.1519   10.6853
   -7.5000   30.0000  -15.0000 2747.6746   11.0014
    0.0000   30.0000  -15.0000 2769.1750   10.9218
    7.5000   30.0000  -15.0000 2735.5273   10.9949
   -7.5000   37.5000  -15.0000 2670.3899   11.6017
    0.0000   37.5000  -15.0000 2690.2656   11.5298
    7.5000   37.5000  -15.0000 2656.2183   11.6278
   -7.5000   45.0000  -15.0000 2555.5544   12.4576
    0.0000   45.0000  -15.0000 2572.3887   12.3943
    7.5000   45.0000  -15.0000 2542.4209   12.5200
   -7.5000  -45.0000   -7.5000 1905.1147   20.9931
    0.0000  -45.0000   -7.5000 1913.4115   20.8227
    7.5000  -45.0000   -7.5000 1898.4480   21.1874
   -7.5000  -37.5000   -7.5000 2062.6897   17.8907
    0.0000  -37.5000   -7.5000 2076.6294   17.7994
    7.5000  -37.5000   -7.5000 2055.7974   18.1408
   -7.5000  -30.0000   -7.5000 2200.1624   15.6555
    0.0000  -30.0000   -7.5000 2211.9834   15.5825
    7.5000  -30.0000   -7.5000 2191.0625   15.9026
   -7.5000  -22.5000   -7.5000 2346.3440   13.9243
    0.0000  -22.5000   -7.5000 2355.8442   13.8506
    7.5000  -22.5000   -7.5000 2329.7637   14.1057
   -7.5000  -15.0000   -7.5000 2478.9866   12.5286
    0.0000  -15.0000   -7.5000 2491.2852   12.4506
    7.5000  -15.0000   -7.5000 2464.7046   12.6618
   -7.5000   -7.5000   -7.5000 2609.8232   11.4387
    0.0000   -7.5000   -7.5000 2632.2554   11.3700
    7.5000   -7.5000   -7.5000 2604.4563   11.5678
   -7.5000    0.0000   -7.5000 2732.9248   10.7146
    0.0000    0.0000   -7.5000 2759.9766   10.6556
    7.5000    0.0000   -7.5000 2727.5791   10.8366
   -7.5000    7.5000   -7.5000 2821.7070   10.2360
    0.0000    7.5000   -7.5000 2854.9907   10.1985
    7.5000    7.5000   -7.5000 2812.7266   10.3812
   -7.5000   15.0000   -7.5000 2861.2312   10.1138
    0.0000   15.0000   -7.5000 2897.6230   10.0513
    7.5000   15.0000   -7.5000 2851.4460   10.2132
   -7.5000   22.5000   -7.5000 2865.1448   10.2778
    0.0000   22.5000   -7.5000 2891.6428   10.2027
    7.5000   22.5000   -7.5000 2851.8418   10.3177
   -7.5000   30.0000   -7.5000 2811.8220   10.6160
    0.0000   30.0000   -7.5000 2836.9546   10.5447
    7.5000   30.0000   -7.5000 2803.2249   10.6391
   -7.5000   37.5000   -7.5000 2720.5586   11.1879
    0.0000   37.5000   -7.5000 2738.7520   11.1353
    7.5000   37.5000   -7.5000 2707.9817   11.2646
   -7.5000   45.0000   -7.5000 2595.2632   12.0274
    0.0000   45.0000   -7.5000 2613.7957   11.9728
    7.5000   45.0000   -7.5000 2584.8242   12.1296
   -7.5000  -45.0000    0.0000 1903.5420   20.8056
    0.0000  -45.0000    0.0000 1918.8663   20.6894
    7.5000  -45.0000    0.0000 1902.7936   21.0507
   -7.5000  -37.5000    0.0000 2067.3696   17.6744
    0.0000  -37.5000    0.0000 2087.8647   17.5528
    7.5000  -37.5000    0.0000 2061.5437   17.9029
   -7.5000  -30.0000    0.0000 2208.7866   15.4396
    0.0000  -30.0000    0.0000 2225.0759   15.2786
    7.5000  -30.0000    0.0000 2204.6628   15.6605
   -7.5000  -22.5000    0.0000 2354.1516   13.7221
    0.0000  -22.5000    0.0000 2367.0896   13.5625
    7.5000  -22.5000    0.0000 2344.5684   13.8717
   -7.5000  -15.0000    0.0000 2486.2803   12.3156
    0.0000  -15.0000    0.0000 2502.8884   12.1874
    7.5000  -15.0000    0.0000 2477.4062   12.4255
   -7.5000   -7.5000    0.0000 2627.0112   11.2256
    0.0000   -7.5000    0.0000 2646.4177   11.0952
    7.5000   -7.5000    0.0000 2617.7122   11.3273
   -7.5000    0.0000    0.0000 2757.6467   10.5000
    0.0000    0.0000    0.0000 2781.7029   10.3907
    7.5000    0.0000    0.0000 2751.6377   10.5981
   -7.5000    7.5000    0.0000 2860.0452    9.9963
    0.0000    7.5000    0.0000 2896.5923    9.8507
    7.5000    7.5000    0.0000 2847.5278   10.1591
   -7.5000   15.0000    0.0000 2918.3560    9.8230
    0.0000   15.0000    0.0000 2946.8699    9.6532
    7.5000   15.0000    0.0000 2899.7642    9.9864
   -7.5000   22.5000    0.0000 2911.4006   10.0071
    0.0000   22.5000    0.0000 2940.3875    9.9107
    7.5000   22.5000    0.0000 2900.0278   10.1324
   -7.5000   30.0000    0.0000 2849.1218   10.4205
    0.0000   30.0000    0.0000 2869.5073   10.3402
    7.5000   30.0000    0.0000 2838.2747   10.5225
   -7.5000   37.5000    0.0000 2746.1868   10.9785
    0.0000   37.5000    0.0000 2762.6228   10.9230
    7.5000   37.5000    0.0000 2734.6675   11.0917
   -7.5000   45.0000    0.0000 2610.6775   11.7640
    0.0000   45.0000    0.0000 2630.2119   11.7059
    7.5000   45.0000    0.0000 2600.6199   11.8819
   -7.5000  -45.0000    7.5000 1891.5312   20.8800
    0.0000  -45.0000    7.5000 1909.9944   20.6201
    7.5000  -45.0000    7.5000 1893.6908   21.0133
   -7.5000  -37.5000    7.5000 2059.0210   17.7431
    0.0000  -37.5000    7.5000 2078.0698   17.5153
    7.5000  -37.5000    7.5000 2057.9053   17.8448
   -7.5000  -30.0000    7.5000 2208.3777   15.5102
    0.0000  -30.0000    7.5000 2224.0928   15.2931
    7.5000  -30.0000    7.5000 2203.6553   15.6224
   -7.5000  -22.5000    7.5000 2352.8235   13.7804
    0.0000  -22.5000    7.5000 2370.4375   13.5683
    7.5000  -22.5000    7.5000 2348.0261   13.8496
   -7.5000  -15.0000    7.5000 2484.8699   12.3707
    0.0000  -15.0000    7.5000 2506.7727   12.1526
    7.5000  -15.0000    7.5000 2483.2488   12.4228
   -7.5000   -7.5000    7.5000 2626.8577   11.2672
    0.0000   -7.5000    7.5000 2652.7537   11.0612
    7.5000   -7.5000    7.5000 2625.4343   11.3391
   -7.5000    0.0000    7.5000 2756.4082   10.4908
    0.0000    0.0000    7.5000 2781.2644   10.2849
    7.5000    0.0000    7.5000 2752.0063   10.5751
   -7.5000    7.5000    7.5000 2857.6497   10.0381
    0.0000    7.5000    7.5000 2883.3135    9.8124
    7.5000    7.5000    7.5000 2848.1287   10.1354
   -7.5000   15.0000    7.5000 2915.2957    9.8947
    0.0000   15.0000    7.5000 2938.0427    9.7214
    7.5000   15.0000    7.5000 2902.5474   10.0476
   -7.5000   22.5000    7.5000 2916.0879   10.0277
    0.0000   22.5000    7.5000 2944.1509    9.9156
    7.5000   22.5000    7.5000 2905.6238   10.1733
   -7.5000   30.0000    7.5000 2850.4146   10.4244
    0.0000   30.0000    7.5000 2872.9790   10.3315
    7.5000   30.0000    7.5000 2837.3215   10.5079
   -7.5000   37.5000    7.5000 2742.1187   10.9680
    0.0000   37.5000    7.5000 2763.7148   10.8816
    7.5000   37.5000    7.5000 2732.6597   11.0430
   -7.5000   45.0000    7.5000 2605.0300   11.7246
    0.0000   45.0000    7.5000 2622.8979   11.6649
    7.5000   45.0000    7.5000 2597.2400   11.8614
   -7.5000  -45.0000   15.0000 1867.2842   21.1726
    0.0000  -45.0000   15.0000 1884.0333   20.8563
    7.5000  -45.0000   15.0000 1869.0492   21.1704
   -7.5000  -37.5000   15.0000 2042.6748   18.0402
    0.0000  -37.5000   15.0000 2059.9656   17.7647
    7.5000  -37.5000   15.0000 2041.5227   18.0522
   -7.5000  -30.0000   15.0000 2197.4968   15.7646
    0.0000  -30.0000   15.0000 2214.3804   15.5102
    7.5000  -30.0000   15.0000 2189.4187   15.7796
   -7.5000  -22.5000   15.0000 2340.7222   13.9804
    0.0000  -22.5000   15.0000 2360.6765   13.7356
    7.5000  -22.5000   15.0000 2335.2014   14.0070
   -7.5000  -15.0000   15.0000 2471.6521   12.5762
    0.0000  -15.0000   15.0000 2495.7637   12.3465
    7.5000  -15.0000   15.0000 2472.6316   12.5963
   -7.5000   -7.5000   15.0000 2606.1091   11.5191
    0.0000   -7.5000   15.0000 2635.7759   11.2887
    7.5000   -7.5000   15.0000 2611.6174   11.5351
   -7.5000    0.0000   15.0000 2728.8386   10.7866
    0.0000    0.0000   15.0000 2756.6816   10.5321
    7.5000    0.0000   15.0000 2731.2969   10.7943
   -7.5000    7.5000   15.0000 2819.0889   10.3368
    0.0000    7.5000   15.0000 2847.2361   10.1511
    7.5000    7.5000   15.0000 2815.4758   10.4019
   -7.5000   15.0000   15.0000 2866.8879   10.2280
    0.0000   15.0000   15.0000 2893.6128   10.0774
    7.5000   15.0000   15.0000 2862.2256   10.3053
   -7.5000   22.5000   15.0000 2859.3806   10.3287
    0.0000   22.5000   15.0000 2890.4539   10.1797
    7.5000   22.5000   15.0000 2857.1162   10.3740
   -7.5000   30.0000   15.0000 2798.6758   10.6385
    0.0000   30.0000   15.0000 2818.7002   10.5299
    7.5000   30.0000   15.0000 2791.9382   10.6587
   -7.5000   37.5000   15.0000 2698.9065   11.1375
    0.0000   37.5000   15.0000 2718.4756   11.0744
    7.5000   37.5000   15.0000 2693.8096   11.1929
   -7.5000   45.0000   15.0000 2568.5381   11.8812
    0.0000   45.0000   15.0000 2588.3589   11.8448
    7.5000   45.0000   15.0000 2564.7346   12.0034
   -7.5000  -45.0000   22.5000 1840.9900   21.6442
    0.0000  -45.0000   22.5000 1855.9431   21.2198
    7.5000  -45.0000   22.5000 1847.1404   21.6297
   -7.5000  -37.5000   22.5000 2017.8304   18.4415
    0.0000  -37.5000   22.5000 2035.4077   18.1283
    7.5000  -37.5000   22.5000 2019.9756   18.4203
   -7.5000  -30.0000   22.5000 2171.5046   16.2101
    0.0000  -30.0000   22.5000 2189.6965   15.8989
    7.5000  -30.0000   22.5000 2170.6335   16.1893
   -7.5000  -22.5000   22.5000 2315.4099   14.4495
    0.0000  -22.5000   22.5000 2337.1853   14.1994
    7.5000  -22.5000   22.5000 2315.7786   14.4303
   -7.5000  -15.0000   22.5000 2449.9270   13.0442
    0.0000  -15.0000   22.5000 2473.7947   12.8433
    7.5000  -15.0000   22.5000 2452.1516   13.0382
   -7.5000   -7.5000   22.5000 2576.1233   11.9940
    0.0000   -7.5000   22.5000 2605.9763   11.8034
    7.5000   -7.5000   22.5000 2581.2007   11.9615
   -7.5000    0.0000   22.5000 2686.6660   11.2521
    0.0000    0.0000   22.5000 2718.8357   11.0399
    7.5000    0.0000   22.5000 2691.2480   11.2250
   -7.5000    7.5000   22.5000 2764.0706   10.7962
    0.0000    7.5000   22.5000 2791.0261   10.6433
    7.5000    7.5000   22.5000 2762.4304   10.8235
   -7.5000   15.0000   22.5000 2799.5293   10.6598
    0.0000   15.0000   22.5000 2823.1145   10.5418
    7.5000   15.0000   22.5000 2797.7563   10.6908
   -7.5000   22.5000   22.5000 2785.9385   10.7208
    0.0000   22.5000   22.5000 2810.0122   10.5982
    7.5000   22.5000   22.5000 2784.6733   10.7420
   -7.5000   30.0000   22.5000 2725.2122   10.9907
    0.0000   30.0000   22.5000 2743.6626   10.8851
    7.5000   30.0000   22.5000 2722.2498   11.0155
   -7.5000   37.5000   22.5000 2628.0830   11.5292
    0.0000   37.5000   22.5000 2651.0132   11.4446
    7.5000   37.5000   22.5000 2628.6316   11.5577
   -7.5000   45.0000   22.5000 2515.5505   12.2725
    0.0000   45.0000   22.5000 2533.4146   12.2006
    7.5000   45.0000   22.5000 2516.8677   12.3437
   -7.5000  -45.0000   30.0000 1812.0741   22.4255
    0.0000  -45.0000   30.0000 1823.3450   22.0975
    7.5000  -45.0000   30.0000 1814.8936   22.4838
   -7.5000  -37.5000   30.0000 1988.7131   19.1665
    0.0000  -37.5000   30.0000 2001.5021   18.8860
    7.5000  -37.5000   30.0000 1988.7814   19.1844
   -7.5000  -30.0000   30.0000 2136.4507   16.9027
    0.0000  -30.0000   30.0000 2155.2910   16.6663
    7.5000  -30.0000   30.0000 2138.3174   16.9048
   -7.5000  -22.5000   30.0000 2275.0774   15.1125
    0.0000  -22.5000   30.0000 2298.7625   14.9268
    7.5000  -22.5000   30.0000 2279.5510   15.1266
   -7.5000  -15.0000   30.0000 2406.6724   13.7122
    0.0000  -15.0000   30.0000 2434.2576   13.5396
    7.5000  -15.0000   30.0000 2411.1450   13.6979
   -7.5000   -7.5000   30.0000 2522.2493   12.6301
    0.0000   -7.5000   30.0000 2556.0674   12.4628
    7.5000   -7.5000   30.0000 2532.9272   12.6008
   -7.5000    0.0000   30.0000 2624.1133   11.8497
    0.0000    0.0000   30.0000 2656.1440   11.6800
    7.5000    0.0000   30.0000 2632.0378   11.8290
   -7.5000    7.5000   30.0000 2687.8267   11.4001
    0.0000    7.5000   30.0000 2716.2800   11.2732
    7.5000    7.5000   30.0000 2694.1824   11.4155
   -7.5000   15.0000   30.0000 2709.3794   11.2719
    0.0000   15.0000   30.0000 2736.7864   11.1504
    7.5000   15.0000   30.0000 2714.4197   11.2962
   -7.5000   22.5000   30.0000 2689.1245   11.2975
    0.0000   22.5000   30.0000 2713.0803   11.1710
    7.5000   22.5000   30.0000 2692.5427   11.3016
   -7.5000   30.0000   30.0000 2635.9246   11.5421
    0.0000   30.0000   30.0000 2654.0088   11.4309
    7.5000   30.0000   30.0000 2633.1406   11.5506
   -7.5000   37.5000   30.0000 2546.6453   12.0341
    0.0000   37.5000   30.0000 2570.2393   11.9559
    7.5000   37.5000   30.0000 2547.8623   12.0796
   -7.5000   45.0000   30.0000 2445.6738   12.7739
    0.0000   45.0000   30.0000 2464.8337   12.7318
    7.5000   45.0000   30.0000 2443.9570   12.8641
   -7.5000  -45.0000   37.5000 1771.8054   23.6079
    0.0000  -45.0000   37.5000 1782.3767   23.2832
    7.5000  -45.0000   37.5000 1774.1259   23.6086
   -7.5000  -37.5000   37.5000 1947.3123   20.2123
    0.0000  -37.5000   37.5000 1960.6198   19.9506
    7.5000  -37.5000   37.5000 1948.4144   20.2549
   -7.5000  -30.0000   37.5000 2090.2471   17.8387
    0.0000  -30.0000   37.5000 2112.2617   17.6453
    7.5000  -30.0000   37.5000 2095.0732   17.8852
   -7.5000  -22.5000   37.5000 2228.4658   15.9980
    0.0000  -22.5000   37.5000 2253.2935   15.8519
    7.5000  -22.5000   37.5000 2236.8003   16.0532
   -7.5000  -15.0000   37.5000 2349.2527   14.5453
    0.0000  -15.0000   37.5000 2376.0964   14.4132
    7.5000  -15.0000   37.5000 2356.3638   14.5447
   -7.5000   -7.5000   37.5000 2457.7273   13.4698
    0.0000   -7.5000   37.5000 2489.7393   13.3255
    7.5000   -7.5000   37.5000 2468.2466   13.4202
   -7.5000    0.0000   37.5000 2546.2988   12.6580
    0.0000    0.0000   37.5000 2576.5349   12.5357
    7.5000    0.0000   37.5000 2555.6960   12.6246
   -7.5000    7.5000   37.5000 2603.3650   12.2043
    0.0000    7.5000   37.5000 2627.0876   12.0838
    7.5000    7.5000   37.5000 2610.1655   12.2075
   -7.5000   15.0000   37.5000 2609.8958   12.0480
    0.0000   15.0000   37.5000 2632.8083   11.9308
    7.5000   15.0000   37.5000 2611.0488   12.0691
   -7.5000   22.5000   37.5000 2588.4238   12.0688
    0.0000   22.5000   37.5000 2606.2932   11.9547
    7.5000   22.5000   37.5000 2585.1140   12.0817
   -7.5000   30.0000   37.5000 2537.0752   12.2872
    0.0000   30.0000   37.5000 2559.6733   12.1746
    7.5000   30.0000   37.5000 2543.4761   12.3033
   -7.5000   37.5000   37.5000 2464.5391   12.7607
    0.0000   37.5000   37.5000 2484.2451   12.6600
    7.5000   37.5000   37.5000 2467.1843   12.7807
   -7.5000   45.0000   37.5000 2368.4194   13.4746
    0.0000   45.0000   37.5000 2382.1738   13.4020
    7.5000   45.0000   37.5000 2365.3242   13.5440
   -7.5000  -45.0000   45.0000 1724.9816   25.2896
    0.0000  -45.0000   45.0000 1732.0698   24.8441
    7.5000  -45.0000   45.0000 1722.1313   25.1998
   -7.5000  -37.5000   45.0000 1894.5403   21.6574
    0.0000  -37.5000   45.0000 1909.0574   21.3849
    7.5000  -37.5000   45.0000 1895.6382   21.7110
   -7.5000  -30.0000   45.0000 2034.2529   19.1381
    0.0000  -30.0000   45.0000 2055.9382   18.9490
    7.5000  -30.0000   45.0000 2040.5847   19.1794
   -7.5000  -22.5000   45.0000 2163.1091   17.1735
    0.0000  -22.5000   45.0000 2190.8120   17.0284
    7.5000  -22.5000   45.0000 2177.1116   17.2059
   -7.5000  -15.0000   45.0000 2278.7153   15.6594
    0.0000  -15.0000   45.0000 2308.6252   15.5135
    7.5000  -15.0000   45.0000 2293.7058   15.6182
   -7.5000   -7.5000   45.0000 2375.9468   14.5070
    0.0000   -7.5000   45.0000 2409.6289   14.3751
    7.5000   -7.5000   45.0000 2393.1987   14.4645
   -7.5000    0.0000   45.0000 2450.6223   13.6601
    0.0000    0.0000   45.0000 2479.0647   13.5481
    7.5000    0.0000   45.0000 2464.6851   13.6220
   -7.5000    7.5000   45.0000 2497.7339   13.2064
    0.0000    7.5000   45.0000 2519.7412   13.0773
    7.5000    7.5000   45.0000 2505.6692   13.1950
   -7.5000   15.0000   45.0000 2499.6543   12.9941
    0.0000   15.0000   45.0000 2518.2832   12.8950
    7.5000   15.0000   45.0000 2502.5422   13.0238
   -7.5000   22.5000   45.0000 2481.9590   12.9957
    0.0000   22.5000   45.0000 2497.4229   12.8901
    7.5000   22.5000   45.0000 2475.8799   13.0144
   -7.5000   30.0000   45.0000 2437.4006   13.2148
    0.0000   30.0000   45.0000 2458.5295   13.0919
    7.5000   30.0000   45.0000 2441.2983   13.1984
   -7.5000   37.5000   45.0000 2372.6604   13.6964
    0.0000   37.5000   45.0000 2388.0669   13.5943
    7.5000   37.5000   45.0000 2375.1438   13.6986
   -7.5000   45.0000   45.0000 2278.0957   14.3807
    0.0000   45.0000   45.0000 2296.4382   14.2921
    7.5000   45.0000   45.0000 2281.7161   14.4402

---------------------------------------------------------------------
imgreg_4dfp /opt/freesurfer/average/711-2C_as_mni_average_305 /opt/freesurfer/average/711-2B_as_mni_average_305_mask talsrcimg_g11 none talsrcimg_to_711-2C_as_mni_average_305_t4 1283
---------------------------------------------------------------------

freesurfer imgreg_4dfp.c
/opt/freesurfer/average/711-2C_as_mni_average_305.4dfp.img
       256       256       256         1
  1.000000  1.000000  1.000000
orientation T byte_order littleendian
Reading image: /opt/freesurfer/average/711-2C_as_mni_average_305.4dfp.img
dimensions:      256       256       256
mmppix:       1.0000   -1.0000   -1.0000
center:     128.0000 -129.0000 -129.0000
/opt/freesurfer/average/711-2B_as_mni_average_305_mask.4dfp.img
       256       256       256         1
  1.000000  1.000000  1.000000
orientation T byte_order littleendian
Reading mask: /opt/freesurfer/average/711-2B_as_mni_average_305_mask.4dfp.img (2306576 pixels)
talsrcimg_g11.4dfp.img
       256       256       256         1
  1.000000  1.000000  1.000000
orientation T byte_order littleendian
Reading image: talsrcimg_g11.4dfp.img
dimensions:      256       256       256
mmppix:       1.0000   -1.0000   -1.0000
center:     128.0000 -129.0000 -129.0000
rotation matrix determinant  1.000000
fimgreg.f
image alignment mode   1283 decimal      503 hex
parameters
    0.0000   15.0000    0.0000    0.0000    0.0000    0.0000
eta,q 0.92592  9.57418
niter,ni,del,rscale     5    3   12.0000    1.2000
parameter  2 -0.796265 -> -0.500000 qaram    1.1500
parameter  4 -1.595544 -> -0.500000 qaram    1.1500
parameter  5  0.505086 ->  0.500000 qaram    1.1500
parameters
   -0.4057   18.4500    0.9561    3.4500   -3.4500    0.1594
eta,q 0.93127  9.67049
  0.0826  0.0874  0.0814  0.0766  0.0696  0.0747
  0.0799  0.0794  0.0763  0.0747  0.0687  0.0717
  0.0775  0.0766  0.0738  0.0740  0.0689  0.0694
  0.0753  0.0752  0.0731  0.0734  0.0697  0.0687
  0.0755  0.0743  0.0741  0.0711  0.0715  0.0697
  0.0797  0.0731  0.0754  0.0695  0.0742  0.0716
  0.0875  0.0713  0.0763  0.0710  0.0780  0.0737
niter,ni,del,rscale     7    3   12.0000    1.2000
parameters
   -0.0984   17.9326    1.1312    3.5847   -3.2397    0.1568
eta,q 0.93058  9.65788
  0.0781  0.0760  0.0736  0.0731  0.0749  0.0747
  0.0739  0.0757  0.0701  0.0726  0.0716  0.0720
  0.0707  0.0732  0.0690  0.0720  0.0697  0.0700
  0.0687  0.0686  0.0694  0.0695  0.0694  0.0694
  0.0690  0.0690  0.0706  0.0692  0.0701  0.0703
  0.0722  0.0741  0.0715  0.0714  0.0714  0.0723
  0.0770  0.0831  0.0715  0.0743  0.0739  0.0743
niter,ni,del,rscale     6    3   12.0000    1.2000
parameters
   -0.1492   17.8470    1.1488    3.5608   -3.2436    0.1330
eta,q 0.93039  9.65512
  0.0775  0.0766  0.0732  0.0730  0.0747  0.0747
  0.0736  0.0759  0.0701  0.0726  0.0715  0.0721
  0.0708  0.0743  0.0691  0.0721  0.0698  0.0701
  0.0694  0.0694  0.0696  0.0696  0.0696  0.0696
  0.0699  0.0685  0.0708  0.0694  0.0704  0.0705
  0.0734  0.0730  0.0715  0.0717  0.0718  0.0724
  0.0784  0.0811  0.0717  0.0746  0.0744  0.0745
niter,ni,del,rscale     5    3   12.0000    1.2000
parameters
   -0.1586   17.8568    1.1402    3.5359   -3.2366    0.1239
eta,q 0.93039  9.65599
  0.0777  0.0767  0.0732  0.0730  0.0748  0.0748
  0.0738  0.0759  0.0701  0.0726  0.0715  0.0721
  0.0710  0.0744  0.0691  0.0721  0.0698  0.0701
  0.0696  0.0696  0.0696  0.0696  0.0696  0.0696
  0.0700  0.0684  0.0708  0.0694  0.0703  0.0705
  0.0734  0.0728  0.0715  0.0717  0.0718  0.0724
  0.0784  0.0807  0.0717  0.0746  0.0744  0.0745
registration optimization eta report
parameter search radius
    6.0000    6.9000    6.0000    6.9000    6.9000    6.0000
100000*second partial in parameter space
       23.       18.        8.        8.       11.       14.
  0.0777  0.0767  0.0732  0.0730  0.0748  0.0748
  0.0738  0.0759  0.0701  0.0726  0.0715  0.0721
  0.0710  0.0744  0.0691  0.0721  0.0698  0.0701
  0.0696  0.0696  0.0696  0.0696  0.0696  0.0696
  0.0700  0.0684  0.0708  0.0694  0.0703  0.0705
  0.0734  0.0728  0.0715  0.0717  0.0718  0.0724
  0.0784  0.0807  0.0717  0.0746  0.0744  0.0745
   -0.1586   17.8568    1.1402    3.5359   -3.2366    0.1239
eta,q 0.93039  9.65599

---------------------------------------------------------------------
imgreg_4dfp /opt/freesurfer/average/711-2C_as_mni_average_305 /opt/freesurfer/average/711-2B_as_mni_average_305_mask talsrcimg_g11 none talsrcimg_to_711-2C_as_mni_average_305_t4 3335
---------------------------------------------------------------------

freesurfer imgreg_4dfp.c
/opt/freesurfer/average/711-2C_as_mni_average_305.4dfp.img
       256       256       256         1
  1.000000  1.000000  1.000000
orientation T byte_order littleendian
Reading image: /opt/freesurfer/average/711-2C_as_mni_average_305.4dfp.img
dimensions:      256       256       256
mmppix:       1.0000   -1.0000   -1.0000
center:     128.0000 -129.0000 -129.0000
/opt/freesurfer/average/711-2B_as_mni_average_305_mask.4dfp.img
       256       256       256         1
  1.000000  1.000000  1.000000
orientation T byte_order littleendian
Reading mask: /opt/freesurfer/average/711-2B_as_mni_average_305_mask.4dfp.img (2306576 pixels)
talsrcimg_g11.4dfp.img
       256       256       256         1
  1.000000  1.000000  1.000000
orientation T byte_order littleendian
Reading image: talsrcimg_g11.4dfp.img
dimensions:      256       256       256
mmppix:       1.0000   -1.0000   -1.0000
center:     128.0000 -129.0000 -129.0000
fimgreg.f
image alignment mode   3335 decimal      D07 hex
parameters
   -0.1586   17.8568    1.1402   -0.1597   -0.1899   -0.3496
    0.1324    5.6484    0.2159   -6.1553   -5.6459    6.1576
eta,q 0.93224  9.57756
niter,ni,del,rscale     5    3    5.0000    1.2000
parameter  4  5.631894 ->  0.500000 qaram    1.1500
parameter  5  2.969373 ->  0.500000 qaram    1.1500
parameter  6  3.619581 ->  0.500000 qaram    1.1500
parameter 12  1.483388 ->  0.500000 qaram    1.1500
parameters
    0.1512   17.9911    2.3389   -4.2997   -4.3299   -4.4896
   -1.6635    5.7733   -0.0800   -4.8110   -5.0928    2.0176
eta,q 0.95313  8.89199
  0.0694  0.0694  0.0691  0.0574  0.0519  0.0450  0.0489  0.0516  0.0494  0.0514  0.0492  0.0464
  0.0685  0.0686  0.0683  0.0603  0.0548  0.0473  0.0484  0.0496  0.0487  0.0498  0.0485  0.0467
  0.0680  0.0680  0.0679  0.0639  0.0578  0.0512  0.0482  0.0484  0.0483  0.0488  0.0481  0.0473
  0.0678  0.0677  0.0677  0.0677  0.0613  0.0557  0.0483  0.0481  0.0482  0.0481  0.0479  0.0479
  0.0678  0.0678  0.0677  0.0715  0.0654  0.0597  0.0487  0.0485  0.0483  0.0479  0.0480  0.0488
  0.0681  0.0683  0.0676  0.0756  0.0699  0.0644  0.0493  0.0496  0.0488  0.0483  0.0483  0.0498
  0.0687  0.0691  0.0677  0.0798  0.0746  0.0693  0.0502  0.0512  0.0496  0.0497  0.0488  0.0509
niter,ni,del,rscale     7    3    5.0000    1.2000
parameter  4  1.492799 ->  0.500000 qaram    1.3225
parameter  5  2.695025 ->  0.500000 qaram    1.3225
parameter  6  0.658045 ->  0.500000 qaram    1.3225
parameters
    0.5391   18.7003    2.5331   -9.0607   -9.0909   -9.2506
   -0.1779    6.3269    0.3794   -4.5761   -5.7701   -1.6952
eta,q 0.96639  8.55241
  0.0497  0.0492  0.0488  0.0398  0.0325  0.0345  0.0370  0.0395  0.0361  0.0374  0.0351  0.0340
  0.0484  0.0480  0.0477  0.0408  0.0353  0.0341  0.0357  0.0371  0.0349  0.0357  0.0344  0.0337
  0.0474  0.0472  0.0470  0.0432  0.0381  0.0343  0.0347  0.0351  0.0342  0.0344  0.0340  0.0336
  0.0469  0.0468  0.0467  0.0467  0.0413  0.0360  0.0341  0.0340  0.0339  0.0339  0.0339  0.0339
  0.0468  0.0467  0.0468  0.0512  0.0448  0.0404  0.0340  0.0341  0.0340  0.0343  0.0342  0.0344
  0.0473  0.0469  0.0473  0.0560  0.0491  0.0455  0.0344  0.0357  0.0346  0.0354  0.0348  0.0352
  0.0484  0.0474  0.0482  0.0610  0.0540  0.0511  0.0354  0.0384  0.0356  0.0370  0.0357  0.0362
niter,ni,del,rscale     7    3    5.0000    1.2000
parameter  5  1.722145 ->  0.500000 qaram    1.5209
parameters
    0.4621   18.5757    2.3400  -12.8717  -14.5661   -9.8881
    0.5838    6.8607    1.1009   -3.9998   -7.1930   -5.2252
eta,q 0.97187  8.32758
  0.0367  0.0352  0.0348  0.0346  0.0274  0.0318  0.0314  0.0324  0.0309  0.0327  0.0289  0.0287
  0.0350  0.0343  0.0341  0.0340  0.0279  0.0304  0.0300  0.0305  0.0297  0.0306  0.0286  0.0282
  0.0339  0.0338  0.0337  0.0334  0.0304  0.0293  0.0291  0.0292  0.0289  0.0291  0.0285  0.0281
  0.0336  0.0336  0.0336  0.0336  0.0335  0.0284  0.0286  0.0286  0.0285  0.0285  0.0285  0.0284
  0.0341  0.0339  0.0338  0.0357  0.0367  0.0278  0.0287  0.0286  0.0286  0.0288  0.0286  0.0291
  0.0353  0.0345  0.0344  0.0397  0.0402  0.0297  0.0293  0.0295  0.0291  0.0298  0.0289  0.0300
  0.0371  0.0356  0.0353  0.0448  0.0445  0.0349  0.0305  0.0316  0.0302  0.0315  0.0294  0.0310
niter,ni,del,rscale     7    3    5.0000    1.2000
parameters
    0.6256   18.4688    1.9335  -13.0483  -19.6176   -8.8516
    0.3499    7.2649    2.1609   -2.7481   -7.2312   -5.0203
eta,q 0.97303  8.20456
  0.0311  0.0308  0.0288  0.0309  0.0292  0.0310  0.0291  0.0307  0.0290  0.0303  0.0277  0.0283
  0.0295  0.0292  0.0284  0.0297  0.0280  0.0294  0.0280  0.0288  0.0281  0.0285  0.0273  0.0275
  0.0285  0.0283  0.0281  0.0288  0.0271  0.0282  0.0273  0.0277  0.0274  0.0274  0.0271  0.0271
  0.0281  0.0281  0.0281  0.0281  0.0281  0.0274  0.0271  0.0271  0.0271  0.0270  0.0270  0.0270
  0.0283  0.0286  0.0283  0.0277  0.0316  0.0264  0.0274  0.0272  0.0270  0.0270  0.0270  0.0271
  0.0290  0.0297  0.0288  0.0289  0.0357  0.0268  0.0281  0.0281  0.0274  0.0275  0.0273  0.0275
  0.0304  0.0312  0.0296  0.0322  0.0397  0.0307  0.0293  0.0302  0.0282  0.0285  0.0277  0.0281
niter,ni,del,rscale     6    3    5.0000    1.2000
parameters
    0.6635   19.2858    1.9531  -12.0416  -21.1095   -9.3228
    0.4473    7.0319    2.6971   -0.9771   -8.1281   -5.2922
eta,q 0.97323  8.16027
  0.0296  0.0307  0.0277  0.0298  0.0301  0.0300  0.0289  0.0299  0.0283  0.0294  0.0273  0.0279
  0.0282  0.0289  0.0272  0.0286  0.0286  0.0286  0.0279  0.0283  0.0276  0.0280  0.0270  0.0272
  0.0273  0.0277  0.0269  0.0277  0.0274  0.0276  0.0272  0.0273  0.0272  0.0273  0.0268  0.0269
  0.0270  0.0270  0.0267  0.0268  0.0264  0.0268  0.0269  0.0269  0.0269  0.0269  0.0268  0.0268
  0.0272  0.0268  0.0268  0.0261  0.0269  0.0260  0.0271  0.0272  0.0270  0.0268  0.0269  0.0269
  0.0281  0.0270  0.0271  0.0268  0.0301  0.0278  0.0277  0.0284  0.0273  0.0270  0.0272  0.0273
  0.0294  0.0276  0.0277  0.0296  0.0340  0.0325  0.0289  0.0306  0.0280  0.0277  0.0277  0.0280
niter,ni,del,rscale     5    3    5.0000    1.2000
parameters
    0.6017   19.9248    1.6523  -12.6558  -22.3260   -9.9174
    0.5250    6.9924    3.5114    1.0361   -9.1279   -5.6466
eta,q 0.97309  8.06800
  0.0291  0.0296  0.0274  0.0290  0.0300  0.0296  0.0289  0.0297  0.0286  0.0293  0.0273  0.0279
  0.0278  0.0282  0.0269  0.0281  0.0286  0.0284  0.0280  0.0283  0.0279  0.0282  0.0270  0.0273
  0.0270  0.0273  0.0267  0.0274  0.0276  0.0276  0.0274  0.0275  0.0274  0.0275  0.0269  0.0270
  0.0268  0.0268  0.0267  0.0267  0.0268  0.0270  0.0271  0.0271  0.0271  0.0271  0.0269  0.0269
  0.0271  0.0267  0.0268  0.0264  0.0269  0.0263  0.0273  0.0273  0.0271  0.0269  0.0270  0.0271
  0.0280  0.0270  0.0272  0.0276  0.0294  0.0277  0.0279  0.0281  0.0275  0.0271  0.0273  0.0275
  0.0294  0.0276  0.0279  0.0310  0.0331  0.0321  0.0289  0.0299  0.0281  0.0277  0.0277  0.0281
niter,ni,del,rscale     4    3    5.0000    1.2000
parameters
    0.5504   20.6533    1.0741  -13.3412  -23.5050  -10.8864
    0.2072    7.1939    3.2180    2.9696   -8.0840   -6.1219
eta,q 0.97308  7.95809
  0.0290  0.0299  0.0272  0.0287  0.0299  0.0290  0.0286  0.0295  0.0283  0.0293  0.0275  0.0278
  0.0278  0.0285  0.0269  0.0278  0.0284  0.0279  0.0278  0.0281  0.0276  0.0283  0.0272  0.0273
  0.0271  0.0275  0.0267  0.0272  0.0275  0.0273  0.0273  0.0274  0.0272  0.0275  0.0270  0.0270
  0.0269  0.0269  0.0268  0.0267  0.0268  0.0270  0.0271  0.0271  0.0271  0.0271  0.0269  0.0269
  0.0272  0.0268  0.0270  0.0264  0.0269  0.0265  0.0274  0.0272  0.0273  0.0269  0.0269  0.0271
  0.0280  0.0270  0.0274  0.0274  0.0291  0.0276  0.0280  0.0278  0.0278  0.0271  0.0270  0.0275
  0.0292  0.0276  0.0281  0.0305  0.0327  0.0319  0.0289  0.0293  0.0285  0.0278  0.0273  0.0280
niter,ni,del,rscale     3    3    5.0000    1.2000
parameters
    0.6450   21.3679    0.2832  -13.6620  -24.4561  -11.8686
   -0.2731    7.5351    2.0159    4.5475   -6.4422   -6.4860
eta,q 0.97336  7.86420
  0.0290  0.0298  0.0271  0.0284  0.0298  0.0286  0.0282  0.0292  0.0279  0.0292  0.0274  0.0275
  0.0279  0.0284  0.0268  0.0275  0.0282  0.0275  0.0274  0.0280  0.0271  0.0280  0.0270  0.0271
  0.0272  0.0275  0.0267  0.0271  0.0272  0.0269  0.0270  0.0272  0.0268  0.0272  0.0268  0.0267
  0.0269  0.0269  0.0268  0.0267  0.0267  0.0268  0.0269  0.0269  0.0268  0.0268  0.0267  0.0266
  0.0271  0.0268  0.0270  0.0264  0.0268  0.0264  0.0271  0.0269  0.0272  0.0267  0.0266  0.0268
  0.0277  0.0270  0.0275  0.0270  0.0285  0.0273  0.0277  0.0275  0.0279  0.0270  0.0267  0.0272
  0.0287  0.0276  0.0281  0.0295  0.0320  0.0311  0.0286  0.0290  0.0288  0.0278  0.0269  0.0277
niter,ni,del,rscale     2    3    5.0000    1.2000
parameters
    0.7028   21.8882   -0.1095  -13.8984  -25.1327  -12.3522
   -0.4862    7.6057    1.2277    5.4604   -5.9375   -6.7951
eta,q 0.97344  7.80787
  0.0287  0.0293  0.0271  0.0281  0.0297  0.0285  0.0281  0.0289  0.0279  0.0289  0.0272  0.0275
  0.0276  0.0279  0.0268  0.0272  0.0281  0.0274  0.0273  0.0277  0.0271  0.0277  0.0269  0.0270
  0.0269  0.0271  0.0266  0.0268  0.0270  0.0267  0.0268  0.0269  0.0267  0.0269  0.0267  0.0267
  0.0266  0.0266  0.0266  0.0266  0.0266  0.0266  0.0266  0.0266  0.0266  0.0266  0.0266  0.0266
  0.0268  0.0266  0.0268  0.0263  0.0267  0.0263  0.0269  0.0267  0.0270  0.0266  0.0266  0.0267
  0.0274  0.0270  0.0271  0.0268  0.0281  0.0268  0.0274  0.0274  0.0277  0.0271  0.0267  0.0271
  0.0285  0.0276  0.0277  0.0288  0.0313  0.0300  0.0283  0.0290  0.0286  0.0279  0.0270  0.0277
niter,ni,del,rscale     1    3    5.0000    1.2000
parameters
    0.6965   22.1830   -0.2662  -14.1050  -25.4902  -12.5983
   -0.5154    7.6101    0.9820    5.9287   -5.8387   -7.0151
eta,q 0.97344  7.77709
  0.0285  0.0288  0.0273  0.0280  0.0298  0.0285  0.0281  0.0288  0.0282  0.0286  0.0271  0.0275
  0.0274  0.0276  0.0268  0.0271  0.0282  0.0273  0.0273  0.0276  0.0273  0.0275  0.0268  0.0270
  0.0268  0.0269  0.0266  0.0267  0.0270  0.0267  0.0267  0.0269  0.0267  0.0268  0.0266  0.0267
  0.0266  0.0266  0.0265  0.0265  0.0265  0.0266  0.0266  0.0266  0.0266  0.0266  0.0266  0.0266
  0.0268  0.0266  0.0267  0.0264  0.0267  0.0263  0.0268  0.0266  0.0268  0.0267  0.0266  0.0267
  0.0274  0.0271  0.0270  0.0268  0.0280  0.0266  0.0273  0.0274  0.0275  0.0272  0.0268  0.0271
  0.0285  0.0279  0.0275  0.0286  0.0308  0.0295  0.0281  0.0290  0.0284  0.0281  0.0271  0.0277
registration optimization eta report
parameter search radius
    2.4000    2.4000    2.4000    9.5220   10.9503    9.5220
    7.2000    7.2000    7.2000    7.2000    7.2000    8.2800
100000*second partial in parameter space
       33.       31.       14.        2.        3.        3.
        3.        5.        3.        4.        1.        2.
  0.0285  0.0288  0.0273  0.0280  0.0298  0.0285  0.0281  0.0288  0.0282  0.0286  0.0271  0.0275
  0.0274  0.0276  0.0268  0.0271  0.0282  0.0273  0.0273  0.0276  0.0273  0.0275  0.0268  0.0270
  0.0268  0.0269  0.0266  0.0267  0.0270  0.0267  0.0267  0.0269  0.0267  0.0268  0.0266  0.0267
  0.0266  0.0266  0.0265  0.0265  0.0265  0.0266  0.0266  0.0266  0.0266  0.0266  0.0266  0.0266
  0.0268  0.0266  0.0267  0.0264  0.0267  0.0263  0.0268  0.0266  0.0268  0.0267  0.0266  0.0267
  0.0274  0.0271  0.0270  0.0268  0.0280  0.0266  0.0273  0.0274  0.0275  0.0272  0.0268  0.0271
  0.0285  0.0279  0.0275  0.0286  0.0308  0.0295  0.0281  0.0290  0.0284  0.0281  0.0271  0.0277
    0.6965   22.1830   -0.2662  -14.1050  -25.4902  -12.5983
   -0.5154    7.6101    0.9820    5.9287   -5.8387   -7.0151
eta,q 0.97344  7.77709

---------------------------------------------------------------------
imgreg_4dfp /opt/freesurfer/average/711-2C_as_mni_average_305 /opt/freesurfer/average/711-2B_as_mni_average_305_mask talsrcimg_g11 none talsrcimg_to_711-2C_as_mni_average_305_t4 2311
---------------------------------------------------------------------

freesurfer imgreg_4dfp.c
/opt/freesurfer/average/711-2C_as_mni_average_305.4dfp.img
       256       256       256         1
  1.000000  1.000000  1.000000
orientation T byte_order littleendian
Reading image: /opt/freesurfer/average/711-2C_as_mni_average_305.4dfp.img
dimensions:      256       256       256
mmppix:       1.0000   -1.0000   -1.0000
center:     128.0000 -129.0000 -129.0000
/opt/freesurfer/average/711-2B_as_mni_average_305_mask.4dfp.img
       256       256       256         1
  1.000000  1.000000  1.000000
orientation T byte_order littleendian
Reading mask: /opt/freesurfer/average/711-2B_as_mni_average_305_mask.4dfp.img (2306576 pixels)
talsrcimg_g11.4dfp.img
       256       256       256         1
  1.000000  1.000000  1.000000
orientation T byte_order littleendian
Reading image: talsrcimg_g11.4dfp.img
dimensions:      256       256       256
mmppix:       1.0000   -1.0000   -1.0000
center:     128.0000 -129.0000 -129.0000
fimgreg.f
image alignment mode   2311 decimal      907 hex
parameters
    0.6965   22.1830   -0.2662  -14.1050  -25.4902  -12.5983
   -0.5154    7.6101    0.9820    5.9287   -5.8387   -7.0151
eta,q 0.97344  7.77709
niter,ni,del,rscale     5    3    5.0000    0.8000
parameter  4 -0.708085 -> -0.500000 qaram    1.1500
parameter  6 -1.190494 -> -0.500000 qaram    1.1500
parameters
    0.6585   22.2934   -0.3344  -11.3450  -23.5422   -9.8383
   -0.2646    7.4329    1.2226    6.2705   -6.5428   -8.4032
eta,q 0.97407  8.06296
  0.0274  0.0274  0.0269  0.0269  0.0274  0.0270  0.0268  0.0277  0.0268  0.0270  0.0263  0.0261
  0.0269  0.0270  0.0267  0.0267  0.0270  0.0266  0.0264  0.0268  0.0264  0.0266  0.0261  0.0260
  0.0266  0.0267  0.0266  0.0266  0.0266  0.0264  0.0261  0.0262  0.0261  0.0262  0.0260  0.0259
  0.0266  0.0266  0.0266  0.0266  0.0264  0.0263  0.0260  0.0260  0.0260  0.0260  0.0260  0.0260
  0.0267  0.0266  0.0266  0.0265  0.0263  0.0262  0.0260  0.0262  0.0260  0.0260  0.0261  0.0261
  0.0270  0.0268  0.0267  0.0264  0.0263  0.0259  0.0263  0.0269  0.0263  0.0263  0.0263  0.0263
  0.0274  0.0272  0.0270  0.0265  0.0265  0.0260  0.0267  0.0281  0.0267  0.0269  0.0266  0.0266
niter,ni,del,rscale     6    3    5.0000    0.9000
parameters
    0.6666   21.9594   -0.2058  -12.3243  -23.2961  -10.5732
   -0.1958    7.6700    1.6884    6.0290   -6.7507   -7.8595
eta,q 0.97393  8.01893
  0.0273  0.0266  0.0266  0.0267  0.0269  0.0269  0.0271  0.0280  0.0272  0.0271  0.0265  0.0266
  0.0266  0.0261  0.0262  0.0264  0.0265  0.0265  0.0265  0.0271  0.0266  0.0266  0.0263  0.0264
  0.0261  0.0259  0.0260  0.0261  0.0262  0.0263  0.0262  0.0265  0.0263  0.0262  0.0261  0.0262
  0.0259  0.0259  0.0259  0.0259  0.0259  0.0259  0.0261  0.0261  0.0261  0.0261  0.0261  0.0261
  0.0261  0.0262  0.0259  0.0260  0.0259  0.0257  0.0262  0.0262  0.0261  0.0262  0.0261  0.0261
  0.0265  0.0267  0.0261  0.0266  0.0262  0.0264  0.0265  0.0267  0.0264  0.0266  0.0263  0.0262
  0.0273  0.0274  0.0264  0.0280  0.0269  0.0285  0.0270  0.0279  0.0269  0.0274  0.0266  0.0265
niter,ni,del,rscale     5    3    5.0000    0.8000
parameters
    0.7251   21.9093   -0.4108  -12.0310  -23.0268  -10.5552
   -0.2931    7.7770    1.8057    6.0220   -6.8954   -7.9744
eta,q 0.97400  8.04208
  0.0271  0.0269  0.0264  0.0269  0.0268  0.0267  0.0267  0.0277  0.0268  0.0269  0.0264  0.0264
  0.0266  0.0264  0.0262  0.0266  0.0265  0.0264  0.0263  0.0269  0.0264  0.0265  0.0262  0.0262
  0.0262  0.0261  0.0261  0.0263  0.0262  0.0263  0.0261  0.0263  0.0261  0.0262  0.0260  0.0261
  0.0261  0.0261  0.0261  0.0261  0.0260  0.0260  0.0260  0.0260  0.0260  0.0260  0.0260  0.0260
  0.0261  0.0262  0.0261  0.0260  0.0260  0.0257  0.0261  0.0261  0.0261  0.0260  0.0261  0.0260
  0.0265  0.0265  0.0263  0.0262  0.0262  0.0260  0.0264  0.0266  0.0263  0.0264  0.0262  0.0262
  0.0270  0.0270  0.0266  0.0269  0.0268  0.0272  0.0268  0.0277  0.0267  0.0270  0.0264  0.0264
niter,ni,del,rscale     4    3    5.0000    0.7000
parameters
    0.7609   21.9094   -0.4287  -11.7782  -22.7712  -10.0906
   -0.3992    7.8532    1.8408    6.0830   -7.0829   -8.3679
eta,q 0.97414  8.07812
  0.0268  0.0267  0.0263  0.0267  0.0266  0.0266  0.0265  0.0273  0.0265  0.0266  0.0262  0.0261
  0.0264  0.0263  0.0261  0.0264  0.0263  0.0264  0.0261  0.0266  0.0261  0.0263  0.0260  0.0260
  0.0261  0.0261  0.0260  0.0262  0.0261  0.0262  0.0259  0.0261  0.0259  0.0260  0.0259  0.0259
  0.0260  0.0260  0.0260  0.0260  0.0260  0.0260  0.0259  0.0259  0.0259  0.0259  0.0259  0.0259
  0.0261  0.0261  0.0260  0.0260  0.0260  0.0257  0.0259  0.0260  0.0259  0.0259  0.0259  0.0259
  0.0263  0.0263  0.0262  0.0262  0.0261  0.0258  0.0262  0.0264  0.0261  0.0262  0.0261  0.0260
  0.0268  0.0267  0.0263  0.0267  0.0266  0.0267  0.0265  0.0273  0.0265  0.0267  0.0263  0.0262
niter,ni,del,rscale     3    3    5.0000    0.6000
parameters
    0.7834   21.8730   -0.3746  -11.6349  -22.4958   -9.5747
   -0.5166    7.9290    1.8881    6.0438   -7.2410   -8.7744
eta,q 0.97427  8.11195
  0.0265  0.0263  0.0262  0.0264  0.0264  0.0264  0.0262  0.0269  0.0262  0.0263  0.0260  0.0259
  0.0262  0.0261  0.0260  0.0262  0.0261  0.0263  0.0259  0.0263  0.0259  0.0260  0.0259  0.0258
  0.0259  0.0259  0.0259  0.0260  0.0260  0.0261  0.0258  0.0259  0.0258  0.0258  0.0258  0.0258
  0.0259  0.0259  0.0259  0.0259  0.0258  0.0258  0.0257  0.0257  0.0257  0.0257  0.0257  0.0257
  0.0259  0.0259  0.0259  0.0259  0.0258  0.0256  0.0258  0.0258  0.0258  0.0258  0.0258  0.0258
  0.0261  0.0261  0.0260  0.0260  0.0260  0.0257  0.0260  0.0262  0.0259  0.0260  0.0259  0.0259
  0.0265  0.0264  0.0261  0.0265  0.0263  0.0264  0.0262  0.0269  0.0262  0.0264  0.0261  0.0260
niter,ni,del,rscale     2    3    5.0000    0.5000
parameters
    0.7876   21.8153   -0.2759  -11.5204  -22.1968   -9.0103
   -0.6462    7.9704    1.8994    5.9208   -7.3382   -9.2734
eta,q 0.97440  8.14633
  0.0262  0.0260  0.0260  0.0262  0.0261  0.0263  0.0259  0.0265  0.0259  0.0260  0.0258  0.0257
  0.0259  0.0259  0.0259  0.0260  0.0259  0.0262  0.0257  0.0261  0.0258  0.0258  0.0257  0.0256
  0.0258  0.0258  0.0258  0.0258  0.0258  0.0260  0.0256  0.0257  0.0256  0.0257  0.0256  0.0256
  0.0257  0.0257  0.0257  0.0257  0.0257  0.0257  0.0256  0.0256  0.0256  0.0256  0.0256  0.0256
  0.0258  0.0258  0.0257  0.0257  0.0257  0.0255  0.0257  0.0257  0.0256  0.0257  0.0256  0.0256
  0.0259  0.0259  0.0258  0.0259  0.0258  0.0257  0.0258  0.0260  0.0257  0.0258  0.0257  0.0257
  0.0262  0.0261  0.0259  0.0262  0.0260  0.0262  0.0260  0.0265  0.0259  0.0262  0.0259  0.0258
niter,ni,del,rscale     1    3    5.0000    0.4000
parameters
    0.7818   21.7576   -0.1394  -11.4554  -21.8881   -8.4734
   -0.7666    7.9880    1.8957    5.7424   -7.4020   -9.7543
eta,q 0.97450  8.17733
  0.0259  0.0258  0.0258  0.0259  0.0259  0.0262  0.0257  0.0261  0.0257  0.0258  0.0257  0.0256
  0.0257  0.0257  0.0257  0.0258  0.0258  0.0260  0.0256  0.0258  0.0256  0.0256  0.0256  0.0255
  0.0256  0.0256  0.0256  0.0257  0.0257  0.0258  0.0255  0.0256  0.0255  0.0255  0.0255  0.0255
  0.0256  0.0256  0.0256  0.0256  0.0256  0.0256  0.0255  0.0255  0.0255  0.0255  0.0255  0.0255
  0.0256  0.0256  0.0256  0.0256  0.0256  0.0255  0.0255  0.0256  0.0255  0.0256  0.0255  0.0255
  0.0257  0.0257  0.0256  0.0257  0.0256  0.0256  0.0256  0.0258  0.0256  0.0257  0.0256  0.0256
  0.0259  0.0259  0.0257  0.0259  0.0258  0.0260  0.0258  0.0262  0.0257  0.0259  0.0257  0.0257
registration optimization eta report
parameter search radius
    0.8000    0.8000    0.8000    2.7600    2.4000    2.7600
    2.4000    2.4000    2.4000    2.4000    2.4000    2.4000
100000*second partial in parameter space
       47.       37.       26.        4.        4.        6.
        4.       11.        4.        6.        3.        2.
  0.0259  0.0258  0.0258  0.0259  0.0259  0.0262  0.0257  0.0261  0.0257  0.0258  0.0257  0.0256
  0.0257  0.0257  0.0257  0.0258  0.0258  0.0260  0.0256  0.0258  0.0256  0.0256  0.0256  0.0255
  0.0256  0.0256  0.0256  0.0257  0.0257  0.0258  0.0255  0.0256  0.0255  0.0255  0.0255  0.0255
  0.0256  0.0256  0.0256  0.0256  0.0256  0.0256  0.0255  0.0255  0.0255  0.0255  0.0255  0.0255
  0.0256  0.0256  0.0256  0.0256  0.0256  0.0255  0.0255  0.0256  0.0255  0.0256  0.0255  0.0255
  0.0257  0.0257  0.0256  0.0257  0.0256  0.0256  0.0256  0.0258  0.0256  0.0257  0.0256  0.0256
  0.0259  0.0259  0.0257  0.0259  0.0258  0.0260  0.0258  0.0262  0.0257  0.0259  0.0257  0.0257
    0.7818   21.7576   -0.1394  -11.4554  -21.8881   -8.4734
   -0.7666    7.9880    1.8957    5.7424   -7.4020   -9.7543
eta,q 0.97450  8.17733

---------------------------------------------------------------------
imgreg_4dfp /opt/freesurfer/average/711-2C_as_mni_average_305 /opt/freesurfer/average/711-2B_as_mni_average_305_mask talsrcimg_g11 none talsrcimg_to_711-2C_as_mni_average_305_t4 2311
---------------------------------------------------------------------

freesurfer imgreg_4dfp.c
/opt/freesurfer/average/711-2C_as_mni_average_305.4dfp.img
       256       256       256         1
  1.000000  1.000000  1.000000
orientation T byte_order littleendian
Reading image: /opt/freesurfer/average/711-2C_as_mni_average_305.4dfp.img
dimensions:      256       256       256
mmppix:       1.0000   -1.0000   -1.0000
center:     128.0000 -129.0000 -129.0000
/opt/freesurfer/average/711-2B_as_mni_average_305_mask.4dfp.img
       256       256       256         1
  1.000000  1.000000  1.000000
orientation T byte_order littleendian
Reading mask: /opt/freesurfer/average/711-2B_as_mni_average_305_mask.4dfp.img (2306576 pixels)
talsrcimg_g11.4dfp.img
       256       256       256         1
  1.000000  1.000000  1.000000
orientation T byte_order littleendian
Reading image: talsrcimg_g11.4dfp.img
dimensions:      256       256       256
mmppix:       1.0000   -1.0000   -1.0000
center:     128.0000 -129.0000 -129.0000
fimgreg.f
image alignment mode   2311 decimal      907 hex
parameters
    0.7818   21.7576   -0.1394  -11.4554  -21.8881   -8.4734
   -0.7666    7.9880    1.8957    5.7424   -7.4020   -9.7543
eta,q 0.97450  8.17733
niter,ni,del,rscale     5    3    5.0000    0.8000
parameters
    0.7362   21.6920    0.0415  -12.0490  -22.4714   -9.0793
   -0.5508    7.8794    2.0165    5.7901   -7.2708   -8.7181
eta,q 0.97433  8.11668
  0.0266  0.0264  0.0264  0.0262  0.0262  0.0265  0.0266  0.0275  0.0265  0.0268  0.0262  0.0263
  0.0260  0.0259  0.0259  0.0259  0.0259  0.0263  0.0261  0.0266  0.0261  0.0263  0.0259  0.0260
  0.0256  0.0256  0.0256  0.0256  0.0257  0.0260  0.0258  0.0260  0.0258  0.0259  0.0258  0.0258
  0.0255  0.0255  0.0255  0.0255  0.0255  0.0256  0.0257  0.0257  0.0257  0.0257  0.0257  0.0257
  0.0257  0.0256  0.0255  0.0256  0.0256  0.0256  0.0258  0.0259  0.0258  0.0257  0.0258  0.0257
  0.0261  0.0260  0.0257  0.0261  0.0261  0.0263  0.0260  0.0266  0.0260  0.0261  0.0259  0.0257
  0.0268  0.0265  0.0261  0.0269  0.0270  0.0280  0.0264  0.0278  0.0264  0.0268  0.0262  0.0259
niter,ni,del,rscale     4    3    5.0000    0.7000
parameters
    0.7493   21.6683   -0.1179  -11.7948  -22.4289   -9.2191
   -0.5032    7.8687    1.9991    5.7180   -7.2907   -8.6704
eta,q 0.97433  8.12159
  0.0265  0.0264  0.0260  0.0263  0.0263  0.0264  0.0263  0.0272  0.0263  0.0265  0.0261  0.0260
  0.0261  0.0260  0.0258  0.0261  0.0260  0.0262  0.0260  0.0264  0.0259  0.0261  0.0258  0.0258
  0.0258  0.0257  0.0257  0.0258  0.0258  0.0260  0.0258  0.0259  0.0258  0.0258  0.0257  0.0257
  0.0257  0.0257  0.0257  0.0257  0.0256  0.0256  0.0257  0.0257  0.0257  0.0257  0.0257  0.0257
  0.0257  0.0258  0.0258  0.0256  0.0256  0.0255  0.0257  0.0258  0.0257  0.0257  0.0257  0.0257
  0.0260  0.0260  0.0260  0.0258  0.0259  0.0259  0.0259  0.0263  0.0259  0.0260  0.0259  0.0258
  0.0265  0.0264  0.0262  0.0263  0.0264  0.0269  0.0263  0.0273  0.0263  0.0266  0.0261  0.0260
niter,ni,del,rscale     3    3    5.0000    0.6000
parameters
    0.7596   21.6921   -0.1337  -11.5539  -22.2271   -8.9398
   -0.5755    7.8954    1.9626    5.6842   -7.3376   -9.0310
eta,q 0.97441  8.14608
  0.0263  0.0262  0.0260  0.0262  0.0262  0.0263  0.0261  0.0268  0.0260  0.0262  0.0259  0.0258
  0.0260  0.0259  0.0258  0.0260  0.0260  0.0261  0.0258  0.0262  0.0258  0.0259  0.0257  0.0257
  0.0258  0.0257  0.0257  0.0258  0.0258  0.0259  0.0256  0.0258  0.0257  0.0257  0.0256  0.0256
  0.0257  0.0257  0.0257  0.0257  0.0257  0.0256  0.0256  0.0256  0.0256  0.0256  0.0256  0.0256
  0.0257  0.0257  0.0257  0.0257  0.0256  0.0255  0.0256  0.0257  0.0256  0.0256  0.0256  0.0256
  0.0259  0.0259  0.0258  0.0258  0.0258  0.0257  0.0258  0.0261  0.0258  0.0259  0.0257  0.0257
  0.0263  0.0262  0.0260  0.0261  0.0262  0.0264  0.0261  0.0269  0.0261  0.0263  0.0259  0.0259
niter,ni,del,rscale     2    3    5.0000    0.5000
parameters
    0.7552   21.6742   -0.0573  -11.4463  -21.9916   -8.5041
   -0.6842    7.9125    1.9341    5.5948   -7.3968   -9.4516
eta,q 0.97449  8.17249
  0.0260  0.0259  0.0259  0.0260  0.0260  0.0262  0.0258  0.0265  0.0258  0.0260  0.0257  0.0256
  0.0258  0.0257  0.0257  0.0258  0.0258  0.0260  0.0257  0.0260  0.0257  0.0257  0.0256  0.0256
  0.0257  0.0256  0.0256  0.0257  0.0257  0.0258  0.0255  0.0256  0.0255  0.0256  0.0255  0.0255
  0.0256  0.0256  0.0256  0.0256  0.0256  0.0256  0.0255  0.0255  0.0255  0.0255  0.0255  0.0255
  0.0256  0.0256  0.0256  0.0256  0.0256  0.0255  0.0256  0.0256  0.0255  0.0256  0.0255  0.0255
  0.0258  0.0258  0.0257  0.0257  0.0257  0.0256  0.0257  0.0259  0.0257  0.0257  0.0256  0.0256
  0.0261  0.0260  0.0258  0.0260  0.0259  0.0261  0.0259  0.0265  0.0258  0.0261  0.0258  0.0257
niter,ni,del,rscale     1    3    5.0000    0.4000
parameters
    0.7421   21.6338    0.0689  -11.3805  -21.7054   -8.1027
   -0.7743    7.9183    1.8990    5.4410   -7.4400   -9.8287
eta,q 0.97455  8.19780
  0.0258  0.0257  0.0257  0.0258  0.0258  0.0260  0.0257  0.0261  0.0257  0.0257  0.0256  0.0255
  0.0256  0.0256  0.0256  0.0256  0.0257  0.0259  0.0255  0.0258  0.0255  0.0256  0.0255  0.0255
  0.0255  0.0255  0.0256  0.0256  0.0256  0.0257  0.0255  0.0255  0.0255  0.0255  0.0255  0.0255
  0.0255  0.0255  0.0255  0.0255  0.0255  0.0255  0.0254  0.0254  0.0255  0.0254  0.0254  0.0254
  0.0255  0.0255  0.0255  0.0255  0.0255  0.0254  0.0255  0.0255  0.0255  0.0255  0.0255  0.0255
  0.0257  0.0256  0.0256  0.0256  0.0256  0.0256  0.0256  0.0257  0.0255  0.0256  0.0255  0.0255
  0.0258  0.0258  0.0256  0.0258  0.0257  0.0259  0.0257  0.0261  0.0257  0.0258  0.0256  0.0256
registration optimization eta report
parameter search radius
    0.8000    0.8000    0.8000    2.4000    2.4000    2.4000
    2.4000    2.4000    2.4000    2.4000    2.4000    2.4000
100000*second partial in parameter space
       48.       37.       28.        5.        4.        8.
        4.       11.        4.        6.        3.        2.
  0.0258  0.0257  0.0257  0.0258  0.0258  0.0260  0.0257  0.0261  0.0257  0.0257  0.0256  0.0255
  0.0256  0.0256  0.0256  0.0256  0.0257  0.0259  0.0255  0.0258  0.0255  0.0256  0.0255  0.0255
  0.0255  0.0255  0.0256  0.0256  0.0256  0.0257  0.0255  0.0255  0.0255  0.0255  0.0255  0.0255
  0.0255  0.0255  0.0255  0.0255  0.0255  0.0255  0.0254  0.0254  0.0255  0.0254  0.0254  0.0254
  0.0255  0.0255  0.0255  0.0255  0.0255  0.0254  0.0255  0.0255  0.0255  0.0255  0.0255  0.0255
  0.0257  0.0256  0.0256  0.0256  0.0256  0.0256  0.0256  0.0257  0.0255  0.0256  0.0255  0.0255
  0.0258  0.0258  0.0256  0.0258  0.0257  0.0259  0.0257  0.0261  0.0257  0.0258  0.0256  0.0256
    0.7421   21.6338    0.0689  -11.3805  -21.7054   -8.1027
   -0.7743    7.9183    1.8990    5.4410   -7.4400   -9.8287
eta,q 0.97455  8.19780

---------------------------------------------------------------------
compute_vox2vox talsrcimg talsrcimg_to_711-2C_as_mni_average_305_t4 /opt/freesurfer/average/711-2C_as_mni_average_305
---------------------------------------------------------------------

freesurfer compute_vox2vox.c
Reading: talsrcimg.4dfp.ifh
Reading: talsrcimg_to_711-2C_as_mni_average_305_t4
Reading: /opt/freesurfer/average/711-2C_as_mni_average_305.4dfp.ifh
Writing: talsrcimg_to_711-2C_as_mni_average_305_t4_vox2vox.txt

start time Fri Mar 13 02:31:53 CET 2026
end		time Fri Mar 13 02:32:07 CET 2026

mpr2mni305 success

avi2talxfm orig_nu.mgz /opt/freesurfer/average/mni305.cor.mgz talsrcimg_to_711-2C_as_mni_average_305_t4_vox2vox.txt transforms/talairach.auto.xfm
avi2talxfm done
mv -f /out/sourcedata/freesurfer/sub-v2s3x28826_ses-1/mri/talsrcimg_to_711-2C_as_mni_average_305_t4_vox2vox.txt /out/sourcedata/freesurfer/sub-v2s3x28826_ses-1/mri/transforms/talsrcimg_to_711-2C_as_mni_average_305_t4_vox2vox.txt
lta_convert --src orig_nu.mgz --trg /opt/freesurfer/average/mni305.cor.mgz --inxfm transforms/talairach.auto.xfm --outlta transforms/talairach.auto.xfm.lta --subject fsaverage
7.3.2

--src: orig_nu.mgz src image (geometry).
--trg: /opt/freesurfer/average/mni305.cor.mgz trg image (geometry).
--inmni: transforms/talairach.auto.xfm input MNI/XFM transform.
--outlta: transforms/talairach.auto.xfm.lta output LTA.
--s: fsaverage subject name
 LTA read, type : 1
 1.12034  -0.09647  -0.00103   5.10693;
 0.08715   1.07264   0.13552  -48.01089;
-0.03323  -0.07220   1.26784  -22.03052;
 0.00000   0.00000   0.00000   1.00000;
setting subject to fsaverage
Writing  LTA to file transforms/talairach.auto.xfm.lta...
lta_convert successful.
 
 
Started at Fri Mar 13 02:31:53 CET 2026
Ended   at Fri Mar 13 02:32:07 CET 2026
talairach_avi done
