status file for recon-all
Fri Mar 13 01:04:31 CET 2026
#@# Tessellate lh Fri Mar 13 01:04:31 CET 2026
#@# Smooth1 lh Fri Mar 13 01:04:33 CET 2026
#@# Inflation1 lh Fri Mar 13 01:04:36 CET 2026
#@# QSphere lh Fri Mar 13 01:04:51 CET 2026
#@# Fix Topology lh Fri Mar 13 01:05:55 CET 2026
#@# Smooth2 lh Fri Mar 13 01:12:23 CET 2026
#@# Inflation2 lh Fri Mar 13 01:12:26 CET 2026
#@# Curv .H and .K lh Fri Mar 13 01:12:40 CET 2026
#@# Sphere lh Fri Mar 13 01:13:22 CET 2026
#@# Surf Reg lh Fri Mar 13 01:16:30 CET 2026
#@# Jacobian white lh Fri Mar 13 01:22:57 CET 2026
#@# AvgCurv lh Fri Mar 13 01:22:58 CET 2026
#@# Cortical Parc lh Fri Mar 13 01:22:58 CET 2026
#@# white curv lh Fri Mar 13 01:29:54 CET 2026
#@# white area lh Fri Mar 13 01:29:56 CET 2026
#@# pial curv lh Fri Mar 13 01:29:57 CET 2026
#@# pial area lh Fri Mar 13 01:29:58 CET 2026
#@# thickness lh Fri Mar 13 01:29:59 CET 2026
#@# area and vertex vol lh Fri Mar 13 01:30:20 CET 2026
#@# Curvature Stats lh Fri Mar 13 01:30:21 CET 2026
#@# Cortical Parc 2 lh Fri Mar 13 01:30:23 CET 2026
#@# Cortical Parc 3 lh Fri Mar 13 01:30:34 CET 2026
#@# WM/GM Contrast lh Fri Mar 13 01:30:43 CET 2026
recon-all -s sub-v2s3x28750_ses-1 finished without error at Fri Mar 13 01:30:45 CET 2026



#New# invocation of recon-all 



status file for recon-all
Fri Mar 13 01:59:18 CET 2026
#@# white curv lh Fri Mar 13 01:59:18 CET 2026
#@# white area lh Fri Mar 13 01:59:18 CET 2026
#@# pial curv lh Fri Mar 13 01:59:18 CET 2026
#@# pial area lh Fri Mar 13 01:59:18 CET 2026
#@# thickness lh Fri Mar 13 01:59:18 CET 2026
#@# area and vertex vol lh Fri Mar 13 01:59:18 CET 2026
#@# Parcellation Stats lh Fri Mar 13 01:59:18 CET 2026
#@# Parcellation Stats 2 lh Fri Mar 13 01:59:37 CET 2026
#@# Parcellation Stats 3 lh Fri Mar 13 01:59:46 CET 2026
#@# BA_exvivo Labels lh Fri Mar 13 01:59:55 CET 2026
recon-all -s sub-v2s3x28750_ses-1 finished without error at Fri Mar 13 02:02:08 CET 2026
