status file for recon-all
Thu Mar 12 23:32:02 CET 2026
#@# MotionCor Thu Mar 12 23:32:03 CET 2026
#@# Talairach Thu Mar 12 23:32:09 CET 2026
#@# Talairach Failure Detection Thu Mar 12 23:34:59 CET 2026
#@# Nu Intensity Correction Thu Mar 12 23:34:59 CET 2026
#@# Intensity Normalization Thu Mar 12 23:37:46 CET 2026
recon-all -s sub-v2s3x28750_ses-1 finished without error at Thu Mar 12 23:38:51 CET 2026



#New# invocation of recon-all 



status file for recon-all
Thu Mar 12 23:45:34 CET 2026
#@# EM Registration Thu Mar 12 23:45:34 CET 2026
recon-all -s sub-v2s3x28750_ses-1 finished without error at Thu Mar 12 23:53:37 CET 2026



#New# invocation of recon-all 



status file for recon-all
Thu Mar 12 23:53:38 CET 2026
#@# CA Normalize Thu Mar 12 23:53:38 CET 2026
#@# CA Reg Thu Mar 12 23:54:31 CET 2026
#@# SubCort Seg Fri Mar 13 00:39:08 CET 2026
#@# CC Seg Fri Mar 13 01:00:12 CET 2026
#@# Merge ASeg Fri Mar 13 01:00:34 CET 2026
#@# Intensity Normalization2 Fri Mar 13 01:00:34 CET 2026
#@# Mask BFS Fri Mar 13 01:02:07 CET 2026
#@# WM Segmentation Fri Mar 13 01:02:08 CET 2026
#@# Fill Fri Mar 13 01:03:48 CET 2026
recon-all -s sub-v2s3x28750_ses-1 finished without error at Fri Mar 13 01:04:26 CET 2026



#New# invocation of recon-all 



status file for recon-all
Fri Mar 13 01:55:29 CET 2026
#@# white curv lh Fri Mar 13 01:55:29 CET 2026
#@# white area lh Fri Mar 13 01:55:29 CET 2026
#@# pial curv lh Fri Mar 13 01:55:29 CET 2026
#@# pial area lh Fri Mar 13 01:55:29 CET 2026
#@# thickness lh Fri Mar 13 01:55:29 CET 2026
#@# area and vertex vol lh Fri Mar 13 01:55:29 CET 2026
#@# white curv rh Fri Mar 13 01:55:29 CET 2026
#@# white area rh Fri Mar 13 01:55:29 CET 2026
#@# pial curv rh Fri Mar 13 01:55:29 CET 2026
#@# pial area rh Fri Mar 13 01:55:29 CET 2026
#@# thickness rh Fri Mar 13 01:55:29 CET 2026
#@# area and vertex vol rh Fri Mar 13 01:55:29 CET 2026
#@# Cortical ribbon mask Fri Mar 13 01:55:29 CET 2026
recon-all -s sub-v2s3x28750_ses-1 finished without error at Fri Mar 13 01:59:13 CET 2026



#New# invocation of recon-all 



status file for recon-all
Fri Mar 13 02:04:59 CET 2026
#@# white curv lh Fri Mar 13 02:04:59 CET 2026
#@# white area lh Fri Mar 13 02:04:59 CET 2026
#@# pial curv lh Fri Mar 13 02:04:59 CET 2026
#@# pial area lh Fri Mar 13 02:05:00 CET 2026
#@# thickness lh Fri Mar 13 02:05:00 CET 2026
#@# area and vertex vol lh Fri Mar 13 02:05:00 CET 2026
#@# white curv rh Fri Mar 13 02:05:00 CET 2026
#@# white area rh Fri Mar 13 02:05:00 CET 2026
#@# pial curv rh Fri Mar 13 02:05:00 CET 2026
#@# pial area rh Fri Mar 13 02:05:00 CET 2026
#@# thickness rh Fri Mar 13 02:05:00 CET 2026
#@# area and vertex vol rh Fri Mar 13 02:05:00 CET 2026
#@# Curvature Stats lh Fri Mar 13 02:05:00 CET 2026
#@# Curvature Stats rh Fri Mar 13 02:05:02 CET 2026
#@# Relabel Hypointensities Fri Mar 13 02:05:04 CET 2026
#@# APas-to-ASeg Fri Mar 13 02:05:15 CET 2026
#@# AParc-to-ASeg aparc Fri Mar 13 02:05:22 CET 2026
#@# AParc-to-ASeg aparc.a2009s Fri Mar 13 02:05:58 CET 2026
#@# AParc-to-ASeg aparc.DKTatlas Fri Mar 13 02:06:32 CET 2026
#@# WMParc Fri Mar 13 02:07:09 CET 2026
#@# ASeg Stats Fri Mar 13 02:09:20 CET 2026
recon-all -s sub-v2s3x28750_ses-1 finished without error at Fri Mar 13 02:09:44 CET 2026
