status file for recon-all
Fri Mar 13 04:53:44 CET 2026
#@# Tessellate rh Fri Mar 13 04:53:44 CET 2026
#@# Smooth1 rh Fri Mar 13 04:53:46 CET 2026
#@# Inflation1 rh Fri Mar 13 04:53:48 CET 2026
#@# QSphere rh Fri Mar 13 04:53:58 CET 2026
#@# Fix Topology rh Fri Mar 13 04:55:36 CET 2026
#@# Smooth2 rh Fri Mar 13 05:00:29 CET 2026
#@# Inflation2 rh Fri Mar 13 05:00:31 CET 2026
#@# Curv .H and .K rh Fri Mar 13 05:00:42 CET 2026
#@# Sphere rh Fri Mar 13 05:01:15 CET 2026
#@# Surf Reg rh Fri Mar 13 05:02:56 CET 2026
#@# Jacobian white rh Fri Mar 13 05:06:23 CET 2026
#@# AvgCurv rh Fri Mar 13 05:06:23 CET 2026
#@# Cortical Parc rh Fri Mar 13 05:06:24 CET 2026
#@# white curv rh Fri Mar 13 05:11:43 CET 2026
#@# white area rh Fri Mar 13 05:11:44 CET 2026
#@# pial curv rh Fri Mar 13 05:11:45 CET 2026
#@# pial area rh Fri Mar 13 05:11:46 CET 2026
#@# thickness rh Fri Mar 13 05:11:47 CET 2026
#@# area and vertex vol rh Fri Mar 13 05:12:03 CET 2026
#@# Curvature Stats rh Fri Mar 13 05:12:04 CET 2026
#@# Cortical Parc 2 rh Fri Mar 13 05:12:05 CET 2026
#@# Cortical Parc 3 rh Fri Mar 13 05:12:14 CET 2026
#@# WM/GM Contrast rh Fri Mar 13 05:12:21 CET 2026
recon-all -s sub-v2s3x28839_ses-1 finished without error at Fri Mar 13 05:12:23 CET 2026



#New# invocation of recon-all 



status file for recon-all
Fri Mar 13 05:17:39 CET 2026
#@# white curv rh Fri Mar 13 05:17:39 CET 2026
#@# white area rh Fri Mar 13 05:17:39 CET 2026
#@# pial curv rh Fri Mar 13 05:17:39 CET 2026
#@# pial area rh Fri Mar 13 05:17:39 CET 2026
#@# thickness rh Fri Mar 13 05:17:39 CET 2026
#@# area and vertex vol rh Fri Mar 13 05:17:39 CET 2026
#@# Parcellation Stats rh Fri Mar 13 05:17:39 CET 2026
#@# Parcellation Stats 2 rh Fri Mar 13 05:17:51 CET 2026
#@# Parcellation Stats 3 rh Fri Mar 13 05:17:57 CET 2026
#@# BA_exvivo Labels rh Fri Mar 13 05:18:03 CET 2026
recon-all -s sub-v2s3x28839_ses-1 finished without error at Fri Mar 13 05:19:48 CET 2026
