/out/sourcedata/freesurfer/sub-v2s3x28817_ses-1/mri
/opt/freesurfer/bin/talairach_avi
--i orig_nu.mgz --xfm transforms/talairach.auto.xfm
talairach_avi 7.3.2
Linux dna071 5.14.0-427.37.1.el9_4.x86_64 #1 SMP PREEMPT_DYNAMIC Fri Sep 13 12:41:50 EDT 2024 x86_64 x86_64 x86_64 GNU/Linux
Fri Mar 13 02:12:49 CET 2026
mri_convert orig_nu.mgz talsrcimg.img 
reading from orig_nu.mgz...
TR=0.00, TE=0.00, TI=0.00, flip angle=0.00
i_ras = (-1, 0, 0)
j_ras = (0, 0, -1)
k_ras = (0, 1, 0)
writing to talsrcimg.img...
Analyze Output Matrix
-1.00000   0.00000   0.00000   135.35953;
 0.00000   0.00000   1.00000  -96.33049;
 0.00000  -1.00000   0.00000   125.57077;
 0.00000   0.00000   0.00000   1.00000;
--------------------
INFO: set hdr.hist.orient to -1
mpr2mni305 talsrcimg
Fri Mar 13 02:12:49 CET 2026
/opt/freesurfer/bin/mpr2mni305 talsrcimg
mpr2mni305 7.3.2
target=711-2C_as_mni_average_305

---------------------------------------------------------------------
analyzeto4dfp talsrcimg -O0 -y
---------------------------------------------------------------------

freesurfer ifh2hdr.c
Fri Mar 13 02:12:50 2026
Writing: talsrcimg.4dfp.hdr
freesurfer analyzeto4dfp.c
Reading: talsrcimg.hdr
header size 348 bytes
hdr.dime.datatype	offset=70	value=2
hdr.dime.bitpix		offset=72	value=8
hdr.hist.orient		offset=252	value=-1
dimensionality     4
dimensions       256       256       256         1
Reading: talsrcimg.img
Writing: talsrcimg.4dfp.img
Writing: talsrcimg.4dfp.ifh
ifh2hdr talsrcimg -r0to228
ori=2

---------------------------------------------------------------------
gauss_4dfp talsrcimg 1.1
---------------------------------------------------------------------

freesurfer gauss_4dfp.c
Reading: talsrcimg.4dfp.img
Writing: talsrcimg_g11.4dfp.img
image dimensions 256 256 256 padded to 288 288 288
processing volume 1freesurfer ifh2hdr.c
Fri Mar 13 02:12:51 2026
Writing: talsrcimg_g11.4dfp.hdr

Writing: talsrcimg_g11.4dfp.ifh
including: talsrcimg.4dfp.img.rec in talsrcimg_g11.4dfp.img.rec

---------------------------------------------------------------------
imgreg_4dfp /opt/freesurfer/average/711-2C_as_mni_average_305 none talsrcimg_g11 none talsrcimg_to_711-2C_as_mni_average_305_t4 4355
---------------------------------------------------------------------

freesurfer imgreg_4dfp.c
/opt/freesurfer/average/711-2C_as_mni_average_305.4dfp.img
       256       256       256         1
  1.000000  1.000000  1.000000
orientation T byte_order littleendian
Reading image: /opt/freesurfer/average/711-2C_as_mni_average_305.4dfp.img
dimensions:      256       256       256
mmppix:       1.0000   -1.0000   -1.0000
center:     128.0000 -129.0000 -129.0000
talsrcimg_g11.4dfp.img
       256       256       256         1
  1.000000  1.000000  1.000000
orientation T byte_order littleendian
Reading image: talsrcimg_g11.4dfp.img
dimensions:      256       256       256
mmppix:       1.0000   -1.0000   -1.0000
center:     128.0000 -129.0000 -129.0000
t4_read: open error in t4_sub.f l:  41 t4_file(1:l)talsrcimg_to_711-2C_as_mni_average_305_t4 
t4_read: transform initialized to I4
rotation matrix determinant  1.000000
image alignment mode   4355 decimal     1103 hex
   -7.5000  -45.0000  -45.0000 9673.2764   14.3311
    0.0000  -45.0000  -45.000010013.0693   14.3404
    7.5000  -45.0000  -45.0000 9454.9463   14.3645
   -7.5000  -37.5000  -45.000010183.3525   14.3062
    0.0000  -37.5000  -45.000010544.4785   14.3169
    7.5000  -37.5000  -45.0000 9960.2803   14.3444
   -7.5000  -30.0000  -45.000011092.1602   14.2812
    0.0000  -30.0000  -45.000011494.1650   14.2942
    7.5000  -30.0000  -45.000010839.3242   14.3192
   -7.5000  -22.5000  -45.000011984.2686   14.2700
    0.0000  -22.5000  -45.000012398.2471   14.2839
    7.5000  -22.5000  -45.000011675.5215   14.3021
   -7.5000  -15.0000  -45.000012820.2939   14.2763
    0.0000  -15.0000  -45.000013207.9189   14.2879
    7.5000  -15.0000  -45.000012410.2539   14.3012
   -7.5000   -7.5000  -45.000013487.6270   14.2917
    0.0000   -7.5000  -45.000013864.8096   14.3011
    7.5000   -7.5000  -45.000013015.4326   14.3175
   -7.5000    0.0000  -45.000013909.5225   14.2991
    0.0000    0.0000  -45.000014309.1777   14.3085
    7.5000    0.0000  -45.000013416.1660   14.3324
   -7.5000    7.5000  -45.000013252.0186   14.2905
    0.0000    7.5000  -45.000013652.7646   14.3011
    7.5000    7.5000  -45.000012801.8984   14.3284
   -7.5000   15.0000  -45.000012446.2744   14.2755
    0.0000   15.0000  -45.000012871.7061   14.2884
    7.5000   15.0000  -45.000012110.1748   14.3133
   -7.5000   22.5000  -45.000011564.4189   14.2668
    0.0000   22.5000  -45.000011968.3281   14.2806
    7.5000   22.5000  -45.000011336.2451   14.2988
   -7.5000   30.0000  -45.000010623.3867   14.0861
    0.0000   30.0000  -45.000011020.2725   14.0975
    7.5000   30.0000  -45.000010441.2598   14.1106
   -7.5000   37.5000  -45.000010000.1553   14.1030
    0.0000   37.5000  -45.000010379.9961   14.1123
    7.5000   37.5000  -45.0000 9829.2178   14.1285
   -7.5000   45.0000  -45.0000 9058.1436   13.8214
    0.0000   45.0000  -45.0000 9432.5898   13.8301
    7.5000   45.0000  -45.0000 8942.9268   13.8535
   -7.5000  -45.0000  -37.500010009.0186   14.3363
    0.0000  -45.0000  -37.500010372.0537   14.3375
    7.5000  -45.0000  -37.5000 9804.1396   14.3544
   -7.5000  -37.5000  -37.500010554.8350   14.3163
    0.0000  -37.5000  -37.500010918.1729   14.3199
    7.5000  -37.5000  -37.500010309.9521   14.3359
   -7.5000  -30.0000  -37.500011471.5625   14.2990
    0.0000  -30.0000  -37.500011885.0752   14.3071
    7.5000  -30.0000  -37.500011188.0078   14.3187
   -7.5000  -22.5000  -37.500012354.2529   14.2894
    0.0000  -22.5000  -37.500012813.6201   14.3001
    7.5000  -22.5000  -37.500012030.3008   14.3076
   -7.5000  -15.0000  -37.500013184.3838   14.2908
    0.0000  -15.0000  -37.500013624.1406   14.2988
    7.5000  -15.0000  -37.500012757.0605   14.3053
   -7.5000   -7.5000  -37.500013845.2275   14.2995
    0.0000   -7.5000  -37.500014288.8809   14.3027
    7.5000   -7.5000  -37.500013349.9209   14.3139
   -7.5000    0.0000  -37.500014317.3184   14.3043
    0.0000    0.0000  -37.500014772.0146   14.3056
    7.5000    0.0000  -37.500013782.7656   14.3222
   -7.5000    7.5000  -37.500013654.3076   14.3006
    0.0000    7.5000  -37.500014100.1689   14.3042
    7.5000    7.5000  -37.500013166.3320   14.3200
   -7.5000   15.0000  -37.500012821.9375   14.2933
    0.0000   15.0000  -37.500013281.4160   14.3014
    7.5000   15.0000  -37.500012430.4561   14.3129
   -7.5000   22.5000  -37.500011886.5088   14.2862
    0.0000   22.5000  -37.500012317.9824   14.2969
    7.5000   22.5000  -37.500011592.3154   14.3044
   -7.5000   30.0000  -37.500010893.4014   14.1003
    0.0000   30.0000  -37.500011297.5400   14.1082
    7.5000   30.0000  -37.500010643.1611   14.1146
   -7.5000   37.5000  -37.500010277.4834   14.1106
    0.0000   37.5000  -37.500010656.2529   14.1138
    7.5000   37.5000  -37.500010048.8203   14.1249
   -7.5000   45.0000  -37.5000 9330.2002   13.8266
    0.0000   45.0000  -37.5000 9696.2324   13.8272
    7.5000   45.0000  -37.5000 9148.8447   13.8431
   -7.5000  -45.0000  -30.000010480.0039   14.9597
    0.0000  -45.0000  -30.000010859.1543   14.9506
    7.5000  -45.0000  -30.000010243.5684   14.9576
   -7.5000  -37.5000  -30.000011053.6133   14.9372
    0.0000  -37.5000  -30.000011441.7490   14.9349
    7.5000  -37.5000  -30.000010776.7832   14.9414
   -7.5000  -30.0000  -30.000011988.4326   14.9195
    0.0000  -30.0000  -30.000012433.2412   14.9236
    7.5000  -30.0000  -30.000011675.6543   14.9249
   -7.5000  -22.5000  -30.000012926.3848   14.9113
    0.0000  -22.5000  -30.000013403.3125   14.9149
    7.5000  -22.5000  -30.000012539.0508   14.9105
   -7.5000  -15.0000  -30.000013766.8721   14.9134
    0.0000  -15.0000  -30.000014261.4287   14.9101
    7.5000  -15.0000  -30.000013321.8643   14.9040
   -7.5000   -7.5000  -30.000014402.4980   14.9223
    0.0000   -7.5000  -30.000014910.8311   14.9128
    7.5000   -7.5000  -30.000013921.1201   14.9127
   -7.5000    0.0000  -30.000014908.3330   14.9262
    0.0000    0.0000  -30.000015411.5537   14.9173
    7.5000    0.0000  -30.000014383.8975   14.9241
   -7.5000    7.5000  -30.000014231.7822   14.9208
    0.0000    7.5000  -30.000014729.6270   14.9185
    7.5000    7.5000  -30.000013723.4014   14.9249
   -7.5000   15.0000  -30.000013357.1123   14.9136
    0.0000   15.0000  -30.000013848.0420   14.9176
    7.5000   15.0000  -30.000012924.9805   14.9189
   -7.5000   22.5000  -30.000012385.4980   14.9065
    0.0000   22.5000  -30.000012848.4629   14.9100
    7.5000   22.5000  -30.000012029.1914   14.9056
   -7.5000   30.0000  -30.000011339.6006   14.7160
    0.0000   30.0000  -30.000011773.3477   14.7127
    7.5000   30.0000  -30.000011027.1787   14.7068
   -7.5000   37.5000  -30.000010711.3857   14.7264
    0.0000   37.5000  -30.000011128.3936   14.7171
    7.5000   37.5000  -30.000010432.1680   14.7171
   -7.5000   45.0000  -30.0000 9727.6309   14.4387
    0.0000   45.0000  -30.000010126.9502   14.4297
    7.5000   45.0000  -30.0000 9502.3574   14.4357
   -7.5000  -45.0000  -22.500010875.1650   15.5084
    0.0000  -45.0000  -22.500011285.1973   15.4961
    7.5000  -45.0000  -22.500010618.4277   15.5010
   -7.5000  -37.5000  -22.500011464.1455   15.4778
    0.0000  -37.5000  -22.500011889.1777   15.4761
    7.5000  -37.5000  -22.500011177.9766   15.4856
   -7.5000  -30.0000  -22.500012401.1807   15.4505
    0.0000  -30.0000  -22.500012892.0820   15.4547
    7.5000  -30.0000  -22.500012081.3750   15.4605
   -7.5000  -22.5000  -22.500013414.6787   15.4414
    0.0000  -22.5000  -22.500013937.8174   15.4400
    7.5000  -22.5000  -22.500012991.0615   15.4358
   -7.5000  -15.0000  -22.500014403.3311   15.4498
    0.0000  -15.0000  -22.500014981.9424   15.4373
    7.5000  -15.0000  -22.500013894.9990   15.4262
   -7.5000   -7.5000  -22.500015037.1416   15.4669
    0.0000   -7.5000  -22.500015637.1641   15.4497
    7.5000   -7.5000  -22.500014563.7012   15.4437
   -7.5000    0.0000  -22.500015519.6719   15.4736
    0.0000    0.0000  -22.500016058.3350   15.4615
    7.5000    0.0000  -22.500015006.2529   15.4662
   -7.5000    7.5000  -22.500014813.3945   15.4607
    0.0000    7.5000  -22.500015285.8408   15.4590
    7.5000    7.5000  -22.500014243.1074   15.4684
   -7.5000   15.0000  -22.500013903.8115   15.4444
    0.0000   15.0000  -22.500014379.6846   15.4485
    7.5000   15.0000  -22.500013366.5771   15.4542
   -7.5000   22.5000  -22.500012888.7119   15.4353
    0.0000   22.5000  -22.500013348.9658   15.4339
    7.5000   22.5000  -22.500012425.2109   15.4296
   -7.5000   30.0000  -22.500011772.7871   15.2477
    0.0000   30.0000  -22.500012224.4023   15.2354
    7.5000   30.0000  -22.500011396.3711   15.2244
   -7.5000   37.5000  -22.500011125.7549   15.2662
    0.0000   37.5000  -22.500011558.0889   15.2492
    7.5000   37.5000  -22.500010766.4346   15.2434
   -7.5000   45.0000  -22.500010083.4531   14.9798
    0.0000   45.0000  -22.500010504.4844   14.9684
    7.5000   45.0000  -22.5000 9801.5254   14.9727
   -7.5000  -45.0000  -15.000011211.5029   15.8934
    0.0000  -45.0000  -15.000011658.9180   15.8881
    7.5000  -45.0000  -15.000010961.9219   15.8996
   -7.5000  -37.5000  -15.000011825.4863   15.8546
    0.0000  -37.5000  -15.000012276.4531   15.8596
    7.5000  -37.5000  -15.000011533.9668   15.8813
   -7.5000  -30.0000  -15.000012804.3652   15.8167
    0.0000  -30.0000  -15.000013291.0430   15.8255
    7.5000  -30.0000  -15.000012463.6826   15.8461
   -7.5000  -22.5000  -15.000013923.6514   15.8062
    0.0000  -22.5000  -15.000014468.7188   15.8071
    7.5000  -22.5000  -15.000013440.7002   15.8144
   -7.5000  -15.0000  -15.000015078.1689   15.8220
    0.0000  -15.0000  -15.000015696.7314   15.8114
    7.5000  -15.0000  -15.000014447.6543   15.8069
   -7.5000   -7.5000  -15.000015804.2891   15.8482
    0.0000   -7.5000  -15.000016383.9971   15.8353
    7.5000   -7.5000  -15.000015149.8496   15.8337
   -7.5000    0.0000  -15.000016249.0303   15.8577
    0.0000    0.0000  -15.000016699.9062   15.8525
    7.5000    0.0000  -15.000015568.8555   15.8639
   -7.5000    7.5000  -15.000015449.3828   15.8371
    0.0000    7.5000  -15.000015833.6104   15.8420
    7.5000    7.5000  -15.000014741.5527   15.8635
   -7.5000   15.0000  -15.000014453.6807   15.8104
    0.0000   15.0000  -15.000014875.7578   15.8191
    7.5000   15.0000  -15.000013805.9180   15.8396
   -7.5000   22.5000  -15.000013383.0527   15.7992
    0.0000   22.5000  -15.000013811.8125   15.8000
    7.5000   22.5000  -15.000012804.7949   15.8074
   -7.5000   30.0000  -15.000012202.1445   15.6172
    0.0000   30.0000  -15.000012610.2461   15.6067
    7.5000   30.0000  -15.000011751.0918   15.6023
   -7.5000   37.5000  -15.000011485.0361   15.6448
    0.0000   37.5000  -15.000011900.6465   15.6321
    7.5000   37.5000  -15.000011100.7461   15.6306
   -7.5000   45.0000  -15.000010399.3350   15.3608
    0.0000   45.0000  -15.000010811.0078   15.3563
    7.5000   45.0000  -15.000010075.1992   15.3678
   -7.5000  -45.0000   -7.500011582.3232   16.0492
    0.0000  -45.0000   -7.500012012.4053   16.0557
    7.5000  -45.0000   -7.500011327.8623   16.0781
   -7.5000  -37.5000   -7.500012274.5957   16.0121
    0.0000  -37.5000   -7.500012694.3086   16.0243
    7.5000  -37.5000   -7.500011930.1592   16.0562
   -7.5000  -30.0000   -7.500013366.3896   15.9744
    0.0000  -30.0000   -7.500013801.7471   15.9888
    7.5000  -30.0000   -7.500012909.9297   16.0199
   -7.5000  -22.5000   -7.500014555.5664   15.9624
    0.0000  -22.5000   -7.500015049.1543   15.9722
    7.5000  -22.5000   -7.500013932.5693   15.9915
   -7.5000  -15.0000   -7.500015734.2305   15.9774
    0.0000  -15.0000   -7.500016225.2500   15.9801
    7.5000  -15.0000   -7.500014909.5654   15.9882
   -7.5000   -7.5000   -7.500016522.5254   16.0033
    0.0000   -7.5000   -7.500016918.7012   16.0049
    7.5000   -7.5000   -7.500015614.7402   16.0152
   -7.5000    0.0000   -7.500016997.4883   16.0133
    0.0000    0.0000   -7.500017332.9141   16.0198
    7.5000    0.0000   -7.500016066.8613   16.0420
   -7.5000    7.5000   -7.500016102.7764   15.9944
    0.0000    7.5000   -7.500016470.4551   16.0066
    7.5000    7.5000   -7.500015262.8350   16.0383
   -7.5000   15.0000   -7.500014988.2861   15.9680
    0.0000   15.0000   -7.500015433.5234   15.9823
    7.5000   15.0000   -7.500014299.2539   16.0133
   -7.5000   22.5000   -7.500013784.7197   15.9536
    0.0000   22.5000   -7.500014260.7051   15.9634
    7.5000   22.5000   -7.500013230.9131   15.9826
   -7.5000   30.0000   -7.500012508.8066   15.7702
    0.0000   30.0000   -7.500012970.9785   15.7729
    7.5000   30.0000   -7.500012124.0566   15.7808
   -7.5000   37.5000   -7.500011774.5859   15.7976
    0.0000   37.5000   -7.500012203.6426   15.7993
    7.5000   37.5000   -7.500011430.1768   15.8094
   -7.5000   45.0000   -7.500010662.2393   15.5138
    0.0000   45.0000   -7.500011080.9766   15.5204
    7.5000   45.0000   -7.500010384.7832   15.5426
   -7.5000  -45.0000    0.000011922.3975   16.0369
    0.0000  -45.0000    0.000012314.8633   16.0473
    7.5000  -45.0000    0.000011598.8105   16.0743
   -7.5000  -37.5000    0.000012631.1035   16.0090
    0.0000  -37.5000    0.000013017.9238   16.0210
    7.5000  -37.5000    0.000012225.1504   16.0517
   -7.5000  -30.0000    0.000013744.4248   15.9811
    0.0000  -30.0000    0.000014146.8574   15.9956
    7.5000  -30.0000    0.000013276.2363   16.0235
   -7.5000  -22.5000    0.000014852.5918   15.9686
    0.0000  -22.5000    0.000015306.8164   15.9841
    7.5000  -22.5000    0.000014318.2393   16.0045
   -7.5000  -15.0000    0.000015860.6855   15.9756
    0.0000  -15.0000    0.000016243.5098   15.9885
    7.5000  -15.0000    0.000015219.9746   16.0034
   -7.5000   -7.5000    0.000016544.4883   15.9928
    0.0000   -7.5000    0.000016904.3691   16.0033
    7.5000   -7.5000    0.000015882.8828   16.0217
   -7.5000    0.0000    0.000016986.9395   16.0011
    0.0000    0.0000    0.000017417.8301   16.0116
    7.5000    0.0000    0.000016383.7568   16.0383
   -7.5000    7.5000    0.000016173.7998   15.9914
    0.0000    7.5000    0.000016668.2539   16.0033
    7.5000    7.5000    0.000015642.4834   16.0339
   -7.5000   15.0000    0.000015131.6289   15.9747
    0.0000   15.0000    0.000015674.2549   15.9891
    7.5000   15.0000    0.000014706.3203   16.0169
   -7.5000   22.5000    0.000013965.4795   15.9598
    0.0000   22.5000    0.000014504.8672   15.9752
    7.5000   22.5000    0.000013605.1846   15.9956
   -7.5000   30.0000    0.000012699.0010   15.7688
    0.0000   30.0000    0.000013210.9756   15.7816
    7.5000   30.0000    0.000012437.5225   15.7963
   -7.5000   37.5000    0.000011906.9990   15.7878
    0.0000   37.5000    0.000012395.6377   15.7982
    7.5000   37.5000    0.000011677.3994   15.8163
   -7.5000   45.0000    0.000010801.9443   15.5030
    0.0000   45.0000    0.000011220.4766   15.5127
    7.5000   45.0000    0.000010593.2930   15.5390
   -7.5000  -45.0000    7.500011199.5596   16.0427
    0.0000  -45.0000    7.500011591.6797   16.0440
    7.5000  -45.0000    7.500010888.2031   16.0629
   -7.5000  -37.5000    7.500011802.8232   16.0204
    0.0000  -37.5000    7.500012235.7676   16.0243
    7.5000  -37.5000    7.500011512.8574   16.0423
   -7.5000  -30.0000    7.500012766.5957   16.0010
    0.0000  -30.0000    7.500013259.5410   16.0101
    7.5000  -30.0000    7.500012563.2158   16.0230
   -7.5000  -22.5000    7.500013698.3418   15.9903
    0.0000  -22.5000    7.500014239.3262   16.0022
    7.5000  -22.5000    7.500013522.5342   16.0106
   -7.5000  -15.0000    7.500014536.7383   15.9918
    0.0000  -15.0000    7.500015005.0645   16.0007
    7.5000  -15.0000    7.500014310.9150   16.0080
   -7.5000   -7.5000    7.500015173.8916   16.0015
    0.0000   -7.5000    7.500015649.3838   16.0051
    7.5000   -7.5000    7.500014940.3779   16.0177
   -7.5000    0.0000    7.500015642.8193   16.0069
    0.0000    0.0000    7.500016144.1240   16.0083
    7.5000    0.0000    7.500015416.1230   16.0270
   -7.5000    7.5000    7.500014994.1230   16.0028
    0.0000    7.5000    7.500015475.7588   16.0067
    7.5000    7.5000    7.500014736.3496   16.0245
   -7.5000   15.0000    7.500014148.4980   15.9946
    0.0000   15.0000    7.500014612.1836   16.0036
    7.5000   15.0000    7.500013879.5684   16.0165
   -7.5000   22.5000    7.500013119.1631   15.9815
    0.0000   22.5000    7.500013581.4316   15.9934
    7.5000   22.5000    7.500012848.2002   16.0018
   -7.5000   30.0000    7.500011978.4170   15.7848
    0.0000   30.0000    7.500012421.0918   15.7936
    7.5000   30.0000    7.500011740.1074   15.8008
   -7.5000   37.5000    7.500011243.4844   15.7963
    0.0000   37.5000    7.500011663.5146   15.7999
    7.5000   37.5000    7.500011029.4678   15.8123
   -7.5000   45.0000    7.500010173.9170   15.5088
    0.0000   45.0000    7.500010543.5166   15.5095
    7.5000   45.0000    7.5000 9980.8945   15.5273
   -7.5000  -45.0000   15.000010173.8027   16.1443
    0.0000  -45.0000   15.000010593.9219   16.1348
    7.5000  -45.0000   15.000010013.7197   16.1425
   -7.5000  -37.5000   15.000010756.0391   16.1201
    0.0000  -37.5000   15.000011199.5889   16.1180
    7.5000  -37.5000   15.000010624.0049   16.1253
   -7.5000  -30.0000   15.000011681.9355   16.1008
    0.0000  -30.0000   15.000012165.0762   16.1057
    7.5000  -30.0000   15.000011598.5430   16.1074
   -7.5000  -22.5000   15.000012574.0811   16.0916
    0.0000  -22.5000   15.000013067.9014   16.0959
    7.5000  -22.5000   15.000012462.7773   16.0914
   -7.5000  -15.0000   15.000013361.6348   16.0935
    0.0000  -15.0000   15.000013807.1699   16.0903
    7.5000  -15.0000   15.000013205.9033   16.0839
   -7.5000   -7.5000   15.000014004.0068   16.1033
    0.0000   -7.5000   15.000014483.1006   16.0933
    7.5000   -7.5000   15.000013831.5527   16.0935
   -7.5000    0.0000   15.000014466.4863   16.1080
    0.0000    0.0000   15.000014978.4150   16.0986
    7.5000    0.0000   15.000014300.7451   16.1062
   -7.5000    7.5000   15.000013880.0840   16.1024
    0.0000    7.5000   15.000014366.1299   16.1002
    7.5000    7.5000   15.000013674.6016   16.1074
   -7.5000   15.0000   15.000013102.9043   16.0945
    0.0000   15.0000   15.000013559.4854   16.0992
    7.5000   15.0000   15.000012899.6279   16.1008
   -7.5000   22.5000   15.000012165.0928   16.0828
    0.0000   22.5000   15.000012617.3457   16.0871
    7.5000   22.5000   15.000011980.1348   16.0825
   -7.5000   30.0000   15.000011119.7578   15.8852
    0.0000   30.0000   15.000011565.3428   15.8821
    7.5000   30.0000   15.000010970.9053   15.8757
   -7.5000   37.5000   15.000010461.1289   15.8967
    0.0000   37.5000   15.000010874.2178   15.8869
    7.5000   37.5000   15.000010302.9707   15.8870
   -7.5000   45.0000   15.0000 9462.7773   15.6076
    0.0000   45.0000   15.0000 9839.1611   15.5981
    7.5000   45.0000   15.0000 9325.1221   15.6048
   -7.5000  -45.0000   22.5000 9203.3838   16.4963
    0.0000  -45.0000   22.5000 9584.5225   16.4830
    7.5000  -45.0000   22.5000 9127.6270   16.4888
   -7.5000  -37.5000   22.5000 9757.5117   16.4635
    0.0000  -37.5000   22.500010160.0010   16.4617
    7.5000  -37.5000   22.5000 9701.7920   16.4725
   -7.5000  -30.0000   22.500010659.2441   16.4327
    0.0000  -30.0000   22.500011091.0088   16.4375
    7.5000  -30.0000   22.500010593.9473   16.4439
   -7.5000  -22.5000   22.500011512.9668   16.4212
    0.0000  -22.5000   22.500011966.1846   16.4199
    7.5000  -22.5000   22.500011411.7773   16.4153
   -7.5000  -15.0000   22.500012271.3076   16.4297
    0.0000  -15.0000   22.500012694.3672   16.4162
    7.5000  -15.0000   22.500012109.2715   16.4043
   -7.5000   -7.5000   22.500012859.6924   16.4495
    0.0000   -7.5000   22.500013322.3320   16.4307
    7.5000   -7.5000   22.500012700.6143   16.4247
   -7.5000    0.0000   22.500013315.3311   16.4584
    0.0000    0.0000   22.500013807.4746   16.4453
    7.5000    0.0000   22.500013153.9150   16.4509
   -7.5000    7.5000   22.500012794.1689   16.4449
    0.0000    7.5000   22.500013265.1455   16.4431
    7.5000    7.5000   22.500012620.7471   16.4537
   -7.5000   15.0000   22.500012080.2246   16.4261
    0.0000   15.0000   22.500012545.3975   16.4308
    7.5000   15.0000   22.500011928.8066   16.4371
   -7.5000   22.5000   22.500011225.7100   16.4122
    0.0000   22.5000   22.500011676.2949   16.4109
    7.5000   22.5000   22.500011086.4775   16.4062
   -7.5000   30.0000   22.500010285.2646   16.2171
    0.0000   30.0000   22.500010708.2041   16.2037
    7.5000   30.0000   22.500010159.8672   16.1919
   -7.5000   37.5000   22.5000 9681.4766   16.2379
    0.0000   37.5000   22.500010078.1025   16.2194
    7.5000   37.5000   22.5000 9553.8818   16.2134
   -7.5000   45.0000   22.5000 8783.5654   15.9466
    0.0000   45.0000   22.5000 9140.1338   15.9342
    7.5000   45.0000   22.5000 8664.5576   15.9394
   -7.5000  -45.0000   30.0000 8285.0244   16.9729
    0.0000  -45.0000   30.0000 8619.6738   16.9700
    7.5000  -45.0000   30.0000 8237.0508   16.9823
   -7.5000  -37.5000   30.0000 8790.2939   16.9312
    0.0000  -37.5000   30.0000 9162.4336   16.9400
    7.5000  -37.5000   30.0000 8766.0742   16.9636
   -7.5000  -30.0000   30.0000 9642.3750   16.8874
    0.0000  -30.0000   30.000010051.9668   16.9005
    7.5000  -30.0000   30.0000 9602.2266   16.9228
   -7.5000  -22.5000   30.000010435.3545   16.8719
    0.0000  -22.5000   30.000010866.9629   16.8762
    7.5000  -22.5000   30.000010365.6904   16.8836
   -7.5000  -15.0000   30.000011126.6797   16.8874
    0.0000  -15.0000   30.000011547.4717   16.8788
    7.5000  -15.0000   30.000011007.9082   16.8729
   -7.5000   -7.5000   30.000011671.4785   16.9185
    0.0000   -7.5000   30.000012128.9844   16.9072
    7.5000   -7.5000   30.000011538.9424   16.9047
   -7.5000    0.0000   30.000012115.7803   16.9328
    0.0000    0.0000   30.000012591.3955   16.9299
    7.5000    0.0000   30.000011956.4775   16.9421
   -7.5000    7.5000   30.000011666.8047   16.9115
    0.0000    7.5000   30.000012117.6992   16.9202
    7.5000    7.5000   30.000011503.2617   16.9436
   -7.5000   15.0000   30.000011035.6221   16.8803
    0.0000   15.0000   30.000011484.8311   16.8933
    7.5000   15.0000   30.000010921.6016   16.9155
   -7.5000   22.5000   30.000010277.1172   16.8626
    0.0000   22.5000   30.000010696.9883   16.8668
    7.5000   22.5000   30.000010175.8320   16.8742
   -7.5000   30.0000   30.0000 9431.4023   16.6688
    0.0000   30.0000   30.0000 9821.1064   16.6604
    7.5000   30.0000   30.0000 9329.6816   16.6545
   -7.5000   37.5000   30.0000 8877.6738   16.6997
    0.0000   37.5000   30.0000 9254.4590   16.6885
    7.5000   37.5000   30.0000 8783.6221   16.6861
   -7.5000   45.0000   30.0000 8081.1401   16.3768
    0.0000   45.0000   30.0000 8411.7812   16.3747
    7.5000   45.0000   30.0000 7992.2144   16.3866
   -7.5000  -45.0000   37.5000 7728.2827   17.6640
    0.0000  -45.0000   37.5000 8051.3232   17.6697
    7.5000  -45.0000   37.5000 7692.2412   17.6888
   -7.5000  -37.5000   37.5000 8228.8945   17.6190
    0.0000  -37.5000   37.5000 8593.8662   17.6317
    7.5000  -37.5000   37.5000 8196.6738   17.6621
   -7.5000  -30.0000   37.5000 9045.3750   17.5738
    0.0000  -30.0000   37.5000 9448.6836   17.5887
    7.5000  -30.0000   37.5000 9003.0557   17.6171
   -7.5000  -22.5000   37.5000 9821.0781   17.5600
    0.0000  -22.5000   37.500010239.5625   17.5689
    7.5000  -22.5000   37.5000 9756.1035   17.5822
   -7.5000  -15.0000   37.500010490.6553   17.5783
    0.0000  -15.0000   37.500010899.7910   17.5784
    7.5000  -15.0000   37.500010374.2285   17.5783
   -7.5000   -7.5000   37.500011019.3359   17.6089
    0.0000   -7.5000   37.500011454.6924   17.6082
    7.5000   -7.5000   37.500010887.6514   17.6119
   -7.5000    0.0000   37.500011448.8320   17.6205
    0.0000    0.0000   37.500011918.2705   17.6263
    7.5000    0.0000   37.500011292.0938   17.6452
   -7.5000    7.5000   37.500011026.9121   17.5977
    0.0000    7.5000   37.500011475.0352   17.6103
    7.5000    7.5000   37.500010882.3926   17.6404
   -7.5000   15.0000   37.500010450.0000   17.5661
    0.0000   15.0000   37.500010886.2070   17.5808
    7.5000   15.0000   37.500010352.3008   17.6091
   -7.5000   22.5000   37.5000 9761.7598   17.5502
    0.0000   22.5000   37.500010157.2588   17.5590
    7.5000   22.5000   37.5000 9661.3447   17.5723
   -7.5000   30.0000   37.5000 8971.7979   17.3508
    0.0000   30.0000   37.5000 9334.0156   17.3509
    7.5000   30.0000   37.5000 8872.2188   17.3508
   -7.5000   37.5000   37.5000 8468.9238   17.3811
    0.0000   37.5000   37.5000 8820.3027   17.3803
    7.5000   37.5000   37.5000 8384.3076   17.3839
   -7.5000   45.0000   37.5000 7708.3066   17.0056
    0.0000   45.0000   37.5000 8010.7354   17.0112
    7.5000   45.0000   37.5000 7637.3149   17.0299
   -7.5000  -45.0000   45.0000 6928.3760   18.4744
    0.0000  -45.0000   45.0000 7192.4429   18.4832
    7.5000  -45.0000   45.0000 6869.6968   18.5077
   -7.5000  -37.5000   45.0000 7390.0259   18.4329
    0.0000  -37.5000   45.0000 7688.8242   18.4460
    7.5000  -37.5000   45.0000 7333.3354   18.4748
   -7.5000  -30.0000   45.0000 8138.7095   18.3934
    0.0000  -30.0000   45.0000 8487.2871   18.4122
    7.5000  -30.0000   45.0000 8077.4917   18.4366
   -7.5000  -22.5000   45.0000 8861.6465   18.3789
    0.0000  -22.5000   45.0000 9222.4238   18.3991
    7.5000  -22.5000   45.0000 8750.7500   18.4135
   -7.5000  -15.0000   45.0000 9476.9473   18.3918
    0.0000  -15.0000   45.0000 9843.4541   18.4064
    7.5000  -15.0000   45.0000 9331.4766   18.4141
   -7.5000   -7.5000   45.0000 9970.2275   18.4167
    0.0000   -7.5000   45.000010360.3447   18.4259
    7.5000   -7.5000   45.0000 9827.8457   18.4389
   -7.5000    0.0000   45.000010367.7822   18.4266
    0.0000    0.0000   45.000010791.8369   18.4355
    7.5000    0.0000   45.000010222.7197   18.4597
   -7.5000    7.5000   45.0000 9975.0859   18.4094
    0.0000    7.5000   45.000010397.5674   18.4225
    7.5000    7.5000   45.0000 9870.9814   18.4510
   -7.5000   15.0000   45.0000 9453.6104   18.3848
    0.0000   15.0000   45.0000 9857.4619   18.4036
    7.5000   15.0000   45.0000 9391.5186   18.4278
   -7.5000   22.5000   45.0000 8851.8477   18.3685
    0.0000   22.5000   45.0000 9213.1377   18.3887
    7.5000   22.5000   45.0000 8769.7969   18.4030
   -7.5000   30.0000   45.0000 8173.8877   18.1522
    0.0000   30.0000   45.0000 8494.6299   18.1665
    7.5000   30.0000   45.0000 8090.9717   18.1741
   -7.5000   37.5000   45.0000 7739.0200   18.1768
    0.0000   37.5000   45.0000 8045.4224   18.1858
    7.5000   37.5000   45.0000 7674.2603   18.1987
   -7.5000   45.0000   45.0000 7057.1499   17.7747
    0.0000   45.0000   45.0000 7323.6860   17.7830
    7.5000   45.0000   45.0000 7000.0972   17.8063

---------------------------------------------------------------------
imgreg_4dfp /opt/freesurfer/average/711-2C_as_mni_average_305 /opt/freesurfer/average/711-2B_as_mni_average_305_mask talsrcimg_g11 none talsrcimg_to_711-2C_as_mni_average_305_t4 4355
---------------------------------------------------------------------

freesurfer imgreg_4dfp.c
/opt/freesurfer/average/711-2C_as_mni_average_305.4dfp.img
       256       256       256         1
  1.000000  1.000000  1.000000
orientation T byte_order littleendian
Reading image: /opt/freesurfer/average/711-2C_as_mni_average_305.4dfp.img
dimensions:      256       256       256
mmppix:       1.0000   -1.0000   -1.0000
center:     128.0000 -129.0000 -129.0000
/opt/freesurfer/average/711-2B_as_mni_average_305_mask.4dfp.img
       256       256       256         1
  1.000000  1.000000  1.000000
orientation T byte_order littleendian
Reading mask: /opt/freesurfer/average/711-2B_as_mni_average_305_mask.4dfp.img (2306576 pixels)
talsrcimg_g11.4dfp.img
       256       256       256         1
  1.000000  1.000000  1.000000
orientation T byte_order littleendian
Reading image: talsrcimg_g11.4dfp.img
dimensions:      256       256       256
mmppix:       1.0000   -1.0000   -1.0000
center:     128.0000 -129.0000 -129.0000
rotation matrix determinant  1.000000
image alignment mode   4355 decimal     1103 hex
   -7.5000  -45.0000  -45.0000 2340.4661   12.9701
    0.0000  -45.0000  -45.0000 2346.6147   12.9408
    7.5000  -45.0000  -45.0000 2322.5339   13.0221
   -7.5000  -37.5000  -45.0000 2419.5667   11.9755
    0.0000  -37.5000  -45.0000 2429.3884   11.9382
    7.5000  -37.5000  -45.0000 2409.5618   12.0227
   -7.5000  -30.0000  -45.0000 2490.8701   11.2617
    0.0000  -30.0000  -45.0000 2505.2722   11.1980
    7.5000  -30.0000  -45.0000 2483.4312   11.2533
   -7.5000  -22.5000  -45.0000 2541.6357   10.8538
    0.0000  -22.5000  -45.0000 2554.4690   10.7865
    7.5000  -22.5000  -45.0000 2529.3181   10.8598
   -7.5000  -15.0000  -45.0000 2567.1096   10.7264
    0.0000  -15.0000  -45.0000 2580.2419   10.6547
    7.5000  -15.0000  -45.0000 2552.5969   10.7043
   -7.5000   -7.5000  -45.0000 2571.2036   10.7890
    0.0000   -7.5000  -45.0000 2584.5344   10.7353
    7.5000   -7.5000  -45.0000 2557.9736   10.8159
   -7.5000    0.0000  -45.0000 2555.4314   11.0622
    0.0000    0.0000  -45.0000 2569.8333   11.0144
    7.5000    0.0000  -45.0000 2540.4775   11.1207
   -7.5000    7.5000  -45.0000 2526.7219   11.4592
    0.0000    7.5000  -45.0000 2542.9197   11.4277
    7.5000    7.5000  -45.0000 2512.7051   11.5673
   -7.5000   15.0000  -45.0000 2471.0481   12.0102
    0.0000   15.0000  -45.0000 2486.5625   11.9769
    7.5000   15.0000  -45.0000 2458.7808   12.1623
   -7.5000   22.5000  -45.0000 2384.4001   12.7591
    0.0000   22.5000  -45.0000 2398.3179   12.7244
    7.5000   22.5000  -45.0000 2379.6848   12.9084
   -7.5000   30.0000  -45.0000 2282.2283   13.8207
    0.0000   30.0000  -45.0000 2292.6108   13.7878
    7.5000   30.0000  -45.0000 2274.2900   13.9994
   -7.5000   37.5000  -45.0000 2158.8137   15.3091
    0.0000   37.5000  -45.0000 2173.2595   15.2472
    7.5000   37.5000  -45.0000 2153.9243   15.4835
   -7.5000   45.0000  -45.0000 2021.6592   17.3265
    0.0000   45.0000  -45.0000 2037.9983   17.2824
    7.5000   45.0000  -45.0000 2023.0599   17.5550
   -7.5000  -45.0000  -37.5000 2380.0579   12.4332
    0.0000  -45.0000  -37.5000 2388.0828   12.4147
    7.5000  -45.0000  -37.5000 2371.4385   12.5040
   -7.5000  -37.5000  -37.5000 2469.9473   11.4667
    0.0000  -37.5000  -37.5000 2479.1321   11.4361
    7.5000  -37.5000  -37.5000 2459.8477   11.4989
   -7.5000  -30.0000  -37.5000 2545.9404   10.7365
    0.0000  -30.0000  -37.5000 2561.5918   10.6851
    7.5000  -30.0000  -37.5000 2539.4871   10.7421
   -7.5000  -22.5000  -37.5000 2602.7522   10.2746
    0.0000  -22.5000  -37.5000 2620.7773   10.2302
    7.5000  -22.5000  -37.5000 2598.4434   10.3009
   -7.5000  -15.0000  -37.5000 2636.5334   10.0840
    0.0000  -15.0000  -37.5000 2654.8955   10.0513
    7.5000  -15.0000  -37.5000 2630.5298   10.1281
   -7.5000   -7.5000  -37.5000 2653.4868   10.1225
    0.0000   -7.5000  -37.5000 2670.4868   10.1019
    7.5000   -7.5000  -37.5000 2640.3713   10.1838
   -7.5000    0.0000  -37.5000 2641.7700   10.4169
    0.0000    0.0000  -37.5000 2662.0251   10.3915
    7.5000    0.0000  -37.5000 2630.6379   10.4840
   -7.5000    7.5000  -37.5000 2615.6133   10.8294
    0.0000    7.5000  -37.5000 2635.5781   10.8034
    7.5000    7.5000  -37.5000 2606.4211   10.9007
   -7.5000   15.0000  -37.5000 2555.7507   11.3525
    0.0000   15.0000  -37.5000 2574.2195   11.3259
    7.5000   15.0000  -37.5000 2545.3706   11.4727
   -7.5000   22.5000  -37.5000 2465.2432   12.0640
    0.0000   22.5000  -37.5000 2481.6929   12.0288
    7.5000   22.5000  -37.5000 2463.0381   12.1910
   -7.5000   30.0000  -37.5000 2353.7771   13.0392
    0.0000   30.0000  -37.5000 2366.5869   13.0045
    7.5000   30.0000  -37.5000 2347.9475   13.1958
   -7.5000   37.5000  -37.5000 2226.7849   14.4663
    0.0000   37.5000  -37.5000 2241.2192   14.3978
    7.5000   37.5000  -37.5000 2224.5264   14.5922
   -7.5000   45.0000  -37.5000 2084.7026   16.3158
    0.0000   45.0000  -37.5000 2098.9712   16.2773
    7.5000   45.0000  -37.5000 2082.3057   16.5237
   -7.5000  -45.0000  -30.0000 2447.2312   12.4038
    0.0000  -45.0000  -30.0000 2456.3994   12.3940
    7.5000  -45.0000  -30.0000 2437.1802   12.5153
   -7.5000  -37.5000  -30.0000 2548.8459   11.4153
    0.0000  -37.5000  -30.0000 2558.2288   11.3904
    7.5000  -37.5000  -30.0000 2540.0833   11.4748
   -7.5000  -30.0000  -30.0000 2628.7197   10.6525
    0.0000  -30.0000  -30.0000 2648.6680   10.6145
    7.5000  -30.0000  -30.0000 2625.6799   10.6948
   -7.5000  -22.5000  -30.0000 2700.7852   10.1528
    0.0000  -22.5000  -30.0000 2721.7439   10.1281
    7.5000  -22.5000  -30.0000 2701.9321   10.2056
   -7.5000  -15.0000  -30.0000 2746.1855    9.9509
    0.0000  -15.0000  -30.0000 2772.3494    9.9449
    7.5000  -15.0000  -30.0000 2747.9258   10.0287
   -7.5000   -7.5000  -30.0000 2776.4138    9.9208
    0.0000   -7.5000  -30.0000 2799.5186    9.9196
    7.5000   -7.5000  -30.0000 2766.6294   10.0489
   -7.5000    0.0000  -30.0000 2773.8115   10.2008
    0.0000    0.0000  -30.0000 2795.1846   10.1767
    7.5000    0.0000  -30.0000 2763.0515   10.3115
   -7.5000    7.5000  -30.0000 2742.6787   10.6315
    0.0000    7.5000  -30.0000 2768.7280   10.6061
    7.5000    7.5000  -30.0000 2733.8657   10.7334
   -7.5000   15.0000  -30.0000 2673.8777   11.1761
    0.0000   15.0000  -30.0000 2699.8149   11.1642
    7.5000   15.0000  -30.0000 2671.7559   11.3001
   -7.5000   22.5000  -30.0000 2581.0552   11.8918
    0.0000   22.5000  -30.0000 2598.7422   11.8649
    7.5000   22.5000  -30.0000 2578.6292   12.0355
   -7.5000   30.0000  -30.0000 2466.2305   12.8534
    0.0000   30.0000  -30.0000 2478.4478   12.8164
    7.5000   30.0000  -30.0000 2457.1597   13.0169
   -7.5000   37.5000  -30.0000 2330.1040   14.2164
    0.0000   37.5000  -30.0000 2346.1787   14.1729
    7.5000   37.5000  -30.0000 2322.6335   14.3812
   -7.5000   45.0000  -30.0000 2177.0908   16.0092
    0.0000   45.0000  -30.0000 2191.5105   15.9940
    7.5000   45.0000  -30.0000 2169.8987   16.2316
   -7.5000  -45.0000  -22.5000 2464.8076   12.3738
    0.0000  -45.0000  -22.5000 2474.9683   12.3958
    7.5000  -45.0000  -22.5000 2457.2190   12.5572
   -7.5000  -37.5000  -22.5000 2572.5522   11.3447
    0.0000  -37.5000  -22.5000 2586.6128   11.3597
    7.5000  -37.5000  -22.5000 2572.2471   11.4885
   -7.5000  -30.0000  -22.5000 2661.7771   10.5787
    0.0000  -30.0000  -22.5000 2685.0862   10.5599
    7.5000  -30.0000  -22.5000 2667.7188   10.6786
   -7.5000  -22.5000  -22.5000 2750.4607   10.0827
    0.0000  -22.5000  -22.5000 2776.2798   10.0681
    7.5000  -22.5000  -22.5000 2757.4004   10.1585
   -7.5000  -15.0000  -22.5000 2816.7629    9.8957
    0.0000  -15.0000  -22.5000 2846.8296    9.8897
    7.5000  -15.0000  -22.5000 2818.6643    9.9629
   -7.5000   -7.5000  -22.5000 2858.4639    9.8380
    0.0000   -7.5000  -22.5000 2885.9890    9.8446
    7.5000   -7.5000  -22.5000 2850.3958    9.9845
   -7.5000    0.0000  -22.5000 2855.4160   10.0315
    0.0000    0.0000  -22.5000 2877.6001   10.0267
    7.5000    0.0000  -22.5000 2847.2964   10.2043
   -7.5000    7.5000  -22.5000 2818.9797   10.4583
    0.0000    7.5000  -22.5000 2841.4626   10.4300
    7.5000    7.5000  -22.5000 2810.2307   10.5999
   -7.5000   15.0000  -22.5000 2749.7839   10.9981
    0.0000   15.0000  -22.5000 2775.4539   10.9780
    7.5000   15.0000  -22.5000 2740.4158   11.1597
   -7.5000   22.5000  -22.5000 2651.2278   11.7214
    0.0000   22.5000  -22.5000 2670.9739   11.6866
    7.5000   22.5000  -22.5000 2645.0813   11.8864
   -7.5000   30.0000  -22.5000 2530.4412   12.6725
    0.0000   30.0000  -22.5000 2542.7603   12.6235
    7.5000   30.0000  -22.5000 2520.4238   12.8438
   -7.5000   37.5000  -22.5000 2390.6882   13.9875
    0.0000   37.5000  -22.5000 2405.3950   13.9305
    7.5000   37.5000  -22.5000 2381.5728   14.1514
   -7.5000   45.0000  -22.5000 2235.4631   15.7222
    0.0000   45.0000  -22.5000 2248.6409   15.7073
    7.5000   45.0000  -22.5000 2229.0093   15.9696
   -7.5000  -45.0000  -15.0000 2434.9712   12.4200
    0.0000  -45.0000  -15.0000 2448.5857   12.4700
    7.5000  -45.0000  -15.0000 2444.2720   12.6491
   -7.5000  -37.5000  -15.0000 2550.2263   11.3854
    0.0000  -37.5000  -15.0000 2565.5354   11.4004
    7.5000  -37.5000  -15.0000 2561.7588   11.5656
   -7.5000  -30.0000  -15.0000 2654.6833   10.6025
    0.0000  -30.0000  -15.0000 2674.1555   10.5896
    7.5000  -30.0000  -15.0000 2665.1047   10.7428
   -7.5000  -22.5000  -15.0000 2760.8706   10.1406
    0.0000  -22.5000  -15.0000 2781.5881   10.1055
    7.5000  -22.5000  -15.0000 2766.0261   10.2223
   -7.5000  -15.0000  -15.0000 2848.8167    9.9544
    0.0000  -15.0000  -15.0000 2867.9680    9.9422
    7.5000  -15.0000  -15.0000 2841.9937   10.0064
   -7.5000   -7.5000  -15.0000 2895.5952    9.9083
    0.0000   -7.5000  -15.0000 2919.6799    9.9093
    7.5000   -7.5000  -15.0000 2882.7151    9.9905
   -7.5000    0.0000  -15.0000 2895.4858   10.0173
    0.0000    0.0000  -15.0000 2914.0598    9.9833
    7.5000    0.0000  -15.0000 2876.4624   10.1412
   -7.5000    7.5000  -15.0000 2852.5266   10.3633
    0.0000    7.5000  -15.0000 2868.4402   10.3108
    7.5000    7.5000  -15.0000 2835.5056   10.5202
   -7.5000   15.0000  -15.0000 2774.9448   10.9066
    0.0000   15.0000  -15.0000 2797.2324   10.8407
    7.5000   15.0000  -15.0000 2765.4583   11.0383
   -7.5000   22.5000  -15.0000 2672.6641   11.6551
    0.0000   22.5000  -15.0000 2690.4856   11.5899
    7.5000   22.5000  -15.0000 2662.1357   11.7982
   -7.5000   30.0000  -15.0000 2544.7639   12.6254
    0.0000   30.0000  -15.0000 2557.0017   12.5556
    7.5000   30.0000  -15.0000 2538.6113   12.7407
   -7.5000   37.5000  -15.0000 2404.1294   13.9265
    0.0000   37.5000  -15.0000 2416.3152   13.8520
    7.5000   37.5000  -15.0000 2399.9685   14.0546
   -7.5000   45.0000  -15.0000 2246.0786   15.6195
    0.0000   45.0000  -15.0000 2260.3899   15.5673
    7.5000   45.0000  -15.0000 2244.0999   15.8212
   -7.5000  -45.0000   -7.5000 2387.8984   12.6299
    0.0000  -45.0000   -7.5000 2403.3933   12.6368
    7.5000  -45.0000   -7.5000 2408.5449   12.8605
   -7.5000  -37.5000   -7.5000 2508.5244   11.5819
    0.0000  -37.5000   -7.5000 2525.4336   11.5558
    7.5000  -37.5000   -7.5000 2525.9001   11.7524
   -7.5000  -30.0000   -7.5000 2624.9697   10.8104
    0.0000  -30.0000   -7.5000 2642.3743   10.7606
    7.5000  -30.0000   -7.5000 2638.3418   10.9196
   -7.5000  -22.5000   -7.5000 2737.5859   10.3570
    0.0000  -22.5000   -7.5000 2752.4351   10.2859
    7.5000  -22.5000   -7.5000 2742.7700   10.3856
   -7.5000  -15.0000   -7.5000 2837.0576   10.1293
    0.0000  -15.0000   -7.5000 2848.1150   10.0662
    7.5000  -15.0000   -7.5000 2823.0752   10.1190
   -7.5000   -7.5000   -7.5000 2891.3057   10.0526
    0.0000   -7.5000   -7.5000 2904.8833    9.9858
    7.5000   -7.5000   -7.5000 2867.9231   10.0498
   -7.5000    0.0000   -7.5000 2895.8003   10.1192
    0.0000    0.0000   -7.5000 2907.7734   10.0134
    7.5000    0.0000   -7.5000 2868.6492   10.1588
   -7.5000    7.5000   -7.5000 2852.9465   10.3916
    0.0000    7.5000   -7.5000 2870.2878   10.3031
    7.5000    7.5000   -7.5000 2827.1577   10.4890
   -7.5000   15.0000   -7.5000 2770.1443   10.9008
    0.0000   15.0000   -7.5000 2788.5928   10.8477
    7.5000   15.0000   -7.5000 2752.3462   11.0237
   -7.5000   22.5000   -7.5000 2661.6377   11.6430
    0.0000   22.5000   -7.5000 2678.6416   11.5892
    7.5000   22.5000   -7.5000 2648.0593   11.7874
   -7.5000   30.0000   -7.5000 2525.7222   12.6061
    0.0000   30.0000   -7.5000 2536.2915   12.5578
    7.5000   30.0000   -7.5000 2517.7395   12.7307
   -7.5000   37.5000   -7.5000 2391.2722   13.8778
    0.0000   37.5000   -7.5000 2400.8105   13.8299
    7.5000   37.5000   -7.5000 2382.9705   14.0267
   -7.5000   45.0000   -7.5000 2233.9670   15.4993
    0.0000   45.0000   -7.5000 2246.6116   15.4913
    7.5000   45.0000   -7.5000 2232.1509   15.7261
   -7.5000  -45.0000    0.0000 2344.0867   13.1586
    0.0000  -45.0000    0.0000 2357.5098   13.1331
    7.5000  -45.0000    0.0000 2362.5459   13.3416
   -7.5000  -37.5000    0.0000 2463.6738   12.0384
    0.0000  -37.5000    0.0000 2478.9497   11.9881
    7.5000  -37.5000    0.0000 2476.3242   12.1609
   -7.5000  -30.0000    0.0000 2575.1299   11.2256
    0.0000  -30.0000    0.0000 2591.2371   11.1545
    7.5000  -30.0000    0.0000 2585.6265   11.3148
   -7.5000  -22.5000    0.0000 2682.2703   10.7061
    0.0000  -22.5000    0.0000 2697.2109   10.6175
    7.5000  -22.5000    0.0000 2686.1028   10.7487
   -7.5000  -15.0000    0.0000 2783.1492   10.3800
    0.0000  -15.0000    0.0000 2789.5181   10.2971
    7.5000  -15.0000    0.0000 2769.4741   10.4130
   -7.5000   -7.5000    0.0000 2839.8496   10.2281
    0.0000   -7.5000    0.0000 2846.5452   10.1112
    7.5000   -7.5000    0.0000 2817.6733   10.2765
   -7.5000    0.0000    0.0000 2842.9570   10.2985
    0.0000    0.0000    0.0000 2854.1919   10.1879
    7.5000    0.0000    0.0000 2822.3481   10.3889
   -7.5000    7.5000    0.0000 2810.3235   10.5827
    0.0000    7.5000    0.0000 2827.9009   10.5175
    7.5000    7.5000    0.0000 2789.0840   10.7090
   -7.5000   15.0000    0.0000 2731.7485   11.0988
    0.0000   15.0000    0.0000 2750.5039   11.0604
    7.5000   15.0000    0.0000 2717.7073   11.2459
   -7.5000   22.5000    0.0000 2624.3689   11.8251
    0.0000   22.5000    0.0000 2642.3567   11.8044
    7.5000   22.5000    0.0000 2614.0955   11.9883
   -7.5000   30.0000    0.0000 2492.2380   12.7742
    0.0000   30.0000    0.0000 2506.0593   12.7231
    7.5000   30.0000    0.0000 2481.8992   12.9396
   -7.5000   37.5000    0.0000 2355.0210   14.0014
    0.0000   37.5000    0.0000 2370.0896   13.9522
    7.5000   37.5000    0.0000 2349.4285   14.1804
   -7.5000   45.0000    0.0000 2201.5195   15.6018
    0.0000   45.0000    0.0000 2215.5771   15.5978
    7.5000   45.0000    0.0000 2203.1521   15.8282
   -7.5000  -45.0000    7.5000 2294.7249   13.9270
    0.0000  -45.0000    7.5000 2304.2476   13.8979
    7.5000  -45.0000    7.5000 2299.0845   14.1051
   -7.5000  -37.5000    7.5000 2411.6875   12.6828
    0.0000  -37.5000    7.5000 2426.6990   12.6331
    7.5000  -37.5000    7.5000 2416.7734   12.8402
   -7.5000  -30.0000    7.5000 2514.7371   11.7503
    0.0000  -30.0000    7.5000 2536.4895   11.6919
    7.5000  -30.0000    7.5000 2527.8979   11.9086
   -7.5000  -22.5000    7.5000 2615.5229   11.1137
    0.0000  -22.5000    7.5000 2631.9622   11.0377
    7.5000  -22.5000    7.5000 2625.0310   11.2614
   -7.5000  -15.0000    7.5000 2706.4868   10.7140
    0.0000  -15.0000    7.5000 2717.2351   10.6044
    7.5000  -15.0000    7.5000 2704.5032   10.8390
   -7.5000   -7.5000    7.5000 2763.1479   10.5125
    0.0000   -7.5000    7.5000 2774.1611   10.3935
    7.5000   -7.5000    7.5000 2754.6406   10.6576
   -7.5000    0.0000    7.5000 2764.3306   10.6396
    0.0000    0.0000    7.5000 2776.2498   10.5243
    7.5000    0.0000    7.5000 2759.3923   10.7790
   -7.5000    7.5000    7.5000 2734.7568   10.9732
    0.0000    7.5000    7.5000 2748.5857   10.8634
    7.5000    7.5000    7.5000 2722.8162   11.1219
   -7.5000   15.0000    7.5000 2668.7439   11.5022
    0.0000   15.0000    7.5000 2683.8203   11.4150
    7.5000   15.0000    7.5000 2655.5188   11.6524
   -7.5000   22.5000    7.5000 2568.4182   12.2083
    0.0000   22.5000    7.5000 2591.2168   12.1444
    7.5000   22.5000    7.5000 2560.3501   12.3538
   -7.5000   30.0000    7.5000 2442.8381   13.1765
    0.0000   30.0000    7.5000 2462.8279   13.0872
    7.5000   30.0000    7.5000 2432.2307   13.3065
   -7.5000   37.5000    7.5000 2307.7783   14.3959
    0.0000   37.5000    7.5000 2326.1145   14.3098
    7.5000   37.5000    7.5000 2302.8076   14.5348
   -7.5000   45.0000    7.5000 2156.0581   15.9642
    0.0000   45.0000    7.5000 2166.4641   15.9356
    7.5000   45.0000    7.5000 2155.8562   16.1552
   -7.5000  -45.0000   15.0000 2227.7644   14.8273
    0.0000  -45.0000   15.0000 2241.4966   14.7844
    7.5000  -45.0000   15.0000 2234.4929   15.0744
   -7.5000  -37.5000   15.0000 2344.9766   13.4625
    0.0000  -37.5000   15.0000 2364.8157   13.4000
    7.5000  -37.5000   15.0000 2353.4849   13.6891
   -7.5000  -30.0000   15.0000 2449.4753   12.4611
    0.0000  -30.0000   15.0000 2469.4460   12.3790
    7.5000  -30.0000   15.0000 2459.5977   12.6783
   -7.5000  -22.5000   15.0000 2547.0879   11.7862
    0.0000  -22.5000   15.0000 2562.1370   11.6693
    7.5000  -22.5000   15.0000 2552.3101   11.9429
   -7.5000  -15.0000   15.0000 2619.5562   11.3493
    0.0000  -15.0000   15.0000 2633.4363   11.2125
    7.5000  -15.0000   15.0000 2622.5872   11.4641
   -7.5000   -7.5000   15.0000 2670.9912   11.1133
    0.0000   -7.5000   15.0000 2682.2439   10.9999
    7.5000   -7.5000   15.0000 2667.5952   11.2517
   -7.5000    0.0000   15.0000 2666.7236   11.2320
    0.0000    0.0000   15.0000 2678.8130   11.1277
    7.5000    0.0000   15.0000 2668.4880   11.3887
   -7.5000    7.5000   15.0000 2636.2175   11.6028
    0.0000    7.5000   15.0000 2647.8682   11.4764
    7.5000    7.5000   15.0000 2632.5583   11.7401
   -7.5000   15.0000   15.0000 2579.0439   12.1103
    0.0000   15.0000   15.0000 2590.9895   12.0032
    7.5000   15.0000   15.0000 2570.8857   12.2451
   -7.5000   22.5000   15.0000 2493.4319   12.7804
    0.0000   22.5000   15.0000 2516.1587   12.6833
    7.5000   22.5000   15.0000 2487.7100   12.9251
   -7.5000   30.0000   15.0000 2380.1765   13.6994
    0.0000   30.0000   15.0000 2405.9153   13.6085
    7.5000   30.0000   15.0000 2377.9641   13.8251
   -7.5000   37.5000   15.0000 2251.9753   14.9513
    0.0000   37.5000   15.0000 2269.8796   14.8383
    7.5000   37.5000   15.0000 2249.6877   15.0577
   -7.5000   45.0000   15.0000 2100.2598   16.5576
    0.0000   45.0000   15.0000 2115.7139   16.4781
    7.5000   45.0000   15.0000 2101.9158   16.7048
   -7.5000  -45.0000   22.5000 2155.3740   15.9265
    0.0000  -45.0000   22.5000 2170.1775   15.8671
    7.5000  -45.0000   22.5000 2163.8003   16.2619
   -7.5000  -37.5000   22.5000 2268.7874   14.4669
    0.0000  -37.5000   22.5000 2290.3503   14.3855
    7.5000  -37.5000   22.5000 2280.6931   14.7577
   -7.5000  -30.0000   22.5000 2371.9465   13.4117
    0.0000  -30.0000   22.5000 2394.1443   13.2885
    7.5000  -30.0000   22.5000 2381.2961   13.6358
   -7.5000  -22.5000   22.5000 2463.1570   12.6989
    0.0000  -22.5000   22.5000 2480.6196   12.5593
    7.5000  -22.5000   22.5000 2468.7534   12.8398
   -7.5000  -15.0000   22.5000 2532.0046   12.2316
    0.0000  -15.0000   22.5000 2546.4031   12.0945
    7.5000  -15.0000   22.5000 2532.0474   12.3543
   -7.5000   -7.5000   22.5000 2571.5188   11.9728
    0.0000   -7.5000   22.5000 2585.9102   11.8611
    7.5000   -7.5000   22.5000 2571.7410   12.0911
   -7.5000    0.0000   22.5000 2565.4141   12.0660
    0.0000    0.0000   22.5000 2578.2415   11.9620
    7.5000    0.0000   22.5000 2567.4270   12.2103
   -7.5000    7.5000   22.5000 2536.4766   12.4170
    0.0000    7.5000   22.5000 2546.0244   12.3197
    7.5000    7.5000   22.5000 2534.5618   12.5806
   -7.5000   15.0000   22.5000 2480.1467   12.9166
    0.0000   15.0000   22.5000 2494.5129   12.8265
    7.5000   15.0000   22.5000 2475.7708   13.0708
   -7.5000   22.5000   22.5000 2404.3997   13.5512
    0.0000   22.5000   22.5000 2427.4751   13.4470
    7.5000   22.5000   22.5000 2402.1274   13.6919
   -7.5000   30.0000   22.5000 2309.0579   14.4531
    0.0000   30.0000   22.5000 2329.4866   14.3346
    7.5000   30.0000   22.5000 2305.2744   14.5480
   -7.5000   37.5000   22.5000 2191.4841   15.6598
    0.0000   37.5000   22.5000 2203.7959   15.5730
    7.5000   37.5000   22.5000 2185.9531   15.7688
   -7.5000   45.0000   22.5000 2045.3204   17.3476
    0.0000   45.0000   22.5000 2056.7615   17.2595
    7.5000   45.0000   22.5000 2046.9136   17.4732
   -7.5000  -45.0000   30.0000 2074.2122   17.3184
    0.0000  -45.0000   30.0000 2089.6116   17.2198
    7.5000  -45.0000   30.0000 2083.7063   17.6487
   -7.5000  -37.5000   30.0000 2180.8989   15.7442
    0.0000  -37.5000   30.0000 2205.4976   15.6347
    7.5000  -37.5000   30.0000 2193.7095   16.0286
   -7.5000  -30.0000   30.0000 2284.3740   14.6172
    0.0000  -30.0000   30.0000 2310.1528   14.4657
    7.5000  -30.0000   30.0000 2296.3381   14.8192
   -7.5000  -22.5000   30.0000 2372.0693   13.8565
    0.0000  -22.5000   30.0000 2395.3186   13.6941
    7.5000  -22.5000   30.0000 2381.7859   13.9556
   -7.5000  -15.0000   30.0000 2435.5376   13.3212
    0.0000  -15.0000   30.0000 2451.3262   13.1944
    7.5000  -15.0000   30.0000 2434.9270   13.4209
   -7.5000   -7.5000   30.0000 2459.7390   13.0668
    0.0000   -7.5000   30.0000 2477.2817   12.9759
    7.5000   -7.5000   30.0000 2463.7197   13.1514
   -7.5000    0.0000   30.0000 2454.4917   13.1002
    0.0000    0.0000   30.0000 2470.2305   13.0042
    7.5000    0.0000   30.0000 2457.2495   13.2160
   -7.5000    7.5000   30.0000 2431.8411   13.4269
    0.0000    7.5000   30.0000 2443.4727   13.3377
    7.5000    7.5000   30.0000 2431.2720   13.5683
   -7.5000   15.0000   30.0000 2380.9192   13.9242
    0.0000   15.0000   30.0000 2398.8491   13.8262
    7.5000   15.0000   30.0000 2384.3708   14.0643
   -7.5000   22.5000   30.0000 2314.5657   14.5640
    0.0000   22.5000   30.0000 2333.8904   14.4349
    7.5000   22.5000   30.0000 2315.0269   14.6674
   -7.5000   30.0000   30.0000 2225.1582   15.4304
    0.0000   30.0000   30.0000 2247.6716   15.2667
    7.5000   30.0000   30.0000 2229.1604   15.4809
   -7.5000   37.5000   30.0000 2112.6165   16.6444
    0.0000   37.5000   30.0000 2128.4958   16.5345
    7.5000   37.5000   30.0000 2114.0442   16.7246
   -7.5000   45.0000   30.0000 1985.4264   18.3291
    0.0000   45.0000   30.0000 1995.3267   18.2661
    7.5000   45.0000   30.0000 1985.1924   18.4943
   -7.5000  -45.0000   37.5000 1984.6471   19.0271
    0.0000  -45.0000   37.5000 1999.2629   18.8857
    7.5000  -45.0000   37.5000 1996.6594   19.3667
   -7.5000  -37.5000   37.5000 2088.9346   17.3468
    0.0000  -37.5000   37.5000 2112.7864   17.2155
    7.5000  -37.5000   37.5000 2102.9280   17.6081
   -7.5000  -30.0000   37.5000 2189.3706   16.1334
    0.0000  -30.0000   37.5000 2218.0354   15.9472
    7.5000  -30.0000   37.5000 2206.3760   16.2841
   -7.5000  -22.5000   37.5000 2278.1284   15.2593
    0.0000  -22.5000   37.5000 2302.5989   15.0912
    7.5000  -22.5000   37.5000 2291.9226   15.3452
   -7.5000  -15.0000   37.5000 2337.7083   14.6376
    0.0000  -15.0000   37.5000 2353.5649   14.5162
    7.5000  -15.0000   37.5000 2339.7661   14.7148
   -7.5000   -7.5000   37.5000 2355.5503   14.3823
    0.0000   -7.5000   37.5000 2369.5166   14.2665
    7.5000   -7.5000   37.5000 2359.1763   14.4222
   -7.5000    0.0000   37.5000 2349.1333   14.3585
    0.0000    0.0000   37.5000 2368.9402   14.2699
    7.5000    0.0000   37.5000 2352.2070   14.4353
   -7.5000    7.5000   37.5000 2327.7183   14.6865
    0.0000    7.5000   37.5000 2343.5820   14.5681
    7.5000    7.5000   37.5000 2331.3870   14.7858
   -7.5000   15.0000   37.5000 2284.4670   15.1596
    0.0000   15.0000   37.5000 2305.0657   15.0373
    7.5000   15.0000   37.5000 2291.8716   15.2357
   -7.5000   22.5000   37.5000 2224.5630   15.7826
    0.0000   22.5000   37.5000 2244.0308   15.6373
    7.5000   22.5000   37.5000 2226.4153   15.8418
   -7.5000   30.0000   37.5000 2137.3005   16.6573
    0.0000   30.0000   37.5000 2159.5261   16.4952
    7.5000   30.0000   37.5000 2144.1367   16.7038
   -7.5000   37.5000   37.5000 2035.1134   17.9095
    0.0000   37.5000   37.5000 2051.3950   17.7809
    7.5000   37.5000   37.5000 2039.8710   17.9864
   -7.5000   45.0000   37.5000 1919.3490   19.6228
    0.0000   45.0000   37.5000 1928.2777   19.5427
    7.5000   45.0000   37.5000 1921.9730   19.8536
   -7.5000  -45.0000   45.0000 1890.2847   21.2998
    0.0000  -45.0000   45.0000 1901.9639   20.9864
    7.5000  -45.0000   45.0000 1898.1467   21.5222
   -7.5000  -37.5000   45.0000 1990.7146   19.4068
    0.0000  -37.5000   45.0000 2008.8638   19.1789
    7.5000  -37.5000   45.0000 2003.1288   19.5309
   -7.5000  -30.0000   45.0000 2087.7236   18.0307
    0.0000  -30.0000   45.0000 2115.3374   17.7850
    7.5000  -30.0000   45.0000 2106.6460   18.0803
   -7.5000  -22.5000   45.0000 2176.5559   17.0181
    0.0000  -22.5000   45.0000 2198.0898   16.7995
    7.5000  -22.5000   45.0000 2185.5183   16.9984
   -7.5000  -15.0000   45.0000 2233.0776   16.2984
    0.0000  -15.0000   45.0000 2248.7761   16.1517
    7.5000  -15.0000   45.0000 2232.1848   16.2949
   -7.5000   -7.5000   45.0000 2246.9287   15.9569
    0.0000   -7.5000   45.0000 2262.6765   15.8207
    7.5000   -7.5000   45.0000 2250.8584   15.9817
   -7.5000    0.0000   45.0000 2239.7458   15.8549
    0.0000    0.0000   45.0000 2256.3027   15.7601
    7.5000    0.0000   45.0000 2243.7651   15.9132
   -7.5000    7.5000   45.0000 2218.7949   16.0931
    0.0000    7.5000   45.0000 2235.4941   15.9920
    7.5000    7.5000   45.0000 2227.7771   16.2057
   -7.5000   15.0000   45.0000 2180.8928   16.5831
    0.0000   15.0000   45.0000 2199.7046   16.4689
    7.5000   15.0000   45.0000 2191.8225   16.6664
   -7.5000   22.5000   45.0000 2129.6492   17.2574
    0.0000   22.5000   45.0000 2147.9700   17.0946
    7.5000   22.5000   45.0000 2132.4807   17.2927
   -7.5000   30.0000   45.0000 2050.8677   18.1770
    0.0000   30.0000   45.0000 2068.0640   17.9853
    7.5000   30.0000   45.0000 2058.0261   18.2045
   -7.5000   37.5000   45.0000 1951.4574   19.5103
    0.0000   37.5000   45.0000 1966.2399   19.3451
    7.5000   37.5000   45.0000 1958.6132   19.6075
   -7.5000   45.0000   45.0000 1843.9205   21.3316
    0.0000   45.0000   45.0000 1849.7808   21.1791
    7.5000   45.0000   45.0000 1845.8529   21.5556

---------------------------------------------------------------------
imgreg_4dfp /opt/freesurfer/average/711-2C_as_mni_average_305 /opt/freesurfer/average/711-2B_as_mni_average_305_mask talsrcimg_g11 none talsrcimg_to_711-2C_as_mni_average_305_t4 1283
---------------------------------------------------------------------

freesurfer imgreg_4dfp.c
/opt/freesurfer/average/711-2C_as_mni_average_305.4dfp.img
       256       256       256         1
  1.000000  1.000000  1.000000
orientation T byte_order littleendian
Reading image: /opt/freesurfer/average/711-2C_as_mni_average_305.4dfp.img
dimensions:      256       256       256
mmppix:       1.0000   -1.0000   -1.0000
center:     128.0000 -129.0000 -129.0000
/opt/freesurfer/average/711-2B_as_mni_average_305_mask.4dfp.img
       256       256       256         1
  1.000000  1.000000  1.000000
orientation T byte_order littleendian
Reading mask: /opt/freesurfer/average/711-2B_as_mni_average_305_mask.4dfp.img (2306576 pixels)
talsrcimg_g11.4dfp.img
       256       256       256         1
  1.000000  1.000000  1.000000
orientation T byte_order littleendian
Reading image: talsrcimg_g11.4dfp.img
dimensions:      256       256       256
mmppix:       1.0000   -1.0000   -1.0000
center:     128.0000 -129.0000 -129.0000
rotation matrix determinant  1.000000
fimgreg.f
image alignment mode   1283 decimal      503 hex
parameters
    0.0000   -7.5000  -15.0000    0.0000    0.0000    0.0000
eta,q 0.91741  9.91895
niter,ni,del,rscale     5    3   12.0000    1.2000
parameter  2 -0.542716 -> -0.500000 qaram    1.1500
parameter  4-15.479974 ->  0.500000 qaram    1.1500
parameter  5  0.709133 ->  0.500000 qaram    1.1500
parameter  6  1.443860 ->  0.500000 qaram    1.1500
parameters
   -0.2765   -4.0500  -15.1970   -3.4500   -3.4500   -3.4500
eta,q 0.92915  9.79230
  0.0909  0.0948  0.0849  0.0720  0.0745  0.0700
  0.0877  0.0900  0.0843  0.0746  0.0744  0.0706
  0.0843  0.0861  0.0820  0.0782  0.0742  0.0720
  0.0834  0.0831  0.0816  0.0814  0.0755  0.0743
  0.0852  0.0814  0.0826  0.0838  0.0785  0.0775
  0.0884  0.0815  0.0840  0.0870  0.0817  0.0810
  0.0925  0.0828  0.0856  0.0897  0.0843  0.0838
niter,ni,del,rscale     7    3   12.0000    1.2000
parameter  4  1.912051 ->  0.500000 qaram    1.3225
parameters
   -0.3800   -3.4234  -13.8873   -7.4175   -4.5796   -5.7280
eta,q 0.93485  9.86365
  0.0807  0.0839  0.0786  0.0633  0.0696  0.0677
  0.0758  0.0772  0.0765  0.0651  0.0680  0.0655
  0.0726  0.0722  0.0730  0.0680  0.0667  0.0651
  0.0708  0.0709  0.0712  0.0711  0.0659  0.0661
  0.0720  0.0729  0.0712  0.0737  0.0671  0.0676
  0.0761  0.0758  0.0727  0.0776  0.0699  0.0701
  0.0817  0.0789  0.0746  0.0834  0.0739  0.0744
niter,ni,del,rscale     7    3   12.0000    1.2000
parameter  4  1.210372 ->  0.500000 qaram    1.5209
parameters
   -0.1089   -1.7599  -13.7633  -11.9801   -4.2474   -5.5211
eta,q 0.94004  9.74160
  0.0779  0.0818  0.0720  0.0601  0.0667  0.0670
  0.0719  0.0734  0.0681  0.0599  0.0636  0.0633
  0.0678  0.0681  0.0651  0.0614  0.0617  0.0609
  0.0651  0.0650  0.0643  0.0644  0.0601  0.0600
  0.0658  0.0646  0.0656  0.0694  0.0600  0.0607
  0.0703  0.0670  0.0679  0.0743  0.0621  0.0625
  0.0763  0.0706  0.0711  0.0772  0.0663  0.0664
niter,ni,del,rscale     7    3   12.0000    1.2000
parameters
   -0.5480    0.0365  -14.2708  -14.1720   -4.0872   -5.8777
eta,q 0.94159  9.72800
  0.0720  0.0803  0.0668  0.0665  0.0669  0.0638
  0.0658  0.0691  0.0621  0.0601  0.0633  0.0606
  0.0616  0.0627  0.0602  0.0582  0.0606  0.0589
  0.0600  0.0600  0.0603  0.0602  0.0585  0.0584
  0.0631  0.0606  0.0614  0.0635  0.0586  0.0591
  0.0692  0.0623  0.0643  0.0689  0.0622  0.0615
  0.0751  0.0652  0.0690  0.0761  0.0671  0.0651
niter,ni,del,rscale     6    3   12.0000    1.2000
parameters
   -0.6374    0.9701  -14.4799  -14.9947   -3.8848   -6.2818
eta,q 0.94188  9.74207
  0.0732  0.0739  0.0669  0.0690  0.0671  0.0632
  0.0660  0.0646  0.0617  0.0627  0.0633  0.0601
  0.0607  0.0594  0.0593  0.0577  0.0605  0.0583
  0.0584  0.0584  0.0589  0.0588  0.0583  0.0582
  0.0607  0.0598  0.0597  0.0617  0.0587  0.0589
  0.0672  0.0616  0.0629  0.0660  0.0623  0.0612
  0.0738  0.0660  0.0679  0.0723  0.0669  0.0644
niter,ni,del,rscale     5    3   12.0000    1.2000
parameters
   -0.6738    1.2220  -14.6302  -15.3859   -3.6776   -6.4563
eta,q 0.94214  9.74337
  0.0735  0.0708  0.0665  0.0695  0.0669  0.0635
  0.0660  0.0624  0.0613  0.0638  0.0631  0.0601
  0.0604  0.0582  0.0588  0.0575  0.0601  0.0581
  0.0581  0.0581  0.0583  0.0582  0.0580  0.0579
  0.0603  0.0595  0.0591  0.0608  0.0585  0.0586
  0.0666  0.0619  0.0621  0.0650  0.0621  0.0606
  0.0737  0.0680  0.0672  0.0708  0.0665  0.0639
niter,ni,del,rscale     4    3   12.0000    1.2000
parameters
   -0.7108    1.3047  -14.7272  -15.5795   -3.5603   -6.5444
eta,q 0.94228  9.74349
  0.0733  0.0700  0.0664  0.0697  0.0666  0.0636
  0.0657  0.0619  0.0612  0.0643  0.0628  0.0600
  0.0601  0.0579  0.0585  0.0574  0.0598  0.0580
  0.0579  0.0579  0.0579  0.0579  0.0578  0.0577
  0.0601  0.0592  0.0588  0.0604  0.0586  0.0585
  0.0663  0.0620  0.0617  0.0644  0.0621  0.0604
  0.0735  0.0686  0.0669  0.0702  0.0665  0.0636
niter,ni,del,rscale     3    3   12.0000    1.2000
parameters
   -0.7397    1.3368  -14.7854  -15.6794   -3.4942   -6.5787
eta,q 0.94235  9.74322
  0.0732  0.0697  0.0664  0.0697  0.0664  0.0636
  0.0656  0.0618  0.0611  0.0645  0.0626  0.0600
  0.0600  0.0578  0.0584  0.0574  0.0597  0.0580
  0.0577  0.0577  0.0577  0.0577  0.0577  0.0577
  0.0600  0.0590  0.0586  0.0602  0.0586  0.0584
  0.0661  0.0620  0.0615  0.0641  0.0622  0.0603
  0.0733  0.0688  0.0666  0.0699  0.0665  0.0635
niter,ni,del,rscale     2    3   12.0000    1.2000
parameters
   -0.7558    1.3491  -14.8199  -15.7304   -3.4617   -6.5932
eta,q 0.94238  9.74300
  0.0732  0.0696  0.0664  0.0697  0.0663  0.0637
  0.0656  0.0617  0.0611  0.0646  0.0625  0.0600
  0.0599  0.0578  0.0584  0.0575  0.0596  0.0580
  0.0577  0.0577  0.0577  0.0577  0.0576  0.0576
  0.0599  0.0590  0.0585  0.0600  0.0586  0.0584
  0.0660  0.0620  0.0614  0.0639  0.0622  0.0602
  0.0732  0.0689  0.0665  0.0697  0.0666  0.0635
registration optimization eta report
parameter search radius
    6.0000    6.9000    6.0000    9.1253    6.9000    6.9000
100000*second partial in parameter space
       42.       25.       25.       15.       18.       13.
  0.0732  0.0696  0.0664  0.0697  0.0663  0.0637
  0.0656  0.0617  0.0611  0.0646  0.0625  0.0600
  0.0599  0.0578  0.0584  0.0575  0.0596  0.0580
  0.0577  0.0577  0.0577  0.0577  0.0576  0.0576
  0.0599  0.0590  0.0585  0.0600  0.0586  0.0584
  0.0660  0.0620  0.0614  0.0639  0.0622  0.0602
  0.0732  0.0689  0.0665  0.0697  0.0666  0.0635
   -0.7558    1.3491  -14.8199  -15.7304   -3.4617   -6.5932
eta,q 0.94238  9.74300

---------------------------------------------------------------------
imgreg_4dfp /opt/freesurfer/average/711-2C_as_mni_average_305 /opt/freesurfer/average/711-2B_as_mni_average_305_mask talsrcimg_g11 none talsrcimg_to_711-2C_as_mni_average_305_t4 3335
---------------------------------------------------------------------

freesurfer imgreg_4dfp.c
/opt/freesurfer/average/711-2C_as_mni_average_305.4dfp.img
       256       256       256         1
  1.000000  1.000000  1.000000
orientation T byte_order littleendian
Reading image: /opt/freesurfer/average/711-2C_as_mni_average_305.4dfp.img
dimensions:      256       256       256
mmppix:       1.0000   -1.0000   -1.0000
center:     128.0000 -129.0000 -129.0000
/opt/freesurfer/average/711-2B_as_mni_average_305_mask.4dfp.img
       256       256       256         1
  1.000000  1.000000  1.000000
orientation T byte_order littleendian
Reading mask: /opt/freesurfer/average/711-2B_as_mni_average_305_mask.4dfp.img (2306576 pixels)
talsrcimg_g11.4dfp.img
       256       256       256         1
  1.000000  1.000000  1.000000
orientation T byte_order littleendian
Reading image: talsrcimg_g11.4dfp.img
dimensions:      256       256       256
mmppix:       1.0000   -1.0000   -1.0000
center:     128.0000 -129.0000 -129.0000
fimgreg.f
image alignment mode   3335 decimal      D07 hex
parameters
   -0.7558    1.3491  -14.8199   -0.8426   -4.1938   -3.9208
    9.4257    8.8864  -11.4610   26.2645   -6.0381  -27.0617
eta,q 0.94342  9.84987
niter,ni,del,rscale     5    3    5.0000    1.2000
parameter  4  2.043571 ->  0.500000 qaram    1.1500
parameter  5  2.646502 ->  0.500000 qaram    1.1500
parameter  6  1.268993 ->  0.500000 qaram    1.1500
parameter  9 -0.552285 -> -0.500000 qaram    1.1500
parameter 12 -0.855766 -> -0.500000 qaram    1.1500
parameters
   -0.4475    1.7211  -15.2575   -4.9826   -8.3338   -8.0608
    8.9732    8.8991   -7.3210   24.1083   -6.2199  -22.9217
eta,q 0.95664  9.45091
  0.0594  0.0585  0.0576  0.0511  0.0464  0.0436  0.0466  0.0484  0.0478  0.0456  0.0452  0.0478
  0.0580  0.0576  0.0568  0.0523  0.0480  0.0444  0.0456  0.0466  0.0465  0.0447  0.0447  0.0463
  0.0571  0.0569  0.0565  0.0541  0.0501  0.0460  0.0450  0.0453  0.0455  0.0442  0.0443  0.0451
  0.0566  0.0565  0.0565  0.0564  0.0527  0.0486  0.0448  0.0448  0.0448  0.0444  0.0442  0.0442
  0.0566  0.0565  0.0569  0.0592  0.0557  0.0522  0.0451  0.0452  0.0444  0.0454  0.0443  0.0436
  0.0572  0.0568  0.0577  0.0622  0.0587  0.0564  0.0459  0.0464  0.0444  0.0471  0.0447  0.0433
  0.0583  0.0576  0.0589  0.0654  0.0621  0.0606  0.0471  0.0485  0.0447  0.0489  0.0454  0.0433
niter,ni,del,rscale     7    3    5.0000    1.2000
parameter  4  0.810193 ->  0.500000 qaram    1.3225
parameter  5  1.017224 ->  0.500000 qaram    1.3225
parameter  6  0.872102 ->  0.500000 qaram    1.3225
parameters
   -0.5841    1.2876  -15.2678   -9.7436  -13.0948  -12.8218
    8.7807    8.4146   -7.8397   23.5901   -6.5256  -20.1099
eta,q 0.96362  8.82097
  0.0459  0.0447  0.0449  0.0414  0.0385  0.0359  0.0389  0.0399  0.0386  0.0385  0.0374  0.0392
  0.0444  0.0437  0.0440  0.0413  0.0388  0.0365  0.0377  0.0381  0.0375  0.0374  0.0370  0.0380
  0.0436  0.0433  0.0434  0.0418  0.0397  0.0373  0.0369  0.0369  0.0368  0.0367  0.0367  0.0372
  0.0434  0.0433  0.0433  0.0433  0.0414  0.0389  0.0366  0.0366  0.0366  0.0366  0.0366  0.0366
  0.0438  0.0438  0.0435  0.0452  0.0435  0.0413  0.0370  0.0372  0.0370  0.0370  0.0367  0.0364
  0.0448  0.0448  0.0440  0.0479  0.0464  0.0449  0.0379  0.0387  0.0379  0.0378  0.0370  0.0366
  0.0465  0.0461  0.0449  0.0511  0.0497  0.0494  0.0391  0.0409  0.0392  0.0391  0.0375  0.0371
niter,ni,del,rscale     7    3    5.0000    1.2000
parameter  6  0.565845 ->  0.500000 qaram    1.5209
parameters
   -0.5395    1.4260  -15.7210  -13.1814  -17.3705  -18.2969
    7.9253    8.3510   -8.5791   22.1837   -5.7409  -21.0476
eta,q 0.96609  8.18673
  0.0397  0.0390  0.0373  0.0372  0.0365  0.0350  0.0358  0.0379  0.0359  0.0354  0.0348  0.0348
  0.0379  0.0376  0.0367  0.0364  0.0357  0.0342  0.0348  0.0359  0.0348  0.0344  0.0344  0.0342
  0.0368  0.0367  0.0363  0.0361  0.0356  0.0345  0.0342  0.0346  0.0342  0.0340  0.0341  0.0339
  0.0364  0.0364  0.0364  0.0363  0.0361  0.0356  0.0342  0.0341  0.0341  0.0341  0.0339  0.0339
  0.0367  0.0366  0.0368  0.0374  0.0375  0.0376  0.0346  0.0346  0.0345  0.0347  0.0340  0.0342
  0.0378  0.0373  0.0375  0.0393  0.0395  0.0406  0.0355  0.0360  0.0353  0.0356  0.0342  0.0346
  0.0395  0.0385  0.0385  0.0419  0.0423  0.0446  0.0368  0.0381  0.0366  0.0369  0.0345  0.0352
niter,ni,del,rscale     7    3    5.0000    1.2000
parameters
   -0.5349    2.2714  -16.7193  -14.0191  -19.5457  -20.1146
    7.7031    8.1286   -8.8479   23.7643   -5.0943  -20.7653
eta,q 0.96698  7.98583
  0.0368  0.0377  0.0339  0.0355  0.0349  0.0371  0.0350  0.0365  0.0352  0.0361  0.0339  0.0341
  0.0352  0.0359  0.0335  0.0343  0.0339  0.0349  0.0339  0.0347  0.0340  0.0346  0.0335  0.0334
  0.0342  0.0347  0.0334  0.0336  0.0333  0.0334  0.0332  0.0335  0.0333  0.0336  0.0331  0.0331
  0.0339  0.0339  0.0337  0.0334  0.0334  0.0333  0.0331  0.0331  0.0331  0.0331  0.0330  0.0330
  0.0343  0.0337  0.0342  0.0337  0.0341  0.0348  0.0334  0.0336  0.0334  0.0331  0.0331  0.0331
  0.0352  0.0339  0.0350  0.0347  0.0355  0.0372  0.0341  0.0349  0.0342  0.0335  0.0333  0.0334
  0.0368  0.0346  0.0361  0.0367  0.0376  0.0409  0.0352  0.0370  0.0354  0.0342  0.0337  0.0338
niter,ni,del,rscale     6    3    5.0000    1.2000
parameters
   -0.5426    3.0434  -17.6890  -14.3872  -21.9020  -21.8219
    7.4274    8.1435   -8.7081   26.0833   -5.1679  -20.0867
eta,q 0.96778  7.81295
  0.0357  0.0362  0.0331  0.0350  0.0338  0.0362  0.0342  0.0357  0.0348  0.0352  0.0331  0.0333
  0.0342  0.0347  0.0327  0.0336  0.0330  0.0343  0.0332  0.0340  0.0335  0.0338  0.0326  0.0327
  0.0333  0.0336  0.0326  0.0328  0.0325  0.0328  0.0325  0.0328  0.0327  0.0329  0.0323  0.0323
  0.0330  0.0330  0.0328  0.0326  0.0326  0.0325  0.0324  0.0324  0.0324  0.0324  0.0322  0.0322
  0.0333  0.0328  0.0333  0.0329  0.0333  0.0339  0.0327  0.0328  0.0326  0.0322  0.0323  0.0323
  0.0343  0.0331  0.0341  0.0338  0.0345  0.0362  0.0334  0.0339  0.0334  0.0324  0.0326  0.0326
  0.0357  0.0337  0.0351  0.0355  0.0363  0.0398  0.0344  0.0357  0.0347  0.0330  0.0331  0.0329
niter,ni,del,rscale     5    3    5.0000    1.2000
parameter  3  0.551513 ->  0.500000 qaram    1.1500
parameters
   -0.5240    4.1914  -19.0690  -15.2367  -25.5794  -24.1036
    7.0720    8.3782   -8.5328   28.8240   -5.0487  -19.5004
eta,q 0.96944  7.57380
  0.0348  0.0356  0.0317  0.0338  0.0320  0.0342  0.0326  0.0342  0.0337  0.0342  0.0316  0.0316
  0.0334  0.0341  0.0315  0.0324  0.0313  0.0324  0.0316  0.0325  0.0323  0.0329  0.0310  0.0310
  0.0325  0.0330  0.0315  0.0315  0.0311  0.0311  0.0311  0.0314  0.0313  0.0317  0.0307  0.0307
  0.0322  0.0322  0.0318  0.0315  0.0314  0.0311  0.0309  0.0309  0.0309  0.0309  0.0306  0.0306
  0.0325  0.0319  0.0324  0.0321  0.0324  0.0326  0.0313  0.0312  0.0312  0.0306  0.0307  0.0306
  0.0333  0.0319  0.0332  0.0330  0.0339  0.0351  0.0319  0.0322  0.0321  0.0308  0.0310  0.0309
  0.0347  0.0323  0.0342  0.0347  0.0358  0.0388  0.0329  0.0338  0.0335  0.0315  0.0315  0.0313
niter,ni,del,rscale     5    3    5.0000    1.2000
parameters
   -0.4306    5.2484  -20.2027  -15.1214  -27.0651  -25.5136
    6.7229    8.6470   -8.5666   29.6148   -5.1864  -19.9303
eta,q 0.97012  7.49743
  0.0332  0.0343  0.0305  0.0330  0.0318  0.0337  0.0316  0.0333  0.0328  0.0326  0.0308  0.0307
  0.0318  0.0326  0.0300  0.0315  0.0307  0.0318  0.0306  0.0316  0.0313  0.0312  0.0303  0.0302
  0.0309  0.0314  0.0299  0.0303  0.0301  0.0304  0.0301  0.0304  0.0303  0.0303  0.0300  0.0299
  0.0306  0.0306  0.0302  0.0299  0.0299  0.0299  0.0299  0.0299  0.0299  0.0299  0.0299  0.0299
  0.0308  0.0302  0.0307  0.0304  0.0305  0.0310  0.0302  0.0302  0.0303  0.0300  0.0300  0.0300
  0.0316  0.0303  0.0316  0.0313  0.0318  0.0332  0.0309  0.0312  0.0313  0.0306  0.0303  0.0304
  0.0328  0.0308  0.0327  0.0329  0.0336  0.0366  0.0319  0.0328  0.0328  0.0316  0.0309  0.0308
niter,ni,del,rscale     4    3    5.0000    1.2000
parameters
   -0.3520    5.5279  -20.7438  -14.7745  -27.3559  -26.2880
    6.5204    8.7895   -8.5397   30.0208   -5.1777  -19.9969
eta,q 0.97015  7.48582
  0.0324  0.0323  0.0307  0.0330  0.0322  0.0340  0.0316  0.0331  0.0327  0.0322  0.0308  0.0307
  0.0311  0.0311  0.0301  0.0314  0.0310  0.0320  0.0306  0.0314  0.0312  0.0310  0.0303  0.0302
  0.0302  0.0302  0.0298  0.0303  0.0302  0.0305  0.0300  0.0303  0.0302  0.0302  0.0299  0.0299
  0.0299  0.0299  0.0299  0.0298  0.0298  0.0298  0.0299  0.0299  0.0299  0.0299  0.0299  0.0299
  0.0301  0.0300  0.0302  0.0302  0.0301  0.0306  0.0302  0.0302  0.0302  0.0300  0.0300  0.0299
  0.0309  0.0305  0.0308  0.0311  0.0311  0.0326  0.0308  0.0312  0.0312  0.0307  0.0303  0.0303
  0.0321  0.0314  0.0317  0.0326  0.0327  0.0357  0.0318  0.0329  0.0327  0.0317  0.0308  0.0307
niter,ni,del,rscale     3    3    5.0000    1.2000
parameters
   -0.3221    5.6235  -21.0695  -14.6399  -27.4369  -26.7510
    6.4344    8.8362   -8.5066   30.1960   -5.1800  -19.9504
eta,q 0.97013  7.47788
  0.0323  0.0319  0.0308  0.0329  0.0323  0.0341  0.0317  0.0330  0.0327  0.0320  0.0308  0.0308
  0.0309  0.0308  0.0302  0.0314  0.0311  0.0321  0.0307  0.0314  0.0312  0.0308  0.0303  0.0303
  0.0301  0.0301  0.0299  0.0302  0.0302  0.0306  0.0300  0.0303  0.0302  0.0301  0.0300  0.0300
  0.0299  0.0299  0.0299  0.0298  0.0298  0.0298  0.0299  0.0299  0.0299  0.0299  0.0299  0.0299
  0.0301  0.0300  0.0301  0.0302  0.0301  0.0304  0.0301  0.0302  0.0302  0.0301  0.0300  0.0300
  0.0309  0.0306  0.0306  0.0312  0.0310  0.0324  0.0308  0.0313  0.0312  0.0307  0.0303  0.0303
  0.0321  0.0316  0.0314  0.0327  0.0326  0.0353  0.0317  0.0330  0.0327  0.0318  0.0308  0.0307
niter,ni,del,rscale     2    3    5.0000    1.2000
parameters
   -0.3198    5.6690  -21.2658  -14.5760  -27.4727  -27.0360
    6.3987    8.8427   -8.4830   30.2840   -5.1776  -19.9092
eta,q 0.97012  7.47254
  0.0322  0.0318  0.0309  0.0329  0.0323  0.0342  0.0317  0.0330  0.0327  0.0319  0.0308  0.0308
  0.0309  0.0307  0.0303  0.0313  0.0311  0.0322  0.0307  0.0314  0.0312  0.0308  0.0303  0.0303
  0.0301  0.0301  0.0299  0.0302  0.0303  0.0306  0.0301  0.0303  0.0302  0.0301  0.0300  0.0300
  0.0299  0.0299  0.0299  0.0299  0.0299  0.0299  0.0299  0.0299  0.0299  0.0299  0.0299  0.0299
  0.0301  0.0301  0.0301  0.0303  0.0301  0.0304  0.0301  0.0302  0.0302  0.0301  0.0300  0.0300
  0.0309  0.0307  0.0305  0.0312  0.0310  0.0323  0.0308  0.0313  0.0312  0.0308  0.0303  0.0303
  0.0322  0.0316  0.0313  0.0328  0.0326  0.0350  0.0317  0.0330  0.0327  0.0318  0.0308  0.0307
niter,ni,del,rscale     1    3    5.0000    1.2000
parameters
   -0.3228    5.6931  -21.3877  -14.5328  -27.4971  -27.2166
    6.3879    8.8438   -8.4669   30.3309   -5.1629  -19.8754
eta,q 0.97010  7.46903
  0.0322  0.0318  0.0310  0.0329  0.0323  0.0343  0.0317  0.0330  0.0327  0.0319  0.0308  0.0308
  0.0309  0.0307  0.0304  0.0313  0.0312  0.0323  0.0307  0.0314  0.0312  0.0308  0.0303  0.0303
  0.0301  0.0301  0.0300  0.0303  0.0303  0.0307  0.0301  0.0303  0.0302  0.0301  0.0300  0.0300
  0.0299  0.0299  0.0299  0.0299  0.0299  0.0299  0.0299  0.0299  0.0299  0.0299  0.0299  0.0299
  0.0302  0.0301  0.0301  0.0303  0.0301  0.0304  0.0301  0.0302  0.0303  0.0301  0.0300  0.0300
  0.0310  0.0307  0.0305  0.0312  0.0310  0.0322  0.0308  0.0313  0.0312  0.0308  0.0303  0.0303
  0.0322  0.0317  0.0312  0.0328  0.0326  0.0349  0.0317  0.0330  0.0327  0.0318  0.0308  0.0308
registration optimization eta report
parameter search radius
    2.4000    2.4000    2.7600    9.5220    9.5220   10.9503
    7.2000    7.2000    8.2800    7.2000    7.2000    8.2800
100000*second partial in parameter space
       40.       32.       16.        3.        3.        4.
        3.        6.        4.        4.        2.        1.
  0.0322  0.0318  0.0310  0.0329  0.0323  0.0343  0.0317  0.0330  0.0327  0.0319  0.0308  0.0308
  0.0309  0.0307  0.0304  0.0313  0.0312  0.0323  0.0307  0.0314  0.0312  0.0308  0.0303  0.0303
  0.0301  0.0301  0.0300  0.0303  0.0303  0.0307  0.0301  0.0303  0.0302  0.0301  0.0300  0.0300
  0.0299  0.0299  0.0299  0.0299  0.0299  0.0299  0.0299  0.0299  0.0299  0.0299  0.0299  0.0299
  0.0302  0.0301  0.0301  0.0303  0.0301  0.0304  0.0301  0.0302  0.0303  0.0301  0.0300  0.0300
  0.0310  0.0307  0.0305  0.0312  0.0310  0.0322  0.0308  0.0313  0.0312  0.0308  0.0303  0.0303
  0.0322  0.0317  0.0312  0.0328  0.0326  0.0349  0.0317  0.0330  0.0327  0.0318  0.0308  0.0308
   -0.3228    5.6931  -21.3877  -14.5328  -27.4971  -27.2166
    6.3879    8.8438   -8.4669   30.3309   -5.1629  -19.8754
eta,q 0.97010  7.46903

---------------------------------------------------------------------
imgreg_4dfp /opt/freesurfer/average/711-2C_as_mni_average_305 /opt/freesurfer/average/711-2B_as_mni_average_305_mask talsrcimg_g11 none talsrcimg_to_711-2C_as_mni_average_305_t4 2311
---------------------------------------------------------------------

freesurfer imgreg_4dfp.c
/opt/freesurfer/average/711-2C_as_mni_average_305.4dfp.img
       256       256       256         1
  1.000000  1.000000  1.000000
orientation T byte_order littleendian
Reading image: /opt/freesurfer/average/711-2C_as_mni_average_305.4dfp.img
dimensions:      256       256       256
mmppix:       1.0000   -1.0000   -1.0000
center:     128.0000 -129.0000 -129.0000
/opt/freesurfer/average/711-2B_as_mni_average_305_mask.4dfp.img
       256       256       256         1
  1.000000  1.000000  1.000000
orientation T byte_order littleendian
Reading mask: /opt/freesurfer/average/711-2B_as_mni_average_305_mask.4dfp.img (2306576 pixels)
talsrcimg_g11.4dfp.img
       256       256       256         1
  1.000000  1.000000  1.000000
orientation T byte_order littleendian
Reading image: talsrcimg_g11.4dfp.img
dimensions:      256       256       256
mmppix:       1.0000   -1.0000   -1.0000
center:     128.0000 -129.0000 -129.0000
fimgreg.f
image alignment mode   2311 decimal      907 hex
parameters
   -0.3228    5.6931  -21.3877  -14.5328  -27.4971  -27.2166
    6.3879    8.8438   -8.4669   30.3310   -5.1629  -19.8754
eta,q 0.97010  7.46903
niter,ni,del,rscale     5    3    5.0000    0.8000
parameters
   -0.3458    5.6749  -21.4888  -14.5494  -26.9800  -26.7864
    6.3150    8.8478   -8.4507   30.2367   -5.1818  -19.9629
eta,q 0.97015  7.49152
  0.0309  0.0307  0.0303  0.0308  0.0307  0.0311  0.0307  0.0313  0.0309  0.0307  0.0303  0.0302
  0.0303  0.0302  0.0300  0.0303  0.0303  0.0305  0.0302  0.0305  0.0303  0.0302  0.0300  0.0300
  0.0300  0.0300  0.0299  0.0300  0.0300  0.0301  0.0299  0.0300  0.0300  0.0299  0.0299  0.0299
  0.0299  0.0299  0.0299  0.0299  0.0299  0.0299  0.0299  0.0299  0.0299  0.0299  0.0299  0.0299
  0.0300  0.0300  0.0300  0.0300  0.0299  0.0299  0.0300  0.0300  0.0300  0.0300  0.0299  0.0299
  0.0304  0.0303  0.0301  0.0303  0.0301  0.0302  0.0303  0.0305  0.0303  0.0303  0.0300  0.0300
  0.0310  0.0307  0.0304  0.0307  0.0305  0.0308  0.0307  0.0314  0.0309  0.0308  0.0303  0.0302
niter,ni,del,rscale     4    3    5.0000    0.7000
parameters
   -0.3379    5.6004  -21.3053  -14.7005  -26.8554  -26.4502
    6.2853    8.8603   -8.4539   30.1281   -5.2379  -20.0114
eta,q 0.97018  7.49702
  0.0307  0.0304  0.0303  0.0305  0.0304  0.0308  0.0305  0.0310  0.0306  0.0305  0.0301  0.0301
  0.0302  0.0301  0.0301  0.0301  0.0301  0.0303  0.0301  0.0303  0.0302  0.0301  0.0300  0.0299
  0.0299  0.0299  0.0299  0.0299  0.0299  0.0300  0.0299  0.0300  0.0299  0.0299  0.0299  0.0298
  0.0299  0.0299  0.0299  0.0298  0.0298  0.0298  0.0298  0.0298  0.0298  0.0298  0.0298  0.0298
  0.0299  0.0300  0.0299  0.0300  0.0299  0.0299  0.0299  0.0299  0.0299  0.0299  0.0299  0.0299
  0.0302  0.0302  0.0299  0.0302  0.0301  0.0301  0.0301  0.0303  0.0302  0.0302  0.0300  0.0299
  0.0307  0.0306  0.0301  0.0305  0.0304  0.0306  0.0305  0.0310  0.0306  0.0306  0.0302  0.0301
niter,ni,del,rscale     3    3    5.0000    0.6000
parameters
   -0.3199    5.5618  -21.1584  -14.8024  -26.7785  -26.1853
    6.2640    8.8891   -8.4550   30.0534   -5.3022  -20.0304
eta,q 0.97019  7.50191
  0.0304  0.0303  0.0301  0.0303  0.0302  0.0305  0.0303  0.0307  0.0304  0.0303  0.0300  0.0300
  0.0301  0.0300  0.0300  0.0300  0.0300  0.0302  0.0300  0.0302  0.0301  0.0300  0.0299  0.0299
  0.0299  0.0299  0.0299  0.0299  0.0299  0.0299  0.0299  0.0299  0.0299  0.0299  0.0298  0.0298
  0.0298  0.0298  0.0298  0.0298  0.0298  0.0298  0.0298  0.0298  0.0298  0.0298  0.0298  0.0298
  0.0299  0.0299  0.0298  0.0299  0.0299  0.0298  0.0299  0.0299  0.0299  0.0299  0.0298  0.0298
  0.0301  0.0301  0.0299  0.0301  0.0300  0.0300  0.0300  0.0302  0.0301  0.0301  0.0299  0.0299
  0.0304  0.0303  0.0300  0.0303  0.0302  0.0304  0.0303  0.0307  0.0304  0.0304  0.0301  0.0300
niter,ni,del,rscale     2    3    5.0000    0.5000
parameters
   -0.3041    5.5364  -21.0477  -14.8852  -26.7230  -25.9781
    6.2361    8.9166   -8.4574   29.9970   -5.3518  -20.0746
eta,q 0.97020  7.50594
  0.0302  0.0301  0.0300  0.0302  0.0301  0.0303  0.0301  0.0304  0.0302  0.0302  0.0300  0.0299
  0.0300  0.0299  0.0299  0.0300  0.0300  0.0301  0.0300  0.0301  0.0300  0.0300  0.0299  0.0299
  0.0299  0.0298  0.0298  0.0298  0.0299  0.0299  0.0298  0.0299  0.0298  0.0298  0.0298  0.0298
  0.0298  0.0298  0.0298  0.0298  0.0298  0.0298  0.0298  0.0298  0.0298  0.0298  0.0298  0.0298
  0.0299  0.0299  0.0298  0.0299  0.0298  0.0298  0.0298  0.0299  0.0298  0.0299  0.0298  0.0298
  0.0300  0.0300  0.0299  0.0300  0.0299  0.0300  0.0300  0.0301  0.0300  0.0300  0.0299  0.0299
  0.0302  0.0302  0.0299  0.0302  0.0301  0.0302  0.0302  0.0304  0.0302  0.0302  0.0300  0.0299
niter,ni,del,rscale     1    3    5.0000    0.4000
parameters
   -0.2927    5.5152  -20.9681  -14.9460  -26.6925  -25.8071
    6.2157    8.9411   -8.4513   29.9764   -5.4528  -20.0227
eta,q 0.97021  7.50859
  0.0301  0.0300  0.0299  0.0300  0.0300  0.0301  0.0300  0.0302  0.0301  0.0300  0.0299  0.0299
  0.0299  0.0299  0.0299  0.0299  0.0299  0.0300  0.0299  0.0300  0.0299  0.0299  0.0298  0.0298
  0.0298  0.0298  0.0298  0.0298  0.0298  0.0299  0.0298  0.0298  0.0298  0.0298  0.0298  0.0298
  0.0298  0.0298  0.0298  0.0298  0.0298  0.0298  0.0298  0.0298  0.0298  0.0298  0.0298  0.0298
  0.0298  0.0298  0.0298  0.0298  0.0298  0.0298  0.0298  0.0298  0.0298  0.0298  0.0298  0.0298
  0.0299  0.0299  0.0298  0.0299  0.0299  0.0299  0.0299  0.0300  0.0299  0.0299  0.0299  0.0298
  0.0301  0.0300  0.0299  0.0300  0.0300  0.0301  0.0300  0.0302  0.0301  0.0300  0.0299  0.0299
registration optimization eta report
parameter search radius
    0.8000    0.8000    0.8000    2.4000    2.4000    2.4000
    2.4000    2.4000    2.4000    2.4000    2.4000    2.4000
100000*second partial in parameter space
       42.       34.       17.        4.        3.        5.
        4.        7.        5.        4.        2.        1.
  0.0301  0.0300  0.0299  0.0300  0.0300  0.0301  0.0300  0.0302  0.0301  0.0300  0.0299  0.0299
  0.0299  0.0299  0.0299  0.0299  0.0299  0.0300  0.0299  0.0300  0.0299  0.0299  0.0298  0.0298
  0.0298  0.0298  0.0298  0.0298  0.0298  0.0299  0.0298  0.0298  0.0298  0.0298  0.0298  0.0298
  0.0298  0.0298  0.0298  0.0298  0.0298  0.0298  0.0298  0.0298  0.0298  0.0298  0.0298  0.0298
  0.0298  0.0298  0.0298  0.0298  0.0298  0.0298  0.0298  0.0298  0.0298  0.0298  0.0298  0.0298
  0.0299  0.0299  0.0298  0.0299  0.0299  0.0299  0.0299  0.0300  0.0299  0.0299  0.0299  0.0298
  0.0301  0.0300  0.0299  0.0300  0.0300  0.0301  0.0300  0.0302  0.0301  0.0300  0.0299  0.0299
   -0.2927    5.5152  -20.9681  -14.9460  -26.6925  -25.8071
    6.2157    8.9411   -8.4513   29.9764   -5.4528  -20.0227
eta,q 0.97021  7.50859

---------------------------------------------------------------------
imgreg_4dfp /opt/freesurfer/average/711-2C_as_mni_average_305 /opt/freesurfer/average/711-2B_as_mni_average_305_mask talsrcimg_g11 none talsrcimg_to_711-2C_as_mni_average_305_t4 2311
---------------------------------------------------------------------

freesurfer imgreg_4dfp.c
/opt/freesurfer/average/711-2C_as_mni_average_305.4dfp.img
       256       256       256         1
  1.000000  1.000000  1.000000
orientation T byte_order littleendian
Reading image: /opt/freesurfer/average/711-2C_as_mni_average_305.4dfp.img
dimensions:      256       256       256
mmppix:       1.0000   -1.0000   -1.0000
center:     128.0000 -129.0000 -129.0000
/opt/freesurfer/average/711-2B_as_mni_average_305_mask.4dfp.img
       256       256       256         1
  1.000000  1.000000  1.000000
orientation T byte_order littleendian
Reading mask: /opt/freesurfer/average/711-2B_as_mni_average_305_mask.4dfp.img (2306576 pixels)
talsrcimg_g11.4dfp.img
       256       256       256         1
  1.000000  1.000000  1.000000
orientation T byte_order littleendian
Reading image: talsrcimg_g11.4dfp.img
dimensions:      256       256       256
mmppix:       1.0000   -1.0000   -1.0000
center:     128.0000 -129.0000 -129.0000
fimgreg.f
image alignment mode   2311 decimal      907 hex
parameters
   -0.2927    5.5152  -20.9681  -14.9460  -26.6925  -25.8071
    6.2157    8.9411   -8.4513   29.9764   -5.4528  -20.0227
eta,q 0.97021  7.50859
niter,ni,del,rscale     5    3    5.0000    0.8000
parameters
   -0.2717    5.5230  -20.8839  -14.8521  -26.8590  -25.9207
    6.2347    8.9416   -8.4652   29.9699   -5.3555  -20.0700
eta,q 0.97020  7.50537
  0.0309  0.0307  0.0303  0.0307  0.0305  0.0309  0.0307  0.0313  0.0308  0.0308  0.0303  0.0301
  0.0303  0.0302  0.0300  0.0302  0.0301  0.0303  0.0302  0.0305  0.0303  0.0302  0.0300  0.0299
  0.0299  0.0299  0.0299  0.0299  0.0299  0.0300  0.0299  0.0300  0.0299  0.0299  0.0298  0.0298
  0.0298  0.0298  0.0298  0.0298  0.0298  0.0298  0.0298  0.0298  0.0298  0.0298  0.0298  0.0298
  0.0299  0.0299  0.0298  0.0299  0.0299  0.0299  0.0299  0.0300  0.0299  0.0299  0.0298  0.0298
  0.0303  0.0302  0.0300  0.0302  0.0301  0.0303  0.0302  0.0305  0.0303  0.0302  0.0300  0.0299
  0.0308  0.0306  0.0302  0.0306  0.0306  0.0310  0.0307  0.0313  0.0309  0.0308  0.0302  0.0301
niter,ni,del,rscale     4    3    5.0000    0.7000
parameters
   -0.2756    5.5290  -20.9308  -14.8388  -26.8109  -25.9303
    6.2317    8.9317   -8.4635   29.9829   -5.3468  -20.0483
eta,q 0.97019  7.50669
  0.0306  0.0305  0.0301  0.0305  0.0304  0.0307  0.0305  0.0310  0.0306  0.0305  0.0301  0.0300
  0.0302  0.0301  0.0299  0.0301  0.0301  0.0302  0.0301  0.0303  0.0302  0.0301  0.0299  0.0299
  0.0299  0.0299  0.0298  0.0299  0.0299  0.0299  0.0299  0.0299  0.0299  0.0299  0.0298  0.0298
  0.0298  0.0298  0.0298  0.0298  0.0298  0.0298  0.0298  0.0298  0.0298  0.0298  0.0298  0.0298
  0.0299  0.0299  0.0298  0.0299  0.0299  0.0299  0.0299  0.0299  0.0299  0.0299  0.0298  0.0298
  0.0302  0.0301  0.0300  0.0301  0.0300  0.0302  0.0301  0.0303  0.0302  0.0301  0.0299  0.0299
  0.0306  0.0304  0.0302  0.0305  0.0304  0.0307  0.0305  0.0310  0.0306  0.0305  0.0301  0.0300
niter,ni,del,rscale     3    3    5.0000    0.6000
parameters
   -0.2817    5.5282  -20.9431  -14.8886  -26.7611  -25.8948
    6.2225    8.9300   -8.4621   29.9749   -5.3564  -20.0906
eta,q 0.97020  7.50735
  0.0304  0.0303  0.0300  0.0303  0.0302  0.0305  0.0303  0.0307  0.0304  0.0303  0.0300  0.0300
  0.0301  0.0300  0.0299  0.0300  0.0300  0.0301  0.0300  0.0302  0.0301  0.0300  0.0299  0.0299
  0.0299  0.0298  0.0298  0.0298  0.0299  0.0299  0.0298  0.0299  0.0299  0.0299  0.0298  0.0298
  0.0298  0.0298  0.0298  0.0298  0.0298  0.0298  0.0298  0.0298  0.0298  0.0298  0.0298  0.0298
  0.0299  0.0299  0.0298  0.0299  0.0298  0.0298  0.0299  0.0299  0.0299  0.0299  0.0298  0.0298
  0.0301  0.0300  0.0299  0.0301  0.0300  0.0301  0.0300  0.0302  0.0301  0.0300  0.0299  0.0299
  0.0304  0.0303  0.0301  0.0303  0.0302  0.0305  0.0303  0.0307  0.0304  0.0303  0.0300  0.0300
niter,ni,del,rscale     2    3    5.0000    0.5000
parameters
   -0.2816    5.5173  -20.9294  -14.9213  -26.7217  -25.8169
    6.2107    8.9414   -8.4548   29.9700   -5.4247  -20.0324
eta,q 0.97020  7.50871
  0.0302  0.0301  0.0300  0.0302  0.0301  0.0303  0.0302  0.0304  0.0302  0.0302  0.0300  0.0299
  0.0300  0.0299  0.0299  0.0300  0.0299  0.0300  0.0299  0.0301  0.0300  0.0300  0.0299  0.0299
  0.0298  0.0298  0.0298  0.0298  0.0298  0.0299  0.0298  0.0299  0.0298  0.0298  0.0298  0.0298
  0.0298  0.0298  0.0298  0.0298  0.0298  0.0298  0.0298  0.0298  0.0298  0.0298  0.0298  0.0298
  0.0298  0.0298  0.0298  0.0298  0.0298  0.0298  0.0298  0.0299  0.0298  0.0298  0.0298  0.0298
  0.0300  0.0300  0.0299  0.0300  0.0299  0.0300  0.0300  0.0301  0.0300  0.0300  0.0299  0.0298
  0.0302  0.0301  0.0300  0.0302  0.0301  0.0303  0.0302  0.0304  0.0302  0.0302  0.0300  0.0299
niter,ni,del,rscale     1    3    5.0000    0.4000
parameters
   -0.2793    5.5070  -20.8950  -14.9794  -26.7120  -25.7071
    6.2069    8.9588   -8.4524   29.9387   -5.4670  -20.0311
eta,q 0.97021  7.50933
  0.0301  0.0300  0.0299  0.0300  0.0300  0.0301  0.0300  0.0302  0.0301  0.0300  0.0299  0.0299
  0.0299  0.0299  0.0299  0.0299  0.0299  0.0300  0.0299  0.0300  0.0299  0.0299  0.0298  0.0298
  0.0298  0.0298  0.0298  0.0298  0.0298  0.0299  0.0298  0.0298  0.0298  0.0298  0.0298  0.0298
  0.0298  0.0298  0.0298  0.0298  0.0298  0.0298  0.0298  0.0298  0.0298  0.0298  0.0298  0.0298
  0.0298  0.0298  0.0298  0.0298  0.0298  0.0298  0.0298  0.0298  0.0298  0.0298  0.0298  0.0298
  0.0299  0.0299  0.0298  0.0299  0.0299  0.0299  0.0299  0.0300  0.0299  0.0299  0.0298  0.0298
  0.0301  0.0300  0.0299  0.0300  0.0300  0.0301  0.0300  0.0302  0.0301  0.0300  0.0299  0.0299
registration optimization eta report
parameter search radius
    0.8000    0.8000    0.8000    2.4000    2.4000    2.4000
    2.4000    2.4000    2.4000    2.4000    2.4000    2.4000
100000*second partial in parameter space
       42.       34.       17.        4.        3.        5.
        4.        7.        5.        4.        2.        1.
  0.0301  0.0300  0.0299  0.0300  0.0300  0.0301  0.0300  0.0302  0.0301  0.0300  0.0299  0.0299
  0.0299  0.0299  0.0299  0.0299  0.0299  0.0300  0.0299  0.0300  0.0299  0.0299  0.0298  0.0298
  0.0298  0.0298  0.0298  0.0298  0.0298  0.0299  0.0298  0.0298  0.0298  0.0298  0.0298  0.0298
  0.0298  0.0298  0.0298  0.0298  0.0298  0.0298  0.0298  0.0298  0.0298  0.0298  0.0298  0.0298
  0.0298  0.0298  0.0298  0.0298  0.0298  0.0298  0.0298  0.0298  0.0298  0.0298  0.0298  0.0298
  0.0299  0.0299  0.0298  0.0299  0.0299  0.0299  0.0299  0.0300  0.0299  0.0299  0.0298  0.0298
  0.0301  0.0300  0.0299  0.0300  0.0300  0.0301  0.0300  0.0302  0.0301  0.0300  0.0299  0.0299
   -0.2793    5.5070  -20.8950  -14.9794  -26.7120  -25.7071
    6.2069    8.9588   -8.4524   29.9387   -5.4670  -20.0311
eta,q 0.97021  7.50933

---------------------------------------------------------------------
compute_vox2vox talsrcimg talsrcimg_to_711-2C_as_mni_average_305_t4 /opt/freesurfer/average/711-2C_as_mni_average_305
---------------------------------------------------------------------

freesurfer compute_vox2vox.c
Reading: talsrcimg.4dfp.ifh
Reading: talsrcimg_to_711-2C_as_mni_average_305_t4
Reading: /opt/freesurfer/average/711-2C_as_mni_average_305.4dfp.ifh
Writing: talsrcimg_to_711-2C_as_mni_average_305_t4_vox2vox.txt

start time Fri Mar 13 02:12:49 CET 2026
end		time Fri Mar 13 02:13:04 CET 2026

mpr2mni305 success

avi2talxfm orig_nu.mgz /opt/freesurfer/average/mni305.cor.mgz talsrcimg_to_711-2C_as_mni_average_305_t4_vox2vox.txt transforms/talairach.auto.xfm
avi2talxfm done
mv -f /out/sourcedata/freesurfer/sub-v2s3x28817_ses-1/mri/talsrcimg_to_711-2C_as_mni_average_305_t4_vox2vox.txt /out/sourcedata/freesurfer/sub-v2s3x28817_ses-1/mri/transforms/talsrcimg_to_711-2C_as_mni_average_305_t4_vox2vox.txt
lta_convert --src orig_nu.mgz --trg /opt/freesurfer/average/mni305.cor.mgz --inxfm transforms/talairach.auto.xfm --outlta transforms/talairach.auto.xfm.lta --subject fsaverage
7.3.2

--src: orig_nu.mgz src image (geometry).
--trg: /opt/freesurfer/average/mni305.cor.mgz trg image (geometry).
--inmni: transforms/talairach.auto.xfm input MNI/XFM transform.
--outlta: transforms/talairach.auto.xfm.lta output LTA.
--s: fsaverage subject name
 LTA read, type : 1
 1.15818  -0.09020  -0.12274  -5.81508;
 0.10921   1.20397   0.31982  -15.30071;
 0.08896  -0.50223   1.21967   2.33624;
 0.00000   0.00000   0.00000   1.00000;
setting subject to fsaverage
Writing  LTA to file transforms/talairach.auto.xfm.lta...
lta_convert successful.
 
 
Started at Fri Mar 13 02:12:49 CET 2026
Ended   at Fri Mar 13 02:13:04 CET 2026
talairach_avi done
