/out/sourcedata/freesurfer/sub-v2s3x28838_ses-1/mri
/opt/freesurfer/bin/talairach_avi
--i orig_nu.mgz --xfm transforms/talairach.auto.xfm
talairach_avi 7.3.2
Linux dna017 5.14.0-427.37.1.el9_4.x86_64 #1 SMP PREEMPT_DYNAMIC Fri Sep 13 12:41:50 EDT 2024 x86_64 x86_64 x86_64 GNU/Linux
Fri Mar 13 03:15:57 CET 2026
mri_convert orig_nu.mgz talsrcimg.img 
reading from orig_nu.mgz...
TR=0.00, TE=0.00, TI=0.00, flip angle=0.00
i_ras = (-1, 0, 0)
j_ras = (0, 0, -1)
k_ras = (0, 1, 0)
writing to talsrcimg.img...
Analyze Output Matrix
-1.00000   0.00000   0.00000   127.43901;
 0.00000   0.00000   1.00000  -111.75664;
 0.00000  -1.00000   0.00000   122.42690;
 0.00000   0.00000   0.00000   1.00000;
--------------------
INFO: set hdr.hist.orient to -1
mpr2mni305 talsrcimg
Fri Mar 13 03:15:57 CET 2026
/opt/freesurfer/bin/mpr2mni305 talsrcimg
mpr2mni305 7.3.2
target=711-2C_as_mni_average_305

---------------------------------------------------------------------
analyzeto4dfp talsrcimg -O0 -y
---------------------------------------------------------------------

freesurfer ifh2hdr.c
Fri Mar 13 03:15:58 2026
Writing: talsrcimg.4dfp.hdr
freesurfer analyzeto4dfp.c
Reading: talsrcimg.hdr
header size 348 bytes
hdr.dime.datatype	offset=70	value=2
hdr.dime.bitpix		offset=72	value=8
hdr.hist.orient		offset=252	value=-1
dimensionality     4
dimensions       256       256       256         1
Reading: talsrcimg.img
Writing: talsrcimg.4dfp.img
Writing: talsrcimg.4dfp.ifh
ifh2hdr talsrcimg -r0to228
ori=2

---------------------------------------------------------------------
gauss_4dfp talsrcimg 1.1
---------------------------------------------------------------------

freesurfer gauss_4dfp.c
Reading: talsrcimg.4dfp.img
Writing: talsrcimg_g11.4dfp.img
image dimensions 256 256 256 padded to 288 288 288
processing volume 1freesurfer ifh2hdr.c
Fri Mar 13 03:15:59 2026
Writing: talsrcimg_g11.4dfp.hdr

Writing: talsrcimg_g11.4dfp.ifh
including: talsrcimg.4dfp.img.rec in talsrcimg_g11.4dfp.img.rec

---------------------------------------------------------------------
imgreg_4dfp /opt/freesurfer/average/711-2C_as_mni_average_305 none talsrcimg_g11 none talsrcimg_to_711-2C_as_mni_average_305_t4 4355
---------------------------------------------------------------------

freesurfer imgreg_4dfp.c
/opt/freesurfer/average/711-2C_as_mni_average_305.4dfp.img
       256       256       256         1
  1.000000  1.000000  1.000000
orientation T byte_order littleendian
Reading image: /opt/freesurfer/average/711-2C_as_mni_average_305.4dfp.img
dimensions:      256       256       256
mmppix:       1.0000   -1.0000   -1.0000
center:     128.0000 -129.0000 -129.0000
talsrcimg_g11.4dfp.img
       256       256       256         1
  1.000000  1.000000  1.000000
orientation T byte_order littleendian
Reading image: talsrcimg_g11.4dfp.img
dimensions:      256       256       256
mmppix:       1.0000   -1.0000   -1.0000
center:     128.0000 -129.0000 -129.0000
t4_read: open error in t4_sub.f l:  41 t4_file(1:l)talsrcimg_to_711-2C_as_mni_average_305_t4 
t4_read: transform initialized to I4
rotation matrix determinant  1.000000
image alignment mode   4355 decimal     1103 hex
   -7.5000  -45.0000  -45.0000 5887.6816   15.8018
    0.0000  -45.0000  -45.0000 6105.3970   15.7900
    7.5000  -45.0000  -45.0000 5832.9561   15.7754
   -7.5000  -37.5000  -45.0000 6401.4224   15.4745
    0.0000  -37.5000  -45.0000 6633.0205   15.4517
    7.5000  -37.5000  -45.0000 6335.4067   15.4305
   -7.5000  -30.0000  -45.0000 7180.0234   15.2626
    0.0000  -30.0000  -45.0000 7439.9136   15.2370
    7.5000  -30.0000  -45.0000 7110.0874   15.2159
   -7.5000  -22.5000  -45.0000 8011.9648   15.1828
    0.0000  -22.5000  -45.0000 8330.2305   15.1666
    7.5000  -22.5000  -45.0000 7961.6196   15.1525
   -7.5000  -15.0000  -45.0000 8828.5654   15.1433
    0.0000  -15.0000  -45.0000 9186.6074   15.1370
    7.5000  -15.0000  -45.0000 8789.1475   15.1281
   -7.5000   -7.5000  -45.0000 9630.2705   15.1452
    0.0000   -7.5000  -45.000010017.6660   15.1407
    7.5000   -7.5000  -45.0000 9580.0596   15.1320
   -7.5000    0.0000  -45.000010396.6455   15.1658
    0.0000    0.0000  -45.000010810.5244   15.1536
    7.5000    0.0000  -45.000010306.4092   15.1396
   -7.5000    7.5000  -45.000010375.0996   15.1735
    0.0000    7.5000  -45.000010770.9570   15.1497
    7.5000    7.5000  -45.000010276.2812   15.1286
   -7.5000   15.0000  -45.000010239.4023   15.1608
    0.0000   15.0000  -45.000010643.6484   15.1344
    7.5000   15.0000  -45.000010165.2744   15.1132
   -7.5000   22.5000  -45.000010006.9180   15.1383
    0.0000   22.5000  -45.000010392.0820   15.1216
    7.5000   22.5000  -45.0000 9935.2158   15.1072
   -7.5000   30.0000  -45.0000 9669.3320   14.9307
    0.0000   30.0000  -45.000010016.0117   14.9245
    7.5000   30.0000  -45.0000 9557.1025   14.9157
   -7.5000   37.5000  -45.0000 9546.9316   14.9433
    0.0000   37.5000  -45.0000 9887.1230   14.9389
    7.5000   37.5000  -45.0000 9431.8057   14.9304
   -7.5000   45.0000  -45.0000 8953.6299   14.5838
    0.0000   45.0000  -45.0000 9258.4443   14.5720
    7.5000   45.0000  -45.0000 8833.9219   14.5586
   -7.5000  -45.0000  -37.5000 6333.0439   15.5961
    0.0000  -45.0000  -37.5000 6554.4644   15.5814
    7.5000  -45.0000  -37.5000 6283.4316   15.5616
   -7.5000  -37.5000  -37.5000 6875.4590   15.2779
    0.0000  -37.5000  -37.5000 7117.8301   15.2520
    7.5000  -37.5000  -37.5000 6811.4170   15.2246
   -7.5000  -30.0000  -37.5000 7698.7471   15.0697
    0.0000  -30.0000  -37.5000 7990.9155   15.0416
    7.5000  -30.0000  -37.5000 7621.5430   15.0125
   -7.5000  -22.5000  -37.5000 8617.4844   14.9848
    0.0000  -22.5000  -37.5000 8961.7314   14.9669
    7.5000  -22.5000  -37.5000 8543.3770   14.9444
   -7.5000  -15.0000  -37.5000 9531.2373   14.9395
    0.0000  -15.0000  -37.5000 9909.4941   14.9319
    7.5000  -15.0000  -37.5000 9453.1230   14.9160
   -7.5000   -7.5000  -37.500010385.8281   14.9416
    0.0000   -7.5000  -37.500010798.7812   14.9354
    7.5000   -7.5000  -37.500010284.3018   14.9213
   -7.5000    0.0000  -37.500011160.4004   14.9660
    0.0000    0.0000  -37.500011612.7363   14.9510
    7.5000    0.0000  -37.500011022.6826   14.9321
   -7.5000    7.5000  -37.500011097.9492   14.9777
    0.0000    7.5000  -37.500011548.2773   14.9510
    7.5000    7.5000  -37.500010948.4482   14.9238
   -7.5000   15.0000  -37.500010926.0283   14.9664
    0.0000   15.0000  -37.500011386.9668   14.9375
    7.5000   15.0000  -37.500010804.2666   14.9084
   -7.5000   22.5000  -37.500010648.5840   14.9395
    0.0000   22.5000  -37.500011084.0273   14.9210
    7.5000   22.5000  -37.500010555.7910   14.8985
   -7.5000   30.0000  -37.500010263.8135   14.7296
    0.0000   30.0000  -37.500010675.9736   14.7221
    7.5000   30.0000  -37.500010158.1875   14.7064
   -7.5000   37.5000  -37.500010190.7539   14.7425
    0.0000   37.5000  -37.500010582.1924   14.7364
    7.5000   37.5000  -37.500010059.4521   14.7225
   -7.5000   45.0000  -37.5000 9550.2090   14.3916
    0.0000   45.0000  -37.5000 9906.2305   14.3772
    7.5000   45.0000  -37.5000 9394.6445   14.3590
   -7.5000  -45.0000  -30.0000 6871.5596   16.1005
    0.0000  -45.0000  -30.0000 7117.8882   16.0837
    7.5000  -45.0000  -30.0000 6831.3154   16.0635
   -7.5000  -37.5000  -30.0000 7466.5615   15.7713
    0.0000  -37.5000  -30.0000 7755.2593   15.7456
    7.5000  -37.5000  -30.0000 7408.4541   15.7173
   -7.5000  -30.0000  -30.0000 8379.9375   15.5589
    0.0000  -30.0000  -30.0000 8719.4746   15.5323
    7.5000  -30.0000  -30.0000 8311.8955   15.5023
   -7.5000  -22.5000  -30.0000 9395.7754   15.4729
    0.0000  -22.5000  -30.0000 9776.1973   15.4553
    7.5000  -22.5000  -30.0000 9312.7510   15.4323
   -7.5000  -15.0000  -30.000010398.9014   15.4259
    0.0000  -15.0000  -30.000010821.7939   15.4165
    7.5000  -15.0000  -30.000010299.3809   15.4002
   -7.5000   -7.5000  -30.000011305.1533   15.4272
    0.0000   -7.5000  -30.000011775.8135   15.4182
    7.5000   -7.5000  -30.000011180.1484   15.4036
   -7.5000    0.0000  -30.000012121.9141   15.4503
    0.0000    0.0000  -30.000012619.9697   15.4334
    7.5000    0.0000  -30.000011962.3154   15.4138
   -7.5000    7.5000  -30.000012017.2852   15.4622
    0.0000    7.5000  -30.000012527.1309   15.4354
    7.5000    7.5000  -30.000011847.4502   15.4073
   -7.5000   15.0000  -30.000011792.4775   15.4525
    0.0000   15.0000  -30.000012298.7461   15.4251
    7.5000   15.0000  -30.000011655.5498   15.3951
   -7.5000   22.5000  -30.000011511.4062   15.4248
    0.0000   22.5000  -30.000012011.4648   15.4066
    7.5000   22.5000  -30.000011379.5957   15.3836
   -7.5000   30.0000  -30.000011118.4131   15.2111
    0.0000   30.0000  -30.000011587.1377   15.2017
    7.5000   30.0000  -30.000010942.3184   15.1857
   -7.5000   37.5000  -30.000011044.9961   15.2231
    0.0000   37.5000  -30.000011483.5439   15.2141
    7.5000   37.5000  -30.000010845.1533   15.1998
   -7.5000   45.0000  -30.000010280.1895   14.8682
    0.0000   45.0000  -30.000010695.6387   14.8520
    7.5000   45.0000  -30.000010092.4053   14.8331
   -7.5000  -45.0000  -22.5000 7433.0063   16.6228
    0.0000  -45.0000  -22.5000 7724.5508   16.6094
    7.5000  -45.0000  -22.5000 7385.6606   16.5941
   -7.5000  -37.5000  -22.5000 8084.5332   16.2780
    0.0000  -37.5000  -22.5000 8419.5654   16.2585
    7.5000  -37.5000  -22.5000 8028.2871   16.2363
   -7.5000  -30.0000  -22.5000 9119.5049   16.0597
    0.0000  -30.0000  -22.5000 9508.3242   16.0398
    7.5000  -30.0000  -22.5000 9052.0273   16.0183
   -7.5000  -22.5000  -22.500010231.3223   15.9778
    0.0000  -22.5000  -22.500010657.4717   15.9645
    7.5000  -22.5000  -22.500010148.9707   15.9509
   -7.5000  -15.0000  -22.500011299.2041   15.9349
    0.0000  -15.0000  -22.500011768.4824   15.9263
    7.5000  -15.0000  -22.500011186.8252   15.9181
   -7.5000   -7.5000  -22.500012276.2988   15.9347
    0.0000   -7.5000  -22.500012788.7148   15.9260
    7.5000   -7.5000  -22.500012117.7217   15.9170
   -7.5000    0.0000  -22.500013163.1982   15.9516
    0.0000    0.0000  -22.500013705.3770   15.9378
    7.5000    0.0000  -22.500012953.1523   15.9226
   -7.5000    7.5000  -22.500013029.0771   15.9588
    0.0000    7.5000  -22.500013600.1572   15.9379
    7.5000    7.5000  -22.500012833.9111   15.9156
   -7.5000   15.0000  -22.500012773.9229   15.9495
    0.0000   15.0000  -22.500013330.3467   15.9287
    7.5000   15.0000  -22.500012583.6523   15.9071
   -7.5000   22.5000  -22.500012441.1406   15.9267
    0.0000   22.5000  -22.500012995.4287   15.9128
    7.5000   22.5000  -22.500012247.1279   15.8991
   -7.5000   30.0000  -22.500011977.8604   15.7156
    0.0000   30.0000  -22.500012484.8047   15.7070
    7.5000   30.0000  -22.500011734.5732   15.6989
   -7.5000   37.5000  -22.500011870.2158   15.7262
    0.0000   37.5000  -22.500012362.9248   15.7177
    7.5000   37.5000  -22.500011641.8467   15.7088
   -7.5000   45.0000  -22.500011038.9658   15.3622
    0.0000   45.0000  -22.500011503.3877   15.3489
    7.5000   45.0000  -22.500010841.8145   15.3343
   -7.5000  -45.0000  -15.0000 8035.3364   17.0462
    0.0000  -45.0000  -15.0000 8358.5166   17.0376
    7.5000  -45.0000  -15.0000 7970.0513   17.0269
   -7.5000  -37.5000  -15.0000 8769.2393   16.6881
    0.0000  -37.5000  -15.0000 9125.8564   16.6735
    7.5000  -37.5000  -15.0000 8689.0342   16.6573
   -7.5000  -30.0000  -15.0000 9904.0264   16.4620
    0.0000  -30.0000  -15.000010327.8018   16.4465
    7.5000  -30.0000  -15.0000 9819.3955   16.4331
   -7.5000  -22.5000  -15.000011094.5840   16.3826
    0.0000  -22.5000  -15.000011556.1064   16.3727
    7.5000  -22.5000  -15.000010977.2305   16.3678
   -7.5000  -15.0000  -15.000012234.1982   16.3445
    0.0000  -15.0000  -15.000012735.4961   16.3381
    7.5000  -15.0000  -15.000012094.6826   16.3373
   -7.5000   -7.5000  -15.000013290.2881   16.3447
    0.0000   -7.5000  -15.000013837.2051   16.3389
    7.5000   -7.5000  -15.000013103.1943   16.3352
   -7.5000    0.0000  -15.000014244.6973   16.3582
    0.0000    0.0000  -15.000014838.7002   16.3487
    7.5000    0.0000  -15.000013996.9160   16.3379
   -7.5000    7.5000  -15.000014104.1807   16.3605
    0.0000    7.5000  -15.000014725.1709   16.3443
    7.5000    7.5000  -15.000013856.8369   16.3279
   -7.5000   15.0000  -15.000013786.6621   16.3488
    0.0000   15.0000  -15.000014387.9385   16.3321
    7.5000   15.0000  -15.000013532.9072   16.3184
   -7.5000   22.5000  -15.000013388.7109   16.3290
    0.0000   22.5000  -15.000013992.5967   16.3184
    7.5000   22.5000  -15.000013147.4609   16.3134
   -7.5000   30.0000  -15.000012831.5195   16.1218
    0.0000   30.0000  -15.000013395.0469   16.1154
    7.5000   30.0000  -15.000012576.2461   16.1146
   -7.5000   37.5000  -15.000012712.7793   16.1331
    0.0000   37.5000  -15.000013278.9492   16.1274
    7.5000   37.5000  -15.000012470.5195   16.1237
   -7.5000   45.0000  -15.000011840.3027   15.7633
    0.0000   45.0000  -15.000012367.5508   15.7541
    7.5000   45.0000  -15.000011615.9307   15.7437
   -7.5000  -45.0000   -7.5000 8717.0918   17.2551
    0.0000  -45.0000   -7.5000 9064.6035   17.2476
    7.5000  -45.0000   -7.5000 8631.4131   17.2365
   -7.5000  -37.5000   -7.5000 9527.2744   16.8970
    0.0000  -37.5000   -7.5000 9913.5498   16.8803
    7.5000  -37.5000   -7.5000 9418.2402   16.8630
   -7.5000  -30.0000   -7.500010758.7646   16.6674
    0.0000  -30.0000   -7.500011201.2441   16.6479
    7.5000  -30.0000   -7.500010625.1582   16.6326
   -7.5000  -22.5000   -7.500012026.1270   16.5839
    0.0000  -22.5000   -7.500012523.4053   16.5716
    7.5000  -22.5000   -7.500011867.9951   16.5646
   -7.5000  -15.0000   -7.500013242.6602   16.5430
    0.0000  -15.0000   -7.500013799.0996   16.5379
    7.5000  -15.0000   -7.500013076.1543   16.5355
   -7.5000   -7.5000   -7.500014371.7969   16.5436
    0.0000   -7.5000   -7.500014980.3379   16.5403
    7.5000   -7.5000   -7.500014176.7686   16.5362
   -7.5000    0.0000   -7.500015383.1689   16.5610
    0.0000    0.0000   -7.500016039.8623   16.5524
    7.5000    0.0000   -7.500015135.6074   16.5416
   -7.5000    7.5000   -7.500015212.2305   16.5660
    0.0000    7.5000   -7.500015870.6689   16.5477
    7.5000    7.5000   -7.500014923.3184   16.5304
   -7.5000   15.0000   -7.500014852.9766   16.5530
    0.0000   15.0000   -7.500015513.2432   16.5324
    7.5000   15.0000   -7.500014564.3125   16.5169
   -7.5000   22.5000   -7.500014438.7949   16.5280
    0.0000   22.5000   -7.500015104.4258   16.5150
    7.5000   22.5000   -7.500014146.4766   16.5078
   -7.5000   30.0000   -7.500013798.9697   16.3169
    0.0000   30.0000   -7.500014450.2236   16.3117
    7.5000   30.0000   -7.500013530.5479   16.3093
   -7.5000   37.5000   -7.500013636.2842   16.3291
    0.0000   37.5000   -7.500014269.7881   16.3258
    7.5000   37.5000   -7.500013382.1494   16.3217
   -7.5000   45.0000   -7.500012688.6875   15.9617
    0.0000   45.0000   -7.500013261.7441   15.9534
    7.5000   45.0000   -7.500012459.1748   15.9430
   -7.5000  -45.0000    0.0000 9369.0967   17.2769
    0.0000  -45.0000    0.0000 9735.2451   17.2663
    7.5000  -45.0000    0.0000 9262.5117   17.2499
   -7.5000  -37.5000    0.000010251.0098   16.9252
    0.0000  -37.5000    0.000010643.0508   16.9020
    7.5000  -37.5000    0.000010116.1865   16.8782
   -7.5000  -30.0000    0.000011550.0000   16.6963
    0.0000  -30.0000    0.000011998.8887   16.6693
    7.5000  -30.0000    0.000011394.5000   16.6453
   -7.5000  -22.5000    0.000012860.2500   16.6069
    0.0000  -22.5000    0.000013393.7129   16.5899
    7.5000  -22.5000    0.000012716.8232   16.5734
   -7.5000  -15.0000    0.000014165.9150   16.5603
    0.0000  -15.0000    0.000014753.3740   16.5543
    7.5000  -15.0000    0.000014017.6699   16.5439
   -7.5000   -7.5000    0.000015400.7148   16.5608
    0.0000   -7.5000    0.000016041.8721   16.5575
    7.5000   -7.5000    0.000015194.3516   16.5476
   -7.5000    0.0000    0.000016500.4727   16.5839
    0.0000    0.0000    0.000017177.6152   16.5724
    7.5000    0.0000    0.000016209.8477   16.5568
   -7.5000    7.5000    0.000016281.5693   16.5946
    0.0000    7.5000    0.000016965.5684   16.5701
    7.5000    7.5000    0.000015952.4805   16.5465
   -7.5000   15.0000    0.000015878.2852   16.5822
    0.0000   15.0000    0.000016588.8242   16.5543
    7.5000   15.0000    0.000015559.2041   16.5302
   -7.5000   22.5000    0.000015455.8428   16.5514
    0.0000   22.5000    0.000016179.1104   16.5337
    7.5000   22.5000    0.000015155.7422   16.5171
   -7.5000   30.0000    0.000014734.4131   16.3341
    0.0000   30.0000    0.000015421.9727   16.3281
    7.5000   30.0000    0.000014454.0000   16.3178
   -7.5000   37.5000    0.000014558.3418   16.3465
    0.0000   37.5000    0.000015194.4951   16.3432
    7.5000   37.5000    0.000014253.5732   16.3334
   -7.5000   45.0000    0.000013533.6211   15.9850
    0.0000   45.0000    0.000014120.2344   15.9739
    7.5000   45.0000    0.000013246.4238   15.9589
   -7.5000  -45.0000    7.5000 9314.9873   17.2519
    0.0000  -45.0000    7.5000 9657.0166   17.2360
    7.5000  -45.0000    7.5000 9195.0059   17.2140
   -7.5000  -37.5000    7.500010176.3662   16.9028
    0.0000  -37.5000    7.500010565.3301   16.8746
    7.5000  -37.5000    7.500010028.6943   16.8441
   -7.5000  -30.0000    7.500011450.0508   16.6759
    0.0000  -30.0000    7.500011893.2803   16.6450
    7.5000  -30.0000    7.500011288.1523   16.6127
   -7.5000  -22.5000    7.500012753.1992   16.5836
    0.0000  -22.5000    7.500013260.2529   16.5638
    7.5000  -22.5000    7.500012600.9990   16.5386
   -7.5000  -15.0000    7.500014036.3398   16.5333
    0.0000  -15.0000    7.500014597.3252   16.5251
    7.5000  -15.0000    7.500013881.0684   16.5071
   -7.5000   -7.5000    7.500015288.3330   16.5340
    0.0000   -7.5000    7.500015898.4502   16.5273
    7.5000   -7.5000    7.500015090.8301   16.5114
   -7.5000    0.0000    7.500016412.8438   16.5594
    0.0000    0.0000    7.500017090.5801   16.5431
    7.5000    0.0000    7.500016123.3945   16.5221
   -7.5000    7.5000    7.500016191.8926   16.5730
    0.0000    7.5000    7.500016894.9160   16.5437
    7.5000    7.5000    7.500015887.6504   16.5137
   -7.5000   15.0000    7.500015762.3516   16.5623
    0.0000   15.0000    7.500016446.3223   16.5306
    7.5000   15.0000    7.500015504.8145   16.4983
   -7.5000   22.5000    7.500015299.0820   16.5285
    0.0000   22.5000    7.500015962.2695   16.5082
    7.5000   22.5000    7.500015061.0938   16.4829
   -7.5000   30.0000    7.500014562.5889   16.3076
    0.0000   30.0000    7.500015193.1738   16.2994
    7.5000   30.0000    7.500014311.4102   16.2816
   -7.5000   37.5000    7.500014362.1885   16.3200
    0.0000   37.5000    7.500014955.3691   16.3134
    7.5000   37.5000    7.500014038.0654   16.2977
   -7.5000   45.0000    7.500013352.5098   15.9614
    0.0000   45.0000    7.500013895.1709   15.9457
    7.5000   45.0000    7.500013034.4014   15.9254
   -7.5000  -45.0000   15.0000 9127.2598   17.2402
    0.0000  -45.0000   15.0000 9477.0107   17.2225
    7.5000  -45.0000   15.0000 9000.9551   17.2006
   -7.5000  -37.5000   15.0000 9975.2832   16.8893
    0.0000  -37.5000   15.000010364.1729   16.8620
    7.5000  -37.5000   15.0000 9823.3818   16.8315
   -7.5000  -30.0000   15.000011205.3369   16.6638
    0.0000  -30.0000   15.000011640.3848   16.6354
    7.5000  -30.0000   15.000011048.2227   16.6031
   -7.5000  -22.5000   15.000012470.1055   16.5727
    0.0000  -22.5000   15.000012950.9375   16.5538
    7.5000  -22.5000   15.000012296.8164   16.5290
   -7.5000  -15.0000   15.000013706.9180   16.5222
    0.0000  -15.0000   15.000014249.8486   16.5121
    7.5000  -15.0000   15.000013526.7432   16.4944
   -7.5000   -7.5000   15.000014944.3320   16.5223
    0.0000   -7.5000   15.000015555.1611   16.5127
    7.5000   -7.5000   15.000014736.9678   16.4969
   -7.5000    0.0000   15.000016162.8857   16.5459
    0.0000    0.0000   15.000016894.6992   16.5280
    7.5000    0.0000   15.000015825.5713   16.5069
   -7.5000    7.5000   15.000016028.7148   16.5592
    0.0000    7.5000   15.000016729.1562   16.5307
    7.5000    7.5000   15.000015708.3428   16.5004
   -7.5000   15.0000   15.000015515.9531   16.5501
    0.0000   15.0000   15.000016156.6836   16.5208
    7.5000   15.0000   15.000015332.7949   16.4885
   -7.5000   22.5000   15.000014992.6201   16.5177
    0.0000   22.5000   15.000015613.6904   16.4982
    7.5000   22.5000   15.000014807.0371   16.4734
   -7.5000   30.0000   15.000014255.7041   16.2970
    0.0000   30.0000   15.000014849.3643   16.2868
    7.5000   30.0000   15.000014016.3936   16.2695
   -7.5000   37.5000   15.000014015.6299   16.3084
    0.0000   37.5000   15.000014568.2285   16.2989
    7.5000   37.5000   15.000013678.6162   16.2833
   -7.5000   45.0000   15.000013073.5176   15.9483
    0.0000   45.0000   15.000013571.6230   15.9311
    7.5000   45.0000   15.000012710.3818   15.9107
   -7.5000  -45.0000   22.5000 8814.0938   17.2556
    0.0000  -45.0000   22.5000 9155.4512   17.2417
    7.5000  -45.0000   22.5000 8673.4502   17.2258
   -7.5000  -37.5000   22.5000 9622.3945   16.8977
    0.0000  -37.5000   22.500010001.7764   16.8774
    7.5000  -37.5000   22.5000 9482.9717   16.8544
   -7.5000  -30.0000   22.500010799.1445   16.6710
    0.0000  -30.0000   22.500011216.3486   16.6504
    7.5000  -30.0000   22.500010663.6113   16.6281
   -7.5000  -22.5000   22.500012024.9082   16.5860
    0.0000  -22.5000   22.500012494.5273   16.5722
    7.5000  -22.5000   22.500011869.7637   16.5581
   -7.5000  -15.0000   22.500013220.1211   16.5414
    0.0000  -15.0000   22.500013752.4482   16.5325
    7.5000  -15.0000   22.500013066.9551   16.5240
   -7.5000   -7.5000   22.500014447.1055   16.5412
    0.0000   -7.5000   22.500015057.9199   16.5322
    7.5000   -7.5000   22.500014263.7334   16.5229
   -7.5000    0.0000   22.500015692.2363   16.5588
    0.0000    0.0000   22.500016381.2363   16.5445
    7.5000    0.0000   22.500015386.9932   16.5287
   -7.5000    7.5000   22.500015622.7822   16.5664
    0.0000    7.5000   22.500016231.7227   16.5447
    7.5000    7.5000   22.500015338.5850   16.5215
   -7.5000   15.0000   22.500015171.3174   16.5567
    0.0000   15.0000   22.500015722.0312   16.5351
    7.5000   15.0000   22.500014958.6572   16.5126
   -7.5000   22.5000   22.500014706.4707   16.5305
    0.0000   22.5000   22.500015214.2080   16.5161
    7.5000   22.5000   22.500014424.4990   16.5018
   -7.5000   30.0000   22.500013923.5957   16.3161
    0.0000   30.0000   22.500014412.8789   16.3072
    7.5000   30.0000   22.500013590.0244   16.2988
   -7.5000   37.5000   22.500013563.6064   16.3271
    0.0000   37.5000   22.500014040.6230   16.3182
    7.5000   37.5000   22.500013183.0635   16.3091
   -7.5000   45.0000   22.500012581.9014   15.9608
    0.0000   45.0000   22.500013029.0713   15.9470
    7.5000   45.0000   22.500012215.9092   15.9318
   -7.5000  -45.0000   30.0000 8378.9229   17.2832
    0.0000  -45.0000   30.0000 8717.3379   17.2744
    7.5000  -45.0000   30.0000 8264.7939   17.2635
   -7.5000  -37.5000   30.0000 9161.3242   16.9199
    0.0000  -37.5000   30.0000 9531.7246   16.9051
    7.5000  -37.5000   30.0000 9048.8096   16.8887
   -7.5000  -30.0000   30.000010287.4473   16.6906
    0.0000  -30.0000   30.000010692.2490   16.6748
    7.5000  -30.0000   30.000010171.4043   16.6612
   -7.5000  -22.5000   30.000011439.6963   16.6101
    0.0000  -22.5000   30.000011907.0850   16.6000
    7.5000  -22.5000   30.000011334.0439   16.5951
   -7.5000  -15.0000   30.000012576.5654   16.5715
    0.0000  -15.0000   30.000013091.8828   16.5651
    7.5000  -15.0000   30.000012481.1514   16.5643
   -7.5000   -7.5000   30.000013748.3740   16.5717
    0.0000   -7.5000   30.000014321.9492   16.5659
    7.5000   -7.5000   30.000013601.3760   16.5622
   -7.5000    0.0000   30.000014899.8477   16.5854
    0.0000    0.0000   30.000015505.2715   16.5758
    7.5000    0.0000   30.000014616.3018   16.5649
   -7.5000    7.5000   30.000014886.8477   16.5877
    0.0000    7.5000   30.000015454.1240   16.5713
    7.5000    7.5000   30.000014502.9922   16.5547
   -7.5000   15.0000   30.000014644.1602   16.5757
    0.0000   15.0000   30.000015164.9795   16.5589
    7.5000   15.0000   30.000014178.4482   16.5450
   -7.5000   22.5000   30.000014215.6387   16.5540
    0.0000   22.5000   30.000014720.0283   16.5433
    7.5000   22.5000   30.000013708.0898   16.5381
   -7.5000   30.0000   30.000013363.8525   16.3457
    0.0000   30.0000   30.000013837.6572   16.3392
    7.5000   30.0000   30.000012929.3574   16.3385
   -7.5000   37.5000   30.000012908.2422   16.3573
    0.0000   37.5000   30.000013361.4062   16.3515
    7.5000   37.5000   30.000012541.7871   16.3478
   -7.5000   45.0000   30.000011912.2314   15.9865
    0.0000   45.0000   30.000012338.9160   15.9771
    7.5000   45.0000   30.000011620.1514   15.9667
   -7.5000  -45.0000   37.5000 8142.6636   17.3391
    0.0000  -45.0000   37.5000 8479.7627   17.3322
    7.5000  -45.0000   37.5000 8063.7007   17.3215
   -7.5000  -37.5000   37.5000 8940.5156   16.9795
    0.0000  -37.5000   37.5000 9311.0010   16.9633
    7.5000  -37.5000   37.5000 8829.7549   16.9464
   -7.5000  -30.0000   37.500010048.4424   16.7483
    0.0000  -30.0000   37.500010493.3701   16.7294
    7.5000  -30.0000   37.5000 9935.8252   16.7145
   -7.5000  -22.5000   37.500011204.4297   16.6639
    0.0000  -22.5000   37.500011690.0723   16.6521
    7.5000  -22.5000   37.500011066.8389   16.6455
   -7.5000  -15.0000   37.500012372.8438   16.6224
    0.0000  -15.0000   37.500012910.6250   16.6177
    7.5000  -15.0000   37.500012227.8926   16.6157
   -7.5000   -7.5000   37.500013533.6396   16.6230
    0.0000   -7.5000   37.500014094.9473   16.6201
    7.5000   -7.5000   37.500013348.5615   16.6163
   -7.5000    0.0000   37.500014585.3506   16.6408
    0.0000    0.0000   37.500015132.3525   16.6327
    7.5000    0.0000   37.500014317.1768   16.6222
   -7.5000    7.5000   37.500014429.6201   16.6461
    0.0000    7.5000   37.500014935.3047   16.6284
    7.5000    7.5000   37.500014163.0918   16.6114
   -7.5000   15.0000   37.500014123.6123   16.6330
    0.0000   15.0000   37.500014635.5938   16.6130
    7.5000   15.0000   37.500013869.0303   16.5978
   -7.5000   22.5000   37.500013763.1650   16.6076
    0.0000   22.5000   37.500014292.1416   16.5952
    7.5000   22.5000   37.500013475.5020   16.5883
   -7.5000   30.0000   37.500013035.2168   16.3956
    0.0000   30.0000   37.500013539.3115   16.3908
    7.5000   30.0000   37.500012748.7754   16.3888
   -7.5000   37.5000   37.500012623.6953   16.4079
    0.0000   37.5000   37.500013110.3779   16.4050
    7.5000   37.5000   37.500012347.9697   16.4013
   -7.5000   45.0000   37.500011672.3389   16.0398
    0.0000   45.0000   37.500012135.8809   16.0320
    7.5000   45.0000   37.500011420.2617   16.0219
   -7.5000  -45.0000   45.0000 7534.1597   17.2939
    0.0000  -45.0000   45.0000 7847.6675   17.2843
    7.5000  -45.0000   45.0000 7426.6753   17.2689
   -7.5000  -37.5000   45.0000 8279.2158   16.9439
    0.0000  -37.5000   45.0000 8640.7217   16.9218
    7.5000  -37.5000   45.0000 8150.8740   16.8991
   -7.5000  -30.0000   45.0000 9322.1436   16.7169
    0.0000  -30.0000   45.0000 9742.1699   16.6909
    7.5000  -30.0000   45.0000 9180.5869   16.6681
   -7.5000  -22.5000   45.000010388.2354   16.6287
    0.0000  -22.5000   45.000010861.1240   16.6125
    7.5000  -22.5000   45.000010246.1230   16.5973
   -7.5000  -15.0000   45.000011439.8057   16.5816
    0.0000  -15.0000   45.000011948.9355   16.5764
    7.5000  -15.0000   45.000011307.4863   16.5672
   -7.5000   -7.5000   45.000012467.8398   16.5811
    0.0000   -7.5000   45.000012990.2803   16.5785
    7.5000   -7.5000   45.000012330.2305   16.5697
   -7.5000    0.0000   45.000013372.2559   16.6035
    0.0000    0.0000   45.000013877.1260   16.5929
    7.5000    0.0000   45.000013199.6699   16.5783
   -7.5000    7.5000   45.000013181.4863   16.6144
    0.0000    7.5000   45.000013680.6826   16.5910
    7.5000    7.5000   45.000013033.8506   16.5684
   -7.5000   15.0000   45.000012915.5859   16.6028
    0.0000   15.0000   45.000013416.0361   16.5759
    7.5000   15.0000   45.000012791.9873   16.5530
   -7.5000   22.5000   45.000012620.2842   16.5726
    0.0000   22.5000   45.000013102.4375   16.5558
    7.5000   22.5000   45.000012483.6846   16.5405
   -7.5000   30.0000   45.000012017.7402   16.3536
    0.0000   30.0000   45.000012490.4092   16.3484
    7.5000   30.0000   45.000011883.5615   16.3393
   -7.5000   37.5000   45.000011674.8838   16.3651
    0.0000   37.5000   45.000012136.9316   16.3625
    7.5000   37.5000   45.000011525.7295   16.3538
   -7.5000   45.0000   45.000010833.8926   16.0111
    0.0000   45.0000   45.000011270.4062   16.0009
    7.5000   45.0000   45.000010674.5518   15.9868

---------------------------------------------------------------------
imgreg_4dfp /opt/freesurfer/average/711-2C_as_mni_average_305 /opt/freesurfer/average/711-2B_as_mni_average_305_mask talsrcimg_g11 none talsrcimg_to_711-2C_as_mni_average_305_t4 4355
---------------------------------------------------------------------

freesurfer imgreg_4dfp.c
/opt/freesurfer/average/711-2C_as_mni_average_305.4dfp.img
       256       256       256         1
  1.000000  1.000000  1.000000
orientation T byte_order littleendian
Reading image: /opt/freesurfer/average/711-2C_as_mni_average_305.4dfp.img
dimensions:      256       256       256
mmppix:       1.0000   -1.0000   -1.0000
center:     128.0000 -129.0000 -129.0000
/opt/freesurfer/average/711-2B_as_mni_average_305_mask.4dfp.img
       256       256       256         1
  1.000000  1.000000  1.000000
orientation T byte_order littleendian
Reading mask: /opt/freesurfer/average/711-2B_as_mni_average_305_mask.4dfp.img (2306576 pixels)
talsrcimg_g11.4dfp.img
       256       256       256         1
  1.000000  1.000000  1.000000
orientation T byte_order littleendian
Reading image: talsrcimg_g11.4dfp.img
dimensions:      256       256       256
mmppix:       1.0000   -1.0000   -1.0000
center:     128.0000 -129.0000 -129.0000
rotation matrix determinant  1.000000
image alignment mode   4355 decimal     1103 hex
   -7.5000  -45.0000  -45.0000 1748.4514   26.8132
    0.0000  -45.0000  -45.0000 1749.3423   26.7491
    7.5000  -45.0000  -45.0000 1729.0330   27.1659
   -7.5000  -37.5000  -45.0000 1852.4729   23.7668
    0.0000  -37.5000  -45.0000 1855.6404   23.7332
    7.5000  -37.5000  -45.0000 1833.9119   24.1102
   -7.5000  -30.0000  -45.0000 1942.0201   21.3320
    0.0000  -30.0000  -45.0000 1943.9587   21.3269
    7.5000  -30.0000  -45.0000 1927.2161   21.6264
   -7.5000  -22.5000  -45.0000 2016.6829   19.4420
    0.0000  -22.5000  -45.0000 2021.7965   19.4486
    7.5000  -22.5000  -45.0000 2008.2209   19.7307
   -7.5000  -15.0000  -45.0000 2070.8921   18.0858
    0.0000  -15.0000  -45.0000 2078.4260   18.0829
    7.5000  -15.0000  -45.0000 2065.2979   18.3721
   -7.5000   -7.5000  -45.0000 2116.7024   17.1294
    0.0000   -7.5000  -45.0000 2121.9780   17.1333
    7.5000   -7.5000  -45.0000 2103.2876   17.3970
   -7.5000    0.0000  -45.0000 2148.4758   16.4928
    0.0000    0.0000  -45.0000 2150.4290   16.4945
    7.5000    0.0000  -45.0000 2132.9678   16.7972
   -7.5000    7.5000  -45.0000 2161.3792   16.1784
    0.0000    7.5000  -45.0000 2161.6790   16.1336
    7.5000    7.5000  -45.0000 2146.2239   16.4834
   -7.5000   15.0000  -45.0000 2160.0015   16.1349
    0.0000   15.0000  -45.0000 2165.3931   16.1070
    7.5000   15.0000  -45.0000 2144.6396   16.4676
   -7.5000   22.5000  -45.0000 2147.9817   16.4140
    0.0000   22.5000  -45.0000 2150.5332   16.3926
    7.5000   22.5000  -45.0000 2127.2107   16.7787
   -7.5000   30.0000  -45.0000 2119.4119   17.0770
    0.0000   30.0000  -45.0000 2122.7925   17.0513
    7.5000   30.0000  -45.0000 2096.2439   17.4150
   -7.5000   37.5000  -45.0000 2074.5222   17.9733
    0.0000   37.5000  -45.0000 2079.3667   17.9766
    7.5000   37.5000  -45.0000 2053.6262   18.3531
   -7.5000   45.0000  -45.0000 2024.3319   19.1754
    0.0000   45.0000  -45.0000 2023.2471   19.1780
    7.5000   45.0000  -45.0000 1999.6073   19.5851
   -7.5000  -45.0000  -37.5000 1830.2371   24.4462
    0.0000  -45.0000  -37.5000 1830.3439   24.3619
    7.5000  -45.0000  -37.5000 1812.4470   24.7727
   -7.5000  -37.5000  -37.5000 1937.6552   21.6861
    0.0000  -37.5000  -37.5000 1939.0665   21.6229
    7.5000  -37.5000  -37.5000 1921.1011   21.9801
   -7.5000  -30.0000  -37.5000 2032.9592   19.4681
    0.0000  -30.0000  -37.5000 2033.3993   19.4496
    7.5000  -30.0000  -37.5000 2015.1471   19.7428
   -7.5000  -22.5000  -37.5000 2121.8914   17.7794
    0.0000  -22.5000  -37.5000 2125.2483   17.7820
    7.5000  -22.5000  -37.5000 2105.3088   18.0061
   -7.5000  -15.0000  -37.5000 2187.6575   16.5238
    0.0000  -15.0000  -37.5000 2190.8298   16.5496
    7.5000  -15.0000  -37.5000 2174.1155   16.7441
   -7.5000   -7.5000  -37.5000 2230.3613   15.6508
    0.0000   -7.5000  -37.5000 2231.7075   15.6526
    7.5000   -7.5000  -37.5000 2212.2585   15.8458
   -7.5000    0.0000  -37.5000 2255.0713   15.1112
    0.0000    0.0000  -37.5000 2257.4922   15.1049
    7.5000    0.0000  -37.5000 2236.0686   15.3057
   -7.5000    7.5000  -37.5000 2268.1787   14.7762
    0.0000    7.5000  -37.5000 2270.2253   14.7539
    7.5000    7.5000  -37.5000 2250.2378   15.0205
   -7.5000   15.0000  -37.5000 2272.4187   14.6955
    0.0000   15.0000  -37.5000 2276.6187   14.6687
    7.5000   15.0000  -37.5000 2249.0273   14.9409
   -7.5000   22.5000  -37.5000 2259.3157   14.8818
    0.0000   22.5000  -37.5000 2262.1321   14.8740
    7.5000   22.5000  -37.5000 2236.3594   15.1522
   -7.5000   30.0000  -37.5000 2227.7546   15.4120
    0.0000   30.0000  -37.5000 2238.0425   15.4020
    7.5000   30.0000  -37.5000 2210.4302   15.6987
   -7.5000   37.5000  -37.5000 2189.6792   16.2323
    0.0000   37.5000  -37.5000 2196.8420   16.2481
    7.5000   37.5000  -37.5000 2171.9954   16.5420
   -7.5000   45.0000  -37.5000 2135.9558   17.3742
    0.0000   45.0000  -37.5000 2137.2405   17.4100
    7.5000   45.0000  -37.5000 2106.6582   17.7191
   -7.5000  -45.0000  -30.0000 1936.1018   23.2855
    0.0000  -45.0000  -30.0000 1936.8143   23.2546
    7.5000  -45.0000  -30.0000 1919.5378   23.6200
   -7.5000  -37.5000  -30.0000 2057.6196   20.6323
    0.0000  -37.5000  -30.0000 2061.1523   20.6176
    7.5000  -37.5000  -30.0000 2039.4592   20.9048
   -7.5000  -30.0000  -30.0000 2159.7864   18.5280
    0.0000  -30.0000  -30.0000 2164.5439   18.5446
    7.5000  -30.0000  -30.0000 2142.8469   18.7469
   -7.5000  -22.5000  -30.0000 2261.7769   16.9260
    0.0000  -22.5000  -30.0000 2264.9927   16.9507
    7.5000  -22.5000  -30.0000 2245.0947   17.1120
   -7.5000  -15.0000  -30.0000 2336.0105   15.7060
    0.0000  -15.0000  -30.0000 2338.2759   15.7441
    7.5000  -15.0000  -30.0000 2321.0239   15.8858
   -7.5000   -7.5000  -30.0000 2380.5027   14.8835
    0.0000   -7.5000  -30.0000 2382.8816   14.9166
    7.5000   -7.5000  -30.0000 2360.3882   15.0497
   -7.5000    0.0000  -30.0000 2401.5686   14.3541
    0.0000    0.0000  -30.0000 2407.4626   14.3808
    7.5000    0.0000  -30.0000 2381.0979   14.5193
   -7.5000    7.5000  -30.0000 2414.9216   13.9870
    0.0000    7.5000  -30.0000 2420.7827   14.0076
    7.5000    7.5000  -30.0000 2393.0632   14.1764
   -7.5000   15.0000  -30.0000 2418.7056   13.8724
    0.0000   15.0000  -30.0000 2425.2617   13.8503
    7.5000   15.0000  -30.0000 2396.7756   14.0771
   -7.5000   22.5000  -30.0000 2409.1147   14.0219
    0.0000   22.5000  -30.0000 2416.2444   14.0446
    7.5000   22.5000  -30.0000 2387.9680   14.2773
   -7.5000   30.0000  -30.0000 2387.7244   14.5174
    0.0000   30.0000  -30.0000 2397.6055   14.5589
    7.5000   30.0000  -30.0000 2365.4143   14.8096
   -7.5000   37.5000  -30.0000 2350.0093   15.2910
    0.0000   37.5000  -30.0000 2355.3586   15.3430
    7.5000   37.5000  -30.0000 2324.1343   15.5995
   -7.5000   45.0000  -30.0000 2278.3362   16.3945
    0.0000   45.0000  -30.0000 2285.6946   16.4241
    7.5000   45.0000  -30.0000 2253.9961   16.7059
   -7.5000  -45.0000  -22.5000 2019.0978   22.1124
    0.0000  -45.0000  -22.5000 2020.2051   22.1086
    7.5000  -45.0000  -22.5000 2007.2172   22.3934
   -7.5000  -37.5000  -22.5000 2147.7317   19.6097
    0.0000  -37.5000  -22.5000 2154.4163   19.6573
    7.5000  -37.5000  -22.5000 2133.5090   19.8326
   -7.5000  -30.0000  -22.5000 2266.9517   17.6179
    0.0000  -30.0000  -22.5000 2273.6975   17.6511
    7.5000  -30.0000  -22.5000 2248.1445   17.8018
   -7.5000  -22.5000  -22.5000 2376.9851   16.0535
    0.0000  -22.5000  -22.5000 2380.2773   16.0944
    7.5000  -22.5000  -22.5000 2359.7944   16.2190
   -7.5000  -15.0000  -22.5000 2452.9824   14.8621
    0.0000  -15.0000  -22.5000 2457.8760   14.9161
    7.5000  -15.0000  -22.5000 2432.6609   15.0160
   -7.5000   -7.5000  -22.5000 2498.9041   14.0557
    0.0000   -7.5000  -22.5000 2504.8433   14.0953
    7.5000   -7.5000  -22.5000 2473.1863   14.2125
   -7.5000    0.0000  -22.5000 2529.3850   13.5205
    0.0000    0.0000  -22.5000 2534.4436   13.5456
    7.5000    0.0000  -22.5000 2501.4180   13.6729
   -7.5000    7.5000  -22.5000 2548.4539   13.1437
    0.0000    7.5000  -22.5000 2555.3616   13.1823
    7.5000    7.5000  -22.5000 2520.8162   13.3246
   -7.5000   15.0000  -22.5000 2550.1096   13.0428
    0.0000   15.0000  -22.5000 2557.5935   13.0586
    7.5000   15.0000  -22.5000 2527.0325   13.2505
   -7.5000   22.5000  -22.5000 2540.0659   13.2030
    0.0000   22.5000  -22.5000 2551.0972   13.2313
    7.5000   22.5000  -22.5000 2518.0642   13.4262
   -7.5000   30.0000  -22.5000 2520.8208   13.6459
    0.0000   30.0000  -22.5000 2528.9968   13.6721
    7.5000   30.0000  -22.5000 2490.3386   13.8966
   -7.5000   37.5000  -22.5000 2474.2661   14.3653
    0.0000   37.5000  -22.5000 2480.8408   14.3998
    7.5000   37.5000  -22.5000 2445.9011   14.6377
   -7.5000   45.0000  -22.5000 2400.8713   15.3809
    0.0000   45.0000  -22.5000 2409.5405   15.4424
    7.5000   45.0000  -22.5000 2373.1008   15.6958
   -7.5000  -45.0000  -15.0000 2077.4163   21.0924
    0.0000  -45.0000  -15.0000 2080.1897   21.1194
    7.5000  -45.0000  -15.0000 2069.1079   21.2986
   -7.5000  -37.5000  -15.0000 2216.5317   18.6652
    0.0000  -37.5000  -15.0000 2220.3289   18.7201
    7.5000  -37.5000  -15.0000 2202.0959   18.8410
   -7.5000  -30.0000  -15.0000 2343.9595   16.7494
    0.0000  -30.0000  -15.0000 2349.2480   16.7868
    7.5000  -30.0000  -15.0000 2325.2251   16.8922
   -7.5000  -22.5000  -15.0000 2456.7007   15.2099
    0.0000  -22.5000  -15.0000 2464.3157   15.2413
    7.5000  -22.5000  -15.0000 2436.6462   15.3784
   -7.5000  -15.0000  -15.0000 2536.0986   14.0535
    0.0000  -15.0000  -15.0000 2542.9719   14.0757
    7.5000  -15.0000  -15.0000 2514.1028   14.2077
   -7.5000   -7.5000  -15.0000 2586.5461   13.2511
    0.0000   -7.5000  -15.0000 2593.5256   13.2633
    7.5000   -7.5000  -15.0000 2564.9795   13.3927
   -7.5000    0.0000  -15.0000 2628.3652   12.7081
    0.0000    0.0000  -15.0000 2634.0173   12.7233
    7.5000    0.0000  -15.0000 2599.5339   12.8589
   -7.5000    7.5000  -15.0000 2658.0149   12.3409
    0.0000    7.5000  -15.0000 2666.3474   12.3791
    7.5000    7.5000  -15.0000 2629.0190   12.5121
   -7.5000   15.0000  -15.0000 2660.7673   12.2475
    0.0000   15.0000  -15.0000 2666.5986   12.2875
    7.5000   15.0000  -15.0000 2629.2676   12.4423
   -7.5000   22.5000  -15.0000 2651.0520   12.4044
    0.0000   22.5000  -15.0000 2660.8713   12.4525
    7.5000   22.5000  -15.0000 2621.7964   12.6205
   -7.5000   30.0000  -15.0000 2627.5149   12.8308
    0.0000   30.0000  -15.0000 2637.8813   12.8771
    7.5000   30.0000  -15.0000 2593.8911   13.0835
   -7.5000   37.5000  -15.0000 2579.7136   13.5050
    0.0000   37.5000  -15.0000 2589.5002   13.5602
    7.5000   37.5000  -15.0000 2545.0454   13.7945
   -7.5000   45.0000  -15.0000 2498.2246   14.4414
    0.0000   45.0000  -15.0000 2509.4631   14.5053
    7.5000   45.0000  -15.0000 2466.1616   14.7515
   -7.5000  -45.0000   -7.5000 2124.6819   20.1515
    0.0000  -45.0000   -7.5000 2128.0347   20.1803
    7.5000  -45.0000   -7.5000 2112.1250   20.3766
   -7.5000  -37.5000   -7.5000 2268.0974   17.8199
    0.0000  -37.5000   -7.5000 2273.9351   17.8473
    7.5000  -37.5000   -7.5000 2252.3081   18.0339
   -7.5000  -30.0000   -7.5000 2398.3564   15.9322
    0.0000  -30.0000   -7.5000 2406.4426   15.9604
    7.5000  -30.0000   -7.5000 2379.5808   16.1128
   -7.5000  -22.5000   -7.5000 2511.0256   14.4149
    0.0000  -22.5000   -7.5000 2521.1033   14.4320
    7.5000  -22.5000   -7.5000 2490.8320   14.5932
   -7.5000  -15.0000   -7.5000 2599.9253   13.2586
    0.0000  -15.0000   -7.5000 2608.0132   13.2791
    7.5000  -15.0000   -7.5000 2579.5066   13.4276
   -7.5000   -7.5000   -7.5000 2657.5579   12.4851
    0.0000   -7.5000   -7.5000 2667.8816   12.4905
    7.5000   -7.5000   -7.5000 2640.4841   12.6440
   -7.5000    0.0000   -7.5000 2705.1711   11.9078
    0.0000    0.0000   -7.5000 2716.1050   11.9230
    7.5000    0.0000   -7.5000 2685.3645   12.0733
   -7.5000    7.5000   -7.5000 2746.9089   11.5507
    0.0000    7.5000   -7.5000 2755.1086   11.5941
    7.5000    7.5000   -7.5000 2713.6736   11.7303
   -7.5000   15.0000   -7.5000 2753.0503   11.4547
    0.0000   15.0000   -7.5000 2758.6465   11.5095
    7.5000   15.0000   -7.5000 2720.9590   11.6549
   -7.5000   22.5000   -7.5000 2746.1892   11.6325
    0.0000   22.5000   -7.5000 2761.4985   11.6942
    7.5000   22.5000   -7.5000 2714.6196   11.8480
   -7.5000   30.0000   -7.5000 2721.0881   12.0516
    0.0000   30.0000   -7.5000 2737.1379   12.1174
    7.5000   30.0000   -7.5000 2690.1560   12.3087
   -7.5000   37.5000   -7.5000 2664.1936   12.6929
    0.0000   37.5000   -7.5000 2677.7507   12.7585
    7.5000   37.5000   -7.5000 2634.9265   12.9967
   -7.5000   45.0000   -7.5000 2579.1526   13.5900
    0.0000   45.0000   -7.5000 2587.7126   13.6251
    7.5000   45.0000   -7.5000 2552.6396   13.9019
   -7.5000  -45.0000    0.0000 2154.3303   19.4176
    0.0000  -45.0000    0.0000 2160.2649   19.4427
    7.5000  -45.0000    0.0000 2140.5107   19.6716
   -7.5000  -37.5000    0.0000 2300.0139   17.1293
    0.0000  -37.5000    0.0000 2307.3147   17.1186
    7.5000  -37.5000    0.0000 2284.0166   17.3337
   -7.5000  -30.0000    0.0000 2432.1968   15.2780
    0.0000  -30.0000    0.0000 2440.4045   15.2549
    7.5000  -30.0000    0.0000 2414.0344   15.4555
   -7.5000  -22.5000    0.0000 2542.4907   13.7580
    0.0000  -22.5000    0.0000 2555.8777   13.7633
    7.5000  -22.5000    0.0000 2529.4988   13.9766
   -7.5000  -15.0000    0.0000 2640.7659   12.6157
    0.0000  -15.0000    0.0000 2652.8718   12.6321
    7.5000  -15.0000    0.0000 2630.1445   12.8405
   -7.5000   -7.5000    0.0000 2713.9116   11.8304
    0.0000   -7.5000    0.0000 2727.1062   11.8416
    7.5000   -7.5000    0.0000 2698.6863   12.0204
   -7.5000    0.0000    0.0000 2774.5864   11.2531
    0.0000    0.0000    0.0000 2787.9507   11.2782
    7.5000    0.0000    0.0000 2754.6440   11.4493
   -7.5000    7.5000    0.0000 2822.4578   10.8983
    0.0000    7.5000    0.0000 2833.8716   10.9303
    7.5000    7.5000    0.0000 2788.7664   11.0929
   -7.5000   15.0000    0.0000 2834.2234   10.7816
    0.0000   15.0000    0.0000 2846.5881   10.8414
    7.5000   15.0000    0.0000 2799.6343   11.0119
   -7.5000   22.5000    0.0000 2834.5293   10.9820
    0.0000   22.5000    0.0000 2849.8264   11.0405
    7.5000   22.5000    0.0000 2802.8325   11.2295
   -7.5000   30.0000    0.0000 2802.7349   11.4031
    0.0000   30.0000    0.0000 2817.1038   11.4645
    7.5000   30.0000    0.0000 2774.1628   11.6565
   -7.5000   37.5000    0.0000 2740.8359   12.0306
    0.0000   37.5000    0.0000 2748.2917   12.0810
    7.5000   37.5000    0.0000 2710.7507   12.3195
   -7.5000   45.0000    0.0000 2646.1577   12.9062
    0.0000   45.0000    0.0000 2652.9209   12.9365
    7.5000   45.0000    0.0000 2617.6812   13.1928
   -7.5000  -45.0000    7.5000 2169.7991   18.9493
    0.0000  -45.0000    7.5000 2173.7041   18.9315
    7.5000  -45.0000    7.5000 2157.8594   19.2746
   -7.5000  -37.5000    7.5000 2314.7742   16.6503
    0.0000  -37.5000    7.5000 2322.7371   16.6217
    7.5000  -37.5000    7.5000 2297.3391   16.8733
   -7.5000  -30.0000    7.5000 2444.0239   14.7825
    0.0000  -30.0000    7.5000 2454.7019   14.7725
    7.5000  -30.0000    7.5000 2428.3599   15.0236
   -7.5000  -22.5000    7.5000 2562.4829   13.2860
    0.0000  -22.5000    7.5000 2575.0759   13.2819
    7.5000  -22.5000    7.5000 2548.3916   13.5321
   -7.5000  -15.0000    7.5000 2669.1396   12.1614
    0.0000  -15.0000    7.5000 2682.2629   12.1654
    7.5000  -15.0000    7.5000 2657.6985   12.4067
   -7.5000   -7.5000    7.5000 2761.9531   11.3456
    0.0000   -7.5000    7.5000 2776.5513   11.3519
    7.5000   -7.5000    7.5000 2746.6484   11.5822
   -7.5000    0.0000    7.5000 2837.7126   10.7710
    0.0000    0.0000    7.5000 2851.9194   10.7866
    7.5000    0.0000    7.5000 2818.7974   11.0207
   -7.5000    7.5000    7.5000 2895.0908   10.4259
    0.0000    7.5000    7.5000 2911.3967   10.4434
    7.5000    7.5000    7.5000 2865.2505   10.6731
   -7.5000   15.0000    7.5000 2918.1675   10.3010
    0.0000   15.0000    7.5000 2929.8186   10.3302
    7.5000   15.0000    7.5000 2879.0952   10.5958
   -7.5000   22.5000    7.5000 2911.4897   10.4849
    0.0000   22.5000    7.5000 2927.5583   10.4997
    7.5000   22.5000    7.5000 2876.1541   10.7757
   -7.5000   30.0000    7.5000 2868.9426   10.8782
    0.0000   30.0000    7.5000 2881.5613   10.9034
    7.5000   30.0000    7.5000 2837.8652   11.1755
   -7.5000   37.5000    7.5000 2799.3494   11.5134
    0.0000   37.5000    7.5000 2809.2441   11.5305
    7.5000   37.5000    7.5000 2766.1414   11.8236
   -7.5000   45.0000    7.5000 2693.7856   12.4184
    0.0000   45.0000    7.5000 2702.0916   12.4435
    7.5000   45.0000    7.5000 2662.4893   12.7164
   -7.5000  -45.0000   15.0000 2174.6426   18.8371
    0.0000  -45.0000   15.0000 2180.8911   18.7793
    7.5000  -45.0000   15.0000 2160.6638   19.1890
   -7.5000  -37.5000   15.0000 2313.7866   16.4776
    0.0000  -37.5000   15.0000 2322.8875   16.4224
    7.5000  -37.5000   15.0000 2301.0881   16.7611
   -7.5000  -30.0000   15.0000 2437.7488   14.5628
    0.0000  -30.0000   15.0000 2448.8862   14.5206
    7.5000  -30.0000   15.0000 2425.4407   14.8591
   -7.5000  -22.5000   15.0000 2558.8125   13.0541
    0.0000  -22.5000   15.0000 2571.3000   13.0147
    7.5000  -22.5000   15.0000 2544.8899   13.3421
   -7.5000  -15.0000   15.0000 2672.9983   11.9295
    0.0000  -15.0000   15.0000 2687.9741   11.8807
    7.5000  -15.0000   15.0000 2659.7058   12.1788
   -7.5000   -7.5000   15.0000 2780.9963   11.0770
    0.0000   -7.5000   15.0000 2800.4709   11.0601
    7.5000   -7.5000   15.0000 2765.0044   11.3396
   -7.5000    0.0000   15.0000 2872.4521   10.5015
    0.0000    0.0000   15.0000 2890.5962   10.4871
    7.5000    0.0000   15.0000 2852.9607   10.7599
   -7.5000    7.5000   15.0000 2944.0117   10.1866
    0.0000    7.5000   15.0000 2970.0486   10.1679
    7.5000    7.5000   15.0000 2913.4375   10.4545
   -7.5000   15.0000   15.0000 2977.3579   10.0387
    0.0000   15.0000   15.0000 2998.0586   10.0177
    7.5000   15.0000   15.0000 2931.3564   10.3832
   -7.5000   22.5000   15.0000 2963.6646   10.1825
    0.0000   22.5000   15.0000 2980.6272   10.1490
    7.5000   22.5000   15.0000 2918.0925   10.5421
   -7.5000   30.0000   15.0000 2910.4148   10.5574
    0.0000   30.0000   15.0000 2922.5361   10.5526
    7.5000   30.0000   15.0000 2871.5139   10.9095
   -7.5000   37.5000   15.0000 2832.2754   11.1954
    0.0000   37.5000   15.0000 2844.3662   11.2107
    7.5000   37.5000   15.0000 2795.9917   11.5164
   -7.5000   45.0000   15.0000 2725.0481   12.1187
    0.0000   45.0000   15.0000 2734.0916   12.1271
    7.5000   45.0000   15.0000 2691.5710   12.3985
   -7.5000  -45.0000   22.5000 2170.3604   18.9835
    0.0000  -45.0000   22.5000 2175.3674   18.8587
    7.5000  -45.0000   22.5000 2157.3088   19.3352
   -7.5000  -37.5000   22.5000 2302.5132   16.5339
    0.0000  -37.5000   22.5000 2312.0513   16.4417
    7.5000  -37.5000   22.5000 2287.7512   16.8347
   -7.5000  -30.0000   22.5000 2421.4202   14.5614
    0.0000  -30.0000   22.5000 2430.1714   14.4795
    7.5000  -30.0000   22.5000 2410.0337   14.9172
   -7.5000  -22.5000   22.5000 2541.6658   13.0263
    0.0000  -22.5000   22.5000 2552.3625   12.9678
    7.5000  -22.5000   22.5000 2525.9578   13.3799
   -7.5000  -15.0000   22.5000 2663.2905   11.8775
    0.0000  -15.0000   22.5000 2677.7231   11.8183
    7.5000  -15.0000   22.5000 2649.4744   12.1918
   -7.5000   -7.5000   22.5000 2780.0486   11.0221
    0.0000   -7.5000   22.5000 2797.1458   10.9706
    7.5000   -7.5000   22.5000 2764.2268   11.3316
   -7.5000    0.0000   22.5000 2881.3528   10.4704
    0.0000    0.0000   22.5000 2901.3779   10.4141
    7.5000    0.0000   22.5000 2864.0667   10.7651
   -7.5000    7.5000   22.5000 2970.2495   10.2215
    0.0000    7.5000   22.5000 2995.7178   10.1468
    7.5000    7.5000   22.5000 2931.5945   10.4712
   -7.5000   15.0000   22.5000 3014.2898   10.0486
    0.0000   15.0000   22.5000 3034.7024    9.9685
    7.5000   15.0000   22.5000 2956.2434   10.3789
   -7.5000   22.5000   22.5000 2993.8481   10.1517
    0.0000   22.5000   22.5000 3004.7981   10.0844
    7.5000   22.5000   22.5000 2938.8508   10.4922
   -7.5000   30.0000   22.5000 2924.7058   10.5178
    0.0000   30.0000   22.5000 2932.0913   10.4676
    7.5000   30.0000   22.5000 2883.0405   10.8027
   -7.5000   37.5000   22.5000 2837.6375   11.1369
    0.0000   37.5000   22.5000 2848.8623   11.0930
    7.5000   37.5000   22.5000 2804.1370   11.3912
   -7.5000   45.0000   22.5000 2727.7947   12.0411
    0.0000   45.0000   22.5000 2736.0459   12.0075
    7.5000   45.0000   22.5000 2696.8892   12.2599
   -7.5000  -45.0000   30.0000 2145.2698   19.3578
    0.0000  -45.0000   30.0000 2151.1899   19.3178
    7.5000  -45.0000   30.0000 2132.0352   19.7992
   -7.5000  -37.5000   30.0000 2282.8223   16.7876
    0.0000  -37.5000   30.0000 2288.4221   16.7215
    7.5000  -37.5000   30.0000 2267.2168   17.2364
   -7.5000  -30.0000   30.0000 2398.8540   14.7480
    0.0000  -30.0000   30.0000 2407.6040   14.6765
    7.5000  -30.0000   30.0000 2387.7285   15.2045
   -7.5000  -22.5000   30.0000 2517.7678   13.2076
    0.0000  -22.5000   30.0000 2528.5474   13.1382
    7.5000  -22.5000   30.0000 2506.0496   13.6153
   -7.5000  -15.0000   30.0000 2636.8789   12.0570
    0.0000  -15.0000   30.0000 2650.4150   11.9977
    7.5000  -15.0000   30.0000 2630.8320   12.4195
   -7.5000   -7.5000   30.0000 2754.5520   11.2217
    0.0000   -7.5000   30.0000 2771.1140   11.1574
    7.5000   -7.5000   30.0000 2743.0383   11.5416
   -7.5000    0.0000   30.0000 2864.2900   10.6996
    0.0000    0.0000   30.0000 2880.1582   10.6546
    7.5000    0.0000   30.0000 2840.2493   10.9580
   -7.5000    7.5000   30.0000 2951.6675   10.3987
    0.0000    7.5000   30.0000 2970.6379   10.3209
    7.5000    7.5000   30.0000 2909.5623   10.6199
   -7.5000   15.0000   30.0000 2994.9446   10.2506
    0.0000   15.0000   30.0000 3008.7632   10.1810
    7.5000   15.0000   30.0000 2939.6882   10.4786
   -7.5000   22.5000   30.0000 2972.1646   10.3870
    0.0000   22.5000   30.0000 2987.2634   10.3443
    7.5000   22.5000   30.0000 2920.0085   10.5866
   -7.5000   30.0000   30.0000 2901.5503   10.7318
    0.0000   30.0000   30.0000 2911.6230   10.6979
    7.5000   30.0000   30.0000 2861.6384   10.9533
   -7.5000   37.5000   30.0000 2818.9365   11.2871
    0.0000   37.5000   30.0000 2823.6980   11.2495
    7.5000   37.5000   30.0000 2786.1536   11.5158
   -7.5000   45.0000   30.0000 2705.4031   12.1284
    0.0000   45.0000   30.0000 2711.0891   12.0978
    7.5000   45.0000   30.0000 2681.4116   12.3428
   -7.5000  -45.0000   37.5000 2101.7495   19.9022
    0.0000  -45.0000   37.5000 2105.7639   19.8658
    7.5000  -45.0000   37.5000 2097.6589   20.4505
   -7.5000  -37.5000   37.5000 2249.7676   17.2765
    0.0000  -37.5000   37.5000 2256.6494   17.2307
    7.5000  -37.5000   37.5000 2241.2522   17.7853
   -7.5000  -30.0000   37.5000 2371.7104   15.2260
    0.0000  -30.0000   37.5000 2382.1877   15.1986
    7.5000  -30.0000   37.5000 2363.0330   15.6969
   -7.5000  -22.5000   37.5000 2489.3030   13.6990
    0.0000  -22.5000   37.5000 2501.9585   13.6836
    7.5000  -22.5000   37.5000 2476.1528   14.1175
   -7.5000  -15.0000   37.5000 2612.9688   12.5354
    0.0000  -15.0000   37.5000 2626.9143   12.5066
    7.5000  -15.0000   37.5000 2597.8672   12.8984
   -7.5000   -7.5000   37.5000 2728.2114   11.6877
    0.0000   -7.5000   37.5000 2740.0342   11.6495
    7.5000   -7.5000   37.5000 2707.3320   12.0054
   -7.5000    0.0000   37.5000 2828.4775   11.1099
    0.0000    0.0000   37.5000 2838.3828   11.0715
    7.5000    0.0000   37.5000 2799.7686   11.3820
   -7.5000    7.5000   37.5000 2905.1199   10.7237
    0.0000    7.5000   37.5000 2912.7356   10.6703
    7.5000    7.5000   37.5000 2865.4048   10.9988
   -7.5000   15.0000   37.5000 2942.0481   10.5826
    0.0000   15.0000   37.5000 2948.8547   10.5395
    7.5000   15.0000   37.5000 2897.5149   10.8126
   -7.5000   22.5000   37.5000 2921.1003   10.7473
    0.0000   22.5000   37.5000 2935.3088   10.7030
    7.5000   22.5000   37.5000 2876.6960   10.9445
   -7.5000   30.0000   37.5000 2852.3899   11.1370
    0.0000   30.0000   37.5000 2863.7646   11.1076
    7.5000   30.0000   37.5000 2815.6648   11.3383
   -7.5000   37.5000   37.5000 2766.7859   11.6924
    0.0000   37.5000   37.5000 2778.9600   11.6812
    7.5000   37.5000   37.5000 2734.8074   11.9010
   -7.5000   45.0000   37.5000 2660.2634   12.4773
    0.0000   45.0000   37.5000 2671.1646   12.4766
    7.5000   45.0000   37.5000 2633.3210   12.6842
   -7.5000  -45.0000   45.0000 2054.2710   20.7508
    0.0000  -45.0000   45.0000 2059.7590   20.7416
    7.5000  -45.0000   45.0000 2052.7163   21.3009
   -7.5000  -37.5000   45.0000 2211.5571   18.0632
    0.0000  -37.5000   45.0000 2217.3613   18.0713
    7.5000  -37.5000   45.0000 2197.3376   18.5412
   -7.5000  -30.0000   45.0000 2338.3269   15.9836
    0.0000  -30.0000   45.0000 2347.6204   16.0149
    7.5000  -30.0000   45.0000 2320.9397   16.4108
   -7.5000  -22.5000   45.0000 2458.8669   14.3837
    0.0000  -22.5000   45.0000 2469.1052   14.3970
    7.5000  -22.5000   45.0000 2439.4563   14.7887
   -7.5000  -15.0000   45.0000 2581.9551   13.1456
    0.0000  -15.0000   45.0000 2593.5862   13.1386
    7.5000  -15.0000   45.0000 2559.4333   13.5180
   -7.5000   -7.5000   45.0000 2691.0032   12.2331
    0.0000   -7.5000   45.0000 2699.9072   12.2148
    7.5000   -7.5000   45.0000 2664.7239   12.5901
   -7.5000    0.0000   45.0000 2778.5605   11.6265
    0.0000    0.0000   45.0000 2783.4783   11.5733
    7.5000    0.0000   45.0000 2745.3469   11.9476
   -7.5000    7.5000   45.0000 2837.2522   11.2188
    0.0000    7.5000   45.0000 2840.6643   11.1972
    7.5000    7.5000   45.0000 2800.3765   11.5224
   -7.5000   15.0000   45.0000 2862.7874   11.1019
    0.0000   15.0000   45.0000 2871.2151   11.0729
    7.5000   15.0000   45.0000 2827.5842   11.3574
   -7.5000   22.5000   45.0000 2840.6423   11.2743
    0.0000   22.5000   45.0000 2852.2664   11.2425
    7.5000   22.5000   45.0000 2804.1960   11.5383
   -7.5000   30.0000   45.0000 2773.9836   11.6693
    0.0000   30.0000   45.0000 2788.6689   11.6508
    7.5000   30.0000   45.0000 2744.9167   11.9138
   -7.5000   37.5000   45.0000 2697.6929   12.2210
    0.0000   37.5000   45.0000 2710.8372   12.2023
    7.5000   37.5000   45.0000 2672.9512   12.4384
   -7.5000   45.0000   45.0000 2598.5771   12.9816
    0.0000   45.0000   45.0000 2611.0217   12.9898
    7.5000   45.0000   45.0000 2577.4299   13.1967

---------------------------------------------------------------------
imgreg_4dfp /opt/freesurfer/average/711-2C_as_mni_average_305 /opt/freesurfer/average/711-2B_as_mni_average_305_mask talsrcimg_g11 none talsrcimg_to_711-2C_as_mni_average_305_t4 1283
---------------------------------------------------------------------

freesurfer imgreg_4dfp.c
/opt/freesurfer/average/711-2C_as_mni_average_305.4dfp.img
       256       256       256         1
  1.000000  1.000000  1.000000
orientation T byte_order littleendian
Reading image: /opt/freesurfer/average/711-2C_as_mni_average_305.4dfp.img
dimensions:      256       256       256
mmppix:       1.0000   -1.0000   -1.0000
center:     128.0000 -129.0000 -129.0000
/opt/freesurfer/average/711-2B_as_mni_average_305_mask.4dfp.img
       256       256       256         1
  1.000000  1.000000  1.000000
orientation T byte_order littleendian
Reading mask: /opt/freesurfer/average/711-2B_as_mni_average_305_mask.4dfp.img (2306576 pixels)
talsrcimg_g11.4dfp.img
       256       256       256         1
  1.000000  1.000000  1.000000
orientation T byte_order littleendian
Reading image: talsrcimg_g11.4dfp.img
dimensions:      256       256       256
mmppix:       1.0000   -1.0000   -1.0000
center:     128.0000 -129.0000 -129.0000
rotation matrix determinant  1.000000
fimgreg.f
image alignment mode   1283 decimal      503 hex
parameters
    0.0000   15.0000   22.5000    0.0000    0.0000    0.0000
eta,q 0.95139 10.00155
niter,ni,del,rscale     5    3   12.0000    1.2000
parameter  4  1.075074 ->  0.500000 qaram    1.1500
parameters
   -2.5687   15.7658   24.2580   -3.4500    0.3636   -1.4956
eta,q 0.95591  9.92080
  0.0525  0.0570  0.0565  0.0436  0.0526  0.0476
  0.0488  0.0519  0.0531  0.0442  0.0487  0.0453
  0.0479  0.0488  0.0499  0.0451  0.0459  0.0441
  0.0498  0.0475  0.0473  0.0464  0.0445  0.0446
  0.0555  0.0482  0.0463  0.0487  0.0454  0.0465
  0.0622  0.0500  0.0476  0.0515  0.0475  0.0493
  0.0692  0.0527  0.0504  0.0546  0.0509  0.0525
niter,ni,del,rscale     5    3   12.0000    1.2000
parameters
   -2.8658   16.8214   23.8177   -5.3642    0.7080   -1.5241
eta,q 0.95684  9.92048
  0.0573  0.0569  0.0499  0.0463  0.0519  0.0489
  0.0500  0.0498  0.0469  0.0433  0.0474  0.0460
  0.0452  0.0458  0.0443  0.0430  0.0443  0.0439
  0.0441  0.0441  0.0436  0.0435  0.0431  0.0432
  0.0461  0.0437  0.0454  0.0453  0.0439  0.0439
  0.0523  0.0462  0.0482  0.0484  0.0461  0.0460
  0.0600  0.0497  0.0519  0.0518  0.0501  0.0490
niter,ni,del,rscale     4    3   12.0000    1.2000
parameters
   -2.9467   17.4369   23.3232   -5.6927    0.8236   -1.4609
eta,q 0.95692  9.91909
  0.0582  0.0558  0.0498  0.0490  0.0514  0.0487
  0.0504  0.0478  0.0465  0.0447  0.0468  0.0458
  0.0449  0.0437  0.0437  0.0431  0.0439  0.0437
  0.0432  0.0432  0.0432  0.0431  0.0431  0.0431
  0.0447  0.0440  0.0453  0.0438  0.0440  0.0439
  0.0511  0.0470  0.0484  0.0463  0.0464  0.0457
  0.0591  0.0499  0.0518  0.0497  0.0507  0.0483
niter,ni,del,rscale     3    3   12.0000    1.2000
parameters
   -2.9597   17.6150   23.2122   -5.8614    0.8493   -1.4121
eta,q 0.95686  9.91752
  0.0585  0.0538  0.0509  0.0493  0.0512  0.0487
  0.0507  0.0463  0.0472  0.0450  0.0467  0.0457
  0.0450  0.0432  0.0443  0.0433  0.0439  0.0436
  0.0431  0.0431  0.0431  0.0431  0.0431  0.0431
  0.0444  0.0447  0.0448  0.0438  0.0441  0.0440
  0.0508  0.0480  0.0480  0.0461  0.0467  0.0458
  0.0588  0.0505  0.0511  0.0494  0.0509  0.0483
niter,ni,del,rscale     2    3   12.0000    1.2000
parameters
   -2.9491   17.6778   23.1639   -5.9354    0.8506   -1.3835
eta,q 0.95684  9.91645
  0.0587  0.0534  0.0512  0.0495  0.0512  0.0486
  0.0509  0.0459  0.0474  0.0451  0.0467  0.0457
  0.0451  0.0430  0.0444  0.0434  0.0439  0.0436
  0.0431  0.0431  0.0432  0.0432  0.0432  0.0432
  0.0444  0.0450  0.0447  0.0437  0.0441  0.0440
  0.0508  0.0483  0.0480  0.0459  0.0467  0.0458
  0.0588  0.0506  0.0511  0.0492  0.0510  0.0482
niter,ni,del,rscale     1    3   12.0000    1.2000
parameters
   -2.9410   17.7029   23.1446   -5.9644    0.8481   -1.3693
eta,q 0.95683  9.91605
  0.0587  0.0532  0.0513  0.0496  0.0512  0.0486
  0.0510  0.0458  0.0475  0.0452  0.0467  0.0456
  0.0451  0.0430  0.0444  0.0434  0.0439  0.0436
  0.0432  0.0432  0.0432  0.0432  0.0432  0.0432
  0.0444  0.0450  0.0446  0.0437  0.0441  0.0440
  0.0508  0.0483  0.0480  0.0459  0.0468  0.0458
  0.0588  0.0506  0.0511  0.0492  0.0511  0.0483
registration optimization eta report
parameter search radius
    6.0000    6.0000    6.0000    6.9000    6.0000    6.0000
100000*second partial in parameter space
       44.       25.       22.       13.       22.       14.
  0.0587  0.0532  0.0513  0.0496  0.0512  0.0486
  0.0510  0.0458  0.0475  0.0452  0.0467  0.0456
  0.0451  0.0430  0.0444  0.0434  0.0439  0.0436
  0.0432  0.0432  0.0432  0.0432  0.0432  0.0432
  0.0444  0.0450  0.0446  0.0437  0.0441  0.0440
  0.0508  0.0483  0.0480  0.0459  0.0468  0.0458
  0.0588  0.0506  0.0511  0.0492  0.0511  0.0483
   -2.9410   17.7029   23.1446   -5.9644    0.8481   -1.3693
eta,q 0.95683  9.91605

---------------------------------------------------------------------
imgreg_4dfp /opt/freesurfer/average/711-2C_as_mni_average_305 /opt/freesurfer/average/711-2B_as_mni_average_305_mask talsrcimg_g11 none talsrcimg_to_711-2C_as_mni_average_305_t4 3335
---------------------------------------------------------------------

freesurfer imgreg_4dfp.c
/opt/freesurfer/average/711-2C_as_mni_average_305.4dfp.img
       256       256       256         1
  1.000000  1.000000  1.000000
orientation T byte_order littleendian
Reading image: /opt/freesurfer/average/711-2C_as_mni_average_305.4dfp.img
dimensions:      256       256       256
mmppix:       1.0000   -1.0000   -1.0000
center:     128.0000 -129.0000 -129.0000
/opt/freesurfer/average/711-2B_as_mni_average_305_mask.4dfp.img
       256       256       256         1
  1.000000  1.000000  1.000000
orientation T byte_order littleendian
Reading mask: /opt/freesurfer/average/711-2B_as_mni_average_305_mask.4dfp.img (2306576 pixels)
talsrcimg_g11.4dfp.img
       256       256       256         1
  1.000000  1.000000  1.000000
orientation T byte_order littleendian
Reading image: talsrcimg_g11.4dfp.img
dimensions:      256       256       256
mmppix:       1.0000   -1.0000   -1.0000
center:     128.0000 -129.0000 -129.0000
fimgreg.f
image alignment mode   3335 decimal      D07 hex
parameters
   -2.9410   17.7029   23.1446   -0.0395   -0.5734   -0.5522
    2.5305   -1.2234   -2.3894   10.4233    1.4801  -10.3899
eta,q 0.95700  9.96481
niter,ni,del,rscale     5    3    5.0000    1.2000
parameter  4 10.474269 ->  0.500000 qaram    1.1500
parameter  5  3.482028 ->  0.500000 qaram    1.1500
parameter  6  0.830621 ->  0.500000 qaram    1.1500
parameter 10  0.610907 ->  0.500000 qaram    1.1500
parameters
   -2.9247   18.3935   23.0583   -4.1795   -4.7134   -4.6922
    2.3160   -0.1625   -0.4039    6.2833    1.2539  -12.0417
eta,q 0.97219  9.73801
  0.0446  0.0451  0.0443  0.0328  0.0302  0.0293  0.0316  0.0365  0.0312  0.0283  0.0297  0.0286
  0.0437  0.0441  0.0435  0.0353  0.0317  0.0292  0.0303  0.0334  0.0301  0.0279  0.0287  0.0281
  0.0432  0.0434  0.0430  0.0389  0.0338  0.0299  0.0294  0.0308  0.0294  0.0281  0.0281  0.0278
  0.0430  0.0430  0.0429  0.0429  0.0362  0.0323  0.0292  0.0292  0.0290  0.0289  0.0279  0.0279
  0.0431  0.0429  0.0431  0.0466  0.0386  0.0362  0.0296  0.0292  0.0289  0.0301  0.0282  0.0283
  0.0437  0.0431  0.0437  0.0502  0.0412  0.0405  0.0305  0.0308  0.0291  0.0319  0.0289  0.0289
  0.0447  0.0436  0.0445  0.0538  0.0441  0.0455  0.0319  0.0335  0.0296  0.0342  0.0299  0.0297
niter,ni,del,rscale     7    3    5.0000    1.2000
parameter  3  0.765297 ->  0.500000 qaram    1.1500
parameter  4  0.567493 ->  0.500000 qaram    1.3225
parameters
   -2.7835   17.2922   21.6783   -8.9405   -8.3929   -6.0639
    2.3072   -0.0832   -0.1531    7.3139    0.0469  -10.5212
eta,q 0.97595  9.56750
  0.0323  0.0281  0.0263  0.0258  0.0252  0.0264  0.0267  0.0286  0.0260  0.0278  0.0248  0.0256
  0.0300  0.0274  0.0261  0.0247  0.0240  0.0255  0.0254  0.0260  0.0251  0.0259  0.0243  0.0249
  0.0285  0.0273  0.0264  0.0244  0.0237  0.0248  0.0246  0.0245  0.0245  0.0248  0.0241  0.0244
  0.0278  0.0278  0.0273  0.0261  0.0245  0.0237  0.0242  0.0242  0.0242  0.0242  0.0242  0.0241
  0.0281  0.0288  0.0287  0.0297  0.0263  0.0239  0.0245  0.0246  0.0244  0.0243  0.0244  0.0241
  0.0294  0.0302  0.0304  0.0341  0.0284  0.0267  0.0254  0.0259  0.0249  0.0250  0.0248  0.0243
  0.0314  0.0319  0.0324  0.0384  0.0307  0.0312  0.0268  0.0284  0.0258  0.0264  0.0254  0.0248
niter,ni,del,rscale     7    3    5.0000    1.2000
parameter  2 -0.521851 -> -0.500000 qaram    1.1500
parameters
   -2.6606   18.6722   21.1811   -9.7151   -9.4623   -7.5725
    2.2473   -0.0494   -0.1215    9.9729   -0.0445  -11.8621
eta,q 0.97636  9.43945
  0.0277  0.0288  0.0248  0.0275  0.0260  0.0254  0.0264  0.0275  0.0256  0.0276  0.0245  0.0244
  0.0258  0.0268  0.0238  0.0259  0.0248  0.0245  0.0251  0.0252  0.0247  0.0259  0.0239  0.0240
  0.0246  0.0252  0.0234  0.0245  0.0238  0.0242  0.0243  0.0240  0.0242  0.0247  0.0237  0.0237
  0.0241  0.0240  0.0234  0.0233  0.0236  0.0235  0.0240  0.0240  0.0240  0.0240  0.0237  0.0237
  0.0242  0.0234  0.0239  0.0234  0.0243  0.0235  0.0243  0.0244  0.0241  0.0237  0.0238  0.0240
  0.0253  0.0234  0.0249  0.0261  0.0259  0.0256  0.0252  0.0254  0.0247  0.0239  0.0240  0.0245
  0.0271  0.0240  0.0263  0.0306  0.0277  0.0295  0.0266  0.0272  0.0256  0.0248  0.0244  0.0253
niter,ni,del,rscale     7    3    5.0000    1.2000
parameters
   -2.6768   19.4276   20.5923   -9.7703  -10.7459   -8.4417
    2.4291   -0.2089   -0.0826   12.0769    0.2494  -12.6722
eta,q 0.97672  9.35875
  0.0266  0.0281  0.0244  0.0272  0.0255  0.0253  0.0260  0.0267  0.0251  0.0267  0.0241  0.0242
  0.0250  0.0261  0.0236  0.0257  0.0244  0.0242  0.0248  0.0246  0.0243  0.0253  0.0236  0.0237
  0.0240  0.0246  0.0233  0.0245  0.0236  0.0238  0.0239  0.0236  0.0237  0.0242  0.0233  0.0234
  0.0236  0.0236  0.0234  0.0233  0.0233  0.0234  0.0236  0.0236  0.0235  0.0235  0.0233  0.0233
  0.0240  0.0234  0.0238  0.0229  0.0240  0.0230  0.0238  0.0241  0.0237  0.0233  0.0234  0.0235
  0.0250  0.0239  0.0246  0.0247  0.0256  0.0243  0.0246  0.0250  0.0242  0.0236  0.0236  0.0240
  0.0268  0.0250  0.0259  0.0286  0.0276  0.0277  0.0258  0.0267  0.0251  0.0247  0.0239  0.0248
niter,ni,del,rscale     6    3    5.0000    1.2000
parameters
   -2.7264   20.0827   20.1571   -9.7444  -11.7366   -9.0378
    2.5360   -0.2595   -0.2655   13.4250    0.5900  -13.2674
eta,q 0.97691  9.30145
  0.0261  0.0276  0.0242  0.0267  0.0253  0.0251  0.0255  0.0264  0.0247  0.0263  0.0239  0.0241
  0.0245  0.0256  0.0235  0.0253  0.0242  0.0240  0.0243  0.0243  0.0239  0.0249  0.0234  0.0235
  0.0236  0.0241  0.0231  0.0242  0.0234  0.0234  0.0236  0.0233  0.0234  0.0239  0.0231  0.0232
  0.0233  0.0233  0.0231  0.0231  0.0231  0.0231  0.0232  0.0232  0.0232  0.0232  0.0231  0.0231
  0.0236  0.0231  0.0234  0.0225  0.0235  0.0227  0.0234  0.0237  0.0234  0.0231  0.0232  0.0233
  0.0246  0.0237  0.0241  0.0242  0.0249  0.0237  0.0242  0.0246  0.0240  0.0237  0.0234  0.0238
  0.0264  0.0249  0.0253  0.0279  0.0271  0.0269  0.0254  0.0262  0.0249  0.0249  0.0237  0.0245
niter,ni,del,rscale     5    3    5.0000    1.2000
parameters
   -2.7414   20.4943   19.9163   -9.7301  -12.2638   -9.2872
    2.6177   -0.2625   -0.4308   14.1956    0.6678  -13.6865
eta,q 0.97697  9.27489
  0.0258  0.0268  0.0243  0.0264  0.0255  0.0252  0.0253  0.0263  0.0246  0.0260  0.0237  0.0241
  0.0243  0.0250  0.0235  0.0251  0.0243  0.0240  0.0242  0.0242  0.0238  0.0246  0.0233  0.0235
  0.0234  0.0237  0.0231  0.0241  0.0234  0.0233  0.0234  0.0232  0.0233  0.0236  0.0231  0.0231
  0.0231  0.0231  0.0230  0.0230  0.0230  0.0230  0.0231  0.0231  0.0231  0.0231  0.0230  0.0230
  0.0234  0.0231  0.0233  0.0224  0.0233  0.0226  0.0233  0.0235  0.0233  0.0232  0.0231  0.0232
  0.0243  0.0238  0.0239  0.0240  0.0245  0.0234  0.0240  0.0244  0.0238  0.0239  0.0233  0.0237
  0.0260  0.0251  0.0249  0.0276  0.0266  0.0264  0.0253  0.0261  0.0248  0.0252  0.0236  0.0244
niter,ni,del,rscale     4    3    5.0000    1.2000
parameters
   -2.7416   20.6995   19.7843   -9.7242  -12.4839   -9.3928
    2.6740   -0.2414   -0.4758   14.5974    0.6425  -13.9585
eta,q 0.97697  9.26493
  0.0258  0.0263  0.0244  0.0263  0.0256  0.0253  0.0252  0.0263  0.0246  0.0258  0.0237  0.0241
  0.0243  0.0246  0.0236  0.0250  0.0244  0.0241  0.0241  0.0242  0.0238  0.0245  0.0233  0.0236
  0.0234  0.0235  0.0231  0.0240  0.0235  0.0233  0.0234  0.0231  0.0232  0.0235  0.0231  0.0232
  0.0230  0.0230  0.0230  0.0230  0.0230  0.0230  0.0230  0.0230  0.0230  0.0230  0.0230  0.0230
  0.0233  0.0232  0.0232  0.0224  0.0232  0.0226  0.0232  0.0234  0.0232  0.0232  0.0231  0.0232
  0.0242  0.0240  0.0238  0.0239  0.0243  0.0233  0.0240  0.0243  0.0238  0.0240  0.0233  0.0236
  0.0258  0.0255  0.0247  0.0275  0.0262  0.0263  0.0252  0.0260  0.0247  0.0254  0.0237  0.0243
niter,ni,del,rscale     3    3    5.0000    1.2000
parameters
   -2.7361   20.7979   19.7060   -9.7231  -12.5776   -9.4417
    2.6865   -0.2177   -0.4803   14.8070    0.6004  -14.1184
eta,q 0.97696  9.26127
  0.0257  0.0260  0.0245  0.0263  0.0257  0.0253  0.0252  0.0263  0.0246  0.0257  0.0237  0.0241
  0.0243  0.0244  0.0237  0.0250  0.0244  0.0241  0.0241  0.0242  0.0238  0.0244  0.0233  0.0236
  0.0234  0.0234  0.0232  0.0241  0.0235  0.0234  0.0233  0.0231  0.0233  0.0235  0.0231  0.0232
  0.0230  0.0230  0.0230  0.0230  0.0230  0.0230  0.0230  0.0230  0.0230  0.0230  0.0230  0.0230
  0.0233  0.0233  0.0232  0.0225  0.0232  0.0225  0.0233  0.0234  0.0232  0.0233  0.0231  0.0232
  0.0242  0.0242  0.0237  0.0239  0.0242  0.0233  0.0240  0.0243  0.0238  0.0241  0.0233  0.0236
  0.0258  0.0257  0.0247  0.0275  0.0261  0.0262  0.0252  0.0261  0.0247  0.0256  0.0237  0.0243
niter,ni,del,rscale     2    3    5.0000    1.2000
parameters
   -2.7300   20.8474   19.6601   -9.7211  -12.6147   -9.4661
    2.6874   -0.2031   -0.4784   14.9105    0.5636  -14.1899
eta,q 0.97696  9.25977
  0.0257  0.0259  0.0245  0.0263  0.0257  0.0253  0.0252  0.0263  0.0246  0.0256  0.0237  0.0242
  0.0243  0.0244  0.0237  0.0250  0.0245  0.0241  0.0241  0.0242  0.0238  0.0243  0.0233  0.0236
  0.0234  0.0234  0.0232  0.0241  0.0235  0.0234  0.0233  0.0232  0.0233  0.0234  0.0231  0.0232
  0.0230  0.0230  0.0230  0.0230  0.0230  0.0230  0.0230  0.0230  0.0230  0.0230  0.0230  0.0230
  0.0233  0.0233  0.0232  0.0225  0.0232  0.0225  0.0233  0.0235  0.0232  0.0233  0.0232  0.0232
  0.0242  0.0242  0.0237  0.0239  0.0242  0.0233  0.0240  0.0244  0.0238  0.0241  0.0234  0.0236
  0.0258  0.0257  0.0246  0.0275  0.0261  0.0262  0.0252  0.0261  0.0247  0.0256  0.0237  0.0242
niter,ni,del,rscale     1    3    5.0000    1.2000
parameters
   -2.7261   20.8707   19.6371   -9.7233  -12.6312   -9.4881
    2.6829   -0.1866   -0.4696   14.9573    0.5448  -14.2319
eta,q 0.97695  9.25864
  0.0257  0.0259  0.0245  0.0263  0.0257  0.0253  0.0252  0.0263  0.0247  0.0256  0.0237  0.0242
  0.0243  0.0243  0.0237  0.0250  0.0245  0.0242  0.0241  0.0242  0.0238  0.0243  0.0233  0.0236
  0.0234  0.0234  0.0232  0.0241  0.0235  0.0234  0.0233  0.0232  0.0233  0.0234  0.0231  0.0232
  0.0230  0.0230  0.0230  0.0230  0.0230  0.0230  0.0231  0.0231  0.0231  0.0231  0.0231  0.0231
  0.0233  0.0233  0.0232  0.0225  0.0232  0.0226  0.0233  0.0235  0.0232  0.0233  0.0232  0.0232
  0.0242  0.0243  0.0237  0.0239  0.0242  0.0233  0.0240  0.0244  0.0238  0.0241  0.0234  0.0236
  0.0258  0.0258  0.0246  0.0275  0.0261  0.0262  0.0252  0.0261  0.0247  0.0257  0.0237  0.0242
registration optimization eta report
parameter search radius
    2.4000    2.7600    2.7600    9.5220    8.2800    8.2800
    7.2000    7.2000    7.2000    8.2800    7.2000    7.2000
100000*second partial in parameter space
       47.       37.       20.        4.        4.        4.
        4.        6.        3.        4.        1.        2.
  0.0257  0.0259  0.0245  0.0263  0.0257  0.0253  0.0252  0.0263  0.0247  0.0256  0.0237  0.0242
  0.0243  0.0243  0.0237  0.0250  0.0245  0.0242  0.0241  0.0242  0.0238  0.0243  0.0233  0.0236
  0.0234  0.0234  0.0232  0.0241  0.0235  0.0234  0.0233  0.0232  0.0233  0.0234  0.0231  0.0232
  0.0230  0.0230  0.0230  0.0230  0.0230  0.0230  0.0231  0.0231  0.0231  0.0231  0.0231  0.0231
  0.0233  0.0233  0.0232  0.0225  0.0232  0.0226  0.0233  0.0235  0.0232  0.0233  0.0232  0.0232
  0.0242  0.0243  0.0237  0.0239  0.0242  0.0233  0.0240  0.0244  0.0238  0.0241  0.0234  0.0236
  0.0258  0.0258  0.0246  0.0275  0.0261  0.0262  0.0252  0.0261  0.0247  0.0257  0.0237  0.0242
   -2.7261   20.8707   19.6371   -9.7233  -12.6312   -9.4881
    2.6829   -0.1866   -0.4696   14.9573    0.5448  -14.2319
eta,q 0.97695  9.25864

---------------------------------------------------------------------
imgreg_4dfp /opt/freesurfer/average/711-2C_as_mni_average_305 /opt/freesurfer/average/711-2B_as_mni_average_305_mask talsrcimg_g11 none talsrcimg_to_711-2C_as_mni_average_305_t4 2311
---------------------------------------------------------------------

freesurfer imgreg_4dfp.c
/opt/freesurfer/average/711-2C_as_mni_average_305.4dfp.img
       256       256       256         1
  1.000000  1.000000  1.000000
orientation T byte_order littleendian
Reading image: /opt/freesurfer/average/711-2C_as_mni_average_305.4dfp.img
dimensions:      256       256       256
mmppix:       1.0000   -1.0000   -1.0000
center:     128.0000 -129.0000 -129.0000
/opt/freesurfer/average/711-2B_as_mni_average_305_mask.4dfp.img
       256       256       256         1
  1.000000  1.000000  1.000000
orientation T byte_order littleendian
Reading mask: /opt/freesurfer/average/711-2B_as_mni_average_305_mask.4dfp.img (2306576 pixels)
talsrcimg_g11.4dfp.img
       256       256       256         1
  1.000000  1.000000  1.000000
orientation T byte_order littleendian
Reading image: talsrcimg_g11.4dfp.img
dimensions:      256       256       256
mmppix:       1.0000   -1.0000   -1.0000
center:     128.0000 -129.0000 -129.0000
fimgreg.f
image alignment mode   2311 decimal      907 hex
parameters
   -2.7261   20.8707   19.6371   -9.7233  -12.6312   -9.4881
    2.6829   -0.1866   -0.4696   14.9573    0.5448  -14.2319
eta,q 0.97695  9.25864
niter,ni,del,rscale     5    3    5.0000    0.8000
parameter  4 -0.679696 -> -0.500000 qaram    1.1500
parameters
   -2.6943   20.8902   19.6643   -6.9633  -12.4989   -7.9998
    2.5649    0.1745   -0.4127   14.9326    1.3223  -14.9070
eta,q 0.97791  9.40932
  0.0243  0.0240  0.0236  0.0245  0.0236  0.0236  0.0234  0.0249  0.0230  0.0231  0.0231  0.0225
  0.0236  0.0235  0.0233  0.0241  0.0231  0.0231  0.0227  0.0235  0.0225  0.0226  0.0226  0.0223
  0.0232  0.0232  0.0231  0.0236  0.0227  0.0227  0.0223  0.0225  0.0222  0.0222  0.0223  0.0221
  0.0231  0.0231  0.0230  0.0230  0.0225  0.0225  0.0221  0.0221  0.0221  0.0221  0.0221  0.0221
  0.0232  0.0231  0.0231  0.0226  0.0226  0.0221  0.0223  0.0223  0.0222  0.0222  0.0221  0.0222
  0.0235  0.0235  0.0233  0.0225  0.0229  0.0221  0.0228  0.0230  0.0225  0.0226  0.0223  0.0225
  0.0242  0.0240  0.0235  0.0229  0.0236  0.0228  0.0235  0.0242  0.0230  0.0232  0.0226  0.0228
niter,ni,del,rscale     5    3    5.0000    0.8000
parameters
   -2.8054   20.6361   19.3360   -7.7094  -11.7515   -8.0990
    2.6730   -0.1541   -0.5255   15.0910    1.5689  -14.9170
eta,q 0.97795  9.42598
  0.0236  0.0228  0.0226  0.0239  0.0234  0.0232  0.0233  0.0240  0.0229  0.0231  0.0227  0.0226
  0.0227  0.0223  0.0222  0.0232  0.0229  0.0229  0.0227  0.0229  0.0224  0.0226  0.0224  0.0223
  0.0222  0.0221  0.0220  0.0224  0.0224  0.0225  0.0222  0.0222  0.0221  0.0222  0.0221  0.0221
  0.0221  0.0221  0.0221  0.0220  0.0221  0.0220  0.0221  0.0221  0.0221  0.0221  0.0221  0.0221
  0.0224  0.0223  0.0223  0.0224  0.0220  0.0219  0.0222  0.0224  0.0222  0.0221  0.0221  0.0221
  0.0231  0.0228  0.0227  0.0237  0.0223  0.0225  0.0226  0.0233  0.0225  0.0224  0.0223  0.0223
  0.0241  0.0235  0.0232  0.0258  0.0229  0.0238  0.0232  0.0246  0.0229  0.0230  0.0226  0.0226
niter,ni,del,rscale     4    3    5.0000    0.7000
parameters
   -2.8384   20.6195   19.2666   -7.6692  -11.6759   -7.8176
    2.7731   -0.2089   -0.6169   15.0578    1.6931  -15.2166
eta,q 0.97803  9.44139
  0.0233  0.0228  0.0226  0.0238  0.0229  0.0231  0.0230  0.0238  0.0226  0.0228  0.0225  0.0223
  0.0226  0.0224  0.0223  0.0232  0.0225  0.0228  0.0224  0.0228  0.0222  0.0223  0.0222  0.0221
  0.0222  0.0221  0.0221  0.0225  0.0222  0.0225  0.0221  0.0222  0.0220  0.0221  0.0220  0.0220
  0.0221  0.0221  0.0221  0.0220  0.0220  0.0220  0.0220  0.0220  0.0220  0.0220  0.0220  0.0220
  0.0222  0.0222  0.0221  0.0221  0.0221  0.0219  0.0221  0.0222  0.0220  0.0220  0.0220  0.0220
  0.0227  0.0224  0.0224  0.0228  0.0224  0.0222  0.0224  0.0229  0.0223  0.0223  0.0222  0.0222
  0.0234  0.0229  0.0227  0.0242  0.0230  0.0232  0.0229  0.0239  0.0227  0.0228  0.0224  0.0225
niter,ni,del,rscale     3    3    5.0000    0.6000
parameters
   -2.8634   20.6138   19.2798   -7.5182  -11.5889   -7.4757
    2.7629   -0.2149   -0.6945   14.9440    1.7907  -15.5421
eta,q 0.97811  9.46014
  0.0229  0.0226  0.0225  0.0235  0.0227  0.0229  0.0226  0.0234  0.0224  0.0225  0.0223  0.0221
  0.0224  0.0222  0.0222  0.0229  0.0223  0.0227  0.0222  0.0226  0.0221  0.0221  0.0221  0.0220
  0.0221  0.0220  0.0220  0.0224  0.0221  0.0223  0.0220  0.0221  0.0219  0.0219  0.0219  0.0219
  0.0220  0.0220  0.0220  0.0220  0.0219  0.0219  0.0219  0.0219  0.0219  0.0219  0.0219  0.0219
  0.0221  0.0220  0.0220  0.0220  0.0220  0.0219  0.0220  0.0221  0.0219  0.0220  0.0219  0.0219
  0.0224  0.0222  0.0222  0.0225  0.0222  0.0221  0.0222  0.0226  0.0221  0.0222  0.0221  0.0221
  0.0230  0.0226  0.0224  0.0236  0.0226  0.0229  0.0226  0.0234  0.0224  0.0226  0.0223  0.0223
niter,ni,del,rscale     2    3    5.0000    0.5000
parameters
   -2.8791   20.5903   19.3353   -7.4011  -11.4791   -7.1367
    2.7311   -0.2055   -0.7378   14.7723    1.8224  -15.7778
eta,q 0.97818  9.47667
  0.0226  0.0223  0.0223  0.0231  0.0224  0.0228  0.0223  0.0230  0.0222  0.0222  0.0221  0.0220
  0.0222  0.0221  0.0221  0.0226  0.0221  0.0225  0.0221  0.0224  0.0220  0.0220  0.0220  0.0219
  0.0220  0.0219  0.0219  0.0221  0.0220  0.0221  0.0219  0.0220  0.0219  0.0219  0.0219  0.0218
  0.0219  0.0219  0.0219  0.0219  0.0219  0.0219  0.0218  0.0218  0.0218  0.0218  0.0218  0.0218
  0.0220  0.0219  0.0219  0.0219  0.0219  0.0218  0.0219  0.0220  0.0219  0.0219  0.0219  0.0219
  0.0222  0.0221  0.0220  0.0223  0.0221  0.0221  0.0221  0.0223  0.0220  0.0221  0.0220  0.0219
  0.0226  0.0223  0.0222  0.0231  0.0224  0.0226  0.0224  0.0230  0.0222  0.0223  0.0221  0.0221
niter,ni,del,rscale     1    3    5.0000    0.4000
parameters
   -2.8923   20.5488   19.4046   -7.3409  -11.3589   -6.8627
    2.7006   -0.1949   -0.7509   14.6011    1.8556  -15.9326
eta,q 0.97821  9.48986
  0.0223  0.0221  0.0221  0.0227  0.0222  0.0225  0.0221  0.0226  0.0220  0.0221  0.0220  0.0219
  0.0220  0.0219  0.0220  0.0223  0.0220  0.0223  0.0219  0.0222  0.0219  0.0219  0.0219  0.0218
  0.0219  0.0218  0.0219  0.0220  0.0219  0.0220  0.0218  0.0219  0.0218  0.0218  0.0218  0.0218
  0.0218  0.0218  0.0218  0.0218  0.0218  0.0218  0.0218  0.0218  0.0218  0.0218  0.0218  0.0218
  0.0219  0.0219  0.0218  0.0219  0.0218  0.0218  0.0218  0.0219  0.0218  0.0218  0.0218  0.0218
  0.0221  0.0220  0.0219  0.0222  0.0219  0.0220  0.0220  0.0221  0.0219  0.0220  0.0219  0.0219
  0.0223  0.0221  0.0220  0.0227  0.0221  0.0223  0.0221  0.0226  0.0220  0.0221  0.0220  0.0220
registration optimization eta report
parameter search radius
    0.8000    0.8000    0.8000    2.7600    2.4000    2.4000
    2.4000    2.4000    2.4000    2.4000    2.4000    2.4000
100000*second partial in parameter space
       75.       45.       37.       11.        6.       11.
        6.       14.        4.        5.        4.        2.
  0.0223  0.0221  0.0221  0.0227  0.0222  0.0225  0.0221  0.0226  0.0220  0.0221  0.0220  0.0219
  0.0220  0.0219  0.0220  0.0223  0.0220  0.0223  0.0219  0.0222  0.0219  0.0219  0.0219  0.0218
  0.0219  0.0218  0.0219  0.0220  0.0219  0.0220  0.0218  0.0219  0.0218  0.0218  0.0218  0.0218
  0.0218  0.0218  0.0218  0.0218  0.0218  0.0218  0.0218  0.0218  0.0218  0.0218  0.0218  0.0218
  0.0219  0.0219  0.0218  0.0219  0.0218  0.0218  0.0218  0.0219  0.0218  0.0218  0.0218  0.0218
  0.0221  0.0220  0.0219  0.0222  0.0219  0.0220  0.0220  0.0221  0.0219  0.0220  0.0219  0.0219
  0.0223  0.0221  0.0220  0.0227  0.0221  0.0223  0.0221  0.0226  0.0220  0.0221  0.0220  0.0220
   -2.8923   20.5488   19.4046   -7.3409  -11.3589   -6.8627
    2.7006   -0.1949   -0.7509   14.6011    1.8556  -15.9326
eta,q 0.97821  9.48986

---------------------------------------------------------------------
imgreg_4dfp /opt/freesurfer/average/711-2C_as_mni_average_305 /opt/freesurfer/average/711-2B_as_mni_average_305_mask talsrcimg_g11 none talsrcimg_to_711-2C_as_mni_average_305_t4 2311
---------------------------------------------------------------------

freesurfer imgreg_4dfp.c
/opt/freesurfer/average/711-2C_as_mni_average_305.4dfp.img
       256       256       256         1
  1.000000  1.000000  1.000000
orientation T byte_order littleendian
Reading image: /opt/freesurfer/average/711-2C_as_mni_average_305.4dfp.img
dimensions:      256       256       256
mmppix:       1.0000   -1.0000   -1.0000
center:     128.0000 -129.0000 -129.0000
/opt/freesurfer/average/711-2B_as_mni_average_305_mask.4dfp.img
       256       256       256         1
  1.000000  1.000000  1.000000
orientation T byte_order littleendian
Reading mask: /opt/freesurfer/average/711-2B_as_mni_average_305_mask.4dfp.img (2306576 pixels)
talsrcimg_g11.4dfp.img
       256       256       256         1
  1.000000  1.000000  1.000000
orientation T byte_order littleendian
Reading image: talsrcimg_g11.4dfp.img
dimensions:      256       256       256
mmppix:       1.0000   -1.0000   -1.0000
center:     128.0000 -129.0000 -129.0000
fimgreg.f
image alignment mode   2311 decimal      907 hex
parameters
   -2.8923   20.5488   19.4046   -7.3409  -11.3589   -6.8627
    2.7006   -0.1949   -0.7509   14.6011    1.8556  -15.9326
eta,q 0.97821  9.48986
niter,ni,del,rscale     5    3    5.0000    0.8000
parameters
   -2.8956   20.4984   19.4702   -7.8380  -11.5641   -7.5033
    2.8822   -0.3396   -0.6366   14.8049    1.8014  -15.1959
eta,q 0.97807  9.45060
  0.0237  0.0229  0.0228  0.0235  0.0230  0.0231  0.0233  0.0242  0.0228  0.0231  0.0226  0.0226
  0.0227  0.0223  0.0223  0.0228  0.0224  0.0228  0.0226  0.0230  0.0224  0.0225  0.0222  0.0223
  0.0220  0.0219  0.0219  0.0221  0.0220  0.0223  0.0221  0.0222  0.0221  0.0221  0.0220  0.0221
  0.0218  0.0218  0.0218  0.0218  0.0218  0.0218  0.0220  0.0220  0.0220  0.0220  0.0220  0.0220
  0.0220  0.0220  0.0219  0.0221  0.0219  0.0220  0.0221  0.0223  0.0220  0.0220  0.0220  0.0219
  0.0227  0.0223  0.0222  0.0231  0.0224  0.0230  0.0224  0.0231  0.0223  0.0223  0.0223  0.0221
  0.0237  0.0230  0.0227  0.0248  0.0233  0.0248  0.0231  0.0245  0.0228  0.0229  0.0226  0.0223
niter,ni,del,rscale     4    3    5.0000    0.7000
parameters
   -2.8879   20.5317   19.3947   -7.6123  -11.6094   -7.6189
    2.8475   -0.3012   -0.6633   14.8542    1.8036  -15.1714
eta,q 0.97808  9.45084
  0.0233  0.0228  0.0225  0.0235  0.0228  0.0230  0.0229  0.0239  0.0226  0.0227  0.0224  0.0223
  0.0225  0.0223  0.0222  0.0229  0.0224  0.0227  0.0223  0.0228  0.0222  0.0223  0.0222  0.0221
  0.0221  0.0220  0.0220  0.0223  0.0220  0.0223  0.0220  0.0222  0.0220  0.0220  0.0220  0.0220
  0.0219  0.0219  0.0219  0.0219  0.0219  0.0219  0.0219  0.0219  0.0219  0.0219  0.0219  0.0219
  0.0221  0.0220  0.0220  0.0219  0.0220  0.0219  0.0220  0.0221  0.0220  0.0220  0.0220  0.0220
  0.0225  0.0223  0.0223  0.0224  0.0223  0.0224  0.0224  0.0228  0.0222  0.0223  0.0222  0.0221
  0.0233  0.0227  0.0227  0.0235  0.0229  0.0236  0.0229  0.0238  0.0226  0.0227  0.0224  0.0223
niter,ni,del,rscale     3    3    5.0000    0.6000
parameters
   -2.8872   20.5532   19.3529   -7.4121  -11.5660   -7.4381
    2.7796   -0.2502   -0.7044   14.8122    1.8348  -15.4285
eta,q 0.97814  9.46395
  0.0229  0.0226  0.0224  0.0232  0.0226  0.0229  0.0226  0.0235  0.0223  0.0225  0.0223  0.0221
  0.0224  0.0222  0.0221  0.0227  0.0223  0.0226  0.0222  0.0226  0.0221  0.0221  0.0221  0.0220
  0.0220  0.0220  0.0220  0.0222  0.0220  0.0222  0.0219  0.0221  0.0219  0.0219  0.0219  0.0219
  0.0219  0.0219  0.0219  0.0219  0.0219  0.0219  0.0219  0.0219  0.0219  0.0219  0.0219  0.0219
  0.0220  0.0220  0.0220  0.0219  0.0219  0.0219  0.0220  0.0220  0.0219  0.0219  0.0219  0.0219
  0.0224  0.0222  0.0222  0.0223  0.0222  0.0222  0.0222  0.0225  0.0221  0.0221  0.0221  0.0220
  0.0229  0.0225  0.0224  0.0231  0.0226  0.0230  0.0226  0.0234  0.0224  0.0225  0.0223  0.0222
niter,ni,del,rscale     2    3    5.0000    0.5000
parameters
   -2.8904   20.5560   19.3605   -7.3067  -11.4688   -7.1467
    2.7217   -0.2210   -0.7467   14.7012    1.8643  -15.7049
eta,q 0.97818  9.47873
  0.0226  0.0223  0.0222  0.0228  0.0224  0.0227  0.0223  0.0230  0.0222  0.0222  0.0221  0.0220
  0.0222  0.0221  0.0220  0.0224  0.0221  0.0225  0.0220  0.0224  0.0220  0.0220  0.0220  0.0219
  0.0219  0.0219  0.0219  0.0221  0.0219  0.0221  0.0219  0.0220  0.0219  0.0219  0.0219  0.0218
  0.0219  0.0219  0.0219  0.0219  0.0219  0.0219  0.0218  0.0218  0.0218  0.0218  0.0218  0.0218
  0.0219  0.0219  0.0219  0.0219  0.0219  0.0218  0.0219  0.0219  0.0219  0.0219  0.0219  0.0219
  0.0222  0.0221  0.0220  0.0222  0.0220  0.0221  0.0221  0.0223  0.0220  0.0220  0.0220  0.0219
  0.0226  0.0223  0.0222  0.0228  0.0223  0.0226  0.0224  0.0230  0.0222  0.0223  0.0221  0.0221
niter,ni,del,rscale     1    3    5.0000    0.4000
parameters
   -2.8929   20.5276   19.4168   -7.2694  -11.3536   -6.8743
    2.6882   -0.1986   -0.7592   14.5617    1.8607  -15.8663
eta,q 0.97821  9.49107
  0.0223  0.0221  0.0221  0.0225  0.0222  0.0225  0.0221  0.0226  0.0220  0.0221  0.0220  0.0219
  0.0220  0.0219  0.0219  0.0222  0.0220  0.0223  0.0219  0.0222  0.0219  0.0219  0.0219  0.0218
  0.0219  0.0218  0.0219  0.0219  0.0219  0.0220  0.0218  0.0219  0.0218  0.0218  0.0218  0.0218
  0.0218  0.0218  0.0218  0.0218  0.0218  0.0218  0.0218  0.0218  0.0218  0.0218  0.0218  0.0218
  0.0219  0.0219  0.0218  0.0219  0.0218  0.0218  0.0218  0.0219  0.0218  0.0218  0.0218  0.0218
  0.0220  0.0220  0.0219  0.0221  0.0219  0.0220  0.0220  0.0221  0.0219  0.0219  0.0219  0.0219
  0.0223  0.0221  0.0220  0.0225  0.0221  0.0223  0.0222  0.0226  0.0220  0.0221  0.0220  0.0220
registration optimization eta report
parameter search radius
    0.8000    0.8000    0.8000    2.4000    2.4000    2.4000
    2.4000    2.4000    2.4000    2.4000    2.4000    2.4000
100000*second partial in parameter space
       76.       44.       37.       12.        6.       11.
        6.       14.        4.        5.        4.        2.
  0.0223  0.0221  0.0221  0.0225  0.0222  0.0225  0.0221  0.0226  0.0220  0.0221  0.0220  0.0219
  0.0220  0.0219  0.0219  0.0222  0.0220  0.0223  0.0219  0.0222  0.0219  0.0219  0.0219  0.0218
  0.0219  0.0218  0.0219  0.0219  0.0219  0.0220  0.0218  0.0219  0.0218  0.0218  0.0218  0.0218
  0.0218  0.0218  0.0218  0.0218  0.0218  0.0218  0.0218  0.0218  0.0218  0.0218  0.0218  0.0218
  0.0219  0.0219  0.0218  0.0219  0.0218  0.0218  0.0218  0.0219  0.0218  0.0218  0.0218  0.0218
  0.0220  0.0220  0.0219  0.0221  0.0219  0.0220  0.0220  0.0221  0.0219  0.0219  0.0219  0.0219
  0.0223  0.0221  0.0220  0.0225  0.0221  0.0223  0.0222  0.0226  0.0220  0.0221  0.0220  0.0220
   -2.8929   20.5276   19.4168   -7.2694  -11.3536   -6.8743
    2.6882   -0.1986   -0.7592   14.5617    1.8607  -15.8663
eta,q 0.97821  9.49107

---------------------------------------------------------------------
compute_vox2vox talsrcimg talsrcimg_to_711-2C_as_mni_average_305_t4 /opt/freesurfer/average/711-2C_as_mni_average_305
---------------------------------------------------------------------

freesurfer compute_vox2vox.c
Reading: talsrcimg.4dfp.ifh
Reading: talsrcimg_to_711-2C_as_mni_average_305_t4
Reading: /opt/freesurfer/average/711-2C_as_mni_average_305.4dfp.ifh
Writing: talsrcimg_to_711-2C_as_mni_average_305_t4_vox2vox.txt

start time Fri Mar 13 03:15:57 CET 2026
end		time Fri Mar 13 03:17:24 CET 2026

mpr2mni305 success

avi2talxfm orig_nu.mgz /opt/freesurfer/average/mni305.cor.mgz talsrcimg_to_711-2C_as_mni_average_305_t4_vox2vox.txt transforms/talairach.auto.xfm
avi2talxfm done
mv -f /out/sourcedata/freesurfer/sub-v2s3x28838_ses-1/mri/talsrcimg_to_711-2C_as_mni_average_305_t4_vox2vox.txt /out/sourcedata/freesurfer/sub-v2s3x28838_ses-1/mri/transforms/talsrcimg_to_711-2C_as_mni_average_305_t4_vox2vox.txt
lta_convert --src orig_nu.mgz --trg /opt/freesurfer/average/mni305.cor.mgz --inxfm transforms/talairach.auto.xfm --outlta transforms/talairach.auto.xfm.lta --subject fsaverage
7.3.2

--src: orig_nu.mgz src image (geometry).
--trg: /opt/freesurfer/average/mni305.cor.mgz trg image (geometry).
--inmni: transforms/talairach.auto.xfm input MNI/XFM transform.
--outlta: transforms/talairach.auto.xfm.lta output LTA.
--s: fsaverage subject name
 LTA read, type : 1
 1.07799   0.00721  -0.03140   4.98236;
-0.01942   1.04445   0.18753  -40.94876;
 0.01242  -0.17151   1.09700  -9.13686;
 0.00000   0.00000   0.00000   1.00000;
setting subject to fsaverage
Writing  LTA to file transforms/talairach.auto.xfm.lta...
lta_convert successful.
 
 
Started at Fri Mar 13 03:15:57 CET 2026
Ended   at Fri Mar 13 03:17:24 CET 2026
talairach_avi done
