status file for recon-all
Fri Mar 13 03:29:54 CET 2026
#@# MotionCor Fri Mar 13 03:29:56 CET 2026
#@# Talairach Fri Mar 13 03:30:02 CET 2026
#@# Talairach Failure Detection Fri Mar 13 03:32:52 CET 2026
#@# Nu Intensity Correction Fri Mar 13 03:32:52 CET 2026
#@# Intensity Normalization Fri Mar 13 03:35:40 CET 2026
recon-all -s sub-v2s3x28847_ses-1 finished without error at Fri Mar 13 03:36:45 CET 2026



#New# invocation of recon-all 



status file for recon-all
Fri Mar 13 03:43:25 CET 2026
#@# EM Registration Fri Mar 13 03:43:25 CET 2026
recon-all -s sub-v2s3x28847_ses-1 finished without error at Fri Mar 13 03:45:25 CET 2026



#New# invocation of recon-all 



status file for recon-all
Fri Mar 13 03:45:27 CET 2026
#@# CA Normalize Fri Mar 13 03:45:27 CET 2026
#@# CA Reg Fri Mar 13 03:46:23 CET 2026
#@# SubCort Seg Fri Mar 13 04:32:10 CET 2026
#@# CC Seg Fri Mar 13 04:53:16 CET 2026
#@# Merge ASeg Fri Mar 13 04:53:41 CET 2026
#@# Intensity Normalization2 Fri Mar 13 04:53:41 CET 2026
#@# Mask BFS Fri Mar 13 04:55:17 CET 2026
#@# WM Segmentation Fri Mar 13 04:55:18 CET 2026
#@# Fill Fri Mar 13 04:56:55 CET 2026
recon-all -s sub-v2s3x28847_ses-1 finished without error at Fri Mar 13 04:57:37 CET 2026



#New# invocation of recon-all 



status file for recon-all
Fri Mar 13 05:42:06 CET 2026
#@# white curv lh Fri Mar 13 05:42:06 CET 2026
#@# white area lh Fri Mar 13 05:42:06 CET 2026
#@# pial curv lh Fri Mar 13 05:42:06 CET 2026
#@# pial area lh Fri Mar 13 05:42:06 CET 2026
#@# thickness lh Fri Mar 13 05:42:06 CET 2026
#@# area and vertex vol lh Fri Mar 13 05:42:06 CET 2026
#@# white curv rh Fri Mar 13 05:42:06 CET 2026
#@# white area rh Fri Mar 13 05:42:06 CET 2026
#@# pial curv rh Fri Mar 13 05:42:06 CET 2026
#@# pial area rh Fri Mar 13 05:42:06 CET 2026
#@# thickness rh Fri Mar 13 05:42:06 CET 2026
#@# area and vertex vol rh Fri Mar 13 05:42:06 CET 2026
#@# Cortical ribbon mask Fri Mar 13 05:42:06 CET 2026
recon-all -s sub-v2s3x28847_ses-1 finished without error at Fri Mar 13 05:45:53 CET 2026



#New# invocation of recon-all 



status file for recon-all
Fri Mar 13 05:52:04 CET 2026
#@# white curv lh Fri Mar 13 05:52:04 CET 2026
#@# white area lh Fri Mar 13 05:52:04 CET 2026
#@# pial curv lh Fri Mar 13 05:52:04 CET 2026
#@# pial area lh Fri Mar 13 05:52:04 CET 2026
#@# thickness lh Fri Mar 13 05:52:04 CET 2026
#@# area and vertex vol lh Fri Mar 13 05:52:04 CET 2026
#@# white curv rh Fri Mar 13 05:52:04 CET 2026
#@# white area rh Fri Mar 13 05:52:04 CET 2026
#@# pial curv rh Fri Mar 13 05:52:04 CET 2026
#@# pial area rh Fri Mar 13 05:52:04 CET 2026
#@# thickness rh Fri Mar 13 05:52:04 CET 2026
#@# area and vertex vol rh Fri Mar 13 05:52:04 CET 2026
#@# Curvature Stats lh Fri Mar 13 05:52:04 CET 2026
#@# Curvature Stats rh Fri Mar 13 05:52:06 CET 2026
#@# Relabel Hypointensities Fri Mar 13 05:52:08 CET 2026
#@# APas-to-ASeg Fri Mar 13 05:52:19 CET 2026
#@# AParc-to-ASeg aparc Fri Mar 13 05:52:26 CET 2026
#@# AParc-to-ASeg aparc.a2009s Fri Mar 13 05:53:01 CET 2026
#@# AParc-to-ASeg aparc.DKTatlas Fri Mar 13 05:53:35 CET 2026
#@# WMParc Fri Mar 13 05:54:08 CET 2026
#@# ASeg Stats Fri Mar 13 05:56:22 CET 2026
recon-all -s sub-v2s3x28847_ses-1 finished without error at Fri Mar 13 05:56:42 CET 2026
