status file for recon-all
Fri Mar 13 05:37:49 CET 2026
#@# Tessellate rh Fri Mar 13 05:37:49 CET 2026
#@# Smooth1 rh Fri Mar 13 05:37:52 CET 2026
#@# Inflation1 rh Fri Mar 13 05:37:56 CET 2026
#@# QSphere rh Fri Mar 13 05:38:09 CET 2026
#@# Fix Topology rh Fri Mar 13 05:39:30 CET 2026
#@# Smooth2 rh Fri Mar 13 05:46:07 CET 2026
#@# Inflation2 rh Fri Mar 13 05:46:10 CET 2026
#@# Curv .H and .K rh Fri Mar 13 05:46:25 CET 2026
#@# Sphere rh Fri Mar 13 05:47:12 CET 2026
#@# Surf Reg rh Fri Mar 13 05:49:27 CET 2026
#@# Jacobian white rh Fri Mar 13 05:53:07 CET 2026
#@# AvgCurv rh Fri Mar 13 05:53:08 CET 2026
#@# Cortical Parc rh Fri Mar 13 05:53:09 CET 2026
#@# white curv rh Fri Mar 13 05:59:34 CET 2026
#@# white area rh Fri Mar 13 05:59:35 CET 2026
#@# pial curv rh Fri Mar 13 05:59:36 CET 2026
#@# pial area rh Fri Mar 13 05:59:38 CET 2026
#@# thickness rh Fri Mar 13 05:59:39 CET 2026
#@# area and vertex vol rh Fri Mar 13 06:00:09 CET 2026
#@# Curvature Stats rh Fri Mar 13 06:00:11 CET 2026
#@# Cortical Parc 2 rh Fri Mar 13 06:00:14 CET 2026
#@# Cortical Parc 3 rh Fri Mar 13 06:00:27 CET 2026
#@# WM/GM Contrast rh Fri Mar 13 06:00:38 CET 2026
recon-all -s sub-v2s3x28846_ses-1 finished without error at Fri Mar 13 06:00:41 CET 2026



#New# invocation of recon-all 



status file for recon-all
Fri Mar 13 06:11:17 CET 2026
#@# white curv rh Fri Mar 13 06:11:17 CET 2026
#@# white area rh Fri Mar 13 06:11:17 CET 2026
#@# pial curv rh Fri Mar 13 06:11:17 CET 2026
#@# pial area rh Fri Mar 13 06:11:17 CET 2026
#@# thickness rh Fri Mar 13 06:11:17 CET 2026
#@# area and vertex vol rh Fri Mar 13 06:11:17 CET 2026
#@# Parcellation Stats rh Fri Mar 13 06:11:17 CET 2026
#@# Parcellation Stats 2 rh Fri Mar 13 06:11:36 CET 2026
#@# Parcellation Stats 3 rh Fri Mar 13 06:11:46 CET 2026
#@# BA_exvivo Labels rh Fri Mar 13 06:11:56 CET 2026
recon-all -s sub-v2s3x28846_ses-1 finished without error at Fri Mar 13 06:14:41 CET 2026
