status file for recon-all
Fri Mar 13 05:12:17 CET 2026
#@# Tessellate lh Fri Mar 13 05:12:17 CET 2026
#@# Smooth1 lh Fri Mar 13 05:12:20 CET 2026
#@# Inflation1 lh Fri Mar 13 05:12:23 CET 2026
#@# QSphere lh Fri Mar 13 05:12:37 CET 2026
#@# Fix Topology lh Fri Mar 13 05:14:12 CET 2026
#@# Smooth2 lh Fri Mar 13 05:20:44 CET 2026
#@# Inflation2 lh Fri Mar 13 05:20:47 CET 2026
#@# Curv .H and .K lh Fri Mar 13 05:21:02 CET 2026
#@# Sphere lh Fri Mar 13 05:21:48 CET 2026
#@# Surf Reg lh Fri Mar 13 05:26:02 CET 2026
#@# Jacobian white lh Fri Mar 13 05:30:17 CET 2026
#@# AvgCurv lh Fri Mar 13 05:30:18 CET 2026
#@# Cortical Parc lh Fri Mar 13 05:30:19 CET 2026
#@# white curv lh Fri Mar 13 05:36:39 CET 2026
#@# white area lh Fri Mar 13 05:36:41 CET 2026
#@# pial curv lh Fri Mar 13 05:36:42 CET 2026
#@# pial area lh Fri Mar 13 05:36:44 CET 2026
#@# thickness lh Fri Mar 13 05:36:44 CET 2026
#@# area and vertex vol lh Fri Mar 13 05:37:15 CET 2026
#@# Curvature Stats lh Fri Mar 13 05:37:17 CET 2026
#@# Cortical Parc 2 lh Fri Mar 13 05:37:20 CET 2026
#@# Cortical Parc 3 lh Fri Mar 13 05:37:33 CET 2026
#@# WM/GM Contrast lh Fri Mar 13 05:37:43 CET 2026
recon-all -s sub-v2s3x28846_ses-1 finished without error at Fri Mar 13 05:37:46 CET 2026



#New# invocation of recon-all 



status file for recon-all
Fri Mar 13 06:07:57 CET 2026
#@# white curv lh Fri Mar 13 06:07:57 CET 2026
#@# white area lh Fri Mar 13 06:07:57 CET 2026
#@# pial curv lh Fri Mar 13 06:07:57 CET 2026
#@# pial area lh Fri Mar 13 06:07:57 CET 2026
#@# thickness lh Fri Mar 13 06:07:57 CET 2026
#@# area and vertex vol lh Fri Mar 13 06:07:57 CET 2026
#@# Parcellation Stats lh Fri Mar 13 06:07:57 CET 2026
#@# Parcellation Stats 2 lh Fri Mar 13 06:08:15 CET 2026
#@# Parcellation Stats 3 lh Fri Mar 13 06:08:25 CET 2026
#@# BA_exvivo Labels lh Fri Mar 13 06:08:34 CET 2026
recon-all -s sub-v2s3x28846_ses-1 finished without error at Fri Mar 13 06:11:15 CET 2026
