status file for recon-all
Fri Mar 13 03:29:09 CET 2026
#@# MotionCor Fri Mar 13 03:29:11 CET 2026
#@# Talairach Fri Mar 13 03:29:20 CET 2026
#@# Talairach Failure Detection Fri Mar 13 03:33:54 CET 2026
#@# Nu Intensity Correction Fri Mar 13 03:33:54 CET 2026
#@# Intensity Normalization Fri Mar 13 03:37:11 CET 2026
recon-all -s sub-v2s3x28846_ses-1 finished without error at Fri Mar 13 03:38:36 CET 2026



#New# invocation of recon-all 



status file for recon-all
Fri Mar 13 03:46:29 CET 2026
#@# EM Registration Fri Mar 13 03:46:29 CET 2026
recon-all -s sub-v2s3x28846_ses-1 finished without error at Fri Mar 13 03:48:28 CET 2026



#New# invocation of recon-all 



status file for recon-all
Fri Mar 13 03:48:30 CET 2026
#@# CA Normalize Fri Mar 13 03:48:30 CET 2026
#@# CA Reg Fri Mar 13 03:49:51 CET 2026
#@# SubCort Seg Fri Mar 13 04:38:29 CET 2026
#@# CC Seg Fri Mar 13 05:06:14 CET 2026
#@# Merge ASeg Fri Mar 13 05:07:03 CET 2026
#@# Intensity Normalization2 Fri Mar 13 05:07:03 CET 2026
#@# Mask BFS Fri Mar 13 05:09:17 CET 2026
#@# WM Segmentation Fri Mar 13 05:09:18 CET 2026
#@# Fill Fri Mar 13 05:11:08 CET 2026
recon-all -s sub-v2s3x28846_ses-1 finished without error at Fri Mar 13 05:12:12 CET 2026



#New# invocation of recon-all 



status file for recon-all
Fri Mar 13 06:00:49 CET 2026
#@# white curv lh Fri Mar 13 06:00:49 CET 2026
#@# white area lh Fri Mar 13 06:00:49 CET 2026
#@# pial curv lh Fri Mar 13 06:00:49 CET 2026
#@# pial area lh Fri Mar 13 06:00:49 CET 2026
#@# thickness lh Fri Mar 13 06:00:49 CET 2026
#@# area and vertex vol lh Fri Mar 13 06:00:49 CET 2026
#@# white curv rh Fri Mar 13 06:00:49 CET 2026
#@# white area rh Fri Mar 13 06:00:49 CET 2026
#@# pial curv rh Fri Mar 13 06:00:49 CET 2026
#@# pial area rh Fri Mar 13 06:00:49 CET 2026
#@# thickness rh Fri Mar 13 06:00:49 CET 2026
#@# area and vertex vol rh Fri Mar 13 06:00:49 CET 2026
#@# Cortical ribbon mask Fri Mar 13 06:00:49 CET 2026
recon-all -s sub-v2s3x28846_ses-1 finished without error at Fri Mar 13 06:07:52 CET 2026



#New# invocation of recon-all 



status file for recon-all
Fri Mar 13 06:14:46 CET 2026
#@# white curv lh Fri Mar 13 06:14:46 CET 2026
#@# white area lh Fri Mar 13 06:14:46 CET 2026
#@# pial curv lh Fri Mar 13 06:14:46 CET 2026
#@# pial area lh Fri Mar 13 06:14:46 CET 2026
#@# thickness lh Fri Mar 13 06:14:46 CET 2026
#@# area and vertex vol lh Fri Mar 13 06:14:46 CET 2026
#@# white curv rh Fri Mar 13 06:14:46 CET 2026
#@# white area rh Fri Mar 13 06:14:46 CET 2026
#@# pial curv rh Fri Mar 13 06:14:46 CET 2026
#@# pial area rh Fri Mar 13 06:14:46 CET 2026
#@# thickness rh Fri Mar 13 06:14:46 CET 2026
#@# area and vertex vol rh Fri Mar 13 06:14:46 CET 2026
#@# Curvature Stats lh Fri Mar 13 06:14:46 CET 2026
#@# Curvature Stats rh Fri Mar 13 06:14:48 CET 2026
#@# Relabel Hypointensities Fri Mar 13 06:14:51 CET 2026
#@# APas-to-ASeg Fri Mar 13 06:15:07 CET 2026
#@# AParc-to-ASeg aparc Fri Mar 13 06:15:15 CET 2026
#@# AParc-to-ASeg aparc.a2009s Fri Mar 13 06:16:12 CET 2026
#@# AParc-to-ASeg aparc.DKTatlas Fri Mar 13 06:17:05 CET 2026
#@# WMParc Fri Mar 13 06:17:58 CET 2026
#@# ASeg Stats Fri Mar 13 06:21:33 CET 2026
recon-all -s sub-v2s3x28846_ses-1 finished without error at Fri Mar 13 06:22:15 CET 2026
