/out/sourcedata/freesurfer/sub-v2s3x28813_ses-1/mri
/opt/freesurfer/bin/talairach_avi
--i orig_nu.mgz --xfm transforms/talairach.auto.xfm
talairach_avi 7.3.2
Linux dna054 5.14.0-427.37.1.el9_4.x86_64 #1 SMP PREEMPT_DYNAMIC Fri Sep 13 12:41:50 EDT 2024 x86_64 x86_64 x86_64 GNU/Linux
Fri Mar 13 01:35:47 CET 2026
mri_convert orig_nu.mgz talsrcimg.img 
reading from orig_nu.mgz...
TR=0.00, TE=0.00, TI=0.00, flip angle=0.00
i_ras = (-1, 0, 0)
j_ras = (0, 0, -1)
k_ras = (0, 1, 0)
writing to talsrcimg.img...
Analyze Output Matrix
-1.00000   0.00000   0.00000   129.16098;
 0.00000   0.00000   1.00000  -89.51208;
 0.00000  -1.00000   0.00000   139.20758;
 0.00000   0.00000   0.00000   1.00000;
--------------------
INFO: set hdr.hist.orient to -1
mpr2mni305 talsrcimg
Fri Mar 13 01:35:47 CET 2026
/opt/freesurfer/bin/mpr2mni305 talsrcimg
mpr2mni305 7.3.2
target=711-2C_as_mni_average_305

---------------------------------------------------------------------
analyzeto4dfp talsrcimg -O0 -y
---------------------------------------------------------------------

freesurfer ifh2hdr.c
Fri Mar 13 01:35:48 2026
Writing: talsrcimg.4dfp.hdr
freesurfer analyzeto4dfp.c
Reading: talsrcimg.hdr
header size 348 bytes
hdr.dime.datatype	offset=70	value=2
hdr.dime.bitpix		offset=72	value=8
hdr.hist.orient		offset=252	value=-1
dimensionality     4
dimensions       256       256       256         1
Reading: talsrcimg.img
Writing: talsrcimg.4dfp.img
Writing: talsrcimg.4dfp.ifh
ifh2hdr talsrcimg -r0to228
ori=2

---------------------------------------------------------------------
gauss_4dfp talsrcimg 1.1
---------------------------------------------------------------------

freesurfer gauss_4dfp.c
Reading: talsrcimg.4dfp.img
Writing: talsrcimg_g11.4dfp.img
image dimensions 256 256 256 padded to 288 288 288
processing volume 1freesurfer ifh2hdr.c
Fri Mar 13 01:35:49 2026
Writing: talsrcimg_g11.4dfp.hdr

Writing: talsrcimg_g11.4dfp.ifh
including: talsrcimg.4dfp.img.rec in talsrcimg_g11.4dfp.img.rec

---------------------------------------------------------------------
imgreg_4dfp /opt/freesurfer/average/711-2C_as_mni_average_305 none talsrcimg_g11 none talsrcimg_to_711-2C_as_mni_average_305_t4 4355
---------------------------------------------------------------------

freesurfer imgreg_4dfp.c
/opt/freesurfer/average/711-2C_as_mni_average_305.4dfp.img
       256       256       256         1
  1.000000  1.000000  1.000000
orientation T byte_order littleendian
Reading image: /opt/freesurfer/average/711-2C_as_mni_average_305.4dfp.img
dimensions:      256       256       256
mmppix:       1.0000   -1.0000   -1.0000
center:     128.0000 -129.0000 -129.0000
talsrcimg_g11.4dfp.img
       256       256       256         1
  1.000000  1.000000  1.000000
orientation T byte_order littleendian
Reading image: talsrcimg_g11.4dfp.img
dimensions:      256       256       256
mmppix:       1.0000   -1.0000   -1.0000
center:     128.0000 -129.0000 -129.0000
t4_read: open error in t4_sub.f l:  41 t4_file(1:l)talsrcimg_to_711-2C_as_mni_average_305_t4 
t4_read: transform initialized to I4
rotation matrix determinant  1.000000
image alignment mode   4355 decimal     1103 hex
   -7.5000  -45.0000  -45.0000 7852.9746   15.2727
    0.0000  -45.0000  -45.0000 8200.5293   15.2667
    7.5000  -45.0000  -45.0000 7764.9224   15.2469
   -7.5000  -37.5000  -45.0000 8481.2148   15.2330
    0.0000  -37.5000  -45.0000 8842.0049   15.2323
    7.5000  -37.5000  -45.0000 8379.7656   15.2148
   -7.5000  -30.0000  -45.0000 9427.4014   15.2247
    0.0000  -30.0000  -45.0000 9815.1982   15.2243
    7.5000  -30.0000  -45.0000 9290.4590   15.2059
   -7.5000  -22.5000  -45.000010323.1260   15.2329
    0.0000  -22.5000  -45.000010770.0830   15.2255
    7.5000  -22.5000  -45.000010151.0635   15.2029
   -7.5000  -15.0000  -45.000011073.7432   15.2302
    0.0000  -15.0000  -45.000011570.2041   15.2155
    7.5000  -15.0000  -45.000010900.2451   15.1908
   -7.5000   -7.5000  -45.000011739.7666   15.2205
    0.0000   -7.5000  -45.000012273.8760   15.2075
    7.5000   -7.5000  -45.000011566.6797   15.1846
   -7.5000    0.0000  -45.000012366.9971   15.2148
    0.0000    0.0000  -45.000012903.8213   15.2087
    7.5000    0.0000  -45.000012202.8223   15.1887
   -7.5000    7.5000  -45.000012082.5244   15.2159
    0.0000    7.5000  -45.000012604.7070   15.2150
    7.5000    7.5000  -45.000011941.6240   15.1974
   -7.5000   15.0000  -45.000011641.2080   15.2242
    0.0000   15.0000  -45.000012143.1680   15.2238
    7.5000   15.0000  -45.000011494.1260   15.2054
   -7.5000   22.5000  -45.000011189.0596   15.2308
    0.0000   22.5000  -45.000011671.0967   15.2234
    7.5000   22.5000  -45.000011007.8428   15.2008
   -7.5000   30.0000  -45.000010535.4941   15.0273
    0.0000   30.0000  -45.000010994.9346   15.0128
    7.5000   30.0000  -45.000010389.4609   14.9884
   -7.5000   37.5000  -45.000010006.0859   15.0177
    0.0000   37.5000  -45.000010424.7842   15.0048
    7.5000   37.5000  -45.0000 9856.1064   14.9823
   -7.5000   45.0000  -45.0000 9096.9121   14.6309
    0.0000   45.0000  -45.0000 9492.5137   14.6250
    7.5000   45.0000  -45.0000 8975.7002   14.6058
   -7.5000  -45.0000  -37.5000 8353.4473   15.2749
    0.0000  -45.0000  -37.5000 8715.3457   15.2698
    7.5000  -45.0000  -37.5000 8256.9141   15.2530
   -7.5000  -37.5000  -37.5000 9002.0381   15.2379
    0.0000  -37.5000  -37.5000 9379.4629   15.2395
    7.5000  -37.5000  -37.5000 8882.7539   15.2219
   -7.5000  -30.0000  -37.5000 9982.0977   15.2249
    0.0000  -30.0000  -37.500010383.5664   15.2279
    7.5000  -30.0000  -37.5000 9820.7637   15.2074
   -7.5000  -22.5000  -37.500010915.0381   15.2253
    0.0000  -22.5000  -37.500011375.7324   15.2210
    7.5000  -22.5000  -37.500010704.5049   15.1975
   -7.5000  -15.0000  -37.500011692.0469   15.2187
    0.0000  -15.0000  -37.500012179.3887   15.2062
    7.5000  -15.0000  -37.500011461.5264   15.1838
   -7.5000   -7.5000  -37.500012376.6855   15.2143
    0.0000   -7.5000  -37.500012904.1865   15.2023
    7.5000   -7.5000  -37.500012135.6992   15.1837
   -7.5000    0.0000  -37.500013031.8242   15.2172
    0.0000    0.0000  -37.500013599.5352   15.2119
    7.5000    0.0000  -37.500012790.5576   15.1950
   -7.5000    7.5000  -37.500012692.1221   15.2208
    0.0000    7.5000  -37.500013261.9307   15.2223
    7.5000    7.5000  -37.500012481.0195   15.2046
   -7.5000   15.0000  -37.500012206.3076   15.2244
    0.0000   15.0000  -37.500012751.2852   15.2274
    7.5000   15.0000  -37.500012016.7744   15.2068
   -7.5000   22.5000  -37.500011669.9131   15.2232
    0.0000   22.5000  -37.500012169.3467   15.2189
    7.5000   22.5000  -37.500011462.9951   15.1954
   -7.5000   30.0000  -37.500010991.6416   15.0159
    0.0000   30.0000  -37.500011458.6094   15.0035
    7.5000   30.0000  -37.500010818.7002   14.9815
   -7.5000   37.5000  -37.500010431.6240   15.0115
    0.0000   37.5000  -37.500010854.1064   14.9997
    7.5000   37.5000  -37.500010242.7090   14.9814
   -7.5000   45.0000  -37.5000 9454.2891   14.6332
    0.0000   45.0000  -37.5000 9869.5498   14.6281
    7.5000   45.0000  -37.5000 9323.4053   14.6118
   -7.5000  -45.0000  -30.0000 8970.4160   15.9170
    0.0000  -45.0000  -30.0000 9356.4297   15.9131
    7.5000  -45.0000  -30.0000 8873.9463   15.8973
   -7.5000  -37.5000  -30.0000 9642.2051   15.8829
    0.0000  -37.5000  -30.000010072.7148   15.8842
    7.5000  -37.5000  -30.0000 9536.3975   15.8649
   -7.5000  -30.0000  -30.000010658.9258   15.8633
    0.0000  -30.0000  -30.000011110.1641   15.8673
    7.5000  -30.0000  -30.000010519.5293   15.8445
   -7.5000  -22.5000  -30.000011620.9590   15.8529
    0.0000  -22.5000  -30.000012122.9727   15.8531
    7.5000  -22.5000  -30.000011430.8369   15.8298
   -7.5000  -15.0000  -30.000012416.3711   15.8400
    0.0000  -15.0000  -30.000012949.2373   15.8342
    7.5000  -15.0000  -30.000012200.5508   15.8151
   -7.5000   -7.5000  -30.000013134.5566   15.8419
    0.0000   -7.5000  -30.000013697.3096   15.8346
    7.5000   -7.5000  -30.000012870.9629   15.8195
   -7.5000    0.0000  -30.000013807.9541   15.8569
    0.0000    0.0000  -30.000014443.5352   15.8529
    7.5000    0.0000  -30.000013539.7812   15.8369
   -7.5000    7.5000  -30.000013464.9961   15.8650
    0.0000    7.5000  -30.000014085.9824   15.8661
    7.5000    7.5000  -30.000013222.4277   15.8467
   -7.5000   15.0000  -30.000012948.7910   15.8628
    0.0000   15.0000  -30.000013550.5771   15.8668
    7.5000   15.0000  -30.000012721.6387   15.8439
   -7.5000   22.5000  -30.000012305.1914   15.8491
    0.0000   22.5000  -30.000012860.0645   15.8493
    7.5000   22.5000  -30.000012078.8965   15.8260
   -7.5000   30.0000  -30.000011572.2109   15.6304
    0.0000   30.0000  -30.000012075.0889   15.6247
    7.5000   30.0000  -30.000011359.0029   15.6059
   -7.5000   37.5000  -30.000010967.4346   15.6323
    0.0000   37.5000  -30.000011439.2100   15.6251
    7.5000   37.5000  -30.000010767.4043   15.6102
   -7.5000   45.0000  -30.0000 9949.9395   15.2595
    0.0000   45.0000  -30.000010382.2139   15.2556
    7.5000   45.0000  -30.0000 9784.9141   15.2403
   -7.5000  -45.0000  -22.5000 9577.2490   16.4621
    0.0000  -45.0000  -22.500010016.4336   16.4573
    7.5000  -45.0000  -22.5000 9489.9307   16.4387
   -7.5000  -37.5000  -22.500010286.4551   16.4301
    0.0000  -37.5000  -22.500010749.1523   16.4268
    7.5000  -37.5000  -22.500010181.0322   16.4047
   -7.5000  -30.0000  -22.500011337.0986   16.4089
    0.0000  -30.0000  -22.500011839.9473   16.4079
    7.5000  -30.0000  -22.500011195.7842   16.3841
   -7.5000  -22.5000  -22.500012312.6143   16.3937
    0.0000  -22.5000  -22.500012867.7119   16.3935
    7.5000  -22.5000  -22.500012129.1582   16.3709
   -7.5000  -15.0000  -22.500013122.3555   16.3770
    0.0000  -15.0000  -22.500013715.3711   16.3747
    7.5000  -15.0000  -22.500012919.3730   16.3563
   -7.5000   -7.5000  -22.500013833.7061   16.3800
    0.0000   -7.5000  -22.500014491.0312   16.3755
    7.5000   -7.5000  -22.500013598.7617   16.3594
   -7.5000    0.0000  -22.500014510.1279   16.3998
    0.0000    0.0000  -22.500015224.6055   16.3950
    7.5000    0.0000  -22.500014258.2051   16.3762
   -7.5000    7.5000  -22.500014153.7217   16.4114
    0.0000    7.5000  -22.500014861.9189   16.4080
    7.5000    7.5000  -22.500013897.9404   16.3858
   -7.5000   15.0000  -22.500013628.1309   16.4084
    0.0000   15.0000  -22.500014302.6641   16.4073
    7.5000   15.0000  -22.500013357.8115   16.3836
   -7.5000   22.5000  -22.500012920.7861   16.3887
    0.0000   22.5000  -22.500013541.4277   16.3884
    7.5000   22.5000  -22.500012669.0615   16.3658
   -7.5000   30.0000  -22.500012128.7061   16.1628
    0.0000   30.0000  -22.500012685.2432   16.1605
    7.5000   30.0000  -22.500011890.1582   16.1424
   -7.5000   37.5000  -22.500011473.6895   16.1658
    0.0000   37.5000  -22.500011991.7656   16.1613
    7.5000   37.5000  -22.500011258.8467   16.1454
   -7.5000   45.0000  -22.500010387.4326   15.7938
    0.0000   45.0000  -22.500010862.1807   15.7892
    7.5000   45.0000  -22.500010236.8555   15.7711
   -7.5000  -45.0000  -15.000010152.1670   16.8545
    0.0000  -45.0000  -15.000010609.3369   16.8473
    7.5000  -45.0000  -15.000010070.7568   16.8240
   -7.5000  -37.5000  -15.000010895.1582   16.8216
    0.0000  -37.5000  -15.000011370.9824   16.8140
    7.5000  -37.5000  -15.000010792.6484   16.7899
   -7.5000  -30.0000  -15.000011974.4443   16.8040
    0.0000  -30.0000  -15.000012516.5840   16.7979
    7.5000  -30.0000  -15.000011850.2188   16.7749
   -7.5000  -22.5000  -15.000012943.6953   16.7928
    0.0000  -22.5000  -15.000013551.4766   16.7888
    7.5000  -22.5000  -15.000012822.7734   16.7666
   -7.5000  -15.0000  -15.000013781.3389   16.7773
    0.0000  -15.0000  -15.000014478.0811   16.7722
    7.5000  -15.0000  -15.000013670.9326   16.7513
   -7.5000   -7.5000  -15.000014517.2012   16.7760
    0.0000   -7.5000  -15.000015269.8496   16.7693
    7.5000   -7.5000  -15.000014355.5752   16.7484
   -7.5000    0.0000  -15.000015210.6328   16.7906
    0.0000    0.0000  -15.000015973.3340   16.7832
    7.5000    0.0000  -15.000015015.4863   16.7598
   -7.5000    7.5000  -15.000014847.6318   16.8024
    0.0000    7.5000  -15.000015573.1211   16.7947
    7.5000    7.5000  -15.000014610.8975   16.7705
   -7.5000   15.0000  -15.000014270.7754   16.8034
    0.0000   15.0000  -15.000014968.5186   16.7974
    7.5000   15.0000  -15.000014039.1504   16.7744
   -7.5000   22.5000  -15.000013475.3447   16.7869
    0.0000   22.5000  -15.000014129.8975   16.7829
    7.5000   22.5000  -15.000013260.0068   16.7607
   -7.5000   30.0000  -15.000012627.4609   16.5601
    0.0000   30.0000  -15.000013199.9062   16.5551
    7.5000   30.0000  -15.000012367.5215   16.5345
   -7.5000   37.5000  -15.000011953.6758   16.5589
    0.0000   37.5000  -15.000012481.4023   16.5523
    7.5000   37.5000  -15.000011726.0078   16.5316
   -7.5000   45.0000  -15.000010822.7109   16.1799
    0.0000   45.0000  -15.000011314.8936   16.1728
    7.5000   45.0000  -15.000010660.0762   16.1503
   -7.5000  -45.0000   -7.500010709.8076   17.0522
    0.0000  -45.0000   -7.500011174.8574   17.0446
    7.5000  -45.0000   -7.500010647.4346   17.0201
   -7.5000  -37.5000   -7.500011476.6934   17.0125
    0.0000  -37.5000   -7.500011971.5537   17.0071
    7.5000  -37.5000   -7.500011388.8350   16.9850
   -7.5000  -30.0000   -7.500012575.7930   17.0010
    0.0000  -30.0000   -7.500013124.2793   16.9963
    7.5000  -30.0000   -7.500012487.5625   16.9757
   -7.5000  -22.5000   -7.500013592.4199   17.0029
    0.0000  -22.5000   -7.500014218.2295   16.9959
    7.5000  -22.5000   -7.500013530.1621   16.9729
   -7.5000  -15.0000   -7.500014511.4668   16.9950
    0.0000  -15.0000   -7.500015227.9512   16.9838
    7.5000  -15.0000   -7.500014432.2275   16.9585
   -7.5000   -7.5000   -7.500015241.9424   16.9867
    0.0000   -7.5000   -7.500015899.6230   16.9757
    7.5000   -7.5000   -7.500015164.9170   16.9504
   -7.5000    0.0000   -7.500015919.1123   16.9874
    0.0000    0.0000   -7.500016552.8848   16.9797
    7.5000    0.0000   -7.500015824.7852   16.9551
   -7.5000    7.5000   -7.500015559.1094   16.9933
    0.0000    7.5000   -7.500016173.8848   16.9876
    7.5000    7.5000   -7.500015397.9453   16.9655
   -7.5000   15.0000   -7.500014915.0996   17.0005
    0.0000   15.0000   -7.500015560.1338   16.9957
    7.5000   15.0000   -7.500014745.7520   16.9751
   -7.5000   22.5000   -7.500014025.5742   16.9950
    0.0000   22.5000   -7.500014629.4648   16.9881
    7.5000   22.5000   -7.500013869.4912   16.9650
   -7.5000   30.0000   -7.500013067.1904   16.7746
    0.0000   30.0000   -7.500013603.2002   16.7635
    7.5000   30.0000   -7.500012852.2871   16.7386
   -7.5000   37.5000   -7.500012375.9580   16.7665
    0.0000   37.5000   -7.500012893.8867   16.7555
    7.5000   37.5000   -7.500012158.0166   16.7306
   -7.5000   45.0000   -7.500011245.7598   16.3727
    0.0000   45.0000   -7.500011738.2891   16.3652
    7.5000   45.0000   -7.500011064.5986   16.3415
   -7.5000  -45.0000    0.000011195.2568   17.0906
    0.0000  -45.0000    0.000011665.6367   17.0838
    7.5000  -45.0000    0.000011135.5371   17.0617
   -7.5000  -37.5000    0.000011970.6611   17.0461
    0.0000  -37.5000    0.000012467.5020   17.0453
    7.5000  -37.5000    0.000011892.8535   17.0258
   -7.5000  -30.0000    0.000013097.7100   17.0369
    0.0000  -30.0000    0.000013637.9629   17.0364
    7.5000  -30.0000    0.000013030.2822   17.0159
   -7.5000  -22.5000    0.000014142.9365   17.0460
    0.0000  -22.5000    0.000014754.0449   17.0377
    7.5000  -22.5000    0.000014096.3486   17.0124
   -7.5000  -15.0000    0.000015081.3027   17.0430
    0.0000  -15.0000    0.000015726.2051   17.0266
    7.5000  -15.0000    0.000015016.9941   16.9989
   -7.5000   -7.5000    0.000015758.7998   17.0322
    0.0000   -7.5000    0.000016340.2920   17.0176
    7.5000   -7.5000    0.000015726.3770   16.9920
   -7.5000    0.0000    0.000016489.5137   17.0258
    0.0000    0.0000    0.000017062.4238   17.0189
    7.5000    0.0000    0.000016432.3438   16.9966
   -7.5000    7.5000    0.000016115.0830   17.0270
    0.0000    7.5000    0.000016735.8105   17.0260
    7.5000    7.5000    0.000016017.9863   17.0063
   -7.5000   15.0000    0.000015436.9150   17.0363
    0.0000   15.0000    0.000016077.6914   17.0358
    7.5000   15.0000    0.000015330.2979   17.0153
   -7.5000   22.5000    0.000014482.5312   17.0381
    0.0000   22.5000    0.000015077.5059   17.0299
    7.5000   22.5000    0.000014378.6641   17.0046
   -7.5000   30.0000    0.000013440.2627   16.8225
    0.0000   30.0000    0.000013965.1123   16.8062
    7.5000   30.0000    0.000013258.8643   16.7789
   -7.5000   37.5000    0.000012767.4102   16.8117
    0.0000   37.5000    0.000013243.2686   16.7973
    7.5000   37.5000    0.000012553.6309   16.7721
   -7.5000   45.0000    0.000011626.5879   16.4109
    0.0000   45.0000    0.000012077.2432   16.4043
    7.5000   45.0000    0.000011431.6201   16.3828
   -7.5000  -45.0000    7.500010784.3955   17.0931
    0.0000  -45.0000    7.500011279.3760   17.0873
    7.5000  -45.0000    7.500010724.0459   17.0685
   -7.5000  -37.5000    7.500011487.0879   17.0516
    0.0000  -37.5000    7.500012017.2939   17.0534
    7.5000  -37.5000    7.500011437.4736   17.0337
   -7.5000  -30.0000    7.500012551.5732   17.0371
    0.0000  -30.0000    7.500013104.8018   17.0405
    7.5000  -30.0000    7.500012524.8350   17.0174
   -7.5000  -22.5000    7.500013580.4512   17.0375
    0.0000  -22.5000    7.500014170.5957   17.0327
    7.5000  -22.5000    7.500013569.6182   17.0064
   -7.5000  -15.0000    7.500014507.3379   17.0301
    0.0000  -15.0000    7.500015134.2832   17.0161
    7.5000  -15.0000    7.500014477.1582   16.9911
   -7.5000   -7.5000    7.500015208.0781   17.0252
    0.0000   -7.5000    7.500015827.5459   17.0118
    7.5000   -7.5000    7.500015177.2002   16.9910
   -7.5000    0.0000    7.500015954.2627   17.0285
    0.0000    0.0000    7.500016561.4336   17.0226
    7.5000    0.0000    7.500015870.3477   17.0036
   -7.5000    7.5000    7.500015594.6797   17.0325
    0.0000    7.5000    7.500016222.2188   17.0341
    7.5000    7.5000    7.500015438.1035   17.0143
   -7.5000   15.0000    7.500014952.7275   17.0365
    0.0000   15.0000    7.500015561.3770   17.0399
    7.5000   15.0000    7.500014784.3096   17.0169
   -7.5000   22.5000    7.500013990.5547   17.0297
    0.0000   22.5000    7.500014551.9922   17.0249
    7.5000   22.5000    7.500013834.1807   16.9986
   -7.5000   30.0000    7.500012907.4492   16.8097
    0.0000   30.0000    7.500013408.7441   16.7959
    7.5000   30.0000    7.500012712.1270   16.7712
   -7.5000   37.5000    7.500012231.9346   16.8048
    0.0000   37.5000    7.500012677.9844   16.7917
    7.5000   37.5000    7.500012014.8828   16.7711
   -7.5000   45.0000    7.500011086.9941   16.4135
    0.0000   45.0000    7.500011501.3359   16.4078
    7.5000   45.0000    7.500010911.0693   16.3896
   -7.5000  -45.0000   15.000010273.6113   17.0923
    0.0000  -45.0000   15.000010746.8369   17.0880
    7.5000  -45.0000   15.000010229.7422   17.0711
   -7.5000  -37.5000   15.000010953.0596   17.0557
    0.0000  -37.5000   15.000011459.1914   17.0570
    7.5000  -37.5000   15.000010912.8379   17.0363
   -7.5000  -30.0000   15.000011949.5137   17.0346
    0.0000  -30.0000   15.000012491.4961   17.0389
    7.5000  -30.0000   15.000011933.5400   17.0144
   -7.5000  -22.5000   15.000012947.0117   17.0234
    0.0000  -22.5000   15.000013524.5156   17.0236
    7.5000  -22.5000   15.000012927.3936   16.9986
   -7.5000  -15.0000   15.000013833.9131   17.0095
    0.0000  -15.0000   15.000014444.6846   17.0034
    7.5000  -15.0000   15.000013783.3145   16.9829
   -7.5000   -7.5000   15.000014601.6533   17.0116
    0.0000   -7.5000   15.000015294.3867   17.0038
    7.5000   -7.5000   15.000014470.2959   16.9876
   -7.5000    0.0000   15.000015379.3682   17.0277
    0.0000    0.0000   15.000016135.4346   17.0234
    7.5000    0.0000   15.000015175.8467   17.0063
   -7.5000    7.5000   15.000014980.2012   17.0364
    0.0000    7.5000   15.000015681.3018   17.0375
    7.5000    7.5000   15.000014745.9043   17.0168
   -7.5000   15.0000   15.000014334.9521   17.0341
    0.0000   15.0000   15.000014960.4805   17.0383
    7.5000   15.0000   15.000014126.9902   17.0138
   -7.5000   22.5000   15.000013383.0576   17.0155
    0.0000   22.5000   15.000013940.5498   17.0158
    7.5000   22.5000   15.000013211.9121   16.9908
   -7.5000   30.0000   15.000012298.0029   16.7894
    0.0000   30.0000   15.000012773.1533   16.7833
    7.5000   30.0000   15.000012126.3271   16.7631
   -7.5000   37.5000   15.000011630.8516   16.7915
    0.0000   37.5000   15.000012081.5654   16.7838
    7.5000   37.5000   15.000011479.7012   16.7677
   -7.5000   45.0000   15.000010528.4922   16.4128
    0.0000   45.0000   15.000010911.2100   16.4086
    7.5000   45.0000   15.000010418.5449   16.3921
   -7.5000  -45.0000   22.5000 9612.0566   17.0973
    0.0000  -45.0000   22.500010097.6846   17.0926
    7.5000  -45.0000   22.5000 9575.4023   17.0732
   -7.5000  -37.5000   22.500010288.8320   17.0641
    0.0000  -37.5000   22.500010801.7168   17.0608
    7.5000  -37.5000   22.500010220.4336   17.0378
   -7.5000  -30.0000   22.500011277.1387   17.0420
    0.0000  -30.0000   22.500011832.5811   17.0411
    7.5000  -30.0000   22.500011204.5869   17.0164
   -7.5000  -22.5000   22.500012276.9600   17.0263
    0.0000  -22.5000   22.500012841.0576   17.0262
    7.5000  -22.5000   22.500012178.4863   17.0026
   -7.5000  -15.0000   22.500013142.2012   17.0090
    0.0000  -15.0000   22.500013685.0645   17.0067
    7.5000  -15.0000   22.500013033.3828   16.9875
   -7.5000   -7.5000   22.500013866.1084   17.0121
    0.0000   -7.5000   22.500014394.0820   17.0076
    7.5000   -7.5000   22.500013744.9082   16.9908
   -7.5000    0.0000   22.500014521.7852   17.0326
    0.0000    0.0000   22.500015071.5889   17.0278
    7.5000    0.0000   22.500014396.9463   17.0082
   -7.5000    7.5000   22.500014095.3613   17.0446
    0.0000    7.5000   22.500014633.9893   17.0412
    7.5000    7.5000   22.500013976.2490   17.0181
   -7.5000   15.0000   22.500013489.2812   17.0414
    0.0000   15.0000   22.500014024.3242   17.0405
    7.5000   15.0000   22.500013382.5635   17.0158
   -7.5000   22.5000   22.500012633.6641   17.0184
    0.0000   22.5000   22.500013140.9199   17.0183
    7.5000   22.5000   22.500012533.0889   16.9948
   -7.5000   30.0000   22.500011623.6836   16.7889
    0.0000   30.0000   22.500012088.4053   16.7866
    7.5000   30.0000   22.500011490.7314   16.7677
   -7.5000   37.5000   22.500010985.9141   16.7920
    0.0000   37.5000   22.500011438.3008   16.7875
    7.5000   37.5000   22.500010844.1904   16.7709
   -7.5000   45.0000   22.5000 9942.4805   16.4175
    0.0000   45.0000   22.500010360.0244   16.4128
    7.5000   45.0000   22.5000 9822.2637   16.3939
   -7.5000  -45.0000   30.0000 8867.5576   17.1408
    0.0000  -45.0000   30.0000 9306.1963   17.1338
    7.5000  -45.0000   30.0000 8816.8906   17.1101
   -7.5000  -37.5000   30.0000 9517.2256   17.1071
    0.0000  -37.5000   30.0000 9967.0400   17.0998
    7.5000  -37.5000   30.0000 9443.8438   17.0753
   -7.5000  -30.0000   30.000010467.1855   17.0891
    0.0000  -30.0000   30.000010950.7373   17.0832
    7.5000  -30.0000   30.000010408.5205   17.0597
   -7.5000  -22.5000   30.000011383.1611   17.0777
    0.0000  -22.5000   30.000011881.1670   17.0738
    7.5000  -22.5000   30.000011331.8516   17.0511
   -7.5000  -15.0000   30.000012170.7080   17.0619
    0.0000  -15.0000   30.000012660.1934   17.0568
    7.5000  -15.0000   30.000012112.3105   17.0355
   -7.5000   -7.5000   30.000012805.7705   17.0607
    0.0000   -7.5000   30.000013329.9277   17.0541
    7.5000   -7.5000   30.000012773.9375   17.0328
   -7.5000    0.0000   30.000013383.6143   17.0756
    0.0000    0.0000   30.000013940.3818   17.0685
    7.5000    0.0000   30.000013367.7510   17.0446
   -7.5000    7.5000   30.000012970.0664   17.0876
    0.0000    7.5000   30.000013496.3154   17.0801
    7.5000    7.5000   30.000012952.9531   17.0555
   -7.5000   15.0000   30.000012473.0596   17.0885
    0.0000   15.0000   30.000012984.4141   17.0827
    7.5000   15.0000   30.000012424.3574   17.0592
   -7.5000   22.5000   30.000011733.2656   17.0698
    0.0000   22.5000   30.000012250.8525   17.0659
    7.5000   22.5000   30.000011690.5703   17.0432
   -7.5000   30.0000   30.000010824.4404   16.8410
    0.0000   30.0000   30.000011263.5195   16.8361
    7.5000   30.0000   30.000010749.7939   16.8151
   -7.5000   37.5000   30.000010253.8887   16.8399
    0.0000   37.5000   30.000010664.7207   16.8334
    7.5000   37.5000   30.000010155.9199   16.8123
   -7.5000   45.0000   30.0000 9304.4180   16.4589
    0.0000   45.0000   30.0000 9686.2627   16.4520
    7.5000   45.0000   30.0000 9204.0264   16.4290
   -7.5000  -45.0000   37.5000 8401.0469   17.2885
    0.0000  -45.0000   37.5000 8817.5059   17.2804
    7.5000  -45.0000   37.5000 8360.6338   17.2551
   -7.5000  -37.5000   37.5000 9014.5303   17.2484
    0.0000  -37.5000   37.5000 9460.9658   17.2426
    7.5000  -37.5000   37.5000 8969.6592   17.2198
   -7.5000  -30.0000   37.5000 9936.1318   17.2368
    0.0000  -30.0000   37.500010412.3301   17.2319
    7.5000  -30.0000   37.5000 9897.9912   17.2106
   -7.5000  -22.5000   37.500010793.7725   17.2383
    0.0000  -22.5000   37.500011292.8936   17.2312
    7.5000  -22.5000   37.500010749.4658   17.2076
   -7.5000  -15.0000   37.500011546.1611   17.2297
    0.0000  -15.0000   37.500012051.3311   17.2181
    7.5000  -15.0000   37.500011498.3389   17.1922
   -7.5000   -7.5000   37.500012193.5225   17.2210
    0.0000   -7.5000   37.500012726.0518   17.2094
    7.5000   -7.5000   37.500012152.6738   17.1834
   -7.5000    0.0000   37.500012751.1445   17.2221
    0.0000    0.0000   37.500013312.7842   17.2138
    7.5000    0.0000   37.500012723.1660   17.1884
   -7.5000    7.5000   37.500012372.7754   17.2287
    0.0000    7.5000   37.500012906.0840   17.2227
    7.5000    7.5000   37.500012341.1445   17.1997
   -7.5000   15.0000   37.500011940.2568   17.2363
    0.0000   15.0000   37.500012455.1240   17.2313
    7.5000   15.0000   37.500011887.6221   17.2100
   -7.5000   22.5000   37.500011299.1650   17.2304
    0.0000   22.5000   37.500011802.9043   17.2233
    7.5000   22.5000   37.500011258.9062   17.1996
   -7.5000   30.0000   37.500010398.3584   17.0067
    0.0000   30.0000   37.500010843.8662   16.9953
    7.5000   30.0000   37.500010347.2842   16.9697
   -7.5000   37.5000   37.5000 9846.1240   16.9982
    0.0000   37.5000   37.500010274.1270   16.9867
    7.5000   37.5000   37.5000 9787.8818   16.9610
   -7.5000   45.0000   37.5000 8957.0977   16.6001
    0.0000   45.0000   37.5000 9350.0771   16.5921
    7.5000   45.0000   37.5000 8892.9492   16.5676
   -7.5000  -45.0000   45.0000 7536.1284   17.4423
    0.0000  -45.0000   45.0000 7916.0879   17.4333
    7.5000  -45.0000   45.0000 7511.6860   17.4094
   -7.5000  -37.5000   45.0000 8097.2583   17.3976
    0.0000  -37.5000   45.0000 8509.3037   17.3948
    7.5000  -37.5000   45.0000 8069.8604   17.3737
   -7.5000  -30.0000   45.0000 8943.6982   17.3892
    0.0000  -30.0000   45.0000 9368.3408   17.3871
    7.5000  -30.0000   45.0000 8898.4053   17.3650
   -7.5000  -22.5000   45.0000 9731.3506   17.3982
    0.0000  -22.5000   45.000010174.9551   17.3883
    7.5000  -22.5000   45.0000 9682.5098   17.3613
   -7.5000  -15.0000   45.000010415.3945   17.3932
    0.0000  -15.0000   45.000010878.2236   17.3750
    7.5000  -15.0000   45.000010378.5869   17.3453
   -7.5000   -7.5000   45.000011004.3193   17.3805
    0.0000   -7.5000   45.000011495.7617   17.3638
    7.5000   -7.5000   45.000010973.1387   17.3363
   -7.5000    0.0000   45.000011516.4395   17.3744
    0.0000    0.0000   45.000012037.9590   17.3653
    7.5000    0.0000   45.000011494.6250   17.3412
   -7.5000    7.5000   45.000011197.5303   17.3775
    0.0000    7.5000   45.000011708.6641   17.3745
    7.5000    7.5000   45.000011172.7910   17.3533
   -7.5000   15.0000   45.000010846.9629   17.3886
    0.0000   15.0000   45.000011347.9248   17.3864
    7.5000   15.0000   45.000010823.9033   17.3644
   -7.5000   22.5000   45.000010293.7090   17.3901
    0.0000   22.5000   45.000010784.3711   17.3803
    7.5000   22.5000   45.000010282.2959   17.3533
   -7.5000   30.0000   45.0000 9485.8945   17.1666
    0.0000   30.0000   45.0000 9911.6943   17.1486
    7.5000   30.0000   45.0000 9449.2939   17.1193
   -7.5000   37.5000   45.0000 9001.9385   17.1541
    0.0000   37.5000   45.0000 9402.7285   17.1376
    7.5000   37.5000   45.0000 8971.4150   17.1104
   -7.5000   45.0000   45.0000 8193.6064   16.7545
    0.0000   45.0000   45.0000 8554.2275   16.7458
    7.5000   45.0000   45.0000 8156.3604   16.7225

---------------------------------------------------------------------
imgreg_4dfp /opt/freesurfer/average/711-2C_as_mni_average_305 /opt/freesurfer/average/711-2B_as_mni_average_305_mask talsrcimg_g11 none talsrcimg_to_711-2C_as_mni_average_305_t4 4355
---------------------------------------------------------------------

freesurfer imgreg_4dfp.c
/opt/freesurfer/average/711-2C_as_mni_average_305.4dfp.img
       256       256       256         1
  1.000000  1.000000  1.000000
orientation T byte_order littleendian
Reading image: /opt/freesurfer/average/711-2C_as_mni_average_305.4dfp.img
dimensions:      256       256       256
mmppix:       1.0000   -1.0000   -1.0000
center:     128.0000 -129.0000 -129.0000
/opt/freesurfer/average/711-2B_as_mni_average_305_mask.4dfp.img
       256       256       256         1
  1.000000  1.000000  1.000000
orientation T byte_order littleendian
Reading mask: /opt/freesurfer/average/711-2B_as_mni_average_305_mask.4dfp.img (2306576 pixels)
talsrcimg_g11.4dfp.img
       256       256       256         1
  1.000000  1.000000  1.000000
orientation T byte_order littleendian
Reading image: talsrcimg_g11.4dfp.img
dimensions:      256       256       256
mmppix:       1.0000   -1.0000   -1.0000
center:     128.0000 -129.0000 -129.0000
rotation matrix determinant  1.000000
image alignment mode   4355 decimal     1103 hex
   -7.5000  -45.0000  -45.0000 1986.3517   17.1310
    0.0000  -45.0000  -45.0000 1996.5526   17.1586
    7.5000  -45.0000  -45.0000 1979.8574   17.1638
   -7.5000  -37.5000  -45.0000 2093.9836   15.4646
    0.0000  -37.5000  -45.0000 2099.5603   15.4705
    7.5000  -37.5000  -45.0000 2088.8931   15.5357
   -7.5000  -30.0000  -45.0000 2179.8188   14.2066
    0.0000  -30.0000  -45.0000 2184.7451   14.2158
    7.5000  -30.0000  -45.0000 2173.1335   14.2413
   -7.5000  -22.5000  -45.0000 2242.7473   13.3152
    0.0000  -22.5000  -45.0000 2248.6238   13.2994
    7.5000  -22.5000  -45.0000 2230.3110   13.3394
   -7.5000  -15.0000  -45.0000 2272.4783   12.7178
    0.0000  -15.0000  -45.0000 2284.6794   12.6807
    7.5000  -15.0000  -45.0000 2266.5139   12.7645
   -7.5000   -7.5000  -45.0000 2283.9810   12.4030
    0.0000   -7.5000  -45.0000 2299.2456   12.3669
    7.5000   -7.5000  -45.0000 2283.1697   12.4827
   -7.5000    0.0000  -45.0000 2281.7544   12.3363
    0.0000    0.0000  -45.0000 2291.8633   12.3011
    7.5000    0.0000  -45.0000 2276.8994   12.4520
   -7.5000    7.5000  -45.0000 2271.6121   12.4993
    0.0000    7.5000  -45.0000 2281.9924   12.4638
    7.5000    7.5000  -45.0000 2262.7600   12.6145
   -7.5000   15.0000  -45.0000 2239.0698   12.9538
    0.0000   15.0000  -45.0000 2249.1992   12.9180
    7.5000   15.0000  -45.0000 2227.2366   13.0966
   -7.5000   22.5000  -45.0000 2191.2874   13.7524
    0.0000   22.5000  -45.0000 2202.1885   13.6854
    7.5000   22.5000  -45.0000 2179.0898   13.8530
   -7.5000   30.0000  -45.0000 2108.5308   14.8629
    0.0000   30.0000  -45.0000 2119.5593   14.7872
    7.5000   30.0000  -45.0000 2098.2097   14.9663
   -7.5000   37.5000  -45.0000 2015.3978   16.3454
    0.0000   37.5000  -45.0000 2022.4142   16.2631
    7.5000   37.5000  -45.0000 2002.6460   16.4740
   -7.5000   45.0000  -45.0000 1898.9830   18.3192
    0.0000   45.0000  -45.0000 1909.5486   18.2141
    7.5000   45.0000  -45.0000 1887.5050   18.4545
   -7.5000  -45.0000  -37.5000 2063.5554   15.9262
    0.0000  -45.0000  -37.5000 2074.1135   15.9169
    7.5000  -45.0000  -37.5000 2060.6235   15.9711
   -7.5000  -37.5000  -37.5000 2173.7800   14.3356
    0.0000  -37.5000  -37.5000 2185.7910   14.3222
    7.5000  -37.5000  -37.5000 2170.3970   14.3972
   -7.5000  -30.0000  -37.5000 2268.5317   13.1198
    0.0000  -30.0000  -37.5000 2277.6929   13.0972
    7.5000  -30.0000  -37.5000 2259.1887   13.1614
   -7.5000  -22.5000  -37.5000 2339.2993   12.2606
    0.0000  -22.5000  -37.5000 2347.9373   12.2350
    7.5000  -22.5000  -37.5000 2325.1980   12.2912
   -7.5000  -15.0000  -37.5000 2373.8403   11.7409
    0.0000  -15.0000  -37.5000 2385.9883   11.6915
    7.5000  -15.0000  -37.5000 2360.8652   11.7712
   -7.5000   -7.5000  -37.5000 2393.1030   11.4595
    0.0000   -7.5000  -37.5000 2405.2312   11.4028
    7.5000   -7.5000  -37.5000 2381.8501   11.5015
   -7.5000    0.0000  -37.5000 2396.2302   11.4345
    0.0000    0.0000  -37.5000 2406.9197   11.3731
    7.5000    0.0000  -37.5000 2386.2661   11.4935
   -7.5000    7.5000  -37.5000 2381.4568   11.6197
    0.0000    7.5000  -37.5000 2392.8149   11.5517
    7.5000    7.5000  -37.5000 2371.7412   11.6872
   -7.5000   15.0000  -37.5000 2345.3218   12.0312
    0.0000   15.0000  -37.5000 2357.2207   11.9660
    7.5000   15.0000  -37.5000 2335.5310   12.1299
   -7.5000   22.5000  -37.5000 2288.7781   12.7445
    0.0000   22.5000  -37.5000 2303.4285   12.6711
    7.5000   22.5000  -37.5000 2276.8203   12.8272
   -7.5000   30.0000  -37.5000 2198.9719   13.7565
    0.0000   30.0000  -37.5000 2212.9070   13.6863
    7.5000   30.0000  -37.5000 2190.7112   13.8401
   -7.5000   37.5000  -37.5000 2095.6790   15.1132
    0.0000   37.5000  -37.5000 2105.6033   15.0686
    7.5000   37.5000  -37.5000 2079.0159   15.2397
   -7.5000   45.0000  -37.5000 1974.6312   16.9757
    0.0000   45.0000  -37.5000 1984.0936   16.9225
    7.5000   45.0000  -37.5000 1958.2712   17.1082
   -7.5000  -45.0000  -30.0000 2171.6609   15.3643
    0.0000  -45.0000  -30.0000 2184.5967   15.3341
    7.5000  -45.0000  -30.0000 2169.7065   15.4498
   -7.5000  -37.5000  -30.0000 2288.1482   13.8104
    0.0000  -37.5000  -30.0000 2301.8899   13.7789
    7.5000  -37.5000  -30.0000 2286.6558   13.9022
   -7.5000  -30.0000  -30.0000 2390.2378   12.5919
    0.0000  -30.0000  -30.0000 2401.6787   12.5757
    7.5000  -30.0000  -30.0000 2384.9368   12.6833
   -7.5000  -22.5000  -30.0000 2471.9341   11.7245
    0.0000  -22.5000  -30.0000 2481.0078   11.7186
    7.5000  -22.5000  -30.0000 2459.7546   11.8015
   -7.5000  -15.0000  -30.0000 2515.2717   11.2165
    0.0000  -15.0000  -30.0000 2526.8979   11.1742
    7.5000  -15.0000  -30.0000 2506.0691   11.2752
   -7.5000   -7.5000  -30.0000 2545.5408   10.9585
    0.0000   -7.5000  -30.0000 2553.6543   10.8832
    7.5000   -7.5000  -30.0000 2531.2458   11.0183
   -7.5000    0.0000  -30.0000 2560.1990   10.9451
    0.0000    0.0000  -30.0000 2569.4705   10.8859
    7.5000    0.0000  -30.0000 2542.4219   10.9943
   -7.5000    7.5000  -30.0000 2544.8242   11.1543
    0.0000    7.5000  -30.0000 2558.9114   11.0999
    7.5000    7.5000  -30.0000 2532.6125   11.2029
   -7.5000   15.0000  -30.0000 2501.3362   11.5773
    0.0000   15.0000  -30.0000 2517.3518   11.5247
    7.5000   15.0000  -30.0000 2488.4854   11.6546
   -7.5000   22.5000  -30.0000 2434.3687   12.2550
    0.0000   22.5000  -30.0000 2454.4390   12.1986
    7.5000   22.5000  -30.0000 2420.9062   12.3453
   -7.5000   30.0000  -30.0000 2337.0278   13.2120
    0.0000   30.0000  -30.0000 2350.9478   13.1528
    7.5000   30.0000  -30.0000 2320.1680   13.3077
   -7.5000   37.5000  -30.0000 2216.2925   14.5244
    0.0000   37.5000  -30.0000 2229.7554   14.4654
    7.5000   37.5000  -30.0000 2202.1167   14.6386
   -7.5000   45.0000  -30.0000 2076.7244   16.3188
    0.0000   45.0000  -30.0000 2089.2432   16.2350
    7.5000   45.0000  -30.0000 2066.8396   16.4361
   -7.5000  -45.0000  -22.5000 2245.4614   14.7650
    0.0000  -45.0000  -22.5000 2262.3577   14.7224
    7.5000  -45.0000  -22.5000 2243.7429   14.9054
   -7.5000  -37.5000  -22.5000 2371.4768   13.2522
    0.0000  -37.5000  -22.5000 2386.3804   13.2131
    7.5000  -37.5000  -22.5000 2366.9878   13.3781
   -7.5000  -30.0000  -22.5000 2480.9287   12.0910
    0.0000  -30.0000  -22.5000 2493.5776   12.0443
    7.5000  -30.0000  -22.5000 2473.8757   12.1939
   -7.5000  -22.5000  -22.5000 2570.2004   11.2351
    0.0000  -22.5000  -22.5000 2585.5417   11.2106
    7.5000  -22.5000  -22.5000 2564.8438   11.3242
   -7.5000  -15.0000  -22.5000 2631.8547   10.6941
    0.0000  -15.0000  -22.5000 2644.8640   10.6533
    7.5000  -15.0000  -22.5000 2625.7717   10.7671
   -7.5000   -7.5000  -22.5000 2670.3301   10.4018
    0.0000   -7.5000  -22.5000 2687.5476   10.3713
    7.5000   -7.5000  -22.5000 2658.6682   10.4832
   -7.5000    0.0000  -22.5000 2690.3054   10.3814
    0.0000    0.0000  -22.5000 2711.4119   10.3445
    7.5000    0.0000  -22.5000 2679.5330   10.4419
   -7.5000    7.5000  -22.5000 2675.6479   10.6332
    0.0000    7.5000  -22.5000 2699.9202   10.5987
    7.5000    7.5000  -22.5000 2662.4141   10.6957
   -7.5000   15.0000  -22.5000 2630.7375   11.0683
    0.0000   15.0000  -22.5000 2654.8225   11.0252
    7.5000   15.0000  -22.5000 2612.5083   11.1472
   -7.5000   22.5000  -22.5000 2552.5022   11.7330
    0.0000   22.5000  -22.5000 2576.3359   11.6672
    7.5000   22.5000  -22.5000 2537.1877   11.8059
   -7.5000   30.0000  -22.5000 2441.1274   12.6656
    0.0000   30.0000  -22.5000 2459.5198   12.5860
    7.5000   30.0000  -22.5000 2427.8384   12.7382
   -7.5000   37.5000  -22.5000 2309.3442   13.9210
    0.0000   37.5000  -22.5000 2324.6460   13.8497
    7.5000   37.5000  -22.5000 2298.2893   14.0306
   -7.5000   45.0000  -22.5000 2164.2432   15.5832
    0.0000   45.0000  -22.5000 2176.3813   15.5255
    7.5000   45.0000  -22.5000 2158.3101   15.6857
   -7.5000  -45.0000  -15.0000 2283.5234   14.2826
    0.0000  -45.0000  -15.0000 2296.0942   14.2147
    7.5000  -45.0000  -15.0000 2280.7178   14.4370
   -7.5000  -37.5000  -15.0000 2415.5029   12.8095
    0.0000  -37.5000  -15.0000 2427.7007   12.7239
    7.5000  -37.5000  -15.0000 2410.3286   12.9383
   -7.5000  -30.0000  -15.0000 2533.1167   11.6500
    0.0000  -30.0000  -15.0000 2548.5088   11.5848
    7.5000  -30.0000  -15.0000 2526.7908   11.7786
   -7.5000  -22.5000  -15.0000 2633.2932   10.8082
    0.0000  -22.5000  -15.0000 2655.3892   10.7453
    7.5000  -22.5000  -15.0000 2632.6653   10.9153
   -7.5000  -15.0000  -15.0000 2712.3491   10.2539
    0.0000  -15.0000  -15.0000 2737.8640   10.2079
    7.5000  -15.0000  -15.0000 2716.0613   10.3420
   -7.5000   -7.5000  -15.0000 2769.0586    9.9441
    0.0000   -7.5000  -15.0000 2794.8340    9.9022
    7.5000   -7.5000  -15.0000 2762.0767   10.0317
   -7.5000    0.0000  -15.0000 2793.5354    9.9177
    0.0000    0.0000  -15.0000 2822.2751    9.8809
    7.5000    0.0000  -15.0000 2781.9746   10.0062
   -7.5000    7.5000  -15.0000 2778.7849   10.1758
    0.0000    7.5000  -15.0000 2810.6106   10.1263
    7.5000    7.5000  -15.0000 2764.4604   10.2536
   -7.5000   15.0000  -15.0000 2723.2471   10.6111
    0.0000   15.0000  -15.0000 2749.8464   10.5274
    7.5000   15.0000  -15.0000 2706.8027   10.6891
   -7.5000   22.5000  -15.0000 2633.4663   11.2514
    0.0000   22.5000  -15.0000 2658.3489   11.1618
    7.5000   22.5000  -15.0000 2621.5396   11.3211
   -7.5000   30.0000  -15.0000 2514.5881   12.1619
    0.0000   30.0000  -15.0000 2533.3740   12.0803
    7.5000   30.0000  -15.0000 2499.7158   12.2348
   -7.5000   37.5000  -15.0000 2373.6379   13.3748
    0.0000   37.5000  -15.0000 2386.2971   13.3065
    7.5000   37.5000  -15.0000 2360.3052   13.4611
   -7.5000   45.0000  -15.0000 2220.7158   14.9504
    0.0000   45.0000  -15.0000 2235.2385   14.8823
    7.5000   45.0000  -15.0000 2218.1707   15.0475
   -7.5000  -45.0000   -7.5000 2299.7744   13.9015
    0.0000  -45.0000   -7.5000 2310.8003   13.7594
    7.5000  -45.0000   -7.5000 2295.9609   14.0634
   -7.5000  -37.5000   -7.5000 2434.8228   12.4306
    0.0000  -37.5000   -7.5000 2447.6609   12.3081
    7.5000  -37.5000   -7.5000 2428.0830   12.5945
   -7.5000  -30.0000   -7.5000 2560.9077   11.3063
    0.0000  -30.0000   -7.5000 2575.2468   11.2230
    7.5000  -30.0000   -7.5000 2552.5706   11.4605
   -7.5000  -22.5000   -7.5000 2672.8132   10.4601
    0.0000  -22.5000   -7.5000 2692.9290   10.3854
    7.5000  -22.5000   -7.5000 2670.4692   10.6233
   -7.5000  -15.0000   -7.5000 2770.3293    9.9275
    0.0000  -15.0000   -7.5000 2799.5093    9.8536
    7.5000  -15.0000   -7.5000 2769.7122   10.0519
   -7.5000   -7.5000   -7.5000 2847.1909    9.6048
    0.0000   -7.5000   -7.5000 2880.5269    9.5196
    7.5000   -7.5000   -7.5000 2836.4927    9.7165
   -7.5000    0.0000   -7.5000 2880.2427    9.5700
    0.0000    0.0000   -7.5000 2912.0615    9.4648
    7.5000    0.0000   -7.5000 2864.9690    9.6700
   -7.5000    7.5000   -7.5000 2861.6819    9.8335
    0.0000    7.5000   -7.5000 2890.6108    9.7118
    7.5000    7.5000   -7.5000 2843.3159    9.9340
   -7.5000   15.0000   -7.5000 2781.7900   10.2488
    0.0000   15.0000   -7.5000 2810.9260   10.1472
    7.5000   15.0000   -7.5000 2770.1294   10.3454
   -7.5000   22.5000   -7.5000 2678.9609   10.8716
    0.0000   22.5000   -7.5000 2702.8452   10.7692
    7.5000   22.5000   -7.5000 2671.2964   10.9516
   -7.5000   30.0000   -7.5000 2550.4343   11.7506
    0.0000   30.0000   -7.5000 2571.0764   11.6476
    7.5000   30.0000   -7.5000 2542.2400   11.8371
   -7.5000   37.5000   -7.5000 2407.6665   12.9318
    0.0000   37.5000   -7.5000 2426.6853   12.8332
    7.5000   37.5000   -7.5000 2396.2710   13.0319
   -7.5000   45.0000   -7.5000 2256.7224   14.4193
    0.0000   45.0000   -7.5000 2272.3911   14.3582
    7.5000   45.0000   -7.5000 2244.9700   14.5315
   -7.5000  -45.0000    0.0000 2299.5378   13.7045
    0.0000  -45.0000    0.0000 2312.3413   13.5442
    7.5000  -45.0000    0.0000 2293.2925   13.9569
   -7.5000  -37.5000    0.0000 2434.5325   12.2828
    0.0000  -37.5000    0.0000 2448.8591   12.1070
    7.5000  -37.5000    0.0000 2427.6985   12.4667
   -7.5000  -30.0000    0.0000 2561.4121   11.1814
    0.0000  -30.0000    0.0000 2578.9534   11.0273
    7.5000  -30.0000    0.0000 2554.1140   11.3490
   -7.5000  -22.5000    0.0000 2682.3667   10.3341
    0.0000  -22.5000    0.0000 2706.5610   10.1893
    7.5000  -22.5000    0.0000 2677.8408   10.4961
   -7.5000  -15.0000    0.0000 2795.7070    9.7972
    0.0000  -15.0000    0.0000 2825.5852    9.6559
    7.5000  -15.0000    0.0000 2787.2725    9.9100
   -7.5000   -7.5000    0.0000 2889.8911    9.4232
    0.0000   -7.5000    0.0000 2928.7786    9.2747
    7.5000   -7.5000    0.0000 2870.0488    9.5323
   -7.5000    0.0000    0.0000 2933.0425    9.3628
    0.0000    0.0000    0.0000 2964.4607    9.1886
    7.5000    0.0000    0.0000 2905.5173    9.4886
   -7.5000    7.5000    0.0000 2902.9705    9.6202
    0.0000    7.5000    0.0000 2934.8979    9.4965
    7.5000    7.5000    0.0000 2882.5291    9.7313
   -7.5000   15.0000    0.0000 2809.3225   10.0703
    0.0000   15.0000    0.0000 2841.0593    9.9539
    7.5000   15.0000    0.0000 2796.1165   10.1594
   -7.5000   22.5000    0.0000 2700.5601   10.6969
    0.0000   22.5000    0.0000 2724.0291   10.5800
    7.5000   22.5000    0.0000 2692.0703   10.7779
   -7.5000   30.0000    0.0000 2564.1450   11.5582
    0.0000   30.0000    0.0000 2583.1465   11.4360
    7.5000   30.0000    0.0000 2554.6379   11.6233
   -7.5000   37.5000    0.0000 2422.0100   12.7052
    0.0000   37.5000    0.0000 2435.1963   12.5848
    7.5000   37.5000    0.0000 2408.3960   12.7730
   -7.5000   45.0000    0.0000 2267.2749   14.1452
    0.0000   45.0000    0.0000 2278.3616   14.0505
    7.5000   45.0000    0.0000 2253.7966   14.2352
   -7.5000  -45.0000    7.5000 2292.8210   13.7299
    0.0000  -45.0000    7.5000 2306.3992   13.5879
    7.5000  -45.0000    7.5000 2287.8601   13.9696
   -7.5000  -37.5000    7.5000 2421.5200   12.2920
    0.0000  -37.5000    7.5000 2438.3584   12.1515
    7.5000  -37.5000    7.5000 2416.2378   12.4751
   -7.5000  -30.0000    7.5000 2545.1758   11.1759
    0.0000  -30.0000    7.5000 2564.6689   11.0506
    7.5000  -30.0000    7.5000 2542.0728   11.3612
   -7.5000  -22.5000    7.5000 2671.5613   10.3550
    0.0000  -22.5000    7.5000 2693.9617   10.2268
    7.5000  -22.5000    7.5000 2667.6140   10.5202
   -7.5000  -15.0000    7.5000 2790.7510    9.8042
    0.0000  -15.0000    7.5000 2816.6580    9.6851
    7.5000  -15.0000    7.5000 2782.8291    9.9386
   -7.5000   -7.5000    7.5000 2884.1853    9.4491
    0.0000   -7.5000    7.5000 2919.2068    9.3133
    7.5000   -7.5000    7.5000 2864.8855    9.5739
   -7.5000    0.0000    7.5000 2935.6763    9.3985
    0.0000    0.0000    7.5000 2964.8689    9.2939
    7.5000    0.0000    7.5000 2905.9778    9.5215
   -7.5000    7.5000    7.5000 2908.7019    9.6358
    0.0000    7.5000    7.5000 2941.8552    9.5646
    7.5000    7.5000    7.5000 2878.3770    9.7441
   -7.5000   15.0000    7.5000 2812.7395   10.0675
    0.0000   15.0000    7.5000 2842.0137    9.9889
    7.5000   15.0000    7.5000 2795.5889   10.1481
   -7.5000   22.5000    7.5000 2694.0247   10.6659
    0.0000   22.5000    7.5000 2711.9512   10.5800
    7.5000   22.5000    7.5000 2681.9697   10.7241
   -7.5000   30.0000    7.5000 2553.6418   11.4815
    0.0000   30.0000    7.5000 2568.5461   11.3958
    7.5000   30.0000    7.5000 2542.5510   11.5307
   -7.5000   37.5000    7.5000 2410.4255   12.5893
    0.0000   37.5000    7.5000 2420.7434   12.5128
    7.5000   37.5000    7.5000 2398.3599   12.6474
   -7.5000   45.0000    7.5000 2256.7239   14.0116
    0.0000   45.0000    7.5000 2266.5669   13.9569
    7.5000   45.0000    7.5000 2246.0513   14.0833
   -7.5000  -45.0000   15.0000 2272.3833   14.0665
    0.0000  -45.0000   15.0000 2284.5789   13.9304
    7.5000  -45.0000   15.0000 2263.4888   14.2924
   -7.5000  -37.5000   15.0000 2398.7190   12.5668
    0.0000  -37.5000   15.0000 2416.3464   12.4328
    7.5000  -37.5000   15.0000 2391.7949   12.7567
   -7.5000  -30.0000   15.0000 2512.9009   11.4378
    0.0000  -30.0000   15.0000 2531.5781   11.2876
    7.5000  -30.0000   15.0000 2513.9978   11.6061
   -7.5000  -22.5000   15.0000 2639.7009   10.6021
    0.0000  -22.5000   15.0000 2660.6379   10.4665
    7.5000  -22.5000   15.0000 2641.8823   10.7389
   -7.5000  -15.0000   15.0000 2750.2056   10.0423
    0.0000  -15.0000   15.0000 2774.8132    9.9096
    7.5000  -15.0000   15.0000 2748.9512   10.1617
   -7.5000   -7.5000   15.0000 2834.4385    9.7216
    0.0000   -7.5000   15.0000 2861.9109    9.6317
    7.5000   -7.5000   15.0000 2818.5081    9.8206
   -7.5000    0.0000   15.0000 2873.8110    9.7307
    0.0000    0.0000   15.0000 2897.7944    9.6759
    7.5000    0.0000   15.0000 2852.0371    9.7977
   -7.5000    7.5000   15.0000 2851.6826    9.8929
    0.0000    7.5000   15.0000 2875.6897    9.8462
    7.5000    7.5000   15.0000 2829.4861    9.9603
   -7.5000   15.0000   15.0000 2772.5659   10.2353
    0.0000   15.0000   15.0000 2797.8896   10.1634
    7.5000   15.0000   15.0000 2759.3647   10.3002
   -7.5000   22.5000   15.0000 2657.4360   10.8060
    0.0000   22.5000   15.0000 2679.1487   10.7124
    7.5000   22.5000   15.0000 2648.6836   10.8759
   -7.5000   30.0000   15.0000 2523.4944   11.6148
    0.0000   30.0000   15.0000 2537.8203   11.4878
    7.5000   30.0000   15.0000 2517.8279   11.6638
   -7.5000   37.5000   15.0000 2383.0173   12.7094
    0.0000   37.5000   15.0000 2397.9480   12.5856
    7.5000   37.5000   15.0000 2378.8987   12.7699
   -7.5000   45.0000   15.0000 2227.3960   14.1107
    0.0000   45.0000   15.0000 2236.9509   14.0190
    7.5000   45.0000   15.0000 2224.5215   14.1904
   -7.5000  -45.0000   22.5000 2235.7107   14.6183
    0.0000  -45.0000   22.5000 2252.3149   14.4942
    7.5000  -45.0000   22.5000 2227.7517   14.8169
   -7.5000  -37.5000   22.5000 2365.9250   13.1273
    0.0000  -37.5000   22.5000 2382.3625   12.9984
    7.5000  -37.5000   22.5000 2353.1975   13.2534
   -7.5000  -30.0000   22.5000 2475.7207   11.9824
    0.0000  -30.0000   22.5000 2496.7961   11.8703
    7.5000  -30.0000   22.5000 2468.3867   12.0871
   -7.5000  -22.5000   22.5000 2597.2231   11.1330
    0.0000  -22.5000   22.5000 2615.7900   11.0082
    7.5000  -22.5000   22.5000 2588.2542   11.2370
   -7.5000  -15.0000   22.5000 2695.0295   10.5625
    0.0000  -15.0000   22.5000 2714.2764   10.4132
    7.5000  -15.0000   22.5000 2682.4937   10.6546
   -7.5000   -7.5000   22.5000 2759.4636   10.2361
    0.0000   -7.5000   22.5000 2775.0181   10.1072
    7.5000   -7.5000   22.5000 2742.9597   10.3161
   -7.5000    0.0000   22.5000 2779.6128   10.1962
    0.0000    0.0000   22.5000 2796.6267   10.0672
    7.5000    0.0000   22.5000 2763.9526   10.2614
   -7.5000    7.5000   22.5000 2758.1897   10.3180
    0.0000    7.5000   22.5000 2779.2512   10.1919
    7.5000    7.5000   22.5000 2744.1965   10.3761
   -7.5000   15.0000   22.5000 2686.9402   10.6590
    0.0000   15.0000   22.5000 2709.4321   10.5274
    7.5000   15.0000   22.5000 2676.6257   10.7074
   -7.5000   22.5000   22.5000 2590.1885   11.2016
    0.0000   22.5000   22.5000 2605.3889   11.0904
    7.5000   22.5000   22.5000 2579.1653   11.2664
   -7.5000   30.0000   22.5000 2473.0376   11.9691
    0.0000   30.0000   22.5000 2486.1858   11.8495
    7.5000   30.0000   22.5000 2461.2915   12.0203
   -7.5000   37.5000   22.5000 2338.8230   13.0027
    0.0000   37.5000   22.5000 2355.0127   12.8950
    7.5000   37.5000   22.5000 2330.7332   13.0640
   -7.5000   45.0000   22.5000 2188.6548   14.3465
    0.0000   45.0000   22.5000 2203.0081   14.2606
    7.5000   45.0000   22.5000 2181.5515   14.4199
   -7.5000  -45.0000   30.0000 2182.0964   15.4966
    0.0000  -45.0000   30.0000 2203.2280   15.3855
    7.5000  -45.0000   30.0000 2172.8896   15.6454
   -7.5000  -37.5000   30.0000 2308.9121   13.9410
    0.0000  -37.5000   30.0000 2332.0408   13.8071
    7.5000  -37.5000   30.0000 2297.7581   14.0736
   -7.5000  -30.0000   30.0000 2420.0923   12.7550
    0.0000  -30.0000   30.0000 2443.4329   12.6303
    7.5000  -30.0000   30.0000 2411.8303   12.8895
   -7.5000  -22.5000   30.0000 2530.3650   11.8597
    0.0000  -22.5000   30.0000 2550.7939   11.7238
    7.5000  -22.5000   30.0000 2522.1616   11.9955
   -7.5000  -15.0000   30.0000 2616.2957   11.2391
    0.0000  -15.0000   30.0000 2634.8767   11.0841
    7.5000  -15.0000   30.0000 2602.2261   11.3414
   -7.5000   -7.5000   30.0000 2663.8149   10.8797
    0.0000   -7.5000   30.0000 2678.4175   10.7631
    7.5000   -7.5000   30.0000 2651.3042   10.9614
   -7.5000    0.0000   30.0000 2671.0215   10.7959
    0.0000    0.0000   30.0000 2689.1926   10.6883
    7.5000    0.0000   30.0000 2661.5715   10.8620
   -7.5000    7.5000   30.0000 2649.3987   10.8724
    0.0000    7.5000   30.0000 2665.2561   10.7641
    7.5000    7.5000   30.0000 2642.2634   10.9338
   -7.5000   15.0000   30.0000 2586.9287   11.2071
    0.0000   15.0000   30.0000 2604.2891   11.0843
    7.5000   15.0000   30.0000 2579.4329   11.2472
   -7.5000   22.5000   30.0000 2502.5364   11.7520
    0.0000   22.5000   30.0000 2524.0547   11.6329
    7.5000   22.5000   30.0000 2498.0833   11.7945
   -7.5000   30.0000   30.0000 2397.2307   12.5424
    0.0000   30.0000   30.0000 2407.4924   12.4231
    7.5000   30.0000   30.0000 2393.6892   12.5762
   -7.5000   37.5000   30.0000 2277.1172   13.5331
    0.0000   37.5000   30.0000 2285.8826   13.4387
    7.5000   37.5000   30.0000 2270.6729   13.5868
   -7.5000   45.0000   30.0000 2141.0454   14.8660
    0.0000   45.0000   30.0000 2150.6770   14.7759
    7.5000   45.0000   30.0000 2133.5798   14.9236
   -7.5000  -45.0000   37.5000 2119.4600   16.6345
    0.0000  -45.0000   37.5000 2141.5117   16.5035
    7.5000  -45.0000   37.5000 2113.4910   16.7443
   -7.5000  -37.5000   37.5000 2241.7083   14.9702
    0.0000  -37.5000   37.5000 2268.8240   14.8452
    7.5000  -37.5000   37.5000 2233.2271   15.0669
   -7.5000  -30.0000   37.5000 2354.4595   13.6901
    0.0000  -30.0000   37.5000 2376.6909   13.6008
    7.5000  -30.0000   37.5000 2345.6448   13.8312
   -7.5000  -22.5000   37.5000 2453.4272   12.7663
    0.0000  -22.5000   37.5000 2476.4128   12.6501
    7.5000  -22.5000   37.5000 2444.7207   12.8936
   -7.5000  -15.0000   37.5000 2522.9377   12.1100
    0.0000  -15.0000   37.5000 2540.0500   11.9968
    7.5000  -15.0000   37.5000 2512.0952   12.2018
   -7.5000   -7.5000   37.5000 2560.1951   11.7595
    0.0000   -7.5000   37.5000 2574.4861   11.6470
    7.5000   -7.5000   37.5000 2550.5330   11.8159
   -7.5000    0.0000   37.5000 2559.6602   11.6253
    0.0000    0.0000   37.5000 2578.5735   11.5219
    7.5000    0.0000   37.5000 2552.8015   11.6788
   -7.5000    7.5000   37.5000 2538.9678   11.6580
    0.0000    7.5000   37.5000 2554.9734   11.5680
    7.5000    7.5000   37.5000 2533.1936   11.7105
   -7.5000   15.0000   37.5000 2482.4031   11.9885
    0.0000   15.0000   37.5000 2499.2898   11.8921
    7.5000   15.0000   37.5000 2475.4033   12.0352
   -7.5000   22.5000   37.5000 2413.2190   12.5209
    0.0000   22.5000   37.5000 2430.9575   12.4138
    7.5000   22.5000   37.5000 2408.1716   12.5550
   -7.5000   30.0000   37.5000 2317.4636   13.2872
    0.0000   30.0000   37.5000 2329.3887   13.1745
    7.5000   30.0000   37.5000 2315.0991   13.3161
   -7.5000   37.5000   37.5000 2204.4451   14.2753
    0.0000   37.5000   37.5000 2214.8682   14.1808
    7.5000   37.5000   37.5000 2200.5425   14.3216
   -7.5000   45.0000   37.5000 2078.9053   15.6408
    0.0000   45.0000   37.5000 2089.7122   15.5454
    7.5000   45.0000   37.5000 2074.3152   15.6764
   -7.5000  -45.0000   45.0000 2042.7494   18.0813
    0.0000  -45.0000   45.0000 2061.5796   17.9747
    7.5000  -45.0000   45.0000 2038.2313   18.1641
   -7.5000  -37.5000   45.0000 2162.3459   16.2684
    0.0000  -37.5000   45.0000 2187.0134   16.1698
    7.5000  -37.5000   45.0000 2157.4045   16.3480
   -7.5000  -30.0000   45.0000 2271.3572   14.8908
    0.0000  -30.0000   45.0000 2293.0000   14.7915
    7.5000  -30.0000   45.0000 2264.7544   14.9752
   -7.5000  -22.5000   45.0000 2361.7324   13.9066
    0.0000  -22.5000   45.0000 2380.9636   13.7884
    7.5000  -22.5000   45.0000 2357.8433   14.0012
   -7.5000  -15.0000   45.0000 2421.0271   13.2147
    0.0000  -15.0000   45.0000 2436.7451   13.1255
    7.5000  -15.0000   45.0000 2417.5852   13.3033
   -7.5000   -7.5000   45.0000 2450.5305   12.8263
    0.0000   -7.5000   45.0000 2463.8804   12.7292
    7.5000   -7.5000   45.0000 2445.2378   12.9109
   -7.5000    0.0000   45.0000 2449.3184   12.6357
    0.0000    0.0000   45.0000 2463.9854   12.5554
    7.5000    0.0000   45.0000 2445.4021   12.7084
   -7.5000    7.5000   45.0000 2429.4875   12.6452
    0.0000    7.5000   45.0000 2443.0703   12.6106
    7.5000    7.5000   45.0000 2425.0908   12.7367
   -7.5000   15.0000   45.0000 2380.4980   12.9848
    0.0000   15.0000   45.0000 2396.9492   12.9369
    7.5000   15.0000   45.0000 2377.6077   13.0759
   -7.5000   22.5000   45.0000 2315.2639   13.5058
    0.0000   22.5000   45.0000 2332.0601   13.4757
    7.5000   22.5000   45.0000 2313.4797   13.5584
   -7.5000   30.0000   45.0000 2227.9827   14.2745
    0.0000   30.0000   45.0000 2239.9983   14.2037
    7.5000   30.0000   45.0000 2224.1470   14.3072
   -7.5000   37.5000   45.0000 2123.1050   15.2660
    0.0000   37.5000   45.0000 2130.6921   15.1861
    7.5000   37.5000   45.0000 2117.2590   15.2956
   -7.5000   45.0000   45.0000 2004.5767   16.6401
    0.0000   45.0000   45.0000 2010.2184   16.5735
    7.5000   45.0000   45.0000 1995.6560   16.6851

---------------------------------------------------------------------
imgreg_4dfp /opt/freesurfer/average/711-2C_as_mni_average_305 /opt/freesurfer/average/711-2B_as_mni_average_305_mask talsrcimg_g11 none talsrcimg_to_711-2C_as_mni_average_305_t4 1283
---------------------------------------------------------------------

freesurfer imgreg_4dfp.c
/opt/freesurfer/average/711-2C_as_mni_average_305.4dfp.img
       256       256       256         1
  1.000000  1.000000  1.000000
orientation T byte_order littleendian
Reading image: /opt/freesurfer/average/711-2C_as_mni_average_305.4dfp.img
dimensions:      256       256       256
mmppix:       1.0000   -1.0000   -1.0000
center:     128.0000 -129.0000 -129.0000
/opt/freesurfer/average/711-2B_as_mni_average_305_mask.4dfp.img
       256       256       256         1
  1.000000  1.000000  1.000000
orientation T byte_order littleendian
Reading mask: /opt/freesurfer/average/711-2B_as_mni_average_305_mask.4dfp.img (2306576 pixels)
talsrcimg_g11.4dfp.img
       256       256       256         1
  1.000000  1.000000  1.000000
orientation T byte_order littleendian
Reading image: talsrcimg_g11.4dfp.img
dimensions:      256       256       256
mmppix:       1.0000   -1.0000   -1.0000
center:     128.0000 -129.0000 -129.0000
rotation matrix determinant  1.000000
fimgreg.f
image alignment mode   1283 decimal      503 hex
parameters
    0.0000    0.0000    7.5000    0.0000    0.0000    0.0000
eta,q 0.93256  9.26836
niter,ni,del,rscale     5    3   12.0000    1.2000
parameter  3  0.724340 ->  0.500000 qaram    1.1500
parameters
   -1.2793    1.0903    4.0500   -2.2394   -1.2656   -0.6038
eta,q 0.93740  9.04005
  0.0739  0.0800  0.0627  0.0658  0.0655  0.0662
  0.0695  0.0737  0.0638  0.0634  0.0636  0.0637
  0.0672  0.0693  0.0656  0.0630  0.0627  0.0627
  0.0677  0.0668  0.0667  0.0646  0.0630  0.0627
  0.0710  0.0675  0.0677  0.0660  0.0643  0.0636
  0.0757  0.0696  0.0721  0.0685  0.0662  0.0653
  0.0817  0.0728  0.0807  0.0716  0.0684  0.0675
niter,ni,del,rscale     5    3   12.0000    1.2000
parameters
   -1.3062    1.9972    3.1290   -3.3495   -1.4734   -0.8309
eta,q 0.93942  9.03585
  0.0747  0.0742  0.0678  0.0658  0.0659  0.0655
  0.0676  0.0688  0.0632  0.0622  0.0631  0.0625
  0.0637  0.0647  0.0610  0.0605  0.0612  0.0608
  0.0626  0.0626  0.0623  0.0615  0.0607  0.0606
  0.0635  0.0627  0.0646  0.0637  0.0618  0.0616
  0.0680  0.0650  0.0660  0.0662  0.0639  0.0634
  0.0748  0.0690  0.0707  0.0691  0.0662  0.0658
niter,ni,del,rscale     4    3   12.0000    1.2000
parameters
   -1.2370    2.4596    3.0732   -3.8661   -1.6185   -0.9269
eta,q 0.94000  9.04943
  0.0739  0.0723  0.0697  0.0668  0.0659  0.0656
  0.0669  0.0673  0.0644  0.0631  0.0629  0.0624
  0.0624  0.0629  0.0605  0.0601  0.0608  0.0604
  0.0606  0.0606  0.0604  0.0603  0.0600  0.0600
  0.0615  0.0613  0.0631  0.0626  0.0613  0.0611
  0.0664  0.0648  0.0653  0.0653  0.0636  0.0630
  0.0736  0.0696  0.0686  0.0683  0.0661  0.0655
niter,ni,del,rscale     3    3   12.0000    1.2000
parameters
   -1.1605    2.7375    3.0040   -4.1830   -1.7030   -1.0057
eta,q 0.94033  9.05889
  0.0736  0.0719  0.0696  0.0672  0.0659  0.0655
  0.0666  0.0669  0.0644  0.0635  0.0628  0.0623
  0.0620  0.0624  0.0602  0.0600  0.0606  0.0602
  0.0600  0.0600  0.0599  0.0598  0.0597  0.0597
  0.0610  0.0612  0.0627  0.0621  0.0609  0.0608
  0.0660  0.0652  0.0652  0.0649  0.0634  0.0629
  0.0732  0.0704  0.0688  0.0680  0.0660  0.0654
niter,ni,del,rscale     2    3   12.0000    1.2000
parameters
   -1.1087    2.8972    2.9493   -4.3795   -1.7639   -1.0653
eta,q 0.94051  9.06485
  0.0732  0.0717  0.0696  0.0673  0.0659  0.0655
  0.0663  0.0667  0.0644  0.0638  0.0628  0.0623
  0.0617  0.0620  0.0600  0.0600  0.0605  0.0601
  0.0597  0.0597  0.0596  0.0596  0.0595  0.0595
  0.0608  0.0612  0.0625  0.0617  0.0608  0.0606
  0.0659  0.0654  0.0651  0.0646  0.0633  0.0628
  0.0731  0.0709  0.0688  0.0678  0.0659  0.0653
niter,ni,del,rscale     1    3   12.0000    1.2000
parameters
   -1.0629    2.9896    2.9189   -4.4966   -1.8087   -1.1082
eta,q 0.94062  9.06875
  0.0730  0.0715  0.0696  0.0675  0.0659  0.0655
  0.0661  0.0665  0.0645  0.0639  0.0628  0.0623
  0.0615  0.0618  0.0600  0.0601  0.0604  0.0600
  0.0595  0.0595  0.0595  0.0594  0.0594  0.0594
  0.0606  0.0612  0.0624  0.0615  0.0606  0.0605
  0.0658  0.0656  0.0650  0.0644  0.0632  0.0627
  0.0729  0.0712  0.0687  0.0676  0.0659  0.0653
registration optimization eta report
parameter search radius
    6.0000    6.0000    6.9000    6.0000    6.0000    6.0000
100000*second partial in parameter space
       37.       32.       20.       22.       17.       16.
  0.0730  0.0715  0.0696  0.0675  0.0659  0.0655
  0.0661  0.0665  0.0645  0.0639  0.0628  0.0623
  0.0615  0.0618  0.0600  0.0601  0.0604  0.0600
  0.0595  0.0595  0.0595  0.0594  0.0594  0.0594
  0.0606  0.0612  0.0624  0.0615  0.0606  0.0605
  0.0658  0.0656  0.0650  0.0644  0.0632  0.0627
  0.0729  0.0712  0.0687  0.0676  0.0659  0.0653
   -1.0629    2.9896    2.9189   -4.4966   -1.8087   -1.1082
eta,q 0.94062  9.06875

---------------------------------------------------------------------
imgreg_4dfp /opt/freesurfer/average/711-2C_as_mni_average_305 /opt/freesurfer/average/711-2B_as_mni_average_305_mask talsrcimg_g11 none talsrcimg_to_711-2C_as_mni_average_305_t4 3335
---------------------------------------------------------------------

freesurfer imgreg_4dfp.c
/opt/freesurfer/average/711-2C_as_mni_average_305.4dfp.img
       256       256       256         1
  1.000000  1.000000  1.000000
orientation T byte_order littleendian
Reading image: /opt/freesurfer/average/711-2C_as_mni_average_305.4dfp.img
dimensions:      256       256       256
mmppix:       1.0000   -1.0000   -1.0000
center:     128.0000 -129.0000 -129.0000
/opt/freesurfer/average/711-2B_as_mni_average_305_mask.4dfp.img
       256       256       256         1
  1.000000  1.000000  1.000000
orientation T byte_order littleendian
Reading mask: /opt/freesurfer/average/711-2B_as_mni_average_305_mask.4dfp.img (2306576 pixels)
talsrcimg_g11.4dfp.img
       256       256       256         1
  1.000000  1.000000  1.000000
orientation T byte_order littleendian
Reading image: talsrcimg_g11.4dfp.img
dimensions:      256       256       256
mmppix:       1.0000   -1.0000   -1.0000
center:     128.0000 -129.0000 -129.0000
fimgreg.f
image alignment mode   3335 decimal      D07 hex
parameters
   -1.0629    2.9896    2.9189   -0.0685   -0.3217   -0.3575
    1.6806    3.2976   -1.9330    7.7776   -3.1563   -7.8360
eta,q 0.93820  9.19172
niter,ni,del,rscale     5    3    5.0000    1.2000
parameter  4  1.657797 ->  0.500000 qaram    1.1500
parameter  5  3.177781 ->  0.500000 qaram    1.1500
parameter  6  2.334204 ->  0.500000 qaram    1.1500
parameters
   -0.7828    3.3967    3.8923   -4.2085   -4.4617   -4.4975
    1.5868    2.9211   -2.2573    4.2914   -3.4862   -8.7851
eta,q 0.95669  8.63049
  0.0642  0.0632  0.0637  0.0558  0.0473  0.0402  0.0464  0.0474  0.0460  0.0444  0.0448  0.0445
  0.0630  0.0624  0.0629  0.0569  0.0500  0.0431  0.0452  0.0456  0.0449  0.0435  0.0440  0.0437
  0.0622  0.0620  0.0622  0.0588  0.0535  0.0468  0.0444  0.0445  0.0443  0.0434  0.0435  0.0434
  0.0618  0.0618  0.0618  0.0615  0.0573  0.0509  0.0441  0.0441  0.0441  0.0441  0.0434  0.0434
  0.0619  0.0618  0.0615  0.0648  0.0614  0.0558  0.0444  0.0447  0.0444  0.0456  0.0436  0.0437
  0.0624  0.0620  0.0616  0.0684  0.0658  0.0614  0.0453  0.0461  0.0452  0.0474  0.0441  0.0443
  0.0633  0.0624  0.0620  0.0723  0.0710  0.0676  0.0465  0.0481  0.0464  0.0496  0.0450  0.0453
niter,ni,del,rscale     7    3    5.0000    1.2000
parameter  3  0.736234 ->  0.500000 qaram    1.1500
parameter  4  0.590043 ->  0.500000 qaram    1.3225
parameter  5  1.533802 ->  0.500000 qaram    1.3225
parameter  6  1.256106 ->  0.500000 qaram    1.3225
parameters
   -0.8644    3.4178    2.5123   -8.9695   -9.2227   -9.2585
    2.2774    2.9721   -2.3390    5.0324   -4.4355   -9.7923
eta,q 0.96916  8.13759
  0.0459  0.0454  0.0427  0.0418  0.0352  0.0298  0.0334  0.0347  0.0330  0.0342  0.0319  0.0317
  0.0444  0.0443  0.0426  0.0414  0.0367  0.0305  0.0322  0.0327  0.0319  0.0326  0.0312  0.0312
  0.0435  0.0436  0.0428  0.0416  0.0387  0.0329  0.0313  0.0314  0.0312  0.0315  0.0309  0.0309
  0.0433  0.0433  0.0433  0.0426  0.0414  0.0372  0.0309  0.0309  0.0309  0.0309  0.0309  0.0309
  0.0437  0.0435  0.0441  0.0448  0.0449  0.0425  0.0310  0.0313  0.0312  0.0310  0.0312  0.0311
  0.0447  0.0442  0.0452  0.0482  0.0493  0.0483  0.0316  0.0326  0.0320  0.0318  0.0318  0.0316
  0.0462  0.0453  0.0466  0.0524  0.0538  0.0546  0.0326  0.0346  0.0331  0.0332  0.0327  0.0324
niter,ni,del,rscale     7    3    5.0000    1.2000
parameter  3  0.608898 ->  0.500000 qaram    1.3225
parameter  5  0.649999 ->  0.500000 qaram    1.5209
parameter  6  0.564815 ->  0.500000 qaram    1.5209
parameters
   -0.5690    3.7496    0.9253   -8.1421  -14.6978  -14.7337
    2.1555    3.3680   -2.2797    7.4643   -4.8141   -9.7175
eta,q 0.97415  7.82942
  0.0342  0.0336  0.0303  0.0336  0.0281  0.0265  0.0284  0.0297  0.0284  0.0305  0.0269  0.0271
  0.0325  0.0322  0.0297  0.0320  0.0274  0.0262  0.0272  0.0279  0.0272  0.0285  0.0263  0.0264
  0.0314  0.0313  0.0298  0.0306  0.0279  0.0260  0.0264  0.0267  0.0264  0.0270  0.0259  0.0260
  0.0308  0.0308  0.0308  0.0296  0.0295  0.0274  0.0261  0.0261  0.0261  0.0261  0.0258  0.0258
  0.0309  0.0308  0.0322  0.0294  0.0318  0.0318  0.0264  0.0264  0.0264  0.0258  0.0260  0.0260
  0.0316  0.0314  0.0342  0.0304  0.0351  0.0379  0.0272  0.0274  0.0272  0.0261  0.0264  0.0264
  0.0329  0.0324  0.0365  0.0331  0.0397  0.0453  0.0285  0.0290  0.0283  0.0270  0.0271  0.0270
niter,ni,del,rscale     7    3    5.0000    1.2000
parameters
   -0.5024    4.4345    0.4803   -5.9288  -16.5195  -17.0535
    2.1207    3.3965   -2.3439    8.3112   -5.2654  -10.3742
eta,q 0.97479  7.74817
  0.0288  0.0300  0.0275  0.0297  0.0284  0.0285  0.0275  0.0285  0.0273  0.0283  0.0262  0.0262
  0.0272  0.0281  0.0263  0.0280  0.0266  0.0264  0.0263  0.0267  0.0261  0.0267  0.0256  0.0256
  0.0262  0.0267  0.0257  0.0267  0.0253  0.0253  0.0255  0.0255  0.0254  0.0256  0.0253  0.0253
  0.0258  0.0258  0.0256  0.0256  0.0251  0.0250  0.0252  0.0252  0.0252  0.0252  0.0252  0.0252
  0.0261  0.0256  0.0261  0.0250  0.0264  0.0254  0.0255  0.0256  0.0255  0.0254  0.0254  0.0255
  0.0270  0.0260  0.0273  0.0255  0.0285  0.0297  0.0263  0.0267  0.0262  0.0260  0.0258  0.0259
  0.0285  0.0270  0.0290  0.0275  0.0319  0.0364  0.0275  0.0284  0.0273  0.0270  0.0265  0.0265
niter,ni,del,rscale     6    3    5.0000    1.2000
parameters
   -0.4730    4.9188   -0.0307   -6.1362  -17.2520  -17.8849
    2.0438    3.3744   -2.2446    9.2659   -5.3816  -10.6861
eta,q 0.97488  7.68697
  0.0282  0.0286  0.0267  0.0281  0.0288  0.0294  0.0273  0.0283  0.0271  0.0281  0.0262  0.0262
  0.0266  0.0269  0.0257  0.0269  0.0271  0.0271  0.0261  0.0265  0.0260  0.0265  0.0256  0.0256
  0.0256  0.0258  0.0252  0.0258  0.0257  0.0255  0.0254  0.0254  0.0254  0.0255  0.0252  0.0252
  0.0252  0.0252  0.0251  0.0251  0.0251  0.0251  0.0251  0.0251  0.0251  0.0251  0.0251  0.0251
  0.0255  0.0252  0.0256  0.0250  0.0258  0.0249  0.0254  0.0256  0.0253  0.0253  0.0253  0.0253
  0.0265  0.0257  0.0267  0.0263  0.0276  0.0269  0.0262  0.0267  0.0260  0.0258  0.0256  0.0257
  0.0281  0.0267  0.0284  0.0293  0.0302  0.0325  0.0274  0.0282  0.0270  0.0267  0.0262  0.0263
niter,ni,del,rscale     5    3    5.0000    1.2000
parameters
   -0.4657    5.3046   -0.3181   -6.1450  -17.9159  -18.3681
    1.9975    3.3402   -2.2524   10.1223   -5.3386  -10.7266
eta,q 0.97496  7.64641
  0.0279  0.0281  0.0270  0.0280  0.0286  0.0295  0.0272  0.0282  0.0269  0.0278  0.0261  0.0262
  0.0264  0.0266  0.0259  0.0268  0.0269  0.0271  0.0260  0.0264  0.0259  0.0263  0.0255  0.0255
  0.0255  0.0256  0.0252  0.0258  0.0256  0.0255  0.0253  0.0253  0.0253  0.0254  0.0251  0.0252
  0.0251  0.0251  0.0251  0.0250  0.0250  0.0251  0.0250  0.0251  0.0250  0.0251  0.0250  0.0250
  0.0254  0.0251  0.0255  0.0249  0.0257  0.0250  0.0253  0.0255  0.0253  0.0252  0.0252  0.0252
  0.0264  0.0257  0.0264  0.0260  0.0274  0.0265  0.0260  0.0266  0.0259  0.0258  0.0255  0.0256
  0.0279  0.0267  0.0279  0.0288  0.0297  0.0317  0.0272  0.0281  0.0269  0.0266  0.0261  0.0262
niter,ni,del,rscale     4    3    5.0000    1.2000
parameters
   -0.4731    5.6219   -0.5567   -6.1500  -18.5421  -18.8322
    1.9757    3.3014   -2.3212   10.8298   -5.2282  -10.6851
eta,q 0.97500  7.60648
  0.0278  0.0279  0.0271  0.0278  0.0284  0.0294  0.0270  0.0281  0.0269  0.0276  0.0261  0.0262
  0.0263  0.0265  0.0259  0.0266  0.0268  0.0271  0.0259  0.0264  0.0258  0.0262  0.0255  0.0255
  0.0254  0.0255  0.0252  0.0257  0.0256  0.0254  0.0252  0.0253  0.0252  0.0254  0.0251  0.0251
  0.0250  0.0250  0.0250  0.0250  0.0250  0.0250  0.0250  0.0250  0.0250  0.0250  0.0250  0.0250
  0.0253  0.0251  0.0254  0.0248  0.0256  0.0251  0.0252  0.0255  0.0252  0.0252  0.0251  0.0252
  0.0263  0.0257  0.0264  0.0259  0.0272  0.0264  0.0259  0.0265  0.0259  0.0258  0.0255  0.0255
  0.0278  0.0267  0.0278  0.0286  0.0295  0.0314  0.0271  0.0280  0.0269  0.0266  0.0260  0.0261
niter,ni,del,rscale     3    3    5.0000    1.2000
parameters
   -0.4820    5.8944   -0.7611   -6.1882  -19.1042  -19.2425
    1.9652    3.2713   -2.3860   11.4227   -5.1299  -10.6336
eta,q 0.97502  7.56934
  0.0276  0.0277  0.0271  0.0276  0.0283  0.0294  0.0270  0.0280  0.0269  0.0275  0.0261  0.0261
  0.0262  0.0264  0.0259  0.0265  0.0267  0.0271  0.0259  0.0264  0.0258  0.0262  0.0255  0.0255
  0.0253  0.0254  0.0252  0.0256  0.0256  0.0254  0.0252  0.0253  0.0252  0.0253  0.0251  0.0251
  0.0250  0.0250  0.0250  0.0250  0.0250  0.0250  0.0250  0.0250  0.0250  0.0250  0.0250  0.0250
  0.0253  0.0251  0.0254  0.0248  0.0255  0.0252  0.0252  0.0254  0.0252  0.0252  0.0251  0.0251
  0.0262  0.0257  0.0263  0.0258  0.0271  0.0264  0.0259  0.0265  0.0259  0.0258  0.0255  0.0255
  0.0277  0.0267  0.0278  0.0285  0.0293  0.0312  0.0270  0.0280  0.0269  0.0267  0.0260  0.0261
niter,ni,del,rscale     2    3    5.0000    1.2000
parameters
   -0.4875    6.1254   -0.9294   -6.2350  -19.5752  -19.5870
    1.9446    3.2574   -2.4350   11.8992   -5.0655  -10.5921
eta,q 0.97501  7.53766
  0.0275  0.0276  0.0272  0.0275  0.0283  0.0294  0.0269  0.0280  0.0269  0.0274  0.0261  0.0261
  0.0261  0.0263  0.0260  0.0264  0.0267  0.0271  0.0259  0.0263  0.0258  0.0262  0.0255  0.0255
  0.0253  0.0254  0.0252  0.0256  0.0256  0.0255  0.0252  0.0253  0.0252  0.0253  0.0251  0.0251
  0.0250  0.0250  0.0250  0.0250  0.0250  0.0250  0.0250  0.0250  0.0250  0.0250  0.0250  0.0250
  0.0253  0.0251  0.0253  0.0248  0.0255  0.0252  0.0252  0.0254  0.0252  0.0252  0.0251  0.0251
  0.0261  0.0257  0.0263  0.0257  0.0270  0.0264  0.0259  0.0265  0.0259  0.0259  0.0255  0.0255
  0.0276  0.0268  0.0278  0.0283  0.0291  0.0310  0.0269  0.0279  0.0269  0.0268  0.0260  0.0261
niter,ni,del,rscale     1    3    5.0000    1.2000
parameters
   -0.4880    6.3092   -1.0638   -6.2777  -19.9306  -19.8527
    1.9256    3.2556   -2.4579   12.2678   -5.0394  -10.5657
eta,q 0.97500  7.51339
  0.0275  0.0275  0.0272  0.0274  0.0284  0.0294  0.0269  0.0280  0.0269  0.0274  0.0261  0.0261
  0.0261  0.0262  0.0260  0.0264  0.0267  0.0271  0.0259  0.0263  0.0259  0.0261  0.0255  0.0255
  0.0253  0.0253  0.0252  0.0256  0.0256  0.0255  0.0252  0.0253  0.0252  0.0253  0.0251  0.0251
  0.0250  0.0250  0.0250  0.0250  0.0250  0.0250  0.0250  0.0250  0.0250  0.0250  0.0250  0.0250
  0.0253  0.0251  0.0253  0.0248  0.0254  0.0253  0.0252  0.0254  0.0252  0.0252  0.0251  0.0252
  0.0261  0.0258  0.0263  0.0257  0.0269  0.0263  0.0259  0.0265  0.0259  0.0259  0.0255  0.0255
  0.0275  0.0268  0.0277  0.0282  0.0290  0.0308  0.0269  0.0279  0.0269  0.0269  0.0261  0.0261
registration optimization eta report
parameter search radius
    2.4000    2.4000    3.1740    9.5220   10.9503   10.9503
    7.2000    7.2000    7.2000    7.2000    7.2000    7.2000
100000*second partial in parameter space
       44.       38.       25.        3.        3.        4.
        4.        6.        4.        4.        2.        2.
  0.0275  0.0275  0.0272  0.0274  0.0284  0.0294  0.0269  0.0280  0.0269  0.0274  0.0261  0.0261
  0.0261  0.0262  0.0260  0.0264  0.0267  0.0271  0.0259  0.0263  0.0259  0.0261  0.0255  0.0255
  0.0253  0.0253  0.0252  0.0256  0.0256  0.0255  0.0252  0.0253  0.0252  0.0253  0.0251  0.0251
  0.0250  0.0250  0.0250  0.0250  0.0250  0.0250  0.0250  0.0250  0.0250  0.0250  0.0250  0.0250
  0.0253  0.0251  0.0253  0.0248  0.0254  0.0253  0.0252  0.0254  0.0252  0.0252  0.0251  0.0252
  0.0261  0.0258  0.0263  0.0257  0.0269  0.0263  0.0259  0.0265  0.0259  0.0259  0.0255  0.0255
  0.0275  0.0268  0.0277  0.0282  0.0290  0.0308  0.0269  0.0279  0.0269  0.0269  0.0261  0.0261
   -0.4880    6.3092   -1.0638   -6.2777  -19.9306  -19.8527
    1.9256    3.2556   -2.4579   12.2678   -5.0394  -10.5657
eta,q 0.97500  7.51339

---------------------------------------------------------------------
imgreg_4dfp /opt/freesurfer/average/711-2C_as_mni_average_305 /opt/freesurfer/average/711-2B_as_mni_average_305_mask talsrcimg_g11 none talsrcimg_to_711-2C_as_mni_average_305_t4 2311
---------------------------------------------------------------------

freesurfer imgreg_4dfp.c
/opt/freesurfer/average/711-2C_as_mni_average_305.4dfp.img
       256       256       256         1
  1.000000  1.000000  1.000000
orientation T byte_order littleendian
Reading image: /opt/freesurfer/average/711-2C_as_mni_average_305.4dfp.img
dimensions:      256       256       256
mmppix:       1.0000   -1.0000   -1.0000
center:     128.0000 -129.0000 -129.0000
/opt/freesurfer/average/711-2B_as_mni_average_305_mask.4dfp.img
       256       256       256         1
  1.000000  1.000000  1.000000
orientation T byte_order littleendian
Reading mask: /opt/freesurfer/average/711-2B_as_mni_average_305_mask.4dfp.img (2306576 pixels)
talsrcimg_g11.4dfp.img
       256       256       256         1
  1.000000  1.000000  1.000000
orientation T byte_order littleendian
Reading image: talsrcimg_g11.4dfp.img
dimensions:      256       256       256
mmppix:       1.0000   -1.0000   -1.0000
center:     128.0000 -129.0000 -129.0000
fimgreg.f
image alignment mode   2311 decimal      907 hex
parameters
   -0.4880    6.3092   -1.0638   -6.2777  -19.9306  -19.8527
    1.9256    3.2556   -2.4579   12.2678   -5.0394  -10.5657
eta,q 0.97500  7.51339
niter,ni,del,rscale     5    3    5.0000    0.8000
parameters
   -0.4783    6.4288   -1.1079   -4.0290  -19.5693  -18.4640
    2.0123    3.3145   -2.4710   12.5820   -5.1748  -11.0525
eta,q 0.97519  7.66109
  0.0261  0.0261  0.0256  0.0259  0.0258  0.0258  0.0258  0.0263  0.0258  0.0259  0.0253  0.0253
  0.0255  0.0255  0.0253  0.0256  0.0253  0.0252  0.0253  0.0254  0.0253  0.0253  0.0250  0.0250
  0.0251  0.0252  0.0251  0.0253  0.0250  0.0249  0.0250  0.0250  0.0249  0.0250  0.0249  0.0248
  0.0250  0.0250  0.0250  0.0250  0.0248  0.0248  0.0248  0.0248  0.0248  0.0248  0.0248  0.0248
  0.0251  0.0251  0.0251  0.0248  0.0248  0.0248  0.0249  0.0250  0.0250  0.0249  0.0249  0.0249
  0.0255  0.0253  0.0253  0.0248  0.0251  0.0249  0.0253  0.0254  0.0253  0.0252  0.0251  0.0252
  0.0261  0.0258  0.0257  0.0251  0.0256  0.0250  0.0258  0.0262  0.0258  0.0256  0.0254  0.0255
niter,ni,del,rscale     4    3    5.0000    0.7000
parameters
   -0.5553    6.3470   -1.0243   -4.2881  -19.1458  -17.9351
    2.1629    3.2729   -2.3932   12.5614   -5.0953  -11.1528
eta,q 0.97518  7.69246
  0.0257  0.0255  0.0253  0.0255  0.0257  0.0252  0.0256  0.0259  0.0256  0.0255  0.0252  0.0253
  0.0252  0.0251  0.0251  0.0252  0.0253  0.0249  0.0252  0.0253  0.0252  0.0251  0.0250  0.0250
  0.0249  0.0249  0.0249  0.0249  0.0250  0.0248  0.0249  0.0249  0.0249  0.0249  0.0249  0.0249
  0.0248  0.0248  0.0248  0.0248  0.0248  0.0248  0.0248  0.0248  0.0248  0.0248  0.0248  0.0248
  0.0250  0.0249  0.0248  0.0249  0.0248  0.0248  0.0249  0.0250  0.0249  0.0249  0.0249  0.0249
  0.0253  0.0252  0.0250  0.0252  0.0250  0.0248  0.0251  0.0253  0.0251  0.0251  0.0250  0.0250
  0.0259  0.0257  0.0252  0.0258  0.0254  0.0250  0.0255  0.0259  0.0255  0.0255  0.0252  0.0253
niter,ni,del,rscale     3    3    5.0000    0.6000
parameters
   -0.5674    6.2453   -0.9417   -4.1233  -18.8850  -17.4587
    2.2038    3.3103   -2.4103   12.4973   -4.9776  -11.1586
eta,q 0.97520  7.72771
  0.0255  0.0253  0.0252  0.0254  0.0254  0.0250  0.0254  0.0256  0.0253  0.0253  0.0251  0.0251
  0.0251  0.0250  0.0250  0.0252  0.0252  0.0248  0.0251  0.0252  0.0250  0.0250  0.0249  0.0249
  0.0249  0.0249  0.0249  0.0249  0.0249  0.0248  0.0249  0.0249  0.0249  0.0248  0.0248  0.0248
  0.0248  0.0248  0.0248  0.0248  0.0248  0.0248  0.0248  0.0248  0.0248  0.0248  0.0248  0.0248
  0.0249  0.0249  0.0248  0.0248  0.0248  0.0248  0.0249  0.0249  0.0249  0.0249  0.0248  0.0248
  0.0252  0.0251  0.0249  0.0250  0.0250  0.0247  0.0251  0.0251  0.0250  0.0250  0.0249  0.0250
  0.0256  0.0255  0.0251  0.0254  0.0253  0.0249  0.0254  0.0256  0.0253  0.0253  0.0251  0.0251
niter,ni,del,rscale     2    3    5.0000    0.5000
parameters
   -0.5923    6.1365   -0.9193   -3.9126  -18.6244  -16.4563
    2.2804    3.3799   -2.4126   12.6262   -4.8303  -11.2387
eta,q 0.97527  7.78770
  0.0253  0.0251  0.0250  0.0253  0.0253  0.0248  0.0252  0.0254  0.0251  0.0251  0.0250  0.0250
  0.0250  0.0249  0.0249  0.0251  0.0250  0.0248  0.0249  0.0250  0.0249  0.0249  0.0248  0.0248
  0.0248  0.0248  0.0248  0.0249  0.0249  0.0248  0.0248  0.0248  0.0248  0.0248  0.0248  0.0247
  0.0248  0.0248  0.0248  0.0248  0.0248  0.0248  0.0247  0.0247  0.0247  0.0247  0.0247  0.0247
  0.0249  0.0249  0.0248  0.0248  0.0248  0.0247  0.0248  0.0248  0.0248  0.0248  0.0248  0.0248
  0.0250  0.0250  0.0249  0.0249  0.0249  0.0247  0.0249  0.0250  0.0249  0.0249  0.0248  0.0248
  0.0253  0.0253  0.0250  0.0252  0.0252  0.0248  0.0251  0.0253  0.0251  0.0250  0.0249  0.0250
niter,ni,del,rscale     1    3    5.0000    0.4000
parameters
   -0.6370    6.0134   -0.9187   -3.7041  -18.2857  -16.2262
    2.3465    3.4062   -2.4443   12.4441   -4.7246  -11.2674
eta,q 0.97531  7.81629
  0.0250  0.0249  0.0249  0.0251  0.0251  0.0248  0.0250  0.0251  0.0249  0.0249  0.0249  0.0248
  0.0249  0.0248  0.0248  0.0249  0.0249  0.0248  0.0248  0.0249  0.0248  0.0248  0.0248  0.0248
  0.0248  0.0247  0.0247  0.0248  0.0248  0.0248  0.0247  0.0247  0.0247  0.0247  0.0247  0.0247
  0.0247  0.0247  0.0247  0.0247  0.0247  0.0247  0.0247  0.0247  0.0247  0.0247  0.0247  0.0247
  0.0248  0.0248  0.0247  0.0247  0.0247  0.0247  0.0247  0.0247  0.0247  0.0247  0.0247  0.0247
  0.0249  0.0249  0.0248  0.0248  0.0248  0.0247  0.0248  0.0249  0.0248  0.0248  0.0247  0.0248
  0.0251  0.0251  0.0249  0.0250  0.0249  0.0248  0.0250  0.0251  0.0249  0.0249  0.0248  0.0248
registration optimization eta report
parameter search radius
    0.8000    0.8000    0.8000    2.4000    2.4000    2.4000
    2.4000    2.4000    2.4000    2.4000    2.4000    2.4000
100000*second partial in parameter space
       54.       42.       27.        5.        5.        2.
        5.        7.        4.        4.        3.        3.
  0.0250  0.0249  0.0249  0.0251  0.0251  0.0248  0.0250  0.0251  0.0249  0.0249  0.0249  0.0248
  0.0249  0.0248  0.0248  0.0249  0.0249  0.0248  0.0248  0.0249  0.0248  0.0248  0.0248  0.0248
  0.0248  0.0247  0.0247  0.0248  0.0248  0.0248  0.0247  0.0247  0.0247  0.0247  0.0247  0.0247
  0.0247  0.0247  0.0247  0.0247  0.0247  0.0247  0.0247  0.0247  0.0247  0.0247  0.0247  0.0247
  0.0248  0.0248  0.0247  0.0247  0.0247  0.0247  0.0247  0.0247  0.0247  0.0247  0.0247  0.0247
  0.0249  0.0249  0.0248  0.0248  0.0248  0.0247  0.0248  0.0249  0.0248  0.0248  0.0247  0.0248
  0.0251  0.0251  0.0249  0.0250  0.0249  0.0248  0.0250  0.0251  0.0249  0.0249  0.0248  0.0248
   -0.6370    6.0134   -0.9187   -3.7041  -18.2857  -16.2262
    2.3465    3.4062   -2.4443   12.4441   -4.7246  -11.2674
eta,q 0.97531  7.81629

---------------------------------------------------------------------
imgreg_4dfp /opt/freesurfer/average/711-2C_as_mni_average_305 /opt/freesurfer/average/711-2B_as_mni_average_305_mask talsrcimg_g11 none talsrcimg_to_711-2C_as_mni_average_305_t4 2311
---------------------------------------------------------------------

freesurfer imgreg_4dfp.c
/opt/freesurfer/average/711-2C_as_mni_average_305.4dfp.img
       256       256       256         1
  1.000000  1.000000  1.000000
orientation T byte_order littleendian
Reading image: /opt/freesurfer/average/711-2C_as_mni_average_305.4dfp.img
dimensions:      256       256       256
mmppix:       1.0000   -1.0000   -1.0000
center:     128.0000 -129.0000 -129.0000
/opt/freesurfer/average/711-2B_as_mni_average_305_mask.4dfp.img
       256       256       256         1
  1.000000  1.000000  1.000000
orientation T byte_order littleendian
Reading mask: /opt/freesurfer/average/711-2B_as_mni_average_305_mask.4dfp.img (2306576 pixels)
talsrcimg_g11.4dfp.img
       256       256       256         1
  1.000000  1.000000  1.000000
orientation T byte_order littleendian
Reading image: talsrcimg_g11.4dfp.img
dimensions:      256       256       256
mmppix:       1.0000   -1.0000   -1.0000
center:     128.0000 -129.0000 -129.0000
fimgreg.f
image alignment mode   2311 decimal      907 hex
parameters
   -0.6370    6.0134   -0.9187   -3.7041  -18.2857  -16.2262
    2.3465    3.4062   -2.4443   12.4441   -4.7246  -11.2674
eta,q 0.97531  7.81629
niter,ni,del,rscale     5    3    5.0000    0.8000
parameters
   -0.6625    5.9119   -0.9093   -4.1877  -18.2427  -17.4644
    2.3356    3.3183   -2.4803   11.9417   -4.7804  -11.0655
eta,q 0.97523  7.74916
  0.0261  0.0256  0.0254  0.0256  0.0257  0.0250  0.0258  0.0262  0.0257  0.0255  0.0253  0.0254
  0.0253  0.0251  0.0250  0.0252  0.0253  0.0248  0.0253  0.0254  0.0252  0.0250  0.0250  0.0251
  0.0248  0.0248  0.0248  0.0249  0.0249  0.0248  0.0249  0.0249  0.0249  0.0248  0.0248  0.0249
  0.0247  0.0247  0.0247  0.0247  0.0247  0.0247  0.0248  0.0248  0.0248  0.0248  0.0248  0.0248
  0.0249  0.0249  0.0248  0.0248  0.0248  0.0247  0.0249  0.0250  0.0249  0.0250  0.0248  0.0248
  0.0254  0.0253  0.0250  0.0254  0.0252  0.0252  0.0253  0.0255  0.0252  0.0253  0.0250  0.0250
  0.0261  0.0259  0.0254  0.0264  0.0257  0.0265  0.0258  0.0263  0.0257  0.0258  0.0253  0.0253
niter,ni,del,rscale     4    3    5.0000    0.7000
parameters
   -0.6147    5.9509   -0.8588   -4.1694  -18.4139  -17.3909
    2.2730    3.3043   -2.5112   11.9808   -4.8424  -11.0713
eta,q 0.97524  7.74568
  0.0259  0.0256  0.0253  0.0256  0.0255  0.0250  0.0256  0.0259  0.0255  0.0255  0.0252  0.0252
  0.0253  0.0252  0.0250  0.0252  0.0251  0.0248  0.0251  0.0252  0.0251  0.0250  0.0249  0.0250
  0.0249  0.0249  0.0248  0.0249  0.0249  0.0248  0.0249  0.0249  0.0248  0.0248  0.0248  0.0248
  0.0248  0.0248  0.0248  0.0248  0.0248  0.0248  0.0248  0.0248  0.0248  0.0248  0.0248  0.0248
  0.0249  0.0248  0.0248  0.0248  0.0249  0.0247  0.0249  0.0249  0.0249  0.0248  0.0248  0.0248
  0.0252  0.0251  0.0250  0.0251  0.0252  0.0247  0.0252  0.0253  0.0251  0.0251  0.0250  0.0250
  0.0257  0.0255  0.0252  0.0257  0.0257  0.0251  0.0256  0.0259  0.0255  0.0254  0.0252  0.0252
niter,ni,del,rscale     3    3    5.0000    0.6000
parameters
   -0.6036    5.9715   -0.8446   -4.0162  -18.4117  -17.0694
    2.2915    3.3271   -2.4943   12.1075   -4.8200  -11.0943
eta,q 0.97525  7.76465
  0.0255  0.0254  0.0251  0.0254  0.0254  0.0249  0.0254  0.0256  0.0253  0.0253  0.0251  0.0251
  0.0251  0.0251  0.0249  0.0251  0.0251  0.0248  0.0250  0.0251  0.0250  0.0250  0.0249  0.0249
  0.0249  0.0248  0.0248  0.0249  0.0249  0.0248  0.0248  0.0248  0.0248  0.0248  0.0248  0.0248
  0.0248  0.0248  0.0248  0.0248  0.0248  0.0248  0.0248  0.0247  0.0247  0.0248  0.0247  0.0247
  0.0248  0.0248  0.0248  0.0248  0.0248  0.0247  0.0248  0.0248  0.0248  0.0248  0.0248  0.0248
  0.0251  0.0250  0.0249  0.0250  0.0250  0.0247  0.0250  0.0251  0.0250  0.0249  0.0249  0.0249
  0.0255  0.0254  0.0251  0.0254  0.0254  0.0249  0.0254  0.0256  0.0253  0.0252  0.0250  0.0251
niter,ni,del,rscale     2    3    5.0000    0.5000
parameters
   -0.6200    5.9545   -0.8663   -3.8500  -18.3101  -16.3721
    2.3369    3.3806   -2.4804   12.3003   -4.7183  -11.1999
eta,q 0.97530  7.80440
  0.0253  0.0252  0.0250  0.0252  0.0252  0.0248  0.0252  0.0254  0.0251  0.0251  0.0250  0.0249
  0.0250  0.0249  0.0249  0.0250  0.0250  0.0248  0.0249  0.0250  0.0249  0.0249  0.0248  0.0248
  0.0248  0.0248  0.0248  0.0248  0.0248  0.0248  0.0248  0.0248  0.0247  0.0248  0.0247  0.0247
  0.0248  0.0248  0.0247  0.0248  0.0247  0.0247  0.0247  0.0247  0.0247  0.0247  0.0247  0.0247
  0.0248  0.0248  0.0248  0.0248  0.0248  0.0247  0.0247  0.0248  0.0247  0.0247  0.0247  0.0247
  0.0250  0.0250  0.0249  0.0249  0.0249  0.0247  0.0249  0.0250  0.0249  0.0248  0.0248  0.0248
  0.0253  0.0252  0.0250  0.0252  0.0252  0.0248  0.0251  0.0253  0.0251  0.0250  0.0249  0.0250
niter,ni,del,rscale     1    3    5.0000    0.4000
parameters
   -0.6527    5.9006   -0.8728   -3.6933  -18.1317  -16.0218
    2.3813    3.3853   -2.4831   12.2298   -4.6805  -11.2737
eta,q 0.97533  7.83003
  0.0250  0.0249  0.0249  0.0251  0.0250  0.0248  0.0250  0.0251  0.0249  0.0249  0.0248  0.0248
  0.0248  0.0248  0.0248  0.0249  0.0249  0.0248  0.0248  0.0249  0.0248  0.0248  0.0247  0.0247
  0.0247  0.0247  0.0247  0.0248  0.0247  0.0248  0.0247  0.0247  0.0247  0.0247  0.0247  0.0247
  0.0247  0.0247  0.0247  0.0247  0.0247  0.0247  0.0247  0.0247  0.0247  0.0247  0.0247  0.0247
  0.0248  0.0247  0.0247  0.0247  0.0247  0.0246  0.0247  0.0247  0.0247  0.0247  0.0247  0.0247
  0.0249  0.0248  0.0248  0.0248  0.0248  0.0247  0.0248  0.0249  0.0248  0.0248  0.0247  0.0247
  0.0251  0.0250  0.0249  0.0250  0.0250  0.0248  0.0249  0.0251  0.0249  0.0249  0.0248  0.0248
registration optimization eta report
parameter search radius
    0.8000    0.8000    0.8000    2.4000    2.4000    2.4000
    2.4000    2.4000    2.4000    2.4000    2.4000    2.4000
100000*second partial in parameter space
       55.       43.       27.        6.        5.        2.
        5.        7.        4.        4.        3.        3.
  0.0250  0.0249  0.0249  0.0251  0.0250  0.0248  0.0250  0.0251  0.0249  0.0249  0.0248  0.0248
  0.0248  0.0248  0.0248  0.0249  0.0249  0.0248  0.0248  0.0249  0.0248  0.0248  0.0247  0.0247
  0.0247  0.0247  0.0247  0.0248  0.0247  0.0248  0.0247  0.0247  0.0247  0.0247  0.0247  0.0247
  0.0247  0.0247  0.0247  0.0247  0.0247  0.0247  0.0247  0.0247  0.0247  0.0247  0.0247  0.0247
  0.0248  0.0247  0.0247  0.0247  0.0247  0.0246  0.0247  0.0247  0.0247  0.0247  0.0247  0.0247
  0.0249  0.0248  0.0248  0.0248  0.0248  0.0247  0.0248  0.0249  0.0248  0.0248  0.0247  0.0247
  0.0251  0.0250  0.0249  0.0250  0.0250  0.0248  0.0249  0.0251  0.0249  0.0249  0.0248  0.0248
   -0.6527    5.9006   -0.8728   -3.6933  -18.1317  -16.0218
    2.3813    3.3853   -2.4831   12.2298   -4.6805  -11.2737
eta,q 0.97533  7.83003

---------------------------------------------------------------------
compute_vox2vox talsrcimg talsrcimg_to_711-2C_as_mni_average_305_t4 /opt/freesurfer/average/711-2C_as_mni_average_305
---------------------------------------------------------------------

freesurfer compute_vox2vox.c
Reading: talsrcimg.4dfp.ifh
Reading: talsrcimg_to_711-2C_as_mni_average_305_t4
Reading: /opt/freesurfer/average/711-2C_as_mni_average_305.4dfp.ifh
Writing: talsrcimg_to_711-2C_as_mni_average_305_t4_vox2vox.txt

start time Fri Mar 13 01:35:47 CET 2026
end		time Fri Mar 13 01:37:19 CET 2026

mpr2mni305 success

avi2talxfm orig_nu.mgz /opt/freesurfer/average/mni305.cor.mgz talsrcimg_to_711-2C_as_mni_average_305_t4_vox2vox.txt transforms/talairach.auto.xfm
avi2talxfm done
mv -f /out/sourcedata/freesurfer/sub-v2s3x28813_ses-1/mri/talsrcimg_to_711-2C_as_mni_average_305_t4_vox2vox.txt /out/sourcedata/freesurfer/sub-v2s3x28813_ses-1/mri/transforms/talsrcimg_to_711-2C_as_mni_average_305_t4_vox2vox.txt
lta_convert --src orig_nu.mgz --trg /opt/freesurfer/average/mni305.cor.mgz --inxfm transforms/talairach.auto.xfm --outlta transforms/talairach.auto.xfm.lta --subject fsaverage
7.3.2

--src: orig_nu.mgz src image (geometry).
--trg: /opt/freesurfer/average/mni305.cor.mgz trg image (geometry).
--inmni: transforms/talairach.auto.xfm input MNI/XFM transform.
--outlta: transforms/talairach.auto.xfm.lta output LTA.
--s: fsaverage subject name
 LTA read, type : 1
 1.03566  -0.03663  -0.03517   2.45351;
 0.06072   1.16523   0.15869  -47.35652;
 0.02234  -0.17518   1.19670  -12.67638;
 0.00000   0.00000   0.00000   1.00000;
setting subject to fsaverage
Writing  LTA to file transforms/talairach.auto.xfm.lta...
lta_convert successful.
 
 
Started at Fri Mar 13 01:35:47 CET 2026
Ended   at Fri Mar 13 01:37:19 CET 2026
talairach_avi done
