status file for recon-all
Fri Mar 13 01:05:07 CET 2026
#@# MotionCor Fri Mar 13 01:05:09 CET 2026
#@# Talairach Fri Mar 13 01:05:17 CET 2026
#@# Talairach Failure Detection Fri Mar 13 01:09:40 CET 2026
#@# Nu Intensity Correction Fri Mar 13 01:09:40 CET 2026
#@# Intensity Normalization Fri Mar 13 01:12:54 CET 2026
recon-all -s sub-v2s3x28806_ses-1 finished without error at Fri Mar 13 01:14:17 CET 2026



#New# invocation of recon-all 



status file for recon-all
Fri Mar 13 01:22:07 CET 2026
#@# EM Registration Fri Mar 13 01:22:07 CET 2026
recon-all -s sub-v2s3x28806_ses-1 finished without error at Fri Mar 13 01:24:12 CET 2026



#New# invocation of recon-all 



status file for recon-all
Fri Mar 13 01:24:16 CET 2026
#@# CA Normalize Fri Mar 13 01:24:16 CET 2026
#@# CA Reg Fri Mar 13 01:25:35 CET 2026
#@# SubCort Seg Fri Mar 13 02:17:07 CET 2026
#@# CC Seg Fri Mar 13 02:46:19 CET 2026
#@# Merge ASeg Fri Mar 13 02:46:56 CET 2026
#@# Intensity Normalization2 Fri Mar 13 02:46:56 CET 2026
#@# Mask BFS Fri Mar 13 02:49:04 CET 2026
#@# WM Segmentation Fri Mar 13 02:49:05 CET 2026
#@# Fill Fri Mar 13 02:51:03 CET 2026
recon-all -s sub-v2s3x28806_ses-1 finished without error at Fri Mar 13 02:52:06 CET 2026



#New# invocation of recon-all 



status file for recon-all
Fri Mar 13 03:39:45 CET 2026
#@# white curv lh Fri Mar 13 03:39:45 CET 2026
#@# white area lh Fri Mar 13 03:39:45 CET 2026
#@# pial curv lh Fri Mar 13 03:39:45 CET 2026
#@# pial area lh Fri Mar 13 03:39:45 CET 2026
#@# thickness lh Fri Mar 13 03:39:45 CET 2026
#@# area and vertex vol lh Fri Mar 13 03:39:45 CET 2026
#@# white curv rh Fri Mar 13 03:39:45 CET 2026
#@# white area rh Fri Mar 13 03:39:45 CET 2026
#@# pial curv rh Fri Mar 13 03:39:45 CET 2026
#@# pial area rh Fri Mar 13 03:39:45 CET 2026
#@# thickness rh Fri Mar 13 03:39:45 CET 2026
#@# area and vertex vol rh Fri Mar 13 03:39:45 CET 2026
#@# Cortical ribbon mask Fri Mar 13 03:39:45 CET 2026
recon-all -s sub-v2s3x28806_ses-1 finished without error at Fri Mar 13 03:47:05 CET 2026



#New# invocation of recon-all 



status file for recon-all
Fri Mar 13 03:54:43 CET 2026
#@# white curv lh Fri Mar 13 03:54:43 CET 2026
#@# white area lh Fri Mar 13 03:54:43 CET 2026
#@# pial curv lh Fri Mar 13 03:54:43 CET 2026
#@# pial area lh Fri Mar 13 03:54:43 CET 2026
#@# thickness lh Fri Mar 13 03:54:43 CET 2026
#@# area and vertex vol lh Fri Mar 13 03:54:43 CET 2026
#@# white curv rh Fri Mar 13 03:54:43 CET 2026
#@# white area rh Fri Mar 13 03:54:43 CET 2026
#@# pial curv rh Fri Mar 13 03:54:43 CET 2026
#@# pial area rh Fri Mar 13 03:54:43 CET 2026
#@# thickness rh Fri Mar 13 03:54:43 CET 2026
#@# area and vertex vol rh Fri Mar 13 03:54:43 CET 2026
#@# Curvature Stats lh Fri Mar 13 03:54:43 CET 2026
#@# Curvature Stats rh Fri Mar 13 03:54:46 CET 2026
#@# Relabel Hypointensities Fri Mar 13 03:54:49 CET 2026
#@# APas-to-ASeg Fri Mar 13 03:55:06 CET 2026
#@# AParc-to-ASeg aparc Fri Mar 13 03:55:15 CET 2026
#@# AParc-to-ASeg aparc.a2009s Fri Mar 13 03:56:11 CET 2026
#@# AParc-to-ASeg aparc.DKTatlas Fri Mar 13 03:57:03 CET 2026
#@# WMParc Fri Mar 13 03:57:56 CET 2026
#@# ASeg Stats Fri Mar 13 04:01:35 CET 2026
recon-all -s sub-v2s3x28806_ses-1 finished without error at Fri Mar 13 04:02:14 CET 2026
