/out/sourcedata/freesurfer/sub-v2s3x28803_ses-1/mri
/opt/freesurfer/bin/talairach_avi
--i orig_nu.mgz --xfm transforms/talairach.auto.xfm
talairach_avi 7.3.2
Linux dna010 5.14.0-427.37.1.el9_4.x86_64 #1 SMP PREEMPT_DYNAMIC Fri Sep 13 12:41:50 EDT 2024 x86_64 x86_64 x86_64 GNU/Linux
Fri Mar 13 01:00:26 CET 2026
mri_convert orig_nu.mgz talsrcimg.img 
reading from orig_nu.mgz...
TR=0.00, TE=0.00, TI=0.00, flip angle=0.00
i_ras = (-1, 0, 0)
j_ras = (0, 0, -1)
k_ras = (0, 1, 0)
writing to talsrcimg.img...
Analyze Output Matrix
-1.00000   0.00000   0.00000   128.54842;
 0.00000   0.00000   1.00000  -98.28485;
 0.00000  -1.00000   0.00000   121.85165;
 0.00000   0.00000   0.00000   1.00000;
--------------------
INFO: set hdr.hist.orient to -1
mpr2mni305 talsrcimg
Fri Mar 13 01:00:27 CET 2026
/opt/freesurfer/bin/mpr2mni305 talsrcimg
mpr2mni305 7.3.2
target=711-2C_as_mni_average_305

---------------------------------------------------------------------
analyzeto4dfp talsrcimg -O0 -y
---------------------------------------------------------------------

freesurfer ifh2hdr.c
Fri Mar 13 01:00:27 2026
Writing: talsrcimg.4dfp.hdr
freesurfer analyzeto4dfp.c
Reading: talsrcimg.hdr
header size 348 bytes
hdr.dime.datatype	offset=70	value=2
hdr.dime.bitpix		offset=72	value=8
hdr.hist.orient		offset=252	value=-1
dimensionality     4
dimensions       256       256       256         1
Reading: talsrcimg.img
Writing: talsrcimg.4dfp.img
Writing: talsrcimg.4dfp.ifh
ifh2hdr talsrcimg -r0to239
ori=2

---------------------------------------------------------------------
gauss_4dfp talsrcimg 1.1
---------------------------------------------------------------------

freesurfer gauss_4dfp.c
Reading: talsrcimg.4dfp.img
Writing: talsrcimg_g11.4dfp.img
image dimensions 256 256 256 padded to 288 288 288
processing volume 1freesurfer ifh2hdr.c
Fri Mar 13 01:00:29 2026
Writing: talsrcimg_g11.4dfp.hdr

Writing: talsrcimg_g11.4dfp.ifh
including: talsrcimg.4dfp.img.rec in talsrcimg_g11.4dfp.img.rec

---------------------------------------------------------------------
imgreg_4dfp /opt/freesurfer/average/711-2C_as_mni_average_305 none talsrcimg_g11 none talsrcimg_to_711-2C_as_mni_average_305_t4 4355
---------------------------------------------------------------------

freesurfer imgreg_4dfp.c
/opt/freesurfer/average/711-2C_as_mni_average_305.4dfp.img
       256       256       256         1
  1.000000  1.000000  1.000000
orientation T byte_order littleendian
Reading image: /opt/freesurfer/average/711-2C_as_mni_average_305.4dfp.img
dimensions:      256       256       256
mmppix:       1.0000   -1.0000   -1.0000
center:     128.0000 -129.0000 -129.0000
talsrcimg_g11.4dfp.img
       256       256       256         1
  1.000000  1.000000  1.000000
orientation T byte_order littleendian
Reading image: talsrcimg_g11.4dfp.img
dimensions:      256       256       256
mmppix:       1.0000   -1.0000   -1.0000
center:     128.0000 -129.0000 -129.0000
t4_read: open error in t4_sub.f l:  41 t4_file(1:l)talsrcimg_to_711-2C_as_mni_average_305_t4 
t4_read: transform initialized to I4
rotation matrix determinant  1.000000
image alignment mode   4355 decimal     1103 hex
   -7.5000  -45.0000  -45.0000 6254.2622   15.1440
    0.0000  -45.0000  -45.0000 6532.0176   15.0956
    7.5000  -45.0000  -45.0000 6293.5210   15.0803
   -7.5000  -37.5000  -45.0000 6883.9941   14.9043
    0.0000  -37.5000  -45.0000 7180.2129   14.8496
    7.5000  -37.5000  -45.0000 6911.6260   14.8379
   -7.5000  -30.0000  -45.0000 7818.3696   14.7860
    0.0000  -30.0000  -45.0000 8159.7656   14.7308
    7.5000  -30.0000  -45.0000 7825.2842   14.7146
   -7.5000  -22.5000  -45.0000 8775.9912   14.7247
    0.0000  -22.5000  -45.0000 9181.4795   14.6750
    7.5000  -22.5000  -45.0000 8797.2578   14.6511
   -7.5000  -15.0000  -45.0000 9716.7832   14.7144
    0.0000  -15.0000  -45.000010168.8984   14.6716
    7.5000  -15.0000  -45.0000 9752.0908   14.6448
   -7.5000   -7.5000  -45.000010544.4307   14.7418
    0.0000   -7.5000  -45.000011043.2002   14.7013
    7.5000   -7.5000  -45.000010584.6357   14.6802
   -7.5000    0.0000  -45.000011271.8887   14.7621
    0.0000    0.0000  -45.000011802.1436   14.7162
    7.5000    0.0000  -45.000011309.6738   14.7031
   -7.5000    7.5000  -45.000011111.8643   14.7492
    0.0000    7.5000  -45.000011668.3701   14.6961
    7.5000    7.5000  -45.000011177.7324   14.6855
   -7.5000   15.0000  -45.000010898.6221   14.7164
    0.0000   15.0000  -45.000011430.1299   14.6622
    7.5000   15.0000  -45.000010955.6650   14.6469
   -7.5000   22.5000  -45.000010629.1875   14.6986
    0.0000   22.5000  -45.000011133.6777   14.6493
    7.5000   22.5000  -45.000010662.1191   14.6258
   -7.5000   30.0000  -45.000010319.1846   14.5170
    0.0000   30.0000  -45.000010793.3945   14.4749
    7.5000   30.0000  -45.000010351.1221   14.4485
   -7.5000   37.5000  -45.000010227.1885   14.5453
    0.0000   37.5000  -45.000010671.9160   14.5054
    7.5000   37.5000  -45.000010261.7900   14.4846
   -7.5000   45.0000  -45.0000 9593.9805   14.1956
    0.0000   45.0000  -45.000010009.5029   14.1514
    7.5000   45.0000  -45.0000 9604.3643   14.1388
   -7.5000  -45.0000  -37.5000 6682.3208   15.0929
    0.0000  -45.0000  -37.5000 6977.3652   15.0486
    7.5000  -45.0000  -37.5000 6723.4736   15.0371
   -7.5000  -37.5000  -37.5000 7350.6201   14.8536
    0.0000  -37.5000  -37.5000 7696.7959   14.8010
    7.5000  -37.5000  -37.5000 7394.1294   14.7910
   -7.5000  -30.0000  -37.5000 8373.1250   14.7338
    0.0000  -30.0000  -37.5000 8771.4697   14.6781
    7.5000  -30.0000  -37.5000 8401.4805   14.6612
   -7.5000  -22.5000  -37.5000 9417.3994   14.6691
    0.0000  -22.5000  -37.5000 9871.8193   14.6177
    7.5000  -22.5000  -37.5000 9446.6729   14.5939
   -7.5000  -15.0000  -37.500010384.5137   14.6575
    0.0000  -15.0000  -37.500010887.2598   14.6140
    7.5000  -15.0000  -37.500010430.3398   14.5891
   -7.5000   -7.5000  -37.500011237.4053   14.6866
    0.0000   -7.5000  -37.500011812.0352   14.6484
    7.5000   -7.5000  -37.500011299.3486   14.6307
   -7.5000    0.0000  -37.500011987.3740   14.7092
    0.0000    0.0000  -37.500012592.5977   14.6673
    7.5000    0.0000  -37.500012052.2070   14.6577
   -7.5000    7.5000  -37.500011808.5293   14.6974
    0.0000    7.5000  -37.500012422.3584   14.6466
    7.5000    7.5000  -37.500011882.7666   14.6375
   -7.5000   15.0000  -37.500011563.5986   14.6640
    0.0000   15.0000  -37.500012145.0586   14.6092
    7.5000   15.0000  -37.500011612.8994   14.5933
   -7.5000   22.5000  -37.500011256.9033   14.6431
    0.0000   22.5000  -37.500011800.2705   14.5922
    7.5000   22.5000  -37.500011280.2939   14.5688
   -7.5000   30.0000  -37.500010925.0693   14.4608
    0.0000   30.0000  -37.500011438.7949   14.4180
    7.5000   30.0000  -37.500010950.3311   14.3936
   -7.5000   37.5000  -37.500010801.1143   14.4909
    0.0000   37.5000  -37.500011297.2129   14.4531
    7.5000   37.5000  -37.500010831.5918   14.4357
   -7.5000   45.0000  -37.500010119.7695   14.1447
    0.0000   45.0000  -37.500010555.3037   14.1044
    7.5000   45.0000  -37.500010092.7100   14.0951
   -7.5000  -45.0000  -30.0000 7244.2915   15.6979
    0.0000  -45.0000  -30.0000 7583.7549   15.6581
    7.5000  -45.0000  -30.0000 7274.2012   15.6454
   -7.5000  -37.5000  -30.0000 7978.2397   15.4486
    0.0000  -37.5000  -30.0000 8357.7930   15.4007
    7.5000  -37.5000  -30.0000 8011.9258   15.3882
   -7.5000  -30.0000  -30.0000 9083.8398   15.3223
    0.0000  -30.0000  -30.0000 9525.1895   15.2726
    7.5000  -30.0000  -30.0000 9118.8574   15.2542
   -7.5000  -22.5000  -30.000010184.6895   15.2518
    0.0000  -22.5000  -30.000010705.1416   15.2078
    7.5000  -22.5000  -30.000010253.7236   15.1850
   -7.5000  -15.0000  -30.000011194.6641   15.2394
    0.0000  -15.0000  -30.000011782.8896   15.2038
    7.5000  -15.0000  -30.000011280.1172   15.1812
   -7.5000   -7.5000  -30.000012078.4785   15.2734
    0.0000   -7.5000  -30.000012744.8887   15.2416
    7.5000   -7.5000  -30.000012196.6650   15.2247
   -7.5000    0.0000  -30.000012854.4268   15.2993
    0.0000    0.0000  -30.000013552.7344   15.2619
    7.5000    0.0000  -30.000012987.0723   15.2511
   -7.5000    7.5000  -30.000012662.1367   15.2866
    0.0000    7.5000  -30.000013363.2969   15.2403
    7.5000    7.5000  -30.000012798.1699   15.2290
   -7.5000   15.0000  -30.000012416.3672   15.2498
    0.0000   15.0000  -30.000013059.3721   15.2010
    7.5000   15.0000  -30.000012494.0967   15.1837
   -7.5000   22.5000  -30.000012091.6602   15.2233
    0.0000   22.5000  -30.000012689.2891   15.1798
    7.5000   22.5000  -30.000012130.7344   15.1574
   -7.5000   30.0000  -30.000011707.1660   15.0364
    0.0000   30.0000  -30.000012289.6113   15.0014
    7.5000   30.0000  -30.000011738.4775   14.9791
   -7.5000   37.5000  -30.000011528.8965   15.0713
    0.0000   37.5000  -30.000012099.5264   15.0399
    7.5000   37.5000  -30.000011548.5801   15.0232
   -7.5000   45.0000  -30.000010763.2197   14.7229
    0.0000   45.0000  -30.000011252.2783   14.6869
    7.5000   45.0000  -30.000010726.3457   14.6765
   -7.5000  -45.0000  -22.5000 7791.9341   16.2224
    0.0000  -45.0000  -22.5000 8169.4268   16.1840
    7.5000  -45.0000  -22.5000 7849.4790   16.1668
   -7.5000  -37.5000  -22.5000 8597.4189   15.9638
    0.0000  -37.5000  -22.5000 9009.0029   15.9188
    7.5000  -37.5000  -22.5000 8665.6914   15.9029
   -7.5000  -30.0000  -22.5000 9793.5938   15.8324
    0.0000  -30.0000  -22.500010275.9453   15.7906
    7.5000  -30.0000  -22.5000 9862.1709   15.7719
   -7.5000  -22.5000  -22.500010949.7324   15.7599
    0.0000  -22.5000  -22.500011525.0205   15.7267
    7.5000  -22.5000  -22.500011045.8311   15.7061
   -7.5000  -15.0000  -22.500011997.2949   15.7485
    0.0000  -15.0000  -22.500012638.5303   15.7229
    7.5000  -15.0000  -22.500012117.0586   15.7022
   -7.5000   -7.5000  -22.500012914.0771   15.7853
    0.0000   -7.5000  -22.500013649.1807   15.7589
    7.5000   -7.5000  -22.500013107.4258   15.7406
   -7.5000    0.0000  -22.500013713.2627   15.8115
    0.0000    0.0000  -22.500014500.9102   15.7754
    7.5000    0.0000  -22.500013929.0049   15.7604
   -7.5000    7.5000  -22.500013538.8857   15.7966
    0.0000    7.5000  -22.500014324.8154   15.7532
    7.5000    7.5000  -22.500013741.7256   15.7385
   -7.5000   15.0000  -22.500013269.1807   15.7575
    0.0000   15.0000  -22.500013989.2461   15.7165
    7.5000   15.0000  -22.500013387.1221   15.6990
   -7.5000   22.5000  -22.500012912.7871   15.7293
    0.0000   22.5000  -22.500013602.1025   15.6966
    7.5000   22.5000  -22.500012999.0566   15.6764
   -7.5000   30.0000  -22.500012493.8145   15.5411
    0.0000   30.0000  -22.500013164.6475   15.5160
    7.5000   30.0000  -22.500012561.1934   15.4956
   -7.5000   37.5000  -22.500012274.5547   15.5788
    0.0000   37.5000  -22.500012920.9287   15.5527
    7.5000   37.5000  -22.500012312.1006   15.5347
   -7.5000   45.0000  -22.500011401.7607   15.2272
    0.0000   45.0000  -22.500011982.4180   15.1925
    7.5000   45.0000  -22.500011408.5762   15.1780
   -7.5000  -45.0000  -15.0000 8386.8105   16.6111
    0.0000  -45.0000  -15.0000 8789.2314   16.5690
    7.5000  -45.0000  -15.0000 8459.0342   16.5480
   -7.5000  -37.5000  -15.0000 9242.1289   16.3448
    0.0000  -37.5000  -15.0000 9707.4336   16.2973
    7.5000  -37.5000  -15.0000 9326.2471   16.2798
   -7.5000  -30.0000  -15.000010481.5225   16.2114
    0.0000  -30.0000  -15.000011025.2793   16.1703
    7.5000  -30.0000  -15.000010584.3086   16.1524
   -7.5000  -22.5000  -15.000011697.2256   16.1411
    0.0000  -22.5000  -15.000012320.4863   16.1107
    7.5000  -22.5000  -15.000011813.9131   16.0907
   -7.5000  -15.0000  -15.000012805.4619   16.1316
    0.0000  -15.0000  -15.000013505.8340   16.1083
    7.5000  -15.0000  -15.000012965.5576   16.0865
   -7.5000   -7.5000  -15.000013790.7432   16.1672
    0.0000   -7.5000  -15.000014567.6699   16.1398
    7.5000   -7.5000  -15.000014028.0508   16.1187
   -7.5000    0.0000  -15.000014617.2080   16.1906
    0.0000    0.0000  -15.000015449.1094   16.1509
    7.5000    0.0000  -15.000014904.1865   16.1325
   -7.5000    7.5000  -15.000014406.0723   16.1736
    0.0000    7.5000  -15.000015218.9375   16.1277
    7.5000    7.5000  -15.000014673.7910   16.1115
   -7.5000   15.0000  -15.000014089.9746   16.1347
    0.0000   15.0000  -15.000014829.2607   16.0945
    7.5000   15.0000  -15.000014258.1279   16.0776
   -7.5000   22.5000  -15.000013730.1406   16.1090
    0.0000   22.5000  -15.000014444.4443   16.0791
    7.5000   22.5000  -15.000013814.8467   16.0596
   -7.5000   30.0000  -15.000013262.9023   15.9214
    0.0000   30.0000  -15.000013965.9814   15.8986
    7.5000   30.0000  -15.000013329.6719   15.8771
   -7.5000   37.5000  -15.000013003.5566   15.9579
    0.0000   37.5000  -15.000013686.1670   15.9309
    7.5000   37.5000  -15.000013051.2285   15.9101
   -7.5000   45.0000  -15.000012036.7256   15.6018
    0.0000   45.0000  -15.000012660.5879   15.5635
    7.5000   45.0000  -15.000012064.3711   15.5458
   -7.5000  -45.0000   -7.5000 9004.7334   16.8239
    0.0000  -45.0000   -7.5000 9448.6484   16.7741
    7.5000  -45.0000   -7.5000 9075.5361   16.7529
   -7.5000  -37.5000   -7.5000 9894.3760   16.5546
    0.0000  -37.5000   -7.500010407.6221   16.4993
    7.5000  -37.5000   -7.500010004.0566   16.4830
   -7.5000  -30.0000   -7.500011184.3984   16.4211
    0.0000  -30.0000   -7.500011751.6953   16.3704
    7.5000  -30.0000   -7.500011308.5840   16.3527
   -7.5000  -22.5000   -7.500012460.6250   16.3530
    0.0000  -22.5000   -7.500013121.1406   16.3115
    7.5000  -22.5000   -7.500012607.0430   16.2884
   -7.5000  -15.0000   -7.500013616.1465   16.3435
    0.0000  -15.0000   -7.500014335.7100   16.3090
    7.5000  -15.0000   -7.500013829.4326   16.2823
   -7.5000   -7.5000   -7.500014668.9941   16.3756
    0.0000   -7.5000   -7.500015436.1064   16.3387
    7.5000   -7.5000   -7.500014948.0645   16.3146
   -7.5000    0.0000   -7.500015552.2334   16.3973
    0.0000    0.0000   -7.500016381.3555   16.3501
    7.5000    0.0000   -7.500015883.3379   16.3315
   -7.5000    7.5000   -7.500015321.9756   16.3808
    0.0000    7.5000   -7.500016094.6113   16.3273
    7.5000    7.5000   -7.500015595.1035   16.3123
   -7.5000   15.0000   -7.500014981.6689   16.3435
    0.0000   15.0000   -7.500015688.4609   16.2936
    7.5000   15.0000   -7.500015133.4658   16.2770
   -7.5000   22.5000   -7.500014574.2607   16.3187
    0.0000   22.5000   -7.500015263.0322   16.2777
    7.5000   22.5000   -7.500014660.8594   16.2551
   -7.5000   30.0000   -7.500014048.9854   16.1301
    0.0000   30.0000   -7.500014732.5312   16.0962
    7.5000   30.0000   -7.500014121.1465   16.0699
   -7.5000   37.5000   -7.500013700.3389   16.1633
    0.0000   37.5000   -7.500014368.8945   16.1269
    7.5000   37.5000   -7.500013765.7217   16.1030
   -7.5000   45.0000   -7.500012663.7119   15.8039
    0.0000   45.0000   -7.500013285.5195   15.7584
    7.5000   45.0000   -7.500012719.9414   15.7405
   -7.5000  -45.0000    0.0000 9508.1865   16.8760
    0.0000  -45.0000    0.0000 9996.2520   16.8221
    7.5000  -45.0000    0.0000 9583.3496   16.8050
   -7.5000  -37.5000    0.000010447.0205   16.6073
    0.0000  -37.5000    0.000010996.6191   16.5463
    7.5000  -37.5000    0.000010573.9570   16.5332
   -7.5000  -30.0000    0.000011815.0781   16.4743
    0.0000  -30.0000    0.000012416.5557   16.4129
    7.5000  -30.0000    0.000011955.7959   16.3947
   -7.5000  -22.5000    0.000013124.9053   16.4054
    0.0000  -22.5000    0.000013820.9590   16.3501
    7.5000  -22.5000    0.000013331.9609   16.3235
   -7.5000  -15.0000    0.000014287.2920   16.3938
    0.0000  -15.0000    0.000015038.4248   16.3462
    7.5000  -15.0000    0.000014566.4570   16.3164
   -7.5000   -7.5000    0.000015394.0469   16.4242
    0.0000   -7.5000    0.000016134.8115   16.3791
    7.5000   -7.5000    0.000015686.1328   16.3558
   -7.5000    0.0000    0.000016390.8789   16.4469
    0.0000    0.0000    0.000017213.6738   16.3958
    7.5000    0.0000    0.000016760.2168   16.3811
   -7.5000    7.5000    0.000016123.6904   16.4327
    0.0000    7.5000    0.000016881.8672   16.3736
    7.5000    7.5000    0.000016445.1348   16.3616
   -7.5000   15.0000    0.000015751.1709   16.3963
    0.0000   15.0000    0.000016377.1621   16.3360
    7.5000   15.0000    0.000015927.0566   16.3187
   -7.5000   22.5000    0.000015282.8506   16.3711
    0.0000   22.5000    0.000015935.1904   16.3163
    7.5000   22.5000    0.000015425.7656   16.2902
   -7.5000   30.0000    0.000014663.3223   16.1801
    0.0000   30.0000    0.000015342.1602   16.1333
    7.5000   30.0000    0.000014816.6387   16.1040
   -7.5000   37.5000    0.000014267.0850   16.2116
    0.0000   37.5000    0.000014920.3486   16.1672
    7.5000   37.5000    0.000014395.9453   16.1441
   -7.5000   45.0000    0.000013199.3613   15.8530
    0.0000   45.0000    0.000013816.9316   15.8037
    7.5000   45.0000    0.000013296.1221   15.7895
   -7.5000  -45.0000    7.5000 9253.4727   16.8739
    0.0000  -45.0000    7.5000 9739.0781   16.8245
    7.5000  -45.0000    7.5000 9335.0947   16.8116
   -7.5000  -37.5000    7.500010172.9473   16.6061
    0.0000  -37.5000    7.500010702.2197   16.5475
    7.5000  -37.5000    7.500010289.1973   16.5362
   -7.5000  -30.0000    7.500011479.0459   16.4721
    0.0000  -30.0000    7.500012069.0713   16.4100
    7.5000  -30.0000    7.500011632.0889   16.3911
   -7.5000  -22.5000    7.500012728.0576   16.3997
    0.0000  -22.5000    7.500013399.3418   16.3425
    7.5000  -22.5000    7.500012952.3945   16.3158
   -7.5000  -15.0000    7.500013844.7188   16.3868
    0.0000  -15.0000    7.500014536.2080   16.3383
    7.5000  -15.0000    7.500014111.4199   16.3105
   -7.5000   -7.5000    7.500014917.5459   16.4194
    0.0000   -7.5000    7.500015622.6035   16.3768
    7.5000   -7.5000    7.500015224.8770   16.3570
   -7.5000    0.0000    7.500015907.0303   16.4447
    0.0000    0.0000    7.500016719.1406   16.3980
    7.5000    0.0000    7.500016289.6064   16.3872
   -7.5000    7.5000    7.500015679.6865   16.4316
    0.0000    7.5000    7.500016366.0566   16.3749
    7.5000    7.5000    7.500015990.3184   16.3647
   -7.5000   15.0000    7.500015295.1650   16.3941
    0.0000   15.0000    7.500015828.2383   16.3331
    7.5000   15.0000    7.500015529.6387   16.3153
   -7.5000   22.5000    7.500014830.2393   16.3655
    0.0000   22.5000    7.500015398.5010   16.3087
    7.5000   22.5000    7.500015047.2393   16.2825
   -7.5000   30.0000    7.500014213.0391   16.1732
    0.0000   30.0000    7.500014792.4023   16.1255
    7.5000   30.0000    7.500014414.9893   16.0982
   -7.5000   37.5000    7.500013842.0322   16.2069
    0.0000   37.5000    7.500014386.6621   16.1648
    7.5000   37.5000    7.500013939.2891   16.1453
   -7.5000   45.0000    7.500012807.4492   15.8508
    0.0000   45.0000    7.500013312.1963   15.8058
    7.5000   45.0000    7.500012826.3076   15.7954
   -7.5000  -45.0000   15.0000 8826.1465   16.8581
    0.0000  -45.0000   15.0000 9294.7412   16.8154
    7.5000  -45.0000   15.0000 8938.1377   16.8017
   -7.5000  -37.5000   15.0000 9748.7529   16.5904
    0.0000  -37.5000   15.000010274.8994   16.5389
    7.5000  -37.5000   15.0000 9879.4619   16.5256
   -7.5000  -30.0000   15.000011024.2607   16.4547
    0.0000  -30.0000   15.000011607.8467   16.4013
    7.5000  -30.0000   15.000011194.9922   16.3817
   -7.5000  -22.5000   15.000012220.5381   16.3790
    0.0000  -22.5000   15.000012866.9229   16.3317
    7.5000  -22.5000   15.000012438.0498   16.3073
   -7.5000  -15.0000   15.000013299.2139   16.3657
    0.0000  -15.0000   15.000013976.9648   16.3274
    7.5000  -15.0000   15.000013550.0049   16.3032
   -7.5000   -7.5000   15.000014300.4814   16.4022
    0.0000   -7.5000   15.000015007.6221   16.3680
    7.5000   -7.5000   15.000014625.6855   16.3499
   -7.5000    0.0000   15.000015207.8613   16.4300
    0.0000    0.0000   15.000015952.3076   16.3898
    7.5000    0.0000   15.000015553.7549   16.3783
   -7.5000    7.5000   15.000015052.5176   16.4164
    0.0000    7.5000   15.000015687.3213   16.3667
    7.5000    7.5000   15.000015245.4092   16.3545
   -7.5000   15.0000   15.000014783.2686   16.3768
    0.0000   15.0000   15.000015309.3760   16.3244
    7.5000   15.0000   15.000014858.8672   16.3059
   -7.5000   22.5000   15.000014368.5908   16.3448
    0.0000   22.5000   15.000014884.2959   16.2980
    7.5000   22.5000   15.000014403.9229   16.2741
   -7.5000   30.0000   15.000013759.4893   16.1525
    0.0000   30.0000   15.000014250.7949   16.1148
    7.5000   30.0000   15.000013779.8467   16.0910
   -7.5000   37.5000   15.000013350.5635   16.1899
    0.0000   37.5000   15.000013802.3311   16.1562
    7.5000   37.5000   15.000013299.3643   16.1383
   -7.5000   45.0000   15.000012309.0518   15.8367
    0.0000   45.0000   15.000012725.1729   15.7979
    7.5000   45.0000   15.000012246.6055   15.7868
   -7.5000  -45.0000   22.5000 8357.3496   16.8718
    0.0000  -45.0000   22.5000 8816.5000   16.8321
    7.5000  -45.0000   22.5000 8487.6523   16.8146
   -7.5000  -37.5000   22.5000 9219.4844   16.6025
    0.0000  -37.5000   22.5000 9723.5195   16.5559
    7.5000  -37.5000   22.5000 9370.2275   16.5397
   -7.5000  -30.0000   22.500010439.9961   16.4656
    0.0000  -30.0000   22.500011011.3018   16.4225
    7.5000  -30.0000   22.500010609.0547   16.4035
   -7.5000  -22.5000   22.500011592.7461   16.3902
    0.0000  -22.5000   22.500012220.1436   16.3561
    7.5000  -22.5000   22.500011771.7500   16.3350
   -7.5000  -15.0000   22.500012639.9961   16.3783
    0.0000  -15.0000   22.500013314.6777   16.3521
    7.5000  -15.0000   22.500012850.9121   16.3310
   -7.5000   -7.5000   22.500013632.8506   16.4165
    0.0000   -7.5000   22.500014338.3223   16.3893
    7.5000   -7.5000   22.500013867.2070   16.3708
   -7.5000    0.0000   22.500014568.1885   16.4437
    0.0000    0.0000   22.500015235.3721   16.4064
    7.5000    0.0000   22.500014725.7119   16.3912
   -7.5000    7.5000   22.500014392.3037   16.4283
    0.0000    7.5000   22.500014991.6270   16.3833
    7.5000    7.5000   22.500014496.9756   16.3684
   -7.5000   15.0000   22.500014077.4248   16.3876
    0.0000   15.0000   22.500014639.2217   16.3453
    7.5000   15.0000   22.500014139.5410   16.3274
   -7.5000   22.5000   22.500013681.8242   16.3559
    0.0000   22.5000   22.500014230.4766   16.3222
    7.5000   22.5000   22.500013696.5977   16.3017
   -7.5000   30.0000   22.500013091.9414   16.1649
    0.0000   30.0000   22.500013614.0361   16.1391
    7.5000   30.0000   22.500013079.5752   16.1184
   -7.5000   37.5000   22.500012671.4854   16.2041
    0.0000   37.5000   22.500013162.0088   16.1772
    7.5000   37.5000   22.500012622.9785   16.1589
   -7.5000   45.0000   22.500011685.5059   15.8499
    0.0000   45.0000   22.500012155.1094   15.8139
    7.5000   45.0000   22.500011647.6553   15.7992
   -7.5000  -45.0000   30.0000 7808.2725   16.9217
    0.0000  -45.0000   30.0000 8219.0889   16.8788
    7.5000  -45.0000   30.0000 7935.2510   16.8579
   -7.5000  -37.5000   30.0000 8606.3975   16.6500
    0.0000  -37.5000   30.0000 9072.6465   16.6017
    7.5000  -37.5000   30.0000 8742.3389   16.5843
   -7.5000  -30.0000   30.0000 9766.2832   16.5143
    0.0000  -30.0000   30.000010309.9463   16.4728
    7.5000  -30.0000   30.0000 9893.5391   16.4549
   -7.5000  -22.5000   30.000010862.9824   16.4431
    0.0000  -22.5000   30.000011464.6309   16.4125
    7.5000  -22.5000   30.000010985.4141   16.3925
   -7.5000  -15.0000   30.000011871.1357   16.4337
    0.0000  -15.0000   30.000012539.9043   16.4102
    7.5000  -15.0000   30.000012015.3301   16.3884
   -7.5000   -7.5000   30.000012830.7959   16.4697
    0.0000   -7.5000   30.000013504.0850   16.4420
    7.5000   -7.5000   30.000012959.4404   16.4208
   -7.5000    0.0000   30.000013674.1484   16.4933
    0.0000    0.0000   30.000014306.6318   16.4528
    7.5000    0.0000   30.000013751.3457   16.4344
   -7.5000    7.5000   30.000013454.5010   16.4757
    0.0000    7.5000   30.000014049.6104   16.4290
    7.5000    7.5000   30.000013565.4707   16.4129
   -7.5000   15.0000   30.000013148.0186   16.4362
    0.0000   15.0000   30.000013719.6768   16.3954
    7.5000   15.0000   30.000013255.8584   16.3786
   -7.5000   22.5000   30.000012769.3086   16.4086
    0.0000   22.5000   30.000013324.2822   16.3784
    7.5000   22.5000   30.000012854.8975   16.3590
   -7.5000   30.0000   30.000012231.8975   16.2195
    0.0000   30.0000   30.000012750.8115   16.1965
    7.5000   30.0000   30.000012294.7070   16.1750
   -7.5000   37.5000   30.000011847.3682   16.2566
    0.0000   37.5000   30.000012346.1387   16.2292
    7.5000   37.5000   30.000011881.1338   16.2083
   -7.5000   45.0000   30.000010946.2822   15.8976
    0.0000   45.0000   30.000011422.2070   15.8586
    7.5000   45.0000   30.000010962.3877   15.8409
   -7.5000  -45.0000   37.5000 7530.7930   17.0672
    0.0000  -45.0000   37.5000 7911.4209   17.0161
    7.5000  -45.0000   37.5000 7623.0708   16.9950
   -7.5000  -37.5000   37.5000 8321.7842   16.7934
    0.0000  -37.5000   37.5000 8739.9697   16.7368
    7.5000  -37.5000   37.5000 8398.0703   16.7208
   -7.5000  -30.0000   37.5000 9435.3594   16.6587
    0.0000  -30.0000   37.5000 9914.3594   16.6069
    7.5000  -30.0000   37.5000 9496.4180   16.5893
   -7.5000  -22.5000   37.500010484.9951   16.5907
    0.0000  -22.5000   37.500011045.9277   16.5482
    7.5000  -22.5000   37.500010573.6162   16.5250
   -7.5000  -15.0000   37.500011432.3525   16.5821
    0.0000  -15.0000   37.500012076.9639   16.5467
    7.5000  -15.0000   37.500011574.5508   16.5198
   -7.5000   -7.5000   37.500012331.7725   16.6151
    0.0000   -7.5000   37.500013000.0947   16.5772
    7.5000   -7.5000   37.500012476.9453   16.5529
   -7.5000    0.0000   37.500013131.8184   16.6370
    0.0000    0.0000   37.500013767.1934   16.5885
    7.5000    0.0000   37.500013255.2861   16.5699
   -7.5000    7.5000   37.500012901.3564   16.6197
    0.0000    7.5000   37.500013524.5430   16.5649
    7.5000    7.5000   37.500013059.0195   16.5500
   -7.5000   15.0000   37.500012607.1543   16.5815
    0.0000   15.0000   37.500013207.6885   16.5305
    7.5000   15.0000   37.500012767.4688   16.5139
   -7.5000   22.5000   37.500012266.7529   16.5567
    0.0000   22.5000   37.500012833.8975   16.5146
    7.5000   22.5000   37.500012404.2832   16.4919
   -7.5000   30.0000   37.500011776.9551   16.3661
    0.0000   30.0000   37.500012295.2646   16.3313
    7.5000   30.0000   37.500011863.7441   16.3049
   -7.5000   37.5000   37.500011431.0225   16.4001
    0.0000   37.5000   37.500011925.1084   16.3627
    7.5000   37.5000   37.500011502.7041   16.3387
   -7.5000   45.0000   37.500010568.0693   16.0361
    0.0000   45.0000   37.500011029.6074   15.9894
    7.5000   45.0000   37.500010614.4941   15.9715
   -7.5000  -45.0000   45.0000 6877.2812   17.2020
    0.0000  -45.0000   45.0000 7230.8613   17.1462
    7.5000  -45.0000   45.0000 6983.4814   17.1313
   -7.5000  -37.5000   45.0000 7613.8433   16.9275
    0.0000  -37.5000   45.0000 7998.7651   16.8642
    7.5000  -37.5000   45.0000 7700.5518   16.8524
   -7.5000  -30.0000   45.0000 8633.4756   16.7931
    0.0000  -30.0000   45.0000 9071.0156   16.7289
    7.5000  -30.0000   45.0000 8699.9707   16.7112
   -7.5000  -22.5000   45.0000 9588.8271   16.7241
    0.0000  -22.5000   45.000010105.9346   16.6660
    7.5000  -22.5000   45.0000 9685.1895   16.6397
   -7.5000  -15.0000   45.000010461.6455   16.7134
    0.0000  -15.0000   45.000011037.8613   16.6633
    7.5000  -15.0000   45.000010594.0781   16.6344
   -7.5000   -7.5000   45.000011277.6436   16.7454
    0.0000   -7.5000   45.000011892.2266   16.6985
    7.5000   -7.5000   45.000011414.8330   16.6768
   -7.5000    0.0000   45.000011975.1992   16.7699
    0.0000    0.0000   45.000012598.8721   16.7169
    7.5000    0.0000   45.000012134.9531   16.7042
   -7.5000    7.5000   45.000011766.4824   16.7556
    0.0000    7.5000   45.000012370.1602   16.6942
    7.5000    7.5000   45.000011943.3359   16.6834
   -7.5000   15.0000   45.000011498.4199   16.7176
    0.0000   15.0000   45.000012079.1221   16.6544
    7.5000   15.0000   45.000011678.2891   16.6376
   -7.5000   22.5000   45.000011218.1924   16.6907
    0.0000   22.5000   45.000011748.3271   16.6330
    7.5000   22.5000   45.000011360.7354   16.6072
   -7.5000   30.0000   45.000010779.6572   16.4942
    0.0000   30.0000   45.000011270.6553   16.4450
    7.5000   30.0000   45.000010889.2266   16.4166
   -7.5000   37.5000   45.000010465.8838   16.5273
    0.0000   37.5000   45.000010947.6787   16.4809
    7.5000   37.5000   45.000010580.1689   16.4595
   -7.5000   45.0000   45.0000 9699.2842   16.1716
    0.0000   45.0000   45.000010136.4941   16.1205
    7.5000   45.0000   45.0000 9776.7480   16.1082

---------------------------------------------------------------------
imgreg_4dfp /opt/freesurfer/average/711-2C_as_mni_average_305 /opt/freesurfer/average/711-2B_as_mni_average_305_mask talsrcimg_g11 none talsrcimg_to_711-2C_as_mni_average_305_t4 4355
---------------------------------------------------------------------

freesurfer imgreg_4dfp.c
/opt/freesurfer/average/711-2C_as_mni_average_305.4dfp.img
       256       256       256         1
  1.000000  1.000000  1.000000
orientation T byte_order littleendian
Reading image: /opt/freesurfer/average/711-2C_as_mni_average_305.4dfp.img
dimensions:      256       256       256
mmppix:       1.0000   -1.0000   -1.0000
center:     128.0000 -129.0000 -129.0000
/opt/freesurfer/average/711-2B_as_mni_average_305_mask.4dfp.img
       256       256       256         1
  1.000000  1.000000  1.000000
orientation T byte_order littleendian
Reading mask: /opt/freesurfer/average/711-2B_as_mni_average_305_mask.4dfp.img (2306576 pixels)
talsrcimg_g11.4dfp.img
       256       256       256         1
  1.000000  1.000000  1.000000
orientation T byte_order littleendian
Reading image: talsrcimg_g11.4dfp.img
dimensions:      256       256       256
mmppix:       1.0000   -1.0000   -1.0000
center:     128.0000 -129.0000 -129.0000
rotation matrix determinant  1.000000
image alignment mode   4355 decimal     1103 hex
   -7.5000  -45.0000  -45.0000 1746.7928   23.0334
    0.0000  -45.0000  -45.0000 1761.5103   22.8342
    7.5000  -45.0000  -45.0000 1756.0345   23.1466
   -7.5000  -37.5000  -45.0000 1866.0254   20.1345
    0.0000  -37.5000  -45.0000 1880.5439   19.9188
    7.5000  -37.5000  -45.0000 1875.5885   20.1809
   -7.5000  -30.0000  -45.0000 1977.1726   17.9218
    0.0000  -30.0000  -45.0000 1999.5391   17.6952
    7.5000  -30.0000  -45.0000 1982.8856   17.8876
   -7.5000  -22.5000  -45.0000 2085.7717   16.2832
    0.0000  -22.5000  -45.0000 2106.8049   16.1045
    7.5000  -22.5000  -45.0000 2087.7244   16.2511
   -7.5000  -15.0000  -45.0000 2172.0925   15.0999
    0.0000  -15.0000  -45.0000 2189.3130   14.9587
    7.5000  -15.0000  -45.0000 2176.6912   15.0629
   -7.5000   -7.5000  -45.0000 2219.7324   14.2261
    0.0000   -7.5000  -45.0000 2238.7820   14.0941
    7.5000   -7.5000  -45.0000 2230.8972   14.1732
   -7.5000    0.0000  -45.0000 2251.0481   13.6227
    0.0000    0.0000  -45.0000 2269.5879   13.4797
    7.5000    0.0000  -45.0000 2262.0508   13.5293
   -7.5000    7.5000  -45.0000 2264.2478   13.2743
    0.0000    7.5000  -45.0000 2284.3137   13.0949
    7.5000    7.5000  -45.0000 2278.4102   13.1535
   -7.5000   15.0000  -45.0000 2261.0930   13.2438
    0.0000   15.0000  -45.0000 2281.5654   13.0281
    7.5000   15.0000  -45.0000 2279.3237   13.0906
   -7.5000   22.5000  -45.0000 2240.6006   13.5437
    0.0000   22.5000  -45.0000 2265.8511   13.2618
    7.5000   22.5000  -45.0000 2262.4626   13.2968
   -7.5000   30.0000  -45.0000 2207.3003   14.0728
    0.0000   30.0000  -45.0000 2235.0774   13.7868
    7.5000   30.0000  -45.0000 2230.6746   13.7958
   -7.5000   37.5000  -45.0000 2157.3423   14.8849
    0.0000   37.5000  -45.0000 2183.9998   14.5526
    7.5000   37.5000  -45.0000 2184.5635   14.5887
   -7.5000   45.0000  -45.0000 2084.0962   16.0494
    0.0000   45.0000  -45.0000 2115.0061   15.6933
    7.5000   45.0000  -45.0000 2115.1091   15.7225
   -7.5000  -45.0000  -37.5000 1810.2476   21.2876
    0.0000  -45.0000  -37.5000 1825.3337   21.0499
    7.5000  -45.0000  -37.5000 1823.5328   21.3868
   -7.5000  -37.5000  -37.5000 1935.8417   18.6152
    0.0000  -37.5000  -37.5000 1958.3083   18.4078
    7.5000  -37.5000  -37.5000 1948.9385   18.6242
   -7.5000  -30.0000  -37.5000 2058.7458   16.5522
    0.0000  -30.0000  -37.5000 2086.3152   16.3677
    7.5000  -30.0000  -37.5000 2066.8887   16.5408
   -7.5000  -22.5000  -37.5000 2176.0825   15.0161
    0.0000  -22.5000  -37.5000 2196.6860   14.9133
    7.5000  -22.5000  -37.5000 2180.2849   15.0154
   -7.5000  -15.0000  -37.5000 2263.8962   13.8909
    0.0000  -15.0000  -37.5000 2278.8049   13.7921
    7.5000  -15.0000  -37.5000 2267.3491   13.8965
   -7.5000   -7.5000  -37.5000 2316.6938   13.0704
    0.0000   -7.5000  -37.5000 2334.3298   12.9541
    7.5000   -7.5000  -37.5000 2325.7429   13.0145
   -7.5000    0.0000  -37.5000 2348.3149   12.5366
    0.0000    0.0000  -37.5000 2367.5823   12.3954
    7.5000    0.0000  -37.5000 2360.0303   12.4437
   -7.5000    7.5000  -37.5000 2364.3228   12.2122
    0.0000    7.5000  -37.5000 2389.3132   12.0628
    7.5000    7.5000  -37.5000 2382.4370   12.1180
   -7.5000   15.0000  -37.5000 2361.2410   12.2100
    0.0000   15.0000  -37.5000 2385.9170   12.0386
    7.5000   15.0000  -37.5000 2381.5586   12.0750
   -7.5000   22.5000  -37.5000 2339.3755   12.4466
    0.0000   22.5000  -37.5000 2369.5151   12.2344
    7.5000   22.5000  -37.5000 2366.4602   12.2520
   -7.5000   30.0000  -37.5000 2304.8093   12.9367
    0.0000   30.0000  -37.5000 2337.9158   12.6952
    7.5000   30.0000  -37.5000 2336.3645   12.7247
   -7.5000   37.5000  -37.5000 2250.8367   13.6976
    0.0000   37.5000  -37.5000 2281.9834   13.4439
    7.5000   37.5000  -37.5000 2284.4709   13.4794
   -7.5000   45.0000  -37.5000 2172.1404   14.8065
    0.0000   45.0000  -37.5000 2201.7881   14.4687
    7.5000   45.0000  -37.5000 2204.4932   14.5216
   -7.5000  -45.0000  -30.0000 1907.9773   20.3972
    0.0000  -45.0000  -30.0000 1927.3192   20.1987
    7.5000  -45.0000  -30.0000 1918.8792   20.4220
   -7.5000  -37.5000  -30.0000 2045.8962   17.7812
    0.0000  -37.5000  -30.0000 2068.9141   17.6066
    7.5000  -37.5000  -30.0000 2053.1045   17.7644
   -7.5000  -30.0000  -30.0000 2180.6621   15.7982
    0.0000  -30.0000  -30.0000 2201.6899   15.6371
    7.5000  -30.0000  -30.0000 2182.8474   15.8139
   -7.5000  -22.5000  -30.0000 2297.4507   14.3272
    0.0000  -22.5000  -30.0000 2318.7722   14.2384
    7.5000  -22.5000  -30.0000 2304.9548   14.3329
   -7.5000  -15.0000  -30.0000 2387.2947   13.2203
    0.0000  -15.0000  -30.0000 2407.6919   13.1510
    7.5000  -15.0000  -30.0000 2393.6206   13.2238
   -7.5000   -7.5000  -30.0000 2446.3604   12.4309
    0.0000   -7.5000  -30.0000 2465.0181   12.3264
    7.5000   -7.5000  -30.0000 2454.7024   12.3891
   -7.5000    0.0000  -30.0000 2484.2861   11.9362
    0.0000    0.0000  -30.0000 2504.3972   11.7969
    7.5000    0.0000  -30.0000 2500.2444   11.8455
   -7.5000    7.5000  -30.0000 2508.8623   11.6472
    0.0000    7.5000  -30.0000 2535.4497   11.4958
    7.5000    7.5000  -30.0000 2528.4890   11.5336
   -7.5000   15.0000  -30.0000 2514.7007   11.6494
    0.0000   15.0000  -30.0000 2539.5190   11.4818
    7.5000   15.0000  -30.0000 2536.9807   11.5072
   -7.5000   22.5000  -30.0000 2493.5024   11.8883
    0.0000   22.5000  -30.0000 2524.8606   11.6811
    7.5000   22.5000  -30.0000 2523.5974   11.7087
   -7.5000   30.0000  -30.0000 2452.1072   12.3795
    0.0000   30.0000  -30.0000 2489.4573   12.1583
    7.5000   30.0000  -30.0000 2486.5107   12.1706
   -7.5000   37.5000  -30.0000 2389.2690   13.1340
    0.0000   37.5000  -30.0000 2426.7268   12.8973
    7.5000   37.5000  -30.0000 2424.4861   12.8856
   -7.5000   45.0000  -30.0000 2301.3684   14.1663
    0.0000   45.0000  -30.0000 2337.6863   13.8887
    7.5000   45.0000  -30.0000 2333.0815   13.9143
   -7.5000  -45.0000  -22.5000 1976.7560   19.4301
    0.0000  -45.0000  -22.5000 1998.6178   19.2216
    7.5000  -45.0000  -22.5000 1988.8707   19.5317
   -7.5000  -37.5000  -22.5000 2127.8357   16.9371
    0.0000  -37.5000  -22.5000 2148.4814   16.7327
    7.5000  -37.5000  -22.5000 2134.5083   17.0325
   -7.5000  -30.0000  -22.5000 2268.9009   15.0206
    0.0000  -30.0000  -22.5000 2290.4050   14.8639
    7.5000  -30.0000  -22.5000 2272.7659   15.0920
   -7.5000  -22.5000  -22.5000 2389.3323   13.6025
    0.0000  -22.5000  -22.5000 2412.7754   13.4784
    7.5000  -22.5000  -22.5000 2395.8796   13.6045
   -7.5000  -15.0000  -22.5000 2479.7400   12.5322
    0.0000  -15.0000  -22.5000 2503.8174   12.4159
    7.5000  -15.0000  -22.5000 2488.6294   12.4881
   -7.5000   -7.5000  -22.5000 2542.5444   11.7737
    0.0000   -7.5000  -22.5000 2572.3745   11.6524
    7.5000   -7.5000  -22.5000 2563.8193   11.7061
   -7.5000    0.0000  -22.5000 2594.2791   11.2707
    0.0000    0.0000  -22.5000 2622.5232   11.1437
    7.5000    0.0000  -22.5000 2614.6743   11.1876
   -7.5000    7.5000  -22.5000 2634.0840   11.0055
    0.0000    7.5000  -22.5000 2664.4038   10.8500
    7.5000    7.5000  -22.5000 2656.5208   10.8991
   -7.5000   15.0000  -22.5000 2641.8184   11.0116
    0.0000   15.0000  -22.5000 2676.4529   10.8371
    7.5000   15.0000  -22.5000 2669.7944   10.8818
   -7.5000   22.5000  -22.5000 2621.5034   11.2804
    0.0000   22.5000  -22.5000 2661.9026   11.0822
    7.5000   22.5000  -22.5000 2656.1504   11.0846
   -7.5000   30.0000  -22.5000 2581.1716   11.7481
    0.0000   30.0000  -22.5000 2626.0286   11.5649
    7.5000   30.0000  -22.5000 2616.1250   11.5709
   -7.5000   37.5000  -22.5000 2507.5127   12.4943
    0.0000   37.5000  -22.5000 2552.0554   12.2545
    7.5000   37.5000  -22.5000 2547.6772   12.2454
   -7.5000   45.0000  -22.5000 2408.1067   13.4379
    0.0000   45.0000  -22.5000 2447.1401   13.2012
    7.5000   45.0000  -22.5000 2444.4773   13.2038
   -7.5000  -45.0000  -15.0000 2027.6028   18.6747
    0.0000  -45.0000  -15.0000 2048.3538   18.4866
    7.5000  -45.0000  -15.0000 2041.6658   18.8259
   -7.5000  -37.5000  -15.0000 2180.6929   16.2499
    0.0000  -37.5000  -15.0000 2202.7097   16.0945
    7.5000  -37.5000  -15.0000 2190.9695   16.3813
   -7.5000  -30.0000  -15.0000 2320.4534   14.3602
    0.0000  -30.0000  -15.0000 2343.3650   14.2189
    7.5000  -30.0000  -15.0000 2327.3821   14.4483
   -7.5000  -22.5000  -15.0000 2443.2080   12.9733
    0.0000  -22.5000  -15.0000 2466.8154   12.8279
    7.5000  -22.5000  -15.0000 2450.5059   12.9807
   -7.5000  -15.0000  -15.0000 2544.4773   11.9256
    0.0000  -15.0000  -15.0000 2569.6162   11.7672
    7.5000  -15.0000  -15.0000 2551.8511   11.8985
   -7.5000   -7.5000  -15.0000 2622.4783   11.1673
    0.0000   -7.5000  -15.0000 2656.6433   11.0245
    7.5000   -7.5000  -15.0000 2645.1345   11.1177
   -7.5000    0.0000  -15.0000 2682.1809   10.6716
    0.0000    0.0000  -15.0000 2716.0874   10.5361
    7.5000    0.0000  -15.0000 2711.3218   10.6063
   -7.5000    7.5000  -15.0000 2732.8945   10.4055
    0.0000    7.5000  -15.0000 2766.8423   10.2448
    7.5000    7.5000  -15.0000 2760.6260   10.3160
   -7.5000   15.0000  -15.0000 2744.6941   10.4095
    0.0000   15.0000  -15.0000 2784.9219   10.2260
    7.5000   15.0000  -15.0000 2776.0144   10.2809
   -7.5000   22.5000  -15.0000 2728.8105   10.6485
    0.0000   22.5000  -15.0000 2773.1492   10.4811
    7.5000   22.5000  -15.0000 2761.2825   10.5043
   -7.5000   30.0000  -15.0000 2678.6472   11.1298
    0.0000   30.0000  -15.0000 2726.2412   10.9569
    7.5000   30.0000  -15.0000 2715.7771   10.9747
   -7.5000   37.5000  -15.0000 2596.3870   11.8304
    0.0000   37.5000  -15.0000 2640.7849   11.6272
    7.5000   37.5000  -15.0000 2638.4880   11.6448
   -7.5000   45.0000  -15.0000 2486.3269   12.7572
    0.0000   45.0000  -15.0000 2522.8716   12.5321
    7.5000   45.0000  -15.0000 2526.9729   12.5408
   -7.5000  -45.0000   -7.5000 2067.4312   18.1220
    0.0000  -45.0000   -7.5000 2087.6299   17.9767
    7.5000  -45.0000   -7.5000 2077.4983   18.3568
   -7.5000  -37.5000   -7.5000 2214.6130   15.7214
    0.0000  -37.5000   -7.5000 2237.2205   15.5982
    7.5000  -37.5000   -7.5000 2224.8164   15.9158
   -7.5000  -30.0000   -7.5000 2350.6348   13.8344
    0.0000  -30.0000   -7.5000 2369.3044   13.6971
    7.5000  -30.0000   -7.5000 2352.5742   13.9517
   -7.5000  -22.5000   -7.5000 2475.4512   12.4503
    0.0000  -22.5000   -7.5000 2498.7505   12.2785
    7.5000  -22.5000   -7.5000 2479.6145   12.4706
   -7.5000  -15.0000   -7.5000 2584.9854   11.4009
    0.0000  -15.0000   -7.5000 2610.6631   11.2244
    7.5000  -15.0000   -7.5000 2596.2656   11.3982
   -7.5000   -7.5000   -7.5000 2677.3635   10.6508
    0.0000   -7.5000   -7.5000 2712.3140   10.4681
    7.5000   -7.5000   -7.5000 2703.0989   10.6193
   -7.5000    0.0000   -7.5000 2753.2329   10.1717
    0.0000    0.0000   -7.5000 2791.6255    9.9991
    7.5000    0.0000   -7.5000 2784.5989   10.1165
   -7.5000    7.5000   -7.5000 2814.1431    9.8993
    0.0000    7.5000   -7.5000 2857.3745    9.7215
    7.5000    7.5000   -7.5000 2844.5039    9.8213
   -7.5000   15.0000   -7.5000 2837.8086    9.8946
    0.0000   15.0000   -7.5000 2884.0657    9.6947
    7.5000   15.0000   -7.5000 2866.6028    9.7811
   -7.5000   22.5000   -7.5000 2819.6421   10.1172
    0.0000   22.5000   -7.5000 2864.8259    9.9443
    7.5000   22.5000   -7.5000 2853.3311    9.9949
   -7.5000   30.0000   -7.5000 2756.6174   10.5759
    0.0000   30.0000   -7.5000 2803.3462   10.3957
    7.5000   30.0000   -7.5000 2797.6221   10.4413
   -7.5000   37.5000   -7.5000 2658.2891   11.2466
    0.0000   37.5000   -7.5000 2704.3391   11.0465
    7.5000   37.5000   -7.5000 2703.9243   11.0733
   -7.5000   45.0000   -7.5000 2536.8716   12.1966
    0.0000   45.0000   -7.5000 2577.8872   11.9556
    7.5000   45.0000   -7.5000 2579.9844   11.9927
   -7.5000  -45.0000    0.0000 2091.7297   17.7818
    0.0000  -45.0000    0.0000 2110.2844   17.6277
    7.5000  -45.0000    0.0000 2098.8447   17.9992
   -7.5000  -37.5000    0.0000 2233.6414   15.4049
    0.0000  -37.5000    0.0000 2255.8120   15.2731
    7.5000  -37.5000    0.0000 2241.7727   15.6022
   -7.5000  -30.0000    0.0000 2367.7847   13.5513
    0.0000  -30.0000    0.0000 2385.4653   13.3643
    7.5000  -30.0000    0.0000 2365.7639   13.6418
   -7.5000  -22.5000    0.0000 2496.0483   12.1316
    0.0000  -22.5000    0.0000 2519.6912   11.9154
    7.5000  -22.5000    0.0000 2500.1873   12.1575
   -7.5000  -15.0000    0.0000 2606.6580   11.0676
    0.0000  -15.0000    0.0000 2636.8096   10.8463
    7.5000  -15.0000    0.0000 2625.7715   11.0652
   -7.5000   -7.5000    0.0000 2712.1890   10.3130
    0.0000   -7.5000    0.0000 2746.8643   10.0829
    7.5000   -7.5000    0.0000 2737.5044   10.2856
   -7.5000    0.0000    0.0000 2803.7097    9.8396
    0.0000    0.0000    0.0000 2846.6287    9.6149
    7.5000    0.0000    0.0000 2835.0352    9.7981
   -7.5000    7.5000    0.0000 2879.1680    9.5610
    0.0000    7.5000    0.0000 2932.1306    9.3711
    7.5000    7.5000    0.0000 2912.1924    9.5230
   -7.5000   15.0000    0.0000 2911.4802    9.5203
    0.0000   15.0000    0.0000 2965.7190    9.3097
    7.5000   15.0000    0.0000 2945.2520    9.4602
   -7.5000   22.5000    0.0000 2886.0127    9.7441
    0.0000   22.5000    0.0000 2938.3765    9.5566
    7.5000   22.5000    0.0000 2929.1780    9.6502
   -7.5000   30.0000    0.0000 2810.0908   10.1977
    0.0000   30.0000    0.0000 2859.4353    9.9980
    7.5000   30.0000    0.0000 2854.8713   10.0743
   -7.5000   37.5000    0.0000 2700.5830   10.8780
    0.0000   37.5000    0.0000 2744.6860   10.6505
    7.5000   37.5000    0.0000 2743.2117   10.7393
   -7.5000   45.0000    0.0000 2571.9373   11.8193
    0.0000   45.0000    0.0000 2612.8689   11.5813
    7.5000   45.0000    0.0000 2611.3171   11.6599
   -7.5000  -45.0000    7.5000 2102.0659   17.6606
    0.0000  -45.0000    7.5000 2120.8687   17.4566
    7.5000  -45.0000    7.5000 2099.3516   17.8314
   -7.5000  -37.5000    7.5000 2245.5896   15.2590
    0.0000  -37.5000    7.5000 2266.1074   15.0417
    7.5000  -37.5000    7.5000 2244.1831   15.3771
   -7.5000  -30.0000    7.5000 2373.9995   13.4057
    0.0000  -30.0000    7.5000 2394.5176   13.1489
    7.5000  -30.0000    7.5000 2378.0762   13.4529
   -7.5000  -22.5000    7.5000 2500.6091   11.9987
    0.0000  -22.5000    7.5000 2529.1980   11.7257
    7.5000  -22.5000    7.5000 2514.4932   11.9700
   -7.5000  -15.0000    7.5000 2614.8062   10.9262
    0.0000  -15.0000    7.5000 2651.2029   10.6602
    7.5000  -15.0000    7.5000 2638.2439   10.8865
   -7.5000   -7.5000    7.5000 2727.2715   10.1692
    0.0000   -7.5000    7.5000 2770.9827    9.8955
    7.5000   -7.5000    7.5000 2754.9092   10.1266
   -7.5000    0.0000    7.5000 2828.2871    9.6918
    0.0000    0.0000    7.5000 2875.9382    9.4211
    7.5000    0.0000    7.5000 2864.0127    9.6477
   -7.5000    7.5000    7.5000 2911.9871    9.4167
    0.0000    7.5000    7.5000 2973.3169    9.1917
    7.5000    7.5000    7.5000 2956.7468    9.3882
   -7.5000   15.0000    7.5000 2951.6926    9.3644
    0.0000   15.0000    7.5000 3017.3396    9.1135
    7.5000   15.0000    7.5000 2996.6125    9.3272
   -7.5000   22.5000    7.5000 2920.6746    9.5769
    0.0000   22.5000    7.5000 2986.7803    9.3548
    7.5000   22.5000    7.5000 2967.6448    9.5241
   -7.5000   30.0000    7.5000 2830.2825   10.0373
    0.0000   30.0000    7.5000 2888.2927    9.8223
    7.5000   30.0000    7.5000 2880.4722    9.9314
   -7.5000   37.5000    7.5000 2719.4634   10.7261
    0.0000   37.5000    7.5000 2764.9521   10.4883
    7.5000   37.5000    7.5000 2760.4087   10.5761
   -7.5000   45.0000    7.5000 2583.8835   11.6563
    0.0000   45.0000    7.5000 2624.5696   11.3866
    7.5000   45.0000    7.5000 2622.2542   11.4688
   -7.5000  -45.0000   15.0000 2083.2454   17.6791
    0.0000  -45.0000   15.0000 2102.6663   17.4507
    7.5000  -45.0000   15.0000 2087.3931   17.7933
   -7.5000  -37.5000   15.0000 2234.1340   15.2971
    0.0000  -37.5000   15.0000 2255.1421   15.0462
    7.5000  -37.5000   15.0000 2236.7080   15.3527
   -7.5000  -30.0000   15.0000 2371.5139   13.4521
    0.0000  -30.0000   15.0000 2397.5042   13.1924
    7.5000  -30.0000   15.0000 2377.0791   13.4647
   -7.5000  -22.5000   15.0000 2494.2209   12.0201
    0.0000  -22.5000   15.0000 2531.4441   11.7605
    7.5000  -22.5000   15.0000 2512.9199   12.0098
   -7.5000  -15.0000   15.0000 2611.6765   10.9612
    0.0000  -15.0000   15.0000 2655.5261   10.6847
    7.5000  -15.0000   15.0000 2637.4092   10.9052
   -7.5000   -7.5000   15.0000 2722.9438   10.2120
    0.0000   -7.5000   15.0000 2771.7378    9.9314
    7.5000   -7.5000   15.0000 2761.7351   10.1436
   -7.5000    0.0000   15.0000 2822.6006    9.7064
    0.0000    0.0000   15.0000 2877.6987    9.4507
    7.5000    0.0000   15.0000 2870.2996    9.6656
   -7.5000    7.5000   15.0000 2898.9016    9.4463
    0.0000    7.5000   15.0000 2964.8179    9.1850
    7.5000    7.5000   15.0000 2954.3125    9.3796
   -7.5000   15.0000   15.0000 2932.3162    9.4556
    0.0000   15.0000   15.0000 2997.8892    9.1933
    7.5000   15.0000   15.0000 2984.4741    9.3208
   -7.5000   22.5000   15.0000 2904.3677    9.6385
    0.0000   22.5000   15.0000 2966.9009    9.4322
    7.5000   22.5000   15.0000 2953.1340    9.5410
   -7.5000   30.0000   15.0000 2818.7583   10.0391
    0.0000   30.0000   15.0000 2873.8220    9.8649
    7.5000   30.0000   15.0000 2866.1379    9.9666
   -7.5000   37.5000   15.0000 2707.4451   10.7182
    0.0000   37.5000   15.0000 2754.8618   10.5189
    7.5000   37.5000   15.0000 2748.4009   10.5944
   -7.5000   45.0000   15.0000 2572.0896   11.6510
    0.0000   45.0000   15.0000 2611.6865   11.3936
    7.5000   45.0000   15.0000 2610.1147   11.4576
   -7.5000  -45.0000   22.5000 2052.4546   17.9876
    0.0000  -45.0000   22.5000 2074.5122   17.7458
    7.5000  -45.0000   22.5000 2065.9238   18.0506
   -7.5000  -37.5000   22.5000 2213.8591   15.5251
    0.0000  -37.5000   22.5000 2239.3850   15.2612
    7.5000  -37.5000   22.5000 2222.6482   15.5351
   -7.5000  -30.0000   22.5000 2358.9509   13.6425
    0.0000  -30.0000   22.5000 2390.9885   13.3937
    7.5000  -30.0000   22.5000 2369.2485   13.6450
   -7.5000  -22.5000   22.5000 2486.7654   12.2295
    0.0000  -22.5000   22.5000 2524.5249   11.9790
    7.5000  -22.5000   22.5000 2505.2729   12.1886
   -7.5000  -15.0000   22.5000 2600.2532   11.2143
    0.0000  -15.0000   22.5000 2644.0396   10.9581
    7.5000  -15.0000   22.5000 2628.1094   11.1372
   -7.5000   -7.5000   22.5000 2705.0881   10.4996
    0.0000   -7.5000   22.5000 2754.1941   10.2526
    7.5000   -7.5000   22.5000 2744.9856   10.4095
   -7.5000    0.0000   22.5000 2794.3518   10.0219
    0.0000    0.0000   22.5000 2846.7419    9.7545
    7.5000    0.0000   22.5000 2843.4758    9.9005
   -7.5000    7.5000   22.5000 2859.2827    9.7404
    0.0000    7.5000   22.5000 2918.4485    9.4570
    7.5000    7.5000   22.5000 2917.4907    9.5808
   -7.5000   15.0000   22.5000 2876.9690    9.7173
    0.0000   15.0000   22.5000 2935.6550    9.4586
    7.5000   15.0000   22.5000 2933.1436    9.5700
   -7.5000   22.5000   22.5000 2846.5364    9.8892
    0.0000   22.5000   22.5000 2900.1726    9.7009
    7.5000   22.5000   22.5000 2898.6946    9.7720
   -7.5000   30.0000   22.5000 2767.9058   10.2904
    0.0000   30.0000   22.5000 2818.4436   10.1383
    7.5000   30.0000   22.5000 2817.1299   10.1890
   -7.5000   37.5000   22.5000 2662.0312   10.9412
    0.0000   37.5000   22.5000 2708.2161   10.7734
    7.5000   37.5000   22.5000 2706.8801   10.7948
   -7.5000   45.0000   22.5000 2535.6843   11.8151
    0.0000   45.0000   22.5000 2581.2146   11.5975
    7.5000   45.0000   22.5000 2579.8606   11.6212
   -7.5000  -45.0000   30.0000 2017.1143   18.5294
    0.0000  -45.0000   30.0000 2038.8334   18.2357
    7.5000  -45.0000   30.0000 2034.6395   18.4982
   -7.5000  -37.5000   30.0000 2178.0747   16.0132
    0.0000  -37.5000   30.0000 2199.2671   15.7199
    7.5000  -37.5000   30.0000 2193.1299   15.9444
   -7.5000  -30.0000   30.0000 2327.9070   14.1100
    0.0000  -30.0000   30.0000 2355.2837   13.8746
    7.5000  -30.0000   30.0000 2340.7869   14.0413
   -7.5000  -22.5000   30.0000 2460.6372   12.7258
    0.0000  -22.5000   30.0000 2495.0649   12.4722
    7.5000  -22.5000   30.0000 2477.0803   12.5833
   -7.5000  -15.0000   30.0000 2568.4043   11.7175
    0.0000  -15.0000   30.0000 2613.9302   11.4808
    7.5000  -15.0000   30.0000 2596.5413   11.5628
   -7.5000   -7.5000   30.0000 2666.3965   11.0020
    0.0000   -7.5000   30.0000 2715.6421   10.7564
    7.5000   -7.5000   30.0000 2705.2529   10.8593
   -7.5000    0.0000   30.0000 2744.6968   10.5011
    0.0000    0.0000   30.0000 2797.3477   10.2220
    7.5000    0.0000   30.0000 2792.5173   10.3045
   -7.5000    7.5000   30.0000 2795.1614   10.1940
    0.0000    7.5000   30.0000 2848.3484    9.9209
    7.5000    7.5000   30.0000 2850.1025   10.0200
   -7.5000   15.0000   30.0000 2803.7100   10.1554
    0.0000   15.0000   30.0000 2850.1526    9.9148
    7.5000   15.0000   30.0000 2855.6270   10.0132
   -7.5000   22.5000   30.0000 2765.2791   10.3421
    0.0000   22.5000   30.0000 2813.6802   10.1166
    7.5000   22.5000   30.0000 2818.7671   10.2065
   -7.5000   30.0000   30.0000 2692.9048   10.7263
    0.0000   30.0000   30.0000 2736.6243   10.5263
    7.5000   30.0000   30.0000 2743.5342   10.6068
   -7.5000   37.5000   30.0000 2595.0596   11.3572
    0.0000   37.5000   30.0000 2639.1440   11.1480
    7.5000   37.5000   30.0000 2644.1443   11.1917
   -7.5000   45.0000   30.0000 2476.0825   12.2082
    0.0000   45.0000   30.0000 2526.9253   11.9620
    7.5000   45.0000   30.0000 2525.3782   11.9822
   -7.5000  -45.0000   37.5000 1975.8528   19.4347
    0.0000  -45.0000   37.5000 1995.6223   19.0763
    7.5000  -45.0000   37.5000 1993.3177   19.2619
   -7.5000  -37.5000   37.5000 2135.7852   16.8471
    0.0000  -37.5000   37.5000 2155.3667   16.5362
    7.5000  -37.5000   37.5000 2149.3643   16.6395
   -7.5000  -30.0000   37.5000 2284.8850   14.8988
    0.0000  -30.0000   37.5000 2307.9614   14.5948
    7.5000  -30.0000   37.5000 2293.5686   14.6518
   -7.5000  -22.5000   37.5000 2414.3940   13.4548
    0.0000  -22.5000   37.5000 2450.0691   13.1844
    7.5000  -22.5000   37.5000 2431.8584   13.2151
   -7.5000  -15.0000   37.5000 2516.5269   12.4123
    0.0000  -15.0000   37.5000 2565.1077   12.1483
    7.5000  -15.0000   37.5000 2547.1951   12.1818
   -7.5000   -7.5000   37.5000 2607.1719   11.6665
    0.0000   -7.5000   37.5000 2658.6448   11.4004
    7.5000   -7.5000   37.5000 2649.1038   11.4398
   -7.5000    0.0000   37.5000 2673.1499   11.1404
    0.0000    0.0000   37.5000 2723.8218   10.8554
    7.5000    0.0000   37.5000 2723.7524   10.9141
   -7.5000    7.5000   37.5000 2712.2312   10.8136
    0.0000    7.5000   37.5000 2761.7876   10.5507
    7.5000    7.5000   37.5000 2766.0872   10.6446
   -7.5000   15.0000   37.5000 2714.6067   10.7634
    0.0000   15.0000   37.5000 2757.8384   10.5418
    7.5000   15.0000   37.5000 2763.2686   10.6321
   -7.5000   22.5000   37.5000 2675.6929   10.9415
    0.0000   22.5000   37.5000 2720.2759   10.7223
    7.5000   22.5000   37.5000 2727.0698   10.8078
   -7.5000   30.0000   37.5000 2608.0288   11.3373
    0.0000   30.0000   37.5000 2649.3545   11.1067
    7.5000   30.0000   37.5000 2653.6606   11.1788
   -7.5000   37.5000   37.5000 2516.4758   11.9419
    0.0000   37.5000   37.5000 2559.3606   11.6870
    7.5000   37.5000   37.5000 2564.5979   11.7444
   -7.5000   45.0000   37.5000 2409.1670   12.7486
    0.0000   45.0000   37.5000 2454.1313   12.4663
    7.5000   45.0000   37.5000 2454.2896   12.5054
   -7.5000  -45.0000   45.0000 1924.6852   20.6341
    0.0000  -45.0000   45.0000 1942.7173   20.2778
    7.5000  -45.0000   45.0000 1938.8977   20.3610
   -7.5000  -37.5000   45.0000 2083.9919   17.9270
    0.0000  -37.5000   45.0000 2102.0635   17.6068
    7.5000  -37.5000   45.0000 2096.8247   17.6159
   -7.5000  -30.0000   45.0000 2230.6125   15.8459
    0.0000  -30.0000   45.0000 2255.2141   15.5263
    7.5000  -30.0000   45.0000 2240.2810   15.5387
   -7.5000  -22.5000   45.0000 2357.9983   14.3518
    0.0000  -22.5000   45.0000 2392.8386   14.0403
    7.5000  -22.5000   45.0000 2373.5688   14.0175
   -7.5000  -15.0000   45.0000 2453.6838   13.2691
    0.0000  -15.0000   45.0000 2496.7839   12.9736
    7.5000  -15.0000   45.0000 2481.7869   12.9781
   -7.5000   -7.5000   45.0000 2537.9478   12.4917
    0.0000   -7.5000   45.0000 2582.5449   12.1967
    7.5000   -7.5000   45.0000 2575.2800   12.2346
   -7.5000    0.0000   45.0000 2588.5935   11.9258
    0.0000    0.0000   45.0000 2635.3684   11.6678
    7.5000    0.0000   45.0000 2635.6782   11.7228
   -7.5000    7.5000   45.0000 2616.5422   11.5945
    0.0000    7.5000   45.0000 2660.8225   11.3602
    7.5000    7.5000   45.0000 2665.1760   11.4379
   -7.5000   15.0000   45.0000 2612.4541   11.5340
    0.0000   15.0000   45.0000 2651.9944   11.3279
    7.5000   15.0000   45.0000 2660.3342   11.3981
   -7.5000   22.5000   45.0000 2585.5947   11.6716
    0.0000   22.5000   45.0000 2619.0720   11.4716
    7.5000   22.5000   45.0000 2625.4070   11.5379
   -7.5000   30.0000   45.0000 2523.5920   12.0743
    0.0000   30.0000   45.0000 2554.9404   11.8489
    7.5000   30.0000   45.0000 2560.5427   11.9067
   -7.5000   37.5000   45.0000 2433.4424   12.6877
    0.0000   37.5000   45.0000 2470.7825   12.4380
    7.5000   37.5000   45.0000 2478.3335   12.4751
   -7.5000   45.0000   45.0000 2334.8501   13.4891
    0.0000   45.0000   45.0000 2372.4146   13.1829
    7.5000   45.0000   45.0000 2376.0762   13.2208

---------------------------------------------------------------------
imgreg_4dfp /opt/freesurfer/average/711-2C_as_mni_average_305 /opt/freesurfer/average/711-2B_as_mni_average_305_mask talsrcimg_g11 none talsrcimg_to_711-2C_as_mni_average_305_t4 1283
---------------------------------------------------------------------

freesurfer imgreg_4dfp.c
/opt/freesurfer/average/711-2C_as_mni_average_305.4dfp.img
       256       256       256         1
  1.000000  1.000000  1.000000
orientation T byte_order littleendian
Reading image: /opt/freesurfer/average/711-2C_as_mni_average_305.4dfp.img
dimensions:      256       256       256
mmppix:       1.0000   -1.0000   -1.0000
center:     128.0000 -129.0000 -129.0000
/opt/freesurfer/average/711-2B_as_mni_average_305_mask.4dfp.img
       256       256       256         1
  1.000000  1.000000  1.000000
orientation T byte_order littleendian
Reading mask: /opt/freesurfer/average/711-2B_as_mni_average_305_mask.4dfp.img (2306576 pixels)
talsrcimg_g11.4dfp.img
       256       256       256         1
  1.000000  1.000000  1.000000
orientation T byte_order littleendian
Reading image: talsrcimg_g11.4dfp.img
dimensions:      256       256       256
mmppix:       1.0000   -1.0000   -1.0000
center:     128.0000 -129.0000 -129.0000
rotation matrix determinant  1.000000
fimgreg.f
image alignment mode   1283 decimal      503 hex
parameters
    0.0000   15.0000    7.5000    0.0000    0.0000    0.0000
eta,q 0.94883  9.09623
niter,ni,del,rscale     5    3   12.0000    1.2000
parameter  6  1.315732 ->  0.500000 qaram    1.1500
parameters
    2.9743   16.1152    9.2909    0.6640    0.9167   -3.4500
eta,q 0.95279  9.12160
  0.0703  0.0614  0.0645  0.0560  0.0571  0.0469
  0.0652  0.0576  0.0604  0.0536  0.0539  0.0470
  0.0601  0.0549  0.0557  0.0517  0.0514  0.0482
  0.0558  0.0528  0.0518  0.0506  0.0505  0.0502
  0.0532  0.0517  0.0505  0.0508  0.0505  0.0528
  0.0533  0.0536  0.0521  0.0525  0.0516  0.0553
  0.0567  0.0574  0.0563  0.0541  0.0541  0.0580
niter,ni,del,rscale     5    3   12.0000    1.2000
parameter  6  0.670885 ->  0.500000 qaram    1.3225
parameters
    1.5843   15.4622    9.6287    1.3640    2.2248   -7.4175
eta,q 0.95558  9.01915
  0.0545  0.0547  0.0569  0.0544  0.0552  0.0453
  0.0501  0.0497  0.0526  0.0502  0.0518  0.0443
  0.0473  0.0471  0.0491  0.0472  0.0485  0.0449
  0.0472  0.0468  0.0468  0.0466  0.0467  0.0463
  0.0516  0.0487  0.0470  0.0474  0.0464  0.0488
  0.0581  0.0531  0.0506  0.0490  0.0475  0.0522
  0.0648  0.0586  0.0556  0.0508  0.0505  0.0556
niter,ni,del,rscale     5    3   12.0000    1.2000
parameters
    0.9317   14.8731    9.4842    1.4111    2.7660   -7.5529
eta,q 0.95653  8.99079
  0.0557  0.0535  0.0521  0.0518  0.0514  0.0525
  0.0494  0.0463  0.0480  0.0463  0.0482  0.0477
  0.0450  0.0432  0.0449  0.0431  0.0453  0.0443
  0.0444  0.0441  0.0436  0.0436  0.0436  0.0435
  0.0477  0.0465  0.0443  0.0456  0.0436  0.0452
  0.0538  0.0508  0.0482  0.0477  0.0456  0.0485
  0.0612  0.0560  0.0535  0.0497  0.0498  0.0526
niter,ni,del,rscale     4    3   12.0000    1.2000
parameters
    0.7698   14.8487    9.3863    1.4421    2.8774   -7.6448
eta,q 0.95656  8.98595
  0.0579  0.0555  0.0520  0.0516  0.0508  0.0527
  0.0506  0.0481  0.0479  0.0462  0.0474  0.0479
  0.0453  0.0436  0.0448  0.0430  0.0447  0.0444
  0.0435  0.0434  0.0434  0.0435  0.0435  0.0435
  0.0461  0.0454  0.0440  0.0455  0.0439  0.0451
  0.0519  0.0493  0.0479  0.0476  0.0464  0.0486
  0.0592  0.0544  0.0532  0.0496  0.0509  0.0527
niter,ni,del,rscale     3    3   12.0000    1.2000
parameters
    0.7347   14.8328    9.3528    1.4614    2.9053   -7.6754
eta,q 0.95655  8.98488
  0.0585  0.0556  0.0522  0.0516  0.0506  0.0529
  0.0511  0.0482  0.0480  0.0462  0.0473  0.0480
  0.0456  0.0436  0.0448  0.0430  0.0446  0.0445
  0.0434  0.0434  0.0434  0.0434  0.0435  0.0434
  0.0457  0.0454  0.0439  0.0455  0.0439  0.0451
  0.0515  0.0493  0.0476  0.0476  0.0465  0.0485
  0.0588  0.0544  0.0530  0.0496  0.0511  0.0526
registration optimization eta report
parameter search radius
    6.0000    6.0000    6.0000    6.0000    6.0000    7.9350
100000*second partial in parameter space
       41.       32.       26.       20.       21.       14.
  0.0585  0.0556  0.0522  0.0516  0.0506  0.0529
  0.0511  0.0482  0.0480  0.0462  0.0473  0.0480
  0.0456  0.0436  0.0448  0.0430  0.0446  0.0445
  0.0434  0.0434  0.0434  0.0434  0.0435  0.0434
  0.0457  0.0454  0.0439  0.0455  0.0439  0.0451
  0.0515  0.0493  0.0476  0.0476  0.0465  0.0485
  0.0588  0.0544  0.0530  0.0496  0.0511  0.0526
    0.7347   14.8328    9.3528    1.4614    2.9053   -7.6754
eta,q 0.95655  8.98488

---------------------------------------------------------------------
imgreg_4dfp /opt/freesurfer/average/711-2C_as_mni_average_305 /opt/freesurfer/average/711-2B_as_mni_average_305_mask talsrcimg_g11 none talsrcimg_to_711-2C_as_mni_average_305_t4 3335
---------------------------------------------------------------------

freesurfer imgreg_4dfp.c
/opt/freesurfer/average/711-2C_as_mni_average_305.4dfp.img
       256       256       256         1
  1.000000  1.000000  1.000000
orientation T byte_order littleendian
Reading image: /opt/freesurfer/average/711-2C_as_mni_average_305.4dfp.img
dimensions:      256       256       256
mmppix:       1.0000   -1.0000   -1.0000
center:     128.0000 -129.0000 -129.0000
/opt/freesurfer/average/711-2B_as_mni_average_305_mask.4dfp.img
       256       256       256         1
  1.000000  1.000000  1.000000
orientation T byte_order littleendian
Reading mask: /opt/freesurfer/average/711-2B_as_mni_average_305_mask.4dfp.img (2306576 pixels)
talsrcimg_g11.4dfp.img
       256       256       256         1
  1.000000  1.000000  1.000000
orientation T byte_order littleendian
Reading image: talsrcimg_g11.4dfp.img
dimensions:      256       256       256
mmppix:       1.0000   -1.0000   -1.0000
center:     128.0000 -129.0000 -129.0000
fimgreg.f
image alignment mode   3335 decimal      D07 hex
parameters
    0.7347   14.8328    9.3528   -1.0233   -0.9109   -0.1610
   13.2236   -5.3622  -13.3389   -1.8508    5.0686    2.5471
eta,q 0.95752  9.08688
niter,ni,del,rscale     5    3    5.0000    1.2000
parameter  4  1.526928 ->  0.500000 qaram    1.1500
parameter  5  2.059402 ->  0.500000 qaram    1.1500
parameter  6  0.746528 ->  0.500000 qaram    1.1500
parameter  8 -0.518330 -> -0.500000 qaram    1.1500
parameter  9 -0.560347 -> -0.500000 qaram    1.1500
parameter 11 -0.595353 -> -0.500000 qaram    1.1500
parameters
    0.6885   15.0314    9.4380   -5.1633   -5.0509   -4.3010
   12.5799   -1.2222   -9.1989   -5.0812    9.2086   -0.2488
eta,q 0.97194  8.58396
  0.0451  0.0446  0.0444  0.0362  0.0316  0.0313  0.0333  0.0388  0.0338  0.0299  0.0319  0.0285
  0.0437  0.0435  0.0434  0.0375  0.0331  0.0311  0.0320  0.0356  0.0322  0.0290  0.0306  0.0282
  0.0428  0.0428  0.0427  0.0395  0.0351  0.0317  0.0313  0.0330  0.0309  0.0288  0.0296  0.0281
  0.0425  0.0425  0.0425  0.0425  0.0380  0.0336  0.0311  0.0311  0.0300  0.0294  0.0288  0.0283
  0.0428  0.0426  0.0427  0.0461  0.0413  0.0366  0.0316  0.0301  0.0295  0.0308  0.0284  0.0287
  0.0438  0.0431  0.0432  0.0503  0.0447  0.0405  0.0327  0.0300  0.0294  0.0329  0.0283  0.0295
  0.0454  0.0440  0.0441  0.0549  0.0485  0.0455  0.0342  0.0311  0.0298  0.0352  0.0286  0.0305
niter,ni,del,rscale     7    3    5.0000    1.2000
parameter  5  0.720738 ->  0.500000 qaram    1.3225
parameters
    0.7358   15.5209    8.9574   -8.8611   -9.8119   -6.0270
   12.5898   -3.0176  -10.4335   -3.4737   10.9529    0.9424
eta,q 0.97465  8.27434
  0.0318  0.0312  0.0291  0.0285  0.0255  0.0275  0.0281  0.0286  0.0271  0.0288  0.0274  0.0267
  0.0298  0.0297  0.0283  0.0275  0.0253  0.0266  0.0269  0.0266  0.0261  0.0271  0.0265  0.0261
  0.0285  0.0286  0.0279  0.0271  0.0259  0.0261  0.0262  0.0256  0.0256  0.0260  0.0258  0.0256
  0.0281  0.0281  0.0279  0.0278  0.0271  0.0254  0.0259  0.0259  0.0255  0.0255  0.0254  0.0254
  0.0285  0.0280  0.0285  0.0301  0.0291  0.0257  0.0261  0.0272  0.0260  0.0255  0.0254  0.0254
  0.0296  0.0284  0.0294  0.0337  0.0320  0.0283  0.0269  0.0294  0.0270  0.0259  0.0257  0.0256
  0.0315  0.0294  0.0306  0.0380  0.0356  0.0325  0.0282  0.0325  0.0285  0.0267  0.0262  0.0261
niter,ni,del,rscale     7    3    5.0000    1.2000
parameters
    0.9063   15.8544    8.8614   -9.3555  -12.0316   -6.6208
   12.7306   -2.8615  -11.0182   -2.4254   11.3139    0.9470
eta,q 0.97471  8.15465
  0.0288  0.0282  0.0265  0.0282  0.0273  0.0275  0.0277  0.0298  0.0270  0.0277  0.0267  0.0263
  0.0271  0.0268  0.0258  0.0269  0.0260  0.0263  0.0265  0.0275  0.0261  0.0264  0.0260  0.0258
  0.0259  0.0258  0.0253  0.0258  0.0253  0.0257  0.0256  0.0259  0.0255  0.0257  0.0255  0.0254
  0.0253  0.0253  0.0253  0.0253  0.0253  0.0252  0.0253  0.0253  0.0253  0.0253  0.0253  0.0253
  0.0255  0.0254  0.0255  0.0255  0.0263  0.0249  0.0256  0.0258  0.0257  0.0254  0.0254  0.0254
  0.0264  0.0259  0.0260  0.0269  0.0281  0.0262  0.0263  0.0272  0.0264  0.0258  0.0258  0.0257
  0.0280  0.0269  0.0267  0.0296  0.0311  0.0294  0.0275  0.0296  0.0276  0.0266  0.0265  0.0263
niter,ni,del,rscale     6    3    5.0000    1.2000
parameters
    0.9916   16.1941    8.8849   -9.5293  -12.7903   -6.6755
   12.6740   -2.6373  -11.2809   -1.4717   11.4344    0.6709
eta,q 0.97475  8.11800
  0.0284  0.0280  0.0265  0.0280  0.0279  0.0277  0.0274  0.0297  0.0271  0.0274  0.0266  0.0262
  0.0268  0.0267  0.0258  0.0268  0.0266  0.0265  0.0263  0.0274  0.0261  0.0263  0.0259  0.0257
  0.0258  0.0257  0.0254  0.0258  0.0257  0.0258  0.0255  0.0259  0.0255  0.0257  0.0254  0.0254
  0.0253  0.0253  0.0252  0.0252  0.0253  0.0253  0.0253  0.0253  0.0253  0.0253  0.0253  0.0253
  0.0255  0.0253  0.0254  0.0254  0.0257  0.0248  0.0256  0.0257  0.0256  0.0253  0.0254  0.0254
  0.0265  0.0259  0.0258  0.0265  0.0271  0.0257  0.0263  0.0270  0.0262  0.0257  0.0258  0.0258
  0.0281  0.0268  0.0264  0.0288  0.0292  0.0286  0.0275  0.0293  0.0273  0.0265  0.0265  0.0264
niter,ni,del,rscale     5    3    5.0000    1.2000
parameters
    1.0715   16.4793    8.7911   -9.6746  -13.2898   -6.8609
   12.5611   -2.4220  -11.4662   -0.5582   11.5465    0.4112
eta,q 0.97474  8.08553
  0.0283  0.0278  0.0264  0.0279  0.0279  0.0276  0.0273  0.0295  0.0270  0.0273  0.0266  0.0262
  0.0267  0.0265  0.0257  0.0267  0.0266  0.0264  0.0262  0.0273  0.0261  0.0263  0.0259  0.0257
  0.0257  0.0257  0.0253  0.0258  0.0257  0.0257  0.0255  0.0259  0.0255  0.0257  0.0254  0.0254
  0.0253  0.0252  0.0252  0.0252  0.0252  0.0253  0.0253  0.0253  0.0253  0.0253  0.0253  0.0253
  0.0255  0.0253  0.0254  0.0253  0.0256  0.0248  0.0256  0.0256  0.0255  0.0253  0.0254  0.0254
  0.0264  0.0259  0.0258  0.0264  0.0268  0.0258  0.0263  0.0269  0.0262  0.0257  0.0258  0.0258
  0.0280  0.0268  0.0265  0.0286  0.0288  0.0287  0.0274  0.0293  0.0272  0.0265  0.0265  0.0264
niter,ni,del,rscale     4    3    5.0000    1.2000
parameters
    1.1505   16.7723    8.6412   -9.8234  -13.8237   -7.1562
   12.4137   -2.1960  -11.6114    0.3962   11.6242    0.1475
eta,q 0.97471  8.04655
  0.0282  0.0278  0.0263  0.0278  0.0278  0.0275  0.0273  0.0295  0.0271  0.0273  0.0266  0.0263
  0.0267  0.0265  0.0257  0.0266  0.0265  0.0264  0.0262  0.0273  0.0261  0.0264  0.0259  0.0257
  0.0257  0.0257  0.0253  0.0258  0.0257  0.0257  0.0255  0.0259  0.0255  0.0257  0.0254  0.0254
  0.0253  0.0253  0.0252  0.0252  0.0252  0.0253  0.0253  0.0253  0.0253  0.0253  0.0253  0.0253
  0.0255  0.0253  0.0254  0.0253  0.0256  0.0249  0.0256  0.0256  0.0255  0.0254  0.0254  0.0254
  0.0264  0.0259  0.0259  0.0263  0.0267  0.0259  0.0263  0.0269  0.0262  0.0258  0.0258  0.0258
  0.0279  0.0268  0.0266  0.0285  0.0286  0.0288  0.0274  0.0292  0.0272  0.0265  0.0265  0.0264
niter,ni,del,rscale     3    3    5.0000    1.2000
parameters
    1.2359   17.1029    8.4649   -9.9812  -14.4388   -7.5131
   12.2142   -1.9410  -11.7132    1.4005   11.6230   -0.1449
eta,q 0.97469  8.00089
  0.0282  0.0278  0.0263  0.0277  0.0276  0.0274  0.0272  0.0294  0.0271  0.0274  0.0265  0.0263
  0.0267  0.0265  0.0257  0.0266  0.0264  0.0263  0.0262  0.0273  0.0261  0.0264  0.0259  0.0257
  0.0257  0.0257  0.0253  0.0258  0.0256  0.0257  0.0256  0.0260  0.0256  0.0257  0.0255  0.0254
  0.0253  0.0253  0.0253  0.0253  0.0253  0.0253  0.0254  0.0254  0.0254  0.0254  0.0253  0.0253
  0.0255  0.0253  0.0255  0.0253  0.0256  0.0249  0.0257  0.0256  0.0256  0.0254  0.0255  0.0255
  0.0264  0.0258  0.0259  0.0263  0.0267  0.0260  0.0264  0.0268  0.0262  0.0258  0.0259  0.0258
  0.0279  0.0267  0.0267  0.0284  0.0286  0.0287  0.0274  0.0291  0.0272  0.0266  0.0265  0.0264
niter,ni,del,rscale     2    3    5.0000    1.2000
parameters
    1.3295   17.4713    8.2783  -10.1418  -15.1039   -7.8955
   11.9748   -1.6705  -11.7668    2.3458   11.5616   -0.5095
eta,q 0.97469  7.95200
  0.0282  0.0278  0.0263  0.0276  0.0275  0.0273  0.0271  0.0294  0.0271  0.0275  0.0264  0.0262
  0.0267  0.0265  0.0257  0.0265  0.0263  0.0262  0.0261  0.0273  0.0261  0.0264  0.0258  0.0257
  0.0257  0.0257  0.0253  0.0257  0.0255  0.0256  0.0255  0.0259  0.0255  0.0257  0.0254  0.0254
  0.0253  0.0253  0.0253  0.0253  0.0253  0.0253  0.0254  0.0254  0.0254  0.0254  0.0253  0.0253
  0.0255  0.0253  0.0255  0.0253  0.0256  0.0249  0.0257  0.0256  0.0256  0.0254  0.0254  0.0255
  0.0264  0.0258  0.0259  0.0262  0.0267  0.0259  0.0263  0.0268  0.0262  0.0258  0.0258  0.0258
  0.0278  0.0266  0.0266  0.0282  0.0284  0.0286  0.0273  0.0290  0.0271  0.0266  0.0265  0.0264
niter,ni,del,rscale     1    3    5.0000    1.2000
parameters
    1.4305   17.8224    8.1236  -10.2912  -15.6783   -8.1967
   11.7443   -1.4313  -11.8321    3.0953   11.4727   -0.8688
eta,q 0.97471  7.91088
  0.0281  0.0277  0.0263  0.0274  0.0276  0.0273  0.0270  0.0292  0.0271  0.0275  0.0263  0.0262
  0.0267  0.0265  0.0257  0.0264  0.0263  0.0262  0.0261  0.0272  0.0261  0.0264  0.0257  0.0257
  0.0257  0.0257  0.0253  0.0257  0.0255  0.0256  0.0255  0.0258  0.0255  0.0256  0.0254  0.0254
  0.0253  0.0253  0.0253  0.0253  0.0253  0.0253  0.0253  0.0253  0.0253  0.0253  0.0253  0.0253
  0.0255  0.0253  0.0254  0.0253  0.0256  0.0249  0.0256  0.0256  0.0256  0.0254  0.0254  0.0255
  0.0264  0.0258  0.0259  0.0261  0.0266  0.0258  0.0263  0.0268  0.0262  0.0259  0.0258  0.0258
  0.0277  0.0266  0.0266  0.0281  0.0283  0.0283  0.0272  0.0289  0.0272  0.0267  0.0264  0.0263
registration optimization eta report
parameter search radius
    2.4000    2.4000    2.4000    8.2800    9.5220    8.2800
    7.2000    8.2800    8.2800    7.2000    8.2800    7.2000
100000*second partial in parameter space
       45.       32.       20.        4.        3.        4.
        3.        5.        3.        3.        2.        2.
  0.0281  0.0277  0.0263  0.0274  0.0276  0.0273  0.0270  0.0292  0.0271  0.0275  0.0263  0.0262
  0.0267  0.0265  0.0257  0.0264  0.0263  0.0262  0.0261  0.0272  0.0261  0.0264  0.0257  0.0257
  0.0257  0.0257  0.0253  0.0257  0.0255  0.0256  0.0255  0.0258  0.0255  0.0256  0.0254  0.0254
  0.0253  0.0253  0.0253  0.0253  0.0253  0.0253  0.0253  0.0253  0.0253  0.0253  0.0253  0.0253
  0.0255  0.0253  0.0254  0.0253  0.0256  0.0249  0.0256  0.0256  0.0256  0.0254  0.0254  0.0255
  0.0264  0.0258  0.0259  0.0261  0.0266  0.0258  0.0263  0.0268  0.0262  0.0259  0.0258  0.0258
  0.0277  0.0266  0.0266  0.0281  0.0283  0.0283  0.0272  0.0289  0.0272  0.0267  0.0264  0.0263
    1.4305   17.8224    8.1236  -10.2912  -15.6783   -8.1967
   11.7443   -1.4313  -11.8321    3.0953   11.4727   -0.8688
eta,q 0.97471  7.91088

---------------------------------------------------------------------
imgreg_4dfp /opt/freesurfer/average/711-2C_as_mni_average_305 /opt/freesurfer/average/711-2B_as_mni_average_305_mask talsrcimg_g11 none talsrcimg_to_711-2C_as_mni_average_305_t4 2311
---------------------------------------------------------------------

freesurfer imgreg_4dfp.c
/opt/freesurfer/average/711-2C_as_mni_average_305.4dfp.img
       256       256       256         1
  1.000000  1.000000  1.000000
orientation T byte_order littleendian
Reading image: /opt/freesurfer/average/711-2C_as_mni_average_305.4dfp.img
dimensions:      256       256       256
mmppix:       1.0000   -1.0000   -1.0000
center:     128.0000 -129.0000 -129.0000
/opt/freesurfer/average/711-2B_as_mni_average_305_mask.4dfp.img
       256       256       256         1
  1.000000  1.000000  1.000000
orientation T byte_order littleendian
Reading mask: /opt/freesurfer/average/711-2B_as_mni_average_305_mask.4dfp.img (2306576 pixels)
talsrcimg_g11.4dfp.img
       256       256       256         1
  1.000000  1.000000  1.000000
orientation T byte_order littleendian
Reading image: talsrcimg_g11.4dfp.img
dimensions:      256       256       256
mmppix:       1.0000   -1.0000   -1.0000
center:     128.0000 -129.0000 -129.0000
fimgreg.f
image alignment mode   2311 decimal      907 hex
parameters
    1.4305   17.8224    8.1236  -10.2912  -15.6783   -8.1967
   11.7443   -1.4313  -11.8321    3.0953   11.4727   -0.8688
eta,q 0.97471  7.91089
niter,ni,del,rscale     5    3    5.0000    0.8000
parameters
    1.5370   18.0788    8.0289   -9.4567  -15.7954   -6.0533
   11.8720   -1.0095  -11.6250    3.6629   11.5272   -1.5358
eta,q 0.97522  8.01647
  0.0266  0.0264  0.0257  0.0261  0.0258  0.0260  0.0258  0.0268  0.0255  0.0259  0.0254  0.0252
  0.0259  0.0259  0.0254  0.0257  0.0255  0.0256  0.0253  0.0258  0.0252  0.0254  0.0251  0.0249
  0.0255  0.0255  0.0253  0.0255  0.0253  0.0254  0.0250  0.0251  0.0249  0.0250  0.0249  0.0248
  0.0253  0.0253  0.0253  0.0253  0.0252  0.0252  0.0248  0.0248  0.0248  0.0248  0.0248  0.0248
  0.0254  0.0253  0.0253  0.0252  0.0253  0.0249  0.0249  0.0249  0.0249  0.0248  0.0249  0.0249
  0.0257  0.0255  0.0255  0.0254  0.0255  0.0248  0.0252  0.0254  0.0251  0.0251  0.0250  0.0251
  0.0263  0.0259  0.0258  0.0257  0.0259  0.0253  0.0257  0.0262  0.0254  0.0255  0.0254  0.0255
niter,ni,del,rscale     4    3    5.0000    0.7000
parameters
    1.5783   18.0966    8.2289   -9.3984  -15.5665   -6.2762
   11.7478   -0.9475  -11.6042    3.7610   11.6070   -1.5134
eta,q 0.97519  8.02000
  0.0258  0.0255  0.0256  0.0255  0.0253  0.0256  0.0255  0.0261  0.0253  0.0255  0.0252  0.0252
  0.0253  0.0251  0.0252  0.0252  0.0250  0.0253  0.0251  0.0254  0.0250  0.0252  0.0250  0.0250
  0.0249  0.0249  0.0249  0.0249  0.0249  0.0251  0.0249  0.0250  0.0249  0.0249  0.0249  0.0248
  0.0248  0.0248  0.0248  0.0248  0.0248  0.0248  0.0248  0.0248  0.0248  0.0248  0.0248  0.0248
  0.0249  0.0249  0.0248  0.0248  0.0248  0.0248  0.0249  0.0249  0.0249  0.0249  0.0248  0.0249
  0.0252  0.0251  0.0249  0.0250  0.0250  0.0252  0.0252  0.0253  0.0250  0.0251  0.0250  0.0250
  0.0257  0.0254  0.0252  0.0255  0.0252  0.0261  0.0255  0.0260  0.0253  0.0255  0.0252  0.0252
niter,ni,del,rscale     3    3    5.0000    0.6000
parameters
    1.5993   18.0559    8.1681   -9.2613  -15.5154   -6.0940
   11.7244   -0.9124  -11.6517    3.7026   11.6196   -1.5547
eta,q 0.97523  8.03339
  0.0255  0.0253  0.0252  0.0253  0.0252  0.0255  0.0253  0.0258  0.0251  0.0253  0.0251  0.0251
  0.0252  0.0250  0.0250  0.0251  0.0250  0.0253  0.0250  0.0252  0.0249  0.0250  0.0249  0.0249
  0.0249  0.0248  0.0248  0.0249  0.0249  0.0251  0.0248  0.0249  0.0248  0.0248  0.0248  0.0248
  0.0248  0.0248  0.0248  0.0248  0.0248  0.0248  0.0248  0.0248  0.0248  0.0248  0.0248  0.0248
  0.0249  0.0249  0.0249  0.0248  0.0248  0.0247  0.0248  0.0249  0.0248  0.0248  0.0248  0.0248
  0.0251  0.0251  0.0250  0.0250  0.0250  0.0250  0.0250  0.0252  0.0249  0.0250  0.0249  0.0249
  0.0255  0.0253  0.0253  0.0253  0.0252  0.0256  0.0253  0.0257  0.0252  0.0253  0.0251  0.0251
niter,ni,del,rscale     2    3    5.0000    0.5000
parameters
    1.5968   18.0490    8.2000   -9.1736  -15.4713   -5.8146
   11.7227   -0.9070  -11.6447    3.6446   11.6030   -1.6921
eta,q 0.97527  8.04871
  0.0253  0.0251  0.0251  0.0252  0.0250  0.0254  0.0251  0.0254  0.0250  0.0251  0.0250  0.0249
  0.0250  0.0249  0.0249  0.0250  0.0249  0.0252  0.0249  0.0251  0.0248  0.0249  0.0248  0.0248
  0.0248  0.0248  0.0248  0.0248  0.0248  0.0250  0.0248  0.0248  0.0248  0.0248  0.0248  0.0247
  0.0248  0.0248  0.0248  0.0248  0.0248  0.0248  0.0247  0.0247  0.0247  0.0247  0.0247  0.0247
  0.0248  0.0248  0.0248  0.0248  0.0248  0.0247  0.0248  0.0248  0.0248  0.0248  0.0248  0.0248
  0.0250  0.0249  0.0249  0.0249  0.0249  0.0249  0.0249  0.0250  0.0249  0.0249  0.0248  0.0249
  0.0253  0.0251  0.0251  0.0251  0.0250  0.0253  0.0251  0.0254  0.0250  0.0251  0.0250  0.0250
niter,ni,del,rscale     1    3    5.0000    0.4000
parameters
    1.5954   18.0273    8.2600   -9.1124  -15.3720   -5.5574
   11.7496   -0.9094  -11.6529    3.5430   11.5928   -1.8277
eta,q 0.97529  8.06490
  0.0251  0.0249  0.0250  0.0250  0.0249  0.0252  0.0249  0.0252  0.0249  0.0249  0.0249  0.0248
  0.0249  0.0248  0.0248  0.0249  0.0248  0.0251  0.0248  0.0249  0.0248  0.0248  0.0248  0.0248
  0.0248  0.0248  0.0248  0.0248  0.0248  0.0249  0.0247  0.0248  0.0247  0.0247  0.0247  0.0247
  0.0247  0.0247  0.0247  0.0247  0.0247  0.0247  0.0247  0.0247  0.0247  0.0247  0.0247  0.0247
  0.0248  0.0248  0.0247  0.0247  0.0247  0.0247  0.0247  0.0248  0.0247  0.0247  0.0247  0.0247
  0.0249  0.0248  0.0248  0.0248  0.0248  0.0248  0.0248  0.0249  0.0248  0.0248  0.0248  0.0248
  0.0251  0.0250  0.0249  0.0250  0.0249  0.0251  0.0249  0.0252  0.0249  0.0250  0.0249  0.0249
registration optimization eta report
parameter search radius
    0.8000    0.8000    0.8000    2.4000    2.4000    2.4000
    2.4000    2.4000    2.4000    2.4000    2.4000    2.4000
100000*second partial in parameter space
       51.       35.       33.        5.        3.        8.
        4.        8.        3.        4.        3.        3.
  0.0251  0.0249  0.0250  0.0250  0.0249  0.0252  0.0249  0.0252  0.0249  0.0249  0.0249  0.0248
  0.0249  0.0248  0.0248  0.0249  0.0248  0.0251  0.0248  0.0249  0.0248  0.0248  0.0248  0.0248
  0.0248  0.0248  0.0248  0.0248  0.0248  0.0249  0.0247  0.0248  0.0247  0.0247  0.0247  0.0247
  0.0247  0.0247  0.0247  0.0247  0.0247  0.0247  0.0247  0.0247  0.0247  0.0247  0.0247  0.0247
  0.0248  0.0248  0.0247  0.0247  0.0247  0.0247  0.0247  0.0248  0.0247  0.0247  0.0247  0.0247
  0.0249  0.0248  0.0248  0.0248  0.0248  0.0248  0.0248  0.0249  0.0248  0.0248  0.0248  0.0248
  0.0251  0.0250  0.0249  0.0250  0.0249  0.0251  0.0249  0.0252  0.0249  0.0250  0.0249  0.0249
    1.5954   18.0273    8.2600   -9.1124  -15.3720   -5.5574
   11.7496   -0.9094  -11.6529    3.5430   11.5928   -1.8277
eta,q 0.97529  8.06490

---------------------------------------------------------------------
imgreg_4dfp /opt/freesurfer/average/711-2C_as_mni_average_305 /opt/freesurfer/average/711-2B_as_mni_average_305_mask talsrcimg_g11 none talsrcimg_to_711-2C_as_mni_average_305_t4 2311
---------------------------------------------------------------------

freesurfer imgreg_4dfp.c
/opt/freesurfer/average/711-2C_as_mni_average_305.4dfp.img
       256       256       256         1
  1.000000  1.000000  1.000000
orientation T byte_order littleendian
Reading image: /opt/freesurfer/average/711-2C_as_mni_average_305.4dfp.img
dimensions:      256       256       256
mmppix:       1.0000   -1.0000   -1.0000
center:     128.0000 -129.0000 -129.0000
/opt/freesurfer/average/711-2B_as_mni_average_305_mask.4dfp.img
       256       256       256         1
  1.000000  1.000000  1.000000
orientation T byte_order littleendian
Reading mask: /opt/freesurfer/average/711-2B_as_mni_average_305_mask.4dfp.img (2306576 pixels)
talsrcimg_g11.4dfp.img
       256       256       256         1
  1.000000  1.000000  1.000000
orientation T byte_order littleendian
Reading image: talsrcimg_g11.4dfp.img
dimensions:      256       256       256
mmppix:       1.0000   -1.0000   -1.0000
center:     128.0000 -129.0000 -129.0000
fimgreg.f
image alignment mode   2311 decimal      907 hex
parameters
    1.5954   18.0273    8.2600   -9.1124  -15.3720   -5.5574
   11.7496   -0.9094  -11.6529    3.5430   11.5928   -1.8277
eta,q 0.97529  8.06490
niter,ni,del,rscale     5    3    5.0000    0.8000
parameters
    1.5824   18.0044    8.3480   -9.5382  -15.5146   -6.2441
   11.7177   -0.9890  -11.6308    3.6221   11.6027   -1.4142
eta,q 0.97519  8.01830
  0.0260  0.0256  0.0256  0.0255  0.0254  0.0256  0.0257  0.0263  0.0255  0.0257  0.0253  0.0255
  0.0253  0.0251  0.0251  0.0251  0.0250  0.0254  0.0252  0.0255  0.0251  0.0253  0.0251  0.0251
  0.0249  0.0248  0.0248  0.0248  0.0248  0.0250  0.0249  0.0250  0.0249  0.0249  0.0249  0.0249
  0.0247  0.0247  0.0247  0.0247  0.0247  0.0247  0.0248  0.0248  0.0248  0.0248  0.0248  0.0248
  0.0249  0.0248  0.0248  0.0248  0.0248  0.0249  0.0249  0.0250  0.0249  0.0249  0.0249  0.0249
  0.0253  0.0251  0.0250  0.0252  0.0250  0.0256  0.0252  0.0255  0.0251  0.0252  0.0250  0.0250
  0.0260  0.0256  0.0254  0.0260  0.0255  0.0269  0.0257  0.0265  0.0255  0.0257  0.0253  0.0253
niter,ni,del,rscale     4    3    5.0000    0.7000
parameters
    1.5892   18.0029    8.1992   -9.3676  -15.4882   -6.3162
   11.7261   -0.9458  -11.6524    3.6344   11.6250   -1.4279
eta,q 0.97519  8.02255
  0.0258  0.0255  0.0253  0.0255  0.0253  0.0256  0.0255  0.0261  0.0253  0.0255  0.0252  0.0252
  0.0253  0.0251  0.0250  0.0252  0.0250  0.0254  0.0251  0.0254  0.0250  0.0251  0.0250  0.0250
  0.0249  0.0249  0.0248  0.0250  0.0249  0.0251  0.0249  0.0250  0.0249  0.0249  0.0249  0.0248
  0.0248  0.0248  0.0248  0.0248  0.0248  0.0248  0.0248  0.0248  0.0248  0.0248  0.0248  0.0248
  0.0249  0.0249  0.0249  0.0248  0.0248  0.0247  0.0249  0.0249  0.0249  0.0249  0.0248  0.0249
  0.0252  0.0251  0.0252  0.0250  0.0250  0.0252  0.0251  0.0253  0.0250  0.0251  0.0250  0.0250
  0.0258  0.0255  0.0255  0.0255  0.0253  0.0260  0.0255  0.0261  0.0253  0.0255  0.0252  0.0252
niter,ni,del,rscale     3    3    5.0000    0.6000
parameters
    1.5927   18.0329    8.1658   -9.2354  -15.4731   -6.0931
   11.7270   -0.9275  -11.6533    3.6628   11.6156   -1.5610
eta,q 0.97523  8.03615
  0.0255  0.0253  0.0252  0.0254  0.0252  0.0255  0.0253  0.0258  0.0251  0.0253  0.0251  0.0251
  0.0251  0.0250  0.0250  0.0251  0.0250  0.0253  0.0250  0.0252  0.0249  0.0250  0.0249  0.0249
  0.0249  0.0249  0.0248  0.0249  0.0249  0.0251  0.0248  0.0249  0.0248  0.0248  0.0248  0.0248
  0.0248  0.0248  0.0248  0.0248  0.0248  0.0248  0.0248  0.0248  0.0248  0.0248  0.0248  0.0248
  0.0249  0.0249  0.0249  0.0248  0.0248  0.0247  0.0248  0.0249  0.0248  0.0248  0.0248  0.0248
  0.0251  0.0250  0.0250  0.0250  0.0250  0.0250  0.0250  0.0252  0.0249  0.0250  0.0249  0.0249
  0.0255  0.0253  0.0252  0.0253  0.0252  0.0256  0.0253  0.0257  0.0251  0.0253  0.0251  0.0251
niter,ni,del,rscale     2    3    5.0000    0.5000
parameters
    1.5930   18.0404    8.2011   -9.1695  -15.4510   -5.8087
   11.7293   -0.9141  -11.6523    3.6267   11.6039   -1.6904
eta,q 0.97527  8.05000
  0.0253  0.0251  0.0251  0.0252  0.0250  0.0254  0.0251  0.0255  0.0250  0.0251  0.0250  0.0249
  0.0250  0.0249  0.0249  0.0250  0.0249  0.0252  0.0249  0.0251  0.0248  0.0249  0.0248  0.0248
  0.0248  0.0248  0.0248  0.0248  0.0248  0.0250  0.0248  0.0248  0.0248  0.0248  0.0248  0.0247
  0.0248  0.0248  0.0248  0.0248  0.0248  0.0248  0.0247  0.0247  0.0247  0.0247  0.0247  0.0247
  0.0248  0.0248  0.0248  0.0248  0.0248  0.0247  0.0248  0.0248  0.0248  0.0248  0.0248  0.0248
  0.0250  0.0249  0.0249  0.0249  0.0249  0.0249  0.0249  0.0250  0.0248  0.0249  0.0248  0.0248
  0.0253  0.0251  0.0251  0.0252  0.0250  0.0253  0.0251  0.0254  0.0250  0.0251  0.0250  0.0250
niter,ni,del,rscale     1    3    5.0000    0.4000
parameters
    1.5919   18.0230    8.2651   -9.1073  -15.3798   -5.5484
   11.7525   -0.9211  -11.6576    3.5368   11.5783   -1.8053
eta,q 0.97530  8.06509
  0.0251  0.0249  0.0250  0.0250  0.0249  0.0252  0.0249  0.0252  0.0249  0.0249  0.0249  0.0248
  0.0249  0.0248  0.0248  0.0249  0.0248  0.0250  0.0248  0.0249  0.0248  0.0248  0.0248  0.0248
  0.0248  0.0248  0.0248  0.0248  0.0248  0.0249  0.0247  0.0248  0.0247  0.0247  0.0247  0.0247
  0.0247  0.0247  0.0247  0.0247  0.0247  0.0247  0.0247  0.0247  0.0247  0.0247  0.0247  0.0247
  0.0248  0.0248  0.0247  0.0247  0.0247  0.0247  0.0247  0.0248  0.0247  0.0247  0.0247  0.0247
  0.0249  0.0248  0.0248  0.0248  0.0248  0.0248  0.0248  0.0249  0.0248  0.0248  0.0248  0.0248
  0.0251  0.0250  0.0249  0.0250  0.0249  0.0251  0.0249  0.0252  0.0249  0.0250  0.0249  0.0249
registration optimization eta report
parameter search radius
    0.8000    0.8000    0.8000    2.4000    2.4000    2.4000
    2.4000    2.4000    2.4000    2.4000    2.4000    2.4000
100000*second partial in parameter space
       51.       35.       33.        5.        3.        8.
        4.        8.        3.        4.        3.        3.
  0.0251  0.0249  0.0250  0.0250  0.0249  0.0252  0.0249  0.0252  0.0249  0.0249  0.0249  0.0248
  0.0249  0.0248  0.0248  0.0249  0.0248  0.0250  0.0248  0.0249  0.0248  0.0248  0.0248  0.0248
  0.0248  0.0248  0.0248  0.0248  0.0248  0.0249  0.0247  0.0248  0.0247  0.0247  0.0247  0.0247
  0.0247  0.0247  0.0247  0.0247  0.0247  0.0247  0.0247  0.0247  0.0247  0.0247  0.0247  0.0247
  0.0248  0.0248  0.0247  0.0247  0.0247  0.0247  0.0247  0.0248  0.0247  0.0247  0.0247  0.0247
  0.0249  0.0248  0.0248  0.0248  0.0248  0.0248  0.0248  0.0249  0.0248  0.0248  0.0248  0.0248
  0.0251  0.0250  0.0249  0.0250  0.0249  0.0251  0.0249  0.0252  0.0249  0.0250  0.0249  0.0249
    1.5919   18.0230    8.2651   -9.1073  -15.3798   -5.5484
   11.7525   -0.9211  -11.6576    3.5368   11.5783   -1.8053
eta,q 0.97530  8.06509

---------------------------------------------------------------------
compute_vox2vox talsrcimg talsrcimg_to_711-2C_as_mni_average_305_t4 /opt/freesurfer/average/711-2C_as_mni_average_305
---------------------------------------------------------------------

freesurfer compute_vox2vox.c
Reading: talsrcimg.4dfp.ifh
Reading: talsrcimg_to_711-2C_as_mni_average_305_t4
Reading: /opt/freesurfer/average/711-2C_as_mni_average_305.4dfp.ifh
Writing: talsrcimg_to_711-2C_as_mni_average_305_t4_vox2vox.txt

start time Fri Mar 13 01:00:27 CET 2026
end		time Fri Mar 13 01:01:59 CET 2026

mpr2mni305 success

avi2talxfm orig_nu.mgz /opt/freesurfer/average/mni305.cor.mgz talsrcimg_to_711-2C_as_mni_average_305_t4_vox2vox.txt transforms/talairach.auto.xfm
avi2talxfm done
mv -f /out/sourcedata/freesurfer/sub-v2s3x28803_ses-1/mri/talsrcimg_to_711-2C_as_mni_average_305_t4_vox2vox.txt /out/sourcedata/freesurfer/sub-v2s3x28803_ses-1/mri/transforms/talsrcimg_to_711-2C_as_mni_average_305_t4_vox2vox.txt
lta_convert --src orig_nu.mgz --trg /opt/freesurfer/average/mni305.cor.mgz --inxfm transforms/talairach.auto.xfm --outlta transforms/talairach.auto.xfm.lta --subject fsaverage
7.3.2

--src: orig_nu.mgz src image (geometry).
--trg: /opt/freesurfer/average/mni305.cor.mgz trg image (geometry).
--inmni: transforms/talairach.auto.xfm input MNI/XFM transform.
--outlta: transforms/talairach.auto.xfm.lta output LTA.
--s: fsaverage subject name
 LTA read, type : 1
 1.07897   0.01612  -0.14951  -0.21670;
-0.12932   1.05597   0.04049  -41.39868;
 0.15405  -0.04191   1.15946  -11.19246;
 0.00000   0.00000   0.00000   1.00000;
setting subject to fsaverage
Writing  LTA to file transforms/talairach.auto.xfm.lta...
lta_convert successful.
 
 
Started at Fri Mar 13 01:00:26 CET 2026
Ended   at Fri Mar 13 01:01:59 CET 2026
talairach_avi done
