/out/sourcedata/freesurfer/sub-v2s3x28800_ses-1/mri
/opt/freesurfer/bin/talairach_avi
--i orig_nu.mgz --xfm transforms/talairach.auto.xfm
talairach_avi 7.3.2
Linux dna060 5.14.0-427.37.1.el9_4.x86_64 #1 SMP PREEMPT_DYNAMIC Fri Sep 13 12:41:50 EDT 2024 x86_64 x86_64 x86_64 GNU/Linux
Fri Mar 13 00:45:09 CET 2026
mri_convert orig_nu.mgz talsrcimg.img 
reading from orig_nu.mgz...
TR=0.00, TE=0.00, TI=0.00, flip angle=0.00
i_ras = (-1, 0, 0)
j_ras = (0, 0, -1)
k_ras = (0, 1, 0)
writing to talsrcimg.img...
Analyze Output Matrix
-1.00000   0.00000   0.00000   133.15842;
 0.00000   0.00000   1.00000  -95.06548;
 0.00000  -1.00000   0.00000   133.18614;
 0.00000   0.00000   0.00000   1.00000;
--------------------
INFO: set hdr.hist.orient to -1
mpr2mni305 talsrcimg
Fri Mar 13 00:45:09 CET 2026
/opt/freesurfer/bin/mpr2mni305 talsrcimg
mpr2mni305 7.3.2
target=711-2C_as_mni_average_305

---------------------------------------------------------------------
analyzeto4dfp talsrcimg -O0 -y
---------------------------------------------------------------------

freesurfer ifh2hdr.c
Fri Mar 13 00:45:09 2026
Writing: talsrcimg.4dfp.hdr
freesurfer analyzeto4dfp.c
Reading: talsrcimg.hdr
header size 348 bytes
hdr.dime.datatype	offset=70	value=2
hdr.dime.bitpix		offset=72	value=8
hdr.hist.orient		offset=252	value=-1
dimensionality     4
dimensions       256       256       256         1
Reading: talsrcimg.img
Writing: talsrcimg.4dfp.img
Writing: talsrcimg.4dfp.ifh
ifh2hdr talsrcimg -r0to250
ori=2

---------------------------------------------------------------------
gauss_4dfp talsrcimg 1.1
---------------------------------------------------------------------

freesurfer gauss_4dfp.c
Reading: talsrcimg.4dfp.img
Writing: talsrcimg_g11.4dfp.img
image dimensions 256 256 256 padded to 288 288 288
processing volume 1freesurfer ifh2hdr.c
Fri Mar 13 00:45:11 2026
Writing: talsrcimg_g11.4dfp.hdr

Writing: talsrcimg_g11.4dfp.ifh
including: talsrcimg.4dfp.img.rec in talsrcimg_g11.4dfp.img.rec

---------------------------------------------------------------------
imgreg_4dfp /opt/freesurfer/average/711-2C_as_mni_average_305 none talsrcimg_g11 none talsrcimg_to_711-2C_as_mni_average_305_t4 4355
---------------------------------------------------------------------

freesurfer imgreg_4dfp.c
/opt/freesurfer/average/711-2C_as_mni_average_305.4dfp.img
       256       256       256         1
  1.000000  1.000000  1.000000
orientation T byte_order littleendian
Reading image: /opt/freesurfer/average/711-2C_as_mni_average_305.4dfp.img
dimensions:      256       256       256
mmppix:       1.0000   -1.0000   -1.0000
center:     128.0000 -129.0000 -129.0000
talsrcimg_g11.4dfp.img
       256       256       256         1
  1.000000  1.000000  1.000000
orientation T byte_order littleendian
Reading image: talsrcimg_g11.4dfp.img
dimensions:      256       256       256
mmppix:       1.0000   -1.0000   -1.0000
center:     128.0000 -129.0000 -129.0000
t4_read: open error in t4_sub.f l:  41 t4_file(1:l)talsrcimg_to_711-2C_as_mni_average_305_t4 
t4_read: transform initialized to I4
rotation matrix determinant  1.000000
image alignment mode   4355 decimal     1103 hex
   -7.5000  -45.0000  -45.0000 7357.6909   12.9245
    0.0000  -45.0000  -45.0000 7622.5254   12.9358
    7.5000  -45.0000  -45.0000 7253.8721   12.9516
   -7.5000  -37.5000  -45.0000 7996.6587   12.8152
    0.0000  -37.5000  -45.0000 8287.6309   12.8184
    7.5000  -37.5000  -45.0000 7877.7090   12.8269
   -7.5000  -30.0000  -45.0000 8968.0693   12.8109
    0.0000  -30.0000  -45.0000 9303.1748   12.8089
    7.5000  -30.0000  -45.0000 8822.7344   12.8115
   -7.5000  -22.5000  -45.0000 9942.3564   12.7993
    0.0000  -22.5000  -45.000010314.8379   12.8009
    7.5000  -22.5000  -45.0000 9782.1553   12.8035
   -7.5000  -15.0000  -45.000010830.8164   12.7739
    0.0000  -15.0000  -45.000011226.3262   12.7816
    7.5000  -15.0000  -45.000010646.8330   12.7879
   -7.5000   -7.5000  -45.000011641.9932   12.7422
    0.0000   -7.5000  -45.000012066.6133   12.7546
    7.5000   -7.5000  -45.000011427.0312   12.7673
   -7.5000    0.0000  -45.000012379.1904   12.7278
    0.0000    0.0000  -45.000012819.4033   12.7392
    7.5000    0.0000  -45.000012125.4160   12.7538
   -7.5000    7.5000  -45.000012197.5947   12.7400
    0.0000    7.5000  -45.000012619.2129   12.7431
    7.5000    7.5000  -45.000011937.4922   12.7511
   -7.5000   15.0000  -45.000011783.5713   12.7632
    0.0000   15.0000  -45.000012181.4697   12.7612
    7.5000   15.0000  -45.000011556.7197   12.7634
   -7.5000   22.5000  -45.000011312.3887   12.7715
    0.0000   22.5000  -45.000011699.2949   12.7731
    7.5000   22.5000  -45.000011089.4424   12.7754
   -7.5000   30.0000  -45.000010838.3545   12.5935
    0.0000   30.0000  -45.000011220.5420   12.6011
    7.5000   30.0000  -45.000010634.4834   12.6071
   -7.5000   37.5000  -45.000010562.4824   12.5713
    0.0000   37.5000  -45.000010914.9932   12.5836
    7.5000   37.5000  -45.000010366.7021   12.5961
   -7.5000   45.0000  -45.0000 9741.7842   12.2393
    0.0000   45.0000  -45.000010056.5840   12.2503
    7.5000   45.0000  -45.0000 9551.8057   12.2643
   -7.5000  -45.0000  -37.5000 7727.0259   12.9178
    0.0000  -45.0000  -37.5000 8017.1782   12.9260
    7.5000  -45.0000  -37.5000 7651.9712   12.9410
   -7.5000  -37.5000  -37.5000 8427.1270   12.8071
    0.0000  -37.5000  -37.5000 8747.1045   12.8074
    7.5000  -37.5000  -37.5000 8326.2158   12.8177
   -7.5000  -30.0000  -37.5000 9476.8730   12.7980
    0.0000  -30.0000  -37.5000 9843.2109   12.7941
    7.5000  -30.0000  -37.5000 9344.9268   12.8011
   -7.5000  -22.5000  -37.500010495.2793   12.7837
    0.0000  -22.5000  -37.500010903.9883   12.7844
    7.5000  -22.5000  -37.500010354.2354   12.7914
   -7.5000  -15.0000  -37.500011433.4453   12.7600
    0.0000  -15.0000  -37.500011866.0244   12.7664
    7.5000  -15.0000  -37.500011259.3965   12.7742
   -7.5000   -7.5000  -37.500012264.6699   12.7331
    0.0000   -7.5000  -37.500012734.9004   12.7431
    7.5000   -7.5000  -37.500012052.7480   12.7549
   -7.5000    0.0000  -37.500013013.9766   12.7219
    0.0000    0.0000  -37.500013508.3877   12.7304
    7.5000    0.0000  -37.500012778.1836   12.7443
   -7.5000    7.5000  -37.500012803.2744   12.7320
    0.0000    7.5000  -37.500013277.8076   12.7323
    7.5000    7.5000  -37.500012587.0498   12.7420
   -7.5000   15.0000  -37.500012372.1230   12.7504
    0.0000   15.0000  -37.500012834.1953   12.7465
    7.5000   15.0000  -37.500012170.8770   12.7532
   -7.5000   22.5000  -37.500011876.2734   12.7561
    0.0000   22.5000  -37.500012298.4473   12.7567
    7.5000   22.5000  -37.500011629.7031   12.7635
   -7.5000   30.0000  -37.500011374.3965   12.5798
    0.0000   30.0000  -37.500011779.7500   12.5862
    7.5000   30.0000  -37.500011144.9531   12.5937
   -7.5000   37.5000  -37.500011089.5264   12.5624
    0.0000   37.5000  -37.500011463.0146   12.5723
    7.5000   37.5000  -37.500010852.5215   12.5839
   -7.5000   45.0000  -37.500010215.8711   12.2336
    0.0000   45.0000  -37.500010539.8564   12.2418
    7.5000   45.0000  -37.5000 9983.1787   12.2551
   -7.5000  -45.0000  -30.0000 8280.4473   13.4618
    0.0000  -45.0000  -30.0000 8590.9785   13.4719
    7.5000  -45.0000  -30.0000 8199.3330   13.4852
   -7.5000  -37.5000  -30.0000 9050.4795   13.3485
    0.0000  -37.5000  -30.0000 9397.6797   13.3500
    7.5000  -37.5000  -30.0000 8938.9062   13.3588
   -7.5000  -30.0000  -30.000010180.0947   13.3381
    0.0000  -30.0000  -30.000010565.0586   13.3358
    7.5000  -30.0000  -30.000010032.5293   13.3438
   -7.5000  -22.5000  -30.000011252.9844   13.3199
    0.0000  -22.5000  -30.000011672.9043   13.3232
    7.5000  -22.5000  -30.000011083.9971   13.3330
   -7.5000  -15.0000  -30.000012251.3271   13.2929
    0.0000  -15.0000  -30.000012700.2793   13.3019
    7.5000  -15.0000  -30.000012049.8252   13.3120
   -7.5000   -7.5000  -30.000013130.9189   13.2661
    0.0000   -7.5000  -30.000013602.6963   13.2785
    7.5000   -7.5000  -30.000012898.9678   13.2905
   -7.5000    0.0000  -30.000013910.0752   13.2577
    0.0000    0.0000  -30.000014424.5566   13.2680
    7.5000    0.0000  -30.000013674.0293   13.2802
   -7.5000    7.5000  -30.000013650.6055   13.2702
    0.0000    7.5000  -30.000014157.2734   13.2717
    7.5000    7.5000  -30.000013424.8193   13.2799
   -7.5000   15.0000  -30.000013206.7842   13.2883
    0.0000   15.0000  -30.000013690.5811   13.2861
    7.5000   15.0000  -30.000012961.3838   13.2937
   -7.5000   22.5000  -30.000012649.7578   13.2897
    0.0000   22.5000  -30.000013091.7842   13.2929
    7.5000   22.5000  -30.000012360.1641   13.3025
   -7.5000   30.0000  -30.000012088.2646   13.1065
    0.0000   30.0000  -30.000012509.1641   13.1154
    7.5000   30.0000  -30.000011800.4111   13.1253
   -7.5000   37.5000  -30.000011795.1465   13.0895
    0.0000   37.5000  -30.000012192.9854   13.1017
    7.5000   37.5000  -30.000011493.8262   13.1136
   -7.5000   45.0000  -30.000010825.2666   12.7582
    0.0000   45.0000  -30.000011177.0400   12.7682
    7.5000   45.0000  -30.000010572.1348   12.7799
   -7.5000  -45.0000  -22.5000 8845.3828   13.9235
    0.0000  -45.0000  -22.5000 9171.5078   13.9391
    7.5000  -45.0000  -22.5000 8733.2158   13.9513
   -7.5000  -37.5000  -22.5000 9681.6387   13.8104
    0.0000  -37.5000  -22.500010042.8213   13.8169
    7.5000  -37.5000  -22.5000 9532.2979   13.8222
   -7.5000  -30.0000  -22.500010847.3125   13.8039
    0.0000  -30.0000  -22.500011256.1543   13.8066
    7.5000  -30.0000  -22.500010687.1953   13.8106
   -7.5000  -22.5000  -22.500011975.6025   13.7848
    0.0000  -22.5000  -22.500012413.6416   13.7927
    7.5000  -22.5000  -22.500011776.5498   13.8005
   -7.5000  -15.0000  -22.500013027.1445   13.7529
    0.0000  -15.0000  -22.500013513.2754   13.7666
    7.5000  -15.0000  -22.500012798.5117   13.7772
   -7.5000   -7.5000  -22.500013944.8066   13.7212
    0.0000   -7.5000  -22.500014461.2520   13.7389
    7.5000   -7.5000  -22.500013692.8613   13.7519
   -7.5000    0.0000  -22.500014746.8154   13.7122
    0.0000    0.0000  -22.500015298.6377   13.7278
    7.5000    0.0000  -22.500014491.3838   13.7389
   -7.5000    7.5000  -22.500014464.0342   13.7293
    0.0000    7.5000  -22.500014985.4756   13.7358
    7.5000    7.5000  -22.500014197.0537   13.7406
   -7.5000   15.0000  -22.500014002.0518   13.7523
    0.0000   15.0000  -22.500014516.2656   13.7549
    7.5000   15.0000  -22.500013723.0469   13.7585
   -7.5000   22.5000  -22.500013395.3076   13.7524
    0.0000   22.5000  -22.500013875.6553   13.7602
    7.5000   22.5000  -22.500013088.7051   13.7678
   -7.5000   30.0000  -22.500012746.5264   13.5621
    0.0000   30.0000  -22.500013189.4893   13.5756
    7.5000   30.0000  -22.500012448.5576   13.5860
   -7.5000   37.5000  -22.500012427.3721   13.5407
    0.0000   37.5000  -22.500012851.2490   13.5581
    7.5000   37.5000  -22.500012112.1689   13.5709
   -7.5000   45.0000  -22.500011429.0107   13.2055
    0.0000   45.0000  -22.500011805.4609   13.2206
    7.5000   45.0000  -22.500011151.4326   13.2313
   -7.5000  -45.0000  -15.0000 9372.6191   14.2502
    0.0000  -45.0000  -15.0000 9727.0117   14.2693
    7.5000  -45.0000  -15.0000 9242.6338   14.2816
   -7.5000  -37.5000  -15.000010237.7383   14.1362
    0.0000  -37.5000  -15.000010640.3857   14.1463
    7.5000  -37.5000  -15.000010086.3262   14.1491
   -7.5000  -30.0000  -15.000011496.6611   14.1339
    0.0000  -30.0000  -15.000011929.8252   14.1397
    7.5000  -30.0000  -15.000011328.0010   14.1389
   -7.5000  -22.5000  -15.000012693.4736   14.1166
    0.0000  -22.5000  -15.000013175.2461   14.1268
    7.5000  -22.5000  -15.000012489.3857   14.1307
   -7.5000  -15.0000  -15.000013780.1230   14.0827
    0.0000  -15.0000  -15.000014311.1416   14.0989
    7.5000  -15.0000  -15.000013560.4795   14.1085
   -7.5000   -7.5000  -15.000014730.2725   14.0461
    0.0000   -7.5000  -15.000015303.4258   14.0669
    7.5000   -7.5000  -15.000014492.4785   14.0806
   -7.5000    0.0000  -15.000015560.1602   14.0337
    0.0000    0.0000  -15.000016138.4639   14.0528
    7.5000    0.0000  -15.000015301.8467   14.0639
   -7.5000    7.5000  -15.000015240.4551   14.0532
    0.0000    7.5000  -15.000015814.7246   14.0632
    7.5000    7.5000  -15.000014996.3613   14.0655
   -7.5000   15.0000  -15.000014787.5898   14.0810
    0.0000   15.0000  -15.000015349.0957   14.0868
    7.5000   15.0000  -15.000014510.3242   14.0856
   -7.5000   22.5000  -15.000014138.7207   14.0826
    0.0000   22.5000  -15.000014662.5781   14.0927
    7.5000   22.5000  -15.000013827.6133   14.0964
   -7.5000   30.0000  -15.000013395.3525   13.8891
    0.0000   30.0000  -15.000013866.8633   13.9051
    7.5000   30.0000  -15.000013087.6680   13.9145
   -7.5000   37.5000  -15.000013051.1357   13.8632
    0.0000   37.5000  -15.000013515.1074   13.8837
    7.5000   37.5000  -15.000012738.5635   13.8972
   -7.5000   45.0000  -15.000012020.7598   13.5233
    0.0000   45.0000  -15.000012431.2051   13.5417
    7.5000   45.0000  -15.000011766.7432   13.5525
   -7.5000  -45.0000   -7.5000 9904.3809   14.4059
    0.0000  -45.0000   -7.500010280.4990   14.4235
    7.5000  -45.0000   -7.5000 9763.8662   14.4387
   -7.5000  -37.5000   -7.500010835.1602   14.2881
    0.0000  -37.5000   -7.500011251.6309   14.2966
    7.5000  -37.5000   -7.500010672.2109   14.3015
   -7.5000  -30.0000   -7.500012177.2637   14.2863
    0.0000  -30.0000   -7.500012641.8516   14.2895
    7.5000  -30.0000   -7.500011988.1240   14.2882
   -7.5000  -22.5000   -7.500013418.1807   14.2723
    0.0000  -22.5000   -7.500013943.0322   14.2792
    7.5000  -22.5000   -7.500013201.7549   14.2808
   -7.5000  -15.0000   -7.500014560.8516   14.2409
    0.0000  -15.0000   -7.500015134.9834   14.2543
    7.5000  -15.0000   -7.500014351.4707   14.2622
   -7.5000   -7.5000   -7.500015554.0195   14.2028
    0.0000   -7.5000   -7.500016167.3887   14.2217
    7.5000   -7.5000   -7.500015336.5020   14.2361
   -7.5000    0.0000   -7.500016394.4863   14.1870
    0.0000    0.0000   -7.500017025.5312   14.2046
    7.5000    0.0000   -7.500016181.3799   14.2185
   -7.5000    7.5000   -7.500016028.9961   14.2043
    0.0000    7.5000   -7.500016662.4785   14.2128
    7.5000    7.5000   -7.500015840.7480   14.2172
   -7.5000   15.0000   -7.500015562.2881   14.2330
    0.0000   15.0000   -7.500016158.0430   14.2362
    7.5000   15.0000   -7.500015344.5508   14.2345
   -7.5000   22.5000   -7.500014831.0205   14.2366
    0.0000   22.5000   -7.500015423.4004   14.2434
    7.5000   22.5000   -7.500014604.4434   14.2448
   -7.5000   30.0000   -7.500014018.4746   14.0448
    0.0000   30.0000   -7.500014572.2793   14.0580
    7.5000   30.0000   -7.500013782.0000   14.0657
   -7.5000   37.5000   -7.500013680.0889   14.0174
    0.0000   37.5000   -7.500014193.2666   14.0361
    7.5000   37.5000   -7.500013397.2285   14.0503
   -7.5000   45.0000   -7.500012618.9316   13.6736
    0.0000   45.0000   -7.500013077.8936   13.6906
    7.5000   45.0000   -7.500012376.1924   13.7040
   -7.5000  -45.0000    0.000010357.4414   14.4311
    0.0000  -45.0000    0.000010752.7900   14.4440
    7.5000  -45.0000    0.000010205.7002   14.4618
   -7.5000  -37.5000    0.000011342.3750   14.3091
    0.0000  -37.5000    0.000011775.3027   14.3129
    7.5000  -37.5000    0.000011157.8223   14.3225
   -7.5000  -30.0000    0.000012736.1006   14.3041
    0.0000  -30.0000    0.000013208.5430   14.3020
    7.5000  -30.0000    0.000012527.9697   14.3050
   -7.5000  -22.5000    0.000014040.1689   14.2911
    0.0000  -22.5000    0.000014577.8477   14.2931
    7.5000  -22.5000    0.000013827.2031   14.2961
   -7.5000  -15.0000    0.000015208.5342   14.2631
    0.0000  -15.0000    0.000015803.3213   14.2719
    7.5000  -15.0000    0.000015054.4668   14.2790
   -7.5000   -7.5000    0.000016235.3115   14.2279
    0.0000   -7.5000    0.000016860.5234   14.2421
    7.5000   -7.5000    0.000016100.8193   14.2564
   -7.5000    0.0000    0.000017163.3594   14.2119
    0.0000    0.0000    0.000017812.9609   14.2249
    7.5000    0.0000    0.000016982.6953   14.2414
   -7.5000    7.5000    0.000016798.4492   14.2252
    0.0000    7.5000    0.000017455.8047   14.2290
    7.5000    7.5000    0.000016665.2305   14.2380
   -7.5000   15.0000    0.000016247.1924   14.2509
    0.0000   15.0000    0.000016896.7441   14.2488
    7.5000   15.0000    0.000016118.5098   14.2514
   -7.5000   22.5000    0.000015483.5391   14.2555
    0.0000   22.5000    0.000016121.2422   14.2575
    7.5000   22.5000    0.000015319.4873   14.2602
   -7.5000   30.0000    0.000014616.0869   14.0671
    0.0000   30.0000    0.000015207.8945   14.0758
    7.5000   30.0000    0.000014408.2295   14.0827
   -7.5000   37.5000    0.000014238.6172   14.0426
    0.0000   37.5000    0.000014765.6348   14.0567
    7.5000   37.5000    0.000013986.6260   14.0707
   -7.5000   45.0000    0.000013150.9023   13.6986
    0.0000   45.0000    0.000013621.9600   13.7112
    7.5000   45.0000    0.000012915.5537   13.7271
   -7.5000  -45.0000    7.500010009.8496   14.4508
    0.0000  -45.0000    7.500010374.9863   14.4600
    7.5000  -45.0000    7.5000 9852.4619   14.4768
   -7.5000  -37.5000    7.500010929.9951   14.3273
    0.0000  -37.5000    7.500011341.4902   14.3276
    7.5000  -37.5000    7.500010759.1729   14.3391
   -7.5000  -30.0000    7.500012226.7461   14.3172
    0.0000  -30.0000    7.500012678.7148   14.3127
    7.5000  -30.0000    7.500012061.0742   14.3207
   -7.5000  -22.5000    7.500013499.1143   14.3010
    0.0000  -22.5000    7.500014003.4648   14.3017
    7.5000  -22.5000    7.500013326.1338   14.3095
   -7.5000  -15.0000    7.500014640.3545   14.2742
    0.0000  -15.0000    7.500015184.6816   14.2815
    7.5000  -15.0000    7.500014513.2734   14.2901
   -7.5000   -7.5000    7.500015634.1855   14.2441
    0.0000   -7.5000    7.500016224.7451   14.2554
    7.5000   -7.5000    7.500015549.4785   14.2686
   -7.5000    0.0000    7.500016554.9648   14.2317
    0.0000    0.0000    7.500017146.7832   14.2413
    7.5000    0.0000    7.500016448.5137   14.2568
   -7.5000    7.5000    7.500016307.7705   14.2432
    0.0000    7.5000    7.500016911.0449   14.2436
    7.5000    7.5000    7.500016185.9951   14.2545
   -7.5000   15.0000    7.500015829.4092   14.2639
    0.0000   15.0000    7.500016429.4121   14.2595
    7.5000   15.0000    7.500015661.7871   14.2670
   -7.5000   22.5000    7.500015066.8271   14.2654
    0.0000   22.5000    7.500015631.4355   14.2662
    7.5000   22.5000    7.500014879.7783   14.2737
   -7.5000   30.0000    7.500014166.8516   14.0781
    0.0000   30.0000    7.500014700.9521   14.0853
    7.5000   30.0000    7.500013962.7764   14.0938
   -7.5000   37.5000    7.500013700.4102   14.0586
    0.0000   37.5000    7.500014162.4111   14.0698
    7.5000   37.5000    7.500013476.0342   14.0828
   -7.5000   45.0000    7.500012640.1748   13.7177
    0.0000   45.0000    7.500013060.0137   13.7269
    7.5000   45.0000    7.500012433.0449   13.7419
   -7.5000  -45.0000   15.0000 9538.9580   14.4765
    0.0000  -45.0000   15.0000 9893.1816   14.4874
    7.5000  -45.0000   15.0000 9370.4766   14.5019
   -7.5000  -37.5000   15.000010392.9414   14.3556
    0.0000  -37.5000   15.000010779.0332   14.3573
    7.5000  -37.5000   15.000010213.4619   14.3670
   -7.5000  -30.0000   15.000011622.5938   14.3443
    0.0000  -30.0000   15.000012046.3438   14.3418
    7.5000  -30.0000   15.000011451.7656   14.3507
   -7.5000  -22.5000   15.000012816.2256   14.3245
    0.0000  -22.5000   15.000013293.6182   14.3281
    7.5000  -22.5000   15.000012664.2324   14.3389
   -7.5000  -15.0000   15.000013885.0146   14.2954
    0.0000  -15.0000   15.000014377.3594   14.3052
    7.5000  -15.0000   15.000013791.9287   14.3162
   -7.5000   -7.5000   15.000014882.9131   14.2667
    0.0000   -7.5000   15.000015408.5469   14.2801
    7.5000   -7.5000   15.000014823.3262   14.2932
   -7.5000    0.0000   15.000015810.0371   14.2578
    0.0000    0.0000   15.000016347.8350   14.2690
    7.5000    0.0000   15.000015751.5869   14.2823
   -7.5000    7.5000   15.000015584.9014   14.2713
    0.0000    7.5000   15.000016138.8877   14.2729
    7.5000    7.5000   15.000015512.3672   14.2820
   -7.5000   15.0000   15.000015134.9717   14.2907
    0.0000   15.0000   15.000015672.9873   14.2883
    7.5000   15.0000   15.000015001.6367   14.2967
   -7.5000   22.5000   15.000014416.4355   14.2888
    0.0000   22.5000   15.000014935.9795   14.2924
    7.5000   22.5000   15.000014255.6348   14.3029
   -7.5000   30.0000   15.000013527.5010   14.0991
    0.0000   30.0000   15.000014026.2734   14.1087
    7.5000   30.0000   15.000013354.0566   14.1196
   -7.5000   37.5000   15.000013031.1416   14.0809
    0.0000   37.5000   15.000013479.6113   14.0941
    7.5000   37.5000   15.000012849.1094   14.1071
   -7.5000   45.0000   15.000012036.6191   13.7429
    0.0000   45.0000   15.000012437.5625   13.7537
    7.5000   45.0000   15.000011860.2129   13.7665
   -7.5000  -45.0000   22.5000 8961.1113   14.5091
    0.0000  -45.0000   22.5000 9291.6602   14.5255
    7.5000  -45.0000   22.5000 8815.5449   14.5387
   -7.5000  -37.5000   22.5000 9759.2734   14.3932
    0.0000  -37.5000   22.500010113.5244   14.4001
    7.5000  -37.5000   22.5000 9605.1709   14.4061
   -7.5000  -30.0000   22.500010910.0547   14.3862
    0.0000  -30.0000   22.500011303.6865   14.3889
    7.5000  -30.0000   22.500010748.3203   14.3935
   -7.5000  -22.5000   22.500012025.3877   14.3659
    0.0000  -22.5000   22.500012471.3223   14.3742
    7.5000  -22.5000   22.500011877.7715   14.3829
   -7.5000  -15.0000   22.500013060.0674   14.3326
    0.0000  -15.0000   22.500013551.4209   14.3471
    7.5000  -15.0000   22.500012963.2119   14.3587
   -7.5000   -7.5000   22.500014030.0312   14.2998
    0.0000   -7.5000   22.500014545.3135   14.3185
    7.5000   -7.5000   22.500013944.8369   14.3326
   -7.5000    0.0000   22.500014930.6240   14.2906
    0.0000    0.0000   22.500015452.0039   14.3071
    7.5000    0.0000   22.500014838.3799   14.3192
   -7.5000    7.5000   22.500014717.3125   14.3084
    0.0000    7.5000   22.500015228.3496   14.3152
    7.5000    7.5000   22.500014604.6768   14.3207
   -7.5000   15.0000   22.500014318.3057   14.3322
    0.0000   15.0000   22.500014815.4385   14.3349
    7.5000   15.0000   22.500014170.8555   14.3391
   -7.5000   22.5000   22.500013635.4219   14.3298
    0.0000   22.5000   22.500014114.9678   14.3380
    7.5000   22.5000   22.500013478.6426   14.3465
   -7.5000   30.0000   22.500012793.0059   14.1357
    0.0000   30.0000   22.500013255.1211   14.1499
    7.5000   30.0000   22.500012640.9492   14.1613
   -7.5000   37.5000   22.500012292.9668   14.1136
    0.0000   37.5000   22.500012711.2832   14.1320
    7.5000   37.5000   22.500012138.9082   14.1459
   -7.5000   45.0000   22.500011347.0752   13.7745
    0.0000   45.0000   22.500011736.5781   13.7904
    7.5000   45.0000   22.500011187.9971   13.8021
   -7.5000  -45.0000   30.0000 8314.2471   14.6030
    0.0000  -45.0000   30.0000 8614.4023   14.6230
    7.5000  -45.0000   30.0000 8189.4912   14.6366
   -7.5000  -37.5000   30.0000 9065.9648   14.4888
    0.0000  -37.5000   30.0000 9404.2871   14.4991
    7.5000  -37.5000   30.0000 8931.1436   14.5027
   -7.5000  -30.0000   30.000010167.1543   14.4862
    0.0000  -30.0000   30.000010533.5107   14.4919
    7.5000  -30.0000   30.000010005.0908   14.4916
   -7.5000  -22.5000   30.000011226.5117   14.4679
    0.0000  -22.5000   30.000011648.5508   14.4784
    7.5000  -22.5000   30.000011067.3945   14.4832
   -7.5000  -15.0000   30.000012172.7734   14.4330
    0.0000  -15.0000   30.000012634.3115   14.4500
    7.5000  -15.0000   30.000012026.1982   14.4608
   -7.5000   -7.5000   30.000013067.4932   14.3955
    0.0000   -7.5000   30.000013546.2383   14.4174
    7.5000   -7.5000   30.000012926.0225   14.4325
   -7.5000    0.0000   30.000013889.0176   14.3829
    0.0000    0.0000   30.000014368.0430   14.4028
    7.5000    0.0000   30.000013728.5488   14.4153
   -7.5000    7.5000   30.000013647.8906   14.4030
    0.0000    7.5000   30.000014115.2295   14.4132
    7.5000    7.5000   30.000013499.2090   14.4162
   -7.5000   15.0000   30.000013276.5674   14.4313
    0.0000   15.0000   30.000013744.9268   14.4370
    7.5000   15.0000   30.000013121.4756   14.4364
   -7.5000   22.5000   30.000012670.1279   14.4313
    0.0000   22.5000   30.000013129.5771   14.4416
    7.5000   22.5000   30.000012523.8916   14.4462
   -7.5000   30.0000   30.000011911.4775   14.2345
    0.0000   30.0000   30.000012358.4795   14.2513
    7.5000   30.0000   30.000011777.4961   14.2618
   -7.5000   37.5000   30.000011446.1660   14.2080
    0.0000   37.5000   30.000011864.2686   14.2296
    7.5000   37.5000   30.000011304.9639   14.2445
   -7.5000   45.0000   30.000010538.6172   13.8635
    0.0000   45.0000   30.000010913.9590   13.8827
    7.5000   45.0000   30.000010399.7207   13.8947
   -7.5000  -45.0000   37.5000 7968.3330   14.8026
    0.0000  -45.0000   37.5000 8288.0244   14.8196
    7.5000  -45.0000   37.5000 7849.8252   14.8352
   -7.5000  -37.5000   37.5000 8708.3760   14.6837
    0.0000  -37.5000   37.5000 9048.5312   14.6911
    7.5000  -37.5000   37.5000 8565.1846   14.6958
   -7.5000  -30.0000   37.5000 9760.2490   14.6817
    0.0000  -30.0000   37.500010138.7266   14.6830
    7.5000  -30.0000   37.5000 9593.3594   14.6808
   -7.5000  -22.5000   37.500010761.7324   14.6663
    0.0000  -22.5000   37.500011173.4668   14.6710
    7.5000  -22.5000   37.500010570.8896   14.6715
   -7.5000  -15.0000   37.500011676.7520   14.6334
    0.0000  -15.0000   37.500012126.2471   14.6449
    7.5000  -15.0000   37.500011484.9326   14.6522
   -7.5000   -7.5000   37.500012521.6709   14.5940
    0.0000   -7.5000   37.500013015.3291   14.6119
    7.5000   -7.5000   37.500012349.5410   14.6264
   -7.5000    0.0000   37.500013302.8809   14.5780
    0.0000    0.0000   37.500013796.3037   14.5950
    7.5000    0.0000   37.500013111.4268   14.6094
   -7.5000    7.5000   37.500013033.2842   14.5961
    0.0000    7.5000   37.500013516.4316   14.6034
    7.5000    7.5000   37.500012881.9785   14.6077
   -7.5000   15.0000   37.500012666.4297   14.6255
    0.0000   15.0000   37.500013138.6670   14.6268
    7.5000   15.0000   37.500012533.0039   14.6242
   -7.5000   22.5000   37.500012119.3105   14.6288
    0.0000   22.5000   37.500012559.9023   14.6334
    7.5000   22.5000   37.500011980.5107   14.6337
   -7.5000   30.0000   37.500011426.6875   14.4320
    0.0000   30.0000   37.500011852.6221   14.4433
    7.5000   30.0000   37.500011297.6416   14.4503
   -7.5000   37.5000   37.500010968.6279   14.4040
    0.0000   37.5000   37.500011375.2939   14.4215
    7.5000   37.5000   37.500010842.7051   14.4359
   -7.5000   45.0000   37.500010096.2500   14.0515
    0.0000   45.0000   37.500010467.7129   14.0679
    7.5000   45.0000   37.5000 9976.4883   14.0818
   -7.5000  -45.0000   45.0000 7284.9658   15.0446
    0.0000  -45.0000   45.0000 7575.0479   15.0529
    7.5000  -45.0000   45.0000 7172.6860   15.0708
   -7.5000  -37.5000   45.0000 7948.5640   14.9158
    0.0000  -37.5000   45.0000 8255.0234   14.9135
    7.5000  -37.5000   45.0000 7810.4810   14.9218
   -7.5000  -30.0000   45.0000 8898.8652   14.9092
    0.0000  -30.0000   45.0000 9242.0195   14.9000
    7.5000  -30.0000   45.0000 8736.3145   14.9007
   -7.5000  -22.5000   45.0000 9811.1045   14.8944
    0.0000  -22.5000   45.000010205.9961   14.8904
    7.5000  -22.5000   45.0000 9620.6221   14.8914
   -7.5000  -15.0000   45.000010667.4150   14.8660
    0.0000  -15.0000   45.000011101.3252   14.8704
    7.5000  -15.0000   45.000010462.0449   14.8765
   -7.5000   -7.5000   45.000011446.2139   14.8303
    0.0000   -7.5000   45.000011915.5801   14.8409
    7.5000   -7.5000   45.000011249.2129   14.8551
   -7.5000    0.0000   45.000012145.8389   14.8135
    0.0000    0.0000   45.000012616.3418   14.8222
    7.5000    0.0000   45.000011938.2607   14.8388
   -7.5000    7.5000   45.000011904.8271   14.8259
    0.0000    7.5000   45.000012346.2734   14.8236
    7.5000    7.5000   45.000011718.0488   14.8314
   -7.5000   15.0000   45.000011557.0742   14.8510
    0.0000   15.0000   45.000011979.5508   14.8419
    7.5000   15.0000   45.000011404.1367   14.8422
   -7.5000   22.5000   45.000011060.6748   14.8558
    0.0000   22.5000   45.000011467.0000   14.8517
    7.5000   22.5000   45.000010951.8193   14.8525
   -7.5000   30.0000   45.000010457.4121   14.6598
    0.0000   30.0000   45.000010849.6602   14.6642
    7.5000   30.0000   45.000010355.2178   14.6701
   -7.5000   37.5000   45.000010048.5244   14.6358
    0.0000   37.5000   45.000010436.1572   14.6463
    7.5000   37.5000   45.0000 9950.3281   14.6603
   -7.5000   45.0000   45.0000 9246.9482   14.2850
    0.0000   45.0000   45.0000 9596.4238   14.2934
    7.5000   45.0000   45.0000 9163.6514   14.3093

---------------------------------------------------------------------
imgreg_4dfp /opt/freesurfer/average/711-2C_as_mni_average_305 /opt/freesurfer/average/711-2B_as_mni_average_305_mask talsrcimg_g11 none talsrcimg_to_711-2C_as_mni_average_305_t4 4355
---------------------------------------------------------------------

freesurfer imgreg_4dfp.c
/opt/freesurfer/average/711-2C_as_mni_average_305.4dfp.img
       256       256       256         1
  1.000000  1.000000  1.000000
orientation T byte_order littleendian
Reading image: /opt/freesurfer/average/711-2C_as_mni_average_305.4dfp.img
dimensions:      256       256       256
mmppix:       1.0000   -1.0000   -1.0000
center:     128.0000 -129.0000 -129.0000
/opt/freesurfer/average/711-2B_as_mni_average_305_mask.4dfp.img
       256       256       256         1
  1.000000  1.000000  1.000000
orientation T byte_order littleendian
Reading mask: /opt/freesurfer/average/711-2B_as_mni_average_305_mask.4dfp.img (2306576 pixels)
talsrcimg_g11.4dfp.img
       256       256       256         1
  1.000000  1.000000  1.000000
orientation T byte_order littleendian
Reading image: talsrcimg_g11.4dfp.img
dimensions:      256       256       256
mmppix:       1.0000   -1.0000   -1.0000
center:     128.0000 -129.0000 -129.0000
rotation matrix determinant  1.000000
image alignment mode   4355 decimal     1103 hex
   -7.5000  -45.0000  -45.0000 1992.5515   16.3490
    0.0000  -45.0000  -45.0000 1992.0605   16.3980
    7.5000  -45.0000  -45.0000 1971.4999   16.7531
   -7.5000  -37.5000  -45.0000 2107.4443   14.6331
    0.0000  -37.5000  -45.0000 2107.8545   14.6552
    7.5000  -37.5000  -45.0000 2083.7803   14.9738
   -7.5000  -30.0000  -45.0000 2207.2776   13.3457
    0.0000  -30.0000  -45.0000 2208.2300   13.3524
    7.5000  -30.0000  -45.0000 2182.0249   13.6099
   -7.5000  -22.5000  -45.0000 2291.1851   12.3848
    0.0000  -22.5000  -45.0000 2291.3889   12.3895
    7.5000  -22.5000  -45.0000 2263.1514   12.6140
   -7.5000  -15.0000  -45.0000 2341.5925   11.6823
    0.0000  -15.0000  -45.0000 2340.3547   11.6859
    7.5000  -15.0000  -45.0000 2312.9646   11.9073
   -7.5000   -7.5000  -45.0000 2373.7109   11.2241
    0.0000   -7.5000  -45.0000 2375.1265   11.2384
    7.5000   -7.5000  -45.0000 2345.8596   11.4545
   -7.5000    0.0000  -45.0000 2390.6982   11.0151
    0.0000    0.0000  -45.0000 2391.8408   11.0192
    7.5000    0.0000  -45.0000 2359.9976   11.2296
   -7.5000    7.5000  -45.0000 2399.5735   10.9486
    0.0000    7.5000  -45.0000 2397.9404   10.9325
    7.5000    7.5000  -45.0000 2362.1714   11.1738
   -7.5000   15.0000  -45.0000 2392.2908   11.1138
    0.0000   15.0000  -45.0000 2390.3975   11.0888
    7.5000   15.0000  -45.0000 2356.4309   11.3490
   -7.5000   22.5000  -45.0000 2363.9404   11.4824
    0.0000   22.5000  -45.0000 2364.3955   11.4749
    7.5000   22.5000  -45.0000 2329.2441   11.7568
   -7.5000   30.0000  -45.0000 2321.5911   12.0417
    0.0000   30.0000  -45.0000 2322.6880   12.0364
    7.5000   30.0000  -45.0000 2282.9121   12.3437
   -7.5000   37.5000  -45.0000 2250.4233   12.7655
    0.0000   37.5000  -45.0000 2250.0364   12.7545
    7.5000   37.5000  -45.0000 2214.5117   13.0909
   -7.5000   45.0000  -45.0000 2158.8267   13.7152
    0.0000   45.0000  -45.0000 2160.0029   13.7113
    7.5000   45.0000  -45.0000 2123.0564   14.0762
   -7.5000  -45.0000  -37.5000 2047.9047   15.3534
    0.0000  -45.0000  -37.5000 2048.6526   15.3998
    7.5000  -45.0000  -37.5000 2029.6576   15.7557
   -7.5000  -37.5000  -37.5000 2176.9253   13.7396
    0.0000  -37.5000  -37.5000 2178.4065   13.7503
    7.5000  -37.5000  -37.5000 2151.9634   14.0576
   -7.5000  -30.0000  -37.5000 2290.1069   12.5228
    0.0000  -30.0000  -37.5000 2291.3657   12.5255
    7.5000  -30.0000  -37.5000 2258.8640   12.7460
   -7.5000  -22.5000  -37.5000 2376.8936   11.5719
    0.0000  -22.5000  -37.5000 2379.6533   11.5721
    7.5000  -22.5000  -37.5000 2348.4873   11.7803
   -7.5000  -15.0000  -37.5000 2431.8618   10.8581
    0.0000  -15.0000  -37.5000 2434.2549   10.8642
    7.5000  -15.0000  -37.5000 2402.3904   11.0570
   -7.5000   -7.5000  -37.5000 2471.5898   10.4191
    0.0000   -7.5000  -37.5000 2473.3516   10.4338
    7.5000   -7.5000  -37.5000 2438.7510   10.6178
   -7.5000    0.0000  -37.5000 2486.5898   10.2073
    0.0000    0.0000  -37.5000 2489.7983   10.2053
    7.5000    0.0000  -37.5000 2453.0090   10.4065
   -7.5000    7.5000  -37.5000 2493.0527   10.1595
    0.0000    7.5000  -37.5000 2493.5203   10.1567
    7.5000    7.5000  -37.5000 2458.2700   10.3537
   -7.5000   15.0000  -37.5000 2483.1228   10.3225
    0.0000   15.0000  -37.5000 2486.2927   10.3015
    7.5000   15.0000  -37.5000 2450.2747   10.5388
   -7.5000   22.5000  -37.5000 2460.9004   10.6497
    0.0000   22.5000  -37.5000 2462.7068   10.6350
    7.5000   22.5000  -37.5000 2424.0022   10.8917
   -7.5000   30.0000  -37.5000 2417.0002   11.1410
    0.0000   30.0000  -37.5000 2419.5667   11.1401
    7.5000   30.0000  -37.5000 2378.8643   11.4033
   -7.5000   37.5000  -37.5000 2342.6543   11.8380
    0.0000   37.5000  -37.5000 2342.9670   11.8195
    7.5000   37.5000  -37.5000 2304.9778   12.1037
   -7.5000   45.0000  -37.5000 2244.9722   12.7366
    0.0000   45.0000  -37.5000 2245.8657   12.7258
    7.5000   45.0000  -37.5000 2206.6067   13.0475
   -7.5000  -45.0000  -30.0000 2142.8564   15.0649
    0.0000  -45.0000  -30.0000 2141.0764   15.0833
    7.5000  -45.0000  -30.0000 2122.9756   15.4351
   -7.5000  -37.5000  -30.0000 2280.6035   13.4953
    0.0000  -37.5000  -30.0000 2285.2163   13.4932
    7.5000  -37.5000  -30.0000 2255.9404   13.7675
   -7.5000  -30.0000  -30.0000 2402.6663   12.2221
    0.0000  -30.0000  -30.0000 2405.0310   12.2244
    7.5000  -30.0000  -30.0000 2371.5322   12.4534
   -7.5000  -22.5000  -30.0000 2496.0486   11.2248
    0.0000  -22.5000  -30.0000 2496.4080   11.2214
    7.5000  -22.5000  -30.0000 2462.8433   11.4266
   -7.5000  -15.0000  -30.0000 2561.8784   10.4860
    0.0000  -15.0000  -30.0000 2563.9753   10.4809
    7.5000  -15.0000  -30.0000 2528.0796   10.6627
   -7.5000   -7.5000  -30.0000 2607.8264   10.0312
    0.0000   -7.5000  -30.0000 2609.6101   10.0242
    7.5000   -7.5000  -30.0000 2572.5361   10.2087
   -7.5000    0.0000  -30.0000 2634.5146    9.7887
    0.0000    0.0000  -30.0000 2637.9622    9.7752
    7.5000    0.0000  -30.0000 2600.1760    9.9707
   -7.5000    7.5000  -30.0000 2640.3948    9.7725
    0.0000    7.5000  -30.0000 2642.1836    9.7802
    7.5000    7.5000  -30.0000 2605.1406    9.9828
   -7.5000   15.0000  -30.0000 2634.2844    9.9520
    0.0000   15.0000  -30.0000 2635.6948    9.9483
    7.5000   15.0000  -30.0000 2596.1353   10.1592
   -7.5000   22.5000  -30.0000 2610.3760   10.2685
    0.0000   22.5000  -30.0000 2612.5435   10.2621
    7.5000   22.5000  -30.0000 2567.6558   10.4821
   -7.5000   30.0000  -30.0000 2561.8232   10.7276
    0.0000   30.0000  -30.0000 2564.9165   10.7280
    7.5000   30.0000  -30.0000 2520.8796   10.9622
   -7.5000   37.5000  -30.0000 2482.1699   11.3771
    0.0000   37.5000  -30.0000 2485.1155   11.3818
    7.5000   37.5000  -30.0000 2439.6282   11.6364
   -7.5000   45.0000  -30.0000 2372.7200   12.2634
    0.0000   45.0000  -30.0000 2371.1016   12.2730
    7.5000   45.0000  -30.0000 2331.5879   12.5531
   -7.5000  -45.0000  -22.5000 2211.1912   14.6822
    0.0000  -45.0000  -22.5000 2211.4968   14.7228
    7.5000  -45.0000  -22.5000 2192.5105   15.0214
   -7.5000  -37.5000  -22.5000 2359.2227   13.1306
    0.0000  -37.5000  -22.5000 2361.2429   13.1478
    7.5000  -37.5000  -22.5000 2329.7080   13.3900
   -7.5000  -30.0000  -22.5000 2482.0906   11.8425
    0.0000  -30.0000  -22.5000 2483.3174   11.8538
    7.5000  -30.0000  -22.5000 2449.4304   12.0745
   -7.5000  -22.5000  -22.5000 2577.6130   10.8012
    0.0000  -22.5000  -22.5000 2578.9546   10.8067
    7.5000  -22.5000  -22.5000 2545.0029   11.0321
   -7.5000  -15.0000  -22.5000 2655.7588   10.0437
    0.0000  -15.0000  -22.5000 2658.7004   10.0550
    7.5000  -15.0000  -22.5000 2623.5786   10.2432
   -7.5000   -7.5000  -22.5000 2712.6101    9.5663
    0.0000   -7.5000  -22.5000 2716.6924    9.5799
    7.5000   -7.5000  -22.5000 2679.2515    9.7569
   -7.5000    0.0000  -22.5000 2750.7749    9.3115
    0.0000    0.0000  -22.5000 2755.0820    9.3154
    7.5000    0.0000  -22.5000 2712.2251    9.5022
   -7.5000    7.5000  -22.5000 2771.3718    9.3089
    0.0000    7.5000  -22.5000 2767.2061    9.3156
    7.5000    7.5000  -22.5000 2721.6580    9.5074
   -7.5000   15.0000  -22.5000 2766.2166    9.4939
    0.0000   15.0000  -22.5000 2764.2461    9.5071
    7.5000   15.0000  -22.5000 2713.7263    9.7032
   -7.5000   22.5000  -22.5000 2740.0488    9.8161
    0.0000   22.5000  -22.5000 2740.9624    9.8322
    7.5000   22.5000  -22.5000 2687.6433   10.0209
   -7.5000   30.0000  -22.5000 2679.2004   10.2520
    0.0000   30.0000  -22.5000 2681.3584   10.2555
    7.5000   30.0000  -22.5000 2631.3657   10.4742
   -7.5000   37.5000  -22.5000 2595.2466   10.8597
    0.0000   37.5000  -22.5000 2595.0857   10.8726
    7.5000   37.5000  -22.5000 2544.0085   11.1260
   -7.5000   45.0000  -22.5000 2476.1724   11.7442
    0.0000   45.0000  -22.5000 2471.7190   11.7499
    7.5000   45.0000  -22.5000 2426.7673   12.0263
   -7.5000  -45.0000  -15.0000 2255.1182   14.2929
    0.0000  -45.0000  -15.0000 2254.5930   14.3697
    7.5000  -45.0000  -15.0000 2228.9219   14.6763
   -7.5000  -37.5000  -15.0000 2397.8940   12.7240
    0.0000  -37.5000  -15.0000 2400.6685   12.7834
    7.5000  -37.5000  -15.0000 2368.1035   13.0421
   -7.5000  -30.0000  -15.0000 2523.5781   11.4585
    0.0000  -30.0000  -15.0000 2525.0247   11.4997
    7.5000  -30.0000  -15.0000 2492.0417   11.7447
   -7.5000  -22.5000  -15.0000 2626.3560   10.4310
    0.0000  -22.5000  -15.0000 2629.8333   10.4588
    7.5000  -22.5000  -15.0000 2595.4487   10.6961
   -7.5000  -15.0000  -15.0000 2713.3433    9.6660
    0.0000  -15.0000  -15.0000 2716.6377    9.6974
    7.5000  -15.0000  -15.0000 2680.7881    9.9115
   -7.5000   -7.5000  -15.0000 2781.4143    9.1291
    0.0000   -7.5000  -15.0000 2784.7192    9.1647
    7.5000   -7.5000  -15.0000 2745.1580    9.3831
   -7.5000    0.0000  -15.0000 2836.7126    8.8538
    0.0000    0.0000  -15.0000 2836.9534    8.8691
    7.5000    0.0000  -15.0000 2787.0923    9.0747
   -7.5000    7.5000  -15.0000 2870.9595    8.8359
    0.0000    7.5000  -15.0000 2865.5117    8.8518
    7.5000    7.5000  -15.0000 2808.9243    9.0566
   -7.5000   15.0000  -15.0000 2867.1775    9.0413
    0.0000   15.0000  -15.0000 2866.5349    9.0537
    7.5000   15.0000  -15.0000 2802.0234    9.2543
   -7.5000   22.5000  -15.0000 2839.2095    9.3645
    0.0000   22.5000  -15.0000 2838.9290    9.3788
    7.5000   22.5000  -15.0000 2774.7253    9.5838
   -7.5000   30.0000  -15.0000 2769.3733    9.7741
    0.0000   30.0000  -15.0000 2770.2341    9.7797
    7.5000   30.0000  -15.0000 2712.1069   10.0165
   -7.5000   37.5000  -15.0000 2670.9246   10.3838
    0.0000   37.5000  -15.0000 2672.9883   10.4076
    7.5000   37.5000  -15.0000 2613.6201   10.6583
   -7.5000   45.0000  -15.0000 2543.3237   11.2525
    0.0000   45.0000  -15.0000 2543.1865   11.2658
    7.5000   45.0000  -15.0000 2490.7549   11.5463
   -7.5000  -45.0000   -7.5000 2272.4290   14.0081
    0.0000  -45.0000   -7.5000 2273.4612   14.1036
    7.5000  -45.0000   -7.5000 2246.3064   14.4420
   -7.5000  -37.5000   -7.5000 2415.3386   12.4308
    0.0000  -37.5000   -7.5000 2420.4602   12.4752
    7.5000  -37.5000   -7.5000 2387.5532   12.8098
   -7.5000  -30.0000   -7.5000 2543.0352   11.1719
    0.0000  -30.0000   -7.5000 2546.5164   11.1967
    7.5000  -30.0000   -7.5000 2512.4128   11.5109
   -7.5000  -22.5000   -7.5000 2648.0261   10.1445
    0.0000  -22.5000   -7.5000 2653.6152   10.1645
    7.5000  -22.5000   -7.5000 2616.0552   10.4436
   -7.5000  -15.0000   -7.5000 2744.4868    9.3595
    0.0000  -15.0000   -7.5000 2752.9753    9.3881
    7.5000  -15.0000   -7.5000 2711.8098    9.6559
   -7.5000   -7.5000   -7.5000 2827.9316    8.7778
    0.0000   -7.5000   -7.5000 2833.7092    8.8084
    7.5000   -7.5000   -7.5000 2786.7100    9.0726
   -7.5000    0.0000   -7.5000 2897.5203    8.4724
    0.0000    0.0000   -7.5000 2899.4099    8.4918
    7.5000    0.0000   -7.5000 2839.9351    8.7431
   -7.5000    7.5000   -7.5000 2947.1968    8.4194
    0.0000    7.5000   -7.5000 2943.7297    8.4452
    7.5000    7.5000   -7.5000 2871.6353    8.7021
   -7.5000   15.0000   -7.5000 2952.6350    8.6102
    0.0000   15.0000   -7.5000 2949.9624    8.6248
    7.5000   15.0000   -7.5000 2870.4512    8.8716
   -7.5000   22.5000   -7.5000 2909.1753    8.9387
    0.0000   22.5000   -7.5000 2914.8435    8.9461
    7.5000   22.5000   -7.5000 2833.4497    9.1956
   -7.5000   30.0000   -7.5000 2828.6079    9.3633
    0.0000   30.0000   -7.5000 2834.9521    9.3779
    7.5000   30.0000   -7.5000 2764.5923    9.6452
   -7.5000   37.5000   -7.5000 2724.5076    9.9609
    0.0000   37.5000   -7.5000 2727.3469    9.9934
    7.5000   37.5000   -7.5000 2663.7349   10.2490
   -7.5000   45.0000   -7.5000 2584.6331   10.8476
    0.0000   45.0000   -7.5000 2583.6057   10.8775
    7.5000   45.0000   -7.5000 2532.7385   11.1404
   -7.5000  -45.0000    0.0000 2275.7217   13.9504
    0.0000  -45.0000    0.0000 2280.0017   14.0082
    7.5000  -45.0000    0.0000 2255.5671   14.3857
   -7.5000  -37.5000    0.0000 2415.3674   12.3449
    0.0000  -37.5000    0.0000 2421.2488   12.3688
    7.5000  -37.5000    0.0000 2387.9980   12.7399
   -7.5000  -30.0000    0.0000 2537.9426   11.0625
    0.0000  -30.0000    0.0000 2541.3149   11.0756
    7.5000  -30.0000    0.0000 2504.8457   11.4147
   -7.5000  -22.5000    0.0000 2651.2356   10.0172
    0.0000  -22.5000    0.0000 2655.2578   10.0181
    7.5000  -22.5000    0.0000 2614.4180   10.3490
   -7.5000  -15.0000    0.0000 2754.4080    9.1888
    0.0000  -15.0000    0.0000 2761.6995    9.1993
    7.5000  -15.0000    0.0000 2718.7275    9.5244
   -7.5000   -7.5000    0.0000 2851.8811    8.5911
    0.0000   -7.5000    0.0000 2859.5613    8.5974
    7.5000   -7.5000    0.0000 2806.1260    8.9126
   -7.5000    0.0000    0.0000 2932.2378    8.2541
    0.0000    0.0000    0.0000 2938.8213    8.2574
    7.5000    0.0000    0.0000 2874.4429    8.5627
   -7.5000    7.5000    0.0000 2991.1418    8.2215
    0.0000    7.5000    0.0000 2994.8320    8.2196
    7.5000    7.5000    0.0000 2913.9453    8.4954
   -7.5000   15.0000    0.0000 3000.9062    8.3827
    0.0000   15.0000    0.0000 3005.9482    8.3807
    7.5000   15.0000    0.0000 2912.1113    8.6598
   -7.5000   22.5000    0.0000 2950.4622    8.6953
    0.0000   22.5000    0.0000 2959.6770    8.6915
    7.5000   22.5000    0.0000 2871.0291    8.9649
   -7.5000   30.0000    0.0000 2859.9995    9.1245
    0.0000   30.0000    0.0000 2865.7722    9.1312
    7.5000   30.0000    0.0000 2798.1711    9.3954
   -7.5000   37.5000    0.0000 2746.8384    9.7544
    0.0000   37.5000    0.0000 2749.7622    9.7588
    7.5000   37.5000    0.0000 2693.4993   10.0286
   -7.5000   45.0000    0.0000 2605.3882   10.6443
    0.0000   45.0000    0.0000 2603.5286   10.6441
    7.5000   45.0000    0.0000 2556.3601   10.9299
   -7.5000  -45.0000    7.5000 2270.2961   14.0580
    0.0000  -45.0000    7.5000 2276.8516   14.0780
    7.5000  -45.0000    7.5000 2248.6287   14.4940
   -7.5000  -37.5000    7.5000 2401.9487   12.4270
    0.0000  -37.5000    7.5000 2409.9756   12.4236
    7.5000  -37.5000    7.5000 2373.3892   12.8008
   -7.5000  -30.0000    7.5000 2518.0505   11.0814
    0.0000  -30.0000    7.5000 2524.1987   11.0641
    7.5000  -30.0000    7.5000 2484.5251   11.4493
   -7.5000  -22.5000    7.5000 2635.5608   10.0005
    0.0000  -22.5000    7.5000 2641.1025    9.9910
    7.5000  -22.5000    7.5000 2598.3303   10.3721
   -7.5000  -15.0000    7.5000 2746.8838    9.1602
    0.0000  -15.0000    7.5000 2752.9609    9.1531
    7.5000  -15.0000    7.5000 2708.3340    9.5177
   -7.5000   -7.5000    7.5000 2850.3784    8.5682
    0.0000   -7.5000    7.5000 2856.9258    8.5588
    7.5000   -7.5000    7.5000 2801.9736    8.9083
   -7.5000    0.0000    7.5000 2941.2063    8.2365
    0.0000    0.0000    7.5000 2944.9802    8.2220
    7.5000    0.0000    7.5000 2880.7085    8.5576
   -7.5000    7.5000    7.5000 3005.4817    8.1973
    0.0000    7.5000    7.5000 3009.6538    8.1825
    7.5000    7.5000    7.5000 2928.3162    8.4789
   -7.5000   15.0000    7.5000 3009.5168    8.3802
    0.0000   15.0000    7.5000 3014.1860    8.3530
    7.5000   15.0000    7.5000 2923.6003    8.6236
   -7.5000   22.5000    7.5000 2955.9871    8.6614
    0.0000   22.5000    7.5000 2959.7029    8.6436
    7.5000   22.5000    7.5000 2876.1138    8.9129
   -7.5000   30.0000    7.5000 2862.1663    9.0963
    0.0000   30.0000    7.5000 2866.1519    9.0879
    7.5000   30.0000    7.5000 2797.0857    9.3627
   -7.5000   37.5000    7.5000 2743.1194    9.7299
    0.0000   37.5000    7.5000 2743.8020    9.7178
    7.5000   37.5000    7.5000 2693.7891   10.0043
   -7.5000   45.0000    7.5000 2604.0129   10.6019
    0.0000   45.0000    7.5000 2602.8657   10.5847
    7.5000   45.0000    7.5000 2561.3623   10.8649
   -7.5000  -45.0000   15.0000 2257.1968   14.3183
    0.0000  -45.0000   15.0000 2266.3491   14.3135
    7.5000  -45.0000   15.0000 2229.8259   14.7438
   -7.5000  -37.5000   15.0000 2375.4990   12.6250
    0.0000  -37.5000   15.0000 2385.4419   12.6036
    7.5000  -37.5000   15.0000 2344.7676   13.0110
   -7.5000  -30.0000   15.0000 2486.4910   11.2651
    0.0000  -30.0000   15.0000 2494.1282   11.2266
    7.5000  -30.0000   15.0000 2453.1863   11.6461
   -7.5000  -22.5000   15.0000 2603.0725   10.1603
    0.0000  -22.5000   15.0000 2611.0278   10.1387
    7.5000  -22.5000   15.0000 2564.3706   10.5396
   -7.5000  -15.0000   15.0000 2710.3745    9.3179
    0.0000  -15.0000   15.0000 2718.5991    9.2931
    7.5000  -15.0000   15.0000 2670.9631    9.6935
   -7.5000   -7.5000   15.0000 2820.0649    8.7239
    0.0000   -7.5000   15.0000 2828.4800    8.7052
    7.5000   -7.5000   15.0000 2774.0439    9.0892
   -7.5000    0.0000   15.0000 2916.5068    8.4152
    0.0000    0.0000   15.0000 2921.8206    8.3764
    7.5000    0.0000   15.0000 2856.1318    8.7440
   -7.5000    7.5000   15.0000 2983.4370    8.3323
    0.0000    7.5000   15.0000 2990.1631    8.3117
    7.5000    7.5000   15.0000 2906.3728    8.6253
   -7.5000   15.0000   15.0000 2980.8772    8.4751
    0.0000   15.0000   15.0000 2986.6992    8.4529
    7.5000   15.0000   15.0000 2902.9055    8.7366
   -7.5000   22.5000   15.0000 2917.1003    8.7686
    0.0000   22.5000   15.0000 2926.0107    8.7470
    7.5000   22.5000   15.0000 2852.5752    9.0155
   -7.5000   30.0000   15.0000 2822.2324    9.2289
    0.0000   30.0000   15.0000 2829.7134    9.2156
    7.5000   30.0000   15.0000 2768.2056    9.4715
   -7.5000   37.5000   15.0000 2706.9124    9.8746
    0.0000   37.5000   15.0000 2709.5422    9.8676
    7.5000   37.5000   15.0000 2666.9502   10.1291
   -7.5000   45.0000   15.0000 2579.4653   10.7294
    0.0000   45.0000   15.0000 2577.8687   10.7187
    7.5000   45.0000   15.0000 2541.4832   10.9937
   -7.5000  -45.0000   22.5000 2229.6760   14.7117
    0.0000  -45.0000   22.5000 2237.4695   14.6883
    7.5000  -45.0000   22.5000 2199.1235   15.1568
   -7.5000  -37.5000   22.5000 2341.2126   12.9853
    0.0000  -37.5000   22.5000 2350.8521   12.9468
    7.5000  -37.5000   22.5000 2313.1492   13.3795
   -7.5000  -30.0000   22.5000 2448.3167   11.6168
    0.0000  -30.0000   22.5000 2455.9036   11.5615
    7.5000  -30.0000   22.5000 2415.6821   12.0052
   -7.5000  -22.5000   22.5000 2560.6885   10.5248
    0.0000  -22.5000   22.5000 2566.7070   10.4891
    7.5000  -22.5000   22.5000 2521.6584   10.9107
   -7.5000  -15.0000   22.5000 2664.1233    9.6965
    0.0000  -15.0000   22.5000 2671.3748    9.6716
    7.5000  -15.0000   22.5000 2626.0723   10.0558
   -7.5000   -7.5000   22.5000 2770.7083    9.0778
    0.0000   -7.5000   22.5000 2774.4341    9.0559
    7.5000   -7.5000   22.5000 2725.4761    9.4541
   -7.5000    0.0000   22.5000 2864.5667    8.7526
    0.0000    0.0000   22.5000 2868.3523    8.7273
    7.5000    0.0000   22.5000 2810.7778    9.0765
   -7.5000    7.5000   22.5000 2925.8611    8.6445
    0.0000    7.5000   22.5000 2929.4871    8.6246
    7.5000    7.5000   22.5000 2860.8845    8.9303
   -7.5000   15.0000   22.5000 2917.1440    8.8113
    0.0000   15.0000   22.5000 2919.2922    8.7954
    7.5000   15.0000   22.5000 2854.6064    9.0630
   -7.5000   22.5000   22.5000 2857.8555    9.1169
    0.0000   22.5000   22.5000 2860.4753    9.0974
    7.5000   22.5000   22.5000 2801.2820    9.3483
   -7.5000   30.0000   22.5000 2769.7595    9.5523
    0.0000   30.0000   22.5000 2773.2529    9.5409
    7.5000   30.0000   22.5000 2721.5103    9.7892
   -7.5000   37.5000   22.5000 2655.0813   10.1732
    0.0000   37.5000   22.5000 2657.8054   10.1563
    7.5000   37.5000   22.5000 2619.2805   10.4117
   -7.5000   45.0000   22.5000 2533.6023   11.0149
    0.0000   45.0000   22.5000 2536.9473   11.0019
    7.5000   45.0000   22.5000 2499.4949   11.2607
   -7.5000  -45.0000   30.0000 2175.1172   15.3703
    0.0000  -45.0000   30.0000 2182.8235   15.2672
    7.5000  -45.0000   30.0000 2149.1355   15.7701
   -7.5000  -37.5000   30.0000 2294.2666   13.5807
    0.0000  -37.5000   30.0000 2302.9309   13.5192
    7.5000  -37.5000   30.0000 2266.7781   14.0055
   -7.5000  -30.0000   30.0000 2404.4897   12.2250
    0.0000  -30.0000   30.0000 2409.8667   12.1656
    7.5000  -30.0000   30.0000 2370.4863   12.5777
   -7.5000  -22.5000   30.0000 2514.6689   11.1233
    0.0000  -22.5000   30.0000 2521.0239   11.0728
    7.5000  -22.5000   30.0000 2474.5327   11.4746
   -7.5000  -15.0000   30.0000 2612.1472   10.2325
    0.0000  -15.0000   30.0000 2619.9819   10.2076
    7.5000  -15.0000   30.0000 2570.3162   10.6000
   -7.5000   -7.5000   30.0000 2713.3223    9.6144
    0.0000   -7.5000   30.0000 2718.6567    9.5952
    7.5000   -7.5000   30.0000 2668.4568    9.9589
   -7.5000    0.0000   30.0000 2796.4788    9.2654
    0.0000    0.0000   30.0000 2800.9006    9.2203
    7.5000    0.0000   30.0000 2743.7368    9.5603
   -7.5000    7.5000   30.0000 2840.2720    9.1475
    0.0000    7.5000   30.0000 2840.6926    9.1294
    7.5000    7.5000   30.0000 2786.2295    9.4085
   -7.5000   15.0000   30.0000 2828.4185    9.3278
    0.0000   15.0000   30.0000 2829.1438    9.3072
    7.5000   15.0000   30.0000 2778.4941    9.5496
   -7.5000   22.5000   30.0000 2772.1914    9.6353
    0.0000   22.5000   30.0000 2775.1108    9.6167
    7.5000   22.5000   30.0000 2726.2275    9.8583
   -7.5000   30.0000   30.0000 2691.4954   10.0579
    0.0000   30.0000   30.0000 2695.1299   10.0531
    7.5000   30.0000   30.0000 2648.0271   10.3077
   -7.5000   37.5000   30.0000 2585.3220   10.6551
    0.0000   37.5000   30.0000 2590.7917   10.6510
    7.5000   37.5000   30.0000 2554.2576   10.8942
   -7.5000   45.0000   30.0000 2471.4641   11.4608
    0.0000   45.0000   30.0000 2473.1829   11.4566
    7.5000   45.0000   30.0000 2441.9814   11.6891
   -7.5000  -45.0000   37.5000 2114.6589   16.2433
    0.0000  -45.0000   37.5000 2121.2344   16.2487
    7.5000  -45.0000   37.5000 2087.4836   16.7078
   -7.5000  -37.5000   37.5000 2238.5095   14.4205
    0.0000  -37.5000   37.5000 2243.6086   14.4045
    7.5000  -37.5000   37.5000 2207.3186   14.8296
   -7.5000  -30.0000   37.5000 2348.8196   13.0104
    0.0000  -30.0000   37.5000 2353.8694   12.9715
    7.5000  -30.0000   37.5000 2315.1948   13.3572
   -7.5000  -22.5000   37.5000 2455.6558   11.8421
    0.0000  -22.5000   37.5000 2462.4756   11.8144
    7.5000  -22.5000   37.5000 2418.3376   12.1704
   -7.5000  -15.0000   37.5000 2559.5962   10.9290
    0.0000  -15.0000   37.5000 2566.8931   10.9123
    7.5000  -15.0000   37.5000 2514.6877   11.2520
   -7.5000   -7.5000   37.5000 2649.3967   10.2848
    0.0000   -7.5000   37.5000 2658.5667   10.2783
    7.5000   -7.5000   37.5000 2603.5452   10.5972
   -7.5000    0.0000   37.5000 2717.4719    9.9231
    0.0000    0.0000   37.5000 2724.7200    9.8991
    7.5000    0.0000   37.5000 2668.2766   10.2061
   -7.5000    7.5000   37.5000 2745.9807    9.8063
    0.0000    7.5000   37.5000 2745.8901    9.7889
    7.5000    7.5000   37.5000 2699.4963   10.0469
   -7.5000   15.0000   37.5000 2727.9900    9.9438
    0.0000   15.0000   37.5000 2730.8452    9.9300
    7.5000   15.0000   37.5000 2687.2073   10.1769
   -7.5000   22.5000   37.5000 2675.0388   10.2665
    0.0000   22.5000   37.5000 2676.5151   10.2543
    7.5000   22.5000   37.5000 2637.6719   10.5042
   -7.5000   30.0000   37.5000 2602.2124   10.7105
    0.0000   30.0000   37.5000 2603.9792   10.7125
    7.5000   30.0000   37.5000 2563.4458   10.9634
   -7.5000   37.5000   37.5000 2506.9929   11.2883
    0.0000   37.5000   37.5000 2508.5317   11.2936
    7.5000   37.5000   37.5000 2471.5930   11.5426
   -7.5000   45.0000   37.5000 2396.8953   12.0637
    0.0000   45.0000   37.5000 2397.7542   12.0619
    7.5000   45.0000   37.5000 2366.1338   12.3213
   -7.5000  -45.0000   45.0000 2047.6689   17.4633
    0.0000  -45.0000   45.0000 2049.4124   17.5087
    7.5000  -45.0000   45.0000 2019.1779   17.9351
   -7.5000  -37.5000   45.0000 2169.0562   15.4785
    0.0000  -37.5000   45.0000 2170.9006   15.4753
    7.5000  -37.5000   45.0000 2139.4480   15.8754
   -7.5000  -30.0000   45.0000 2281.3489   13.9474
    0.0000  -30.0000   45.0000 2284.4507   13.9383
    7.5000  -30.0000   45.0000 2246.6970   14.2780
   -7.5000  -22.5000   45.0000 2388.4927   12.7219
    0.0000  -22.5000   45.0000 2397.9204   12.7207
    7.5000  -22.5000   45.0000 2348.7954   13.0149
   -7.5000  -15.0000   45.0000 2489.0027   11.7696
    0.0000  -15.0000   45.0000 2499.2307   11.7871
    7.5000  -15.0000   45.0000 2445.6494   12.0772
   -7.5000   -7.5000   45.0000 2570.6155   11.1032
    0.0000   -7.5000   45.0000 2582.5376   11.1269
    7.5000   -7.5000   45.0000 2525.9644   11.4135
   -7.5000    0.0000   45.0000 2625.3860   10.7194
    0.0000    0.0000   45.0000 2634.2249   10.7221
    7.5000    0.0000   45.0000 2582.3611   10.9950
   -7.5000    7.5000   45.0000 2646.4644   10.5919
    0.0000    7.5000   45.0000 2649.2039   10.5889
    7.5000    7.5000   45.0000 2604.7500   10.8291
   -7.5000   15.0000   45.0000 2623.6479   10.6994
    0.0000   15.0000   45.0000 2627.6226   10.6939
    7.5000   15.0000   45.0000 2587.7954   10.9404
   -7.5000   22.5000   45.0000 2573.1389   11.0217
    0.0000   22.5000   45.0000 2575.7559   11.0244
    7.5000   22.5000   45.0000 2544.6753   11.2790
   -7.5000   30.0000   45.0000 2505.7979   11.4707
    0.0000   30.0000   45.0000 2507.5349   11.4920
    7.5000   30.0000   45.0000 2474.2881   11.7517
   -7.5000   37.5000   45.0000 2423.5586   12.0175
    0.0000   37.5000   45.0000 2427.6775   12.0337
    7.5000   37.5000   45.0000 2392.8857   12.3025
   -7.5000   45.0000   45.0000 2318.9597   12.8047
    0.0000   45.0000   45.0000 2318.9346   12.8045
    7.5000   45.0000   45.0000 2292.2446   13.1015

---------------------------------------------------------------------
imgreg_4dfp /opt/freesurfer/average/711-2C_as_mni_average_305 /opt/freesurfer/average/711-2B_as_mni_average_305_mask talsrcimg_g11 none talsrcimg_to_711-2C_as_mni_average_305_t4 1283
---------------------------------------------------------------------

freesurfer imgreg_4dfp.c
/opt/freesurfer/average/711-2C_as_mni_average_305.4dfp.img
       256       256       256         1
  1.000000  1.000000  1.000000
orientation T byte_order littleendian
Reading image: /opt/freesurfer/average/711-2C_as_mni_average_305.4dfp.img
dimensions:      256       256       256
mmppix:       1.0000   -1.0000   -1.0000
center:     128.0000 -129.0000 -129.0000
/opt/freesurfer/average/711-2B_as_mni_average_305_mask.4dfp.img
       256       256       256         1
  1.000000  1.000000  1.000000
orientation T byte_order littleendian
Reading mask: /opt/freesurfer/average/711-2B_as_mni_average_305_mask.4dfp.img (2306576 pixels)
talsrcimg_g11.4dfp.img
       256       256       256         1
  1.000000  1.000000  1.000000
orientation T byte_order littleendian
Reading image: talsrcimg_g11.4dfp.img
dimensions:      256       256       256
mmppix:       1.0000   -1.0000   -1.0000
center:     128.0000 -129.0000 -129.0000
rotation matrix determinant  1.000000
fimgreg.f
image alignment mode   1283 decimal      503 hex
parameters
    0.0000   15.0000    7.5000    0.0000    0.0000    0.0000
eta,q 0.94613  8.33467
niter,ni,del,rscale     5    3   12.0000    1.2000
parameter  1  0.671464 ->  0.500000 qaram    1.1500
parameter  4  2.939906 ->  0.500000 qaram    1.1500
parameters
   -3.4500   12.2946    5.2478   -3.4500    0.0847    0.6668
eta,q 0.95625  8.13911
  0.0538  0.0517  0.0490  0.0418  0.0506  0.0492
  0.0512  0.0495  0.0481  0.0431  0.0468  0.0468
  0.0524  0.0492  0.0486  0.0457  0.0443  0.0447
  0.0568  0.0509  0.0489  0.0486  0.0437  0.0437
  0.0621  0.0542  0.0490  0.0517  0.0449  0.0439
  0.0686  0.0592  0.0505  0.0551  0.0469  0.0451
  0.0774  0.0661  0.0542  0.0583  0.0498  0.0475
niter,ni,del,rscale     6    3   12.0000    1.2000
parameter  4  1.375292 ->  0.500000 qaram    1.3225
parameters
   -3.7295   13.0547    5.7371   -7.4175    0.3313    0.5347
eta,q 0.95968  8.11600
  0.0595  0.0556  0.0483  0.0386  0.0490  0.0444
  0.0516  0.0500  0.0454  0.0400  0.0447  0.0423
  0.0456  0.0456  0.0439  0.0411  0.0416  0.0409
  0.0437  0.0437  0.0436  0.0436  0.0403  0.0403
  0.0471  0.0442  0.0437  0.0474  0.0413  0.0405
  0.0537  0.0468  0.0444  0.0511  0.0439  0.0422
  0.0617  0.0508  0.0469  0.0550  0.0476  0.0452
niter,ni,del,rscale     6    3   12.0000    1.2000
parameter  4  0.729143 ->  0.500000 qaram    1.5209
parameters
   -3.8250   14.9885    5.4784  -11.9801    0.3787    0.7653
eta,q 0.96429  8.13913
  0.0591  0.0537  0.0448  0.0372  0.0453  0.0424
  0.0497  0.0474  0.0419  0.0353  0.0407  0.0396
  0.0429  0.0427  0.0400  0.0374  0.0372  0.0371
  0.0403  0.0403  0.0392  0.0392  0.0358  0.0358
  0.0439  0.0391  0.0399  0.0425  0.0374  0.0361
  0.0512  0.0400  0.0424  0.0474  0.0408  0.0381
  0.0594  0.0431  0.0462  0.0524  0.0448  0.0421
niter,ni,del,rscale     6    3   12.0000    1.2000
parameters
   -3.7482   16.3437    5.1275  -12.9452    0.2412    0.6638
eta,q 0.96537  8.17183
  0.0588  0.0506  0.0423  0.0442  0.0440  0.0407
  0.0488  0.0436  0.0385  0.0387  0.0395  0.0379
  0.0402  0.0381  0.0361  0.0350  0.0361  0.0354
  0.0357  0.0357  0.0354  0.0354  0.0346  0.0346
  0.0393  0.0356  0.0367  0.0379  0.0366  0.0353
  0.0482  0.0374  0.0399  0.0420  0.0404  0.0376
  0.0580  0.0412  0.0439  0.0482  0.0446  0.0415
niter,ni,del,rscale     5    3   12.0000    1.2000
parameters
   -3.6700   16.8272    4.9798  -13.5912    0.1492    0.6085
eta,q 0.96557  8.17789
  0.0590  0.0469  0.0430  0.0442  0.0443  0.0405
  0.0489  0.0403  0.0388  0.0387  0.0397  0.0378
  0.0396  0.0359  0.0359  0.0356  0.0361  0.0353
  0.0346  0.0346  0.0347  0.0347  0.0344  0.0344
  0.0383  0.0360  0.0362  0.0370  0.0363  0.0352
  0.0482  0.0388  0.0396  0.0408  0.0404  0.0375
  0.0583  0.0428  0.0436  0.0471  0.0447  0.0411
niter,ni,del,rscale     4    3   12.0000    1.2000
parameters
   -3.5933   17.1584    4.8682  -14.0206    0.0741    0.5672
eta,q 0.96553  8.18139
  0.0591  0.0460  0.0432  0.0444  0.0444  0.0404
  0.0492  0.0396  0.0391  0.0386  0.0399  0.0378
  0.0397  0.0354  0.0359  0.0359  0.0364  0.0353
  0.0344  0.0344  0.0346  0.0346  0.0345  0.0345
  0.0383  0.0363  0.0362  0.0365  0.0363  0.0352
  0.0485  0.0389  0.0397  0.0400  0.0404  0.0374
  0.0585  0.0428  0.0437  0.0463  0.0448  0.0409
niter,ni,del,rscale     3    3   12.0000    1.2000
parameters
   -3.5306   17.3875    4.7780  -14.3097    0.0139    0.5371
eta,q 0.96544  8.18333
  0.0592  0.0455  0.0434  0.0445  0.0445  0.0403
  0.0493  0.0392  0.0393  0.0385  0.0400  0.0378
  0.0397  0.0352  0.0360  0.0359  0.0365  0.0354
  0.0345  0.0344  0.0346  0.0346  0.0346  0.0346
  0.0385  0.0364  0.0362  0.0362  0.0363  0.0353
  0.0488  0.0388  0.0398  0.0395  0.0404  0.0374
  0.0587  0.0430  0.0438  0.0458  0.0449  0.0408
niter,ni,del,rscale     2    3   12.0000    1.2000
parameters
   -3.4839   17.5412    4.7038  -14.4951   -0.0333    0.5291
eta,q 0.96535  8.18462
  0.0592  0.0451  0.0435  0.0447  0.0445  0.0403
  0.0493  0.0389  0.0394  0.0384  0.0401  0.0378
  0.0397  0.0351  0.0361  0.0359  0.0367  0.0355
  0.0346  0.0345  0.0346  0.0346  0.0346  0.0346
  0.0387  0.0364  0.0363  0.0361  0.0363  0.0353
  0.0489  0.0388  0.0398  0.0392  0.0404  0.0374
  0.0588  0.0432  0.0439  0.0454  0.0449  0.0407
niter,ni,del,rscale     1    3   12.0000    1.2000
parameters
   -3.4519   17.6408    4.6486  -14.6163   -0.0615    0.5330
eta,q 0.96528  8.18539
  0.0591  0.0448  0.0436  0.0447  0.0446  0.0403
  0.0492  0.0388  0.0395  0.0384  0.0402  0.0379
  0.0397  0.0350  0.0362  0.0359  0.0368  0.0356
  0.0346  0.0346  0.0347  0.0347  0.0347  0.0347
  0.0389  0.0364  0.0363  0.0360  0.0363  0.0353
  0.0490  0.0387  0.0399  0.0391  0.0403  0.0374
  0.0588  0.0434  0.0439  0.0451  0.0449  0.0407
registration optimization eta report
parameter search radius
    6.9000    6.0000    6.0000    9.1253    6.0000    6.0000
100000*second partial in parameter space
       48.       26.       24.       12.       27.       16.
  0.0591  0.0448  0.0436  0.0447  0.0446  0.0403
  0.0492  0.0388  0.0395  0.0384  0.0402  0.0379
  0.0397  0.0350  0.0362  0.0359  0.0368  0.0356
  0.0346  0.0346  0.0347  0.0347  0.0347  0.0347
  0.0389  0.0364  0.0363  0.0360  0.0363  0.0353
  0.0490  0.0387  0.0399  0.0391  0.0403  0.0374
  0.0588  0.0434  0.0439  0.0451  0.0449  0.0407
   -3.4519   17.6408    4.6486  -14.6163   -0.0615    0.5330
eta,q 0.96528  8.18539

---------------------------------------------------------------------
imgreg_4dfp /opt/freesurfer/average/711-2C_as_mni_average_305 /opt/freesurfer/average/711-2B_as_mni_average_305_mask talsrcimg_g11 none talsrcimg_to_711-2C_as_mni_average_305_t4 3335
---------------------------------------------------------------------

freesurfer imgreg_4dfp.c
/opt/freesurfer/average/711-2C_as_mni_average_305.4dfp.img
       256       256       256         1
  1.000000  1.000000  1.000000
orientation T byte_order littleendian
Reading image: /opt/freesurfer/average/711-2C_as_mni_average_305.4dfp.img
dimensions:      256       256       256
mmppix:       1.0000   -1.0000   -1.0000
center:     128.0000 -129.0000 -129.0000
/opt/freesurfer/average/711-2B_as_mni_average_305_mask.4dfp.img
       256       256       256         1
  1.000000  1.000000  1.000000
orientation T byte_order littleendian
Reading mask: /opt/freesurfer/average/711-2B_as_mni_average_305_mask.4dfp.img (2306576 pixels)
talsrcimg_g11.4dfp.img
       256       256       256         1
  1.000000  1.000000  1.000000
orientation T byte_order littleendian
Reading image: talsrcimg_g11.4dfp.img
dimensions:      256       256       256
mmppix:       1.0000   -1.0000   -1.0000
center:     128.0000 -129.0000 -129.0000
fimgreg.f
image alignment mode   3335 decimal      D07 hex
parameters
   -3.4519   17.6408    4.6486   -0.0044   -3.2407   -3.2363
   -0.9271   -0.1309    0.9302   25.2344   -0.1073  -25.2345
eta,q 0.96796  8.17755
niter,ni,del,rscale     5    3    5.0000    1.2000
parameter  4  1.129512 ->  0.500000 qaram    1.1500
parameter  5  1.107080 ->  0.500000 qaram    1.1500
parameter 10  0.562749 ->  0.500000 qaram    1.1500
parameters
   -3.5765   17.7136    4.3357   -4.1444   -7.3807   -5.5929
   -0.9029    0.1663    0.6681   21.0944   -0.8149  -27.1338
eta,q 0.97521  7.77765
  0.0350  0.0344  0.0332  0.0274  0.0252  0.0270  0.0282  0.0304  0.0274  0.0252  0.0257  0.0254
  0.0333  0.0331  0.0325  0.0281  0.0256  0.0261  0.0268  0.0281  0.0264  0.0249  0.0252  0.0250
  0.0323  0.0323  0.0321  0.0295  0.0267  0.0256  0.0259  0.0264  0.0258  0.0250  0.0249  0.0248
  0.0320  0.0320  0.0320  0.0320  0.0284  0.0259  0.0256  0.0256  0.0256  0.0256  0.0249  0.0249
  0.0326  0.0323  0.0323  0.0355  0.0307  0.0270  0.0259  0.0260  0.0258  0.0269  0.0250  0.0252
  0.0338  0.0330  0.0330  0.0396  0.0337  0.0289  0.0268  0.0274  0.0266  0.0288  0.0254  0.0258
  0.0357  0.0341  0.0340  0.0442  0.0369  0.0315  0.0281  0.0298  0.0277  0.0314  0.0261  0.0266
niter,ni,del,rscale     7    3    5.0000    1.2000
parameters
   -3.4126   17.5492    3.6237   -7.3753   -9.6691   -5.9863
   -0.7876    0.4719    0.9106   21.4552   -1.2420  -27.7247
eta,q 0.97597  7.57677
  0.0284  0.0267  0.0253  0.0254  0.0255  0.0256  0.0266  0.0280  0.0259  0.0265  0.0248  0.0250
  0.0265  0.0256  0.0248  0.0245  0.0247  0.0247  0.0252  0.0260  0.0249  0.0252  0.0244  0.0244
  0.0253  0.0249  0.0246  0.0241  0.0241  0.0241  0.0244  0.0246  0.0243  0.0244  0.0241  0.0241
  0.0248  0.0248  0.0248  0.0246  0.0241  0.0241  0.0241  0.0241  0.0241  0.0241  0.0240  0.0240
  0.0250  0.0251  0.0252  0.0261  0.0250  0.0244  0.0244  0.0244  0.0242  0.0241  0.0242  0.0242
  0.0259  0.0260  0.0259  0.0289  0.0268  0.0249  0.0252  0.0255  0.0248  0.0248  0.0245  0.0247
  0.0276  0.0273  0.0269  0.0328  0.0291  0.0260  0.0264  0.0275  0.0257  0.0263  0.0250  0.0254
niter,ni,del,rscale     6    3    5.0000    1.2000
parameters
   -3.2927   17.9091    3.5880   -7.9432  -10.3071   -6.1242
   -0.9111    0.5903    0.9565   22.3434   -1.4914  -27.9669
eta,q 0.97599  7.54103
  0.0274  0.0267  0.0253  0.0267  0.0261  0.0257  0.0263  0.0277  0.0258  0.0266  0.0248  0.0250
  0.0257  0.0254  0.0246  0.0254  0.0251  0.0247  0.0251  0.0258  0.0249  0.0253  0.0244  0.0245
  0.0245  0.0245  0.0241  0.0244  0.0244  0.0242  0.0243  0.0245  0.0243  0.0245  0.0241  0.0241
  0.0240  0.0240  0.0240  0.0240  0.0240  0.0241  0.0241  0.0241  0.0241  0.0241  0.0240  0.0240
  0.0243  0.0241  0.0242  0.0243  0.0242  0.0244  0.0244  0.0244  0.0243  0.0241  0.0241  0.0241
  0.0252  0.0246  0.0246  0.0255  0.0254  0.0248  0.0252  0.0256  0.0248  0.0246  0.0244  0.0246
  0.0268  0.0255  0.0254  0.0281  0.0273  0.0258  0.0265  0.0275  0.0258  0.0258  0.0249  0.0252
niter,ni,del,rscale     5    3    5.0000    1.2000
parameters
   -3.2757   18.1412    3.4627   -8.0237  -10.7023   -6.4285
   -0.9806    0.6276    0.9869   22.8949   -1.6296  -28.1331
eta,q 0.97599  7.52100
  0.0271  0.0264  0.0252  0.0269  0.0262  0.0256  0.0263  0.0276  0.0257  0.0264  0.0248  0.0251
  0.0254  0.0252  0.0245  0.0255  0.0252  0.0247  0.0251  0.0257  0.0248  0.0252  0.0244  0.0245
  0.0244  0.0244  0.0241  0.0246  0.0244  0.0241  0.0243  0.0244  0.0242  0.0244  0.0241  0.0241
  0.0240  0.0240  0.0240  0.0240  0.0240  0.0240  0.0240  0.0240  0.0240  0.0240  0.0240  0.0240
  0.0243  0.0241  0.0242  0.0242  0.0241  0.0244  0.0244  0.0244  0.0242  0.0241  0.0241  0.0241
  0.0254  0.0247  0.0247  0.0252  0.0252  0.0249  0.0252  0.0256  0.0248  0.0247  0.0244  0.0245
  0.0270  0.0256  0.0255  0.0274  0.0270  0.0259  0.0263  0.0275  0.0257  0.0259  0.0249  0.0252
niter,ni,del,rscale     4    3    5.0000    1.2000
parameters
   -3.2719   18.3097    3.3303   -8.0841  -11.0014   -6.7026
   -1.0265    0.6411    0.9840   23.3083   -1.6988  -28.2689
eta,q 0.97599  7.50422
  0.0270  0.0263  0.0252  0.0269  0.0261  0.0257  0.0263  0.0275  0.0257  0.0263  0.0248  0.0251
  0.0254  0.0251  0.0245  0.0255  0.0251  0.0247  0.0250  0.0256  0.0248  0.0251  0.0244  0.0245
  0.0244  0.0243  0.0241  0.0246  0.0244  0.0241  0.0243  0.0244  0.0242  0.0243  0.0241  0.0242
  0.0240  0.0240  0.0240  0.0240  0.0240  0.0240  0.0240  0.0240  0.0240  0.0240  0.0240  0.0240
  0.0243  0.0242  0.0242  0.0242  0.0241  0.0244  0.0243  0.0244  0.0242  0.0241  0.0241  0.0241
  0.0254  0.0247  0.0247  0.0252  0.0251  0.0249  0.0251  0.0256  0.0248  0.0247  0.0244  0.0245
  0.0270  0.0256  0.0255  0.0274  0.0268  0.0259  0.0263  0.0275  0.0257  0.0260  0.0248  0.0252
niter,ni,del,rscale     3    3    5.0000    1.2000
parameters
   -3.2703   18.4499    3.2192   -8.1264  -11.2480   -6.9336
   -1.0554    0.6480    0.9846   23.6457   -1.7790  -28.3819
eta,q 0.97599  7.49061
  0.0269  0.0262  0.0252  0.0268  0.0261  0.0257  0.0263  0.0275  0.0257  0.0263  0.0248  0.0251
  0.0254  0.0250  0.0245  0.0255  0.0251  0.0247  0.0250  0.0256  0.0248  0.0251  0.0244  0.0245
  0.0244  0.0243  0.0241  0.0246  0.0244  0.0242  0.0243  0.0244  0.0242  0.0243  0.0241  0.0242
  0.0240  0.0240  0.0240  0.0240  0.0240  0.0240  0.0240  0.0240  0.0240  0.0240  0.0240  0.0240
  0.0243  0.0242  0.0242  0.0242  0.0241  0.0243  0.0243  0.0244  0.0242  0.0241  0.0241  0.0241
  0.0253  0.0248  0.0247  0.0251  0.0250  0.0249  0.0251  0.0256  0.0248  0.0247  0.0244  0.0245
  0.0269  0.0257  0.0255  0.0273  0.0268  0.0259  0.0263  0.0275  0.0257  0.0261  0.0249  0.0252
niter,ni,del,rscale     2    3    5.0000    1.2000
parameters
   -3.2706   18.5618    3.1240   -8.1633  -11.4494   -7.1258
   -1.0833    0.6567    0.9814   23.9114   -1.8394  -28.4693
eta,q 0.97599  7.47925
  0.0269  0.0261  0.0252  0.0268  0.0261  0.0257  0.0263  0.0275  0.0257  0.0263  0.0248  0.0251
  0.0254  0.0249  0.0246  0.0255  0.0251  0.0248  0.0250  0.0256  0.0248  0.0251  0.0244  0.0245
  0.0244  0.0242  0.0241  0.0246  0.0244  0.0242  0.0243  0.0244  0.0242  0.0243  0.0241  0.0242
  0.0240  0.0240  0.0240  0.0240  0.0240  0.0240  0.0240  0.0240  0.0240  0.0240  0.0240  0.0240
  0.0243  0.0242  0.0242  0.0242  0.0241  0.0243  0.0243  0.0244  0.0242  0.0241  0.0241  0.0241
  0.0253  0.0248  0.0247  0.0251  0.0250  0.0249  0.0251  0.0256  0.0248  0.0247  0.0244  0.0245
  0.0269  0.0257  0.0255  0.0273  0.0267  0.0259  0.0262  0.0275  0.0257  0.0261  0.0248  0.0252
niter,ni,del,rscale     1    3    5.0000    1.2000
parameters
   -3.2683   18.6531    3.0448   -8.1920  -11.6177   -7.2820
   -1.1059    0.6622    0.9808   24.1149   -1.8896  -28.5489
eta,q 0.97599  7.46983
  0.0269  0.0260  0.0253  0.0268  0.0261  0.0257  0.0263  0.0275  0.0257  0.0263  0.0248  0.0251
  0.0253  0.0249  0.0246  0.0255  0.0251  0.0248  0.0250  0.0256  0.0248  0.0250  0.0244  0.0245
  0.0244  0.0242  0.0241  0.0246  0.0244  0.0242  0.0243  0.0244  0.0242  0.0243  0.0241  0.0242
  0.0240  0.0240  0.0240  0.0240  0.0240  0.0240  0.0240  0.0240  0.0240  0.0240  0.0240  0.0240
  0.0243  0.0242  0.0242  0.0242  0.0241  0.0243  0.0243  0.0244  0.0242  0.0241  0.0241  0.0241
  0.0253  0.0248  0.0247  0.0251  0.0249  0.0249  0.0251  0.0256  0.0248  0.0247  0.0244  0.0245
  0.0269  0.0257  0.0254  0.0272  0.0267  0.0259  0.0262  0.0274  0.0257  0.0262  0.0249  0.0252
registration optimization eta report
parameter search radius
    2.4000    2.4000    2.4000    8.2800    8.2800    7.2000
    7.2000    7.2000    7.2000    8.2800    7.2000    7.2000
100000*second partial in parameter space
       50.       32.       23.        4.        3.        3.
        4.        7.        3.        3.        2.        2.
  0.0269  0.0260  0.0253  0.0268  0.0261  0.0257  0.0263  0.0275  0.0257  0.0263  0.0248  0.0251
  0.0253  0.0249  0.0246  0.0255  0.0251  0.0248  0.0250  0.0256  0.0248  0.0250  0.0244  0.0245
  0.0244  0.0242  0.0241  0.0246  0.0244  0.0242  0.0243  0.0244  0.0242  0.0243  0.0241  0.0242
  0.0240  0.0240  0.0240  0.0240  0.0240  0.0240  0.0240  0.0240  0.0240  0.0240  0.0240  0.0240
  0.0243  0.0242  0.0242  0.0242  0.0241  0.0243  0.0243  0.0244  0.0242  0.0241  0.0241  0.0241
  0.0253  0.0248  0.0247  0.0251  0.0249  0.0249  0.0251  0.0256  0.0248  0.0247  0.0244  0.0245
  0.0269  0.0257  0.0254  0.0272  0.0267  0.0259  0.0262  0.0274  0.0257  0.0262  0.0249  0.0252
   -3.2683   18.6531    3.0448   -8.1920  -11.6177   -7.2820
   -1.1059    0.6622    0.9808   24.1149   -1.8896  -28.5489
eta,q 0.97599  7.46983

---------------------------------------------------------------------
imgreg_4dfp /opt/freesurfer/average/711-2C_as_mni_average_305 /opt/freesurfer/average/711-2B_as_mni_average_305_mask talsrcimg_g11 none talsrcimg_to_711-2C_as_mni_average_305_t4 2311
---------------------------------------------------------------------

freesurfer imgreg_4dfp.c
/opt/freesurfer/average/711-2C_as_mni_average_305.4dfp.img
       256       256       256         1
  1.000000  1.000000  1.000000
orientation T byte_order littleendian
Reading image: /opt/freesurfer/average/711-2C_as_mni_average_305.4dfp.img
dimensions:      256       256       256
mmppix:       1.0000   -1.0000   -1.0000
center:     128.0000 -129.0000 -129.0000
/opt/freesurfer/average/711-2B_as_mni_average_305_mask.4dfp.img
       256       256       256         1
  1.000000  1.000000  1.000000
orientation T byte_order littleendian
Reading mask: /opt/freesurfer/average/711-2B_as_mni_average_305_mask.4dfp.img (2306576 pixels)
talsrcimg_g11.4dfp.img
       256       256       256         1
  1.000000  1.000000  1.000000
orientation T byte_order littleendian
Reading image: talsrcimg_g11.4dfp.img
dimensions:      256       256       256
mmppix:       1.0000   -1.0000   -1.0000
center:     128.0000 -129.0000 -129.0000
fimgreg.f
image alignment mode   2311 decimal      907 hex
parameters
   -3.2683   18.6531    3.0448   -8.1920  -11.6177   -7.2820
   -1.1059    0.6622    0.9808   24.1149   -1.8896  -28.5489
eta,q 0.97599  7.46983
niter,ni,del,rscale     5    3    5.0000    0.8000
parameters
   -3.2600   18.6936    2.9962   -7.5384  -10.9607   -7.1919
   -1.1103    0.6365    1.0115   24.4303   -1.7625  -28.4358
eta,q 0.97607  7.52313
  0.0253  0.0249  0.0246  0.0252  0.0249  0.0248  0.0250  0.0255  0.0247  0.0246  0.0243  0.0244
  0.0246  0.0244  0.0243  0.0247  0.0245  0.0243  0.0244  0.0246  0.0243  0.0243  0.0241  0.0242
  0.0242  0.0241  0.0241  0.0243  0.0242  0.0240  0.0241  0.0241  0.0240  0.0241  0.0240  0.0240
  0.0240  0.0240  0.0240  0.0240  0.0240  0.0239  0.0239  0.0239  0.0239  0.0239  0.0239  0.0239
  0.0242  0.0241  0.0241  0.0240  0.0239  0.0240  0.0241  0.0241  0.0240  0.0240  0.0240  0.0240
  0.0246  0.0244  0.0243  0.0243  0.0241  0.0243  0.0244  0.0247  0.0243  0.0241  0.0241  0.0241
  0.0253  0.0248  0.0247  0.0248  0.0246  0.0247  0.0250  0.0256  0.0247  0.0245  0.0243  0.0244
niter,ni,del,rscale     4    3    5.0000    0.7000
parameters
   -3.2716   18.6264    2.9601   -7.4344  -10.8803   -7.1614
   -1.1171    0.6512    0.9759   24.3534   -1.6916  -28.3832
eta,q 0.97608  7.52917
  0.0250  0.0245  0.0244  0.0248  0.0246  0.0246  0.0248  0.0252  0.0245  0.0244  0.0242  0.0243
  0.0244  0.0242  0.0241  0.0244  0.0243  0.0242  0.0243  0.0245  0.0242  0.0241  0.0241  0.0241
  0.0240  0.0240  0.0240  0.0241  0.0240  0.0240  0.0240  0.0241  0.0240  0.0240  0.0240  0.0240
  0.0239  0.0239  0.0239  0.0239  0.0239  0.0239  0.0239  0.0239  0.0239  0.0239  0.0239  0.0239
  0.0241  0.0240  0.0240  0.0240  0.0240  0.0240  0.0240  0.0241  0.0240  0.0240  0.0239  0.0240
  0.0244  0.0243  0.0241  0.0243  0.0242  0.0242  0.0243  0.0245  0.0242  0.0241  0.0240  0.0241
  0.0250  0.0246  0.0244  0.0248  0.0246  0.0245  0.0248  0.0252  0.0245  0.0245  0.0242  0.0243
niter,ni,del,rscale     3    3    5.0000    0.6000
parameters
   -3.2708   18.5923    2.9841   -7.3739  -10.7122   -7.1248
   -1.1086    0.6515    0.9686   24.3032   -1.6526  -28.3276
eta,q 0.97608  7.53758
  0.0247  0.0244  0.0243  0.0246  0.0244  0.0244  0.0245  0.0248  0.0244  0.0243  0.0241  0.0242
  0.0243  0.0241  0.0241  0.0243  0.0242  0.0241  0.0242  0.0243  0.0241  0.0241  0.0240  0.0241
  0.0240  0.0240  0.0240  0.0240  0.0240  0.0240  0.0240  0.0240  0.0240  0.0240  0.0239  0.0240
  0.0239  0.0239  0.0239  0.0239  0.0239  0.0239  0.0239  0.0239  0.0239  0.0239  0.0239  0.0239
  0.0240  0.0240  0.0240  0.0240  0.0239  0.0240  0.0240  0.0240  0.0240  0.0239  0.0239  0.0239
  0.0243  0.0242  0.0241  0.0242  0.0241  0.0241  0.0242  0.0243  0.0241  0.0241  0.0240  0.0240
  0.0247  0.0244  0.0243  0.0246  0.0244  0.0244  0.0245  0.0248  0.0244  0.0243  0.0241  0.0242
niter,ni,del,rscale     2    3    5.0000    0.5000
parameters
   -3.2705   18.5477    2.9975   -7.3062  -10.5773   -7.0912
   -1.1017    0.6575    0.9490   24.2294   -1.5838  -28.2711
eta,q 0.97609  7.54458
  0.0245  0.0242  0.0242  0.0244  0.0243  0.0243  0.0244  0.0245  0.0242  0.0241  0.0241  0.0241
  0.0242  0.0240  0.0240  0.0242  0.0241  0.0241  0.0241  0.0242  0.0240  0.0240  0.0240  0.0240
  0.0240  0.0239  0.0239  0.0240  0.0240  0.0240  0.0240  0.0240  0.0239  0.0239  0.0239  0.0239
  0.0239  0.0239  0.0239  0.0239  0.0239  0.0239  0.0239  0.0239  0.0239  0.0239  0.0239  0.0239
  0.0240  0.0240  0.0239  0.0240  0.0239  0.0239  0.0240  0.0240  0.0240  0.0239  0.0239  0.0239
  0.0242  0.0241  0.0240  0.0241  0.0240  0.0241  0.0241  0.0242  0.0241  0.0240  0.0240  0.0240
  0.0245  0.0243  0.0241  0.0244  0.0242  0.0242  0.0243  0.0245  0.0242  0.0242  0.0241  0.0241
niter,ni,del,rscale     1    3    5.0000    0.4000
parameters
   -3.2710   18.5058    3.0271   -7.2545  -10.4435   -7.0240
   -1.0962    0.6564    0.9341   24.1622   -1.5486  -28.2136
eta,q 0.97609  7.55227
  0.0243  0.0241  0.0241  0.0242  0.0242  0.0241  0.0242  0.0243  0.0241  0.0241  0.0240  0.0240
  0.0241  0.0240  0.0240  0.0241  0.0240  0.0240  0.0240  0.0241  0.0240  0.0240  0.0240  0.0240
  0.0240  0.0239  0.0239  0.0240  0.0239  0.0239  0.0239  0.0240  0.0239  0.0239  0.0239  0.0239
  0.0239  0.0239  0.0239  0.0239  0.0239  0.0239  0.0239  0.0239  0.0239  0.0239  0.0239  0.0239
  0.0239  0.0239  0.0239  0.0239  0.0239  0.0239  0.0239  0.0239  0.0239  0.0239  0.0239  0.0239
  0.0241  0.0240  0.0240  0.0240  0.0240  0.0240  0.0240  0.0241  0.0240  0.0240  0.0239  0.0240
  0.0243  0.0242  0.0241  0.0242  0.0241  0.0241  0.0242  0.0243  0.0241  0.0241  0.0240  0.0240
registration optimization eta report
parameter search radius
    0.8000    0.8000    0.8000    2.4000    2.4000    2.4000
    2.4000    2.4000    2.4000    2.4000    2.4000    2.4000
100000*second partial in parameter space
       55.       35.       25.        5.        4.        4.
        5.        7.        4.        3.        2.        2.
  0.0243  0.0241  0.0241  0.0242  0.0242  0.0241  0.0242  0.0243  0.0241  0.0241  0.0240  0.0240
  0.0241  0.0240  0.0240  0.0241  0.0240  0.0240  0.0240  0.0241  0.0240  0.0240  0.0240  0.0240
  0.0240  0.0239  0.0239  0.0240  0.0239  0.0239  0.0239  0.0240  0.0239  0.0239  0.0239  0.0239
  0.0239  0.0239  0.0239  0.0239  0.0239  0.0239  0.0239  0.0239  0.0239  0.0239  0.0239  0.0239
  0.0239  0.0239  0.0239  0.0239  0.0239  0.0239  0.0239  0.0239  0.0239  0.0239  0.0239  0.0239
  0.0241  0.0240  0.0240  0.0240  0.0240  0.0240  0.0240  0.0241  0.0240  0.0240  0.0239  0.0240
  0.0243  0.0242  0.0241  0.0242  0.0241  0.0241  0.0242  0.0243  0.0241  0.0241  0.0240  0.0240
   -3.2710   18.5058    3.0271   -7.2545  -10.4435   -7.0240
   -1.0962    0.6564    0.9341   24.1622   -1.5486  -28.2136
eta,q 0.97609  7.55227

---------------------------------------------------------------------
imgreg_4dfp /opt/freesurfer/average/711-2C_as_mni_average_305 /opt/freesurfer/average/711-2B_as_mni_average_305_mask talsrcimg_g11 none talsrcimg_to_711-2C_as_mni_average_305_t4 2311
---------------------------------------------------------------------

freesurfer imgreg_4dfp.c
/opt/freesurfer/average/711-2C_as_mni_average_305.4dfp.img
       256       256       256         1
  1.000000  1.000000  1.000000
orientation T byte_order littleendian
Reading image: /opt/freesurfer/average/711-2C_as_mni_average_305.4dfp.img
dimensions:      256       256       256
mmppix:       1.0000   -1.0000   -1.0000
center:     128.0000 -129.0000 -129.0000
/opt/freesurfer/average/711-2B_as_mni_average_305_mask.4dfp.img
       256       256       256         1
  1.000000  1.000000  1.000000
orientation T byte_order littleendian
Reading mask: /opt/freesurfer/average/711-2B_as_mni_average_305_mask.4dfp.img (2306576 pixels)
talsrcimg_g11.4dfp.img
       256       256       256         1
  1.000000  1.000000  1.000000
orientation T byte_order littleendian
Reading image: talsrcimg_g11.4dfp.img
dimensions:      256       256       256
mmppix:       1.0000   -1.0000   -1.0000
center:     128.0000 -129.0000 -129.0000
fimgreg.f
image alignment mode   2311 decimal      907 hex
parameters
   -3.2710   18.5058    3.0271   -7.2545  -10.4435   -7.0240
   -1.0962    0.6564    0.9341   24.1622   -1.5486  -28.2136
eta,q 0.97609  7.55226
niter,ni,del,rscale     5    3    5.0000    0.8000
parameters
   -3.2740   18.5025    3.0391   -7.4748  -10.7849   -7.0103
   -1.0619    0.6554    0.9512   24.0200   -1.6234  -28.3381
eta,q 0.97608  7.53186
  0.0253  0.0248  0.0245  0.0249  0.0247  0.0248  0.0250  0.0256  0.0247  0.0245  0.0243  0.0244
  0.0245  0.0243  0.0242  0.0244  0.0243  0.0243  0.0244  0.0246  0.0243  0.0242  0.0241  0.0241
  0.0241  0.0240  0.0240  0.0240  0.0240  0.0240  0.0240  0.0241  0.0240  0.0240  0.0240  0.0240
  0.0239  0.0239  0.0239  0.0239  0.0239  0.0239  0.0239  0.0239  0.0239  0.0239  0.0239  0.0239
  0.0241  0.0240  0.0240  0.0240  0.0240  0.0240  0.0240  0.0241  0.0240  0.0240  0.0240  0.0240
  0.0245  0.0243  0.0242  0.0245  0.0244  0.0243  0.0244  0.0246  0.0243  0.0242  0.0241  0.0242
  0.0253  0.0248  0.0245  0.0252  0.0250  0.0247  0.0250  0.0256  0.0247  0.0247  0.0243  0.0245
niter,ni,del,rscale     4    3    5.0000    0.7000
parameters
   -3.2707   18.5129    3.0617   -7.4053  -10.6550   -7.0022
   -1.0746    0.6375    0.9668   24.0425   -1.6305  -28.2984
eta,q 0.97608  7.53928
  0.0250  0.0246  0.0244  0.0248  0.0246  0.0246  0.0248  0.0252  0.0245  0.0244  0.0242  0.0243
  0.0244  0.0242  0.0241  0.0244  0.0243  0.0242  0.0243  0.0245  0.0242  0.0241  0.0240  0.0241
  0.0240  0.0240  0.0240  0.0241  0.0240  0.0240  0.0240  0.0240  0.0240  0.0240  0.0239  0.0240
  0.0239  0.0239  0.0239  0.0239  0.0239  0.0239  0.0239  0.0239  0.0239  0.0239  0.0239  0.0239
  0.0240  0.0240  0.0240  0.0240  0.0239  0.0240  0.0240  0.0241  0.0240  0.0239  0.0239  0.0240
  0.0244  0.0242  0.0241  0.0243  0.0241  0.0242  0.0243  0.0245  0.0242  0.0241  0.0240  0.0241
  0.0250  0.0246  0.0244  0.0248  0.0246  0.0245  0.0248  0.0252  0.0245  0.0244  0.0242  0.0243
niter,ni,del,rscale     3    3    5.0000    0.6000
parameters
   -3.2730   18.4871    3.0623   -7.3420  -10.5144   -6.9902
   -1.0831    0.6401    0.9740   23.9801   -1.6299  -28.2624
eta,q 0.97609  7.54600
  0.0247  0.0244  0.0243  0.0246  0.0244  0.0244  0.0245  0.0248  0.0244  0.0242  0.0241  0.0242
  0.0243  0.0241  0.0241  0.0242  0.0242  0.0241  0.0242  0.0243  0.0241  0.0241  0.0240  0.0240
  0.0240  0.0240  0.0240  0.0240  0.0240  0.0240  0.0240  0.0240  0.0240  0.0240  0.0239  0.0239
  0.0239  0.0239  0.0239  0.0239  0.0239  0.0239  0.0239  0.0239  0.0239  0.0239  0.0239  0.0239
  0.0240  0.0240  0.0240  0.0240  0.0239  0.0240  0.0240  0.0240  0.0240  0.0239  0.0239  0.0239
  0.0243  0.0242  0.0241  0.0242  0.0241  0.0241  0.0242  0.0243  0.0241  0.0241  0.0240  0.0240
  0.0247  0.0244  0.0243  0.0246  0.0244  0.0244  0.0245  0.0248  0.0244  0.0243  0.0241  0.0242
niter,ni,del,rscale     2    3    5.0000    0.5000
parameters
   -3.2722   18.4458    3.0739   -7.2823  -10.3778   -6.9534
   -1.0856    0.6451    0.9796   23.9071   -1.5889  -28.2019
eta,q 0.97610  7.55296
  0.0245  0.0242  0.0242  0.0244  0.0243  0.0243  0.0243  0.0245  0.0242  0.0241  0.0241  0.0241
  0.0242  0.0240  0.0240  0.0241  0.0241  0.0241  0.0241  0.0242  0.0240  0.0240  0.0240  0.0240
  0.0240  0.0239  0.0239  0.0240  0.0240  0.0239  0.0240  0.0240  0.0239  0.0239  0.0239  0.0239
  0.0239  0.0239  0.0239  0.0239  0.0239  0.0239  0.0239  0.0239  0.0239  0.0239  0.0239  0.0239
  0.0240  0.0240  0.0239  0.0239  0.0239  0.0239  0.0240  0.0240  0.0239  0.0239  0.0239  0.0239
  0.0242  0.0241  0.0240  0.0241  0.0240  0.0241  0.0241  0.0242  0.0241  0.0240  0.0240  0.0240
  0.0245  0.0243  0.0241  0.0244  0.0242  0.0242  0.0243  0.0245  0.0242  0.0242  0.0240  0.0241
niter,ni,del,rscale     1    3    5.0000    0.4000
parameters
   -3.2755   18.4029    3.0950   -7.2380  -10.2446   -6.9234
   -1.0941    0.6473    0.9545   23.8195   -1.5264  -28.1411
eta,q 0.97610  7.55883
  0.0242  0.0241  0.0241  0.0242  0.0242  0.0241  0.0242  0.0243  0.0241  0.0240  0.0240  0.0240
  0.0241  0.0240  0.0240  0.0241  0.0240  0.0240  0.0240  0.0241  0.0240  0.0240  0.0239  0.0240
  0.0239  0.0239  0.0239  0.0239  0.0239  0.0239  0.0239  0.0239  0.0239  0.0239  0.0239  0.0239
  0.0239  0.0239  0.0239  0.0239  0.0239  0.0239  0.0239  0.0239  0.0239  0.0239  0.0239  0.0239
  0.0239  0.0239  0.0239  0.0239  0.0239  0.0239  0.0239  0.0239  0.0239  0.0239  0.0239  0.0239
  0.0241  0.0240  0.0240  0.0240  0.0240  0.0240  0.0240  0.0241  0.0240  0.0240  0.0239  0.0240
  0.0243  0.0242  0.0240  0.0242  0.0241  0.0241  0.0242  0.0243  0.0241  0.0241  0.0240  0.0240
registration optimization eta report
parameter search radius
    0.8000    0.8000    0.8000    2.4000    2.4000    2.4000
    2.4000    2.4000    2.4000    2.4000    2.4000    2.4000
100000*second partial in parameter space
       55.       35.       24.        5.        4.        4.
        5.        7.        4.        3.        2.        2.
  0.0242  0.0241  0.0241  0.0242  0.0242  0.0241  0.0242  0.0243  0.0241  0.0240  0.0240  0.0240
  0.0241  0.0240  0.0240  0.0241  0.0240  0.0240  0.0240  0.0241  0.0240  0.0240  0.0239  0.0240
  0.0239  0.0239  0.0239  0.0239  0.0239  0.0239  0.0239  0.0239  0.0239  0.0239  0.0239  0.0239
  0.0239  0.0239  0.0239  0.0239  0.0239  0.0239  0.0239  0.0239  0.0239  0.0239  0.0239  0.0239
  0.0239  0.0239  0.0239  0.0239  0.0239  0.0239  0.0239  0.0239  0.0239  0.0239  0.0239  0.0239
  0.0241  0.0240  0.0240  0.0240  0.0240  0.0240  0.0240  0.0241  0.0240  0.0240  0.0239  0.0240
  0.0243  0.0242  0.0240  0.0242  0.0241  0.0241  0.0242  0.0243  0.0241  0.0241  0.0240  0.0240
   -3.2755   18.4029    3.0950   -7.2380  -10.2446   -6.9234
   -1.0941    0.6473    0.9545   23.8195   -1.5264  -28.1411
eta,q 0.97610  7.55883

---------------------------------------------------------------------
compute_vox2vox talsrcimg talsrcimg_to_711-2C_as_mni_average_305_t4 /opt/freesurfer/average/711-2C_as_mni_average_305
---------------------------------------------------------------------

freesurfer compute_vox2vox.c
Reading: talsrcimg.4dfp.ifh
Reading: talsrcimg_to_711-2C_as_mni_average_305_t4
Reading: /opt/freesurfer/average/711-2C_as_mni_average_305.4dfp.ifh
Writing: talsrcimg_to_711-2C_as_mni_average_305_t4_vox2vox.txt

start time Fri Mar 13 00:45:09 CET 2026
end		time Fri Mar 13 00:46:34 CET 2026

mpr2mni305 success

avi2talxfm orig_nu.mgz /opt/freesurfer/average/mni305.cor.mgz talsrcimg_to_711-2C_as_mni_average_305_t4_vox2vox.txt transforms/talairach.auto.xfm
avi2talxfm done
mv -f /out/sourcedata/freesurfer/sub-v2s3x28800_ses-1/mri/talsrcimg_to_711-2C_as_mni_average_305_t4_vox2vox.txt /out/sourcedata/freesurfer/sub-v2s3x28800_ses-1/mri/transforms/talsrcimg_to_711-2C_as_mni_average_305_t4_vox2vox.txt
lta_convert --src orig_nu.mgz --trg /opt/freesurfer/average/mni305.cor.mgz --inxfm transforms/talairach.auto.xfm --outlta transforms/talairach.auto.xfm.lta --subject fsaverage
7.3.2

--src: orig_nu.mgz src image (geometry).
--trg: /opt/freesurfer/average/mni305.cor.mgz trg image (geometry).
--inmni: transforms/talairach.auto.xfm input MNI/XFM transform.
--outlta: transforms/talairach.auto.xfm.lta output LTA.
--s: fsaverage subject name
 LTA read, type : 1
 1.07776  -0.01005   0.00999  -0.81499;
 0.01315   0.99446   0.31195  -43.88823;
-0.01495  -0.26381   1.03125  -13.77689;
 0.00000   0.00000   0.00000   1.00000;
setting subject to fsaverage
Writing  LTA to file transforms/talairach.auto.xfm.lta...
lta_convert successful.
 
 
Started at Fri Mar 13 00:45:09 CET 2026
Ended   at Fri Mar 13 00:46:34 CET 2026
talairach_avi done
