status file for recon-all
Fri Mar 13 01:15:25 CET 2026
#@# Tessellate lh Fri Mar 13 01:15:25 CET 2026
#@# Smooth1 lh Fri Mar 13 01:15:29 CET 2026
#@# Inflation1 lh Fri Mar 13 01:15:32 CET 2026
#@# QSphere lh Fri Mar 13 01:15:47 CET 2026
#@# Fix Topology lh Fri Mar 13 01:17:20 CET 2026
#@# Smooth2 lh Fri Mar 13 01:23:20 CET 2026
#@# Inflation2 lh Fri Mar 13 01:23:23 CET 2026
#@# Curv .H and .K lh Fri Mar 13 01:23:40 CET 2026
#@# Sphere lh Fri Mar 13 01:24:31 CET 2026
#@# Surf Reg lh Fri Mar 13 01:28:35 CET 2026
#@# Jacobian white lh Fri Mar 13 01:32:54 CET 2026
#@# AvgCurv lh Fri Mar 13 01:32:55 CET 2026
#@# Cortical Parc lh Fri Mar 13 01:32:56 CET 2026
#@# white curv lh Fri Mar 13 01:40:08 CET 2026
#@# white area lh Fri Mar 13 01:40:10 CET 2026
#@# pial curv lh Fri Mar 13 01:40:11 CET 2026
#@# pial area lh Fri Mar 13 01:40:13 CET 2026
#@# thickness lh Fri Mar 13 01:40:14 CET 2026
#@# area and vertex vol lh Fri Mar 13 01:40:49 CET 2026
#@# Curvature Stats lh Fri Mar 13 01:40:51 CET 2026
#@# Cortical Parc 2 lh Fri Mar 13 01:40:54 CET 2026
#@# Cortical Parc 3 lh Fri Mar 13 01:41:09 CET 2026
#@# WM/GM Contrast lh Fri Mar 13 01:41:21 CET 2026
recon-all -s sub-v2s3x28748_ses-1 finished without error at Fri Mar 13 01:41:25 CET 2026



#New# invocation of recon-all 



status file for recon-all
Fri Mar 13 02:10:11 CET 2026
#@# white curv lh Fri Mar 13 02:10:12 CET 2026
#@# white area lh Fri Mar 13 02:10:12 CET 2026
#@# pial curv lh Fri Mar 13 02:10:12 CET 2026
#@# pial area lh Fri Mar 13 02:10:12 CET 2026
#@# thickness lh Fri Mar 13 02:10:12 CET 2026
#@# area and vertex vol lh Fri Mar 13 02:10:12 CET 2026
#@# Parcellation Stats lh Fri Mar 13 02:10:12 CET 2026
#@# Parcellation Stats 2 lh Fri Mar 13 02:10:34 CET 2026
#@# Parcellation Stats 3 lh Fri Mar 13 02:10:45 CET 2026
#@# BA_exvivo Labels lh Fri Mar 13 02:10:56 CET 2026
recon-all -s sub-v2s3x28748_ses-1 finished without error at Fri Mar 13 02:13:57 CET 2026
