/out/sourcedata/freesurfer/sub-v2s3x28799_ses-1/mri
/opt/freesurfer/bin/talairach_avi
--i orig_nu.mgz --xfm transforms/talairach.auto.xfm
talairach_avi 7.3.2
Linux dna072 5.14.0-427.37.1.el9_4.x86_64 #1 SMP PREEMPT_DYNAMIC Fri Sep 13 12:41:50 EDT 2024 x86_64 x86_64 x86_64 GNU/Linux
Fri Mar 13 00:36:00 CET 2026
mri_convert orig_nu.mgz talsrcimg.img 
reading from orig_nu.mgz...
TR=0.00, TE=0.00, TI=0.00, flip angle=0.00
i_ras = (-1, 0, 0)
j_ras = (0, 0, -1)
k_ras = (0, 1, 0)
writing to talsrcimg.img...
Analyze Output Matrix
-1.00000   0.00000   0.00000   128.43427;
 0.00000   0.00000   1.00000  -87.48904;
 0.00000  -1.00000   0.00000   134.21852;
 0.00000   0.00000   0.00000   1.00000;
--------------------
INFO: set hdr.hist.orient to -1
mpr2mni305 talsrcimg
Fri Mar 13 00:36:01 CET 2026
/opt/freesurfer/bin/mpr2mni305 talsrcimg
mpr2mni305 7.3.2
target=711-2C_as_mni_average_305

---------------------------------------------------------------------
analyzeto4dfp talsrcimg -O0 -y
---------------------------------------------------------------------

freesurfer ifh2hdr.c
Fri Mar 13 00:36:01 2026
Writing: talsrcimg.4dfp.hdr
freesurfer analyzeto4dfp.c
Reading: talsrcimg.hdr
header size 348 bytes
hdr.dime.datatype	offset=70	value=2
hdr.dime.bitpix		offset=72	value=8
hdr.hist.orient		offset=252	value=-1
dimensionality     4
dimensions       256       256       256         1
Reading: talsrcimg.img
Writing: talsrcimg.4dfp.img
Writing: talsrcimg.4dfp.ifh
ifh2hdr talsrcimg -r0to216
ori=2

---------------------------------------------------------------------
gauss_4dfp talsrcimg 1.1
---------------------------------------------------------------------

freesurfer gauss_4dfp.c
Reading: talsrcimg.4dfp.img
Writing: talsrcimg_g11.4dfp.img
image dimensions 256 256 256 padded to 288 288 288
processing volume 1freesurfer ifh2hdr.c
Fri Mar 13 00:36:03 2026
Writing: talsrcimg_g11.4dfp.hdr

Writing: talsrcimg_g11.4dfp.ifh
including: talsrcimg.4dfp.img.rec in talsrcimg_g11.4dfp.img.rec

---------------------------------------------------------------------
imgreg_4dfp /opt/freesurfer/average/711-2C_as_mni_average_305 none talsrcimg_g11 none talsrcimg_to_711-2C_as_mni_average_305_t4 4355
---------------------------------------------------------------------

freesurfer imgreg_4dfp.c
/opt/freesurfer/average/711-2C_as_mni_average_305.4dfp.img
       256       256       256         1
  1.000000  1.000000  1.000000
orientation T byte_order littleendian
Reading image: /opt/freesurfer/average/711-2C_as_mni_average_305.4dfp.img
dimensions:      256       256       256
mmppix:       1.0000   -1.0000   -1.0000
center:     128.0000 -129.0000 -129.0000
talsrcimg_g11.4dfp.img
       256       256       256         1
  1.000000  1.000000  1.000000
orientation T byte_order littleendian
Reading image: talsrcimg_g11.4dfp.img
dimensions:      256       256       256
mmppix:       1.0000   -1.0000   -1.0000
center:     128.0000 -129.0000 -129.0000
t4_read: open error in t4_sub.f l:  41 t4_file(1:l)talsrcimg_to_711-2C_as_mni_average_305_t4 
t4_read: transform initialized to I4
rotation matrix determinant  1.000000
image alignment mode   4355 decimal     1103 hex
   -7.5000  -45.0000  -45.0000 9331.0537   14.6618
    0.0000  -45.0000  -45.0000 9764.8242   14.7130
    7.5000  -45.0000  -45.0000 9275.7383   14.7279
   -7.5000  -37.5000  -45.0000 9941.4766   14.6326
    0.0000  -37.5000  -45.000010390.5098   14.6843
    7.5000  -37.5000  -45.0000 9858.0547   14.6977
   -7.5000  -30.0000  -45.000010881.2666   14.6152
    0.0000  -30.0000  -45.000011379.3916   14.6566
    7.5000  -30.0000  -45.000010779.4561   14.6697
   -7.5000  -22.5000  -45.000011779.5039   14.6167
    0.0000  -22.5000  -45.000012297.8672   14.6458
    7.5000  -22.5000  -45.000011669.5791   14.6604
   -7.5000  -15.0000  -45.000012578.5742   14.6214
    0.0000  -15.0000  -45.000013112.0918   14.6477
    7.5000  -15.0000  -45.000012431.4258   14.6634
   -7.5000   -7.5000  -45.000013315.9688   14.6211
    0.0000   -7.5000  -45.000013849.1318   14.6594
    7.5000   -7.5000  -45.000013128.2178   14.6749
   -7.5000    0.0000  -45.000013868.6846   14.6170
    0.0000    0.0000  -45.000014418.6172   14.6683
    7.5000    0.0000  -45.000013659.5254   14.6832
   -7.5000    7.5000  -45.000013338.7646   14.6132
    0.0000    7.5000  -45.000013882.5898   14.6650
    7.5000    7.5000  -45.000013128.8555   14.6784
   -7.5000   15.0000  -45.000012757.9893   14.6126
    0.0000   15.0000  -45.000013279.5244   14.6540
    7.5000   15.0000  -45.000012539.8145   14.6671
   -7.5000   22.5000  -45.000012002.7139   14.6147
    0.0000   22.5000  -45.000012524.4541   14.6438
    7.5000   22.5000  -45.000011813.6963   14.6584
   -7.5000   30.0000  -45.000011058.8740   14.4266
    0.0000   30.0000  -45.000011571.6758   14.4525
    7.5000   30.0000  -45.000010904.7090   14.4680
   -7.5000   37.5000  -45.000010425.0508   14.4263
    0.0000   37.5000  -45.000010951.8994   14.4640
    7.5000   37.5000  -45.000010303.8779   14.4793
   -7.5000   45.0000  -45.0000 9466.9902   14.0662
    0.0000   45.0000  -45.0000 9970.3535   14.1157
    7.5000   45.0000  -45.0000 9376.4512   14.1300
   -7.5000  -45.0000  -37.5000 9734.8955   14.7325
    0.0000  -45.0000  -37.500010192.4199   14.7823
    7.5000  -45.0000  -37.5000 9679.9023   14.7936
   -7.5000  -37.5000  -37.500010362.4111   14.7049
    0.0000  -37.5000  -37.500010832.8428   14.7550
    7.5000  -37.5000  -37.500010293.3701   14.7633
   -7.5000  -30.0000  -37.500011362.6836   14.6916
    0.0000  -30.0000  -37.500011881.4863   14.7300
    7.5000  -30.0000  -37.500011282.0723   14.7353
   -7.5000  -22.5000  -37.500012298.0674   14.6967
    0.0000  -22.5000  -37.500012849.7373   14.7212
    7.5000  -22.5000  -37.500012185.3965   14.7269
   -7.5000  -15.0000  -37.500013117.9053   14.7007
    0.0000  -15.0000  -37.500013693.0527   14.7226
    7.5000  -15.0000  -37.500012954.3984   14.7305
   -7.5000   -7.5000  -37.500013849.8936   14.6953
    0.0000   -7.5000  -37.500014426.8604   14.7307
    7.5000   -7.5000  -37.500013649.8584   14.7413
   -7.5000    0.0000  -37.500014411.0527   14.6874
    0.0000    0.0000  -37.500015024.5898   14.7373
    7.5000    0.0000  -37.500014221.2861   14.7486
   -7.5000    7.5000  -37.500013858.2305   14.6851
    0.0000    7.5000  -37.500014432.1113   14.7353
    7.5000    7.5000  -37.500013658.0645   14.7437
   -7.5000   15.0000  -37.500013216.4570   14.6890
    0.0000   15.0000  -37.500013778.2588   14.7274
    7.5000   15.0000  -37.500013023.7930   14.7327
   -7.5000   22.5000  -37.500012458.3037   14.6947
    0.0000   22.5000  -37.500012979.6748   14.7192
    7.5000   22.5000  -37.500012264.5137   14.7248
   -7.5000   30.0000  -37.500011479.7266   14.5048
    0.0000   30.0000  -37.500011982.4395   14.5264
    7.5000   30.0000  -37.500011319.2900   14.5342
   -7.5000   37.5000  -37.500010813.0527   14.4994
    0.0000   37.5000  -37.500011323.3262   14.5344
    7.5000   37.5000  -37.500010693.0830   14.5448
   -7.5000   45.0000  -37.5000 9797.7803   14.1343
    0.0000   45.0000  -37.500010291.8936   14.1826
    7.5000   45.0000  -37.5000 9705.1045   14.1935
   -7.5000  -45.0000  -30.000010339.9434   15.3534
    0.0000  -45.0000  -30.000010817.4463   15.3996
    7.5000  -45.0000  -30.000010279.9844   15.4073
   -7.5000  -37.5000  -30.000010987.4785   15.3238
    0.0000  -37.5000  -30.000011509.1533   15.3677
    7.5000  -37.5000  -30.000010928.2148   15.3695
   -7.5000  -30.0000  -30.000012073.4590   15.3107
    0.0000  -30.0000  -30.000012638.9463   15.3409
    7.5000  -30.0000  -30.000011999.8848   15.3367
   -7.5000  -22.5000  -30.000013076.7549   15.3187
    0.0000  -22.5000  -30.000013701.4736   15.3360
    7.5000  -22.5000  -30.000012942.7930   15.3316
   -7.5000  -15.0000  -30.000013954.4697   15.3248
    0.0000  -15.0000  -30.000014595.2256   15.3420
    7.5000  -15.0000  -30.000013745.6465   15.3426
   -7.5000   -7.5000  -30.000014693.0967   15.3173
    0.0000   -7.5000  -30.000015338.9805   15.3500
    7.5000   -7.5000  -30.000014465.3477   15.3564
   -7.5000    0.0000  -30.000015322.7402   15.3066
    0.0000    0.0000  -30.000015992.5254   15.3530
    7.5000    0.0000  -30.000015094.9668   15.3607
   -7.5000    7.5000  -30.000014732.2529   15.3032
    0.0000    7.5000  -30.000015360.3477   15.3473
    7.5000    7.5000  -30.000014507.9336   15.3492
   -7.5000   15.0000  -30.000014009.9268   15.3079
    0.0000   15.0000  -30.000014600.9863   15.3382
    7.5000   15.0000  -30.000013804.9512   15.3340
   -7.5000   22.5000  -30.000013191.0674   15.3150
    0.0000   22.5000  -30.000013742.3936   15.3323
    7.5000   22.5000  -30.000012991.3330   15.3280
   -7.5000   30.0000  -30.000012148.0254   15.1220
    0.0000   30.0000  -30.000012689.6279   15.1390
    7.5000   30.0000  -30.000011989.9990   15.1396
   -7.5000   37.5000  -30.000011461.1787   15.1147
    0.0000   37.5000  -30.000011998.8428   15.1469
    7.5000   37.5000  -30.000011340.8213   15.1532
   -7.5000   45.0000  -30.000010383.3721   14.7412
    0.0000   45.0000  -30.000010887.5078   14.7860
    7.5000   45.0000  -30.000010287.6074   14.7935
   -7.5000  -45.0000  -22.500010906.6904   15.8862
    0.0000  -45.0000  -22.500011409.2764   15.9306
    7.5000  -45.0000  -22.500010830.7715   15.9380
   -7.5000  -37.5000  -22.500011587.1855   15.8512
    0.0000  -37.5000  -22.500012138.1836   15.8909
    7.5000  -37.5000  -22.500011520.7598   15.8916
   -7.5000  -30.0000  -22.500012748.1475   15.8321
    0.0000  -30.0000  -22.500013358.5781   15.8574
    7.5000  -30.0000  -22.500012659.0684   15.8519
   -7.5000  -22.5000  -22.500013813.9453   15.8391
    0.0000  -22.5000  -22.500014505.6787   15.8534
    7.5000  -22.5000  -22.500013651.3145   15.8486
   -7.5000  -15.0000  -22.500014702.8271   15.8489
    0.0000  -15.0000  -22.500015428.2090   15.8659
    7.5000  -15.0000  -22.500014483.3320   15.8671
   -7.5000   -7.5000  -22.500015512.7803   15.8468
    0.0000   -7.5000  -22.500016228.1514   15.8795
    7.5000   -7.5000  -22.500015264.8896   15.8867
   -7.5000    0.0000  -22.500016219.0625   15.8379
    0.0000    0.0000  -22.500016928.9609   15.8824
    7.5000    0.0000  -22.500015959.1816   15.8899
   -7.5000    7.5000  -22.500015599.4199   15.8302
    0.0000    7.5000  -22.500016265.5000   15.8700
    7.5000    7.5000  -22.500015348.0703   15.8707
   -7.5000   15.0000  -22.500014816.2773   15.8292
    0.0000   15.0000  -22.500015441.2695   15.8546
    7.5000   15.0000  -22.500014576.5498   15.8490
   -7.5000   22.5000  -22.500013931.0918   15.8342
    0.0000   22.5000  -22.500014525.1562   15.8485
    7.5000   22.5000  -22.500013716.0791   15.8437
   -7.5000   30.0000  -22.500012857.5127   15.6416
    0.0000   30.0000  -22.500013431.1006   15.6584
    7.5000   30.0000  -22.500012682.4658   15.6596
   -7.5000   37.5000  -22.500012134.0225   15.6395
    0.0000   37.5000  -22.500012708.7217   15.6718
    7.5000   37.5000  -22.500011982.8398   15.6789
   -7.5000   45.0000  -22.500011009.9355   15.2640
    0.0000   45.0000  -22.500011540.2314   15.3071
    7.5000   45.0000  -22.500010876.3047   15.3144
   -7.5000  -45.0000  -15.000011395.3975   16.2522
    0.0000  -45.0000  -15.000011931.1426   16.3000
    7.5000  -45.0000  -15.000011309.7871   16.3120
   -7.5000  -37.5000  -15.000012126.9404   16.2137
    0.0000  -37.5000  -15.000012704.2803   16.2568
    7.5000  -37.5000  -15.000012031.8262   16.2632
   -7.5000  -30.0000  -15.000013346.0410   16.1891
    0.0000  -30.0000  -15.000013999.3271   16.2187
    7.5000  -30.0000  -15.000013236.5176   16.2212
   -7.5000  -22.5000  -15.000014531.1719   16.1926
    0.0000  -22.5000  -15.000015310.0977   16.2126
    7.5000  -22.5000  -15.000014355.7568   16.2169
   -7.5000  -15.0000  -15.000015493.6045   16.2039
    0.0000  -15.0000  -15.000016313.6494   16.2269
    7.5000  -15.0000  -15.000015255.3945   16.2361
   -7.5000   -7.5000  -15.000016356.4150   16.2077
    0.0000   -7.5000  -15.000017103.6230   16.2451
    7.5000   -7.5000  -15.000016089.0361   16.2581
   -7.5000    0.0000  -15.000017107.7598   16.2026
    0.0000    0.0000  -15.000017832.2891   16.2507
    7.5000    0.0000  -15.000016824.2559   16.2626
   -7.5000    7.5000  -15.000016453.6426   16.1924
    0.0000    7.5000  -15.000017163.9785   16.2356
    7.5000    7.5000  -15.000016188.4258   16.2421
   -7.5000   15.0000  -15.000015647.9346   16.1861
    0.0000   15.0000  -15.000016338.2695   16.2158
    7.5000   15.0000  -15.000015388.0898   16.2183
   -7.5000   22.5000  -15.000014714.7656   16.1868
    0.0000   22.5000  -15.000015375.8135   16.2069
    7.5000   22.5000  -15.000014445.8682   16.2112
   -7.5000   30.0000  -15.000013609.7363   15.9942
    0.0000   30.0000  -15.000014250.8076   16.0169
    7.5000   30.0000  -15.000013363.8418   16.0260
   -7.5000   37.5000  -15.000012832.4434   15.9980
    0.0000   37.5000  -15.000013454.8115   16.0349
    7.5000   37.5000  -15.000012619.7578   16.0477
   -7.5000   45.0000  -15.000011635.9561   15.6246
    0.0000   45.0000  -15.000012197.8213   15.6710
    7.5000   45.0000  -15.000011439.0225   15.6826
   -7.5000  -45.0000   -7.500011830.0869   16.4059
    0.0000  -45.0000   -7.500012395.0010   16.4597
    7.5000  -45.0000   -7.500011732.6055   16.4764
   -7.5000  -37.5000   -7.500012600.1367   16.3691
    0.0000  -37.5000   -7.500013187.6123   16.4208
    7.5000  -37.5000   -7.500012494.6396   16.4343
   -7.5000  -30.0000   -7.500013904.8799   16.3447
    0.0000  -30.0000   -7.500014572.7461   16.3847
    7.5000  -30.0000   -7.500013771.6416   16.3971
   -7.5000  -22.5000   -7.500015273.8369   16.3455
    0.0000  -22.5000   -7.500016180.5977   16.3748
    7.5000  -22.5000   -7.500015060.2705   16.3897
   -7.5000  -15.0000   -7.500016442.1289   16.3544
    0.0000  -15.0000   -7.500017372.1426   16.3836
    7.5000  -15.0000   -7.500016125.7607   16.4012
   -7.5000   -7.5000   -7.500017378.3926   16.3588
    0.0000   -7.5000   -7.500018197.7773   16.4009
    7.5000   -7.5000   -7.500017045.6621   16.4192
   -7.5000    0.0000   -7.500018117.8281   16.3557
    0.0000    0.0000   -7.500018911.1562   16.4097
    7.5000    0.0000   -7.500017769.0879   16.4264
   -7.5000    7.5000   -7.500017409.2305   16.3475
    0.0000    7.5000   -7.500018205.4395   16.3994
    7.5000    7.5000   -7.500017043.0176   16.4129
   -7.5000   15.0000   -7.500016523.8555   16.3418
    0.0000   15.0000   -7.500017309.3555   16.3818
    7.5000   15.0000   -7.500016134.7256   16.3942
   -7.5000   22.5000   -7.500015500.6943   16.3380
    0.0000   22.5000   -7.500016253.8086   16.3672
    7.5000   22.5000   -7.500015098.9971   16.3821
   -7.5000   30.0000   -7.500014321.7656   16.1423
    0.0000   30.0000   -7.500015017.1094   16.1712
    7.5000   30.0000   -7.500013946.6953   16.1885
   -7.5000   37.5000   -7.500013470.3555   16.1466
    0.0000   37.5000   -7.500014156.0107   16.1882
    7.5000   37.5000   -7.500013179.8213   16.2063
   -7.5000   45.0000   -7.500012207.2764   15.7751
    0.0000   45.0000   -7.500012815.2451   15.8272
    7.5000   45.0000   -7.500011941.9570   15.8433
   -7.5000  -45.0000    0.000012158.0264   16.4064
    0.0000  -45.0000    0.000012712.5684   16.4637
    7.5000  -45.0000    0.000012077.2939   16.4803
   -7.5000  -37.5000    0.000012960.2129   16.3736
    0.0000  -37.5000    0.000013542.8857   16.4314
    7.5000  -37.5000    0.000012875.3262   16.4463
   -7.5000  -30.0000    0.000014351.8545   16.3539
    0.0000  -30.0000    0.000015017.2158   16.4002
    7.5000  -30.0000    0.000014206.4033   16.4149
   -7.5000  -22.5000    0.000015876.7861   16.3557
    0.0000  -22.5000    0.000016786.0547   16.3881
    7.5000  -22.5000    0.000015612.8047   16.4044
   -7.5000  -15.0000    0.000017174.7871   16.3611
    0.0000  -15.0000    0.000018204.3477   16.3905
    7.5000  -15.0000    0.000016792.5820   16.4080
   -7.5000   -7.5000    0.000018159.5801   16.3609
    0.0000   -7.5000    0.000019116.5352   16.4037
    7.5000   -7.5000    0.000017728.5039   16.4210
   -7.5000    0.0000    0.000018836.8906   16.3562
    0.0000    0.0000    0.000019762.9551   16.4137
    7.5000    0.0000    0.000018366.2559   16.4303
   -7.5000    7.5000    0.000018033.5645   16.3519
    0.0000    7.5000    0.000018930.6172   16.4097
    7.5000    7.5000    0.000017539.5410   16.4247
   -7.5000   15.0000    0.000017067.4512   16.3510
    0.0000   15.0000    0.000017891.1504   16.3974
    7.5000   15.0000    0.000016593.1699   16.4120
   -7.5000   22.5000    0.000015943.6387   16.3481
    0.0000   22.5000    0.000016704.9883   16.3806
    7.5000   22.5000    0.000015505.8555   16.3969
   -7.5000   30.0000    0.000014712.4629   16.1493
    0.0000   30.0000    0.000015410.0537   16.1784
    7.5000   30.0000    0.000014346.4932   16.1957
   -7.5000   37.5000    0.000013860.4814   16.1491
    0.0000   37.5000    0.000014528.4092   16.1914
    7.5000   37.5000    0.000013563.1875   16.2085
   -7.5000   45.0000    0.000012549.1045   15.7770
    0.0000   45.0000    0.000013158.0820   15.8325
    7.5000   45.0000    0.000012294.9619   15.8485
   -7.5000  -45.0000    7.500011549.2451   16.4861
    0.0000  -45.0000    7.500012066.2549   16.5418
    7.5000  -45.0000    7.500011483.9844   16.5544
   -7.5000  -37.5000    7.500012366.5254   16.4552
    0.0000  -37.5000    7.500012919.4668   16.5112
    7.5000  -37.5000    7.500012266.4746   16.5205
   -7.5000  -30.0000    7.500013701.3945   16.4403
    0.0000  -30.0000    7.500014360.4688   16.4832
    7.5000  -30.0000    7.500013510.6309   16.4892
   -7.5000  -22.5000    7.500014995.6064   16.4460
    0.0000  -22.5000    7.500015809.5264   16.4734
    7.5000  -22.5000    7.500014792.2598   16.4798
   -7.5000  -15.0000    7.500016065.8359   16.4505
    0.0000  -15.0000    7.500016905.2715   16.4749
    7.5000  -15.0000    7.500015826.9121   16.4838
   -7.5000   -7.5000    7.500017000.7207   16.4444
    0.0000   -7.5000    7.500017814.0117   16.4841
    7.5000   -7.5000    7.500016705.3848   16.4959
   -7.5000    0.0000    7.500017735.8027   16.4355
    0.0000    0.0000    7.500018584.3457   16.4914
    7.5000    0.0000    7.500017399.8945   16.5041
   -7.5000    7.5000    7.500017017.2305   16.4331
    0.0000    7.5000    7.500017837.7695   16.4892
    7.5000    7.5000    7.500016671.8750   16.4986
   -7.5000   15.0000    7.500016112.3682   16.4374
    0.0000   15.0000    7.500016884.2637   16.4803
    7.5000   15.0000    7.500015756.3691   16.4863
   -7.5000   22.5000    7.500015041.1543   16.4384
    0.0000   22.5000    7.500015768.1885   16.4658
    7.5000   22.5000    7.500014709.0107   16.4722
   -7.5000   30.0000    7.500013900.5312   16.2376
    0.0000   30.0000    7.500014560.1152   16.2617
    7.5000   30.0000    7.500013603.4277   16.2705
   -7.5000   37.5000    7.500013122.3848   16.2316
    0.0000   37.5000    7.500013745.6221   16.2708
    7.5000   37.5000    7.500012882.9014   16.2824
   -7.5000   45.0000    7.500011883.2100   15.8540
    0.0000   45.0000    7.500012448.9336   15.9080
    7.5000   45.0000    7.500011674.6299   15.9203
   -7.5000  -45.0000   15.000010880.3076   16.6232
    0.0000  -45.0000   15.000011351.8311   16.6735
    7.5000  -45.0000   15.000010747.1846   16.6825
   -7.5000  -37.5000   15.000011635.7061   16.5898
    0.0000  -37.5000   15.000012117.8232   16.6376
    7.5000  -37.5000   15.000011470.5615   16.6404
   -7.5000  -30.0000   15.000012803.3623   16.5751
    0.0000  -30.0000   15.000013383.9395   16.6080
    7.5000  -30.0000   15.000012629.5615   16.6042
   -7.5000  -22.5000   15.000013911.1533   16.5844
    0.0000  -22.5000   15.000014545.2334   16.6034
    7.5000  -22.5000   15.000013784.6729   16.5993
   -7.5000  -15.0000   15.000014836.7881   16.5920
    0.0000  -15.0000   15.000015470.8467   16.6112
    7.5000  -15.0000   15.000014714.1758   16.6123
   -7.5000   -7.5000   15.000015693.2236   16.5843
    0.0000   -7.5000   15.000016347.5459   16.6201
    7.5000   -7.5000   15.000015537.3896   16.6276
   -7.5000    0.0000   15.000016431.9551   16.5721
    0.0000    0.0000   15.000017106.6973   16.6227
    7.5000    0.0000   15.000016242.1553   16.6316
   -7.5000    7.5000   15.000015851.3613   16.5674
    0.0000    7.5000   15.000016540.7969   16.6154
    7.5000    7.5000   15.000015646.9404   16.6182
   -7.5000   15.0000   15.000015076.3027   16.5721
    0.0000   15.0000   15.000015718.1895   16.6050
    7.5000   15.0000   15.000014836.3311   16.6012
   -7.5000   22.5000   15.000014084.9844   16.5768
    0.0000   22.5000   15.000014703.4199   16.5958
    7.5000   22.5000   15.000013846.9893   16.5917
   -7.5000   30.0000   15.000012998.4678   16.3773
    0.0000   30.0000   15.000013598.0342   16.3963
    7.5000   30.0000   15.000012787.3184   16.3973
   -7.5000   37.5000   15.000012279.0703   16.3697
    0.0000   37.5000   15.000012839.4082   16.4050
    7.5000   37.5000   15.000012090.7881   16.4124
   -7.5000   45.0000   15.000011101.8506   15.9858
    0.0000   45.0000   15.000011597.8838   16.0348
    7.5000   45.0000   15.000010940.0059   16.0436
   -7.5000  -45.0000   22.500010114.2695   16.9422
    0.0000  -45.0000   22.500010543.8887   16.9915
    7.5000  -45.0000   22.5000 9986.6816   17.0008
   -7.5000  -37.5000   22.500010780.0449   16.9021
    0.0000  -37.5000   22.500011224.8066   16.9459
    7.5000  -37.5000   22.500010640.5137   16.9479
   -7.5000  -30.0000   22.500011828.8301   16.8802
    0.0000  -30.0000   22.500012356.4717   16.9082
    7.5000  -30.0000   22.500011731.0420   16.9036
   -7.5000  -22.5000   22.500012814.3945   16.8888
    0.0000  -22.5000   22.500013349.9277   16.9052
    7.5000  -22.5000   22.500012758.0127   16.9014
   -7.5000  -15.0000   22.500013679.6934   16.9013
    0.0000  -15.0000   22.500014223.4775   16.9210
    7.5000  -15.0000   22.500013609.8086   16.9237
   -7.5000   -7.5000   22.500014504.1348   16.8998
    0.0000   -7.5000   22.500015082.6533   16.9366
    7.5000   -7.5000   22.500014385.7744   16.9459
   -7.5000    0.0000   22.500015205.5986   16.8893
    0.0000    0.0000   22.500015787.1162   16.9387
    7.5000    0.0000   22.500015048.8066   16.9481
   -7.5000    7.5000   22.500014692.2549   16.8790
    0.0000    7.5000   22.500015276.5850   16.9230
    7.5000    7.5000   22.500014533.6680   16.9250
   -7.5000   15.0000   22.500014012.3008   16.8770
    0.0000   15.0000   22.500014594.3672   16.9051
    7.5000   15.0000   22.500013820.5732   16.9005
   -7.5000   22.5000   22.500013094.2734   16.8810
    0.0000   22.5000   22.500013658.1885   16.8974
    7.5000   22.5000   22.500012913.4648   16.8937
   -7.5000   30.0000   22.500012092.6885   16.6825
    0.0000   30.0000   22.500012613.6338   16.7020
    7.5000   30.0000   22.500011926.5166   16.7047
   -7.5000   37.5000   22.500011408.6553   16.6811
    0.0000   37.5000   22.500011914.1230   16.7175
    7.5000   37.5000   22.500011273.0957   16.7266
   -7.5000   45.0000   22.500010313.7754   16.2918
    0.0000   45.0000   22.500010758.7725   16.3396
    7.5000   45.0000   22.500010175.8086   16.3488
   -7.5000  -45.0000   30.0000 9265.0352   17.3745
    0.0000  -45.0000   30.0000 9666.2178   17.4296
    7.5000  -45.0000   30.0000 9181.6660   17.4445
   -7.5000  -37.5000   30.0000 9876.1035   17.3303
    0.0000  -37.5000   30.000010298.1816   17.3797
    7.5000  -37.5000   30.0000 9792.0098   17.3879
   -7.5000  -30.0000   30.000010837.6875   17.3025
    0.0000  -30.0000   30.000011317.1162   17.3368
    7.5000  -30.0000   30.000010769.6973   17.3408
   -7.5000  -22.5000   30.000011753.2246   17.3072
    0.0000  -22.5000   30.000012249.0547   17.3313
    7.5000  -22.5000   30.000011709.8252   17.3377
   -7.5000  -15.0000   30.000012532.4268   17.3207
    0.0000  -15.0000   30.000013054.9346   17.3485
    7.5000  -15.0000   30.000012483.2822   17.3610
   -7.5000   -7.5000   30.000013271.5234   17.3251
    0.0000   -7.5000   30.000013810.4043   17.3689
    7.5000   -7.5000   30.000013179.7529   17.3856
   -7.5000    0.0000   30.000013918.1650   17.3187
    0.0000    0.0000   30.000014443.7734   17.3739
    7.5000    0.0000   30.000013798.4014   17.3888
   -7.5000    7.5000   30.000013466.9932   17.3063
    0.0000    7.5000   30.000013982.7920   17.3558
    7.5000    7.5000   30.000013353.5303   17.3640
   -7.5000   15.0000   30.000012873.2217   17.2992
    0.0000   15.0000   30.000013398.7266   17.3335
    7.5000   15.0000   30.000012735.6875   17.3375
   -7.5000   22.5000   30.000012044.3486   17.2992
    0.0000   22.5000   30.000012559.0137   17.3233
    7.5000   22.5000   30.000011918.7861   17.3297
   -7.5000   30.0000   30.000011121.2617   17.0965
    0.0000   30.0000   30.000011618.8115   17.1239
    7.5000   30.0000   30.000011018.5293   17.1363
   -7.5000   37.5000   30.000010498.8496   17.1009
    0.0000   37.5000   30.000010973.9893   17.1441
    7.5000   37.5000   30.000010403.9131   17.1606
   -7.5000   45.0000   30.0000 9504.6484   16.7027
    0.0000   45.0000   30.0000 9908.0820   16.7559
    7.5000   45.0000   30.0000 9389.8340   16.7703
   -7.5000  -45.0000   37.5000 8828.4648   17.9550
    0.0000  -45.0000   37.5000 9221.2529   18.0212
    7.5000  -45.0000   37.5000 8770.9697   18.0450
   -7.5000  -37.5000   37.5000 9411.0254   17.9061
    0.0000  -37.5000   37.5000 9840.3438   17.9696
    7.5000  -37.5000   37.5000 9359.1113   17.9892
   -7.5000  -30.0000   37.500010327.7598   17.8744
    0.0000  -30.0000   37.500010809.3809   17.9238
    7.5000  -30.0000   37.500010285.9697   17.9424
   -7.5000  -22.5000   37.500011183.3516   17.8778
    0.0000  -22.5000   37.500011671.9551   17.9147
    7.5000  -22.5000   37.500011153.9297   17.9368
   -7.5000  -15.0000   37.500011914.7773   17.8926
    0.0000  -15.0000   37.500012436.9473   17.9296
    7.5000  -15.0000   37.500011881.7510   17.9553
   -7.5000   -7.5000   37.500012595.0068   17.9002
    0.0000   -7.5000   37.500013165.7559   17.9526
    7.5000   -7.5000   37.500012545.6221   17.9789
   -7.5000    0.0000   37.500013220.3330   17.8951
    0.0000    0.0000   37.500013788.9512   17.9613
    7.5000    0.0000   37.500013155.4990   17.9851
   -7.5000    7.5000   37.500012814.8555   17.8804
    0.0000    7.5000   37.500013348.9229   17.9440
    7.5000    7.5000   37.500012735.5605   17.9636
   -7.5000   15.0000   37.500012267.1748   17.8709
    0.0000   15.0000   37.500012799.2295   17.9203
    7.5000   15.0000   37.500012171.9766   17.9389
   -7.5000   22.5000   37.500011481.9668   17.8696
    0.0000   22.5000   37.500012002.7695   17.9064
    7.5000   22.5000   37.500011390.0078   17.9286
   -7.5000   30.0000   37.500010592.6230   17.6610
    0.0000   30.0000   37.500011090.0195   17.6976
    7.5000   30.0000   37.500010515.9336   17.7229
   -7.5000   37.5000   37.500010022.3555   17.6685
    0.0000   37.5000   37.500010482.6094   17.7203
    7.5000   37.5000   37.5000 9948.0029   17.7462
   -7.5000   45.0000   37.5000 9071.8008   17.2538
    0.0000   45.0000   37.5000 9471.3359   17.3177
    7.5000   45.0000   37.5000 9006.2617   17.3407
   -7.5000  -45.0000   45.0000 8083.4731   18.6223
    0.0000  -45.0000   45.0000 8450.7422   18.6889
    7.5000  -45.0000   45.0000 8038.1318   18.7104
   -7.5000  -37.5000   45.0000 8631.2373   18.5732
    0.0000  -37.5000   45.0000 9036.2471   18.6405
    7.5000  -37.5000   45.0000 8575.3643   18.6602
   -7.5000  -30.0000   45.0000 9474.2979   18.5475
    0.0000  -30.0000   45.0000 9927.6162   18.6002
    7.5000  -30.0000   45.0000 9431.0684   18.6204
   -7.5000  -22.5000   45.000010254.4658   18.5569
    0.0000  -22.5000   45.000010719.6152   18.5916
    7.5000  -22.5000   45.000010213.0078   18.6145
   -7.5000  -15.0000   45.000010900.9883   18.5706
    0.0000  -15.0000   45.000011384.5156   18.6014
    7.5000  -15.0000   45.000010854.8398   18.6255
   -7.5000   -7.5000   45.000011508.8242   18.5697
    0.0000   -7.5000   45.000012032.2383   18.6177
    7.5000   -7.5000   45.000011455.2988   18.6408
   -7.5000    0.0000   45.000012072.7695   18.5572
    0.0000    0.0000   45.000012619.5898   18.6240
    7.5000    0.0000   45.000012004.9922   18.6455
   -7.5000    7.5000   45.000011708.1318   18.5450
    0.0000    7.5000   45.000012235.2988   18.6125
    7.5000    7.5000   45.000011649.5918   18.6322
   -7.5000   15.0000   45.000011217.7070   18.5438
    0.0000   15.0000   45.000011729.3223   18.5965
    7.5000   15.0000   45.000011157.7109   18.6166
   -7.5000   22.5000   45.000010508.1768   18.5483
    0.0000   22.5000   45.000011007.0605   18.5830
    7.5000   22.5000   45.000010443.9756   18.6059
   -7.5000   30.0000   45.0000 9698.7617   18.3287
    0.0000   30.0000   45.000010167.3428   18.3591
    7.5000   30.0000   45.0000 9626.0264   18.3829
   -7.5000   37.5000   45.0000 9191.0977   18.3278
    0.0000   37.5000   45.0000 9623.6143   18.3751
    7.5000   37.5000   45.0000 9132.0996   18.3980
   -7.5000   45.0000   45.0000 8321.8066   17.8959
    0.0000   45.0000   45.0000 8699.4277   17.9603
    7.5000   45.0000   45.0000 8269.2480   17.9811

---------------------------------------------------------------------
imgreg_4dfp /opt/freesurfer/average/711-2C_as_mni_average_305 /opt/freesurfer/average/711-2B_as_mni_average_305_mask talsrcimg_g11 none talsrcimg_to_711-2C_as_mni_average_305_t4 4355
---------------------------------------------------------------------

freesurfer imgreg_4dfp.c
/opt/freesurfer/average/711-2C_as_mni_average_305.4dfp.img
       256       256       256         1
  1.000000  1.000000  1.000000
orientation T byte_order littleendian
Reading image: /opt/freesurfer/average/711-2C_as_mni_average_305.4dfp.img
dimensions:      256       256       256
mmppix:       1.0000   -1.0000   -1.0000
center:     128.0000 -129.0000 -129.0000
/opt/freesurfer/average/711-2B_as_mni_average_305_mask.4dfp.img
       256       256       256         1
  1.000000  1.000000  1.000000
orientation T byte_order littleendian
Reading mask: /opt/freesurfer/average/711-2B_as_mni_average_305_mask.4dfp.img (2306576 pixels)
talsrcimg_g11.4dfp.img
       256       256       256         1
  1.000000  1.000000  1.000000
orientation T byte_order littleendian
Reading image: talsrcimg_g11.4dfp.img
dimensions:      256       256       256
mmppix:       1.0000   -1.0000   -1.0000
center:     128.0000 -129.0000 -129.0000
rotation matrix determinant  1.000000
image alignment mode   4355 decimal     1103 hex
   -7.5000  -45.0000  -45.0000 2414.5078   16.0426
    0.0000  -45.0000  -45.0000 2423.9863   16.1240
    7.5000  -45.0000  -45.0000 2403.6484   16.2455
   -7.5000  -37.5000  -45.0000 2502.9111   14.7605
    0.0000  -37.5000  -45.0000 2517.5325   14.8088
    7.5000  -37.5000  -45.0000 2491.6836   14.9441
   -7.5000  -30.0000  -45.0000 2561.6401   13.8694
    0.0000  -30.0000  -45.0000 2577.5366   13.8759
    7.5000  -30.0000  -45.0000 2551.9839   13.9947
   -7.5000  -22.5000  -45.0000 2601.0664   13.2766
    0.0000  -22.5000  -45.0000 2617.5850   13.2464
    7.5000  -22.5000  -45.0000 2596.0569   13.3889
   -7.5000  -15.0000  -45.0000 2625.7107   12.8757
    0.0000  -15.0000  -45.0000 2638.8333   12.8092
    7.5000  -15.0000  -45.0000 2620.0940   12.9627
   -7.5000   -7.5000  -45.0000 2642.4050   12.7255
    0.0000   -7.5000  -45.0000 2652.0034   12.6212
    7.5000   -7.5000  -45.0000 2634.0083   12.8155
   -7.5000    0.0000  -45.0000 2631.6499   12.8595
    0.0000    0.0000  -45.0000 2646.3118   12.7537
    7.5000    0.0000  -45.0000 2626.6697   12.9522
   -7.5000    7.5000  -45.0000 2602.0850   13.2456
    0.0000    7.5000  -45.0000 2623.9934   13.1913
    7.5000    7.5000  -45.0000 2600.3652   13.3540
   -7.5000   15.0000  -45.0000 2550.3735   13.8550
    0.0000   15.0000  -45.0000 2571.7576   13.8040
    7.5000   15.0000  -45.0000 2546.0586   13.9455
   -7.5000   22.5000  -45.0000 2476.1541   14.7042
    0.0000   22.5000  -45.0000 2496.5806   14.6357
    7.5000   22.5000  -45.0000 2472.3455   14.7705
   -7.5000   30.0000  -45.0000 2381.2317   15.9048
    0.0000   30.0000  -45.0000 2400.2610   15.8381
    7.5000   30.0000  -45.0000 2376.0076   15.9783
   -7.5000   37.5000  -45.0000 2260.1787   17.5389
    0.0000   37.5000  -45.0000 2284.6350   17.4826
    7.5000   37.5000  -45.0000 2257.4302   17.5774
   -7.5000   45.0000  -45.0000 2137.2732   19.6447
    0.0000   45.0000  -45.0000 2160.4832   19.6628
    7.5000   45.0000  -45.0000 2134.2556   19.7335
   -7.5000  -45.0000  -37.5000 2460.1353   15.3293
    0.0000  -45.0000  -37.5000 2472.9604   15.4051
    7.5000  -45.0000  -37.5000 2451.3333   15.5411
   -7.5000  -37.5000  -37.5000 2551.4207   14.0917
    0.0000  -37.5000  -37.5000 2564.3206   14.1005
    7.5000  -37.5000  -37.5000 2542.4126   14.2402
   -7.5000  -30.0000  -37.5000 2618.7671   13.1689
    0.0000  -30.0000  -37.5000 2636.2466   13.1594
    7.5000  -30.0000  -37.5000 2615.0708   13.2863
   -7.5000  -22.5000  -37.5000 2663.8003   12.5851
    0.0000  -22.5000  -37.5000 2681.8054   12.5382
    7.5000  -22.5000  -37.5000 2661.9094   12.6645
   -7.5000  -15.0000  -37.5000 2693.5757   12.1797
    0.0000  -15.0000  -37.5000 2707.0193   12.0870
    7.5000  -15.0000  -37.5000 2687.2007   12.2364
   -7.5000   -7.5000  -37.5000 2706.8533   12.0352
    0.0000   -7.5000  -37.5000 2716.5071   11.9502
    7.5000   -7.5000  -37.5000 2698.8462   12.1219
   -7.5000    0.0000  -37.5000 2698.6497   12.1594
    0.0000    0.0000  -37.5000 2715.8120   12.0880
    7.5000    0.0000  -37.5000 2697.5391   12.2607
   -7.5000    7.5000  -37.5000 2670.4724   12.4989
    0.0000    7.5000  -37.5000 2691.7170   12.4454
    7.5000    7.5000  -37.5000 2671.0830   12.6035
   -7.5000   15.0000  -37.5000 2614.4282   13.0747
    0.0000   15.0000  -37.5000 2637.8638   13.0023
    7.5000   15.0000  -37.5000 2616.3711   13.1628
   -7.5000   22.5000  -37.5000 2538.9976   13.8876
    0.0000   22.5000  -37.5000 2559.7637   13.8004
    7.5000   22.5000  -37.5000 2539.4675   13.9688
   -7.5000   30.0000  -37.5000 2438.3386   15.0561
    0.0000   30.0000  -37.5000 2458.0361   14.9374
    7.5000   30.0000  -37.5000 2439.6228   15.1195
   -7.5000   37.5000  -37.5000 2313.8398   16.5888
    0.0000   37.5000  -37.5000 2335.6746   16.5049
    7.5000   37.5000  -37.5000 2315.5498   16.6469
   -7.5000   45.0000  -37.5000 2180.4773   18.5617
    0.0000   45.0000  -37.5000 2202.3601   18.5681
    7.5000   45.0000  -37.5000 2176.5884   18.6617
   -7.5000  -45.0000  -30.0000 2555.1555   15.2410
    0.0000  -45.0000  -30.0000 2564.6418   15.2765
    7.5000  -45.0000  -30.0000 2542.2227   15.4258
   -7.5000  -37.5000  -30.0000 2646.6499   13.9258
    0.0000  -37.5000  -30.0000 2658.1460   13.9219
    7.5000  -37.5000  -30.0000 2638.7893   14.0761
   -7.5000  -30.0000  -30.0000 2722.2102   12.9823
    0.0000  -30.0000  -30.0000 2735.6997   12.9544
    7.5000  -30.0000  -30.0000 2721.1284   13.1028
   -7.5000  -22.5000  -30.0000 2775.8533   12.3455
    0.0000  -22.5000  -30.0000 2790.5867   12.2818
    7.5000  -22.5000  -30.0000 2771.1340   12.3908
   -7.5000  -15.0000  -30.0000 2816.4612   11.8921
    0.0000  -15.0000  -30.0000 2830.3323   11.8089
    7.5000  -15.0000  -30.0000 2805.0918   11.9281
   -7.5000   -7.5000  -30.0000 2831.8313   11.7370
    0.0000   -7.5000  -30.0000 2846.8914   11.6693
    7.5000   -7.5000  -30.0000 2820.9607   11.8107
   -7.5000    0.0000  -30.0000 2828.1797   11.8704
    0.0000    0.0000  -30.0000 2848.2258   11.7950
    7.5000    0.0000  -30.0000 2824.2930   11.9722
   -7.5000    7.5000  -30.0000 2802.9016   12.2081
    0.0000    7.5000  -30.0000 2822.1116   12.1089
    7.5000    7.5000  -30.0000 2802.5774   12.2961
   -7.5000   15.0000  -30.0000 2744.7041   12.7484
    0.0000   15.0000  -30.0000 2765.1624   12.6294
    7.5000   15.0000  -30.0000 2746.7229   12.8068
   -7.5000   22.5000  -30.0000 2662.1843   13.5555
    0.0000   22.5000  -30.0000 2680.5969   13.4301
    7.5000   22.5000  -30.0000 2659.5186   13.6029
   -7.5000   30.0000  -30.0000 2553.4771   14.7155
    0.0000   30.0000  -30.0000 2574.3535   14.5679
    7.5000   30.0000  -30.0000 2552.1880   14.7453
   -7.5000   37.5000  -30.0000 2427.4348   16.2363
    0.0000   37.5000  -30.0000 2442.8440   16.1046
    7.5000   37.5000  -30.0000 2422.5972   16.2859
   -7.5000   45.0000  -30.0000 2282.0615   18.1861
    0.0000   45.0000  -30.0000 2298.1990   18.0893
    7.5000   45.0000  -30.0000 2274.5576   18.2699
   -7.5000  -45.0000  -22.5000 2605.1394   15.0954
    0.0000  -45.0000  -22.5000 2616.0264   15.1033
    7.5000  -45.0000  -22.5000 2592.8281   15.2508
   -7.5000  -37.5000  -22.5000 2701.9724   13.7449
    0.0000  -37.5000  -22.5000 2716.0510   13.7368
    7.5000  -37.5000  -22.5000 2695.1821   13.8824
   -7.5000  -30.0000  -22.5000 2783.8083   12.7397
    0.0000  -30.0000  -22.5000 2798.8372   12.7060
    7.5000  -30.0000  -22.5000 2781.0583   12.8435
   -7.5000  -22.5000  -22.5000 2848.1321   12.0351
    0.0000  -22.5000  -22.5000 2864.6575   11.9875
    7.5000  -22.5000  -22.5000 2840.3408   12.0972
   -7.5000  -15.0000  -22.5000 2892.1035   11.5449
    0.0000  -15.0000  -22.5000 2910.1863   11.4713
    7.5000  -15.0000  -22.5000 2882.4609   11.5984
   -7.5000   -7.5000  -22.5000 2918.3943   11.3718
    0.0000   -7.5000  -22.5000 2937.0237   11.2900
    7.5000   -7.5000  -22.5000 2907.7314   11.4702
   -7.5000    0.0000  -22.5000 2922.6494   11.5247
    0.0000    0.0000  -22.5000 2938.2314   11.4126
    7.5000    0.0000  -22.5000 2914.3328   11.6276
   -7.5000    7.5000  -22.5000 2895.2703   11.8695
    0.0000    7.5000  -22.5000 2911.3572   11.7553
    7.5000    7.5000  -22.5000 2891.3977   11.9411
   -7.5000   15.0000  -22.5000 2835.3044   12.4074
    0.0000   15.0000  -22.5000 2853.2563   12.2789
    7.5000   15.0000  -22.5000 2832.0386   12.4659
   -7.5000   22.5000  -22.5000 2749.1416   13.1821
    0.0000   22.5000  -22.5000 2765.8850   13.0354
    7.5000   22.5000  -22.5000 2746.0288   13.2575
   -7.5000   30.0000  -22.5000 2636.2251   14.3253
    0.0000   30.0000  -22.5000 2654.3811   14.1712
    7.5000   30.0000  -22.5000 2630.5149   14.4161
   -7.5000   37.5000  -22.5000 2502.6318   15.8375
    0.0000   37.5000  -22.5000 2518.5886   15.7065
    7.5000   37.5000  -22.5000 2498.0532   15.9391
   -7.5000   45.0000  -22.5000 2351.8943   17.7171
    0.0000   45.0000  -22.5000 2365.0691   17.6678
    7.5000   45.0000  -22.5000 2347.7046   17.8544
   -7.5000  -45.0000  -15.0000 2610.1882   14.9385
    0.0000  -45.0000  -15.0000 2625.4456   14.9580
    7.5000  -45.0000  -15.0000 2603.4553   15.1432
   -7.5000  -37.5000  -15.0000 2712.1621   13.5838
    0.0000  -37.5000  -15.0000 2731.0671   13.5838
    7.5000  -37.5000  -15.0000 2707.9734   13.7435
   -7.5000  -30.0000  -15.0000 2799.9707   12.5645
    0.0000  -30.0000  -15.0000 2818.8926   12.5299
    7.5000  -30.0000  -15.0000 2801.0330   12.6881
   -7.5000  -22.5000  -15.0000 2880.2490   11.8208
    0.0000  -22.5000  -15.0000 2897.8669   11.7998
    7.5000  -22.5000  -15.0000 2875.6575   11.9147
   -7.5000  -15.0000  -15.0000 2932.6843   11.3033
    0.0000  -15.0000  -15.0000 2951.9226   11.2321
    7.5000  -15.0000  -15.0000 2925.6921   11.3845
   -7.5000   -7.5000  -15.0000 2962.7756   11.0919
    0.0000   -7.5000  -15.0000 2978.4978   10.9892
    7.5000   -7.5000  -15.0000 2953.5796   11.2147
   -7.5000    0.0000  -15.0000 2971.0723   11.2404
    0.0000    0.0000  -15.0000 2980.7998   11.1027
    7.5000    0.0000  -15.0000 2958.1384   11.3609
   -7.5000    7.5000  -15.0000 2944.0574   11.5950
    0.0000    7.5000  -15.0000 2956.4968   11.4765
    7.5000    7.5000  -15.0000 2935.1418   11.7119
   -7.5000   15.0000  -15.0000 2885.6550   12.1160
    0.0000   15.0000  -15.0000 2900.2244   11.9803
    7.5000   15.0000  -15.0000 2879.9568   12.2259
   -7.5000   22.5000  -15.0000 2794.6035   12.8843
    0.0000   22.5000  -15.0000 2808.9175   12.7427
    7.5000   22.5000  -15.0000 2791.5771   13.0004
   -7.5000   30.0000  -15.0000 2678.9038   14.0363
    0.0000   30.0000  -15.0000 2692.7815   13.8873
    7.5000   30.0000  -15.0000 2670.9243   14.1428
   -7.5000   37.5000  -15.0000 2543.3997   15.5036
    0.0000   37.5000  -15.0000 2556.1016   15.4261
    7.5000   37.5000  -15.0000 2537.6011   15.6549
   -7.5000   45.0000  -15.0000 2388.3706   17.3801
    0.0000   45.0000  -15.0000 2402.3247   17.3758
    7.5000   45.0000  -15.0000 2383.2437   17.5551
   -7.5000  -45.0000   -7.5000 2589.8320   14.8666
    0.0000  -45.0000   -7.5000 2604.2981   14.8685
    7.5000  -45.0000   -7.5000 2583.7996   15.0788
   -7.5000  -37.5000   -7.5000 2694.7625   13.5098
    0.0000  -37.5000   -7.5000 2713.2612   13.5032
    7.5000  -37.5000   -7.5000 2694.1643   13.6805
   -7.5000  -30.0000   -7.5000 2793.5581   12.4654
    0.0000  -30.0000   -7.5000 2813.3296   12.4363
    7.5000  -30.0000   -7.5000 2793.4629   12.5970
   -7.5000  -22.5000   -7.5000 2886.0679   11.7293
    0.0000  -22.5000   -7.5000 2906.1580   11.7209
    7.5000  -22.5000   -7.5000 2884.9229   11.8323
   -7.5000  -15.0000   -7.5000 2949.0559   11.2543
    0.0000  -15.0000   -7.5000 2975.5198   11.2318
    7.5000  -15.0000   -7.5000 2948.7649   11.3345
   -7.5000   -7.5000   -7.5000 2988.1851   11.0237
    0.0000   -7.5000   -7.5000 3006.8025   10.9172
    7.5000   -7.5000   -7.5000 2981.0540   11.1287
   -7.5000    0.0000   -7.5000 2990.1074   11.0835
    0.0000    0.0000   -7.5000 3005.9236   10.9843
    7.5000    0.0000   -7.5000 2978.0322   11.2024
   -7.5000    7.5000   -7.5000 2957.3079   11.3939
    0.0000    7.5000   -7.5000 2974.3872   11.3083
    7.5000    7.5000   -7.5000 2947.7222   11.5209
   -7.5000   15.0000   -7.5000 2896.2878   11.9203
    0.0000   15.0000   -7.5000 2913.7588   11.8338
    7.5000   15.0000   -7.5000 2889.5920   12.0335
   -7.5000   22.5000   -7.5000 2807.7722   12.7209
    0.0000   22.5000   -7.5000 2824.8865   12.6187
    7.5000   22.5000   -7.5000 2800.8857   12.7953
   -7.5000   30.0000   -7.5000 2693.1504   13.8593
    0.0000   30.0000   -7.5000 2707.4114   13.7650
    7.5000   30.0000   -7.5000 2681.4141   13.9373
   -7.5000   37.5000   -7.5000 2553.6172   15.3379
    0.0000   37.5000   -7.5000 2569.3108   15.2905
    7.5000   37.5000   -7.5000 2547.5425   15.4179
   -7.5000   45.0000   -7.5000 2401.6545   17.2008
    0.0000   45.0000   -7.5000 2416.3159   17.2093
    7.5000   45.0000   -7.5000 2393.2185   17.2979
   -7.5000  -45.0000    0.0000 2551.2261   15.0056
    0.0000  -45.0000    0.0000 2561.1528   14.9626
    7.5000  -45.0000    0.0000 2547.5181   15.2515
   -7.5000  -37.5000    0.0000 2659.1038   13.6356
    0.0000  -37.5000    0.0000 2673.3137   13.5958
    7.5000  -37.5000    0.0000 2662.8000   13.8221
   -7.5000  -30.0000    0.0000 2765.0718   12.5880
    0.0000  -30.0000    0.0000 2781.1819   12.5429
    7.5000  -30.0000    0.0000 2771.4675   12.7445
   -7.5000  -22.5000    0.0000 2871.2019   11.8710
    0.0000  -22.5000    0.0000 2893.0884   11.8449
    7.5000  -22.5000    0.0000 2876.6912   11.9793
   -7.5000  -15.0000    0.0000 2953.2769   11.4314
    0.0000  -15.0000    0.0000 2987.5779   11.4371
    7.5000  -15.0000    0.0000 2947.4412   11.4791
   -7.5000   -7.5000    0.0000 2994.9258   11.1451
    0.0000   -7.5000    0.0000 3027.3657   11.1177
    7.5000   -7.5000    0.0000 2980.7878   11.2233
   -7.5000    0.0000    0.0000 2985.9172   11.0867
    0.0000    0.0000    0.0000 3011.3123   11.0392
    7.5000    0.0000    0.0000 2978.1294   11.2081
   -7.5000    7.5000    0.0000 2951.3242   11.3462
    0.0000    7.5000    0.0000 2972.7229   11.3104
    7.5000    7.5000    0.0000 2942.2358   11.4585
   -7.5000   15.0000    0.0000 2887.8088   11.9020
    0.0000   15.0000    0.0000 2902.7544   11.8485
    7.5000   15.0000    0.0000 2880.9761   11.9944
   -7.5000   22.5000    0.0000 2799.0571   12.7578
    0.0000   22.5000    0.0000 2811.1377   12.6465
    7.5000   22.5000    0.0000 2789.1895   12.8099
   -7.5000   30.0000    0.0000 2685.0549   13.9116
    0.0000   30.0000    0.0000 2698.3525   13.8071
    7.5000   30.0000    0.0000 2674.6038   13.9520
   -7.5000   37.5000    0.0000 2551.4976   15.3653
    0.0000   37.5000    0.0000 2561.5129   15.2899
    7.5000   37.5000    0.0000 2538.8333   15.4178
   -7.5000   45.0000    0.0000 2396.9473   17.1575
    0.0000   45.0000    0.0000 2413.0088   17.1580
    7.5000   45.0000    0.0000 2385.5610   17.2473
   -7.5000  -45.0000    7.5000 2505.7227   15.4560
    0.0000  -45.0000    7.5000 2513.7637   15.3514
    7.5000  -45.0000    7.5000 2510.1250   15.7113
   -7.5000  -37.5000    7.5000 2621.8188   14.0720
    0.0000  -37.5000    7.5000 2630.4504   14.0044
    7.5000  -37.5000    7.5000 2627.6707   14.2788
   -7.5000  -30.0000    7.5000 2734.4473   12.9891
    0.0000  -30.0000    7.5000 2746.8538   12.9579
    7.5000  -30.0000    7.5000 2732.0500   13.1613
   -7.5000  -22.5000    7.5000 2842.4387   12.2073
    0.0000  -22.5000    7.5000 2861.9294   12.1973
    7.5000  -22.5000    7.5000 2841.6663   12.3134
   -7.5000  -15.0000    7.5000 2924.5564   11.6252
    0.0000  -15.0000    7.5000 2949.3088   11.5936
    7.5000  -15.0000    7.5000 2918.6531   11.7474
   -7.5000   -7.5000    7.5000 2975.7722   11.3306
    0.0000   -7.5000    7.5000 2992.8770   11.2352
    7.5000   -7.5000    7.5000 2965.0476   11.4524
   -7.5000    0.0000    7.5000 2977.1958   11.3388
    0.0000    0.0000    7.5000 2997.4573   11.2645
    7.5000    0.0000    7.5000 2967.0332   11.4612
   -7.5000    7.5000    7.5000 2940.8972   11.6151
    0.0000    7.5000    7.5000 2958.1748   11.5645
    7.5000    7.5000    7.5000 2927.7954   11.7217
   -7.5000   15.0000    7.5000 2869.3943   12.1754
    0.0000   15.0000    7.5000 2882.3550   12.1030
    7.5000   15.0000    7.5000 2857.8755   12.2366
   -7.5000   22.5000    7.5000 2774.1255   13.0233
    0.0000   22.5000    7.5000 2788.2014   12.9185
    7.5000   22.5000    7.5000 2765.6860   13.0611
   -7.5000   30.0000    7.5000 2663.6899   14.1474
    0.0000   30.0000    7.5000 2673.7830   14.0472
    7.5000   30.0000    7.5000 2653.1331   14.1798
   -7.5000   37.5000    7.5000 2533.0129   15.5625
    0.0000   37.5000    7.5000 2539.4834   15.4815
    7.5000   37.5000    7.5000 2520.0283   15.6059
   -7.5000   45.0000    7.5000 2377.6318   17.3254
    0.0000   45.0000    7.5000 2392.0593   17.3065
    7.5000   45.0000    7.5000 2366.6982   17.4221
   -7.5000  -45.0000   15.0000 2465.1243   16.1351
    0.0000  -45.0000   15.0000 2470.6138   16.0236
    7.5000  -45.0000   15.0000 2463.4180   16.3655
   -7.5000  -37.5000   15.0000 2580.8716   14.6477
    0.0000  -37.5000   15.0000 2584.4636   14.5612
    7.5000  -37.5000   15.0000 2580.4363   14.8700
   -7.5000  -30.0000   15.0000 2689.6191   13.4872
    0.0000  -30.0000   15.0000 2699.4209   13.4013
    7.5000  -30.0000   15.0000 2689.2139   13.6671
   -7.5000  -22.5000   15.0000 2793.9944   12.6159
    0.0000  -22.5000   15.0000 2809.3450   12.5460
    7.5000  -22.5000   15.0000 2798.9666   12.7735
   -7.5000  -15.0000   15.0000 2881.9160   11.9670
    0.0000  -15.0000   15.0000 2893.6882   11.8529
    7.5000  -15.0000   15.0000 2882.1064   12.1572
   -7.5000   -7.5000   15.0000 2940.3367   11.6777
    0.0000   -7.5000   15.0000 2952.9495   11.5557
    7.5000   -7.5000   15.0000 2930.2456   11.8479
   -7.5000    0.0000   15.0000 2948.9949   11.7040
    0.0000    0.0000   15.0000 2965.6472   11.6078
    7.5000    0.0000   15.0000 2938.2490   11.8590
   -7.5000    7.5000   15.0000 2908.2827   12.0424
    0.0000    7.5000   15.0000 2927.7317   11.9559
    7.5000    7.5000   15.0000 2898.0750   12.1555
   -7.5000   15.0000   15.0000 2836.5869   12.6247
    0.0000   15.0000   15.0000 2850.5186   12.5239
    7.5000   15.0000   15.0000 2826.9688   12.7030
   -7.5000   22.5000   15.0000 2739.3413   13.4734
    0.0000   22.5000   15.0000 2751.5969   13.3432
    7.5000   22.5000   15.0000 2733.3040   13.5266
   -7.5000   30.0000   15.0000 2621.3977   14.5858
    0.0000   30.0000   15.0000 2635.1663   14.4727
    7.5000   30.0000   15.0000 2615.0635   14.6328
   -7.5000   37.5000   15.0000 2489.4014   15.9913
    0.0000   37.5000   15.0000 2499.7476   15.9173
    7.5000   37.5000   15.0000 2482.4836   16.0457
   -7.5000   45.0000   15.0000 2339.8308   17.7376
    0.0000   45.0000   15.0000 2354.4158   17.7135
    7.5000   45.0000   15.0000 2337.0920   17.8226
   -7.5000  -45.0000   22.5000 2419.1045   16.8874
    0.0000  -45.0000   22.5000 2422.9524   16.7636
    7.5000  -45.0000   22.5000 2414.0027   17.1605
   -7.5000  -37.5000   22.5000 2536.6421   15.2975
    0.0000  -37.5000   22.5000 2539.8865   15.1806
    7.5000  -37.5000   22.5000 2530.9570   15.5703
   -7.5000  -30.0000   22.5000 2645.5278   14.0674
    0.0000  -30.0000   22.5000 2651.9778   13.9640
    7.5000  -30.0000   22.5000 2644.8464   14.3270
   -7.5000  -22.5000   22.5000 2747.9243   13.1550
    0.0000  -22.5000   22.5000 2755.4263   13.0143
    7.5000  -22.5000   22.5000 2751.6025   13.3851
   -7.5000  -15.0000   22.5000 2831.4705   12.5121
    0.0000  -15.0000   22.5000 2839.0264   12.3919
    7.5000  -15.0000   22.5000 2825.6208   12.7358
   -7.5000   -7.5000   22.5000 2885.1921   12.2554
    0.0000   -7.5000   22.5000 2892.9685   12.1365
    7.5000   -7.5000   22.5000 2873.2861   12.4325
   -7.5000    0.0000   22.5000 2889.1584   12.3147
    0.0000    0.0000   22.5000 2899.5132   12.1938
    7.5000    0.0000   22.5000 2880.2529   12.4502
   -7.5000    7.5000   22.5000 2852.3740   12.6267
    0.0000    7.5000   22.5000 2865.7678   12.5371
    7.5000    7.5000   22.5000 2844.2683   12.7405
   -7.5000   15.0000   22.5000 2787.6716   13.1911
    0.0000   15.0000   22.5000 2800.9478   13.1047
    7.5000   15.0000   22.5000 2774.5640   13.2728
   -7.5000   22.5000   22.5000 2691.9956   14.0367
    0.0000   22.5000   22.5000 2705.3184   13.9337
    7.5000   22.5000   22.5000 2684.9153   14.0989
   -7.5000   30.0000   22.5000 2573.2249   15.1484
    0.0000   30.0000   22.5000 2587.9004   15.0515
    7.5000   30.0000   22.5000 2569.8491   15.2164
   -7.5000   37.5000   22.5000 2437.0679   16.5680
    0.0000   37.5000   22.5000 2450.4351   16.5053
    7.5000   37.5000   22.5000 2435.8225   16.6266
   -7.5000   45.0000   22.5000 2289.3313   18.3020
    0.0000   45.0000   22.5000 2303.2310   18.3177
    7.5000   45.0000   22.5000 2285.5586   18.4300
   -7.5000  -45.0000   30.0000 2364.8733   17.7167
    0.0000  -45.0000   30.0000 2370.6345   17.6161
    7.5000  -45.0000   30.0000 2361.9263   18.0807
   -7.5000  -37.5000   30.0000 2487.6924   16.0327
    0.0000  -37.5000   30.0000 2493.4424   15.9361
    7.5000  -37.5000   30.0000 2479.2566   16.4152
   -7.5000  -30.0000   30.0000 2594.9590   14.7791
    0.0000  -30.0000   30.0000 2602.2766   14.6681
    7.5000  -30.0000   30.0000 2589.0439   15.1109
   -7.5000  -22.5000   30.0000 2693.5261   13.8580
    0.0000  -22.5000   30.0000 2706.5586   13.7046
    7.5000  -22.5000   30.0000 2689.2678   14.1542
   -7.5000  -15.0000   30.0000 2766.8247   13.2437
    0.0000  -15.0000   30.0000 2778.6350   13.1155
    7.5000  -15.0000   30.0000 2758.6040   13.4960
   -7.5000   -7.5000   30.0000 2812.6736   12.9907
    0.0000   -7.5000   30.0000 2823.1589   12.8900
    7.5000   -7.5000   30.0000 2801.9663   13.1795
   -7.5000    0.0000   30.0000 2811.3315   13.0424
    0.0000    0.0000   30.0000 2820.9082   12.9359
    7.5000    0.0000   30.0000 2801.7300   13.1971
   -7.5000    7.5000   30.0000 2775.8689   13.3626
    0.0000    7.5000   30.0000 2786.1978   13.2650
    7.5000    7.5000   30.0000 2771.6418   13.4875
   -7.5000   15.0000   30.0000 2714.4868   13.9125
    0.0000   15.0000   30.0000 2726.6899   13.8170
    7.5000   15.0000   30.0000 2705.0618   14.0190
   -7.5000   22.5000   30.0000 2628.9756   14.7296
    0.0000   22.5000   30.0000 2643.3403   14.6401
    7.5000   22.5000   30.0000 2620.0374   14.8267
   -7.5000   30.0000   30.0000 2514.0642   15.8276
    0.0000   30.0000   30.0000 2527.1741   15.7971
    7.5000   30.0000   30.0000 2507.7659   15.9690
   -7.5000   37.5000   30.0000 2378.1562   17.3191
    0.0000   37.5000   30.0000 2390.7695   17.2827
    7.5000   37.5000   30.0000 2372.8079   17.4427
   -7.5000   45.0000   30.0000 2234.4031   19.1022
    0.0000   45.0000   30.0000 2245.3530   19.1003
    7.5000   45.0000   30.0000 2229.6316   19.2358
   -7.5000  -45.0000   37.5000 2306.1145   18.6839
    0.0000  -45.0000   37.5000 2315.4849   18.6339
    7.5000  -45.0000   37.5000 2301.0144   19.1478
   -7.5000  -37.5000   37.5000 2428.1860   16.9533
    0.0000  -37.5000   37.5000 2438.4202   16.8960
    7.5000  -37.5000   37.5000 2417.6345   17.4003
   -7.5000  -30.0000   37.5000 2533.7378   15.6758
    0.0000  -30.0000   37.5000 2546.4939   15.5816
    7.5000  -30.0000   37.5000 2525.1416   16.0640
   -7.5000  -22.5000   37.5000 2627.8237   14.7496
    0.0000  -22.5000   37.5000 2639.5625   14.6362
    7.5000  -22.5000   37.5000 2618.2729   15.0896
   -7.5000  -15.0000   37.5000 2695.9316   14.1296
    0.0000  -15.0000   37.5000 2706.5605   14.0375
    7.5000  -15.0000   37.5000 2681.5183   14.4013
   -7.5000   -7.5000   37.5000 2730.1775   13.8628
    0.0000   -7.5000   37.5000 2747.3132   13.8005
    7.5000   -7.5000   37.5000 2720.5359   14.0803
   -7.5000    0.0000   37.5000 2727.4021   13.9430
    0.0000    0.0000   37.5000 2741.4563   13.8679
    7.5000    0.0000   37.5000 2722.5769   14.1120
   -7.5000    7.5000   37.5000 2692.0225   14.2694
    0.0000    7.5000   37.5000 2706.4912   14.1872
    7.5000    7.5000   37.5000 2688.5955   14.4216
   -7.5000   15.0000   37.5000 2633.8894   14.7856
    0.0000   15.0000   37.5000 2647.6338   14.7031
    7.5000   15.0000   37.5000 2627.7490   14.9377
   -7.5000   22.5000   37.5000 2555.5852   15.5341
    0.0000   22.5000   37.5000 2571.3350   15.4793
    7.5000   22.5000   37.5000 2547.8425   15.6604
   -7.5000   30.0000   37.5000 2444.5396   16.6934
    0.0000   30.0000   37.5000 2460.1665   16.6458
    7.5000   30.0000   37.5000 2437.6497   16.8169
   -7.5000   37.5000   37.5000 2315.7432   18.2131
    0.0000   37.5000   37.5000 2329.4358   18.1719
    7.5000   37.5000   37.5000 2308.6423   18.3254
   -7.5000   45.0000   37.5000 2173.7834   20.0772
    0.0000   45.0000   37.5000 2185.2024   20.0771
    7.5000   45.0000   37.5000 2172.1047   20.2327
   -7.5000  -45.0000   45.0000 2236.3296   19.9082
    0.0000  -45.0000   45.0000 2251.6252   19.9285
    7.5000  -45.0000   45.0000 2231.3245   20.4112
   -7.5000  -37.5000   45.0000 2358.0525   18.1014
    0.0000  -37.5000   45.0000 2373.8413   18.0917
    7.5000  -37.5000   45.0000 2345.7593   18.5625
   -7.5000  -30.0000   45.0000 2464.9778   16.8004
    0.0000  -30.0000   45.0000 2481.0386   16.7449
    7.5000  -30.0000   45.0000 2453.6848   17.2186
   -7.5000  -22.5000   45.0000 2552.7771   15.8464
    0.0000  -22.5000   45.0000 2566.5110   15.7938
    7.5000  -22.5000   45.0000 2539.4600   16.1974
   -7.5000  -15.0000   45.0000 2608.4885   15.2039
    0.0000  -15.0000   45.0000 2620.0000   15.1430
    7.5000  -15.0000   45.0000 2594.4741   15.4729
   -7.5000   -7.5000   45.0000 2639.4487   14.9246
    0.0000   -7.5000   45.0000 2659.1016   14.8970
    7.5000   -7.5000   45.0000 2630.7839   15.1518
   -7.5000    0.0000   45.0000 2633.6533   15.0019
    0.0000    0.0000   45.0000 2653.5159   14.9712
    7.5000    0.0000   45.0000 2629.4705   15.1962
   -7.5000    7.5000   45.0000 2597.7932   15.3404
    0.0000    7.5000   45.0000 2617.1807   15.3019
    7.5000    7.5000   45.0000 2596.3027   15.5214
   -7.5000   15.0000   45.0000 2544.7986   15.8398
    0.0000   15.0000   45.0000 2562.0308   15.8090
    7.5000   15.0000   45.0000 2543.7539   16.0219
   -7.5000   22.5000   45.0000 2471.7024   16.5876
    0.0000   22.5000   45.0000 2491.5376   16.5684
    7.5000   22.5000   45.0000 2466.6672   16.7404
   -7.5000   30.0000   45.0000 2365.1560   17.7214
    0.0000   30.0000   45.0000 2384.7239   17.7200
    7.5000   30.0000   45.0000 2360.3418   17.8837
   -7.5000   37.5000   45.0000 2242.9202   19.2735
    0.0000   37.5000   45.0000 2255.1738   19.2521
    7.5000   37.5000   45.0000 2235.7610   19.4296
   -7.5000   45.0000   45.0000 2110.6985   21.2221
    0.0000   45.0000   45.0000 2120.2544   21.2248
    7.5000   45.0000   45.0000 2107.3062   21.4440

---------------------------------------------------------------------
imgreg_4dfp /opt/freesurfer/average/711-2C_as_mni_average_305 /opt/freesurfer/average/711-2B_as_mni_average_305_mask talsrcimg_g11 none talsrcimg_to_711-2C_as_mni_average_305_t4 1283
---------------------------------------------------------------------

freesurfer imgreg_4dfp.c
/opt/freesurfer/average/711-2C_as_mni_average_305.4dfp.img
       256       256       256         1
  1.000000  1.000000  1.000000
orientation T byte_order littleendian
Reading image: /opt/freesurfer/average/711-2C_as_mni_average_305.4dfp.img
dimensions:      256       256       256
mmppix:       1.0000   -1.0000   -1.0000
center:     128.0000 -129.0000 -129.0000
/opt/freesurfer/average/711-2B_as_mni_average_305_mask.4dfp.img
       256       256       256         1
  1.000000  1.000000  1.000000
orientation T byte_order littleendian
Reading mask: /opt/freesurfer/average/711-2B_as_mni_average_305_mask.4dfp.img (2306576 pixels)
talsrcimg_g11.4dfp.img
       256       256       256         1
  1.000000  1.000000  1.000000
orientation T byte_order littleendian
Reading image: talsrcimg_g11.4dfp.img
dimensions:      256       256       256
mmppix:       1.0000   -1.0000   -1.0000
center:     128.0000 -129.0000 -129.0000
rotation matrix determinant  1.000000
fimgreg.f
image alignment mode   1283 decimal      503 hex
parameters
    0.0000   -7.5000    0.0000    0.0000    0.0000    0.0000
eta,q 0.95026 11.17282
niter,ni,del,rscale     5    3   12.0000    1.2000
parameter  4 -4.144955 ->  0.500000 qaram    1.1500
parameters
   -1.1020   -5.7237   -1.6466   -3.4500   -0.5197    0.4070
eta,q 0.95272 10.99991
  0.0567  0.0623  0.0550  0.0444  0.0520  0.0515
  0.0529  0.0566  0.0520  0.0469  0.0489  0.0499
  0.0514  0.0519  0.0513  0.0494  0.0473  0.0482
  0.0516  0.0511  0.0520  0.0511  0.0476  0.0473
  0.0539  0.0520  0.0544  0.0522  0.0487  0.0476
  0.0572  0.0521  0.0567  0.0534  0.0507  0.0488
  0.0612  0.0531  0.0591  0.0561  0.0530  0.0508
niter,ni,del,rscale     5    3   12.0000    1.2000
parameter  4  7.745085 ->  0.500000 qaram    1.3225
parameters
   -0.7615   -5.2828   -1.3703   -7.4175   -0.7437    0.1057
eta,q 0.95727 11.05827
  0.0592  0.0551  0.0550  0.0425  0.0486  0.0473
  0.0529  0.0503  0.0514  0.0424  0.0452  0.0450
  0.0492  0.0470  0.0488  0.0445  0.0431  0.0433
  0.0473  0.0473  0.0477  0.0477  0.0428  0.0427
  0.0485  0.0490  0.0484  0.0504  0.0437  0.0435
  0.0522  0.0499  0.0507  0.0520  0.0463  0.0456
  0.0563  0.0519  0.0538  0.0533  0.0490  0.0483
niter,ni,del,rscale     5    3   12.0000    1.2000
parameters
   -0.7840   -4.2553   -1.4551   -9.5507   -0.5671   -0.3432
eta,q 0.95805 11.04879
  0.0549  0.0542  0.0521  0.0473  0.0485  0.0462
  0.0484  0.0490  0.0482  0.0432  0.0450  0.0438
  0.0442  0.0447  0.0446  0.0420  0.0429  0.0423
  0.0427  0.0427  0.0430  0.0430  0.0420  0.0420
  0.0446  0.0438  0.0443  0.0464  0.0426  0.0430
  0.0492  0.0458  0.0481  0.0499  0.0450  0.0449
  0.0544  0.0481  0.0531  0.0518  0.0475  0.0474
niter,ni,del,rscale     4    3   12.0000    1.2000
parameters
   -0.9558   -3.3383   -1.4321  -10.1926   -0.2847   -0.7075
eta,q 0.95811 11.04790
  0.0534  0.0534  0.0515  0.0495  0.0486  0.0463
  0.0470  0.0469  0.0475  0.0446  0.0450  0.0441
  0.0429  0.0428  0.0437  0.0420  0.0429  0.0424
  0.0420  0.0419  0.0421  0.0421  0.0420  0.0420
  0.0440  0.0427  0.0435  0.0441  0.0426  0.0431
  0.0486  0.0445  0.0470  0.0477  0.0447  0.0451
  0.0541  0.0471  0.0517  0.0507  0.0472  0.0472
niter,ni,del,rscale     3    3   12.0000    1.2000
parameters
   -1.0186   -2.9683   -1.3817  -10.4920   -0.1029   -0.8850
eta,q 0.95805 11.05079
  0.0536  0.0512  0.0514  0.0500  0.0482  0.0466
  0.0475  0.0451  0.0472  0.0451  0.0448  0.0444
  0.0431  0.0423  0.0435  0.0420  0.0427  0.0426
  0.0419  0.0419  0.0420  0.0420  0.0419  0.0419
  0.0436  0.0428  0.0433  0.0437  0.0427  0.0428
  0.0480  0.0450  0.0467  0.0470  0.0448  0.0449
  0.0538  0.0481  0.0513  0.0501  0.0471  0.0470
niter,ni,del,rscale     2    3   12.0000    1.2000
parameters
   -1.0698   -2.8090   -1.3581  -10.6351    0.0135   -0.9605
eta,q 0.95805 11.05261
  0.0535  0.0504  0.0512  0.0503  0.0479  0.0467
  0.0475  0.0447  0.0470  0.0454  0.0446  0.0445
  0.0431  0.0422  0.0433  0.0421  0.0426  0.0427
  0.0420  0.0419  0.0420  0.0420  0.0419  0.0419
  0.0436  0.0428  0.0433  0.0435  0.0427  0.0427
  0.0479  0.0453  0.0467  0.0467  0.0448  0.0447
  0.0537  0.0485  0.0512  0.0498  0.0471  0.0469
niter,ni,del,rscale     1    3   12.0000    1.2000
parameters
   -1.1066   -2.7430   -1.3552  -10.7078    0.0883   -0.9920
eta,q 0.95807 11.05373
  0.0535  0.0500  0.0511  0.0504  0.0478  0.0467
  0.0475  0.0445  0.0469  0.0455  0.0445  0.0446
  0.0432  0.0423  0.0432  0.0422  0.0425  0.0427
  0.0419  0.0419  0.0419  0.0419  0.0419  0.0419
  0.0435  0.0429  0.0433  0.0434  0.0427  0.0426
  0.0478  0.0454  0.0467  0.0466  0.0448  0.0446
  0.0536  0.0487  0.0512  0.0497  0.0471  0.0469
registration optimization eta report
parameter search radius
    6.0000    6.0000    6.0000    7.9350    6.0000    6.0000
100000*second partial in parameter space
       32.       21.       25.       13.       15.       13.
  0.0535  0.0500  0.0511  0.0504  0.0478  0.0467
  0.0475  0.0445  0.0469  0.0455  0.0445  0.0446
  0.0432  0.0423  0.0432  0.0422  0.0425  0.0427
  0.0419  0.0419  0.0419  0.0419  0.0419  0.0419
  0.0435  0.0429  0.0433  0.0434  0.0427  0.0426
  0.0478  0.0454  0.0467  0.0466  0.0448  0.0446
  0.0536  0.0487  0.0512  0.0497  0.0471  0.0469
   -1.1066   -2.7430   -1.3552  -10.7078    0.0883   -0.9920
eta,q 0.95807 11.05373

---------------------------------------------------------------------
imgreg_4dfp /opt/freesurfer/average/711-2C_as_mni_average_305 /opt/freesurfer/average/711-2B_as_mni_average_305_mask talsrcimg_g11 none talsrcimg_to_711-2C_as_mni_average_305_t4 3335
---------------------------------------------------------------------

freesurfer imgreg_4dfp.c
/opt/freesurfer/average/711-2C_as_mni_average_305.4dfp.img
       256       256       256         1
  1.000000  1.000000  1.000000
orientation T byte_order littleendian
Reading image: /opt/freesurfer/average/711-2C_as_mni_average_305.4dfp.img
dimensions:      256       256       256
mmppix:       1.0000   -1.0000   -1.0000
center:     128.0000 -129.0000 -129.0000
/opt/freesurfer/average/711-2B_as_mni_average_305_mask.4dfp.img
       256       256       256         1
  1.000000  1.000000  1.000000
orientation T byte_order littleendian
Reading mask: /opt/freesurfer/average/711-2B_as_mni_average_305_mask.4dfp.img (2306576 pixels)
talsrcimg_g11.4dfp.img
       256       256       256         1
  1.000000  1.000000  1.000000
orientation T byte_order littleendian
Reading image: talsrcimg_g11.4dfp.img
dimensions:      256       256       256
mmppix:       1.0000   -1.0000   -1.0000
center:     128.0000 -129.0000 -129.0000
fimgreg.f
image alignment mode   3335 decimal      D07 hex
parameters
   -1.1066   -2.7430   -1.3552   -0.0151   -1.7565   -1.7414
    1.7298    0.1703   -1.7314   18.5798    0.1541  -18.5800
eta,q 0.95875 11.12728
niter,ni,del,rscale     5    3    5.0000    1.2000
parameter  2 -0.623971 -> -0.500000 qaram    1.1500
parameter  4  1.531426 ->  0.500000 qaram    1.1500
parameter  5 52.688477 ->  0.500000 qaram    1.1500
parameter  6  0.528193 ->  0.500000 qaram    1.1500
parameters
   -1.2748   -1.3630   -1.9039   -4.1551   -5.8965   -5.8814
    2.6356   -1.1956    0.2616   18.2333    0.9436  -20.1073
eta,q 0.96702 10.95016
  0.0434  0.0431  0.0418  0.0360  0.0312  0.0340  0.0353  0.0359  0.0350  0.0347  0.0341  0.0335
  0.0422  0.0424  0.0412  0.0365  0.0335  0.0336  0.0344  0.0338  0.0341  0.0337  0.0335  0.0331
  0.0414  0.0418  0.0408  0.0380  0.0353  0.0332  0.0337  0.0331  0.0335  0.0332  0.0331  0.0330
  0.0413  0.0412  0.0409  0.0408  0.0368  0.0340  0.0334  0.0334  0.0331  0.0330  0.0330  0.0330
  0.0417  0.0409  0.0413  0.0446  0.0388  0.0366  0.0335  0.0344  0.0330  0.0332  0.0331  0.0333
  0.0427  0.0409  0.0422  0.0480  0.0409  0.0409  0.0338  0.0361  0.0332  0.0339  0.0333  0.0336
  0.0440  0.0411  0.0434  0.0511  0.0429  0.0446  0.0346  0.0385  0.0337  0.0352  0.0336  0.0341
niter,ni,del,rscale     7    3    5.0000    1.2000
parameter  2  0.822705 ->  0.500000 qaram    1.3225
parameter  3  1.498049 ->  0.500000 qaram    1.1500
parameter  5  1.750564 ->  0.500000 qaram    1.3225
parameter 12  0.502834 ->  0.500000 qaram    1.1500
parameters
   -1.6383   -2.9500   -3.2839   -6.6609  -10.6575   -5.7440
    2.4001   -2.0473    0.4145   18.2228    2.4228  -24.2473
eta,q 0.97374 10.90477
  0.0349  0.0323  0.0301  0.0325  0.0266  0.0311  0.0290  0.0299  0.0288  0.0298  0.0276  0.0266
  0.0336  0.0321  0.0304  0.0314  0.0265  0.0297  0.0278  0.0276  0.0276  0.0281  0.0271  0.0263
  0.0330  0.0324  0.0311  0.0306  0.0280  0.0283  0.0270  0.0266  0.0269  0.0270  0.0267  0.0263
  0.0330  0.0329  0.0321  0.0306  0.0306  0.0268  0.0267  0.0267  0.0266  0.0266  0.0266  0.0266
  0.0336  0.0336  0.0334  0.0320  0.0331  0.0263  0.0270  0.0276  0.0268  0.0270  0.0266  0.0271
  0.0347  0.0345  0.0348  0.0353  0.0352  0.0282  0.0280  0.0292  0.0275  0.0281  0.0267  0.0278
  0.0364  0.0356  0.0363  0.0394  0.0376  0.0323  0.0293  0.0315  0.0286  0.0298  0.0270  0.0286
niter,ni,del,rscale     7    3    5.0000    1.2000
parameters
   -1.7691   -2.4930   -4.3745   -6.5141  -14.1078   -5.6848
    2.4355   -2.2896    0.4537   20.6597    3.3346  -26.6588
eta,q 0.97578 10.85469
  0.0287  0.0321  0.0266  0.0297  0.0279  0.0297  0.0275  0.0290  0.0272  0.0296  0.0257  0.0252
  0.0273  0.0293  0.0259  0.0282  0.0261  0.0282  0.0262  0.0266  0.0260  0.0275  0.0251  0.0244
  0.0265  0.0273  0.0258  0.0268  0.0249  0.0267  0.0253  0.0252  0.0252  0.0260  0.0246  0.0242
  0.0263  0.0263  0.0261  0.0257  0.0257  0.0250  0.0249  0.0249  0.0249  0.0249  0.0244  0.0244
  0.0266  0.0263  0.0269  0.0254  0.0287  0.0250  0.0252  0.0256  0.0252  0.0244  0.0245  0.0250
  0.0277  0.0275  0.0281  0.0269  0.0319  0.0272  0.0261  0.0271  0.0259  0.0247  0.0247  0.0259
  0.0294  0.0296  0.0295  0.0306  0.0345  0.0307  0.0275  0.0295  0.0271  0.0259  0.0252  0.0269
niter,ni,del,rscale     6    3    5.0000    1.2000
parameters
   -1.7963   -1.6553   -4.5625   -5.9670  -15.5065   -5.8895
    2.4203   -2.5098    0.4349   22.1166    3.3501  -27.8850
eta,q 0.97655 10.83238
  0.0271  0.0313  0.0259  0.0284  0.0282  0.0288  0.0264  0.0283  0.0261  0.0280  0.0247  0.0250
  0.0255  0.0282  0.0246  0.0267  0.0263  0.0272  0.0251  0.0257  0.0249  0.0261  0.0240  0.0239
  0.0246  0.0258  0.0239  0.0251  0.0244  0.0254  0.0242  0.0242  0.0241  0.0247  0.0237  0.0235
  0.0242  0.0242  0.0238  0.0238  0.0236  0.0237  0.0238  0.0238  0.0238  0.0238  0.0236  0.0236
  0.0245  0.0238  0.0242  0.0233  0.0251  0.0242  0.0241  0.0245  0.0241  0.0235  0.0237  0.0240
  0.0255  0.0246  0.0251  0.0247  0.0288  0.0267  0.0250  0.0262  0.0249  0.0242  0.0241  0.0249
  0.0273  0.0266  0.0264  0.0284  0.0320  0.0304  0.0265  0.0288  0.0262  0.0258  0.0247  0.0259
niter,ni,del,rscale     5    3    5.0000    1.2000
parameters
   -1.8368   -1.2644   -4.7946   -5.8204  -16.2741   -6.1869
    2.4370   -2.5480    0.5132   23.0600    3.3994  -28.6327
eta,q 0.97663 10.81639
  0.0264  0.0294  0.0254  0.0279  0.0285  0.0287  0.0262  0.0284  0.0259  0.0273  0.0247  0.0251
  0.0248  0.0266  0.0242  0.0262  0.0265  0.0270  0.0248  0.0257  0.0247  0.0255  0.0240  0.0240
  0.0238  0.0245  0.0235  0.0246  0.0246  0.0251  0.0239  0.0240  0.0238  0.0243  0.0235  0.0234
  0.0235  0.0235  0.0234  0.0233  0.0233  0.0235  0.0236  0.0236  0.0236  0.0236  0.0234  0.0234
  0.0238  0.0236  0.0238  0.0230  0.0241  0.0241  0.0238  0.0242  0.0238  0.0235  0.0236  0.0239
  0.0249  0.0249  0.0248  0.0249  0.0274  0.0267  0.0247  0.0258  0.0246  0.0242  0.0239  0.0246
  0.0267  0.0272  0.0262  0.0288  0.0312  0.0305  0.0262  0.0284  0.0258  0.0259  0.0246  0.0256
niter,ni,del,rscale     4    3    5.0000    1.2000
parameters
   -1.8393   -0.9931   -5.0205   -5.7337  -16.7642   -6.5164
    2.4250   -2.5513    0.5645   23.8058    3.4069  -29.1715
eta,q 0.97660 10.80579
  0.0265  0.0288  0.0254  0.0279  0.0286  0.0286  0.0261  0.0284  0.0258  0.0270  0.0247  0.0252
  0.0248  0.0261  0.0242  0.0262  0.0266  0.0269  0.0248  0.0257  0.0246  0.0253  0.0240  0.0241
  0.0238  0.0242  0.0235  0.0246  0.0247  0.0251  0.0239  0.0240  0.0238  0.0242  0.0236  0.0235
  0.0234  0.0234  0.0233  0.0233  0.0233  0.0234  0.0235  0.0235  0.0235  0.0235  0.0234  0.0234
  0.0237  0.0236  0.0238  0.0230  0.0238  0.0241  0.0238  0.0241  0.0238  0.0235  0.0236  0.0239
  0.0247  0.0250  0.0248  0.0250  0.0268  0.0267  0.0247  0.0257  0.0245  0.0243  0.0240  0.0246
  0.0266  0.0273  0.0261  0.0289  0.0307  0.0305  0.0262  0.0284  0.0258  0.0260  0.0246  0.0256
niter,ni,del,rscale     3    3    5.0000    1.2000
parameters
   -1.8320   -0.7730   -5.2485   -5.6874  -17.1475   -6.8569
    2.4224   -2.5357    0.6113   24.4817    3.3967  -29.5974
eta,q 0.97655 10.79690
  0.0265  0.0285  0.0254  0.0279  0.0286  0.0286  0.0261  0.0284  0.0258  0.0269  0.0247  0.0253
  0.0249  0.0259  0.0242  0.0262  0.0267  0.0269  0.0248  0.0258  0.0246  0.0253  0.0240  0.0242
  0.0238  0.0242  0.0235  0.0246  0.0248  0.0251  0.0239  0.0240  0.0238  0.0242  0.0236  0.0235
  0.0234  0.0234  0.0234  0.0233  0.0233  0.0234  0.0236  0.0236  0.0236  0.0236  0.0235  0.0235
  0.0237  0.0237  0.0238  0.0231  0.0237  0.0241  0.0238  0.0241  0.0238  0.0235  0.0236  0.0239
  0.0247  0.0250  0.0248  0.0251  0.0266  0.0268  0.0247  0.0258  0.0245  0.0243  0.0240  0.0246
  0.0266  0.0273  0.0262  0.0290  0.0305  0.0305  0.0262  0.0283  0.0257  0.0260  0.0247  0.0256
niter,ni,del,rscale     2    3    5.0000    1.2000
parameters
   -1.8202   -0.5646   -5.4847   -5.6638  -17.5042   -7.2223
    2.4251   -2.5131    0.6554   25.1431    3.3834  -29.9872
eta,q 0.97649 10.78691
  0.0265  0.0283  0.0255  0.0279  0.0285  0.0285  0.0261  0.0284  0.0258  0.0268  0.0247  0.0254
  0.0249  0.0258  0.0242  0.0263  0.0267  0.0269  0.0248  0.0258  0.0246  0.0253  0.0240  0.0242
  0.0238  0.0242  0.0235  0.0247  0.0249  0.0251  0.0240  0.0241  0.0239  0.0242  0.0236  0.0236
  0.0234  0.0234  0.0234  0.0234  0.0234  0.0235  0.0236  0.0236  0.0236  0.0236  0.0235  0.0235
  0.0237  0.0237  0.0239  0.0232  0.0237  0.0241  0.0239  0.0242  0.0238  0.0235  0.0237  0.0239
  0.0248  0.0250  0.0248  0.0251  0.0265  0.0268  0.0248  0.0258  0.0246  0.0243  0.0241  0.0247
  0.0266  0.0273  0.0262  0.0290  0.0304  0.0305  0.0262  0.0283  0.0257  0.0260  0.0247  0.0256
niter,ni,del,rscale     1    3    5.0000    1.2000
parameters
   -1.8029   -0.3546   -5.7466   -5.6526  -17.8780   -7.6265
    2.4329   -2.4846    0.6933   25.8384    3.3746  -30.3788
eta,q 0.97644 10.77570
  0.0266  0.0283  0.0254  0.0279  0.0285  0.0284  0.0262  0.0284  0.0258  0.0268  0.0248  0.0254
  0.0250  0.0258  0.0242  0.0263  0.0267  0.0269  0.0249  0.0259  0.0246  0.0253  0.0241  0.0243
  0.0239  0.0242  0.0236  0.0247  0.0249  0.0251  0.0240  0.0242  0.0239  0.0243  0.0237  0.0236
  0.0235  0.0235  0.0235  0.0234  0.0234  0.0236  0.0237  0.0237  0.0237  0.0237  0.0236  0.0236
  0.0238  0.0238  0.0240  0.0232  0.0237  0.0242  0.0239  0.0242  0.0239  0.0236  0.0237  0.0240
  0.0248  0.0250  0.0249  0.0252  0.0265  0.0268  0.0248  0.0258  0.0246  0.0243  0.0241  0.0247
  0.0266  0.0272  0.0262  0.0291  0.0304  0.0305  0.0262  0.0283  0.0257  0.0261  0.0248  0.0256
registration optimization eta report
parameter search radius
    2.4000    3.1740    2.7600    8.2800    9.5220    8.2800
    7.2000    7.2000    7.2000    7.2000    7.2000    8.2800
100000*second partial in parameter space
       54.       42.       31.        7.        6.        8.
        5.        9.        4.        5.        2.        3.
  0.0266  0.0283  0.0254  0.0279  0.0285  0.0284  0.0262  0.0284  0.0258  0.0268  0.0248  0.0254
  0.0250  0.0258  0.0242  0.0263  0.0267  0.0269  0.0249  0.0259  0.0246  0.0253  0.0241  0.0243
  0.0239  0.0242  0.0236  0.0247  0.0249  0.0251  0.0240  0.0242  0.0239  0.0243  0.0237  0.0236
  0.0235  0.0235  0.0235  0.0234  0.0234  0.0236  0.0237  0.0237  0.0237  0.0237  0.0236  0.0236
  0.0238  0.0238  0.0240  0.0232  0.0237  0.0242  0.0239  0.0242  0.0239  0.0236  0.0237  0.0240
  0.0248  0.0250  0.0249  0.0252  0.0265  0.0268  0.0248  0.0258  0.0246  0.0243  0.0241  0.0247
  0.0266  0.0272  0.0262  0.0291  0.0304  0.0305  0.0262  0.0283  0.0257  0.0261  0.0248  0.0256
   -1.8029   -0.3546   -5.7466   -5.6526  -17.8780   -7.6265
    2.4329   -2.4846    0.6933   25.8384    3.3746  -30.3788
eta,q 0.97644 10.77570

---------------------------------------------------------------------
imgreg_4dfp /opt/freesurfer/average/711-2C_as_mni_average_305 /opt/freesurfer/average/711-2B_as_mni_average_305_mask talsrcimg_g11 none talsrcimg_to_711-2C_as_mni_average_305_t4 2311
---------------------------------------------------------------------

freesurfer imgreg_4dfp.c
/opt/freesurfer/average/711-2C_as_mni_average_305.4dfp.img
       256       256       256         1
  1.000000  1.000000  1.000000
orientation T byte_order littleendian
Reading image: /opt/freesurfer/average/711-2C_as_mni_average_305.4dfp.img
dimensions:      256       256       256
mmppix:       1.0000   -1.0000   -1.0000
center:     128.0000 -129.0000 -129.0000
/opt/freesurfer/average/711-2B_as_mni_average_305_mask.4dfp.img
       256       256       256         1
  1.000000  1.000000  1.000000
orientation T byte_order littleendian
Reading mask: /opt/freesurfer/average/711-2B_as_mni_average_305_mask.4dfp.img (2306576 pixels)
talsrcimg_g11.4dfp.img
       256       256       256         1
  1.000000  1.000000  1.000000
orientation T byte_order littleendian
Reading image: talsrcimg_g11.4dfp.img
dimensions:      256       256       256
mmppix:       1.0000   -1.0000   -1.0000
center:     128.0000 -129.0000 -129.0000
fimgreg.f
image alignment mode   2311 decimal      907 hex
parameters
   -1.8029   -0.3546   -5.7466   -5.6526  -17.8780   -7.6265
    2.4329   -2.4846    0.6933   25.8384    3.3746  -30.3788
eta,q 0.97644 10.77570
niter,ni,del,rscale     5    3    5.0000    0.8000
parameters
   -1.7479   -0.0647   -6.1109   -4.4656  -17.4341   -7.6999
    2.0257   -2.2421    0.6270   26.5639    3.3633  -30.5990
eta,q 0.97702 10.82006
  0.0250  0.0250  0.0240  0.0259  0.0254  0.0258  0.0243  0.0261  0.0242  0.0249  0.0237  0.0238
  0.0242  0.0243  0.0236  0.0250  0.0245  0.0248  0.0236  0.0245  0.0236  0.0241  0.0233  0.0233
  0.0238  0.0238  0.0235  0.0241  0.0237  0.0237  0.0232  0.0235  0.0232  0.0235  0.0231  0.0230
  0.0236  0.0236  0.0235  0.0235  0.0232  0.0231  0.0231  0.0231  0.0231  0.0231  0.0230  0.0230
  0.0237  0.0235  0.0237  0.0231  0.0231  0.0234  0.0233  0.0233  0.0232  0.0230  0.0231  0.0231
  0.0241  0.0238  0.0241  0.0234  0.0237  0.0246  0.0239  0.0241  0.0236  0.0234  0.0233  0.0235
  0.0248  0.0243  0.0247  0.0245  0.0250  0.0263  0.0248  0.0256  0.0243  0.0242  0.0238  0.0239
niter,ni,del,rscale     4    3    5.0000    0.7000
parameters
   -1.8022   -0.0611   -6.1669   -4.5180  -17.4196   -7.7155
    2.1754   -2.2759    0.6383   26.7387    3.4007  -30.7144
eta,q 0.97703 10.82179
  0.0241  0.0240  0.0237  0.0247  0.0247  0.0254  0.0241  0.0251  0.0239  0.0243  0.0236  0.0236
  0.0235  0.0234  0.0233  0.0240  0.0240  0.0244  0.0235  0.0240  0.0234  0.0237  0.0232  0.0232
  0.0231  0.0231  0.0230  0.0234  0.0233  0.0235  0.0231  0.0232  0.0231  0.0232  0.0230  0.0230
  0.0230  0.0230  0.0230  0.0230  0.0230  0.0230  0.0230  0.0230  0.0230  0.0230  0.0230  0.0230
  0.0232  0.0231  0.0231  0.0230  0.0231  0.0232  0.0231  0.0233  0.0231  0.0230  0.0230  0.0231
  0.0236  0.0234  0.0234  0.0237  0.0237  0.0242  0.0234  0.0240  0.0234  0.0234  0.0232  0.0233
  0.0243  0.0240  0.0238  0.0251  0.0249  0.0257  0.0240  0.0252  0.0239  0.0242  0.0236  0.0237
niter,ni,del,rscale     3    3    5.0000    0.6000
parameters
   -1.8172   -0.0304   -6.1976   -4.4175  -17.4099   -7.7181
    2.1706   -2.2745    0.6412   26.8825    3.4212  -30.8016
eta,q 0.97705 10.82527
  0.0239  0.0238  0.0235  0.0243  0.0243  0.0249  0.0238  0.0246  0.0237  0.0240  0.0234  0.0234
  0.0234  0.0233  0.0232  0.0238  0.0237  0.0240  0.0233  0.0237  0.0233  0.0235  0.0232  0.0232
  0.0231  0.0231  0.0230  0.0233  0.0232  0.0233  0.0231  0.0232  0.0230  0.0231  0.0230  0.0230
  0.0230  0.0230  0.0230  0.0230  0.0230  0.0230  0.0230  0.0230  0.0230  0.0230  0.0230  0.0230
  0.0231  0.0230  0.0230  0.0230  0.0230  0.0232  0.0230  0.0231  0.0230  0.0230  0.0230  0.0230
  0.0234  0.0233  0.0232  0.0235  0.0235  0.0239  0.0233  0.0237  0.0233  0.0233  0.0232  0.0232
  0.0239  0.0237  0.0235  0.0244  0.0244  0.0250  0.0238  0.0246  0.0237  0.0239  0.0234  0.0235
niter,ni,del,rscale     2    3    5.0000    0.5000
parameters
   -1.8277   -0.0114   -6.2134   -4.3117  -17.3962   -7.7142
    2.1672   -2.2622    0.6258   26.9775    3.4177  -30.8656
eta,q 0.97706 10.82860
  0.0236  0.0235  0.0233  0.0240  0.0239  0.0244  0.0235  0.0241  0.0234  0.0237  0.0233  0.0233
  0.0232  0.0232  0.0231  0.0235  0.0235  0.0237  0.0232  0.0235  0.0232  0.0233  0.0231  0.0231
  0.0230  0.0230  0.0230  0.0232  0.0231  0.0232  0.0230  0.0231  0.0230  0.0231  0.0230  0.0230
  0.0230  0.0230  0.0229  0.0229  0.0229  0.0229  0.0229  0.0229  0.0229  0.0229  0.0229  0.0229
  0.0230  0.0230  0.0230  0.0230  0.0230  0.0231  0.0230  0.0231  0.0230  0.0230  0.0230  0.0230
  0.0233  0.0232  0.0231  0.0233  0.0234  0.0236  0.0232  0.0235  0.0232  0.0232  0.0231  0.0231
  0.0236  0.0235  0.0233  0.0240  0.0240  0.0245  0.0235  0.0241  0.0234  0.0236  0.0233  0.0233
niter,ni,del,rscale     1    3    5.0000    0.4000
parameters
   -1.8355   -0.0034   -6.2136   -4.2051  -17.3744   -7.7032
    2.1633   -2.2415    0.6135   27.0363    3.3994  -30.9212
eta,q 0.97708 10.83192
  0.0234  0.0233  0.0232  0.0236  0.0236  0.0239  0.0233  0.0237  0.0232  0.0234  0.0231  0.0232
  0.0231  0.0231  0.0230  0.0233  0.0233  0.0234  0.0231  0.0233  0.0231  0.0232  0.0230  0.0230
  0.0230  0.0230  0.0230  0.0231  0.0230  0.0231  0.0230  0.0230  0.0230  0.0230  0.0230  0.0229
  0.0229  0.0229  0.0229  0.0229  0.0229  0.0229  0.0229  0.0229  0.0229  0.0229  0.0229  0.0229
  0.0230  0.0230  0.0230  0.0230  0.0230  0.0230  0.0230  0.0230  0.0230  0.0230  0.0229  0.0230
  0.0231  0.0231  0.0230  0.0232  0.0232  0.0234  0.0231  0.0233  0.0231  0.0231  0.0230  0.0230
  0.0234  0.0233  0.0232  0.0236  0.0236  0.0240  0.0233  0.0237  0.0233  0.0234  0.0231  0.0232
registration optimization eta report
parameter search radius
    0.8000    0.8000    0.8000    2.4000    2.4000    2.4000
    2.4000    2.4000    2.4000    2.4000    2.4000    2.4000
100000*second partial in parameter space
       67.       54.       39.       12.       12.       18.
        7.       14.        6.        8.        4.        4.
  0.0234  0.0233  0.0232  0.0236  0.0236  0.0239  0.0233  0.0237  0.0232  0.0234  0.0231  0.0232
  0.0231  0.0231  0.0230  0.0233  0.0233  0.0234  0.0231  0.0233  0.0231  0.0232  0.0230  0.0230
  0.0230  0.0230  0.0230  0.0231  0.0230  0.0231  0.0230  0.0230  0.0230  0.0230  0.0230  0.0229
  0.0229  0.0229  0.0229  0.0229  0.0229  0.0229  0.0229  0.0229  0.0229  0.0229  0.0229  0.0229
  0.0230  0.0230  0.0230  0.0230  0.0230  0.0230  0.0230  0.0230  0.0230  0.0230  0.0229  0.0230
  0.0231  0.0231  0.0230  0.0232  0.0232  0.0234  0.0231  0.0233  0.0231  0.0231  0.0230  0.0230
  0.0234  0.0233  0.0232  0.0236  0.0236  0.0240  0.0233  0.0237  0.0233  0.0234  0.0231  0.0232
   -1.8355   -0.0034   -6.2136   -4.2051  -17.3744   -7.7032
    2.1633   -2.2415    0.6135   27.0363    3.3994  -30.9212
eta,q 0.97708 10.83192

---------------------------------------------------------------------
imgreg_4dfp /opt/freesurfer/average/711-2C_as_mni_average_305 /opt/freesurfer/average/711-2B_as_mni_average_305_mask talsrcimg_g11 none talsrcimg_to_711-2C_as_mni_average_305_t4 2311
---------------------------------------------------------------------

freesurfer imgreg_4dfp.c
/opt/freesurfer/average/711-2C_as_mni_average_305.4dfp.img
       256       256       256         1
  1.000000  1.000000  1.000000
orientation T byte_order littleendian
Reading image: /opt/freesurfer/average/711-2C_as_mni_average_305.4dfp.img
dimensions:      256       256       256
mmppix:       1.0000   -1.0000   -1.0000
center:     128.0000 -129.0000 -129.0000
/opt/freesurfer/average/711-2B_as_mni_average_305_mask.4dfp.img
       256       256       256         1
  1.000000  1.000000  1.000000
orientation T byte_order littleendian
Reading mask: /opt/freesurfer/average/711-2B_as_mni_average_305_mask.4dfp.img (2306576 pixels)
talsrcimg_g11.4dfp.img
       256       256       256         1
  1.000000  1.000000  1.000000
orientation T byte_order littleendian
Reading image: talsrcimg_g11.4dfp.img
dimensions:      256       256       256
mmppix:       1.0000   -1.0000   -1.0000
center:     128.0000 -129.0000 -129.0000
fimgreg.f
image alignment mode   2311 decimal      907 hex
parameters
   -1.8355   -0.0034   -6.2136   -4.2051  -17.3744   -7.7032
    2.1633   -2.2415    0.6135   27.0363    3.3994  -30.9212
eta,q 0.97708 10.83192
niter,ni,del,rscale     5    3    5.0000    0.8000
parameters
   -1.8435   -0.0239   -6.1792   -4.7336  -17.6449   -7.8445
    2.3033   -2.3612    0.6722   26.9156    3.4574  -30.8913
eta,q 0.97697 10.81219
  0.0246  0.0242  0.0240  0.0248  0.0249  0.0258  0.0244  0.0256  0.0242  0.0245  0.0238  0.0239
  0.0237  0.0235  0.0234  0.0239  0.0241  0.0247  0.0237  0.0242  0.0236  0.0238  0.0234  0.0234
  0.0231  0.0231  0.0230  0.0233  0.0234  0.0236  0.0232  0.0233  0.0232  0.0233  0.0231  0.0231
  0.0229  0.0229  0.0229  0.0229  0.0230  0.0230  0.0230  0.0230  0.0230  0.0230  0.0230  0.0230
  0.0231  0.0231  0.0230  0.0232  0.0232  0.0234  0.0231  0.0234  0.0231  0.0231  0.0231  0.0231
  0.0237  0.0236  0.0234  0.0243  0.0242  0.0246  0.0236  0.0244  0.0235  0.0238  0.0233  0.0234
  0.0247  0.0243  0.0239  0.0263  0.0257  0.0265  0.0243  0.0259  0.0242  0.0249  0.0238  0.0239
niter,ni,del,rscale     4    3    5.0000    0.7000
parameters
   -1.8160    0.0530   -6.2857   -4.5718  -17.6190   -7.9055
    2.2069   -2.3207    0.6385   27.1056    3.4714  -30.9495
eta,q 0.97701 10.81532
  0.0243  0.0241  0.0236  0.0248  0.0247  0.0253  0.0240  0.0252  0.0239  0.0243  0.0236  0.0237
  0.0236  0.0236  0.0233  0.0241  0.0240  0.0244  0.0235  0.0240  0.0234  0.0237  0.0232  0.0233
  0.0232  0.0232  0.0231  0.0234  0.0233  0.0235  0.0231  0.0233  0.0231  0.0233  0.0231  0.0230
  0.0230  0.0230  0.0230  0.0230  0.0230  0.0230  0.0230  0.0230  0.0230  0.0230  0.0230  0.0230
  0.0231  0.0231  0.0232  0.0230  0.0231  0.0232  0.0231  0.0232  0.0231  0.0230  0.0230  0.0231
  0.0235  0.0234  0.0234  0.0236  0.0237  0.0242  0.0235  0.0240  0.0234  0.0234  0.0232  0.0233
  0.0242  0.0239  0.0238  0.0248  0.0249  0.0257  0.0241  0.0251  0.0239  0.0242  0.0236  0.0237
niter,ni,del,rscale     3    3    5.0000    0.6000
parameters
   -1.8100    0.0865   -6.3338   -4.4354  -17.6046   -7.9278
    2.1882   -2.2828    0.6162   27.2451    3.4703  -31.0236
eta,q 0.97705 10.81899
  0.0239  0.0238  0.0235  0.0244  0.0243  0.0249  0.0238  0.0247  0.0237  0.0240  0.0234  0.0235
  0.0234  0.0234  0.0232  0.0238  0.0237  0.0240  0.0233  0.0238  0.0233  0.0235  0.0232  0.0232
  0.0231  0.0231  0.0230  0.0233  0.0232  0.0233  0.0231  0.0232  0.0230  0.0232  0.0230  0.0230
  0.0230  0.0230  0.0230  0.0230  0.0230  0.0230  0.0230  0.0230  0.0230  0.0230  0.0230  0.0230
  0.0231  0.0230  0.0231  0.0230  0.0230  0.0232  0.0231  0.0231  0.0231  0.0230  0.0230  0.0230
  0.0234  0.0233  0.0233  0.0234  0.0235  0.0239  0.0233  0.0237  0.0233  0.0233  0.0232  0.0232
  0.0239  0.0237  0.0236  0.0244  0.0244  0.0251  0.0238  0.0246  0.0237  0.0239  0.0234  0.0235
niter,ni,del,rscale     2    3    5.0000    0.5000
parameters
   -1.8171    0.1081   -6.3517   -4.3152  -17.5879   -7.9247
    2.1900   -2.2568    0.5984   27.3348    3.4753  -31.0922
eta,q 0.97706 10.82234
  0.0236  0.0235  0.0233  0.0240  0.0239  0.0244  0.0235  0.0242  0.0234  0.0237  0.0233  0.0233
  0.0232  0.0232  0.0231  0.0235  0.0235  0.0237  0.0232  0.0235  0.0232  0.0233  0.0231  0.0231
  0.0230  0.0230  0.0230  0.0232  0.0231  0.0232  0.0230  0.0231  0.0230  0.0231  0.0230  0.0230
  0.0230  0.0230  0.0230  0.0230  0.0229  0.0229  0.0229  0.0229  0.0229  0.0229  0.0229  0.0229
  0.0230  0.0230  0.0230  0.0230  0.0230  0.0231  0.0230  0.0231  0.0230  0.0230  0.0230  0.0230
  0.0233  0.0232  0.0231  0.0233  0.0234  0.0236  0.0232  0.0235  0.0232  0.0232  0.0231  0.0231
  0.0236  0.0235  0.0234  0.0239  0.0240  0.0245  0.0235  0.0241  0.0235  0.0236  0.0233  0.0233
niter,ni,del,rscale     1    3    5.0000    0.4000
parameters
   -1.8244    0.1121   -6.3521   -4.2115  -17.5572   -7.9120
    2.1836   -2.2392    0.6007   27.4011    3.4424  -31.1332
eta,q 0.97707 10.82607
  0.0234  0.0233  0.0232  0.0236  0.0236  0.0239  0.0233  0.0237  0.0233  0.0234  0.0231  0.0232
  0.0231  0.0231  0.0230  0.0233  0.0233  0.0234  0.0231  0.0233  0.0231  0.0232  0.0230  0.0230
  0.0230  0.0230  0.0230  0.0231  0.0230  0.0231  0.0230  0.0230  0.0230  0.0230  0.0229  0.0229
  0.0229  0.0229  0.0229  0.0229  0.0229  0.0229  0.0229  0.0229  0.0229  0.0229  0.0229  0.0229
  0.0230  0.0230  0.0230  0.0230  0.0230  0.0230  0.0230  0.0230  0.0230  0.0230  0.0229  0.0230
  0.0231  0.0231  0.0230  0.0232  0.0232  0.0234  0.0231  0.0233  0.0231  0.0231  0.0230  0.0230
  0.0234  0.0233  0.0232  0.0236  0.0236  0.0240  0.0233  0.0237  0.0233  0.0234  0.0231  0.0232
registration optimization eta report
parameter search radius
    0.8000    0.8000    0.8000    2.4000    2.4000    2.4000
    2.4000    2.4000    2.4000    2.4000    2.4000    2.4000
100000*second partial in parameter space
       67.       55.       39.       12.       11.       18.
        7.       14.        6.        8.        4.        4.
  0.0234  0.0233  0.0232  0.0236  0.0236  0.0239  0.0233  0.0237  0.0233  0.0234  0.0231  0.0232
  0.0231  0.0231  0.0230  0.0233  0.0233  0.0234  0.0231  0.0233  0.0231  0.0232  0.0230  0.0230
  0.0230  0.0230  0.0230  0.0231  0.0230  0.0231  0.0230  0.0230  0.0230  0.0230  0.0229  0.0229
  0.0229  0.0229  0.0229  0.0229  0.0229  0.0229  0.0229  0.0229  0.0229  0.0229  0.0229  0.0229
  0.0230  0.0230  0.0230  0.0230  0.0230  0.0230  0.0230  0.0230  0.0230  0.0230  0.0229  0.0230
  0.0231  0.0231  0.0230  0.0232  0.0232  0.0234  0.0231  0.0233  0.0231  0.0231  0.0230  0.0230
  0.0234  0.0233  0.0232  0.0236  0.0236  0.0240  0.0233  0.0237  0.0233  0.0234  0.0231  0.0232
   -1.8244    0.1121   -6.3521   -4.2115  -17.5572   -7.9120
    2.1836   -2.2392    0.6007   27.4011    3.4424  -31.1332
eta,q 0.97707 10.82607

---------------------------------------------------------------------
compute_vox2vox talsrcimg talsrcimg_to_711-2C_as_mni_average_305_t4 /opt/freesurfer/average/711-2C_as_mni_average_305
---------------------------------------------------------------------

freesurfer compute_vox2vox.c
Reading: talsrcimg.4dfp.ifh
Reading: talsrcimg_to_711-2C_as_mni_average_305_t4
Reading: /opt/freesurfer/average/711-2C_as_mni_average_305.4dfp.ifh
Writing: talsrcimg_to_711-2C_as_mni_average_305_t4_vox2vox.txt

start time Fri Mar 13 00:36:01 CET 2026
end		time Fri Mar 13 00:36:16 CET 2026

mpr2mni305 success

avi2talxfm orig_nu.mgz /opt/freesurfer/average/mni305.cor.mgz talsrcimg_to_711-2C_as_mni_average_305_t4_vox2vox.txt transforms/talairach.auto.xfm
avi2talxfm done
mv -f /out/sourcedata/freesurfer/sub-v2s3x28799_ses-1/mri/talsrcimg_to_711-2C_as_mni_average_305_t4_vox2vox.txt /out/sourcedata/freesurfer/sub-v2s3x28799_ses-1/mri/transforms/talsrcimg_to_711-2C_as_mni_average_305_t4_vox2vox.txt
lta_convert --src orig_nu.mgz --trg /opt/freesurfer/average/mni305.cor.mgz --inxfm transforms/talairach.auto.xfm --outlta transforms/talairach.auto.xfm.lta --subject fsaverage
7.3.2

--src: orig_nu.mgz src image (geometry).
--trg: /opt/freesurfer/average/mni305.cor.mgz trg image (geometry).
--inmni: transforms/talairach.auto.xfm input MNI/XFM transform.
--outlta: transforms/talairach.auto.xfm.lta output LTA.
--s: fsaverage subject name
 LTA read, type : 1
 1.04298   0.03019  -0.01622   1.54811;
-0.03736   0.97514   0.36924  -36.36729;
 0.00482  -0.32432   1.09036   5.27774;
 0.00000   0.00000   0.00000   1.00000;
setting subject to fsaverage
Writing  LTA to file transforms/talairach.auto.xfm.lta...
lta_convert successful.
 
 
Started at Fri Mar 13 00:36:00 CET 2026
Ended   at Fri Mar 13 00:36:16 CET 2026
talairach_avi done
