/out/sourcedata/freesurfer/sub-v2s3x28747_ses-1/mri
/opt/freesurfer/bin/talairach_avi
--i orig_nu.mgz --xfm transforms/talairach.auto.xfm
talairach_avi 7.3.2
Linux dna013 5.14.0-427.37.1.el9_4.x86_64 #1 SMP PREEMPT_DYNAMIC Fri Sep 13 12:41:50 EDT 2024 x86_64 x86_64 x86_64 GNU/Linux
Thu Mar 12 23:29:45 CET 2026
mri_convert orig_nu.mgz talsrcimg.img 
reading from orig_nu.mgz...
TR=0.00, TE=0.00, TI=0.00, flip angle=0.00
i_ras = (-1, 0, 0)
j_ras = (0, 0, -1)
k_ras = (0, 1, 0)
writing to talsrcimg.img...
Analyze Output Matrix
-1.00000   0.00000   0.00000   128.71198;
 0.00000   0.00000   1.00000  -138.78119;
 0.00000  -1.00000   0.00000   136.13715;
 0.00000   0.00000   0.00000   1.00000;
--------------------
INFO: set hdr.hist.orient to -1
mpr2mni305 talsrcimg
Thu Mar 12 23:29:46 CET 2026
/opt/freesurfer/bin/mpr2mni305 talsrcimg
mpr2mni305 7.3.2
target=711-2C_as_mni_average_305

---------------------------------------------------------------------
analyzeto4dfp talsrcimg -O0 -y
---------------------------------------------------------------------

freesurfer ifh2hdr.c
Thu Mar 12 23:29:46 2026
Writing: talsrcimg.4dfp.hdr
freesurfer analyzeto4dfp.c
Reading: talsrcimg.hdr
header size 348 bytes
hdr.dime.datatype	offset=70	value=2
hdr.dime.bitpix		offset=72	value=8
hdr.hist.orient		offset=252	value=-1
dimensionality     4
dimensions       256       256       256         1
Reading: talsrcimg.img
Writing: talsrcimg.4dfp.img
Writing: talsrcimg.4dfp.ifh
ifh2hdr talsrcimg -r0to234
ori=2

---------------------------------------------------------------------
gauss_4dfp talsrcimg 1.1
---------------------------------------------------------------------

freesurfer gauss_4dfp.c
Reading: talsrcimg.4dfp.img
Writing: talsrcimg_g11.4dfp.img
image dimensions 256 256 256 padded to 288 288 288
processing volume 1freesurfer ifh2hdr.c
Thu Mar 12 23:29:47 2026
Writing: talsrcimg_g11.4dfp.hdr

Writing: talsrcimg_g11.4dfp.ifh
including: talsrcimg.4dfp.img.rec in talsrcimg_g11.4dfp.img.rec

---------------------------------------------------------------------
imgreg_4dfp /opt/freesurfer/average/711-2C_as_mni_average_305 none talsrcimg_g11 none talsrcimg_to_711-2C_as_mni_average_305_t4 4355
---------------------------------------------------------------------

freesurfer imgreg_4dfp.c
/opt/freesurfer/average/711-2C_as_mni_average_305.4dfp.img
       256       256       256         1
  1.000000  1.000000  1.000000
orientation T byte_order littleendian
Reading image: /opt/freesurfer/average/711-2C_as_mni_average_305.4dfp.img
dimensions:      256       256       256
mmppix:       1.0000   -1.0000   -1.0000
center:     128.0000 -129.0000 -129.0000
talsrcimg_g11.4dfp.img
       256       256       256         1
  1.000000  1.000000  1.000000
orientation T byte_order littleendian
Reading image: talsrcimg_g11.4dfp.img
dimensions:      256       256       256
mmppix:       1.0000   -1.0000   -1.0000
center:     128.0000 -129.0000 -129.0000
t4_read: open error in t4_sub.f l:  41 t4_file(1:l)talsrcimg_to_711-2C_as_mni_average_305_t4 
t4_read: transform initialized to I4
rotation matrix determinant  1.000000
image alignment mode   4355 decimal     1103 hex
   -7.5000  -45.0000  -45.0000 7913.3159   13.1699
    0.0000  -45.0000  -45.0000 8234.4658   13.1671
    7.5000  -45.0000  -45.0000 7884.5215   13.1618
   -7.5000  -37.5000  -45.0000 8562.2256   13.1286
    0.0000  -37.5000  -45.0000 8927.1523   13.1292
    7.5000  -37.5000  -45.0000 8552.1758   13.1270
   -7.5000  -30.0000  -45.0000 9534.8076   13.1217
    0.0000  -30.0000  -45.0000 9939.9424   13.1280
    7.5000  -30.0000  -45.0000 9522.8984   13.1278
   -7.5000  -22.5000  -45.000010433.5605   13.1285
    0.0000  -22.5000  -45.000010900.4893   13.1366
    7.5000  -22.5000  -45.000010421.3662   13.1357
   -7.5000  -15.0000  -45.000011185.9102   13.1228
    0.0000  -15.0000  -45.000011714.3281   13.1279
    7.5000  -15.0000  -45.000011177.1914   13.1253
   -7.5000   -7.5000  -45.000011861.5889   13.1114
    0.0000   -7.5000  -45.000012448.5625   13.1109
    7.5000   -7.5000  -45.000011849.9404   13.1058
   -7.5000    0.0000  -45.000012533.8066   13.1041
    0.0000    0.0000  -45.000013164.9082   13.1011
    7.5000    0.0000  -45.000012522.1143   13.0958
   -7.5000    7.5000  -45.000012234.5518   13.1088
    0.0000    7.5000  -45.000012838.8135   13.1095
    7.5000    7.5000  -45.000012209.9814   13.1073
   -7.5000   15.0000  -45.000011852.7910   13.1216
    0.0000   15.0000  -45.000012434.8076   13.1279
    7.5000   15.0000  -45.000011830.5234   13.1277
   -7.5000   22.5000  -45.000011365.5273   13.1267
    0.0000   22.5000  -45.000011905.3604   13.1348
    7.5000   22.5000  -45.000011317.1631   13.1339
   -7.5000   30.0000  -45.000010773.1807   12.9479
    0.0000   30.0000  -45.000011277.1768   12.9530
    7.5000   30.0000  -45.000010702.7666   12.9504
   -7.5000   37.5000  -45.000010240.1426   12.9366
    0.0000   37.5000  -45.000010722.7510   12.9362
    7.5000   37.5000  -45.000010167.4326   12.9312
   -7.5000   45.0000  -45.0000 9326.9883   12.6012
    0.0000   45.0000  -45.0000 9732.9648   12.5983
    7.5000   45.0000  -45.0000 9254.2441   12.5932
   -7.5000  -45.0000  -37.5000 8382.4141   13.1723
    0.0000  -45.0000  -37.5000 8727.5283   13.1628
    7.5000  -45.0000  -37.5000 8368.8740   13.1530
   -7.5000  -37.5000  -37.5000 9064.9121   13.1300
    0.0000  -37.5000  -37.5000 9443.8486   13.1229
    7.5000  -37.5000  -37.5000 9050.0635   13.1141
   -7.5000  -30.0000  -37.500010071.4229   13.1193
    0.0000  -30.0000  -37.500010501.5957   13.1186
    7.5000  -30.0000  -37.500010048.0381   13.1111
   -7.5000  -22.5000  -37.500011013.7354   13.1217
    0.0000  -22.5000  -37.500011511.2881   13.1251
    7.5000  -22.5000  -37.500010993.1523   13.1186
   -7.5000  -15.0000  -37.500011807.0410   13.1160
    0.0000  -15.0000  -37.500012344.9912   13.1178
    7.5000  -15.0000  -37.500011789.5869   13.1118
   -7.5000   -7.5000  -37.500012517.3740   13.1097
    0.0000   -7.5000  -37.500013113.0264   13.1049
    7.5000   -7.5000  -37.500012510.2529   13.0968
   -7.5000    0.0000  -37.500013184.1143   13.1064
    0.0000    0.0000  -37.500013855.1895   13.0968
    7.5000    0.0000  -37.500013202.6230   13.0870
   -7.5000    7.5000  -37.500012851.0068   13.1102
    0.0000    7.5000  -37.500013501.2451   13.1031
    7.5000    7.5000  -37.500012846.2246   13.0945
   -7.5000   15.0000  -37.500012431.8936   13.1192
    0.0000   15.0000  -37.500013072.2500   13.1185
    7.5000   15.0000  -37.500012423.9756   13.1111
   -7.5000   22.5000  -37.500011867.2627   13.1199
    0.0000   22.5000  -37.500012469.4795   13.1233
    7.5000   22.5000  -37.500011836.8389   13.1168
   -7.5000   30.0000  -37.500011243.6260   12.9412
    0.0000   30.0000  -37.500011809.5186   12.9430
    7.5000   30.0000  -37.500011196.3682   12.9371
   -7.5000   37.5000  -37.500010669.8447   12.9350
    0.0000   37.5000  -37.500011213.3711   12.9303
    7.5000   37.5000  -37.500010644.2158   12.9223
   -7.5000   45.0000  -37.5000 9709.0938   12.6034
    0.0000   45.0000  -37.500010153.5996   12.5941
    7.5000   45.0000  -37.5000 9664.4775   12.5847
   -7.5000  -45.0000  -30.0000 9003.3984   13.7121
    0.0000  -45.0000  -30.0000 9398.1582   13.7022
    7.5000  -45.0000  -30.0000 9002.9941   13.6910
   -7.5000  -37.5000  -30.0000 9724.6025   13.6688
    0.0000  -37.5000  -30.000010152.7949   13.6606
    7.5000  -37.5000  -30.0000 9717.7529   13.6496
   -7.5000  -30.0000  -30.000010784.0146   13.6543
    0.0000  -30.0000  -30.000011254.1807   13.6517
    7.5000  -30.0000  -30.000010770.6396   13.6420
   -7.5000  -22.5000  -30.000011762.4658   13.6525
    0.0000  -22.5000  -30.000012293.8740   13.6539
    7.5000  -22.5000  -30.000011758.9678   13.6456
   -7.5000  -15.0000  -30.000012589.2559   13.6462
    0.0000  -15.0000  -30.000013158.0742   13.6464
    7.5000  -15.0000  -30.000012585.0449   13.6393
   -7.5000   -7.5000  -30.000013327.2246   13.6433
    0.0000   -7.5000  -30.000013976.1533   13.6377
    7.5000   -7.5000  -30.000013343.6328   13.6286
   -7.5000    0.0000  -30.000014033.0010   13.6435
    0.0000    0.0000  -30.000014754.8994   13.6336
    7.5000    0.0000  -30.000014052.8418   13.6223
   -7.5000    7.5000  -30.000013675.5830   13.6482
    0.0000    7.5000  -30.000014396.1133   13.6400
    7.5000    7.5000  -30.000013682.1123   13.6292
   -7.5000   15.0000  -30.000013222.4287   13.6542
    0.0000   15.0000  -30.000013941.9180   13.6516
    7.5000   15.0000  -30.000013243.5098   13.6419
   -7.5000   22.5000  -30.000012555.8770   13.6492
    0.0000   22.5000  -30.000013225.4297   13.6506
    7.5000   22.5000  -30.000012540.1289   13.6424
   -7.5000   30.0000  -30.000011899.9180   13.4657
    0.0000   30.0000  -30.000012510.8457   13.4658
    7.5000   30.0000  -30.000011845.0967   13.4588
   -7.5000   37.5000  -30.000011276.1299   13.4628
    0.0000   37.5000  -30.000011870.8086   13.4572
    7.5000   37.5000  -30.000011256.7451   13.4483
   -7.5000   45.0000  -30.000010243.2969   13.1295
    0.0000   45.0000  -30.000010743.4736   13.1199
    7.5000   45.0000  -30.000010208.1270   13.1091
   -7.5000  -45.0000  -22.5000 9594.2578   14.1644
    0.0000  -45.0000  -22.500010018.5938   14.1611
    7.5000  -45.0000  -22.5000 9590.2803   14.1527
   -7.5000  -37.5000  -22.500010345.4199   14.1214
    0.0000  -37.5000  -22.500010801.6562   14.1206
    7.5000  -37.5000  -22.500010355.1338   14.1146
   -7.5000  -30.0000  -22.500011470.2930   14.1064
    0.0000  -30.0000  -22.500011984.3047   14.1101
    7.5000  -30.0000  -22.500011470.6172   14.1065
   -7.5000  -22.5000  -22.500012485.5469   14.1046
    0.0000  -22.5000  -22.500013072.7812   14.1095
    7.5000  -22.5000  -22.500012505.0791   14.1059
   -7.5000  -15.0000  -22.500013340.8545   14.0980
    0.0000  -15.0000  -22.500013949.9736   14.1000
    7.5000  -15.0000  -22.500013345.2412   14.0952
   -7.5000   -7.5000  -22.500014103.2490   14.0934
    0.0000   -7.5000  -22.500014795.0420   14.0914
    7.5000   -7.5000  -22.500014120.4531   14.0841
   -7.5000    0.0000  -22.500014823.7480   14.0937
    0.0000    0.0000  -22.500015589.1377   14.0903
    7.5000    0.0000  -22.500014848.7197   14.0819
   -7.5000    7.5000  -22.500014442.9629   14.1000
    0.0000    7.5000  -22.500015248.9434   14.0994
    7.5000    7.5000  -22.500014496.7256   14.0935
   -7.5000   15.0000  -22.500013970.6152   14.1063
    0.0000   15.0000  -22.500014766.3760   14.1100
    7.5000   15.0000  -22.500014037.7764   14.1065
   -7.5000   22.5000  -22.500013231.4453   14.1002
    0.0000   22.5000  -22.500013941.3086   14.1051
    7.5000   22.5000  -22.500013246.8818   14.1015
   -7.5000   30.0000  -22.500012499.7734   13.9136
    0.0000   30.0000  -22.500013160.4561   13.9155
    7.5000   30.0000  -22.500012477.8594   13.9108
   -7.5000   37.5000  -22.500011865.8467   13.9090
    0.0000   37.5000  -22.500012503.5156   13.9070
    7.5000   37.5000  -22.500011849.9199   13.8999
   -7.5000   45.0000  -22.500010780.9258   13.5729
    0.0000   45.0000  -22.500011352.1318   13.5697
    7.5000   45.0000  -22.500010758.5986   13.5615
   -7.5000  -45.0000  -15.000010177.7490   14.4959
    0.0000  -45.0000  -15.000010633.0742   14.4998
    7.5000  -45.0000  -15.000010185.5713   14.4961
   -7.5000  -37.5000  -15.000010964.5840   14.4535
    0.0000  -37.5000  -15.000011486.0225   14.4617
    7.5000  -37.5000  -15.000010997.5645   14.4629
   -7.5000  -30.0000  -15.000012114.7305   14.4427
    0.0000  -30.0000  -15.000012722.8613   14.4545
    7.5000  -30.0000  -15.000012179.0527   14.4589
   -7.5000  -22.5000  -15.000013199.6191   14.4453
    0.0000  -22.5000  -15.000013857.3574   14.4553
    7.5000  -22.5000  -15.000013267.4619   14.4577
   -7.5000  -15.0000  -15.000014114.0254   14.4379
    0.0000  -15.0000  -15.000014800.2715   14.4432
    7.5000  -15.0000  -15.000014158.9912   14.4418
   -7.5000   -7.5000  -15.000014874.4863   14.4273
    0.0000   -7.5000  -15.000015633.5068   14.4298
    7.5000   -7.5000  -15.000014932.3740   14.4254
   -7.5000    0.0000  -15.000015597.1514   14.4236
    0.0000    0.0000  -15.000016411.8320   14.4274
    7.5000    0.0000  -15.000015678.2969   14.4238
   -7.5000    7.5000  -15.000015194.0713   14.4316
    0.0000    7.5000  -15.000016037.7754   14.4399
    7.5000    7.5000  -15.000015317.7764   14.4413
   -7.5000   15.0000  -15.000014671.8311   14.4426
    0.0000   15.0000  -15.000015517.4531   14.4544
    7.5000   15.0000  -15.000014800.2891   14.4588
   -7.5000   22.5000  -15.000013864.1738   14.4402
    0.0000   22.5000  -15.000014637.5918   14.4502
    7.5000   22.5000  -15.000013927.2686   14.4526
   -7.5000   30.0000  -15.000013054.6621   14.2511
    0.0000   30.0000  -15.000013770.2793   14.2563
    7.5000   30.0000  -15.000013064.6709   14.2549
   -7.5000   37.5000  -15.000012409.3818   14.2406
    0.0000   37.5000  -15.000013088.4463   14.2430
    7.5000   37.5000  -15.000012412.7031   14.2387
   -7.5000   45.0000  -15.000011312.7637   13.8990
    0.0000   45.0000  -15.000011917.2500   13.9027
    7.5000   45.0000  -15.000011315.7275   13.8992
   -7.5000  -45.0000   -7.500010746.6084   14.6821
    0.0000  -45.0000   -7.500011272.0107   14.6863
    7.5000  -45.0000   -7.500010790.4453   14.6842
   -7.5000  -37.5000   -7.500011565.4746   14.6384
    0.0000  -37.5000   -7.500012141.2041   14.6473
    7.5000  -37.5000   -7.500011618.8076   14.6501
   -7.5000  -30.0000   -7.500012754.2617   14.6316
    0.0000  -30.0000   -7.500013417.1455   14.6448
    7.5000  -30.0000   -7.500012832.7334   14.6505
   -7.5000  -22.5000   -7.500013926.2070   14.6391
    0.0000  -22.5000   -7.500014613.2646   14.6509
    7.5000  -22.5000   -7.500013990.7959   14.6544
   -7.5000  -15.0000   -7.500014945.8857   14.6320
    0.0000  -15.0000   -7.500015768.3105   14.6390
    7.5000  -15.0000   -7.500015046.7100   14.6387
   -7.5000   -7.5000   -7.500015761.8838   14.6170
    0.0000   -7.5000   -7.500016627.2793   14.6205
    7.5000   -7.5000   -7.500015886.9404   14.6174
   -7.5000    0.0000   -7.500016471.7109   14.6089
    0.0000    0.0000   -7.500017348.9512   14.6130
    7.5000    0.0000   -7.500016650.7305   14.6108
   -7.5000    7.5000   -7.500016051.3193   14.6163
    0.0000    7.5000   -7.500016949.1660   14.6253
    7.5000    7.5000   -7.500016265.0439   14.6282
   -7.5000   15.0000   -7.500015468.7148   14.6315
    0.0000   15.0000   -7.500016359.1064   14.6447
    7.5000   15.0000   -7.500015690.5664   14.6504
   -7.5000   22.5000   -7.500014578.1816   14.6324
    0.0000   22.5000   -7.500015390.6484   14.6442
    7.5000   22.5000   -7.500014735.4131   14.6476
   -7.5000   30.0000   -7.500013681.5127   14.4422
    0.0000   30.0000   -7.500014443.8477   14.4492
    7.5000   30.0000   -7.500013745.4502   14.4488
   -7.5000   37.5000   -7.500013034.3828   14.4274
    0.0000   37.5000   -7.500013748.6367   14.4309
    7.5000   37.5000   -7.500013063.7305   14.4278
   -7.5000   45.0000   -7.500011898.3252   14.0802
    0.0000   45.0000   -7.500012547.1719   14.0841
    7.5000   45.0000   -7.500011917.7314   14.0821
   -7.5000  -45.0000    0.000011211.0879   14.7355
    0.0000  -45.0000    0.000011787.4307   14.7323
    7.5000  -45.0000    0.000011269.7520   14.7263
   -7.5000  -37.5000    0.000012047.2217   14.6892
    0.0000  -37.5000    0.000012669.5908   14.6899
    7.5000  -37.5000    0.000012106.0195   14.6872
   -7.5000  -30.0000    0.000013260.4902   14.6813
    0.0000  -30.0000    0.000013944.3008   14.6884
    7.5000  -30.0000    0.000013333.9619   14.6881
   -7.5000  -22.5000    0.000014455.2549   14.6890
    0.0000  -22.5000    0.000015196.3945   14.6981
    7.5000  -22.5000    0.000014529.2207   14.6970
   -7.5000  -15.0000    0.000015546.5801   14.6827
    0.0000  -15.0000    0.000016435.3184   14.6885
    7.5000  -15.0000    0.000015651.1768   14.6855
   -7.5000   -7.5000    0.000016465.1211   14.6700
    0.0000   -7.5000    0.000017267.2188   14.6695
    7.5000   -7.5000    0.000016605.0059   14.6638
   -7.5000    0.0000    0.000017206.5977   14.6619
    0.0000    0.0000    0.000017951.9473   14.6585
    7.5000    0.0000    0.000017423.2949   14.6526
   -7.5000    7.5000    0.000016770.9844   14.6670
    0.0000    7.5000    0.000017573.5996   14.6678
    7.5000    7.5000    0.000017035.3418   14.6653
   -7.5000   15.0000    0.000016186.1055   14.6812
    0.0000   15.0000    0.000017040.0566   14.6883
    7.5000   15.0000    0.000016442.0938   14.6880
   -7.5000   22.5000    0.000015240.8252   14.6822
    0.0000   22.5000    0.000016040.7881   14.6913
    7.5000   22.5000    0.000015394.1172   14.6902
   -7.5000   30.0000    0.000014217.7861   14.4927
    0.0000   30.0000    0.000014975.0176   14.4984
    7.5000   30.0000    0.000014278.7773   14.4954
   -7.5000   37.5000    0.000013536.0371   14.4802
    0.0000   37.5000    0.000014261.7822   14.4797
    7.5000   37.5000    0.000013536.3887   14.4740
   -7.5000   45.0000    0.000012368.5166   14.1324
    0.0000   45.0000    0.000013051.8447   14.1291
    7.5000   45.0000    0.000012352.4414   14.1234
   -7.5000  -45.0000    7.500010807.1055   14.7401
    0.0000  -45.0000    7.500011391.8525   14.7295
    7.5000  -45.0000    7.500010876.4053   14.7186
   -7.5000  -37.5000    7.500011613.2939   14.6929
    0.0000  -37.5000    7.500012225.5127   14.6848
    7.5000  -37.5000    7.500011669.3955   14.6750
   -7.5000  -30.0000    7.500012767.7422   14.6809
    0.0000  -30.0000    7.500013396.4639   14.6801
    7.5000  -30.0000    7.500012829.7891   14.6717
   -7.5000  -22.5000    7.500013877.0039   14.6836
    0.0000  -22.5000    7.500014549.7305   14.6873
    7.5000  -22.5000    7.500013960.7109   14.6801
   -7.5000  -15.0000    7.500014883.5176   14.6771
    0.0000  -15.0000    7.500015565.3770   14.6792
    7.5000  -15.0000    7.500014933.2158   14.6724
   -7.5000   -7.5000    7.500015807.5449   14.6701
    0.0000   -7.5000    7.500016435.5371   14.6648
    7.5000   -7.5000    7.500015841.0225   14.6557
   -7.5000    0.0000    7.500016652.8555   14.6664
    0.0000    0.0000    7.500017349.7461   14.6557
    7.5000    0.0000    7.500016719.3613   14.6447
   -7.5000    7.5000    7.500016285.6514   14.6707
    0.0000    7.5000    7.500017099.3711   14.6628
    7.5000    7.5000    7.500016390.9961   14.6531
   -7.5000   15.0000    7.500015726.9287   14.6808
    0.0000   15.0000    7.500016564.1328   14.6800
    7.5000   15.0000    7.500015822.5889   14.6716
   -7.5000   22.5000    7.500014729.2227   14.6768
    0.0000   22.5000    7.500015485.9209   14.6806
    7.5000   22.5000    7.500014787.7354   14.6733
   -7.5000   30.0000    7.500013665.4893   14.4872
    0.0000   30.0000    7.500014342.0264   14.4892
    7.5000   30.0000    7.500013678.4512   14.4826
   -7.5000   37.5000    7.500013021.4160   14.4803
    0.0000   37.5000    7.500013654.4150   14.4750
    7.5000   37.5000    7.500012997.8232   14.4660
   -7.5000   45.0000    7.500011887.8145   14.1367
    0.0000   45.0000    7.500012473.4502   14.1264
    7.5000   45.0000    7.500011870.7803   14.1158
   -7.5000  -45.0000   15.000010241.9453   14.7450
    0.0000  -45.0000   15.000010793.4395   14.7342
    7.5000  -45.0000   15.000010308.1992   14.7223
   -7.5000  -37.5000   15.000010995.4023   14.6985
    0.0000  -37.5000   15.000011584.5176   14.6893
    7.5000  -37.5000   15.000011048.9980   14.6776
   -7.5000  -30.0000   15.000012087.6514   14.6829
    0.0000  -30.0000   15.000012716.0615   14.6798
    7.5000  -30.0000   15.000012133.8926   14.6695
   -7.5000  -22.5000   15.000013180.7275   14.6809
    0.0000  -22.5000   15.000013855.8594   14.6821
    7.5000  -22.5000   15.000013216.0605   14.6734
   -7.5000  -15.0000   15.000014178.1064   14.6741
    0.0000  -15.0000   15.000014837.4854   14.6741
    7.5000  -15.0000   15.000014165.6328   14.6665
   -7.5000   -7.5000   15.000015068.5205   14.6709
    0.0000   -7.5000   15.000015713.1416   14.6646
    7.5000   -7.5000   15.000015015.3525   14.6551
   -7.5000    0.0000   15.000015865.5215   14.6711
    0.0000    0.0000   15.000016550.5098   14.6602
    7.5000    0.0000   15.000015821.3672   14.6483
   -7.5000    7.5000   15.000015488.5117   14.6762
    0.0000    7.5000   15.000016198.1777   14.6672
    7.5000    7.5000   15.000015454.2529   14.6557
   -7.5000   15.0000   15.000014971.8105   14.6828
    0.0000   15.0000   15.000015691.8652   14.6797
    7.5000   15.0000   15.000014966.8789   14.6694
   -7.5000   22.5000   15.000014010.3438   14.6741
    0.0000   22.5000   15.000014687.3525   14.6754
    7.5000   22.5000   15.000014022.4414   14.6667
   -7.5000   30.0000   15.000012956.1729   14.4842
    0.0000   30.0000   15.000013589.1455   14.4842
    7.5000   30.0000   15.000012964.7910   14.4767
   -7.5000   37.5000   15.000012331.7852   14.4811
    0.0000   37.5000   15.000012955.0713   14.4749
    7.5000   37.5000   15.000012334.6572   14.4654
   -7.5000   45.0000   15.000011263.7051   14.1413
    0.0000   45.0000   15.000011813.3760   14.1308
    7.5000   45.0000   15.000011242.8652   14.1192
   -7.5000  -45.0000   22.5000 9589.7363   14.7675
    0.0000  -45.0000   22.500010094.6436   14.7635
    7.5000  -45.0000   22.5000 9616.9834   14.7554
   -7.5000  -37.5000   22.500010310.9580   14.7229
    0.0000  -37.5000   22.500010867.2773   14.7217
    7.5000  -37.5000   22.500010331.4873   14.7161
   -7.5000  -30.0000   22.500011366.8086   14.7072
    0.0000  -30.0000   22.500011951.4160   14.7106
    7.5000  -30.0000   22.500011383.5703   14.7074
   -7.5000  -22.5000   22.500012401.8066   14.7050
    0.0000  -22.5000   22.500013019.0742   14.7096
    7.5000  -22.5000   22.500012400.6133   14.7064
   -7.5000  -15.0000   22.500013324.0381   14.6978
    0.0000  -15.0000   22.500013926.3311   14.6995
    7.5000  -15.0000   22.500013282.5117   14.6951
   -7.5000   -7.5000   22.500014094.4277   14.6931
    0.0000   -7.5000   22.500014695.9082   14.6906
    7.5000   -7.5000   22.500014031.8252   14.6836
   -7.5000    0.0000   22.500014818.4951   14.6938
    0.0000    0.0000   22.500015459.5918   14.6898
    7.5000    0.0000   22.500014776.5400   14.6816
   -7.5000    7.5000   22.500014454.8379   14.7006
    0.0000    7.5000   22.500015081.2158   14.6995
    7.5000    7.5000   22.500014417.6445   14.6940
   -7.5000   15.0000   22.500014014.7188   14.7071
    0.0000   15.0000   22.500014612.0215   14.7105
    7.5000   15.0000   22.500013991.6152   14.7073
   -7.5000   22.5000   22.500013169.2939   14.6982
    0.0000   22.5000   22.500013743.7285   14.7029
    7.5000   22.5000   22.500013151.7197   14.6997
   -7.5000   30.0000   22.500012175.4844   14.5076
    0.0000   30.0000   22.500012725.8291   14.5092
    7.5000   30.0000   22.500012161.0361   14.5049
   -7.5000   37.5000   22.500011570.8125   14.5030
    0.0000   37.5000   22.500012105.7881   14.5005
    7.5000   37.5000   22.500011556.6396   14.4936
   -7.5000   45.0000   22.500010552.0957   14.1631
    0.0000   45.0000   22.500011031.6475   14.1592
    7.5000   45.0000   22.500010505.2578   14.1514
   -7.5000  -45.0000   30.0000 8883.4434   14.9065
    0.0000  -45.0000   30.0000 9331.3770   14.9093
    7.5000  -45.0000   30.0000 8912.5264   14.9066
   -7.5000  -37.5000   30.0000 9548.5186   14.8635
    0.0000  -37.5000   30.000010034.7773   14.8709
    7.5000  -37.5000   30.0000 9577.1074   14.8732
   -7.5000  -30.0000   30.000010528.9014   14.8515
    0.0000  -30.0000   30.000011042.2910   14.8629
    7.5000  -30.0000   30.000010550.5352   14.8686
   -7.5000  -22.5000   30.000011476.2715   14.8535
    0.0000  -22.5000   30.000012042.6230   14.8632
    7.5000  -22.5000   30.000011485.8818   14.8672
   -7.5000  -15.0000   30.000012312.9619   14.8459
    0.0000  -15.0000   30.000012891.8574   14.8506
    7.5000  -15.0000   30.000012298.8145   14.8508
   -7.5000   -7.5000   30.000013008.0059   14.8355
    0.0000   -7.5000   30.000013606.6475   14.8371
    7.5000   -7.5000   30.000012992.3643   14.8340
   -7.5000    0.0000   30.000013680.2607   14.8324
    0.0000    0.0000   30.000014297.6748   14.8352
    7.5000    0.0000   30.000013665.7090   14.8325
   -7.5000    7.5000   30.000013342.4326   14.8408
    0.0000    7.5000   30.000013924.6865   14.8482
    7.5000    7.5000   30.000013320.8379   14.8506
   -7.5000   15.0000   30.000012947.7314   14.8514
    0.0000   15.0000   30.000013498.0166   14.8628
    7.5000   15.0000   30.000012920.6709   14.8685
   -7.5000   22.5000   30.000012217.6240   14.8466
    0.0000   22.5000   30.000012739.8320   14.8564
    7.5000   22.5000   30.000012186.3848   14.8603
   -7.5000   30.0000   30.000011272.3652   14.6537
    0.0000   30.0000   30.000011762.6807   14.6584
    7.5000   30.0000   30.000011255.9004   14.6586
   -7.5000   37.5000   30.000010705.3906   14.6435
    0.0000   37.5000   30.000011166.7051   14.6451
    7.5000   37.5000   30.000010696.3184   14.6420
   -7.5000   45.0000   30.0000 9756.6797   14.2967
    0.0000   45.0000   30.000010180.2578   14.2994
    7.5000   45.0000   30.0000 9719.4717   14.2968
   -7.5000  -45.0000   37.5000 8479.5674   15.1610
    0.0000  -45.0000   37.5000 8883.6709   15.1628
    7.5000  -45.0000   37.5000 8519.7012   15.1610
   -7.5000  -37.5000   37.5000 9096.5605   15.1170
    0.0000  -37.5000   37.5000 9552.0840   15.1235
    7.5000  -37.5000   37.5000 9149.3154   15.1267
   -7.5000  -30.0000   37.500010019.9229   15.1082
    0.0000  -30.0000   37.500010523.3877   15.1195
    7.5000  -30.0000   37.500010075.2500   15.1257
   -7.5000  -22.5000   37.500010929.9814   15.1149
    0.0000  -22.5000   37.500011453.0273   15.1253
    7.5000  -22.5000   37.500010945.6895   15.1295
   -7.5000  -15.0000   37.500011749.0088   15.1074
    0.0000  -15.0000   37.500012287.9609   15.1129
    7.5000  -15.0000   37.500011732.2305   15.1134
   -7.5000   -7.5000   37.500012417.2959   15.0929
    0.0000   -7.5000   37.500012997.1543   15.0944
    7.5000   -7.5000   37.500012415.0400   15.0920
   -7.5000    0.0000   37.500013037.1758   15.0857
    0.0000    0.0000   37.500013613.5352   15.0874
    7.5000    0.0000   37.500013026.2168   15.0857
   -7.5000    7.5000   37.500012710.6094   15.0935
    0.0000    7.5000   37.500013249.9834   15.1001
    7.5000    7.5000   37.500012692.4736   15.1033
   -7.5000   15.0000   37.500012342.9170   15.1081
    0.0000   15.0000   37.500012877.0781   15.1194
    7.5000   15.0000   37.500012320.7021   15.1256
   -7.5000   22.5000   37.500011660.5781   15.1080
    0.0000   22.5000   37.500012191.0371   15.1183
    7.5000   22.5000   37.500011656.5527   15.1225
   -7.5000   30.0000   37.500010774.5000   14.9118
    0.0000   30.0000   37.500011257.5137   14.9173
    7.5000   30.0000   37.500010758.2871   14.9178
   -7.5000   37.5000   37.500010246.2842   14.8976
    0.0000   37.5000   37.500010706.9844   14.8990
    7.5000   37.5000   37.500010230.9346   14.8967
   -7.5000   45.0000   37.5000 9345.0303   14.5409
    0.0000   45.0000   37.5000 9760.9775   14.5425
    7.5000   45.0000   37.5000 9308.6943   14.5408
   -7.5000  -45.0000   45.0000 7713.5806   15.4890
    0.0000  -45.0000   45.0000 8078.8184   15.4805
    7.5000  -45.0000   45.0000 7768.2910   15.4753
   -7.5000  -37.5000   45.0000 8285.7705   15.4454
    0.0000  -37.5000   45.0000 8686.6582   15.4407
    7.5000  -37.5000   45.0000 8338.5078   15.4380
   -7.5000  -30.0000   45.0000 9133.7490   15.4359
    0.0000  -30.0000   45.0000 9583.0371   15.4385
    7.5000  -30.0000   45.0000 9197.8320   15.4375
   -7.5000  -22.5000   45.0000 9952.2100   15.4397
    0.0000  -22.5000   45.000010437.9219   15.4457
    7.5000  -22.5000   45.0000 9990.7725   15.4443
   -7.5000  -15.0000   45.000010688.7168   15.4289
    0.0000  -15.0000   45.000011178.6035   15.4320
    7.5000  -15.0000   45.000010685.0303   15.4296
   -7.5000   -7.5000   45.000011321.9082   15.4160
    0.0000   -7.5000   45.000011822.3389   15.4118
    7.5000   -7.5000   45.000011322.0117   15.4071
   -7.5000    0.0000   45.000011877.4141   15.4117
    0.0000    0.0000   45.000012397.2080   15.4031
    7.5000    0.0000   45.000011879.7900   15.3979
   -7.5000    7.5000   45.000011589.8867   15.4208
    0.0000    7.5000   45.000012089.4580   15.4161
    7.5000    7.5000   45.000011575.3516   15.4136
   -7.5000   15.0000   45.000011249.1475   15.4358
    0.0000   15.0000   45.000011751.7764   15.4384
    7.5000   15.0000   45.000011234.5957   15.4374
   -7.5000   22.5000   45.000010661.7588   15.4325
    0.0000   22.5000   45.000011169.7949   15.4385
    7.5000   22.5000   45.000010675.7080   15.4371
   -7.5000   30.0000   45.0000 9847.6523   15.2279
    0.0000   30.0000   45.000010321.5986   15.2309
    7.5000   30.0000   45.0000 9867.7217   15.2286
   -7.5000   37.5000   45.0000 9386.2979   15.2152
    0.0000   37.5000   45.0000 9833.4141   15.2110
    7.5000   37.5000   45.0000 9394.0674   15.2063
   -7.5000   45.0000   45.0000 8577.5537   14.8618
    0.0000   45.0000   45.0000 8969.0049   14.8536
    7.5000   45.0000   45.0000 8559.6709   14.8486

---------------------------------------------------------------------
imgreg_4dfp /opt/freesurfer/average/711-2C_as_mni_average_305 /opt/freesurfer/average/711-2B_as_mni_average_305_mask talsrcimg_g11 none talsrcimg_to_711-2C_as_mni_average_305_t4 4355
---------------------------------------------------------------------

freesurfer imgreg_4dfp.c
/opt/freesurfer/average/711-2C_as_mni_average_305.4dfp.img
       256       256       256         1
  1.000000  1.000000  1.000000
orientation T byte_order littleendian
Reading image: /opt/freesurfer/average/711-2C_as_mni_average_305.4dfp.img
dimensions:      256       256       256
mmppix:       1.0000   -1.0000   -1.0000
center:     128.0000 -129.0000 -129.0000
/opt/freesurfer/average/711-2B_as_mni_average_305_mask.4dfp.img
       256       256       256         1
  1.000000  1.000000  1.000000
orientation T byte_order littleendian
Reading mask: /opt/freesurfer/average/711-2B_as_mni_average_305_mask.4dfp.img (2306576 pixels)
talsrcimg_g11.4dfp.img
       256       256       256         1
  1.000000  1.000000  1.000000
orientation T byte_order littleendian
Reading image: talsrcimg_g11.4dfp.img
dimensions:      256       256       256
mmppix:       1.0000   -1.0000   -1.0000
center:     128.0000 -129.0000 -129.0000
rotation matrix determinant  1.000000
image alignment mode   4355 decimal     1103 hex
   -7.5000  -45.0000  -45.0000 2049.1274   15.3832
    0.0000  -45.0000  -45.0000 2058.2722   15.3454
    7.5000  -45.0000  -45.0000 2039.0404   15.5205
   -7.5000  -37.5000  -45.0000 2169.9968   13.8608
    0.0000  -37.5000  -45.0000 2178.8948   13.8264
    7.5000  -37.5000  -45.0000 2161.7581   13.9787
   -7.5000  -30.0000  -45.0000 2274.5264   12.6701
    0.0000  -30.0000  -45.0000 2281.1418   12.6801
    7.5000  -30.0000  -45.0000 2265.2087   12.8083
   -7.5000  -22.5000  -45.0000 2348.2209   11.8843
    0.0000  -22.5000  -45.0000 2357.3105   11.9016
    7.5000  -22.5000  -45.0000 2334.9338   11.9762
   -7.5000  -15.0000  -45.0000 2384.1721   11.3478
    0.0000  -15.0000  -45.0000 2397.4590   11.3650
    7.5000  -15.0000  -45.0000 2371.5728   11.4273
   -7.5000   -7.5000  -45.0000 2400.8071   11.0356
    0.0000   -7.5000  -45.0000 2414.8921   11.0531
    7.5000   -7.5000  -45.0000 2390.6802   11.1275
   -7.5000    0.0000  -45.0000 2402.8926   10.9678
    0.0000    0.0000  -45.0000 2421.3257   10.9622
    7.5000    0.0000  -45.0000 2395.1487   11.0253
   -7.5000    7.5000  -45.0000 2386.4004   11.0910
    0.0000    7.5000  -45.0000 2399.1763   11.0888
    7.5000    7.5000  -45.0000 2378.7795   11.1400
   -7.5000   15.0000  -45.0000 2352.2483   11.4559
    0.0000   15.0000  -45.0000 2370.8269   11.4257
    7.5000   15.0000  -45.0000 2347.2014   11.5091
   -7.5000   22.5000  -45.0000 2305.1887   12.0579
    0.0000   22.5000  -45.0000 2319.9878   12.0053
    7.5000   22.5000  -45.0000 2300.7332   12.1063
   -7.5000   30.0000  -45.0000 2231.4500   12.9229
    0.0000   30.0000  -45.0000 2246.2383   12.8508
    7.5000   30.0000  -45.0000 2226.2263   12.9662
   -7.5000   37.5000  -45.0000 2140.6372   13.9939
    0.0000   37.5000  -45.0000 2156.6113   13.9137
    7.5000   37.5000  -45.0000 2135.3914   14.0716
   -7.5000   45.0000  -45.0000 2027.1667   15.4461
    0.0000   45.0000  -45.0000 2043.8414   15.3730
    7.5000   45.0000  -45.0000 2021.2396   15.5288
   -7.5000  -45.0000  -37.5000 2121.4937   14.3665
    0.0000  -45.0000  -37.5000 2129.0083   14.3460
    7.5000  -45.0000  -37.5000 2111.7097   14.5260
   -7.5000  -37.5000  -37.5000 2243.5266   12.9565
    0.0000  -37.5000  -37.5000 2252.2136   12.9124
    7.5000  -37.5000  -37.5000 2234.3984   13.0662
   -7.5000  -30.0000  -37.5000 2348.2727   11.8340
    0.0000  -30.0000  -37.5000 2360.1863   11.8137
    7.5000  -30.0000  -37.5000 2338.9922   11.9019
   -7.5000  -22.5000  -37.5000 2429.7490   11.0449
    0.0000  -22.5000  -37.5000 2441.9832   11.0113
    7.5000  -22.5000  -37.5000 2419.9521   11.0680
   -7.5000  -15.0000  -37.5000 2470.7654   10.5412
    0.0000  -15.0000  -37.5000 2485.7930   10.5272
    7.5000  -15.0000  -37.5000 2460.8613   10.5715
   -7.5000   -7.5000  -37.5000 2496.4480   10.2246
    0.0000   -7.5000  -37.5000 2509.8101   10.2231
    7.5000   -7.5000  -37.5000 2485.7463   10.2859
   -7.5000    0.0000  -37.5000 2506.2151   10.1573
    0.0000    0.0000  -37.5000 2524.9753   10.1442
    7.5000    0.0000  -37.5000 2497.3933   10.1956
   -7.5000    7.5000  -37.5000 2492.8071   10.2905
    0.0000    7.5000  -37.5000 2509.0466   10.2758
    7.5000    7.5000  -37.5000 2485.1160   10.3209
   -7.5000   15.0000  -37.5000 2455.5330   10.6338
    0.0000   15.0000  -37.5000 2474.6357   10.6059
    7.5000   15.0000  -37.5000 2449.4282   10.6654
   -7.5000   22.5000  -37.5000 2400.5610   11.1991
    0.0000   22.5000  -37.5000 2421.6299   11.1727
    7.5000   22.5000  -37.5000 2396.7498   11.2220
   -7.5000   30.0000  -37.5000 2320.6541   11.9875
    0.0000   30.0000  -37.5000 2340.1660   11.9491
    7.5000   30.0000  -37.5000 2317.1543   12.0221
   -7.5000   37.5000  -37.5000 2221.0291   12.9957
    0.0000   37.5000  -37.5000 2238.7759   12.9374
    7.5000   37.5000  -37.5000 2220.1455   13.0292
   -7.5000   45.0000  -37.5000 2096.6682   14.3729
    0.0000   45.0000  -37.5000 2112.8245   14.2889
    7.5000   45.0000  -37.5000 2097.0247   14.3889
   -7.5000  -45.0000  -30.0000 2221.2842   13.9846
    0.0000  -45.0000  -30.0000 2233.1521   13.9335
    7.5000  -45.0000  -30.0000 2213.3142   14.1072
   -7.5000  -37.5000  -30.0000 2347.7542   12.5520
    0.0000  -37.5000  -30.0000 2364.2791   12.4922
    7.5000  -37.5000  -30.0000 2340.8789   12.6424
   -7.5000  -30.0000  -30.0000 2460.6799   11.4487
    0.0000  -30.0000  -30.0000 2473.9373   11.4005
    7.5000  -30.0000  -30.0000 2450.0984   11.4921
   -7.5000  -22.5000  -30.0000 2547.0527   10.6190
    0.0000  -22.5000  -30.0000 2564.2971   10.5925
    7.5000  -22.5000  -30.0000 2540.6794   10.6483
   -7.5000  -15.0000  -30.0000 2602.1562   10.1004
    0.0000  -15.0000  -30.0000 2618.9226   10.0584
    7.5000  -15.0000  -30.0000 2591.5513   10.1235
   -7.5000   -7.5000  -30.0000 2636.5847    9.8002
    0.0000   -7.5000  -30.0000 2653.4048    9.7702
    7.5000   -7.5000  -30.0000 2627.8660    9.8333
   -7.5000    0.0000  -30.0000 2656.4121    9.7229
    0.0000    0.0000  -30.0000 2678.9397    9.6973
    7.5000    0.0000  -30.0000 2649.5618    9.7408
   -7.5000    7.5000  -30.0000 2643.6353    9.9043
    0.0000    7.5000  -30.0000 2665.9712    9.8725
    7.5000    7.5000  -30.0000 2634.8159    9.8963
   -7.5000   15.0000  -30.0000 2606.2419   10.2390
    0.0000   15.0000  -30.0000 2631.0034   10.2172
    7.5000   15.0000  -30.0000 2600.4695   10.2455
   -7.5000   22.5000  -30.0000 2542.8779   10.7783
    0.0000   22.5000  -30.0000 2570.0908   10.7578
    7.5000   22.5000  -30.0000 2541.4404   10.7819
   -7.5000   30.0000  -30.0000 2454.2947   11.5408
    0.0000   30.0000  -30.0000 2476.9976   11.4870
    7.5000   30.0000  -30.0000 2451.7712   11.5432
   -7.5000   37.5000  -30.0000 2340.8674   12.5311
    0.0000   37.5000  -30.0000 2363.1248   12.4754
    7.5000   37.5000  -30.0000 2343.3984   12.5287
   -7.5000   45.0000  -30.0000 2204.0632   13.8552
    0.0000   45.0000  -30.0000 2222.6140   13.7854
    7.5000   45.0000  -30.0000 2209.4172   13.8798
   -7.5000  -45.0000  -22.5000 2289.9182   13.5180
    0.0000  -45.0000  -22.5000 2305.8396   13.4386
    7.5000  -45.0000  -22.5000 2282.4434   13.6135
   -7.5000  -37.5000  -22.5000 2419.9956   12.1016
    0.0000  -37.5000  -22.5000 2434.6558   12.0542
    7.5000  -37.5000  -22.5000 2412.7119   12.1881
   -7.5000  -30.0000  -22.5000 2538.6011   11.0091
    0.0000  -30.0000  -22.5000 2552.9509   10.9476
    7.5000  -30.0000  -22.5000 2529.5347   11.0714
   -7.5000  -22.5000  -22.5000 2638.4719   10.1733
    0.0000  -22.5000  -22.5000 2654.3025   10.1234
    7.5000  -22.5000  -22.5000 2627.9968   10.2197
   -7.5000  -15.0000  -22.5000 2705.8699    9.6177
    0.0000  -15.0000  -22.5000 2722.4836    9.5686
    7.5000  -15.0000  -22.5000 2695.6655    9.6576
   -7.5000   -7.5000  -22.5000 2751.3770    9.3283
    0.0000   -7.5000  -22.5000 2770.9072    9.2816
    7.5000   -7.5000  -22.5000 2739.3440    9.3545
   -7.5000    0.0000  -22.5000 2780.8809    9.2471
    0.0000    0.0000  -22.5000 2802.7908    9.2136
    7.5000    0.0000  -22.5000 2771.5029    9.2661
   -7.5000    7.5000  -22.5000 2766.7878    9.4324
    0.0000    7.5000  -22.5000 2799.4214    9.4172
    7.5000    7.5000  -22.5000 2764.3469    9.4371
   -7.5000   15.0000  -22.5000 2727.4756    9.7669
    0.0000   15.0000  -22.5000 2757.7422    9.7565
    7.5000   15.0000  -22.5000 2725.3748    9.7893
   -7.5000   22.5000  -22.5000 2657.0991   10.3038
    0.0000   22.5000  -22.5000 2681.6689   10.2780
    7.5000   22.5000  -22.5000 2655.9722   10.3184
   -7.5000   30.0000  -22.5000 2560.3586   11.0235
    0.0000   30.0000  -22.5000 2579.1858   10.9928
    7.5000   30.0000  -22.5000 2557.1968   11.0555
   -7.5000   37.5000  -22.5000 2434.1538   12.0247
    0.0000   37.5000  -22.5000 2457.5378   11.9792
    7.5000   37.5000  -22.5000 2432.6655   12.0243
   -7.5000   45.0000  -22.5000 2290.2832   13.3246
    0.0000   45.0000  -22.5000 2312.4478   13.2843
    7.5000   45.0000  -22.5000 2290.5491   13.3428
   -7.5000  -45.0000  -15.0000 2324.0583   13.1369
    0.0000  -45.0000  -15.0000 2336.5208   13.0803
    7.5000  -45.0000  -15.0000 2315.5325   13.2461
   -7.5000  -37.5000  -15.0000 2456.3577   11.7335
    0.0000  -37.5000  -15.0000 2469.0229   11.6751
    7.5000  -37.5000  -15.0000 2449.5037   11.8336
   -7.5000  -30.0000  -15.0000 2579.0439   10.6514
    0.0000  -30.0000  -15.0000 2595.3333   10.5922
    7.5000  -30.0000  -15.0000 2574.1965   10.7213
   -7.5000  -22.5000  -15.0000 2690.5789    9.8155
    0.0000  -22.5000  -15.0000 2709.5432    9.7593
    7.5000  -22.5000  -15.0000 2683.5593    9.8733
   -7.5000  -15.0000  -15.0000 2778.5740    9.2636
    0.0000  -15.0000  -15.0000 2796.2974    9.1940
    7.5000  -15.0000  -15.0000 2768.7349    9.3020
   -7.5000   -7.5000  -15.0000 2842.1919    8.9339
    0.0000   -7.5000  -15.0000 2864.6069    8.8593
    7.5000   -7.5000  -15.0000 2829.5654    8.9554
   -7.5000    0.0000  -15.0000 2877.8479    8.8431
    0.0000    0.0000  -15.0000 2904.8550    8.7951
    7.5000    0.0000  -15.0000 2867.9854    8.8826
   -7.5000    7.5000  -15.0000 2864.7935    9.0182
    0.0000    7.5000  -15.0000 2901.0046    8.9875
    7.5000    7.5000  -15.0000 2869.1414    9.0323
   -7.5000   15.0000  -15.0000 2816.2014    9.3473
    0.0000   15.0000  -15.0000 2846.0942    9.3203
    7.5000   15.0000  -15.0000 2820.0569    9.3770
   -7.5000   22.5000  -15.0000 2732.4412    9.8628
    0.0000   22.5000  -15.0000 2760.3984    9.8232
    7.5000   22.5000  -15.0000 2737.7341    9.8799
   -7.5000   30.0000  -15.0000 2621.8047   10.6104
    0.0000   30.0000  -15.0000 2644.0498   10.5655
    7.5000   30.0000  -15.0000 2622.3457   10.6489
   -7.5000   37.5000  -15.0000 2489.8245   11.6034
    0.0000   37.5000  -15.0000 2510.0364   11.5562
    7.5000   37.5000  -15.0000 2485.1587   11.6367
   -7.5000   45.0000  -15.0000 2344.4487   12.8892
    0.0000   45.0000  -15.0000 2361.6562   12.8354
    7.5000   45.0000  -15.0000 2342.4358   12.9138
   -7.5000  -45.0000   -7.5000 2338.3315   12.8977
    0.0000  -45.0000   -7.5000 2354.0107   12.8127
    7.5000  -45.0000   -7.5000 2334.6921   12.9875
   -7.5000  -37.5000   -7.5000 2469.4922   11.4739
    0.0000  -37.5000   -7.5000 2485.3276   11.3911
    7.5000  -37.5000   -7.5000 2466.9773   11.5604
   -7.5000  -30.0000   -7.5000 2595.2212   10.3881
    0.0000  -30.0000   -7.5000 2612.7546   10.3094
    7.5000  -30.0000   -7.5000 2591.9160   10.4427
   -7.5000  -22.5000   -7.5000 2713.2278    9.5762
    0.0000  -22.5000   -7.5000 2734.1978    9.4768
    7.5000  -22.5000   -7.5000 2710.9067    9.5976
   -7.5000  -15.0000   -7.5000 2816.5281    9.0276
    0.0000  -15.0000   -7.5000 2839.8604    8.9191
    7.5000  -15.0000   -7.5000 2814.1863    9.0271
   -7.5000   -7.5000   -7.5000 2902.5105    8.6681
    0.0000   -7.5000   -7.5000 2933.8384    8.5790
    7.5000   -7.5000   -7.5000 2893.6685    8.6904
   -7.5000    0.0000   -7.5000 2949.7129    8.5387
    0.0000    0.0000   -7.5000 2988.4028    8.4455
    7.5000    0.0000   -7.5000 2945.8848    8.5859
   -7.5000    7.5000   -7.5000 2940.0032    8.7029
    0.0000    7.5000   -7.5000 2980.2192    8.6319
    7.5000    7.5000   -7.5000 2947.1616    8.7324
   -7.5000   15.0000   -7.5000 2871.2671    9.0494
    0.0000   15.0000   -7.5000 2906.4304    8.9802
    7.5000   15.0000   -7.5000 2880.4819    9.0787
   -7.5000   22.5000   -7.5000 2778.4146    9.5513
    0.0000   22.5000   -7.5000 2806.8511    9.4685
    7.5000   22.5000   -7.5000 2784.6699    9.5956
   -7.5000   30.0000   -7.5000 2657.2810   10.3197
    0.0000   30.0000   -7.5000 2682.2400   10.2316
    7.5000   30.0000   -7.5000 2660.0027   10.3633
   -7.5000   37.5000   -7.5000 2521.6335   11.3201
    0.0000   37.5000   -7.5000 2539.5811   11.2527
    7.5000   37.5000   -7.5000 2518.9619   11.3638
   -7.5000   45.0000   -7.5000 2368.7449   12.5747
    0.0000   45.0000   -7.5000 2388.3611   12.5166
    7.5000   45.0000   -7.5000 2367.9001   12.6241
   -7.5000  -45.0000    0.0000 2342.6531   12.8232
    0.0000  -45.0000    0.0000 2359.7432   12.6504
    7.5000  -45.0000    0.0000 2343.7375   12.8216
   -7.5000  -37.5000    0.0000 2469.2458   11.4007
    0.0000  -37.5000    0.0000 2487.0828   11.2525
    7.5000  -37.5000    0.0000 2469.3086   11.3933
   -7.5000  -30.0000    0.0000 2590.5791   10.3089
    0.0000  -30.0000    0.0000 2614.2595   10.1688
    7.5000  -30.0000    0.0000 2592.5400   10.3007
   -7.5000  -22.5000    0.0000 2717.7190    9.4644
    0.0000  -22.5000    0.0000 2740.0823    9.3189
    7.5000  -22.5000    0.0000 2715.6475    9.4690
   -7.5000  -15.0000    0.0000 2826.8877    8.8955
    0.0000  -15.0000    0.0000 2853.6716    8.7493
    7.5000  -15.0000    0.0000 2825.2898    8.8845
   -7.5000   -7.5000    0.0000 2924.2969    8.5520
    0.0000   -7.5000    0.0000 2970.4360    8.4260
    7.5000   -7.5000    0.0000 2925.7324    8.5503
   -7.5000    0.0000    0.0000 2980.7273    8.4258
    0.0000    0.0000    0.0000 3033.4380    8.2366
    7.5000    0.0000    0.0000 2987.3662    8.4440
   -7.5000    7.5000    0.0000 2974.9475    8.5794
    0.0000    7.5000    0.0000 3029.2214    8.4028
    7.5000    7.5000    0.0000 2987.5654    8.5969
   -7.5000   15.0000    0.0000 2893.0952    8.9366
    0.0000   15.0000    0.0000 2937.2854    8.8211
    7.5000   15.0000    0.0000 2907.4233    8.9573
   -7.5000   22.5000    0.0000 2793.0813    9.4388
    0.0000   22.5000    0.0000 2819.8413    9.3327
    7.5000   22.5000    0.0000 2799.1663    9.4519
   -7.5000   30.0000    0.0000 2664.0908   10.1746
    0.0000   30.0000    0.0000 2687.0640   10.0874
    7.5000   30.0000    0.0000 2669.7683   10.1839
   -7.5000   37.5000    0.0000 2525.6917   11.1625
    0.0000   37.5000    0.0000 2543.9092   11.0862
    7.5000   37.5000    0.0000 2524.8550   11.1760
   -7.5000   45.0000    0.0000 2367.3689   12.3899
    0.0000   45.0000    0.0000 2389.4153   12.3458
    7.5000   45.0000    0.0000 2371.0559   12.4341
   -7.5000  -45.0000    7.5000 2334.7117   12.9007
    0.0000  -45.0000    7.5000 2358.5149   12.7118
    7.5000  -45.0000    7.5000 2341.8782   12.8509
   -7.5000  -37.5000    7.5000 2463.5010   11.4809
    0.0000  -37.5000    7.5000 2488.0178   11.2810
    7.5000  -37.5000    7.5000 2467.2170   11.4149
   -7.5000  -30.0000    7.5000 2582.2703   10.3554
    0.0000  -30.0000    7.5000 2607.6970   10.1631
    7.5000  -30.0000    7.5000 2588.2134   10.3124
   -7.5000  -22.5000    7.5000 2703.4670    9.5174
    0.0000  -22.5000    7.5000 2731.5999    9.3168
    7.5000  -22.5000    7.5000 2709.0957    9.4855
   -7.5000  -15.0000    7.5000 2814.9622    8.9153
    0.0000  -15.0000    7.5000 2841.7407    8.7370
    7.5000  -15.0000    7.5000 2815.8145    8.8942
   -7.5000   -7.5000    7.5000 2913.8865    8.5675
    0.0000   -7.5000    7.5000 2957.8416    8.3727
    7.5000   -7.5000    7.5000 2919.1077    8.5531
   -7.5000    0.0000    7.5000 2965.8708    8.4868
    0.0000    0.0000    7.5000 3014.5991    8.3034
    7.5000    0.0000    7.5000 2973.6382    8.4677
   -7.5000    7.5000    7.5000 2957.9177    8.6374
    0.0000    7.5000    7.5000 3010.7051    8.5217
    7.5000    7.5000    7.5000 2973.4456    8.6244
   -7.5000   15.0000    7.5000 2882.3281    8.9714
    0.0000   15.0000    7.5000 2925.0645    8.8854
    7.5000   15.0000    7.5000 2896.4927    8.9696
   -7.5000   22.5000    7.5000 2777.4353    9.4858
    0.0000   22.5000    7.5000 2805.4395    9.3926
    7.5000   22.5000    7.5000 2784.4294    9.4724
   -7.5000   30.0000    7.5000 2648.9407   10.1973
    0.0000   30.0000    7.5000 2670.5049   10.1031
    7.5000   30.0000    7.5000 2657.0745   10.1734
   -7.5000   37.5000    7.5000 2514.7629   11.1531
    0.0000   37.5000    7.5000 2533.6440   11.0616
    7.5000   37.5000    7.5000 2519.5469   11.1362
   -7.5000   45.0000    7.5000 2358.3606   12.3406
    0.0000   45.0000    7.5000 2375.0200   12.2684
    7.5000   45.0000    7.5000 2365.2485   12.3504
   -7.5000  -45.0000   15.0000 2319.1052   13.1118
    0.0000  -45.0000   15.0000 2340.3948   12.8764
    7.5000  -45.0000   15.0000 2327.4832   13.0336
   -7.5000  -37.5000   15.0000 2446.3467   11.6696
    0.0000  -37.5000   15.0000 2472.2207   11.4569
    7.5000  -37.5000   15.0000 2453.9795   11.5859
   -7.5000  -30.0000   15.0000 2559.0142   10.5652
    0.0000  -30.0000   15.0000 2585.6406   10.3756
    7.5000  -30.0000   15.0000 2566.3164   10.4986
   -7.5000  -22.5000   15.0000 2679.7139    9.7520
    0.0000  -22.5000   15.0000 2707.1968    9.5758
    7.5000  -22.5000   15.0000 2682.3257    9.7069
   -7.5000  -15.0000   15.0000 2785.9575    9.1696
    0.0000  -15.0000   15.0000 2811.8530    9.0100
    7.5000  -15.0000   15.0000 2786.1855    9.1399
   -7.5000   -7.5000   15.0000 2871.5806    8.8157
    0.0000   -7.5000   15.0000 2909.8157    8.6147
    7.5000   -7.5000   15.0000 2874.1331    8.7726
   -7.5000    0.0000   15.0000 2913.5803    8.7234
    0.0000    0.0000   15.0000 2951.7830    8.5622
    7.5000    0.0000   15.0000 2921.3257    8.6756
   -7.5000    7.5000   15.0000 2902.6079    8.8437
    0.0000    7.5000   15.0000 2943.0056    8.7250
    7.5000    7.5000   15.0000 2915.2383    8.8152
   -7.5000   15.0000   15.0000 2833.4504    9.1781
    0.0000   15.0000   15.0000 2869.8381    9.0777
    7.5000   15.0000   15.0000 2848.0225    9.1579
   -7.5000   22.5000   15.0000 2726.3127    9.7139
    0.0000   22.5000   15.0000 2754.4626    9.6260
    7.5000   22.5000   15.0000 2738.5229    9.6883
   -7.5000   30.0000   15.0000 2606.4951   10.3949
    0.0000   30.0000   15.0000 2629.2478   10.3210
    7.5000   30.0000   15.0000 2614.2371   10.3782
   -7.5000   37.5000   15.0000 2478.9058   11.3105
    0.0000   37.5000   15.0000 2503.7219   11.2349
    7.5000   37.5000   15.0000 2488.7083   11.2876
   -7.5000   45.0000   15.0000 2331.5625   12.4793
    0.0000   45.0000   15.0000 2349.1724   12.4115
    7.5000   45.0000   15.0000 2337.0581   12.4409
   -7.5000  -45.0000   22.5000 2289.2849   13.5380
    0.0000  -45.0000   22.5000 2305.8577   13.3163
    7.5000  -45.0000   22.5000 2293.9072   13.4100
   -7.5000  -37.5000   22.5000 2416.9900   12.0878
    0.0000  -37.5000   22.5000 2441.3049   11.8796
    7.5000  -37.5000   22.5000 2423.7910   11.9770
   -7.5000  -30.0000   22.5000 2532.2502   11.0148
    0.0000  -30.0000   22.5000 2558.5505   10.8046
    7.5000  -30.0000   22.5000 2539.7061   10.9204
   -7.5000  -22.5000   22.5000 2646.3479   10.2000
    0.0000  -22.5000   22.5000 2673.9907   10.0036
    7.5000  -22.5000   22.5000 2653.5303   10.1224
   -7.5000  -15.0000   22.5000 2740.4199    9.6340
    0.0000  -15.0000   22.5000 2771.6504    9.4145
    7.5000  -15.0000   22.5000 2749.7847    9.5463
   -7.5000   -7.5000   22.5000 2805.2769    9.2381
    0.0000   -7.5000   22.5000 2842.7173    9.0425
    7.5000   -7.5000   22.5000 2812.1824    9.1796
   -7.5000    0.0000   22.5000 2841.7966    9.1194
    0.0000    0.0000   22.5000 2872.4341    8.9652
    7.5000    0.0000   22.5000 2847.9729    9.0742
   -7.5000    7.5000   22.5000 2825.3047    9.2196
    0.0000    7.5000   22.5000 2854.6614    9.0947
    7.5000    7.5000   22.5000 2831.6289    9.2016
   -7.5000   15.0000   22.5000 2760.9065    9.5551
    0.0000   15.0000   22.5000 2789.1797    9.4263
    7.5000   15.0000   22.5000 2771.9990    9.5360
   -7.5000   22.5000   22.5000 2664.4106   10.1013
    0.0000   22.5000   22.5000 2688.5979    9.9842
    7.5000   22.5000   22.5000 2676.5144   10.0588
   -7.5000   30.0000   22.5000 2549.4673   10.8024
    0.0000   30.0000   22.5000 2575.2197   10.6897
    7.5000   30.0000   22.5000 2561.8738   10.7553
   -7.5000   37.5000   22.5000 2431.1431   11.6761
    0.0000   37.5000   22.5000 2454.0308   11.5734
    7.5000   37.5000   22.5000 2441.1345   11.6359
   -7.5000   45.0000   22.5000 2288.9778   12.7802
    0.0000   45.0000   22.5000 2306.7117   12.6868
    7.5000   45.0000   22.5000 2294.1218   12.7171
   -7.5000  -45.0000   30.0000 2242.6555   14.2575
    0.0000  -45.0000   30.0000 2259.0916   13.9951
    7.5000  -45.0000   30.0000 2248.0886   14.0615
   -7.5000  -37.5000   30.0000 2371.6416   12.7237
    0.0000  -37.5000   30.0000 2396.5742   12.4999
    7.5000  -37.5000   30.0000 2383.2351   12.5694
   -7.5000  -30.0000   30.0000 2485.1084   11.6101
    0.0000  -30.0000   30.0000 2513.5671   11.3832
    7.5000  -30.0000   30.0000 2498.7480   11.4790
   -7.5000  -22.5000   30.0000 2593.7607   10.7964
    0.0000  -22.5000   30.0000 2625.0764   10.5792
    7.5000  -22.5000   30.0000 2608.1890   10.6728
   -7.5000  -15.0000   30.0000 2678.0461   10.2110
    0.0000  -15.0000   30.0000 2717.0708    9.9861
    7.5000  -15.0000   30.0000 2692.3196   10.1128
   -7.5000   -7.5000   30.0000 2728.9067    9.8126
    0.0000   -7.5000   30.0000 2765.6316    9.6287
    7.5000   -7.5000   30.0000 2739.4238    9.7593
   -7.5000    0.0000   30.0000 2753.6003    9.6816
    0.0000    0.0000   30.0000 2785.1924    9.5234
    7.5000    0.0000   30.0000 2762.8555    9.6291
   -7.5000    7.5000   30.0000 2734.7083    9.7447
    0.0000    7.5000   30.0000 2760.7812    9.6074
    7.5000    7.5000   30.0000 2744.0005    9.7002
   -7.5000   15.0000   30.0000 2672.2742   10.0779
    0.0000   15.0000   30.0000 2696.0249    9.9506
    7.5000   15.0000   30.0000 2680.6143   10.0522
   -7.5000   22.5000   30.0000 2589.3594   10.5997
    0.0000   22.5000   30.0000 2610.9260   10.4886
    7.5000   22.5000   30.0000 2594.4529   10.5785
   -7.5000   30.0000   30.0000 2483.2000   11.2859
    0.0000   30.0000   30.0000 2503.6584   11.1861
    7.5000   30.0000   30.0000 2488.5122   11.2758
   -7.5000   37.5000   30.0000 2366.1653   12.1561
    0.0000   37.5000   30.0000 2384.6428   12.0577
    7.5000   37.5000   30.0000 2373.1064   12.1374
   -7.5000   45.0000   30.0000 2229.9670   13.2676
    0.0000   45.0000   30.0000 2250.5044   13.1764
    7.5000   45.0000   30.0000 2236.0835   13.2130
   -7.5000  -45.0000   37.5000 2192.8669   15.1243
    0.0000  -45.0000   37.5000 2212.8093   14.8260
    7.5000  -45.0000   37.5000 2204.3203   14.8845
   -7.5000  -37.5000   37.5000 2318.6113   13.5220
    0.0000  -37.5000   37.5000 2346.1038   13.2763
    7.5000  -37.5000   37.5000 2335.8220   13.3313
   -7.5000  -30.0000   37.5000 2426.5835   12.3707
    0.0000  -30.0000   37.5000 2458.5881   12.1521
    7.5000  -30.0000   37.5000 2444.7974   12.2127
   -7.5000  -22.5000   37.5000 2525.6362   11.5414
    0.0000  -22.5000   37.5000 2558.6174   11.3037
    7.5000  -22.5000   37.5000 2541.7910   11.3960
   -7.5000  -15.0000   37.5000 2602.8047   10.9450
    0.0000  -15.0000   37.5000 2639.9429   10.7152
    7.5000  -15.0000   37.5000 2616.7534   10.8184
   -7.5000   -7.5000   37.5000 2651.6497   10.5295
    0.0000   -7.5000   37.5000 2684.4822   10.3509
    7.5000   -7.5000   37.5000 2662.3936   10.4511
   -7.5000    0.0000   37.5000 2659.7517   10.3790
    0.0000    0.0000   37.5000 2689.3306   10.2242
    7.5000    0.0000   37.5000 2671.0750   10.3048
   -7.5000    7.5000   37.5000 2638.1140   10.4099
    0.0000    7.5000   37.5000 2660.4419   10.2778
    7.5000    7.5000   37.5000 2651.0898   10.3612
   -7.5000   15.0000   37.5000 2582.6123   10.7472
    0.0000   15.0000   37.5000 2609.6504   10.6086
    7.5000   15.0000   37.5000 2592.9060   10.7017
   -7.5000   22.5000   37.5000 2506.2339   11.2324
    0.0000   22.5000   37.5000 2533.5852   11.1132
    7.5000   22.5000   37.5000 2517.1541   11.1996
   -7.5000   30.0000   37.5000 2412.0117   11.9298
    0.0000   30.0000   37.5000 2431.2581   11.8258
    7.5000   30.0000   37.5000 2415.5156   11.8960
   -7.5000   37.5000   37.5000 2297.4424   12.8104
    0.0000   37.5000   37.5000 2314.0732   12.7167
    7.5000   37.5000   37.5000 2301.2261   12.7808
   -7.5000   45.0000   37.5000 2163.6760   13.9666
    0.0000   45.0000   37.5000 2186.7551   13.8773
    7.5000   45.0000   37.5000 2168.5618   13.9162
   -7.5000  -45.0000   45.0000 2130.9382   16.2203
    0.0000  -45.0000   45.0000 2150.7178   15.8621
    7.5000  -45.0000   45.0000 2142.6152   15.9456
   -7.5000  -37.5000   45.0000 2253.2178   14.5297
    0.0000  -37.5000   45.0000 2278.5842   14.2571
    7.5000  -37.5000   45.0000 2270.3267   14.3020
   -7.5000  -30.0000   45.0000 2355.0750   13.3082
    0.0000  -30.0000   45.0000 2385.9048   13.0917
    7.5000  -30.0000   45.0000 2376.9534   13.1335
   -7.5000  -22.5000   45.0000 2447.4487   12.4560
    0.0000  -22.5000   45.0000 2480.0154   12.2229
    7.5000  -22.5000   45.0000 2466.7812   12.2866
   -7.5000  -15.0000   45.0000 2511.9336   11.8100
    0.0000  -15.0000   45.0000 2542.8967   11.6002
    7.5000  -15.0000   45.0000 2524.6292   11.6730
   -7.5000   -7.5000   45.0000 2554.9998   11.3812
    0.0000   -7.5000   45.0000 2581.1921   11.1967
    7.5000   -7.5000   45.0000 2566.9993   11.2797
   -7.5000    0.0000   45.0000 2557.6968   11.1934
    0.0000    0.0000   45.0000 2584.2854   11.0341
    7.5000    0.0000   45.0000 2569.8262   11.0960
   -7.5000    7.5000   45.0000 2538.2654   11.2233
    0.0000    7.5000   45.0000 2558.6899   11.1007
    7.5000    7.5000   45.0000 2548.1023   11.1594
   -7.5000   15.0000   45.0000 2483.0337   11.5553
    0.0000   15.0000   45.0000 2508.1216   11.4262
    7.5000   15.0000   45.0000 2495.2280   11.4933
   -7.5000   22.5000   45.0000 2416.8857   12.0429
    0.0000   22.5000   45.0000 2445.0728   11.9039
    7.5000   22.5000   45.0000 2431.5437   11.9663
   -7.5000   30.0000   45.0000 2327.5457   12.7154
    0.0000   30.0000   45.0000 2351.9363   12.5929
    7.5000   30.0000   45.0000 2338.2053   12.6405
   -7.5000   37.5000   45.0000 2219.5681   13.6033
    0.0000   37.5000   45.0000 2240.7480   13.5072
    7.5000   37.5000   45.0000 2229.3901   13.5402
   -7.5000   45.0000   45.0000 2094.2935   14.8315
    0.0000   45.0000   45.0000 2116.6191   14.7280
    7.5000   45.0000   45.0000 2103.6121   14.7499

---------------------------------------------------------------------
imgreg_4dfp /opt/freesurfer/average/711-2C_as_mni_average_305 /opt/freesurfer/average/711-2B_as_mni_average_305_mask talsrcimg_g11 none talsrcimg_to_711-2C_as_mni_average_305_t4 1283
---------------------------------------------------------------------

freesurfer imgreg_4dfp.c
/opt/freesurfer/average/711-2C_as_mni_average_305.4dfp.img
       256       256       256         1
  1.000000  1.000000  1.000000
orientation T byte_order littleendian
Reading image: /opt/freesurfer/average/711-2C_as_mni_average_305.4dfp.img
dimensions:      256       256       256
mmppix:       1.0000   -1.0000   -1.0000
center:     128.0000 -129.0000 -129.0000
/opt/freesurfer/average/711-2B_as_mni_average_305_mask.4dfp.img
       256       256       256         1
  1.000000  1.000000  1.000000
orientation T byte_order littleendian
Reading mask: /opt/freesurfer/average/711-2B_as_mni_average_305_mask.4dfp.img (2306576 pixels)
talsrcimg_g11.4dfp.img
       256       256       256         1
  1.000000  1.000000  1.000000
orientation T byte_order littleendian
Reading image: talsrcimg_g11.4dfp.img
dimensions:      256       256       256
mmppix:       1.0000   -1.0000   -1.0000
center:     128.0000 -129.0000 -129.0000
rotation matrix determinant  1.000000
fimgreg.f
image alignment mode   1283 decimal      503 hex
parameters
    0.0000    0.0000    0.0000    0.0000    0.0000    0.0000
eta,q 0.95306  8.18609
niter,ni,del,rscale     5    3   12.0000    1.2000
parameters
    0.4042    2.2018    1.1652   -0.0830   -0.8272    0.2291
eta,q 0.95535  8.09925
  0.0598  0.0616  0.0553  0.0497  0.0481  0.0486
  0.0531  0.0549  0.0518  0.0458  0.0462  0.0465
  0.0482  0.0489  0.0475  0.0441  0.0450  0.0450
  0.0460  0.0456  0.0447  0.0446  0.0446  0.0446
  0.0468  0.0449  0.0452  0.0448  0.0456  0.0451
  0.0509  0.0458  0.0471  0.0463  0.0476  0.0460
  0.0567  0.0482  0.0501  0.0496  0.0511  0.0480
niter,ni,del,rscale     4    3   12.0000    1.2000
parameters
    0.7674    2.5578    1.1926   -0.4891   -1.2318    0.5279
eta,q 0.95559  8.12414
  0.0562  0.0541  0.0527  0.0490  0.0485  0.0484
  0.0509  0.0479  0.0484  0.0450  0.0461  0.0463
  0.0467  0.0451  0.0450  0.0438  0.0447  0.0448
  0.0446  0.0446  0.0445  0.0445  0.0444  0.0444
  0.0450  0.0455  0.0461  0.0452  0.0451  0.0446
  0.0482  0.0477  0.0485  0.0466  0.0468  0.0456
  0.0545  0.0511  0.0520  0.0496  0.0499  0.0477
niter,ni,del,rscale     3    3   12.0000    1.2000
parameters
    0.9234    2.8435    1.0619   -0.8773   -1.3948    0.6005
eta,q 0.95590  8.13963
  0.0555  0.0538  0.0521  0.0489  0.0488  0.0478
  0.0506  0.0479  0.0477  0.0449  0.0460  0.0457
  0.0463  0.0451  0.0447  0.0435  0.0444  0.0444
  0.0444  0.0444  0.0444  0.0444  0.0441  0.0441
  0.0451  0.0455  0.0461  0.0453  0.0447  0.0444
  0.0487  0.0478  0.0486  0.0465  0.0463  0.0454
  0.0554  0.0514  0.0520  0.0493  0.0494  0.0477
niter,ni,del,rscale     2    3   12.0000    1.2000
parameters
    0.9837    3.0885    0.9576   -1.2317   -1.4088    0.5174
eta,q 0.95614  8.14895
  0.0554  0.0536  0.0519  0.0489  0.0490  0.0473
  0.0502  0.0480  0.0476  0.0449  0.0460  0.0453
  0.0459  0.0450  0.0445  0.0432  0.0442  0.0441
  0.0441  0.0441  0.0441  0.0441  0.0439  0.0439
  0.0451  0.0454  0.0459  0.0453  0.0444  0.0442
  0.0489  0.0477  0.0485  0.0465  0.0460  0.0453
  0.0558  0.0516  0.0517  0.0490  0.0490  0.0477
niter,ni,del,rscale     1    3   12.0000    1.2000
parameters
    0.9811    3.3163    0.8848   -1.6005   -1.3245    0.3648
eta,q 0.95637  8.15431
  0.0552  0.0535  0.0519  0.0488  0.0491  0.0471
  0.0499  0.0481  0.0475  0.0449  0.0459  0.0449
  0.0454  0.0448  0.0445  0.0431  0.0440  0.0438
  0.0439  0.0439  0.0439  0.0439  0.0436  0.0436
  0.0450  0.0452  0.0457  0.0453  0.0442  0.0440
  0.0490  0.0476  0.0483  0.0466  0.0457  0.0451
  0.0559  0.0517  0.0515  0.0488  0.0487  0.0475
registration optimization eta report
parameter search radius
    6.0000    6.0000    6.0000    6.0000    6.0000    6.0000
100000*second partial in parameter space
       32.       24.       21.       14.       15.       10.
  0.0552  0.0535  0.0519  0.0488  0.0491  0.0471
  0.0499  0.0481  0.0475  0.0449  0.0459  0.0449
  0.0454  0.0448  0.0445  0.0431  0.0440  0.0438
  0.0439  0.0439  0.0439  0.0439  0.0436  0.0436
  0.0450  0.0452  0.0457  0.0453  0.0442  0.0440
  0.0490  0.0476  0.0483  0.0466  0.0457  0.0451
  0.0559  0.0517  0.0515  0.0488  0.0487  0.0475
    0.9811    3.3163    0.8848   -1.6005   -1.3245    0.3648
eta,q 0.95637  8.15431

---------------------------------------------------------------------
imgreg_4dfp /opt/freesurfer/average/711-2C_as_mni_average_305 /opt/freesurfer/average/711-2B_as_mni_average_305_mask talsrcimg_g11 none talsrcimg_to_711-2C_as_mni_average_305_t4 3335
---------------------------------------------------------------------

freesurfer imgreg_4dfp.c
/opt/freesurfer/average/711-2C_as_mni_average_305.4dfp.img
       256       256       256         1
  1.000000  1.000000  1.000000
orientation T byte_order littleendian
Reading image: /opt/freesurfer/average/711-2C_as_mni_average_305.4dfp.img
dimensions:      256       256       256
mmppix:       1.0000   -1.0000   -1.0000
center:     128.0000 -129.0000 -129.0000
/opt/freesurfer/average/711-2B_as_mni_average_305_mask.4dfp.img
       256       256       256         1
  1.000000  1.000000  1.000000
orientation T byte_order littleendian
Reading mask: /opt/freesurfer/average/711-2B_as_mni_average_305_mask.4dfp.img (2306576 pixels)
talsrcimg_g11.4dfp.img
       256       256       256         1
  1.000000  1.000000  1.000000
orientation T byte_order littleendian
Reading image: talsrcimg_g11.4dfp.img
dimensions:      256       256       256
mmppix:       1.0000   -1.0000   -1.0000
center:     128.0000 -129.0000 -129.0000
fimgreg.f
image alignment mode   3335 decimal      D07 hex
parameters
    0.9811    3.3163    0.8848   -0.0287   -0.0414   -0.0657
   -0.7010    2.2927    0.6365    2.8076   -2.3114   -2.7922
eta,q 0.95740  8.21629
niter,ni,del,rscale     5    3    5.0000    1.2000
parameter  4  2.248985 ->  0.500000 qaram    1.1500
parameter  5  2.735202 ->  0.500000 qaram    1.1500
parameter  6  1.026586 ->  0.500000 qaram    1.1500
parameter 12  0.599940 ->  0.500000 qaram    1.1500
parameters
    0.7732    4.1091    0.8395   -4.1687   -4.1814   -4.2057
   -1.0870    3.5194    1.7018    1.9709   -2.6459   -6.9322
eta,q 0.97196  7.86692
  0.0441  0.0445  0.0435  0.0353  0.0300  0.0286  0.0309  0.0349  0.0311  0.0311  0.0299  0.0283
  0.0432  0.0436  0.0429  0.0368  0.0319  0.0285  0.0296  0.0321  0.0299  0.0296  0.0291  0.0280
  0.0427  0.0430  0.0425  0.0392  0.0344  0.0298  0.0289  0.0299  0.0290  0.0287  0.0286  0.0281
  0.0426  0.0426  0.0424  0.0424  0.0373  0.0325  0.0287  0.0287  0.0286  0.0285  0.0285  0.0285
  0.0429  0.0424  0.0425  0.0458  0.0405  0.0359  0.0291  0.0287  0.0286  0.0292  0.0287  0.0291
  0.0436  0.0425  0.0429  0.0494  0.0440  0.0396  0.0300  0.0298  0.0290  0.0306  0.0293  0.0300
  0.0448  0.0430  0.0436  0.0534  0.0479  0.0441  0.0314  0.0319  0.0300  0.0326  0.0301  0.0311
niter,ni,del,rscale     7    3    5.0000    1.2000
parameter  4  0.591250 ->  0.500000 qaram    1.3225
parameter  5  1.104604 ->  0.500000 qaram    1.3225
parameters
    0.9176    4.5683    0.4805   -8.9297   -8.9424   -6.0719
   -1.4342    4.1631    2.1771    3.9503   -3.0764   -7.0905
eta,q 0.97627  7.61307
  0.0318  0.0311  0.0295  0.0273  0.0229  0.0263  0.0263  0.0286  0.0264  0.0282  0.0246  0.0251
  0.0299  0.0295  0.0285  0.0266  0.0234  0.0254  0.0250  0.0265  0.0252  0.0263  0.0241  0.0244
  0.0286  0.0285  0.0280  0.0267  0.0245  0.0244  0.0243  0.0249  0.0244  0.0249  0.0238  0.0239
  0.0280  0.0280  0.0280  0.0279  0.0265  0.0236  0.0241  0.0241  0.0240  0.0240  0.0237  0.0237
  0.0283  0.0281  0.0285  0.0307  0.0290  0.0246  0.0245  0.0242  0.0241  0.0237  0.0239  0.0239
  0.0293  0.0285  0.0294  0.0345  0.0323  0.0280  0.0254  0.0253  0.0248  0.0241  0.0243  0.0244
  0.0310  0.0293  0.0308  0.0386  0.0360  0.0320  0.0267  0.0274  0.0259  0.0253  0.0249  0.0253
niter,ni,del,rscale     7    3    5.0000    1.2000
parameters
    1.1825    4.9710   -0.0879   -9.2925  -12.3393   -6.7167
   -1.8259    4.4983    2.4258    5.1251   -2.9697   -7.5388
eta,q 0.97710  7.49787
  0.0275  0.0268  0.0244  0.0270  0.0249  0.0257  0.0252  0.0272  0.0250  0.0265  0.0238  0.0241
  0.0256  0.0253  0.0238  0.0257  0.0233  0.0247  0.0240  0.0251  0.0240  0.0249  0.0233  0.0235
  0.0244  0.0242  0.0235  0.0245  0.0229  0.0238  0.0233  0.0237  0.0233  0.0237  0.0230  0.0230
  0.0237  0.0237  0.0236  0.0235  0.0236  0.0229  0.0231  0.0231  0.0230  0.0230  0.0229  0.0229
  0.0238  0.0236  0.0240  0.0236  0.0251  0.0226  0.0234  0.0233  0.0232  0.0229  0.0230  0.0231
  0.0247  0.0242  0.0248  0.0252  0.0277  0.0246  0.0243  0.0245  0.0238  0.0235  0.0232  0.0236
  0.0262  0.0253  0.0259  0.0287  0.0311  0.0281  0.0257  0.0266  0.0248  0.0249  0.0237  0.0245
niter,ni,del,rscale     6    3    5.0000    1.2000
parameters
    1.2474    5.1858   -0.0865   -8.8991  -12.6657   -6.7062
   -1.9987    4.5382    2.3973    5.4257   -2.8688   -7.8643
eta,q 0.97725  7.50083
  0.0261  0.0260  0.0243  0.0264  0.0270  0.0259  0.0251  0.0267  0.0246  0.0257  0.0236  0.0240
  0.0244  0.0244  0.0235  0.0251  0.0248  0.0248  0.0238  0.0247  0.0236  0.0242  0.0232  0.0233
  0.0233  0.0233  0.0231  0.0239  0.0231  0.0239  0.0230  0.0233  0.0230  0.0232  0.0229  0.0229
  0.0229  0.0229  0.0229  0.0229  0.0228  0.0228  0.0228  0.0228  0.0228  0.0228  0.0228  0.0227
  0.0232  0.0231  0.0230  0.0226  0.0235  0.0223  0.0231  0.0231  0.0230  0.0229  0.0228  0.0229
  0.0242  0.0238  0.0235  0.0238  0.0250  0.0237  0.0240  0.0245  0.0236  0.0238  0.0231  0.0234
  0.0258  0.0250  0.0243  0.0268  0.0277  0.0271  0.0253  0.0268  0.0247  0.0254  0.0236  0.0243
niter,ni,del,rscale     5    3    5.0000    1.2000
parameters
    1.2543    5.2542   -0.1130   -8.8874  -12.7391   -6.6858
   -2.0364    4.5367    2.3586    5.5611   -2.8404   -8.0034
eta,q 0.97727  7.50005
  0.0259  0.0256  0.0242  0.0262  0.0272  0.0259  0.0251  0.0267  0.0246  0.0256  0.0236  0.0240
  0.0242  0.0240  0.0234  0.0249  0.0249  0.0248  0.0238  0.0247  0.0236  0.0241  0.0231  0.0234
  0.0231  0.0230  0.0229  0.0238  0.0232  0.0238  0.0230  0.0233  0.0230  0.0232  0.0228  0.0229
  0.0227  0.0227  0.0228  0.0228  0.0227  0.0227  0.0227  0.0227  0.0227  0.0227  0.0227  0.0227
  0.0231  0.0231  0.0229  0.0226  0.0234  0.0223  0.0230  0.0231  0.0230  0.0229  0.0228  0.0229
  0.0242  0.0239  0.0234  0.0240  0.0248  0.0237  0.0239  0.0245  0.0236  0.0238  0.0231  0.0234
  0.0259  0.0252  0.0242  0.0271  0.0274  0.0271  0.0252  0.0268  0.0247  0.0255  0.0236  0.0242
niter,ni,del,rscale     4    3    5.0000    1.2000
parameters
    1.2555    5.2838   -0.1314   -8.8881  -12.7657   -6.6823
   -2.0416    4.5340    2.3370    5.6185   -2.8340   -8.0637
eta,q 0.97727  7.49953
  0.0258  0.0255  0.0241  0.0262  0.0272  0.0259  0.0251  0.0267  0.0246  0.0255  0.0236  0.0240
  0.0242  0.0239  0.0234  0.0248  0.0249  0.0248  0.0238  0.0247  0.0236  0.0241  0.0231  0.0234
  0.0231  0.0230  0.0229  0.0237  0.0232  0.0238  0.0230  0.0233  0.0230  0.0231  0.0228  0.0229
  0.0227  0.0227  0.0227  0.0227  0.0227  0.0227  0.0227  0.0227  0.0227  0.0227  0.0227  0.0227
  0.0231  0.0231  0.0229  0.0226  0.0234  0.0223  0.0230  0.0231  0.0230  0.0229  0.0228  0.0229
  0.0241  0.0240  0.0234  0.0240  0.0247  0.0238  0.0238  0.0245  0.0236  0.0239  0.0231  0.0233
  0.0259  0.0252  0.0242  0.0271  0.0273  0.0271  0.0251  0.0268  0.0246  0.0255  0.0236  0.0241
niter,ni,del,rscale     3    3    5.0000    1.2000
parameters
    1.2557    5.2964   -0.1404   -8.8867  -12.7775   -6.6814
   -2.0415    4.5341    2.3299    5.6448   -2.8118   -8.0846
eta,q 0.97727  7.49927
  0.0258  0.0254  0.0242  0.0261  0.0272  0.0259  0.0251  0.0267  0.0246  0.0255  0.0236  0.0241
  0.0242  0.0239  0.0234  0.0248  0.0250  0.0248  0.0238  0.0247  0.0236  0.0240  0.0231  0.0234
  0.0231  0.0230  0.0229  0.0237  0.0232  0.0238  0.0230  0.0233  0.0230  0.0231  0.0228  0.0229
  0.0227  0.0227  0.0227  0.0227  0.0227  0.0227  0.0227  0.0227  0.0227  0.0227  0.0227  0.0227
  0.0231  0.0231  0.0229  0.0226  0.0234  0.0223  0.0230  0.0231  0.0230  0.0229  0.0228  0.0229
  0.0241  0.0240  0.0234  0.0240  0.0247  0.0238  0.0238  0.0245  0.0236  0.0239  0.0231  0.0233
  0.0259  0.0253  0.0242  0.0271  0.0273  0.0271  0.0251  0.0268  0.0246  0.0256  0.0236  0.0241
registration optimization eta report
parameter search radius
    2.4000    2.4000    2.4000    9.5220    9.5220    8.2800
    7.2000    7.2000    7.2000    7.2000    7.2000    8.2800
100000*second partial in parameter space
       54.       45.       25.        4.        5.        6.
        5.        8.        4.        5.        2.        2.
  0.0258  0.0254  0.0242  0.0261  0.0272  0.0259  0.0251  0.0267  0.0246  0.0255  0.0236  0.0241
  0.0242  0.0239  0.0234  0.0248  0.0250  0.0248  0.0238  0.0247  0.0236  0.0240  0.0231  0.0234
  0.0231  0.0230  0.0229  0.0237  0.0232  0.0238  0.0230  0.0233  0.0230  0.0231  0.0228  0.0229
  0.0227  0.0227  0.0227  0.0227  0.0227  0.0227  0.0227  0.0227  0.0227  0.0227  0.0227  0.0227
  0.0231  0.0231  0.0229  0.0226  0.0234  0.0223  0.0230  0.0231  0.0230  0.0229  0.0228  0.0229
  0.0241  0.0240  0.0234  0.0240  0.0247  0.0238  0.0238  0.0245  0.0236  0.0239  0.0231  0.0233
  0.0259  0.0253  0.0242  0.0271  0.0273  0.0271  0.0251  0.0268  0.0246  0.0256  0.0236  0.0241
    1.2557    5.2964   -0.1404   -8.8867  -12.7775   -6.6814
   -2.0415    4.5341    2.3299    5.6448   -2.8118   -8.0846
eta,q 0.97727  7.49927

---------------------------------------------------------------------
imgreg_4dfp /opt/freesurfer/average/711-2C_as_mni_average_305 /opt/freesurfer/average/711-2B_as_mni_average_305_mask talsrcimg_g11 none talsrcimg_to_711-2C_as_mni_average_305_t4 2311
---------------------------------------------------------------------

freesurfer imgreg_4dfp.c
/opt/freesurfer/average/711-2C_as_mni_average_305.4dfp.img
       256       256       256         1
  1.000000  1.000000  1.000000
orientation T byte_order littleendian
Reading image: /opt/freesurfer/average/711-2C_as_mni_average_305.4dfp.img
dimensions:      256       256       256
mmppix:       1.0000   -1.0000   -1.0000
center:     128.0000 -129.0000 -129.0000
/opt/freesurfer/average/711-2B_as_mni_average_305_mask.4dfp.img
       256       256       256         1
  1.000000  1.000000  1.000000
orientation T byte_order littleendian
Reading mask: /opt/freesurfer/average/711-2B_as_mni_average_305_mask.4dfp.img (2306576 pixels)
talsrcimg_g11.4dfp.img
       256       256       256         1
  1.000000  1.000000  1.000000
orientation T byte_order littleendian
Reading image: talsrcimg_g11.4dfp.img
dimensions:      256       256       256
mmppix:       1.0000   -1.0000   -1.0000
center:     128.0000 -129.0000 -129.0000
fimgreg.f
image alignment mode   2311 decimal      907 hex
parameters
    1.2557    5.2964   -0.1404   -8.8867  -12.7775   -6.6814
   -2.0415    4.5341    2.3299    5.6448   -2.8118   -8.0846
eta,q 0.97727  7.49927
niter,ni,del,rscale     5    3    5.0000    0.8000
parameters
    1.2681    5.2531   -0.1164   -7.0563  -13.0492   -5.0992
   -2.1231    4.4149    2.2991    5.3536   -3.3211   -9.2160
eta,q 0.97791  7.58141
  0.0242  0.0239  0.0234  0.0243  0.0237  0.0245  0.0234  0.0244  0.0231  0.0234  0.0226  0.0224
  0.0234  0.0232  0.0230  0.0237  0.0230  0.0238  0.0227  0.0231  0.0226  0.0227  0.0223  0.0222
  0.0229  0.0228  0.0228  0.0232  0.0226  0.0231  0.0223  0.0224  0.0222  0.0223  0.0222  0.0221
  0.0227  0.0227  0.0227  0.0227  0.0225  0.0225  0.0221  0.0221  0.0221  0.0221  0.0221  0.0221
  0.0229  0.0229  0.0228  0.0225  0.0228  0.0221  0.0223  0.0224  0.0222  0.0223  0.0222  0.0223
  0.0234  0.0233  0.0230  0.0226  0.0233  0.0222  0.0227  0.0233  0.0226  0.0229  0.0225  0.0226
  0.0241  0.0240  0.0234  0.0230  0.0239  0.0232  0.0234  0.0246  0.0231  0.0238  0.0228  0.0230
niter,ni,del,rscale     4    3    5.0000    0.7000
parameters
    1.1767    5.2058    0.1968   -7.2679  -13.1561   -4.7556
   -2.1207    4.4018    2.4673    5.4221   -3.5205   -9.2643
eta,q 0.97803  7.58393
  0.0231  0.0230  0.0230  0.0230  0.0231  0.0238  0.0230  0.0238  0.0228  0.0231  0.0224  0.0224
  0.0225  0.0225  0.0226  0.0225  0.0225  0.0231  0.0224  0.0228  0.0224  0.0225  0.0222  0.0222
  0.0222  0.0222  0.0223  0.0222  0.0221  0.0225  0.0221  0.0222  0.0221  0.0221  0.0220  0.0220
  0.0221  0.0221  0.0221  0.0220  0.0221  0.0220  0.0220  0.0220  0.0220  0.0220  0.0220  0.0220
  0.0223  0.0222  0.0221  0.0222  0.0222  0.0219  0.0221  0.0222  0.0220  0.0221  0.0220  0.0220
  0.0227  0.0226  0.0222  0.0226  0.0226  0.0224  0.0224  0.0228  0.0223  0.0224  0.0222  0.0222
  0.0234  0.0231  0.0224  0.0234  0.0231  0.0236  0.0229  0.0238  0.0227  0.0231  0.0225  0.0224
niter,ni,del,rscale     3    3    5.0000    0.6000
parameters
    1.1738    5.1639    0.2490   -7.2207  -13.2768   -4.5403
   -2.1703    4.4214    2.5163    5.3873   -3.6078   -9.3327
eta,q 0.97807  7.58715
  0.0229  0.0227  0.0225  0.0228  0.0228  0.0234  0.0227  0.0233  0.0225  0.0228  0.0223  0.0222
  0.0224  0.0223  0.0222  0.0224  0.0223  0.0228  0.0222  0.0226  0.0222  0.0223  0.0221  0.0221
  0.0221  0.0220  0.0220  0.0221  0.0220  0.0223  0.0220  0.0221  0.0220  0.0220  0.0220  0.0220
  0.0220  0.0220  0.0220  0.0220  0.0220  0.0220  0.0219  0.0219  0.0219  0.0219  0.0219  0.0219
  0.0221  0.0221  0.0220  0.0220  0.0221  0.0219  0.0220  0.0221  0.0220  0.0220  0.0220  0.0220
  0.0224  0.0224  0.0222  0.0223  0.0224  0.0224  0.0223  0.0226  0.0222  0.0223  0.0221  0.0221
  0.0229  0.0228  0.0224  0.0228  0.0228  0.0233  0.0227  0.0233  0.0225  0.0228  0.0223  0.0223
niter,ni,del,rscale     2    3    5.0000    0.5000
parameters
    1.1718    5.1497    0.2871   -7.1780  -13.3711   -4.3559
   -2.1952    4.4326    2.5264    5.3714   -3.6573   -9.4028
eta,q 0.97810  7.58984
  0.0226  0.0224  0.0223  0.0225  0.0225  0.0230  0.0224  0.0229  0.0223  0.0225  0.0222  0.0221
  0.0222  0.0221  0.0221  0.0222  0.0222  0.0226  0.0221  0.0224  0.0221  0.0222  0.0220  0.0220
  0.0220  0.0220  0.0220  0.0220  0.0220  0.0222  0.0220  0.0220  0.0220  0.0220  0.0219  0.0219
  0.0219  0.0219  0.0219  0.0219  0.0219  0.0219  0.0219  0.0219  0.0219  0.0219  0.0219  0.0219
  0.0220  0.0220  0.0220  0.0220  0.0220  0.0219  0.0220  0.0220  0.0220  0.0220  0.0219  0.0219
  0.0222  0.0222  0.0221  0.0222  0.0222  0.0222  0.0221  0.0223  0.0221  0.0222  0.0220  0.0220
  0.0226  0.0225  0.0223  0.0225  0.0225  0.0229  0.0224  0.0229  0.0223  0.0225  0.0222  0.0222
niter,ni,del,rscale     1    3    5.0000    0.4000
parameters
    1.1706    5.1426    0.3163   -7.1556  -13.4432   -4.2026
   -2.2098    4.4517    2.5220    5.3739   -3.6807   -9.4817
eta,q 0.97811  7.59189
  0.0223  0.0222  0.0222  0.0223  0.0223  0.0227  0.0222  0.0226  0.0222  0.0223  0.0221  0.0220
  0.0221  0.0220  0.0220  0.0221  0.0221  0.0223  0.0220  0.0222  0.0220  0.0221  0.0220  0.0219
  0.0219  0.0219  0.0219  0.0220  0.0219  0.0221  0.0219  0.0220  0.0219  0.0219  0.0219  0.0219
  0.0219  0.0219  0.0219  0.0219  0.0219  0.0219  0.0219  0.0219  0.0219  0.0219  0.0219  0.0219
  0.0220  0.0219  0.0219  0.0219  0.0220  0.0219  0.0219  0.0220  0.0219  0.0219  0.0219  0.0219
  0.0221  0.0221  0.0220  0.0221  0.0221  0.0221  0.0220  0.0222  0.0220  0.0221  0.0220  0.0220
  0.0223  0.0222  0.0221  0.0223  0.0223  0.0226  0.0222  0.0225  0.0222  0.0223  0.0221  0.0221
registration optimization eta report
parameter search radius
    0.8000    0.8000    0.8000    2.4000    2.4000    2.4000
    2.4000    2.4000    2.4000    2.4000    2.4000    2.4000
100000*second partial in parameter space
       62.       53.       38.        6.        7.       12.
        6.       11.        5.        7.        3.        3.
  0.0223  0.0222  0.0222  0.0223  0.0223  0.0227  0.0222  0.0226  0.0222  0.0223  0.0221  0.0220
  0.0221  0.0220  0.0220  0.0221  0.0221  0.0223  0.0220  0.0222  0.0220  0.0221  0.0220  0.0219
  0.0219  0.0219  0.0219  0.0220  0.0219  0.0221  0.0219  0.0220  0.0219  0.0219  0.0219  0.0219
  0.0219  0.0219  0.0219  0.0219  0.0219  0.0219  0.0219  0.0219  0.0219  0.0219  0.0219  0.0219
  0.0220  0.0219  0.0219  0.0219  0.0220  0.0219  0.0219  0.0220  0.0219  0.0219  0.0219  0.0219
  0.0221  0.0221  0.0220  0.0221  0.0221  0.0221  0.0220  0.0222  0.0220  0.0221  0.0220  0.0220
  0.0223  0.0222  0.0221  0.0223  0.0223  0.0226  0.0222  0.0225  0.0222  0.0223  0.0221  0.0221
    1.1706    5.1426    0.3163   -7.1556  -13.4432   -4.2026
   -2.2098    4.4517    2.5220    5.3739   -3.6807   -9.4817
eta,q 0.97811  7.59189

---------------------------------------------------------------------
imgreg_4dfp /opt/freesurfer/average/711-2C_as_mni_average_305 /opt/freesurfer/average/711-2B_as_mni_average_305_mask talsrcimg_g11 none talsrcimg_to_711-2C_as_mni_average_305_t4 2311
---------------------------------------------------------------------

freesurfer imgreg_4dfp.c
/opt/freesurfer/average/711-2C_as_mni_average_305.4dfp.img
       256       256       256         1
  1.000000  1.000000  1.000000
orientation T byte_order littleendian
Reading image: /opt/freesurfer/average/711-2C_as_mni_average_305.4dfp.img
dimensions:      256       256       256
mmppix:       1.0000   -1.0000   -1.0000
center:     128.0000 -129.0000 -129.0000
/opt/freesurfer/average/711-2B_as_mni_average_305_mask.4dfp.img
       256       256       256         1
  1.000000  1.000000  1.000000
orientation T byte_order littleendian
Reading mask: /opt/freesurfer/average/711-2B_as_mni_average_305_mask.4dfp.img (2306576 pixels)
talsrcimg_g11.4dfp.img
       256       256       256         1
  1.000000  1.000000  1.000000
orientation T byte_order littleendian
Reading image: talsrcimg_g11.4dfp.img
dimensions:      256       256       256
mmppix:       1.0000   -1.0000   -1.0000
center:     128.0000 -129.0000 -129.0000
fimgreg.f
image alignment mode   2311 decimal      907 hex
parameters
    1.1706    5.1426    0.3163   -7.1556  -13.4432   -4.2026
   -2.2098    4.4517    2.5220    5.3739   -3.6807   -9.4817
eta,q 0.97811  7.59189
niter,ni,del,rscale     5    3    5.0000    0.8000
parameters
    1.1772    5.1631    0.3286   -7.4816  -13.1923   -4.7050
   -2.1670    4.4408    2.5804    5.3749   -3.6284   -9.1676
eta,q 0.97803  7.57984
  0.0235  0.0233  0.0229  0.0232  0.0236  0.0237  0.0233  0.0243  0.0230  0.0234  0.0226  0.0226
  0.0226  0.0225  0.0223  0.0225  0.0226  0.0230  0.0226  0.0231  0.0224  0.0227  0.0223  0.0223
  0.0221  0.0220  0.0220  0.0221  0.0221  0.0223  0.0221  0.0223  0.0221  0.0222  0.0221  0.0221
  0.0219  0.0219  0.0219  0.0219  0.0219  0.0219  0.0220  0.0220  0.0220  0.0220  0.0220  0.0220
  0.0221  0.0220  0.0220  0.0221  0.0221  0.0222  0.0221  0.0222  0.0221  0.0221  0.0220  0.0220
  0.0226  0.0225  0.0223  0.0226  0.0225  0.0234  0.0225  0.0230  0.0224  0.0226  0.0222  0.0222
  0.0235  0.0232  0.0229  0.0237  0.0232  0.0252  0.0232  0.0243  0.0229  0.0235  0.0226  0.0225
niter,ni,del,rscale     4    3    5.0000    0.7000
parameters
    1.1886    5.1494    0.2561   -7.3263  -13.1956   -4.7029
   -2.1810    4.4515    2.5654    5.3507   -3.6104   -9.1751
eta,q 0.97804  7.58320
  0.0232  0.0230  0.0226  0.0231  0.0231  0.0236  0.0229  0.0238  0.0227  0.0231  0.0224  0.0224
  0.0225  0.0224  0.0222  0.0226  0.0224  0.0230  0.0224  0.0228  0.0223  0.0225  0.0222  0.0222
  0.0221  0.0221  0.0220  0.0222  0.0221  0.0224  0.0221  0.0222  0.0220  0.0221  0.0220  0.0220
  0.0220  0.0220  0.0220  0.0220  0.0220  0.0220  0.0220  0.0220  0.0220  0.0220  0.0220  0.0220
  0.0221  0.0221  0.0221  0.0220  0.0221  0.0220  0.0221  0.0222  0.0221  0.0221  0.0220  0.0220
  0.0225  0.0224  0.0223  0.0223  0.0225  0.0226  0.0224  0.0228  0.0223  0.0225  0.0222  0.0222
  0.0231  0.0230  0.0227  0.0230  0.0230  0.0240  0.0229  0.0238  0.0227  0.0231  0.0224  0.0224
niter,ni,del,rscale     3    3    5.0000    0.6000
parameters
    1.1820    5.1484    0.2656   -7.2265  -13.2761   -4.5368
   -2.1920    4.4424    2.5512    5.3446   -3.6296   -9.3075
eta,q 0.97807  7.58706
  0.0228  0.0227  0.0225  0.0228  0.0228  0.0234  0.0227  0.0233  0.0225  0.0228  0.0223  0.0222
  0.0224  0.0223  0.0222  0.0224  0.0223  0.0228  0.0223  0.0226  0.0222  0.0223  0.0221  0.0221
  0.0221  0.0220  0.0220  0.0221  0.0220  0.0223  0.0220  0.0221  0.0220  0.0220  0.0220  0.0220
  0.0220  0.0220  0.0220  0.0220  0.0220  0.0220  0.0219  0.0219  0.0219  0.0219  0.0219  0.0219
  0.0221  0.0220  0.0220  0.0220  0.0221  0.0219  0.0220  0.0221  0.0220  0.0220  0.0220  0.0220
  0.0224  0.0223  0.0222  0.0223  0.0224  0.0224  0.0223  0.0226  0.0222  0.0223  0.0221  0.0221
  0.0229  0.0227  0.0225  0.0228  0.0228  0.0233  0.0227  0.0234  0.0225  0.0228  0.0223  0.0223
niter,ni,del,rscale     2    3    5.0000    0.5000
parameters
    1.1744    5.1431    0.2921   -7.1772  -13.3639   -4.3507
   -2.2110    4.4409    2.5294    5.3534   -3.6608   -9.3846
eta,q 0.97809  7.59012
  0.0225  0.0225  0.0223  0.0225  0.0225  0.0230  0.0224  0.0229  0.0223  0.0225  0.0222  0.0221
  0.0222  0.0222  0.0221  0.0222  0.0222  0.0226  0.0221  0.0224  0.0221  0.0222  0.0220  0.0220
  0.0220  0.0220  0.0220  0.0220  0.0220  0.0222  0.0220  0.0220  0.0219  0.0220  0.0219  0.0219
  0.0219  0.0219  0.0219  0.0219  0.0219  0.0219  0.0219  0.0219  0.0219  0.0219  0.0219  0.0219
  0.0220  0.0220  0.0220  0.0220  0.0220  0.0219  0.0220  0.0220  0.0220  0.0220  0.0219  0.0219
  0.0222  0.0222  0.0221  0.0222  0.0222  0.0222  0.0221  0.0224  0.0221  0.0222  0.0220  0.0220
  0.0226  0.0225  0.0223  0.0225  0.0225  0.0229  0.0224  0.0229  0.0223  0.0225  0.0222  0.0221
niter,ni,del,rscale     1    3    5.0000    0.4000
parameters
    1.1714    5.1400    0.3191   -7.1578  -13.4397   -4.2027
   -2.2186    4.4559    2.5231    5.3689   -3.6933   -9.4838
eta,q 0.97811  7.59199
  0.0223  0.0222  0.0222  0.0223  0.0223  0.0227  0.0222  0.0225  0.0222  0.0223  0.0221  0.0220
  0.0221  0.0221  0.0220  0.0221  0.0221  0.0223  0.0220  0.0222  0.0220  0.0221  0.0220  0.0219
  0.0219  0.0219  0.0219  0.0220  0.0219  0.0221  0.0219  0.0220  0.0219  0.0219  0.0219  0.0219
  0.0219  0.0219  0.0219  0.0219  0.0219  0.0219  0.0219  0.0219  0.0219  0.0219  0.0219  0.0219
  0.0220  0.0219  0.0219  0.0219  0.0220  0.0219  0.0219  0.0220  0.0219  0.0219  0.0219  0.0219
  0.0221  0.0221  0.0220  0.0221  0.0221  0.0221  0.0220  0.0222  0.0220  0.0221  0.0220  0.0220
  0.0223  0.0222  0.0221  0.0223  0.0223  0.0226  0.0222  0.0225  0.0222  0.0223  0.0221  0.0221
registration optimization eta report
parameter search radius
    0.8000    0.8000    0.8000    2.4000    2.4000    2.4000
    2.4000    2.4000    2.4000    2.4000    2.4000    2.4000
100000*second partial in parameter space
       63.       52.       38.        6.        7.       12.
        6.       11.        5.        7.        3.        3.
  0.0223  0.0222  0.0222  0.0223  0.0223  0.0227  0.0222  0.0225  0.0222  0.0223  0.0221  0.0220
  0.0221  0.0221  0.0220  0.0221  0.0221  0.0223  0.0220  0.0222  0.0220  0.0221  0.0220  0.0219
  0.0219  0.0219  0.0219  0.0220  0.0219  0.0221  0.0219  0.0220  0.0219  0.0219  0.0219  0.0219
  0.0219  0.0219  0.0219  0.0219  0.0219  0.0219  0.0219  0.0219  0.0219  0.0219  0.0219  0.0219
  0.0220  0.0219  0.0219  0.0219  0.0220  0.0219  0.0219  0.0220  0.0219  0.0219  0.0219  0.0219
  0.0221  0.0221  0.0220  0.0221  0.0221  0.0221  0.0220  0.0222  0.0220  0.0221  0.0220  0.0220
  0.0223  0.0222  0.0221  0.0223  0.0223  0.0226  0.0222  0.0225  0.0222  0.0223  0.0221  0.0221
    1.1714    5.1400    0.3191   -7.1578  -13.4397   -4.2027
   -2.2186    4.4559    2.5231    5.3689   -3.6933   -9.4838
eta,q 0.97811  7.59199

---------------------------------------------------------------------
compute_vox2vox talsrcimg talsrcimg_to_711-2C_as_mni_average_305_t4 /opt/freesurfer/average/711-2C_as_mni_average_305
---------------------------------------------------------------------

freesurfer compute_vox2vox.c
Reading: talsrcimg.4dfp.ifh
Reading: talsrcimg_to_711-2C_as_mni_average_305_t4
Reading: /opt/freesurfer/average/711-2C_as_mni_average_305.4dfp.ifh
Writing: talsrcimg_to_711-2C_as_mni_average_305_t4_vox2vox.txt

start time Thu Mar 12 23:29:46 CET 2026
end		time Thu Mar 12 23:31:12 CET 2026

mpr2mni305 success

avi2talxfm orig_nu.mgz /opt/freesurfer/average/mni305.cor.mgz talsrcimg_to_711-2C_as_mni_average_305_t4_vox2vox.txt transforms/talairach.auto.xfm
avi2talxfm done
mv -f /out/sourcedata/freesurfer/sub-v2s3x28747_ses-1/mri/talsrcimg_to_711-2C_as_mni_average_305_t4_vox2vox.txt /out/sourcedata/freesurfer/sub-v2s3x28747_ses-1/mri/transforms/talsrcimg_to_711-2C_as_mni_average_305_t4_vox2vox.txt
lta_convert --src orig_nu.mgz --trg /opt/freesurfer/average/mni305.cor.mgz --inxfm transforms/talairach.auto.xfm --outlta transforms/talairach.auto.xfm.lta --subject fsaverage
7.3.2

--src: orig_nu.mgz src image (geometry).
--trg: /opt/freesurfer/average/mni305.cor.mgz trg image (geometry).
--inmni: transforms/talairach.auto.xfm input MNI/XFM transform.
--outlta: transforms/talairach.auto.xfm.lta output LTA.
--s: fsaverage subject name
 LTA read, type : 1
 1.07446  -0.05121   0.02193  -1.75410;
 0.03809   1.03568   0.11445   8.39673;
-0.03368  -0.06275   1.14753  -14.71500;
 0.00000   0.00000   0.00000   1.00000;
setting subject to fsaverage
Writing  LTA to file transforms/talairach.auto.xfm.lta...
lta_convert successful.
 
 
Started at Thu Mar 12 23:29:45 CET 2026
Ended   at Thu Mar 12 23:31:12 CET 2026
talairach_avi done
