status file for recon-all
Fri Mar 13 04:55:26 CET 2026
#@# Tessellate rh Fri Mar 13 04:55:26 CET 2026
#@# Smooth1 rh Fri Mar 13 04:55:29 CET 2026
#@# Inflation1 rh Fri Mar 13 04:55:31 CET 2026
#@# QSphere rh Fri Mar 13 04:55:48 CET 2026
#@# Fix Topology rh Fri Mar 13 04:57:07 CET 2026
#@# Smooth2 rh Fri Mar 13 05:02:16 CET 2026
#@# Inflation2 rh Fri Mar 13 05:02:18 CET 2026
#@# Curv .H and .K rh Fri Mar 13 05:02:33 CET 2026
#@# Sphere rh Fri Mar 13 05:03:14 CET 2026
#@# Surf Reg rh Fri Mar 13 05:07:30 CET 2026
#@# Jacobian white rh Fri Mar 13 05:12:04 CET 2026
#@# AvgCurv rh Fri Mar 13 05:12:05 CET 2026
#@# Cortical Parc rh Fri Mar 13 05:12:06 CET 2026
#@# white curv rh Fri Mar 13 05:18:11 CET 2026
#@# white area rh Fri Mar 13 05:18:13 CET 2026
#@# pial curv rh Fri Mar 13 05:18:14 CET 2026
#@# pial area rh Fri Mar 13 05:18:15 CET 2026
#@# thickness rh Fri Mar 13 05:18:16 CET 2026
#@# area and vertex vol rh Fri Mar 13 05:18:38 CET 2026
#@# Curvature Stats rh Fri Mar 13 05:18:39 CET 2026
#@# Cortical Parc 2 rh Fri Mar 13 05:18:42 CET 2026
#@# Cortical Parc 3 rh Fri Mar 13 05:18:53 CET 2026
#@# WM/GM Contrast rh Fri Mar 13 05:19:01 CET 2026
recon-all -s sub-v2s3x28835_ses-1 finished without error at Fri Mar 13 05:19:04 CET 2026



#New# invocation of recon-all 



status file for recon-all
Fri Mar 13 05:26:21 CET 2026
#@# white curv rh Fri Mar 13 05:26:21 CET 2026
#@# white area rh Fri Mar 13 05:26:22 CET 2026
#@# pial curv rh Fri Mar 13 05:26:22 CET 2026
#@# pial area rh Fri Mar 13 05:26:22 CET 2026
#@# thickness rh Fri Mar 13 05:26:22 CET 2026
#@# area and vertex vol rh Fri Mar 13 05:26:22 CET 2026
#@# Parcellation Stats rh Fri Mar 13 05:26:22 CET 2026
#@# Parcellation Stats 2 rh Fri Mar 13 05:26:39 CET 2026
#@# Parcellation Stats 3 rh Fri Mar 13 05:26:49 CET 2026
#@# BA_exvivo Labels rh Fri Mar 13 05:26:58 CET 2026
recon-all -s sub-v2s3x28835_ses-1 finished without error at Fri Mar 13 05:29:16 CET 2026
