status file for recon-all
Fri Mar 13 01:07:15 CET 2026
#@# Tessellate lh Fri Mar 13 01:07:15 CET 2026
#@# Smooth1 lh Fri Mar 13 01:07:18 CET 2026
#@# Inflation1 lh Fri Mar 13 01:07:21 CET 2026
#@# QSphere lh Fri Mar 13 01:07:34 CET 2026
#@# Fix Topology lh Fri Mar 13 01:08:51 CET 2026
#@# Smooth2 lh Fri Mar 13 01:14:25 CET 2026
#@# Inflation2 lh Fri Mar 13 01:14:28 CET 2026
#@# Curv .H and .K lh Fri Mar 13 01:14:43 CET 2026
#@# Sphere lh Fri Mar 13 01:15:32 CET 2026
#@# Surf Reg lh Fri Mar 13 01:18:56 CET 2026
#@# Jacobian white lh Fri Mar 13 01:23:25 CET 2026
#@# AvgCurv lh Fri Mar 13 01:23:26 CET 2026
#@# Cortical Parc lh Fri Mar 13 01:23:26 CET 2026
#@# white curv lh Fri Mar 13 01:30:28 CET 2026
#@# white area lh Fri Mar 13 01:30:30 CET 2026
#@# pial curv lh Fri Mar 13 01:30:30 CET 2026
#@# pial area lh Fri Mar 13 01:30:32 CET 2026
#@# thickness lh Fri Mar 13 01:30:33 CET 2026
#@# area and vertex vol lh Fri Mar 13 01:31:04 CET 2026
#@# Curvature Stats lh Fri Mar 13 01:31:05 CET 2026
#@# Cortical Parc 2 lh Fri Mar 13 01:31:08 CET 2026
#@# Cortical Parc 3 lh Fri Mar 13 01:31:22 CET 2026
#@# WM/GM Contrast lh Fri Mar 13 01:31:32 CET 2026
recon-all -s sub-v2s3x28746_ses-1 finished without error at Fri Mar 13 01:31:35 CET 2026



#New# invocation of recon-all 



status file for recon-all
Fri Mar 13 02:04:33 CET 2026
#@# white curv lh Fri Mar 13 02:04:34 CET 2026
#@# white area lh Fri Mar 13 02:04:34 CET 2026
#@# pial curv lh Fri Mar 13 02:04:34 CET 2026
#@# pial area lh Fri Mar 13 02:04:34 CET 2026
#@# thickness lh Fri Mar 13 02:04:34 CET 2026
#@# area and vertex vol lh Fri Mar 13 02:04:34 CET 2026
#@# Parcellation Stats lh Fri Mar 13 02:04:34 CET 2026
#@# Parcellation Stats 2 lh Fri Mar 13 02:04:54 CET 2026
#@# Parcellation Stats 3 lh Fri Mar 13 02:05:05 CET 2026
#@# BA_exvivo Labels lh Fri Mar 13 02:05:15 CET 2026
recon-all -s sub-v2s3x28746_ses-1 finished without error at Fri Mar 13 02:07:59 CET 2026
