status file for recon-all
Fri Mar 13 01:31:37 CET 2026
#@# Tessellate rh Fri Mar 13 01:31:37 CET 2026
#@# Smooth1 rh Fri Mar 13 01:31:41 CET 2026
#@# Inflation1 rh Fri Mar 13 01:31:44 CET 2026
#@# QSphere rh Fri Mar 13 01:31:57 CET 2026
#@# Fix Topology rh Fri Mar 13 01:33:07 CET 2026
#@# Smooth2 rh Fri Mar 13 01:39:01 CET 2026
#@# Inflation2 rh Fri Mar 13 01:39:04 CET 2026
#@# Curv .H and .K rh Fri Mar 13 01:39:20 CET 2026
#@# Sphere rh Fri Mar 13 01:40:10 CET 2026
#@# Surf Reg rh Fri Mar 13 01:43:51 CET 2026
#@# Jacobian white rh Fri Mar 13 01:48:14 CET 2026
#@# AvgCurv rh Fri Mar 13 01:48:15 CET 2026
#@# Cortical Parc rh Fri Mar 13 01:48:17 CET 2026
#@# white curv rh Fri Mar 13 01:55:39 CET 2026
#@# white area rh Fri Mar 13 01:55:41 CET 2026
#@# pial curv rh Fri Mar 13 01:55:42 CET 2026
#@# pial area rh Fri Mar 13 01:55:44 CET 2026
#@# thickness rh Fri Mar 13 01:55:44 CET 2026
#@# area and vertex vol rh Fri Mar 13 01:56:15 CET 2026
#@# Curvature Stats rh Fri Mar 13 01:56:17 CET 2026
#@# Cortical Parc 2 rh Fri Mar 13 01:56:20 CET 2026
#@# Cortical Parc 3 rh Fri Mar 13 01:56:34 CET 2026
#@# WM/GM Contrast rh Fri Mar 13 01:56:44 CET 2026
recon-all -s sub-v2s3x28746_ses-1 finished without error at Fri Mar 13 01:56:48 CET 2026



#New# invocation of recon-all 



status file for recon-all
Fri Mar 13 02:08:02 CET 2026
#@# white curv rh Fri Mar 13 02:08:02 CET 2026
#@# white area rh Fri Mar 13 02:08:02 CET 2026
#@# pial curv rh Fri Mar 13 02:08:02 CET 2026
#@# pial area rh Fri Mar 13 02:08:02 CET 2026
#@# thickness rh Fri Mar 13 02:08:02 CET 2026
#@# area and vertex vol rh Fri Mar 13 02:08:02 CET 2026
#@# Parcellation Stats rh Fri Mar 13 02:08:02 CET 2026
#@# Parcellation Stats 2 rh Fri Mar 13 02:08:22 CET 2026
#@# Parcellation Stats 3 rh Fri Mar 13 02:08:33 CET 2026
#@# BA_exvivo Labels rh Fri Mar 13 02:08:43 CET 2026
recon-all -s sub-v2s3x28746_ses-1 finished without error at Fri Mar 13 02:11:34 CET 2026
