/out/sourcedata/freesurfer/sub-v2s3x28841_ses-1/mri
/opt/freesurfer/bin/talairach_avi
--i orig_nu.mgz --xfm transforms/talairach.auto.xfm
talairach_avi 7.3.2
Linux dna020 5.14.0-427.37.1.el9_4.x86_64 #1 SMP PREEMPT_DYNAMIC Fri Sep 13 12:41:50 EDT 2024 x86_64 x86_64 x86_64 GNU/Linux
Fri Mar 13 03:26:51 CET 2026
mri_convert orig_nu.mgz talsrcimg.img 
reading from orig_nu.mgz...
TR=0.00, TE=0.00, TI=0.00, flip angle=0.00
i_ras = (-1, 0, 0)
j_ras = (0, 0, -1)
k_ras = (0, 1, 0)
writing to talsrcimg.img...
Analyze Output Matrix
-1.00000   0.00000   0.00000   139.06128;
 0.00000   0.00000   1.00000  -77.97455;
 0.00000  -1.00000   0.00000   121.49710;
 0.00000   0.00000   0.00000   1.00000;
--------------------
INFO: set hdr.hist.orient to -1
mpr2mni305 talsrcimg
Fri Mar 13 03:26:52 CET 2026
/opt/freesurfer/bin/mpr2mni305 talsrcimg
mpr2mni305 7.3.2
target=711-2C_as_mni_average_305

---------------------------------------------------------------------
analyzeto4dfp talsrcimg -O0 -y
---------------------------------------------------------------------

freesurfer ifh2hdr.c
Fri Mar 13 03:26:52 2026
Writing: talsrcimg.4dfp.hdr
freesurfer analyzeto4dfp.c
Reading: talsrcimg.hdr
header size 348 bytes
hdr.dime.datatype	offset=70	value=2
hdr.dime.bitpix		offset=72	value=8
hdr.hist.orient		offset=252	value=-1
dimensionality     4
dimensions       256       256       256         1
Reading: talsrcimg.img
Writing: talsrcimg.4dfp.img
Writing: talsrcimg.4dfp.ifh
ifh2hdr talsrcimg -r0to230
ori=2

---------------------------------------------------------------------
gauss_4dfp talsrcimg 1.1
---------------------------------------------------------------------

freesurfer gauss_4dfp.c
Reading: talsrcimg.4dfp.img
Writing: talsrcimg_g11.4dfp.img
image dimensions 256 256 256 padded to 288 288 288
processing volume 1freesurfer ifh2hdr.c
Fri Mar 13 03:26:54 2026
Writing: talsrcimg_g11.4dfp.hdr

Writing: talsrcimg_g11.4dfp.ifh
including: talsrcimg.4dfp.img.rec in talsrcimg_g11.4dfp.img.rec

---------------------------------------------------------------------
imgreg_4dfp /opt/freesurfer/average/711-2C_as_mni_average_305 none talsrcimg_g11 none talsrcimg_to_711-2C_as_mni_average_305_t4 4355
---------------------------------------------------------------------

freesurfer imgreg_4dfp.c
/opt/freesurfer/average/711-2C_as_mni_average_305.4dfp.img
       256       256       256         1
  1.000000  1.000000  1.000000
orientation T byte_order littleendian
Reading image: /opt/freesurfer/average/711-2C_as_mni_average_305.4dfp.img
dimensions:      256       256       256
mmppix:       1.0000   -1.0000   -1.0000
center:     128.0000 -129.0000 -129.0000
talsrcimg_g11.4dfp.img
       256       256       256         1
  1.000000  1.000000  1.000000
orientation T byte_order littleendian
Reading image: talsrcimg_g11.4dfp.img
dimensions:      256       256       256
mmppix:       1.0000   -1.0000   -1.0000
center:     128.0000 -129.0000 -129.0000
t4_read: open error in t4_sub.f l:  41 t4_file(1:l)talsrcimg_to_711-2C_as_mni_average_305_t4 
t4_read: transform initialized to I4
rotation matrix determinant  1.000000
image alignment mode   4355 decimal     1103 hex
   -7.5000  -45.0000  -45.0000 9849.1680   17.0957
    0.0000  -45.0000  -45.000010260.0566   17.0964
    7.5000  -45.0000  -45.0000 9769.7500   17.1069
   -7.5000  -37.5000  -45.000010214.6846   17.0737
    0.0000  -37.5000  -45.000010632.9785   17.0817
    7.5000  -37.5000  -45.000010148.9209   17.0937
   -7.5000  -30.0000  -45.000010901.2158   17.0144
    0.0000  -30.0000  -45.000011356.9922   17.0302
    7.5000  -30.0000  -45.000010805.8027   17.0379
   -7.5000  -22.5000  -45.000011578.1943   16.9754
    0.0000  -22.5000  -45.000012072.9785   16.9904
    7.5000  -22.5000  -45.000011445.4307   16.9919
   -7.5000  -15.0000  -45.000012088.2959   16.9898
    0.0000  -15.0000  -45.000012608.8545   16.9981
    7.5000  -15.0000  -45.000011973.1504   16.9963
   -7.5000   -7.5000  -45.000012553.8652   17.0508
    0.0000   -7.5000  -45.000013103.4180   17.0526
    7.5000   -7.5000  -45.000012425.5303   17.0554
   -7.5000    0.0000  -45.000012931.0576   17.0957
    0.0000    0.0000  -45.000013450.3857   17.0964
    7.5000    0.0000  -45.000012767.4502   17.1069
   -7.5000    7.5000  -45.000012303.8398   17.0737
    0.0000    7.5000  -45.000012760.7744   17.0817
    7.5000    7.5000  -45.000012133.3545   17.0937
   -7.5000   15.0000  -45.000011336.7383   17.0144
    0.0000   15.0000  -45.000011732.3613   17.0302
    7.5000   15.0000  -45.000011170.2383   17.0379
   -7.5000   22.5000  -45.000010330.2393   16.9730
    0.0000   22.5000  -45.000010653.1084   16.9881
    7.5000   22.5000  -45.000010132.9336   16.9895
   -7.5000   30.0000  -45.0000 9340.0215   16.7634
    0.0000   30.0000  -45.0000 9634.8057   16.7716
    7.5000   30.0000  -45.0000 9175.3984   16.7698
   -7.5000   37.5000  -45.0000 8743.9434   16.8236
    0.0000   37.5000  -45.0000 8988.6865   16.8253
    7.5000   37.5000  -45.0000 8589.3945   16.8281
   -7.5000   45.0000  -45.0000 7803.0669   16.4396
    0.0000   45.0000  -45.0000 8003.0850   16.4402
    7.5000   45.0000  -45.0000 7627.1260   16.4504
   -7.5000  -45.0000  -37.500010301.3857   17.1167
    0.0000  -45.0000  -37.500010745.1748   17.1128
    7.5000  -45.0000  -37.500010230.0684   17.1191
   -7.5000  -37.5000  -37.500010653.0186   17.0997
    0.0000  -37.5000  -37.500011105.2734   17.1051
    7.5000  -37.5000  -37.500010598.6650   17.1136
   -7.5000  -30.0000  -37.500011374.5576   17.0484
    0.0000  -30.0000  -37.500011865.4512   17.0651
    7.5000  -30.0000  -37.500011298.7930   17.0729
   -7.5000  -22.5000  -37.500012051.1016   17.0128
    0.0000  -22.5000  -37.500012598.6406   17.0301
    7.5000  -22.5000  -37.500011948.6328   17.0345
   -7.5000  -15.0000  -37.500012595.8008   17.0237
    0.0000  -15.0000  -37.500013177.9395   17.0323
    7.5000  -15.0000  -37.500012485.3486   17.0332
   -7.5000   -7.5000  -37.500013061.4736   17.0764
    0.0000   -7.5000  -37.500013667.7715   17.0751
    7.5000   -7.5000  -37.500012940.8076   17.0770
   -7.5000    0.0000  -37.500013430.5566   17.1167
    0.0000    0.0000  -37.500013990.2725   17.1128
    7.5000    0.0000  -37.500013285.3828   17.1191
   -7.5000    7.5000  -37.500012742.0469   17.0997
    0.0000    7.5000  -37.500013233.5723   17.1051
    7.5000    7.5000  -37.500012593.0117   17.1136
   -7.5000   15.0000  -37.500011741.3770   17.0484
    0.0000   15.0000  -37.500012174.2422   17.0651
    7.5000   15.0000  -37.500011584.7090   17.0729
   -7.5000   22.5000  -37.500010681.1582   17.0104
    0.0000   22.5000  -37.500011046.9688   17.0278
    7.5000   22.5000  -37.500010508.8857   17.0322
   -7.5000   30.0000  -37.5000 9648.1357   16.7969
    0.0000   30.0000  -37.5000 9959.1123   16.8054
    7.5000   30.0000  -37.5000 9495.4346   16.8062
   -7.5000   37.5000  -37.5000 8998.7930   16.8488
    0.0000   37.5000  -37.5000 9290.3447   16.8475
    7.5000   37.5000  -37.5000 8854.9336   16.8495
   -7.5000   45.0000  -37.5000 8019.4146   16.4597
    0.0000   45.0000  -37.5000 8254.6699   16.4560
    7.5000   45.0000  -37.5000 7855.0854   16.4620
   -7.5000  -45.0000  -30.000010895.8477   17.8312
    0.0000  -45.0000  -30.000011358.0977   17.8257
    7.5000  -45.0000  -30.000010849.9570   17.8251
   -7.5000  -37.5000  -30.000011241.3818   17.8140
    0.0000  -37.5000  -30.000011715.9111   17.8182
    7.5000  -37.5000  -30.000011212.0654   17.8237
   -7.5000  -30.0000  -30.000011980.7979   17.7717
    0.0000  -30.0000  -30.000012511.0986   17.7896
    7.5000  -30.0000  -30.000011933.6064   17.7969
   -7.5000  -22.5000  -30.000012650.6836   17.7462
    0.0000  -22.5000  -30.000013221.5684   17.7669
    7.5000  -22.5000  -30.000012600.3398   17.7689
   -7.5000  -15.0000  -30.000013239.0166   17.7573
    0.0000  -15.0000  -30.000013813.5156   17.7689
    7.5000  -15.0000  -30.000013183.0088   17.7642
   -7.5000   -7.5000  -30.000013752.7070   17.7999
    0.0000   -7.5000  -30.000014355.0459   17.7992
    7.5000   -7.5000  -30.000013664.0361   17.7937
   -7.5000    0.0000  -30.000014129.7949   17.8312
    0.0000    0.0000  -30.000014708.7207   17.8257
    7.5000    0.0000  -30.000014002.7236   17.8251
   -7.5000    7.5000  -30.000013362.8057   17.8140
    0.0000    7.5000  -30.000013869.5166   17.8182
    7.5000    7.5000  -30.000013191.5977   17.8237
   -7.5000   15.0000  -30.000012280.6768   17.7717
    0.0000   15.0000  -30.000012721.1621   17.7896
    7.5000   15.0000  -30.000012106.7959   17.7969
   -7.5000   22.5000  -30.000011172.5293   17.7419
    0.0000   22.5000  -30.000011557.3428   17.7626
    7.5000   22.5000  -30.000011021.2021   17.7646
   -7.5000   30.0000  -30.000010090.6826   17.5223
    0.0000   30.0000  -30.000010420.9424   17.5337
    7.5000   30.0000  -30.0000 9947.9072   17.5292
   -7.5000   37.5000  -30.0000 9385.1719   17.5644
    0.0000   37.5000  -30.0000 9705.1064   17.5637
    7.5000   37.5000  -30.0000 9253.6289   17.5582
   -7.5000   45.0000  -30.0000 8316.0986   17.1594
    0.0000   45.0000  -30.0000 8583.1338   17.1542
    7.5000   45.0000  -30.0000 8177.4004   17.1536
   -7.5000  -45.0000  -22.500011400.8867   18.4247
    0.0000  -45.0000  -22.500011875.1455   18.4217
    7.5000  -45.0000  -22.500011398.3818   18.4173
   -7.5000  -37.5000  -22.500011747.5186   18.4017
    0.0000  -37.5000  -22.500012255.9551   18.4063
    7.5000  -37.5000  -22.500011740.6748   18.4113
   -7.5000  -30.0000  -22.500012535.9658   18.3620
    0.0000  -30.0000  -22.500013074.9160   18.3785
    7.5000  -30.0000  -22.500012518.9629   18.3832
   -7.5000  -22.5000  -22.500013191.6670   18.3450
    0.0000  -22.5000  -22.500013733.3838   18.3650
    7.5000  -22.5000  -22.500013205.4844   18.3590
   -7.5000  -15.0000  -22.500013798.6123   18.3599
    0.0000  -15.0000  -22.500014366.1318   18.3730
    7.5000  -15.0000  -22.500013804.0801   18.3576
   -7.5000   -7.5000  -22.500014329.3291   18.3998
    0.0000   -7.5000  -22.500014915.4150   18.4019
    7.5000   -7.5000  -22.500014292.9131   18.3877
   -7.5000    0.0000  -22.500014700.5527   18.4247
    0.0000    0.0000  -22.500015274.3555   18.4217
    7.5000    0.0000  -22.500014631.1992   18.4173
   -7.5000    7.5000  -22.500013850.9463   18.4017
    0.0000    7.5000  -22.500014354.7266   18.4063
    7.5000    7.5000  -22.500013709.9209   18.4113
   -7.5000   15.0000  -22.500012722.7646   18.3620
    0.0000   15.0000  -22.500013169.8994   18.3785
    7.5000   15.0000  -22.500012578.2119   18.3832
   -7.5000   22.5000  -22.500011618.3037   18.3394
    0.0000   22.5000  -22.500012010.3027   18.3593
    7.5000   22.5000  -22.500011481.4355   18.3534
   -7.5000   30.0000  -22.500010460.0781   18.1197
    0.0000   30.0000  -22.500010828.1914   18.1327
    7.5000   30.0000  -22.500010349.6855   18.1175
   -7.5000   37.5000  -22.5000 9697.5693   18.1591
    0.0000   37.5000  -22.500010027.4521   18.1612
    7.5000   37.5000  -22.5000 9596.4844   18.1472
   -7.5000   45.0000  -22.5000 8544.9443   17.7439
    0.0000   45.0000  -22.5000 8819.1836   17.7410
    7.5000   45.0000  -22.5000 8435.6797   17.7368
   -7.5000  -45.0000  -15.000011919.6006   18.8512
    0.0000  -45.0000  -15.000012421.0137   18.8523
    7.5000  -45.0000  -15.000011939.9033   18.8511
   -7.5000  -37.5000  -15.000012307.4766   18.8230
    0.0000  -37.5000  -15.000012847.3184   18.8298
    7.5000  -37.5000  -15.000012325.5889   18.8374
   -7.5000  -30.0000  -15.000013052.2705   18.7770
    0.0000  -30.0000  -15.000013562.5879   18.7931
    7.5000  -30.0000  -15.000013096.7090   18.7965
   -7.5000  -22.5000  -15.000013712.4590   18.7583
    0.0000  -22.5000  -15.000014240.0625   18.7772
    7.5000  -22.5000  -15.000013778.3369   18.7673
   -7.5000  -15.0000  -15.000014348.0205   18.7764
    0.0000  -15.0000  -15.000014943.9609   18.7904
    7.5000  -15.0000  -15.000014421.1797   18.7712
   -7.5000   -7.5000  -15.000014900.2344   18.8231
    0.0000   -7.5000  -15.000015510.3145   18.8287
    7.5000   -7.5000  -15.000014960.0742   18.8140
   -7.5000    0.0000  -15.000015239.1318   18.8512
    0.0000    0.0000  -15.000015834.2764   18.8523
    7.5000    0.0000  -15.000015278.9531   18.8511
   -7.5000    7.5000  -15.000014316.1729   18.8230
    0.0000    7.5000  -15.000014818.9961   18.8298
    7.5000    7.5000  -15.000014267.9619   18.8374
   -7.5000   15.0000  -15.000013136.8389   18.7770
    0.0000   15.0000  -15.000013589.0508   18.7931
    7.5000   15.0000  -15.000013076.5518   18.7965
   -7.5000   22.5000  -15.000011987.9248   18.7516
    0.0000   22.5000  -15.000012434.2900   18.7705
    7.5000   22.5000  -15.000011929.0488   18.7606
   -7.5000   30.0000  -15.000010794.9717   18.5333
    0.0000   30.0000  -15.000011188.8223   18.5473
    7.5000   30.0000  -15.000010740.9863   18.5282
   -7.5000   37.5000  -15.0000 9988.7734   18.5795
    0.0000   37.5000  -15.000010319.6768   18.5850
    7.5000   37.5000  -15.0000 9900.8936   18.5705
   -7.5000   45.0000  -15.0000 8793.9551   18.1656
    0.0000   45.0000  -15.0000 9048.8965   18.1667
    7.5000   45.0000  -15.0000 8689.4453   18.1655
   -7.5000  -45.0000   -7.500012367.2793   19.0760
    0.0000  -45.0000   -7.500012892.1533   19.0797
    7.5000  -45.0000   -7.500012400.8262   19.0872
   -7.5000  -37.5000   -7.500012776.6836   19.0472
    0.0000  -37.5000   -7.500013314.0010   19.0568
    7.5000  -37.5000   -7.500012808.7500   19.0693
   -7.5000  -30.0000   -7.500013483.3320   18.9875
    0.0000  -30.0000   -7.500013957.2285   19.0048
    7.5000  -30.0000   -7.500013558.6260   19.0113
   -7.5000  -22.5000   -7.500014143.6934   18.9550
    0.0000  -22.5000   -7.500014649.0928   18.9729
    7.5000  -22.5000   -7.500014266.5156   18.9681
   -7.5000  -15.0000   -7.500014827.3262   18.9736
    0.0000  -15.0000   -7.500015467.2422   18.9864
    7.5000  -15.0000   -7.500014980.0176   18.9751
   -7.5000   -7.5000   -7.500015407.3213   19.0348
    0.0000   -7.5000   -7.500016038.2773   19.0409
    7.5000   -7.5000   -7.500015558.5146   19.0359
   -7.5000    0.0000   -7.500015793.7100   19.0760
    0.0000    0.0000   -7.500016378.8594   19.0797
    7.5000    0.0000   -7.500015888.3623   19.0872
   -7.5000    7.5000   -7.500014815.9180   19.0472
    0.0000    7.5000   -7.500015303.7705   19.0568
    7.5000    7.5000   -7.500014797.9727   19.0693
   -7.5000   15.0000   -7.500013622.9551   18.9875
    0.0000   15.0000   -7.500014076.2236   19.0048
    7.5000   15.0000   -7.500013568.1357   19.0113
   -7.5000   22.5000   -7.500012396.5146   18.9463
    0.0000   22.5000   -7.500012839.0098   18.9642
    7.5000   22.5000   -7.500012358.2891   18.9593
   -7.5000   30.0000   -7.500011152.9873   18.7276
    0.0000   30.0000   -7.500011535.7197   18.7402
    7.5000   30.0000   -7.500011126.1182   18.7290
   -7.5000   37.5000   -7.500010298.5127   18.7880
    0.0000   37.5000   -7.500010618.8818   18.7940
    7.5000   37.5000   -7.500010236.0264   18.7891
   -7.5000   45.0000   -7.5000 9051.0225   18.3857
    0.0000   45.0000   -7.5000 9310.3418   18.3892
    7.5000   45.0000   -7.5000 8968.9531   18.3964
   -7.5000  -45.0000    0.000012713.6680   19.1306
    0.0000  -45.0000    0.000013246.6309   19.1313
    7.5000  -45.0000    0.000012768.5146   19.1431
   -7.5000  -37.5000    0.000013128.4092   19.1059
    0.0000  -37.5000    0.000013669.6562   19.1149
    7.5000  -37.5000    0.000013164.7471   19.1283
   -7.5000  -30.0000    0.000013962.2070   19.0396
    0.0000  -30.0000    0.000014466.9697   19.0572
    7.5000  -30.0000    0.000013995.4238   19.0658
   -7.5000  -22.5000    0.000014693.0312   18.9959
    0.0000  -22.5000    0.000015241.0693   19.0127
    7.5000  -22.5000    0.000014793.3340   19.0144
   -7.5000  -15.0000    0.000015419.7148   19.0121
    0.0000  -15.0000    0.000016046.9668   19.0214
    7.5000  -15.0000    0.000015526.8027   19.0194
   -7.5000   -7.5000    0.000016024.4932   19.0803
    0.0000   -7.5000    0.000016644.6250   19.0823
    7.5000   -7.5000    0.000016098.9844   19.0855
   -7.5000    0.0000    0.000016390.8184   19.1306
    0.0000    0.0000    0.000016971.9414   19.1313
    7.5000    0.0000    0.000016436.8320   19.1431
   -7.5000    7.5000    0.000015273.5312   19.1059
    0.0000    7.5000    0.000015763.9336   19.1149
    7.5000    7.5000    0.000015226.2568   19.1283
   -7.5000   15.0000    0.000014009.6592   19.0396
    0.0000   15.0000    0.000014474.3291   19.0572
    7.5000   15.0000    0.000013946.8613   19.0658
   -7.5000   22.5000    0.000012742.5908   18.9872
    0.0000   22.5000    0.000013153.5977   19.0039
    7.5000   22.5000    0.000012690.0322   19.0056
   -7.5000   30.0000    0.000011454.2383   18.7660
    0.0000   30.0000    0.000011829.1816   18.7752
    7.5000   30.0000    0.000011401.2812   18.7732
   -7.5000   37.5000    0.000010544.0430   18.8333
    0.0000   37.5000    0.000010879.6953   18.8353
    7.5000   37.5000    0.000010476.0977   18.8385
   -7.5000   45.0000    0.0000 9255.0645   18.4397
    0.0000   45.0000    0.0000 9516.3662   18.4404
    7.5000   45.0000    0.0000 9150.8350   18.4518
   -7.5000  -45.0000    7.500012133.1826   19.1540
    0.0000  -45.0000    7.500012648.9414   19.1496
    7.5000  -45.0000    7.500012132.9629   19.1567
   -7.5000  -37.5000    7.500012528.6943   19.1351
    0.0000  -37.5000    7.500013043.6973   19.1411
    7.5000  -37.5000    7.500012511.0264   19.1505
   -7.5000  -30.0000    7.500013350.5205   19.0776
    0.0000  -30.0000    7.500013893.9746   19.0963
    7.5000  -30.0000    7.500013313.2490   19.1051
   -7.5000  -22.5000    7.500014120.5967   19.0377
    0.0000  -22.5000    7.500014684.6934   19.0572
    7.5000  -22.5000    7.500014063.0781   19.0621
   -7.5000  -15.0000    7.500014818.5332   19.0500
    0.0000  -15.0000    7.500015375.6006   19.0597
    7.5000  -15.0000    7.500014725.3311   19.0606
   -7.5000   -7.5000    7.500015361.9990   19.1089
    0.0000   -7.5000    7.500015910.4795   19.1075
    7.5000   -7.5000    7.500015271.6865   19.1097
   -7.5000    0.0000    7.500015670.1250   19.1540
    0.0000    0.0000    7.500016213.9541   19.1496
    7.5000    0.0000    7.500015601.1953   19.1567
   -7.5000    7.5000    7.500014566.4014   19.1351
    0.0000    7.5000    7.500015046.6123   19.1411
    7.5000    7.5000    7.500014474.7236   19.1505
   -7.5000   15.0000    7.500013346.9883   19.0776
    0.0000   15.0000    7.500013787.0713   19.0963
    7.5000   15.0000    7.500013262.8672   19.1051
   -7.5000   22.5000    7.500012135.8564   19.0290
    0.0000   22.5000    7.500012516.7607   19.0484
    7.5000   22.5000    7.500012058.1758   19.0533
   -7.5000   30.0000    7.500010888.8838   18.8035
    0.0000   30.0000    7.500011250.2910   18.8130
    7.5000   30.0000    7.500010823.6318   18.8139
   -7.5000   37.5000    7.500010003.8037   18.8616
    0.0000   37.5000    7.500010318.4922   18.8602
    7.5000   37.5000    7.5000 9921.1484   18.8624
   -7.5000   45.0000    7.5000 8771.2197   18.4622
    0.0000   45.0000    7.5000 9025.7041   18.4580
    7.5000   45.0000    7.5000 8651.0781   18.4648
   -7.5000  -45.0000   15.000011440.2207   19.2107
    0.0000  -45.0000   15.000011961.7871   19.2051
    7.5000  -45.0000   15.000011406.1992   19.2045
   -7.5000  -37.5000   15.000011833.7480   19.1917
    0.0000  -37.5000   15.000012336.0791   19.1965
    7.5000  -37.5000   15.000011782.3945   19.2024
   -7.5000  -30.0000   15.000012582.6914   19.1458
    0.0000  -30.0000   15.000013110.2568   19.1654
    7.5000  -30.0000   15.000012527.4990   19.1733
   -7.5000  -22.5000   15.000013274.2744   19.1185
    0.0000  -22.5000   15.000013842.5977   19.1411
    7.5000  -22.5000   15.000013210.9395   19.1433
   -7.5000  -15.0000   15.000013879.0781   19.1308
    0.0000  -15.0000   15.000014452.1904   19.1438
    7.5000  -15.0000   15.000013818.8047   19.1388
   -7.5000   -7.5000   15.000014385.2109   19.1772
    0.0000   -7.5000   15.000014948.8223   19.1767
    7.5000   -7.5000   15.000014338.3213   19.1707
   -7.5000    0.0000   15.000014730.1172   19.2107
    0.0000    0.0000   15.000015254.8975   19.2051
    7.5000    0.0000   15.000014669.7256   19.2045
   -7.5000    7.5000   15.000013726.2520   19.1917
    0.0000    7.5000   15.000014201.9639   19.1965
    7.5000    7.5000   15.000013634.0225   19.2024
   -7.5000   15.0000   15.000012594.7559   19.1458
    0.0000   15.0000   15.000013020.5830   19.1654
    7.5000   15.0000   15.000012481.5420   19.1733
   -7.5000   22.5000   15.000011438.8770   19.1097
    0.0000   22.5000   15.000011828.3096   19.1323
    7.5000   22.5000   15.000011336.6162   19.1345
   -7.5000   30.0000   15.000010247.9043   18.8833
    0.0000   30.0000   15.000010616.0791   18.8960
    7.5000   30.0000   15.000010183.4443   18.8911
   -7.5000   37.5000   15.0000 9386.8340   18.9290
    0.0000   37.5000   15.0000 9710.0264   18.9285
    7.5000   37.5000   15.0000 9318.5566   18.9226
   -7.5000   45.0000   15.0000 8210.1201   18.5169
    0.0000   45.0000   15.0000 8479.1240   18.5115
    7.5000   45.0000   15.0000 8126.8545   18.5109
   -7.5000  -45.0000   22.500010594.2100   19.3294
    0.0000  -45.0000   22.500011055.3760   19.3255
    7.5000  -45.0000   22.500010550.0684   19.3222
   -7.5000  -37.5000   22.500010951.7988   19.3037
    0.0000  -37.5000   22.500011407.1377   19.3080
    7.5000  -37.5000   22.500010904.8174   19.3146
   -7.5000  -30.0000   22.500011672.9385   19.2612
    0.0000  -30.0000   22.500012167.6338   19.2784
    7.5000  -30.0000   22.500011627.5391   19.2847
   -7.5000  -22.5000   22.500012327.1611   19.2441
    0.0000  -22.5000   22.500012873.1572   19.2651
    7.5000  -22.5000   22.500012293.8916   19.2602
   -7.5000  -15.0000   22.500012866.3906   19.2611
    0.0000  -15.0000   22.500013417.5156   19.2747
    7.5000  -15.0000   22.500012842.7773   19.2598
   -7.5000   -7.5000   22.500013359.8398   19.3038
    0.0000   -7.5000   22.500013904.8926   19.3054
    7.5000   -7.5000   22.500013337.4209   19.2917
   -7.5000    0.0000   22.500013696.2656   19.3294
    0.0000    0.0000   22.500014246.7607   19.3255
    7.5000    0.0000   22.500013661.9336   19.3222
   -7.5000    7.5000   22.500012785.8623   19.3037
    0.0000    7.5000   22.500013267.0293   19.3080
    7.5000    7.5000   22.500012723.6953   19.3146
   -7.5000   15.0000   22.500011739.7061   19.2612
    0.0000   15.0000   22.500012160.5635   19.2784
    7.5000   15.0000   22.500011655.6797   19.2847
   -7.5000   22.5000   22.500010672.8379   19.2352
    0.0000   22.5000   22.500011049.8301   19.2562
    7.5000   22.5000   22.500010584.6484   19.2513
   -7.5000   30.0000   22.5000 9572.0312   19.0118
    0.0000   30.0000   22.5000 9915.9668   19.0252
    7.5000   30.0000   22.5000 9507.5361   19.0106
   -7.5000   37.5000   22.5000 8785.6455   19.0540
    0.0000   37.5000   22.5000 9083.2490   19.0556
    7.5000   37.5000   22.5000 8721.0186   19.0421
   -7.5000   45.0000   22.5000 7676.6094   18.6313
    0.0000   45.0000   22.5000 7932.3892   18.6276
    7.5000   45.0000   22.5000 7598.7085   18.6243
   -7.5000  -45.0000   30.0000 9679.3408   19.5917
    0.0000  -45.0000   30.000010096.0010   19.5949
    7.5000  -45.0000   30.0000 9645.5938   19.5956
   -7.5000  -37.5000   30.000010016.0234   19.5594
    0.0000  -37.5000   30.000010435.2207   19.5686
    7.5000  -37.5000   30.0000 9979.9248   19.5786
   -7.5000  -30.0000   30.000010700.6045   19.5089
    0.0000  -30.0000   30.000011154.6084   19.5288
    7.5000  -30.0000   30.000010655.9004   19.5351
   -7.5000  -22.5000   30.000011300.0889   19.4897
    0.0000  -22.5000   30.000011793.6221   19.5135
    7.5000  -22.5000   30.000011278.0605   19.5064
   -7.5000  -15.0000   30.000011811.9268   19.5110
    0.0000  -15.0000   30.000012322.1045   19.5298
    7.5000  -15.0000   30.000011801.6768   19.5130
   -7.5000   -7.5000   30.000012278.5557   19.5623
    0.0000   -7.5000   30.000012797.0381   19.5712
    7.5000   -7.5000   30.000012269.0684   19.5585
   -7.5000    0.0000   30.000012649.1572   19.5917
    0.0000    0.0000   30.000013151.6006   19.5949
    7.5000    0.0000   30.000012609.7578   19.5956
   -7.5000    7.5000   30.000011796.4160   19.5594
    0.0000    7.5000   30.000012249.5381   19.5686
    7.5000    7.5000   30.000011758.8096   19.5786
   -7.5000   15.0000   30.000010817.0742   19.5089
    0.0000   15.0000   30.000011234.7070   19.5288
    7.5000   15.0000   30.000010791.3877   19.5351
   -7.5000   22.5000   30.0000 9844.9785   19.4807
    0.0000   22.5000   30.000010210.4521   19.5045
    7.5000   22.5000   30.0000 9801.3066   19.4974
   -7.5000   30.0000   30.0000 8838.8438   19.2584
    0.0000   30.0000   30.0000 9167.0361   19.2770
    7.5000   30.0000   30.0000 8800.0947   19.2605
   -7.5000   37.5000   30.0000 8135.3623   19.3091
    0.0000   37.5000   30.0000 8429.5518   19.3179
    7.5000   37.5000   30.0000 8091.1724   19.3054
   -7.5000   45.0000   30.0000 7131.4878   18.8842
    0.0000   45.0000   30.0000 7372.3364   18.8872
    7.5000   45.0000   30.0000 7070.4800   18.8879
   -7.5000  -45.0000   37.5000 9178.8057   20.1259
    0.0000  -45.0000   37.5000 9571.3711   20.1321
    7.5000  -45.0000   37.5000 9185.2217   20.1441
   -7.5000  -37.5000   37.5000 9501.7080   20.0946
    0.0000  -37.5000   37.5000 9894.2734   20.1069
    7.5000  -37.5000   37.5000 9497.4189   20.1242
   -7.5000  -30.0000   37.500010129.7295   20.0301
    0.0000  -30.0000   37.500010559.2246   20.0511
    7.5000  -30.0000   37.500010138.0967   20.0614
   -7.5000  -22.5000   37.500010711.1641   19.9951
    0.0000  -22.5000   37.500011159.1797   20.0172
    7.5000  -22.5000   37.500010724.8633   20.0152
   -7.5000  -15.0000   37.500011213.8564   20.0152
    0.0000  -15.0000   37.500011669.4453   20.0321
    7.5000  -15.0000   37.500011229.8730   20.0232
   -7.5000   -7.5000   37.500011690.5039   20.0815
    0.0000   -7.5000   37.500012177.3506   20.0908
    7.5000   -7.5000   37.500011705.5732   20.0891
   -7.5000    0.0000   37.500012054.8623   20.1259
    0.0000    0.0000   37.500012562.2803   20.1321
    7.5000    0.0000   37.500012050.2100   20.1441
   -7.5000    7.5000   37.500011259.5723   20.0946
    0.0000    7.5000   37.500011725.1289   20.1069
    7.5000    7.5000   37.500011248.3301   20.1242
   -7.5000   15.0000   37.500010368.1211   20.0301
    0.0000   15.0000   37.500010775.1055   20.0511
    7.5000   15.0000   37.500010337.8477   20.0614
   -7.5000   22.5000   37.5000 9439.3613   19.9858
    0.0000   22.5000   37.5000 9795.0186   20.0080
    7.5000   22.5000   37.5000 9403.5742   20.0059
   -7.5000   30.0000   37.5000 8488.0088   19.7562
    0.0000   30.0000   37.5000 8809.3184   19.7729
    7.5000   30.0000   37.5000 8462.8652   19.7640
   -7.5000   37.5000   37.5000 7822.9077   19.8216
    0.0000   37.5000   37.5000 8117.5229   19.8308
    7.5000   37.5000   37.5000 7794.4766   19.8291
   -7.5000   45.0000   37.5000 6874.7627   19.3991
    0.0000   45.0000   37.5000 7121.0083   19.4050
    7.5000   45.0000   37.5000 6837.4150   19.4166
   -7.5000  -45.0000   45.0000 8292.4434   20.7614
    0.0000  -45.0000   45.0000 8660.1084   20.7696
    7.5000  -45.0000   45.0000 8326.6133   20.7841
   -7.5000  -37.5000   45.0000 8592.3320   20.7313
    0.0000  -37.5000   45.0000 8957.0869   20.7487
    7.5000  -37.5000   45.0000 8621.2529   20.7647
   -7.5000  -30.0000   45.0000 9180.5322   20.6621
    0.0000  -30.0000   45.0000 9568.5859   20.6905
    7.5000  -30.0000   45.0000 9213.7744   20.7017
   -7.5000  -22.5000   45.0000 9714.2920   20.6208
    0.0000  -22.5000   45.000010124.1455   20.6496
    7.5000  -22.5000   45.0000 9741.9590   20.6540
   -7.5000  -15.0000   45.000010180.2168   20.6423
    0.0000  -15.0000   45.000010607.1631   20.6629
    7.5000  -15.0000   45.000010208.9053   20.6634
   -7.5000   -7.5000   45.000010604.3379   20.7135
    0.0000   -7.5000   45.000011063.1318   20.7246
    7.5000   -7.5000   45.000010641.4346   20.7303
   -7.5000    0.0000   45.000010975.7100   20.7614
    0.0000    0.0000   45.000011451.7334   20.7696
    7.5000    0.0000   45.000010999.5791   20.7841
   -7.5000    7.5000   45.000010272.0645   20.7313
    0.0000    7.5000   45.000010706.5322   20.7487
    7.5000    7.5000   45.000010282.9033   20.7647
   -7.5000   15.0000   45.0000 9483.6680   20.6621
    0.0000   15.0000   45.0000 9862.0146   20.6905
    7.5000   15.0000   45.0000 9471.9004   20.7017
   -7.5000   22.5000   45.0000 8642.6064   20.6113
    0.0000   22.5000   45.0000 8977.8418   20.6401
    7.5000   22.5000   45.0000 8633.2539   20.6444
   -7.5000   30.0000   45.0000 7809.4463   20.3734
    0.0000   30.0000   45.0000 8103.3247   20.3938
    7.5000   30.0000   45.0000 7796.0435   20.3942
   -7.5000   37.5000   45.0000 7202.7407   20.4436
    0.0000   37.5000   45.0000 7487.7539   20.4546
    7.5000   37.5000   45.0000 7190.8745   20.4602
   -7.5000   45.0000   45.0000 6340.7573   20.0206
    0.0000   45.0000   45.0000 6583.3457   20.0286
    7.5000   45.0000   45.0000 6307.2827   20.0425

---------------------------------------------------------------------
imgreg_4dfp /opt/freesurfer/average/711-2C_as_mni_average_305 /opt/freesurfer/average/711-2B_as_mni_average_305_mask talsrcimg_g11 none talsrcimg_to_711-2C_as_mni_average_305_t4 4355
---------------------------------------------------------------------

freesurfer imgreg_4dfp.c
/opt/freesurfer/average/711-2C_as_mni_average_305.4dfp.img
       256       256       256         1
  1.000000  1.000000  1.000000
orientation T byte_order littleendian
Reading image: /opt/freesurfer/average/711-2C_as_mni_average_305.4dfp.img
dimensions:      256       256       256
mmppix:       1.0000   -1.0000   -1.0000
center:     128.0000 -129.0000 -129.0000
/opt/freesurfer/average/711-2B_as_mni_average_305_mask.4dfp.img
       256       256       256         1
  1.000000  1.000000  1.000000
orientation T byte_order littleendian
Reading mask: /opt/freesurfer/average/711-2B_as_mni_average_305_mask.4dfp.img (2306576 pixels)
talsrcimg_g11.4dfp.img
       256       256       256         1
  1.000000  1.000000  1.000000
orientation T byte_order littleendian
Reading image: talsrcimg_g11.4dfp.img
dimensions:      256       256       256
mmppix:       1.0000   -1.0000   -1.0000
center:     128.0000 -129.0000 -129.0000
rotation matrix determinant  1.000000
image alignment mode   4355 decimal     1103 hex
   -7.5000  -45.0000  -45.0000 2349.7056   13.8501
    0.0000  -45.0000  -45.0000 2354.4153   13.7652
    7.5000  -45.0000  -45.0000 2327.1782   13.9844
   -7.5000  -37.5000  -45.0000 2400.3887   13.1443
    0.0000  -37.5000  -45.0000 2409.6514   13.0523
    7.5000  -37.5000  -45.0000 2386.6887   13.2258
   -7.5000  -30.0000  -45.0000 2429.7429   12.6991
    0.0000  -30.0000  -45.0000 2444.9939   12.5938
    7.5000  -30.0000  -45.0000 2419.9290   12.7490
   -7.5000  -22.5000  -45.0000 2451.3396   12.5073
    0.0000  -22.5000  -45.0000 2469.0347   12.3884
    7.5000  -22.5000  -45.0000 2434.3884   12.5223
   -7.5000  -15.0000  -45.0000 2435.9543   12.5739
    0.0000  -15.0000  -45.0000 2453.3462   12.4784
    7.5000  -15.0000  -45.0000 2427.8162   12.6005
   -7.5000   -7.5000  -45.0000 2404.0854   12.9320
    0.0000   -7.5000  -45.0000 2423.2561   12.8248
    7.5000   -7.5000  -45.0000 2396.5330   12.9536
   -7.5000    0.0000  -45.0000 2349.2141   13.5615
    0.0000    0.0000  -45.0000 2367.3896   13.4424
    7.5000    0.0000  -45.0000 2341.2046   13.6104
   -7.5000    7.5000  -45.0000 2275.7031   14.4775
    0.0000    7.5000  -45.0000 2291.9036   14.3277
    7.5000    7.5000  -45.0000 2268.3123   14.5651
   -7.5000   15.0000  -45.0000 2177.9021   15.6982
    0.0000   15.0000  -45.0000 2194.3813   15.5222
    7.5000   15.0000  -45.0000 2172.3127   15.8310
   -7.5000   22.5000  -45.0000 2064.9915   17.3848
    0.0000   22.5000  -45.0000 2078.1187   17.1483
    7.5000   22.5000  -45.0000 2053.9880   17.5033
   -7.5000   30.0000  -45.0000 1934.5896   19.6255
    0.0000   30.0000  -45.0000 1950.0275   19.3678
    7.5000   30.0000  -45.0000 1924.8835   19.7440
   -7.5000   37.5000  -45.0000 1795.4078   22.7623
    0.0000   37.5000  -45.0000 1802.0756   22.4299
    7.5000   37.5000  -45.0000 1784.8104   22.7747
   -7.5000   45.0000  -45.0000 1652.9392   26.9617
    0.0000   45.0000  -45.0000 1662.6986   26.5871
    7.5000   45.0000  -45.0000 1639.6871   27.0016
   -7.5000  -45.0000  -37.5000 2420.5967   12.9092
    0.0000  -45.0000  -37.5000 2430.2358   12.8352
    7.5000  -45.0000  -37.5000 2401.5625   13.0197
   -7.5000  -37.5000  -37.5000 2479.2129   12.2114
    0.0000  -37.5000  -37.5000 2491.3308   12.1523
    7.5000  -37.5000  -37.5000 2469.8030   12.3216
   -7.5000  -30.0000  -37.5000 2522.1567   11.7863
    0.0000  -30.0000  -37.5000 2537.5422   11.7302
    7.5000  -30.0000  -37.5000 2509.5925   11.8772
   -7.5000  -22.5000  -37.5000 2551.7065   11.6263
    0.0000  -22.5000  -37.5000 2571.1309   11.5498
    7.5000  -22.5000  -37.5000 2531.8940   11.7120
   -7.5000  -15.0000  -37.5000 2542.2920   11.7385
    0.0000  -15.0000  -37.5000 2563.0200   11.6628
    7.5000  -15.0000  -37.5000 2527.5896   11.7717
   -7.5000   -7.5000  -37.5000 2506.1306   12.0911
    0.0000   -7.5000  -37.5000 2530.3247   12.0263
    7.5000   -7.5000  -37.5000 2494.7202   12.1098
   -7.5000    0.0000  -37.5000 2447.1760   12.7099
    0.0000    0.0000  -37.5000 2469.5168   12.6085
    7.5000    0.0000  -37.5000 2430.8533   12.7640
   -7.5000    7.5000  -37.5000 2361.1873   13.5792
    0.0000    7.5000  -37.5000 2380.8843   13.4551
    7.5000    7.5000  -37.5000 2350.3699   13.6515
   -7.5000   15.0000  -37.5000 2256.2375   14.7646
    0.0000   15.0000  -37.5000 2274.2581   14.6076
    7.5000   15.0000  -37.5000 2244.9524   14.8551
   -7.5000   22.5000  -37.5000 2132.4111   16.3129
    0.0000   22.5000  -37.5000 2145.9905   16.1719
    7.5000   22.5000  -37.5000 2119.7207   16.4696
   -7.5000   30.0000  -37.5000 1996.3104   18.4074
    0.0000   30.0000  -37.5000 2007.6824   18.2205
    7.5000   30.0000  -37.5000 1983.8228   18.5230
   -7.5000   37.5000  -37.5000 1850.4967   21.2401
    0.0000   37.5000  -37.5000 1859.4971   20.9369
    7.5000   37.5000  -37.5000 1842.2279   21.2893
   -7.5000   45.0000  -37.5000 1704.1774   24.9891
    0.0000   45.0000  -37.5000 1713.3075   24.6334
    7.5000   45.0000  -37.5000 1689.6874   25.1054
   -7.5000  -45.0000  -30.0000 2529.8601   12.5423
    0.0000  -45.0000  -30.0000 2540.2256   12.4570
    7.5000  -45.0000  -30.0000 2512.2322   12.6665
   -7.5000  -37.5000  -30.0000 2605.9475   11.8075
    0.0000  -37.5000  -30.0000 2619.6135   11.7420
    7.5000  -37.5000  -30.0000 2596.3059   11.9343
   -7.5000  -30.0000  -30.0000 2660.3655   11.4018
    0.0000  -30.0000  -30.0000 2677.0884   11.3424
    7.5000  -30.0000  -30.0000 2645.7607   11.5278
   -7.5000  -22.5000  -30.0000 2695.1003   11.2771
    0.0000  -22.5000  -30.0000 2717.7148   11.2072
    7.5000  -22.5000  -30.0000 2677.0325   11.3929
   -7.5000  -15.0000  -30.0000 2693.3889   11.3814
    0.0000  -15.0000  -30.0000 2715.2856   11.3165
    7.5000  -15.0000  -30.0000 2675.9709   11.4657
   -7.5000   -7.5000  -30.0000 2655.3042   11.7453
    0.0000   -7.5000  -30.0000 2681.4170   11.6680
    7.5000   -7.5000  -30.0000 2637.1582   11.8089
   -7.5000    0.0000  -30.0000 2582.7520   12.3782
    0.0000    0.0000  -30.0000 2608.4392   12.2724
    7.5000    0.0000  -30.0000 2567.4697   12.4455
   -7.5000    7.5000  -30.0000 2483.5452   13.2700
    0.0000    7.5000  -30.0000 2507.9109   13.1467
    7.5000    7.5000  -30.0000 2468.6333   13.3414
   -7.5000   15.0000  -30.0000 2367.4358   14.4361
    0.0000   15.0000  -30.0000 2385.6975   14.3127
    7.5000   15.0000  -30.0000 2350.5112   14.5397
   -7.5000   22.5000  -30.0000 2231.6938   15.9989
    0.0000   22.5000  -30.0000 2244.1226   15.8761
    7.5000   22.5000  -30.0000 2217.8159   16.1181
   -7.5000   30.0000  -30.0000 2086.7239   18.0494
    0.0000   30.0000  -30.0000 2095.2825   17.8755
    7.5000   30.0000  -30.0000 2076.0093   18.1485
   -7.5000   37.5000  -30.0000 1929.9497   20.7061
    0.0000   37.5000  -30.0000 1942.2245   20.4388
    7.5000   37.5000  -30.0000 1921.2596   20.8045
   -7.5000   45.0000  -30.0000 1773.3002   24.2655
    0.0000   45.0000  -30.0000 1782.8068   23.9111
    7.5000   45.0000  -30.0000 1765.3817   24.3367
   -7.5000  -45.0000  -22.5000 2600.4524   12.1343
    0.0000  -45.0000  -22.5000 2613.7385   12.0439
    7.5000  -45.0000  -22.5000 2587.0305   12.3278
   -7.5000  -37.5000  -22.5000 2697.3391   11.4075
    0.0000  -37.5000  -22.5000 2716.2979   11.3025
    7.5000  -37.5000  -22.5000 2685.7727   11.5629
   -7.5000  -30.0000  -22.5000 2776.6743   10.9948
    0.0000  -30.0000  -22.5000 2799.5471   10.9125
    7.5000  -30.0000  -22.5000 2755.4788   11.1394
   -7.5000  -22.5000  -22.5000 2818.1719   10.8762
    0.0000  -22.5000  -22.5000 2844.3442   10.8171
    7.5000  -22.5000  -22.5000 2795.2961   11.0323
   -7.5000  -15.0000  -22.5000 2814.9868   11.0063
    0.0000  -15.0000  -22.5000 2842.1350   10.9209
    7.5000  -15.0000  -22.5000 2794.9915   11.1458
   -7.5000   -7.5000  -22.5000 2764.3535   11.3910
    0.0000   -7.5000  -22.5000 2790.7368   11.2803
    7.5000   -7.5000  -22.5000 2747.7688   11.4862
   -7.5000    0.0000  -22.5000 2681.4861   11.9850
    0.0000    0.0000  -22.5000 2707.1880   11.8934
    7.5000    0.0000  -22.5000 2667.1636   12.0691
   -7.5000    7.5000  -22.5000 2568.6582   12.8761
    0.0000    7.5000  -22.5000 2593.2412   12.7722
    7.5000    7.5000  -22.5000 2552.8511   12.9526
   -7.5000   15.0000  -22.5000 2440.0120   14.0485
    0.0000   15.0000  -22.5000 2459.0422   13.9570
    7.5000   15.0000  -22.5000 2424.4272   14.1790
   -7.5000   22.5000  -22.5000 2299.2329   15.6200
    0.0000   22.5000  -22.5000 2312.0471   15.5173
    7.5000   22.5000  -22.5000 2283.9822   15.7613
   -7.5000   30.0000  -22.5000 2140.6389   17.5949
    0.0000   30.0000  -22.5000 2153.7893   17.4675
    7.5000   30.0000  -22.5000 2128.7878   17.7319
   -7.5000   37.5000  -22.5000 1976.3276   20.1202
    0.0000   37.5000  -22.5000 1989.9668   19.9225
    7.5000   37.5000  -22.5000 1970.2955   20.2037
   -7.5000   45.0000  -22.5000 1812.4972   23.5415
    0.0000   45.0000  -22.5000 1828.8844   23.2104
    7.5000   45.0000  -22.5000 1811.0189   23.6425
   -7.5000  -45.0000  -15.0000 2641.5393   11.8367
    0.0000  -45.0000  -15.0000 2654.6606   11.7321
    7.5000  -45.0000  -15.0000 2624.8572   12.0675
   -7.5000  -37.5000  -15.0000 2754.1440   11.1323
    0.0000  -37.5000  -15.0000 2774.8164   11.0075
    7.5000  -37.5000  -15.0000 2737.3818   11.3066
   -7.5000  -30.0000  -15.0000 2855.5754   10.6596
    0.0000  -30.0000  -15.0000 2888.0376   10.5624
    7.5000  -30.0000  -15.0000 2829.8318   10.8387
   -7.5000  -22.5000  -15.0000 2911.9653   10.5134
    0.0000  -22.5000  -15.0000 2941.8203   10.4111
    7.5000  -22.5000  -15.0000 2882.4763   10.7071
   -7.5000  -15.0000  -15.0000 2897.9448   10.6998
    0.0000  -15.0000  -15.0000 2928.4773   10.6077
    7.5000  -15.0000  -15.0000 2879.3079   10.8584
   -7.5000   -7.5000  -15.0000 2832.7041   11.1027
    0.0000   -7.5000  -15.0000 2859.0442   11.0340
    7.5000   -7.5000  -15.0000 2819.3220   11.2272
   -7.5000    0.0000  -15.0000 2734.2302   11.6812
    0.0000    0.0000  -15.0000 2760.6121   11.5976
    7.5000    0.0000  -15.0000 2724.5769   11.7925
   -7.5000    7.5000  -15.0000 2615.4907   12.5325
    0.0000    7.5000  -15.0000 2640.8428   12.4443
    7.5000    7.5000  -15.0000 2600.7871   12.6663
   -7.5000   15.0000  -15.0000 2476.4844   13.6979
    0.0000   15.0000  -15.0000 2495.3882   13.6427
    7.5000   15.0000  -15.0000 2460.7046   13.8820
   -7.5000   22.5000  -15.0000 2325.2393   15.2321
    0.0000   22.5000  -15.0000 2344.4961   15.1754
    7.5000   22.5000  -15.0000 2313.0420   15.4101
   -7.5000   30.0000  -15.0000 2162.0068   17.1473
    0.0000   30.0000  -15.0000 2175.7908   17.0503
    7.5000   30.0000  -15.0000 2151.2871   17.3117
   -7.5000   37.5000  -15.0000 1996.4958   19.6403
    0.0000   37.5000  -15.0000 2010.9684   19.4579
    7.5000   37.5000  -15.0000 1985.2349   19.7746
   -7.5000   45.0000  -15.0000 1832.5748   22.8487
    0.0000   45.0000  -15.0000 1841.4747   22.5815
    7.5000   45.0000  -15.0000 1824.5199   23.0084
   -7.5000  -45.0000   -7.5000 2646.5205   11.6912
    0.0000  -45.0000   -7.5000 2667.1697   11.5707
    7.5000  -45.0000   -7.5000 2632.0566   11.9041
   -7.5000  -37.5000   -7.5000 2773.1287   10.9627
    0.0000  -37.5000   -7.5000 2796.0857   10.8717
    7.5000  -37.5000   -7.5000 2758.5151   11.1462
   -7.5000  -30.0000   -7.5000 2886.0295   10.4577
    0.0000  -30.0000   -7.5000 2916.4993   10.3442
    7.5000  -30.0000   -7.5000 2861.1157   10.6550
   -7.5000  -22.5000   -7.5000 2953.4023   10.2318
    0.0000  -22.5000   -7.5000 2978.1477   10.1093
    7.5000  -22.5000   -7.5000 2921.2322   10.4566
   -7.5000  -15.0000   -7.5000 2937.5540   10.4478
    0.0000  -15.0000   -7.5000 2970.5583   10.3816
    7.5000  -15.0000   -7.5000 2917.0017   10.6542
   -7.5000   -7.5000   -7.5000 2860.4812   10.9038
    0.0000   -7.5000   -7.5000 2889.4905   10.8407
    7.5000   -7.5000   -7.5000 2847.6133   11.0815
   -7.5000    0.0000   -7.5000 2755.9099   11.4807
    0.0000    0.0000   -7.5000 2780.6101   11.3953
    7.5000    0.0000   -7.5000 2743.7070   11.6158
   -7.5000    7.5000   -7.5000 2626.9521   12.3109
    0.0000    7.5000   -7.5000 2649.6729   12.2288
    7.5000    7.5000   -7.5000 2612.8447   12.4586
   -7.5000   15.0000   -7.5000 2483.2808   13.4489
    0.0000   15.0000   -7.5000 2504.2471   13.3716
    7.5000   15.0000   -7.5000 2471.3486   13.6361
   -7.5000   22.5000   -7.5000 2325.4741   14.9434
    0.0000   22.5000   -7.5000 2351.9153   14.8808
    7.5000   22.5000   -7.5000 2320.2292   15.1442
   -7.5000   30.0000   -7.5000 2160.0232   16.8557
    0.0000   30.0000   -7.5000 2180.3687   16.7379
    7.5000   30.0000   -7.5000 2155.3633   17.0578
   -7.5000   37.5000   -7.5000 1995.2933   19.3250
    0.0000   37.5000   -7.5000 2009.6602   19.1127
    7.5000   37.5000   -7.5000 1987.4502   19.4909
   -7.5000   45.0000   -7.5000 1830.8026   22.4882
    0.0000   45.0000   -7.5000 1842.5361   22.2041
    7.5000   45.0000   -7.5000 1826.7833   22.6597
   -7.5000  -45.0000    0.0000 2636.5811   11.8135
    0.0000  -45.0000    0.0000 2662.4580   11.6637
    7.5000  -45.0000    0.0000 2628.7380   11.9958
   -7.5000  -37.5000    0.0000 2756.8970   11.0463
    0.0000  -37.5000    0.0000 2785.4319   10.9174
    7.5000  -37.5000    0.0000 2752.7122   11.2286
   -7.5000  -30.0000    0.0000 2863.7520   10.5669
    0.0000  -30.0000    0.0000 2893.9614   10.4288
    7.5000  -30.0000    0.0000 2849.2485   10.7253
   -7.5000  -22.5000    0.0000 2928.4126   10.3775
    0.0000  -22.5000    0.0000 2957.7764   10.2649
    7.5000  -22.5000    0.0000 2910.6282   10.5513
   -7.5000  -15.0000    0.0000 2923.3992   10.5545
    0.0000  -15.0000    0.0000 2958.6926   10.4557
    7.5000  -15.0000    0.0000 2906.7898   10.7196
   -7.5000   -7.5000    0.0000 2853.1426   10.9459
    0.0000   -7.5000    0.0000 2881.7188   10.8612
    7.5000   -7.5000    0.0000 2840.7256   11.0849
   -7.5000    0.0000    0.0000 2747.3127   11.5034
    0.0000    0.0000    0.0000 2771.3086   11.3877
    7.5000    0.0000    0.0000 2740.8997   11.6043
   -7.5000    7.5000    0.0000 2612.7888   12.3347
    0.0000    7.5000    0.0000 2634.4690   12.2171
    7.5000    7.5000    0.0000 2607.4409   12.4767
   -7.5000   15.0000    0.0000 2468.2500   13.4488
    0.0000   15.0000    0.0000 2491.8074   13.3263
    7.5000   15.0000    0.0000 2464.2612   13.6047
   -7.5000   22.5000    0.0000 2313.9424   14.8955
    0.0000   22.5000    0.0000 2333.5903   14.7680
    7.5000   22.5000    0.0000 2310.4424   15.0656
   -7.5000   30.0000    0.0000 2146.3750   16.8167
    0.0000   30.0000    0.0000 2164.8062   16.6727
    7.5000   30.0000    0.0000 2146.3850   16.9536
   -7.5000   37.5000    0.0000 1980.4683   19.2808
    0.0000   37.5000    0.0000 1995.8406   19.0553
    7.5000   37.5000    0.0000 1977.6061   19.3863
   -7.5000   45.0000    0.0000 1824.1600   22.4064
    0.0000   45.0000    0.0000 1831.3425   22.0844
    7.5000   45.0000    0.0000 1817.1550   22.5018
   -7.5000  -45.0000    7.5000 2609.8745   12.2104
    0.0000  -45.0000    7.5000 2639.8979   12.0636
    7.5000  -45.0000    7.5000 2607.1050   12.3319
   -7.5000  -37.5000    7.5000 2719.6721   11.4471
    0.0000  -37.5000    7.5000 2748.4302   11.3135
    7.5000  -37.5000    7.5000 2716.3748   11.5658
   -7.5000  -30.0000    7.5000 2809.6458   10.9472
    0.0000  -30.0000    7.5000 2841.4302   10.8274
    7.5000  -30.0000    7.5000 2801.5923   11.0752
   -7.5000  -22.5000    7.5000 2865.4353   10.7624
    0.0000  -22.5000    7.5000 2892.5315   10.6579
    7.5000  -22.5000    7.5000 2851.9399   10.8789
   -7.5000  -15.0000    7.5000 2861.0950   10.8919
    0.0000  -15.0000    7.5000 2889.7915   10.7780
    7.5000  -15.0000    7.5000 2848.5862   10.9819
   -7.5000   -7.5000    7.5000 2795.3064   11.2522
    0.0000   -7.5000    7.5000 2821.6157   11.1379
    7.5000   -7.5000    7.5000 2787.3584   11.3120
   -7.5000    0.0000    7.5000 2698.1777   11.7848
    0.0000    0.0000    7.5000 2722.0244   11.6562
    7.5000    0.0000    7.5000 2691.2080   11.8536
   -7.5000    7.5000    7.5000 2577.2449   12.5904
    0.0000    7.5000    7.5000 2600.9614   12.4652
    7.5000    7.5000    7.5000 2573.7932   12.6898
   -7.5000   15.0000    7.5000 2438.3726   13.7036
    0.0000   15.0000    7.5000 2462.3271   13.5610
    7.5000   15.0000    7.5000 2440.4021   13.7928
   -7.5000   22.5000    7.5000 2285.4778   15.0979
    0.0000   22.5000    7.5000 2307.0105   14.9239
    7.5000   22.5000    7.5000 2288.5000   15.1935
   -7.5000   30.0000    7.5000 2125.2634   16.9472
    0.0000   30.0000    7.5000 2144.7927   16.7441
    7.5000   30.0000    7.5000 2123.8716   17.0425
   -7.5000   37.5000    7.5000 1959.0897   19.3834
    0.0000   37.5000    7.5000 1974.5009   19.1539
    7.5000   37.5000    7.5000 1959.3973   19.4752
   -7.5000   45.0000    7.5000 1801.9570   22.5742
    0.0000   45.0000    7.5000 1809.4160   22.2632
    7.5000   45.0000    7.5000 1797.9015   22.5989
   -7.5000  -45.0000   15.0000 2567.4138   12.8135
    0.0000  -45.0000   15.0000 2600.3167   12.6895
    7.5000  -45.0000   15.0000 2561.7690   12.8991
   -7.5000  -37.5000   15.0000 2666.0024   12.0380
    0.0000  -37.5000   15.0000 2694.9663   11.9122
    7.5000  -37.5000   15.0000 2661.0840   12.1031
   -7.5000  -30.0000   15.0000 2740.0303   11.4953
    0.0000  -30.0000   15.0000 2768.5364   11.3811
    7.5000  -30.0000   15.0000 2731.3403   11.5770
   -7.5000  -22.5000   15.0000 2782.6748   11.2765
    0.0000  -22.5000   15.0000 2813.1206   11.1687
    7.5000  -22.5000   15.0000 2772.8643   11.3513
   -7.5000  -15.0000   15.0000 2770.7083   11.3396
    0.0000  -15.0000   15.0000 2801.2996   11.2501
    7.5000  -15.0000   15.0000 2764.6230   11.4085
   -7.5000   -7.5000   15.0000 2710.4956   11.6652
    0.0000   -7.5000   15.0000 2736.0498   11.5541
    7.5000   -7.5000   15.0000 2707.5273   11.7339
   -7.5000    0.0000   15.0000 2620.9233   12.2235
    0.0000    0.0000   15.0000 2643.1169   12.0832
    7.5000    0.0000   15.0000 2620.1738   12.2770
   -7.5000    7.5000   15.0000 2516.4775   13.0202
    0.0000    7.5000   15.0000 2541.6455   12.8906
    7.5000    7.5000   15.0000 2516.4099   13.0943
   -7.5000   15.0000   15.0000 2389.5789   14.0929
    0.0000   15.0000   15.0000 2412.3643   13.9611
    7.5000   15.0000   15.0000 2387.9966   14.1760
   -7.5000   22.5000   15.0000 2246.7234   15.4668
    0.0000   22.5000   15.0000 2264.7261   15.2957
    7.5000   22.5000   15.0000 2244.5620   15.5519
   -7.5000   30.0000   15.0000 2089.7354   17.3062
    0.0000   30.0000   15.0000 2106.5054   17.1296
    7.5000   30.0000   15.0000 2093.2153   17.3829
   -7.5000   37.5000   15.0000 1925.8987   19.7492
    0.0000   37.5000   15.0000 1937.3021   19.4954
    7.5000   37.5000   15.0000 1929.7910   19.7980
   -7.5000   45.0000   15.0000 1769.7096   22.9281
    0.0000   45.0000   15.0000 1776.5577   22.6008
    7.5000   45.0000   15.0000 1768.2290   22.9761
   -7.5000  -45.0000   22.5000 2508.2793   13.5961
    0.0000  -45.0000   22.5000 2534.0435   13.4601
    7.5000  -45.0000   22.5000 2504.6040   13.6395
   -7.5000  -37.5000   22.5000 2595.5598   12.7642
    0.0000  -37.5000   22.5000 2619.8894   12.6403
    7.5000  -37.5000   22.5000 2591.8560   12.8206
   -7.5000  -30.0000   22.5000 2660.1450   12.2041
    0.0000  -30.0000   22.5000 2682.9700   12.1120
    7.5000  -30.0000   22.5000 2654.6062   12.2819
   -7.5000  -22.5000   22.5000 2689.0618   11.9804
    0.0000  -22.5000   22.5000 2717.5461   11.8847
    7.5000  -22.5000   22.5000 2685.3032   12.0433
   -7.5000  -15.0000   22.5000 2671.3110   12.0080
    0.0000  -15.0000   22.5000 2700.0051   11.8972
    7.5000  -15.0000   22.5000 2670.3474   12.0454
   -7.5000   -7.5000   22.5000 2618.8352   12.2928
    0.0000   -7.5000   22.5000 2642.0156   12.1621
    7.5000   -7.5000   22.5000 2619.2375   12.3286
   -7.5000    0.0000   22.5000 2537.0603   12.8168
    0.0000    0.0000   22.5000 2560.9297   12.6848
    7.5000    0.0000   22.5000 2541.1055   12.8534
   -7.5000    7.5000   22.5000 2444.4180   13.5782
    0.0000    7.5000   22.5000 2465.5820   13.4460
    7.5000    7.5000   22.5000 2447.0957   13.6259
   -7.5000   15.0000   22.5000 2327.6050   14.6596
    0.0000   15.0000   22.5000 2345.9871   14.5047
    7.5000   15.0000   22.5000 2326.9321   14.6742
   -7.5000   22.5000   22.5000 2196.3325   16.0417
    0.0000   22.5000   22.5000 2210.8708   15.8515
    7.5000   22.5000   22.5000 2194.7678   16.0510
   -7.5000   30.0000   22.5000 2043.5072   17.9096
    0.0000   30.0000   22.5000 2055.6658   17.7507
    7.5000   30.0000   22.5000 2046.1503   17.9511
   -7.5000   37.5000   22.5000 1886.4165   20.3830
    0.0000   37.5000   22.5000 1895.3054   20.1535
    7.5000   37.5000   22.5000 1890.4050   20.4489
   -7.5000   45.0000   22.5000 1730.1432   23.5798
    0.0000   45.0000   22.5000 1740.3668   23.2704
    7.5000   45.0000   22.5000 1732.9985   23.6202
   -7.5000  -45.0000   30.0000 2439.4424   14.5970
    0.0000  -45.0000   30.0000 2457.4380   14.4295
    7.5000  -45.0000   30.0000 2436.8308   14.5880
   -7.5000  -37.5000   30.0000 2512.8838   13.7278
    0.0000  -37.5000   30.0000 2534.0237   13.5961
    7.5000  -37.5000   30.0000 2513.4270   13.7448
   -7.5000  -30.0000   30.0000 2570.9292   13.1355
    0.0000  -30.0000   30.0000 2589.7361   13.0128
    7.5000  -30.0000   30.0000 2565.5730   13.1665
   -7.5000  -22.5000   30.0000 2587.4944   12.8686
    0.0000  -22.5000   30.0000 2611.3452   12.7511
    7.5000  -22.5000   30.0000 2586.4712   12.8983
   -7.5000  -15.0000   30.0000 2568.6760   12.8566
    0.0000  -15.0000   30.0000 2592.7727   12.7349
    7.5000  -15.0000   30.0000 2570.1633   12.8752
   -7.5000   -7.5000   30.0000 2520.7146   13.1200
    0.0000   -7.5000   30.0000 2545.3335   12.9834
    7.5000   -7.5000   30.0000 2525.8093   13.1469
   -7.5000    0.0000   30.0000 2454.3911   13.6451
    0.0000    0.0000   30.0000 2472.4961   13.4737
    7.5000    0.0000   30.0000 2457.3977   13.6401
   -7.5000    7.5000   30.0000 2367.3345   14.3759
    0.0000    7.5000   30.0000 2383.3652   14.2089
    7.5000    7.5000   30.0000 2371.0112   14.3988
   -7.5000   15.0000   30.0000 2253.7537   15.4044
    0.0000   15.0000   30.0000 2271.3015   15.2310
    7.5000   15.0000   30.0000 2259.1458   15.4126
   -7.5000   22.5000   30.0000 2129.0222   16.8539
    0.0000   22.5000   30.0000 2142.0659   16.6349
    7.5000   22.5000   30.0000 2130.5789   16.8293
   -7.5000   30.0000   30.0000 1985.5480   18.7775
    0.0000   30.0000   30.0000 1998.7915   18.5193
    7.5000   30.0000   30.0000 1987.9482   18.7366
   -7.5000   37.5000   30.0000 1838.2087   21.3379
    0.0000   37.5000   30.0000 1849.4868   21.0732
    7.5000   37.5000   30.0000 1840.9994   21.3306
   -7.5000   45.0000   30.0000 1687.2883   24.6766
    0.0000   45.0000   30.0000 1694.3472   24.3783
    7.5000   45.0000   30.0000 1686.8641   24.7340
   -7.5000  -45.0000   37.5000 2364.2795   15.8138
    0.0000  -45.0000   37.5000 2383.6135   15.6459
    7.5000  -45.0000   37.5000 2368.8982   15.8204
   -7.5000  -37.5000   37.5000 2428.4438   14.8750
    0.0000  -37.5000   37.5000 2444.5107   14.7363
    7.5000  -37.5000   37.5000 2430.9990   14.9048
   -7.5000  -30.0000   37.5000 2471.1321   14.2396
    0.0000  -30.0000   37.5000 2485.9868   14.1178
    7.5000  -30.0000   37.5000 2473.3767   14.2784
   -7.5000  -22.5000   37.5000 2481.4338   13.9391
    0.0000  -22.5000   37.5000 2497.7122   13.8042
    7.5000  -22.5000   37.5000 2482.2983   13.9757
   -7.5000  -15.0000   37.5000 2464.0662   13.9170
    0.0000  -15.0000   37.5000 2478.2791   13.7471
    7.5000  -15.0000   37.5000 2466.7454   13.9343
   -7.5000   -7.5000   37.5000 2424.5093   14.1682
    0.0000   -7.5000   37.5000 2444.4048   13.9957
    7.5000   -7.5000   37.5000 2430.0447   14.1819
   -7.5000    0.0000   37.5000 2358.0977   14.7053
    0.0000    0.0000   37.5000 2379.5693   14.5101
    7.5000    0.0000   37.5000 2363.8147   14.6817
   -7.5000    7.5000   37.5000 2277.3018   15.4189
    0.0000    7.5000   37.5000 2295.3481   15.2398
    7.5000    7.5000   37.5000 2280.6777   15.4174
   -7.5000   15.0000   37.5000 2176.2051   16.4306
    0.0000   15.0000   37.5000 2190.8833   16.2097
    7.5000   15.0000   37.5000 2177.7598   16.4343
   -7.5000   22.5000   37.5000 2057.4226   17.8701
    0.0000   22.5000   37.5000 2067.8745   17.6540
    7.5000   22.5000   37.5000 2054.8232   17.8669
   -7.5000   30.0000   37.5000 1919.6213   19.8910
    0.0000   30.0000   37.5000 1928.0695   19.6365
    7.5000   30.0000   37.5000 1918.3657   19.8588
   -7.5000   37.5000   37.5000 1781.3823   22.6128
    0.0000   37.5000   37.5000 1792.3177   22.3097
    7.5000   37.5000   37.5000 1782.9060   22.5775
   -7.5000   45.0000   37.5000 1633.3075   26.1589
    0.0000   45.0000   37.5000 1643.4124   25.7927
    7.5000   45.0000   37.5000 1639.0072   26.1734
   -7.5000  -45.0000   45.0000 2270.1689   17.2707
    0.0000  -45.0000   45.0000 2288.7576   17.0846
    7.5000  -45.0000   45.0000 2278.0728   17.3127
   -7.5000  -37.5000   45.0000 2329.0723   16.2587
    0.0000  -37.5000   45.0000 2344.3562   16.0948
    7.5000  -37.5000   45.0000 2333.6316   16.3031
   -7.5000  -30.0000   45.0000 2365.2476   15.5729
    0.0000  -30.0000   45.0000 2382.6138   15.4095
    7.5000  -30.0000   45.0000 2369.4707   15.6196
   -7.5000  -22.5000   45.0000 2371.4304   15.2121
    0.0000  -22.5000   45.0000 2391.0437   15.0467
    7.5000  -22.5000   45.0000 2375.4714   15.2400
   -7.5000  -15.0000   45.0000 2356.0164   15.1623
    0.0000  -15.0000   45.0000 2374.3845   14.9705
    7.5000  -15.0000   45.0000 2360.9487   15.1865
   -7.5000   -7.5000   45.0000 2315.0068   15.4176
    0.0000   -7.5000   45.0000 2335.0220   15.2394
    7.5000   -7.5000   45.0000 2323.9448   15.4426
   -7.5000    0.0000   45.0000 2256.6309   15.9577
    0.0000    0.0000   45.0000 2278.4597   15.7625
    7.5000    0.0000   45.0000 2267.7222   15.9417
   -7.5000    7.5000   45.0000 2177.9019   16.7075
    0.0000    7.5000   45.0000 2200.4993   16.4760
    7.5000    7.5000   45.0000 2186.1101   16.6812
   -7.5000   15.0000   45.0000 2084.3608   17.6997
    0.0000   15.0000   45.0000 2102.2856   17.4493
    7.5000   15.0000   45.0000 2087.4539   17.7053
   -7.5000   22.5000   45.0000 1970.6510   19.2116
    0.0000   22.5000   45.0000 1981.3958   18.9651
    7.5000   22.5000   45.0000 1971.0083   19.2365
   -7.5000   30.0000   45.0000 1846.1067   21.3279
    0.0000   30.0000   45.0000 1853.7505   21.0272
    7.5000   30.0000   45.0000 1845.4066   21.3529
   -7.5000   37.5000   45.0000 1716.1340   24.1859
    0.0000   37.5000   45.0000 1725.7604   23.8291
    7.5000   37.5000   45.0000 1717.8700   24.1711
   -7.5000   45.0000   45.0000 1577.6010   28.0530
    0.0000   45.0000   45.0000 1582.8676   27.6833
    7.5000   45.0000   45.0000 1578.7992   28.0126

---------------------------------------------------------------------
imgreg_4dfp /opt/freesurfer/average/711-2C_as_mni_average_305 /opt/freesurfer/average/711-2B_as_mni_average_305_mask talsrcimg_g11 none talsrcimg_to_711-2C_as_mni_average_305_t4 1283
---------------------------------------------------------------------

freesurfer imgreg_4dfp.c
/opt/freesurfer/average/711-2C_as_mni_average_305.4dfp.img
       256       256       256         1
  1.000000  1.000000  1.000000
orientation T byte_order littleendian
Reading image: /opt/freesurfer/average/711-2C_as_mni_average_305.4dfp.img
dimensions:      256       256       256
mmppix:       1.0000   -1.0000   -1.0000
center:     128.0000 -129.0000 -129.0000
/opt/freesurfer/average/711-2B_as_mni_average_305_mask.4dfp.img
       256       256       256         1
  1.000000  1.000000  1.000000
orientation T byte_order littleendian
Reading mask: /opt/freesurfer/average/711-2B_as_mni_average_305_mask.4dfp.img (2306576 pixels)
talsrcimg_g11.4dfp.img
       256       256       256         1
  1.000000  1.000000  1.000000
orientation T byte_order littleendian
Reading image: talsrcimg_g11.4dfp.img
dimensions:      256       256       256
mmppix:       1.0000   -1.0000   -1.0000
center:     128.0000 -129.0000 -129.0000
rotation matrix determinant  1.000000
fimgreg.f
image alignment mode   1283 decimal      503 hex
parameters
    0.0000  -22.5000   -7.5000    0.0000    0.0000    0.0000
eta,q 0.93618 10.09872
niter,ni,del,rscale     5    3   12.0000    1.2000
parameter  2 -0.955915 -> -0.500000 qaram    1.1500
parameters
   -1.5329  -19.0500   -6.6021    0.9748   -1.3806   -2.3294
eta,q 0.93552 10.11290
  0.0734  0.0776  0.0670  0.0708  0.0660  0.0665
  0.0706  0.0739  0.0645  0.0689  0.0656  0.0650
  0.0701  0.0715  0.0645  0.0669  0.0653  0.0645
  0.0698  0.0695  0.0650  0.0652  0.0649  0.0652
  0.0713  0.0664  0.0651  0.0653  0.0654  0.0673
  0.0758  0.0646  0.0643  0.0664  0.0665  0.0702
  0.0826  0.0666  0.0655  0.0686  0.0684  0.0733
niter,ni,del,rscale     5    3   12.0000    1.2000
parameter  3  0.544023 ->  0.500000 qaram    1.1500
parameters
   -0.6762  -19.8130  -10.0521    1.2337   -1.2495   -3.7618
eta,q 0.93775 10.10449
  0.0722  0.0719  0.0640  0.0671  0.0652  0.0647
  0.0672  0.0693  0.0626  0.0669  0.0642  0.0636
  0.0650  0.0660  0.0630  0.0649  0.0632  0.0624
  0.0645  0.0645  0.0646  0.0626  0.0624  0.0624
  0.0645  0.0666  0.0649  0.0626  0.0625  0.0639
  0.0652  0.0711  0.0645  0.0646  0.0634  0.0661
  0.0683  0.0771  0.0673  0.0682  0.0655  0.0687
niter,ni,del,rscale     5    3   12.0000    1.2000
parameters
   -0.7810  -20.0514   -8.1411    1.9835   -0.2663   -3.8352
eta,q 0.93725 10.03735
  0.0707  0.0727  0.0799  0.0669  0.0664  0.0661
  0.0657  0.0698  0.0697  0.0665  0.0657  0.0647
  0.0633  0.0659  0.0639  0.0649  0.0644  0.0636
  0.0623  0.0623  0.0624  0.0631  0.0630  0.0627
  0.0620  0.0639  0.0635  0.0630  0.0628  0.0630
  0.0647  0.0689  0.0656  0.0640  0.0635  0.0645
  0.0728  0.0764  0.0654  0.0666  0.0656  0.0667
niter,ni,del,rscale     4    3   12.0000    1.2000
parameters
   -1.0941  -20.4021   -7.4859    2.7986   -0.0145   -3.6838
eta,q 0.93662 10.02995
  0.0704  0.0721  0.0722  0.0676  0.0664  0.0668
  0.0665  0.0689  0.0652  0.0671  0.0657  0.0653
  0.0641  0.0653  0.0627  0.0651  0.0644  0.0642
  0.0627  0.0629  0.0630  0.0636  0.0635  0.0634
  0.0628  0.0646  0.0653  0.0635  0.0633  0.0635
  0.0663  0.0691  0.0657  0.0646  0.0644  0.0648
  0.0742  0.0755  0.0671  0.0669  0.0669  0.0668
niter,ni,del,rscale     3    3   12.0000    1.2000
parameters
   -1.3338  -20.7293   -7.4791    3.3035   -0.0399   -3.6592
eta,q 0.93653 10.02999
  0.0707  0.0728  0.0706  0.0680  0.0661  0.0666
  0.0670  0.0691  0.0649  0.0671  0.0655  0.0650
  0.0647  0.0653  0.0626  0.0649  0.0643  0.0641
  0.0634  0.0635  0.0636  0.0636  0.0635  0.0635
  0.0633  0.0653  0.0657  0.0635  0.0633  0.0636
  0.0665  0.0697  0.0662  0.0650  0.0646  0.0647
  0.0738  0.0754  0.0687  0.0677  0.0671  0.0669
niter,ni,del,rscale     2    3   12.0000    1.2000
parameters
   -1.4030  -20.9408   -7.4380    3.5711   -0.0338   -3.6771
eta,q 0.93648 10.02878
  0.0712  0.0733  0.0711  0.0682  0.0661  0.0666
  0.0672  0.0692  0.0653  0.0670  0.0655  0.0650
  0.0647  0.0653  0.0627  0.0646  0.0644  0.0641
  0.0635  0.0635  0.0635  0.0636  0.0635  0.0635
  0.0632  0.0652  0.0658  0.0637  0.0633  0.0637
  0.0660  0.0695  0.0665  0.0654  0.0645  0.0648
  0.0732  0.0751  0.0691  0.0683  0.0670  0.0669
niter,ni,del,rscale     1    3   12.0000    1.2000
parameters
   -1.4371  -21.0622   -7.4152    3.7297    0.0045   -3.6895
eta,q 0.93646 10.02660
  0.0714  0.0737  0.0713  0.0683  0.0661  0.0667
  0.0673  0.0693  0.0655  0.0669  0.0655  0.0650
  0.0647  0.0654  0.0627  0.0646  0.0644  0.0641
  0.0635  0.0635  0.0636  0.0636  0.0636  0.0635
  0.0632  0.0651  0.0659  0.0638  0.0633  0.0638
  0.0659  0.0693  0.0667  0.0657  0.0645  0.0648
  0.0731  0.0749  0.0693  0.0686  0.0670  0.0669
registration optimization eta report
parameter search radius
    6.0000    6.9000    6.9000    6.0000    6.0000    6.0000
100000*second partial in parameter space
       25.       22.       14.       13.        8.        9.
  0.0714  0.0737  0.0713  0.0683  0.0661  0.0667
  0.0673  0.0693  0.0655  0.0669  0.0655  0.0650
  0.0647  0.0654  0.0627  0.0646  0.0644  0.0641
  0.0635  0.0635  0.0636  0.0636  0.0636  0.0635
  0.0632  0.0651  0.0659  0.0638  0.0633  0.0638
  0.0659  0.0693  0.0667  0.0657  0.0645  0.0648
  0.0731  0.0749  0.0693  0.0686  0.0670  0.0669
   -1.4371  -21.0622   -7.4152    3.7297    0.0045   -3.6895
eta,q 0.93646 10.02660

---------------------------------------------------------------------
imgreg_4dfp /opt/freesurfer/average/711-2C_as_mni_average_305 /opt/freesurfer/average/711-2B_as_mni_average_305_mask talsrcimg_g11 none talsrcimg_to_711-2C_as_mni_average_305_t4 3335
---------------------------------------------------------------------

freesurfer imgreg_4dfp.c
/opt/freesurfer/average/711-2C_as_mni_average_305.4dfp.img
       256       256       256         1
  1.000000  1.000000  1.000000
orientation T byte_order littleendian
Reading image: /opt/freesurfer/average/711-2C_as_mni_average_305.4dfp.img
dimensions:      256       256       256
mmppix:       1.0000   -1.0000   -1.0000
center:     128.0000 -129.0000 -129.0000
/opt/freesurfer/average/711-2B_as_mni_average_305_mask.4dfp.img
       256       256       256         1
  1.000000  1.000000  1.000000
orientation T byte_order littleendian
Reading mask: /opt/freesurfer/average/711-2B_as_mni_average_305_mask.4dfp.img (2306576 pixels)
talsrcimg_g11.4dfp.img
       256       256       256         1
  1.000000  1.000000  1.000000
orientation T byte_order littleendian
Reading image: talsrcimg_g11.4dfp.img
dimensions:      256       256       256
mmppix:       1.0000   -1.0000   -1.0000
center:     128.0000 -129.0000 -129.0000
fimgreg.f
image alignment mode   3335 decimal      D07 hex
parameters
   -1.4371  -21.0622   -7.4152   -0.2073   -0.4186   -0.2118
    6.4208   -0.4265   -6.4349   -6.4910    0.0079    6.5050
eta,q 0.93827 10.09128
niter,ni,del,rscale     5    3    5.0000    1.2000
parameter  4  3.428470 ->  0.500000 qaram    1.1500
parameter  5  2.948646 ->  0.500000 qaram    1.1500
parameter  6  2.645549 ->  0.500000 qaram    1.1500
parameter 12  1.682796 ->  0.500000 qaram    1.1500
parameters
   -1.6965  -20.9040   -6.6643   -4.3473   -4.5586   -4.3518
    3.7504    2.8832   -3.0386   -5.3760   -2.6125    2.3650
eta,q 0.95780  9.33229
  0.0629  0.0630  0.0634  0.0520  0.0473  0.0414  0.0450  0.0491  0.0466  0.0471  0.0437  0.0417
  0.0622  0.0623  0.0626  0.0549  0.0496  0.0437  0.0445  0.0468  0.0454  0.0453  0.0434  0.0421
  0.0618  0.0619  0.0621  0.0579  0.0524  0.0470  0.0443  0.0452  0.0444  0.0441  0.0434  0.0426
  0.0617  0.0617  0.0617  0.0616  0.0557  0.0503  0.0446  0.0443  0.0438  0.0435  0.0435  0.0434
  0.0620  0.0618  0.0616  0.0660  0.0593  0.0543  0.0452  0.0439  0.0435  0.0436  0.0437  0.0443
  0.0627  0.0621  0.0618  0.0703  0.0632  0.0587  0.0461  0.0439  0.0436  0.0443  0.0441  0.0454
  0.0636  0.0627  0.0621  0.0747  0.0674  0.0635  0.0471  0.0444  0.0439  0.0454  0.0446  0.0466
niter,ni,del,rscale     7    3    5.0000    1.2000
parameter  2 -0.526687 -> -0.500000 qaram    1.1500
parameter  4  1.922470 ->  0.500000 qaram    1.3225
parameter  5  1.648785 ->  0.500000 qaram    1.3225
parameter  6  0.659731 ->  0.500000 qaram    1.3225
parameter 12  0.638049 ->  0.500000 qaram    1.3225
parameters
   -0.7326  -19.5240   -7.1667   -9.1083   -9.3196   -9.1128
    4.5021    4.0153   -2.9501   -3.5993   -2.8970   -2.3960
eta,q 0.97228  8.92312
  0.0455  0.0453  0.0422  0.0328  0.0292  0.0295  0.0317  0.0345  0.0303  0.0326  0.0297  0.0279
  0.0440  0.0438  0.0416  0.0347  0.0306  0.0290  0.0303  0.0321  0.0294  0.0307  0.0290  0.0277
  0.0429  0.0427  0.0414  0.0378  0.0326  0.0289  0.0293  0.0301  0.0288  0.0294  0.0285  0.0279
  0.0422  0.0419  0.0414  0.0413  0.0354  0.0311  0.0288  0.0288  0.0286  0.0286  0.0283  0.0283
  0.0419  0.0415  0.0418  0.0453  0.0391  0.0351  0.0289  0.0287  0.0287  0.0283  0.0285  0.0291
  0.0420  0.0415  0.0424  0.0503  0.0431  0.0394  0.0296  0.0299  0.0293  0.0288  0.0291  0.0303
  0.0425  0.0419  0.0433  0.0557  0.0474  0.0447  0.0308  0.0321  0.0303  0.0301  0.0300  0.0317
niter,ni,del,rscale     7    3    5.0000    1.2000
parameter  4  0.513855 ->  0.500000 qaram    1.5209
parameters
   -0.5946  -18.6761   -8.1681  -14.5834  -14.0738  -10.4229
    4.6796    4.0144   -3.1326   -1.5189   -4.4663   -4.5925
eta,q 0.97553  8.57438
  0.0314  0.0325  0.0277  0.0271  0.0257  0.0274  0.0274  0.0282  0.0266  0.0286  0.0251  0.0257
  0.0296  0.0302  0.0272  0.0259  0.0245  0.0260  0.0261  0.0265  0.0256  0.0268  0.0248  0.0249
  0.0283  0.0286  0.0271  0.0257  0.0246  0.0254  0.0252  0.0253  0.0250  0.0256  0.0246  0.0245
  0.0277  0.0277  0.0274  0.0271  0.0257  0.0244  0.0248  0.0248  0.0248  0.0248  0.0247  0.0246
  0.0279  0.0274  0.0281  0.0302  0.0278  0.0243  0.0251  0.0252  0.0251  0.0247  0.0249  0.0253
  0.0290  0.0278  0.0291  0.0339  0.0310  0.0270  0.0259  0.0263  0.0258  0.0250  0.0253  0.0262
  0.0307  0.0288  0.0304  0.0391  0.0350  0.0314  0.0271  0.0283  0.0268  0.0258  0.0258  0.0274
niter,ni,del,rscale     7    3    5.0000    1.2000
parameters
   -0.3107  -17.8269   -7.7756  -15.3569  -14.8895  -10.2331
    4.4604    4.2309   -3.2509   -0.3010   -5.1832   -5.7936
eta,q 0.97596  8.51490
  0.0283  0.0298  0.0260  0.0282  0.0279  0.0278  0.0265  0.0277  0.0258  0.0271  0.0248  0.0257
  0.0265  0.0273  0.0251  0.0266  0.0260  0.0261  0.0252  0.0258  0.0249  0.0256  0.0243  0.0247
  0.0251  0.0255  0.0244  0.0252  0.0246  0.0251  0.0244  0.0246  0.0243  0.0246  0.0241  0.0241
  0.0245  0.0244  0.0242  0.0241  0.0242  0.0242  0.0241  0.0241  0.0241  0.0241  0.0241  0.0241
  0.0246  0.0242  0.0242  0.0245  0.0251  0.0234  0.0245  0.0245  0.0243  0.0242  0.0243  0.0246
  0.0254  0.0246  0.0245  0.0268  0.0268  0.0249  0.0254  0.0255  0.0250  0.0247  0.0246  0.0255
  0.0269  0.0257  0.0251  0.0306  0.0295  0.0286  0.0268  0.0273  0.0260  0.0256  0.0251  0.0267
niter,ni,del,rscale     6    3    5.0000    1.2000
parameters
   -0.1945  -17.5190   -7.8773  -15.5637  -15.2724  -10.2387
    4.3594    4.4189   -3.2235    0.5859   -5.4124   -6.4098
eta,q 0.97600  8.49447
  0.0275  0.0279  0.0253  0.0283  0.0279  0.0276  0.0265  0.0276  0.0258  0.0267  0.0249  0.0259
  0.0257  0.0259  0.0245  0.0266  0.0261  0.0260  0.0252  0.0257  0.0249  0.0253  0.0244  0.0249
  0.0245  0.0246  0.0241  0.0252  0.0246  0.0250  0.0243  0.0245  0.0243  0.0244  0.0241  0.0242
  0.0240  0.0240  0.0240  0.0240  0.0240  0.0240  0.0240  0.0240  0.0240  0.0240  0.0240  0.0240
  0.0243  0.0242  0.0242  0.0241  0.0248  0.0234  0.0244  0.0244  0.0242  0.0241  0.0242  0.0244
  0.0253  0.0251  0.0247  0.0260  0.0263  0.0250  0.0253  0.0255  0.0248  0.0247  0.0245  0.0253
  0.0269  0.0264  0.0254  0.0296  0.0287  0.0288  0.0266  0.0272  0.0258  0.0256  0.0250  0.0265
niter,ni,del,rscale     5    3    5.0000    1.2000
parameters
   -0.1594  -17.2826   -8.0258  -15.6804  -15.5792  -10.3308
    4.2818    4.5138   -3.2334    1.3327   -5.4807   -6.8755
eta,q 0.97599  8.47762
  0.0272  0.0276  0.0252  0.0282  0.0278  0.0276  0.0264  0.0274  0.0257  0.0265  0.0249  0.0260
  0.0255  0.0257  0.0244  0.0266  0.0261  0.0259  0.0252  0.0256  0.0248  0.0252  0.0244  0.0249
  0.0244  0.0245  0.0240  0.0252  0.0246  0.0249  0.0243  0.0244  0.0243  0.0244  0.0241  0.0242
  0.0240  0.0240  0.0240  0.0240  0.0240  0.0240  0.0240  0.0240  0.0240  0.0240  0.0240  0.0240
  0.0243  0.0242  0.0242  0.0240  0.0247  0.0234  0.0244  0.0244  0.0242  0.0242  0.0241  0.0244
  0.0254  0.0251  0.0247  0.0258  0.0261  0.0251  0.0252  0.0255  0.0248  0.0247  0.0245  0.0252
  0.0271  0.0265  0.0255  0.0294  0.0285  0.0289  0.0265  0.0272  0.0258  0.0256  0.0249  0.0264
niter,ni,del,rscale     4    3    5.0000    1.2000
parameters
   -0.1385  -17.0616   -8.1663  -15.7858  -15.8883  -10.4526
    4.2352    4.5708   -3.2572    2.0274   -5.5291   -7.2608
eta,q 0.97597  8.46007
  0.0271  0.0275  0.0252  0.0281  0.0277  0.0275  0.0264  0.0273  0.0257  0.0264  0.0250  0.0260
  0.0255  0.0257  0.0245  0.0265  0.0261  0.0259  0.0252  0.0256  0.0249  0.0252  0.0244  0.0250
  0.0244  0.0245  0.0241  0.0252  0.0246  0.0250  0.0243  0.0244  0.0243  0.0244  0.0241  0.0242
  0.0240  0.0240  0.0240  0.0240  0.0240  0.0240  0.0240  0.0240  0.0240  0.0241  0.0240  0.0240
  0.0243  0.0242  0.0242  0.0240  0.0247  0.0234  0.0244  0.0245  0.0242  0.0242  0.0242  0.0244
  0.0254  0.0251  0.0247  0.0257  0.0261  0.0251  0.0252  0.0255  0.0248  0.0247  0.0245  0.0252
  0.0270  0.0265  0.0255  0.0293  0.0284  0.0289  0.0265  0.0272  0.0258  0.0257  0.0249  0.0264
niter,ni,del,rscale     3    3    5.0000    1.2000
parameters
   -0.1199  -16.8377   -8.3019  -15.9036  -16.2256  -10.5932
    4.1980    4.6113   -3.2723    2.7525   -5.5766   -7.6514
eta,q 0.97593  8.44040
  0.0271  0.0275  0.0253  0.0280  0.0275  0.0275  0.0264  0.0273  0.0258  0.0264  0.0250  0.0261
  0.0255  0.0257  0.0245  0.0264  0.0260  0.0259  0.0252  0.0256  0.0249  0.0253  0.0245  0.0250
  0.0244  0.0245  0.0241  0.0252  0.0247  0.0250  0.0244  0.0244  0.0243  0.0245  0.0242  0.0243
  0.0240  0.0240  0.0240  0.0240  0.0240  0.0240  0.0241  0.0241  0.0241  0.0241  0.0241  0.0241
  0.0244  0.0243  0.0243  0.0240  0.0247  0.0235  0.0244  0.0245  0.0243  0.0242  0.0242  0.0244
  0.0254  0.0251  0.0248  0.0256  0.0261  0.0251  0.0252  0.0255  0.0249  0.0247  0.0245  0.0252
  0.0270  0.0265  0.0255  0.0292  0.0283  0.0289  0.0265  0.0272  0.0258  0.0257  0.0250  0.0264
niter,ni,del,rscale     2    3    5.0000    1.2000
parameters
   -0.1030  -16.5963   -8.4504  -16.0297  -16.6061  -10.7583
    4.1535    4.6558   -3.2987    3.5071   -5.6256   -8.0251
eta,q 0.97589  8.41778
  0.0271  0.0275  0.0253  0.0279  0.0274  0.0275  0.0264  0.0273  0.0258  0.0265  0.0250  0.0261
  0.0255  0.0258  0.0245  0.0263  0.0260  0.0259  0.0252  0.0256  0.0250  0.0254  0.0245  0.0250
  0.0244  0.0246  0.0241  0.0252  0.0247  0.0250  0.0244  0.0245  0.0244  0.0246  0.0242  0.0243
  0.0241  0.0241  0.0241  0.0240  0.0241  0.0241  0.0241  0.0241  0.0241  0.0241  0.0241  0.0241
  0.0244  0.0243  0.0243  0.0240  0.0247  0.0235  0.0244  0.0246  0.0243  0.0242  0.0243  0.0245
  0.0254  0.0251  0.0248  0.0256  0.0261  0.0252  0.0253  0.0255  0.0249  0.0247  0.0246  0.0253
  0.0270  0.0264  0.0255  0.0291  0.0282  0.0290  0.0265  0.0271  0.0259  0.0257  0.0250  0.0264
niter,ni,del,rscale     1    3    5.0000    1.2000
parameters
   -0.0813  -16.3407   -8.5966  -16.1596  -17.0192  -10.9334
    4.1046    4.7061   -3.3165    4.2630   -5.6793   -8.4191
eta,q 0.97583  8.39325
  0.0270  0.0275  0.0253  0.0278  0.0273  0.0275  0.0264  0.0273  0.0258  0.0266  0.0251  0.0261
  0.0255  0.0258  0.0246  0.0263  0.0259  0.0259  0.0252  0.0256  0.0250  0.0255  0.0246  0.0251
  0.0245  0.0246  0.0242  0.0252  0.0248  0.0250  0.0245  0.0245  0.0244  0.0246  0.0242  0.0244
  0.0241  0.0241  0.0241  0.0241  0.0241  0.0241  0.0242  0.0242  0.0242  0.0242  0.0242  0.0242
  0.0244  0.0243  0.0244  0.0240  0.0247  0.0236  0.0245  0.0246  0.0244  0.0243  0.0243  0.0245
  0.0254  0.0251  0.0249  0.0255  0.0261  0.0252  0.0253  0.0256  0.0250  0.0248  0.0246  0.0253
  0.0269  0.0264  0.0256  0.0290  0.0282  0.0290  0.0265  0.0271  0.0259  0.0258  0.0251  0.0264
registration optimization eta report
parameter search radius
    2.4000    2.7600    2.4000   10.9503    9.5220    9.5220
    7.2000    7.2000    7.2000    7.2000    7.2000    9.5220
100000*second partial in parameter space
       50.       37.       23.        4.        4.        5.
        4.        6.        3.        4.        2.        2.
  0.0270  0.0275  0.0253  0.0278  0.0273  0.0275  0.0264  0.0273  0.0258  0.0266  0.0251  0.0261
  0.0255  0.0258  0.0246  0.0263  0.0259  0.0259  0.0252  0.0256  0.0250  0.0255  0.0246  0.0251
  0.0245  0.0246  0.0242  0.0252  0.0248  0.0250  0.0245  0.0245  0.0244  0.0246  0.0242  0.0244
  0.0241  0.0241  0.0241  0.0241  0.0241  0.0241  0.0242  0.0242  0.0242  0.0242  0.0242  0.0242
  0.0244  0.0243  0.0244  0.0240  0.0247  0.0236  0.0245  0.0246  0.0244  0.0243  0.0243  0.0245
  0.0254  0.0251  0.0249  0.0255  0.0261  0.0252  0.0253  0.0256  0.0250  0.0248  0.0246  0.0253
  0.0269  0.0264  0.0256  0.0290  0.0282  0.0290  0.0265  0.0271  0.0259  0.0258  0.0251  0.0264
   -0.0813  -16.3407   -8.5966  -16.1596  -17.0192  -10.9334
    4.1046    4.7061   -3.3165    4.2630   -5.6793   -8.4191
eta,q 0.97583  8.39325

---------------------------------------------------------------------
imgreg_4dfp /opt/freesurfer/average/711-2C_as_mni_average_305 /opt/freesurfer/average/711-2B_as_mni_average_305_mask talsrcimg_g11 none talsrcimg_to_711-2C_as_mni_average_305_t4 2311
---------------------------------------------------------------------

freesurfer imgreg_4dfp.c
/opt/freesurfer/average/711-2C_as_mni_average_305.4dfp.img
       256       256       256         1
  1.000000  1.000000  1.000000
orientation T byte_order littleendian
Reading image: /opt/freesurfer/average/711-2C_as_mni_average_305.4dfp.img
dimensions:      256       256       256
mmppix:       1.0000   -1.0000   -1.0000
center:     128.0000 -129.0000 -129.0000
/opt/freesurfer/average/711-2B_as_mni_average_305_mask.4dfp.img
       256       256       256         1
  1.000000  1.000000  1.000000
orientation T byte_order littleendian
Reading mask: /opt/freesurfer/average/711-2B_as_mni_average_305_mask.4dfp.img (2306576 pixels)
talsrcimg_g11.4dfp.img
       256       256       256         1
  1.000000  1.000000  1.000000
orientation T byte_order littleendian
Reading image: talsrcimg_g11.4dfp.img
dimensions:      256       256       256
mmppix:       1.0000   -1.0000   -1.0000
center:     128.0000 -129.0000 -129.0000
fimgreg.f
image alignment mode   2311 decimal      907 hex
parameters
   -0.0813  -16.3407   -8.5966  -16.1596  -17.0192  -10.9334
    4.1046    4.7061   -3.3165    4.2630   -5.6793   -8.4191
eta,q 0.97583  8.39325
niter,ni,del,rscale     5    3    5.0000    0.8000
parameter  6 -0.543161 -> -0.500000 qaram    1.1500
parameters
   -0.0556  -16.1379   -8.7803  -13.8633  -16.9806   -8.1734
    4.1328    5.2767   -3.2440    4.6663   -4.6193   -9.3566
eta,q 0.97670  8.56927
  0.0255  0.0254  0.0246  0.0255  0.0251  0.0253  0.0245  0.0257  0.0242  0.0245  0.0243  0.0237
  0.0248  0.0248  0.0243  0.0250  0.0245  0.0248  0.0239  0.0246  0.0238  0.0239  0.0239  0.0234
  0.0243  0.0244  0.0242  0.0246  0.0241  0.0244  0.0235  0.0238  0.0235  0.0235  0.0235  0.0233
  0.0242  0.0242  0.0241  0.0241  0.0239  0.0239  0.0234  0.0234  0.0234  0.0234  0.0234  0.0233
  0.0243  0.0242  0.0243  0.0239  0.0240  0.0235  0.0235  0.0234  0.0234  0.0234  0.0233  0.0235
  0.0247  0.0245  0.0245  0.0239  0.0245  0.0234  0.0239  0.0239  0.0237  0.0237  0.0235  0.0238
  0.0254  0.0249  0.0249  0.0243  0.0251  0.0240  0.0245  0.0249  0.0241  0.0242  0.0237  0.0242
niter,ni,del,rscale     5    3    5.0000    0.8000
parameters
   -0.3002  -16.2947   -8.6039  -14.2156  -16.8710   -8.8871
    4.2608    4.7825   -3.4307    4.4411   -4.4384   -9.0249
eta,q 0.97667  8.54212
  0.0243  0.0241  0.0244  0.0244  0.0245  0.0250  0.0244  0.0248  0.0240  0.0242  0.0240  0.0240
  0.0236  0.0236  0.0238  0.0238  0.0239  0.0244  0.0239  0.0240  0.0237  0.0237  0.0236  0.0237
  0.0233  0.0233  0.0234  0.0234  0.0234  0.0236  0.0235  0.0235  0.0234  0.0234  0.0234  0.0234
  0.0233  0.0233  0.0232  0.0232  0.0232  0.0232  0.0233  0.0233  0.0233  0.0233  0.0233  0.0233
  0.0236  0.0234  0.0233  0.0234  0.0233  0.0235  0.0234  0.0237  0.0234  0.0235  0.0234  0.0234
  0.0243  0.0238  0.0235  0.0239  0.0238  0.0249  0.0238  0.0244  0.0237  0.0238  0.0236  0.0235
  0.0252  0.0244  0.0239  0.0249  0.0244  0.0269  0.0243  0.0257  0.0242  0.0244  0.0239  0.0239
niter,ni,del,rscale     4    3    5.0000    0.7000
parameters
   -0.3059  -16.3058   -8.6553  -13.9879  -16.7782   -8.8783
    4.3745    4.8136   -3.4727    4.3821   -4.3454   -8.9696
eta,q 0.97669  8.55368
  0.0244  0.0241  0.0239  0.0244  0.0243  0.0249  0.0242  0.0248  0.0239  0.0240  0.0238  0.0238
  0.0238  0.0237  0.0236  0.0239  0.0238  0.0244  0.0237  0.0240  0.0236  0.0236  0.0235  0.0235
  0.0234  0.0234  0.0234  0.0235  0.0235  0.0238  0.0234  0.0235  0.0234  0.0234  0.0234  0.0234
  0.0233  0.0233  0.0233  0.0233  0.0233  0.0233  0.0233  0.0233  0.0233  0.0233  0.0233  0.0233
  0.0235  0.0234  0.0234  0.0234  0.0234  0.0233  0.0234  0.0234  0.0234  0.0234  0.0234  0.0234
  0.0238  0.0237  0.0236  0.0237  0.0237  0.0239  0.0237  0.0239  0.0236  0.0236  0.0235  0.0235
  0.0245  0.0241  0.0240  0.0242  0.0243  0.0254  0.0241  0.0248  0.0239  0.0240  0.0238  0.0238
niter,ni,del,rscale     3    3    5.0000    0.6000
parameters
   -0.3353  -16.3382   -8.6682  -13.8683  -16.6811   -8.6187
    4.3895    4.8715   -3.4710    4.2731   -4.2144   -8.9570
eta,q 0.97674  8.56893
  0.0241  0.0239  0.0238  0.0241  0.0241  0.0247  0.0239  0.0244  0.0237  0.0237  0.0237  0.0236
  0.0237  0.0235  0.0235  0.0237  0.0237  0.0242  0.0235  0.0238  0.0235  0.0235  0.0234  0.0234
  0.0234  0.0234  0.0233  0.0234  0.0234  0.0237  0.0233  0.0234  0.0233  0.0233  0.0233  0.0233
  0.0233  0.0233  0.0233  0.0233  0.0233  0.0233  0.0233  0.0233  0.0233  0.0233  0.0233  0.0233
  0.0234  0.0234  0.0234  0.0234  0.0234  0.0232  0.0233  0.0234  0.0233  0.0233  0.0233  0.0233
  0.0237  0.0236  0.0235  0.0236  0.0236  0.0236  0.0235  0.0237  0.0235  0.0235  0.0234  0.0234
  0.0242  0.0239  0.0238  0.0240  0.0240  0.0247  0.0239  0.0244  0.0237  0.0238  0.0236  0.0236
niter,ni,del,rscale     2    3    5.0000    0.5000
parameters
   -0.3595  -16.4079   -8.6297  -13.8169  -16.5819   -8.3423
    4.3991    4.8952   -3.4726    4.0584   -4.1471   -8.8820
eta,q 0.97679  8.58143
  0.0238  0.0236  0.0236  0.0238  0.0238  0.0244  0.0237  0.0240  0.0235  0.0235  0.0235  0.0235
  0.0235  0.0234  0.0234  0.0235  0.0235  0.0239  0.0234  0.0236  0.0234  0.0233  0.0233  0.0233
  0.0233  0.0233  0.0233  0.0233  0.0233  0.0235  0.0233  0.0233  0.0233  0.0232  0.0232  0.0233
  0.0233  0.0233  0.0233  0.0233  0.0233  0.0233  0.0232  0.0232  0.0232  0.0232  0.0232  0.0232
  0.0233  0.0233  0.0233  0.0233  0.0233  0.0232  0.0233  0.0233  0.0232  0.0233  0.0232  0.0232
  0.0235  0.0235  0.0234  0.0235  0.0235  0.0235  0.0234  0.0236  0.0234  0.0234  0.0233  0.0233
  0.0239  0.0237  0.0236  0.0238  0.0238  0.0243  0.0236  0.0240  0.0235  0.0236  0.0235  0.0235
niter,ni,del,rscale     1    3    5.0000    0.4000
parameters
   -0.3755  -16.4981   -8.5675  -13.8302  -16.4648   -8.0920
    4.4000    4.9021   -3.4452    3.7884   -4.1290   -8.7644
eta,q 0.97683  8.59120
  0.0236  0.0234  0.0235  0.0236  0.0236  0.0240  0.0235  0.0237  0.0234  0.0234  0.0234  0.0234
  0.0234  0.0233  0.0233  0.0234  0.0234  0.0237  0.0233  0.0234  0.0233  0.0232  0.0233  0.0233
  0.0232  0.0232  0.0232  0.0232  0.0233  0.0234  0.0232  0.0232  0.0232  0.0232  0.0232  0.0232
  0.0232  0.0232  0.0232  0.0232  0.0232  0.0232  0.0232  0.0232  0.0232  0.0232  0.0232  0.0232
  0.0233  0.0233  0.0232  0.0232  0.0232  0.0232  0.0232  0.0232  0.0232  0.0232  0.0232  0.0232
  0.0234  0.0234  0.0233  0.0234  0.0233  0.0234  0.0233  0.0234  0.0233  0.0233  0.0233  0.0232
  0.0236  0.0235  0.0234  0.0236  0.0235  0.0239  0.0235  0.0237  0.0234  0.0235  0.0234  0.0233
registration optimization eta report
parameter search radius
    0.8000    0.8000    0.8000    2.4000    2.4000    2.7600
    2.4000    2.4000    2.4000    2.4000    2.4000    2.4000
100000*second partial in parameter space
       60.       40.       35.        6.        6.       10.
        5.       10.        4.        4.        3.        3.
  0.0236  0.0234  0.0235  0.0236  0.0236  0.0240  0.0235  0.0237  0.0234  0.0234  0.0234  0.0234
  0.0234  0.0233  0.0233  0.0234  0.0234  0.0237  0.0233  0.0234  0.0233  0.0232  0.0233  0.0233
  0.0232  0.0232  0.0232  0.0232  0.0233  0.0234  0.0232  0.0232  0.0232  0.0232  0.0232  0.0232
  0.0232  0.0232  0.0232  0.0232  0.0232  0.0232  0.0232  0.0232  0.0232  0.0232  0.0232  0.0232
  0.0233  0.0233  0.0232  0.0232  0.0232  0.0232  0.0232  0.0232  0.0232  0.0232  0.0232  0.0232
  0.0234  0.0234  0.0233  0.0234  0.0233  0.0234  0.0233  0.0234  0.0233  0.0233  0.0233  0.0232
  0.0236  0.0235  0.0234  0.0236  0.0235  0.0239  0.0235  0.0237  0.0234  0.0235  0.0234  0.0233
   -0.3755  -16.4981   -8.5675  -13.8302  -16.4648   -8.0920
    4.4000    4.9021   -3.4452    3.7884   -4.1290   -8.7644
eta,q 0.97683  8.59120

---------------------------------------------------------------------
imgreg_4dfp /opt/freesurfer/average/711-2C_as_mni_average_305 /opt/freesurfer/average/711-2B_as_mni_average_305_mask talsrcimg_g11 none talsrcimg_to_711-2C_as_mni_average_305_t4 2311
---------------------------------------------------------------------

freesurfer imgreg_4dfp.c
/opt/freesurfer/average/711-2C_as_mni_average_305.4dfp.img
       256       256       256         1
  1.000000  1.000000  1.000000
orientation T byte_order littleendian
Reading image: /opt/freesurfer/average/711-2C_as_mni_average_305.4dfp.img
dimensions:      256       256       256
mmppix:       1.0000   -1.0000   -1.0000
center:     128.0000 -129.0000 -129.0000
/opt/freesurfer/average/711-2B_as_mni_average_305_mask.4dfp.img
       256       256       256         1
  1.000000  1.000000  1.000000
orientation T byte_order littleendian
Reading mask: /opt/freesurfer/average/711-2B_as_mni_average_305_mask.4dfp.img (2306576 pixels)
talsrcimg_g11.4dfp.img
       256       256       256         1
  1.000000  1.000000  1.000000
orientation T byte_order littleendian
Reading image: talsrcimg_g11.4dfp.img
dimensions:      256       256       256
mmppix:       1.0000   -1.0000   -1.0000
center:     128.0000 -129.0000 -129.0000
fimgreg.f
image alignment mode   2311 decimal      907 hex
parameters
   -0.3755  -16.4981   -8.5675  -13.8302  -16.4648   -8.0920
    4.4000    4.9021   -3.4452    3.7884   -4.1290   -8.7644
eta,q 0.97683  8.59120
niter,ni,del,rscale     5    3    5.0000    0.8000
parameters
   -0.3729  -16.5961   -8.4693  -14.1093  -16.4508   -8.5060
    4.4074    4.6817   -3.5400    3.5375   -4.1798   -8.5899
eta,q 0.97678  8.56975
  0.0247  0.0241  0.0242  0.0244  0.0244  0.0248  0.0243  0.0250  0.0240  0.0241  0.0239  0.0239
  0.0239  0.0235  0.0236  0.0238  0.0238  0.0242  0.0237  0.0241  0.0236  0.0236  0.0235  0.0235
  0.0233  0.0232  0.0233  0.0233  0.0234  0.0235  0.0234  0.0234  0.0233  0.0233  0.0233  0.0233
  0.0232  0.0232  0.0232  0.0232  0.0232  0.0232  0.0232  0.0232  0.0232  0.0232  0.0232  0.0232
  0.0234  0.0233  0.0232  0.0233  0.0233  0.0233  0.0234  0.0235  0.0233  0.0234  0.0233  0.0233
  0.0239  0.0237  0.0235  0.0239  0.0238  0.0243  0.0237  0.0242  0.0236  0.0237  0.0235  0.0235
  0.0247  0.0243  0.0240  0.0248  0.0244  0.0259  0.0243  0.0254  0.0241  0.0242  0.0239  0.0238
niter,ni,del,rscale     4    3    5.0000    0.7000
parameters
   -0.3568  -16.6130   -8.4756  -13.9429  -16.3745   -8.4154
    4.4235    4.7603   -3.5299    3.4396   -4.1466   -8.5563
eta,q 0.97680  8.58033
  0.0244  0.0240  0.0239  0.0243  0.0243  0.0247  0.0241  0.0248  0.0238  0.0239  0.0237  0.0237
  0.0238  0.0236  0.0235  0.0238  0.0237  0.0241  0.0236  0.0240  0.0235  0.0235  0.0234  0.0234
  0.0234  0.0233  0.0233  0.0234  0.0234  0.0236  0.0233  0.0234  0.0233  0.0233  0.0233  0.0233
  0.0232  0.0232  0.0232  0.0232  0.0232  0.0232  0.0232  0.0232  0.0232  0.0232  0.0232  0.0232
  0.0233  0.0233  0.0233  0.0233  0.0233  0.0232  0.0233  0.0233  0.0233  0.0233  0.0233  0.0233
  0.0237  0.0236  0.0235  0.0236  0.0237  0.0237  0.0236  0.0238  0.0235  0.0235  0.0234  0.0234
  0.0244  0.0240  0.0239  0.0242  0.0242  0.0249  0.0241  0.0247  0.0238  0.0239  0.0237  0.0237
niter,ni,del,rscale     3    3    5.0000    0.6000
parameters
   -0.3680  -16.6600   -8.4690  -13.8586  -16.2850   -8.2031
    4.4144    4.8203   -3.5168    3.2817   -4.1032   -8.5093
eta,q 0.97684  8.59207
  0.0240  0.0237  0.0237  0.0240  0.0240  0.0244  0.0238  0.0244  0.0236  0.0236  0.0236  0.0235
  0.0236  0.0234  0.0234  0.0236  0.0236  0.0239  0.0235  0.0237  0.0234  0.0233  0.0233  0.0233
  0.0233  0.0232  0.0233  0.0233  0.0233  0.0235  0.0232  0.0233  0.0232  0.0232  0.0232  0.0232
  0.0232  0.0232  0.0232  0.0232  0.0232  0.0232  0.0232  0.0232  0.0232  0.0232  0.0232  0.0232
  0.0233  0.0233  0.0233  0.0233  0.0233  0.0232  0.0232  0.0233  0.0232  0.0232  0.0232  0.0232
  0.0236  0.0235  0.0234  0.0235  0.0235  0.0235  0.0235  0.0237  0.0234  0.0234  0.0233  0.0233
  0.0241  0.0238  0.0237  0.0240  0.0240  0.0244  0.0238  0.0243  0.0236  0.0237  0.0235  0.0235
niter,ni,del,rscale     2    3    5.0000    0.5000
parameters
   -0.3811  -16.7358   -8.4267  -13.8319  -16.1927   -7.9934
    4.3976    4.8499   -3.5005    3.0514   -4.0829   -8.4178
eta,q 0.97687  8.60137
  0.0238  0.0235  0.0235  0.0237  0.0238  0.0241  0.0236  0.0240  0.0234  0.0234  0.0234  0.0234
  0.0234  0.0233  0.0233  0.0234  0.0235  0.0237  0.0233  0.0235  0.0233  0.0232  0.0233  0.0233
  0.0232  0.0232  0.0232  0.0232  0.0232  0.0234  0.0232  0.0232  0.0232  0.0232  0.0232  0.0232
  0.0232  0.0232  0.0232  0.0232  0.0232  0.0232  0.0231  0.0231  0.0231  0.0231  0.0231  0.0231
  0.0232  0.0232  0.0232  0.0232  0.0232  0.0231  0.0232  0.0232  0.0232  0.0232  0.0232  0.0232
  0.0234  0.0234  0.0233  0.0234  0.0234  0.0234  0.0233  0.0235  0.0233  0.0233  0.0233  0.0232
  0.0238  0.0236  0.0235  0.0237  0.0237  0.0240  0.0236  0.0240  0.0234  0.0235  0.0234  0.0234
niter,ni,del,rscale     1    3    5.0000    0.4000
parameters
   -0.3897  -16.8212   -8.3681  -13.8265  -16.0839   -7.7968
    4.3881    4.8679   -3.4844    2.7491   -4.0869   -8.3122
eta,q 0.97690  8.60946
  0.0235  0.0233  0.0234  0.0235  0.0235  0.0238  0.0234  0.0237  0.0233  0.0233  0.0233  0.0233
  0.0233  0.0232  0.0233  0.0233  0.0233  0.0235  0.0232  0.0234  0.0232  0.0232  0.0232  0.0232
  0.0232  0.0231  0.0232  0.0232  0.0232  0.0233  0.0231  0.0232  0.0231  0.0231  0.0231  0.0231
  0.0231  0.0231  0.0231  0.0231  0.0231  0.0231  0.0231  0.0231  0.0231  0.0231  0.0231  0.0231
  0.0232  0.0232  0.0231  0.0232  0.0232  0.0231  0.0231  0.0232  0.0231  0.0232  0.0231  0.0231
  0.0233  0.0233  0.0232  0.0233  0.0233  0.0233  0.0232  0.0234  0.0232  0.0232  0.0232  0.0232
  0.0235  0.0235  0.0233  0.0235  0.0235  0.0237  0.0234  0.0237  0.0233  0.0234  0.0233  0.0233
registration optimization eta report
parameter search radius
    0.8000    0.8000    0.8000    2.4000    2.4000    2.4000
    2.4000    2.4000    2.4000    2.4000    2.4000    2.4000
100000*second partial in parameter space
       62.       43.       37.        7.        6.       11.
        5.       10.        3.        4.        3.        3.
  0.0235  0.0233  0.0234  0.0235  0.0235  0.0238  0.0234  0.0237  0.0233  0.0233  0.0233  0.0233
  0.0233  0.0232  0.0233  0.0233  0.0233  0.0235  0.0232  0.0234  0.0232  0.0232  0.0232  0.0232
  0.0232  0.0231  0.0232  0.0232  0.0232  0.0233  0.0231  0.0232  0.0231  0.0231  0.0231  0.0231
  0.0231  0.0231  0.0231  0.0231  0.0231  0.0231  0.0231  0.0231  0.0231  0.0231  0.0231  0.0231
  0.0232  0.0232  0.0231  0.0232  0.0232  0.0231  0.0231  0.0232  0.0231  0.0232  0.0231  0.0231
  0.0233  0.0233  0.0232  0.0233  0.0233  0.0233  0.0232  0.0234  0.0232  0.0232  0.0232  0.0232
  0.0235  0.0235  0.0233  0.0235  0.0235  0.0237  0.0234  0.0237  0.0233  0.0234  0.0233  0.0233
   -0.3897  -16.8212   -8.3681  -13.8265  -16.0839   -7.7968
    4.3881    4.8679   -3.4844    2.7491   -4.0869   -8.3122
eta,q 0.97690  8.60946

---------------------------------------------------------------------
compute_vox2vox talsrcimg talsrcimg_to_711-2C_as_mni_average_305_t4 /opt/freesurfer/average/711-2C_as_mni_average_305
---------------------------------------------------------------------

freesurfer compute_vox2vox.c
Reading: talsrcimg.4dfp.ifh
Reading: talsrcimg_to_711-2C_as_mni_average_305_t4
Reading: /opt/freesurfer/average/711-2C_as_mni_average_305.4dfp.ifh
Writing: talsrcimg_to_711-2C_as_mni_average_305_t4_vox2vox.txt

start time Fri Mar 13 03:26:52 CET 2026
end		time Fri Mar 13 03:28:20 CET 2026

mpr2mni305 success

avi2talxfm orig_nu.mgz /opt/freesurfer/average/mni305.cor.mgz talsrcimg_to_711-2C_as_mni_average_305_t4_vox2vox.txt transforms/talairach.auto.xfm
avi2talxfm done
mv -f /out/sourcedata/freesurfer/sub-v2s3x28841_ses-1/mri/talsrcimg_to_711-2C_as_mni_average_305_t4_vox2vox.txt /out/sourcedata/freesurfer/sub-v2s3x28841_ses-1/mri/transforms/talsrcimg_to_711-2C_as_mni_average_305_t4_vox2vox.txt
lta_convert --src orig_nu.mgz --trg /opt/freesurfer/average/mni305.cor.mgz --inxfm transforms/talairach.auto.xfm --outlta transforms/talairach.auto.xfm.lta --subject fsaverage
7.3.2

--src: orig_nu.mgz src image (geometry).
--trg: /opt/freesurfer/average/mni305.cor.mgz trg image (geometry).
--inmni: transforms/talairach.auto.xfm input MNI/XFM transform.
--outlta: transforms/talairach.auto.xfm.lta output LTA.
--s: fsaverage subject name
 LTA read, type : 1
 1.15497  -0.05900  -0.06624  -10.32373;
 0.05535   1.07854   0.10394  -43.93626;
 0.04614  -0.03778   1.18551   29.96416;
 0.00000   0.00000   0.00000   1.00000;
setting subject to fsaverage
Writing  LTA to file transforms/talairach.auto.xfm.lta...
lta_convert successful.
 
 
Started at Fri Mar 13 03:26:51 CET 2026
Ended   at Fri Mar 13 03:28:20 CET 2026
talairach_avi done
