status file for recon-all
Fri Mar 13 02:29:12 CET 2026
#@# MotionCor Fri Mar 13 02:29:13 CET 2026
#@# Talairach Fri Mar 13 02:29:19 CET 2026
#@# Talairach Failure Detection Fri Mar 13 02:32:09 CET 2026
#@# Nu Intensity Correction Fri Mar 13 02:32:09 CET 2026
#@# Intensity Normalization Fri Mar 13 02:34:54 CET 2026
recon-all -s sub-v2s3x28826_ses-1 finished without error at Fri Mar 13 02:35:54 CET 2026



#New# invocation of recon-all 



status file for recon-all
Fri Mar 13 02:42:17 CET 2026
#@# EM Registration Fri Mar 13 02:42:17 CET 2026
recon-all -s sub-v2s3x28826_ses-1 finished without error at Fri Mar 13 02:44:13 CET 2026



#New# invocation of recon-all 



status file for recon-all
Fri Mar 13 02:44:14 CET 2026
#@# CA Normalize Fri Mar 13 02:44:14 CET 2026
#@# CA Reg Fri Mar 13 02:45:11 CET 2026
#@# SubCort Seg Fri Mar 13 03:38:43 CET 2026
#@# CC Seg Fri Mar 13 03:57:33 CET 2026
#@# Merge ASeg Fri Mar 13 03:58:07 CET 2026
#@# Intensity Normalization2 Fri Mar 13 03:58:07 CET 2026
#@# Mask BFS Fri Mar 13 03:59:36 CET 2026
#@# WM Segmentation Fri Mar 13 03:59:36 CET 2026
#@# Fill Fri Mar 13 04:01:00 CET 2026
recon-all -s sub-v2s3x28826_ses-1 finished without error at Fri Mar 13 04:01:38 CET 2026



#New# invocation of recon-all 



status file for recon-all
Fri Mar 13 04:42:17 CET 2026
#@# white curv lh Fri Mar 13 04:42:17 CET 2026
#@# white area lh Fri Mar 13 04:42:17 CET 2026
#@# pial curv lh Fri Mar 13 04:42:18 CET 2026
#@# pial area lh Fri Mar 13 04:42:18 CET 2026
#@# thickness lh Fri Mar 13 04:42:18 CET 2026
#@# area and vertex vol lh Fri Mar 13 04:42:18 CET 2026
#@# white curv rh Fri Mar 13 04:42:18 CET 2026
#@# white area rh Fri Mar 13 04:42:18 CET 2026
#@# pial curv rh Fri Mar 13 04:42:18 CET 2026
#@# pial area rh Fri Mar 13 04:42:18 CET 2026
#@# thickness rh Fri Mar 13 04:42:18 CET 2026
#@# area and vertex vol rh Fri Mar 13 04:42:18 CET 2026
#@# Cortical ribbon mask Fri Mar 13 04:42:18 CET 2026
recon-all -s sub-v2s3x28826_ses-1 finished without error at Fri Mar 13 04:46:07 CET 2026



#New# invocation of recon-all 



status file for recon-all
Fri Mar 13 04:51:23 CET 2026
#@# white curv lh Fri Mar 13 04:51:23 CET 2026
#@# white area lh Fri Mar 13 04:51:23 CET 2026
#@# pial curv lh Fri Mar 13 04:51:23 CET 2026
#@# pial area lh Fri Mar 13 04:51:23 CET 2026
#@# thickness lh Fri Mar 13 04:51:23 CET 2026
#@# area and vertex vol lh Fri Mar 13 04:51:23 CET 2026
#@# white curv rh Fri Mar 13 04:51:23 CET 2026
#@# white area rh Fri Mar 13 04:51:23 CET 2026
#@# pial curv rh Fri Mar 13 04:51:23 CET 2026
#@# pial area rh Fri Mar 13 04:51:23 CET 2026
#@# thickness rh Fri Mar 13 04:51:23 CET 2026
#@# area and vertex vol rh Fri Mar 13 04:51:23 CET 2026
#@# Curvature Stats lh Fri Mar 13 04:51:23 CET 2026
#@# Curvature Stats rh Fri Mar 13 04:51:25 CET 2026
#@# Relabel Hypointensities Fri Mar 13 04:51:27 CET 2026
#@# APas-to-ASeg Fri Mar 13 04:51:37 CET 2026
#@# AParc-to-ASeg aparc Fri Mar 13 04:51:43 CET 2026
#@# AParc-to-ASeg aparc.a2009s Fri Mar 13 04:52:07 CET 2026
#@# AParc-to-ASeg aparc.DKTatlas Fri Mar 13 04:52:39 CET 2026
#@# WMParc Fri Mar 13 04:53:10 CET 2026
#@# ASeg Stats Fri Mar 13 04:54:58 CET 2026
recon-all -s sub-v2s3x28826_ses-1 finished without error at Fri Mar 13 04:55:18 CET 2026
