/out/sourcedata/freesurfer/sub-v2s3x28843_ses-1/mri
/opt/freesurfer/bin/talairach_avi
--i orig_nu.mgz --xfm transforms/talairach.auto.xfm
talairach_avi 7.3.2
Linux dna003 5.14.0-427.37.1.el9_4.x86_64 #1 SMP PREEMPT_DYNAMIC Fri Sep 13 12:41:50 EDT 2024 x86_64 x86_64 x86_64 GNU/Linux
Fri Mar 13 03:29:47 CET 2026
mri_convert orig_nu.mgz talsrcimg.img 
reading from orig_nu.mgz...
TR=0.00, TE=0.00, TI=0.00, flip angle=0.00
i_ras = (-1, 0, 0)
j_ras = (0, 0, -1)
k_ras = (0, 1, 0)
writing to talsrcimg.img...
Analyze Output Matrix
-1.00000   0.00000   0.00000   118.60609;
 0.00000   0.00000   1.00000  -87.89223;
 0.00000  -1.00000   0.00000   120.87726;
 0.00000   0.00000   0.00000   1.00000;
--------------------
INFO: set hdr.hist.orient to -1
mpr2mni305 talsrcimg
Fri Mar 13 03:29:47 CET 2026
/opt/freesurfer/bin/mpr2mni305 talsrcimg
mpr2mni305 7.3.2
target=711-2C_as_mni_average_305

---------------------------------------------------------------------
analyzeto4dfp talsrcimg -O0 -y
---------------------------------------------------------------------

freesurfer ifh2hdr.c
Fri Mar 13 03:29:48 2026
Writing: talsrcimg.4dfp.hdr
freesurfer analyzeto4dfp.c
Reading: talsrcimg.hdr
header size 348 bytes
hdr.dime.datatype	offset=70	value=2
hdr.dime.bitpix		offset=72	value=8
hdr.hist.orient		offset=252	value=-1
dimensionality     4
dimensions       256       256       256         1
Reading: talsrcimg.img
Writing: talsrcimg.4dfp.img
Writing: talsrcimg.4dfp.ifh
ifh2hdr talsrcimg -r0to219
ori=2

---------------------------------------------------------------------
gauss_4dfp talsrcimg 1.1
---------------------------------------------------------------------

freesurfer gauss_4dfp.c
Reading: talsrcimg.4dfp.img
Writing: talsrcimg_g11.4dfp.img
image dimensions 256 256 256 padded to 288 288 288
processing volume 1freesurfer ifh2hdr.c
Fri Mar 13 03:29:49 2026
Writing: talsrcimg_g11.4dfp.hdr

Writing: talsrcimg_g11.4dfp.ifh
including: talsrcimg.4dfp.img.rec in talsrcimg_g11.4dfp.img.rec

---------------------------------------------------------------------
imgreg_4dfp /opt/freesurfer/average/711-2C_as_mni_average_305 none talsrcimg_g11 none talsrcimg_to_711-2C_as_mni_average_305_t4 4355
---------------------------------------------------------------------

freesurfer imgreg_4dfp.c
/opt/freesurfer/average/711-2C_as_mni_average_305.4dfp.img
       256       256       256         1
  1.000000  1.000000  1.000000
orientation T byte_order littleendian
Reading image: /opt/freesurfer/average/711-2C_as_mni_average_305.4dfp.img
dimensions:      256       256       256
mmppix:       1.0000   -1.0000   -1.0000
center:     128.0000 -129.0000 -129.0000
talsrcimg_g11.4dfp.img
       256       256       256         1
  1.000000  1.000000  1.000000
orientation T byte_order littleendian
Reading image: talsrcimg_g11.4dfp.img
dimensions:      256       256       256
mmppix:       1.0000   -1.0000   -1.0000
center:     128.0000 -129.0000 -129.0000
t4_read: open error in t4_sub.f l:  41 t4_file(1:l)talsrcimg_to_711-2C_as_mni_average_305_t4 
t4_read: transform initialized to I4
rotation matrix determinant  1.000000
image alignment mode   4355 decimal     1103 hex
   -7.5000  -45.0000  -45.0000 5753.6660   15.5856
    0.0000  -45.0000  -45.0000 5992.3457   15.6075
    7.5000  -45.0000  -45.0000 5723.7876   15.6328
   -7.5000  -37.5000  -45.0000 6419.7271   15.0489
    0.0000  -37.5000  -45.0000 6693.8960   15.0724
    7.5000  -37.5000  -45.0000 6369.8403   15.0910
   -7.5000  -30.0000  -45.0000 7370.7988   14.6900
    0.0000  -30.0000  -45.0000 7675.1831   14.7205
    7.5000  -30.0000  -45.0000 7313.0327   14.7330
   -7.5000  -22.5000  -45.0000 8403.9717   14.4548
    0.0000  -22.5000  -45.0000 8733.2881   14.4872
    7.5000  -22.5000  -45.0000 8318.8008   14.4972
   -7.5000  -15.0000  -45.0000 9521.0361   14.3886
    0.0000  -15.0000  -45.0000 9891.9824   14.4168
    7.5000  -15.0000  -45.0000 9419.8545   14.4284
   -7.5000   -7.5000  -45.000010648.0938   14.3422
    0.0000   -7.5000  -45.000011053.7217   14.3643
    7.5000   -7.5000  -45.000010536.8252   14.3799
   -7.5000    0.0000  -45.000011754.6582   14.3297
    0.0000    0.0000  -45.000012188.9805   14.3495
    7.5000    0.0000  -45.000011620.0068   14.3676
   -7.5000    7.5000  -45.000011887.4404   14.3395
    0.0000    7.5000  -45.000012320.4639   14.3634
    7.5000    7.5000  -45.000011754.7773   14.3797
   -7.5000   15.0000  -45.000011812.2070   14.3503
    0.0000   15.0000  -45.000012250.2422   14.3808
    7.5000   15.0000  -45.000011681.3369   14.3926
   -7.5000   22.5000  -45.000011631.1045   14.3482
    0.0000   22.5000  -45.000012061.2910   14.3808
    7.5000   22.5000  -45.000011537.3545   14.3905
   -7.5000   30.0000  -45.000011414.8154   14.1535
    0.0000   30.0000  -45.000011834.9473   14.1815
    7.5000   30.0000  -45.000011336.4629   14.1929
   -7.5000   37.5000  -45.000011496.5205   14.1423
    0.0000   37.5000  -45.000011925.0088   14.1640
    7.5000   37.5000  -45.000011414.3486   14.1794
   -7.5000   45.0000  -45.000011122.4756   13.7798
    0.0000   45.0000  -45.000011532.9355   13.7987
    7.5000   45.0000  -45.000011013.3330   13.8162
   -7.5000  -45.0000  -37.5000 6055.9746   15.5698
    0.0000  -45.0000  -37.5000 6326.2720   15.5872
    7.5000  -45.0000  -37.5000 6025.2456   15.6094
   -7.5000  -37.5000  -37.5000 6752.5859   15.0353
    0.0000  -37.5000  -37.5000 7028.6011   15.0545
    7.5000  -37.5000  -37.5000 6692.6064   15.0697
   -7.5000  -30.0000  -37.5000 7767.2085   14.6682
    0.0000  -30.0000  -37.5000 8065.4771   14.6954
    7.5000  -30.0000  -37.5000 7689.2144   14.7063
   -7.5000  -22.5000  -37.5000 8895.5469   14.4297
    0.0000  -22.5000  -37.5000 9232.8447   14.4599
    7.5000  -22.5000  -37.5000 8784.3994   14.4693
   -7.5000  -15.0000  -37.500010086.4551   14.3670
    0.0000  -15.0000  -37.500010470.1514   14.3934
    7.5000  -15.0000  -37.5000 9956.2275   14.4042
   -7.5000   -7.5000  -37.500011242.8242   14.3291
    0.0000   -7.5000  -37.500011653.8994   14.3483
    7.5000   -7.5000  -37.500011102.8086   14.3612
   -7.5000    0.0000  -37.500012372.6074   14.3216
    0.0000    0.0000  -37.500012837.4023   14.3376
    7.5000    0.0000  -37.500012221.0215   14.3520
   -7.5000    7.5000  -37.500012505.3311   14.3278
    0.0000    7.5000  -37.500012960.8105   14.3479
    7.5000    7.5000  -37.500012354.6094   14.3610
   -7.5000   15.0000  -37.500012418.1162   14.3306
    0.0000   15.0000  -37.500012860.4209   14.3578
    7.5000   15.0000  -37.500012262.6475   14.3679
   -7.5000   22.5000  -37.500012214.4785   14.3238
    0.0000   22.5000  -37.500012647.2627   14.3542
    7.5000   22.5000  -37.500012093.9873   14.3634
   -7.5000   30.0000  -37.500011960.8330   14.1324
    0.0000   30.0000  -37.500012395.4482   14.1586
    7.5000   30.0000  -37.500011854.5586   14.1691
   -7.5000   37.5000  -37.500012023.1377   14.1293
    0.0000   37.5000  -37.500012494.1182   14.1483
    7.5000   37.5000  -37.500011945.0459   14.1609
   -7.5000   45.0000  -37.500011600.5312   13.7719
    0.0000   45.0000  -37.500012033.0742   13.7873
    7.5000   45.0000  -37.500011492.6777   13.8012
   -7.5000  -45.0000  -30.0000 6456.0547   16.2121
    0.0000  -45.0000  -30.0000 6733.7817   16.2315
    7.5000  -45.0000  -30.0000 6397.2583   16.2554
   -7.5000  -37.5000  -30.0000 7199.4077   15.6527
    0.0000  -37.5000  -30.0000 7483.7935   15.6729
    7.5000  -37.5000  -30.0000 7116.2085   15.6907
   -7.5000  -30.0000  -30.0000 8308.6523   15.2623
    0.0000  -30.0000  -30.0000 8625.7617   15.2919
    7.5000  -30.0000  -30.0000 8212.2266   15.3074
   -7.5000  -22.5000  -30.0000 9519.5088   15.0116
    0.0000  -22.5000  -30.0000 9881.6748   15.0459
    7.5000  -22.5000  -30.0000 9402.9248   15.0606
   -7.5000  -15.0000  -30.000010780.4609   14.9510
    0.0000  -15.0000  -30.000011173.6963   14.9819
    7.5000  -15.0000  -30.000010642.4590   14.9969
   -7.5000   -7.5000  -30.000011997.8975   14.9197
    0.0000   -7.5000  -30.000012439.8174   14.9420
    7.5000   -7.5000  -30.000011848.9463   14.9567
   -7.5000    0.0000  -30.000013166.5830   14.9156
    0.0000    0.0000  -30.000013660.5176   14.9329
    7.5000    0.0000  -30.000013000.9766   14.9480
   -7.5000    7.5000  -30.000013288.8438   14.9169
    0.0000    7.5000  -30.000013807.1494   14.9380
    7.5000    7.5000  -30.000013135.2109   14.9532
   -7.5000   15.0000  -30.000013197.7217   14.9116
    0.0000   15.0000  -30.000013708.8086   14.9410
    7.5000   15.0000  -30.000013030.5684   14.9555
   -7.5000   22.5000  -30.000012953.7021   14.9001
    0.0000   22.5000  -30.000013467.1436   14.9346
    7.5000   22.5000  -30.000012811.6543   14.9491
   -7.5000   30.0000  -30.000012653.7305   14.7083
    0.0000   30.0000  -30.000013171.8135   14.7390
    7.5000   30.0000  -30.000012548.2480   14.7537
   -7.5000   37.5000  -30.000012730.8408   14.7131
    0.0000   37.5000  -30.000013275.0752   14.7350
    7.5000   37.5000  -30.000012644.1553   14.7495
   -7.5000   45.0000  -30.000012240.1055   14.3537
    0.0000   45.0000  -30.000012746.3281   14.3703
    7.5000   45.0000  -30.000012140.2119   14.3849
   -7.5000  -45.0000  -22.5000 6833.9888   16.7823
    0.0000  -45.0000  -22.5000 7109.3540   16.8103
    7.5000  -45.0000  -22.5000 6763.8037   16.8391
   -7.5000  -37.5000  -22.5000 7636.7046   16.1990
    0.0000  -37.5000  -22.5000 7940.9819   16.2257
    7.5000  -37.5000  -22.5000 7550.7700   16.2502
   -7.5000  -30.0000  -22.5000 8830.4932   15.7959
    0.0000  -30.0000  -22.5000 9175.6855   15.8322
    7.5000  -30.0000  -22.5000 8723.1299   15.8545
   -7.5000  -22.5000  -22.500010086.6992   15.5380
    0.0000  -22.5000  -22.500010495.0752   15.5792
    7.5000  -22.5000  -22.5000 9989.4043   15.6000
   -7.5000  -15.0000  -22.500011391.5381   15.4768
    0.0000  -15.0000  -22.500011833.8740   15.5147
    7.5000  -15.0000  -22.500011293.5977   15.5345
   -7.5000   -7.5000  -22.500012664.5010   15.4437
    0.0000   -7.5000  -22.500013160.5088   15.4729
    7.5000   -7.5000  -22.500012560.9180   15.4922
   -7.5000    0.0000  -22.500013896.4932   15.4379
    0.0000    0.0000  -22.500014466.8164   15.4616
    7.5000    0.0000  -22.500013790.6367   15.4816
   -7.5000    7.5000  -22.500014025.6709   15.4379
    0.0000    7.5000  -22.500014636.7783   15.4650
    7.5000    7.5000  -22.500013925.4639   15.4859
   -7.5000   15.0000  -22.500013936.2275   15.4325
    0.0000   15.0000  -22.500014533.1836   15.4684
    7.5000   15.0000  -22.500013792.2080   15.4894
   -7.5000   22.5000  -22.500013640.5479   15.4216
    0.0000   22.5000  -22.500014255.9463   15.4629
    7.5000   22.5000  -22.500013494.5967   15.4833
   -7.5000   30.0000  -22.500013295.6787   15.2279
    0.0000   30.0000  -22.500013939.8174   15.2655
    7.5000   30.0000  -22.500013203.9004   15.2849
   -7.5000   37.5000  -22.500013369.8252   15.2322
    0.0000   37.5000  -22.500014039.8428   15.2609
    7.5000   37.5000  -22.500013326.5195   15.2799
   -7.5000   45.0000  -22.500012818.2549   14.8674
    0.0000   45.0000  -22.500013449.7568   14.8903
    7.5000   45.0000  -22.500012774.8662   14.9095
   -7.5000  -45.0000  -15.0000 7132.2261   17.2057
    0.0000  -45.0000  -15.0000 7449.0146   17.2405
    7.5000  -45.0000  -15.0000 7100.4004   17.2742
   -7.5000  -37.5000  -15.0000 8034.8149   16.6053
    0.0000  -37.5000  -15.0000 8343.8926   16.6384
    7.5000  -37.5000  -15.0000 7958.2603   16.6685
   -7.5000  -30.0000  -15.0000 9297.3379   16.2001
    0.0000  -30.0000  -15.0000 9657.7178   16.2419
    7.5000  -30.0000  -15.0000 9209.0410   16.2683
   -7.5000  -22.5000  -15.000010604.6172   15.9391
    0.0000  -22.5000  -15.000011050.4600   15.9848
    7.5000  -22.5000  -15.000010528.7051   16.0081
   -7.5000  -15.0000  -15.000011947.3799   15.8739
    0.0000  -15.0000  -15.000012447.5479   15.9154
    7.5000  -15.0000  -15.000011894.4209   15.9376
   -7.5000   -7.5000  -15.000013275.3633   15.8324
    0.0000   -7.5000  -15.000013839.2764   15.8661
    7.5000   -7.5000  -15.000013232.9609   15.8894
   -7.5000    0.0000  -15.000014569.4795   15.8216
    0.0000    0.0000  -15.000015212.4922   15.8508
    7.5000    0.0000  -15.000014515.5127   15.8761
   -7.5000    7.5000  -15.000014747.9863   15.8247
    0.0000    7.5000  -15.000015394.1230   15.8575
    7.5000    7.5000  -15.000014668.0234   15.8836
   -7.5000   15.0000  -15.000014673.9307   15.8263
    0.0000   15.0000  -15.000015380.8809   15.8676
    7.5000   15.0000  -15.000014585.1641   15.8925
   -7.5000   22.5000  -15.000014290.5703   15.8187
    0.0000   22.5000  -15.000015099.1963   15.8644
    7.5000   22.5000  -15.000014222.9180   15.8873
   -7.5000   30.0000  -15.000013901.5605   15.6207
    0.0000   30.0000  -15.000014729.2695   15.6619
    7.5000   30.0000  -15.000013912.5078   15.6837
   -7.5000   37.5000  -15.000013963.5361   15.6177
    0.0000   37.5000  -15.000014789.7744   15.6510
    7.5000   37.5000  -15.000014036.0938   15.6739
   -7.5000   45.0000  -15.000013383.5693   15.2462
    0.0000   45.0000  -15.000014144.6084   15.2744
    7.5000   45.0000  -15.000013431.1885   15.2987
   -7.5000  -45.0000   -7.5000 7463.3477   17.4155
    0.0000  -45.0000   -7.5000 7808.4111   17.4475
    7.5000  -45.0000   -7.5000 7450.7861   17.4808
   -7.5000  -37.5000   -7.5000 8410.1074   16.8108
    0.0000  -37.5000   -7.5000 8759.8408   16.8430
    7.5000  -37.5000   -7.5000 8359.6104   16.8710
   -7.5000  -30.0000   -7.5000 9728.1113   16.4092
    0.0000  -30.0000   -7.500010134.0459   16.4496
    7.5000  -30.0000   -7.5000 9680.7617   16.4717
   -7.5000  -22.5000   -7.500011099.3662   16.1476
    0.0000  -22.5000   -7.500011560.8164   16.1905
    7.5000  -22.5000   -7.500011069.1631   16.2091
   -7.5000  -15.0000   -7.500012526.2393   16.0764
    0.0000  -15.0000   -7.500013026.9102   16.1144
    7.5000  -15.0000   -7.500012491.8232   16.1333
   -7.5000   -7.5000   -7.500013903.2607   16.0256
    0.0000   -7.5000   -7.500014477.0225   16.0565
    7.5000   -7.5000   -7.500013858.2148   16.0788
   -7.5000    0.0000   -7.500015229.6270   16.0108
    0.0000    0.0000   -7.500015874.0811   16.0384
    7.5000    0.0000   -7.500015161.5352   16.0637
   -7.5000    7.5000   -7.500015435.3740   16.0193
    0.0000    7.5000   -7.500016108.7549   16.0513
    7.5000    7.5000   -7.500015354.2041   16.0758
   -7.5000   15.0000   -7.500015404.5146   16.0297
    0.0000   15.0000   -7.500016293.7510   16.0697
    7.5000   15.0000   -7.500015334.4297   16.0907
   -7.5000   22.5000   -7.500015000.5625   16.0235
    0.0000   22.5000   -7.500015943.3135   16.0665
    7.5000   22.5000   -7.500014928.4277   16.0846
   -7.5000   30.0000   -7.500014528.8926   15.8195
    0.0000   30.0000   -7.500015431.6221   15.8572
    7.5000   30.0000   -7.500014537.6660   15.8758
   -7.5000   37.5000   -7.500014540.2139   15.8078
    0.0000   37.5000   -7.500015442.0469   15.8383
    7.5000   37.5000   -7.500014628.5186   15.8604
   -7.5000   45.0000   -7.500013918.0527   15.4314
    0.0000   45.0000   -7.500014777.7939   15.4580
    7.5000   45.0000   -7.500014011.5107   15.4824
   -7.5000  -45.0000    0.0000 7728.7158   17.4400
    0.0000  -45.0000    0.0000 8050.7275   17.4644
    7.5000  -45.0000    0.0000 7686.0352   17.4928
   -7.5000  -37.5000    0.0000 8729.1240   16.8395
    0.0000  -37.5000    0.0000 9083.6406   16.8658
    7.5000  -37.5000    0.0000 8688.3984   16.8866
   -7.5000  -30.0000    0.000010104.2734   16.4379
    0.0000  -30.0000    0.000010543.4141   16.4721
    7.5000  -30.0000    0.000010074.7490   16.4861
   -7.5000  -22.5000    0.000011520.8447   16.1747
    0.0000  -22.5000    0.000012014.8398   16.2110
    7.5000  -22.5000    0.000011489.4570   16.2222
   -7.5000  -15.0000    0.000012985.2363   16.1006
    0.0000  -15.0000    0.000013513.9072   16.1321
    7.5000  -15.0000    0.000012915.7090   16.1452
   -7.5000   -7.5000    0.000014398.5312   16.0487
    0.0000   -7.5000    0.000015012.0039   16.0734
    7.5000   -7.5000    0.000014331.7051   16.0909
   -7.5000    0.0000    0.000015761.1963   16.0347
    0.0000    0.0000    0.000016427.8008   16.0568
    7.5000    0.0000    0.000015670.7109   16.0772
   -7.5000    7.5000    0.000015927.5439   16.0457
    0.0000    7.5000    0.000016639.9199   16.0725
    7.5000    7.5000    0.000015868.8066   16.0908
   -7.5000   15.0000    0.000015907.4756   16.0578
    0.0000   15.0000    0.000016731.6855   16.0919
    7.5000   15.0000    0.000015802.5244   16.1052
   -7.5000   22.5000    0.000015605.9590   16.0502
    0.0000   22.5000    0.000016467.9473   16.0867
    7.5000   22.5000    0.000015463.4404   16.0976
   -7.5000   30.0000    0.000015164.7852   15.8438
    0.0000   30.0000    0.000016050.9668   15.8751
    7.5000   30.0000    0.000015098.7129   15.8878
   -7.5000   37.5000    0.000015149.1055   15.8311
    0.0000   37.5000    0.000016062.3164   15.8555
    7.5000   37.5000    0.000015167.4561   15.8727
   -7.5000   45.0000    0.000014458.0186   15.4556
    0.0000   45.0000    0.000015370.9375   15.4769
    7.5000   45.0000    0.000014503.1133   15.4965
   -7.5000  -45.0000    7.5000 7362.0747   17.4230
    0.0000  -45.0000    7.5000 7698.6406   17.4425
    7.5000  -45.0000    7.5000 7317.1934   17.4674
   -7.5000  -37.5000    7.5000 8316.2227   16.8250
    0.0000  -37.5000    7.5000 8689.2197   16.8464
    7.5000  -37.5000    7.5000 8282.9150   16.8634
   -7.5000  -30.0000    7.5000 9648.5908   16.4141
    0.0000  -30.0000    7.500010069.0166   16.4445
    7.5000  -30.0000    7.5000 9613.9482   16.4567
   -7.5000  -22.5000    7.500011026.7842   16.1472
    0.0000  -22.5000    7.500011470.7666   16.1810
    7.5000  -22.5000    7.500010966.2490   16.1915
   -7.5000  -15.0000    7.500012440.4814   16.0771
    0.0000  -15.0000    7.500012900.2764   16.1066
    7.5000  -15.0000    7.500012355.9316   16.1187
   -7.5000   -7.5000    7.500013805.8525   16.0346
    0.0000   -7.5000    7.500014328.4043   16.0562
    7.5000   -7.5000    7.500013701.9199   16.0706
   -7.5000    0.0000    7.500015115.5254   16.0263
    0.0000    0.0000    7.500015681.8906   16.0442
    7.5000    0.0000    7.500014993.3594   16.0603
   -7.5000    7.5000    7.500015229.3887   16.0332
    0.0000    7.5000    7.500015863.5068   16.0557
    7.5000    7.5000    7.500015139.2578   16.0704
   -7.5000   15.0000    7.500015156.9961   16.0363
    0.0000   15.0000    7.500015867.1201   16.0667
    7.5000   15.0000    7.500015060.3174   16.0781
   -7.5000   22.5000    7.500014990.4268   16.0236
    0.0000   22.5000    7.500015739.2285   16.0575
    7.5000   22.5000    7.500014825.9941   16.0678
   -7.5000   30.0000    7.500014760.8271   15.8207
    0.0000   30.0000    7.500015603.0938   15.8500
    7.5000   30.0000    7.500014587.8662   15.8618
   -7.5000   37.5000    7.500014825.3076   15.8172
    0.0000   37.5000    7.500015700.2764   15.8385
    7.5000   37.5000    7.500014677.8105   15.8527
   -7.5000   45.0000    7.500014099.0557   15.4475
    0.0000   45.0000    7.500014920.1895   15.4648
    7.5000   45.0000    7.500014004.4707   15.4803
   -7.5000  -45.0000   15.0000 6891.9639   17.4324
    0.0000  -45.0000   15.0000 7213.6733   17.4534
    7.5000  -45.0000   15.0000 6848.4443   17.4792
   -7.5000  -37.5000   15.0000 7821.5503   16.8323
    0.0000  -37.5000   15.0000 8173.1973   16.8541
    7.5000  -37.5000   15.0000 7791.5977   16.8734
   -7.5000  -30.0000   15.0000 9109.3125   16.4139
    0.0000  -30.0000   15.0000 9499.3896   16.4458
    7.5000  -30.0000   15.0000 9068.9443   16.4625
   -7.5000  -22.5000   15.000010399.2373   16.1455
    0.0000  -22.5000   15.000010840.3027   16.1825
    7.5000  -22.5000   15.000010356.9287   16.1984
   -7.5000  -15.0000   15.000011716.2461   16.0812
    0.0000  -15.0000   15.000012185.5195   16.1145
    7.5000  -15.0000   15.000011635.1182   16.1306
   -7.5000   -7.5000   15.000013016.1719   16.0474
    0.0000   -7.5000   15.000013526.1328   16.0713
    7.5000   -7.5000   15.000012893.7266   16.0872
   -7.5000    0.0000   15.000014283.7656   16.0429
    0.0000    0.0000   15.000014859.8584   16.0614
    7.5000    0.0000   15.000014145.4609   16.0778
   -7.5000    7.5000   15.000014427.8916   16.0443
    0.0000    7.5000   15.000015061.6631   16.0670
    7.5000    7.5000   15.000014320.8750   16.0835
   -7.5000   15.0000   15.000014375.3828   16.0387
    0.0000   15.0000   15.000015015.2490   16.0705
    7.5000   15.0000   15.000014262.0127   16.0860
   -7.5000   22.5000   15.000014186.2920   16.0229
    0.0000   22.5000   15.000014820.9609   16.0601
    7.5000   22.5000   15.000014092.4170   16.0757
   -7.5000   30.0000   15.000013924.4141   15.8247
    0.0000   30.0000   15.000014554.4580   15.8578
    7.5000   30.0000   15.000013848.7432   15.8736
   -7.5000   37.5000   15.000013968.5107   15.8297
    0.0000   37.5000   15.000014581.6270   15.8534
    7.5000   37.5000   15.000013927.3125   15.8690
   -7.5000   45.0000   15.000013296.4756   15.4635
    0.0000   45.0000   15.000013899.0625   15.4814
    7.5000   45.0000   15.000013276.0889   15.4972
   -7.5000  -45.0000   22.5000 6382.7617   17.4844
    0.0000  -45.0000   22.5000 6690.1562   17.5133
    7.5000  -45.0000   22.5000 6349.6128   17.5435
   -7.5000  -37.5000   22.5000 7227.6704   16.8793
    0.0000  -37.5000   22.5000 7572.5874   16.9070
    7.5000  -37.5000   22.5000 7180.4736   16.9327
   -7.5000  -30.0000   22.5000 8427.0547   16.4622
    0.0000  -30.0000   22.5000 8814.2656   16.4999
    7.5000  -30.0000   22.5000 8362.8740   16.5233
   -7.5000  -22.5000   22.5000 9658.3633   16.1961
    0.0000  -22.5000   22.500010100.6270   16.2389
    7.5000  -22.5000   22.5000 9609.7559   16.2607
   -7.5000  -15.0000   22.500010906.7900   16.1341
    0.0000  -15.0000   22.500011396.9717   16.1735
    7.5000  -15.0000   22.500010853.4883   16.1943
   -7.5000   -7.5000   22.500012139.6094   16.0996
    0.0000   -7.5000   22.500012659.3965   16.1297
    7.5000   -7.5000   22.500012062.0586   16.1500
   -7.5000    0.0000   22.500013338.0244   16.0934
    0.0000    0.0000   22.500013890.8447   16.1179
    7.5000    0.0000   22.500013233.7021   16.1388
   -7.5000    7.5000   22.500013468.3779   16.0935
    0.0000    7.5000   22.500013989.8945   16.1215
    7.5000    7.5000   22.500013358.0928   16.1434
   -7.5000   15.0000   22.500013359.8809   16.0879
    0.0000   15.0000   22.500013838.7510   16.1251
    7.5000   15.0000   22.500013249.8984   16.1471
   -7.5000   22.5000   22.500013113.5186   16.0740
    0.0000   22.5000   22.500013605.5977   16.1170
    7.5000   22.5000   22.500013042.8359   16.1384
   -7.5000   30.0000   22.500012826.4414   15.8768
    0.0000   30.0000   22.500013320.3848   15.9159
    7.5000   30.0000   22.500012758.5547   15.9363
   -7.5000   37.5000   22.500012869.4922   15.8812
    0.0000   37.5000   22.500013381.8740   15.9110
    7.5000   37.5000   22.500012817.5742   15.9309
   -7.5000   45.0000   22.500012304.4658   15.5122
    0.0000   45.0000   22.500012789.8057   15.5358
    7.5000   45.0000   22.500012266.5928   15.5560
   -7.5000  -45.0000   30.0000 5789.0508   17.6212
    0.0000  -45.0000   30.0000 6085.2051   17.6566
    7.5000  -45.0000   30.0000 5788.1567   17.6917
   -7.5000  -37.5000   30.0000 6575.0977   17.0082
    0.0000  -37.5000   30.0000 6894.3359   17.0419
    7.5000  -37.5000   30.0000 6556.7871   17.0733
   -7.5000  -30.0000   30.0000 7685.8252   16.5959
    0.0000  -30.0000   30.0000 8037.1450   16.6387
    7.5000  -30.0000   30.0000 7645.3403   16.6664
   -7.5000  -22.5000   30.0000 8841.7246   16.3318
    0.0000  -22.5000   30.0000 9235.2871   16.3785
    7.5000  -22.5000   30.0000 8791.2227   16.4032
   -7.5000  -15.0000   30.000010007.8057   16.2673
    0.0000  -15.0000   30.000010435.6475   16.3098
    7.5000  -15.0000   30.0000 9937.6201   16.3333
   -7.5000   -7.5000   30.000011128.0928   16.2246
    0.0000   -7.5000   30.000011574.8076   16.2589
    7.5000   -7.5000   30.000011048.6123   16.2833
   -7.5000    0.0000   30.000012204.0781   16.2137
    0.0000    0.0000   30.000012659.7510   16.2433
    7.5000    0.0000   30.000012110.4209   16.2696
   -7.5000    7.5000   30.000012295.3359   16.2171
    0.0000    7.5000   30.000012710.4111   16.2505
    7.5000    7.5000   30.000012188.4160   16.2776
   -7.5000   15.0000   30.000012188.2949   16.2189
    0.0000   15.0000   30.000012602.2920   16.2611
    7.5000   15.0000   30.000012094.6094   16.2872
   -7.5000   22.5000   30.000011966.2314   16.2092
    0.0000   22.5000   30.000012386.6631   16.2559
    7.5000   22.5000   30.000011888.1787   16.2801
   -7.5000   30.0000   30.000011695.7578   16.0077
    0.0000   30.0000   30.000012099.3174   16.0498
    7.5000   30.0000   30.000011602.2285   16.0728
   -7.5000   37.5000   30.000011758.1865   16.0045
    0.0000   37.5000   30.000012172.8145   16.0384
    7.5000   37.5000   30.000011676.7412   16.0623
   -7.5000   45.0000   30.000011273.8604   15.6281
    0.0000   45.0000   30.000011677.8281   15.6566
    7.5000   45.0000   30.000011212.5801   15.6820
   -7.5000  -45.0000   37.5000 5466.8130   17.9620
    0.0000  -45.0000   37.5000 5734.4453   17.9954
    7.5000  -45.0000   37.5000 5437.9854   18.0315
   -7.5000  -37.5000   37.5000 6212.9995   17.3316
    0.0000  -37.5000   37.5000 6502.0815   17.3653
    7.5000  -37.5000   37.5000 6174.4966   17.3959
   -7.5000  -30.0000   37.5000 7250.9043   16.9166
    0.0000  -30.0000   37.5000 7578.0327   16.9590
    7.5000  -30.0000   37.5000 7202.3462   16.9830
   -7.5000  -22.5000   37.5000 8340.5566   16.6489
    0.0000  -22.5000   37.5000 8690.3262   16.6936
    7.5000  -22.5000   37.5000 8261.9258   16.7140
   -7.5000  -15.0000   37.5000 9436.9043   16.5784
    0.0000  -15.0000   37.5000 9825.1943   16.6179
    7.5000  -15.0000   37.5000 9346.2061   16.6388
   -7.5000   -7.5000   37.500010494.5283   16.5246
    0.0000   -7.5000   37.500010899.2900   16.5565
    7.5000   -7.5000   37.500010412.8506   16.5809
   -7.5000    0.0000   37.500011514.3730   16.5081
    0.0000    0.0000   37.500011930.7070   16.5366
    7.5000    0.0000   37.500011416.3037   16.5642
   -7.5000    7.5000   37.500011611.1143   16.5173
    0.0000    7.5000   37.500012003.3027   16.5505
    7.5000    7.5000   37.500011493.0869   16.5772
   -7.5000   15.0000   37.500011514.5420   16.5290
    0.0000   15.0000   37.500011898.8096   16.5709
    7.5000   15.0000   37.500011401.8965   16.5936
   -7.5000   22.5000   37.500011322.4248   16.5234
    0.0000   22.5000   37.500011702.6826   16.5681
    7.5000   22.5000   37.500011218.2324   16.5880
   -7.5000   30.0000   37.500011058.6934   16.3132
    0.0000   30.0000   37.500011417.6670   16.3524
    7.5000   30.0000   37.500010943.1641   16.3728
   -7.5000   37.5000   37.500011138.3330   16.3002
    0.0000   37.5000   37.500011497.0400   16.3317
    7.5000   37.5000   37.500011037.5146   16.3558
   -7.5000   45.0000   37.500010694.8623   15.9119
    0.0000   45.0000   37.500011046.9287   15.9394
    7.5000   45.0000   37.500010614.9482   15.9660
   -7.5000  -45.0000   45.0000 4949.7520   18.4619
    0.0000  -45.0000   45.0000 5169.4033   18.4862
    7.5000  -45.0000   45.0000 4895.4424   18.5203
   -7.5000  -37.5000   45.0000 5616.7388   17.8115
    0.0000  -37.5000   45.0000 5864.3931   17.8384
    7.5000  -37.5000   45.0000 5568.5103   17.8642
   -7.5000  -30.0000   45.0000 6537.8042   17.3721
    0.0000  -30.0000   45.0000 6853.6860   17.4079
    7.5000  -30.0000   45.0000 6509.0630   17.4265
   -7.5000  -22.5000   45.0000 7524.2183   17.0891
    0.0000  -22.5000   45.0000 7857.8511   17.1267
    7.5000  -22.5000   45.0000 7451.0723   17.1423
   -7.5000  -15.0000   45.0000 8524.2568   17.0146
    0.0000  -15.0000   45.0000 8882.0938   17.0462
    7.5000  -15.0000   45.0000 8430.4238   17.0638
   -7.5000   -7.5000   45.0000 9499.1328   16.9589
    0.0000   -7.5000   45.0000 9881.3623   16.9829
    7.5000   -7.5000   45.0000 9405.7344   17.0049
   -7.5000    0.0000   45.000010431.8389   16.9431
    0.0000    0.0000   45.000010823.0029   16.9647
    7.5000    0.0000   45.000010314.6855   16.9895
   -7.5000    7.5000   45.000010515.2051   16.9540
    0.0000    7.5000   45.000010890.7295   16.9811
    7.5000    7.5000   45.000010383.8633   17.0038
   -7.5000   15.0000   45.000010425.3926   16.9661
    0.0000   15.0000   45.000010784.5273   17.0016
    7.5000   15.0000   45.000010293.5537   17.0192
   -7.5000   22.5000   45.000010273.5244   16.9584
    0.0000   22.5000   45.000010620.2148   16.9961
    7.5000   22.5000   45.000010130.3906   17.0113
   -7.5000   30.0000   45.000010037.9346   16.7399
    0.0000   30.0000   45.000010366.0918   16.7713
    7.5000   30.0000   45.0000 9901.0381   16.7885
   -7.5000   37.5000   45.000010123.7275   16.7268
    0.0000   37.5000   45.000010448.0068   16.7506
    7.5000   37.5000   45.0000 9992.6113   16.7722
   -7.5000   45.0000   45.0000 9732.2617   16.3386
    0.0000   45.0000   45.000010067.8301   16.3595
    7.5000   45.0000   45.0000 9649.4492   16.3834

---------------------------------------------------------------------
imgreg_4dfp /opt/freesurfer/average/711-2C_as_mni_average_305 /opt/freesurfer/average/711-2B_as_mni_average_305_mask talsrcimg_g11 none talsrcimg_to_711-2C_as_mni_average_305_t4 4355
---------------------------------------------------------------------

freesurfer imgreg_4dfp.c
/opt/freesurfer/average/711-2C_as_mni_average_305.4dfp.img
       256       256       256         1
  1.000000  1.000000  1.000000
orientation T byte_order littleendian
Reading image: /opt/freesurfer/average/711-2C_as_mni_average_305.4dfp.img
dimensions:      256       256       256
mmppix:       1.0000   -1.0000   -1.0000
center:     128.0000 -129.0000 -129.0000
/opt/freesurfer/average/711-2B_as_mni_average_305_mask.4dfp.img
       256       256       256         1
  1.000000  1.000000  1.000000
orientation T byte_order littleendian
Reading mask: /opt/freesurfer/average/711-2B_as_mni_average_305_mask.4dfp.img (2306576 pixels)
talsrcimg_g11.4dfp.img
       256       256       256         1
  1.000000  1.000000  1.000000
orientation T byte_order littleendian
Reading image: talsrcimg_g11.4dfp.img
dimensions:      256       256       256
mmppix:       1.0000   -1.0000   -1.0000
center:     128.0000 -129.0000 -129.0000
rotation matrix determinant  1.000000
image alignment mode   4355 decimal     1103 hex
   -7.5000  -30.0000  -45.0000 1901.2677   20.6515
    0.0000  -30.0000  -45.0000 1896.8634   20.8102
    7.5000  -30.0000  -45.0000 1885.9730   21.0603
   -7.5000  -22.5000  -45.0000 2023.9271   18.1424
    0.0000  -22.5000  -45.0000 2019.1503   18.2172
    7.5000  -22.5000  -45.0000 2005.9894   18.4018
   -7.5000  -15.0000  -45.0000 2145.1257   16.1920
    0.0000  -15.0000  -45.0000 2143.7161   16.2505
    7.5000  -15.0000  -45.0000 2126.3608   16.4059
   -7.5000   -7.5000  -45.0000 2253.9199   14.6996
    0.0000   -7.5000  -45.0000 2253.7776   14.6873
    7.5000   -7.5000  -45.0000 2237.3313   14.8777
   -7.5000    0.0000  -45.0000 2336.4795   13.5311
    0.0000    0.0000  -45.0000 2341.0334   13.5032
    7.5000    0.0000  -45.0000 2322.8982   13.6729
   -7.5000    7.5000  -45.0000 2392.3459   12.7584
    0.0000    7.5000  -45.0000 2398.1267   12.6993
    7.5000    7.5000  -45.0000 2377.6509   12.8900
   -7.5000   15.0000  -45.0000 2425.4094   12.2146
    0.0000   15.0000  -45.0000 2427.1145   12.1686
    7.5000   15.0000  -45.0000 2408.8333   12.3611
   -7.5000   22.5000  -45.0000 2445.0603   11.9052
    0.0000   22.5000  -45.0000 2443.2510   11.8913
    7.5000   22.5000  -45.0000 2430.2664   12.0821
   -7.5000   30.0000  -45.0000 2454.0933   11.8611
    0.0000   30.0000  -45.0000 2449.8865   11.8352
    7.5000   30.0000  -45.0000 2435.8582   12.0474
   -7.5000   37.5000  -45.0000 2443.8284   12.1055
    0.0000   37.5000  -45.0000 2442.6997   12.0509
    7.5000   37.5000  -45.0000 2422.7532   12.2710
   -7.5000   45.0000  -45.0000 2413.0859   12.6115
    0.0000   45.0000  -45.0000 2411.5767   12.5198
    7.5000   45.0000  -45.0000 2392.8899   12.7544
   -7.5000   52.5000  -45.0000 2334.4690   13.2750
    0.0000   52.5000  -45.0000 2332.2629   13.1706
    7.5000   52.5000  -45.0000 2310.2104   13.3902
   -7.5000   60.0000  -45.0000 2198.2114   13.9996
    0.0000   60.0000  -45.0000 2203.0488   13.9219
    7.5000   60.0000  -45.0000 2178.7898   14.1020
   -7.5000  -30.0000  -37.5000 1957.7579   19.3603
    0.0000  -30.0000  -37.5000 1950.5497   19.4394
    7.5000  -30.0000  -37.5000 1941.1292   19.7197
   -7.5000  -22.5000  -37.5000 2097.3462   16.9870
    0.0000  -22.5000  -37.5000 2091.4734   17.0227
    7.5000  -22.5000  -37.5000 2071.9207   17.2499
   -7.5000  -15.0000  -37.5000 2226.4609   15.1509
    0.0000  -15.0000  -37.5000 2223.6152   15.1892
    7.5000  -15.0000  -37.5000 2200.7266   15.3882
   -7.5000   -7.5000  -37.5000 2335.4368   13.7261
    0.0000   -7.5000  -37.5000 2334.4905   13.7224
    7.5000   -7.5000  -37.5000 2314.7300   13.9142
   -7.5000    0.0000  -37.5000 2419.1714   12.6426
    0.0000    0.0000  -37.5000 2423.7063   12.6149
    7.5000    0.0000  -37.5000 2402.8879   12.7785
   -7.5000    7.5000  -37.5000 2483.5149   11.8871
    0.0000    7.5000  -37.5000 2484.1328   11.8228
    7.5000    7.5000  -37.5000 2467.1755   11.9950
   -7.5000   15.0000  -37.5000 2527.6367   11.3618
    0.0000   15.0000  -37.5000 2520.5522   11.3178
    7.5000   15.0000  -37.5000 2504.2439   11.4743
   -7.5000   22.5000  -37.5000 2553.4512   11.0522
    0.0000   22.5000  -37.5000 2547.6472   11.0153
    7.5000   22.5000  -37.5000 2534.5300   11.1961
   -7.5000   30.0000  -37.5000 2565.1016   11.0192
    0.0000   30.0000  -37.5000 2555.5254   10.9887
    7.5000   30.0000  -37.5000 2541.1921   11.1941
   -7.5000   37.5000  -37.5000 2550.9932   11.2532
    0.0000   37.5000  -37.5000 2552.1440   11.2181
    7.5000   37.5000  -37.5000 2531.1270   11.4179
   -7.5000   45.0000  -37.5000 2517.2124   11.7030
    0.0000   45.0000  -37.5000 2519.7302   11.6632
    7.5000   45.0000  -37.5000 2492.0542   11.8644
   -7.5000   52.5000  -37.5000 2426.1162   12.3177
    0.0000   52.5000  -37.5000 2430.2349   12.2696
    7.5000   52.5000  -37.5000 2402.9106   12.4535
   -7.5000   60.0000  -37.5000 2279.9136   12.9762
    0.0000   60.0000  -37.5000 2286.8245   12.9305
    7.5000   60.0000  -37.5000 2264.9109   13.1108
   -7.5000  -30.0000  -30.0000 2042.8241   18.9402
    0.0000  -30.0000  -30.0000 2041.8630   19.0094
    7.5000  -30.0000  -30.0000 2025.2139   19.3324
   -7.5000  -22.5000  -30.0000 2194.1970   16.6301
    0.0000  -22.5000  -30.0000 2195.4707   16.6535
    7.5000  -22.5000  -30.0000 2170.7441   16.9364
   -7.5000  -15.0000  -30.0000 2328.5266   14.7915
    0.0000  -15.0000  -30.0000 2330.1689   14.8000
    7.5000  -15.0000  -30.0000 2305.8015   15.0460
   -7.5000   -7.5000  -30.0000 2443.3252   13.3512
    0.0000   -7.5000  -30.0000 2444.3218   13.3684
    7.5000   -7.5000  -30.0000 2423.5217   13.5539
   -7.5000    0.0000  -30.0000 2535.8018   12.2782
    0.0000    0.0000  -30.0000 2537.1084   12.2528
    7.5000    0.0000  -30.0000 2516.8091   12.4228
   -7.5000    7.5000  -30.0000 2612.4629   11.5079
    0.0000    7.5000  -30.0000 2609.7329   11.4736
    7.5000    7.5000  -30.0000 2592.3801   11.6320
   -7.5000   15.0000  -30.0000 2667.2166   10.9827
    0.0000   15.0000  -30.0000 2660.9414   10.9397
    7.5000   15.0000  -30.0000 2643.4683   11.1111
   -7.5000   22.5000  -30.0000 2702.3438   10.6473
    0.0000   22.5000  -30.0000 2699.7397   10.6189
    7.5000   22.5000  -30.0000 2679.5969   10.8110
   -7.5000   30.0000  -30.0000 2715.3735   10.6191
    0.0000   30.0000  -30.0000 2714.3005   10.6048
    7.5000   30.0000  -30.0000 2692.0398   10.8070
   -7.5000   37.5000  -30.0000 2704.6182   10.8711
    0.0000   37.5000  -30.0000 2711.0222   10.8512
    7.5000   37.5000  -30.0000 2683.9385   11.0307
   -7.5000   45.0000  -30.0000 2661.7361   11.3222
    0.0000   45.0000  -30.0000 2669.0181   11.2737
    7.5000   45.0000  -30.0000 2639.6790   11.4682
   -7.5000   52.5000  -30.0000 2562.6775   11.8951
    0.0000   52.5000  -30.0000 2569.7466   11.8240
    7.5000   52.5000  -30.0000 2544.6973   12.0289
   -7.5000   60.0000  -30.0000 2408.7627   12.5433
    0.0000   60.0000  -30.0000 2414.3682   12.4612
    7.5000   60.0000  -30.0000 2394.2542   12.6657
   -7.5000  -30.0000  -22.5000 2106.8801   18.5464
    0.0000  -30.0000  -22.5000 2109.4839   18.6062
    7.5000  -30.0000  -22.5000 2089.9651   18.9279
   -7.5000  -22.5000  -22.5000 2255.6055   16.2467
    0.0000  -22.5000  -22.5000 2263.2112   16.2852
    7.5000  -22.5000  -22.5000 2236.2178   16.5697
   -7.5000  -15.0000  -22.5000 2388.1072   14.4104
    0.0000  -15.0000  -22.5000 2396.0957   14.4410
    7.5000  -15.0000  -22.5000 2373.2227   14.6913
   -7.5000   -7.5000  -22.5000 2509.8735   12.9889
    0.0000   -7.5000  -22.5000 2513.0623   13.0002
    7.5000   -7.5000  -22.5000 2496.0657   13.2066
   -7.5000    0.0000  -22.5000 2615.0376   11.9120
    0.0000    0.0000  -22.5000 2618.4973   11.9188
    7.5000    0.0000  -22.5000 2602.1990   12.0893
   -7.5000    7.5000  -22.5000 2703.0444   11.1072
    0.0000    7.5000  -22.5000 2706.7375   11.1135
    7.5000    7.5000  -22.5000 2689.3027   11.2792
   -7.5000   15.0000  -22.5000 2767.9788   10.5886
    0.0000   15.0000  -22.5000 2767.3132   10.5886
    7.5000   15.0000  -22.5000 2748.2166   10.7545
   -7.5000   22.5000  -22.5000 2813.4482   10.2457
    0.0000   22.5000  -22.5000 2814.1692   10.2221
    7.5000   22.5000  -22.5000 2789.2217   10.3990
   -7.5000   30.0000  -22.5000 2832.5466   10.2168
    0.0000   30.0000  -22.5000 2837.4221   10.1972
    7.5000   30.0000  -22.5000 2808.1985   10.3964
   -7.5000   37.5000  -22.5000 2824.1746   10.4702
    0.0000   37.5000  -22.5000 2834.6567   10.4269
    7.5000   37.5000  -22.5000 2805.3713   10.6258
   -7.5000   45.0000  -22.5000 2772.1990   10.9089
    0.0000   45.0000  -22.5000 2786.9412   10.8512
    7.5000   45.0000  -22.5000 2758.5540   11.0434
   -7.5000   52.5000  -22.5000 2666.0056   11.4574
    0.0000   52.5000  -22.5000 2678.6223   11.3944
    7.5000   52.5000  -22.5000 2656.6953   11.5758
   -7.5000   60.0000  -22.5000 2506.3145   12.0924
    0.0000   60.0000  -22.5000 2513.4590   12.0333
    7.5000   60.0000  -22.5000 2495.9534   12.2231
   -7.5000  -30.0000  -15.0000 2140.5479   18.2931
    0.0000  -30.0000  -15.0000 2143.0271   18.2797
    7.5000  -30.0000  -15.0000 2122.3542   18.6115
   -7.5000  -22.5000  -15.0000 2281.6865   15.9575
    0.0000  -22.5000  -15.0000 2291.1458   15.9684
    7.5000  -22.5000  -15.0000 2269.6155   16.2613
   -7.5000  -15.0000  -15.0000 2413.2542   14.1322
    0.0000  -15.0000  -15.0000 2421.3682   14.1403
    7.5000  -15.0000  -15.0000 2404.7693   14.3798
   -7.5000   -7.5000  -15.0000 2536.5369   12.7084
    0.0000   -7.5000  -15.0000 2543.4233   12.7182
    7.5000   -7.5000  -15.0000 2530.3987   12.9261
   -7.5000    0.0000  -15.0000 2653.0110   11.6091
    0.0000    0.0000  -15.0000 2660.2036   11.6401
    7.5000    0.0000  -15.0000 2643.2161   11.8138
   -7.5000    7.5000  -15.0000 2754.9211   10.8124
    0.0000    7.5000  -15.0000 2759.0256   10.8318
    7.5000    7.5000  -15.0000 2738.4170   10.9942
   -7.5000   15.0000  -15.0000 2832.8347   10.2940
    0.0000   15.0000  -15.0000 2834.6748   10.3145
    7.5000   15.0000  -15.0000 2815.9482   10.4657
   -7.5000   22.5000  -15.0000 2888.0603    9.9161
    0.0000   22.5000  -15.0000 2893.6672    9.9218
    7.5000   22.5000  -15.0000 2866.4851   10.0794
   -7.5000   30.0000  -15.0000 2913.8267    9.8660
    0.0000   30.0000  -15.0000 2924.4702    9.8570
    7.5000   30.0000  -15.0000 2894.4392   10.0507
   -7.5000   37.5000  -15.0000 2901.5322   10.0980
    0.0000   37.5000  -15.0000 2917.1560   10.0746
    7.5000   37.5000  -15.0000 2890.3503   10.2711
   -7.5000   45.0000  -15.0000 2845.1960   10.5296
    0.0000   45.0000  -15.0000 2862.6272   10.4949
    7.5000   45.0000  -15.0000 2837.1450   10.6774
   -7.5000   52.5000  -15.0000 2728.5520   11.0823
    0.0000   52.5000  -15.0000 2746.3562   11.0260
    7.5000   52.5000  -15.0000 2723.5398   11.1959
   -7.5000   60.0000  -15.0000 2554.7212   11.7296
    0.0000   60.0000  -15.0000 2569.5981   11.6766
    7.5000   60.0000  -15.0000 2553.7388   11.8718
   -7.5000  -30.0000   -7.5000 2145.5410   18.1544
    0.0000  -30.0000   -7.5000 2153.7869   18.0921
    7.5000  -30.0000   -7.5000 2132.1462   18.4007
   -7.5000  -22.5000   -7.5000 2282.8218   15.8074
    0.0000  -22.5000   -7.5000 2292.4204   15.7446
    7.5000  -22.5000   -7.5000 2275.3684   16.0411
   -7.5000  -15.0000   -7.5000 2418.2073   13.9746
    0.0000  -15.0000   -7.5000 2424.5342   13.8938
    7.5000  -15.0000   -7.5000 2410.5061   14.1617
   -7.5000   -7.5000   -7.5000 2545.3362   12.5341
    0.0000   -7.5000   -7.5000 2549.7244   12.4633
    7.5000   -7.5000   -7.5000 2536.7468   12.7053
   -7.5000    0.0000   -7.5000 2667.0408   11.4293
    0.0000    0.0000   -7.5000 2669.2769   11.3973
    7.5000    0.0000   -7.5000 2651.2695   11.5825
   -7.5000    7.5000   -7.5000 2776.4956   10.6214
    0.0000    7.5000   -7.5000 2776.4214   10.6102
    7.5000    7.5000   -7.5000 2756.6750   10.7597
   -7.5000   15.0000   -7.5000 2871.8870   10.1066
    0.0000   15.0000   -7.5000 2873.2068   10.1095
    7.5000   15.0000   -7.5000 2851.2903   10.2230
   -7.5000   22.5000   -7.5000 2945.1865    9.6964
    0.0000   22.5000   -7.5000 2949.6418    9.7624
    7.5000   22.5000   -7.5000 2918.6699    9.8313
   -7.5000   30.0000   -7.5000 2965.0742    9.5967
    0.0000   30.0000   -7.5000 2984.4619    9.6450
    7.5000   30.0000   -7.5000 2946.2285    9.7476
   -7.5000   37.5000   -7.5000 2941.9912    9.8263
    0.0000   37.5000   -7.5000 2965.3911    9.8146
    7.5000   37.5000   -7.5000 2931.7620    9.9862
   -7.5000   45.0000   -7.5000 2878.2908   10.2533
    0.0000   45.0000   -7.5000 2900.9714   10.2271
    7.5000   45.0000   -7.5000 2869.9980   10.3969
   -7.5000   52.5000   -7.5000 2760.6187   10.8105
    0.0000   52.5000   -7.5000 2778.5259   10.7709
    7.5000   52.5000   -7.5000 2750.4319   10.9360
   -7.5000   60.0000   -7.5000 2583.2017   11.4662
    0.0000   60.0000   -7.5000 2596.8848   11.4323
    7.5000   60.0000   -7.5000 2580.2319   11.5758
   -7.5000  -30.0000    0.0000 2141.5400   18.3141
    0.0000  -30.0000    0.0000 2146.9109   18.1743
    7.5000  -30.0000    0.0000 2130.6230   18.5339
   -7.5000  -22.5000    0.0000 2276.2244   15.8756
    0.0000  -22.5000    0.0000 2281.0256   15.7606
    7.5000  -22.5000    0.0000 2268.7161   16.0524
   -7.5000  -15.0000    0.0000 2405.3984   13.9832
    0.0000  -15.0000    0.0000 2408.1829   13.8704
    7.5000  -15.0000    0.0000 2394.9221   14.1031
   -7.5000   -7.5000    0.0000 2531.8506   12.5227
    0.0000   -7.5000    0.0000 2538.5471   12.4338
    7.5000   -7.5000    0.0000 2519.6306   12.6217
   -7.5000    0.0000    0.0000 2657.7905   11.3986
    0.0000    0.0000    0.0000 2658.8145   11.3399
    7.5000    0.0000    0.0000 2636.5791   11.4993
   -7.5000    7.5000    0.0000 2773.8076   10.5762
    0.0000    7.5000    0.0000 2774.5278   10.5381
    7.5000    7.5000    0.0000 2752.5757   10.6750
   -7.5000   15.0000    0.0000 2880.6121   10.0355
    0.0000   15.0000    0.0000 2877.6663   10.0273
    7.5000   15.0000    0.0000 2856.0085   10.1172
   -7.5000   22.5000    0.0000 2960.4363    9.6588
    0.0000   22.5000    0.0000 2967.9143    9.6986
    7.5000   22.5000    0.0000 2931.7661    9.7630
   -7.5000   30.0000    0.0000 2982.6892    9.5947
    0.0000   30.0000    0.0000 3006.2920    9.6249
    7.5000   30.0000    0.0000 2960.4519    9.7067
   -7.5000   37.5000    0.0000 2956.4163    9.7712
    0.0000   37.5000    0.0000 2978.5852    9.8002
    7.5000   37.5000    0.0000 2940.2695    9.9106
   -7.5000   45.0000    0.0000 2886.3062   10.1703
    0.0000   45.0000    0.0000 2904.6792   10.2022
    7.5000   45.0000    0.0000 2872.4324   10.3042
   -7.5000   52.5000    0.0000 2757.2026   10.7519
    0.0000   52.5000    0.0000 2769.5559   10.7540
    7.5000   52.5000    0.0000 2745.7932   10.8391
   -7.5000   60.0000    0.0000 2577.8894   11.4267
    0.0000   60.0000    0.0000 2589.8083   11.3892
    7.5000   60.0000    0.0000 2572.2649   11.4719
   -7.5000  -30.0000    7.5000 2121.9639   18.6351
    0.0000  -30.0000    7.5000 2131.5071   18.4934
    7.5000  -30.0000    7.5000 2107.5562   18.7884
   -7.5000  -22.5000    7.5000 2251.4424   16.1490
    0.0000  -22.5000    7.5000 2258.7151   15.9670
    7.5000  -22.5000    7.5000 2243.2056   16.2519
   -7.5000  -15.0000    7.5000 2382.4341   14.2310
    0.0000  -15.0000    7.5000 2384.1860   14.0340
    7.5000  -15.0000    7.5000 2369.7417   14.3105
   -7.5000   -7.5000    7.5000 2508.7107   12.7204
    0.0000   -7.5000    7.5000 2513.0989   12.5506
    7.5000   -7.5000    7.5000 2495.0400   12.8169
   -7.5000    0.0000    7.5000 2633.2742   11.5892
    0.0000    0.0000    7.5000 2629.8425   11.4546
    7.5000    0.0000    7.5000 2614.4509   11.6715
   -7.5000    7.5000    7.5000 2748.7268   10.7614
    0.0000    7.5000    7.5000 2745.8496   10.6633
    7.5000    7.5000    7.5000 2729.4163   10.8302
   -7.5000   15.0000    7.5000 2854.7183   10.1814
    0.0000   15.0000    7.5000 2860.3860   10.1645
    7.5000   15.0000    7.5000 2836.3530   10.2824
   -7.5000   22.5000    7.5000 2939.5806    9.8621
    0.0000   22.5000    7.5000 2955.5156    9.8711
    7.5000   22.5000    7.5000 2914.0044    9.9727
   -7.5000   30.0000    7.5000 2968.8096    9.8551
    0.0000   30.0000    7.5000 2996.0264    9.8754
    7.5000   30.0000    7.5000 2948.5605    9.9290
   -7.5000   37.5000    7.5000 2940.3374   10.0467
    0.0000   37.5000    7.5000 2960.5803   10.0786
    7.5000   37.5000    7.5000 2924.4236   10.1120
   -7.5000   45.0000    7.5000 2862.6213   10.4077
    0.0000   45.0000    7.5000 2878.2034   10.4090
    7.5000   45.0000    7.5000 2851.6968   10.4824
   -7.5000   52.5000    7.5000 2728.1523   10.9153
    0.0000   52.5000    7.5000 2738.5298   10.8854
    7.5000   52.5000    7.5000 2722.4729   10.9874
   -7.5000   60.0000    7.5000 2552.1179   11.5098
    0.0000   60.0000    7.5000 2559.0112   11.4854
    7.5000   60.0000    7.5000 2544.7485   11.6022
   -7.5000  -30.0000   15.0000 2085.6272   19.3312
    0.0000  -30.0000   15.0000 2089.8569   19.1110
    7.5000  -30.0000   15.0000 2066.4143   19.4285
   -7.5000  -22.5000   15.0000 2219.6235   16.6984
    0.0000  -22.5000   15.0000 2225.6797   16.4816
    7.5000  -22.5000   15.0000 2210.3286   16.7403
   -7.5000  -15.0000   15.0000 2348.4087   14.6656
    0.0000  -15.0000   15.0000 2351.7991   14.4546
    7.5000  -15.0000   15.0000 2335.5330   14.6913
   -7.5000   -7.5000   15.0000 2475.0671   13.1524
    0.0000   -7.5000   15.0000 2478.3743   12.9782
    7.5000   -7.5000   15.0000 2458.2043   13.1793
   -7.5000    0.0000   15.0000 2593.2837   12.0405
    0.0000    0.0000   15.0000 2594.6392   11.9188
    7.5000    0.0000   15.0000 2575.1047   12.0750
   -7.5000    7.5000   15.0000 2710.1667   11.2202
    0.0000    7.5000   15.0000 2714.3464   11.1585
    7.5000    7.5000   15.0000 2692.5637   11.3051
   -7.5000   15.0000   15.0000 2811.9172   10.6351
    0.0000   15.0000   15.0000 2819.5688   10.6004
    7.5000   15.0000   15.0000 2792.4617   10.7275
   -7.5000   22.5000   15.0000 2887.9868   10.3183
    0.0000   22.5000   15.0000 2902.2910   10.2640
    7.5000   22.5000   15.0000 2867.6667   10.4259
   -7.5000   30.0000   15.0000 2909.7849   10.2645
    0.0000   30.0000   15.0000 2928.8728   10.2338
    7.5000   30.0000   15.0000 2895.8140   10.3804
   -7.5000   37.5000   15.0000 2876.5132   10.4550
    0.0000   37.5000   15.0000 2893.4587   10.4230
    7.5000   37.5000   15.0000 2867.3201   10.5672
   -7.5000   45.0000   15.0000 2799.9365   10.8437
    0.0000   45.0000   15.0000 2814.0596   10.8095
    7.5000   45.0000   15.0000 2794.7488   10.9282
   -7.5000   52.5000   15.0000 2667.0327   11.3531
    0.0000   52.5000   15.0000 2680.4192   11.3247
    7.5000   52.5000   15.0000 2664.4216   11.4403
   -7.5000   60.0000   15.0000 2501.3906   11.9018
    0.0000   60.0000   15.0000 2510.6833   11.8720
    7.5000   60.0000   15.0000 2496.9741   12.0050
   -7.5000  -30.0000   22.5000 2037.0892   20.2092
    0.0000  -30.0000   22.5000 2039.1519   20.0321
    7.5000  -30.0000   22.5000 2013.6857   20.3091
   -7.5000  -22.5000   22.5000 2177.0757   17.4992
    0.0000  -22.5000   22.5000 2183.7266   17.3297
    7.5000  -22.5000   22.5000 2162.9565   17.5714
   -7.5000  -15.0000   22.5000 2304.4355   15.4454
    0.0000  -15.0000   22.5000 2312.7803   15.3040
    7.5000  -15.0000   22.5000 2292.0400   15.5319
   -7.5000   -7.5000   22.5000 2429.4966   13.9117
    0.0000   -7.5000   22.5000 2436.2505   13.7912
    7.5000   -7.5000   22.5000 2411.8657   13.9999
   -7.5000    0.0000   22.5000 2546.6194   12.7593
    0.0000    0.0000   22.5000 2552.4075   12.6343
    7.5000    0.0000   22.5000 2528.4631   12.8138
   -7.5000    7.5000   22.5000 2659.8853   11.8619
    0.0000    7.5000   22.5000 2662.5693   11.7430
    7.5000    7.5000   22.5000 2643.6917   11.9141
   -7.5000   15.0000   22.5000 2750.6460   11.2340
    0.0000   15.0000   22.5000 2757.4912   11.1012
    7.5000   15.0000   22.5000 2734.5757   11.2942
   -7.5000   22.5000   22.5000 2809.9858   10.8714
    0.0000   22.5000   22.5000 2824.6042   10.7883
    7.5000   22.5000   22.5000 2796.6863   10.9979
   -7.5000   30.0000   22.5000 2828.1072   10.8162
    0.0000   30.0000   22.5000 2841.4387   10.7601
    7.5000   30.0000   22.5000 2815.9673   10.9341
   -7.5000   37.5000   22.5000 2794.0603   11.0262
    0.0000   37.5000   22.5000 2808.3003   10.9564
    7.5000   37.5000   22.5000 2786.0618   11.1046
   -7.5000   45.0000   22.5000 2720.1731   11.4102
    0.0000   45.0000   22.5000 2732.8176   11.3526
    7.5000   45.0000   22.5000 2718.0928   11.4838
   -7.5000   52.5000   22.5000 2598.5986   11.9072
    0.0000   52.5000   22.5000 2610.8105   11.8607
    7.5000   52.5000   22.5000 2598.5054   11.9701
   -7.5000   60.0000   22.5000 2438.2700   12.4519
    0.0000   60.0000   22.5000 2448.6050   12.4253
    7.5000   60.0000   22.5000 2432.7947   12.5500
   -7.5000  -30.0000   30.0000 1976.9449   21.5822
    0.0000  -30.0000   30.0000 1983.7694   21.3540
    7.5000  -30.0000   30.0000 1959.2808   21.6925
   -7.5000  -22.5000   30.0000 2123.3679   18.7034
    0.0000  -22.5000   30.0000 2130.2175   18.4998
    7.5000  -22.5000   30.0000 2107.7114   18.8151
   -7.5000  -15.0000   30.0000 2251.5015   16.5559
    0.0000  -15.0000   30.0000 2260.4932   16.3662
    7.5000  -15.0000   30.0000 2241.2039   16.6397
   -7.5000   -7.5000   30.0000 2372.8198   14.8860
    0.0000   -7.5000   30.0000 2379.5117   14.6982
    7.5000   -7.5000   30.0000 2360.5056   14.9260
   -7.5000    0.0000   30.0000 2487.5015   13.6050
    0.0000    0.0000   30.0000 2496.1487   13.4217
    7.5000    0.0000   30.0000 2478.4167   13.6241
   -7.5000    7.5000   30.0000 2594.4841   12.6348
    0.0000    7.5000   30.0000 2603.4829   12.4349
    7.5000    7.5000   30.0000 2583.4321   12.6571
   -7.5000   15.0000   30.0000 2673.0684   11.9794
    0.0000   15.0000   30.0000 2686.4651   11.8097
    7.5000   15.0000   30.0000 2663.2681   12.0591
   -7.5000   22.5000   30.0000 2719.2849   11.6312
    0.0000   22.5000   30.0000 2734.5103   11.5257
    7.5000   22.5000   30.0000 2711.2131   11.7352
   -7.5000   30.0000   30.0000 2729.4619   11.5589
    0.0000   30.0000   30.0000 2739.6255   11.4778
    7.5000   30.0000   30.0000 2718.3689   11.6527
   -7.5000   37.5000   30.0000 2694.4077   11.7560
    0.0000   37.5000   30.0000 2702.8323   11.6590
    7.5000   37.5000   30.0000 2688.6345   11.8179
   -7.5000   45.0000   30.0000 2628.0225   12.1455
    0.0000   45.0000   30.0000 2636.7788   12.0574
    7.5000   45.0000   30.0000 2624.7434   12.1945
   -7.5000   52.5000   30.0000 2518.7639   12.6327
    0.0000   52.5000   30.0000 2527.9548   12.5570
    7.5000   52.5000   30.0000 2514.9675   12.7027
   -7.5000   60.0000   30.0000 2367.8269   13.1683
    0.0000   60.0000   30.0000 2374.2773   13.1078
    7.5000   60.0000   30.0000 2361.9016   13.2570
   -7.5000  -30.0000   37.5000 1916.0507   23.2676
    0.0000  -30.0000   37.5000 1922.4008   23.0872
    7.5000  -30.0000   37.5000 1902.5920   23.4327
   -7.5000  -22.5000   37.5000 2062.4971   20.1609
    0.0000  -22.5000   37.5000 2070.4475   19.8627
    7.5000  -22.5000   37.5000 2050.4573   20.2035
   -7.5000  -15.0000   37.5000 2189.8289   17.8133
    0.0000  -15.0000   37.5000 2201.6067   17.5158
    7.5000  -15.0000   37.5000 2183.6204   17.8306
   -7.5000   -7.5000   37.5000 2307.2017   15.9997
    0.0000   -7.5000   37.5000 2318.9380   15.7415
    7.5000   -7.5000   37.5000 2304.9658   16.0074
   -7.5000    0.0000   37.5000 2418.7690   14.6160
    0.0000    0.0000   37.5000 2432.1567   14.3822
    7.5000    0.0000   37.5000 2415.9443   14.6429
   -7.5000    7.5000   37.5000 2516.4011   13.6205
    0.0000    7.5000   37.5000 2531.4395   13.3996
    7.5000    7.5000   37.5000 2509.9934   13.6476
   -7.5000   15.0000   37.5000 2584.6814   12.9490
    0.0000   15.0000   37.5000 2600.3472   12.7834
    7.5000   15.0000   37.5000 2574.4365   13.0284
   -7.5000   22.5000   37.5000 2624.6084   12.5804
    0.0000   22.5000   37.5000 2634.6619   12.4726
    7.5000   22.5000   37.5000 2613.6567   12.6640
   -7.5000   30.0000   37.5000 2623.8875   12.4762
    0.0000   30.0000   37.5000 2634.3657   12.3689
    7.5000   30.0000   37.5000 2613.8708   12.5584
   -7.5000   37.5000   37.5000 2592.6709   12.6523
    0.0000   37.5000   37.5000 2594.4663   12.5454
    7.5000   37.5000   37.5000 2585.4009   12.7092
   -7.5000   45.0000   37.5000 2532.4150   13.0352
    0.0000   45.0000   37.5000 2536.3054   12.9415
    7.5000   45.0000   37.5000 2527.8091   13.0835
   -7.5000   52.5000   37.5000 2432.1396   13.5147
    0.0000   52.5000   37.5000 2439.8193   13.4294
    7.5000   52.5000   37.5000 2434.4792   13.5845
   -7.5000   60.0000   37.5000 2291.8066   14.0472
    0.0000   60.0000   37.5000 2296.5684   13.9578
    7.5000   60.0000   37.5000 2286.8674   14.1268
   -7.5000  -30.0000   45.0000 1841.9254   25.2220
    0.0000  -30.0000   45.0000 1850.2231   25.0651
    7.5000  -30.0000   45.0000 1836.7258   25.3444
   -7.5000  -22.5000   45.0000 1989.1056   21.8341
    0.0000  -22.5000   45.0000 1999.5491   21.5422
    7.5000  -22.5000   45.0000 1982.2544   21.8385
   -7.5000  -15.0000   45.0000 2115.5728   19.2558
    0.0000  -15.0000   45.0000 2128.0981   18.9825
    7.5000  -15.0000   45.0000 2112.1992   19.2558
   -7.5000   -7.5000   45.0000 2232.2019   17.3046
    0.0000   -7.5000   45.0000 2247.3909   17.0315
    7.5000   -7.5000   45.0000 2233.7114   17.3129
   -7.5000    0.0000   45.0000 2338.0959   15.8483
    0.0000    0.0000   45.0000 2357.7256   15.5980
    7.5000    0.0000   45.0000 2340.1667   15.8518
   -7.5000    7.5000   45.0000 2429.0452   14.8180
    0.0000    7.5000   45.0000 2447.0317   14.5908
    7.5000    7.5000   45.0000 2425.8042   14.8378
   -7.5000   15.0000   45.0000 2485.2007   14.1044
    0.0000   15.0000   45.0000 2501.4509   13.9518
    7.5000   15.0000   45.0000 2477.3721   14.1892
   -7.5000   22.5000   45.0000 2518.2810   13.7214
    0.0000   22.5000   45.0000 2530.9788   13.6003
    7.5000   22.5000   45.0000 2508.1230   13.7874
   -7.5000   30.0000   45.0000 2517.8940   13.5859
    0.0000   30.0000   45.0000 2528.3213   13.4802
    7.5000   30.0000   45.0000 2507.8782   13.6622
   -7.5000   37.5000   45.0000 2487.6707   13.7454
    0.0000   37.5000   45.0000 2491.9290   13.6252
    7.5000   37.5000   45.0000 2478.0962   13.8081
   -7.5000   45.0000   45.0000 2431.1799   14.1201
    0.0000   45.0000   45.0000 2441.7004   14.0130
    7.5000   45.0000   45.0000 2428.9014   14.1866
   -7.5000   52.5000   45.0000 2340.7793   14.5936
    0.0000   52.5000   45.0000 2348.8257   14.5148
    7.5000   52.5000   45.0000 2341.9724   14.6841
   -7.5000   60.0000   45.0000 2201.8052   15.1205
    0.0000   60.0000   45.0000 2209.5488   15.0459
    7.5000   60.0000   45.0000 2203.9626   15.1905

---------------------------------------------------------------------
imgreg_4dfp /opt/freesurfer/average/711-2C_as_mni_average_305 /opt/freesurfer/average/711-2B_as_mni_average_305_mask talsrcimg_g11 none talsrcimg_to_711-2C_as_mni_average_305_t4 1283
---------------------------------------------------------------------

freesurfer imgreg_4dfp.c
/opt/freesurfer/average/711-2C_as_mni_average_305.4dfp.img
       256       256       256         1
  1.000000  1.000000  1.000000
orientation T byte_order littleendian
Reading image: /opt/freesurfer/average/711-2C_as_mni_average_305.4dfp.img
dimensions:      256       256       256
mmppix:       1.0000   -1.0000   -1.0000
center:     128.0000 -129.0000 -129.0000
/opt/freesurfer/average/711-2B_as_mni_average_305_mask.4dfp.img
       256       256       256         1
  1.000000  1.000000  1.000000
orientation T byte_order littleendian
Reading mask: /opt/freesurfer/average/711-2B_as_mni_average_305_mask.4dfp.img (2306576 pixels)
talsrcimg_g11.4dfp.img
       256       256       256         1
  1.000000  1.000000  1.000000
orientation T byte_order littleendian
Reading image: talsrcimg_g11.4dfp.img
dimensions:      256       256       256
mmppix:       1.0000   -1.0000   -1.0000
center:     128.0000 -129.0000 -129.0000
rotation matrix determinant  1.000000
fimgreg.f
image alignment mode   1283 decimal      503 hex
parameters
    0.0000   30.0000    0.0000    0.0000    0.0000    0.0000
eta,q 0.94553  9.60132
niter,ni,del,rscale     5    3   12.0000    1.2000
parameter  4  0.748062 ->  0.500000 qaram    1.1500
parameter  5  0.615928 ->  0.500000 qaram    1.1500
parameter  6 -1.269234 -> -0.500000 qaram    1.1500
parameters
   -1.1041   29.5886    0.6906   -3.4500   -3.4500    3.4500
eta,q 0.95224  9.56257
  0.0622  0.0619  0.0596  0.0532  0.0519  0.0566
  0.0582  0.0573  0.0561  0.0525  0.0505  0.0542
  0.0557  0.0551  0.0546  0.0529  0.0510  0.0524
  0.0555  0.0552  0.0547  0.0544  0.0525  0.0505
  0.0583  0.0572  0.0547  0.0566  0.0544  0.0485
  0.0635  0.0596  0.0554  0.0589  0.0570  0.0476
  0.0689  0.0627  0.0572  0.0617  0.0599  0.0477
niter,ni,del,rscale     7    3   12.0000    1.2000
parameter  4  0.623927 ->  0.500000 qaram    1.3225
parameters
   -0.0961   30.8227    1.0440   -7.4175   -4.1402    4.5057
eta,q 0.95486  9.60076
  0.0634  0.0605  0.0536  0.0472  0.0526  0.0535
  0.0574  0.0541  0.0506  0.0459  0.0490  0.0509
  0.0512  0.0494  0.0489  0.0459  0.0463  0.0482
  0.0478  0.0477  0.0479  0.0478  0.0458  0.0456
  0.0484  0.0482  0.0478  0.0505  0.0482  0.0453
  0.0516  0.0499  0.0496  0.0535  0.0515  0.0471
  0.0561  0.0525  0.0527  0.0564  0.0552  0.0509
niter,ni,del,rscale     7    3   12.0000    1.2000
parameters
    0.0599   32.6979   -0.2443   -9.1055   -4.3162    4.9879
eta,q 0.95748  9.55977
  0.0592  0.0631  0.0471  0.0502  0.0514  0.0512
  0.0528  0.0561  0.0447  0.0449  0.0471  0.0479
  0.0467  0.0492  0.0441  0.0425  0.0437  0.0446
  0.0451  0.0452  0.0442  0.0441  0.0427  0.0426
  0.0473  0.0442  0.0454  0.0475  0.0444  0.0430
  0.0516  0.0463  0.0479  0.0518  0.0478  0.0455
  0.0576  0.0498  0.0513  0.0557  0.0522  0.0499
niter,ni,del,rscale     6    3   12.0000    1.2000
parameters
    0.1360   33.2961   -0.5787   -9.7873   -4.5611    5.0329
eta,q 0.95786  9.56109
  0.0571  0.0586  0.0483  0.0517  0.0507  0.0502
  0.0499  0.0510  0.0446  0.0470  0.0465  0.0467
  0.0438  0.0450  0.0429  0.0429  0.0432  0.0436
  0.0425  0.0426  0.0426  0.0425  0.0422  0.0421
  0.0452  0.0436  0.0436  0.0456  0.0438  0.0429
  0.0498  0.0477  0.0460  0.0499  0.0473  0.0458
  0.0556  0.0531  0.0494  0.0542  0.0519  0.0507
niter,ni,del,rscale     5    3   12.0000    1.2000
parameters
    0.2198   33.6051   -0.7418  -10.2250   -4.7575    5.0041
eta,q 0.95787  9.56820
  0.0567  0.0578  0.0486  0.0520  0.0505  0.0499
  0.0496  0.0499  0.0449  0.0476  0.0464  0.0465
  0.0436  0.0441  0.0430  0.0434  0.0432  0.0434
  0.0421  0.0422  0.0423  0.0423  0.0422  0.0421
  0.0447  0.0438  0.0433  0.0449  0.0437  0.0428
  0.0494  0.0486  0.0456  0.0493  0.0469  0.0457
  0.0553  0.0543  0.0491  0.0538  0.0516  0.0508
niter,ni,del,rscale     4    3   12.0000    1.2000
parameters
    0.3043   33.8115   -0.8645  -10.5273   -4.9022    4.9608
eta,q 0.95781  9.57394
  0.0564  0.0574  0.0486  0.0521  0.0504  0.0498
  0.0495  0.0494  0.0449  0.0480  0.0464  0.0464
  0.0437  0.0438  0.0431  0.0437  0.0433  0.0434
  0.0421  0.0422  0.0422  0.0422  0.0422  0.0422
  0.0445  0.0440  0.0431  0.0446  0.0436  0.0427
  0.0492  0.0489  0.0455  0.0490  0.0467  0.0457
  0.0552  0.0548  0.0490  0.0535  0.0513  0.0508
niter,ni,del,rscale     3    3   12.0000    1.2000
parameters
    0.3721   33.9520   -0.9418  -10.7300   -5.0147    4.9313
eta,q 0.95773  9.57957
  0.0563  0.0571  0.0487  0.0522  0.0505  0.0498
  0.0495  0.0492  0.0451  0.0482  0.0465  0.0464
  0.0438  0.0437  0.0432  0.0439  0.0433  0.0434
  0.0422  0.0422  0.0423  0.0423  0.0423  0.0423
  0.0444  0.0441  0.0431  0.0444  0.0436  0.0427
  0.0492  0.0491  0.0454  0.0488  0.0466  0.0456
  0.0553  0.0550  0.0490  0.0533  0.0512  0.0507
niter,ni,del,rscale     2    3   12.0000    1.2000
parameters
    0.4238   34.0539   -0.9909  -10.8720   -5.0999    4.9094
eta,q 0.95767  9.58405
  0.0562  0.0570  0.0487  0.0523  0.0505  0.0498
  0.0494  0.0490  0.0451  0.0484  0.0465  0.0464
  0.0438  0.0436  0.0433  0.0441  0.0434  0.0434
  0.0423  0.0423  0.0423  0.0423  0.0423  0.0423
  0.0445  0.0441  0.0431  0.0443  0.0436  0.0428
  0.0493  0.0492  0.0454  0.0486  0.0465  0.0456
  0.0554  0.0552  0.0490  0.0532  0.0511  0.0507
niter,ni,del,rscale     1    3   12.0000    1.2000
parameters
    0.4607   34.1299   -1.0263  -10.9793   -5.1580    4.8912
eta,q 0.95762  9.58743
  0.0561  0.0568  0.0488  0.0523  0.0506  0.0498
  0.0494  0.0489  0.0452  0.0484  0.0466  0.0464
  0.0439  0.0436  0.0434  0.0442  0.0435  0.0435
  0.0423  0.0423  0.0424  0.0424  0.0424  0.0424
  0.0445  0.0442  0.0431  0.0442  0.0436  0.0428
  0.0493  0.0493  0.0454  0.0485  0.0465  0.0456
  0.0554  0.0553  0.0490  0.0531  0.0510  0.0507
registration optimization eta report
parameter search radius
    6.0000    6.0000    6.0000    7.9350    6.9000    6.9000
100000*second partial in parameter space
       37.       38.       18.       16.       17.       17.
  0.0561  0.0568  0.0488  0.0523  0.0506  0.0498
  0.0494  0.0489  0.0452  0.0484  0.0466  0.0464
  0.0439  0.0436  0.0434  0.0442  0.0435  0.0435
  0.0423  0.0423  0.0424  0.0424  0.0424  0.0424
  0.0445  0.0442  0.0431  0.0442  0.0436  0.0428
  0.0493  0.0493  0.0454  0.0485  0.0465  0.0456
  0.0554  0.0553  0.0490  0.0531  0.0510  0.0507
    0.4607   34.1299   -1.0263  -10.9793   -5.1580    4.8912
eta,q 0.95762  9.58743

---------------------------------------------------------------------
imgreg_4dfp /opt/freesurfer/average/711-2C_as_mni_average_305 /opt/freesurfer/average/711-2B_as_mni_average_305_mask talsrcimg_g11 none talsrcimg_to_711-2C_as_mni_average_305_t4 3335
---------------------------------------------------------------------

freesurfer imgreg_4dfp.c
/opt/freesurfer/average/711-2C_as_mni_average_305.4dfp.img
       256       256       256         1
  1.000000  1.000000  1.000000
orientation T byte_order littleendian
Reading image: /opt/freesurfer/average/711-2C_as_mni_average_305.4dfp.img
dimensions:      256       256       256
mmppix:       1.0000   -1.0000   -1.0000
center:     128.0000 -129.0000 -129.0000
/opt/freesurfer/average/711-2B_as_mni_average_305_mask.4dfp.img
       256       256       256         1
  1.000000  1.000000  1.000000
orientation T byte_order littleendian
Reading mask: /opt/freesurfer/average/711-2B_as_mni_average_305_mask.4dfp.img (2306576 pixels)
talsrcimg_g11.4dfp.img
       256       256       256         1
  1.000000  1.000000  1.000000
orientation T byte_order littleendian
Reading image: talsrcimg_g11.4dfp.img
dimensions:      256       256       256
mmppix:       1.0000   -1.0000   -1.0000
center:     128.0000 -129.0000 -129.0000
fimgreg.f
image alignment mode   3335 decimal      D07 hex
parameters
    0.4607   34.1299   -1.0263   -0.7676   -2.3339   -2.2279
  -10.0764    7.1697    8.4919   19.7287   -8.9903  -18.9684
eta,q 0.95705  9.63154
niter,ni,del,rscale     5    3    5.0000    1.2000
parameter  4  0.542999 ->  0.500000 qaram    1.1500
parameter  5  2.211896 ->  0.500000 qaram    1.1500
parameter  6  1.511585 ->  0.500000 qaram    1.1500
parameter 10  0.916017 ->  0.500000 qaram    1.1500
parameters
    0.7089   34.4036   -0.5676   -4.9076   -6.4739   -6.3679
   -9.0332    7.9525    8.1345   15.5887   -9.5095  -20.8201
eta,q 0.96771  9.20505
  0.0460  0.0450  0.0447  0.0425  0.0363  0.0326  0.0365  0.0390  0.0359  0.0323  0.0333  0.0328
  0.0444  0.0439  0.0439  0.0422  0.0379  0.0338  0.0354  0.0368  0.0349  0.0323  0.0328  0.0324
  0.0434  0.0432  0.0433  0.0423  0.0397  0.0358  0.0347  0.0351  0.0344  0.0329  0.0324  0.0323
  0.0430  0.0429  0.0429  0.0428  0.0422  0.0384  0.0343  0.0343  0.0342  0.0342  0.0324  0.0324
  0.0431  0.0430  0.0429  0.0441  0.0448  0.0418  0.0343  0.0344  0.0344  0.0361  0.0325  0.0326
  0.0438  0.0434  0.0431  0.0462  0.0475  0.0455  0.0348  0.0355  0.0352  0.0383  0.0330  0.0331
  0.0450  0.0442  0.0438  0.0490  0.0512  0.0501  0.0355  0.0375  0.0363  0.0410  0.0336  0.0337
niter,ni,del,rscale     7    3    5.0000    1.2000
parameter  3  0.697465 ->  0.500000 qaram    1.1500
parameter  5  1.696538 ->  0.500000 qaram    1.3225
parameter  6  0.513623 ->  0.500000 qaram    1.3225
parameters
    0.6285   33.3925   -1.9476   -2.7836  -11.2349  -11.1289
   -8.7554    8.0518    8.1836   15.4665   -9.9847  -19.2687
eta,q 0.97414  8.98714
  0.0346  0.0326  0.0314  0.0346  0.0265  0.0276  0.0279  0.0296  0.0279  0.0298  0.0268  0.0272
  0.0333  0.0321  0.0312  0.0332  0.0273  0.0262  0.0269  0.0277  0.0268  0.0279  0.0263  0.0266
  0.0325  0.0320  0.0314  0.0321  0.0291  0.0259  0.0262  0.0265  0.0262  0.0265  0.0260  0.0262
  0.0323  0.0323  0.0320  0.0312  0.0308  0.0277  0.0259  0.0259  0.0259  0.0259  0.0259  0.0259
  0.0326  0.0330  0.0329  0.0308  0.0329  0.0307  0.0261  0.0262  0.0261  0.0263  0.0261  0.0259
  0.0335  0.0342  0.0342  0.0311  0.0358  0.0352  0.0267  0.0274  0.0268  0.0278  0.0265  0.0260
  0.0349  0.0357  0.0358  0.0326  0.0387  0.0403  0.0276  0.0296  0.0279  0.0303  0.0271  0.0264
niter,ni,del,rscale     7    3    5.0000    1.2000
parameters
    0.5449   33.1149   -3.0449    0.3421  -15.6771  -12.9929
   -8.7006    7.7021    8.4332   16.2067   -9.4549  -18.7112
eta,q 0.97594  8.88509
  0.0283  0.0278  0.0263  0.0289  0.0252  0.0277  0.0259  0.0277  0.0261  0.0281  0.0255  0.0251
  0.0269  0.0266  0.0256  0.0276  0.0242  0.0264  0.0250  0.0258  0.0251  0.0263  0.0247  0.0246
  0.0261  0.0259  0.0255  0.0265  0.0238  0.0248  0.0244  0.0246  0.0244  0.0249  0.0242  0.0243
  0.0259  0.0259  0.0258  0.0254  0.0247  0.0238  0.0242  0.0242  0.0242  0.0242  0.0241  0.0241
  0.0262  0.0264  0.0267  0.0247  0.0268  0.0254  0.0243  0.0246  0.0243  0.0241  0.0242  0.0241
  0.0272  0.0275  0.0281  0.0248  0.0287  0.0289  0.0249  0.0261  0.0249  0.0251  0.0245  0.0244
  0.0286  0.0289  0.0300  0.0263  0.0317  0.0341  0.0259  0.0286  0.0259  0.0272  0.0251  0.0249
niter,ni,del,rscale     6    3    5.0000    1.2000
parameters
    0.5310   33.6121   -3.6707    0.6297  -16.3675  -14.1912
   -8.6006    7.4520    8.2293   17.3232   -9.0891  -18.6466
eta,q 0.97593  8.82892
  0.0267  0.0277  0.0252  0.0267  0.0267  0.0278  0.0259  0.0275  0.0258  0.0279  0.0253  0.0250
  0.0252  0.0259  0.0243  0.0256  0.0254  0.0264  0.0250  0.0257  0.0249  0.0262  0.0246  0.0246
  0.0243  0.0247  0.0239  0.0247  0.0244  0.0251  0.0244  0.0246  0.0243  0.0250  0.0242  0.0242
  0.0241  0.0241  0.0240  0.0239  0.0238  0.0239  0.0242  0.0242  0.0242  0.0242  0.0241  0.0241
  0.0244  0.0240  0.0246  0.0235  0.0242  0.0245  0.0244  0.0245  0.0244  0.0241  0.0242  0.0242
  0.0253  0.0246  0.0257  0.0245  0.0260  0.0274  0.0249  0.0259  0.0250  0.0248  0.0245  0.0245
  0.0266  0.0256  0.0272  0.0271  0.0279  0.0321  0.0258  0.0282  0.0259  0.0266  0.0250  0.0250
niter,ni,del,rscale     5    3    5.0000    1.2000
parameters
    0.4344   33.9506   -4.2123    0.9514  -16.9388  -15.1653
   -8.4292    7.1583    8.0170   18.2027   -8.7762  -18.4949
eta,q 0.97586  8.78209
  0.0264  0.0272  0.0253  0.0266  0.0267  0.0278  0.0259  0.0274  0.0257  0.0275  0.0253  0.0251
  0.0250  0.0256  0.0244  0.0256  0.0254  0.0264  0.0250  0.0257  0.0249  0.0260  0.0246  0.0246
  0.0242  0.0245  0.0240  0.0247  0.0244  0.0252  0.0244  0.0246  0.0244  0.0249  0.0242  0.0243
  0.0241  0.0241  0.0240  0.0239  0.0239  0.0239  0.0242  0.0242  0.0242  0.0242  0.0241  0.0241
  0.0245  0.0241  0.0246  0.0236  0.0242  0.0243  0.0244  0.0246  0.0244  0.0242  0.0242  0.0242
  0.0253  0.0247  0.0255  0.0245  0.0257  0.0270  0.0249  0.0259  0.0250  0.0249  0.0245  0.0246
  0.0267  0.0257  0.0269  0.0270  0.0278  0.0313  0.0258  0.0282  0.0259  0.0266  0.0251  0.0251
niter,ni,del,rscale     4    3    5.0000    1.2000
parameters
    0.3364   34.2592   -4.6733    1.1439  -17.5037  -16.0239
   -8.2500    6.8957    7.9175   19.0160   -8.6735  -18.3445
eta,q 0.97576  8.73709
  0.0264  0.0270  0.0255  0.0265  0.0267  0.0278  0.0260  0.0274  0.0258  0.0273  0.0253  0.0252
  0.0250  0.0255  0.0245  0.0256  0.0254  0.0264  0.0251  0.0257  0.0250  0.0259  0.0246  0.0247
  0.0243  0.0245  0.0241  0.0248  0.0245  0.0253  0.0245  0.0247  0.0245  0.0249  0.0243  0.0244
  0.0241  0.0241  0.0241  0.0240  0.0240  0.0240  0.0243  0.0243  0.0243  0.0243  0.0242  0.0242
  0.0245  0.0242  0.0246  0.0237  0.0243  0.0243  0.0245  0.0246  0.0245  0.0243  0.0243  0.0243
  0.0253  0.0248  0.0255  0.0246  0.0257  0.0268  0.0250  0.0259  0.0250  0.0249  0.0246  0.0246
  0.0267  0.0258  0.0267  0.0271  0.0278  0.0308  0.0258  0.0281  0.0259  0.0266  0.0252  0.0252
niter,ni,del,rscale     3    3    5.0000    1.2000
parameters
    0.2398   34.5471   -5.0698    1.2471  -18.0482  -16.7861
   -8.1277    6.6880    8.0099   19.7581   -8.7927  -18.2460
eta,q 0.97565  8.69608
  0.0264  0.0269  0.0256  0.0265  0.0268  0.0278  0.0260  0.0274  0.0260  0.0273  0.0252  0.0253
  0.0251  0.0255  0.0247  0.0256  0.0255  0.0264  0.0252  0.0258  0.0251  0.0260  0.0247  0.0248
  0.0244  0.0246  0.0242  0.0249  0.0246  0.0254  0.0246  0.0248  0.0246  0.0250  0.0244  0.0245
  0.0242  0.0242  0.0242  0.0242  0.0241  0.0242  0.0244  0.0244  0.0244  0.0244  0.0244  0.0244
  0.0246  0.0243  0.0246  0.0238  0.0245  0.0243  0.0246  0.0247  0.0246  0.0244  0.0245  0.0245
  0.0254  0.0249  0.0255  0.0248  0.0257  0.0267  0.0251  0.0259  0.0251  0.0250  0.0247  0.0248
  0.0267  0.0259  0.0266  0.0272  0.0278  0.0304  0.0259  0.0280  0.0259  0.0267  0.0253  0.0253
niter,ni,del,rscale     2    3    5.0000    1.2000
parameters
    0.1604   34.7999   -5.4004    1.2816  -18.5054  -17.4324
   -8.0523    6.5402    8.1565   20.3714   -8.9555  -18.1838
eta,q 0.97553  8.66125
  0.0264  0.0269  0.0257  0.0265  0.0270  0.0278  0.0261  0.0274  0.0262  0.0273  0.0253  0.0254
  0.0252  0.0256  0.0248  0.0257  0.0256  0.0265  0.0252  0.0259  0.0253  0.0260  0.0248  0.0249
  0.0245  0.0247  0.0243  0.0249  0.0247  0.0255  0.0247  0.0249  0.0247  0.0251  0.0245  0.0246
  0.0244  0.0243  0.0243  0.0243  0.0243  0.0243  0.0245  0.0245  0.0245  0.0245  0.0245  0.0245
  0.0247  0.0244  0.0247  0.0239  0.0246  0.0243  0.0247  0.0247  0.0247  0.0245  0.0246  0.0246
  0.0254  0.0250  0.0254  0.0249  0.0258  0.0265  0.0252  0.0259  0.0252  0.0252  0.0248  0.0249
  0.0267  0.0260  0.0265  0.0273  0.0278  0.0301  0.0260  0.0279  0.0261  0.0269  0.0254  0.0254
niter,ni,del,rscale     1    3    5.0000    1.2000
parameters
    0.1008   34.9980   -5.6539    1.2954  -18.8398  -17.9254
   -8.0194    6.4335    8.2670   20.8192   -9.0577  -18.1659
eta,q 0.97541  8.63540
  0.0265  0.0270  0.0259  0.0265  0.0272  0.0279  0.0261  0.0275  0.0263  0.0273  0.0254  0.0255
  0.0253  0.0257  0.0250  0.0257  0.0258  0.0265  0.0253  0.0259  0.0254  0.0261  0.0249  0.0250
  0.0246  0.0248  0.0245  0.0251  0.0249  0.0256  0.0248  0.0250  0.0248  0.0251  0.0246  0.0247
  0.0245  0.0245  0.0245  0.0244  0.0244  0.0244  0.0246  0.0246  0.0246  0.0246  0.0246  0.0246
  0.0248  0.0246  0.0248  0.0241  0.0247  0.0243  0.0248  0.0248  0.0248  0.0246  0.0246  0.0247
  0.0255  0.0252  0.0254  0.0250  0.0259  0.0264  0.0253  0.0259  0.0253  0.0254  0.0249  0.0250
  0.0267  0.0262  0.0264  0.0273  0.0279  0.0298  0.0261  0.0278  0.0262  0.0270  0.0254  0.0255
registration optimization eta report
parameter search radius
    2.4000    2.4000    2.7600    8.2800    9.5220    9.5220
    7.2000    7.2000    7.2000    8.2800    7.2000    7.2000
100000*second partial in parameter space
       37.       37.       22.        4.        3.        5.
        3.        6.        3.        4.        2.        2.
  0.0265  0.0270  0.0259  0.0265  0.0272  0.0279  0.0261  0.0275  0.0263  0.0273  0.0254  0.0255
  0.0253  0.0257  0.0250  0.0257  0.0258  0.0265  0.0253  0.0259  0.0254  0.0261  0.0249  0.0250
  0.0246  0.0248  0.0245  0.0251  0.0249  0.0256  0.0248  0.0250  0.0248  0.0251  0.0246  0.0247
  0.0245  0.0245  0.0245  0.0244  0.0244  0.0244  0.0246  0.0246  0.0246  0.0246  0.0246  0.0246
  0.0248  0.0246  0.0248  0.0241  0.0247  0.0243  0.0248  0.0248  0.0248  0.0246  0.0246  0.0247
  0.0255  0.0252  0.0254  0.0250  0.0259  0.0264  0.0253  0.0259  0.0253  0.0254  0.0249  0.0250
  0.0267  0.0262  0.0264  0.0273  0.0279  0.0298  0.0261  0.0278  0.0262  0.0270  0.0254  0.0255
    0.1008   34.9980   -5.6539    1.2954  -18.8398  -17.9254
   -8.0194    6.4335    8.2670   20.8192   -9.0577  -18.1659
eta,q 0.97541  8.63540

---------------------------------------------------------------------
imgreg_4dfp /opt/freesurfer/average/711-2C_as_mni_average_305 /opt/freesurfer/average/711-2B_as_mni_average_305_mask talsrcimg_g11 none talsrcimg_to_711-2C_as_mni_average_305_t4 2311
---------------------------------------------------------------------

freesurfer imgreg_4dfp.c
/opt/freesurfer/average/711-2C_as_mni_average_305.4dfp.img
       256       256       256         1
  1.000000  1.000000  1.000000
orientation T byte_order littleendian
Reading image: /opt/freesurfer/average/711-2C_as_mni_average_305.4dfp.img
dimensions:      256       256       256
mmppix:       1.0000   -1.0000   -1.0000
center:     128.0000 -129.0000 -129.0000
/opt/freesurfer/average/711-2B_as_mni_average_305_mask.4dfp.img
       256       256       256         1
  1.000000  1.000000  1.000000
orientation T byte_order littleendian
Reading mask: /opt/freesurfer/average/711-2B_as_mni_average_305_mask.4dfp.img (2306576 pixels)
talsrcimg_g11.4dfp.img
       256       256       256         1
  1.000000  1.000000  1.000000
orientation T byte_order littleendian
Reading image: talsrcimg_g11.4dfp.img
dimensions:      256       256       256
mmppix:       1.0000   -1.0000   -1.0000
center:     128.0000 -129.0000 -129.0000
fimgreg.f
image alignment mode   2311 decimal      907 hex
parameters
    0.1008   34.9980   -5.6539    1.2954  -18.8398  -17.9254
   -8.0194    6.4335    8.2670   20.8192   -9.0577  -18.1659
eta,q 0.97542  8.63539
niter,ni,del,rscale     5    3    5.0000    0.8000
parameters
    0.0224   35.1205   -5.8860    3.5635  -18.5020  -17.1311
   -7.8101    6.2303    8.0858   20.5236   -9.0168  -19.0992
eta,q 0.97601  8.72029
  0.0254  0.0257  0.0250  0.0256  0.0252  0.0259  0.0249  0.0260  0.0248  0.0249  0.0248  0.0243
  0.0249  0.0251  0.0247  0.0253  0.0247  0.0253  0.0244  0.0248  0.0244  0.0244  0.0243  0.0241
  0.0246  0.0247  0.0246  0.0249  0.0244  0.0248  0.0241  0.0242  0.0241  0.0241  0.0241  0.0240
  0.0246  0.0246  0.0246  0.0246  0.0242  0.0242  0.0240  0.0240  0.0240  0.0240  0.0240  0.0240
  0.0247  0.0246  0.0247  0.0243  0.0242  0.0240  0.0241  0.0244  0.0241  0.0241  0.0241  0.0241
  0.0250  0.0249  0.0249  0.0242  0.0245  0.0244  0.0243  0.0251  0.0244  0.0246  0.0243  0.0243
  0.0255  0.0254  0.0253  0.0247  0.0250  0.0254  0.0247  0.0263  0.0249  0.0253  0.0247  0.0246
niter,ni,del,rscale     4    3    5.0000    0.7000
parameters
    0.1274   35.1853   -5.6284    3.0821  -18.3265  -16.2491
   -7.8073    6.3754    8.0175   20.4844   -9.0300  -19.4625
eta,q 0.97617  8.74446
  0.0251  0.0248  0.0248  0.0248  0.0247  0.0256  0.0244  0.0257  0.0245  0.0246  0.0244  0.0241
  0.0245  0.0244  0.0244  0.0245  0.0244  0.0251  0.0241  0.0247  0.0241  0.0242  0.0241  0.0240
  0.0241  0.0241  0.0241  0.0241  0.0241  0.0245  0.0239  0.0240  0.0239  0.0239  0.0239  0.0239
  0.0240  0.0240  0.0240  0.0240  0.0240  0.0240  0.0238  0.0238  0.0238  0.0238  0.0238  0.0238
  0.0240  0.0241  0.0240  0.0241  0.0240  0.0238  0.0239  0.0240  0.0239  0.0239  0.0239  0.0239
  0.0243  0.0243  0.0241  0.0246  0.0243  0.0241  0.0241  0.0245  0.0241  0.0242  0.0241  0.0240
  0.0248  0.0247  0.0243  0.0256  0.0247  0.0249  0.0244  0.0254  0.0245  0.0247  0.0244  0.0242
niter,ni,del,rscale     3    3    5.0000    0.6000
parameters
    0.1589   35.1214   -5.3170    2.9926  -18.2018  -15.6971
   -7.7995    6.4281    7.9799   20.3057   -9.0271  -19.5700
eta,q 0.97627  8.76501
  0.0245  0.0243  0.0245  0.0245  0.0244  0.0252  0.0242  0.0251  0.0242  0.0243  0.0242  0.0240
  0.0242  0.0240  0.0242  0.0242  0.0241  0.0247  0.0239  0.0243  0.0239  0.0240  0.0239  0.0238
  0.0239  0.0239  0.0240  0.0240  0.0239  0.0242  0.0238  0.0239  0.0238  0.0238  0.0238  0.0238
  0.0238  0.0238  0.0238  0.0238  0.0238  0.0238  0.0237  0.0237  0.0237  0.0237  0.0237  0.0237
  0.0239  0.0239  0.0238  0.0238  0.0238  0.0237  0.0238  0.0239  0.0238  0.0238  0.0238  0.0238
  0.0241  0.0241  0.0239  0.0241  0.0240  0.0240  0.0239  0.0243  0.0239  0.0240  0.0239  0.0239
  0.0245  0.0245  0.0240  0.0248  0.0243  0.0247  0.0242  0.0250  0.0242  0.0244  0.0242  0.0240
niter,ni,del,rscale     2    3    5.0000    0.5000
parameters
    0.1925   35.0305   -5.0804    3.0422  -18.0453  -15.2613
   -7.8038    6.4661    7.9105   20.0211   -8.9776  -19.5979
eta,q 0.97634  8.78450
  0.0242  0.0241  0.0242  0.0243  0.0241  0.0248  0.0240  0.0247  0.0240  0.0240  0.0240  0.0239
  0.0240  0.0239  0.0240  0.0241  0.0239  0.0243  0.0238  0.0241  0.0238  0.0238  0.0238  0.0238
  0.0238  0.0238  0.0238  0.0238  0.0238  0.0239  0.0237  0.0238  0.0237  0.0237  0.0237  0.0237
  0.0237  0.0237  0.0237  0.0237  0.0237  0.0237  0.0237  0.0237  0.0237  0.0237  0.0237  0.0237
  0.0238  0.0238  0.0237  0.0237  0.0237  0.0237  0.0237  0.0238  0.0237  0.0237  0.0237  0.0237
  0.0239  0.0240  0.0238  0.0239  0.0238  0.0239  0.0238  0.0241  0.0238  0.0239  0.0238  0.0238
  0.0242  0.0242  0.0239  0.0244  0.0241  0.0244  0.0240  0.0246  0.0240  0.0242  0.0240  0.0239
niter,ni,del,rscale     1    3    5.0000    0.4000
parameters
    0.2229   34.9376   -4.8868    3.1009  -17.8418  -14.9076
   -7.7747    6.4875    7.8546   19.7292   -8.9277  -19.6537
eta,q 0.97639  8.80367
  0.0240  0.0239  0.0240  0.0241  0.0239  0.0244  0.0238  0.0243  0.0238  0.0238  0.0238  0.0237
  0.0238  0.0237  0.0238  0.0239  0.0238  0.0241  0.0237  0.0239  0.0237  0.0237  0.0237  0.0237
  0.0237  0.0237  0.0237  0.0237  0.0237  0.0238  0.0236  0.0237  0.0236  0.0236  0.0236  0.0236
  0.0237  0.0237  0.0237  0.0236  0.0236  0.0236  0.0236  0.0236  0.0236  0.0236  0.0236  0.0236
  0.0237  0.0237  0.0237  0.0237  0.0237  0.0236  0.0236  0.0237  0.0236  0.0237  0.0236  0.0236
  0.0238  0.0238  0.0237  0.0238  0.0237  0.0238  0.0237  0.0239  0.0237  0.0238  0.0237  0.0237
  0.0240  0.0240  0.0238  0.0241  0.0239  0.0241  0.0238  0.0242  0.0238  0.0240  0.0238  0.0238
registration optimization eta report
parameter search radius
    0.8000    0.8000    0.8000    2.4000    2.4000    2.4000
    2.4000    2.4000    2.4000    2.4000    2.4000    2.4000
100000*second partial in parameter space
       50.       41.       34.        7.        4.       11.
        4.       11.        4.        5.        4.        2.
  0.0240  0.0239  0.0240  0.0241  0.0239  0.0244  0.0238  0.0243  0.0238  0.0238  0.0238  0.0237
  0.0238  0.0237  0.0238  0.0239  0.0238  0.0241  0.0237  0.0239  0.0237  0.0237  0.0237  0.0237
  0.0237  0.0237  0.0237  0.0237  0.0237  0.0238  0.0236  0.0237  0.0236  0.0236  0.0236  0.0236
  0.0237  0.0237  0.0237  0.0236  0.0236  0.0236  0.0236  0.0236  0.0236  0.0236  0.0236  0.0236
  0.0237  0.0237  0.0237  0.0237  0.0237  0.0236  0.0236  0.0237  0.0236  0.0237  0.0236  0.0236
  0.0238  0.0238  0.0237  0.0238  0.0237  0.0238  0.0237  0.0239  0.0237  0.0238  0.0237  0.0237
  0.0240  0.0240  0.0238  0.0241  0.0239  0.0241  0.0238  0.0242  0.0238  0.0240  0.0238  0.0238
    0.2229   34.9376   -4.8868    3.1009  -17.8418  -14.9076
   -7.7747    6.4875    7.8546   19.7292   -8.9277  -19.6537
eta,q 0.97639  8.80367

---------------------------------------------------------------------
imgreg_4dfp /opt/freesurfer/average/711-2C_as_mni_average_305 /opt/freesurfer/average/711-2B_as_mni_average_305_mask talsrcimg_g11 none talsrcimg_to_711-2C_as_mni_average_305_t4 2311
---------------------------------------------------------------------

freesurfer imgreg_4dfp.c
/opt/freesurfer/average/711-2C_as_mni_average_305.4dfp.img
       256       256       256         1
  1.000000  1.000000  1.000000
orientation T byte_order littleendian
Reading image: /opt/freesurfer/average/711-2C_as_mni_average_305.4dfp.img
dimensions:      256       256       256
mmppix:       1.0000   -1.0000   -1.0000
center:     128.0000 -129.0000 -129.0000
/opt/freesurfer/average/711-2B_as_mni_average_305_mask.4dfp.img
       256       256       256         1
  1.000000  1.000000  1.000000
orientation T byte_order littleendian
Reading mask: /opt/freesurfer/average/711-2B_as_mni_average_305_mask.4dfp.img (2306576 pixels)
talsrcimg_g11.4dfp.img
       256       256       256         1
  1.000000  1.000000  1.000000
orientation T byte_order littleendian
Reading image: talsrcimg_g11.4dfp.img
dimensions:      256       256       256
mmppix:       1.0000   -1.0000   -1.0000
center:     128.0000 -129.0000 -129.0000
fimgreg.f
image alignment mode   2311 decimal      907 hex
parameters
    0.2229   34.9376   -4.8868    3.1009  -17.8418  -14.9076
   -7.7747    6.4875    7.8546   19.7292   -8.9277  -19.6537
eta,q 0.97639  8.80367
niter,ni,del,rscale     5    3    5.0000    0.8000
parameters
    0.2342   34.8406   -4.7225    2.4204  -17.8530  -14.9552
   -7.8554    6.6392    7.8367   19.6869   -8.8697  -19.3961
eta,q 0.97634  8.78935
  0.0249  0.0245  0.0246  0.0247  0.0245  0.0255  0.0244  0.0260  0.0245  0.0247  0.0244  0.0242
  0.0242  0.0240  0.0241  0.0242  0.0241  0.0248  0.0240  0.0248  0.0240  0.0242  0.0240  0.0239
  0.0238  0.0237  0.0238  0.0238  0.0238  0.0241  0.0237  0.0240  0.0238  0.0238  0.0237  0.0237
  0.0236  0.0236  0.0236  0.0236  0.0237  0.0237  0.0237  0.0237  0.0237  0.0237  0.0237  0.0237
  0.0237  0.0238  0.0236  0.0238  0.0237  0.0238  0.0237  0.0239  0.0238  0.0237  0.0238  0.0237
  0.0242  0.0242  0.0239  0.0246  0.0241  0.0245  0.0240  0.0246  0.0240  0.0241  0.0240  0.0238
  0.0249  0.0248  0.0243  0.0259  0.0246  0.0259  0.0245  0.0257  0.0245  0.0248  0.0243  0.0241
niter,ni,del,rscale     4    3    5.0000    0.7000
parameters
    0.2499   34.7703   -4.7341    2.5336  -17.7228  -14.8675
   -7.8732    6.6440    7.8034   19.5029   -8.8805  -19.4200
eta,q 0.97637  8.79872
  0.0246  0.0244  0.0243  0.0247  0.0244  0.0252  0.0242  0.0254  0.0242  0.0244  0.0242  0.0240
  0.0241  0.0240  0.0239  0.0243  0.0241  0.0246  0.0239  0.0244  0.0239  0.0240  0.0239  0.0238
  0.0238  0.0237  0.0237  0.0239  0.0238  0.0240  0.0237  0.0238  0.0237  0.0237  0.0237  0.0237
  0.0237  0.0237  0.0237  0.0237  0.0236  0.0236  0.0236  0.0236  0.0236  0.0236  0.0236  0.0236
  0.0238  0.0238  0.0237  0.0236  0.0237  0.0237  0.0237  0.0239  0.0237  0.0237  0.0237  0.0237
  0.0241  0.0241  0.0239  0.0240  0.0239  0.0243  0.0239  0.0244  0.0239  0.0240  0.0239  0.0238
  0.0246  0.0245  0.0243  0.0248  0.0244  0.0254  0.0243  0.0254  0.0243  0.0246  0.0242  0.0240
niter,ni,del,rscale     3    3    5.0000    0.6000
parameters
    0.2651   34.7285   -4.6929    2.7287  -17.5582  -14.6780
   -7.8692    6.6508    7.7450   19.2941   -8.8589  -19.5140
eta,q 0.97641  8.81390
  0.0243  0.0242  0.0241  0.0245  0.0242  0.0249  0.0240  0.0250  0.0240  0.0241  0.0241  0.0239
  0.0240  0.0239  0.0239  0.0241  0.0239  0.0244  0.0238  0.0242  0.0238  0.0238  0.0238  0.0237
  0.0237  0.0237  0.0237  0.0238  0.0237  0.0239  0.0236  0.0237  0.0236  0.0237  0.0236  0.0236
  0.0236  0.0236  0.0236  0.0236  0.0236  0.0236  0.0236  0.0236  0.0236  0.0236  0.0236  0.0236
  0.0237  0.0237  0.0237  0.0236  0.0237  0.0236  0.0236  0.0238  0.0236  0.0237  0.0236  0.0236
  0.0239  0.0239  0.0238  0.0239  0.0238  0.0240  0.0238  0.0242  0.0238  0.0239  0.0238  0.0237
  0.0243  0.0243  0.0241  0.0244  0.0241  0.0248  0.0240  0.0249  0.0241  0.0243  0.0240  0.0239
niter,ni,del,rscale     2    3    5.0000    0.5000
parameters
    0.2844   34.6747   -4.6061    2.8746  -17.3855  -14.4367
   -7.8485    6.6616    7.6798   19.0654   -8.8389  -19.5962
eta,q 0.97644  8.82990
  0.0241  0.0240  0.0240  0.0242  0.0240  0.0246  0.0239  0.0246  0.0239  0.0239  0.0239  0.0238
  0.0238  0.0237  0.0238  0.0240  0.0238  0.0242  0.0237  0.0240  0.0237  0.0237  0.0237  0.0236
  0.0237  0.0236  0.0237  0.0237  0.0237  0.0238  0.0236  0.0237  0.0236  0.0236  0.0236  0.0236
  0.0236  0.0236  0.0236  0.0236  0.0236  0.0236  0.0236  0.0236  0.0236  0.0236  0.0236  0.0236
  0.0236  0.0237  0.0236  0.0236  0.0236  0.0236  0.0236  0.0237  0.0236  0.0236  0.0236  0.0236
  0.0238  0.0238  0.0237  0.0238  0.0237  0.0239  0.0237  0.0240  0.0237  0.0238  0.0237  0.0237
  0.0241  0.0240  0.0239  0.0242  0.0240  0.0244  0.0239  0.0245  0.0239  0.0241  0.0239  0.0238
niter,ni,del,rscale     1    3    5.0000    0.4000
parameters
    0.3053   34.5969   -4.4821    2.9643  -17.1911  -14.1742
   -7.8473    6.6729    7.6136   18.7950   -8.7793  -19.6542
eta,q 0.97647  8.84637
  0.0239  0.0238  0.0238  0.0240  0.0239  0.0243  0.0237  0.0242  0.0237  0.0238  0.0238  0.0237
  0.0237  0.0236  0.0237  0.0238  0.0237  0.0240  0.0236  0.0238  0.0236  0.0236  0.0236  0.0236
  0.0236  0.0236  0.0236  0.0236  0.0236  0.0237  0.0236  0.0236  0.0236  0.0235  0.0236  0.0235
  0.0236  0.0236  0.0236  0.0236  0.0235  0.0235  0.0235  0.0235  0.0235  0.0235  0.0235  0.0235
  0.0236  0.0236  0.0236  0.0236  0.0236  0.0236  0.0235  0.0236  0.0236  0.0236  0.0236  0.0235
  0.0237  0.0237  0.0236  0.0237  0.0236  0.0237  0.0236  0.0238  0.0236  0.0237  0.0236  0.0236
  0.0239  0.0239  0.0237  0.0240  0.0238  0.0241  0.0237  0.0242  0.0238  0.0239  0.0237  0.0237
registration optimization eta report
parameter search radius
    0.8000    0.8000    0.8000    2.4000    2.4000    2.4000
    2.4000    2.4000    2.4000    2.4000    2.4000    2.4000
100000*second partial in parameter space
       51.       41.       34.        7.        5.       11.
        4.       11.        4.        5.        4.        2.
  0.0239  0.0238  0.0238  0.0240  0.0239  0.0243  0.0237  0.0242  0.0237  0.0238  0.0238  0.0237
  0.0237  0.0236  0.0237  0.0238  0.0237  0.0240  0.0236  0.0238  0.0236  0.0236  0.0236  0.0236
  0.0236  0.0236  0.0236  0.0236  0.0236  0.0237  0.0236  0.0236  0.0236  0.0235  0.0236  0.0235
  0.0236  0.0236  0.0236  0.0236  0.0235  0.0235  0.0235  0.0235  0.0235  0.0235  0.0235  0.0235
  0.0236  0.0236  0.0236  0.0236  0.0236  0.0236  0.0235  0.0236  0.0236  0.0236  0.0236  0.0235
  0.0237  0.0237  0.0236  0.0237  0.0236  0.0237  0.0236  0.0238  0.0236  0.0237  0.0236  0.0236
  0.0239  0.0239  0.0237  0.0240  0.0238  0.0241  0.0237  0.0242  0.0238  0.0239  0.0237  0.0237
    0.3053   34.5969   -4.4821    2.9643  -17.1911  -14.1742
   -7.8473    6.6729    7.6136   18.7950   -8.7793  -19.6542
eta,q 0.97647  8.84637

---------------------------------------------------------------------
compute_vox2vox talsrcimg talsrcimg_to_711-2C_as_mni_average_305_t4 /opt/freesurfer/average/711-2C_as_mni_average_305
---------------------------------------------------------------------

freesurfer compute_vox2vox.c
Reading: talsrcimg.4dfp.ifh
Reading: talsrcimg_to_711-2C_as_mni_average_305_t4
Reading: /opt/freesurfer/average/711-2C_as_mni_average_305.4dfp.ifh
Writing: talsrcimg_to_711-2C_as_mni_average_305_t4_vox2vox.txt

start time Fri Mar 13 03:29:47 CET 2026
end		time Fri Mar 13 03:31:16 CET 2026

mpr2mni305 success

avi2talxfm orig_nu.mgz /opt/freesurfer/average/mni305.cor.mgz talsrcimg_to_711-2C_as_mni_average_305_t4_vox2vox.txt transforms/talairach.auto.xfm
avi2talxfm done
mv -f /out/sourcedata/freesurfer/sub-v2s3x28843_ses-1/mri/talsrcimg_to_711-2C_as_mni_average_305_t4_vox2vox.txt /out/sourcedata/freesurfer/sub-v2s3x28843_ses-1/mri/transforms/talsrcimg_to_711-2C_as_mni_average_305_t4_vox2vox.txt
lta_convert --src orig_nu.mgz --trg /opt/freesurfer/average/mni305.cor.mgz --inxfm transforms/talairach.auto.xfm --outlta transforms/talairach.auto.xfm.lta --subject fsaverage
7.3.2

--src: orig_nu.mgz src image (geometry).
--trg: /opt/freesurfer/average/mni305.cor.mgz trg image (geometry).
--inmni: transforms/talairach.auto.xfm input MNI/XFM transform.
--outlta: transforms/talairach.auto.xfm.lta output LTA.
--s: fsaverage subject name
 LTA read, type : 1
 0.95842  -0.08974   0.06952   11.02562;
 0.07401   1.10065   0.26825  -46.56647;
-0.10492  -0.24156   1.14032  -22.64170;
 0.00000   0.00000   0.00000   1.00000;
setting subject to fsaverage
Writing  LTA to file transforms/talairach.auto.xfm.lta...
lta_convert successful.
 
 
Started at Fri Mar 13 03:29:47 CET 2026
Ended   at Fri Mar 13 03:31:16 CET 2026
talairach_avi done
