status file for recon-all
Fri Mar 13 01:28:15 CET 2026
#@# Tessellate rh Fri Mar 13 01:28:15 CET 2026
#@# Smooth1 rh Fri Mar 13 01:28:17 CET 2026
#@# Inflation1 rh Fri Mar 13 01:28:19 CET 2026
#@# QSphere rh Fri Mar 13 01:28:33 CET 2026
#@# Fix Topology rh Fri Mar 13 01:29:37 CET 2026
#@# Smooth2 rh Fri Mar 13 01:34:03 CET 2026
#@# Inflation2 rh Fri Mar 13 01:34:05 CET 2026
#@# Curv .H and .K rh Fri Mar 13 01:34:18 CET 2026
#@# Sphere rh Fri Mar 13 01:34:55 CET 2026
#@# Surf Reg rh Fri Mar 13 01:36:07 CET 2026
#@# Jacobian white rh Fri Mar 13 01:39:43 CET 2026
#@# AvgCurv rh Fri Mar 13 01:39:44 CET 2026
#@# Cortical Parc rh Fri Mar 13 01:39:44 CET 2026
#@# white curv rh Fri Mar 13 01:45:28 CET 2026
#@# white area rh Fri Mar 13 01:45:29 CET 2026
#@# pial curv rh Fri Mar 13 01:45:30 CET 2026
#@# pial area rh Fri Mar 13 01:45:31 CET 2026
#@# thickness rh Fri Mar 13 01:45:32 CET 2026
#@# area and vertex vol rh Fri Mar 13 01:45:51 CET 2026
#@# Curvature Stats rh Fri Mar 13 01:45:52 CET 2026
#@# Cortical Parc 2 rh Fri Mar 13 01:45:54 CET 2026
#@# Cortical Parc 3 rh Fri Mar 13 01:46:04 CET 2026
#@# WM/GM Contrast rh Fri Mar 13 01:46:11 CET 2026
recon-all -s sub-v2s3x28785_ses-1 finished without error at Fri Mar 13 01:46:13 CET 2026



#New# invocation of recon-all 



status file for recon-all
Fri Mar 13 01:52:08 CET 2026
#@# white curv rh Fri Mar 13 01:52:08 CET 2026
#@# white area rh Fri Mar 13 01:52:08 CET 2026
#@# pial curv rh Fri Mar 13 01:52:08 CET 2026
#@# pial area rh Fri Mar 13 01:52:08 CET 2026
#@# thickness rh Fri Mar 13 01:52:08 CET 2026
#@# area and vertex vol rh Fri Mar 13 01:52:08 CET 2026
#@# Parcellation Stats rh Fri Mar 13 01:52:08 CET 2026
#@# Parcellation Stats 2 rh Fri Mar 13 01:52:24 CET 2026
#@# Parcellation Stats 3 rh Fri Mar 13 01:52:31 CET 2026
#@# BA_exvivo Labels rh Fri Mar 13 01:52:39 CET 2026
recon-all -s sub-v2s3x28785_ses-1 finished without error at Fri Mar 13 01:54:46 CET 2026
