status file for recon-all
Thu Mar 12 23:47:08 CET 2026
#@# MotionCor Thu Mar 12 23:47:09 CET 2026
#@# Talairach Thu Mar 12 23:47:15 CET 2026
#@# Talairach Failure Detection Thu Mar 12 23:50:05 CET 2026
#@# Nu Intensity Correction Thu Mar 12 23:50:05 CET 2026
#@# Intensity Normalization Thu Mar 12 23:52:51 CET 2026
recon-all -s sub-v2s3x28785_ses-1 finished without error at Thu Mar 12 23:53:48 CET 2026



#New# invocation of recon-all 



status file for recon-all
Fri Mar 13 00:00:20 CET 2026
#@# EM Registration Fri Mar 13 00:00:20 CET 2026
recon-all -s sub-v2s3x28785_ses-1 finished without error at Fri Mar 13 00:01:49 CET 2026



#New# invocation of recon-all 



status file for recon-all
Fri Mar 13 00:01:52 CET 2026
#@# CA Normalize Fri Mar 13 00:01:52 CET 2026
#@# CA Reg Fri Mar 13 00:02:44 CET 2026
#@# SubCort Seg Fri Mar 13 00:45:58 CET 2026
#@# CC Seg Fri Mar 13 01:05:16 CET 2026
#@# Merge ASeg Fri Mar 13 01:05:37 CET 2026
#@# Intensity Normalization2 Fri Mar 13 01:05:37 CET 2026
#@# Mask BFS Fri Mar 13 01:06:57 CET 2026
#@# WM Segmentation Fri Mar 13 01:06:58 CET 2026
#@# Fill Fri Mar 13 01:08:26 CET 2026
recon-all -s sub-v2s3x28785_ses-1 finished without error at Fri Mar 13 01:09:03 CET 2026



#New# invocation of recon-all 



status file for recon-all
Fri Mar 13 01:46:19 CET 2026
#@# white curv lh Fri Mar 13 01:46:19 CET 2026
#@# white area lh Fri Mar 13 01:46:19 CET 2026
#@# pial curv lh Fri Mar 13 01:46:19 CET 2026
#@# pial area lh Fri Mar 13 01:46:19 CET 2026
#@# thickness lh Fri Mar 13 01:46:19 CET 2026
#@# area and vertex vol lh Fri Mar 13 01:46:19 CET 2026
#@# white curv rh Fri Mar 13 01:46:19 CET 2026
#@# white area rh Fri Mar 13 01:46:19 CET 2026
#@# pial curv rh Fri Mar 13 01:46:19 CET 2026
#@# pial area rh Fri Mar 13 01:46:19 CET 2026
#@# thickness rh Fri Mar 13 01:46:19 CET 2026
#@# area and vertex vol rh Fri Mar 13 01:46:19 CET 2026
#@# Cortical ribbon mask Fri Mar 13 01:46:19 CET 2026
recon-all -s sub-v2s3x28785_ses-1 finished without error at Fri Mar 13 01:49:24 CET 2026



#New# invocation of recon-all 



status file for recon-all
Fri Mar 13 01:54:50 CET 2026
#@# white curv lh Fri Mar 13 01:54:50 CET 2026
#@# white area lh Fri Mar 13 01:54:50 CET 2026
#@# pial curv lh Fri Mar 13 01:54:50 CET 2026
#@# pial area lh Fri Mar 13 01:54:50 CET 2026
#@# thickness lh Fri Mar 13 01:54:50 CET 2026
#@# area and vertex vol lh Fri Mar 13 01:54:50 CET 2026
#@# white curv rh Fri Mar 13 01:54:50 CET 2026
#@# white area rh Fri Mar 13 01:54:50 CET 2026
#@# pial curv rh Fri Mar 13 01:54:50 CET 2026
#@# pial area rh Fri Mar 13 01:54:50 CET 2026
#@# thickness rh Fri Mar 13 01:54:50 CET 2026
#@# area and vertex vol rh Fri Mar 13 01:54:50 CET 2026
#@# Curvature Stats lh Fri Mar 13 01:54:50 CET 2026
#@# Curvature Stats rh Fri Mar 13 01:54:52 CET 2026
#@# Relabel Hypointensities Fri Mar 13 01:54:54 CET 2026
#@# APas-to-ASeg Fri Mar 13 01:55:04 CET 2026
#@# AParc-to-ASeg aparc Fri Mar 13 01:55:10 CET 2026
#@# AParc-to-ASeg aparc.a2009s Fri Mar 13 01:55:37 CET 2026
#@# AParc-to-ASeg aparc.DKTatlas Fri Mar 13 01:56:03 CET 2026
#@# WMParc Fri Mar 13 01:56:29 CET 2026
#@# ASeg Stats Fri Mar 13 01:58:31 CET 2026
recon-all -s sub-v2s3x28785_ses-1 finished without error at Fri Mar 13 01:58:54 CET 2026
