status file for recon-all
Fri Mar 13 02:07:21 CET 2026
#@# Tessellate lh Fri Mar 13 02:07:21 CET 2026
#@# Smooth1 lh Fri Mar 13 02:07:25 CET 2026
#@# Inflation1 lh Fri Mar 13 02:07:27 CET 2026
#@# QSphere lh Fri Mar 13 02:07:36 CET 2026
#@# Fix Topology lh Fri Mar 13 02:08:23 CET 2026
#@# Smooth2 lh Fri Mar 13 02:28:05 CET 2026
#@# Inflation2 lh Fri Mar 13 02:28:06 CET 2026
#@# Curv .H and .K lh Fri Mar 13 02:28:18 CET 2026
#@# Sphere lh Fri Mar 13 02:28:42 CET 2026
#@# Surf Reg lh Fri Mar 13 02:35:13 CET 2026
#@# Jacobian white lh Fri Mar 13 02:39:26 CET 2026
#@# AvgCurv lh Fri Mar 13 02:39:27 CET 2026
#@# Cortical Parc lh Fri Mar 13 02:39:28 CET 2026
#@# white curv lh Fri Mar 13 02:43:16 CET 2026
#@# white area lh Fri Mar 13 02:43:17 CET 2026
#@# pial curv lh Fri Mar 13 02:43:17 CET 2026
#@# pial area lh Fri Mar 13 02:43:18 CET 2026
#@# thickness lh Fri Mar 13 02:43:19 CET 2026
#@# area and vertex vol lh Fri Mar 13 02:43:34 CET 2026
#@# Curvature Stats lh Fri Mar 13 02:43:35 CET 2026
#@# Cortical Parc 2 lh Fri Mar 13 02:43:36 CET 2026
#@# Cortical Parc 3 lh Fri Mar 13 02:43:44 CET 2026
#@# WM/GM Contrast lh Fri Mar 13 02:43:51 CET 2026
recon-all -s sub-v2s3x28794_ses-1 finished without error at Fri Mar 13 02:43:53 CET 2026



#New# invocation of recon-all 



status file for recon-all
Fri Mar 13 03:14:58 CET 2026
#@# white curv lh Fri Mar 13 03:14:58 CET 2026
#@# white area lh Fri Mar 13 03:14:58 CET 2026
#@# pial curv lh Fri Mar 13 03:14:58 CET 2026
#@# pial area lh Fri Mar 13 03:14:58 CET 2026
#@# thickness lh Fri Mar 13 03:14:58 CET 2026
#@# area and vertex vol lh Fri Mar 13 03:14:58 CET 2026
#@# Parcellation Stats lh Fri Mar 13 03:14:58 CET 2026
#@# Parcellation Stats 2 lh Fri Mar 13 03:15:06 CET 2026
#@# Parcellation Stats 3 lh Fri Mar 13 03:15:09 CET 2026
#@# BA_exvivo Labels lh Fri Mar 13 03:15:13 CET 2026
recon-all -s sub-v2s3x28794_ses-1 finished without error at Fri Mar 13 03:17:02 CET 2026
