/out/sourcedata/freesurfer/sub-v2s3x28840_ses-1/mri
/opt/freesurfer/bin/talairach_avi
--i orig_nu.mgz --xfm transforms/talairach.auto.xfm
talairach_avi 7.3.2
Linux dna066 5.14.0-427.37.1.el9_4.x86_64 #1 SMP PREEMPT_DYNAMIC Fri Sep 13 12:41:50 EDT 2024 x86_64 x86_64 x86_64 GNU/Linux
Fri Mar 13 03:22:01 CET 2026
mri_convert orig_nu.mgz talsrcimg.img 
reading from orig_nu.mgz...
TR=0.00, TE=0.00, TI=0.00, flip angle=0.00
i_ras = (-1, 0, 0)
j_ras = (0, 0, -1)
k_ras = (0, 1, 0)
writing to talsrcimg.img...
Analyze Output Matrix
-1.00000   0.00000   0.00000   134.67355;
 0.00000   0.00000   1.00000  -109.05783;
 0.00000  -1.00000   0.00000   122.47913;
 0.00000   0.00000   0.00000   1.00000;
--------------------
INFO: set hdr.hist.orient to -1
mpr2mni305 talsrcimg
Fri Mar 13 03:22:01 CET 2026
/opt/freesurfer/bin/mpr2mni305 talsrcimg
mpr2mni305 7.3.2
target=711-2C_as_mni_average_305

---------------------------------------------------------------------
analyzeto4dfp talsrcimg -O0 -y
---------------------------------------------------------------------

freesurfer ifh2hdr.c
Fri Mar 13 03:22:01 2026
Writing: talsrcimg.4dfp.hdr
freesurfer analyzeto4dfp.c
Reading: talsrcimg.hdr
header size 348 bytes
hdr.dime.datatype	offset=70	value=2
hdr.dime.bitpix		offset=72	value=8
hdr.hist.orient		offset=252	value=-1
dimensionality     4
dimensions       256       256       256         1
Reading: talsrcimg.img
Writing: talsrcimg.4dfp.img
Writing: talsrcimg.4dfp.ifh
ifh2hdr talsrcimg -r0to220
ori=2

---------------------------------------------------------------------
gauss_4dfp talsrcimg 1.1
---------------------------------------------------------------------

freesurfer gauss_4dfp.c
Reading: talsrcimg.4dfp.img
Writing: talsrcimg_g11.4dfp.img
image dimensions 256 256 256 padded to 288 288 288
processing volume 1freesurfer ifh2hdr.c
Fri Mar 13 03:22:03 2026
Writing: talsrcimg_g11.4dfp.hdr

Writing: talsrcimg_g11.4dfp.ifh
including: talsrcimg.4dfp.img.rec in talsrcimg_g11.4dfp.img.rec

---------------------------------------------------------------------
imgreg_4dfp /opt/freesurfer/average/711-2C_as_mni_average_305 none talsrcimg_g11 none talsrcimg_to_711-2C_as_mni_average_305_t4 4355
---------------------------------------------------------------------

freesurfer imgreg_4dfp.c
/opt/freesurfer/average/711-2C_as_mni_average_305.4dfp.img
       256       256       256         1
  1.000000  1.000000  1.000000
orientation T byte_order littleendian
Reading image: /opt/freesurfer/average/711-2C_as_mni_average_305.4dfp.img
dimensions:      256       256       256
mmppix:       1.0000   -1.0000   -1.0000
center:     128.0000 -129.0000 -129.0000
talsrcimg_g11.4dfp.img
       256       256       256         1
  1.000000  1.000000  1.000000
orientation T byte_order littleendian
Reading image: talsrcimg_g11.4dfp.img
dimensions:      256       256       256
mmppix:       1.0000   -1.0000   -1.0000
center:     128.0000 -129.0000 -129.0000
t4_read: open error in t4_sub.f l:  41 t4_file(1:l)talsrcimg_to_711-2C_as_mni_average_305_t4 
t4_read: transform initialized to I4
rotation matrix determinant  1.000000
image alignment mode   4355 decimal     1103 hex
   -7.5000  -45.0000  -45.0000 5660.4219   16.6766
    0.0000  -45.0000  -45.0000 5907.1123   16.6295
    7.5000  -45.0000  -45.0000 5642.9780   16.6080
   -7.5000  -37.5000  -45.0000 6255.1279   16.3282
    0.0000  -37.5000  -45.0000 6497.2012   16.2903
    7.5000  -37.5000  -45.0000 6223.8203   16.2681
   -7.5000  -30.0000  -45.0000 7098.9233   16.0847
    0.0000  -30.0000  -45.0000 7364.2881   16.0488
    7.5000  -30.0000  -45.0000 7061.3501   16.0231
   -7.5000  -22.5000  -45.0000 7981.4644   16.0206
    0.0000  -22.5000  -45.0000 8268.1494   15.9823
    7.5000  -22.5000  -45.0000 7934.7568   15.9522
   -7.5000  -15.0000  -45.0000 8844.7695   15.9672
    0.0000  -15.0000  -45.0000 9177.7441   15.9239
    7.5000  -15.0000  -45.0000 8793.1221   15.8932
   -7.5000   -7.5000  -45.0000 9707.3486   15.9289
    0.0000   -7.5000  -45.000010078.4248   15.8838
    7.5000   -7.5000  -45.0000 9636.0469   15.8566
   -7.5000    0.0000  -45.000010490.7744   15.9215
    0.0000    0.0000  -45.000010927.6504   15.8796
    7.5000    0.0000  -45.000010400.1064   15.8570
   -7.5000    7.5000  -45.000010449.7012   15.9321
    0.0000    7.5000  -45.000010926.0332   15.8948
    7.5000    7.5000  -45.000010359.3477   15.8731
   -7.5000   15.0000  -45.000010314.8975   15.9494
    0.0000   15.0000  -45.000010780.5039   15.9138
    7.5000   15.0000  -45.000010226.4805   15.8882
   -7.5000   22.5000  -45.000010114.5371   15.9521
    0.0000   22.5000  -45.000010547.7041   15.9137
    7.5000   22.5000  -45.000010013.4336   15.8835
   -7.5000   30.0000  -45.0000 9798.7725   15.7306
    0.0000   30.0000  -45.000010200.0156   15.6879
    7.5000   30.0000  -45.0000 9703.4189   15.6575
   -7.5000   37.5000  -45.0000 9777.7197   15.7151
    0.0000   37.5000  -45.000010194.1406   15.6707
    7.5000   37.5000  -45.0000 9693.3838   15.6438
   -7.5000   45.0000  -45.0000 9313.7861   15.3105
    0.0000   45.0000  -45.0000 9698.5508   15.2702
    7.5000   45.0000  -45.0000 9224.8965   15.2484
   -7.5000  -45.0000  -37.5000 6056.0654   16.5025
    0.0000  -45.0000  -37.5000 6277.8330   16.4539
    7.5000  -45.0000  -37.5000 6025.2720   16.4358
   -7.5000  -37.5000  -37.5000 6682.1548   16.1489
    0.0000  -37.5000  -37.5000 6928.9590   16.1098
    7.5000  -37.5000  -37.5000 6653.0728   16.0944
   -7.5000  -30.0000  -37.5000 7588.5771   15.9046
    0.0000  -30.0000  -37.5000 7866.8081   15.8722
    7.5000  -30.0000  -37.5000 7546.3481   15.8575
   -7.5000  -22.5000  -37.5000 8541.0166   15.8439
    0.0000  -22.5000  -37.5000 8864.2861   15.8146
    7.5000  -22.5000  -37.5000 8475.9551   15.7967
   -7.5000  -15.0000  -37.5000 9470.7725   15.7977
    0.0000  -15.0000  -37.5000 9855.2100   15.7642
    7.5000  -15.0000  -37.5000 9408.7969   15.7430
   -7.5000   -7.5000  -37.500010398.5059   15.7651
    0.0000   -7.5000  -37.500010836.1035   15.7240
    7.5000   -7.5000  -37.500010326.5107   15.7019
   -7.5000    0.0000  -37.500011211.6309   15.7553
    0.0000    0.0000  -37.500011709.4365   15.7123
    7.5000    0.0000  -37.500011114.3184   15.6929
   -7.5000    7.5000  -37.500011131.5254   15.7577
    0.0000    7.5000  -37.500011638.0732   15.7194
    7.5000    7.5000  -37.500011015.0068   15.7042
   -7.5000   15.0000  -37.500010994.2617   15.7701
    0.0000   15.0000  -37.500011473.1045   15.7380
    7.5000   15.0000  -37.500010848.8076   15.7232
   -7.5000   22.5000  -37.500010784.6807   15.7759
    0.0000   22.5000  -37.500011238.7832   15.7465
    7.5000   22.5000  -37.500010627.6406   15.7284
   -7.5000   30.0000  -37.500010418.6367   15.5640
    0.0000   30.0000  -37.500010865.8486   15.5309
    7.5000   30.0000  -37.500010284.6523   15.5098
   -7.5000   37.5000  -37.500010387.2812   15.5536
    0.0000   37.5000  -37.500010832.9473   15.5130
    7.5000   37.5000  -37.500010263.7139   15.4912
   -7.5000   45.0000  -37.5000 9903.4160   15.1506
    0.0000   45.0000  -37.500010318.6689   15.1092
    7.5000   45.0000  -37.5000 9787.8047   15.0906
   -7.5000  -45.0000  -30.0000 6555.7070   17.1408
    0.0000  -45.0000  -30.0000 6795.5610   17.0875
    7.5000  -45.0000  -30.0000 6510.4175   17.0754
   -7.5000  -37.5000  -30.0000 7236.3262   16.7687
    0.0000  -37.5000  -30.0000 7517.3145   16.7243
    7.5000  -37.5000  -30.0000 7197.3569   16.7188
   -7.5000  -30.0000  -30.0000 8243.5850   16.5120
    0.0000  -30.0000  -30.0000 8570.7061   16.4753
    7.5000  -30.0000  -30.0000 8199.8057   16.4731
   -7.5000  -22.5000  -30.0000 9291.3486   16.4496
    0.0000  -22.5000  -30.0000 9678.9521   16.4184
    7.5000  -22.5000  -30.0000 9235.4746   16.4116
   -7.5000  -15.0000  -30.000010319.0068   16.4068
    0.0000  -15.0000  -30.000010739.5674   16.3724
    7.5000  -15.0000  -30.000010216.8789   16.3586
   -7.5000   -7.5000  -30.000011306.7529   16.3781
    0.0000   -7.5000  -30.000011784.1064   16.3343
    7.5000   -7.5000  -30.000011181.5889   16.3171
   -7.5000    0.0000  -30.000012158.5947   16.3678
    0.0000    0.0000  -30.000012707.4434   16.3204
    7.5000    0.0000  -30.000012014.7383   16.3064
   -7.5000    7.5000  -30.000012073.2686   16.3648
    0.0000    7.5000  -30.000012616.7695   16.3216
    7.5000    7.5000  -30.000011920.8008   16.3155
   -7.5000   15.0000  -30.000011908.2324   16.3729
    0.0000   15.0000  -30.000012431.5820   16.3365
    7.5000   15.0000  -30.000011727.2598   16.3340
   -7.5000   22.5000  -30.000011653.2637   16.3776
    0.0000   22.5000  -30.000012152.4824   16.3462
    7.5000   22.5000  -30.000011475.2803   16.3392
   -7.5000   30.0000  -30.000011235.6348   16.1657
    0.0000   30.0000  -30.000011714.2930   16.1317
    7.5000   30.0000  -30.000011078.8486   16.1179
   -7.5000   37.5000  -30.000011203.3525   16.1599
    0.0000   37.5000  -30.000011669.6807   16.1167
    7.5000   37.5000  -30.000011029.6094   16.0997
   -7.5000   45.0000  -30.000010687.6094   15.7511
    0.0000   45.0000  -30.000011114.4434   15.7055
    7.5000   45.0000  -30.000010523.8525   15.6921
   -7.5000  -45.0000  -22.5000 7085.3486   17.7181
    0.0000  -45.0000  -22.5000 7352.9751   17.6605
    7.5000  -45.0000  -22.5000 7049.3535   17.6509
   -7.5000  -37.5000  -22.5000 7836.7817   17.3345
    0.0000  -37.5000  -22.5000 8140.1416   17.2845
    7.5000  -37.5000  -22.5000 7796.3706   17.2814
   -7.5000  -30.0000  -22.5000 8924.7451   17.0675
    0.0000  -30.0000  -22.5000 9283.9209   17.0221
    7.5000  -30.0000  -22.5000 8884.6572   17.0207
   -7.5000  -22.5000  -22.500010044.7148   17.0015
    0.0000  -22.5000  -22.500010471.9619   16.9595
    7.5000  -22.5000  -22.500010009.1064   16.9513
   -7.5000  -15.0000  -22.500011135.5127   16.9583
    0.0000  -15.0000  -22.500011605.4775   16.9140
    7.5000  -15.0000  -22.500011056.6406   16.8978
   -7.5000   -7.5000  -22.500012194.1328   16.9307
    0.0000   -7.5000  -22.500012740.9375   16.8804
    7.5000   -7.5000  -22.500012074.1611   16.8626
   -7.5000    0.0000  -22.500013096.0088   16.9211
    0.0000    0.0000  -22.500013729.0654   16.8695
    7.5000    0.0000  -22.500012971.4541   16.8576
   -7.5000    7.5000  -22.500013029.4121   16.9175
    0.0000    7.5000  -22.500013630.5527   16.8689
    7.5000    7.5000  -22.500012871.7959   16.8651
   -7.5000   15.0000  -22.500012843.2178   16.9237
    0.0000   15.0000  -22.500013412.5967   16.8788
    7.5000   15.0000  -22.500012647.9727   16.8770
   -7.5000   22.5000  -22.500012554.5889   16.9260
    0.0000   22.5000  -22.500013098.6240   16.8839
    7.5000   22.5000  -22.500012342.9785   16.8754
   -7.5000   30.0000  -22.500012085.7168   16.7117
    0.0000   30.0000  -22.500012601.2812   16.6679
    7.5000   30.0000  -22.500011883.3428   16.6517
   -7.5000   37.5000  -22.500012028.1719   16.7077
    0.0000   37.5000  -22.500012521.6406   16.6581
    7.5000   37.5000  -22.500011799.1221   16.6404
   -7.5000   45.0000  -22.500011455.9824   16.2959
    0.0000   45.0000  -22.500011914.7676   16.2462
    7.5000   45.0000  -22.500011223.9297   16.2347
   -7.5000  -45.0000  -15.0000 7640.7314   18.1309
    0.0000  -45.0000  -15.0000 7937.0522   18.0741
    7.5000  -45.0000  -15.0000 7589.7310   18.0602
   -7.5000  -37.5000  -15.0000 8448.6758   17.7465
    0.0000  -37.5000  -15.0000 8789.0586   17.6959
    7.5000  -37.5000  -15.0000 8402.2988   17.6854
   -7.5000  -30.0000  -15.0000 9630.1973   17.4763
    0.0000  -30.0000  -15.000010025.0303   17.4251
    7.5000  -30.0000  -15.0000 9582.7695   17.4125
   -7.5000  -22.5000  -15.000010849.1045   17.4063
    0.0000  -22.5000  -15.000011319.1230   17.3540
    7.5000  -22.5000  -15.000010775.3477   17.3335
   -7.5000  -15.0000  -15.000011990.3545   17.3569
    0.0000  -15.0000  -15.000012526.6152   17.3027
    7.5000  -15.0000  -15.000011898.2900   17.2765
   -7.5000   -7.5000  -15.000013091.6699   17.3248
    0.0000   -7.5000  -15.000013709.6113   17.2704
    7.5000   -7.5000  -15.000012991.6719   17.2466
   -7.5000    0.0000  -15.000014059.5938   17.3168
    0.0000    0.0000  -15.000014733.8789   17.2655
    7.5000    0.0000  -15.000013955.4580   17.2495
   -7.5000    7.5000  -15.000013962.2080   17.3191
    0.0000    7.5000  -15.000014628.7900   17.2698
    7.5000    7.5000  -15.000013822.7607   17.2591
   -7.5000   15.0000  -15.000013756.2637   17.3291
    0.0000   15.0000  -15.000014385.1885   17.2784
    7.5000   15.0000  -15.000013543.3330   17.2656
   -7.5000   22.5000  -15.000013443.3105   17.3282
    0.0000   22.5000  -15.000014037.7910   17.2759
    7.5000   22.5000  -15.000013198.3906   17.2552
   -7.5000   30.0000  -15.000012959.1104   17.1068
    0.0000   30.0000  -15.000013528.0664   17.0533
    7.5000   30.0000  -15.000012719.9326   17.0273
   -7.5000   37.5000  -15.000012865.8359   17.0991
    0.0000   37.5000  -15.000013397.9707   17.0453
    7.5000   37.5000  -15.000012597.6211   17.0218
   -7.5000   45.0000  -15.000012191.8271   16.6870
    0.0000   45.0000  -15.000012704.0000   16.6376
    7.5000   45.0000  -15.000011955.1934   16.6222
   -7.5000  -45.0000   -7.5000 8219.1182   18.3401
    0.0000  -45.0000   -7.5000 8545.7393   18.2874
    7.5000  -45.0000   -7.5000 8180.4595   18.2673
   -7.5000  -37.5000   -7.5000 9096.5645   17.9597
    0.0000  -37.5000   -7.5000 9480.0195   17.9146
    7.5000  -37.5000   -7.5000 9061.2158   17.8945
   -7.5000  -30.0000   -7.500010373.2852   17.6919
    0.0000  -30.0000   -7.500010827.6230   17.6446
    7.5000  -30.0000   -7.500010321.5537   17.6194
   -7.5000  -22.5000   -7.500011654.9785   17.6198
    0.0000  -22.5000   -7.500012185.7119   17.5677
    7.5000  -22.5000   -7.500011587.3584   17.5356
   -7.5000  -15.0000   -7.500012874.0684   17.5622
    0.0000  -15.0000   -7.500013469.9033   17.5066
    7.5000  -15.0000   -7.500012793.5088   17.4723
   -7.5000   -7.5000   -7.500014039.6689   17.5228
    0.0000   -7.5000   -7.500014703.3545   17.4693
    7.5000   -7.5000   -7.500013951.3604   17.4402
   -7.5000    0.0000   -7.500015082.2383   17.5157
    0.0000    0.0000   -7.500015794.0996   17.4684
    7.5000    0.0000   -7.500014978.5186   17.4467
   -7.5000    7.5000   -7.500014942.0635   17.5261
    0.0000    7.5000   -7.500015666.4482   17.4818
    7.5000    7.5000   -7.500014803.0684   17.4621
   -7.5000   15.0000   -7.500014683.6914   17.5428
    0.0000   15.0000   -7.500015355.8896   17.4959
    7.5000   15.0000   -7.500014477.3291   17.4708
   -7.5000   22.5000   -7.500014380.2012   17.5388
    0.0000   22.5000   -7.500015007.0303   17.4868
    7.5000   22.5000   -7.500014124.9131   17.4545
   -7.5000   30.0000   -7.500013917.0566   17.3086
    0.0000   30.0000   -7.500014508.9326   17.2538
    7.5000   30.0000   -7.500013618.3203   17.2197
   -7.5000   37.5000   -7.500013761.2822   17.2940
    0.0000   37.5000   -7.500014333.4014   17.2412
    7.5000   37.5000   -7.500013444.0508   17.2124
   -7.5000   45.0000   -7.500012995.9316   16.8819
    0.0000   45.0000   -7.500013544.6201   16.8362
    7.5000   45.0000   -7.500012720.7363   16.8153
   -7.5000  -45.0000    0.0000 8778.3125   18.3874
    0.0000  -45.0000    0.0000 9144.0068   18.3355
    7.5000  -45.0000    0.0000 8743.4297   18.3122
   -7.5000  -37.5000    0.0000 9719.9727   18.0043
    0.0000  -37.5000    0.000010147.5586   17.9623
    7.5000  -37.5000    0.0000 9679.6270   17.9385
   -7.5000  -30.0000    0.000011079.2861   17.7369
    0.0000  -30.0000    0.000011571.5840   17.6974
    7.5000  -30.0000    0.000010998.4277   17.6698
   -7.5000  -22.5000    0.000012442.9209   17.6667
    0.0000  -22.5000    0.000013000.9346   17.6249
    7.5000  -22.5000    0.000012353.9814   17.5929
   -7.5000  -15.0000    0.000013720.8271   17.6089
    0.0000  -15.0000    0.000014341.0518   17.5618
    7.5000  -15.0000    0.000013629.5420   17.5291
   -7.5000   -7.5000    0.000014927.4346   17.5676
    0.0000   -7.5000    0.000015617.4570   17.5183
    7.5000   -7.5000    0.000014840.7861   17.4890
   -7.5000    0.0000    0.000016036.5596   17.5589
    0.0000    0.0000    0.000016800.9688   17.5126
    7.5000    0.0000    0.000015948.4688   17.4882
   -7.5000    7.5000    0.000015873.4307   17.5690
    0.0000    7.5000    0.000016623.0859   17.5277
    7.5000    7.5000    0.000015754.6543   17.5045
   -7.5000   15.0000    0.000015576.9395   17.5874
    0.0000   15.0000    0.000016249.8955   17.5482
    7.5000   15.0000    0.000015395.8691   17.5208
   -7.5000   22.5000    0.000015286.1104   17.5854
    0.0000   22.5000    0.000015901.6309   17.5436
    7.5000   22.5000    0.000015024.2598   17.5115
   -7.5000   30.0000    0.000014766.8408   17.3552
    0.0000   30.0000    0.000015359.5703   17.3087
    7.5000   30.0000    0.000014457.4102   17.2762
   -7.5000   37.5000    0.000014546.4551   17.3387
    0.0000   37.5000    0.000015127.5781   17.2900
    7.5000   37.5000    0.000014247.8369   17.2611
   -7.5000   45.0000    0.000013691.8145   16.9247
    0.0000   45.0000    0.000014262.3164   16.8801
    7.5000   45.0000    0.000013415.5605   16.8566
   -7.5000  -45.0000    7.5000 8646.3096   18.3991
    0.0000  -45.0000    7.5000 9001.3818   18.3449
    7.5000  -45.0000    7.5000 8603.6299   18.3248
   -7.5000  -37.5000    7.5000 9589.5186   18.0064
    0.0000  -37.5000    7.500010006.1172   17.9626
    7.5000  -37.5000    7.5000 9534.1084   17.9456
   -7.5000  -30.0000    7.500010913.1074   17.7353
    0.0000  -30.0000    7.500011400.8564   17.6991
    7.5000  -30.0000    7.500010828.5518   17.6830
   -7.5000  -22.5000    7.500012260.5430   17.6681
    0.0000  -22.5000    7.500012786.5098   17.6355
    7.5000  -22.5000    7.500012168.8311   17.6161
   -7.5000  -15.0000    7.500013515.2695   17.6166
    0.0000  -15.0000    7.500014089.4971   17.5793
    7.5000  -15.0000    7.500013420.8232   17.5564
   -7.5000   -7.5000    7.500014679.9434   17.5799
    0.0000   -7.5000    7.500015283.9863   17.5342
    7.5000   -7.5000    7.500014614.3213   17.5101
   -7.5000    0.0000    7.500015769.3408   17.5689
    0.0000    0.0000    7.500016487.8516   17.5208
    7.5000    0.0000    7.500015728.8408   17.4993
   -7.5000    7.5000    7.500015688.0645   17.5717
    0.0000    7.5000    7.500016424.5605   17.5289
    7.5000    7.5000    7.500015581.2861   17.5120
   -7.5000   15.0000    7.500015432.1133   17.5859
    0.0000   15.0000    7.500016043.5742   17.5500
    7.5000   15.0000    7.500015228.8369   17.5338
   -7.5000   22.5000    7.500015098.2129   17.5868
    0.0000   22.5000    7.500015632.0400   17.5541
    7.5000   22.5000    7.500014852.7295   17.5344
   -7.5000   30.0000    7.500014512.6123   17.3627
    0.0000   30.0000    7.500015027.0820   17.3260
    7.5000   30.0000    7.500014254.8662   17.3032
   -7.5000   37.5000    7.500014236.9541   17.3508
    0.0000   37.5000    7.500014760.4688   17.3057
    7.5000   37.5000    7.500014005.3643   17.2818
   -7.5000   45.0000    7.500013370.7539   16.9344
    0.0000   45.0000    7.500013879.3359   16.8880
    7.5000   45.0000    7.500013162.6357   16.8673
   -7.5000  -45.0000   15.0000 8435.6133   18.4020
    0.0000  -45.0000   15.0000 8781.0127   18.3447
    7.5000  -45.0000   15.0000 8376.8838   18.3318
   -7.5000  -37.5000   15.0000 9357.1230   18.0028
    0.0000  -37.5000   15.0000 9759.1621   17.9551
    7.5000  -37.5000   15.0000 9300.5996   17.9492
   -7.5000  -30.0000   15.000010609.7920   17.7275
    0.0000  -30.0000   15.000011068.6592   17.6880
    7.5000  -30.0000   15.000010558.2900   17.6857
   -7.5000  -22.5000   15.000011902.0811   17.6604
    0.0000  -22.5000   15.000012404.4189   17.6269
    7.5000  -22.5000   15.000011829.1992   17.6197
   -7.5000  -15.0000   15.000013109.8857   17.6143
    0.0000  -15.0000   15.000013662.0107   17.5773
    7.5000  -15.0000   15.000013002.8926   17.5626
   -7.5000   -7.5000   15.000014224.1162   17.5833
    0.0000   -7.5000   15.000014790.5410   17.5363
    7.5000   -7.5000   15.000014155.3438   17.5179
   -7.5000    0.0000   15.000015288.8027   17.5723
    0.0000    0.0000   15.000015980.1650   17.5214
    7.5000    0.0000   15.000015277.9912   17.5064
   -7.5000    7.5000   15.000015301.6914   17.5693
    0.0000    7.5000   15.000016037.8252   17.5229
    7.5000    7.5000   15.000015232.7432   17.5163
   -7.5000   15.0000   15.000015020.1816   17.5781
    0.0000   15.0000   15.000015599.8623   17.5391
    7.5000   15.0000   15.000014943.8545   17.5364
   -7.5000   22.5000   15.000014604.3057   17.5792
    0.0000   22.5000   15.000015078.4277   17.5456
    7.5000   22.5000   15.000014544.4219   17.5381
   -7.5000   30.0000   15.000014037.1367   17.3606
    0.0000   30.0000   15.000014479.2012   17.3241
    7.5000   30.0000   15.000013930.3027   17.3093
   -7.5000   37.5000   15.000013764.3389   17.3542
    0.0000   37.5000   15.000014244.4844   17.3078
    7.5000   37.5000   15.000013638.7422   17.2895
   -7.5000   45.0000   15.000012929.0234   16.9376
    0.0000   45.0000   15.000013421.5986   16.8886
    7.5000   45.0000   15.000012756.6240   16.8741
   -7.5000  -45.0000   22.5000 8090.9365   18.3930
    0.0000  -45.0000   22.5000 8417.6826   18.3332
    7.5000  -45.0000   22.5000 8017.4067   18.3233
   -7.5000  -37.5000   22.5000 9001.7812   17.9948
    0.0000  -37.5000   22.5000 9388.1006   17.9429
    7.5000  -37.5000   22.5000 8930.0264   17.9397
   -7.5000  -30.0000   22.500010211.1084   17.7176
    0.0000  -30.0000   22.500010658.0801   17.6705
    7.5000  -30.0000   22.500010155.1426   17.6691
   -7.5000  -22.5000   22.500011438.6270   17.6491
    0.0000  -22.5000   22.500011929.3516   17.6055
    7.5000  -22.5000   22.500011387.1943   17.5970
   -7.5000  -15.0000   22.500012588.3838   17.6043
    0.0000  -15.0000   22.500013113.4492   17.5583
    7.5000  -15.0000   22.500012530.8770   17.5415
   -7.5000   -7.5000   22.500013628.0664   17.5756
    0.0000   -7.5000   22.500014178.8877   17.5234
    7.5000   -7.5000   22.500013643.1621   17.5049
   -7.5000    0.0000   22.500014637.0986   17.5657
    0.0000    0.0000   22.500015243.9551   17.5121
    7.5000    0.0000   22.500014707.8682   17.4997
   -7.5000    7.5000   22.500014618.6475   17.5619
    0.0000    7.5000   22.500015299.2910   17.5115
    7.5000    7.5000   22.500014673.2881   17.5076
   -7.5000   15.0000   22.500014406.0781   17.5684
    0.0000   15.0000   22.500015039.7715   17.5217
    7.5000   15.0000   22.500014439.2812   17.5199
   -7.5000   22.5000   22.500014129.3857   17.5680
    0.0000   22.5000   22.500014645.6904   17.5244
    7.5000   22.5000   22.500014058.3467   17.5156
   -7.5000   30.0000   22.500013585.0732   17.3507
    0.0000   30.0000   22.500014042.3701   17.3053
    7.5000   30.0000   22.500013419.5889   17.2885
   -7.5000   37.5000   22.500013286.3896   17.3466
    0.0000   37.5000   22.500013763.3359   17.2950
    7.5000   37.5000   22.500013112.0225   17.2767
   -7.5000   45.0000   22.500012396.5850   16.9313
    0.0000   45.0000   22.500012870.6641   16.8796
    7.5000   45.0000   22.500012243.3506   16.8677
   -7.5000  -45.0000   30.0000 7628.9180   18.4002
    0.0000  -45.0000   30.0000 7942.9541   18.3422
    7.5000  -45.0000   30.0000 7561.1323   18.3281
   -7.5000  -37.5000   30.0000 8518.4033   18.0097
    0.0000  -37.5000   30.0000 8858.3848   17.9580
    7.5000  -37.5000   30.0000 8435.8301   17.9473
   -7.5000  -30.0000   30.0000 9657.2363   17.7352
    0.0000  -30.0000   30.000010049.7148   17.6829
    7.5000  -30.0000   30.0000 9595.1133   17.6701
   -7.5000  -22.5000   30.000010813.8438   17.6639
    0.0000  -22.5000   30.000011265.7451   17.6106
    7.5000  -22.5000   30.000010770.6416   17.5899
   -7.5000  -15.0000   30.000011891.9346   17.6138
    0.0000  -15.0000   30.000012401.9854   17.5586
    7.5000  -15.0000   30.000011886.5879   17.5321
   -7.5000   -7.5000   30.000012939.5693   17.5813
    0.0000   -7.5000   30.000013487.2832   17.5258
    7.5000   -7.5000   30.000012975.5234   17.5018
   -7.5000    0.0000   30.000013955.2314   17.5732
    0.0000    0.0000   30.000014578.6367   17.5209
    7.5000    0.0000   30.000013976.1504   17.5047
   -7.5000    7.5000   30.000013934.4033   17.5755
    0.0000    7.5000   30.000014520.7832   17.5252
    7.5000    7.5000   30.000013900.3711   17.5143
   -7.5000   15.0000   30.000013673.6826   17.5856
    0.0000   15.0000   30.000014250.6523   17.5339
    7.5000   15.0000   30.000013623.7178   17.5208
   -7.5000   22.5000   30.000013370.2891   17.5828
    0.0000   22.5000   30.000013942.4004   17.5295
    7.5000   22.5000   30.000013259.1982   17.5085
   -7.5000   30.0000   30.000012871.2139   17.3600
    0.0000   30.0000   30.000013446.1533   17.3055
    7.5000   30.0000   30.000012721.1250   17.2791
   -7.5000   37.5000   30.000012590.4961   17.3522
    0.0000   37.5000   30.000013175.2734   17.2974
    7.5000   37.5000   30.000012471.2129   17.2736
   -7.5000   45.0000   30.000011709.3301   16.9385
    0.0000   45.0000   30.000012246.0127   16.8881
    7.5000   45.0000   30.000011628.9160   16.8725
   -7.5000  -45.0000   37.5000 7397.3198   18.4725
    0.0000  -45.0000   37.5000 7661.4351   18.4186
    7.5000  -45.0000   37.5000 7334.9985   18.3985
   -7.5000  -37.5000   37.5000 8253.5820   18.0897
    0.0000  -37.5000   37.5000 8569.4043   18.0432
    7.5000  -37.5000   37.5000 8176.3340   18.0231
   -7.5000  -30.0000   37.5000 9375.9258   17.8198
    0.0000  -30.0000   37.5000 9766.4502   17.7713
    7.5000  -30.0000   37.5000 9301.0518   17.7461
   -7.5000  -22.5000   37.500010529.3486   17.7470
    0.0000  -22.5000   37.500010975.4268   17.6940
    7.5000  -22.5000   37.500010436.1299   17.6618
   -7.5000  -15.0000   37.500011623.6768   17.6892
    0.0000  -15.0000   37.500012135.6260   17.6328
    7.5000  -15.0000   37.500011519.0488   17.5984
   -7.5000   -7.5000   37.500012726.2588   17.6497
    0.0000   -7.5000   37.500013293.3857   17.5954
    7.5000   -7.5000   37.500012611.6162   17.5661
   -7.5000    0.0000   37.500013736.0078   17.6425
    0.0000    0.0000   37.500014361.1611   17.5940
    7.5000    0.0000   37.500013613.2344   17.5723
   -7.5000    7.5000   37.500013649.5586   17.6525
    0.0000    7.5000   37.500014206.3936   17.6070
    7.5000    7.5000   37.500013519.1855   17.5872
   -7.5000   15.0000   37.500013333.1924   17.6690
    0.0000   15.0000   37.500013841.6885   17.6209
    7.5000   15.0000   37.500013241.0654   17.5958
   -7.5000   22.5000   37.500012979.4307   17.6650
    0.0000   22.5000   37.500013474.4463   17.6121
    7.5000   22.5000   37.500012919.7373   17.5798
   -7.5000   30.0000   37.500012515.5938   17.4341
    0.0000   30.0000   37.500013013.7383   17.3785
    7.5000   30.0000   37.500012444.3965   17.3444
   -7.5000   37.5000   37.500012316.3438   17.4197
    0.0000   37.5000   37.500012818.6895   17.3660
    7.5000   37.5000   37.500012250.9463   17.3371
   -7.5000   45.0000   37.500011483.2939   17.0053
    0.0000   45.0000   37.500011958.6318   16.9586
    7.5000   45.0000   37.500011437.7969   16.9377
   -7.5000  -45.0000   45.0000 6796.5146   18.5245
    0.0000  -45.0000   45.0000 7046.8896   18.4699
    7.5000  -45.0000   45.0000 6739.7993   18.4467
   -7.5000  -37.5000   45.0000 7606.0103   18.1383
    0.0000  -37.5000   45.0000 7907.7314   18.0937
    7.5000  -37.5000   45.0000 7524.5439   18.0702
   -7.5000  -30.0000   45.0000 8671.5068   17.8687
    0.0000  -30.0000   45.0000 9031.7080   17.8270
    7.5000  -30.0000   45.0000 8567.6572   17.7997
   -7.5000  -22.5000   45.0000 9758.9648   17.7980
    0.0000  -22.5000   45.000010181.7930   17.7546
    7.5000  -22.5000   45.0000 9618.4727   17.7227
   -7.5000  -15.0000   45.000010778.0225   17.7407
    0.0000  -15.0000   45.000011244.7012   17.6921
    7.5000  -15.0000   45.000010637.3828   17.6592
   -7.5000   -7.5000   45.000011770.5635   17.6997
    0.0000   -7.5000   45.000012274.3457   17.6485
    7.5000   -7.5000   45.000011622.5098   17.6191
   -7.5000    0.0000   45.000012682.8799   17.6904
    0.0000    0.0000   45.000013243.9824   17.6417
    7.5000    0.0000   45.000012551.0498   17.6174
   -7.5000    7.5000   45.000012584.1582   17.6993
    0.0000    7.5000   45.000013130.8213   17.6555
    7.5000    7.5000   45.000012491.5654   17.6325
   -7.5000   15.0000   45.000012294.4238   17.7166
    0.0000   15.0000   45.000012819.0088   17.6753
    7.5000   15.0000   45.000012234.6748   17.6482
   -7.5000   22.5000   45.000011959.4648   17.7150
    0.0000   22.5000   45.000012461.7676   17.6717
    7.5000   22.5000   45.000011923.3799   17.6395
   -7.5000   30.0000   45.000011562.9629   17.4831
    0.0000   30.0000   45.000012037.2686   17.4352
    7.5000   30.0000   45.000011523.4521   17.4026
   -7.5000   37.5000   45.000011416.5166   17.4675
    0.0000   37.5000   45.000011906.8857   17.4169
    7.5000   37.5000   45.000011397.4639   17.3878
   -7.5000   45.0000   45.000010647.2773   17.0593
    0.0000   45.0000   45.000011123.9551   17.0123
    7.5000   45.0000   45.000010647.2559   16.9888

---------------------------------------------------------------------
imgreg_4dfp /opt/freesurfer/average/711-2C_as_mni_average_305 /opt/freesurfer/average/711-2B_as_mni_average_305_mask talsrcimg_g11 none talsrcimg_to_711-2C_as_mni_average_305_t4 4355
---------------------------------------------------------------------

freesurfer imgreg_4dfp.c
/opt/freesurfer/average/711-2C_as_mni_average_305.4dfp.img
       256       256       256         1
  1.000000  1.000000  1.000000
orientation T byte_order littleendian
Reading image: /opt/freesurfer/average/711-2C_as_mni_average_305.4dfp.img
dimensions:      256       256       256
mmppix:       1.0000   -1.0000   -1.0000
center:     128.0000 -129.0000 -129.0000
/opt/freesurfer/average/711-2B_as_mni_average_305_mask.4dfp.img
       256       256       256         1
  1.000000  1.000000  1.000000
orientation T byte_order littleendian
Reading mask: /opt/freesurfer/average/711-2B_as_mni_average_305_mask.4dfp.img (2306576 pixels)
talsrcimg_g11.4dfp.img
       256       256       256         1
  1.000000  1.000000  1.000000
orientation T byte_order littleendian
Reading image: talsrcimg_g11.4dfp.img
dimensions:      256       256       256
mmppix:       1.0000   -1.0000   -1.0000
center:     128.0000 -129.0000 -129.0000
rotation matrix determinant  1.000000
image alignment mode   4355 decimal     1103 hex
   -7.5000  -45.0000  -45.0000 1659.5475   28.6994
    0.0000  -45.0000  -45.0000 1672.5229   28.6110
    7.5000  -45.0000  -45.0000 1655.6814   28.8097
   -7.5000  -37.5000  -45.0000 1775.6265   25.0690
    0.0000  -37.5000  -45.0000 1782.5249   24.8867
    7.5000  -37.5000  -45.0000 1771.4214   25.1132
   -7.5000  -30.0000  -45.0000 1881.2388   22.1911
    0.0000  -30.0000  -45.0000 1886.7177   22.0200
    7.5000  -30.0000  -45.0000 1874.3015   22.2454
   -7.5000  -22.5000  -45.0000 1974.6910   20.0285
    0.0000  -22.5000  -45.0000 1981.4448   19.8231
    7.5000  -22.5000  -45.0000 1970.5275   20.0709
   -7.5000  -15.0000  -45.0000 2049.6733   18.4066
    0.0000  -15.0000  -45.0000 2060.0845   18.2666
    7.5000  -15.0000  -45.0000 2045.8406   18.4653
   -7.5000   -7.5000  -45.0000 2111.9834   17.2290
    0.0000   -7.5000  -45.0000 2119.9226   17.1125
    7.5000   -7.5000  -45.0000 2104.3835   17.2665
   -7.5000    0.0000  -45.0000 2146.7388   16.3862
    0.0000    0.0000  -45.0000 2159.9126   16.2839
    7.5000    0.0000  -45.0000 2138.5129   16.4160
   -7.5000    7.5000  -45.0000 2168.2637   15.8652
    0.0000    7.5000  -45.0000 2180.7903   15.7645
    7.5000    7.5000  -45.0000 2164.2668   15.8876
   -7.5000   15.0000  -45.0000 2165.9917   15.7367
    0.0000   15.0000  -45.0000 2182.0061   15.6061
    7.5000   15.0000  -45.0000 2166.3232   15.7531
   -7.5000   22.5000  -45.0000 2161.2722   15.8908
    0.0000   22.5000  -45.0000 2173.4500   15.7333
    7.5000   22.5000  -45.0000 2157.0635   15.8843
   -7.5000   30.0000  -45.0000 2139.7759   16.4055
    0.0000   30.0000  -45.0000 2151.4446   16.2164
    7.5000   30.0000  -45.0000 2134.3586   16.3450
   -7.5000   37.5000  -45.0000 2093.2502   17.1304
    0.0000   37.5000  -45.0000 2111.2666   16.9226
    7.5000   37.5000  -45.0000 2099.4246   17.0612
   -7.5000   45.0000  -45.0000 2037.3059   18.1213
    0.0000   45.0000  -45.0000 2058.9260   17.8971
    7.5000   45.0000  -45.0000 2037.4978   18.0607
   -7.5000  -45.0000  -37.5000 1723.2825   26.4062
    0.0000  -45.0000  -37.5000 1729.9280   26.3260
    7.5000  -45.0000  -37.5000 1718.1962   26.6165
   -7.5000  -37.5000  -37.5000 1847.1331   23.0333
    0.0000  -37.5000  -37.5000 1852.1057   22.8504
    7.5000  -37.5000  -37.5000 1840.9618   23.1449
   -7.5000  -30.0000  -37.5000 1962.3798   20.4106
    0.0000  -30.0000  -37.5000 1968.1975   20.2610
    7.5000  -30.0000  -37.5000 1953.5531   20.5449
   -7.5000  -22.5000  -37.5000 2065.0566   18.4042
    0.0000  -22.5000  -37.5000 2074.4482   18.2748
    7.5000  -22.5000  -37.5000 2055.0886   18.4957
   -7.5000  -15.0000  -37.5000 2151.6555   16.9248
    0.0000  -15.0000  -37.5000 2163.6013   16.8403
    7.5000  -15.0000  -37.5000 2143.9714   16.9717
   -7.5000   -7.5000  -37.5000 2213.7773   15.8164
    0.0000   -7.5000  -37.5000 2225.7498   15.7761
    7.5000   -7.5000  -37.5000 2211.3149   15.8791
   -7.5000    0.0000  -37.5000 2250.0649   15.0321
    0.0000    0.0000  -37.5000 2262.1338   14.9773
    7.5000    0.0000  -37.5000 2247.3379   15.0725
   -7.5000    7.5000  -37.5000 2264.5234   14.5715
    0.0000    7.5000  -37.5000 2279.1772   14.5108
    7.5000    7.5000  -37.5000 2265.1257   14.5940
   -7.5000   15.0000  -37.5000 2266.6353   14.4351
    0.0000   15.0000  -37.5000 2282.5330   14.3144
    7.5000   15.0000  -37.5000 2265.2483   14.4359
   -7.5000   22.5000  -37.5000 2264.8706   14.5254
    0.0000   22.5000  -37.5000 2277.7856   14.3972
    7.5000   22.5000  -37.5000 2259.5205   14.5355
   -7.5000   30.0000  -37.5000 2242.6077   14.9278
    0.0000   30.0000  -37.5000 2260.5994   14.8066
    7.5000   30.0000  -37.5000 2238.9595   14.9246
   -7.5000   37.5000  -37.5000 2198.4050   15.5571
    0.0000   37.5000  -37.5000 2224.8418   15.4471
    7.5000   37.5000  -37.5000 2202.9758   15.5528
   -7.5000   45.0000  -37.5000 2136.3706   16.4878
    0.0000   45.0000  -37.5000 2161.4062   16.3616
    7.5000   45.0000  -37.5000 2138.8679   16.4965
   -7.5000  -45.0000  -30.0000 1812.1942   25.2923
    0.0000  -45.0000  -30.0000 1817.9795   25.1603
    7.5000  -45.0000  -30.0000 1804.1074   25.4754
   -7.5000  -37.5000  -30.0000 1944.3367   21.9934
    0.0000  -37.5000  -30.0000 1956.5548   21.9241
    7.5000  -37.5000  -30.0000 1940.8019   22.2151
   -7.5000  -30.0000  -30.0000 2075.1797   19.5207
    0.0000  -30.0000  -30.0000 2088.6704   19.4283
    7.5000  -30.0000  -30.0000 2067.3755   19.6695
   -7.5000  -22.5000  -30.0000 2191.6909   17.5897
    0.0000  -22.5000  -30.0000 2207.1040   17.5207
    7.5000  -22.5000  -30.0000 2186.8298   17.6613
   -7.5000  -15.0000  -30.0000 2288.6743   16.1419
    0.0000  -15.0000  -30.0000 2303.5308   16.0993
    7.5000  -15.0000  -30.0000 2278.9861   16.2061
   -7.5000   -7.5000  -30.0000 2356.5847   15.0758
    0.0000   -7.5000  -30.0000 2367.9565   15.0638
    7.5000   -7.5000  -30.0000 2349.4106   15.1064
   -7.5000    0.0000  -30.0000 2391.1106   14.3045
    0.0000    0.0000  -30.0000 2406.5339   14.3044
    7.5000    0.0000  -30.0000 2388.1111   14.3491
   -7.5000    7.5000  -30.0000 2411.3386   13.8684
    0.0000    7.5000  -30.0000 2427.9141   13.8259
    7.5000    7.5000  -30.0000 2408.7461   13.8897
   -7.5000   15.0000  -30.0000 2417.3071   13.6956
    0.0000   15.0000  -30.0000 2435.8206   13.6144
    7.5000   15.0000  -30.0000 2412.9250   13.7207
   -7.5000   22.5000  -30.0000 2410.1836   13.7693
    0.0000   22.5000  -30.0000 2430.4077   13.6776
    7.5000   22.5000  -30.0000 2408.7034   13.8134
   -7.5000   30.0000  -30.0000 2385.4751   14.1189
    0.0000   30.0000  -30.0000 2407.2839   14.0472
    7.5000   30.0000  -30.0000 2385.4556   14.1745
   -7.5000   37.5000  -30.0000 2344.0159   14.7017
    0.0000   37.5000  -30.0000 2367.8938   14.6299
    7.5000   37.5000  -30.0000 2345.5017   14.7616
   -7.5000   45.0000  -30.0000 2277.4285   15.6140
    0.0000   45.0000  -30.0000 2298.7761   15.4814
    7.5000   45.0000  -30.0000 2278.4856   15.6488
   -7.5000  -45.0000  -22.5000 1882.8740   23.9814
    0.0000  -45.0000  -22.5000 1895.8376   23.9090
    7.5000  -45.0000  -22.5000 1885.3127   24.2476
   -7.5000  -37.5000  -22.5000 2028.5057   20.8935
    0.0000  -37.5000  -22.5000 2042.1099   20.8436
    7.5000  -37.5000  -22.5000 2028.1222   21.0762
   -7.5000  -30.0000  -22.5000 2169.4734   18.5212
    0.0000  -30.0000  -22.5000 2179.2478   18.4539
    7.5000  -30.0000  -22.5000 2166.4675   18.6353
   -7.5000  -22.5000  -22.5000 2291.8354   16.7028
    0.0000  -22.5000  -22.5000 2303.9468   16.6478
    7.5000  -22.5000  -22.5000 2290.3315   16.7707
   -7.5000  -15.0000  -22.5000 2389.7231   15.2595
    0.0000  -15.0000  -22.5000 2404.2561   15.2577
    7.5000  -15.0000  -22.5000 2386.6206   15.3510
   -7.5000   -7.5000  -22.5000 2464.3867   14.2267
    0.0000   -7.5000  -22.5000 2480.9453   14.2162
    7.5000   -7.5000  -22.5000 2457.9265   14.2615
   -7.5000    0.0000  -22.5000 2506.2654   13.5078
    0.0000    0.0000  -22.5000 2526.4988   13.5054
    7.5000    0.0000  -22.5000 2504.8286   13.5382
   -7.5000    7.5000  -22.5000 2536.9385   13.0763
    0.0000    7.5000  -22.5000 2556.1653   13.0666
    7.5000    7.5000  -22.5000 2535.0315   13.1198
   -7.5000   15.0000  -22.5000 2553.1082   12.8988
    0.0000   15.0000  -22.5000 2571.2092   12.8468
    7.5000   15.0000  -22.5000 2547.0537   12.9337
   -7.5000   22.5000  -22.5000 2548.8259   12.9648
    0.0000   22.5000  -22.5000 2569.5771   12.9047
    7.5000   22.5000  -22.5000 2544.7593   13.0146
   -7.5000   30.0000  -22.5000 2519.3853   13.2825
    0.0000   30.0000  -22.5000 2541.2834   13.2067
    7.5000   30.0000  -22.5000 2515.1838   13.3316
   -7.5000   37.5000  -22.5000 2473.8354   13.8439
    0.0000   37.5000  -22.5000 2494.6572   13.7444
    7.5000   37.5000  -22.5000 2466.4197   13.8902
   -7.5000   45.0000  -22.5000 2406.8953   14.6978
    0.0000   45.0000  -22.5000 2421.8003   14.5833
    7.5000   45.0000  -22.5000 2395.7793   14.7417
   -7.5000  -45.0000  -15.0000 1939.5309   22.8718
    0.0000  -45.0000  -15.0000 1948.2372   22.8060
    7.5000  -45.0000  -15.0000 1935.5811   23.1078
   -7.5000  -37.5000  -15.0000 2088.6555   19.9231
    0.0000  -37.5000  -15.0000 2098.9854   19.8502
    7.5000  -37.5000  -15.0000 2086.0696   20.0555
   -7.5000  -30.0000  -15.0000 2233.2461   17.6194
    0.0000  -30.0000  -15.0000 2245.2339   17.5547
    7.5000  -30.0000  -15.0000 2230.5747   17.7075
   -7.5000  -22.5000  -15.0000 2365.7275   15.8260
    0.0000  -22.5000  -15.0000 2378.1118   15.7894
    7.5000  -22.5000  -15.0000 2358.3613   15.9012
   -7.5000  -15.0000  -15.0000 2468.0085   14.4542
    0.0000  -15.0000  -15.0000 2480.8796   14.4229
    7.5000  -15.0000  -15.0000 2459.4414   14.5172
   -7.5000   -7.5000  -15.0000 2541.7402   13.4343
    0.0000   -7.5000  -15.0000 2560.0374   13.3954
    7.5000   -7.5000  -15.0000 2538.8748   13.4834
   -7.5000    0.0000  -15.0000 2592.5413   12.7136
    0.0000    0.0000  -15.0000 2612.3665   12.7034
    7.5000    0.0000  -15.0000 2595.7993   12.7617
   -7.5000    7.5000  -15.0000 2634.5146   12.2861
    0.0000    7.5000  -15.0000 2654.7915   12.2395
    7.5000    7.5000  -15.0000 2633.6394   12.3300
   -7.5000   15.0000  -15.0000 2663.4465   12.1022
    0.0000   15.0000  -15.0000 2682.3958   12.0412
    7.5000   15.0000  -15.0000 2654.1140   12.1293
   -7.5000   22.5000  -15.0000 2660.6685   12.1807
    0.0000   22.5000  -15.0000 2683.1670   12.1123
    7.5000   22.5000  -15.0000 2651.0020   12.2205
   -7.5000   30.0000  -15.0000 2633.2886   12.4930
    0.0000   30.0000  -15.0000 2656.2200   12.4303
    7.5000   30.0000  -15.0000 2624.3457   12.5411
   -7.5000   37.5000  -15.0000 2587.0659   13.0182
    0.0000   37.5000  -15.0000 2603.2556   12.9410
    7.5000   37.5000  -15.0000 2573.9922   13.0675
   -7.5000   45.0000  -15.0000 2507.8984   13.8188
    0.0000   45.0000  -15.0000 2522.9395   13.7213
    7.5000   45.0000  -15.0000 2495.8701   13.8692
   -7.5000  -45.0000   -7.5000 1974.6780   21.9209
    0.0000  -45.0000   -7.5000 1981.8726   21.8767
    7.5000  -45.0000   -7.5000 1970.7927   22.1541
   -7.5000  -37.5000   -7.5000 2128.8853   19.0251
    0.0000  -37.5000   -7.5000 2140.6890   19.0195
    7.5000  -37.5000   -7.5000 2126.9600   19.2528
   -7.5000  -30.0000   -7.5000 2281.3906   16.8285
    0.0000  -30.0000   -7.5000 2292.1843   16.7723
    7.5000  -30.0000   -7.5000 2271.3611   16.9546
   -7.5000  -22.5000   -7.5000 2411.7307   15.0676
    0.0000  -22.5000   -7.5000 2424.0415   15.0247
    7.5000  -22.5000   -7.5000 2399.6550   15.1698
   -7.5000  -15.0000   -7.5000 2514.8984   13.6981
    0.0000  -15.0000   -7.5000 2529.9702   13.6480
    7.5000  -15.0000   -7.5000 2509.5200   13.7949
   -7.5000   -7.5000   -7.5000 2600.3628   12.6958
    0.0000   -7.5000   -7.5000 2621.7507   12.6447
    7.5000   -7.5000   -7.5000 2601.4790   12.7744
   -7.5000    0.0000   -7.5000 2666.3689   11.9948
    0.0000    0.0000   -7.5000 2687.3098   11.9337
    7.5000    0.0000   -7.5000 2669.1030   12.0605
   -7.5000    7.5000   -7.5000 2715.7439   11.5737
    0.0000    7.5000   -7.5000 2739.4761   11.5042
    7.5000    7.5000   -7.5000 2714.7729   11.6216
   -7.5000   15.0000   -7.5000 2756.8352   11.3476
    0.0000   15.0000   -7.5000 2778.6641   11.2996
    7.5000   15.0000   -7.5000 2741.0659   11.4045
   -7.5000   22.5000   -7.5000 2759.9761   11.4649
    0.0000   22.5000   -7.5000 2781.7085   11.4090
    7.5000   22.5000   -7.5000 2738.8054   11.5220
   -7.5000   30.0000   -7.5000 2736.5066   11.7735
    0.0000   30.0000   -7.5000 2758.8923   11.7333
    7.5000   30.0000   -7.5000 2719.8181   11.8158
   -7.5000   37.5000   -7.5000 2681.6826   12.2804
    0.0000   37.5000   -7.5000 2699.8262   12.2103
    7.5000   37.5000   -7.5000 2662.8389   12.3359
   -7.5000   45.0000   -7.5000 2593.2456   13.0155
    0.0000   45.0000   -7.5000 2609.5105   12.9396
    7.5000   45.0000   -7.5000 2578.6672   13.0919
   -7.5000  -45.0000    0.0000 1997.1741   21.3142
    0.0000  -45.0000    0.0000 2009.0913   21.3117
    7.5000  -45.0000    0.0000 1996.2861   21.7050
   -7.5000  -37.5000    0.0000 2150.8997   18.4610
    0.0000  -37.5000    0.0000 2165.7329   18.4899
    7.5000  -37.5000    0.0000 2148.2136   18.7658
   -7.5000  -30.0000    0.0000 2300.1924   16.2793
    0.0000  -30.0000    0.0000 2312.2864   16.2404
    7.5000  -30.0000    0.0000 2288.7983   16.4624
   -7.5000  -22.5000    0.0000 2430.4180   14.5353
    0.0000  -22.5000    0.0000 2444.2273   14.4778
    7.5000  -22.5000    0.0000 2420.2622   14.6892
   -7.5000  -15.0000    0.0000 2543.9331   13.1760
    0.0000  -15.0000    0.0000 2559.1448   13.1124
    7.5000  -15.0000    0.0000 2537.2996   13.3042
   -7.5000   -7.5000    0.0000 2640.7483   12.1510
    0.0000   -7.5000    0.0000 2662.9956   12.0832
    7.5000   -7.5000    0.0000 2639.9187   12.2843
   -7.5000    0.0000    0.0000 2722.4592   11.4362
    0.0000    0.0000    0.0000 2749.5190   11.3650
    7.5000    0.0000    0.0000 2722.6472   11.5562
   -7.5000    7.5000    0.0000 2789.0513   10.9978
    0.0000    7.5000    0.0000 2819.7051   10.9260
    7.5000    7.5000    0.0000 2785.0220   11.0968
   -7.5000   15.0000    0.0000 2839.0708   10.7741
    0.0000   15.0000    0.0000 2868.0635   10.6922
    7.5000   15.0000    0.0000 2819.4189   10.8725
   -7.5000   22.5000    0.0000 2847.1199   10.9115
    0.0000   22.5000    0.0000 2870.0745   10.8393
    7.5000   22.5000    0.0000 2818.0896   11.0129
   -7.5000   30.0000    0.0000 2819.5366   11.2127
    0.0000   30.0000    0.0000 2841.1914   11.1460
    7.5000   30.0000    0.0000 2796.2249   11.2889
   -7.5000   37.5000    0.0000 2752.2842   11.6959
    0.0000   37.5000    0.0000 2772.8101   11.6155
    7.5000   37.5000    0.0000 2739.1106   11.7694
   -7.5000   45.0000    0.0000 2655.3425   12.4065
    0.0000   45.0000    0.0000 2675.9670   12.3188
    7.5000   45.0000    0.0000 2641.9167   12.4910
   -7.5000  -45.0000    7.5000 2009.2677   21.0113
    0.0000  -45.0000    7.5000 2022.9536   21.0040
    7.5000  -45.0000    7.5000 2011.5042   21.4515
   -7.5000  -37.5000    7.5000 2161.9355   18.1779
    0.0000  -37.5000    7.5000 2174.7471   18.1625
    7.5000  -37.5000    7.5000 2160.1055   18.5131
   -7.5000  -30.0000    7.5000 2304.5715   15.9422
    0.0000  -30.0000    7.5000 2319.8088   15.9003
    7.5000  -30.0000    7.5000 2295.4780   16.1927
   -7.5000  -22.5000    7.5000 2436.9622   14.2021
    0.0000  -22.5000    7.5000 2452.9751   14.1302
    7.5000  -22.5000    7.5000 2425.9309   14.4156
   -7.5000  -15.0000    7.5000 2554.7488   12.8484
    0.0000  -15.0000    7.5000 2570.2454   12.7453
    7.5000  -15.0000    7.5000 2546.9973   13.0274
   -7.5000   -7.5000    7.5000 2663.0054   11.7999
    0.0000   -7.5000    7.5000 2681.8406   11.6975
    7.5000   -7.5000    7.5000 2660.6001   11.9781
   -7.5000    0.0000    7.5000 2763.5276   11.0571
    0.0000    0.0000    7.5000 2790.5510   10.9667
    7.5000    0.0000    7.5000 2759.9380   11.2288
   -7.5000    7.5000    7.5000 2848.8442   10.6108
    0.0000    7.5000    7.5000 2883.3484   10.5308
    7.5000    7.5000    7.5000 2842.8779   10.7511
   -7.5000   15.0000    7.5000 2915.9641   10.3968
    0.0000   15.0000    7.5000 2948.3953   10.2851
    7.5000   15.0000    7.5000 2893.0525   10.5166
   -7.5000   22.5000    7.5000 2924.5725   10.5332
    0.0000   22.5000    7.5000 2948.2136   10.4065
    7.5000   22.5000    7.5000 2891.0537   10.6483
   -7.5000   30.0000    7.5000 2882.8755   10.8391
    0.0000   30.0000    7.5000 2900.4426   10.7290
    7.5000   30.0000    7.5000 2855.5923   10.9155
   -7.5000   37.5000    7.5000 2805.9304   11.3147
    0.0000   37.5000    7.5000 2823.9646   11.1895
    7.5000   37.5000    7.5000 2788.4487   11.4105
   -7.5000   45.0000    7.5000 2699.2129   12.0309
    0.0000   45.0000    7.5000 2719.0964   11.9070
    7.5000   45.0000    7.5000 2686.5803   12.1284
   -7.5000  -45.0000   15.0000 2013.8568   21.0852
    0.0000  -45.0000   15.0000 2028.3483   21.0189
    7.5000  -45.0000   15.0000 2012.9208   21.5379
   -7.5000  -37.5000   15.0000 2163.1477   18.1541
    0.0000  -37.5000   15.0000 2182.7261   18.0916
    7.5000  -37.5000   15.0000 2158.3608   18.5153
   -7.5000  -30.0000   15.0000 2296.8696   15.8302
    0.0000  -30.0000   15.0000 2314.4302   15.7122
    7.5000  -30.0000   15.0000 2287.0535   16.1341
   -7.5000  -22.5000   15.0000 2424.9170   14.0522
    0.0000  -22.5000   15.0000 2442.0430   13.9187
    7.5000  -22.5000   15.0000 2414.8755   14.2944
   -7.5000  -15.0000   15.0000 2547.9888   12.6719
    0.0000  -15.0000   15.0000 2564.8828   12.5416
    7.5000  -15.0000   15.0000 2534.7737   12.8913
   -7.5000   -7.5000   15.0000 2668.0266   11.6134
    0.0000   -7.5000   15.0000 2686.9983   11.4818
    7.5000   -7.5000   15.0000 2658.1797   11.8056
   -7.5000    0.0000   15.0000 2781.2815   10.8479
    0.0000    0.0000   15.0000 2806.5708   10.7396
    7.5000    0.0000   15.0000 2770.3604   11.0544
   -7.5000    7.5000   15.0000 2886.5884   10.4073
    0.0000    7.5000   15.0000 2919.9907   10.3047
    7.5000    7.5000   15.0000 2872.5508   10.5850
   -7.5000   15.0000   15.0000 2965.2500   10.2225
    0.0000   15.0000   15.0000 2999.6357   10.0854
    7.5000   15.0000   15.0000 2933.4841   10.3762
   -7.5000   22.5000   15.0000 2977.2576   10.2822
    0.0000   22.5000   15.0000 3001.3467   10.1194
    7.5000   22.5000   15.0000 2935.3567   10.4804
   -7.5000   30.0000   15.0000 2920.5637   10.6202
    0.0000   30.0000   15.0000 2930.6863   10.4765
    7.5000   30.0000   15.0000 2880.8335   10.7724
   -7.5000   37.5000   15.0000 2830.1628   11.1457
    0.0000   37.5000   15.0000 2845.3782   10.9884
    7.5000   37.5000   15.0000 2803.5452   11.2369
   -7.5000   45.0000   15.0000 2719.5581   11.8549
    0.0000   45.0000   15.0000 2741.3757   11.6983
    7.5000   45.0000   15.0000 2701.3545   11.9103
   -7.5000  -45.0000   22.5000 2001.4320   21.4186
    0.0000  -45.0000   22.5000 2020.2743   21.2801
    7.5000  -45.0000   22.5000 2001.3896   21.8380
   -7.5000  -37.5000   22.5000 2156.1926   18.3757
    0.0000  -37.5000   22.5000 2171.6755   18.2570
    7.5000  -37.5000   22.5000 2144.4341   18.7323
   -7.5000  -30.0000   22.5000 2283.8049   15.9382
    0.0000  -30.0000   22.5000 2300.3489   15.8413
    7.5000  -30.0000   22.5000 2271.8618   16.3092
   -7.5000  -22.5000   22.5000 2407.7795   14.1308
    0.0000  -22.5000   22.5000 2422.8909   14.0009
    7.5000  -22.5000   22.5000 2395.7288   14.4127
   -7.5000  -15.0000   22.5000 2532.5144   12.7217
    0.0000  -15.0000   22.5000 2546.0732   12.5768
    7.5000  -15.0000   22.5000 2515.9465   12.9588
   -7.5000   -7.5000   22.5000 2655.5674   11.6210
    0.0000   -7.5000   22.5000 2674.6577   11.4746
    7.5000   -7.5000   22.5000 2640.3318   11.8572
   -7.5000    0.0000   22.5000 2770.5945   10.8370
    0.0000    0.0000   22.5000 2792.5195   10.6917
    7.5000    0.0000   22.5000 2759.9641   11.0916
   -7.5000    7.5000   22.5000 2881.7429   10.4224
    0.0000    7.5000   22.5000 2912.1021   10.2718
    7.5000    7.5000   22.5000 2866.5535   10.6171
   -7.5000   15.0000   22.5000 2961.6509   10.2543
    0.0000   15.0000   22.5000 2994.7651   10.1223
    7.5000   15.0000   22.5000 2932.9456   10.4115
   -7.5000   22.5000   22.5000 2979.9766   10.3277
    0.0000   22.5000   22.5000 3004.9192   10.1814
    7.5000   22.5000   22.5000 2936.7996   10.4794
   -7.5000   30.0000   22.5000 2924.8560   10.6033
    0.0000   30.0000   22.5000 2941.5625   10.4820
    7.5000   30.0000   22.5000 2885.5002   10.7138
   -7.5000   37.5000   22.5000 2829.2361   11.1175
    0.0000   37.5000   22.5000 2849.2327   10.9937
    7.5000   37.5000   22.5000 2804.1350   11.1901
   -7.5000   45.0000   22.5000 2715.3191   11.8282
    0.0000   45.0000   22.5000 2733.8809   11.7051
    7.5000   45.0000   22.5000 2699.9863   11.8693
   -7.5000  -45.0000   30.0000 1965.9999   21.9979
    0.0000  -45.0000   30.0000 1980.7023   21.8617
    7.5000  -45.0000   30.0000 1966.8361   22.4609
   -7.5000  -37.5000   30.0000 2126.8252   18.7896
    0.0000  -37.5000   30.0000 2140.0601   18.6685
    7.5000  -37.5000   30.0000 2114.5576   19.1971
   -7.5000  -30.0000   30.0000 2260.2822   16.2645
    0.0000  -30.0000   30.0000 2271.8267   16.1311
    7.5000  -30.0000   30.0000 2244.3682   16.6449
   -7.5000  -22.5000   30.0000 2384.9194   14.4171
    0.0000  -22.5000   30.0000 2397.6829   14.2610
    7.5000  -22.5000   30.0000 2369.3667   14.7100
   -7.5000  -15.0000   30.0000 2501.7019   12.9953
    0.0000  -15.0000   30.0000 2514.5579   12.8231
    7.5000  -15.0000   30.0000 2487.9626   13.2669
   -7.5000   -7.5000   30.0000 2625.9241   11.9147
    0.0000   -7.5000   30.0000 2641.0891   11.7511
    7.5000   -7.5000   30.0000 2610.4873   12.1780
   -7.5000    0.0000   30.0000 2741.9680   11.1616
    0.0000    0.0000   30.0000 2759.5999   11.0185
    7.5000    0.0000   30.0000 2723.4463   11.3876
   -7.5000    7.5000   30.0000 2849.7290   10.7256
    0.0000    7.5000   30.0000 2869.9146   10.5899
    7.5000    7.5000   30.0000 2824.8723   10.8777
   -7.5000   15.0000   30.0000 2915.5552   10.4907
    0.0000   15.0000   30.0000 2941.2710   10.3570
    7.5000   15.0000   30.0000 2884.5554   10.6310
   -7.5000   22.5000   30.0000 2928.4009   10.5363
    0.0000   22.5000   30.0000 2948.9199   10.4225
    7.5000   22.5000   30.0000 2891.9617   10.6408
   -7.5000   30.0000   30.0000 2884.2004   10.8348
    0.0000   30.0000   30.0000 2902.2258   10.7584
    7.5000   30.0000   30.0000 2847.5486   10.9021
   -7.5000   37.5000   30.0000 2795.8918   11.3364
    0.0000   37.5000   30.0000 2815.6277   11.2522
    7.5000   37.5000   30.0000 2768.8777   11.3944
   -7.5000   45.0000   30.0000 2684.8386   11.9984
    0.0000   45.0000   30.0000 2701.0850   11.9253
    7.5000   45.0000   30.0000 2667.7271   12.0689
   -7.5000  -45.0000   37.5000 1919.6886   22.8482
    0.0000  -45.0000   37.5000 1929.4250   22.6686
    7.5000  -45.0000   37.5000 1922.9885   23.3023
   -7.5000  -37.5000   37.5000 2083.0078   19.4548
    0.0000  -37.5000   37.5000 2091.6882   19.2885
    7.5000  -37.5000   37.5000 2076.3660   19.8322
   -7.5000  -30.0000   37.5000 2224.7263   16.8614
    0.0000  -30.0000   37.5000 2231.6614   16.7285
    7.5000  -30.0000   37.5000 2209.3987   17.1969
   -7.5000  -22.5000   37.5000 2353.0220   14.9969
    0.0000  -22.5000   37.5000 2357.9480   14.8780
    7.5000  -22.5000   37.5000 2331.7705   15.2587
   -7.5000  -15.0000   37.5000 2471.0488   13.5999
    0.0000  -15.0000   37.5000 2476.7673   13.4765
    7.5000  -15.0000   37.5000 2444.0178   13.8242
   -7.5000   -7.5000   37.5000 2596.1362   12.5139
    0.0000   -7.5000   37.5000 2604.9363   12.4086
    7.5000   -7.5000   37.5000 2563.1055   12.7214
   -7.5000    0.0000   37.5000 2705.8176   11.7159
    0.0000    0.0000   37.5000 2716.2483   11.6076
    7.5000    0.0000   37.5000 2673.9050   11.9020
   -7.5000    7.5000   37.5000 2797.4478   11.2191
    0.0000    7.5000   37.5000 2810.4971   11.0839
    7.5000    7.5000   37.5000 2762.3699   11.3452
   -7.5000   15.0000   37.5000 2844.9229   10.9451
    0.0000   15.0000   37.5000 2861.4700   10.8085
    7.5000   15.0000   37.5000 2814.8630   11.0619
   -7.5000   22.5000   37.5000 2856.7339   10.9613
    0.0000   22.5000   37.5000 2873.3809   10.8219
    7.5000   22.5000   37.5000 2828.3481   11.0519
   -7.5000   30.0000   37.5000 2820.6299   11.2415
    0.0000   30.0000   37.5000 2834.7747   11.1195
    7.5000   30.0000   37.5000 2788.1428   11.3125
   -7.5000   37.5000   37.5000 2740.9668   11.7397
    0.0000   37.5000   37.5000 2754.3218   11.6080
    7.5000   37.5000   37.5000 2715.0242   11.7888
   -7.5000   45.0000   37.5000 2636.4224   12.4094
    0.0000   45.0000   37.5000 2652.0054   12.2918
    7.5000   45.0000   37.5000 2620.3657   12.4752
   -7.5000  -45.0000   45.0000 1866.7059   24.0680
    0.0000  -45.0000   45.0000 1869.9229   23.9144
    7.5000  -45.0000   45.0000 1869.3110   24.4962
   -7.5000  -37.5000   45.0000 2033.3735   20.4941
    0.0000  -37.5000   45.0000 2033.7883   20.4022
    7.5000  -37.5000   45.0000 2022.7554   20.8173
   -7.5000  -30.0000   45.0000 2178.2102   17.8083
    0.0000  -30.0000   45.0000 2179.3420   17.7541
    7.5000  -30.0000   45.0000 2158.9556   18.0929
   -7.5000  -22.5000   45.0000 2309.4282   15.8900
    0.0000  -22.5000   45.0000 2309.7168   15.8301
    7.5000  -22.5000   45.0000 2277.3594   16.1036
   -7.5000  -15.0000   45.0000 2425.4500   14.4046
    0.0000  -15.0000   45.0000 2432.3508   14.3395
    7.5000  -15.0000   45.0000 2390.7754   14.6006
   -7.5000   -7.5000   45.0000 2546.5046   13.2396
    0.0000   -7.5000   45.0000 2552.7900   13.1685
    7.5000   -7.5000   45.0000 2506.0999   13.4449
   -7.5000    0.0000   45.0000 2648.9675   12.3953
    0.0000    0.0000   45.0000 2659.2700   12.3128
    7.5000    0.0000   45.0000 2611.4209   12.5785
   -7.5000    7.5000   45.0000 2726.7385   11.8922
    0.0000    7.5000   45.0000 2739.5183   11.7666
    7.5000    7.5000   45.0000 2690.3650   12.0203
   -7.5000   15.0000   45.0000 2766.1672   11.5804
    0.0000   15.0000   45.0000 2777.4922   11.4824
    7.5000   15.0000   45.0000 2735.3420   11.7051
   -7.5000   22.5000   45.0000 2771.7241   11.5708
    0.0000   22.5000   45.0000 2783.5850   11.4578
    7.5000   22.5000   45.0000 2744.2368   11.6708
   -7.5000   30.0000   45.0000 2732.3655   11.8130
    0.0000   30.0000   45.0000 2740.8782   11.7201
    7.5000   30.0000   45.0000 2702.0825   11.9273
   -7.5000   37.5000   45.0000 2664.0681   12.2774
    0.0000   37.5000   45.0000 2673.7483   12.1908
    7.5000   37.5000   45.0000 2638.9851   12.3739
   -7.5000   45.0000   45.0000 2566.4370   12.9474
    0.0000   45.0000   45.0000 2580.5051   12.8612
    7.5000   45.0000   45.0000 2550.0281   13.0470

---------------------------------------------------------------------
imgreg_4dfp /opt/freesurfer/average/711-2C_as_mni_average_305 /opt/freesurfer/average/711-2B_as_mni_average_305_mask talsrcimg_g11 none talsrcimg_to_711-2C_as_mni_average_305_t4 1283
---------------------------------------------------------------------

freesurfer imgreg_4dfp.c
/opt/freesurfer/average/711-2C_as_mni_average_305.4dfp.img
       256       256       256         1
  1.000000  1.000000  1.000000
orientation T byte_order littleendian
Reading image: /opt/freesurfer/average/711-2C_as_mni_average_305.4dfp.img
dimensions:      256       256       256
mmppix:       1.0000   -1.0000   -1.0000
center:     128.0000 -129.0000 -129.0000
/opt/freesurfer/average/711-2B_as_mni_average_305_mask.4dfp.img
       256       256       256         1
  1.000000  1.000000  1.000000
orientation T byte_order littleendian
Reading mask: /opt/freesurfer/average/711-2B_as_mni_average_305_mask.4dfp.img (2306576 pixels)
talsrcimg_g11.4dfp.img
       256       256       256         1
  1.000000  1.000000  1.000000
orientation T byte_order littleendian
Reading image: talsrcimg_g11.4dfp.img
dimensions:      256       256       256
mmppix:       1.0000   -1.0000   -1.0000
center:     128.0000 -129.0000 -129.0000
rotation matrix determinant  1.000000
fimgreg.f
image alignment mode   1283 decimal      503 hex
parameters
    0.0000   22.5000   22.5000    0.0000    0.0000    0.0000
eta,q 0.94168 10.20718
niter,ni,del,rscale     5    3   12.0000    1.2000
parameter  2  0.586020 ->  0.500000 qaram    1.1500
parameter  3  0.668462 ->  0.500000 qaram    1.1500
parameter  4  0.698372 ->  0.500000 qaram    1.1500
parameter  5 -0.572819 -> -0.500000 qaram    1.1500
parameters
   -1.4513   19.0500   19.0500   -3.4500    3.4500   -0.7269
eta,q 0.95108  9.93523
  0.0648  0.0569  0.0545  0.0519  0.0624  0.0534
  0.0611  0.0555  0.0530  0.0510  0.0588  0.0510
  0.0586  0.0564  0.0533  0.0516  0.0548  0.0493
  0.0588  0.0580  0.0558  0.0531  0.0510  0.0490
  0.0619  0.0605  0.0597  0.0545  0.0492  0.0503
  0.0685  0.0645  0.0632  0.0569  0.0492  0.0528
  0.0761  0.0701  0.0680  0.0599  0.0511  0.0562
niter,ni,del,rscale     7    3   12.0000    1.2000
parameters
   -2.9015   20.6492   17.9167   -4.9056    4.2743   -1.3807
eta,q 0.95388  9.93912
  0.0577  0.0682  0.0540  0.0519  0.0582  0.0510
  0.0512  0.0588  0.0496  0.0473  0.0524  0.0483
  0.0480  0.0514  0.0473  0.0461  0.0478  0.0465
  0.0489  0.0479  0.0475  0.0470  0.0461  0.0462
  0.0545  0.0477  0.0501  0.0496  0.0468  0.0473
  0.0626  0.0504  0.0542  0.0528  0.0489  0.0501
  0.0688  0.0552  0.0589  0.0563  0.0536  0.0537
niter,ni,del,rscale     6    3   12.0000    1.2000
parameters
   -3.2335   21.4824   17.7084   -5.6884    4.4740   -1.5515
eta,q 0.95444  9.94889
  0.0606  0.0637  0.0554  0.0527  0.0557  0.0511
  0.0525  0.0547  0.0501  0.0478  0.0501  0.0485
  0.0473  0.0487  0.0468  0.0457  0.0466  0.0464
  0.0461  0.0461  0.0459  0.0458  0.0456  0.0456
  0.0490  0.0468  0.0477  0.0483  0.0464  0.0464
  0.0558  0.0511  0.0513  0.0516  0.0492  0.0487
  0.0632  0.0563  0.0561  0.0548  0.0546  0.0521
niter,ni,del,rscale     5    3   12.0000    1.2000
parameters
   -3.2702   21.9396   17.5304   -6.2160    4.4790   -1.5848
eta,q 0.95461  9.95962
  0.0614  0.0619  0.0553  0.0531  0.0548  0.0510
  0.0530  0.0532  0.0498  0.0483  0.0496  0.0484
  0.0473  0.0477  0.0465  0.0457  0.0464  0.0463
  0.0456  0.0456  0.0455  0.0455  0.0454  0.0454
  0.0480  0.0473  0.0475  0.0475  0.0463  0.0460
  0.0541  0.0520  0.0510  0.0512  0.0495  0.0481
  0.0611  0.0572  0.0557  0.0544  0.0549  0.0515
niter,ni,del,rscale     4    3   12.0000    1.2000
parameters
   -3.2311   22.2323   17.3999   -6.5821    4.4438   -1.5727
eta,q 0.95467  9.96737
  0.0614  0.0611  0.0552  0.0533  0.0546  0.0509
  0.0531  0.0525  0.0498  0.0487  0.0495  0.0483
  0.0473  0.0472  0.0466  0.0457  0.0464  0.0463
  0.0454  0.0454  0.0454  0.0454  0.0453  0.0453
  0.0478  0.0476  0.0474  0.0471  0.0462  0.0459
  0.0536  0.0523  0.0508  0.0508  0.0495  0.0480
  0.0604  0.0575  0.0554  0.0542  0.0550  0.0512
niter,ni,del,rscale     3    3   12.0000    1.2000
parameters
   -3.1864   22.4285   17.3084   -6.8318    4.4129   -1.5547
eta,q 0.95468  9.97307
  0.0613  0.0606  0.0552  0.0534  0.0546  0.0508
  0.0530  0.0522  0.0498  0.0490  0.0495  0.0482
  0.0473  0.0470  0.0467  0.0458  0.0464  0.0462
  0.0453  0.0453  0.0454  0.0454  0.0453  0.0453
  0.0478  0.0478  0.0474  0.0468  0.0461  0.0459
  0.0534  0.0525  0.0507  0.0504  0.0495  0.0479
  0.0602  0.0578  0.0552  0.0540  0.0549  0.0510
niter,ni,del,rscale     2    3   12.0000    1.2000
parameters
   -3.1529   22.5647   17.2461   -7.0043    4.3906   -1.5394
eta,q 0.95467  9.97676
  0.0611  0.0603  0.0553  0.0535  0.0546  0.0508
  0.0530  0.0520  0.0499  0.0491  0.0495  0.0481
  0.0473  0.0469  0.0468  0.0459  0.0464  0.0462
  0.0453  0.0453  0.0454  0.0454  0.0453  0.0453
  0.0478  0.0480  0.0473  0.0467  0.0462  0.0459
  0.0534  0.0526  0.0507  0.0501  0.0495  0.0478
  0.0601  0.0579  0.0551  0.0538  0.0549  0.0510
niter,ni,del,rscale     1    3   12.0000    1.2000
parameters
   -3.1290   22.6568   17.2015   -7.1271    4.3751   -1.5227
eta,q 0.95466  9.97956
  0.0610  0.0602  0.0553  0.0535  0.0546  0.0507
  0.0529  0.0519  0.0499  0.0493  0.0496  0.0481
  0.0473  0.0468  0.0469  0.0459  0.0464  0.0462
  0.0453  0.0453  0.0454  0.0454  0.0453  0.0453
  0.0478  0.0481  0.0473  0.0466  0.0462  0.0459
  0.0534  0.0527  0.0507  0.0500  0.0495  0.0478
  0.0601  0.0581  0.0550  0.0537  0.0549  0.0509
registration optimization eta report
parameter search radius
    6.0000    6.9000    6.9000    6.9000    6.9000    6.0000
100000*second partial in parameter space
       41.       28.       20.       17.       20.       15.
  0.0610  0.0602  0.0553  0.0535  0.0546  0.0507
  0.0529  0.0519  0.0499  0.0493  0.0496  0.0481
  0.0473  0.0468  0.0469  0.0459  0.0464  0.0462
  0.0453  0.0453  0.0454  0.0454  0.0453  0.0453
  0.0478  0.0481  0.0473  0.0466  0.0462  0.0459
  0.0534  0.0527  0.0507  0.0500  0.0495  0.0478
  0.0601  0.0581  0.0550  0.0537  0.0549  0.0509
   -3.1290   22.6568   17.2015   -7.1271    4.3751   -1.5227
eta,q 0.95466  9.97956

---------------------------------------------------------------------
imgreg_4dfp /opt/freesurfer/average/711-2C_as_mni_average_305 /opt/freesurfer/average/711-2B_as_mni_average_305_mask talsrcimg_g11 none talsrcimg_to_711-2C_as_mni_average_305_t4 3335
---------------------------------------------------------------------

freesurfer imgreg_4dfp.c
/opt/freesurfer/average/711-2C_as_mni_average_305.4dfp.img
       256       256       256         1
  1.000000  1.000000  1.000000
orientation T byte_order littleendian
Reading image: /opt/freesurfer/average/711-2C_as_mni_average_305.4dfp.img
dimensions:      256       256       256
mmppix:       1.0000   -1.0000   -1.0000
center:     128.0000 -129.0000 -129.0000
/opt/freesurfer/average/711-2B_as_mni_average_305_mask.4dfp.img
       256       256       256         1
  1.000000  1.000000  1.000000
orientation T byte_order littleendian
Reading mask: /opt/freesurfer/average/711-2B_as_mni_average_305_mask.4dfp.img (2306576 pixels)
talsrcimg_g11.4dfp.img
       256       256       256         1
  1.000000  1.000000  1.000000
orientation T byte_order littleendian
Reading image: talsrcimg_g11.4dfp.img
dimensions:      256       256       256
mmppix:       1.0000   -1.0000   -1.0000
center:     128.0000 -129.0000 -129.0000
fimgreg.f
image alignment mode   3335 decimal      D07 hex
parameters
   -3.1290   22.6568   17.2015   -0.3266   -0.8329   -1.0618
    3.5829   -7.2373   -2.6495   12.6039    7.6286  -12.3710
eta,q 0.95459 10.02612
niter,ni,del,rscale     5    3    5.0000    1.2000
parameter  4  2.465557 ->  0.500000 qaram    1.1500
parameter  5  1.883919 ->  0.500000 qaram    1.1500
parameter  6  1.135327 ->  0.500000 qaram    1.1500
parameters
   -3.2222   22.6214   16.7727   -4.4666   -4.9729   -5.2018
    3.9775   -6.2050   -1.6231    9.8067    5.2079  -11.1586
eta,q 0.96916  9.66431
  0.0476  0.0471  0.0462  0.0377  0.0345  0.0314  0.0347  0.0378  0.0340  0.0325  0.0317  0.0330
  0.0463  0.0462  0.0457  0.0396  0.0358  0.0316  0.0332  0.0351  0.0328  0.0314  0.0311  0.0320
  0.0456  0.0456  0.0454  0.0422  0.0377  0.0331  0.0323  0.0330  0.0321  0.0311  0.0309  0.0313
  0.0454  0.0454  0.0454  0.0454  0.0403  0.0362  0.0318  0.0318  0.0317  0.0316  0.0311  0.0309
  0.0458  0.0456  0.0456  0.0491  0.0432  0.0400  0.0320  0.0318  0.0317  0.0330  0.0317  0.0309
  0.0466  0.0462  0.0463  0.0528  0.0465  0.0443  0.0328  0.0331  0.0321  0.0351  0.0327  0.0313
  0.0479  0.0473  0.0473  0.0571  0.0502  0.0489  0.0341  0.0353  0.0330  0.0375  0.0340  0.0319
niter,ni,del,rscale     7    3    5.0000    1.2000
parameter  4  0.785872 ->  0.500000 qaram    1.3225
parameter  5  0.631543 ->  0.500000 qaram    1.3225
parameters
   -3.3398   22.7671   16.7127   -9.2276   -9.7339   -7.8089
    4.2049   -5.7127   -1.1707   12.9209    5.5535   -9.3447
eta,q 0.97357  9.25527
  0.0340  0.0335  0.0331  0.0285  0.0274  0.0287  0.0305  0.0325  0.0294  0.0315  0.0282  0.0290
  0.0322  0.0321  0.0319  0.0283  0.0269  0.0278  0.0288  0.0299  0.0282  0.0298  0.0274  0.0280
  0.0311  0.0312  0.0311  0.0289  0.0272  0.0273  0.0276  0.0281  0.0275  0.0283  0.0268  0.0271
  0.0308  0.0308  0.0308  0.0308  0.0283  0.0268  0.0272  0.0272  0.0272  0.0272  0.0266  0.0266
  0.0314  0.0310  0.0312  0.0336  0.0301  0.0283  0.0276  0.0275  0.0273  0.0266  0.0267  0.0264
  0.0327  0.0317  0.0320  0.0375  0.0327  0.0321  0.0286  0.0289  0.0279  0.0267  0.0271  0.0268
  0.0347  0.0329  0.0334  0.0417  0.0362  0.0368  0.0301  0.0313  0.0289  0.0277  0.0279  0.0274
niter,ni,del,rscale     7    3    5.0000    1.2000
parameters
   -3.3570   23.0342   16.6796  -11.1993  -11.4782   -8.4983
    3.9556   -5.5091   -1.2428   13.3727    5.7600   -9.0759
eta,q 0.97344  9.07187
  0.0302  0.0295  0.0283  0.0290  0.0291  0.0297  0.0294  0.0313  0.0283  0.0295  0.0277  0.0283
  0.0281  0.0279  0.0272  0.0276  0.0276  0.0284  0.0278  0.0289  0.0274  0.0281  0.0271  0.0274
  0.0268  0.0269  0.0266  0.0266  0.0266  0.0273  0.0269  0.0272  0.0268  0.0271  0.0267  0.0268
  0.0264  0.0264  0.0264  0.0264  0.0265  0.0264  0.0266  0.0266  0.0266  0.0266  0.0266  0.0266
  0.0269  0.0265  0.0267  0.0274  0.0274  0.0264  0.0270  0.0270  0.0268  0.0267  0.0266  0.0267
  0.0282  0.0272  0.0273  0.0298  0.0294  0.0285  0.0282  0.0284  0.0274  0.0276  0.0270  0.0272
  0.0303  0.0284  0.0284  0.0335  0.0324  0.0324  0.0298  0.0309  0.0284  0.0290  0.0276  0.0280
niter,ni,del,rscale     6    3    5.0000    1.2000
parameters
   -3.3366   23.2727   16.4070  -11.3318  -11.9017   -9.0228
    3.9778   -5.4711   -1.3026   14.0165    5.9487   -9.1579
eta,q 0.97335  9.02956
  0.0300  0.0294  0.0278  0.0300  0.0298  0.0296  0.0297  0.0311  0.0283  0.0295  0.0277  0.0281
  0.0281  0.0279  0.0270  0.0283  0.0283  0.0284  0.0281  0.0287  0.0275  0.0282  0.0272  0.0273
  0.0269  0.0270  0.0266  0.0272  0.0272  0.0274  0.0270  0.0272  0.0269  0.0273  0.0268  0.0268
  0.0266  0.0266  0.0265  0.0265  0.0265  0.0266  0.0267  0.0267  0.0267  0.0267  0.0267  0.0267
  0.0269  0.0267  0.0269  0.0266  0.0269  0.0264  0.0271  0.0272  0.0269  0.0268  0.0267  0.0269
  0.0281  0.0273  0.0275  0.0280  0.0284  0.0281  0.0281  0.0286  0.0275  0.0275  0.0270  0.0274
  0.0299  0.0284  0.0285  0.0307  0.0308  0.0319  0.0296  0.0310  0.0284  0.0288  0.0276  0.0281
niter,ni,del,rscale     5    3    5.0000    1.2000
parameters
   -3.3213   23.5335   16.1169  -11.4356  -12.3423   -9.5393
    4.0279   -5.4586   -1.3626   14.8400    6.1091   -9.2353
eta,q 0.97329  8.98817
  0.0300  0.0294  0.0278  0.0299  0.0297  0.0295  0.0297  0.0309  0.0284  0.0294  0.0277  0.0281
  0.0281  0.0280  0.0270  0.0283  0.0283  0.0283  0.0281  0.0287  0.0275  0.0282  0.0272  0.0273
  0.0270  0.0271  0.0267  0.0272  0.0272  0.0274  0.0271  0.0273  0.0270  0.0273  0.0268  0.0268
  0.0267  0.0267  0.0266  0.0266  0.0266  0.0266  0.0268  0.0268  0.0268  0.0268  0.0267  0.0267
  0.0270  0.0268  0.0269  0.0267  0.0270  0.0265  0.0271  0.0272  0.0270  0.0268  0.0268  0.0269
  0.0281  0.0274  0.0275  0.0280  0.0284  0.0280  0.0281  0.0286  0.0275  0.0274  0.0271  0.0274
  0.0299  0.0284  0.0285  0.0305  0.0307  0.0316  0.0296  0.0310  0.0285  0.0286  0.0276  0.0281
niter,ni,del,rscale     4    3    5.0000    1.2000
parameters
   -3.3139   23.8578   15.7698  -11.6255  -13.0032  -10.2225
    4.0982   -5.4613   -1.4812   15.9307    6.3265   -9.1800
eta,q 0.97326  8.92692
  0.0299  0.0295  0.0277  0.0297  0.0294  0.0293  0.0296  0.0308  0.0284  0.0294  0.0277  0.0281
  0.0281  0.0281  0.0270  0.0282  0.0281  0.0282  0.0281  0.0286  0.0276  0.0283  0.0272  0.0273
  0.0271  0.0271  0.0267  0.0272  0.0272  0.0273  0.0272  0.0273  0.0270  0.0274  0.0269  0.0269
  0.0267  0.0267  0.0267  0.0266  0.0267  0.0267  0.0269  0.0269  0.0269  0.0269  0.0267  0.0267
  0.0271  0.0268  0.0270  0.0267  0.0270  0.0266  0.0272  0.0273  0.0271  0.0268  0.0268  0.0269
  0.0281  0.0273  0.0276  0.0280  0.0284  0.0281  0.0281  0.0286  0.0276  0.0273  0.0271  0.0274
  0.0298  0.0283  0.0285  0.0304  0.0307  0.0315  0.0295  0.0308  0.0285  0.0284  0.0276  0.0280
niter,ni,del,rscale     3    3    5.0000    1.2000
parameters
   -3.3137   24.3089   15.2845  -11.9356  -14.0413  -11.2664
    4.2054   -5.4950   -1.6947   17.3614    6.4536   -8.8868
eta,q 0.97331  8.82907
  0.0298  0.0296  0.0275  0.0295  0.0289  0.0288  0.0294  0.0305  0.0284  0.0294  0.0275  0.0279
  0.0281  0.0282  0.0269  0.0279  0.0278  0.0278  0.0280  0.0285  0.0276  0.0283  0.0271  0.0273
  0.0271  0.0272  0.0266  0.0270  0.0270  0.0272  0.0272  0.0273  0.0270  0.0275  0.0268  0.0268
  0.0267  0.0267  0.0267  0.0266  0.0266  0.0267  0.0269  0.0269  0.0269  0.0269  0.0267  0.0267
  0.0271  0.0267  0.0270  0.0267  0.0271  0.0267  0.0271  0.0273  0.0271  0.0267  0.0267  0.0268
  0.0281  0.0272  0.0277  0.0279  0.0285  0.0283  0.0280  0.0285  0.0277  0.0271  0.0270  0.0272
  0.0298  0.0280  0.0286  0.0302  0.0306  0.0315  0.0292  0.0306  0.0286  0.0281  0.0275  0.0277
niter,ni,del,rscale     2    3    5.0000    1.2000
parameters
   -3.3304   24.8708   14.6902  -12.3225  -15.2800  -12.4835
    4.3172   -5.5119   -1.7979   18.5606    6.2439   -8.6091
eta,q 0.97345  8.70908
  0.0295  0.0297  0.0272  0.0292  0.0286  0.0284  0.0290  0.0302  0.0284  0.0291  0.0273  0.0276
  0.0279  0.0283  0.0267  0.0276  0.0275  0.0275  0.0278  0.0283  0.0275  0.0280  0.0269  0.0271
  0.0270  0.0272  0.0265  0.0268  0.0268  0.0269  0.0270  0.0271  0.0269  0.0272  0.0266  0.0267
  0.0267  0.0267  0.0266  0.0265  0.0265  0.0265  0.0267  0.0267  0.0267  0.0267  0.0266  0.0266
  0.0270  0.0266  0.0269  0.0267  0.0269  0.0265  0.0269  0.0271  0.0269  0.0266  0.0267  0.0267
  0.0280  0.0270  0.0276  0.0278  0.0284  0.0281  0.0277  0.0283  0.0276  0.0270  0.0270  0.0270
  0.0296  0.0278  0.0285  0.0299  0.0305  0.0311  0.0289  0.0302  0.0285  0.0281  0.0274  0.0275
niter,ni,del,rscale     1    3    5.0000    1.2000
parameters
   -3.3336   25.2963   14.2835  -12.5718  -16.0993  -13.2251
    4.3290   -5.4571   -1.7893   19.1095    5.9996   -8.5822
eta,q 0.97344  8.63108
  0.0293  0.0294  0.0273  0.0292  0.0288  0.0284  0.0288  0.0301  0.0285  0.0288  0.0273  0.0275
  0.0278  0.0280  0.0268  0.0276  0.0276  0.0275  0.0276  0.0282  0.0275  0.0277  0.0269  0.0270
  0.0269  0.0270  0.0265  0.0267  0.0268  0.0269  0.0268  0.0270  0.0268  0.0270  0.0266  0.0267
  0.0266  0.0266  0.0265  0.0265  0.0265  0.0265  0.0266  0.0266  0.0266  0.0266  0.0266  0.0266
  0.0269  0.0266  0.0268  0.0267  0.0268  0.0263  0.0269  0.0270  0.0268  0.0266  0.0267  0.0267
  0.0278  0.0270  0.0273  0.0277  0.0280  0.0275  0.0276  0.0281  0.0275  0.0272  0.0270  0.0270
  0.0293  0.0279  0.0281  0.0296  0.0301  0.0302  0.0288  0.0300  0.0285  0.0283  0.0274  0.0275
registration optimization eta report
parameter search radius
    2.4000    2.4000    2.4000    9.5220    9.5220    8.2800
    7.2000    7.2000    7.2000    7.2000    7.2000    7.2000
100000*second partial in parameter space
       48.       36.       21.        3.        3.        4.
        4.        7.        4.        4.        2.        2.
  0.0293  0.0294  0.0273  0.0292  0.0288  0.0284  0.0288  0.0301  0.0285  0.0288  0.0273  0.0275
  0.0278  0.0280  0.0268  0.0276  0.0276  0.0275  0.0276  0.0282  0.0275  0.0277  0.0269  0.0270
  0.0269  0.0270  0.0265  0.0267  0.0268  0.0269  0.0268  0.0270  0.0268  0.0270  0.0266  0.0267
  0.0266  0.0266  0.0265  0.0265  0.0265  0.0265  0.0266  0.0266  0.0266  0.0266  0.0266  0.0266
  0.0269  0.0266  0.0268  0.0267  0.0268  0.0263  0.0269  0.0270  0.0268  0.0266  0.0267  0.0267
  0.0278  0.0270  0.0273  0.0277  0.0280  0.0275  0.0276  0.0281  0.0275  0.0272  0.0270  0.0270
  0.0293  0.0279  0.0281  0.0296  0.0301  0.0302  0.0288  0.0300  0.0285  0.0283  0.0274  0.0275
   -3.3336   25.2963   14.2835  -12.5718  -16.0993  -13.2251
    4.3290   -5.4571   -1.7893   19.1095    5.9996   -8.5822
eta,q 0.97344  8.63108

---------------------------------------------------------------------
imgreg_4dfp /opt/freesurfer/average/711-2C_as_mni_average_305 /opt/freesurfer/average/711-2B_as_mni_average_305_mask talsrcimg_g11 none talsrcimg_to_711-2C_as_mni_average_305_t4 2311
---------------------------------------------------------------------

freesurfer imgreg_4dfp.c
/opt/freesurfer/average/711-2C_as_mni_average_305.4dfp.img
       256       256       256         1
  1.000000  1.000000  1.000000
orientation T byte_order littleendian
Reading image: /opt/freesurfer/average/711-2C_as_mni_average_305.4dfp.img
dimensions:      256       256       256
mmppix:       1.0000   -1.0000   -1.0000
center:     128.0000 -129.0000 -129.0000
/opt/freesurfer/average/711-2B_as_mni_average_305_mask.4dfp.img
       256       256       256         1
  1.000000  1.000000  1.000000
orientation T byte_order littleendian
Reading mask: /opt/freesurfer/average/711-2B_as_mni_average_305_mask.4dfp.img (2306576 pixels)
talsrcimg_g11.4dfp.img
       256       256       256         1
  1.000000  1.000000  1.000000
orientation T byte_order littleendian
Reading image: talsrcimg_g11.4dfp.img
dimensions:      256       256       256
mmppix:       1.0000   -1.0000   -1.0000
center:     128.0000 -129.0000 -129.0000
fimgreg.f
image alignment mode   2311 decimal      907 hex
parameters
   -3.3336   25.2963   14.2835  -12.5718  -16.0993  -13.2251
    4.3290   -5.4571   -1.7893   19.1095    5.9996   -8.5822
eta,q 0.97344  8.63108
niter,ni,del,rscale     5    3    5.0000    0.8000
parameters
   -3.3103   25.4708   14.1512  -12.7713  -15.7482  -11.4003
    4.3171   -5.2435   -1.5353   19.8180    6.7599   -9.7450
eta,q 0.97376  8.71346
  0.0278  0.0277  0.0270  0.0271  0.0273  0.0274  0.0274  0.0283  0.0273  0.0278  0.0269  0.0265
  0.0271  0.0271  0.0267  0.0268  0.0269  0.0271  0.0268  0.0272  0.0268  0.0271  0.0266  0.0263
  0.0267  0.0267  0.0266  0.0266  0.0267  0.0268  0.0264  0.0266  0.0265  0.0266  0.0264  0.0262
  0.0266  0.0266  0.0266  0.0266  0.0266  0.0265  0.0263  0.0263  0.0263  0.0263  0.0263  0.0263
  0.0267  0.0266  0.0266  0.0267  0.0266  0.0263  0.0264  0.0265  0.0264  0.0263  0.0263  0.0264
  0.0271  0.0268  0.0268  0.0269  0.0267  0.0263  0.0268  0.0270  0.0267  0.0266  0.0264  0.0266
  0.0278  0.0273  0.0272  0.0272  0.0272  0.0267  0.0274  0.0280  0.0271  0.0272  0.0266  0.0270
niter,ni,del,rscale     4    3    5.0000    0.7000
parameters
   -3.2707   25.5428   14.3352  -12.4048  -15.5902  -11.3045
    4.2286   -5.2297   -1.6286   20.0965    6.9004   -9.9256
eta,q 0.97380  8.74748
  0.0273  0.0271  0.0268  0.0268  0.0269  0.0270  0.0270  0.0276  0.0269  0.0273  0.0266  0.0266
  0.0267  0.0266  0.0265  0.0265  0.0266  0.0267  0.0265  0.0269  0.0265  0.0268  0.0264  0.0263
  0.0264  0.0263  0.0263  0.0263  0.0263  0.0265  0.0263  0.0264  0.0263  0.0264  0.0263  0.0262
  0.0262  0.0262  0.0262  0.0262  0.0262  0.0262  0.0262  0.0262  0.0262  0.0262  0.0262  0.0262
  0.0263  0.0263  0.0262  0.0263  0.0263  0.0261  0.0263  0.0263  0.0263  0.0263  0.0262  0.0263
  0.0266  0.0265  0.0264  0.0264  0.0264  0.0264  0.0266  0.0268  0.0266  0.0265  0.0263  0.0264
  0.0271  0.0269  0.0266  0.0266  0.0268  0.0272  0.0271  0.0276  0.0269  0.0271  0.0265  0.0266
niter,ni,del,rscale     3    3    5.0000    0.6000
parameters
   -3.2557   25.5385   14.3648  -12.4368  -15.6102  -11.0058
    4.2110   -5.1965   -1.6417   20.1611    6.9750  -10.0486
eta,q 0.97383  8.75759
  0.0269  0.0267  0.0266  0.0265  0.0266  0.0269  0.0268  0.0272  0.0267  0.0269  0.0264  0.0264
  0.0265  0.0264  0.0264  0.0263  0.0264  0.0266  0.0264  0.0267  0.0264  0.0265  0.0263  0.0263
  0.0263  0.0263  0.0262  0.0262  0.0263  0.0264  0.0262  0.0263  0.0262  0.0263  0.0262  0.0262
  0.0262  0.0262  0.0262  0.0262  0.0262  0.0262  0.0262  0.0262  0.0262  0.0262  0.0262  0.0262
  0.0263  0.0263  0.0262  0.0262  0.0262  0.0261  0.0262  0.0263  0.0262  0.0262  0.0262  0.0262
  0.0265  0.0265  0.0263  0.0263  0.0264  0.0263  0.0264  0.0266  0.0264  0.0265  0.0263  0.0263
  0.0269  0.0267  0.0265  0.0266  0.0267  0.0269  0.0268  0.0272  0.0267  0.0269  0.0264  0.0265
niter,ni,del,rscale     2    3    5.0000    0.5000
parameters
   -3.2453   25.5430   14.4272  -12.4388  -15.5496  -10.7160
    4.2077   -5.1788   -1.6471   20.1847    7.0426  -10.1794
eta,q 0.97387  8.77239
  0.0267  0.0266  0.0264  0.0264  0.0265  0.0267  0.0265  0.0269  0.0265  0.0267  0.0263  0.0263
  0.0264  0.0263  0.0263  0.0263  0.0263  0.0265  0.0263  0.0265  0.0263  0.0264  0.0262  0.0262
  0.0262  0.0262  0.0262  0.0262  0.0262  0.0263  0.0262  0.0262  0.0262  0.0262  0.0262  0.0261
  0.0262  0.0262  0.0262  0.0262  0.0262  0.0262  0.0261  0.0261  0.0261  0.0261  0.0261  0.0261
  0.0262  0.0262  0.0262  0.0262  0.0262  0.0261  0.0262  0.0262  0.0262  0.0262  0.0261  0.0262
  0.0264  0.0263  0.0263  0.0263  0.0263  0.0263  0.0263  0.0265  0.0263  0.0264  0.0262  0.0262
  0.0266  0.0265  0.0264  0.0264  0.0265  0.0267  0.0265  0.0269  0.0265  0.0267  0.0263  0.0263
niter,ni,del,rscale     1    3    5.0000    0.4000
parameters
   -3.2385   25.5332   14.5065  -12.4109  -15.5086  -10.4417
    4.1928   -5.1607   -1.6439   20.1713    7.0914  -10.2654
eta,q 0.97389  8.78681
  0.0265  0.0264  0.0263  0.0263  0.0263  0.0266  0.0264  0.0266  0.0263  0.0265  0.0262  0.0262
  0.0263  0.0262  0.0262  0.0262  0.0262  0.0264  0.0262  0.0263  0.0262  0.0263  0.0262  0.0262
  0.0262  0.0262  0.0262  0.0261  0.0262  0.0262  0.0261  0.0262  0.0261  0.0261  0.0261  0.0261
  0.0261  0.0261  0.0261  0.0261  0.0261  0.0261  0.0261  0.0261  0.0261  0.0261  0.0261  0.0261
  0.0262  0.0262  0.0261  0.0261  0.0261  0.0261  0.0261  0.0262  0.0261  0.0261  0.0261  0.0261
  0.0263  0.0263  0.0262  0.0262  0.0262  0.0262  0.0262  0.0263  0.0262  0.0263  0.0262  0.0262
  0.0264  0.0264  0.0263  0.0263  0.0263  0.0265  0.0264  0.0266  0.0263  0.0265  0.0262  0.0262
registration optimization eta report
parameter search radius
    0.8000    0.8000    0.8000    2.4000    2.4000    2.4000
    2.4000    2.4000    2.4000    2.4000    2.4000    2.4000
100000*second partial in parameter space
       51.       39.       26.        3.        4.        7.
        5.        9.        4.        6.        2.        2.
  0.0265  0.0264  0.0263  0.0263  0.0263  0.0266  0.0264  0.0266  0.0263  0.0265  0.0262  0.0262
  0.0263  0.0262  0.0262  0.0262  0.0262  0.0264  0.0262  0.0263  0.0262  0.0263  0.0262  0.0262
  0.0262  0.0262  0.0262  0.0261  0.0262  0.0262  0.0261  0.0262  0.0261  0.0261  0.0261  0.0261
  0.0261  0.0261  0.0261  0.0261  0.0261  0.0261  0.0261  0.0261  0.0261  0.0261  0.0261  0.0261
  0.0262  0.0262  0.0261  0.0261  0.0261  0.0261  0.0261  0.0262  0.0261  0.0261  0.0261  0.0261
  0.0263  0.0263  0.0262  0.0262  0.0262  0.0262  0.0262  0.0263  0.0262  0.0263  0.0262  0.0262
  0.0264  0.0264  0.0263  0.0263  0.0263  0.0265  0.0264  0.0266  0.0263  0.0265  0.0262  0.0262
   -3.2385   25.5332   14.5065  -12.4109  -15.5086  -10.4417
    4.1928   -5.1607   -1.6439   20.1713    7.0914  -10.2654
eta,q 0.97389  8.78681

---------------------------------------------------------------------
imgreg_4dfp /opt/freesurfer/average/711-2C_as_mni_average_305 /opt/freesurfer/average/711-2B_as_mni_average_305_mask talsrcimg_g11 none talsrcimg_to_711-2C_as_mni_average_305_t4 2311
---------------------------------------------------------------------

freesurfer imgreg_4dfp.c
/opt/freesurfer/average/711-2C_as_mni_average_305.4dfp.img
       256       256       256         1
  1.000000  1.000000  1.000000
orientation T byte_order littleendian
Reading image: /opt/freesurfer/average/711-2C_as_mni_average_305.4dfp.img
dimensions:      256       256       256
mmppix:       1.0000   -1.0000   -1.0000
center:     128.0000 -129.0000 -129.0000
/opt/freesurfer/average/711-2B_as_mni_average_305_mask.4dfp.img
       256       256       256         1
  1.000000  1.000000  1.000000
orientation T byte_order littleendian
Reading mask: /opt/freesurfer/average/711-2B_as_mni_average_305_mask.4dfp.img (2306576 pixels)
talsrcimg_g11.4dfp.img
       256       256       256         1
  1.000000  1.000000  1.000000
orientation T byte_order littleendian
Reading image: talsrcimg_g11.4dfp.img
dimensions:      256       256       256
mmppix:       1.0000   -1.0000   -1.0000
center:     128.0000 -129.0000 -129.0000
fimgreg.f
image alignment mode   2311 decimal      907 hex
parameters
   -3.2385   25.5332   14.5065  -12.4109  -15.5086  -10.4417
    4.1928   -5.1607   -1.6439   20.1713    7.0914  -10.2654
eta,q 0.97390  8.78681
niter,ni,del,rscale     5    3    5.0000    0.8000
parameters
   -3.2254   25.5391   14.6021  -12.4754  -15.8454  -11.0630
    4.1547   -5.2117   -1.7222   20.1980    6.9734   -9.8137
eta,q 0.97382  8.74538
  0.0274  0.0271  0.0269  0.0268  0.0268  0.0271  0.0272  0.0280  0.0271  0.0274  0.0266  0.0268
  0.0267  0.0265  0.0265  0.0264  0.0264  0.0267  0.0266  0.0270  0.0266  0.0268  0.0264  0.0265
  0.0263  0.0262  0.0262  0.0262  0.0262  0.0264  0.0263  0.0264  0.0263  0.0264  0.0262  0.0263
  0.0261  0.0261  0.0261  0.0261  0.0261  0.0261  0.0262  0.0262  0.0262  0.0262  0.0262  0.0262
  0.0263  0.0262  0.0262  0.0262  0.0262  0.0262  0.0263  0.0264  0.0263  0.0263  0.0262  0.0262
  0.0267  0.0265  0.0264  0.0264  0.0265  0.0270  0.0267  0.0270  0.0266  0.0267  0.0264  0.0263
  0.0274  0.0271  0.0267  0.0268  0.0271  0.0283  0.0273  0.0281  0.0271  0.0275  0.0266  0.0266
niter,ni,del,rscale     4    3    5.0000    0.7000
parameters
   -3.2486   25.5309   14.4429  -12.4932  -15.7901  -11.1775
    4.1991   -5.1979   -1.6978   20.1595    6.9564   -9.8583
eta,q 0.97382  8.74083
  0.0271  0.0269  0.0266  0.0267  0.0268  0.0270  0.0270  0.0276  0.0269  0.0271  0.0265  0.0266
  0.0266  0.0265  0.0263  0.0264  0.0265  0.0267  0.0266  0.0268  0.0265  0.0266  0.0263  0.0264
  0.0263  0.0263  0.0262  0.0262  0.0263  0.0264  0.0263  0.0264  0.0263  0.0263  0.0262  0.0262
  0.0262  0.0262  0.0262  0.0262  0.0262  0.0262  0.0262  0.0262  0.0262  0.0262  0.0262  0.0262
  0.0263  0.0263  0.0263  0.0262  0.0262  0.0261  0.0263  0.0263  0.0263  0.0263  0.0262  0.0262
  0.0266  0.0265  0.0265  0.0264  0.0264  0.0265  0.0265  0.0268  0.0265  0.0266  0.0263  0.0264
  0.0272  0.0269  0.0268  0.0267  0.0268  0.0274  0.0270  0.0276  0.0269  0.0272  0.0265  0.0266
niter,ni,del,rscale     3    3    5.0000    0.6000
parameters
   -3.2492   25.5416   14.3976  -12.4724  -15.6649  -10.9975
    4.2031   -5.1838   -1.6671   20.1776    6.9790  -10.0311
eta,q 0.97384  8.75426
  0.0269  0.0267  0.0265  0.0265  0.0266  0.0269  0.0268  0.0272  0.0267  0.0269  0.0264  0.0264
  0.0265  0.0264  0.0263  0.0263  0.0264  0.0266  0.0264  0.0267  0.0264  0.0265  0.0263  0.0263
  0.0263  0.0263  0.0262  0.0262  0.0263  0.0264  0.0262  0.0263  0.0262  0.0263  0.0262  0.0262
  0.0262  0.0262  0.0262  0.0262  0.0262  0.0262  0.0262  0.0262  0.0262  0.0262  0.0262  0.0262
  0.0263  0.0262  0.0262  0.0262  0.0262  0.0261  0.0262  0.0263  0.0262  0.0262  0.0262  0.0262
  0.0265  0.0264  0.0264  0.0263  0.0263  0.0263  0.0264  0.0266  0.0264  0.0265  0.0263  0.0263
  0.0269  0.0267  0.0266  0.0265  0.0266  0.0269  0.0268  0.0272  0.0267  0.0269  0.0264  0.0265
niter,ni,del,rscale     2    3    5.0000    0.5000
parameters
   -3.2457   25.5423   14.4330  -12.4257  -15.5613  -10.7157
    4.2054   -5.1746   -1.6369   20.1768    7.0353  -10.1718
eta,q 0.97387  8.77239
  0.0267  0.0265  0.0264  0.0264  0.0265  0.0267  0.0265  0.0269  0.0265  0.0267  0.0263  0.0263
  0.0264  0.0263  0.0263  0.0263  0.0263  0.0265  0.0263  0.0265  0.0263  0.0264  0.0262  0.0262
  0.0262  0.0262  0.0262  0.0262  0.0262  0.0263  0.0262  0.0262  0.0262  0.0262  0.0262  0.0261
  0.0262  0.0262  0.0262  0.0262  0.0262  0.0262  0.0261  0.0261  0.0261  0.0261  0.0261  0.0261
  0.0262  0.0262  0.0262  0.0262  0.0262  0.0261  0.0262  0.0262  0.0262  0.0262  0.0261  0.0262
  0.0264  0.0263  0.0263  0.0263  0.0263  0.0263  0.0263  0.0265  0.0263  0.0264  0.0262  0.0262
  0.0267  0.0265  0.0264  0.0264  0.0265  0.0267  0.0265  0.0269  0.0265  0.0267  0.0263  0.0264
niter,ni,del,rscale     1    3    5.0000    0.4000
parameters
   -3.2402   25.5302   14.5024  -12.4006  -15.5084  -10.4443
    4.1960   -5.1651   -1.6441   20.1681    7.0885  -10.2721
eta,q 0.97389  8.78722
  0.0265  0.0264  0.0263  0.0263  0.0263  0.0266  0.0264  0.0266  0.0263  0.0265  0.0262  0.0262
  0.0263  0.0262  0.0262  0.0262  0.0262  0.0264  0.0262  0.0263  0.0262  0.0263  0.0262  0.0262
  0.0262  0.0262  0.0262  0.0261  0.0262  0.0262  0.0261  0.0262  0.0261  0.0261  0.0261  0.0261
  0.0261  0.0261  0.0261  0.0261  0.0261  0.0261  0.0261  0.0261  0.0261  0.0261  0.0261  0.0261
  0.0262  0.0262  0.0261  0.0261  0.0261  0.0261  0.0261  0.0262  0.0261  0.0261  0.0261  0.0261
  0.0263  0.0262  0.0262  0.0262  0.0262  0.0262  0.0262  0.0263  0.0262  0.0263  0.0262  0.0262
  0.0264  0.0264  0.0263  0.0263  0.0263  0.0265  0.0264  0.0266  0.0263  0.0265  0.0262  0.0263
registration optimization eta report
parameter search radius
    0.8000    0.8000    0.8000    2.4000    2.4000    2.4000
    2.4000    2.4000    2.4000    2.4000    2.4000    2.4000
100000*second partial in parameter space
       50.       39.       27.        3.        4.        7.
        5.        9.        4.        6.        2.        2.
  0.0265  0.0264  0.0263  0.0263  0.0263  0.0266  0.0264  0.0266  0.0263  0.0265  0.0262  0.0262
  0.0263  0.0262  0.0262  0.0262  0.0262  0.0264  0.0262  0.0263  0.0262  0.0263  0.0262  0.0262
  0.0262  0.0262  0.0262  0.0261  0.0262  0.0262  0.0261  0.0262  0.0261  0.0261  0.0261  0.0261
  0.0261  0.0261  0.0261  0.0261  0.0261  0.0261  0.0261  0.0261  0.0261  0.0261  0.0261  0.0261
  0.0262  0.0262  0.0261  0.0261  0.0261  0.0261  0.0261  0.0262  0.0261  0.0261  0.0261  0.0261
  0.0263  0.0262  0.0262  0.0262  0.0262  0.0262  0.0262  0.0263  0.0262  0.0263  0.0262  0.0262
  0.0264  0.0264  0.0263  0.0263  0.0263  0.0265  0.0264  0.0266  0.0263  0.0265  0.0262  0.0263
   -3.2402   25.5302   14.5024  -12.4006  -15.5084  -10.4443
    4.1960   -5.1651   -1.6441   20.1681    7.0885  -10.2721
eta,q 0.97389  8.78722

---------------------------------------------------------------------
compute_vox2vox talsrcimg talsrcimg_to_711-2C_as_mni_average_305_t4 /opt/freesurfer/average/711-2C_as_mni_average_305
---------------------------------------------------------------------

freesurfer compute_vox2vox.c
Reading: talsrcimg.4dfp.ifh
Reading: talsrcimg_to_711-2C_as_mni_average_305_t4
Reading: /opt/freesurfer/average/711-2C_as_mni_average_305.4dfp.ifh
Writing: talsrcimg_to_711-2C_as_mni_average_305_t4_vox2vox.txt

start time Fri Mar 13 03:22:01 CET 2026
end		time Fri Mar 13 03:22:15 CET 2026

mpr2mni305 success

avi2talxfm orig_nu.mgz /opt/freesurfer/average/mni305.cor.mgz talsrcimg_to_711-2C_as_mni_average_305_t4_vox2vox.txt transforms/talairach.auto.xfm
avi2talxfm done
mv -f /out/sourcedata/freesurfer/sub-v2s3x28840_ses-1/mri/talsrcimg_to_711-2C_as_mni_average_305_t4_vox2vox.txt /out/sourcedata/freesurfer/sub-v2s3x28840_ses-1/mri/transforms/talsrcimg_to_711-2C_as_mni_average_305_t4_vox2vox.txt
lta_convert --src orig_nu.mgz --trg /opt/freesurfer/average/mni305.cor.mgz --inxfm transforms/talairach.auto.xfm --outlta transforms/talairach.auto.xfm.lta --subject fsaverage
7.3.2

--src: orig_nu.mgz src image (geometry).
--trg: /opt/freesurfer/average/mni305.cor.mgz trg image (geometry).
--inmni: transforms/talairach.auto.xfm input MNI/XFM transform.
--outlta: transforms/talairach.auto.xfm.lta output LTA.
--s: fsaverage subject name
 LTA read, type : 1
 1.13452   0.07604  -0.04710  -4.40851;
-0.08494   1.08117   0.13566  -39.53159;
 0.04235  -0.25660   1.15025  -13.38678;
 0.00000   0.00000   0.00000   1.00000;
setting subject to fsaverage
Writing  LTA to file transforms/talairach.auto.xfm.lta...
lta_convert successful.
 
 
Started at Fri Mar 13 03:22:01 CET 2026
Ended   at Fri Mar 13 03:22:15 CET 2026
talairach_avi done
