status file for recon-all
Fri Mar 13 02:10:09 CET 2026
#@# MotionCor Fri Mar 13 02:10:10 CET 2026
#@# Talairach Fri Mar 13 02:10:16 CET 2026
#@# Talairach Failure Detection Fri Mar 13 02:13:06 CET 2026
#@# Nu Intensity Correction Fri Mar 13 02:13:06 CET 2026
#@# Intensity Normalization Fri Mar 13 02:15:51 CET 2026
recon-all -s sub-v2s3x28817_ses-1 finished without error at Fri Mar 13 02:16:51 CET 2026



#New# invocation of recon-all 



status file for recon-all
Fri Mar 13 02:22:55 CET 2026
#@# EM Registration Fri Mar 13 02:22:55 CET 2026
recon-all -s sub-v2s3x28817_ses-1 finished without error at Fri Mar 13 02:24:10 CET 2026



#New# invocation of recon-all 



status file for recon-all
Fri Mar 13 02:24:12 CET 2026
#@# CA Normalize Fri Mar 13 02:24:12 CET 2026
#@# CA Reg Fri Mar 13 02:25:05 CET 2026
#@# SubCort Seg Fri Mar 13 03:04:04 CET 2026
#@# CC Seg Fri Mar 13 03:22:25 CET 2026
#@# Merge ASeg Fri Mar 13 03:22:54 CET 2026
#@# Intensity Normalization2 Fri Mar 13 03:22:54 CET 2026
#@# Mask BFS Fri Mar 13 03:24:25 CET 2026
#@# WM Segmentation Fri Mar 13 03:24:25 CET 2026
#@# Fill Fri Mar 13 03:25:54 CET 2026
recon-all -s sub-v2s3x28817_ses-1 finished without error at Fri Mar 13 03:26:32 CET 2026



#New# invocation of recon-all 



status file for recon-all
Fri Mar 13 03:56:26 CET 2026
#@# white curv lh Fri Mar 13 03:56:26 CET 2026
#@# white area lh Fri Mar 13 03:56:26 CET 2026
#@# pial curv lh Fri Mar 13 03:56:26 CET 2026
#@# pial area lh Fri Mar 13 03:56:26 CET 2026
#@# thickness lh Fri Mar 13 03:56:26 CET 2026
#@# area and vertex vol lh Fri Mar 13 03:56:27 CET 2026
#@# white curv rh Fri Mar 13 03:56:27 CET 2026
#@# white area rh Fri Mar 13 03:56:27 CET 2026
#@# pial curv rh Fri Mar 13 03:56:27 CET 2026
#@# pial area rh Fri Mar 13 03:56:27 CET 2026
#@# thickness rh Fri Mar 13 03:56:27 CET 2026
#@# area and vertex vol rh Fri Mar 13 03:56:27 CET 2026
#@# Cortical ribbon mask Fri Mar 13 03:56:27 CET 2026
recon-all -s sub-v2s3x28817_ses-1 finished without error at Fri Mar 13 03:58:48 CET 2026



#New# invocation of recon-all 



status file for recon-all
Fri Mar 13 04:02:54 CET 2026
#@# white curv lh Fri Mar 13 04:02:54 CET 2026
#@# white area lh Fri Mar 13 04:02:54 CET 2026
#@# pial curv lh Fri Mar 13 04:02:54 CET 2026
#@# pial area lh Fri Mar 13 04:02:54 CET 2026
#@# thickness lh Fri Mar 13 04:02:54 CET 2026
#@# area and vertex vol lh Fri Mar 13 04:02:54 CET 2026
#@# white curv rh Fri Mar 13 04:02:54 CET 2026
#@# white area rh Fri Mar 13 04:02:54 CET 2026
#@# pial curv rh Fri Mar 13 04:02:54 CET 2026
#@# pial area rh Fri Mar 13 04:02:54 CET 2026
#@# thickness rh Fri Mar 13 04:02:54 CET 2026
#@# area and vertex vol rh Fri Mar 13 04:02:54 CET 2026
#@# Curvature Stats lh Fri Mar 13 04:02:54 CET 2026
#@# Curvature Stats rh Fri Mar 13 04:02:55 CET 2026
#@# Relabel Hypointensities Fri Mar 13 04:02:57 CET 2026
#@# APas-to-ASeg Fri Mar 13 04:03:06 CET 2026
#@# AParc-to-ASeg aparc Fri Mar 13 04:03:11 CET 2026
#@# AParc-to-ASeg aparc.a2009s Fri Mar 13 04:03:26 CET 2026
#@# AParc-to-ASeg aparc.DKTatlas Fri Mar 13 04:03:42 CET 2026
#@# WMParc Fri Mar 13 04:03:58 CET 2026
#@# ASeg Stats Fri Mar 13 04:05:41 CET 2026
recon-all -s sub-v2s3x28817_ses-1 finished without error at Fri Mar 13 04:05:57 CET 2026
