status file for recon-all
Fri Mar 13 03:26:36 CET 2026
#@# Tessellate lh Fri Mar 13 03:26:36 CET 2026
#@# Smooth1 lh Fri Mar 13 03:26:39 CET 2026
#@# Inflation1 lh Fri Mar 13 03:26:40 CET 2026
#@# QSphere lh Fri Mar 13 03:26:48 CET 2026
#@# Fix Topology lh Fri Mar 13 03:27:28 CET 2026
#@# Smooth2 lh Fri Mar 13 03:31:23 CET 2026
#@# Inflation2 lh Fri Mar 13 03:31:25 CET 2026
#@# Curv .H and .K lh Fri Mar 13 03:31:33 CET 2026
#@# Sphere lh Fri Mar 13 03:32:06 CET 2026
#@# Surf Reg lh Fri Mar 13 03:34:16 CET 2026
#@# Jacobian white lh Fri Mar 13 03:36:41 CET 2026
#@# AvgCurv lh Fri Mar 13 03:36:41 CET 2026
#@# Cortical Parc lh Fri Mar 13 03:36:42 CET 2026
#@# white curv lh Fri Mar 13 03:41:03 CET 2026
#@# white area lh Fri Mar 13 03:41:04 CET 2026
#@# pial curv lh Fri Mar 13 03:41:05 CET 2026
#@# pial area lh Fri Mar 13 03:41:06 CET 2026
#@# thickness lh Fri Mar 13 03:41:06 CET 2026
#@# area and vertex vol lh Fri Mar 13 03:41:22 CET 2026
#@# Curvature Stats lh Fri Mar 13 03:41:23 CET 2026
#@# Cortical Parc 2 lh Fri Mar 13 03:41:25 CET 2026
#@# Cortical Parc 3 lh Fri Mar 13 03:41:33 CET 2026
#@# WM/GM Contrast lh Fri Mar 13 03:41:40 CET 2026
recon-all -s sub-v2s3x28817_ses-1 finished without error at Fri Mar 13 03:41:41 CET 2026



#New# invocation of recon-all 



status file for recon-all
Fri Mar 13 03:58:52 CET 2026
#@# white curv lh Fri Mar 13 03:58:52 CET 2026
#@# white area lh Fri Mar 13 03:58:52 CET 2026
#@# pial curv lh Fri Mar 13 03:58:52 CET 2026
#@# pial area lh Fri Mar 13 03:58:52 CET 2026
#@# thickness lh Fri Mar 13 03:58:52 CET 2026
#@# area and vertex vol lh Fri Mar 13 03:58:52 CET 2026
#@# Parcellation Stats lh Fri Mar 13 03:58:52 CET 2026
#@# Parcellation Stats 2 lh Fri Mar 13 03:59:03 CET 2026
#@# Parcellation Stats 3 lh Fri Mar 13 03:59:09 CET 2026
#@# BA_exvivo Labels lh Fri Mar 13 03:59:15 CET 2026
recon-all -s sub-v2s3x28817_ses-1 finished without error at Fri Mar 13 04:00:50 CET 2026
