status file for recon-all
Fri Mar 13 00:24:29 CET 2026
#@# Tessellate lh Fri Mar 13 00:24:29 CET 2026
#@# Smooth1 lh Fri Mar 13 00:24:32 CET 2026
#@# Inflation1 lh Fri Mar 13 00:24:33 CET 2026
#@# QSphere lh Fri Mar 13 00:24:40 CET 2026
#@# Fix Topology lh Fri Mar 13 00:25:21 CET 2026
#@# Smooth2 lh Fri Mar 13 00:28:54 CET 2026
#@# Inflation2 lh Fri Mar 13 00:28:55 CET 2026
#@# Curv .H and .K lh Fri Mar 13 00:29:03 CET 2026
#@# Sphere lh Fri Mar 13 00:29:35 CET 2026
#@# Surf Reg lh Fri Mar 13 00:31:07 CET 2026
#@# Jacobian white lh Fri Mar 13 00:33:28 CET 2026
#@# AvgCurv lh Fri Mar 13 00:33:28 CET 2026
#@# Cortical Parc lh Fri Mar 13 00:33:29 CET 2026
#@# white curv lh Fri Mar 13 00:37:52 CET 2026
#@# white area lh Fri Mar 13 00:37:53 CET 2026
#@# pial curv lh Fri Mar 13 00:37:53 CET 2026
#@# pial area lh Fri Mar 13 00:37:54 CET 2026
#@# thickness lh Fri Mar 13 00:37:55 CET 2026
#@# area and vertex vol lh Fri Mar 13 00:38:11 CET 2026
#@# Curvature Stats lh Fri Mar 13 00:38:12 CET 2026
#@# Cortical Parc 2 lh Fri Mar 13 00:38:13 CET 2026
#@# Cortical Parc 3 lh Fri Mar 13 00:38:22 CET 2026
#@# WM/GM Contrast lh Fri Mar 13 00:38:28 CET 2026
recon-all -s sub-v2s3x28743_ses-1 finished without error at Fri Mar 13 00:38:30 CET 2026



#New# invocation of recon-all 



status file for recon-all
Fri Mar 13 00:55:23 CET 2026
#@# white curv lh Fri Mar 13 00:55:23 CET 2026
#@# white area lh Fri Mar 13 00:55:23 CET 2026
#@# pial curv lh Fri Mar 13 00:55:23 CET 2026
#@# pial area lh Fri Mar 13 00:55:23 CET 2026
#@# thickness lh Fri Mar 13 00:55:24 CET 2026
#@# area and vertex vol lh Fri Mar 13 00:55:24 CET 2026
#@# Parcellation Stats lh Fri Mar 13 00:55:24 CET 2026
#@# Parcellation Stats 2 lh Fri Mar 13 00:55:35 CET 2026
#@# Parcellation Stats 3 lh Fri Mar 13 00:55:41 CET 2026
#@# BA_exvivo Labels lh Fri Mar 13 00:55:47 CET 2026
recon-all -s sub-v2s3x28743_ses-1 finished without error at Fri Mar 13 00:57:24 CET 2026
