status file for recon-all
Thu Mar 12 23:13:30 CET 2026
#@# MotionCor Thu Mar 12 23:13:31 CET 2026
#@# Talairach Thu Mar 12 23:13:37 CET 2026
#@# Talairach Failure Detection Thu Mar 12 23:16:27 CET 2026
#@# Nu Intensity Correction Thu Mar 12 23:16:27 CET 2026
#@# Intensity Normalization Thu Mar 12 23:19:15 CET 2026
recon-all -s sub-v2s3x28743_ses-1 finished without error at Thu Mar 12 23:20:13 CET 2026



#New# invocation of recon-all 



status file for recon-all
Thu Mar 12 23:26:31 CET 2026
#@# EM Registration Thu Mar 12 23:26:31 CET 2026
recon-all -s sub-v2s3x28743_ses-1 finished without error at Thu Mar 12 23:27:49 CET 2026



#New# invocation of recon-all 



status file for recon-all
Thu Mar 12 23:27:52 CET 2026
#@# CA Normalize Thu Mar 12 23:27:52 CET 2026
#@# CA Reg Thu Mar 12 23:28:45 CET 2026
#@# SubCort Seg Fri Mar 13 00:02:47 CET 2026
#@# CC Seg Fri Mar 13 00:20:27 CET 2026
#@# Merge ASeg Fri Mar 13 00:20:55 CET 2026
#@# Intensity Normalization2 Fri Mar 13 00:20:55 CET 2026
#@# Mask BFS Fri Mar 13 00:22:23 CET 2026
#@# WM Segmentation Fri Mar 13 00:22:23 CET 2026
#@# Fill Fri Mar 13 00:23:47 CET 2026
recon-all -s sub-v2s3x28743_ses-1 finished without error at Fri Mar 13 00:24:25 CET 2026



#New# invocation of recon-all 



status file for recon-all
Fri Mar 13 00:52:39 CET 2026
#@# white curv lh Fri Mar 13 00:52:39 CET 2026
#@# white area lh Fri Mar 13 00:52:39 CET 2026
#@# pial curv lh Fri Mar 13 00:52:39 CET 2026
#@# pial area lh Fri Mar 13 00:52:39 CET 2026
#@# thickness lh Fri Mar 13 00:52:39 CET 2026
#@# area and vertex vol lh Fri Mar 13 00:52:39 CET 2026
#@# white curv rh Fri Mar 13 00:52:39 CET 2026
#@# white area rh Fri Mar 13 00:52:39 CET 2026
#@# pial curv rh Fri Mar 13 00:52:39 CET 2026
#@# pial area rh Fri Mar 13 00:52:39 CET 2026
#@# thickness rh Fri Mar 13 00:52:39 CET 2026
#@# area and vertex vol rh Fri Mar 13 00:52:39 CET 2026
#@# Cortical ribbon mask Fri Mar 13 00:52:39 CET 2026
recon-all -s sub-v2s3x28743_ses-1 finished without error at Fri Mar 13 00:55:19 CET 2026



#New# invocation of recon-all 



status file for recon-all
Fri Mar 13 00:59:37 CET 2026
#@# white curv lh Fri Mar 13 00:59:37 CET 2026
#@# white area lh Fri Mar 13 00:59:37 CET 2026
#@# pial curv lh Fri Mar 13 00:59:37 CET 2026
#@# pial area lh Fri Mar 13 00:59:37 CET 2026
#@# thickness lh Fri Mar 13 00:59:37 CET 2026
#@# area and vertex vol lh Fri Mar 13 00:59:37 CET 2026
#@# white curv rh Fri Mar 13 00:59:37 CET 2026
#@# white area rh Fri Mar 13 00:59:37 CET 2026
#@# pial curv rh Fri Mar 13 00:59:37 CET 2026
#@# pial area rh Fri Mar 13 00:59:37 CET 2026
#@# thickness rh Fri Mar 13 00:59:37 CET 2026
#@# area and vertex vol rh Fri Mar 13 00:59:37 CET 2026
#@# Curvature Stats lh Fri Mar 13 00:59:37 CET 2026
#@# Curvature Stats rh Fri Mar 13 00:59:39 CET 2026
#@# Relabel Hypointensities Fri Mar 13 00:59:40 CET 2026
#@# APas-to-ASeg Fri Mar 13 00:59:50 CET 2026
#@# AParc-to-ASeg aparc Fri Mar 13 00:59:55 CET 2026
#@# AParc-to-ASeg aparc.a2009s Fri Mar 13 01:00:14 CET 2026
#@# AParc-to-ASeg aparc.DKTatlas Fri Mar 13 01:00:33 CET 2026
#@# WMParc Fri Mar 13 01:00:51 CET 2026
#@# ASeg Stats Fri Mar 13 01:02:39 CET 2026
recon-all -s sub-v2s3x28743_ses-1 finished without error at Fri Mar 13 01:02:55 CET 2026
