status file for recon-all
Fri Mar 13 02:19:37 CET 2026
#@# MotionCor Fri Mar 13 02:19:39 CET 2026
#@# Talairach Fri Mar 13 02:19:44 CET 2026
#@# Talairach Failure Detection Fri Mar 13 02:22:35 CET 2026
#@# Nu Intensity Correction Fri Mar 13 02:22:35 CET 2026
#@# Intensity Normalization Fri Mar 13 02:25:20 CET 2026
recon-all -s sub-v2s3x28821_ses-1 finished without error at Fri Mar 13 02:26:28 CET 2026



#New# invocation of recon-all 



status file for recon-all
Fri Mar 13 02:32:43 CET 2026
#@# EM Registration Fri Mar 13 02:32:43 CET 2026
recon-all -s sub-v2s3x28821_ses-1 finished without error at Fri Mar 13 02:33:49 CET 2026



#New# invocation of recon-all 



status file for recon-all
Fri Mar 13 02:33:53 CET 2026
#@# CA Normalize Fri Mar 13 02:33:53 CET 2026
#@# CA Reg Fri Mar 13 02:34:48 CET 2026
#@# SubCort Seg Fri Mar 13 03:06:22 CET 2026
#@# CC Seg Fri Mar 13 03:27:30 CET 2026
#@# Merge ASeg Fri Mar 13 03:27:52 CET 2026
#@# Intensity Normalization2 Fri Mar 13 03:27:52 CET 2026
#@# Mask BFS Fri Mar 13 03:29:29 CET 2026
#@# WM Segmentation Fri Mar 13 03:29:29 CET 2026
#@# Fill Fri Mar 13 03:31:04 CET 2026
recon-all -s sub-v2s3x28821_ses-1 finished without error at Fri Mar 13 03:31:41 CET 2026



#New# invocation of recon-all 



status file for recon-all
Fri Mar 13 04:06:42 CET 2026
#@# white curv lh Fri Mar 13 04:06:42 CET 2026
#@# white area lh Fri Mar 13 04:06:42 CET 2026
#@# pial curv lh Fri Mar 13 04:06:42 CET 2026
#@# pial area lh Fri Mar 13 04:06:42 CET 2026
#@# thickness lh Fri Mar 13 04:06:42 CET 2026
#@# area and vertex vol lh Fri Mar 13 04:06:42 CET 2026
#@# white curv rh Fri Mar 13 04:06:42 CET 2026
#@# white area rh Fri Mar 13 04:06:42 CET 2026
#@# pial curv rh Fri Mar 13 04:06:42 CET 2026
#@# pial area rh Fri Mar 13 04:06:42 CET 2026
#@# thickness rh Fri Mar 13 04:06:42 CET 2026
#@# area and vertex vol rh Fri Mar 13 04:06:42 CET 2026
#@# Cortical ribbon mask Fri Mar 13 04:06:42 CET 2026
recon-all -s sub-v2s3x28821_ses-1 finished without error at Fri Mar 13 04:12:40 CET 2026



#New# invocation of recon-all 



status file for recon-all
Fri Mar 13 04:18:09 CET 2026
#@# white curv lh Fri Mar 13 04:18:09 CET 2026
#@# white area lh Fri Mar 13 04:18:09 CET 2026
#@# pial curv lh Fri Mar 13 04:18:09 CET 2026
#@# pial area lh Fri Mar 13 04:18:09 CET 2026
#@# thickness lh Fri Mar 13 04:18:09 CET 2026
#@# area and vertex vol lh Fri Mar 13 04:18:09 CET 2026
#@# white curv rh Fri Mar 13 04:18:09 CET 2026
#@# white area rh Fri Mar 13 04:18:09 CET 2026
#@# pial curv rh Fri Mar 13 04:18:09 CET 2026
#@# pial area rh Fri Mar 13 04:18:09 CET 2026
#@# thickness rh Fri Mar 13 04:18:09 CET 2026
#@# area and vertex vol rh Fri Mar 13 04:18:09 CET 2026
#@# Curvature Stats lh Fri Mar 13 04:18:09 CET 2026
#@# Curvature Stats rh Fri Mar 13 04:18:10 CET 2026
#@# Relabel Hypointensities Fri Mar 13 04:18:12 CET 2026
#@# APas-to-ASeg Fri Mar 13 04:18:23 CET 2026
#@# AParc-to-ASeg aparc Fri Mar 13 04:18:29 CET 2026
#@# AParc-to-ASeg aparc.a2009s Fri Mar 13 04:19:00 CET 2026
#@# AParc-to-ASeg aparc.DKTatlas Fri Mar 13 04:19:31 CET 2026
#@# WMParc Fri Mar 13 04:20:04 CET 2026
#@# ASeg Stats Fri Mar 13 04:21:47 CET 2026
recon-all -s sub-v2s3x28821_ses-1 finished without error at Fri Mar 13 04:22:03 CET 2026
