status file for recon-all
Fri Mar 13 03:49:21 CET 2026
#@# Tessellate rh Fri Mar 13 03:49:21 CET 2026
#@# Smooth1 rh Fri Mar 13 03:49:23 CET 2026
#@# Inflation1 rh Fri Mar 13 03:49:25 CET 2026
#@# QSphere rh Fri Mar 13 03:49:34 CET 2026
#@# Fix Topology rh Fri Mar 13 03:50:29 CET 2026
#@# Smooth2 rh Fri Mar 13 03:54:47 CET 2026
#@# Inflation2 rh Fri Mar 13 03:54:49 CET 2026
#@# Curv .H and .K rh Fri Mar 13 03:54:58 CET 2026
#@# Sphere rh Fri Mar 13 03:55:41 CET 2026
#@# Surf Reg rh Fri Mar 13 03:57:24 CET 2026
#@# Jacobian white rh Fri Mar 13 04:00:22 CET 2026
#@# AvgCurv rh Fri Mar 13 04:00:23 CET 2026
#@# Cortical Parc rh Fri Mar 13 04:00:24 CET 2026
#@# white curv rh Fri Mar 13 04:05:45 CET 2026
#@# white area rh Fri Mar 13 04:05:46 CET 2026
#@# pial curv rh Fri Mar 13 04:05:47 CET 2026
#@# pial area rh Fri Mar 13 04:05:49 CET 2026
#@# thickness rh Fri Mar 13 04:05:49 CET 2026
#@# area and vertex vol rh Fri Mar 13 04:06:11 CET 2026
#@# Curvature Stats rh Fri Mar 13 04:06:12 CET 2026
#@# Cortical Parc 2 rh Fri Mar 13 04:06:14 CET 2026
#@# Cortical Parc 3 rh Fri Mar 13 04:06:25 CET 2026
#@# WM/GM Contrast rh Fri Mar 13 04:06:34 CET 2026
recon-all -s sub-v2s3x28821_ses-1 finished without error at Fri Mar 13 04:06:36 CET 2026



#New# invocation of recon-all 



status file for recon-all
Fri Mar 13 04:15:24 CET 2026
#@# white curv rh Fri Mar 13 04:15:24 CET 2026
#@# white area rh Fri Mar 13 04:15:24 CET 2026
#@# pial curv rh Fri Mar 13 04:15:24 CET 2026
#@# pial area rh Fri Mar 13 04:15:24 CET 2026
#@# thickness rh Fri Mar 13 04:15:24 CET 2026
#@# area and vertex vol rh Fri Mar 13 04:15:24 CET 2026
#@# Parcellation Stats rh Fri Mar 13 04:15:24 CET 2026
#@# Parcellation Stats 2 rh Fri Mar 13 04:15:42 CET 2026
#@# Parcellation Stats 3 rh Fri Mar 13 04:15:51 CET 2026
#@# BA_exvivo Labels rh Fri Mar 13 04:16:01 CET 2026
recon-all -s sub-v2s3x28821_ses-1 finished without error at Fri Mar 13 04:18:04 CET 2026
