/out/sourcedata/freesurfer/sub-v2s3x28821_ses-1/mri
/opt/freesurfer/bin/talairach_avi
--i orig_nu.mgz --xfm transforms/talairach.auto.xfm
talairach_avi 7.3.2
Linux dna079 5.14.0-427.37.1.el9_4.x86_64 #1 SMP PREEMPT_DYNAMIC Fri Sep 13 12:41:50 EDT 2024 x86_64 x86_64 x86_64 GNU/Linux
Fri Mar 13 02:22:18 CET 2026
mri_convert orig_nu.mgz talsrcimg.img 
reading from orig_nu.mgz...
TR=0.00, TE=0.00, TI=0.00, flip angle=0.00
i_ras = (-1, 0, 0)
j_ras = (0, 0, -1)
k_ras = (0, 1, 0)
writing to talsrcimg.img...
Analyze Output Matrix
-1.00000   0.00000   0.00000   140.92085;
 0.00000   0.00000   1.00000  -94.71063;
 0.00000  -1.00000   0.00000   128.31551;
 0.00000   0.00000   0.00000   1.00000;
--------------------
INFO: set hdr.hist.orient to -1
mpr2mni305 talsrcimg
Fri Mar 13 02:22:18 CET 2026
/opt/freesurfer/bin/mpr2mni305 talsrcimg
mpr2mni305 7.3.2
target=711-2C_as_mni_average_305

---------------------------------------------------------------------
analyzeto4dfp talsrcimg -O0 -y
---------------------------------------------------------------------

freesurfer ifh2hdr.c
Fri Mar 13 02:22:18 2026
Writing: talsrcimg.4dfp.hdr
freesurfer analyzeto4dfp.c
Reading: talsrcimg.hdr
header size 348 bytes
hdr.dime.datatype	offset=70	value=2
hdr.dime.bitpix		offset=72	value=8
hdr.hist.orient		offset=252	value=-1
dimensionality     4
dimensions       256       256       256         1
Reading: talsrcimg.img
Writing: talsrcimg.4dfp.img
Writing: talsrcimg.4dfp.ifh
ifh2hdr talsrcimg -r0to228
ori=2

---------------------------------------------------------------------
gauss_4dfp talsrcimg 1.1
---------------------------------------------------------------------

freesurfer gauss_4dfp.c
Reading: talsrcimg.4dfp.img
Writing: talsrcimg_g11.4dfp.img
image dimensions 256 256 256 padded to 288 288 288
processing volume 1freesurfer ifh2hdr.c
Fri Mar 13 02:22:20 2026
Writing: talsrcimg_g11.4dfp.hdr

Writing: talsrcimg_g11.4dfp.ifh
including: talsrcimg.4dfp.img.rec in talsrcimg_g11.4dfp.img.rec

---------------------------------------------------------------------
imgreg_4dfp /opt/freesurfer/average/711-2C_as_mni_average_305 none talsrcimg_g11 none talsrcimg_to_711-2C_as_mni_average_305_t4 4355
---------------------------------------------------------------------

freesurfer imgreg_4dfp.c
/opt/freesurfer/average/711-2C_as_mni_average_305.4dfp.img
       256       256       256         1
  1.000000  1.000000  1.000000
orientation T byte_order littleendian
Reading image: /opt/freesurfer/average/711-2C_as_mni_average_305.4dfp.img
dimensions:      256       256       256
mmppix:       1.0000   -1.0000   -1.0000
center:     128.0000 -129.0000 -129.0000
talsrcimg_g11.4dfp.img
       256       256       256         1
  1.000000  1.000000  1.000000
orientation T byte_order littleendian
Reading image: talsrcimg_g11.4dfp.img
dimensions:      256       256       256
mmppix:       1.0000   -1.0000   -1.0000
center:     128.0000 -129.0000 -129.0000
t4_read: open error in t4_sub.f l:  41 t4_file(1:l)talsrcimg_to_711-2C_as_mni_average_305_t4 
t4_read: transform initialized to I4
rotation matrix determinant  1.000000
image alignment mode   4355 decimal     1103 hex
   -7.5000  -45.0000  -45.0000 4797.1895   15.9509
    0.0000  -45.0000  -45.0000 5009.9814   15.9966
    7.5000  -45.0000  -45.0000 4831.7456   15.9964
   -7.5000  -37.5000  -45.0000 5394.0557   15.2159
    0.0000  -37.5000  -45.0000 5645.2251   15.2633
    7.5000  -37.5000  -45.0000 5434.2163   15.2626
   -7.5000  -30.0000  -45.0000 6229.1890   14.6367
    0.0000  -30.0000  -45.0000 6519.9507   14.6840
    7.5000  -30.0000  -45.0000 6272.2388   14.6880
   -7.5000  -22.5000  -45.0000 7155.6914   14.2078
    0.0000  -22.5000  -45.0000 7498.7373   14.2517
    7.5000  -22.5000  -45.0000 7204.0835   14.2559
   -7.5000  -15.0000  -45.0000 8185.1987   13.9178
    0.0000  -15.0000  -45.0000 8605.2617   13.9614
    7.5000  -15.0000  -45.0000 8228.2139   13.9625
   -7.5000   -7.5000  -45.0000 9276.6279   13.8183
    0.0000   -7.5000  -45.0000 9757.4150   13.8621
    7.5000   -7.5000  -45.0000 9328.1562   13.8594
   -7.5000    0.0000  -45.000010408.0264   13.8363
    0.0000    0.0000  -45.000010926.0752   13.8797
    7.5000    0.0000  -45.000010434.9434   13.8755
   -7.5000    7.5000  -45.000010674.5967   13.8578
    0.0000    7.5000  -45.000011199.0820   13.9013
    7.5000    7.5000  -45.000010692.1172   13.8997
   -7.5000   15.0000  -45.000010769.9707   13.8474
    0.0000   15.0000  -45.000011296.0986   13.8909
    7.5000   15.0000  -45.000010801.5645   13.8933
   -7.5000   22.5000  -45.000010753.7812   13.8089
    0.0000   22.5000  -45.000011286.7393   13.8524
    7.5000   22.5000  -45.000010750.2158   13.8557
   -7.5000   30.0000  -45.000010636.2305   13.6067
    0.0000   30.0000  -45.000011171.1279   13.6498
    7.5000   30.0000  -45.000010626.7305   13.6506
   -7.5000   37.5000  -45.000010849.0996   13.6183
    0.0000   37.5000  -45.000011397.6338   13.6616
    7.5000   37.5000  -45.000010855.8691   13.6589
   -7.5000   45.0000  -45.000010628.0146   13.3053
    0.0000   45.0000  -45.000011166.4189   13.3470
    7.5000   45.0000  -45.000010634.2705   13.3430
   -7.5000  -45.0000  -37.5000 5122.1460   15.9338
    0.0000  -45.0000  -37.5000 5348.7114   15.9809
    7.5000  -45.0000  -37.5000 5156.0166   15.9840
   -7.5000  -37.5000  -37.5000 5745.4082   15.2005
    0.0000  -37.5000  -37.5000 6003.0830   15.2481
    7.5000  -37.5000  -37.5000 5777.0649   15.2502
   -7.5000  -30.0000  -37.5000 6610.5273   14.6198
    0.0000  -30.0000  -37.5000 6938.4150   14.6648
    7.5000  -30.0000  -37.5000 6654.9468   14.6696
   -7.5000  -22.5000  -37.5000 7603.4614   14.1880
    0.0000  -22.5000  -37.5000 8001.1826   14.2311
    7.5000  -22.5000  -37.5000 7657.1499   14.2356
   -7.5000  -15.0000  -37.5000 8709.3887   13.8955
    0.0000  -15.0000  -37.5000 9163.5957   13.9397
    7.5000  -15.0000  -37.5000 8766.3330   13.9423
   -7.5000   -7.5000  -37.5000 9909.4922   13.7965
    0.0000   -7.5000  -37.500010398.1797   13.8417
    7.5000   -7.5000  -37.5000 9930.5088   13.8429
   -7.5000    0.0000  -37.500011069.4736   13.8196
    0.0000    0.0000  -37.500011611.1992   13.8640
    7.5000    0.0000  -37.500011094.9961   13.8640
   -7.5000    7.5000  -37.500011326.9854   13.8455
    0.0000    7.5000  -37.500011883.4043   13.8883
    7.5000    7.5000  -37.500011367.9463   13.8891
   -7.5000   15.0000  -37.500011425.1406   13.8341
    0.0000   15.0000  -37.500011976.4980   13.8762
    7.5000   15.0000  -37.500011451.8408   13.8792
   -7.5000   22.5000  -37.500011401.8262   13.7910
    0.0000   22.5000  -37.500011948.6562   13.8336
    7.5000   22.5000  -37.500011385.2705   13.8372
   -7.5000   30.0000  -37.500011288.7012   13.5849
    0.0000   30.0000  -37.500011844.9375   13.6285
    7.5000   30.0000  -37.500011272.9512   13.6309
   -7.5000   37.5000  -37.500011505.9062   13.5969
    0.0000   37.5000  -37.500012061.3066   13.6415
    7.5000   37.5000  -37.500011493.6660   13.6426
   -7.5000   45.0000  -37.500011227.8857   13.2892
    0.0000   45.0000  -37.500011779.8457   13.3319
    7.5000   45.0000  -37.500011213.9951   13.3319
   -7.5000  -45.0000  -30.0000 5510.7847   16.5879
    0.0000  -45.0000  -30.0000 5768.9194   16.6384
    7.5000  -45.0000  -30.0000 5539.6533   16.6389
   -7.5000  -37.5000  -30.0000 6158.6460   15.8229
    0.0000  -37.5000  -30.0000 6449.9292   15.8727
    7.5000  -37.5000  -30.0000 6184.1108   15.8758
   -7.5000  -30.0000  -30.0000 7092.7803   15.2163
    0.0000  -30.0000  -30.0000 7444.9717   15.2620
    7.5000  -30.0000  -30.0000 7131.0796   15.2710
   -7.5000  -22.5000  -30.0000 8161.8452   14.7695
    0.0000  -22.5000  -30.0000 8585.1162   14.8127
    7.5000  -22.5000  -30.0000 8229.1143   14.8191
   -7.5000  -15.0000  -30.0000 9373.6826   14.4662
    0.0000  -15.0000  -30.0000 9844.4600   14.5104
    7.5000  -15.0000  -30.0000 9432.4463   14.5116
   -7.5000   -7.5000  -30.000010646.6270   14.3610
    0.0000   -7.5000  -30.000011185.2900   14.4077
    7.5000   -7.5000  -30.000010695.9180   14.4063
   -7.5000    0.0000  -30.000011858.6123   14.3832
    0.0000    0.0000  -30.000012464.3613   14.4301
    7.5000    0.0000  -30.000011917.7812   14.4288
   -7.5000    7.5000  -30.000012133.3076   14.4105
    0.0000    7.5000  -30.000012746.3691   14.4555
    7.5000    7.5000  -30.000012186.5391   14.4578
   -7.5000   15.0000  -30.000012224.2676   14.3999
    0.0000   15.0000  -30.000012821.1650   14.4431
    7.5000   15.0000  -30.000012259.5059   14.4499
   -7.5000   22.5000  -30.000012205.2637   14.3552
    0.0000   22.5000  -30.000012811.3906   14.3979
    7.5000   22.5000  -30.000012201.4023   14.4033
   -7.5000   30.0000  -30.000012116.6045   14.1441
    0.0000   30.0000  -30.000012705.5898   14.1877
    7.5000   30.0000  -30.000012081.1133   14.1887
   -7.5000   37.5000  -30.000012321.0732   14.1545
    0.0000   37.5000  -30.000012923.6846   14.2007
    7.5000   37.5000  -30.000012279.0078   14.1993
   -7.5000   45.0000  -30.000011994.0723   13.8413
    0.0000   45.0000  -30.000012584.4209   13.8865
    7.5000   45.0000  -30.000011972.5566   13.8852
   -7.5000  -45.0000  -22.5000 5856.7979   17.1593
    0.0000  -45.0000  -22.5000 6130.6968   17.2097
    7.5000  -45.0000  -22.5000 5878.2295   17.2011
   -7.5000  -37.5000  -22.5000 6534.4976   16.3638
    0.0000  -37.5000  -22.5000 6850.0664   16.4139
    7.5000  -37.5000  -22.5000 6563.4185   16.4132
   -7.5000  -30.0000  -22.5000 7554.0781   15.7379
    0.0000  -30.0000  -22.5000 7939.1533   15.7854
    7.5000  -30.0000  -22.5000 7614.5479   15.7970
   -7.5000  -22.5000  -22.5000 8741.1924   15.2844
    0.0000  -22.5000  -22.5000 9194.3281   15.3277
    7.5000  -22.5000  -22.5000 8809.5615   15.3350
   -7.5000  -15.0000  -22.500010027.2256   14.9762
    0.0000  -15.0000  -22.500010559.6963   15.0192
    7.5000  -15.0000  -22.500010102.0781   15.0157
   -7.5000   -7.5000  -22.500011362.9805   14.8633
    0.0000   -7.5000  -22.500011965.4502   14.9089
    7.5000   -7.5000  -22.500011437.6543   14.8987
   -7.5000    0.0000  -22.500012640.1992   14.8762
    0.0000    0.0000  -22.500013297.3828   14.9231
    7.5000    0.0000  -22.500012710.6895   14.9135
   -7.5000    7.5000  -22.500012922.9932   14.8990
    0.0000    7.5000  -22.500013596.7129   14.9453
    7.5000    7.5000  -22.500012994.4150   14.9452
   -7.5000   15.0000  -22.500013037.6221   14.8915
    0.0000   15.0000  -22.500013687.7012   14.9364
    7.5000   15.0000  -22.500013078.2793   14.9456
   -7.5000   22.5000  -22.500012999.0811   14.8536
    0.0000   22.5000  -22.500013661.0088   14.8964
    7.5000   22.5000  -22.500013020.4082   14.9026
   -7.5000   30.0000  -22.500012880.4756   14.6448
    0.0000   30.0000  -22.500013529.1416   14.6872
    7.5000   30.0000  -22.500012852.0566   14.6837
   -7.5000   37.5000  -22.500013045.8672   14.6520
    0.0000   37.5000  -22.500013717.5088   14.6970
    7.5000   37.5000  -22.500012995.6963   14.6869
   -7.5000   45.0000  -22.500012701.7773   14.3266
    0.0000   45.0000  -22.500013384.7354   14.3717
    7.5000   45.0000  -22.500012687.0449   14.3624
   -7.5000  -45.0000  -15.0000 6182.5093   17.5873
    0.0000  -45.0000  -15.0000 6465.7969   17.6356
    7.5000  -45.0000  -15.0000 6217.5728   17.6214
   -7.5000  -37.5000  -15.0000 6901.2622   16.7702
    0.0000  -37.5000  -15.0000 7248.7407   16.8192
    7.5000  -37.5000  -15.0000 6934.7466   16.8135
   -7.5000  -30.0000  -15.0000 8022.1978   16.1317
    0.0000  -30.0000  -15.0000 8461.3242   16.1812
    7.5000  -30.0000  -15.0000 8096.0083   16.1905
   -7.5000  -22.5000  -15.0000 9340.4473   15.6723
    0.0000  -22.5000  -15.0000 9847.0771   15.7170
    7.5000  -22.5000  -15.0000 9406.8662   15.7225
   -7.5000  -15.0000  -15.000010707.3867   15.3605
    0.0000  -15.0000  -15.000011295.0117   15.4034
    7.5000  -15.0000  -15.000010799.4014   15.3968
   -7.5000   -7.5000  -15.000012082.8594   15.2429
    0.0000   -7.5000  -15.000012725.4619   15.2871
    7.5000   -7.5000  -15.000012180.8662   15.2714
   -7.5000    0.0000  -15.000013417.7373   15.2483
    0.0000    0.0000  -15.000014101.7061   15.2939
    7.5000    0.0000  -15.000013519.8418   15.2781
   -7.5000    7.5000  -15.000013703.0596   15.2663
    0.0000    7.5000  -15.000014407.9336   15.3128
    7.5000    7.5000  -15.000013800.8916   15.3086
   -7.5000   15.0000  -15.000013808.4785   15.2610
    0.0000   15.0000  -15.000014526.0664   15.3073
    7.5000   15.0000  -15.000013880.8965   15.3143
   -7.5000   22.5000  -15.000013792.3311   15.2283
    0.0000   22.5000  -15.000014512.0898   15.2724
    7.5000   22.5000  -15.000013826.3809   15.2770
   -7.5000   30.0000  -15.000013632.1553   15.0225
    0.0000   30.0000  -15.000014322.9971   15.0650
    7.5000   30.0000  -15.000013582.2842   15.0585
   -7.5000   37.5000  -15.000013788.8945   15.0282
    0.0000   37.5000  -15.000014502.3818   15.0720
    7.5000   37.5000  -15.000013712.8711   15.0564
   -7.5000   45.0000  -15.000013399.0742   14.6938
    0.0000   45.0000  -15.000014131.1650   14.7377
    7.5000   45.0000  -15.000013373.5479   14.7225
   -7.5000  -45.0000   -7.5000 6498.7544   17.8080
    0.0000  -45.0000   -7.5000 6813.9756   17.8569
    7.5000  -45.0000   -7.5000 6542.6328   17.8480
   -7.5000  -37.5000   -7.5000 7313.2280   16.9836
    0.0000  -37.5000   -7.5000 7677.8506   17.0343
    7.5000  -37.5000   -7.5000 7353.2783   17.0292
   -7.5000  -30.0000   -7.5000 8506.5449   16.3381
    0.0000  -30.0000   -7.5000 8969.6484   16.3902
    7.5000  -30.0000   -7.5000 8584.2676   16.3960
   -7.5000  -22.5000   -7.5000 9889.0176   15.8675
    0.0000  -22.5000   -7.500010450.8936   15.9149
    7.5000  -22.5000   -7.5000 9988.3232   15.9192
   -7.5000  -15.0000   -7.500011322.4346   15.5490
    0.0000  -15.0000   -7.500011967.5889   15.5949
    7.5000  -15.0000   -7.500011450.9746   15.5911
   -7.5000   -7.5000   -7.500012803.0547   15.4338
    0.0000   -7.5000   -7.500013459.2871   15.4799
    7.5000   -7.5000   -7.500012903.2734   15.4685
   -7.5000    0.0000   -7.500014216.3066   15.4440
    0.0000    0.0000   -7.500014899.8887   15.4907
    7.5000    0.0000   -7.500014341.7646   15.4782
   -7.5000    7.5000   -7.500014503.2090   15.4629
    0.0000    7.5000   -7.500015189.1680   15.5107
    7.5000    7.5000   -7.500014618.8428   15.5062
   -7.5000   15.0000   -7.500014617.5947   15.4550
    0.0000   15.0000   -7.500015293.1748   15.5030
    7.5000   15.0000   -7.500014715.5322   15.5070
   -7.5000   22.5000   -7.500014666.4453   15.4160
    0.0000   22.5000   -7.500015416.8623   15.4627
    7.5000   22.5000   -7.500014743.5283   15.4661
   -7.5000   30.0000   -7.500014472.3457   15.2067
    0.0000   30.0000   -7.500015261.3369   15.2520
    7.5000   30.0000   -7.500014433.8926   15.2481
   -7.5000   37.5000   -7.500014609.3730   15.2160
    0.0000   37.5000   -7.500015415.2285   15.2615
    7.5000   37.5000   -7.500014559.8193   15.2503
   -7.5000   45.0000   -7.500014187.9199   14.8851
    0.0000   45.0000   -7.500014951.3047   14.9301
    7.5000   45.0000   -7.500014160.7188   14.9181
   -7.5000  -45.0000    0.0000 6740.4399   17.8455
    0.0000  -45.0000    0.0000 7074.3467   17.8965
    7.5000  -45.0000    0.0000 6783.7485   17.8961
   -7.5000  -37.5000    0.0000 7597.6772   17.0231
    0.0000  -37.5000    0.0000 8012.8770   17.0760
    7.5000  -37.5000    0.0000 7642.2979   17.0751
   -7.5000  -30.0000    0.0000 8908.1289   16.3751
    0.0000  -30.0000    0.0000 9403.5576   16.4278
    7.5000  -30.0000    0.0000 8978.1074   16.4322
   -7.5000  -22.5000    0.000010368.9707   15.8952
    0.0000  -22.5000    0.000010952.2041   15.9443
    7.5000  -22.5000    0.000010495.1152   15.9488
   -7.5000  -15.0000    0.000011895.9570   15.5708
    0.0000  -15.0000    0.000012513.5244   15.6196
    7.5000  -15.0000    0.000012019.6719   15.6206
   -7.5000   -7.5000    0.000013402.0078   15.4595
    0.0000   -7.5000    0.000014058.2207   15.5084
    7.5000   -7.5000    0.000013522.9375   15.5053
   -7.5000    0.0000    0.000014814.4238   15.4796
    0.0000    0.0000    0.000015544.8311   15.5281
    7.5000    0.0000    0.000014953.1162   15.5232
   -7.5000    7.5000    0.000015094.1162   15.5036
    0.0000    7.5000    0.000015810.1221   15.5521
    7.5000    7.5000    0.000015205.5010   15.5502
   -7.5000   15.0000    0.000015243.5244   15.4918
    0.0000   15.0000    0.000015972.9902   15.5404
    7.5000   15.0000    0.000015380.1553   15.5430
   -7.5000   22.5000    0.000015320.6318   15.4439
    0.0000   22.5000    0.000016219.5879   15.4924
    7.5000   22.5000    0.000015441.3311   15.4959
   -7.5000   30.0000    0.000015087.8701   15.2286
    0.0000   30.0000    0.000015981.6211   15.2768
    7.5000   30.0000    0.000015097.8340   15.2776
   -7.5000   37.5000    0.000015247.1172   15.2417
    0.0000   37.5000    0.000016076.1094   15.2900
    7.5000   37.5000    0.000015230.4893   15.2869
   -7.5000   45.0000    0.000014805.4180   14.9206
    0.0000   45.0000    0.000015552.3037   14.9673
    7.5000   45.0000    0.000014801.4033   14.9626
   -7.5000  -45.0000    7.5000 6489.2500   17.8303
    0.0000  -45.0000    7.5000 6778.0708   17.8831
    7.5000  -45.0000    7.5000 6528.5000   17.8866
   -7.5000  -37.5000    7.5000 7314.0649   17.0098
    0.0000  -37.5000    7.5000 7688.0176   17.0630
    7.5000  -37.5000    7.5000 7350.7925   17.0653
   -7.5000  -30.0000    7.5000 8552.4443   16.3599
    0.0000  -30.0000    7.5000 9047.5088   16.4103
    7.5000  -30.0000    7.5000 8623.4258   16.4157
   -7.5000  -22.5000    7.5000 9951.7031   15.8768
    0.0000  -22.5000    7.500010566.8936   15.9250
    7.5000  -22.5000    7.500010090.2822   15.9300
   -7.5000  -15.0000    7.500011453.7354   15.5494
    0.0000  -15.0000    7.500012098.2646   15.5989
    7.5000  -15.0000    7.500011561.5928   15.6018
   -7.5000   -7.5000    7.500012916.8711   15.4387
    0.0000   -7.5000    7.500013590.9492   15.4892
    7.5000   -7.5000    7.500013032.5703   15.4906
   -7.5000    0.0000    7.500014320.7578   15.4645
    0.0000    0.0000    7.500015003.5547   15.5142
    7.5000    0.0000    7.500014442.3672   15.5142
   -7.5000    7.5000    7.500014588.6855   15.4935
    0.0000    7.5000    7.500015229.1621   15.5414
    7.5000    7.5000    7.500014699.5713   15.5423
   -7.5000   15.0000    7.500014704.0264   15.4807
    0.0000   15.0000    7.500015308.5312   15.5278
    7.5000   15.0000    7.500014828.7461   15.5311
   -7.5000   22.5000    7.500014687.5332   15.4275
    0.0000   22.5000    7.500015403.3818   15.4752
    7.5000   22.5000    7.500014793.3135   15.4792
   -7.5000   30.0000    7.500014492.9170   15.2078
    0.0000   30.0000    7.500015319.6709   15.2566
    7.5000   30.0000    7.500014569.0098   15.2592
   -7.5000   37.5000    7.500014733.3135   15.2212
    0.0000   37.5000    7.500015605.1172   15.2711
    7.5000   37.5000    7.500014774.4414   15.2724
   -7.5000   45.0000    7.500014318.3740   14.9060
    0.0000   45.0000    7.500015153.8828   14.9539
    7.5000   45.0000    7.500014327.8955   14.9539
   -7.5000  -45.0000   15.0000 6132.7495   17.8249
    0.0000  -45.0000   15.0000 6430.5562   17.8789
    7.5000  -45.0000   15.0000 6173.7148   17.8792
   -7.5000  -37.5000   15.0000 6911.5825   17.0024
    0.0000  -37.5000   15.0000 7273.2935   17.0557
    7.5000  -37.5000   15.0000 6957.6406   17.0588
   -7.5000  -30.0000   15.0000 8102.6895   16.3503
    0.0000  -30.0000   15.0000 8553.0225   16.3991
    7.5000  -30.0000   15.0000 8173.5220   16.4085
   -7.5000  -22.5000   15.0000 9475.3271   15.8699
    0.0000  -22.5000   15.000010011.4014   15.9160
    7.5000  -22.5000   15.0000 9588.8203   15.9227
   -7.5000  -15.0000   15.000010893.8965   15.5438
    0.0000  -15.0000   15.000011461.0000   15.5911
    7.5000  -15.0000   15.000010988.8057   15.5922
   -7.5000   -7.5000   15.000012283.0654   15.4306
    0.0000   -7.5000   15.000012887.1182   15.4807
    7.5000   -7.5000   15.000012365.9209   15.4791
   -7.5000    0.0000   15.000013593.8115   15.4545
    0.0000    0.0000   15.000014254.8105   15.5047
    7.5000    0.0000   15.000013693.2871   15.5031
   -7.5000    7.5000   15.000013859.4258   15.4838
    0.0000    7.5000   15.000014520.0586   15.5320
    7.5000    7.5000   15.000013976.3945   15.5343
   -7.5000   15.0000   15.000013964.2891   15.4725
    0.0000   15.0000   15.000014643.4902   15.5187
    7.5000   15.0000   15.000014115.1230   15.5257
   -7.5000   22.5000   15.000013930.1748   15.4211
    0.0000   22.5000   15.000014630.6367   15.4667
    7.5000   22.5000   15.000014040.2393   15.4723
   -7.5000   30.0000   15.000013799.1025   15.2021
    0.0000   30.0000   15.000014499.6689   15.2487
    7.5000   30.0000   15.000013870.2705   15.2496
   -7.5000   37.5000   15.000014071.3047   15.2133
    0.0000   37.5000   15.000014826.0996   15.2627
    7.5000   37.5000   15.000014124.0020   15.2611
   -7.5000   45.0000   15.000013681.5898   14.8963
    0.0000   45.0000   15.000014434.2764   14.9447
    7.5000   45.0000   15.000013732.7061   14.9432
   -7.5000  -45.0000   22.5000 5769.6172   17.8721
    0.0000  -45.0000   22.5000 6043.2905   17.9243
    7.5000  -45.0000   22.5000 5826.7886   17.9151
   -7.5000  -37.5000   22.5000 6510.2373   17.0430
    0.0000  -37.5000   22.5000 6826.7544   17.0947
    7.5000  -37.5000   22.5000 6569.8838   17.0937
   -7.5000  -30.0000   22.5000 7601.9780   16.3898
    0.0000  -30.0000   22.5000 7998.1357   16.4389
    7.5000  -30.0000   22.5000 7678.8462   16.4508
   -7.5000  -22.5000   22.5000 8878.7422   15.9165
    0.0000  -22.5000   22.5000 9364.0713   15.9613
    7.5000  -22.5000   22.5000 8964.5967   15.9687
   -7.5000  -15.0000   22.500010208.7773   15.5950
    0.0000  -15.0000   22.500010743.0527   15.6394
    7.5000  -15.0000   22.500010271.6436   15.6357
   -7.5000   -7.5000   22.500011544.0059   15.4774
    0.0000   -7.5000   22.500012124.7471   15.5246
    7.5000   -7.5000   22.500011595.6582   15.5139
   -7.5000    0.0000   22.500012795.8789   15.4912
    0.0000    0.0000   22.500013423.1309   15.5396
    7.5000    0.0000   22.500012876.4551   15.5295
   -7.5000    7.5000   22.500013057.1055   15.5148
    0.0000    7.5000   22.500013694.5488   15.5626
    7.5000    7.5000   22.500013168.5332   15.5623
   -7.5000   15.0000   22.500013176.9268   15.5066
    0.0000   15.0000   22.500013808.7637   15.5529
    7.5000   15.0000   22.500013301.8643   15.5623
   -7.5000   22.5000   22.500013134.9629   15.4644
    0.0000   22.5000   22.500013731.7373   15.5087
    7.5000   22.5000   22.500013228.7070   15.5149
   -7.5000   30.0000   22.500012957.1904   15.2516
    0.0000   30.0000   22.500013536.7051   15.2954
    7.5000   30.0000   22.500013064.4141   15.2917
   -7.5000   37.5000   22.500013190.6328   15.2594
    0.0000   37.5000   22.500013788.7383   15.3060
    7.5000   37.5000   22.500013300.0205   15.2954
   -7.5000   45.0000   22.500012856.3467   14.9317
    0.0000   45.0000   22.500013450.9082   14.9784
    7.5000   45.0000   22.500012940.4902   14.9686
   -7.5000  -45.0000   30.0000 5340.1602   17.9864
    0.0000  -45.0000   30.0000 5602.4849   18.0352
    7.5000  -45.0000   30.0000 5408.8130   18.0207
   -7.5000  -37.5000   30.0000 6012.6523   17.1487
    0.0000  -37.5000   30.0000 6324.5283   17.1982
    7.5000  -37.5000   30.0000 6085.3164   17.1922
   -7.5000  -30.0000   30.0000 7025.3071   16.4934
    0.0000  -30.0000   30.0000 7403.2065   16.5435
    7.5000  -30.0000   30.0000 7104.6250   16.5529
   -7.5000  -22.5000   30.0000 8210.8066   16.0220
    0.0000  -22.5000   30.0000 8662.0039   16.0672
    7.5000  -22.5000   30.0000 8288.5312   16.0729
   -7.5000  -15.0000   30.0000 9453.6016   15.7028
    0.0000  -15.0000   30.0000 9962.2168   15.7462
    7.5000  -15.0000   30.0000 9523.1064   15.7396
   -7.5000   -7.5000   30.000010689.9092   15.5836
    0.0000   -7.5000   30.000011264.4932   15.6283
    7.5000   -7.5000   30.000010779.5518   15.6124
   -7.5000    0.0000   30.000011857.7227   15.5903
    0.0000    0.0000   30.000012467.4365   15.6363
    7.5000    0.0000   30.000011969.6055   15.6201
   -7.5000    7.5000   30.000012106.6826   15.6087
    0.0000    7.5000   30.000012699.2256   15.6556
    7.5000    7.5000   30.000012218.5654   15.6511
   -7.5000   15.0000   30.000012193.3857   15.6023
    0.0000   15.0000   30.000012775.1572   15.6490
    7.5000   15.0000   30.000012304.4326   15.6560
   -7.5000   22.5000   30.000012140.9180   15.5663
    0.0000   22.5000   30.000012691.5537   15.6108
    7.5000   22.5000   30.000012236.6826   15.6155
   -7.5000   30.0000   30.000011985.1250   15.3575
    0.0000   30.0000   30.000012499.7520   15.4004
    7.5000   30.0000   30.000012088.7188   15.3939
   -7.5000   37.5000   30.000012190.2783   15.3642
    0.0000   37.5000   30.000012708.7422   15.4085
    7.5000   37.5000   30.000012293.6729   15.3927
   -7.5000   45.0000   30.000011886.4287   15.0272
    0.0000   45.0000   30.000012422.0723   15.0716
    7.5000   45.0000   30.000011964.5029   15.0560
   -7.5000  -45.0000   37.5000 5101.8335   18.2371
    0.0000  -45.0000   37.5000 5343.2231   18.2870
    7.5000  -45.0000   37.5000 5152.3013   18.2781
   -7.5000  -37.5000   37.5000 5741.1069   17.3840
    0.0000  -37.5000   37.5000 6029.3203   17.4362
    7.5000  -37.5000   37.5000 5804.1060   17.4314
   -7.5000  -30.0000   37.5000 6712.5215   16.7160
    0.0000  -30.0000   37.5000 7068.9102   16.7698
    7.5000  -30.0000   37.5000 6787.8804   16.7763
   -7.5000  -22.5000   37.5000 7840.3633   16.2299
    0.0000  -22.5000   37.5000 8261.4189   16.2785
    7.5000  -22.5000   37.5000 7909.2412   16.2834
   -7.5000  -15.0000   37.5000 9006.0469   15.9025
    0.0000  -15.0000   37.5000 9503.6279   15.9491
    7.5000  -15.0000   37.5000 9088.2363   15.9455
   -7.5000   -7.5000   37.500010196.6074   15.7862
    0.0000   -7.5000   37.500010761.1836   15.8328
    7.5000   -7.5000   37.500010292.9287   15.8214
   -7.5000    0.0000   37.500011311.9326   15.7987
    0.0000    0.0000   37.500011914.5713   15.8461
    7.5000    0.0000   37.500011418.6182   15.8335
   -7.5000    7.5000   37.500011538.7119   15.8187
    0.0000    7.5000   37.500012135.4561   15.8676
    7.5000    7.5000   37.500011646.4395   15.8633
   -7.5000   15.0000   37.500011615.2686   15.8097
    0.0000   15.0000   37.500012170.5938   15.8591
    7.5000   15.0000   37.500011707.8252   15.8636
   -7.5000   22.5000   37.500011568.4033   15.7684
    0.0000   22.5000   37.500012078.6406   15.8162
    7.5000   22.5000   37.500011647.3174   15.8201
   -7.5000   30.0000   37.500011395.2568   15.5539
    0.0000   30.0000   37.500011878.3037   15.5999
    7.5000   30.0000   37.500011486.7188   15.5963
   -7.5000   37.5000   37.500011593.2031   15.5644
    0.0000   37.5000   37.500012080.7100   15.6104
    7.5000   37.5000   37.500011681.5176   15.5991
   -7.5000   45.0000   37.500011341.8232   15.2282
    0.0000   45.0000   37.500011824.4590   15.2739
    7.5000   45.0000   37.500011405.2197   15.2617
   -7.5000  -45.0000   45.0000 4658.1709   18.5758
    0.0000  -45.0000   45.0000 4865.4888   18.6279
    7.5000  -45.0000   45.0000 4687.2393   18.6270
   -7.5000  -37.5000   45.0000 5237.9287   17.6936
    0.0000  -37.5000   45.0000 5490.8096   17.7477
    7.5000  -37.5000   45.0000 5282.3149   17.7459
   -7.5000  -30.0000   45.0000 6122.1626   17.0007
    0.0000  -30.0000   45.0000 6428.8506   17.0547
    7.5000  -30.0000   45.0000 6179.3511   17.0577
   -7.5000  -22.5000   45.0000 7143.2822   16.4896
    0.0000  -22.5000   45.0000 7533.8164   16.5399
    7.5000  -22.5000   45.0000 7199.3394   16.5426
   -7.5000  -15.0000   45.0000 8200.7021   16.1467
    0.0000  -15.0000   45.0000 8659.6152   16.1965
    7.5000  -15.0000   45.0000 8272.0391   16.1959
   -7.5000   -7.5000   45.0000 9274.8398   16.0324
    0.0000   -7.5000   45.0000 9808.3018   16.0822
    7.5000   -7.5000   45.0000 9351.9395   16.0778
   -7.5000    0.0000   45.000010291.9648   16.0567
    0.0000    0.0000   45.000010870.7324   16.1060
    7.5000    0.0000   45.000010376.5000   16.1003
   -7.5000    7.5000   45.000010498.9463   16.0831
    0.0000    7.5000   45.000011063.0342   16.1323
    7.5000    7.5000   45.000010590.4570   16.1294
   -7.5000   15.0000   45.000010557.5322   16.0699
    0.0000   15.0000   45.000011084.6240   16.1193
    7.5000   15.0000   45.000010622.4395   16.1205
   -7.5000   22.5000   45.000010506.1406   16.0176
    0.0000   22.5000   45.000010992.4980   16.0670
    7.5000   22.5000   45.000010564.5098   16.0688
   -7.5000   30.0000   45.000010338.6602   15.7912
    0.0000   30.0000   45.000010799.6758   15.8404
    7.5000   30.0000   45.000010406.9814   15.8395
   -7.5000   37.5000   45.000010524.5342   15.8060
    0.0000   37.5000   45.000010978.3262   15.8553
    7.5000   37.5000   45.000010597.9082   15.8509
   -7.5000   45.0000   45.000010307.4668   15.4838
    0.0000   45.0000   45.000010756.1553   15.5314
    7.5000   45.0000   45.000010379.9912   15.5259

---------------------------------------------------------------------
imgreg_4dfp /opt/freesurfer/average/711-2C_as_mni_average_305 /opt/freesurfer/average/711-2B_as_mni_average_305_mask talsrcimg_g11 none talsrcimg_to_711-2C_as_mni_average_305_t4 4355
---------------------------------------------------------------------

freesurfer imgreg_4dfp.c
/opt/freesurfer/average/711-2C_as_mni_average_305.4dfp.img
       256       256       256         1
  1.000000  1.000000  1.000000
orientation T byte_order littleendian
Reading image: /opt/freesurfer/average/711-2C_as_mni_average_305.4dfp.img
dimensions:      256       256       256
mmppix:       1.0000   -1.0000   -1.0000
center:     128.0000 -129.0000 -129.0000
/opt/freesurfer/average/711-2B_as_mni_average_305_mask.4dfp.img
       256       256       256         1
  1.000000  1.000000  1.000000
orientation T byte_order littleendian
Reading mask: /opt/freesurfer/average/711-2B_as_mni_average_305_mask.4dfp.img (2306576 pixels)
talsrcimg_g11.4dfp.img
       256       256       256         1
  1.000000  1.000000  1.000000
orientation T byte_order littleendian
Reading image: talsrcimg_g11.4dfp.img
dimensions:      256       256       256
mmppix:       1.0000   -1.0000   -1.0000
center:     128.0000 -129.0000 -129.0000
rotation matrix determinant  1.000000
image alignment mode   4355 decimal     1103 hex
   -7.5000  -22.5000  -45.0000 1819.1772   21.5184
    0.0000  -22.5000  -45.0000 1831.4875   21.3381
    7.5000  -22.5000  -45.0000 1826.9758   21.3344
   -7.5000  -15.0000  -45.0000 1954.5096   18.6696
    0.0000  -15.0000  -45.0000 1974.0560   18.4910
    7.5000  -15.0000  -45.0000 1964.4908   18.4762
   -7.5000   -7.5000  -45.0000 2078.7114   16.6236
    0.0000   -7.5000  -45.0000 2098.1296   16.4902
    7.5000   -7.5000  -45.0000 2089.8650   16.4756
   -7.5000    0.0000  -45.0000 2190.5171   15.2051
    0.0000    0.0000  -45.0000 2206.1362   15.0973
    7.5000    0.0000  -45.0000 2198.4197   15.0820
   -7.5000    7.5000  -45.0000 2265.9937   14.1241
    0.0000    7.5000  -45.0000 2280.1965   14.0274
    7.5000    7.5000  -45.0000 2269.6311   14.0071
   -7.5000   15.0000  -45.0000 2312.8416   13.3168
    0.0000   15.0000  -45.0000 2329.9429   13.1937
    7.5000   15.0000  -45.0000 2320.7520   13.1670
   -7.5000   22.5000  -45.0000 2345.7522   12.7088
    0.0000   22.5000  -45.0000 2364.6479   12.5555
    7.5000   22.5000  -45.0000 2352.0161   12.5434
   -7.5000   30.0000  -45.0000 2359.6108   12.3158
    0.0000   30.0000  -45.0000 2378.8743   12.1772
    7.5000   30.0000  -45.0000 2366.1021   12.1786
   -7.5000   37.5000  -45.0000 2355.1533   12.2804
    0.0000   37.5000  -45.0000 2371.8293   12.1103
    7.5000   37.5000  -45.0000 2364.4348   12.1357
   -7.5000   45.0000  -45.0000 2342.4990   12.4132
    0.0000   45.0000  -45.0000 2359.9827   12.2622
    7.5000   45.0000  -45.0000 2347.7344   12.3020
   -7.5000   52.5000  -45.0000 2293.9287   12.7231
    0.0000   52.5000  -45.0000 2314.5281   12.5683
    7.5000   52.5000  -45.0000 2298.9141   12.6213
   -7.5000   60.0000  -45.0000 2203.1555   13.1062
    0.0000   60.0000  -45.0000 2220.6206   12.9361
    7.5000   60.0000  -45.0000 2206.4285   12.9945
   -7.5000   67.5000  -45.0000 2067.1804   13.5195
    0.0000   67.5000  -45.0000 2092.0200   13.3532
    7.5000   67.5000  -45.0000 2078.7632   13.4487
   -7.5000  -22.5000  -37.5000 1880.8914   19.9212
    0.0000  -22.5000  -37.5000 1896.5714   19.7594
    7.5000  -22.5000  -37.5000 1893.0115   19.7654
   -7.5000  -15.0000  -37.5000 2028.0758   17.2776
    0.0000  -15.0000  -37.5000 2047.3555   17.1502
    7.5000  -15.0000  -37.5000 2042.3062   17.1972
   -7.5000   -7.5000  -37.5000 2164.0723   15.4624
    0.0000   -7.5000  -37.5000 2179.7910   15.3430
    7.5000   -7.5000  -37.5000 2172.1162   15.3657
   -7.5000    0.0000  -37.5000 2274.0671   14.1083
    0.0000    0.0000  -37.5000 2290.1096   13.9930
    7.5000    0.0000  -37.5000 2282.0935   14.0055
   -7.5000    7.5000  -37.5000 2349.4556   13.0697
    0.0000    7.5000  -37.5000 2368.1296   12.9395
    7.5000    7.5000  -37.5000 2358.0679   12.9573
   -7.5000   15.0000  -37.5000 2398.0566   12.2904
    0.0000   15.0000  -37.5000 2417.8000   12.1448
    7.5000   15.0000  -37.5000 2408.1194   12.1486
   -7.5000   22.5000  -37.5000 2440.0388   11.7171
    0.0000   22.5000  -37.5000 2457.3435   11.5624
    7.5000   22.5000  -37.5000 2446.9263   11.5715
   -7.5000   30.0000  -37.5000 2462.1057   11.3787
    0.0000   30.0000  -37.5000 2483.7603   11.2114
    7.5000   30.0000  -37.5000 2471.5027   11.2221
   -7.5000   37.5000  -37.5000 2469.2378   11.3273
    0.0000   37.5000  -37.5000 2484.2878   11.1596
    7.5000   37.5000  -37.5000 2478.4587   11.1858
   -7.5000   45.0000  -37.5000 2452.7803   11.4520
    0.0000   45.0000  -37.5000 2474.2266   11.2850
    7.5000   45.0000  -37.5000 2458.8645   11.3698
   -7.5000   52.5000  -37.5000 2399.9951   11.7460
    0.0000   52.5000  -37.5000 2423.9131   11.5733
    7.5000   52.5000  -37.5000 2407.0381   11.6708
   -7.5000   60.0000  -37.5000 2302.2891   12.1003
    0.0000   60.0000  -37.5000 2322.6582   11.9287
    7.5000   60.0000  -37.5000 2306.3616   12.0319
   -7.5000   67.5000  -37.5000 2158.8821   12.4788
    0.0000   67.5000  -37.5000 2183.7200   12.3259
    7.5000   67.5000  -37.5000 2167.9697   12.4302
   -7.5000  -22.5000  -30.0000 1968.4983   19.2860
    0.0000  -22.5000  -30.0000 1986.1737   19.1352
    7.5000  -22.5000  -30.0000 1985.7341   19.1898
   -7.5000  -15.0000  -30.0000 2126.5583   16.7646
    0.0000  -15.0000  -30.0000 2144.6145   16.6161
    7.5000  -15.0000  -30.0000 2142.2554   16.7029
   -7.5000   -7.5000  -30.0000 2272.3704   14.9615
    0.0000   -7.5000  -30.0000 2290.2986   14.8200
    7.5000   -7.5000  -30.0000 2280.8567   14.8878
   -7.5000    0.0000  -30.0000 2385.7356   13.5958
    0.0000    0.0000  -30.0000 2406.2468   13.4985
    7.5000    0.0000  -30.0000 2392.2500   13.5437
   -7.5000    7.5000  -30.0000 2471.4922   12.5671
    0.0000    7.5000  -30.0000 2489.6829   12.4537
    7.5000    7.5000  -30.0000 2479.1431   12.4918
   -7.5000   15.0000  -30.0000 2524.0015   11.7716
    0.0000   15.0000  -30.0000 2543.8816   11.6252
    7.5000   15.0000  -30.0000 2536.3804   11.6583
   -7.5000   22.5000  -30.0000 2574.2803   11.2181
    0.0000   22.5000  -30.0000 2595.3777   11.0520
    7.5000   22.5000  -30.0000 2585.5422   11.0898
   -7.5000   30.0000  -30.0000 2613.7339   10.8869
    0.0000   30.0000  -30.0000 2636.3982   10.7088
    7.5000   30.0000  -30.0000 2622.0991   10.7571
   -7.5000   37.5000  -30.0000 2627.1711   10.8287
    0.0000   37.5000  -30.0000 2649.1074   10.6564
    7.5000   37.5000  -30.0000 2635.0085   10.7046
   -7.5000   45.0000  -30.0000 2608.3455   10.9631
    0.0000   45.0000  -30.0000 2634.1365   10.8044
    7.5000   45.0000  -30.0000 2618.4626   10.8773
   -7.5000   52.5000  -30.0000 2554.8752   11.2519
    0.0000   52.5000  -30.0000 2582.7896   11.0902
    7.5000   52.5000  -30.0000 2562.8135   11.1988
   -7.5000   60.0000  -30.0000 2443.7766   11.6276
    0.0000   60.0000  -30.0000 2472.6235   11.4580
    7.5000   60.0000  -30.0000 2451.1484   11.5761
   -7.5000   67.5000  -30.0000 2296.1345   12.0070
    0.0000   67.5000  -30.0000 2321.0513   11.8469
    7.5000   67.5000  -30.0000 2303.9216   11.9604
   -7.5000  -22.5000  -22.5000 2036.2362   18.7340
    0.0000  -22.5000  -22.5000 2053.3569   18.5422
    7.5000  -22.5000  -22.5000 2049.2307   18.6748
   -7.5000  -15.0000  -22.5000 2198.5383   16.2793
    0.0000  -15.0000  -22.5000 2218.4524   16.1197
    7.5000  -15.0000  -22.5000 2211.3645   16.2033
   -7.5000   -7.5000  -22.5000 2342.6855   14.4564
    0.0000   -7.5000  -22.5000 2363.4114   14.3392
    7.5000   -7.5000  -22.5000 2352.2534   14.4051
   -7.5000    0.0000  -22.5000 2458.6309   13.0921
    0.0000    0.0000  -22.5000 2481.0903   12.9562
    7.5000    0.0000  -22.5000 2465.3657   13.0371
   -7.5000    7.5000  -22.5000 2553.7351   12.0522
    0.0000    7.5000  -22.5000 2577.2712   11.9054
    7.5000    7.5000  -22.5000 2563.6582   11.9692
   -7.5000   15.0000  -22.5000 2623.5771   11.2532
    0.0000   15.0000  -22.5000 2644.2573   11.0899
    7.5000   15.0000  -22.5000 2636.8499   11.1651
   -7.5000   22.5000  -22.5000 2685.2388   10.6922
    0.0000   22.5000  -22.5000 2707.7166   10.5347
    7.5000   22.5000  -22.5000 2700.5005   10.5877
   -7.5000   30.0000  -22.5000 2734.2688   10.3743
    0.0000   30.0000  -22.5000 2761.6704   10.2016
    7.5000   30.0000  -22.5000 2743.7844   10.2587
   -7.5000   37.5000  -22.5000 2750.1716   10.2741
    0.0000   37.5000  -22.5000 2782.4099   10.1025
    7.5000   37.5000  -22.5000 2761.1782   10.1705
   -7.5000   45.0000  -22.5000 2737.4153   10.4173
    0.0000   45.0000  -22.5000 2772.0483   10.2480
    7.5000   45.0000  -22.5000 2752.2092   10.3355
   -7.5000   52.5000  -22.5000 2681.1094   10.7205
    0.0000   52.5000  -22.5000 2716.4766   10.5454
    7.5000   52.5000  -22.5000 2692.4072   10.6656
   -7.5000   60.0000  -22.5000 2556.7749   11.1076
    0.0000   60.0000  -22.5000 2591.8867   10.9236
    7.5000   60.0000  -22.5000 2566.4717   11.0560
   -7.5000   67.5000  -22.5000 2395.6934   11.5151
    0.0000   67.5000  -22.5000 2418.0239   11.3465
    7.5000   67.5000  -22.5000 2405.4683   11.4565
   -7.5000  -22.5000  -15.0000 2082.1006   18.3085
    0.0000  -22.5000  -15.0000 2100.0730   18.0771
    7.5000  -22.5000  -15.0000 2089.3350   18.2283
   -7.5000  -15.0000  -15.0000 2241.0632   15.8686
    0.0000  -15.0000  -15.0000 2263.3835   15.6513
    7.5000  -15.0000  -15.0000 2249.6047   15.7987
   -7.5000   -7.5000  -15.0000 2375.6375   14.0073
    0.0000   -7.5000  -15.0000 2398.5908   13.8320
    7.5000   -7.5000  -15.0000 2387.3159   13.9546
   -7.5000    0.0000  -15.0000 2495.0723   12.6376
    0.0000    0.0000  -15.0000 2515.0164   12.4801
    7.5000    0.0000  -15.0000 2507.4248   12.5809
   -7.5000    7.5000  -15.0000 2600.7761   11.5893
    0.0000    7.5000  -15.0000 2621.7134   11.4223
    7.5000    7.5000  -15.0000 2613.8027   11.5202
   -7.5000   15.0000  -15.0000 2688.1169   10.7859
    0.0000   15.0000  -15.0000 2711.9292   10.6243
    7.5000   15.0000  -15.0000 2702.3147   10.6962
   -7.5000   22.5000  -15.0000 2764.4495   10.2406
    0.0000   22.5000  -15.0000 2793.9429   10.0745
    7.5000   22.5000  -15.0000 2784.5747   10.1284
   -7.5000   30.0000  -15.0000 2823.6350    9.9275
    0.0000   30.0000  -15.0000 2854.1704    9.7435
    7.5000   30.0000  -15.0000 2839.4270    9.7994
   -7.5000   37.5000  -15.0000 2850.2510    9.8221
    0.0000   37.5000  -15.0000 2888.2041    9.6145
    7.5000   37.5000  -15.0000 2863.1077    9.6926
   -7.5000   45.0000  -15.0000 2838.4260    9.9531
    0.0000   45.0000  -15.0000 2873.4795    9.7447
    7.5000   45.0000  -15.0000 2854.0889    9.8531
   -7.5000   52.5000  -15.0000 2770.7068   10.2277
    0.0000   52.5000  -15.0000 2806.6755   10.0278
    7.5000   52.5000  -15.0000 2785.2463   10.1482
   -7.5000   60.0000  -15.0000 2635.7034   10.6285
    0.0000   60.0000  -15.0000 2668.8049   10.4305
    7.5000   60.0000  -15.0000 2650.5432   10.5539
   -7.5000   67.5000  -15.0000 2460.7068   11.0679
    0.0000   67.5000  -15.0000 2485.4663   10.8872
    7.5000   67.5000  -15.0000 2473.9155   11.0158
   -7.5000  -22.5000   -7.5000 2105.7986   17.9262
    0.0000  -22.5000   -7.5000 2125.0974   17.6984
    7.5000  -22.5000   -7.5000 2115.3503   17.8899
   -7.5000  -15.0000   -7.5000 2256.8062   15.4735
    0.0000  -15.0000   -7.5000 2283.1982   15.2600
    7.5000  -15.0000   -7.5000 2270.0027   15.4275
   -7.5000   -7.5000   -7.5000 2392.1772   13.6204
    0.0000   -7.5000   -7.5000 2416.9324   13.4123
    7.5000   -7.5000   -7.5000 2404.9668   13.5843
   -7.5000    0.0000   -7.5000 2516.4436   12.2660
    0.0000    0.0000   -7.5000 2537.4968   12.0616
    7.5000    0.0000   -7.5000 2527.4333   12.2179
   -7.5000    7.5000   -7.5000 2627.0461   11.2404
    0.0000    7.5000   -7.5000 2649.9634   11.0333
    7.5000    7.5000   -7.5000 2640.7834   11.1518
   -7.5000   15.0000   -7.5000 2725.7019   10.4256
    0.0000   15.0000   -7.5000 2749.7666   10.2387
    7.5000   15.0000   -7.5000 2742.5242   10.3330
   -7.5000   22.5000   -7.5000 2823.7297    9.8725
    0.0000   22.5000   -7.5000 2855.3225    9.6858
    7.5000   22.5000   -7.5000 2845.1118    9.7498
   -7.5000   30.0000   -7.5000 2899.3606    9.5696
    0.0000   30.0000   -7.5000 2937.6504    9.3730
    7.5000   30.0000   -7.5000 2916.0073    9.4194
   -7.5000   37.5000   -7.5000 2931.9514    9.4399
    0.0000   37.5000   -7.5000 2982.7957    9.2367
    7.5000   37.5000   -7.5000 2949.1958    9.3021
   -7.5000   45.0000   -7.5000 2915.6069    9.5529
    0.0000   45.0000   -7.5000 2955.7944    9.3619
    7.5000   45.0000   -7.5000 2932.6689    9.4481
   -7.5000   52.5000   -7.5000 2834.0891    9.8213
    0.0000   52.5000   -7.5000 2869.2415    9.6104
    7.5000   52.5000   -7.5000 2849.1096    9.7424
   -7.5000   60.0000   -7.5000 2684.3828   10.2432
    0.0000   60.0000   -7.5000 2719.0906   10.0140
    7.5000   60.0000   -7.5000 2701.3594   10.1671
   -7.5000   67.5000   -7.5000 2497.1494   10.7123
    0.0000   67.5000   -7.5000 2529.2434   10.4868
    7.5000   67.5000   -7.5000 2512.0139   10.6485
   -7.5000  -22.5000    0.0000 2110.2981   17.8604
    0.0000  -22.5000    0.0000 2140.2620   17.5640
    7.5000  -22.5000    0.0000 2124.6567   17.8003
   -7.5000  -15.0000    0.0000 2264.8010   15.3367
    0.0000  -15.0000    0.0000 2290.7556   15.0374
    7.5000  -15.0000    0.0000 2278.3872   15.2807
   -7.5000   -7.5000    0.0000 2399.4050   13.4693
    0.0000   -7.5000    0.0000 2417.8535   13.1859
    7.5000   -7.5000    0.0000 2411.0156   13.4184
   -7.5000    0.0000    0.0000 2519.8916   12.0891
    0.0000    0.0000    0.0000 2538.2908   11.8615
    7.5000    0.0000    0.0000 2530.1086   12.0271
   -7.5000    7.5000    0.0000 2635.2661   11.0290
    0.0000    7.5000    0.0000 2655.7722   10.8300
    7.5000    7.5000    0.0000 2644.9507   10.9441
   -7.5000   15.0000    0.0000 2742.2178   10.1932
    0.0000   15.0000    0.0000 2770.8757   10.0211
    7.5000   15.0000    0.0000 2760.4622   10.0971
   -7.5000   22.5000    0.0000 2854.5959    9.6432
    0.0000   22.5000    0.0000 2892.2734    9.4798
    7.5000   22.5000    0.0000 2875.3154    9.5285
   -7.5000   30.0000    0.0000 2947.2214    9.3201
    0.0000   30.0000    0.0000 2995.8745    9.1986
    7.5000   30.0000    0.0000 2962.2097    9.1762
   -7.5000   37.5000    0.0000 2987.8618    9.1825
    0.0000   37.5000    0.0000 3056.1072    9.0106
    7.5000   37.5000    0.0000 2998.5459    9.0518
   -7.5000   45.0000    0.0000 2958.6311    9.3317
    0.0000   45.0000    0.0000 3012.4338    9.1423
    7.5000   45.0000    0.0000 2966.8259    9.2430
   -7.5000   52.5000    0.0000 2862.1836    9.6159
    0.0000   52.5000    0.0000 2901.7305    9.4411
    7.5000   52.5000    0.0000 2873.4905    9.5444
   -7.5000   60.0000    0.0000 2705.2771   10.0121
    0.0000   60.0000    0.0000 2742.8604    9.8529
    7.5000   60.0000    0.0000 2721.3450    9.9382
   -7.5000   67.5000    0.0000 2510.8337   10.4614
    0.0000   67.5000    0.0000 2545.3237   10.3110
    7.5000   67.5000    0.0000 2526.3767   10.3769
   -7.5000  -22.5000    7.5000 2103.4795   17.8906
    0.0000  -22.5000    7.5000 2134.4277   17.6194
    7.5000  -22.5000    7.5000 2123.9456   17.7687
   -7.5000  -15.0000    7.5000 2262.2402   15.3650
    0.0000  -15.0000    7.5000 2285.5461   15.0723
    7.5000  -15.0000    7.5000 2274.6960   15.2680
   -7.5000   -7.5000    7.5000 2395.5364   13.5273
    0.0000   -7.5000    7.5000 2417.2268   13.2386
    7.5000   -7.5000    7.5000 2406.2935   13.4402
   -7.5000    0.0000    7.5000 2513.4136   12.1606
    0.0000    0.0000    7.5000 2535.9316   11.8890
    7.5000    0.0000    7.5000 2523.1323   12.0697
   -7.5000    7.5000    7.5000 2629.7180   11.0924
    0.0000    7.5000    7.5000 2652.1416   10.8128
    7.5000    7.5000    7.5000 2641.2151   10.9869
   -7.5000   15.0000    7.5000 2742.5608   10.2065
    0.0000   15.0000    7.5000 2768.6965    9.9597
    7.5000   15.0000    7.5000 2761.0129   10.1080
   -7.5000   22.5000    7.5000 2857.7871    9.6076
    0.0000   22.5000    7.5000 2889.9995    9.4003
    7.5000   22.5000    7.5000 2876.8909    9.4920
   -7.5000   30.0000    7.5000 2944.8867    9.2756
    0.0000   30.0000    7.5000 2991.6362    9.1319
    7.5000   30.0000    7.5000 2959.9792    9.1432
   -7.5000   37.5000    7.5000 2990.3928    9.1894
    0.0000   37.5000    7.5000 3052.7800    9.0922
    7.5000   37.5000    7.5000 2996.0271    9.0831
   -7.5000   45.0000    7.5000 2962.7329    9.3343
    0.0000   45.0000    7.5000 3016.0417    9.2342
    7.5000   45.0000    7.5000 2967.0640    9.2345
   -7.5000   52.5000    7.5000 2863.9502    9.6107
    0.0000   52.5000    7.5000 2904.1609    9.4865
    7.5000   52.5000    7.5000 2871.1047    9.5197
   -7.5000   60.0000    7.5000 2703.3999    9.9969
    0.0000   60.0000    7.5000 2734.7715    9.8696
    7.5000   60.0000    7.5000 2715.2258    9.9142
   -7.5000   67.5000    7.5000 2507.3948   10.4396
    0.0000   67.5000    7.5000 2533.7844   10.2860
    7.5000   67.5000    7.5000 2522.8147   10.3547
   -7.5000  -22.5000   15.0000 2085.4871   18.1747
    0.0000  -22.5000   15.0000 2109.3340   17.8164
    7.5000  -22.5000   15.0000 2097.9841   18.0100
   -7.5000  -15.0000   15.0000 2248.2029   15.6029
    0.0000  -15.0000   15.0000 2268.3071   15.2481
    7.5000  -15.0000   15.0000 2257.0637   15.4743
   -7.5000   -7.5000   15.0000 2386.1321   13.7128
    0.0000   -7.5000   15.0000 2406.5378   13.3818
    7.5000   -7.5000   15.0000 2391.8091   13.5968
   -7.5000    0.0000   15.0000 2502.3071   12.3467
    0.0000    0.0000   15.0000 2522.7896   12.0285
    7.5000    0.0000   15.0000 2510.4453   12.2430
   -7.5000    7.5000   15.0000 2614.2183   11.2908
    0.0000    7.5000   15.0000 2635.7427   10.9985
    7.5000    7.5000   15.0000 2628.6238   11.1796
   -7.5000   15.0000   15.0000 2721.6758   10.4427
    0.0000   15.0000   15.0000 2747.6392   10.1909
    7.5000   15.0000   15.0000 2738.0098   10.3530
   -7.5000   22.5000   15.0000 2828.1409    9.8227
    0.0000   22.5000   15.0000 2859.1123    9.6345
    7.5000   22.5000   15.0000 2845.4565    9.7232
   -7.5000   30.0000   15.0000 2911.5566    9.4823
    0.0000   30.0000   15.0000 2948.0085    9.3042
    7.5000   30.0000   15.0000 2922.3655    9.3803
   -7.5000   37.5000   15.0000 2944.6418    9.4288
    0.0000   37.5000   15.0000 2989.6140    9.2781
    7.5000   37.5000   15.0000 2949.2124    9.3334
   -7.5000   45.0000   15.0000 2913.1604    9.5951
    0.0000   45.0000   15.0000 2954.4485    9.4507
    7.5000   45.0000   15.0000 2919.9148    9.4932
   -7.5000   52.5000   15.0000 2821.5188    9.8520
    0.0000   52.5000   15.0000 2854.7610    9.7212
    7.5000   52.5000   15.0000 2830.2415    9.7699
   -7.5000   60.0000   15.0000 2665.8567   10.1899
    0.0000   60.0000   15.0000 2694.2351   10.0562
    7.5000   60.0000   15.0000 2678.0088   10.1342
   -7.5000   67.5000   15.0000 2480.7449   10.5776
    0.0000   67.5000   15.0000 2502.5984   10.4389
    7.5000   67.5000   15.0000 2492.7952   10.5176
   -7.5000  -22.5000   22.5000 2054.0269   18.5828
    0.0000  -22.5000   22.5000 2073.6958   18.1980
    7.5000  -22.5000   22.5000 2066.5732   18.4179
   -7.5000  -15.0000   22.5000 2221.9048   16.0052
    0.0000  -15.0000   22.5000 2241.7920   15.6537
    7.5000  -15.0000   22.5000 2229.3098   15.8234
   -7.5000   -7.5000   22.5000 2364.0630   14.1308
    0.0000   -7.5000   22.5000 2385.6199   13.7932
    7.5000   -7.5000   22.5000 2369.9065   13.9715
   -7.5000    0.0000   22.5000 2481.0806   12.7527
    0.0000    0.0000   22.5000 2504.5022   12.4508
    7.5000    0.0000   22.5000 2485.5989   12.6333
   -7.5000    7.5000   22.5000 2586.9041   11.7211
    0.0000    7.5000   22.5000 2612.7759   11.4290
    7.5000    7.5000   22.5000 2598.2908   11.6154
   -7.5000   15.0000   22.5000 2688.5349   10.8728
    0.0000   15.0000   22.5000 2715.2219   10.6027
    7.5000   15.0000   22.5000 2703.0720   10.7859
   -7.5000   22.5000   22.5000 2784.8889   10.2439
    0.0000   22.5000   22.5000 2813.9058    9.9873
    7.5000   22.5000   22.5000 2798.2190   10.1399
   -7.5000   30.0000   22.5000 2854.5049    9.8776
    0.0000   30.0000   22.5000 2887.8689    9.6499
    7.5000   30.0000   22.5000 2865.2974    9.7873
   -7.5000   37.5000   22.5000 2878.2170    9.8109
    0.0000   37.5000   22.5000 2911.0022    9.6305
    7.5000   37.5000   22.5000 2883.6941    9.7308
   -7.5000   45.0000   22.5000 2844.1021    9.9753
    0.0000   45.0000   22.5000 2880.8105    9.8096
    7.5000   45.0000   22.5000 2850.6926    9.8879
   -7.5000   52.5000   22.5000 2753.0188   10.2362
    0.0000   52.5000   22.5000 2786.2249   10.0664
    7.5000   52.5000   22.5000 2764.9255   10.1286
   -7.5000   60.0000   22.5000 2608.9319   10.5781
    0.0000   60.0000   22.5000 2635.9614   10.4095
    7.5000   60.0000   22.5000 2622.6001   10.4854
   -7.5000   67.5000   22.5000 2435.3025   10.9199
    0.0000   67.5000   22.5000 2459.4744   10.7606
    7.5000   67.5000   22.5000 2446.5862   10.8398
   -7.5000  -22.5000   30.0000 2011.6976   19.3068
    0.0000  -22.5000   30.0000 2029.1804   18.9529
    7.5000  -22.5000   30.0000 2019.6190   19.1114
   -7.5000  -15.0000   30.0000 2179.7917   16.6613
    0.0000  -15.0000   30.0000 2200.3271   16.3615
    7.5000  -15.0000   30.0000 2185.4856   16.5070
   -7.5000   -7.5000   30.0000 2321.2871   14.7741
    0.0000   -7.5000   30.0000 2349.0210   14.4807
    7.5000   -7.5000   30.0000 2329.6223   14.6288
   -7.5000    0.0000   30.0000 2436.4036   13.3782
    0.0000    0.0000   30.0000 2465.9993   13.0957
    7.5000    0.0000   30.0000 2447.2354   13.2743
   -7.5000    7.5000   30.0000 2544.4099   12.3153
    0.0000    7.5000   30.0000 2571.3005   12.0166
    7.5000    7.5000   30.0000 2555.1892   12.1991
   -7.5000   15.0000   30.0000 2641.6035   11.4459
    0.0000   15.0000   30.0000 2668.4253   11.1607
    7.5000   15.0000   30.0000 2652.4934   11.3506
   -7.5000   22.5000   30.0000 2725.4500   10.8053
    0.0000   22.5000   30.0000 2754.2339   10.5393
    7.5000   22.5000   30.0000 2736.5857   10.7111
   -7.5000   30.0000   30.0000 2781.7212   10.4453
    0.0000   30.0000   30.0000 2806.7234   10.2123
    7.5000   30.0000   30.0000 2787.0801   10.3650
   -7.5000   37.5000   30.0000 2794.4258   10.3659
    0.0000   37.5000   30.0000 2817.8406   10.1743
    7.5000   37.5000   30.0000 2798.7292   10.2943
   -7.5000   45.0000   30.0000 2759.2637   10.5135
    0.0000   45.0000   30.0000 2789.7358   10.3335
    7.5000   45.0000   30.0000 2764.6575   10.4288
   -7.5000   52.5000   30.0000 2676.1555   10.7577
    0.0000   52.5000   30.0000 2699.4219   10.5898
    7.5000   52.5000   30.0000 2683.2092   10.6749
   -7.5000   60.0000   30.0000 2541.7476   11.0630
    0.0000   60.0000   30.0000 2562.0330   10.8952
    7.5000   60.0000   30.0000 2547.6841   10.9828
   -7.5000   67.5000   30.0000 2378.3630   11.3766
    0.0000   67.5000   30.0000 2397.3289   11.2254
    7.5000   67.5000   30.0000 2379.9258   11.2943
   -7.5000  -22.5000   37.5000 1963.6654   20.3357
    0.0000  -22.5000   37.5000 1979.8112   20.0290
    7.5000  -22.5000   37.5000 1970.3088   20.1382
   -7.5000  -15.0000   37.5000 2128.8982   17.5941
    0.0000  -15.0000   37.5000 2149.9846   17.2985
    7.5000  -15.0000   37.5000 2138.4995   17.3947
   -7.5000   -7.5000   37.5000 2271.6062   15.6068
    0.0000   -7.5000   37.5000 2301.2036   15.3636
    7.5000   -7.5000   37.5000 2284.7200   15.4865
   -7.5000    0.0000   37.5000 2387.3359   14.1707
    0.0000    0.0000   37.5000 2417.1277   13.9040
    7.5000    0.0000   37.5000 2401.3159   14.0618
   -7.5000    7.5000   37.5000 2489.0935   13.0790
    0.0000    7.5000   37.5000 2518.1160   12.7963
    7.5000    7.5000   37.5000 2501.0950   12.9601
   -7.5000   15.0000   37.5000 2575.4563   12.1877
    0.0000   15.0000   37.5000 2604.9807   11.9190
    7.5000   15.0000   37.5000 2587.5852   12.0858
   -7.5000   22.5000   37.5000 2652.5793   11.5380
    0.0000   22.5000   37.5000 2678.0876   11.2715
    7.5000   22.5000   37.5000 2661.5027   11.4456
   -7.5000   30.0000   37.5000 2693.5454   11.1649
    0.0000   30.0000   37.5000 2713.9009   10.9416
    7.5000   30.0000   37.5000 2697.6294   11.1000
   -7.5000   37.5000   37.5000 2697.9072   11.0936
    0.0000   37.5000   37.5000 2716.5588   10.8969
    7.5000   37.5000   37.5000 2702.1187   11.0239
   -7.5000   45.0000   37.5000 2669.6052   11.2230
    0.0000   45.0000   37.5000 2692.2720   11.0364
    7.5000   45.0000   37.5000 2676.3440   11.1334
   -7.5000   52.5000   37.5000 2593.7051   11.4491
    0.0000   52.5000   37.5000 2613.3298   11.2701
    7.5000   52.5000   37.5000 2600.9197   11.3707
   -7.5000   60.0000   37.5000 2466.7947   11.7206
    0.0000   60.0000   37.5000 2484.8516   11.5468
    7.5000   60.0000   37.5000 2471.2732   11.6519
   -7.5000   67.5000   37.5000 2309.3232   11.9938
    0.0000   67.5000   37.5000 2325.9817   11.8295
    7.5000   67.5000   37.5000 2310.7869   11.9125
   -7.5000  -22.5000   45.0000 1903.9221   21.6375
    0.0000  -22.5000   45.0000 1922.9062   21.4197
    7.5000  -22.5000   45.0000 1915.0043   21.4580
   -7.5000  -15.0000   45.0000 2067.3323   18.7451
    0.0000  -15.0000   45.0000 2091.7446   18.5088
    7.5000  -15.0000   45.0000 2083.5085   18.5605
   -7.5000   -7.5000   45.0000 2208.2051   16.6753
    0.0000   -7.5000   45.0000 2239.4082   16.4612
    7.5000   -7.5000   45.0000 2225.2905   16.5330
   -7.5000    0.0000   45.0000 2321.3120   15.1559
    0.0000    0.0000   45.0000 2353.4399   14.9552
    7.5000    0.0000   45.0000 2336.4058   15.0677
   -7.5000    7.5000   45.0000 2419.1357   14.0182
    0.0000    7.5000   45.0000 2447.6528   13.7755
    7.5000    7.5000   45.0000 2433.5178   13.9288
   -7.5000   15.0000   45.0000 2495.3076   13.1069
    0.0000   15.0000   45.0000 2525.0320   12.8458
    7.5000   15.0000   45.0000 2509.0532   13.0080
   -7.5000   22.5000   45.0000 2558.1113   12.4286
    0.0000   22.5000   45.0000 2583.9995   12.1776
    7.5000   22.5000   45.0000 2569.4136   12.3508
   -7.5000   30.0000   45.0000 2591.0901   12.0327
    0.0000   30.0000   45.0000 2610.5801   11.8376
    7.5000   30.0000   45.0000 2594.5977   11.9800
   -7.5000   37.5000   45.0000 2593.2329   11.9530
    0.0000   37.5000   45.0000 2610.2781   11.7736
    7.5000   37.5000   45.0000 2595.6775   11.9014
   -7.5000   45.0000   45.0000 2567.8455   12.0765
    0.0000   45.0000   45.0000 2586.0830   11.9070
    7.5000   45.0000   45.0000 2575.5371   12.0141
   -7.5000   52.5000   45.0000 2498.3835   12.3113
    0.0000   52.5000   45.0000 2517.3701   12.1335
    7.5000   52.5000   45.0000 2504.9329   12.2389
   -7.5000   60.0000   45.0000 2377.9944   12.5654
    0.0000   60.0000   45.0000 2395.2188   12.3865
    7.5000   60.0000   45.0000 2382.9543   12.5058
   -7.5000   67.5000   45.0000 2228.4822   12.7959
    0.0000   67.5000   45.0000 2244.5049   12.6238
    7.5000   67.5000   45.0000 2233.5349   12.7266

---------------------------------------------------------------------
imgreg_4dfp /opt/freesurfer/average/711-2C_as_mni_average_305 /opt/freesurfer/average/711-2B_as_mni_average_305_mask talsrcimg_g11 none talsrcimg_to_711-2C_as_mni_average_305_t4 1283
---------------------------------------------------------------------

freesurfer imgreg_4dfp.c
/opt/freesurfer/average/711-2C_as_mni_average_305.4dfp.img
       256       256       256         1
  1.000000  1.000000  1.000000
orientation T byte_order littleendian
Reading image: /opt/freesurfer/average/711-2C_as_mni_average_305.4dfp.img
dimensions:      256       256       256
mmppix:       1.0000   -1.0000   -1.0000
center:     128.0000 -129.0000 -129.0000
/opt/freesurfer/average/711-2B_as_mni_average_305_mask.4dfp.img
       256       256       256         1
  1.000000  1.000000  1.000000
orientation T byte_order littleendian
Reading mask: /opt/freesurfer/average/711-2B_as_mni_average_305_mask.4dfp.img (2306576 pixels)
talsrcimg_g11.4dfp.img
       256       256       256         1
  1.000000  1.000000  1.000000
orientation T byte_order littleendian
Reading image: talsrcimg_g11.4dfp.img
dimensions:      256       256       256
mmppix:       1.0000   -1.0000   -1.0000
center:     128.0000 -129.0000 -129.0000
rotation matrix determinant  1.000000
fimgreg.f
image alignment mode   1283 decimal      503 hex
parameters
    0.0000   37.5000    0.0000    0.0000    0.0000    0.0000
eta,q 0.95876  8.97774
niter,ni,del,rscale     5    3   12.0000    1.2000
parameter  3 -0.551447 -> -0.500000 qaram    1.1500
parameters
    0.1009   38.1749    3.4500    0.5820   -1.5456   -0.0508
eta,q 0.96090  8.92683
  0.0591  0.0555  0.0574  0.0452  0.0438  0.0440
  0.0496  0.0480  0.0506  0.0419  0.0403  0.0413
  0.0444  0.0442  0.0459  0.0409  0.0391  0.0396
  0.0428  0.0427  0.0428  0.0400  0.0400  0.0391
  0.0449  0.0436  0.0407  0.0401  0.0424  0.0400
  0.0502  0.0461  0.0406  0.0412  0.0460  0.0416
  0.0569  0.0500  0.0418  0.0434  0.0505  0.0440
niter,ni,del,rscale     5    3   12.0000    1.2000
parameters
    0.4167   38.0583    3.6376    0.5858   -1.7868    0.0864
eta,q 0.96090  8.93218
  0.0575  0.0485  0.0490  0.0434  0.0469  0.0444
  0.0485  0.0425  0.0440  0.0407  0.0424  0.0416
  0.0419  0.0399  0.0404  0.0398  0.0395  0.0397
  0.0391  0.0392  0.0391  0.0392  0.0392  0.0391
  0.0417  0.0410  0.0407  0.0393  0.0408  0.0399
  0.0473  0.0442  0.0433  0.0409  0.0437  0.0415
  0.0532  0.0481  0.0479  0.0435  0.0476  0.0437
niter,ni,del,rscale     4    3   12.0000    1.2000
parameters
    0.5339   38.0826    3.6490    0.5375   -1.8981    0.1401
eta,q 0.96087  8.93336
  0.0563  0.0491  0.0486  0.0434  0.0472  0.0443
  0.0477  0.0427  0.0438  0.0407  0.0427  0.0415
  0.0414  0.0399  0.0403  0.0398  0.0397  0.0397
  0.0391  0.0391  0.0391  0.0391  0.0392  0.0391
  0.0422  0.0408  0.0408  0.0393  0.0407  0.0400
  0.0480  0.0439  0.0436  0.0409  0.0436  0.0416
  0.0539  0.0477  0.0484  0.0436  0.0473  0.0439
niter,ni,del,rscale     3    3   12.0000    1.2000
parameters
    0.5767   38.0961    3.6427    0.5290   -1.9432    0.1602
eta,q 0.96086  8.93358
  0.0558  0.0490  0.0485  0.0434  0.0474  0.0442
  0.0474  0.0427  0.0438  0.0407  0.0429  0.0415
  0.0412  0.0399  0.0403  0.0398  0.0398  0.0397
  0.0391  0.0391  0.0391  0.0391  0.0391  0.0391
  0.0424  0.0408  0.0409  0.0393  0.0406  0.0400
  0.0483  0.0439  0.0437  0.0409  0.0435  0.0416
  0.0542  0.0477  0.0485  0.0436  0.0472  0.0439
registration optimization eta report
parameter search radius
    6.0000    6.0000    6.9000    6.0000    6.0000    6.0000
100000*second partial in parameter space
       43.       25.       19.       12.       22.       13.
  0.0558  0.0490  0.0485  0.0434  0.0474  0.0442
  0.0474  0.0427  0.0438  0.0407  0.0429  0.0415
  0.0412  0.0399  0.0403  0.0398  0.0398  0.0397
  0.0391  0.0391  0.0391  0.0391  0.0391  0.0391
  0.0424  0.0408  0.0409  0.0393  0.0406  0.0400
  0.0483  0.0439  0.0437  0.0409  0.0435  0.0416
  0.0542  0.0477  0.0485  0.0436  0.0472  0.0439
    0.5767   38.0961    3.6427    0.5290   -1.9432    0.1602
eta,q 0.96086  8.93358

---------------------------------------------------------------------
imgreg_4dfp /opt/freesurfer/average/711-2C_as_mni_average_305 /opt/freesurfer/average/711-2B_as_mni_average_305_mask talsrcimg_g11 none talsrcimg_to_711-2C_as_mni_average_305_t4 3335
---------------------------------------------------------------------

freesurfer imgreg_4dfp.c
/opt/freesurfer/average/711-2C_as_mni_average_305.4dfp.img
       256       256       256         1
  1.000000  1.000000  1.000000
orientation T byte_order littleendian
Reading image: /opt/freesurfer/average/711-2C_as_mni_average_305.4dfp.img
dimensions:      256       256       256
mmppix:       1.0000   -1.0000   -1.0000
center:     128.0000 -129.0000 -129.0000
/opt/freesurfer/average/711-2B_as_mni_average_305_mask.4dfp.img
       256       256       256         1
  1.000000  1.000000  1.000000
orientation T byte_order littleendian
Reading mask: /opt/freesurfer/average/711-2B_as_mni_average_305_mask.4dfp.img (2306576 pixels)
talsrcimg_g11.4dfp.img
       256       256       256         1
  1.000000  1.000000  1.000000
orientation T byte_order littleendian
Reading image: talsrcimg_g11.4dfp.img
dimensions:      256       256       256
mmppix:       1.0000   -1.0000   -1.0000
center:     128.0000 -129.0000 -129.0000
fimgreg.f
image alignment mode   3335 decimal      D07 hex
parameters
    0.5767   38.0961    3.6427   -0.0579   -0.0046   -0.0618
   -0.2482    3.3932    0.2794   -0.9138   -3.3908    0.9227
eta,q 0.96340  8.97421
niter,ni,del,rscale     5    3    5.0000    1.2000
parameter  4  0.536508 ->  0.500000 qaram    1.1500
parameter  5  1.470806 ->  0.500000 qaram    1.1500
parameter  6  1.077561 ->  0.500000 qaram    1.1500
parameter 12  0.774455 ->  0.500000 qaram    1.1500
parameters
    0.6383   38.4153    3.7830   -4.1979   -4.1446   -4.2018
   -0.0418    3.0915    1.8525   -1.9115   -6.2621   -3.2173
eta,q 0.97145  8.61014
  0.0397  0.0394  0.0381  0.0362  0.0319  0.0290  0.0314  0.0331  0.0318  0.0311  0.0295  0.0286
  0.0380  0.0380  0.0374  0.0358  0.0329  0.0291  0.0303  0.0312  0.0307  0.0300  0.0292  0.0285
  0.0370  0.0371  0.0368  0.0358  0.0342  0.0304  0.0296  0.0298  0.0298  0.0293  0.0291  0.0287
  0.0366  0.0366  0.0366  0.0366  0.0358  0.0332  0.0294  0.0294  0.0294  0.0293  0.0293  0.0291
  0.0369  0.0367  0.0366  0.0382  0.0379  0.0370  0.0296  0.0299  0.0294  0.0298  0.0298  0.0297
  0.0378  0.0372  0.0371  0.0406  0.0407  0.0411  0.0302  0.0314  0.0297  0.0309  0.0305  0.0305
  0.0393  0.0382  0.0379  0.0440  0.0438  0.0455  0.0312  0.0340  0.0303  0.0326  0.0316  0.0314
niter,ni,del,rscale     7    3    5.0000    1.2000
parameter  3  0.804435 ->  0.500000 qaram    1.1500
parameter  5  0.667266 ->  0.500000 qaram    1.3225
parameters
    0.7023   37.8629    2.4030   -2.4222   -8.9056   -7.4552
    0.2242    3.5083    2.7409   -0.8251   -7.3790   -3.1298
eta,q 0.97470  8.45526
  0.0313  0.0297  0.0274  0.0312  0.0257  0.0262  0.0278  0.0293  0.0276  0.0285  0.0260  0.0269
  0.0298  0.0288  0.0271  0.0296  0.0249  0.0259  0.0265  0.0272  0.0265  0.0269  0.0255  0.0260
  0.0289  0.0284  0.0275  0.0282  0.0254  0.0253  0.0257  0.0259  0.0258  0.0258  0.0253  0.0254
  0.0285  0.0285  0.0284  0.0272  0.0267  0.0249  0.0254  0.0254  0.0254  0.0254  0.0253  0.0253
  0.0288  0.0291  0.0297  0.0267  0.0285  0.0274  0.0256  0.0256  0.0254  0.0254  0.0256  0.0255
  0.0296  0.0301  0.0313  0.0274  0.0306  0.0318  0.0263  0.0266  0.0259  0.0259  0.0260  0.0259
  0.0311  0.0315  0.0332  0.0291  0.0337  0.0373  0.0275  0.0285  0.0268  0.0270  0.0266  0.0268
niter,ni,del,rscale     7    3    5.0000    1.2000
parameters
    0.8766   38.4309    1.6423   -1.2942   -9.5659   -9.4057
    0.0259    3.7281    3.3453    0.2402   -7.2190   -3.3455
eta,q 0.97481  8.38901
  0.0285  0.0291  0.0260  0.0284  0.0283  0.0263  0.0273  0.0288  0.0271  0.0280  0.0262  0.0266
  0.0269  0.0272  0.0252  0.0270  0.0266  0.0255  0.0262  0.0269  0.0262  0.0266  0.0256  0.0258
  0.0258  0.0259  0.0250  0.0259  0.0252  0.0253  0.0255  0.0256  0.0256  0.0256  0.0253  0.0253
  0.0253  0.0253  0.0252  0.0250  0.0248  0.0248  0.0253  0.0253  0.0253  0.0252  0.0252  0.0252
  0.0254  0.0252  0.0257  0.0248  0.0257  0.0246  0.0255  0.0256  0.0253  0.0253  0.0253  0.0254
  0.0263  0.0257  0.0266  0.0255  0.0273  0.0273  0.0263  0.0266  0.0258  0.0257  0.0256  0.0259
  0.0277  0.0266  0.0280  0.0273  0.0293  0.0319  0.0276  0.0284  0.0267  0.0267  0.0261  0.0267
niter,ni,del,rscale     6    3    5.0000    1.2000
parameters
    0.8941   38.9384    1.1590   -1.5318  -10.2302  -10.3496
   -0.2419    3.6359    3.4657    1.3650   -7.3281   -3.7048
eta,q 0.97495  8.31330
  0.0280  0.0286  0.0261  0.0275  0.0283  0.0266  0.0271  0.0282  0.0267  0.0278  0.0260  0.0264
  0.0265  0.0269  0.0254  0.0265  0.0267  0.0255  0.0260  0.0265  0.0259  0.0264  0.0254  0.0256
  0.0255  0.0258  0.0250  0.0256  0.0255  0.0251  0.0253  0.0254  0.0254  0.0256  0.0251  0.0252
  0.0252  0.0252  0.0251  0.0250  0.0251  0.0250  0.0251  0.0251  0.0251  0.0251  0.0251  0.0250
  0.0255  0.0251  0.0254  0.0251  0.0259  0.0245  0.0254  0.0255  0.0253  0.0251  0.0251  0.0253
  0.0264  0.0256  0.0261  0.0261  0.0274  0.0254  0.0262  0.0265  0.0258  0.0256  0.0255  0.0258
  0.0280  0.0266  0.0271  0.0284  0.0292  0.0291  0.0274  0.0284  0.0267  0.0265  0.0260  0.0266
niter,ni,del,rscale     5    3    5.0000    1.2000
parameters
    0.9149   39.4004    0.8443   -1.7158  -10.9525  -10.8791
   -0.3379    3.6118    3.5237    2.4252   -7.4608   -3.9744
eta,q 0.97508  8.25459
  0.0278  0.0283  0.0262  0.0273  0.0280  0.0266  0.0270  0.0280  0.0266  0.0276  0.0258  0.0263
  0.0263  0.0267  0.0254  0.0263  0.0265  0.0254  0.0259  0.0263  0.0258  0.0263  0.0253  0.0255
  0.0254  0.0256  0.0250  0.0255  0.0254  0.0249  0.0252  0.0252  0.0252  0.0254  0.0250  0.0251
  0.0250  0.0250  0.0250  0.0249  0.0250  0.0250  0.0250  0.0250  0.0250  0.0250  0.0249  0.0249
  0.0253  0.0250  0.0253  0.0250  0.0257  0.0246  0.0252  0.0253  0.0251  0.0250  0.0250  0.0251
  0.0262  0.0255  0.0259  0.0259  0.0273  0.0251  0.0259  0.0263  0.0257  0.0255  0.0253  0.0257
  0.0277  0.0265  0.0269  0.0280  0.0290  0.0280  0.0271  0.0280  0.0266  0.0264  0.0259  0.0264
niter,ni,del,rscale     4    3    5.0000    1.2000
parameters
    0.9259   39.8019    0.6045   -1.8286  -11.6162  -11.3353
   -0.4262    3.6046    3.4706    3.2716   -7.5125   -4.1524
eta,q 0.97515  8.20440
  0.0276  0.0280  0.0262  0.0271  0.0278  0.0266  0.0268  0.0278  0.0265  0.0274  0.0258  0.0262
  0.0262  0.0265  0.0254  0.0261  0.0264  0.0253  0.0257  0.0262  0.0256  0.0261  0.0253  0.0255
  0.0253  0.0254  0.0249  0.0254  0.0253  0.0248  0.0251  0.0251  0.0251  0.0252  0.0249  0.0250
  0.0249  0.0249  0.0249  0.0248  0.0249  0.0249  0.0249  0.0249  0.0249  0.0249  0.0249  0.0249
  0.0252  0.0249  0.0251  0.0249  0.0255  0.0247  0.0251  0.0252  0.0251  0.0250  0.0250  0.0251
  0.0261  0.0255  0.0258  0.0257  0.0270  0.0251  0.0258  0.0262  0.0256  0.0255  0.0253  0.0256
  0.0276  0.0264  0.0267  0.0277  0.0287  0.0277  0.0269  0.0278  0.0265  0.0264  0.0258  0.0263
niter,ni,del,rscale     3    3    5.0000    1.2000
parameters
    0.9365   40.1376    0.4240   -1.9076  -12.1874  -11.6888
   -0.4874    3.6063    3.3446    3.9088   -7.4969   -4.2534
eta,q 0.97519  8.16343
  0.0274  0.0277  0.0263  0.0270  0.0277  0.0266  0.0267  0.0277  0.0264  0.0272  0.0258  0.0262
  0.0261  0.0262  0.0254  0.0260  0.0263  0.0253  0.0257  0.0261  0.0255  0.0260  0.0252  0.0254
  0.0252  0.0253  0.0249  0.0253  0.0252  0.0248  0.0250  0.0250  0.0250  0.0251  0.0249  0.0250
  0.0249  0.0249  0.0248  0.0248  0.0248  0.0248  0.0248  0.0248  0.0248  0.0248  0.0248  0.0248
  0.0251  0.0249  0.0251  0.0249  0.0253  0.0247  0.0251  0.0252  0.0250  0.0249  0.0249  0.0250
  0.0260  0.0255  0.0257  0.0256  0.0268  0.0251  0.0257  0.0261  0.0256  0.0255  0.0252  0.0255
  0.0274  0.0264  0.0267  0.0275  0.0285  0.0274  0.0267  0.0277  0.0265  0.0265  0.0258  0.0263
niter,ni,del,rscale     2    3    5.0000    1.2000
parameters
    0.9461   40.3985    0.2967   -1.9632  -12.6410  -11.9477
   -0.5207    3.6113    3.2119    4.3644   -7.4646   -4.3001
eta,q 0.97521  8.13204
  0.0273  0.0274  0.0263  0.0269  0.0277  0.0267  0.0266  0.0277  0.0263  0.0271  0.0258  0.0262
  0.0260  0.0261  0.0254  0.0259  0.0263  0.0254  0.0256  0.0261  0.0255  0.0259  0.0252  0.0254
  0.0251  0.0252  0.0249  0.0253  0.0252  0.0248  0.0250  0.0250  0.0249  0.0251  0.0249  0.0249
  0.0248  0.0248  0.0248  0.0248  0.0248  0.0248  0.0248  0.0248  0.0248  0.0248  0.0248  0.0248
  0.0251  0.0249  0.0250  0.0248  0.0253  0.0248  0.0250  0.0251  0.0250  0.0249  0.0249  0.0250
  0.0259  0.0255  0.0257  0.0255  0.0266  0.0252  0.0257  0.0261  0.0255  0.0255  0.0252  0.0255
  0.0273  0.0265  0.0266  0.0274  0.0283  0.0273  0.0266  0.0276  0.0265  0.0266  0.0257  0.0262
niter,ni,del,rscale     1    3    5.0000    1.2000
parameters
    0.9535   40.5834    0.2105   -2.0078  -12.9594  -12.1060
   -0.5470    3.6353    3.1179    4.6844   -7.4432   -4.3386
eta,q 0.97522  8.11102
  0.0272  0.0272  0.0264  0.0268  0.0277  0.0267  0.0266  0.0277  0.0263  0.0271  0.0258  0.0262
  0.0259  0.0259  0.0255  0.0259  0.0263  0.0254  0.0256  0.0261  0.0255  0.0258  0.0252  0.0254
  0.0251  0.0251  0.0249  0.0252  0.0252  0.0248  0.0250  0.0250  0.0249  0.0251  0.0249  0.0249
  0.0248  0.0248  0.0248  0.0248  0.0248  0.0248  0.0248  0.0248  0.0248  0.0248  0.0248  0.0248
  0.0250  0.0249  0.0250  0.0248  0.0252  0.0248  0.0250  0.0251  0.0250  0.0250  0.0249  0.0250
  0.0259  0.0255  0.0256  0.0255  0.0265  0.0252  0.0256  0.0260  0.0255  0.0256  0.0252  0.0255
  0.0273  0.0266  0.0266  0.0273  0.0282  0.0272  0.0266  0.0276  0.0264  0.0267  0.0257  0.0262
registration optimization eta report
parameter search radius
    2.4000    2.4000    2.7600    8.2800    9.5220    8.2800
    7.2000    7.2000    7.2000    7.2000    7.2000    8.2800
100000*second partial in parameter space
       43.       37.       22.        3.        3.        3.
        3.        6.        3.        4.        2.        2.
  0.0272  0.0272  0.0264  0.0268  0.0277  0.0267  0.0266  0.0277  0.0263  0.0271  0.0258  0.0262
  0.0259  0.0259  0.0255  0.0259  0.0263  0.0254  0.0256  0.0261  0.0255  0.0258  0.0252  0.0254
  0.0251  0.0251  0.0249  0.0252  0.0252  0.0248  0.0250  0.0250  0.0249  0.0251  0.0249  0.0249
  0.0248  0.0248  0.0248  0.0248  0.0248  0.0248  0.0248  0.0248  0.0248  0.0248  0.0248  0.0248
  0.0250  0.0249  0.0250  0.0248  0.0252  0.0248  0.0250  0.0251  0.0250  0.0250  0.0249  0.0250
  0.0259  0.0255  0.0256  0.0255  0.0265  0.0252  0.0256  0.0260  0.0255  0.0256  0.0252  0.0255
  0.0273  0.0266  0.0266  0.0273  0.0282  0.0272  0.0266  0.0276  0.0264  0.0267  0.0257  0.0262
    0.9535   40.5834    0.2105   -2.0078  -12.9594  -12.1060
   -0.5470    3.6353    3.1179    4.6844   -7.4432   -4.3386
eta,q 0.97522  8.11102

---------------------------------------------------------------------
imgreg_4dfp /opt/freesurfer/average/711-2C_as_mni_average_305 /opt/freesurfer/average/711-2B_as_mni_average_305_mask talsrcimg_g11 none talsrcimg_to_711-2C_as_mni_average_305_t4 2311
---------------------------------------------------------------------

freesurfer imgreg_4dfp.c
/opt/freesurfer/average/711-2C_as_mni_average_305.4dfp.img
       256       256       256         1
  1.000000  1.000000  1.000000
orientation T byte_order littleendian
Reading image: /opt/freesurfer/average/711-2C_as_mni_average_305.4dfp.img
dimensions:      256       256       256
mmppix:       1.0000   -1.0000   -1.0000
center:     128.0000 -129.0000 -129.0000
/opt/freesurfer/average/711-2B_as_mni_average_305_mask.4dfp.img
       256       256       256         1
  1.000000  1.000000  1.000000
orientation T byte_order littleendian
Reading mask: /opt/freesurfer/average/711-2B_as_mni_average_305_mask.4dfp.img (2306576 pixels)
talsrcimg_g11.4dfp.img
       256       256       256         1
  1.000000  1.000000  1.000000
orientation T byte_order littleendian
Reading image: talsrcimg_g11.4dfp.img
dimensions:      256       256       256
mmppix:       1.0000   -1.0000   -1.0000
center:     128.0000 -129.0000 -129.0000
fimgreg.f
image alignment mode   2311 decimal      907 hex
parameters
    0.9535   40.5834    0.2105   -2.0078  -12.9594  -12.1060
   -0.5470    3.6353    3.1179    4.6844   -7.4432   -4.3386
eta,q 0.97522  8.11102
niter,ni,del,rscale     5    3    5.0000    0.8000
parameters
    0.9915   40.6960    0.1535   -0.9798  -12.8995  -11.1440
   -0.2996    4.0760    3.3020    5.4217   -6.5349   -4.3295
eta,q 0.97535  8.19264
  0.0259  0.0259  0.0253  0.0257  0.0257  0.0252  0.0256  0.0264  0.0255  0.0259  0.0254  0.0252
  0.0253  0.0253  0.0250  0.0253  0.0252  0.0248  0.0251  0.0255  0.0251  0.0253  0.0250  0.0249
  0.0249  0.0249  0.0248  0.0250  0.0248  0.0247  0.0248  0.0249  0.0248  0.0249  0.0248  0.0247
  0.0248  0.0248  0.0248  0.0248  0.0247  0.0247  0.0247  0.0247  0.0247  0.0247  0.0247  0.0246
  0.0249  0.0248  0.0249  0.0247  0.0248  0.0247  0.0248  0.0248  0.0248  0.0247  0.0247  0.0247
  0.0252  0.0251  0.0251  0.0249  0.0251  0.0247  0.0250  0.0251  0.0250  0.0249  0.0248  0.0249
  0.0258  0.0256  0.0254  0.0252  0.0257  0.0249  0.0255  0.0259  0.0254  0.0254  0.0250  0.0252
niter,ni,del,rscale     4    3    5.0000    0.7000
parameters
    0.9612   40.6805    0.1160   -0.5347  -12.9474  -10.6046
   -0.2471    4.2186    3.0562    5.7998   -6.1355   -4.2798
eta,q 0.97545  8.22985
  0.0255  0.0254  0.0251  0.0254  0.0254  0.0250  0.0252  0.0259  0.0251  0.0254  0.0251  0.0250
  0.0250  0.0250  0.0248  0.0251  0.0250  0.0248  0.0249  0.0252  0.0248  0.0250  0.0248  0.0247
  0.0247  0.0247  0.0247  0.0248  0.0247  0.0247  0.0246  0.0248  0.0246  0.0247  0.0246  0.0246
  0.0246  0.0246  0.0247  0.0247  0.0246  0.0246  0.0246  0.0246  0.0246  0.0246  0.0246  0.0246
  0.0248  0.0247  0.0247  0.0247  0.0247  0.0245  0.0246  0.0247  0.0247  0.0246  0.0246  0.0246
  0.0251  0.0250  0.0249  0.0248  0.0250  0.0246  0.0248  0.0251  0.0249  0.0248  0.0247  0.0247
  0.0256  0.0254  0.0251  0.0252  0.0254  0.0250  0.0252  0.0258  0.0252  0.0252  0.0249  0.0250
niter,ni,del,rscale     3    3    5.0000    0.6000
parameters
    0.9596   40.7064    0.1876   -0.3975  -13.0473  -10.2470
   -0.1931    4.2700    2.8880    5.9781   -5.9740   -4.3164
eta,q 0.97550  8.24533
  0.0252  0.0251  0.0250  0.0252  0.0251  0.0250  0.0250  0.0255  0.0249  0.0252  0.0249  0.0248
  0.0249  0.0248  0.0248  0.0249  0.0248  0.0248  0.0247  0.0250  0.0247  0.0248  0.0247  0.0246
  0.0246  0.0246  0.0246  0.0247  0.0246  0.0247  0.0246  0.0246  0.0245  0.0246  0.0246  0.0245
  0.0246  0.0246  0.0246  0.0245  0.0245  0.0245  0.0245  0.0245  0.0245  0.0245  0.0245  0.0245
  0.0246  0.0246  0.0246  0.0246  0.0246  0.0245  0.0246  0.0246  0.0246  0.0245  0.0245  0.0245
  0.0248  0.0248  0.0247  0.0248  0.0248  0.0246  0.0247  0.0249  0.0247  0.0247  0.0246  0.0246
  0.0252  0.0251  0.0249  0.0251  0.0251  0.0250  0.0250  0.0255  0.0250  0.0251  0.0248  0.0248
niter,ni,del,rscale     2    3    5.0000    0.5000
parameters
    0.9678   40.7146    0.2608   -0.3365  -13.1209   -9.8484
   -0.1407    4.2980    2.8230    6.0673   -5.9449   -4.3946
eta,q 0.97553  8.26065
  0.0250  0.0249  0.0248  0.0250  0.0249  0.0249  0.0248  0.0252  0.0247  0.0249  0.0247  0.0247
  0.0247  0.0247  0.0247  0.0247  0.0247  0.0248  0.0246  0.0248  0.0246  0.0247  0.0246  0.0246
  0.0246  0.0246  0.0245  0.0246  0.0245  0.0246  0.0245  0.0246  0.0245  0.0245  0.0245  0.0245
  0.0245  0.0245  0.0245  0.0245  0.0245  0.0245  0.0245  0.0245  0.0245  0.0245  0.0245  0.0245
  0.0246  0.0245  0.0245  0.0245  0.0246  0.0244  0.0245  0.0245  0.0245  0.0245  0.0245  0.0245
  0.0247  0.0247  0.0246  0.0247  0.0247  0.0245  0.0246  0.0248  0.0246  0.0246  0.0246  0.0246
  0.0250  0.0249  0.0247  0.0249  0.0249  0.0248  0.0248  0.0252  0.0248  0.0249  0.0247  0.0247
niter,ni,del,rscale     1    3    5.0000    0.4000
parameters
    0.9761   40.7110    0.3452   -0.3499  -13.1924   -9.5354
   -0.1156    4.2976    2.8177    6.1067   -5.9834   -4.4522
eta,q 0.97556  8.27007
  0.0248  0.0247  0.0247  0.0248  0.0247  0.0248  0.0246  0.0249  0.0246  0.0247  0.0246  0.0246
  0.0246  0.0246  0.0246  0.0246  0.0246  0.0247  0.0245  0.0247  0.0245  0.0246  0.0245  0.0245
  0.0245  0.0245  0.0245  0.0245  0.0245  0.0246  0.0245  0.0245  0.0245  0.0245  0.0245  0.0245
  0.0245  0.0245  0.0245  0.0245  0.0245  0.0245  0.0244  0.0244  0.0244  0.0244  0.0244  0.0244
  0.0245  0.0245  0.0245  0.0245  0.0245  0.0244  0.0245  0.0245  0.0245  0.0245  0.0245  0.0245
  0.0246  0.0246  0.0245  0.0246  0.0246  0.0245  0.0245  0.0246  0.0245  0.0246  0.0245  0.0245
  0.0248  0.0247  0.0246  0.0248  0.0247  0.0247  0.0246  0.0249  0.0246  0.0247  0.0246  0.0246
registration optimization eta report
parameter search radius
    0.8000    0.8000    0.8000    2.4000    2.4000    2.4000
    2.4000    2.4000    2.4000    2.4000    2.4000    2.4000
100000*second partial in parameter space
       47.       39.       32.        5.        4.        5.
        4.        8.        3.        5.        3.        3.
  0.0248  0.0247  0.0247  0.0248  0.0247  0.0248  0.0246  0.0249  0.0246  0.0247  0.0246  0.0246
  0.0246  0.0246  0.0246  0.0246  0.0246  0.0247  0.0245  0.0247  0.0245  0.0246  0.0245  0.0245
  0.0245  0.0245  0.0245  0.0245  0.0245  0.0246  0.0245  0.0245  0.0245  0.0245  0.0245  0.0245
  0.0245  0.0245  0.0245  0.0245  0.0245  0.0245  0.0244  0.0244  0.0244  0.0244  0.0244  0.0244
  0.0245  0.0245  0.0245  0.0245  0.0245  0.0244  0.0245  0.0245  0.0245  0.0245  0.0245  0.0245
  0.0246  0.0246  0.0245  0.0246  0.0246  0.0245  0.0245  0.0246  0.0245  0.0246  0.0245  0.0245
  0.0248  0.0247  0.0246  0.0248  0.0247  0.0247  0.0246  0.0249  0.0246  0.0247  0.0246  0.0246
    0.9761   40.7110    0.3452   -0.3499  -13.1924   -9.5354
   -0.1156    4.2976    2.8177    6.1067   -5.9834   -4.4522
eta,q 0.97556  8.27007

---------------------------------------------------------------------
imgreg_4dfp /opt/freesurfer/average/711-2C_as_mni_average_305 /opt/freesurfer/average/711-2B_as_mni_average_305_mask talsrcimg_g11 none talsrcimg_to_711-2C_as_mni_average_305_t4 2311
---------------------------------------------------------------------

freesurfer imgreg_4dfp.c
/opt/freesurfer/average/711-2C_as_mni_average_305.4dfp.img
       256       256       256         1
  1.000000  1.000000  1.000000
orientation T byte_order littleendian
Reading image: /opt/freesurfer/average/711-2C_as_mni_average_305.4dfp.img
dimensions:      256       256       256
mmppix:       1.0000   -1.0000   -1.0000
center:     128.0000 -129.0000 -129.0000
/opt/freesurfer/average/711-2B_as_mni_average_305_mask.4dfp.img
       256       256       256         1
  1.000000  1.000000  1.000000
orientation T byte_order littleendian
Reading mask: /opt/freesurfer/average/711-2B_as_mni_average_305_mask.4dfp.img (2306576 pixels)
talsrcimg_g11.4dfp.img
       256       256       256         1
  1.000000  1.000000  1.000000
orientation T byte_order littleendian
Reading image: talsrcimg_g11.4dfp.img
dimensions:      256       256       256
mmppix:       1.0000   -1.0000   -1.0000
center:     128.0000 -129.0000 -129.0000
fimgreg.f
image alignment mode   2311 decimal      907 hex
parameters
    0.9761   40.7110    0.3452   -0.3499  -13.1924   -9.5354
   -0.1156    4.2976    2.8177    6.1067   -5.9834   -4.4522
eta,q 0.97556  8.27007
niter,ni,del,rscale     5    3    5.0000    0.8000
parameters
    0.9674   40.7076    0.4322   -0.6872  -13.1800  -10.2999
   -0.2266    4.2126    2.7808    5.8573   -6.0146   -4.2261
eta,q 0.97547  8.22765
  0.0256  0.0254  0.0253  0.0253  0.0254  0.0251  0.0253  0.0261  0.0252  0.0255  0.0251  0.0251
  0.0250  0.0249  0.0249  0.0249  0.0249  0.0249  0.0249  0.0253  0.0248  0.0250  0.0248  0.0248
  0.0246  0.0245  0.0246  0.0246  0.0246  0.0247  0.0246  0.0247  0.0246  0.0246  0.0246  0.0246
  0.0244  0.0244  0.0244  0.0244  0.0244  0.0244  0.0245  0.0245  0.0245  0.0245  0.0245  0.0245
  0.0246  0.0246  0.0245  0.0246  0.0246  0.0245  0.0246  0.0247  0.0246  0.0247  0.0246  0.0246
  0.0250  0.0249  0.0247  0.0250  0.0249  0.0251  0.0249  0.0253  0.0249  0.0251  0.0248  0.0247
  0.0257  0.0254  0.0251  0.0258  0.0254  0.0263  0.0254  0.0263  0.0253  0.0257  0.0251  0.0250
niter,ni,del,rscale     4    3    5.0000    0.7000
parameters
    0.9685   40.6893    0.2703   -0.5212  -13.0773  -10.4477
   -0.1806    4.2674    2.8056    5.8438   -5.9793   -4.2023
eta,q 0.97547  8.23119
  0.0254  0.0253  0.0249  0.0253  0.0253  0.0250  0.0252  0.0259  0.0251  0.0253  0.0250  0.0250
  0.0249  0.0249  0.0247  0.0250  0.0249  0.0249  0.0248  0.0251  0.0248  0.0249  0.0247  0.0247
  0.0246  0.0246  0.0245  0.0247  0.0246  0.0247  0.0246  0.0247  0.0246  0.0246  0.0246  0.0246
  0.0245  0.0245  0.0245  0.0245  0.0245  0.0245  0.0245  0.0245  0.0245  0.0245  0.0245  0.0245
  0.0246  0.0246  0.0246  0.0246  0.0246  0.0245  0.0246  0.0246  0.0246  0.0246  0.0246  0.0246
  0.0249  0.0249  0.0249  0.0248  0.0248  0.0247  0.0248  0.0251  0.0248  0.0249  0.0247  0.0247
  0.0254  0.0253  0.0252  0.0253  0.0252  0.0254  0.0251  0.0258  0.0251  0.0254  0.0250  0.0249
niter,ni,del,rscale     3    3    5.0000    0.6000
parameters
    0.9694   40.7006    0.2333   -0.3973  -13.0832  -10.2002
   -0.1535    4.2870    2.8119    5.9581   -5.9344   -4.2656
eta,q 0.97550  8.24541
  0.0252  0.0251  0.0249  0.0251  0.0251  0.0250  0.0250  0.0255  0.0249  0.0251  0.0249  0.0248
  0.0248  0.0248  0.0247  0.0249  0.0248  0.0248  0.0247  0.0250  0.0247  0.0248  0.0247  0.0246
  0.0246  0.0246  0.0246  0.0246  0.0246  0.0247  0.0245  0.0246  0.0245  0.0246  0.0245  0.0245
  0.0245  0.0245  0.0245  0.0245  0.0245  0.0245  0.0245  0.0245  0.0245  0.0245  0.0245  0.0245
  0.0246  0.0246  0.0246  0.0246  0.0246  0.0245  0.0245  0.0246  0.0245  0.0245  0.0245  0.0245
  0.0248  0.0248  0.0247  0.0248  0.0248  0.0246  0.0247  0.0249  0.0247  0.0247  0.0246  0.0246
  0.0252  0.0251  0.0249  0.0251  0.0251  0.0250  0.0250  0.0255  0.0249  0.0251  0.0248  0.0248
niter,ni,del,rscale     2    3    5.0000    0.5000
parameters
    0.9683   40.7040    0.2779   -0.3429  -13.1340   -9.8500
   -0.1264    4.3031    2.8113    6.0466   -5.9459   -4.3830
eta,q 0.97554  8.25986
  0.0250  0.0249  0.0248  0.0249  0.0249  0.0249  0.0248  0.0252  0.0247  0.0249  0.0247  0.0247
  0.0247  0.0247  0.0246  0.0247  0.0247  0.0248  0.0246  0.0248  0.0246  0.0247  0.0246  0.0246
  0.0245  0.0245  0.0245  0.0246  0.0245  0.0246  0.0245  0.0246  0.0245  0.0245  0.0245  0.0245
  0.0245  0.0245  0.0245  0.0245  0.0245  0.0245  0.0245  0.0245  0.0245  0.0245  0.0245  0.0245
  0.0245  0.0245  0.0245  0.0245  0.0245  0.0244  0.0245  0.0245  0.0245  0.0245  0.0245  0.0245
  0.0247  0.0247  0.0246  0.0247  0.0247  0.0245  0.0246  0.0248  0.0246  0.0246  0.0246  0.0246
  0.0250  0.0249  0.0248  0.0249  0.0249  0.0248  0.0248  0.0252  0.0247  0.0249  0.0247  0.0247
niter,ni,del,rscale     1    3    5.0000    0.4000
parameters
    0.9795   40.7057    0.3527   -0.3468  -13.1889   -9.5213
   -0.1243    4.3017    2.8190    6.0997   -5.9884   -4.4593
eta,q 0.97556  8.27103
  0.0248  0.0247  0.0247  0.0248  0.0247  0.0248  0.0246  0.0249  0.0246  0.0247  0.0246  0.0246
  0.0246  0.0246  0.0246  0.0246  0.0246  0.0247  0.0245  0.0247  0.0245  0.0246  0.0245  0.0245
  0.0245  0.0245  0.0245  0.0245  0.0245  0.0246  0.0245  0.0245  0.0245  0.0245  0.0245  0.0245
  0.0245  0.0245  0.0245  0.0245  0.0245  0.0245  0.0244  0.0244  0.0244  0.0244  0.0244  0.0244
  0.0245  0.0245  0.0245  0.0245  0.0245  0.0244  0.0245  0.0245  0.0245  0.0245  0.0245  0.0245
  0.0246  0.0246  0.0245  0.0246  0.0246  0.0245  0.0245  0.0246  0.0245  0.0246  0.0245  0.0245
  0.0248  0.0247  0.0246  0.0248  0.0247  0.0247  0.0246  0.0249  0.0246  0.0247  0.0246  0.0246
registration optimization eta report
parameter search radius
    0.8000    0.8000    0.8000    2.4000    2.4000    2.4000
    2.4000    2.4000    2.4000    2.4000    2.4000    2.4000
100000*second partial in parameter space
       47.       39.       31.        5.        4.        5.
        4.        8.        3.        5.        3.        2.
  0.0248  0.0247  0.0247  0.0248  0.0247  0.0248  0.0246  0.0249  0.0246  0.0247  0.0246  0.0246
  0.0246  0.0246  0.0246  0.0246  0.0246  0.0247  0.0245  0.0247  0.0245  0.0246  0.0245  0.0245
  0.0245  0.0245  0.0245  0.0245  0.0245  0.0246  0.0245  0.0245  0.0245  0.0245  0.0245  0.0245
  0.0245  0.0245  0.0245  0.0245  0.0245  0.0245  0.0244  0.0244  0.0244  0.0244  0.0244  0.0244
  0.0245  0.0245  0.0245  0.0245  0.0245  0.0244  0.0245  0.0245  0.0245  0.0245  0.0245  0.0245
  0.0246  0.0246  0.0245  0.0246  0.0246  0.0245  0.0245  0.0246  0.0245  0.0246  0.0245  0.0245
  0.0248  0.0247  0.0246  0.0248  0.0247  0.0247  0.0246  0.0249  0.0246  0.0247  0.0246  0.0246
    0.9795   40.7057    0.3527   -0.3468  -13.1889   -9.5213
   -0.1243    4.3017    2.8190    6.0997   -5.9884   -4.4593
eta,q 0.97556  8.27103

---------------------------------------------------------------------
compute_vox2vox talsrcimg talsrcimg_to_711-2C_as_mni_average_305_t4 /opt/freesurfer/average/711-2C_as_mni_average_305
---------------------------------------------------------------------

freesurfer compute_vox2vox.c
Reading: talsrcimg.4dfp.ifh
Reading: talsrcimg_to_711-2C_as_mni_average_305_t4
Reading: /opt/freesurfer/average/711-2C_as_mni_average_305.4dfp.ifh
Writing: talsrcimg_to_711-2C_as_mni_average_305_t4_vox2vox.txt

start time Fri Mar 13 02:22:18 CET 2026
end		time Fri Mar 13 02:22:32 CET 2026

mpr2mni305 success

avi2talxfm orig_nu.mgz /opt/freesurfer/average/mni305.cor.mgz talsrcimg_to_711-2C_as_mni_average_305_t4_vox2vox.txt transforms/talairach.auto.xfm
avi2talxfm done
mv -f /out/sourcedata/freesurfer/sub-v2s3x28821_ses-1/mri/talsrcimg_to_711-2C_as_mni_average_305_t4_vox2vox.txt /out/sourcedata/freesurfer/sub-v2s3x28821_ses-1/mri/transforms/talsrcimg_to_711-2C_as_mni_average_305_t4_vox2vox.txt
lta_convert --src orig_nu.mgz --trg /opt/freesurfer/average/mni305.cor.mgz --inxfm transforms/talairach.auto.xfm --outlta transforms/talairach.auto.xfm.lta --subject fsaverage
7.3.2

--src: orig_nu.mgz src image (geometry).
--trg: /opt/freesurfer/average/mni305.cor.mgz trg image (geometry).
--inmni: transforms/talairach.auto.xfm input MNI/XFM transform.
--outlta: transforms/talairach.auto.xfm.lta output LTA.
--s: fsaverage subject name
 LTA read, type : 1
 1.00065  -0.04751  -0.00101  -11.27019;
 0.06441   1.09836   0.05651  -41.04368;
-0.03702  -0.07563   1.14799  -42.92188;
 0.00000   0.00000   0.00000   1.00000;
setting subject to fsaverage
Writing  LTA to file transforms/talairach.auto.xfm.lta...
lta_convert successful.
 
 
Started at Fri Mar 13 02:22:18 CET 2026
Ended   at Fri Mar 13 02:22:32 CET 2026
talairach_avi done
