/out/sourcedata/freesurfer/sub-v2s3x28818_ses-1/mri
/opt/freesurfer/bin/talairach_avi
--i orig_nu.mgz --xfm transforms/talairach.auto.xfm
talairach_avi 7.3.2
Linux dna078 5.14.0-427.37.1.el9_4.x86_64 #1 SMP PREEMPT_DYNAMIC Fri Sep 13 12:41:50 EDT 2024 x86_64 x86_64 x86_64 GNU/Linux
Fri Mar 13 02:15:00 CET 2026
mri_convert orig_nu.mgz talsrcimg.img 
reading from orig_nu.mgz...
TR=0.00, TE=0.00, TI=0.00, flip angle=0.00
i_ras = (-1, 0, 0)
j_ras = (0, 0, -1)
k_ras = (0, 1, 0)
writing to talsrcimg.img...
Analyze Output Matrix
-1.00000   0.00000   0.00000   127.30141;
 0.00000   0.00000   1.00000  -82.07382;
 0.00000  -1.00000   0.00000   131.76933;
 0.00000   0.00000   0.00000   1.00000;
--------------------
INFO: set hdr.hist.orient to -1
mpr2mni305 talsrcimg
Fri Mar 13 02:15:00 CET 2026
/opt/freesurfer/bin/mpr2mni305 talsrcimg
mpr2mni305 7.3.2
target=711-2C_as_mni_average_305

---------------------------------------------------------------------
analyzeto4dfp talsrcimg -O0 -y
---------------------------------------------------------------------

freesurfer ifh2hdr.c
Fri Mar 13 02:15:00 2026
Writing: talsrcimg.4dfp.hdr
freesurfer analyzeto4dfp.c
Reading: talsrcimg.hdr
header size 348 bytes
hdr.dime.datatype	offset=70	value=2
hdr.dime.bitpix		offset=72	value=8
hdr.hist.orient		offset=252	value=-1
dimensionality     4
dimensions       256       256       256         1
Reading: talsrcimg.img
Writing: talsrcimg.4dfp.img
Writing: talsrcimg.4dfp.ifh
ifh2hdr talsrcimg -r0to210
ori=2

---------------------------------------------------------------------
gauss_4dfp talsrcimg 1.1
---------------------------------------------------------------------

freesurfer gauss_4dfp.c
Reading: talsrcimg.4dfp.img
Writing: talsrcimg_g11.4dfp.img
image dimensions 256 256 256 padded to 288 288 288
processing volume 1freesurfer ifh2hdr.c
Fri Mar 13 02:15:01 2026
Writing: talsrcimg_g11.4dfp.hdr

Writing: talsrcimg_g11.4dfp.ifh
including: talsrcimg.4dfp.img.rec in talsrcimg_g11.4dfp.img.rec

---------------------------------------------------------------------
imgreg_4dfp /opt/freesurfer/average/711-2C_as_mni_average_305 none talsrcimg_g11 none talsrcimg_to_711-2C_as_mni_average_305_t4 4355
---------------------------------------------------------------------

freesurfer imgreg_4dfp.c
/opt/freesurfer/average/711-2C_as_mni_average_305.4dfp.img
       256       256       256         1
  1.000000  1.000000  1.000000
orientation T byte_order littleendian
Reading image: /opt/freesurfer/average/711-2C_as_mni_average_305.4dfp.img
dimensions:      256       256       256
mmppix:       1.0000   -1.0000   -1.0000
center:     128.0000 -129.0000 -129.0000
talsrcimg_g11.4dfp.img
       256       256       256         1
  1.000000  1.000000  1.000000
orientation T byte_order littleendian
Reading image: talsrcimg_g11.4dfp.img
dimensions:      256       256       256
mmppix:       1.0000   -1.0000   -1.0000
center:     128.0000 -129.0000 -129.0000
t4_read: open error in t4_sub.f l:  41 t4_file(1:l)talsrcimg_to_711-2C_as_mni_average_305_t4 
t4_read: transform initialized to I4
rotation matrix determinant  1.000000
image alignment mode   4355 decimal     1103 hex
   -7.5000  -45.0000  -45.0000 8013.0181   14.9995
    0.0000  -45.0000  -45.0000 8309.2344   14.9824
    7.5000  -45.0000  -45.0000 7899.8340   14.9784
   -7.5000  -37.5000  -45.0000 8731.9365   14.7295
    0.0000  -37.5000  -45.0000 9067.2891   14.7092
    7.5000  -37.5000  -45.0000 8613.4180   14.7037
   -7.5000  -30.0000  -45.0000 9843.3877   14.6321
    0.0000  -30.0000  -45.000010226.0723   14.6098
    7.5000  -30.0000  -45.0000 9717.2900   14.6038
   -7.5000  -22.5000  -45.000010934.4697   14.6001
    0.0000  -22.5000  -45.000011362.5312   14.5800
    7.5000  -22.5000  -45.000010798.8809   14.5747
   -7.5000  -15.0000  -45.000011963.3232   14.5780
    0.0000  -15.0000  -45.000012445.0059   14.5620
    7.5000  -15.0000  -45.000011810.1807   14.5587
   -7.5000   -7.5000  -45.000012910.1953   14.5601
    0.0000   -7.5000  -45.000013447.3271   14.5460
    7.5000   -7.5000  -45.000012748.0840   14.5433
   -7.5000    0.0000  -45.000013824.0332   14.5489
    0.0000    0.0000  -45.000014365.4502   14.5336
    7.5000    0.0000  -45.000013650.3613   14.5291
   -7.5000    7.5000  -45.000013645.6992   14.5373
    0.0000    7.5000  -45.000014179.4053   14.5183
    7.5000    7.5000  -45.000013472.6738   14.5124
   -7.5000   15.0000  -45.000013266.3633   14.5332
    0.0000   15.0000  -45.000013782.4229   14.5116
    7.5000   15.0000  -45.000013088.2334   14.5055
   -7.5000   22.5000  -45.000012728.3408   14.5395
    0.0000   22.5000  -45.000013252.5840   14.5196
    7.5000   22.5000  -45.000012575.7812   14.5141
   -7.5000   30.0000  -45.000012159.7031   14.3585
    0.0000   30.0000  -45.000012649.6904   14.3428
    7.5000   30.0000  -45.000012001.1582   14.3393
   -7.5000   37.5000  -45.000011942.3232   14.3608
    0.0000   37.5000  -45.000012434.6719   14.3469
    7.5000   37.5000  -45.000011776.6152   14.3443
   -7.5000   45.0000  -45.000011195.5400   13.9905
    0.0000   45.0000  -45.000011669.5771   13.9758
    7.5000   45.0000  -45.000011029.3037   13.9715
   -7.5000  -45.0000  -37.5000 8244.4609   15.1620
    0.0000  -45.0000  -37.5000 8539.3574   15.1496
    7.5000  -45.0000  -37.5000 8131.7490   15.1450
   -7.5000  -37.5000  -37.5000 9009.7764   14.8926
    0.0000  -37.5000  -37.5000 9346.4941   14.8782
    7.5000  -37.5000  -37.5000 8891.9336   14.8717
   -7.5000  -30.0000  -37.500010157.8057   14.7922
    0.0000  -30.0000  -37.500010544.2686   14.7750
    7.5000  -30.0000  -37.500010035.5859   14.7686
   -7.5000  -22.5000  -37.500011253.3193   14.7562
    0.0000  -22.5000  -37.500011709.8359   14.7393
    7.5000  -22.5000  -37.500011142.5400   14.7343
   -7.5000  -15.0000  -37.500012280.9902   14.7318
    0.0000  -15.0000  -37.500012788.5859   14.7177
    7.5000  -15.0000  -37.500012168.0322   14.7144
   -7.5000   -7.5000  -37.500013276.9736   14.7138
    0.0000   -7.5000  -37.500013835.9326   14.7024
    7.5000   -7.5000  -37.500013153.3994   14.6993
   -7.5000    0.0000  -37.500014206.5225   14.7049
    0.0000    0.0000  -37.500014784.1797   14.6943
    7.5000    0.0000  -37.500014063.7207   14.6891
   -7.5000    7.5000  -37.500014010.7842   14.6959
    0.0000    7.5000  -37.500014590.1855   14.6827
    7.5000    7.5000  -37.500013863.0166   14.6759
   -7.5000   15.0000  -37.500013612.1543   14.6911
    0.0000   15.0000  -37.500014189.8379   14.6745
    7.5000   15.0000  -37.500013480.3027   14.6680
   -7.5000   22.5000  -37.500013077.2285   14.6943
    0.0000   22.5000  -37.500013654.4971   14.6776
    7.5000   22.5000  -37.500012960.5049   14.6723
   -7.5000   30.0000  -37.500012467.9736   14.5097
    0.0000   30.0000  -37.500013011.5449   14.4958
    7.5000   30.0000  -37.500012336.4180   14.4924
   -7.5000   37.5000  -37.500012225.7207   14.5124
    0.0000   37.5000  -37.500012779.8760   14.5012
    7.5000   37.5000  -37.500012096.4072   14.4980
   -7.5000   45.0000  -37.500011446.6621   14.1405
    0.0000   45.0000  -37.500011963.2725   14.1303
    7.5000   45.0000  -37.500011298.3701   14.1254
   -7.5000  -45.0000  -30.0000 8683.0381   15.7707
    0.0000  -45.0000  -30.0000 8983.1299   15.7592
    7.5000  -45.0000  -30.0000 8547.2266   15.7581
   -7.5000  -37.5000  -30.0000 9492.9922   15.4911
    0.0000  -37.5000  -30.0000 9841.4795   15.4793
    7.5000  -37.5000  -30.0000 9364.2402   15.4764
   -7.5000  -30.0000  -30.000010699.0479   15.3880
    0.0000  -30.0000  -30.000011109.8740   15.3739
    7.5000  -30.0000  -30.000010584.1172   15.3720
   -7.5000  -22.5000  -30.000011860.5928   15.3479
    0.0000  -22.5000  -30.000012337.9219   15.3327
    7.5000  -22.5000  -30.000011759.6484   15.3326
   -7.5000  -15.0000  -30.000012949.2041   15.3201
    0.0000  -15.0000  -30.000013478.1631   15.3057
    7.5000  -15.0000  -30.000012865.6045   15.3068
   -7.5000   -7.5000  -30.000013996.2314   15.3010
    0.0000   -7.5000  -30.000014589.5977   15.2890
    7.5000   -7.5000  -30.000013908.2285   15.2892
   -7.5000    0.0000  -30.000014916.8096   15.2931
    0.0000    0.0000  -30.000015552.2295   15.2834
    7.5000    0.0000  -30.000014823.4629   15.2813
   -7.5000    7.5000  -30.000014677.5635   15.2868
    0.0000    7.5000  -30.000015326.9795   15.2762
    7.5000    7.5000  -30.000014595.6387   15.2730
   -7.5000   15.0000  -30.000014290.9189   15.2829
    0.0000   15.0000  -30.000014922.9600   15.2693
    7.5000   15.0000  -30.000014206.2803   15.2672
   -7.5000   22.5000  -30.000013775.5957   15.2819
    0.0000   22.5000  -30.000014411.4629   15.2669
    7.5000   22.5000  -30.000013679.1533   15.2665
   -7.5000   30.0000  -30.000013088.1826   15.0906
    0.0000   30.0000  -30.000013706.2773   15.0764
    7.5000   30.0000  -30.000013004.8604   15.0773
   -7.5000   37.5000  -30.000012828.5420   15.0930
    0.0000   37.5000  -30.000013444.4443   15.0812
    7.5000   37.5000  -30.000012735.4316   15.0814
   -7.5000   45.0000  -30.000012003.5439   14.7170
    0.0000   45.0000  -30.000012601.4648   14.7076
    7.5000   45.0000  -30.000011918.7783   14.7056
   -7.5000  -45.0000  -22.5000 9047.6387   16.2712
    0.0000  -45.0000  -22.5000 9379.8262   16.2537
    7.5000  -45.0000  -22.5000 8910.1309   16.2568
   -7.5000  -37.5000  -22.5000 9892.6426   15.9831
    0.0000  -37.5000  -22.500010264.9131   15.9667
    7.5000  -37.5000  -22.5000 9787.5820   15.9687
   -7.5000  -30.0000  -22.500011150.8213   15.8812
    0.0000  -30.0000  -22.500011608.4160   15.8642
    7.5000  -30.0000  -22.500011089.6475   15.8679
   -7.5000  -22.5000  -22.500012375.7256   15.8405
    0.0000  -22.5000  -22.500012900.8154   15.8228
    7.5000  -22.5000  -22.500012319.7852   15.8282
   -7.5000  -15.0000  -22.500013524.9219   15.8097
    0.0000  -15.0000  -22.500014135.5957   15.7912
    7.5000  -15.0000  -22.500013471.9648   15.7971
   -7.5000   -7.5000  -22.500014655.7285   15.7871
    0.0000   -7.5000  -22.500015334.6816   15.7697
    7.5000   -7.5000  -22.500014597.4385   15.7739
   -7.5000    0.0000  -22.500015602.5830   15.7773
    0.0000    0.0000  -22.500016314.6660   15.7620
    7.5000    0.0000  -22.500015541.9854   15.7637
   -7.5000    7.5000  -22.500015319.8867   15.7731
    0.0000    7.5000  -22.500016027.8740   15.7579
    7.5000    7.5000  -22.500015295.5205   15.7594
   -7.5000   15.0000  -22.500014921.1582   15.7729
    0.0000   15.0000  -22.500015617.7070   15.7565
    7.5000   15.0000  -22.500014926.3438   15.7599
   -7.5000   22.5000  -22.500014418.6260   15.7714
    0.0000   22.5000  -22.500015148.9551   15.7540
    7.5000   22.5000  -22.500014431.6514   15.7589
   -7.5000   30.0000  -22.500013720.2910   15.5751
    0.0000   30.0000  -22.500014442.0635   15.5570
    7.5000   30.0000  -22.500013750.3164   15.5627
   -7.5000   37.5000  -22.500013434.3096   15.5750
    0.0000   37.5000  -22.500014161.9268   15.5577
    7.5000   37.5000  -22.500013434.2236   15.5618
   -7.5000   45.0000  -22.500012579.0947   15.1944
    0.0000   45.0000  -22.500013262.7666   15.1796
    7.5000   45.0000  -22.500012585.0361   15.1813
   -7.5000  -45.0000  -15.0000 9334.8447   16.6150
    0.0000  -45.0000  -15.0000 9702.4951   16.5902
    7.5000  -45.0000  -15.0000 9237.8350   16.5945
   -7.5000  -37.5000  -15.000010204.9531   16.3192
    0.0000  -37.5000  -15.000010649.5430   16.2950
    7.5000  -37.5000  -15.000010140.4678   16.2987
   -7.5000  -30.0000  -15.000011520.5625   16.2179
    0.0000  -30.0000  -15.000012037.1602   16.1945
    7.5000  -30.0000  -15.000011481.8242   16.1997
   -7.5000  -22.5000  -15.000012827.1143   16.1801
    0.0000  -22.5000  -15.000013402.0420   16.1582
    7.5000  -22.5000  -15.000012779.0752   16.1646
   -7.5000  -15.0000  -15.000014059.9824   16.1497
    0.0000  -15.0000  -15.000014697.6846   16.1280
    7.5000  -15.0000  -15.000013997.4688   16.1350
   -7.5000   -7.5000  -15.000015255.7480   16.1251
    0.0000   -7.5000  -15.000015963.3281   16.1027
    7.5000   -7.5000  -15.000015172.7939   16.1081
   -7.5000    0.0000  -15.000016284.5889   16.1118
    0.0000    0.0000  -15.000017056.1973   16.0895
    7.5000    0.0000  -15.000016230.0127   16.0924
   -7.5000    7.5000  -15.000015982.8037   16.1057
    0.0000    7.5000  -15.000016771.7695   16.0828
    7.5000    7.5000  -15.000016058.9385   16.0859
   -7.5000   15.0000  -15.000015564.8984   16.1077
    0.0000   15.0000  -15.000016366.4551   16.0850
    7.5000   15.0000  -15.000015716.1084   16.0899
   -7.5000   22.5000  -15.000015034.8154   16.1090
    0.0000   22.5000  -15.000015856.0605   16.0874
    7.5000   22.5000  -15.000015197.0713   16.0935
   -7.5000   30.0000  -15.000014325.2607   15.9125
    0.0000   30.0000  -15.000015117.3262   15.8911
    7.5000   30.0000  -15.000014454.9561   15.8978
   -7.5000   37.5000  -15.000014015.4219   15.9106
    0.0000   37.5000  -15.000014787.1826   15.8885
    7.5000   37.5000  -15.000014061.2559   15.8938
   -7.5000   45.0000  -15.000013169.5801   15.5258
    0.0000   45.0000  -15.000013867.9746   15.5043
    7.5000   45.0000  -15.000013159.6553   15.5071
   -7.5000  -45.0000   -7.5000 9557.9893   16.7725
    0.0000  -45.0000   -7.5000 9964.1064   16.7475
    7.5000  -45.0000   -7.5000 9503.1553   16.7479
   -7.5000  -37.5000   -7.500010486.1387   16.4713
    0.0000  -37.5000   -7.500010951.0303   16.4443
    7.5000  -37.5000   -7.500010442.5430   16.4436
   -7.5000  -30.0000   -7.500011867.4492   16.3669
    0.0000  -30.0000   -7.500012391.1562   16.3393
    7.5000  -30.0000   -7.500011814.3477   16.3388
   -7.5000  -22.5000   -7.500013227.9512   16.3319
    0.0000  -22.5000   -7.500013825.4014   16.3075
    7.5000  -22.5000   -7.500013160.9590   16.3077
   -7.5000  -15.0000   -7.500014515.0303   16.3050
    0.0000  -15.0000   -7.500015176.3682   16.2837
    7.5000  -15.0000   -7.500014454.8594   16.2855
   -7.5000   -7.5000   -7.500015753.2676   16.2816
    0.0000   -7.5000   -7.500016452.0645   16.2608
    7.5000   -7.5000   -7.500015675.5254   16.2626
   -7.5000    0.0000   -7.500016882.1406   16.2670
    0.0000    0.0000   -7.500017676.7578   16.2445
    7.5000    0.0000   -7.500016815.2148   16.2439
   -7.5000    7.5000   -7.500016733.4531   16.2564
    0.0000    7.5000   -7.500017471.8887   16.2308
    7.5000    7.5000   -7.500016729.1426   16.2295
   -7.5000   15.0000   -7.500016333.9307   16.2560
    0.0000   15.0000   -7.500017032.3809   16.2293
    7.5000   15.0000   -7.500016352.8867   16.2286
   -7.5000   22.5000   -7.500015711.4658   16.2586
    0.0000   22.5000   -7.500016410.5742   16.2345
    7.5000   22.5000   -7.500015740.6963   16.2345
   -7.5000   30.0000   -7.500014936.0459   16.0652
    0.0000   30.0000   -7.500015633.7412   16.0442
    7.5000   30.0000   -7.500014951.6621   16.0459
   -7.5000   37.5000   -7.500014547.4980   16.0646
    0.0000   37.5000   -7.500015250.0781   16.0441
    7.5000   37.5000   -7.500014513.2295   16.0458
   -7.5000   45.0000   -7.500013635.2959   15.6783
    0.0000   45.0000   -7.500014300.6191   15.6566
    7.5000   45.0000   -7.500013571.3203   15.6560
   -7.5000  -45.0000    0.0000 9673.0645   16.7849
    0.0000  -45.0000    0.000010123.9365   16.7657
    7.5000  -45.0000    0.0000 9636.9658   16.7612
   -7.5000  -37.5000    0.000010612.2441   16.4827
    0.0000  -37.5000    0.000011124.4443   16.4600
    7.5000  -37.5000    0.000010591.4688   16.4538
   -7.5000  -30.0000    0.000012020.2715   16.3737
    0.0000  -30.0000    0.000012566.8730   16.3487
    7.5000  -30.0000    0.000011973.6924   16.3420
   -7.5000  -22.5000    0.000013444.9834   16.3379
    0.0000  -22.5000    0.000014029.1650   16.3154
    7.5000  -22.5000    0.000013381.4629   16.3095
   -7.5000  -15.0000    0.000014811.6504   16.3132
    0.0000  -15.0000    0.000015437.0068   16.2953
    7.5000  -15.0000    0.000014741.0771   16.2915
   -7.5000   -7.5000    0.000016103.0225   16.2931
    0.0000   -7.5000    0.000016739.8574   16.2774
    7.5000   -7.5000    0.000016011.3506   16.2744
   -7.5000    0.0000    0.000017308.6074   16.2806
    0.0000    0.0000    0.000017955.4473   16.2635
    7.5000    0.0000    0.000017188.1523   16.2584
   -7.5000    7.5000    0.000017199.1641   16.2677
    0.0000    7.5000    0.000017789.7227   16.2463
    7.5000    7.5000    0.000017052.9219   16.2397
   -7.5000   15.0000    0.000016846.6934   16.2631
    0.0000   15.0000    0.000017423.7656   16.2389
    7.5000   15.0000    0.000016660.4277   16.2320
   -7.5000   22.5000    0.000016203.2598   16.2648
    0.0000   22.5000    0.000016836.5332   16.2426
    7.5000   22.5000    0.000016062.6504   16.2364
   -7.5000   30.0000    0.000015383.9385   16.0738
    0.0000   30.0000    0.000016032.4248   16.0562
    7.5000   30.0000    0.000015278.9492   16.0523
   -7.5000   37.5000    0.000014949.7939   16.0764
    0.0000   37.5000    0.000015617.6309   16.0609
    7.5000   37.5000    0.000014843.1768   16.0578
   -7.5000   45.0000    0.000013935.0742   15.6926
    0.0000   45.0000    0.000014573.4336   15.6762
    7.5000   45.0000    0.000013830.1465   15.6713
   -7.5000  -45.0000    7.5000 9050.5381   16.9667
    0.0000  -45.0000    7.5000 9474.1543   16.9529
    7.5000  -45.0000    7.5000 9029.3779   16.9477
   -7.5000  -37.5000    7.5000 9966.8574   16.6652
    0.0000  -37.5000    7.500010425.3613   16.6491
    7.5000  -37.5000    7.5000 9943.7129   16.6418
   -7.5000  -30.0000    7.500011312.6582   16.5529
    0.0000  -30.0000    7.500011786.7871   16.5336
    7.5000  -30.0000    7.500011234.2744   16.5265
   -7.5000  -22.5000    7.500012660.0371   16.5126
    0.0000  -22.5000    7.500013195.9736   16.4937
    7.5000  -22.5000    7.500012559.0078   16.4880
   -7.5000  -15.0000    7.500013996.4238   16.4853
    0.0000  -15.0000    7.500014567.6494   16.4695
    7.5000  -15.0000    7.500013845.4004   16.4658
   -7.5000   -7.5000    7.500015230.1201   16.4651
    0.0000   -7.5000    7.500015850.0752   16.4524
    7.5000   -7.5000    7.500015066.4033   16.4489
   -7.5000    0.0000    7.500016329.6152   16.4552
    0.0000    0.0000    7.500016962.5098   16.4433
    7.5000    0.0000    7.500016150.0127   16.4375
   -7.5000    7.5000    7.500016170.3945   16.4451
    0.0000    7.5000    7.500016771.4746   16.4303
    7.5000    7.5000    7.500015976.8428   16.4228
   -7.5000   15.0000    7.500015788.0830   16.4398
    0.0000   15.0000    7.500016389.0742   16.4212
    7.5000   15.0000    7.500015603.5801   16.4139
   -7.5000   22.5000    7.500015235.7822   16.4380
    0.0000   22.5000    7.500015856.5020   16.4193
    7.5000   22.5000    7.500015094.1318   16.4134
   -7.5000   30.0000    7.500014528.2822   16.2431
    0.0000   30.0000    7.500015134.2275   16.2275
    7.5000   30.0000    7.500014415.1631   16.2237
   -7.5000   37.5000    7.500014162.8428   16.2461
    0.0000   37.5000    7.500014767.9795   16.2335
    7.5000   37.5000    7.500014035.9170   16.2300
   -7.5000   45.0000    7.500013177.9355   15.8609
    0.0000   45.0000    7.500013748.1689   15.8494
    7.5000   45.0000    7.500013022.3877   15.8439
   -7.5000  -45.0000   15.0000 8381.7168   17.2307
    0.0000  -45.0000   15.0000 8758.4805   17.2175
    7.5000  -45.0000   15.0000 8352.5488   17.2166
   -7.5000  -37.5000   15.0000 9249.1055   16.9300
    0.0000  -37.5000   15.0000 9684.2051   16.9161
    7.5000  -37.5000   15.0000 9209.8838   16.9129
   -7.5000  -30.0000   15.000010536.7285   16.8172
    0.0000  -30.0000   15.000011002.9316   16.8009
    7.5000  -30.0000   15.000010429.3652   16.7985
   -7.5000  -22.5000   15.000011809.7051   16.7722
    0.0000  -22.5000   15.000012325.2910   16.7553
    7.5000  -22.5000   15.000011686.0127   16.7551
   -7.5000  -15.0000   15.000013021.7334   16.7399
    0.0000  -15.0000   15.000013579.5439   16.7240
    7.5000  -15.0000   15.000012857.9111   16.7253
   -7.5000   -7.5000   15.000014119.1787   16.7170
    0.0000   -7.5000   15.000014725.0361   16.7037
    7.5000   -7.5000   15.000013966.6221   16.7042
   -7.5000    0.0000   15.000015122.9570   16.7081
    0.0000    0.0000   15.000015749.0742   16.6969
    7.5000    0.0000   15.000014980.4326   16.6949
   -7.5000    7.5000   15.000014951.0801   16.7030
    0.0000    7.5000   15.000015548.8447   16.6905
    7.5000    7.5000   15.000014815.5439   16.6869
   -7.5000   15.0000   15.000014595.8740   16.7003
    0.0000   15.0000   15.000015170.7646   16.6847
    7.5000   15.0000   15.000014473.7197   16.6820
   -7.5000   22.5000   15.000014130.2275   16.6953
    0.0000   22.5000   15.000014695.4111   16.6786
    7.5000   22.5000   15.000014028.2754   16.6780
   -7.5000   30.0000   15.000013523.1045   16.4934
    0.0000   30.0000   15.000014080.0693   16.4778
    7.5000   30.0000   15.000013431.5977   16.4788
   -7.5000   37.5000   15.000013209.5742   16.4946
    0.0000   37.5000   15.000013764.2910   16.4814
    7.5000   37.5000   15.000013113.8555   16.4819
   -7.5000   45.0000   15.000012275.4131   16.1047
    0.0000   45.0000   15.000012782.8789   16.0939
    7.5000   45.0000   15.000012157.7100   16.0919
   -7.5000  -45.0000   22.5000 7709.4946   17.6024
    0.0000  -45.0000   22.5000 8079.7524   17.5819
    7.5000  -45.0000   22.5000 7694.6841   17.5826
   -7.5000  -37.5000   22.5000 8533.3564   17.2989
    0.0000  -37.5000   22.5000 8943.2158   17.2798
    7.5000  -37.5000   22.5000 8490.2314   17.2795
   -7.5000  -30.0000   22.5000 9717.3955   17.1842
    0.0000  -30.0000   22.500010148.7197   17.1651
    7.5000  -30.0000   22.5000 9620.5986   17.1674
   -7.5000  -22.5000   22.500010863.1016   17.1358
    0.0000  -22.5000   22.500011330.3477   17.1161
    7.5000  -22.5000   22.500010744.6826   17.1210
   -7.5000  -15.0000   22.500011952.4023   17.0992
    0.0000  -15.0000   22.500012452.9219   17.0784
    7.5000  -15.0000   22.500011810.2363   17.0838
   -7.5000   -7.5000   22.500012969.0273   17.0746
    0.0000   -7.5000   22.500013536.1035   17.0545
    7.5000   -7.5000   22.500012835.2451   17.0573
   -7.5000    0.0000   22.500013894.9023   17.0659
    0.0000    0.0000   22.500014486.8066   17.0478
    7.5000    0.0000   22.500013765.5557   17.0472
   -7.5000    7.5000   22.500013716.7090   17.0629
    0.0000    7.5000   22.500014303.6836   17.0452
    7.5000    7.5000   22.500013618.5312   17.0444
   -7.5000   15.0000   22.500013400.0752   17.0621
    0.0000   15.0000   22.500013952.1875   17.0437
    7.5000   15.0000   22.500013300.4229   17.0456
   -7.5000   22.5000   22.500012993.9512   17.0555
    0.0000   22.5000   22.500013523.4639   17.0361
    7.5000   22.5000   22.500012894.0000   17.0406
   -7.5000   30.0000   22.500012455.5869   16.8467
    0.0000   30.0000   22.500012961.3105   16.8262
    7.5000   30.0000   22.500012359.0732   16.8314
   -7.5000   37.5000   22.500012189.4746   16.8473
    0.0000   37.5000   22.500012712.2305   16.8274
    7.5000   37.5000   22.500012092.8213   16.8301
   -7.5000   45.0000   22.500011322.0547   16.4496
    0.0000   45.0000   22.500011824.1357   16.4321
    7.5000   45.0000   22.500011247.2100   16.4315
   -7.5000  -45.0000   30.0000 7031.6528   18.1586
    0.0000  -45.0000   30.0000 7358.1577   18.1277
    7.5000  -45.0000   30.0000 7030.3667   18.1256
   -7.5000  -37.5000   30.0000 7780.9165   17.8394
    0.0000  -37.5000   30.0000 8136.6953   17.8100
    7.5000  -37.5000   30.0000 7756.3306   17.8074
   -7.5000  -30.0000   30.0000 8868.0615   17.7230
    0.0000  -30.0000   30.0000 9254.0459   17.6953
    7.5000  -30.0000   30.0000 8798.3926   17.6956
   -7.5000  -22.5000   30.0000 9924.5752   17.6783
    0.0000  -22.5000   30.000010360.6143   17.6525
    7.5000  -22.5000   30.0000 9843.5908   17.6553
   -7.5000  -15.0000   30.000010913.5996   17.6420
    0.0000  -15.0000   30.000011402.3965   17.6161
    7.5000  -15.0000   30.000010822.7939   17.6196
   -7.5000   -7.5000   30.000011843.9717   17.6126
    0.0000   -7.5000   30.000012391.4541   17.5855
    7.5000   -7.5000   30.000011753.0615   17.5864
   -7.5000    0.0000   30.000012690.7490   17.5970
    0.0000    0.0000   30.000013249.6211   17.5693
    7.5000    0.0000   30.000012581.8770   17.5662
   -7.5000    7.5000   30.000012550.5586   17.5903
    0.0000    7.5000   30.000013086.2256   17.5625
    7.5000    7.5000   30.000012441.4219   17.5594
   -7.5000   15.0000   30.000012267.7930   17.5932
    0.0000   15.0000   30.000012785.2031   17.5665
    7.5000   15.0000   30.000012163.4346   17.5664
   -7.5000   22.5000   30.000011892.2773   17.5932
    0.0000   22.5000   30.000012394.3193   17.5678
    7.5000   22.5000   30.000011805.1875   17.5702
   -7.5000   30.0000   30.000011416.1123   17.3804
    0.0000   30.0000   30.000011893.3760   17.3550
    7.5000   30.0000   30.000011338.4785   17.3582
   -7.5000   37.5000   30.000011192.1816   17.3779
    0.0000   37.5000   30.000011691.7500   17.3511
    7.5000   37.5000   30.000011134.9131   17.3519
   -7.5000   45.0000   30.000010415.8115   16.9614
    0.0000   45.0000   30.000010886.8594   16.9348
    7.5000   45.0000   30.000010374.0195   16.9318
   -7.5000  -45.0000   37.5000 6657.3887   18.9320
    0.0000  -45.0000   37.5000 6937.9736   18.8977
    7.5000  -45.0000   37.5000 6651.6108   18.8901
   -7.5000  -37.5000   37.5000 7373.1191   18.5926
    0.0000  -37.5000   37.5000 7683.6670   18.5561
    7.5000  -37.5000   37.5000 7349.9316   18.5485
   -7.5000  -30.0000   37.5000 8400.4893   18.4692
    0.0000  -30.0000   37.5000 8754.8584   18.4330
    7.5000  -30.0000   37.5000 8345.8477   18.4274
   -7.5000  -22.5000   37.5000 9408.3379   18.4274
    0.0000  -22.5000   37.5000 9821.6250   18.3955
    7.5000  -22.5000   37.5000 9358.4131   18.3918
   -7.5000  -15.0000   37.500010369.6211   18.3924
    0.0000  -15.0000   37.500010834.4541   18.3643
    7.5000  -15.0000   37.500010320.3789   18.3618
   -7.5000   -7.5000   37.500011269.4854   18.3589
    0.0000   -7.5000   37.500011795.5781   18.3309
    7.5000   -7.5000   37.500011217.4648   18.3267
   -7.5000    0.0000   37.500012077.4385   18.3371
    0.0000    0.0000   37.500012608.7197   18.3064
    7.5000    0.0000   37.500012004.1055   18.2985
   -7.5000    7.5000   37.500011929.4082   18.3251
    0.0000    7.5000   37.500012439.9258   18.2906
    7.5000    7.5000   37.500011860.4209   18.2824
   -7.5000   15.0000   37.500011673.4805   18.3286
    0.0000   15.0000   37.500012170.8623   18.2935
    7.5000   15.0000   37.500011595.4883   18.2877
   -7.5000   22.5000   37.500011347.0752   18.3354
    0.0000   22.5000   37.500011821.3262   18.3040
    7.5000   22.5000   37.500011275.4033   18.3000
   -7.5000   30.0000   37.500010899.7090   18.1183
    0.0000   30.0000   37.500011363.7598   18.0907
    7.5000   30.0000   37.500010841.5059   18.0881
   -7.5000   37.5000   37.500010718.4902   18.1139
    0.0000   37.5000   37.500011190.8223   18.0862
    7.5000   37.5000   37.500010670.2979   18.0821
   -7.5000   45.0000   37.500010001.0469   17.6749
    0.0000   45.0000   37.500010449.4492   17.6453
    7.5000   45.0000   37.5000 9959.3691   17.6376
   -7.5000  -45.0000   45.0000 6034.7251   19.8142
    0.0000  -45.0000   45.0000 6256.2051   19.7691
    7.5000  -45.0000   45.0000 6000.5527   19.7597
   -7.5000  -37.5000   45.0000 6699.8696   19.4536
    0.0000  -37.5000   45.0000 6950.3203   19.4045
    7.5000  -37.5000   45.0000 6668.9331   19.3947
   -7.5000  -30.0000   45.0000 7639.5620   19.3209
    0.0000  -30.0000   45.0000 7923.9814   19.2695
    7.5000  -30.0000   45.0000 7585.2407   19.2611
   -7.5000  -22.5000   45.0000 8575.1602   19.2748
    0.0000  -22.5000   45.0000 8907.7637   19.2271
    7.5000  -22.5000   45.0000 8514.8691   19.2207
   -7.5000  -15.0000   45.0000 9468.2959   19.2354
    0.0000  -15.0000   45.0000 9854.3730   19.1939
    7.5000  -15.0000   45.0000 9409.9102   19.1889
   -7.5000   -7.5000   45.000010325.0059   19.1980
    0.0000   -7.5000   45.000010754.8506   19.1595
    7.5000   -7.5000   45.000010249.4502   19.1534
   -7.5000    0.0000   45.000011077.7959   19.1756
    0.0000    0.0000   45.000011515.5918   19.1349
    7.5000    0.0000   45.000010986.6963   19.1253
   -7.5000    7.5000   45.000010919.3418   19.1634
    0.0000    7.5000   45.000011340.4346   19.1169
    7.5000    7.5000   45.000010833.1826   19.1064
   -7.5000   15.0000   45.000010676.5713   19.1668
    0.0000   15.0000   45.000011085.8877   19.1168
    7.5000   15.0000   45.000010586.6973   19.1082
   -7.5000   22.5000   45.000010376.1611   19.1740
    0.0000   22.5000   45.000010784.2900   19.1270
    7.5000   22.5000   45.000010295.9258   19.1202
   -7.5000   30.0000   45.0000 9978.8135   18.9452
    0.0000   30.0000   45.000010382.1143   18.9045
    7.5000   30.0000   45.0000 9914.6885   18.8993
   -7.5000   37.5000   45.0000 9817.6914   18.9397
    0.0000   37.5000   45.000010224.5771   18.9017
    7.5000   37.5000   45.0000 9762.0371   18.8957
   -7.5000   45.0000   45.0000 9191.2363   18.4915
    0.0000   45.0000   45.0000 9576.4404   18.4522
    7.5000   45.0000   45.0000 9125.0605   18.4430

---------------------------------------------------------------------
imgreg_4dfp /opt/freesurfer/average/711-2C_as_mni_average_305 /opt/freesurfer/average/711-2B_as_mni_average_305_mask talsrcimg_g11 none talsrcimg_to_711-2C_as_mni_average_305_t4 4355
---------------------------------------------------------------------

freesurfer imgreg_4dfp.c
/opt/freesurfer/average/711-2C_as_mni_average_305.4dfp.img
       256       256       256         1
  1.000000  1.000000  1.000000
orientation T byte_order littleendian
Reading image: /opt/freesurfer/average/711-2C_as_mni_average_305.4dfp.img
dimensions:      256       256       256
mmppix:       1.0000   -1.0000   -1.0000
center:     128.0000 -129.0000 -129.0000
/opt/freesurfer/average/711-2B_as_mni_average_305_mask.4dfp.img
       256       256       256         1
  1.000000  1.000000  1.000000
orientation T byte_order littleendian
Reading mask: /opt/freesurfer/average/711-2B_as_mni_average_305_mask.4dfp.img (2306576 pixels)
talsrcimg_g11.4dfp.img
       256       256       256         1
  1.000000  1.000000  1.000000
orientation T byte_order littleendian
Reading image: talsrcimg_g11.4dfp.img
dimensions:      256       256       256
mmppix:       1.0000   -1.0000   -1.0000
center:     128.0000 -129.0000 -129.0000
rotation matrix determinant  1.000000
image alignment mode   4355 decimal     1103 hex
   -7.5000  -45.0000  -45.0000 2161.0952   18.8552
    0.0000  -45.0000  -45.0000 2166.1938   18.8267
    7.5000  -45.0000  -45.0000 2145.9255   19.0582
   -7.5000  -37.5000  -45.0000 2292.2705   16.7909
    0.0000  -37.5000  -45.0000 2298.5439   16.7848
    7.5000  -37.5000  -45.0000 2275.5642   17.0036
   -7.5000  -30.0000  -45.0000 2410.7993   15.1357
    0.0000  -30.0000  -45.0000 2415.2578   15.1519
    7.5000  -30.0000  -45.0000 2390.6997   15.3140
   -7.5000  -22.5000  -45.0000 2509.1448   13.8488
    0.0000  -22.5000  -45.0000 2516.6392   13.8531
    7.5000  -22.5000  -45.0000 2491.3323   14.0118
   -7.5000  -15.0000  -45.0000 2585.0327   12.8881
    0.0000  -15.0000  -45.0000 2593.0405   12.8791
    7.5000  -15.0000  -45.0000 2567.0063   13.0205
   -7.5000   -7.5000  -45.0000 2632.1819   12.2230
    0.0000   -7.5000  -45.0000 2638.3582   12.2142
    7.5000   -7.5000  -45.0000 2612.2988   12.3461
   -7.5000    0.0000  -45.0000 2662.6980   11.8400
    0.0000    0.0000  -45.0000 2665.2573   11.8172
    7.5000    0.0000  -45.0000 2638.3323   11.9437
   -7.5000    7.5000  -45.0000 2681.7383   11.6532
    0.0000    7.5000  -45.0000 2681.8462   11.6102
    7.5000    7.5000  -45.0000 2656.5408   11.7627
   -7.5000   15.0000  -45.0000 2679.5659   11.6789
    0.0000   15.0000  -45.0000 2678.1113   11.6013
    7.5000   15.0000  -45.0000 2650.7529   11.7853
   -7.5000   22.5000  -45.0000 2660.1082   11.9025
    0.0000   22.5000  -45.0000 2664.8018   11.8475
    7.5000   22.5000  -45.0000 2631.6865   12.0416
   -7.5000   30.0000  -45.0000 2616.0269   12.3415
    0.0000   30.0000  -45.0000 2621.3154   12.3106
    7.5000   30.0000  -45.0000 2587.4807   12.5145
   -7.5000   37.5000  -45.0000 2545.5090   12.9935
    0.0000   37.5000  -45.0000 2554.2034   12.9822
    7.5000   37.5000  -45.0000 2520.0139   13.2007
   -7.5000   45.0000  -45.0000 2453.0505   13.8909
    0.0000   45.0000  -45.0000 2463.0837   13.8808
    7.5000   45.0000  -45.0000 2427.6311   14.1307
   -7.5000  -45.0000  -37.5000 2180.5298   18.3902
    0.0000  -45.0000  -37.5000 2182.9153   18.3696
    7.5000  -45.0000  -37.5000 2164.6233   18.6079
   -7.5000  -37.5000  -37.5000 2314.6379   16.3473
    0.0000  -37.5000  -37.5000 2319.0188   16.3460
    7.5000  -37.5000  -37.5000 2298.3650   16.5744
   -7.5000  -30.0000  -37.5000 2437.9011   14.6983
    0.0000  -30.0000  -37.5000 2442.9106   14.7083
    7.5000  -30.0000  -37.5000 2417.1277   14.9064
   -7.5000  -22.5000  -37.5000 2536.6428   13.3668
    0.0000  -22.5000  -37.5000 2542.1753   13.3853
    7.5000  -22.5000  -37.5000 2517.7539   13.5725
   -7.5000  -15.0000  -37.5000 2612.7441   12.3651
    0.0000  -15.0000  -37.5000 2618.2080   12.3805
    7.5000  -15.0000  -37.5000 2591.6616   12.5373
   -7.5000   -7.5000  -37.5000 2672.7793   11.6704
    0.0000   -7.5000  -37.5000 2678.4949   11.6740
    7.5000   -7.5000  -37.5000 2651.7839   11.8146
   -7.5000    0.0000  -37.5000 2712.7559   11.2873
    0.0000    0.0000  -37.5000 2713.7581   11.2738
    7.5000    0.0000  -37.5000 2686.8999   11.4112
   -7.5000    7.5000  -37.5000 2735.3259   11.1031
    0.0000    7.5000  -37.5000 2733.6482   11.0803
    7.5000    7.5000  -37.5000 2706.7637   11.2068
   -7.5000   15.0000  -37.5000 2734.6912   11.1447
    0.0000   15.0000  -37.5000 2736.8337   11.1022
    7.5000   15.0000  -37.5000 2706.9067   11.2346
   -7.5000   22.5000  -37.5000 2719.1428   11.3689
    0.0000   22.5000  -37.5000 2726.1252   11.3323
    7.5000   22.5000  -37.5000 2692.1033   11.4982
   -7.5000   30.0000  -37.5000 2672.9248   11.7756
    0.0000   30.0000  -37.5000 2680.9941   11.7437
    7.5000   30.0000  -37.5000 2646.6670   11.9397
   -7.5000   37.5000  -37.5000 2602.9915   12.3753
    0.0000   37.5000  -37.5000 2613.7585   12.3550
    7.5000   37.5000  -37.5000 2579.1887   12.5706
   -7.5000   45.0000  -37.5000 2504.6743   13.2107
    0.0000   45.0000  -37.5000 2513.1230   13.1927
    7.5000   45.0000  -37.5000 2479.4478   13.4431
   -7.5000  -45.0000  -30.0000 2246.3792   18.5667
    0.0000  -45.0000  -30.0000 2243.9463   18.4847
    7.5000  -45.0000  -30.0000 2223.6091   18.8158
   -7.5000  -37.5000  -30.0000 2381.6794   16.4366
    0.0000  -37.5000  -30.0000 2385.3430   16.4165
    7.5000  -37.5000  -30.0000 2363.8784   16.6873
   -7.5000  -30.0000  -30.0000 2505.6860   14.7230
    0.0000  -30.0000  -30.0000 2514.0574   14.7158
    7.5000  -30.0000  -30.0000 2487.2126   14.9500
   -7.5000  -22.5000  -30.0000 2609.2498   13.3372
    0.0000  -22.5000  -30.0000 2617.9143   13.3416
    7.5000  -22.5000  -30.0000 2592.7590   13.5511
   -7.5000  -15.0000  -30.0000 2694.4551   12.2649
    0.0000  -15.0000  -30.0000 2703.2380   12.2933
    7.5000  -15.0000  -30.0000 2676.8167   12.4863
   -7.5000   -7.5000  -30.0000 2769.2473   11.5305
    0.0000   -7.5000  -30.0000 2774.2971   11.5310
    7.5000   -7.5000  -30.0000 2748.8643   11.7071
   -7.5000    0.0000  -30.0000 2817.8689   11.0708
    0.0000    0.0000  -30.0000 2822.1597   11.0709
    7.5000    0.0000  -30.0000 2791.8872   11.2221
   -7.5000    7.5000  -30.0000 2848.6123   10.8574
    0.0000    7.5000  -30.0000 2852.8804   10.8551
    7.5000    7.5000  -30.0000 2819.3794   10.9859
   -7.5000   15.0000  -30.0000 2855.8008   10.9065
    0.0000   15.0000  -30.0000 2862.7874   10.8802
    7.5000   15.0000  -30.0000 2825.8630   11.0274
   -7.5000   22.5000  -30.0000 2845.6743   11.1495
    0.0000   22.5000  -30.0000 2855.1299   11.1049
    7.5000   22.5000  -30.0000 2817.3455   11.2656
   -7.5000   30.0000  -30.0000 2796.0122   11.5472
    0.0000   30.0000  -30.0000 2808.9712   11.5163
    7.5000   30.0000  -30.0000 2772.7327   11.6945
   -7.5000   37.5000  -30.0000 2723.5183   12.1431
    0.0000   37.5000  -30.0000 2734.6323   12.1040
    7.5000   37.5000  -30.0000 2699.4441   12.3215
   -7.5000   45.0000  -30.0000 2621.7368   12.9550
    0.0000   45.0000  -30.0000 2631.6040   12.9390
    7.5000   45.0000  -30.0000 2596.4004   13.1654
   -7.5000  -45.0000  -22.5000 2265.6099   18.6562
    0.0000  -45.0000  -22.5000 2268.5283   18.6297
    7.5000  -45.0000  -22.5000 2246.0542   18.9303
   -7.5000  -37.5000  -22.5000 2402.0869   16.4706
    0.0000  -37.5000  -22.5000 2409.0923   16.4481
    7.5000  -37.5000  -22.5000 2387.4678   16.7577
   -7.5000  -30.0000  -22.5000 2525.7493   14.6817
    0.0000  -30.0000  -22.5000 2537.6775   14.6557
    7.5000  -30.0000  -22.5000 2515.9771   14.9889
   -7.5000  -22.5000  -22.5000 2633.8635   13.2476
    0.0000  -22.5000  -22.5000 2645.3433   13.2573
    7.5000  -22.5000  -22.5000 2621.1848   13.5479
   -7.5000  -15.0000  -22.5000 2729.0054   12.1632
    0.0000  -15.0000  -22.5000 2740.7124   12.1805
    7.5000  -15.0000  -22.5000 2711.1846   12.4273
   -7.5000   -7.5000  -22.5000 2819.5095   11.3798
    0.0000   -7.5000  -22.5000 2824.5220   11.3890
    7.5000   -7.5000  -22.5000 2793.6211   11.5963
   -7.5000    0.0000  -22.5000 2880.1111   10.8563
    0.0000    0.0000  -22.5000 2890.7529   10.8646
    7.5000    0.0000  -22.5000 2850.1853   11.0454
   -7.5000    7.5000  -22.5000 2921.1260   10.5901
    0.0000    7.5000  -22.5000 2933.1951   10.6025
    7.5000    7.5000  -22.5000 2887.2136   10.8014
   -7.5000   15.0000  -22.5000 2939.3381   10.6328
    0.0000   15.0000  -22.5000 2949.3662   10.6193
    7.5000   15.0000  -22.5000 2906.7380   10.8195
   -7.5000   22.5000  -22.5000 2927.5791   10.8986
    0.0000   22.5000  -22.5000 2943.9773   10.8753
    7.5000   22.5000  -22.5000 2899.7493   11.0551
   -7.5000   30.0000  -22.5000 2877.1404   11.3230
    0.0000   30.0000  -22.5000 2895.2947   11.3116
    7.5000   30.0000  -22.5000 2855.0015   11.5038
   -7.5000   37.5000  -22.5000 2799.5417   11.8967
    0.0000   37.5000  -22.5000 2815.5315   11.8836
    7.5000   37.5000  -22.5000 2773.6919   12.1068
   -7.5000   45.0000  -22.5000 2691.8379   12.6843
    0.0000   45.0000  -22.5000 2704.7610   12.6677
    7.5000   45.0000  -22.5000 2669.9248   12.9265
   -7.5000  -45.0000  -15.0000 2252.0010   18.8831
    0.0000  -45.0000  -15.0000 2258.0994   18.8426
    7.5000  -45.0000  -15.0000 2239.3020   19.1934
   -7.5000  -37.5000  -15.0000 2382.6282   16.6091
    0.0000  -37.5000  -15.0000 2395.8867   16.5623
    7.5000  -37.5000  -15.0000 2376.7036   16.8964
   -7.5000  -30.0000  -15.0000 2506.7021   14.7554
    0.0000  -30.0000  -15.0000 2519.9861   14.7187
    7.5000  -30.0000  -15.0000 2499.5598   15.0390
   -7.5000  -22.5000  -15.0000 2620.7297   13.2911
    0.0000  -22.5000  -15.0000 2631.2478   13.2595
    7.5000  -22.5000  -15.0000 2605.2603   13.5638
   -7.5000  -15.0000  -15.0000 2724.7954   12.1727
    0.0000  -15.0000  -15.0000 2731.7480   12.1346
    7.5000  -15.0000  -15.0000 2700.2441   12.4152
   -7.5000   -7.5000  -15.0000 2821.7146   11.3307
    0.0000   -7.5000  -15.0000 2825.9861   11.2836
    7.5000   -7.5000  -15.0000 2791.9595   11.5414
   -7.5000    0.0000  -15.0000 2900.3140   10.7639
    0.0000    0.0000  -15.0000 2909.5903   10.7274
    7.5000    0.0000  -15.0000 2871.2131   10.9633
   -7.5000    7.5000  -15.0000 2955.8381   10.4549
    0.0000    7.5000  -15.0000 2972.0664   10.4287
    7.5000    7.5000  -15.0000 2924.2068   10.6629
   -7.5000   15.0000  -15.0000 2981.1648   10.4350
    0.0000   15.0000  -15.0000 3004.3330   10.4187
    7.5000   15.0000  -15.0000 2951.2439   10.6788
   -7.5000   22.5000  -15.0000 2965.2610   10.7091
    0.0000   22.5000  -15.0000 2994.7151   10.6926
    7.5000   22.5000  -15.0000 2942.7998   10.9209
   -7.5000   30.0000  -15.0000 2910.3130   11.1561
    0.0000   30.0000  -15.0000 2933.6980   11.1193
    7.5000   30.0000  -15.0000 2890.5586   11.3334
   -7.5000   37.5000  -15.0000 2827.4626   11.7533
    0.0000   37.5000  -15.0000 2843.4978   11.7062
    7.5000   37.5000  -15.0000 2806.5942   11.9385
   -7.5000   45.0000  -15.0000 2723.0671   12.5462
    0.0000   45.0000  -15.0000 2733.0623   12.5044
    7.5000   45.0000  -15.0000 2702.7336   12.7542
   -7.5000  -45.0000   -7.5000 2220.5276   19.2837
    0.0000  -45.0000   -7.5000 2232.3386   19.2060
    7.5000  -45.0000   -7.5000 2213.8191   19.5605
   -7.5000  -37.5000   -7.5000 2348.3496   16.9333
    0.0000  -37.5000   -7.5000 2362.2559   16.8342
    7.5000  -37.5000   -7.5000 2341.7539   17.1774
   -7.5000  -30.0000   -7.5000 2469.5508   15.0276
    0.0000  -30.0000   -7.5000 2477.7312   14.9067
    7.5000  -30.0000   -7.5000 2456.1140   15.2439
   -7.5000  -22.5000   -7.5000 2585.0813   13.4885
    0.0000  -22.5000   -7.5000 2589.4204   13.3720
    7.5000  -22.5000   -7.5000 2562.8667   13.6742
   -7.5000  -15.0000   -7.5000 2690.9790   12.3134
    0.0000  -15.0000   -7.5000 2693.7737   12.2011
    7.5000  -15.0000   -7.5000 2666.1885   12.4685
   -7.5000   -7.5000   -7.5000 2790.3743   11.4043
    0.0000   -7.5000   -7.5000 2797.3428   11.2968
    7.5000   -7.5000   -7.5000 2768.9680   11.5790
   -7.5000    0.0000   -7.5000 2881.3621   10.8122
    0.0000    0.0000   -7.5000 2890.7742   10.6826
    7.5000    0.0000   -7.5000 2858.5906   10.9731
   -7.5000    7.5000   -7.5000 2956.5139   10.5288
    0.0000    7.5000   -7.5000 2973.3086   10.4172
    7.5000    7.5000   -7.5000 2928.5352   10.6745
   -7.5000   15.0000   -7.5000 2995.5918   10.4672
    0.0000   15.0000   -7.5000 3017.2112   10.3490
    7.5000   15.0000   -7.5000 2963.9114   10.6421
   -7.5000   22.5000   -7.5000 2976.5015   10.6578
    0.0000   22.5000   -7.5000 2998.6875   10.5283
    7.5000   22.5000   -7.5000 2951.8596   10.7927
   -7.5000   30.0000   -7.5000 2915.2419   11.0777
    0.0000   30.0000   -7.5000 2931.8599   10.9599
    7.5000   30.0000   -7.5000 2895.2581   11.1934
   -7.5000   37.5000   -7.5000 2827.7324   11.6918
    0.0000   37.5000   -7.5000 2840.9893   11.5990
    7.5000   37.5000   -7.5000 2811.3787   11.8195
   -7.5000   45.0000   -7.5000 2724.8005   12.5062
    0.0000   45.0000   -7.5000 2732.8230   12.4496
    7.5000   45.0000   -7.5000 2709.2859   12.6760
   -7.5000  -45.0000    0.0000 2181.1445   19.9632
    0.0000  -45.0000    0.0000 2192.9644   19.8470
    7.5000  -45.0000    0.0000 2170.9675   20.1430
   -7.5000  -37.5000    0.0000 2302.7063   17.4377
    0.0000  -37.5000    0.0000 2320.4258   17.2915
    7.5000  -37.5000    0.0000 2295.6821   17.5864
   -7.5000  -30.0000    0.0000 2419.0884   15.4296
    0.0000  -30.0000    0.0000 2427.8586   15.2535
    7.5000  -30.0000    0.0000 2405.3921   15.5523
   -7.5000  -22.5000    0.0000 2534.4758   13.8683
    0.0000  -22.5000    0.0000 2537.4771   13.6661
    7.5000  -22.5000    0.0000 2516.1443   13.9802
   -7.5000  -15.0000    0.0000 2642.6592   12.6563
    0.0000  -15.0000    0.0000 2643.9980   12.4648
    7.5000  -15.0000    0.0000 2624.6501   12.7602
   -7.5000   -7.5000    0.0000 2743.5833   11.7515
    0.0000   -7.5000    0.0000 2749.2957   11.5542
    7.5000   -7.5000    0.0000 2730.0232   11.8626
   -7.5000    0.0000    0.0000 2844.1321   11.1234
    0.0000    0.0000    0.0000 2848.9956   10.9070
    7.5000    0.0000    0.0000 2824.2122   11.2193
   -7.5000    7.5000    0.0000 2926.2297   10.7514
    0.0000    7.5000    0.0000 2942.2456   10.5700
    7.5000    7.5000    0.0000 2904.8523   10.8655
   -7.5000   15.0000    0.0000 2971.8943   10.6799
    0.0000   15.0000    0.0000 2987.8320   10.4903
    7.5000   15.0000    0.0000 2944.0796   10.7563
   -7.5000   22.5000    0.0000 2958.2061   10.8374
    0.0000   22.5000    0.0000 2980.3586   10.6974
    7.5000   22.5000    0.0000 2937.0352   10.9015
   -7.5000   30.0000    0.0000 2898.7676   11.2417
    0.0000   30.0000    0.0000 2915.6050   11.1359
    7.5000   30.0000    0.0000 2881.3264   11.3214
   -7.5000   37.5000    0.0000 2816.6675   11.8646
    0.0000   37.5000    0.0000 2828.7043   11.7746
    7.5000   37.5000    0.0000 2803.5269   11.9535
   -7.5000   45.0000    0.0000 2711.2888   12.6768
    0.0000   45.0000    0.0000 2721.9229   12.6096
    7.5000   45.0000    0.0000 2704.1746   12.8209
   -7.5000  -45.0000    7.5000 2129.9426   20.8191
    0.0000  -45.0000    7.5000 2144.6897   20.6308
    7.5000  -45.0000    7.5000 2120.1523   20.9635
   -7.5000  -37.5000    7.5000 2252.7419   18.1956
    0.0000  -37.5000    7.5000 2267.9216   17.9585
    7.5000  -37.5000    7.5000 2245.5393   18.2568
   -7.5000  -30.0000    7.5000 2367.6968   16.1143
    0.0000  -30.0000    7.5000 2372.7832   15.8300
    7.5000  -30.0000    7.5000 2353.0259   16.1193
   -7.5000  -22.5000    7.5000 2482.5894   14.4791
    0.0000  -22.5000    7.5000 2485.9343   14.2422
    7.5000  -22.5000    7.5000 2462.8274   14.5222
   -7.5000  -15.0000    7.5000 2591.7256   13.2451
    0.0000  -15.0000    7.5000 2595.5754   13.0469
    7.5000  -15.0000    7.5000 2570.4626   13.2829
   -7.5000   -7.5000    7.5000 2692.2717   12.2699
    0.0000   -7.5000    7.5000 2699.0110   12.0744
    7.5000   -7.5000    7.5000 2672.9341   12.3220
   -7.5000    0.0000    7.5000 2790.4817   11.5547
    0.0000    0.0000    7.5000 2800.3450   11.3719
    7.5000    0.0000    7.5000 2769.8911   11.6160
   -7.5000    7.5000    7.5000 2875.4631   11.1351
    0.0000    7.5000    7.5000 2892.6875   10.9359
    7.5000    7.5000    7.5000 2856.7046   11.1887
   -7.5000   15.0000    7.5000 2924.1516   11.0129
    0.0000   15.0000    7.5000 2940.8655   10.8401
    7.5000   15.0000    7.5000 2902.6995   11.0708
   -7.5000   22.5000    7.5000 2919.4485   11.1683
    0.0000   22.5000    7.5000 2934.4307   11.0398
    7.5000   22.5000    7.5000 2899.5840   11.2410
   -7.5000   30.0000    7.5000 2864.1379   11.5922
    0.0000   30.0000    7.5000 2879.9041   11.4892
    7.5000   30.0000    7.5000 2853.1362   11.6747
   -7.5000   37.5000    7.5000 2787.9502   12.2263
    0.0000   37.5000    7.5000 2803.5552   12.1437
    7.5000   37.5000    7.5000 2779.4434   12.2944
   -7.5000   45.0000    7.5000 2681.7927   13.0522
    0.0000   45.0000    7.5000 2698.4424   12.9832
    7.5000   45.0000    7.5000 2677.2761   13.1494
   -7.5000  -45.0000   15.0000 2069.6189   21.9927
    0.0000  -45.0000   15.0000 2075.8503   21.6963
    7.5000  -45.0000   15.0000 2054.4097   21.9984
   -7.5000  -37.5000   15.0000 2195.5959   19.2185
    0.0000  -37.5000   15.0000 2204.2417   18.9791
    7.5000  -37.5000   15.0000 2180.5405   19.2113
   -7.5000  -30.0000   15.0000 2316.3096   17.0289
    0.0000  -30.0000   15.0000 2320.8682   16.8076
    7.5000  -30.0000   15.0000 2292.3840   17.0091
   -7.5000  -22.5000   15.0000 2428.6577   15.3129
    0.0000  -22.5000   15.0000 2434.3179   15.1227
    7.5000  -22.5000   15.0000 2404.4888   15.3253
   -7.5000  -15.0000   15.0000 2534.8091   13.9636
    0.0000  -15.0000   15.0000 2544.4363   13.7626
    7.5000  -15.0000   15.0000 2512.0923   13.9615
   -7.5000   -7.5000   15.0000 2634.3271   12.8994
    0.0000   -7.5000   15.0000 2645.9470   12.7165
    7.5000   -7.5000   15.0000 2615.0708   12.9171
   -7.5000    0.0000   15.0000 2730.4993   12.1502
    0.0000    0.0000   15.0000 2743.1187   11.9573
    7.5000    0.0000   15.0000 2714.3660   12.1904
   -7.5000    7.5000   15.0000 2811.0229   11.6860
    0.0000    7.5000   15.0000 2824.8840   11.4972
    7.5000    7.5000   15.0000 2794.0935   11.7191
   -7.5000   15.0000   15.0000 2853.3123   11.5398
    0.0000   15.0000   15.0000 2865.2524   11.3796
    7.5000   15.0000   15.0000 2836.4680   11.5952
   -7.5000   22.5000   15.0000 2852.3979   11.6941
    0.0000   22.5000   15.0000 2864.3096   11.5557
    7.5000   22.5000   15.0000 2839.1394   11.7745
   -7.5000   30.0000   15.0000 2808.1716   12.1086
    0.0000   30.0000   15.0000 2822.1812   11.9878
    7.5000   30.0000   15.0000 2800.9946   12.2048
   -7.5000   37.5000   15.0000 2737.6780   12.7247
    0.0000   37.5000   15.0000 2752.6829   12.6295
    7.5000   37.5000   15.0000 2729.4443   12.8060
   -7.5000   45.0000   15.0000 2636.9133   13.5620
    0.0000   45.0000   15.0000 2650.5813   13.4860
    7.5000   45.0000   15.0000 2629.9136   13.6332
   -7.5000  -45.0000   22.5000 2003.6223   23.5510
    0.0000  -45.0000   22.5000 2007.2412   23.2328
    7.5000  -45.0000   22.5000 1984.1776   23.4512
   -7.5000  -37.5000   22.5000 2135.9004   20.5228
    0.0000  -37.5000   22.5000 2142.4622   20.2561
    7.5000  -37.5000   22.5000 2113.8577   20.4644
   -7.5000  -30.0000   22.5000 2257.8821   18.1251
    0.0000  -30.0000   22.5000 2262.1421   17.8795
    7.5000  -30.0000   22.5000 2234.2153   18.0729
   -7.5000  -22.5000   22.5000 2369.2798   16.2541
    0.0000  -22.5000   22.5000 2378.4331   16.0186
    7.5000  -22.5000   22.5000 2349.7893   16.2111
   -7.5000  -15.0000   22.5000 2476.2231   14.7818
    0.0000  -15.0000   22.5000 2487.6228   14.5741
    7.5000  -15.0000   22.5000 2459.3381   14.7530
   -7.5000   -7.5000   22.5000 2576.5786   13.6749
    0.0000   -7.5000   22.5000 2592.3142   13.4718
    7.5000   -7.5000   22.5000 2560.7114   13.6738
   -7.5000    0.0000   22.5000 2668.4807   12.8936
    0.0000    0.0000   22.5000 2685.8071   12.6712
    7.5000    0.0000   22.5000 2654.6353   12.8827
   -7.5000    7.5000   22.5000 2740.0168   12.4018
    0.0000    7.5000   22.5000 2758.1321   12.2192
    7.5000    7.5000   22.5000 2726.8196   12.4132
   -7.5000   15.0000   22.5000 2774.9714   12.2297
    0.0000   15.0000   22.5000 2789.8083   12.0827
    7.5000   15.0000   22.5000 2760.8662   12.2817
   -7.5000   22.5000   22.5000 2774.4551   12.3826
    0.0000   22.5000   22.5000 2785.6804   12.2486
    7.5000   22.5000   22.5000 2760.5757   12.4588
   -7.5000   30.0000   22.5000 2736.2910   12.7755
    0.0000   30.0000   22.5000 2745.5625   12.6572
    7.5000   30.0000   22.5000 2727.1301   12.8563
   -7.5000   37.5000   22.5000 2671.8516   13.3733
    0.0000   37.5000   22.5000 2687.6648   13.2831
    7.5000   37.5000   22.5000 2661.8030   13.4670
   -7.5000   45.0000   22.5000 2577.5886   14.2028
    0.0000   45.0000   22.5000 2592.4563   14.1413
    7.5000   45.0000   22.5000 2572.4402   14.2865
   -7.5000  -45.0000   30.0000 1929.9608   25.3463
    0.0000  -45.0000   30.0000 1933.2717   24.9842
    7.5000  -45.0000   30.0000 1913.6953   25.2858
   -7.5000  -37.5000   30.0000 2062.7463   21.9889
    0.0000  -37.5000   30.0000 2072.5046   21.6362
    7.5000  -37.5000   30.0000 2050.3936   21.8979
   -7.5000  -30.0000   30.0000 2186.6531   19.3877
    0.0000  -30.0000   30.0000 2195.1772   19.0847
    7.5000  -30.0000   30.0000 2171.8967   19.2941
   -7.5000  -22.5000   30.0000 2302.8975   17.3638
    0.0000  -22.5000   30.0000 2316.0090   17.1194
    7.5000  -22.5000   30.0000 2289.8909   17.3214
   -7.5000  -15.0000   30.0000 2406.1545   15.7895
    0.0000  -15.0000   30.0000 2424.4844   15.5745
    7.5000  -15.0000   30.0000 2397.8308   15.7881
   -7.5000   -7.5000   30.0000 2504.9851   14.6238
    0.0000   -7.5000   30.0000 2526.9272   14.4152
    7.5000   -7.5000   30.0000 2497.5439   14.6156
   -7.5000    0.0000   30.0000 2593.1199   13.7931
    0.0000    0.0000   30.0000 2615.1758   13.5843
    7.5000    0.0000   30.0000 2583.9939   13.7766
   -7.5000    7.5000   30.0000 2661.6570   13.2794
    0.0000    7.5000   30.0000 2679.0671   13.1022
    7.5000    7.5000   30.0000 2648.5115   13.2918
   -7.5000   15.0000   30.0000 2692.2417   13.1034
    0.0000   15.0000   30.0000 2711.9192   12.9487
    7.5000   15.0000   30.0000 2679.1995   13.1401
   -7.5000   22.5000   30.0000 2687.7021   13.2612
    0.0000   22.5000   30.0000 2704.2261   13.1243
    7.5000   22.5000   30.0000 2676.4834   13.3188
   -7.5000   30.0000   30.0000 2653.8545   13.6427
    0.0000   30.0000   30.0000 2666.1001   13.5273
    7.5000   30.0000   30.0000 2644.2830   13.6965
   -7.5000   37.5000   30.0000 2593.2271   14.1988
    0.0000   37.5000   30.0000 2610.9675   14.1193
    7.5000   37.5000   30.0000 2588.9844   14.2951
   -7.5000   45.0000   30.0000 2506.0491   14.9999
    0.0000   45.0000   30.0000 2524.3386   14.9342
    7.5000   45.0000   30.0000 2506.5911   15.0930
   -7.5000  -45.0000   37.5000 1850.0001   27.6214
    0.0000  -45.0000   37.5000 1851.0247   27.1452
    7.5000  -45.0000   37.5000 1835.6283   27.4822
   -7.5000  -37.5000   37.5000 1985.0988   23.8022
    0.0000  -37.5000   37.5000 1994.8630   23.3976
    7.5000  -37.5000   37.5000 1979.3416   23.6585
   -7.5000  -30.0000   37.5000 2110.0500   20.9350
    0.0000  -30.0000   37.5000 2120.0049   20.5897
    7.5000  -30.0000   37.5000 2100.9255   20.7693
   -7.5000  -22.5000   37.5000 2225.7505   18.7219
    0.0000  -22.5000   37.5000 2240.7891   18.4596
    7.5000  -22.5000   37.5000 2220.9043   18.6279
   -7.5000  -15.0000   37.5000 2329.4067   17.0479
    0.0000  -15.0000   37.5000 2350.4355   16.8244
    7.5000  -15.0000   37.5000 2328.5964   17.0177
   -7.5000   -7.5000   37.5000 2427.7852   15.7910
    0.0000   -7.5000   37.5000 2452.6956   15.5891
    7.5000   -7.5000   37.5000 2429.3550   15.7633
   -7.5000    0.0000   37.5000 2511.9192   14.8882
    0.0000    0.0000   37.5000 2534.2917   14.6990
    7.5000    0.0000   37.5000 2508.5330   14.8658
   -7.5000    7.5000   37.5000 2572.4729   14.3217
    0.0000    7.5000   37.5000 2591.5732   14.1478
    7.5000    7.5000   37.5000 2565.0627   14.3600
   -7.5000   15.0000   37.5000 2603.8494   14.1427
    0.0000   15.0000   37.5000 2623.2063   13.9970
    7.5000   15.0000   37.5000 2591.9695   14.1969
   -7.5000   22.5000   37.5000 2600.9290   14.3195
    0.0000   22.5000   37.5000 2614.9751   14.1948
    7.5000   22.5000   37.5000 2590.4678   14.3819
   -7.5000   30.0000   37.5000 2567.0823   14.7187
    0.0000   30.0000   37.5000 2581.6331   14.6158
    7.5000   30.0000   37.5000 2557.3594   14.7693
   -7.5000   37.5000   37.5000 2513.0242   15.2810
    0.0000   37.5000   37.5000 2528.8406   15.2124
    7.5000   37.5000   37.5000 2509.8882   15.3809
   -7.5000   45.0000   37.5000 2434.7310   16.0223
    0.0000   45.0000   37.5000 2451.9985   15.9621
    7.5000   45.0000   37.5000 2433.1724   16.1277
   -7.5000  -45.0000   45.0000 1762.7705   30.4501
    0.0000  -45.0000   45.0000 1757.8966   29.8221
    7.5000  -45.0000   45.0000 1745.6368   30.1701
   -7.5000  -37.5000   45.0000 1901.7286   26.1395
    0.0000  -37.5000   45.0000 1903.6483   25.5601
    7.5000  -37.5000   45.0000 1894.4983   25.8553
   -7.5000  -30.0000   45.0000 2027.1831   22.9036
    0.0000  -30.0000   45.0000 2032.7755   22.4404
    7.5000  -30.0000   45.0000 2018.7655   22.6552
   -7.5000  -22.5000   45.0000 2142.2539   20.4698
    0.0000  -22.5000   45.0000 2154.4238   20.1065
    7.5000  -22.5000   45.0000 2140.2236   20.3075
   -7.5000  -15.0000   45.0000 2246.9944   18.6270
    0.0000  -15.0000   45.0000 2265.5735   18.3427
    7.5000  -15.0000   45.0000 2249.6882   18.5171
   -7.5000   -7.5000   45.0000 2347.3821   17.2550
    0.0000   -7.5000   45.0000 2369.3054   17.0072
    7.5000   -7.5000   45.0000 2349.0337   17.1716
   -7.5000    0.0000   45.0000 2427.8721   16.2693
    0.0000    0.0000   45.0000 2445.5557   16.0485
    7.5000    0.0000   45.0000 2425.2698   16.2325
   -7.5000    7.5000   45.0000 2479.0828   15.6313
    0.0000    7.5000   45.0000 2493.7109   15.4459
    7.5000    7.5000   45.0000 2471.7761   15.6633
   -7.5000   15.0000   45.0000 2505.0613   15.4286
    0.0000   15.0000   45.0000 2517.2756   15.2816
    7.5000   15.0000   45.0000 2493.7791   15.4886
   -7.5000   22.5000   45.0000 2502.5793   15.5794
    0.0000   22.5000   45.0000 2515.8079   15.4501
    7.5000   22.5000   45.0000 2491.3882   15.6411
   -7.5000   30.0000   45.0000 2473.4033   15.9895
    0.0000   30.0000   45.0000 2485.5369   15.9031
    7.5000   30.0000   45.0000 2463.8916   16.0497
   -7.5000   37.5000   45.0000 2421.9167   16.5754
    0.0000   37.5000   45.0000 2434.5579   16.5016
    7.5000   37.5000   45.0000 2418.2749   16.6631
   -7.5000   45.0000   45.0000 2353.1987   17.3384
    0.0000   45.0000   45.0000 2367.0049   17.2624
    7.5000   45.0000   45.0000 2345.9109   17.4124

---------------------------------------------------------------------
imgreg_4dfp /opt/freesurfer/average/711-2C_as_mni_average_305 /opt/freesurfer/average/711-2B_as_mni_average_305_mask talsrcimg_g11 none talsrcimg_to_711-2C_as_mni_average_305_t4 1283
---------------------------------------------------------------------

freesurfer imgreg_4dfp.c
/opt/freesurfer/average/711-2C_as_mni_average_305.4dfp.img
       256       256       256         1
  1.000000  1.000000  1.000000
orientation T byte_order littleendian
Reading image: /opt/freesurfer/average/711-2C_as_mni_average_305.4dfp.img
dimensions:      256       256       256
mmppix:       1.0000   -1.0000   -1.0000
center:     128.0000 -129.0000 -129.0000
/opt/freesurfer/average/711-2B_as_mni_average_305_mask.4dfp.img
       256       256       256         1
  1.000000  1.000000  1.000000
orientation T byte_order littleendian
Reading mask: /opt/freesurfer/average/711-2B_as_mni_average_305_mask.4dfp.img (2306576 pixels)
talsrcimg_g11.4dfp.img
       256       256       256         1
  1.000000  1.000000  1.000000
orientation T byte_order littleendian
Reading image: talsrcimg_g11.4dfp.img
dimensions:      256       256       256
mmppix:       1.0000   -1.0000   -1.0000
center:     128.0000 -129.0000 -129.0000
rotation matrix determinant  1.000000
fimgreg.f
image alignment mode   1283 decimal      503 hex
parameters
    0.0000   15.0000   -7.5000    0.0000    0.0000    0.0000
eta,q 0.94683 10.37144
niter,ni,del,rscale     5    3   12.0000    1.2000
parameter  4  2.077158 ->  0.500000 qaram    1.1500
parameters
   -1.1938   16.5771   -7.8031   -3.4500   -1.4254    1.8292
eta,q 0.95185 10.26264
  0.0603  0.0646  0.0575  0.0466  0.0506  0.0548
  0.0563  0.0588  0.0546  0.0482  0.0498  0.0517
  0.0530  0.0547  0.0524  0.0500  0.0487  0.0497
  0.0538  0.0526  0.0522  0.0522  0.0486  0.0485
  0.0574  0.0525  0.0536  0.0550  0.0498  0.0482
  0.0616  0.0538  0.0557  0.0581  0.0517  0.0487
  0.0675  0.0561  0.0581  0.0615  0.0551  0.0499
niter,ni,del,rscale     5    3   12.0000    1.2000
parameter  4  3.118311 ->  0.500000 qaram    1.3225
parameters
   -0.9974   17.5574   -8.7309   -7.4175   -1.6371    2.6738
eta,q 0.95710 10.26089
  0.0570  0.0576  0.0520  0.0406  0.0478  0.0478
  0.0529  0.0529  0.0489  0.0423  0.0458  0.0457
  0.0506  0.0495  0.0476  0.0448  0.0441  0.0440
  0.0481  0.0480  0.0480  0.0476  0.0430  0.0430
  0.0488  0.0482  0.0495  0.0509  0.0439  0.0431
  0.0516  0.0496  0.0517  0.0542  0.0459  0.0442
  0.0568  0.0529  0.0548  0.0576  0.0489  0.0458
niter,ni,del,rscale     5    3   12.0000    1.2000
parameter  4  1.031838 ->  0.500000 qaram    1.5209
parameters
   -0.8835   18.6826   -9.4938  -11.9801   -1.7535    2.9431
eta,q 0.96135 10.24474
  0.0537  0.0536  0.0478  0.0383  0.0440  0.0435
  0.0494  0.0484  0.0447  0.0384  0.0413  0.0414
  0.0461  0.0448  0.0427  0.0396  0.0396  0.0395
  0.0429  0.0428  0.0425  0.0423  0.0386  0.0386
  0.0439  0.0426  0.0445  0.0457  0.0394  0.0393
  0.0479  0.0442  0.0472  0.0499  0.0416  0.0409
  0.0542  0.0479  0.0507  0.0542  0.0446  0.0427
niter,ni,del,rscale     5    3   12.0000    1.2000
parameters
   -0.7349   19.4782  -10.3223  -14.4405   -2.1033    3.0547
eta,q 0.96271 10.25513
  0.0511  0.0499  0.0447  0.0421  0.0418  0.0419
  0.0462  0.0436  0.0408  0.0377  0.0395  0.0398
  0.0421  0.0399  0.0385  0.0371  0.0380  0.0380
  0.0387  0.0386  0.0387  0.0383  0.0372  0.0373
  0.0401  0.0392  0.0411  0.0406  0.0381  0.0379
  0.0445  0.0410  0.0444  0.0442  0.0403  0.0396
  0.0510  0.0447  0.0476  0.0491  0.0432  0.0416
niter,ni,del,rscale     4    3   12.0000    1.2000
parameters
   -0.5684   20.1907  -11.0650  -15.1097   -2.4010    3.0050
eta,q 0.96337 10.26192
  0.0504  0.0489  0.0436  0.0442  0.0415  0.0413
  0.0454  0.0419  0.0396  0.0390  0.0389  0.0391
  0.0408  0.0386  0.0371  0.0365  0.0373  0.0373
  0.0373  0.0372  0.0372  0.0369  0.0366  0.0366
  0.0388  0.0376  0.0394  0.0387  0.0374  0.0374
  0.0434  0.0396  0.0430  0.0415  0.0396  0.0393
  0.0503  0.0439  0.0465  0.0454  0.0426  0.0414
niter,ni,del,rscale     3    3   12.0000    1.2000
parameters
   -0.4814   20.4398  -11.3260  -15.4460   -2.5094    2.9879
eta,q 0.96357 10.26626
  0.0498  0.0466  0.0443  0.0444  0.0416  0.0412
  0.0447  0.0405  0.0404  0.0395  0.0389  0.0390
  0.0399  0.0376  0.0372  0.0365  0.0372  0.0372
  0.0366  0.0366  0.0366  0.0365  0.0364  0.0364
  0.0382  0.0373  0.0382  0.0383  0.0370  0.0372
  0.0430  0.0399  0.0417  0.0410  0.0392  0.0391
  0.0503  0.0448  0.0453  0.0446  0.0421  0.0412
niter,ni,del,rscale     2    3   12.0000    1.2000
parameters
   -0.4426   20.5489  -11.4437  -15.6048   -2.5561    2.9909
eta,q 0.96365 10.26817
  0.0496  0.0461  0.0445  0.0445  0.0416  0.0412
  0.0445  0.0401  0.0406  0.0398  0.0389  0.0390
  0.0395  0.0374  0.0373  0.0366  0.0371  0.0371
  0.0364  0.0364  0.0364  0.0364  0.0363  0.0363
  0.0381  0.0372  0.0379  0.0381  0.0369  0.0371
  0.0430  0.0400  0.0412  0.0408  0.0390  0.0390
  0.0505  0.0451  0.0449  0.0442  0.0419  0.0412
niter,ni,del,rscale     1    3   12.0000    1.2000
parameters
   -0.4268   20.6019  -11.5006  -15.6861   -2.5794    2.9929
eta,q 0.96369 10.26911
  0.0495  0.0459  0.0445  0.0446  0.0416  0.0412
  0.0443  0.0400  0.0407  0.0399  0.0389  0.0389
  0.0393  0.0372  0.0373  0.0366  0.0371  0.0371
  0.0363  0.0363  0.0363  0.0363  0.0363  0.0363
  0.0381  0.0372  0.0377  0.0380  0.0369  0.0371
  0.0431  0.0401  0.0409  0.0407  0.0389  0.0390
  0.0505  0.0453  0.0448  0.0440  0.0418  0.0411
registration optimization eta report
parameter search radius
    6.0000    6.0000    6.0000    9.1253    6.0000    6.0000
100000*second partial in parameter space
       36.       26.       23.        9.       15.       13.
  0.0495  0.0459  0.0445  0.0446  0.0416  0.0412
  0.0443  0.0400  0.0407  0.0399  0.0389  0.0389
  0.0393  0.0372  0.0373  0.0366  0.0371  0.0371
  0.0363  0.0363  0.0363  0.0363  0.0363  0.0363
  0.0381  0.0372  0.0377  0.0380  0.0369  0.0371
  0.0431  0.0401  0.0409  0.0407  0.0389  0.0390
  0.0505  0.0453  0.0448  0.0440  0.0418  0.0411
   -0.4268   20.6019  -11.5006  -15.6861   -2.5794    2.9929
eta,q 0.96369 10.26911

---------------------------------------------------------------------
imgreg_4dfp /opt/freesurfer/average/711-2C_as_mni_average_305 /opt/freesurfer/average/711-2B_as_mni_average_305_mask talsrcimg_g11 none talsrcimg_to_711-2C_as_mni_average_305_t4 3335
---------------------------------------------------------------------

freesurfer imgreg_4dfp.c
/opt/freesurfer/average/711-2C_as_mni_average_305.4dfp.img
       256       256       256         1
  1.000000  1.000000  1.000000
orientation T byte_order littleendian
Reading image: /opt/freesurfer/average/711-2C_as_mni_average_305.4dfp.img
dimensions:      256       256       256
mmppix:       1.0000   -1.0000   -1.0000
center:     128.0000 -129.0000 -129.0000
/opt/freesurfer/average/711-2B_as_mni_average_305_mask.4dfp.img
       256       256       256         1
  1.000000  1.000000  1.000000
orientation T byte_order littleendian
Reading mask: /opt/freesurfer/average/711-2B_as_mni_average_305_mask.4dfp.img (2306576 pixels)
talsrcimg_g11.4dfp.img
       256       256       256         1
  1.000000  1.000000  1.000000
orientation T byte_order littleendian
Reading image: talsrcimg_g11.4dfp.img
dimensions:      256       256       256
mmppix:       1.0000   -1.0000   -1.0000
center:     128.0000 -129.0000 -129.0000
fimgreg.f
image alignment mode   3335 decimal      D07 hex
parameters
   -0.4268   20.6019  -11.5006   -0.2376   -3.9191   -3.8218
   -6.2418    2.9151    5.2159   27.2261   -4.5003  -27.0093
eta,q 0.96622 10.27161
niter,ni,del,rscale     5    3    5.0000    1.2000
parameter  4  1.136287 ->  0.500000 qaram    1.1500
parameter  5  1.493635 ->  0.500000 qaram    1.1500
parameters
   -0.4175   21.0342  -11.6347   -4.3776   -8.0591   -6.9608
   -5.7273    6.0492    6.5088   26.4420   -3.7428  -25.2075
eta,q 0.97402  9.96495
  0.0360  0.0363  0.0352  0.0300  0.0268  0.0286  0.0301  0.0343  0.0289  0.0284  0.0279  0.0279
  0.0348  0.0351  0.0343  0.0302  0.0276  0.0278  0.0287  0.0317  0.0275  0.0271  0.0270  0.0271
  0.0341  0.0342  0.0338  0.0315  0.0288  0.0272  0.0277  0.0293  0.0266  0.0263  0.0264  0.0264
  0.0338  0.0338  0.0337  0.0337  0.0304  0.0279  0.0273  0.0273  0.0261  0.0261  0.0261  0.0260
  0.0340  0.0338  0.0340  0.0360  0.0325  0.0298  0.0275  0.0262  0.0261  0.0266  0.0261  0.0260
  0.0347  0.0342  0.0346  0.0392  0.0351  0.0323  0.0282  0.0265  0.0266  0.0279  0.0266  0.0262
  0.0361  0.0350  0.0355  0.0429  0.0378  0.0349  0.0294  0.0282  0.0274  0.0299  0.0273  0.0267
niter,ni,del,rscale     6    3    5.0000    1.2000
parameters
   -0.6839   21.4119  -11.5819   -6.3682  -10.9575   -6.5932
   -5.8811    5.5944    6.8787   27.2556   -3.7078  -26.3852
eta,q 0.97511  9.85521
  0.0288  0.0287  0.0277  0.0289  0.0266  0.0289  0.0276  0.0295  0.0271  0.0283  0.0263  0.0257
  0.0271  0.0273  0.0267  0.0269  0.0255  0.0276  0.0262  0.0273  0.0260  0.0268  0.0256  0.0252
  0.0261  0.0264  0.0261  0.0258  0.0252  0.0263  0.0253  0.0256  0.0253  0.0257  0.0251  0.0249
  0.0260  0.0259  0.0259  0.0259  0.0257  0.0252  0.0250  0.0250  0.0250  0.0250  0.0249  0.0249
  0.0267  0.0260  0.0261  0.0277  0.0268  0.0250  0.0254  0.0260  0.0252  0.0250  0.0251  0.0252
  0.0282  0.0265  0.0266  0.0306  0.0285  0.0263  0.0264  0.0281  0.0258  0.0258  0.0256  0.0257
  0.0304  0.0274  0.0276  0.0339  0.0308  0.0290  0.0278  0.0308  0.0267  0.0273  0.0263  0.0264
niter,ni,del,rscale     5    3    5.0000    1.2000
parameters
   -0.7215   21.7473  -11.7070   -6.3552  -11.5749   -6.7158
   -6.0054    5.4510    6.9199   28.0825   -3.6623  -27.0145
eta,q 0.97524  9.84043
  0.0283  0.0278  0.0264  0.0299  0.0277  0.0284  0.0275  0.0297  0.0268  0.0281  0.0261  0.0258
  0.0264  0.0263  0.0255  0.0278  0.0260  0.0272  0.0260  0.0274  0.0257  0.0266  0.0254  0.0251
  0.0252  0.0253  0.0250  0.0258  0.0250  0.0259  0.0251  0.0256  0.0251  0.0255  0.0249  0.0248
  0.0249  0.0249  0.0249  0.0249  0.0249  0.0248  0.0249  0.0249  0.0249  0.0249  0.0248  0.0248
  0.0253  0.0250  0.0251  0.0253  0.0255  0.0250  0.0252  0.0256  0.0251  0.0249  0.0249  0.0250
  0.0265  0.0255  0.0258  0.0274  0.0267  0.0267  0.0262  0.0276  0.0257  0.0256  0.0254  0.0255
  0.0285  0.0265  0.0267  0.0303  0.0285  0.0295  0.0276  0.0302  0.0267  0.0271  0.0261  0.0261
niter,ni,del,rscale     4    3    5.0000    1.2000
parameters
   -0.7397   21.9482  -11.8419   -6.3404  -12.0264   -6.9070
   -6.0254    5.3810    6.9114   28.6673   -3.6139  -27.3988
eta,q 0.97528  9.82681
  0.0282  0.0274  0.0263  0.0298  0.0277  0.0283  0.0274  0.0297  0.0267  0.0279  0.0260  0.0258
  0.0263  0.0260  0.0254  0.0277  0.0260  0.0270  0.0260  0.0274  0.0256  0.0264  0.0253  0.0251
  0.0251  0.0251  0.0249  0.0257  0.0250  0.0258  0.0251  0.0255  0.0250  0.0254  0.0249  0.0248
  0.0248  0.0248  0.0248  0.0248  0.0247  0.0247  0.0248  0.0248  0.0248  0.0248  0.0247  0.0247
  0.0252  0.0249  0.0250  0.0251  0.0253  0.0249  0.0251  0.0255  0.0250  0.0248  0.0249  0.0249
  0.0264  0.0256  0.0257  0.0273  0.0266  0.0267  0.0260  0.0274  0.0256  0.0257  0.0253  0.0254
  0.0283  0.0265  0.0266  0.0301  0.0283  0.0295  0.0274  0.0300  0.0266  0.0272  0.0260  0.0260
niter,ni,del,rscale     3    3    5.0000    1.2000
parameters
   -0.7550   22.1059  -11.9771   -6.3106  -12.3567   -7.1074
   -6.0198    5.3329    6.8947   29.1329   -3.5734  -27.6716
eta,q 0.97530  9.81576
  0.0281  0.0272  0.0262  0.0297  0.0277  0.0283  0.0274  0.0297  0.0266  0.0277  0.0260  0.0258
  0.0262  0.0258  0.0254  0.0276  0.0261  0.0270  0.0260  0.0274  0.0256  0.0263  0.0253  0.0251
  0.0251  0.0250  0.0249  0.0257  0.0250  0.0257  0.0251  0.0255  0.0250  0.0253  0.0249  0.0248
  0.0247  0.0247  0.0247  0.0247  0.0247  0.0247  0.0247  0.0247  0.0247  0.0247  0.0247  0.0247
  0.0251  0.0249  0.0250  0.0251  0.0253  0.0249  0.0251  0.0254  0.0250  0.0249  0.0249  0.0249
  0.0263  0.0256  0.0256  0.0272  0.0265  0.0267  0.0260  0.0273  0.0256  0.0257  0.0253  0.0253
  0.0282  0.0266  0.0266  0.0300  0.0282  0.0294  0.0274  0.0299  0.0266  0.0272  0.0260  0.0259
niter,ni,del,rscale     2    3    5.0000    1.2000
parameters
   -0.7692   22.2393  -12.1029   -6.2848  -12.6278   -7.2911
   -6.0081    5.2947    6.8852   29.5303   -3.5277  -27.8838
eta,q 0.97529  9.80608
  0.0281  0.0271  0.0262  0.0297  0.0278  0.0282  0.0274  0.0296  0.0266  0.0276  0.0260  0.0258
  0.0262  0.0258  0.0253  0.0276  0.0261  0.0270  0.0260  0.0274  0.0256  0.0263  0.0253  0.0251
  0.0251  0.0250  0.0248  0.0256  0.0250  0.0257  0.0250  0.0255  0.0249  0.0253  0.0249  0.0248
  0.0247  0.0247  0.0247  0.0247  0.0247  0.0247  0.0247  0.0247  0.0247  0.0247  0.0247  0.0247
  0.0251  0.0249  0.0250  0.0251  0.0252  0.0249  0.0251  0.0254  0.0250  0.0249  0.0249  0.0249
  0.0263  0.0256  0.0256  0.0272  0.0264  0.0267  0.0260  0.0273  0.0256  0.0257  0.0253  0.0253
  0.0282  0.0266  0.0265  0.0300  0.0281  0.0293  0.0273  0.0299  0.0266  0.0272  0.0259  0.0259
niter,ni,del,rscale     1    3    5.0000    1.2000
parameters
   -0.7810   22.3573  -12.2152   -6.2651  -12.8636   -7.4612
   -5.9953    5.2584    6.8624   29.8885   -3.4829  -28.0659
eta,q 0.97529  9.79734
  0.0281  0.0271  0.0261  0.0296  0.0278  0.0282  0.0274  0.0296  0.0266  0.0276  0.0260  0.0258
  0.0262  0.0258  0.0253  0.0275  0.0261  0.0269  0.0260  0.0273  0.0256  0.0262  0.0253  0.0251
  0.0251  0.0250  0.0248  0.0256  0.0250  0.0257  0.0250  0.0255  0.0249  0.0252  0.0249  0.0248
  0.0247  0.0247  0.0247  0.0247  0.0247  0.0247  0.0247  0.0247  0.0247  0.0247  0.0247  0.0247
  0.0251  0.0249  0.0249  0.0251  0.0252  0.0249  0.0250  0.0254  0.0250  0.0249  0.0249  0.0249
  0.0263  0.0256  0.0255  0.0272  0.0264  0.0266  0.0260  0.0273  0.0256  0.0257  0.0253  0.0253
  0.0281  0.0266  0.0265  0.0300  0.0281  0.0293  0.0273  0.0298  0.0266  0.0272  0.0259  0.0259
registration optimization eta report
parameter search radius
    2.4000    2.4000    2.4000    8.2800    8.2800    7.2000
    7.2000    7.2000    7.2000    7.2000    7.2000    7.2000
100000*second partial in parameter space
       59.       37.       28.        7.        5.        8.
        5.        9.        4.        5.        2.        2.
  0.0281  0.0271  0.0261  0.0296  0.0278  0.0282  0.0274  0.0296  0.0266  0.0276  0.0260  0.0258
  0.0262  0.0258  0.0253  0.0275  0.0261  0.0269  0.0260  0.0273  0.0256  0.0262  0.0253  0.0251
  0.0251  0.0250  0.0248  0.0256  0.0250  0.0257  0.0250  0.0255  0.0249  0.0252  0.0249  0.0248
  0.0247  0.0247  0.0247  0.0247  0.0247  0.0247  0.0247  0.0247  0.0247  0.0247  0.0247  0.0247
  0.0251  0.0249  0.0249  0.0251  0.0252  0.0249  0.0250  0.0254  0.0250  0.0249  0.0249  0.0249
  0.0263  0.0256  0.0255  0.0272  0.0264  0.0266  0.0260  0.0273  0.0256  0.0257  0.0253  0.0253
  0.0281  0.0266  0.0265  0.0300  0.0281  0.0293  0.0273  0.0298  0.0266  0.0272  0.0259  0.0259
   -0.7810   22.3573  -12.2152   -6.2651  -12.8636   -7.4612
   -5.9953    5.2584    6.8624   29.8885   -3.4829  -28.0659
eta,q 0.97529  9.79734

---------------------------------------------------------------------
imgreg_4dfp /opt/freesurfer/average/711-2C_as_mni_average_305 /opt/freesurfer/average/711-2B_as_mni_average_305_mask talsrcimg_g11 none talsrcimg_to_711-2C_as_mni_average_305_t4 2311
---------------------------------------------------------------------

freesurfer imgreg_4dfp.c
/opt/freesurfer/average/711-2C_as_mni_average_305.4dfp.img
       256       256       256         1
  1.000000  1.000000  1.000000
orientation T byte_order littleendian
Reading image: /opt/freesurfer/average/711-2C_as_mni_average_305.4dfp.img
dimensions:      256       256       256
mmppix:       1.0000   -1.0000   -1.0000
center:     128.0000 -129.0000 -129.0000
/opt/freesurfer/average/711-2B_as_mni_average_305_mask.4dfp.img
       256       256       256         1
  1.000000  1.000000  1.000000
orientation T byte_order littleendian
Reading mask: /opt/freesurfer/average/711-2B_as_mni_average_305_mask.4dfp.img (2306576 pixels)
talsrcimg_g11.4dfp.img
       256       256       256         1
  1.000000  1.000000  1.000000
orientation T byte_order littleendian
Reading image: talsrcimg_g11.4dfp.img
dimensions:      256       256       256
mmppix:       1.0000   -1.0000   -1.0000
center:     128.0000 -129.0000 -129.0000
fimgreg.f
image alignment mode   2311 decimal      907 hex
parameters
   -0.7810   22.3573  -12.2152   -6.2651  -12.8636   -7.4612
   -5.9953    5.2584    6.8624   29.8885   -3.4829  -28.0659
eta,q 0.97529  9.79734
niter,ni,del,rscale     5    3    5.0000    0.8000
parameters
   -0.7997   22.4109  -12.2981   -5.8913  -13.1857   -7.1064
   -5.9277    5.2636    6.7525   29.9774   -3.4589  -28.6123
eta,q 0.97541  9.80400
  0.0262  0.0258  0.0253  0.0270  0.0258  0.0269  0.0259  0.0272  0.0254  0.0259  0.0252  0.0250
  0.0253  0.0252  0.0250  0.0259  0.0251  0.0260  0.0252  0.0259  0.0250  0.0252  0.0249  0.0248
  0.0248  0.0248  0.0248  0.0251  0.0247  0.0252  0.0248  0.0250  0.0247  0.0248  0.0247  0.0246
  0.0247  0.0247  0.0247  0.0247  0.0247  0.0247  0.0246  0.0246  0.0246  0.0246  0.0246  0.0246
  0.0249  0.0248  0.0248  0.0247  0.0249  0.0246  0.0247  0.0249  0.0247  0.0247  0.0247  0.0247
  0.0254  0.0251  0.0251  0.0253  0.0254  0.0253  0.0252  0.0259  0.0250  0.0251  0.0249  0.0249
  0.0262  0.0256  0.0255  0.0265  0.0260  0.0266  0.0258  0.0272  0.0255  0.0259  0.0252  0.0253
niter,ni,del,rscale     4    3    5.0000    0.7000
parameters
   -0.8044   22.4389  -12.2180   -5.8732  -13.3726   -6.8822
   -5.9007    5.2629    6.7270   30.0489   -3.5175  -28.7910
eta,q 0.97544  9.80529
  0.0258  0.0254  0.0252  0.0262  0.0255  0.0264  0.0256  0.0267  0.0252  0.0256  0.0250  0.0250
  0.0251  0.0249  0.0249  0.0254  0.0250  0.0257  0.0250  0.0256  0.0249  0.0251  0.0248  0.0247
  0.0247  0.0247  0.0247  0.0248  0.0247  0.0250  0.0247  0.0248  0.0246  0.0247  0.0246  0.0246
  0.0246  0.0246  0.0246  0.0246  0.0246  0.0246  0.0246  0.0246  0.0246  0.0246  0.0246  0.0246
  0.0247  0.0247  0.0246  0.0247  0.0247  0.0246  0.0247  0.0248  0.0246  0.0247  0.0246  0.0246
  0.0251  0.0249  0.0248  0.0252  0.0251  0.0252  0.0250  0.0256  0.0249  0.0250  0.0248  0.0248
  0.0258  0.0253  0.0251  0.0263  0.0256  0.0263  0.0255  0.0267  0.0252  0.0256  0.0250  0.0250
niter,ni,del,rscale     3    3    5.0000    0.6000
parameters
   -0.8097   22.4408  -12.1667   -5.8610  -13.4655   -6.7321
   -5.8906    5.2811    6.7324   30.0383   -3.5648  -28.8822
eta,q 0.97545  9.80656
  0.0254  0.0251  0.0250  0.0257  0.0253  0.0260  0.0253  0.0262  0.0251  0.0253  0.0249  0.0249
  0.0249  0.0248  0.0248  0.0251  0.0249  0.0253  0.0249  0.0253  0.0248  0.0249  0.0247  0.0247
  0.0247  0.0246  0.0246  0.0247  0.0246  0.0248  0.0246  0.0247  0.0246  0.0246  0.0246  0.0246
  0.0246  0.0246  0.0246  0.0246  0.0246  0.0246  0.0245  0.0245  0.0245  0.0245  0.0245  0.0245
  0.0247  0.0246  0.0246  0.0246  0.0247  0.0246  0.0246  0.0247  0.0246  0.0246  0.0246  0.0246
  0.0250  0.0248  0.0247  0.0250  0.0249  0.0251  0.0249  0.0253  0.0248  0.0249  0.0247  0.0247
  0.0255  0.0251  0.0250  0.0258  0.0253  0.0259  0.0253  0.0261  0.0250  0.0253  0.0249  0.0249
niter,ni,del,rscale     2    3    5.0000    0.5000
parameters
   -0.8043   22.4299  -12.1297   -5.8289  -13.5230   -6.6068
   -5.8920    5.3005    6.7409   29.9900   -3.6113  -28.9500
eta,q 0.97546  9.80809
  0.0252  0.0249  0.0249  0.0254  0.0251  0.0256  0.0251  0.0257  0.0249  0.0250  0.0248  0.0248
  0.0248  0.0247  0.0247  0.0249  0.0248  0.0251  0.0248  0.0251  0.0247  0.0248  0.0246  0.0246
  0.0246  0.0246  0.0246  0.0247  0.0246  0.0247  0.0246  0.0247  0.0246  0.0246  0.0246  0.0246
  0.0245  0.0245  0.0245  0.0245  0.0245  0.0245  0.0245  0.0245  0.0245  0.0245  0.0245  0.0245
  0.0246  0.0246  0.0246  0.0246  0.0246  0.0246  0.0246  0.0247  0.0246  0.0246  0.0246  0.0246
  0.0248  0.0247  0.0247  0.0249  0.0248  0.0249  0.0248  0.0251  0.0247  0.0248  0.0247  0.0247
  0.0252  0.0249  0.0248  0.0254  0.0251  0.0255  0.0251  0.0257  0.0249  0.0251  0.0248  0.0248
niter,ni,del,rscale     1    3    5.0000    0.4000
parameters
   -0.8029   22.4088  -12.0859   -5.7955  -13.5402   -6.4926
   -5.8889    5.3173    6.7423   29.9187   -3.6424  -28.9563
eta,q 0.97547  9.81027
  0.0249  0.0248  0.0248  0.0251  0.0249  0.0253  0.0249  0.0253  0.0248  0.0249  0.0247  0.0247
  0.0247  0.0246  0.0246  0.0248  0.0247  0.0249  0.0247  0.0249  0.0246  0.0247  0.0246  0.0246
  0.0246  0.0246  0.0246  0.0246  0.0246  0.0246  0.0246  0.0246  0.0246  0.0246  0.0246  0.0245
  0.0245  0.0245  0.0245  0.0245  0.0245  0.0245  0.0245  0.0245  0.0245  0.0245  0.0245  0.0245
  0.0246  0.0246  0.0246  0.0246  0.0246  0.0246  0.0246  0.0246  0.0246  0.0246  0.0245  0.0246
  0.0247  0.0247  0.0246  0.0247  0.0247  0.0248  0.0247  0.0249  0.0246  0.0247  0.0246  0.0246
  0.0249  0.0248  0.0247  0.0250  0.0249  0.0252  0.0249  0.0253  0.0248  0.0249  0.0247  0.0247
registration optimization eta report
parameter search radius
    0.8000    0.8000    0.8000    2.4000    2.4000    2.4000
    2.4000    2.4000    2.4000    2.4000    2.4000    2.4000
100000*second partial in parameter space
       62.       38.       30.        9.        6.       12.
        6.       13.        4.        6.        3.        3.
  0.0249  0.0248  0.0248  0.0251  0.0249  0.0253  0.0249  0.0253  0.0248  0.0249  0.0247  0.0247
  0.0247  0.0246  0.0246  0.0248  0.0247  0.0249  0.0247  0.0249  0.0246  0.0247  0.0246  0.0246
  0.0246  0.0246  0.0246  0.0246  0.0246  0.0246  0.0246  0.0246  0.0246  0.0246  0.0246  0.0245
  0.0245  0.0245  0.0245  0.0245  0.0245  0.0245  0.0245  0.0245  0.0245  0.0245  0.0245  0.0245
  0.0246  0.0246  0.0246  0.0246  0.0246  0.0246  0.0246  0.0246  0.0246  0.0246  0.0245  0.0246
  0.0247  0.0247  0.0246  0.0247  0.0247  0.0248  0.0247  0.0249  0.0246  0.0247  0.0246  0.0246
  0.0249  0.0248  0.0247  0.0250  0.0249  0.0252  0.0249  0.0253  0.0248  0.0249  0.0247  0.0247
   -0.8029   22.4088  -12.0859   -5.7955  -13.5402   -6.4926
   -5.8889    5.3173    6.7423   29.9187   -3.6424  -28.9563
eta,q 0.97547  9.81027

---------------------------------------------------------------------
imgreg_4dfp /opt/freesurfer/average/711-2C_as_mni_average_305 /opt/freesurfer/average/711-2B_as_mni_average_305_mask talsrcimg_g11 none talsrcimg_to_711-2C_as_mni_average_305_t4 2311
---------------------------------------------------------------------

freesurfer imgreg_4dfp.c
/opt/freesurfer/average/711-2C_as_mni_average_305.4dfp.img
       256       256       256         1
  1.000000  1.000000  1.000000
orientation T byte_order littleendian
Reading image: /opt/freesurfer/average/711-2C_as_mni_average_305.4dfp.img
dimensions:      256       256       256
mmppix:       1.0000   -1.0000   -1.0000
center:     128.0000 -129.0000 -129.0000
/opt/freesurfer/average/711-2B_as_mni_average_305_mask.4dfp.img
       256       256       256         1
  1.000000  1.000000  1.000000
orientation T byte_order littleendian
Reading mask: /opt/freesurfer/average/711-2B_as_mni_average_305_mask.4dfp.img (2306576 pixels)
talsrcimg_g11.4dfp.img
       256       256       256         1
  1.000000  1.000000  1.000000
orientation T byte_order littleendian
Reading image: talsrcimg_g11.4dfp.img
dimensions:      256       256       256
mmppix:       1.0000   -1.0000   -1.0000
center:     128.0000 -129.0000 -129.0000
fimgreg.f
image alignment mode   2311 decimal      907 hex
parameters
   -0.8029   22.4088  -12.0859   -5.7955  -13.5402   -6.4926
   -5.8889    5.3173    6.7423   29.9187   -3.6424  -28.9563
eta,q 0.97547  9.81027
niter,ni,del,rscale     5    3    5.0000    0.8000
parameters
   -0.7947   22.4219  -12.0684   -6.0283  -13.4122   -6.7750
   -5.9513    5.3185    6.7818   30.0224   -3.6373  -28.7423
eta,q 0.97544  9.80520
  0.0261  0.0255  0.0253  0.0264  0.0259  0.0265  0.0258  0.0272  0.0255  0.0259  0.0252  0.0252
  0.0252  0.0250  0.0249  0.0254  0.0252  0.0257  0.0251  0.0259  0.0250  0.0252  0.0248  0.0248
  0.0247  0.0246  0.0246  0.0248  0.0247  0.0249  0.0247  0.0249  0.0247  0.0248  0.0246  0.0246
  0.0245  0.0245  0.0245  0.0245  0.0245  0.0245  0.0246  0.0246  0.0246  0.0246  0.0246  0.0246
  0.0247  0.0246  0.0246  0.0247  0.0247  0.0248  0.0247  0.0249  0.0247  0.0247  0.0246  0.0246
  0.0252  0.0250  0.0249  0.0256  0.0251  0.0258  0.0252  0.0258  0.0250  0.0251  0.0248  0.0248
  0.0261  0.0255  0.0253  0.0270  0.0257  0.0274  0.0259  0.0272  0.0254  0.0258  0.0252  0.0251
niter,ni,del,rscale     4    3    5.0000    0.7000
parameters
   -0.7928   22.4278  -12.1448   -5.9472  -13.4170   -6.7997
   -5.9376    5.3188    6.7661   30.0325   -3.6159  -28.7967
eta,q 0.97544  9.80543
  0.0258  0.0253  0.0251  0.0262  0.0256  0.0263  0.0255  0.0267  0.0252  0.0256  0.0250  0.0250
  0.0251  0.0249  0.0248  0.0253  0.0250  0.0255  0.0250  0.0256  0.0249  0.0250  0.0248  0.0247
  0.0247  0.0246  0.0246  0.0248  0.0247  0.0249  0.0247  0.0248  0.0246  0.0247  0.0246  0.0246
  0.0246  0.0246  0.0246  0.0246  0.0246  0.0246  0.0246  0.0246  0.0246  0.0246  0.0246  0.0246
  0.0247  0.0247  0.0246  0.0246  0.0247  0.0247  0.0247  0.0248  0.0246  0.0247  0.0246  0.0246
  0.0251  0.0249  0.0249  0.0252  0.0250  0.0253  0.0250  0.0255  0.0249  0.0250  0.0248  0.0248
  0.0257  0.0253  0.0252  0.0262  0.0255  0.0265  0.0255  0.0267  0.0252  0.0256  0.0250  0.0250
niter,ni,del,rscale     3    3    5.0000    0.6000
parameters
   -0.7967   22.4323  -12.1472   -5.8834  -13.4642   -6.7048
   -5.9232    5.3138    6.7500   30.0134   -3.6077  -28.8856
eta,q 0.97546  9.80702
  0.0254  0.0251  0.0250  0.0258  0.0253  0.0260  0.0253  0.0261  0.0250  0.0253  0.0249  0.0249
  0.0249  0.0248  0.0247  0.0251  0.0249  0.0253  0.0249  0.0253  0.0248  0.0249  0.0247  0.0247
  0.0246  0.0246  0.0246  0.0247  0.0246  0.0248  0.0246  0.0247  0.0246  0.0246  0.0246  0.0246
  0.0246  0.0246  0.0246  0.0246  0.0246  0.0245  0.0245  0.0245  0.0245  0.0245  0.0245  0.0245
  0.0247  0.0246  0.0246  0.0246  0.0247  0.0246  0.0246  0.0247  0.0246  0.0246  0.0246  0.0246
  0.0249  0.0248  0.0247  0.0250  0.0249  0.0251  0.0249  0.0253  0.0248  0.0249  0.0247  0.0247
  0.0254  0.0251  0.0250  0.0258  0.0253  0.0259  0.0253  0.0262  0.0251  0.0253  0.0249  0.0249
niter,ni,del,rscale     2    3    5.0000    0.5000
parameters
   -0.7985   22.4217  -12.1174   -5.8358  -13.5155   -6.5885
   -5.9053    5.3123    6.7503   29.9652   -3.6259  -28.9410
eta,q 0.97547  9.80861
  0.0252  0.0249  0.0249  0.0254  0.0251  0.0256  0.0251  0.0257  0.0249  0.0250  0.0248  0.0248
  0.0248  0.0247  0.0247  0.0249  0.0248  0.0251  0.0248  0.0251  0.0247  0.0248  0.0246  0.0246
  0.0246  0.0246  0.0246  0.0247  0.0246  0.0247  0.0246  0.0247  0.0246  0.0246  0.0246  0.0246
  0.0245  0.0245  0.0245  0.0245  0.0245  0.0245  0.0245  0.0245  0.0245  0.0245  0.0245  0.0245
  0.0246  0.0246  0.0246  0.0246  0.0246  0.0246  0.0246  0.0247  0.0246  0.0246  0.0246  0.0246
  0.0248  0.0247  0.0247  0.0248  0.0248  0.0249  0.0248  0.0251  0.0247  0.0248  0.0247  0.0246
  0.0252  0.0249  0.0248  0.0254  0.0251  0.0255  0.0250  0.0257  0.0249  0.0251  0.0248  0.0248
niter,ni,del,rscale     1    3    5.0000    0.4000
parameters
   -0.8017   22.4034  -12.0771   -5.7919  -13.5284   -6.4850
   -5.8907    5.3230    6.7391   29.8967   -3.6338  -28.9446
eta,q 0.97547  9.81066
  0.0249  0.0248  0.0247  0.0251  0.0249  0.0253  0.0249  0.0253  0.0248  0.0248  0.0247  0.0247
  0.0247  0.0246  0.0246  0.0248  0.0247  0.0249  0.0247  0.0249  0.0246  0.0247  0.0246  0.0246
  0.0246  0.0246  0.0246  0.0246  0.0246  0.0246  0.0246  0.0246  0.0246  0.0246  0.0245  0.0245
  0.0245  0.0245  0.0245  0.0245  0.0245  0.0245  0.0245  0.0245  0.0245  0.0245  0.0245  0.0245
  0.0246  0.0246  0.0245  0.0246  0.0246  0.0246  0.0246  0.0246  0.0246  0.0246  0.0245  0.0246
  0.0247  0.0247  0.0246  0.0247  0.0247  0.0248  0.0247  0.0249  0.0246  0.0247  0.0246  0.0246
  0.0249  0.0248  0.0247  0.0250  0.0249  0.0252  0.0249  0.0253  0.0248  0.0249  0.0247  0.0247
registration optimization eta report
parameter search radius
    0.8000    0.8000    0.8000    2.4000    2.4000    2.4000
    2.4000    2.4000    2.4000    2.4000    2.4000    2.4000
100000*second partial in parameter space
       63.       39.       30.        9.        6.       12.
        6.       13.        4.        6.        3.        3.
  0.0249  0.0248  0.0247  0.0251  0.0249  0.0253  0.0249  0.0253  0.0248  0.0248  0.0247  0.0247
  0.0247  0.0246  0.0246  0.0248  0.0247  0.0249  0.0247  0.0249  0.0246  0.0247  0.0246  0.0246
  0.0246  0.0246  0.0246  0.0246  0.0246  0.0246  0.0246  0.0246  0.0246  0.0246  0.0245  0.0245
  0.0245  0.0245  0.0245  0.0245  0.0245  0.0245  0.0245  0.0245  0.0245  0.0245  0.0245  0.0245
  0.0246  0.0246  0.0245  0.0246  0.0246  0.0246  0.0246  0.0246  0.0246  0.0246  0.0245  0.0246
  0.0247  0.0247  0.0246  0.0247  0.0247  0.0248  0.0247  0.0249  0.0246  0.0247  0.0246  0.0246
  0.0249  0.0248  0.0247  0.0250  0.0249  0.0252  0.0249  0.0253  0.0248  0.0249  0.0247  0.0247
   -0.8017   22.4034  -12.0771   -5.7919  -13.5284   -6.4850
   -5.8907    5.3230    6.7391   29.8967   -3.6338  -28.9446
eta,q 0.97547  9.81066

---------------------------------------------------------------------
compute_vox2vox talsrcimg talsrcimg_to_711-2C_as_mni_average_305_t4 /opt/freesurfer/average/711-2C_as_mni_average_305
---------------------------------------------------------------------

freesurfer compute_vox2vox.c
Reading: talsrcimg.4dfp.ifh
Reading: talsrcimg_to_711-2C_as_mni_average_305_t4
Reading: /opt/freesurfer/average/711-2C_as_mni_average_305.4dfp.ifh
Writing: talsrcimg_to_711-2C_as_mni_average_305_t4_vox2vox.txt

start time Fri Mar 13 02:15:00 CET 2026
end		time Fri Mar 13 02:15:14 CET 2026

mpr2mni305 success

avi2talxfm orig_nu.mgz /opt/freesurfer/average/mni305.cor.mgz talsrcimg_to_711-2C_as_mni_average_305_t4_vox2vox.txt transforms/talairach.auto.xfm
avi2talxfm done
mv -f /out/sourcedata/freesurfer/sub-v2s3x28818_ses-1/mri/talsrcimg_to_711-2C_as_mni_average_305_t4_vox2vox.txt /out/sourcedata/freesurfer/sub-v2s3x28818_ses-1/mri/transforms/talsrcimg_to_711-2C_as_mni_average_305_t4_vox2vox.txt
lta_convert --src orig_nu.mgz --trg /opt/freesurfer/average/mni305.cor.mgz --inxfm transforms/talairach.auto.xfm --outlta transforms/talairach.auto.xfm.lta --subject fsaverage
7.3.2

--src: orig_nu.mgz src image (geometry).
--trg: /opt/freesurfer/average/mni305.cor.mgz trg image (geometry).
--inmni: transforms/talairach.auto.xfm input MNI/XFM transform.
--outlta: transforms/talairach.auto.xfm.lta output LTA.
--s: fsaverage subject name
 LTA read, type : 1
 1.05524  -0.07502   0.04677   4.00024;
 0.01405   0.96498   0.32396  -41.78350;
-0.08710  -0.32778   1.04080  -15.32228;
 0.00000   0.00000   0.00000   1.00000;
setting subject to fsaverage
Writing  LTA to file transforms/talairach.auto.xfm.lta...
lta_convert successful.
 
 
Started at Fri Mar 13 02:15:00 CET 2026
Ended   at Fri Mar 13 02:15:14 CET 2026
talairach_avi done
