/out/sourcedata/freesurfer/sub-v2s3x28823_ses-1/mri
/opt/freesurfer/bin/talairach_avi
--i orig_nu.mgz --xfm transforms/talairach.auto.xfm
talairach_avi 7.3.2
Linux dna078 5.14.0-427.37.1.el9_4.x86_64 #1 SMP PREEMPT_DYNAMIC Fri Sep 13 12:41:50 EDT 2024 x86_64 x86_64 x86_64 GNU/Linux
Fri Mar 13 02:25:12 CET 2026
mri_convert orig_nu.mgz talsrcimg.img 
reading from orig_nu.mgz...
TR=0.00, TE=0.00, TI=0.00, flip angle=0.00
i_ras = (-1, 0, 0)
j_ras = (0, 0, -1)
k_ras = (0, 1, 0)
writing to talsrcimg.img...
Analyze Output Matrix
-1.00000   0.00000   0.00000   122.20899;
 0.00000   0.00000   1.00000  -80.81233;
 0.00000  -1.00000   0.00000   123.66176;
 0.00000   0.00000   0.00000   1.00000;
--------------------
INFO: set hdr.hist.orient to -1
mpr2mni305 talsrcimg
Fri Mar 13 02:25:13 CET 2026
/opt/freesurfer/bin/mpr2mni305 talsrcimg
mpr2mni305 7.3.2
target=711-2C_as_mni_average_305

---------------------------------------------------------------------
analyzeto4dfp talsrcimg -O0 -y
---------------------------------------------------------------------

freesurfer ifh2hdr.c
Fri Mar 13 02:25:13 2026
Writing: talsrcimg.4dfp.hdr
freesurfer analyzeto4dfp.c
Reading: talsrcimg.hdr
header size 348 bytes
hdr.dime.datatype	offset=70	value=2
hdr.dime.bitpix		offset=72	value=8
hdr.hist.orient		offset=252	value=-1
dimensionality     4
dimensions       256       256       256         1
Reading: talsrcimg.img
Writing: talsrcimg.4dfp.img
Writing: talsrcimg.4dfp.ifh
ifh2hdr talsrcimg -r0to218
ori=2

---------------------------------------------------------------------
gauss_4dfp talsrcimg 1.1
---------------------------------------------------------------------

freesurfer gauss_4dfp.c
Reading: talsrcimg.4dfp.img
Writing: talsrcimg_g11.4dfp.img
image dimensions 256 256 256 padded to 288 288 288
processing volume 1freesurfer ifh2hdr.c
Fri Mar 13 02:25:14 2026
Writing: talsrcimg_g11.4dfp.hdr

Writing: talsrcimg_g11.4dfp.ifh
including: talsrcimg.4dfp.img.rec in talsrcimg_g11.4dfp.img.rec

---------------------------------------------------------------------
imgreg_4dfp /opt/freesurfer/average/711-2C_as_mni_average_305 none talsrcimg_g11 none talsrcimg_to_711-2C_as_mni_average_305_t4 4355
---------------------------------------------------------------------

freesurfer imgreg_4dfp.c
/opt/freesurfer/average/711-2C_as_mni_average_305.4dfp.img
       256       256       256         1
  1.000000  1.000000  1.000000
orientation T byte_order littleendian
Reading image: /opt/freesurfer/average/711-2C_as_mni_average_305.4dfp.img
dimensions:      256       256       256
mmppix:       1.0000   -1.0000   -1.0000
center:     128.0000 -129.0000 -129.0000
talsrcimg_g11.4dfp.img
       256       256       256         1
  1.000000  1.000000  1.000000
orientation T byte_order littleendian
Reading image: talsrcimg_g11.4dfp.img
dimensions:      256       256       256
mmppix:       1.0000   -1.0000   -1.0000
center:     128.0000 -129.0000 -129.0000
t4_read: open error in t4_sub.f l:  41 t4_file(1:l)talsrcimg_to_711-2C_as_mni_average_305_t4 
t4_read: transform initialized to I4
rotation matrix determinant  1.000000
image alignment mode   4355 decimal     1103 hex
   -7.5000  -45.0000  -45.0000 7133.3398   15.8911
    0.0000  -45.0000  -45.0000 7404.9531   15.8718
    7.5000  -45.0000  -45.0000 7049.1313   15.8622
   -7.5000  -37.5000  -45.0000 7785.3828   15.4351
    0.0000  -37.5000  -45.0000 8087.7563   15.4177
    7.5000  -37.5000  -45.0000 7703.7817   15.4123
   -7.5000  -30.0000  -45.0000 8858.8984   15.1332
    0.0000  -30.0000  -45.0000 9193.4531   15.1134
    7.5000  -30.0000  -45.0000 8744.6924   15.1083
   -7.5000  -22.5000  -45.000010022.5664   14.9849
    0.0000  -22.5000  -45.000010408.3154   14.9623
    7.5000  -22.5000  -45.0000 9868.3936   14.9553
   -7.5000  -15.0000  -45.000011177.1270   14.9390
    0.0000  -15.0000  -45.000011605.7334   14.9142
    7.5000  -15.0000  -45.000010996.1025   14.9044
   -7.5000   -7.5000  -45.000012293.1553   14.9240
    0.0000   -7.5000  -45.000012775.1514   14.9036
    7.5000   -7.5000  -45.000012086.8311   14.8934
   -7.5000    0.0000  -45.000013309.7051   14.9266
    0.0000    0.0000  -45.000013823.4736   14.9111
    7.5000    0.0000  -45.000013067.0986   14.9033
   -7.5000    7.5000  -45.000013241.9678   14.9144
    0.0000    7.5000  -45.000013789.3799   14.8984
    7.5000    7.5000  -45.000013048.4912   14.8932
   -7.5000   15.0000  -45.000013048.1689   14.8931
    0.0000   15.0000  -45.000013604.3320   14.8746
    7.5000   15.0000  -45.000012860.6348   14.8697
   -7.5000   22.5000  -45.000012795.5156   14.8809
    0.0000   22.5000  -45.000013326.1357   14.8588
    7.5000   22.5000  -45.000012580.7988   14.8520
   -7.5000   30.0000  -45.000012372.1084   14.6970
    0.0000   30.0000  -45.000012871.3574   14.6730
    7.5000   30.0000  -45.000012147.6553   14.6635
   -7.5000   37.5000  -45.000012320.2432   14.7176
    0.0000   37.5000  -45.000012834.2920   14.6975
    7.5000   37.5000  -45.000012104.0303   14.6876
   -7.5000   45.0000  -45.000011785.3311   14.3537
    0.0000   45.0000  -45.000012294.4922   14.3388
    7.5000   45.0000  -45.000011581.0977   14.3314
   -7.5000  -45.0000  -37.5000 7376.6650   16.0005
    0.0000  -45.0000  -37.5000 7660.8311   15.9712
    7.5000  -45.0000  -37.5000 7291.6382   15.9561
   -7.5000  -37.5000  -37.5000 8083.8818   15.5430
    0.0000  -37.5000  -37.5000 8385.4404   15.5189
    7.5000  -37.5000  -37.5000 7986.3145   15.5101
   -7.5000  -30.0000  -37.5000 9216.9873   15.2383
    0.0000  -30.0000  -37.5000 9571.4727   15.2143
    7.5000  -30.0000  -37.5000 9095.7119   15.2077
   -7.5000  -22.5000  -37.500010428.7344   15.0906
    0.0000  -22.5000  -37.500010847.6953   15.0638
    7.5000  -22.5000  -37.500010279.1328   15.0552
   -7.5000  -15.0000  -37.500011613.7559   15.0456
    0.0000  -15.0000  -37.500012098.0400   15.0147
    7.5000  -15.0000  -37.500011448.5576   15.0021
   -7.5000   -7.5000  -37.500012781.2188   15.0330
    0.0000   -7.5000  -37.500013314.9902   15.0043
    7.5000   -7.5000  -37.500012574.8828   14.9897
   -7.5000    0.0000  -37.500013824.4053   15.0361
    0.0000    0.0000  -37.500014408.3779   15.0118
    7.5000    0.0000  -37.500013591.1885   14.9994
   -7.5000    7.5000  -37.500013757.4980   15.0212
    0.0000    7.5000  -37.500014363.2520   14.9990
    7.5000    7.5000  -37.500013541.9531   14.9907
   -7.5000   15.0000  -37.500013540.0586   14.9975
    0.0000   15.0000  -37.500014125.5811   14.9748
    7.5000   15.0000  -37.500013306.9062   14.9686
   -7.5000   22.5000  -37.500013250.5225   14.9849
    0.0000   22.5000  -37.500013819.6719   14.9586
    7.5000   22.5000  -37.500013015.1582   14.9502
   -7.5000   30.0000  -37.500012825.3096   14.8014
    0.0000   30.0000  -37.500013368.2100   14.7714
    7.5000   30.0000  -37.500012579.0059   14.7592
   -7.5000   37.5000  -37.500012761.0977   14.8250
    0.0000   37.5000  -37.500013304.5029   14.7966
    7.5000   37.5000  -37.500012514.6826   14.7824
   -7.5000   45.0000  -37.500012193.0371   14.4590
    0.0000   45.0000  -37.500012713.2656   14.4356
    7.5000   45.0000  -37.500011953.4180   14.4237
   -7.5000  -45.0000  -30.0000 7759.5112   16.6558
    0.0000  -45.0000  -30.0000 8054.3936   16.6117
    7.5000  -45.0000  -30.0000 7664.4658   16.5919
   -7.5000  -37.5000  -30.0000 8541.1992   16.1737
    0.0000  -37.5000  -30.0000 8860.0898   16.1390
    7.5000  -37.5000  -30.0000 8425.9268   16.1267
   -7.5000  -30.0000  -30.0000 9752.4033   15.8502
    0.0000  -30.0000  -30.000010142.6455   15.8206
    7.5000  -30.0000  -30.0000 9623.0811   15.8137
   -7.5000  -22.5000  -30.000011035.6484   15.6965
    0.0000  -22.5000  -30.000011507.7920   15.6658
    7.5000  -22.5000  -30.000010893.0234   15.6589
   -7.5000  -15.0000  -30.000012286.8447   15.6543
    0.0000  -15.0000  -30.000012832.0947   15.6175
    7.5000  -15.0000  -30.000012132.7900   15.6058
   -7.5000   -7.5000  -30.000013539.3896   15.6461
    0.0000   -7.5000  -30.000014130.6680   15.6065
    7.5000   -7.5000  -30.000013334.5449   15.5898
   -7.5000    0.0000  -30.000014639.0586   15.6495
    0.0000    0.0000  -30.000015303.9336   15.6123
    7.5000    0.0000  -30.000014413.6299   15.5954
   -7.5000    7.5000  -30.000014521.5742   15.6291
    0.0000    7.5000  -30.000015186.0039   15.5972
    7.5000    7.5000  -30.000014317.2295   15.5856
   -7.5000   15.0000  -30.000014248.8926   15.5996
    0.0000   15.0000  -30.000014891.0479   15.5716
    7.5000   15.0000  -30.000014030.3936   15.5650
   -7.5000   22.5000  -30.000013958.9795   15.5850
    0.0000   22.5000  -30.000014604.1533   15.5550
    7.5000   22.5000  -30.000013731.9336   15.5482
   -7.5000   30.0000  -30.000013539.7363   15.4017
    0.0000   30.0000  -30.000014166.9756   15.3658
    7.5000   30.0000  -30.000013302.8896   15.3544
   -7.5000   37.5000  -30.000013449.2334   15.4310
    0.0000   37.5000  -30.000014073.9121   15.3921
    7.5000   37.5000  -30.000013216.0205   15.3755
   -7.5000   45.0000  -30.000012821.7539   15.0599
    0.0000   45.0000  -30.000013395.9316   15.0242
    7.5000   45.0000  -30.000012573.9062   15.0079
   -7.5000  -45.0000  -22.5000 8113.6611   17.1966
    0.0000  -45.0000  -22.5000 8424.4678   17.1473
    7.5000  -45.0000  -22.5000 8017.2842   17.1297
   -7.5000  -37.5000  -22.5000 8953.9209   16.6958
    0.0000  -37.5000  -22.5000 9302.3926   16.6563
    7.5000  -37.5000  -22.5000 8844.2256   16.6447
   -7.5000  -30.0000  -22.500010230.0527   16.3592
    0.0000  -30.0000  -22.500010663.9268   16.3273
    7.5000  -30.0000  -22.500010106.1748   16.3220
   -7.5000  -22.5000  -22.500011571.4854   16.1998
    0.0000  -22.5000  -22.500012062.4990   16.1694
    7.5000  -22.5000  -22.500011431.5020   16.1661
   -7.5000  -15.0000  -22.500012903.0537   16.1579
    0.0000  -15.0000  -22.500013451.4629   16.1217
    7.5000  -15.0000  -22.500012750.2568   16.1146
   -7.5000   -7.5000  -22.500014187.1641   16.1514
    0.0000   -7.5000  -22.500014821.6914   16.1098
    7.5000   -7.5000  -22.500014027.2061   16.0964
   -7.5000    0.0000  -22.500015355.5176   16.1559
    0.0000    0.0000  -22.500016082.2393   16.1142
    7.5000    0.0000  -22.500015200.3828   16.0990
   -7.5000    7.5000  -22.500015208.8584   16.1338
    0.0000    7.5000  -22.500015907.7119   16.0976
    7.5000    7.5000  -22.500015058.9834   16.0866
   -7.5000   15.0000  -22.500014883.8018   16.1011
    0.0000   15.0000  -22.500015564.9668   16.0710
    7.5000   15.0000  -22.500014754.9648   16.0660
   -7.5000   22.5000  -22.500014603.0283   16.0842
    0.0000   22.5000  -22.500015284.8809   16.0545
    7.5000   22.5000  -22.500014467.4512   16.0514
   -7.5000   30.0000  -22.500014167.6641   15.8998
    0.0000   30.0000  -22.500014865.2539   15.8645
    7.5000   30.0000  -22.500014021.7734   15.8576
   -7.5000   37.5000  -22.500014059.8135   15.9318
    0.0000   37.5000  -22.500014749.1152   15.8909
    7.5000   37.5000  -22.500013876.1738   15.8778
   -7.5000   45.0000  -22.500013385.0508   15.5589
    0.0000   45.0000  -22.500014006.7129   15.5188
    7.5000   45.0000  -22.500013142.4443   15.5041
   -7.5000  -45.0000  -15.0000 8425.1143   17.5723
    0.0000  -45.0000  -15.0000 8731.9883   17.5324
    7.5000  -45.0000  -15.0000 8332.0273   17.5206
   -7.5000  -37.5000  -15.0000 9320.0801   17.0614
    0.0000  -37.5000  -15.0000 9687.7305   17.0284
    7.5000  -37.5000  -15.0000 9220.0449   17.0209
   -7.5000  -30.0000  -15.000010635.8184   16.7202
    0.0000  -30.0000  -15.000011083.7852   16.6928
    7.5000  -30.0000  -15.000010528.1895   16.6896
   -7.5000  -22.5000  -15.000012025.7207   16.5571
    0.0000  -22.5000  -15.000012527.0615   16.5312
    7.5000  -22.5000  -15.000011915.7188   16.5301
   -7.5000  -15.0000  -15.000013420.8174   16.5128
    0.0000  -15.0000  -15.000013994.7939   16.4826
    7.5000  -15.0000  -15.000013296.1367   16.4785
   -7.5000   -7.5000  -15.000014746.9678   16.5036
    0.0000   -7.5000  -15.000015424.2539   16.4697
    7.5000   -7.5000  -15.000014650.1689   16.4609
   -7.5000    0.0000  -15.000015958.1230   16.5078
    0.0000    0.0000  -15.000016718.8770   16.4744
    7.5000    0.0000  -15.000015870.6074   16.4642
   -7.5000    7.5000  -15.000015870.9316   16.4879
    0.0000    7.5000  -15.000016619.3086   16.4578
    7.5000    7.5000  -15.000015790.8320   16.4505
   -7.5000   15.0000  -15.000015573.5723   16.4567
    0.0000   15.0000  -15.000016313.9355   16.4309
    7.5000   15.0000  -15.000015564.5596   16.4281
   -7.5000   22.5000  -15.000015308.7891   16.4388
    0.0000   22.5000  -15.000016015.3564   16.4137
    7.5000   22.5000  -15.000015263.7119   16.4128
   -7.5000   30.0000  -15.000014842.4443   16.2516
    0.0000   30.0000  -15.000015539.7744   16.2222
    7.5000   30.0000  -15.000014737.6797   16.2183
   -7.5000   37.5000  -15.000014673.6318   16.2816
    0.0000   37.5000  -15.000015359.8477   16.2484
    7.5000   37.5000  -15.000014501.4971   16.2397
   -7.5000   45.0000  -15.000013920.0723   15.9075
    0.0000   45.0000  -15.000014538.1504   15.8753
    7.5000   45.0000  -15.000013685.0195   15.8654
   -7.5000  -45.0000   -7.5000 8708.6885   17.7542
    0.0000  -45.0000   -7.5000 9048.3730   17.7281
    7.5000  -45.0000   -7.5000 8619.3438   17.7192
   -7.5000  -37.5000   -7.5000 9658.3086   17.2416
    0.0000  -37.5000   -7.500010041.4697   17.2189
    7.5000  -37.5000   -7.5000 9563.2217   17.2138
   -7.5000  -30.0000   -7.500011004.9199   16.9022
    0.0000  -30.0000   -7.500011474.2197   16.8797
    7.5000  -30.0000   -7.500010934.3037   16.8762
   -7.5000  -22.5000   -7.500012457.8721   16.7376
    0.0000  -22.5000   -7.500012960.7617   16.7141
    7.5000  -22.5000   -7.500012356.1738   16.7104
   -7.5000  -15.0000   -7.500013887.9043   16.6894
    0.0000  -15.0000   -7.500014487.9014   16.6629
    7.5000  -15.0000   -7.500013808.6279   16.6564
   -7.5000   -7.5000   -7.500015237.9736   16.6750
    0.0000   -7.5000   -7.500015930.2188   16.6503
    7.5000   -7.5000   -7.500015214.7988   16.6417
   -7.5000    0.0000   -7.500016465.2324   16.6779
    0.0000    0.0000   -7.500017210.2949   16.6566
    7.5000    0.0000   -7.500016457.3496   16.6491
   -7.5000    7.5000   -7.500016391.2461   16.6618
    0.0000    7.5000   -7.500017179.8809   16.6411
    7.5000    7.5000   -7.500016376.5801   16.6360
   -7.5000   15.0000   -7.500016198.6484   16.6352
    0.0000   15.0000   -7.500016937.7539   16.6142
    7.5000   15.0000   -7.500016168.2959   16.6110
   -7.5000   22.5000   -7.500015966.7178   16.6163
    0.0000   22.5000   -7.500016649.1875   16.5936
    7.5000   22.5000   -7.500015852.2080   16.5900
   -7.5000   30.0000   -7.500015482.5332   16.4250
    0.0000   30.0000   -7.500016127.8008   16.3994
    7.5000   30.0000   -7.500015296.2295   16.3932
   -7.5000   37.5000   -7.500015271.5117   16.4504
    0.0000   37.5000   -7.500015895.9316   16.4261
    7.5000   37.5000   -7.500015040.9443   16.4177
   -7.5000   45.0000   -7.500014442.3262   16.0743
    0.0000   45.0000   -7.500014990.2539   16.0539
    7.5000   45.0000   -7.500014183.8770   16.0466
   -7.5000  -45.0000    0.0000 8904.9678   17.7826
    0.0000  -45.0000    0.0000 9245.5625   17.7610
    7.5000  -45.0000    0.0000 8820.4453   17.7502
   -7.5000  -37.5000    0.0000 9891.5615   17.2723
    0.0000  -37.5000    0.000010294.1914   17.2528
    7.5000  -37.5000    0.0000 9806.4541   17.2467
   -7.5000  -30.0000    0.000011271.2070   16.9345
    0.0000  -30.0000    0.000011762.1875   16.9123
    7.5000  -30.0000    0.000011202.1787   16.9066
   -7.5000  -22.5000    0.000012712.6982   16.7685
    0.0000  -22.5000    0.000013266.4385   16.7432
    7.5000  -22.5000    0.000012654.9268   16.7354
   -7.5000  -15.0000    0.000014159.6963   16.7171
    0.0000  -15.0000    0.000014805.3896   16.6894
    7.5000  -15.0000    0.000014138.1152   16.6785
   -7.5000   -7.5000    0.000015528.6113   16.7004
    0.0000   -7.5000    0.000016268.5039   16.6775
    7.5000   -7.5000    0.000015554.3232   16.6661
   -7.5000    0.0000    0.000016810.1719   16.7032
    0.0000    0.0000    0.000017572.7207   16.6860
    7.5000    0.0000    0.000016805.4727   16.6772
   -7.5000    7.5000    0.000016784.6387   16.6896
    0.0000    7.5000    0.000017513.7969   16.6718
    7.5000    7.5000    0.000016714.7891   16.6658
   -7.5000   15.0000    0.000016718.6387   16.6658
    0.0000   15.0000    0.000017363.6172   16.6450
    7.5000   15.0000    0.000016539.4316   16.6396
   -7.5000   22.5000    0.000016544.2051   16.6468
    0.0000   22.5000    0.000017126.8457   16.6220
    7.5000   22.5000    0.000016275.0420   16.6144
   -7.5000   30.0000    0.000015994.6533   16.4528
    0.0000   30.0000    0.000016593.1992   16.4258
    7.5000   30.0000    0.000015716.1455   16.4153
   -7.5000   37.5000    0.000015703.9863   16.4758
    0.0000   37.5000    0.000016316.3721   16.4534
    7.5000   37.5000    0.000015458.1201   16.4422
   -7.5000   45.0000    0.000014766.0918   16.1000
    0.0000   45.0000    0.000015322.2725   16.0833
    7.5000   45.0000    0.000014535.3213   16.0749
   -7.5000  -45.0000    7.5000 8364.1367   17.9050
    0.0000  -45.0000    7.5000 8692.2090   17.8721
    7.5000  -45.0000    7.5000 8291.9502   17.8554
   -7.5000  -37.5000    7.5000 9316.8838   17.3931
    0.0000  -37.5000    7.5000 9693.6094   17.3660
    7.5000  -37.5000    7.5000 9239.5801   17.3562
   -7.5000  -30.0000    7.500010645.9092   17.0521
    0.0000  -30.0000    7.500011107.4404   17.0252
    7.5000  -30.0000    7.500010564.7432   17.0179
   -7.5000  -22.5000    7.500012015.4590   16.8868
    0.0000  -22.5000    7.500012549.4336   16.8568
    7.5000  -22.5000    7.500011936.0322   16.8472
   -7.5000  -15.0000    7.500013358.4268   16.8364
    0.0000  -15.0000    7.500013979.6533   16.8019
    7.5000  -15.0000    7.500013301.7217   16.7878
   -7.5000   -7.5000    7.500014688.1270   16.8224
    0.0000   -7.5000    7.500015361.7197   16.7902
    7.5000   -7.5000    7.500014618.3271   16.7739
   -7.5000    0.0000    7.500015950.5010   16.8258
    0.0000    0.0000    7.500016609.2930   16.7986
    7.5000    0.0000    7.500015821.5693   16.7847
   -7.5000    7.5000    7.500015963.6494   16.8091
    0.0000    7.5000    7.500016580.2031   16.7843
    7.5000    7.5000    7.500015793.0049   16.7749
   -7.5000   15.0000    7.500015837.4902   16.7826
    0.0000   15.0000    7.500016395.4531   16.7572
    7.5000   15.0000    7.500015623.3525   16.7502
   -7.5000   22.5000    7.500015560.3037   16.7631
    0.0000   22.5000    7.500016125.3008   16.7337
    7.5000   22.5000    7.500015356.3936   16.7243
   -7.5000   30.0000    7.500015077.4209   16.5696
    0.0000   30.0000    7.500015665.5566   16.5361
    7.5000   30.0000    7.500014883.0361   16.5223
   -7.5000   37.5000    7.500014846.0762   16.5960
    0.0000   37.5000    7.500015446.6758   16.5643
    7.5000   37.5000    7.500014683.2383   16.5483
   -7.5000   45.0000    7.500013952.8027   16.2181
    0.0000   45.0000    7.500014485.5029   16.1919
    7.5000   45.0000    7.500013777.2373   16.1785
   -7.5000  -45.0000   15.0000 7755.9268   18.0882
    0.0000  -45.0000   15.0000 8058.4277   18.0401
    7.5000  -45.0000   15.0000 7679.1309   18.0194
   -7.5000  -37.5000   15.0000 8648.9863   17.5687
    0.0000  -37.5000   15.0000 8996.4824   17.5310
    7.5000  -37.5000   15.0000 8542.8457   17.5186
   -7.5000  -30.0000   15.0000 9940.4404   17.2202
    0.0000  -30.0000   15.000010340.0527   17.1880
    7.5000  -30.0000   15.0000 9785.5703   17.1816
   -7.5000  -22.5000   15.000011246.8867   17.0550
    0.0000  -22.5000   15.000011724.0957   17.0215
    7.5000  -22.5000   15.000011068.6240   17.0149
   -7.5000  -15.0000   15.000012509.6699   17.0086
    0.0000  -15.0000   15.000013041.9678   16.9681
    7.5000  -15.0000   15.000012334.9043   16.9562
   -7.5000   -7.5000   15.000013724.5605   17.0001
    0.0000   -7.5000   15.000014303.4727   16.9565
    7.5000   -7.5000   15.000013576.9014   16.9391
   -7.5000    0.0000   15.000014850.4541   17.0048
    0.0000    0.0000   15.000015417.8574   16.9641
    7.5000    0.0000   15.000014698.6992   16.9466
   -7.5000    7.5000   15.000014820.5391   16.9826
    0.0000    7.5000   15.000015369.4707   16.9479
    7.5000    7.5000   15.000014686.4307   16.9364
   -7.5000   15.0000   15.000014623.8994   16.9496
    0.0000   15.0000   15.000015146.3525   16.9192
    7.5000   15.0000   15.000014512.4775   16.9131
   -7.5000   22.5000   15.000014357.3096   16.9292
    0.0000   22.5000   15.000014879.9443   16.8963
    7.5000   22.5000   15.000014263.4893   16.8899
   -7.5000   30.0000   15.000013966.3369   16.7385
    0.0000   30.0000   15.000014489.5225   16.6990
    7.5000   30.0000   15.000013841.8125   16.6875
   -7.5000   37.5000   15.000013803.5000   16.7712
    0.0000   37.5000   15.000014356.8262   16.7283
    7.5000   37.5000   15.000013696.9688   16.7112
   -7.5000   45.0000   15.000013003.8584   16.3906
    0.0000   45.0000   15.000013507.7695   16.3514
    7.5000   45.0000   15.000012863.7090   16.3345
   -7.5000  -45.0000   22.5000 7144.4155   18.4049
    0.0000  -45.0000   22.5000 7401.0542   18.3517
    7.5000  -45.0000   22.5000 7040.5967   18.3339
   -7.5000  -37.5000   22.5000 7972.0044   17.8722
    0.0000  -37.5000   22.5000 8272.2275   17.8297
    7.5000  -37.5000   22.5000 7842.7456   17.8185
   -7.5000  -30.0000   22.5000 9179.7295   17.5156
    0.0000  -30.0000   22.5000 9542.2334   17.4812
    7.5000  -30.0000   22.5000 9019.0371   17.4767
   -7.5000  -22.5000   22.500010387.0566   17.3495
    0.0000  -22.5000   22.500010836.1543   17.3164
    7.5000  -22.5000   22.500010217.7549   17.3138
   -7.5000  -15.0000   22.500011528.5850   17.3049
    0.0000  -15.0000   22.500012030.7324   17.2654
    7.5000  -15.0000   22.500011371.2363   17.2583
   -7.5000   -7.5000   22.500012621.1953   17.2976
    0.0000   -7.5000   22.500013165.6309   17.2522
    7.5000   -7.5000   22.500012483.5625   17.2386
   -7.5000    0.0000   22.500013637.3271   17.3021
    0.0000    0.0000   22.500014201.5146   17.2568
    7.5000    0.0000   22.500013508.1465   17.2416
   -7.5000    7.5000   22.500013615.3477   17.2770
    0.0000    7.5000   22.500014170.9092   17.2379
    7.5000    7.5000   22.500013515.5713   17.2275
   -7.5000   15.0000   22.500013412.8789   17.2408
    0.0000   15.0000   22.500013957.2656   17.2082
    7.5000   15.0000   22.500013353.7344   17.2041
   -7.5000   22.5000   22.500013139.5205   17.2205
    0.0000   22.5000   22.500013636.8184   17.1881
    7.5000   22.5000   22.500013081.6934   17.1857
   -7.5000   30.0000   22.500012792.6211   17.0293
    0.0000   30.0000   22.500013281.6807   16.9907
    7.5000   30.0000   22.500012712.7471   16.9840
   -7.5000   37.5000   22.500012704.4258   17.0646
    0.0000   37.5000   22.500013207.3037   17.0199
    7.5000   37.5000   22.500012622.8711   17.0066
   -7.5000   45.0000   22.500011979.5244   16.6772
    0.0000   45.0000   22.500012467.7188   16.6336
    7.5000   45.0000   22.500011882.9385   16.6189
   -7.5000  -45.0000   30.0000 6514.9878   18.8846
    0.0000  -45.0000   30.0000 6753.3271   18.8431
    7.5000  -45.0000   30.0000 6446.1587   18.8331
   -7.5000  -37.5000   30.0000 7262.0073   18.3322
    0.0000  -37.5000   30.0000 7554.9937   18.2985
    7.5000  -37.5000   30.0000 7181.9946   18.2932
   -7.5000  -30.0000   30.0000 8355.9707   17.9687
    0.0000  -30.0000   30.0000 8711.2139   17.9407
    7.5000  -30.0000   30.0000 8253.7480   17.9397
   -7.5000  -22.5000   30.0000 9467.9580   17.8013
    0.0000  -22.5000   30.0000 9898.9697   17.7746
    7.5000  -22.5000   30.0000 9352.7275   17.7751
   -7.5000  -15.0000   30.000010526.1650   17.7568
    0.0000  -15.0000   30.000011006.0352   17.7248
    7.5000  -15.0000   30.000010405.7598   17.7217
   -7.5000   -7.5000   30.000011529.2822   17.7454
    0.0000   -7.5000   30.000012033.7617   17.7096
    7.5000   -7.5000   30.000011417.0771   17.7017
   -7.5000    0.0000   30.000012446.1074   17.7466
    0.0000    0.0000   30.000012973.6602   17.7116
    7.5000    0.0000   30.000012349.9570   17.7031
   -7.5000    7.5000   30.000012413.9883   17.7204
    0.0000    7.5000   30.000012946.3096   17.6894
    7.5000    7.5000   30.000012352.2451   17.6845
   -7.5000   15.0000   30.000012240.6338   17.6851
    0.0000   15.0000   30.000012757.3770   17.6589
    7.5000   15.0000   30.000012203.9443   17.6583
   -7.5000   22.5000   30.000011981.5156   17.6674
    0.0000   22.5000   30.000012493.4990   17.6415
    7.5000   22.5000   30.000011951.7861   17.6422
   -7.5000   30.0000   30.000011672.1973   17.4728
    0.0000   30.0000   30.000012148.2754   17.4417
    7.5000   30.0000   30.000011624.0586   17.4388
   -7.5000   37.5000   30.000011618.8389   17.5062
    0.0000   37.5000   30.000012110.4951   17.4710
    7.5000   37.5000   30.000011568.0352   17.4633
   -7.5000   45.0000   30.000010966.9717   17.1057
    0.0000   45.0000   30.000011442.0254   17.0720
    7.5000   45.0000   30.000010909.5371   17.0637
   -7.5000  -45.0000   37.5000 6160.3745   19.5872
    0.0000  -45.0000   37.5000 6381.4355   19.5554
    7.5000  -45.0000   37.5000 6128.1533   19.5478
   -7.5000  -37.5000   37.5000 6884.1147   19.0143
    0.0000  -37.5000   37.5000 7158.2241   18.9863
    7.5000  -37.5000   37.5000 6838.4707   18.9815
   -7.5000  -30.0000   37.5000 7921.5073   18.6405
    0.0000  -30.0000   37.5000 8264.1201   18.6124
    7.5000  -30.0000   37.5000 7855.5967   18.6080
   -7.5000  -22.5000   37.5000 8980.5059   18.4636
    0.0000  -22.5000   37.5000 9378.4033   18.4342
    7.5000  -22.5000   37.5000 8887.2354   18.4297
   -7.5000  -15.0000   37.5000 9995.7129   18.4105
    0.0000  -15.0000   37.500010453.7275   18.3775
    7.5000  -15.0000   37.5000 9886.0566   18.3714
   -7.5000   -7.5000   37.500010944.9004   18.3917
    0.0000   -7.5000   37.500011444.6475   18.3608
    7.5000   -7.5000   37.500010866.5107   18.3536
   -7.5000    0.0000   37.500011808.5264   18.3932
    0.0000    0.0000   37.500012351.8701   18.3667
    7.5000    0.0000   37.500011761.5410   18.3608
   -7.5000    7.5000   37.500011764.9121   18.3727
    0.0000    7.5000   37.500012298.6025   18.3470
    7.5000    7.5000   37.500011745.4121   18.3425
   -7.5000   15.0000   37.500011598.1406   18.3417
    0.0000   15.0000   37.500012103.5801   18.3154
    7.5000   15.0000   37.500011572.9678   18.3116
   -7.5000   22.5000   37.500011351.9736   18.3220
    0.0000   22.5000   37.500011846.2012   18.2934
    7.5000   22.5000   37.500011331.8877   18.2893
   -7.5000   30.0000   37.500011076.9795   18.1141
    0.0000   30.0000   37.500011550.0264   18.0822
    7.5000   30.0000   37.500011054.5898   18.0763
   -7.5000   37.5000   37.500011050.8047   18.1435
    0.0000   37.5000   37.500011542.1104   18.1132
    7.5000   37.5000   37.500011028.5010   18.1061
   -7.5000   45.0000   37.500010436.7822   17.7289
    0.0000   45.0000   37.500010917.8701   17.7034
    7.5000   45.0000   37.500010408.7285   17.6977
   -7.5000  -45.0000   45.0000 5607.2295   20.3996
    0.0000  -45.0000   45.0000 5797.8096   20.3594
    7.5000  -45.0000   45.0000 5583.3794   20.3486
   -7.5000  -37.5000   45.0000 6263.3560   19.7878
    0.0000  -37.5000   45.0000 6495.5317   19.7507
    7.5000  -37.5000   45.0000 6220.9600   19.7443
   -7.5000  -30.0000   45.0000 7211.3237   19.3938
    0.0000  -30.0000   45.0000 7507.3853   19.3542
    7.5000  -30.0000   45.0000 7155.3809   19.3473
   -7.5000  -22.5000   45.0000 8170.3213   19.2116
    0.0000  -22.5000   45.0000 8527.1562   19.1690
    7.5000  -22.5000   45.0000 8089.5889   19.1596
   -7.5000  -15.0000   45.0000 9105.9697   19.1585
    0.0000  -15.0000   45.0000 9511.8740   19.1133
    7.5000  -15.0000   45.0000 9017.2861   19.1012
   -7.5000   -7.5000   45.0000 9986.7402   19.1341
    0.0000   -7.5000   45.000010434.6260   19.0942
    7.5000   -7.5000   45.0000 9905.6445   19.0829
   -7.5000    0.0000   45.000010774.6289   19.1292
    0.0000    0.0000   45.000011266.7734   19.0957
    7.5000    0.0000   45.000010719.2393   19.0878
   -7.5000    7.5000   45.000010721.0977   19.1048
    0.0000    7.5000   45.000011210.4043   19.0706
    7.5000    7.5000   45.000010692.4355   19.0650
   -7.5000   15.0000   45.000010561.5039   19.0754
    0.0000   15.0000   45.000011027.9121   19.0379
    7.5000   15.0000   45.000010528.8057   19.0317
   -7.5000   22.5000   45.000010350.5020   19.0602
    0.0000   22.5000   45.000010802.6035   19.0187
    7.5000   22.5000   45.000010313.5996   19.0096
   -7.5000   30.0000   45.000010106.8184   18.8455
    0.0000   30.0000   45.000010551.1104   18.8016
    7.5000   30.0000   45.000010069.8008   18.7900
   -7.5000   37.5000   45.000010093.1895   18.8737
    0.0000   37.5000   45.000010538.3125   18.8345
    7.5000   37.5000   45.000010052.1094   18.8234
   -7.5000   45.0000   45.0000 9517.1592   18.4467
    0.0000   45.0000   45.0000 9951.3896   18.4144
    7.5000   45.0000   45.0000 9482.0039   18.4067

---------------------------------------------------------------------
imgreg_4dfp /opt/freesurfer/average/711-2C_as_mni_average_305 /opt/freesurfer/average/711-2B_as_mni_average_305_mask talsrcimg_g11 none talsrcimg_to_711-2C_as_mni_average_305_t4 4355
---------------------------------------------------------------------

freesurfer imgreg_4dfp.c
/opt/freesurfer/average/711-2C_as_mni_average_305.4dfp.img
       256       256       256         1
  1.000000  1.000000  1.000000
orientation T byte_order littleendian
Reading image: /opt/freesurfer/average/711-2C_as_mni_average_305.4dfp.img
dimensions:      256       256       256
mmppix:       1.0000   -1.0000   -1.0000
center:     128.0000 -129.0000 -129.0000
/opt/freesurfer/average/711-2B_as_mni_average_305_mask.4dfp.img
       256       256       256         1
  1.000000  1.000000  1.000000
orientation T byte_order littleendian
Reading mask: /opt/freesurfer/average/711-2B_as_mni_average_305_mask.4dfp.img (2306576 pixels)
talsrcimg_g11.4dfp.img
       256       256       256         1
  1.000000  1.000000  1.000000
orientation T byte_order littleendian
Reading image: talsrcimg_g11.4dfp.img
dimensions:      256       256       256
mmppix:       1.0000   -1.0000   -1.0000
center:     128.0000 -129.0000 -129.0000
rotation matrix determinant  1.000000
image alignment mode   4355 decimal     1103 hex
   -7.5000  -45.0000  -45.0000 1946.8926   23.2669
    0.0000  -45.0000  -45.0000 1952.2446   23.3987
    7.5000  -45.0000  -45.0000 1940.9906   23.6518
   -7.5000  -37.5000  -45.0000 2074.6887   20.2005
    0.0000  -37.5000  -45.0000 2085.8115   20.3467
    7.5000  -37.5000  -45.0000 2075.7451   20.5827
   -7.5000  -30.0000  -45.0000 2210.5403   17.9075
    0.0000  -30.0000  -45.0000 2219.7161   17.9978
    7.5000  -30.0000  -45.0000 2205.2539   18.2139
   -7.5000  -22.5000  -45.0000 2346.1841   16.0934
    0.0000  -22.5000  -45.0000 2350.9834   16.1513
    7.5000  -22.5000  -45.0000 2327.7102   16.3134
   -7.5000  -15.0000  -45.0000 2455.0383   14.7049
    0.0000  -15.0000  -45.0000 2458.3167   14.7388
    7.5000  -15.0000  -45.0000 2429.1829   14.8876
   -7.5000   -7.5000  -45.0000 2532.5454   13.6677
    0.0000   -7.5000  -45.0000 2538.3838   13.6776
    7.5000   -7.5000  -45.0000 2505.0737   13.8344
   -7.5000    0.0000  -45.0000 2583.0496   12.9229
    0.0000    0.0000  -45.0000 2585.6133   12.9157
    7.5000    0.0000  -45.0000 2556.8350   13.0771
   -7.5000    7.5000  -45.0000 2613.8330   12.4234
    0.0000    7.5000  -45.0000 2618.5947   12.4231
    7.5000    7.5000  -45.0000 2593.8435   12.5752
   -7.5000   15.0000  -45.0000 2630.4763   12.1355
    0.0000   15.0000  -45.0000 2640.8555   12.1115
    7.5000   15.0000  -45.0000 2617.0161   12.2829
   -7.5000   22.5000  -45.0000 2634.2292   12.1022
    0.0000   22.5000  -45.0000 2647.8201   12.0750
    7.5000   22.5000  -45.0000 2622.3999   12.2333
   -7.5000   30.0000  -45.0000 2621.2739   12.3267
    0.0000   30.0000  -45.0000 2633.7668   12.2856
    7.5000   30.0000  -45.0000 2607.8152   12.4463
   -7.5000   37.5000  -45.0000 2589.0151   12.8008
    0.0000   37.5000  -45.0000 2608.5222   12.7603
    7.5000   37.5000  -45.0000 2580.1858   12.9078
   -7.5000   45.0000  -45.0000 2537.6379   13.5125
    0.0000   45.0000  -45.0000 2556.0967   13.4772
    7.5000   45.0000  -45.0000 2527.2815   13.6121
   -7.5000  -45.0000  -37.5000 1966.3806   22.3022
    0.0000  -45.0000  -37.5000 1976.4807   22.4677
    7.5000  -45.0000  -37.5000 1968.9447   22.7206
   -7.5000  -37.5000  -37.5000 2105.3782   19.4165
    0.0000  -37.5000  -37.5000 2114.3098   19.4793
    7.5000  -37.5000  -37.5000 2106.4094   19.7513
   -7.5000  -30.0000  -37.5000 2249.1648   17.1704
    0.0000  -30.0000  -37.5000 2258.0759   17.2083
    7.5000  -30.0000  -37.5000 2240.5032   17.4537
   -7.5000  -22.5000  -37.5000 2387.7346   15.3943
    0.0000  -22.5000  -37.5000 2393.9871   15.4368
    7.5000  -22.5000  -37.5000 2369.9697   15.6362
   -7.5000  -15.0000  -37.5000 2494.5112   14.0080
    0.0000  -15.0000  -37.5000 2503.2812   14.0390
    7.5000  -15.0000  -37.5000 2473.1812   14.2239
   -7.5000   -7.5000  -37.5000 2579.7158   12.9875
    0.0000   -7.5000  -37.5000 2586.0496   13.0027
    7.5000   -7.5000  -37.5000 2557.5359   13.1755
   -7.5000    0.0000  -37.5000 2634.8301   12.2488
    0.0000    0.0000  -37.5000 2640.5730   12.2418
    7.5000    0.0000  -37.5000 2614.5603   12.3933
   -7.5000    7.5000  -37.5000 2672.6609   11.7191
    0.0000    7.5000  -37.5000 2680.0127   11.7127
    7.5000    7.5000  -37.5000 2657.3914   11.8749
   -7.5000   15.0000  -37.5000 2699.2102   11.4121
    0.0000   15.0000  -37.5000 2708.8164   11.3949
    7.5000   15.0000  -37.5000 2681.4531   11.5583
   -7.5000   22.5000  -37.5000 2705.2126   11.4161
    0.0000   22.5000  -37.5000 2719.1641   11.3772
    7.5000   22.5000  -37.5000 2691.1213   11.5343
   -7.5000   30.0000  -37.5000 2693.8997   11.6830
    0.0000   30.0000  -37.5000 2710.9443   11.6173
    7.5000   30.0000  -37.5000 2679.2017   11.7749
   -7.5000   37.5000  -37.5000 2665.3306   12.1506
    0.0000   37.5000  -37.5000 2684.0413   12.0722
    7.5000   37.5000  -37.5000 2653.2891   12.2328
   -7.5000   45.0000  -37.5000 2604.2341   12.8074
    0.0000   45.0000  -37.5000 2623.6797   12.7337
    7.5000   45.0000  -37.5000 2596.1035   12.9000
   -7.5000  -45.0000  -30.0000 2029.4341   22.2225
    0.0000  -45.0000  -30.0000 2039.3422   22.3573
    7.5000  -45.0000  -30.0000 2028.7024   22.7084
   -7.5000  -37.5000  -30.0000 2178.3608   19.2869
    0.0000  -37.5000  -30.0000 2185.8640   19.3494
    7.5000  -37.5000  -30.0000 2171.4468   19.7051
   -7.5000  -30.0000  -30.0000 2326.6545   17.0336
    0.0000  -30.0000  -30.0000 2334.3291   17.0792
    7.5000  -30.0000  -30.0000 2313.2292   17.3851
   -7.5000  -22.5000  -30.0000 2468.2349   15.2526
    0.0000  -22.5000  -30.0000 2479.4790   15.2938
    7.5000  -22.5000  -30.0000 2450.9673   15.5221
   -7.5000  -15.0000  -30.0000 2581.0203   13.8364
    0.0000  -15.0000  -30.0000 2594.4807   13.8745
    7.5000  -15.0000  -30.0000 2562.7644   14.0841
   -7.5000   -7.5000  -30.0000 2677.3608   12.7801
    0.0000   -7.5000  -30.0000 2685.7874   12.7835
    7.5000   -7.5000  -30.0000 2656.9170   12.9697
   -7.5000    0.0000  -30.0000 2740.2837   12.0007
    0.0000    0.0000  -30.0000 2750.0498   11.9826
    7.5000    0.0000  -30.0000 2724.4863   12.1446
   -7.5000    7.5000  -30.0000 2787.1733   11.4173
    0.0000    7.5000  -30.0000 2798.2029   11.4041
    7.5000    7.5000  -30.0000 2772.1631   11.5702
   -7.5000   15.0000  -30.0000 2822.9790   11.0629
    0.0000   15.0000  -30.0000 2832.3237   11.0343
    7.5000   15.0000  -30.0000 2804.3372   11.2245
   -7.5000   22.5000  -30.0000 2837.4768   11.0839
    0.0000   22.5000  -30.0000 2852.2212   11.0395
    7.5000   22.5000  -30.0000 2820.9902   11.2264
   -7.5000   30.0000  -30.0000 2827.7971   11.3779
    0.0000   30.0000  -30.0000 2849.6594   11.3166
    7.5000   30.0000  -30.0000 2815.6384   11.4915
   -7.5000   37.5000  -30.0000 2794.9939   11.8719
    0.0000   37.5000  -30.0000 2819.4739   11.7852
    7.5000   37.5000  -30.0000 2785.8550   11.9525
   -7.5000   45.0000  -30.0000 2726.3018   12.5282
    0.0000   45.0000  -30.0000 2747.6011   12.4291
    7.5000   45.0000  -30.0000 2719.6406   12.6001
   -7.5000  -45.0000  -22.5000 2064.7473   22.2075
    0.0000  -45.0000  -22.5000 2072.0408   22.3462
    7.5000  -45.0000  -22.5000 2061.6560   22.7513
   -7.5000  -37.5000  -22.5000 2214.8037   19.2341
    0.0000  -37.5000  -22.5000 2219.5132   19.3384
    7.5000  -37.5000  -22.5000 2208.9233   19.7117
   -7.5000  -30.0000  -22.5000 2364.1604   16.9382
    0.0000  -30.0000  -22.5000 2372.3542   16.9860
    7.5000  -30.0000  -22.5000 2353.7788   17.3171
   -7.5000  -22.5000  -22.5000 2502.2263   15.0964
    0.0000  -22.5000  -22.5000 2512.6370   15.1289
    7.5000  -22.5000  -22.5000 2487.1028   15.4338
   -7.5000  -15.0000  -22.5000 2622.2461   13.6533
    0.0000  -15.0000  -22.5000 2631.8022   13.6614
    7.5000  -15.0000  -22.5000 2603.8972   13.9414
   -7.5000   -7.5000  -22.5000 2726.1589   12.5463
    0.0000   -7.5000  -22.5000 2735.4148   12.5359
    7.5000   -7.5000  -22.5000 2708.9834   12.7795
   -7.5000    0.0000  -22.5000 2805.1843   11.7127
    0.0000    0.0000  -22.5000 2819.5354   11.6947
    7.5000    0.0000  -22.5000 2792.1013   11.9159
   -7.5000    7.5000  -22.5000 2863.1694   11.0926
    0.0000    7.5000  -22.5000 2878.8757   11.0653
    7.5000    7.5000  -22.5000 2853.1272   11.2770
   -7.5000   15.0000  -22.5000 2912.9089   10.7030
    0.0000   15.0000  -22.5000 2926.5435   10.6668
    7.5000   15.0000  -22.5000 2893.6133   10.9161
   -7.5000   22.5000  -22.5000 2935.5288   10.7356
    0.0000   22.5000  -22.5000 2954.3459   10.6857
    7.5000   22.5000  -22.5000 2918.4102   10.9392
   -7.5000   30.0000  -22.5000 2927.2192   11.0581
    0.0000   30.0000  -22.5000 2954.6748   10.9808
    7.5000   30.0000  -22.5000 2918.2349   11.2050
   -7.5000   37.5000  -22.5000 2884.7424   11.5422
    0.0000   37.5000  -22.5000 2909.8606   11.4414
    7.5000   37.5000  -22.5000 2878.9250   11.6620
   -7.5000   45.0000  -22.5000 2804.6140   12.2242
    0.0000   45.0000  -22.5000 2830.3796   12.1139
    7.5000   45.0000  -22.5000 2800.3184   12.3255
   -7.5000  -45.0000  -15.0000 2070.1487   22.3728
    0.0000  -45.0000  -15.0000 2074.8423   22.4575
    7.5000  -45.0000  -15.0000 2069.0657   23.0030
   -7.5000  -37.5000  -15.0000 2219.9226   19.3860
    0.0000  -37.5000  -15.0000 2226.7913   19.4235
    7.5000  -37.5000  -15.0000 2218.8542   19.9284
   -7.5000  -30.0000  -15.0000 2362.2961   16.9727
    0.0000  -30.0000  -15.0000 2371.7061   17.0051
    7.5000  -30.0000  -15.0000 2354.7029   17.4257
   -7.5000  -22.5000  -15.0000 2496.2363   15.0542
    0.0000  -22.5000  -15.0000 2503.3586   15.0522
    7.5000  -22.5000  -15.0000 2484.6389   15.4645
   -7.5000  -15.0000  -15.0000 2618.5808   13.5604
    0.0000  -15.0000  -15.0000 2626.6790   13.5364
    7.5000  -15.0000  -15.0000 2602.6055   13.9103
   -7.5000   -7.5000  -15.0000 2726.6470   12.4002
    0.0000   -7.5000  -15.0000 2738.6289   12.3764
    7.5000   -7.5000  -15.0000 2714.9172   12.6920
   -7.5000    0.0000  -15.0000 2814.8660   11.5138
    0.0000    0.0000  -15.0000 2834.2585   11.4832
    7.5000    0.0000  -15.0000 2809.5251   11.7654
   -7.5000    7.5000  -15.0000 2893.4436   10.8495
    0.0000    7.5000  -15.0000 2914.2134   10.8158
    7.5000    7.5000  -15.0000 2888.4170   11.0863
   -7.5000   15.0000  -15.0000 2960.0032   10.4892
    0.0000   15.0000  -15.0000 2984.5720   10.4351
    7.5000   15.0000  -15.0000 2948.2942   10.7252
   -7.5000   22.5000  -15.0000 2996.3496   10.4950
    0.0000   22.5000  -15.0000 3026.7151   10.4354
    7.5000   22.5000  -15.0000 2982.0447   10.7507
   -7.5000   30.0000  -15.0000 2980.3088   10.8151
    0.0000   30.0000  -15.0000 3013.8762   10.7414
    7.5000   30.0000  -15.0000 2971.9326   11.0200
   -7.5000   37.5000  -15.0000 2923.6074   11.3223
    0.0000   37.5000  -15.0000 2951.9338   11.2256
    7.5000   37.5000  -15.0000 2920.1577   11.4663
   -7.5000   45.0000  -15.0000 2838.9663   11.9883
    0.0000   45.0000  -15.0000 2863.2327   11.8913
    7.5000   45.0000  -15.0000 2837.8171   12.1088
   -7.5000  -45.0000   -7.5000 2063.5232   22.6056
    0.0000  -45.0000   -7.5000 2068.7810   22.6738
    7.5000  -45.0000   -7.5000 2064.6140   23.3362
   -7.5000  -37.5000   -7.5000 2214.0544   19.5629
    0.0000  -37.5000   -7.5000 2221.7292   19.5792
    7.5000  -37.5000   -7.5000 2214.2759   20.1566
   -7.5000  -30.0000   -7.5000 2344.6606   17.0688
    0.0000  -30.0000   -7.5000 2354.5537   17.0765
    7.5000  -30.0000   -7.5000 2340.5334   17.6278
   -7.5000  -22.5000   -7.5000 2473.7556   15.1081
    0.0000  -22.5000   -7.5000 2476.8716   15.0629
    7.5000  -22.5000   -7.5000 2462.6382   15.5902
   -7.5000  -15.0000   -7.5000 2591.9707   13.5794
    0.0000  -15.0000   -7.5000 2599.6763   13.5104
    7.5000  -15.0000   -7.5000 2581.1987   13.9740
   -7.5000   -7.5000   -7.5000 2699.9553   12.3715
    0.0000   -7.5000   -7.5000 2712.5408   12.3104
    7.5000   -7.5000   -7.5000 2698.2266   12.7175
   -7.5000    0.0000   -7.5000 2796.2361   11.4474
    0.0000    0.0000   -7.5000 2814.7844   11.3778
    7.5000    0.0000   -7.5000 2800.0344   11.7430
   -7.5000    7.5000   -7.5000 2888.3428   10.7698
    0.0000    7.5000   -7.5000 2914.5942   10.6904
    7.5000    7.5000   -7.5000 2889.1929   11.0388
   -7.5000   15.0000   -7.5000 2969.8735   10.4316
    0.0000   15.0000   -7.5000 3004.9607   10.3835
    7.5000   15.0000   -7.5000 2960.7925   10.6745
   -7.5000   22.5000   -7.5000 3021.0171   10.4462
    0.0000   22.5000   -7.5000 3057.8274   10.3677
    7.5000   22.5000   -7.5000 3000.2446   10.6653
   -7.5000   30.0000   -7.5000 2995.9614   10.7507
    0.0000   30.0000   -7.5000 3030.4023   10.6494
    7.5000   30.0000   -7.5000 2983.3298   10.9098
   -7.5000   37.5000   -7.5000 2928.2576   11.1966
    0.0000   37.5000   -7.5000 2957.6443   11.1051
    7.5000   37.5000   -7.5000 2926.7886   11.3479
   -7.5000   45.0000   -7.5000 2838.1113   11.8721
    0.0000   45.0000   -7.5000 2860.4722   11.7849
    7.5000   45.0000   -7.5000 2839.6704   12.0148
   -7.5000  -45.0000    0.0000 2037.6066   23.1174
    0.0000  -45.0000    0.0000 2039.7490   23.1617
    7.5000  -45.0000    0.0000 2041.2952   23.8776
   -7.5000  -37.5000    0.0000 2191.6392   19.9520
    0.0000  -37.5000    0.0000 2197.6619   20.0055
    7.5000  -37.5000    0.0000 2190.6738   20.6295
   -7.5000  -30.0000    0.0000 2321.6045   17.3540
    0.0000  -30.0000    0.0000 2328.8542   17.3536
    7.5000  -30.0000    0.0000 2316.4478   17.9591
   -7.5000  -22.5000    0.0000 2443.5938   15.2990
    0.0000  -22.5000    0.0000 2447.1323   15.2444
    7.5000  -22.5000    0.0000 2436.4456   15.8036
   -7.5000  -15.0000    0.0000 2556.1123   13.7464
    0.0000  -15.0000    0.0000 2562.0957   13.6691
    7.5000  -15.0000    0.0000 2553.9741   14.1610
   -7.5000   -7.5000    0.0000 2662.9412   12.5391
    0.0000   -7.5000    0.0000 2678.0920   12.4462
    7.5000   -7.5000    0.0000 2670.8940   12.9030
   -7.5000    0.0000    0.0000 2765.8333   11.6325
    0.0000    0.0000    0.0000 2784.8372   11.5103
    7.5000    0.0000    0.0000 2774.9990   11.9208
   -7.5000    7.5000    0.0000 2866.7625   10.9914
    0.0000    7.5000    0.0000 2889.2600   10.8719
    7.5000    7.5000    0.0000 2866.2898   11.2250
   -7.5000   15.0000    0.0000 2955.0339   10.6831
    0.0000   15.0000    0.0000 2984.2920   10.5614
    7.5000   15.0000    0.0000 2946.4937   10.8713
   -7.5000   22.5000    0.0000 3005.6497   10.6661
    0.0000   22.5000    0.0000 3035.0278   10.5446
    7.5000   22.5000    0.0000 2989.8398   10.8128
   -7.5000   30.0000    0.0000 2980.6101   10.8969
    0.0000   30.0000    0.0000 3014.2937   10.7953
    7.5000   30.0000    0.0000 2969.6025   11.0339
   -7.5000   37.5000    0.0000 2911.2371   11.3336
    0.0000   37.5000    0.0000 2939.2195   11.2521
    7.5000   37.5000    0.0000 2908.6240   11.4848
   -7.5000   45.0000    0.0000 2818.8953   12.0074
    0.0000   45.0000    0.0000 2837.5610   11.9202
    7.5000   45.0000    0.0000 2820.1226   12.1358
   -7.5000  -45.0000    7.5000 1995.2791   23.8942
    0.0000  -45.0000    7.5000 1998.2273   23.9835
    7.5000  -45.0000    7.5000 1997.2623   24.7038
   -7.5000  -37.5000    7.5000 2153.5801   20.6106
    0.0000  -37.5000    7.5000 2159.0493   20.6075
    7.5000  -37.5000    7.5000 2152.0698   21.2545
   -7.5000  -30.0000    7.5000 2291.0591   17.8593
    0.0000  -30.0000    7.5000 2295.7610   17.8333
    7.5000  -30.0000    7.5000 2284.3547   18.4136
   -7.5000  -22.5000    7.5000 2411.8389   15.7507
    0.0000  -22.5000    7.5000 2417.9763   15.7100
    7.5000  -22.5000    7.5000 2407.3762   16.2142
   -7.5000  -15.0000    7.5000 2520.2124   14.1905
    0.0000  -15.0000    7.5000 2529.5542   14.1108
    7.5000  -15.0000    7.5000 2520.7925   14.5501
   -7.5000   -7.5000    7.5000 2631.5938   13.0089
    0.0000   -7.5000    7.5000 2643.4766   12.8968
    7.5000   -7.5000    7.5000 2637.5833   13.2915
   -7.5000    0.0000    7.5000 2735.3799   12.1103
    0.0000    0.0000    7.5000 2747.9385   11.9565
    7.5000    0.0000    7.5000 2739.4392   12.3221
   -7.5000    7.5000    7.5000 2834.7727   11.4611
    0.0000    7.5000    7.5000 2849.8770   11.2952
    7.5000    7.5000    7.5000 2835.7627   11.6287
   -7.5000   15.0000    7.5000 2915.7791   11.0917
    0.0000   15.0000    7.5000 2937.3469   10.9325
    7.5000   15.0000    7.5000 2913.6233   11.2291
   -7.5000   22.5000    7.5000 2956.9976   11.0134
    0.0000   22.5000    7.5000 2980.1641   10.8837
    7.5000   22.5000    7.5000 2950.6699   11.1526
   -7.5000   30.0000    7.5000 2936.2104   11.2426
    0.0000   30.0000    7.5000 2964.2476   11.1466
    7.5000   30.0000    7.5000 2931.3145   11.3718
   -7.5000   37.5000    7.5000 2871.9495   11.7115
    0.0000   37.5000    7.5000 2895.7092   11.6196
    7.5000   37.5000    7.5000 2871.8057   11.8364
   -7.5000   45.0000    7.5000 2779.7485   12.3809
    0.0000   45.0000    7.5000 2794.2625   12.2887
    7.5000   45.0000    7.5000 2780.4541   12.5020
   -7.5000  -45.0000   15.0000 1936.7223   25.0132
    0.0000  -45.0000   15.0000 1944.8147   25.0115
    7.5000  -45.0000   15.0000 1945.7262   25.6947
   -7.5000  -37.5000   15.0000 2100.7463   21.4759
    0.0000  -37.5000   15.0000 2106.2712   21.4499
    7.5000  -37.5000   15.0000 2098.9617   21.9872
   -7.5000  -30.0000   15.0000 2251.2949   18.6585
    0.0000  -30.0000   15.0000 2250.9028   18.6176
    7.5000  -30.0000   15.0000 2235.6604   19.0669
   -7.5000  -22.5000   15.0000 2378.1465   16.5218
    0.0000  -22.5000   15.0000 2380.2205   16.4352
    7.5000  -22.5000   15.0000 2360.2202   16.8200
   -7.5000  -15.0000   15.0000 2486.5825   14.9292
    0.0000  -15.0000   15.0000 2494.0154   14.8101
    7.5000  -15.0000   15.0000 2475.5623   15.1586
   -7.5000   -7.5000   15.0000 2595.9714   13.7005
    0.0000   -7.5000   15.0000 2609.1140   13.5549
    7.5000   -7.5000   15.0000 2592.4841   13.9018
   -7.5000    0.0000   15.0000 2696.4153   12.7322
    0.0000    0.0000   15.0000 2706.6086   12.5563
    7.5000    0.0000   15.0000 2695.3262   12.9133
   -7.5000    7.5000   15.0000 2787.6790   12.0634
    0.0000    7.5000   15.0000 2799.4011   11.8747
    7.5000    7.5000   15.0000 2790.1533   12.2202
   -7.5000   15.0000   15.0000 2848.1995   11.6517
    0.0000   15.0000   15.0000 2865.3650   11.4942
    7.5000   15.0000   15.0000 2854.3228   11.7986
   -7.5000   22.5000   15.0000 2888.2932   11.5545
    0.0000   22.5000   15.0000 2906.2295   11.4104
    7.5000   22.5000   15.0000 2886.5281   11.6979
   -7.5000   30.0000   15.0000 2870.3481   11.8089
    0.0000   30.0000   15.0000 2891.5208   11.6763
    7.5000   30.0000   15.0000 2865.3259   11.9440
   -7.5000   37.5000   15.0000 2806.3181   12.2766
    0.0000   37.5000   15.0000 2828.7146   12.1545
    7.5000   37.5000   15.0000 2808.5254   12.3844
   -7.5000   45.0000   15.0000 2724.4773   12.9476
    0.0000   45.0000   15.0000 2737.4612   12.8184
    7.5000   45.0000   15.0000 2724.1941   13.0434
   -7.5000  -45.0000   22.5000 1881.6514   26.6795
    0.0000  -45.0000   22.5000 1886.7426   26.5462
    7.5000  -45.0000   22.5000 1884.1243   27.1103
   -7.5000  -37.5000   22.5000 2044.0778   22.7517
    0.0000  -37.5000   22.5000 2049.0220   22.7116
    7.5000  -37.5000   22.5000 2035.4047   23.0949
   -7.5000  -30.0000   22.5000 2199.5864   19.7560
    0.0000  -30.0000   22.5000 2201.1487   19.6948
    7.5000  -30.0000   22.5000 2178.5205   20.0360
   -7.5000  -22.5000   22.5000 2329.5352   17.4839
    0.0000  -22.5000   22.5000 2337.8108   17.4231
    7.5000  -22.5000   22.5000 2306.4329   17.7228
   -7.5000  -15.0000   22.5000 2441.1946   15.7674
    0.0000  -15.0000   22.5000 2452.7581   15.6718
    7.5000  -15.0000   22.5000 2424.0559   15.9834
   -7.5000   -7.5000   22.5000 2552.9553   14.4643
    0.0000   -7.5000   22.5000 2566.7122   14.3392
    7.5000   -7.5000   22.5000 2542.9609   14.6673
   -7.5000    0.0000   22.5000 2648.3296   13.4826
    0.0000    0.0000   22.5000 2663.0491   13.3276
    7.5000    0.0000   22.5000 2643.5220   13.6591
   -7.5000    7.5000   22.5000 2728.4238   12.8150
    0.0000    7.5000   22.5000 2744.1616   12.6440
    7.5000    7.5000   22.5000 2729.2776   12.9680
   -7.5000   15.0000   22.5000 2776.7283   12.3951
    0.0000   15.0000   22.5000 2796.6536   12.2583
    7.5000   15.0000   22.5000 2784.4355   12.5605
   -7.5000   22.5000   22.5000 2805.3540   12.2680
    0.0000   22.5000   22.5000 2822.7375   12.1420
    7.5000   22.5000   22.5000 2808.1494   12.4237
   -7.5000   30.0000   22.5000 2784.5642   12.5058
    0.0000   30.0000   22.5000 2803.7446   12.3713
    7.5000   30.0000   22.5000 2786.5083   12.6495
   -7.5000   37.5000   22.5000 2730.4722   12.9653
    0.0000   37.5000   22.5000 2747.9526   12.8361
    7.5000   37.5000   22.5000 2732.8865   13.0916
   -7.5000   45.0000   22.5000 2654.5142   13.6253
    0.0000   45.0000   22.5000 2670.0852   13.5055
    7.5000   45.0000   22.5000 2656.2976   13.7340
   -7.5000  -45.0000   30.0000 1819.3159   28.5168
    0.0000  -45.0000   30.0000 1823.1133   28.4014
    7.5000  -45.0000   30.0000 1817.1942   28.9561
   -7.5000  -37.5000   30.0000 1982.5983   24.2039
    0.0000  -37.5000   30.0000 1989.6072   24.1808
    7.5000  -37.5000   30.0000 1974.4689   24.5438
   -7.5000  -30.0000   30.0000 2135.8997   20.9942
    0.0000  -30.0000   30.0000 2144.7744   20.9716
    7.5000  -30.0000   30.0000 2118.8965   21.2582
   -7.5000  -22.5000   30.0000 2270.0879   18.6063
    0.0000  -22.5000   30.0000 2281.8943   18.5646
    7.5000  -22.5000   30.0000 2247.1384   18.8040
   -7.5000  -15.0000   30.0000 2388.8010   16.7852
    0.0000  -15.0000   30.0000 2402.9417   16.7038
    7.5000  -15.0000   30.0000 2364.9097   16.9591
   -7.5000   -7.5000   30.0000 2495.2432   15.4096
    0.0000   -7.5000   30.0000 2512.5234   15.3084
    7.5000   -7.5000   30.0000 2481.2957   15.5951
   -7.5000    0.0000   30.0000 2584.5815   14.4134
    0.0000    0.0000   30.0000 2600.4888   14.2848
    7.5000    0.0000   30.0000 2577.4722   14.5989
   -7.5000    7.5000   30.0000 2656.2095   13.7361
    0.0000    7.5000   30.0000 2673.6208   13.5882
    7.5000    7.5000   30.0000 2656.7288   13.8862
   -7.5000   15.0000   30.0000 2699.8330   13.3051
    0.0000   15.0000   30.0000 2716.9265   13.1799
    7.5000   15.0000   30.0000 2705.5916   13.4566
   -7.5000   22.5000   30.0000 2716.3147   13.1635
    0.0000   22.5000   30.0000 2738.8250   13.0720
    7.5000   22.5000   30.0000 2723.4670   13.3200
   -7.5000   30.0000   30.0000 2694.7573   13.3786
    0.0000   30.0000   30.0000 2713.8994   13.2803
    7.5000   30.0000   30.0000 2700.3979   13.5345
   -7.5000   37.5000   30.0000 2645.7185   13.8149
    0.0000   37.5000   30.0000 2666.5986   13.7108
    7.5000   37.5000   30.0000 2651.2393   13.9584
   -7.5000   45.0000   30.0000 2576.5720   14.4600
    0.0000   45.0000   30.0000 2594.4927   14.3742
    7.5000   45.0000   30.0000 2581.2910   14.5943
   -7.5000  -45.0000   37.5000 1752.9156   30.7355
    0.0000  -45.0000   37.5000 1756.7607   30.5822
    7.5000  -45.0000   37.5000 1755.3409   31.2409
   -7.5000  -37.5000   37.5000 1916.1180   26.0364
    0.0000  -37.5000   37.5000 1924.6759   25.9789
    7.5000  -37.5000   37.5000 1913.4354   26.3420
   -7.5000  -30.0000   37.5000 2072.9360   22.5508
    0.0000  -30.0000   37.5000 2083.3333   22.4969
    7.5000  -30.0000   37.5000 2059.4839   22.7757
   -7.5000  -22.5000   37.5000 2208.8596   19.9529
    0.0000  -22.5000   37.5000 2220.6331   19.9022
    7.5000  -22.5000   37.5000 2189.0864   20.1511
   -7.5000  -15.0000   37.5000 2328.2666   18.0130
    0.0000  -15.0000   37.5000 2345.7327   17.9399
    7.5000  -15.0000   37.5000 2307.6936   18.1518
   -7.5000   -7.5000   37.5000 2429.5027   16.5888
    0.0000   -7.5000   37.5000 2448.5632   16.5087
    7.5000   -7.5000   37.5000 2419.4607   16.7478
   -7.5000    0.0000   37.5000 2508.9192   15.5655
    0.0000    0.0000   37.5000 2529.6445   15.4489
    7.5000    0.0000   37.5000 2509.0212   15.7271
   -7.5000    7.5000   37.5000 2569.8762   14.8316
    0.0000    7.5000   37.5000 2590.2910   14.7237
    7.5000    7.5000   37.5000 2576.2913   14.9915
   -7.5000   15.0000   37.5000 2609.8135   14.3646
    0.0000   15.0000   37.5000 2626.4355   14.2618
    7.5000   15.0000   37.5000 2612.5044   14.5259
   -7.5000   22.5000   37.5000 2621.5168   14.2340
    0.0000   22.5000   37.5000 2640.0876   14.1553
    7.5000   22.5000   37.5000 2626.6594   14.3850
   -7.5000   30.0000   37.5000 2601.9463   14.4290
    0.0000   30.0000   37.5000 2618.9326   14.3622
    7.5000   30.0000   37.5000 2607.8118   14.5976
   -7.5000   37.5000   37.5000 2559.6838   14.8875
    0.0000   37.5000   37.5000 2579.2339   14.8253
    7.5000   37.5000   37.5000 2565.1406   15.0255
   -7.5000   45.0000   37.5000 2494.5488   15.5262
    0.0000   45.0000   37.5000 2516.4026   15.4927
    7.5000   45.0000   37.5000 2500.8894   15.6358
   -7.5000  -45.0000   45.0000 1686.5405   33.5585
    0.0000  -45.0000   45.0000 1686.0913   33.4125
    7.5000  -45.0000   45.0000 1690.6226   34.0769
   -7.5000  -37.5000   45.0000 1845.8265   28.3190
    0.0000  -37.5000   45.0000 1849.6976   28.1950
    7.5000  -37.5000   45.0000 1843.1921   28.5844
   -7.5000  -30.0000   45.0000 2000.8763   24.4610
    0.0000  -30.0000   45.0000 2009.4164   24.4031
    7.5000  -30.0000   45.0000 1991.0374   24.6494
   -7.5000  -22.5000   45.0000 2135.1494   21.5851
    0.0000  -22.5000   45.0000 2148.6819   21.5364
    7.5000  -22.5000   45.0000 2120.6741   21.7576
   -7.5000  -15.0000   45.0000 2254.1194   19.5421
    0.0000  -15.0000   45.0000 2271.5457   19.4615
    7.5000  -15.0000   45.0000 2240.8213   19.6703
   -7.5000   -7.5000   45.0000 2354.1121   18.0407
    0.0000   -7.5000   45.0000 2371.9832   17.9641
    7.5000   -7.5000   45.0000 2344.7031   18.1836
   -7.5000    0.0000   45.0000 2429.2051   16.9472
    0.0000    0.0000   45.0000 2446.4465   16.8616
    7.5000    0.0000   45.0000 2428.3979   17.1069
   -7.5000    7.5000   45.0000 2480.4517   16.1580
    0.0000    7.5000   45.0000 2498.5669   16.0767
    7.5000    7.5000   45.0000 2485.5408   16.3302
   -7.5000   15.0000   45.0000 2511.7542   15.6468
    0.0000   15.0000   45.0000 2529.7007   15.5619
    7.5000   15.0000   45.0000 2516.8665   15.8147
   -7.5000   22.5000   45.0000 2518.5259   15.4977
    0.0000   22.5000   45.0000 2540.7031   15.4355
    7.5000   22.5000   45.0000 2525.8931   15.6637
   -7.5000   30.0000   45.0000 2501.3694   15.6711
    0.0000   30.0000   45.0000 2525.8044   15.6460
    7.5000   30.0000   45.0000 2508.4734   15.8517
   -7.5000   37.5000   45.0000 2463.9578   16.1650
    0.0000   37.5000   45.0000 2482.6377   16.1240
    7.5000   37.5000   45.0000 2468.8958   16.3180
   -7.5000   45.0000   45.0000 2400.2253   16.8122
    0.0000   45.0000   45.0000 2419.2617   16.7794
    7.5000   45.0000   45.0000 2404.4473   16.8898

---------------------------------------------------------------------
imgreg_4dfp /opt/freesurfer/average/711-2C_as_mni_average_305 /opt/freesurfer/average/711-2B_as_mni_average_305_mask talsrcimg_g11 none talsrcimg_to_711-2C_as_mni_average_305_t4 1283
---------------------------------------------------------------------

freesurfer imgreg_4dfp.c
/opt/freesurfer/average/711-2C_as_mni_average_305.4dfp.img
       256       256       256         1
  1.000000  1.000000  1.000000
orientation T byte_order littleendian
Reading image: /opt/freesurfer/average/711-2C_as_mni_average_305.4dfp.img
dimensions:      256       256       256
mmppix:       1.0000   -1.0000   -1.0000
center:     128.0000 -129.0000 -129.0000
/opt/freesurfer/average/711-2B_as_mni_average_305_mask.4dfp.img
       256       256       256         1
  1.000000  1.000000  1.000000
orientation T byte_order littleendian
Reading mask: /opt/freesurfer/average/711-2B_as_mni_average_305_mask.4dfp.img (2306576 pixels)
talsrcimg_g11.4dfp.img
       256       256       256         1
  1.000000  1.000000  1.000000
orientation T byte_order littleendian
Reading image: talsrcimg_g11.4dfp.img
dimensions:      256       256       256
mmppix:       1.0000   -1.0000   -1.0000
center:     128.0000 -129.0000 -129.0000
rotation matrix determinant  1.000000
fimgreg.f
image alignment mode   1283 decimal      503 hex
parameters
    0.0000   22.5000   -7.5000    0.0000    0.0000    0.0000
eta,q 0.95960 10.41018
niter,ni,del,rscale     5    3   12.0000    1.2000
parameter  4  1.971844 ->  0.500000 qaram    1.1500
parameter  6  0.825095 ->  0.500000 qaram    1.1500
parameters
   -0.7439   23.7349   -6.7206   -3.4500   -1.3688   -3.4500
eta,q 0.96477 10.29959
  0.0514  0.0530  0.0501  0.0361  0.0419  0.0356
  0.0458  0.0474  0.0463  0.0373  0.0398  0.0351
  0.0427  0.0437  0.0427  0.0397  0.0380  0.0359
  0.0417  0.0416  0.0414  0.0416  0.0379  0.0377
  0.0439  0.0416  0.0423  0.0444  0.0401  0.0404
  0.0504  0.0433  0.0440  0.0479  0.0439  0.0437
  0.0579  0.0462  0.0464  0.0512  0.0484  0.0470
niter,ni,del,rscale     6    3   12.0000    1.2000
parameter  4  0.947214 ->  0.500000 qaram    1.3225
parameters
   -0.6778   25.0982   -6.4654   -7.4175   -1.2185   -3.8610
eta,q 0.96836 10.30158
  0.0513  0.0489  0.0432  0.0320  0.0394  0.0386
  0.0435  0.0419  0.0389  0.0315  0.0369  0.0346
  0.0378  0.0372  0.0356  0.0331  0.0339  0.0320
  0.0352  0.0352  0.0349  0.0350  0.0318  0.0318
  0.0363  0.0350  0.0359  0.0369  0.0322  0.0332
  0.0422  0.0364  0.0380  0.0401  0.0352  0.0361
  0.0516  0.0401  0.0417  0.0441  0.0400  0.0400
niter,ni,del,rscale     6    3   12.0000    1.2000
parameters
   -0.6452   26.2116   -7.0858   -8.2577   -1.1575   -3.9482
eta,q 0.96957 10.29226
  0.0490  0.0482  0.0389  0.0382  0.0382  0.0382
  0.0406  0.0401  0.0343  0.0325  0.0353  0.0343
  0.0344  0.0345  0.0313  0.0301  0.0323  0.0313
  0.0316  0.0316  0.0313  0.0310  0.0305  0.0304
  0.0335  0.0317  0.0333  0.0335  0.0310  0.0316
  0.0401  0.0346  0.0372  0.0362  0.0341  0.0346
  0.0490  0.0391  0.0424  0.0398  0.0389  0.0385
niter,ni,del,rscale     5    3   12.0000    1.2000
parameters
   -0.6043   26.5798   -7.3365   -8.7416   -1.1809   -3.9161
eta,q 0.96990 10.28739
  0.0481  0.0447  0.0397  0.0384  0.0378  0.0382
  0.0397  0.0372  0.0349  0.0330  0.0347  0.0344
  0.0335  0.0322  0.0311  0.0300  0.0318  0.0312
  0.0304  0.0304  0.0305  0.0304  0.0301  0.0301
  0.0322  0.0320  0.0324  0.0326  0.0308  0.0312
  0.0390  0.0359  0.0360  0.0355  0.0340  0.0341
  0.0482  0.0410  0.0411  0.0390  0.0388  0.0381
niter,ni,del,rscale     4    3   12.0000    1.2000
parameters
   -0.5690   26.7684   -7.4913   -9.0120   -1.2238   -3.8795
eta,q 0.97006 10.28460
  0.0479  0.0439  0.0399  0.0386  0.0377  0.0380
  0.0394  0.0364  0.0350  0.0334  0.0345  0.0343
  0.0332  0.0316  0.0311  0.0301  0.0316  0.0311
  0.0301  0.0301  0.0301  0.0301  0.0299  0.0299
  0.0319  0.0321  0.0321  0.0321  0.0308  0.0310
  0.0388  0.0363  0.0357  0.0351  0.0340  0.0340
  0.0481  0.0414  0.0407  0.0386  0.0387  0.0380
niter,ni,del,rscale     3    3   12.0000    1.2000
parameters
   -0.5426   26.8748   -7.5858   -9.1679   -1.2624   -3.8491
eta,q 0.97012 10.28265
  0.0477  0.0435  0.0401  0.0387  0.0376  0.0380
  0.0392  0.0360  0.0351  0.0337  0.0344  0.0342
  0.0331  0.0312  0.0311  0.0302  0.0315  0.0311
  0.0299  0.0299  0.0300  0.0299  0.0299  0.0299
  0.0317  0.0322  0.0319  0.0319  0.0307  0.0310
  0.0387  0.0365  0.0356  0.0349  0.0339  0.0340
  0.0481  0.0415  0.0405  0.0384  0.0386  0.0379
niter,ni,del,rscale     2    3   12.0000    1.2000
parameters
   -0.5234   26.9392   -7.6409   -9.2642   -1.2889   -3.8294
eta,q 0.97015 10.28169
  0.0477  0.0433  0.0402  0.0387  0.0376  0.0379
  0.0392  0.0358  0.0352  0.0338  0.0344  0.0342
  0.0330  0.0311  0.0311  0.0302  0.0315  0.0310
  0.0299  0.0299  0.0299  0.0299  0.0298  0.0299
  0.0317  0.0323  0.0319  0.0318  0.0307  0.0310
  0.0386  0.0366  0.0355  0.0347  0.0339  0.0340
  0.0481  0.0416  0.0403  0.0382  0.0385  0.0379
niter,ni,del,rscale     1    3   12.0000    1.2000
parameters
   -0.5106   26.9804   -7.6753   -9.3262   -1.3048   -3.8173
eta,q 0.97016 10.28124
  0.0476  0.0432  0.0402  0.0388  0.0376  0.0379
  0.0391  0.0357  0.0353  0.0339  0.0344  0.0342
  0.0330  0.0310  0.0311  0.0303  0.0315  0.0310
  0.0299  0.0298  0.0299  0.0299  0.0298  0.0298
  0.0317  0.0323  0.0318  0.0317  0.0307  0.0310
  0.0387  0.0367  0.0355  0.0347  0.0338  0.0340
  0.0481  0.0416  0.0402  0.0382  0.0384  0.0379
registration optimization eta report
parameter search radius
    6.0000    6.0000    6.0000    7.9350    6.0000    6.9000
100000*second partial in parameter space
       49.       34.       28.       14.       22.       17.
  0.0476  0.0432  0.0402  0.0388  0.0376  0.0379
  0.0391  0.0357  0.0353  0.0339  0.0344  0.0342
  0.0330  0.0310  0.0311  0.0303  0.0315  0.0310
  0.0299  0.0298  0.0299  0.0299  0.0298  0.0298
  0.0317  0.0323  0.0318  0.0317  0.0307  0.0310
  0.0387  0.0367  0.0355  0.0347  0.0338  0.0340
  0.0481  0.0416  0.0402  0.0382  0.0384  0.0379
   -0.5106   26.9804   -7.6753   -9.3262   -1.3048   -3.8173
eta,q 0.97016 10.28124

---------------------------------------------------------------------
imgreg_4dfp /opt/freesurfer/average/711-2C_as_mni_average_305 /opt/freesurfer/average/711-2B_as_mni_average_305_mask talsrcimg_g11 none talsrcimg_to_711-2C_as_mni_average_305_t4 3335
---------------------------------------------------------------------

freesurfer imgreg_4dfp.c
/opt/freesurfer/average/711-2C_as_mni_average_305.4dfp.img
       256       256       256         1
  1.000000  1.000000  1.000000
orientation T byte_order littleendian
Reading image: /opt/freesurfer/average/711-2C_as_mni_average_305.4dfp.img
dimensions:      256       256       256
mmppix:       1.0000   -1.0000   -1.0000
center:     128.0000 -129.0000 -129.0000
/opt/freesurfer/average/711-2B_as_mni_average_305_mask.4dfp.img
       256       256       256         1
  1.000000  1.000000  1.000000
orientation T byte_order littleendian
Reading mask: /opt/freesurfer/average/711-2B_as_mni_average_305_mask.4dfp.img (2306576 pixels)
talsrcimg_g11.4dfp.img
       256       256       256         1
  1.000000  1.000000  1.000000
orientation T byte_order littleendian
Reading image: talsrcimg_g11.4dfp.img
dimensions:      256       256       256
mmppix:       1.0000   -1.0000   -1.0000
center:     128.0000 -129.0000 -129.0000
fimgreg.f
image alignment mode   3335 decimal      D07 hex
parameters
   -0.5106   26.9804   -7.6753   -0.2477   -1.5162   -1.3474
    6.2013    3.3208   -6.6558   16.0200   -2.2770  -16.2014
eta,q 0.97000 10.43591
niter,ni,del,rscale     5    3    5.0000    1.2000
parameter  4  0.848935 ->  0.500000 qaram    1.1500
parameter  5  0.987713 ->  0.500000 qaram    1.1500
parameters
   -0.5625   27.3982   -8.1460   -4.3877   -5.6562   -4.5978
    7.3849    4.7259   -5.6158   13.8419   -1.4670  -18.9279
eta,q 0.97589 10.09445
  0.0328  0.0327  0.0310  0.0280  0.0253  0.0263  0.0280  0.0308  0.0271  0.0257  0.0260  0.0246
  0.0313  0.0314  0.0303  0.0275  0.0255  0.0253  0.0266  0.0282  0.0259  0.0247  0.0251  0.0242
  0.0304  0.0305  0.0299  0.0281  0.0263  0.0249  0.0255  0.0261  0.0250  0.0243  0.0245  0.0241
  0.0300  0.0300  0.0299  0.0299  0.0275  0.0256  0.0249  0.0248  0.0246  0.0245  0.0243  0.0243
  0.0303  0.0300  0.0304  0.0326  0.0294  0.0277  0.0249  0.0247  0.0246  0.0254  0.0243  0.0247
  0.0314  0.0305  0.0312  0.0357  0.0319  0.0304  0.0254  0.0257  0.0251  0.0271  0.0247  0.0253
  0.0331  0.0313  0.0323  0.0385  0.0347  0.0333  0.0265  0.0277  0.0260  0.0293  0.0253  0.0262
niter,ni,del,rscale     6    3    5.0000    1.2000
parameters
   -0.6518   27.2003   -9.2985   -4.4624   -6.7428   -4.9783
    6.9413    4.5230   -5.7642   14.8063   -0.9694  -19.5102
eta,q 0.97641 10.04924
  0.0273  0.0260  0.0242  0.0286  0.0260  0.0271  0.0258  0.0282  0.0257  0.0273  0.0253  0.0246
  0.0255  0.0248  0.0237  0.0266  0.0246  0.0259  0.0246  0.0258  0.0246  0.0256  0.0244  0.0240
  0.0244  0.0242  0.0237  0.0247  0.0238  0.0246  0.0239  0.0242  0.0239  0.0244  0.0238  0.0237
  0.0241  0.0241  0.0241  0.0236  0.0236  0.0236  0.0237  0.0237  0.0237  0.0237  0.0236  0.0236
  0.0246  0.0245  0.0248  0.0242  0.0243  0.0239  0.0241  0.0244  0.0239  0.0237  0.0237  0.0238
  0.0259  0.0254  0.0259  0.0262  0.0256  0.0259  0.0250  0.0262  0.0247  0.0244  0.0242  0.0243
  0.0278  0.0267  0.0273  0.0294  0.0279  0.0288  0.0264  0.0288  0.0259  0.0259  0.0249  0.0250
niter,ni,del,rscale     5    3    5.0000    1.2000
parameters
   -0.7194   27.5818   -9.3912   -4.3033   -7.2333   -5.2330
    7.0595    4.3807   -5.9293   15.6525   -0.7586  -19.9504
eta,q 0.97651 10.03652
  0.0269  0.0266  0.0253  0.0286  0.0263  0.0270  0.0260  0.0281  0.0255  0.0270  0.0251  0.0245
  0.0251  0.0251  0.0242  0.0267  0.0247  0.0258  0.0248  0.0258  0.0245  0.0254  0.0242  0.0239
  0.0239  0.0241  0.0237  0.0247  0.0238  0.0246  0.0239  0.0241  0.0238  0.0242  0.0237  0.0236
  0.0236  0.0236  0.0235  0.0235  0.0235  0.0235  0.0236  0.0236  0.0236  0.0236  0.0235  0.0235
  0.0241  0.0236  0.0238  0.0239  0.0240  0.0237  0.0238  0.0242  0.0238  0.0236  0.0236  0.0237
  0.0254  0.0241  0.0245  0.0258  0.0251  0.0255  0.0246  0.0260  0.0246  0.0243  0.0241  0.0241
  0.0273  0.0251  0.0255  0.0288  0.0271  0.0284  0.0259  0.0285  0.0257  0.0258  0.0249  0.0248
niter,ni,del,rscale     4    3    5.0000    1.2000
parameters
   -0.7467   27.8102   -9.5316   -4.2463   -7.6337   -5.4657
    7.1638    4.3301   -6.0234   16.2674   -0.6611  -20.2351
eta,q 0.97653 10.02333
  0.0269  0.0262  0.0251  0.0284  0.0263  0.0270  0.0259  0.0282  0.0255  0.0267  0.0250  0.0245
  0.0250  0.0248  0.0241  0.0265  0.0247  0.0258  0.0247  0.0258  0.0245  0.0252  0.0241  0.0239
  0.0239  0.0239  0.0236  0.0246  0.0237  0.0245  0.0238  0.0241  0.0238  0.0241  0.0236  0.0236
  0.0235  0.0235  0.0235  0.0235  0.0235  0.0235  0.0235  0.0235  0.0235  0.0235  0.0235  0.0235
  0.0240  0.0236  0.0238  0.0239  0.0239  0.0236  0.0238  0.0241  0.0238  0.0236  0.0236  0.0236
  0.0252  0.0242  0.0245  0.0258  0.0250  0.0255  0.0246  0.0258  0.0245  0.0244  0.0241  0.0241
  0.0270  0.0253  0.0255  0.0289  0.0270  0.0283  0.0258  0.0284  0.0256  0.0260  0.0249  0.0247
niter,ni,del,rscale     3    3    5.0000    1.2000
parameters
   -0.7662   27.9960   -9.6521   -4.2105   -7.9373   -5.6610
    7.2347    4.3037   -6.0613   16.7656   -0.6262  -20.4568
eta,q 0.97653 10.01281
  0.0269  0.0260  0.0251  0.0284  0.0263  0.0269  0.0259  0.0282  0.0255  0.0266  0.0249  0.0245
  0.0250  0.0247  0.0241  0.0265  0.0247  0.0258  0.0247  0.0258  0.0245  0.0251  0.0241  0.0239
  0.0238  0.0238  0.0236  0.0246  0.0238  0.0245  0.0238  0.0241  0.0237  0.0241  0.0236  0.0236
  0.0235  0.0235  0.0235  0.0235  0.0235  0.0235  0.0235  0.0235  0.0235  0.0235  0.0235  0.0235
  0.0239  0.0236  0.0238  0.0239  0.0239  0.0235  0.0238  0.0241  0.0237  0.0236  0.0236  0.0236
  0.0251  0.0243  0.0244  0.0258  0.0249  0.0254  0.0246  0.0258  0.0245  0.0244  0.0241  0.0240
  0.0270  0.0253  0.0254  0.0289  0.0268  0.0282  0.0258  0.0283  0.0256  0.0260  0.0249  0.0247
niter,ni,del,rscale     2    3    5.0000    1.2000
parameters
   -0.7791   28.1501   -9.7549   -4.1857   -8.1963   -5.8258
    7.2785    4.2897   -6.0740   17.1856   -0.6091  -20.6402
eta,q 0.97652 10.00357
  0.0269  0.0260  0.0251  0.0283  0.0263  0.0269  0.0259  0.0282  0.0255  0.0266  0.0249  0.0245
  0.0250  0.0246  0.0241  0.0264  0.0248  0.0258  0.0246  0.0258  0.0244  0.0251  0.0241  0.0239
  0.0238  0.0238  0.0236  0.0246  0.0238  0.0245  0.0238  0.0241  0.0237  0.0240  0.0236  0.0236
  0.0235  0.0235  0.0235  0.0235  0.0235  0.0235  0.0235  0.0235  0.0235  0.0235  0.0235  0.0235
  0.0239  0.0237  0.0237  0.0239  0.0238  0.0235  0.0238  0.0241  0.0237  0.0236  0.0236  0.0236
  0.0251  0.0243  0.0244  0.0258  0.0249  0.0253  0.0246  0.0258  0.0244  0.0245  0.0241  0.0240
  0.0269  0.0254  0.0254  0.0288  0.0268  0.0281  0.0258  0.0283  0.0255  0.0261  0.0249  0.0246
niter,ni,del,rscale     1    3    5.0000    1.2000
parameters
   -0.7897   28.2842   -9.8429   -4.1656   -8.4206   -5.9646
    7.3043    4.2804   -6.0812   17.5517   -0.5987  -20.7906
eta,q 0.97651  9.99545
  0.0269  0.0259  0.0251  0.0283  0.0263  0.0269  0.0258  0.0282  0.0255  0.0265  0.0249  0.0245
  0.0250  0.0246  0.0242  0.0264  0.0248  0.0258  0.0246  0.0258  0.0244  0.0251  0.0241  0.0239
  0.0239  0.0238  0.0236  0.0246  0.0238  0.0246  0.0238  0.0242  0.0237  0.0240  0.0236  0.0236
  0.0235  0.0235  0.0235  0.0235  0.0235  0.0235  0.0235  0.0235  0.0235  0.0235  0.0235  0.0235
  0.0239  0.0237  0.0237  0.0239  0.0239  0.0235  0.0238  0.0241  0.0238  0.0236  0.0237  0.0236
  0.0251  0.0243  0.0244  0.0258  0.0249  0.0253  0.0246  0.0258  0.0244  0.0245  0.0241  0.0240
  0.0269  0.0254  0.0253  0.0288  0.0267  0.0281  0.0258  0.0282  0.0255  0.0261  0.0249  0.0246
registration optimization eta report
parameter search radius
    2.4000    2.4000    2.4000    8.2800    8.2800    7.2000
    7.2000    7.2000    7.2000    7.2000    7.2000    7.2000
100000*second partial in parameter space
       59.       38.       30.        7.        4.        8.
        4.        9.        4.        5.        3.        2.
  0.0269  0.0259  0.0251  0.0283  0.0263  0.0269  0.0258  0.0282  0.0255  0.0265  0.0249  0.0245
  0.0250  0.0246  0.0242  0.0264  0.0248  0.0258  0.0246  0.0258  0.0244  0.0251  0.0241  0.0239
  0.0239  0.0238  0.0236  0.0246  0.0238  0.0246  0.0238  0.0242  0.0237  0.0240  0.0236  0.0236
  0.0235  0.0235  0.0235  0.0235  0.0235  0.0235  0.0235  0.0235  0.0235  0.0235  0.0235  0.0235
  0.0239  0.0237  0.0237  0.0239  0.0239  0.0235  0.0238  0.0241  0.0238  0.0236  0.0237  0.0236
  0.0251  0.0243  0.0244  0.0258  0.0249  0.0253  0.0246  0.0258  0.0244  0.0245  0.0241  0.0240
  0.0269  0.0254  0.0253  0.0288  0.0267  0.0281  0.0258  0.0282  0.0255  0.0261  0.0249  0.0246
   -0.7897   28.2842   -9.8429   -4.1656   -8.4206   -5.9646
    7.3043    4.2804   -6.0812   17.5517   -0.5987  -20.7906
eta,q 0.97651  9.99545

---------------------------------------------------------------------
imgreg_4dfp /opt/freesurfer/average/711-2C_as_mni_average_305 /opt/freesurfer/average/711-2B_as_mni_average_305_mask talsrcimg_g11 none talsrcimg_to_711-2C_as_mni_average_305_t4 2311
---------------------------------------------------------------------

freesurfer imgreg_4dfp.c
/opt/freesurfer/average/711-2C_as_mni_average_305.4dfp.img
       256       256       256         1
  1.000000  1.000000  1.000000
orientation T byte_order littleendian
Reading image: /opt/freesurfer/average/711-2C_as_mni_average_305.4dfp.img
dimensions:      256       256       256
mmppix:       1.0000   -1.0000   -1.0000
center:     128.0000 -129.0000 -129.0000
/opt/freesurfer/average/711-2B_as_mni_average_305_mask.4dfp.img
       256       256       256         1
  1.000000  1.000000  1.000000
orientation T byte_order littleendian
Reading mask: /opt/freesurfer/average/711-2B_as_mni_average_305_mask.4dfp.img (2306576 pixels)
talsrcimg_g11.4dfp.img
       256       256       256         1
  1.000000  1.000000  1.000000
orientation T byte_order littleendian
Reading image: talsrcimg_g11.4dfp.img
dimensions:      256       256       256
mmppix:       1.0000   -1.0000   -1.0000
center:     128.0000 -129.0000 -129.0000
fimgreg.f
image alignment mode   2311 decimal      907 hex
parameters
   -0.7897   28.2842   -9.8429   -4.1656   -8.4206   -5.9646
    7.3043    4.2804   -6.0812   17.5517   -0.5987  -20.7906
eta,q 0.97651  9.99545
niter,ni,del,rscale     5    3    5.0000    0.8000
parameters
   -0.8127   28.3633   -9.9372   -3.6785   -8.5798   -5.4970
    7.2791    4.3149   -6.0075   17.7857   -0.5264  -21.0396
eta,q 0.97668 10.01152
  0.0250  0.0246  0.0242  0.0259  0.0244  0.0257  0.0244  0.0258  0.0243  0.0248  0.0240  0.0238
  0.0242  0.0240  0.0238  0.0249  0.0239  0.0249  0.0238  0.0245  0.0238  0.0241  0.0237  0.0235
  0.0236  0.0236  0.0235  0.0240  0.0236  0.0241  0.0235  0.0237  0.0235  0.0236  0.0234  0.0234
  0.0235  0.0235  0.0235  0.0235  0.0234  0.0234  0.0233  0.0233  0.0233  0.0233  0.0233  0.0233
  0.0237  0.0236  0.0236  0.0236  0.0236  0.0233  0.0235  0.0236  0.0234  0.0234  0.0234  0.0234
  0.0242  0.0239  0.0239  0.0242  0.0240  0.0240  0.0238  0.0244  0.0237  0.0238  0.0236  0.0236
  0.0251  0.0244  0.0244  0.0252  0.0246  0.0254  0.0245  0.0258  0.0243  0.0246  0.0240  0.0239
niter,ni,del,rscale     4    3    5.0000    0.7000
parameters
   -0.7998   28.3923   -9.8597   -3.7036   -8.7464   -5.2891
    7.2418    4.3305   -6.0194   17.8740   -0.5220  -21.1611
eta,q 0.97671 10.01128
  0.0246  0.0241  0.0241  0.0250  0.0241  0.0252  0.0241  0.0252  0.0240  0.0244  0.0238  0.0237
  0.0239  0.0237  0.0237  0.0242  0.0237  0.0245  0.0237  0.0242  0.0236  0.0238  0.0235  0.0235
  0.0235  0.0234  0.0234  0.0235  0.0234  0.0238  0.0234  0.0235  0.0234  0.0234  0.0234  0.0233
  0.0233  0.0233  0.0233  0.0233  0.0233  0.0233  0.0233  0.0233  0.0233  0.0233  0.0233  0.0233
  0.0235  0.0234  0.0234  0.0235  0.0234  0.0233  0.0234  0.0235  0.0234  0.0234  0.0234  0.0233
  0.0239  0.0236  0.0236  0.0242  0.0237  0.0240  0.0237  0.0242  0.0236  0.0237  0.0235  0.0235
  0.0245  0.0240  0.0239  0.0251  0.0242  0.0251  0.0242  0.0252  0.0240  0.0243  0.0238  0.0237
niter,ni,del,rscale     3    3    5.0000    0.6000
parameters
   -0.7963   28.3954   -9.8189   -3.7113   -8.8153   -5.1361
    7.2384    4.3486   -6.0165   17.8958   -0.5173  -21.2070
eta,q 0.97673 10.01265
  0.0242  0.0239  0.0238  0.0246  0.0239  0.0248  0.0239  0.0247  0.0238  0.0241  0.0237  0.0236
  0.0237  0.0235  0.0235  0.0239  0.0236  0.0242  0.0236  0.0239  0.0235  0.0236  0.0235  0.0234
  0.0234  0.0233  0.0234  0.0234  0.0234  0.0236  0.0233  0.0234  0.0233  0.0234  0.0233  0.0233
  0.0233  0.0233  0.0233  0.0233  0.0233  0.0233  0.0233  0.0233  0.0233  0.0233  0.0233  0.0233
  0.0234  0.0234  0.0233  0.0234  0.0234  0.0233  0.0233  0.0234  0.0233  0.0233  0.0233  0.0233
  0.0237  0.0235  0.0235  0.0239  0.0236  0.0238  0.0236  0.0239  0.0235  0.0236  0.0235  0.0234
  0.0242  0.0238  0.0237  0.0246  0.0239  0.0247  0.0239  0.0247  0.0238  0.0241  0.0237  0.0236
niter,ni,del,rscale     2    3    5.0000    0.5000
parameters
   -0.7969   28.3823   -9.7856   -3.7250   -8.8315   -4.9893
    7.2295    4.3541   -6.0057   17.8551   -0.5108  -21.2170
eta,q 0.97674 10.01485
  0.0239  0.0237  0.0236  0.0242  0.0237  0.0244  0.0237  0.0243  0.0236  0.0238  0.0235  0.0235
  0.0236  0.0234  0.0234  0.0237  0.0235  0.0239  0.0235  0.0237  0.0234  0.0235  0.0234  0.0234
  0.0233  0.0233  0.0233  0.0234  0.0233  0.0235  0.0233  0.0234  0.0233  0.0233  0.0233  0.0233
  0.0233  0.0233  0.0233  0.0233  0.0233  0.0233  0.0233  0.0233  0.0233  0.0233  0.0233  0.0233
  0.0233  0.0233  0.0233  0.0234  0.0233  0.0233  0.0233  0.0234  0.0233  0.0233  0.0233  0.0233
  0.0236  0.0234  0.0234  0.0237  0.0235  0.0237  0.0235  0.0237  0.0234  0.0235  0.0234  0.0234
  0.0239  0.0237  0.0236  0.0242  0.0237  0.0243  0.0237  0.0243  0.0236  0.0238  0.0235  0.0235
niter,ni,del,rscale     1    3    5.0000    0.4000
parameters
   -0.7961   28.3545   -9.7510   -3.7539   -8.8035   -4.8579
    7.2127    4.3595   -6.0046   17.7811   -0.5089  -21.2283
eta,q 0.97675 10.01785
  0.0237  0.0235  0.0235  0.0239  0.0235  0.0241  0.0235  0.0239  0.0235  0.0236  0.0234  0.0234
  0.0234  0.0234  0.0234  0.0235  0.0234  0.0237  0.0234  0.0236  0.0234  0.0234  0.0233  0.0233
  0.0233  0.0233  0.0233  0.0233  0.0233  0.0234  0.0233  0.0233  0.0233  0.0233  0.0233  0.0233
  0.0233  0.0233  0.0233  0.0233  0.0232  0.0233  0.0233  0.0233  0.0233  0.0233  0.0233  0.0233
  0.0233  0.0233  0.0233  0.0233  0.0233  0.0233  0.0233  0.0233  0.0233  0.0233  0.0233  0.0233
  0.0234  0.0234  0.0233  0.0235  0.0234  0.0235  0.0234  0.0236  0.0234  0.0234  0.0233  0.0233
  0.0237  0.0235  0.0235  0.0239  0.0235  0.0239  0.0235  0.0239  0.0235  0.0236  0.0234  0.0234
registration optimization eta report
parameter search radius
    0.8000    0.8000    0.8000    2.4000    2.4000    2.4000
    2.4000    2.4000    2.4000    2.4000    2.4000    2.4000
100000*second partial in parameter space
       65.       39.       35.       11.        5.       13.
        5.       12.        4.        6.        3.        2.
  0.0237  0.0235  0.0235  0.0239  0.0235  0.0241  0.0235  0.0239  0.0235  0.0236  0.0234  0.0234
  0.0234  0.0234  0.0234  0.0235  0.0234  0.0237  0.0234  0.0236  0.0234  0.0234  0.0233  0.0233
  0.0233  0.0233  0.0233  0.0233  0.0233  0.0234  0.0233  0.0233  0.0233  0.0233  0.0233  0.0233
  0.0233  0.0233  0.0233  0.0233  0.0232  0.0233  0.0233  0.0233  0.0233  0.0233  0.0233  0.0233
  0.0233  0.0233  0.0233  0.0233  0.0233  0.0233  0.0233  0.0233  0.0233  0.0233  0.0233  0.0233
  0.0234  0.0234  0.0233  0.0235  0.0234  0.0235  0.0234  0.0236  0.0234  0.0234  0.0233  0.0233
  0.0237  0.0235  0.0235  0.0239  0.0235  0.0239  0.0235  0.0239  0.0235  0.0236  0.0234  0.0234
   -0.7961   28.3545   -9.7510   -3.7539   -8.8035   -4.8579
    7.2127    4.3595   -6.0046   17.7811   -0.5089  -21.2283
eta,q 0.97675 10.01785

---------------------------------------------------------------------
imgreg_4dfp /opt/freesurfer/average/711-2C_as_mni_average_305 /opt/freesurfer/average/711-2B_as_mni_average_305_mask talsrcimg_g11 none talsrcimg_to_711-2C_as_mni_average_305_t4 2311
---------------------------------------------------------------------

freesurfer imgreg_4dfp.c
/opt/freesurfer/average/711-2C_as_mni_average_305.4dfp.img
       256       256       256         1
  1.000000  1.000000  1.000000
orientation T byte_order littleendian
Reading image: /opt/freesurfer/average/711-2C_as_mni_average_305.4dfp.img
dimensions:      256       256       256
mmppix:       1.0000   -1.0000   -1.0000
center:     128.0000 -129.0000 -129.0000
/opt/freesurfer/average/711-2B_as_mni_average_305_mask.4dfp.img
       256       256       256         1
  1.000000  1.000000  1.000000
orientation T byte_order littleendian
Reading mask: /opt/freesurfer/average/711-2B_as_mni_average_305_mask.4dfp.img (2306576 pixels)
talsrcimg_g11.4dfp.img
       256       256       256         1
  1.000000  1.000000  1.000000
orientation T byte_order littleendian
Reading image: talsrcimg_g11.4dfp.img
dimensions:      256       256       256
mmppix:       1.0000   -1.0000   -1.0000
center:     128.0000 -129.0000 -129.0000
fimgreg.f
image alignment mode   2311 decimal      907 hex
parameters
   -0.7961   28.3545   -9.7510   -3.7539   -8.8035   -4.8579
    7.2127    4.3595   -6.0046   17.7811   -0.5089  -21.2283
eta,q 0.97675 10.01785
niter,ni,del,rscale     5    3    5.0000    0.8000
parameters
   -0.7889   28.3544   -9.6871   -3.8438   -8.8157   -5.1888
    7.2429    4.3368   -6.0451   17.7731   -0.5429  -21.1417
eta,q 0.97672 10.00885
  0.0249  0.0242  0.0242  0.0254  0.0243  0.0253  0.0244  0.0257  0.0242  0.0246  0.0240  0.0238
  0.0240  0.0237  0.0237  0.0243  0.0237  0.0244  0.0238  0.0244  0.0237  0.0239  0.0236  0.0235
  0.0234  0.0233  0.0234  0.0235  0.0234  0.0237  0.0234  0.0236  0.0234  0.0235  0.0234  0.0234
  0.0233  0.0233  0.0233  0.0232  0.0233  0.0233  0.0233  0.0233  0.0233  0.0233  0.0233  0.0233
  0.0234  0.0234  0.0233  0.0235  0.0234  0.0235  0.0234  0.0236  0.0234  0.0234  0.0234  0.0233
  0.0240  0.0237  0.0236  0.0243  0.0237  0.0246  0.0238  0.0244  0.0237  0.0239  0.0236  0.0235
  0.0249  0.0242  0.0241  0.0256  0.0243  0.0262  0.0244  0.0258  0.0242  0.0247  0.0240  0.0238
niter,ni,del,rscale     4    3    5.0000    0.7000
parameters
   -0.7938   28.3525   -9.7771   -3.7403   -8.7732   -5.1887
    7.2403    4.3498   -6.0301   17.7915   -0.5355  -21.1512
eta,q 0.97673 10.01172
  0.0245  0.0240  0.0239  0.0251  0.0241  0.0251  0.0241  0.0252  0.0240  0.0243  0.0238  0.0237
  0.0238  0.0236  0.0235  0.0242  0.0237  0.0243  0.0237  0.0242  0.0236  0.0238  0.0235  0.0235
  0.0234  0.0234  0.0233  0.0235  0.0234  0.0237  0.0234  0.0235  0.0233  0.0234  0.0233  0.0233
  0.0233  0.0233  0.0233  0.0233  0.0233  0.0233  0.0233  0.0233  0.0233  0.0233  0.0233  0.0233
  0.0234  0.0234  0.0234  0.0235  0.0234  0.0234  0.0234  0.0235  0.0234  0.0234  0.0233  0.0233
  0.0239  0.0236  0.0237  0.0240  0.0236  0.0241  0.0237  0.0242  0.0236  0.0237  0.0235  0.0235
  0.0245  0.0240  0.0240  0.0249  0.0241  0.0253  0.0241  0.0252  0.0240  0.0244  0.0238  0.0237
niter,ni,del,rscale     3    3    5.0000    0.6000
parameters
   -0.7934   28.3576   -9.7847   -3.7202   -8.7772   -5.0885
    7.2313    4.3518   -6.0171   17.8012   -0.5166  -21.1800
eta,q 0.97674 10.01427
  0.0242  0.0238  0.0238  0.0246  0.0239  0.0248  0.0239  0.0247  0.0238  0.0241  0.0237  0.0236
  0.0237  0.0235  0.0235  0.0239  0.0236  0.0241  0.0235  0.0239  0.0235  0.0236  0.0234  0.0234
  0.0234  0.0233  0.0233  0.0234  0.0234  0.0236  0.0233  0.0234  0.0233  0.0234  0.0233  0.0233
  0.0233  0.0233  0.0233  0.0233  0.0233  0.0233  0.0233  0.0233  0.0233  0.0233  0.0233  0.0233
  0.0234  0.0233  0.0233  0.0234  0.0233  0.0233  0.0233  0.0234  0.0233  0.0233  0.0233  0.0233
  0.0237  0.0235  0.0235  0.0239  0.0235  0.0238  0.0236  0.0239  0.0235  0.0236  0.0234  0.0234
  0.0242  0.0238  0.0238  0.0246  0.0239  0.0248  0.0239  0.0247  0.0238  0.0241  0.0237  0.0236
niter,ni,del,rscale     2    3    5.0000    0.5000
parameters
   -0.7960   28.3528   -9.7640   -3.7290   -8.7711   -4.9570
    7.2256    4.3580   -6.0202   17.7764   -0.5102  -21.1983
eta,q 0.97674 10.01716
  0.0239  0.0236  0.0236  0.0242  0.0237  0.0244  0.0237  0.0243  0.0236  0.0238  0.0235  0.0235
  0.0235  0.0234  0.0234  0.0237  0.0235  0.0239  0.0234  0.0237  0.0234  0.0235  0.0234  0.0233
  0.0233  0.0233  0.0233  0.0234  0.0233  0.0235  0.0233  0.0234  0.0233  0.0233  0.0233  0.0233
  0.0233  0.0233  0.0233  0.0233  0.0233  0.0233  0.0233  0.0233  0.0233  0.0233  0.0233  0.0233
  0.0233  0.0233  0.0233  0.0234  0.0233  0.0233  0.0233  0.0234  0.0233  0.0233  0.0233  0.0233
  0.0236  0.0234  0.0234  0.0237  0.0235  0.0237  0.0235  0.0237  0.0234  0.0235  0.0234  0.0233
  0.0239  0.0237  0.0236  0.0242  0.0237  0.0243  0.0237  0.0243  0.0236  0.0238  0.0235  0.0235
niter,ni,del,rscale     1    3    5.0000    0.4000
parameters
   -0.7955   28.3343   -9.7367   -3.7580   -8.7532   -4.8366
    7.2164    4.3618   -6.0099   17.7159   -0.5080  -21.1852
eta,q 0.97675 10.01938
  0.0237  0.0235  0.0235  0.0239  0.0235  0.0240  0.0235  0.0239  0.0235  0.0236  0.0234  0.0234
  0.0234  0.0234  0.0234  0.0235  0.0234  0.0237  0.0234  0.0236  0.0234  0.0234  0.0233  0.0233
  0.0233  0.0233  0.0233  0.0233  0.0233  0.0234  0.0233  0.0233  0.0233  0.0233  0.0233  0.0233
  0.0233  0.0233  0.0233  0.0233  0.0233  0.0233  0.0233  0.0233  0.0233  0.0232  0.0233  0.0233
  0.0233  0.0233  0.0233  0.0233  0.0233  0.0233  0.0233  0.0233  0.0233  0.0233  0.0233  0.0233
  0.0234  0.0234  0.0234  0.0235  0.0234  0.0235  0.0234  0.0236  0.0234  0.0234  0.0233  0.0233
  0.0237  0.0235  0.0235  0.0239  0.0235  0.0240  0.0235  0.0239  0.0235  0.0236  0.0234  0.0234
registration optimization eta report
parameter search radius
    0.8000    0.8000    0.8000    2.4000    2.4000    2.4000
    2.4000    2.4000    2.4000    2.4000    2.4000    2.4000
100000*second partial in parameter space
       65.       39.       35.       11.        5.       13.
        5.       12.        4.        6.        3.        2.
  0.0237  0.0235  0.0235  0.0239  0.0235  0.0240  0.0235  0.0239  0.0235  0.0236  0.0234  0.0234
  0.0234  0.0234  0.0234  0.0235  0.0234  0.0237  0.0234  0.0236  0.0234  0.0234  0.0233  0.0233
  0.0233  0.0233  0.0233  0.0233  0.0233  0.0234  0.0233  0.0233  0.0233  0.0233  0.0233  0.0233
  0.0233  0.0233  0.0233  0.0233  0.0233  0.0233  0.0233  0.0233  0.0233  0.0232  0.0233  0.0233
  0.0233  0.0233  0.0233  0.0233  0.0233  0.0233  0.0233  0.0233  0.0233  0.0233  0.0233  0.0233
  0.0234  0.0234  0.0234  0.0235  0.0234  0.0235  0.0234  0.0236  0.0234  0.0234  0.0233  0.0233
  0.0237  0.0235  0.0235  0.0239  0.0235  0.0240  0.0235  0.0239  0.0235  0.0236  0.0234  0.0234
   -0.7955   28.3343   -9.7367   -3.7580   -8.7532   -4.8366
    7.2164    4.3618   -6.0099   17.7159   -0.5080  -21.1852
eta,q 0.97675 10.01938

---------------------------------------------------------------------
compute_vox2vox talsrcimg talsrcimg_to_711-2C_as_mni_average_305_t4 /opt/freesurfer/average/711-2C_as_mni_average_305
---------------------------------------------------------------------

freesurfer compute_vox2vox.c
Reading: talsrcimg.4dfp.ifh
Reading: talsrcimg_to_711-2C_as_mni_average_305_t4
Reading: /opt/freesurfer/average/711-2C_as_mni_average_305.4dfp.ifh
Writing: talsrcimg_to_711-2C_as_mni_average_305_t4_vox2vox.txt

start time Fri Mar 13 02:25:13 CET 2026
end		time Fri Mar 13 02:25:26 CET 2026

mpr2mni305 success

avi2talxfm orig_nu.mgz /opt/freesurfer/average/mni305.cor.mgz talsrcimg_to_711-2C_as_mni_average_305_t4_vox2vox.txt transforms/talairach.auto.xfm
avi2talxfm done
mv -f /out/sourcedata/freesurfer/sub-v2s3x28823_ses-1/mri/talsrcimg_to_711-2C_as_mni_average_305_t4_vox2vox.txt /out/sourcedata/freesurfer/sub-v2s3x28823_ses-1/mri/transforms/talsrcimg_to_711-2C_as_mni_average_305_t4_vox2vox.txt
lta_convert --src orig_nu.mgz --trg /opt/freesurfer/average/mni305.cor.mgz --inxfm transforms/talairach.auto.xfm --outlta transforms/talairach.auto.xfm.lta --subject fsaverage
7.3.2

--src: orig_nu.mgz src image (geometry).
--trg: /opt/freesurfer/average/mni305.cor.mgz trg image (geometry).
--inmni: transforms/talairach.auto.xfm input MNI/XFM transform.
--outlta: transforms/talairach.auto.xfm.lta output LTA.
--s: fsaverage subject name
 LTA read, type : 1
 1.03333  -0.03082  -0.08888   11.03733;
 0.01981   1.00670   0.23216  -43.89027;
 0.06421  -0.19748   1.04500  -16.14772;
 0.00000   0.00000   0.00000   1.00000;
setting subject to fsaverage
Writing  LTA to file transforms/talairach.auto.xfm.lta...
lta_convert successful.
 
 
Started at Fri Mar 13 02:25:12 CET 2026
Ended   at Fri Mar 13 02:25:26 CET 2026
talairach_avi done
