status file for recon-all
Fri Mar 13 01:59:16 CET 2026
#@# Tessellate rh Fri Mar 13 01:59:16 CET 2026
#@# Smooth1 rh Fri Mar 13 01:59:20 CET 2026
#@# Inflation1 rh Fri Mar 13 01:59:23 CET 2026
#@# QSphere rh Fri Mar 13 01:59:38 CET 2026
#@# Fix Topology rh Fri Mar 13 02:01:00 CET 2026
#@# Smooth2 rh Fri Mar 13 02:07:33 CET 2026
#@# Inflation2 rh Fri Mar 13 02:07:37 CET 2026
#@# Curv .H and .K rh Fri Mar 13 02:07:59 CET 2026
#@# Sphere rh Fri Mar 13 02:08:53 CET 2026
#@# Surf Reg rh Fri Mar 13 02:13:31 CET 2026
#@# Jacobian white rh Fri Mar 13 02:21:44 CET 2026
#@# AvgCurv rh Fri Mar 13 02:21:45 CET 2026
#@# Cortical Parc rh Fri Mar 13 02:21:46 CET 2026
#@# white curv rh Fri Mar 13 02:30:10 CET 2026
#@# white area rh Fri Mar 13 02:30:12 CET 2026
#@# pial curv rh Fri Mar 13 02:30:13 CET 2026
#@# pial area rh Fri Mar 13 02:30:15 CET 2026
#@# thickness rh Fri Mar 13 02:30:16 CET 2026
#@# area and vertex vol rh Fri Mar 13 02:30:50 CET 2026
#@# Curvature Stats rh Fri Mar 13 02:30:52 CET 2026
#@# Cortical Parc 2 rh Fri Mar 13 02:30:55 CET 2026
#@# Cortical Parc 3 rh Fri Mar 13 02:31:10 CET 2026
#@# WM/GM Contrast rh Fri Mar 13 02:31:21 CET 2026
recon-all -s sub-v2s3x28752_ses-1 finished without error at Fri Mar 13 02:31:25 CET 2026



#New# invocation of recon-all 



status file for recon-all
Fri Mar 13 02:46:55 CET 2026
#@# white curv rh Fri Mar 13 02:46:55 CET 2026
#@# white area rh Fri Mar 13 02:46:55 CET 2026
#@# pial curv rh Fri Mar 13 02:46:55 CET 2026
#@# pial area rh Fri Mar 13 02:46:55 CET 2026
#@# thickness rh Fri Mar 13 02:46:55 CET 2026
#@# area and vertex vol rh Fri Mar 13 02:46:55 CET 2026
#@# Parcellation Stats rh Fri Mar 13 02:46:55 CET 2026
#@# Parcellation Stats 2 rh Fri Mar 13 02:47:19 CET 2026
#@# Parcellation Stats 3 rh Fri Mar 13 02:47:32 CET 2026
#@# BA_exvivo Labels rh Fri Mar 13 02:47:45 CET 2026
recon-all -s sub-v2s3x28752_ses-1 finished without error at Fri Mar 13 02:50:55 CET 2026
