/out/sourcedata/freesurfer/sub-v2s3x28743_ses-1/mri
/opt/freesurfer/bin/talairach_avi
--i orig_nu.mgz --xfm transforms/talairach.auto.xfm
talairach_avi 7.3.2
Linux dna071 5.14.0-427.37.1.el9_4.x86_64 #1 SMP PREEMPT_DYNAMIC Fri Sep 13 12:41:50 EDT 2024 x86_64 x86_64 x86_64 GNU/Linux
Thu Mar 12 23:16:10 CET 2026
mri_convert orig_nu.mgz talsrcimg.img 
reading from orig_nu.mgz...
TR=0.00, TE=0.00, TI=0.00, flip angle=0.00
i_ras = (-1, 0, 0)
j_ras = (0, 0, -1)
k_ras = (0, 1, 0)
writing to talsrcimg.img...
Analyze Output Matrix
-1.00000   0.00000   0.00000   139.47861;
 0.00000   0.00000   1.00000  -130.16809;
 0.00000  -1.00000   0.00000   140.70389;
 0.00000   0.00000   0.00000   1.00000;
--------------------
INFO: set hdr.hist.orient to -1
mpr2mni305 talsrcimg
Thu Mar 12 23:16:11 CET 2026
/opt/freesurfer/bin/mpr2mni305 talsrcimg
mpr2mni305 7.3.2
target=711-2C_as_mni_average_305

---------------------------------------------------------------------
analyzeto4dfp talsrcimg -O0 -y
---------------------------------------------------------------------

freesurfer ifh2hdr.c
Thu Mar 12 23:16:11 2026
Writing: talsrcimg.4dfp.hdr
freesurfer analyzeto4dfp.c
Reading: talsrcimg.hdr
header size 348 bytes
hdr.dime.datatype	offset=70	value=2
hdr.dime.bitpix		offset=72	value=8
hdr.hist.orient		offset=252	value=-1
dimensionality     4
dimensions       256       256       256         1
Reading: talsrcimg.img
Writing: talsrcimg.4dfp.img
Writing: talsrcimg.4dfp.ifh
ifh2hdr talsrcimg -r0to235
ori=2

---------------------------------------------------------------------
gauss_4dfp talsrcimg 1.1
---------------------------------------------------------------------

freesurfer gauss_4dfp.c
Reading: talsrcimg.4dfp.img
Writing: talsrcimg_g11.4dfp.img
image dimensions 256 256 256 padded to 288 288 288
processing volume 1freesurfer ifh2hdr.c
Thu Mar 12 23:16:12 2026
Writing: talsrcimg_g11.4dfp.hdr

Writing: talsrcimg_g11.4dfp.ifh
including: talsrcimg.4dfp.img.rec in talsrcimg_g11.4dfp.img.rec

---------------------------------------------------------------------
imgreg_4dfp /opt/freesurfer/average/711-2C_as_mni_average_305 none talsrcimg_g11 none talsrcimg_to_711-2C_as_mni_average_305_t4 4355
---------------------------------------------------------------------

freesurfer imgreg_4dfp.c
/opt/freesurfer/average/711-2C_as_mni_average_305.4dfp.img
       256       256       256         1
  1.000000  1.000000  1.000000
orientation T byte_order littleendian
Reading image: /opt/freesurfer/average/711-2C_as_mni_average_305.4dfp.img
dimensions:      256       256       256
mmppix:       1.0000   -1.0000   -1.0000
center:     128.0000 -129.0000 -129.0000
talsrcimg_g11.4dfp.img
       256       256       256         1
  1.000000  1.000000  1.000000
orientation T byte_order littleendian
Reading image: talsrcimg_g11.4dfp.img
dimensions:      256       256       256
mmppix:       1.0000   -1.0000   -1.0000
center:     128.0000 -129.0000 -129.0000
t4_read: open error in t4_sub.f l:  41 t4_file(1:l)talsrcimg_to_711-2C_as_mni_average_305_t4 
t4_read: transform initialized to I4
rotation matrix determinant  1.000000
image alignment mode   4355 decimal     1103 hex
   -7.5000  -45.0000  -45.0000 7872.0308   15.5930
    0.0000  -45.0000  -45.0000 8207.9404   15.6000
    7.5000  -45.0000  -45.0000 7859.5068   15.5940
   -7.5000  -37.5000  -45.0000 8562.7520   15.5293
    0.0000  -37.5000  -45.0000 8942.4746   15.5421
    7.5000  -37.5000  -45.0000 8552.0039   15.5346
   -7.5000  -30.0000  -45.0000 9555.7988   15.4958
    0.0000  -30.0000  -45.0000 9965.1455   15.5124
    7.5000  -30.0000  -45.0000 9528.8799   15.5049
   -7.5000  -22.5000  -45.000010518.5225   15.4925
    0.0000  -22.5000  -45.000010977.1250   15.5087
    7.5000  -22.5000  -45.000010494.3906   15.5041
   -7.5000  -15.0000  -45.000011350.7578   15.4875
    0.0000  -15.0000  -45.000011845.1406   15.4986
    7.5000  -15.0000  -45.000011325.3857   15.4955
   -7.5000   -7.5000  -45.000012032.9053   15.4830
    0.0000   -7.5000  -45.000012566.7803   15.4887
    7.5000   -7.5000  -45.000012004.4082   15.4845
   -7.5000    0.0000  -45.000012676.8955   15.4789
    0.0000    0.0000  -45.000013204.4648   15.4859
    7.5000    0.0000  -45.000012612.6611   15.4802
   -7.5000    7.5000  -45.000012337.0811   15.4808
    0.0000    7.5000  -45.000012876.0195   15.4935
    7.5000    7.5000  -45.000012286.2354   15.4862
   -7.5000   15.0000  -45.000011926.3301   15.4899
    0.0000   15.0000  -45.000012430.1953   15.5064
    7.5000   15.0000  -45.000011885.3066   15.4991
   -7.5000   22.5000  -45.000011427.5176   15.4904
    0.0000   22.5000  -45.000011898.9209   15.5066
    7.5000   22.5000  -45.000011402.6719   15.5019
   -7.5000   30.0000  -45.000010908.3721   15.2811
    0.0000   30.0000  -45.000011329.1191   15.2920
    7.5000   30.0000  -45.000010853.4023   15.2890
   -7.5000   37.5000  -45.000010466.1846   15.2767
    0.0000   37.5000  -45.000010884.3467   15.2823
    7.5000   37.5000  -45.000010421.7598   15.2781
   -7.5000   45.0000  -45.0000 9513.9531   14.8848
    0.0000   45.0000  -45.0000 9896.5293   14.8915
    7.5000   45.0000  -45.0000 9483.6943   14.8861
   -7.5000  -45.0000  -37.5000 8275.2344   15.5960
    0.0000  -45.0000  -37.5000 8640.9238   15.6079
    7.5000  -45.0000  -37.5000 8268.0273   15.6075
   -7.5000  -37.5000  -37.5000 8990.8467   15.5337
    0.0000  -37.5000  -37.5000 9391.3740   15.5520
    7.5000  -37.5000  -37.5000 8979.1240   15.5504
   -7.5000  -30.0000  -37.500010005.4199   15.4994
    0.0000  -30.0000  -37.500010441.3535   15.5205
    7.5000  -30.0000  -37.5000 9986.7041   15.5192
   -7.5000  -22.5000  -37.500010985.2871   15.4951
    0.0000  -22.5000  -37.500011482.3633   15.5142
    7.5000  -22.5000  -37.500010982.0664   15.5159
   -7.5000  -15.0000  -37.500011810.7646   15.4897
    0.0000  -15.0000  -37.500012352.4404   15.5034
    7.5000  -15.0000  -37.500011804.9180   15.5067
   -7.5000   -7.5000  -37.500012499.0283   15.4847
    0.0000   -7.5000  -37.500013057.7051   15.4939
    7.5000   -7.5000  -37.500012493.6055   15.4954
   -7.5000    0.0000  -37.500013120.8984   15.4818
    0.0000    0.0000  -37.500013705.3613   15.4936
    7.5000    0.0000  -37.500013100.3730   15.4934
   -7.5000    7.5000  -37.500012793.7686   15.4854
    0.0000    7.5000  -37.500013397.5332   15.5035
    7.5000    7.5000  -37.500012774.6650   15.5019
   -7.5000   15.0000  -37.500012364.5254   15.4935
    0.0000   15.0000  -37.500012940.7959   15.5146
    7.5000   15.0000  -37.500012352.7178   15.5134
   -7.5000   22.5000  -37.500011835.6660   15.4929
    0.0000   22.5000  -37.500012356.3418   15.5121
    7.5000   22.5000  -37.500011824.3760   15.5138
   -7.5000   30.0000  -37.500011252.5703   15.2833
    0.0000   30.0000  -37.500011727.3740   15.2968
    7.5000   30.0000  -37.500011195.3613   15.3000
   -7.5000   37.5000  -37.500010801.4443   15.2783
    0.0000   37.5000  -37.500011268.0879   15.2874
    7.5000   37.5000  -37.500010759.6475   15.2889
   -7.5000   45.0000  -37.5000 9809.1406   14.8876
    0.0000   45.0000  -37.500010251.2344   14.8990
    7.5000   45.0000  -37.5000 9805.3818   14.8988
   -7.5000  -45.0000  -30.0000 8794.7002   16.2481
    0.0000  -45.0000  -30.0000 9196.5098   16.2627
    7.5000  -45.0000  -30.0000 8804.9463   16.2657
   -7.5000  -37.5000  -30.0000 9532.3037   16.1816
    0.0000  -37.5000  -30.0000 9967.4453   16.2029
    7.5000  -37.5000  -30.0000 9546.4746   16.2046
   -7.5000  -30.0000  -30.000010586.7578   16.1452
    0.0000  -30.0000  -30.000011071.4795   16.1689
    7.5000  -30.0000  -30.000010599.4941   16.1710
   -7.5000  -22.5000  -30.000011609.5703   16.1426
    0.0000  -22.5000  -30.000012138.8682   16.1630
    7.5000  -22.5000  -30.000011614.3154   16.1689
   -7.5000  -15.0000  -30.000012431.2627   16.1402
    0.0000  -15.0000  -30.000013002.2666   16.1543
    7.5000  -15.0000  -30.000012446.8516   16.1617
   -7.5000   -7.5000  -30.000013116.6328   16.1345
    0.0000   -7.5000  -30.000013696.8682   16.1451
    7.5000   -7.5000  -30.000013142.9434   16.1504
   -7.5000    0.0000  -30.000013732.2314   16.1294
    0.0000    0.0000  -30.000014329.5527   16.1437
    7.5000    0.0000  -30.000013738.6699   16.1469
   -7.5000    7.5000  -30.000013409.3809   16.1315
    0.0000    7.5000  -30.000014031.9883   16.1525
    7.5000    7.5000  -30.000013409.2520   16.1542
   -7.5000   15.0000  -30.000012964.3867   16.1390
    0.0000   15.0000  -30.000013555.9893   16.1628
    7.5000   15.0000  -30.000012965.7139   16.1649
   -7.5000   22.5000  -30.000012428.5781   16.1388
    0.0000   22.5000  -30.000012968.1689   16.1591
    7.5000   22.5000  -30.000012400.0352   16.1650
   -7.5000   30.0000  -30.000011777.8027   15.9266
    0.0000   30.0000  -30.000012275.1406   15.9405
    7.5000   30.0000  -30.000011710.7012   15.9479
   -7.5000   37.5000  -30.000011309.2080   15.9210
    0.0000   37.5000  -30.000011787.8926   15.9315
    7.5000   37.5000  -30.000011241.8594   15.9367
   -7.5000   45.0000  -30.000010270.6484   15.5217
    0.0000   45.0000  -30.000010721.6768   15.5355
    7.5000   45.0000  -30.000010247.7822   15.5386
   -7.5000  -45.0000  -22.5000 9279.6992   16.8199
    0.0000  -45.0000  -22.5000 9719.1426   16.8314
    7.5000  -45.0000  -22.5000 9319.8701   16.8309
   -7.5000  -37.5000  -22.500010059.4189   16.7464
    0.0000  -37.5000  -22.500010503.9199   16.7643
    7.5000  -37.5000  -22.500010075.2949   16.7619
   -7.5000  -30.0000  -22.500011139.0146   16.7082
    0.0000  -30.0000  -22.500011652.3008   16.7288
    7.5000  -30.0000  -22.500011155.0557   16.7276
   -7.5000  -22.5000  -22.500012165.8271   16.7093
    0.0000  -22.5000  -22.500012697.9365   16.7267
    7.5000  -22.5000  -22.500012192.7324   16.7303
   -7.5000  -15.0000  -22.500012996.8506   16.7109
    0.0000  -15.0000  -22.500013548.7324   16.7220
    7.5000  -15.0000  -22.500013034.9736   16.7273
   -7.5000   -7.5000  -22.500013692.4707   16.7061
    0.0000   -7.5000  -22.500014261.3770   16.7141
    7.5000   -7.5000  -22.500013730.2705   16.7163
   -7.5000    0.0000  -22.500014339.8516   16.6971
    0.0000    0.0000  -22.500014913.2129   16.7085
    7.5000    0.0000  -22.500014355.7031   16.7081
   -7.5000    7.5000  -22.500013998.4932   16.6946
    0.0000    7.5000  -22.500014612.4980   16.7123
    7.5000    7.5000  -22.500014005.1123   16.7100
   -7.5000   15.0000  -22.500013544.5000   16.7020
    0.0000   15.0000  -22.500014117.9062   16.7226
    7.5000   15.0000  -22.500013539.6826   16.7213
   -7.5000   22.5000  -22.500012954.4141   16.7041
    0.0000   22.5000  -22.500013494.1221   16.7216
    7.5000   22.5000  -22.500012931.9072   16.7252
   -7.5000   30.0000  -22.500012220.3545   16.4923
    0.0000   30.0000  -22.500012692.3594   16.5033
    7.5000   30.0000  -22.500012124.0195   16.5085
   -7.5000   37.5000  -22.500011730.5459   16.4876
    0.0000   37.5000  -22.500012180.0615   16.4954
    7.5000   37.5000  -22.500011625.1211   16.4976
   -7.5000   45.0000  -22.500010656.8438   16.0801
    0.0000   45.0000  -22.500011097.4307   16.0911
    7.5000   45.0000  -22.500010614.5234   16.0907
   -7.5000  -45.0000  -15.0000 9759.8135   17.2348
    0.0000  -45.0000  -15.000010209.6504   17.2418
    7.5000  -45.0000  -15.0000 9786.1826   17.2350
   -7.5000  -37.5000  -15.000010541.5781   17.1561
    0.0000  -37.5000  -15.000011002.4219   17.1683
    7.5000  -37.5000  -15.000010553.1143   17.1588
   -7.5000  -30.0000  -15.000011642.9268   17.1176
    0.0000  -30.0000  -15.000012154.0166   17.1325
    7.5000  -30.0000  -15.000011660.3672   17.1240
   -7.5000  -22.5000  -15.000012662.3760   17.1209
    0.0000  -22.5000  -15.000013172.2539   17.1340
    7.5000  -22.5000  -15.000012692.7412   17.1308
   -7.5000  -15.0000  -15.000013495.0361   17.1242
    0.0000  -15.0000  -15.000014035.1836   17.1319
    7.5000  -15.0000  -15.000013546.7197   17.1308
   -7.5000   -7.5000  -15.000014230.2256   17.1206
    0.0000   -7.5000  -15.000014744.7539   17.1248
    7.5000   -7.5000  -15.000014261.2764   17.1214
   -7.5000    0.0000  -15.000014906.8125   17.1090
    0.0000    0.0000  -15.000015455.1582   17.1158
    7.5000    0.0000  -15.000014917.3379   17.1094
   -7.5000    7.5000  -15.000014589.3027   17.1029
    0.0000    7.5000  -15.000015191.5801   17.1149
    7.5000    7.5000  -15.000014582.6602   17.1056
   -7.5000   15.0000  -15.000014123.3027   17.1112
    0.0000   15.0000  -15.000014678.9170   17.1260
    7.5000   15.0000  -15.000014112.9541   17.1177
   -7.5000   22.5000  -15.000013453.9375   17.1148
    0.0000   22.5000  -15.000013977.2197   17.1279
    7.5000   22.5000  -15.000013464.4951   17.1248
   -7.5000   30.0000  -15.000012605.2090   16.9026
    0.0000   30.0000  -15.000013027.2568   16.9102
    7.5000   30.0000  -15.000012538.3984   16.9090
   -7.5000   37.5000  -15.000012038.7656   16.8990
    0.0000   37.5000  -15.000012475.9443   16.9032
    7.5000   37.5000  -15.000011983.3818   16.8998
   -7.5000   45.0000  -15.000010975.8613   16.4868
    0.0000   45.0000  -15.000011425.7295   16.4934
    7.5000   45.0000  -15.000010971.0264   16.4871
   -7.5000  -45.0000   -7.500010231.0244   17.4304
    0.0000  -45.0000   -7.500010692.0820   17.4357
    7.5000  -45.0000   -7.500010250.9199   17.4267
   -7.5000  -37.5000   -7.500011018.2119   17.3540
    0.0000  -37.5000   -7.500011499.8008   17.3644
    7.5000  -37.5000   -7.500011023.9844   17.3527
   -7.5000  -30.0000   -7.500012136.4785   17.3164
    0.0000  -30.0000   -7.500012644.4004   17.3304
    7.5000  -30.0000   -7.500012135.5498   17.3189
   -7.5000  -22.5000   -7.500013139.5840   17.3171
    0.0000  -22.5000   -7.500013635.2686   17.3309
    7.5000  -22.5000   -7.500013142.3018   17.3235
   -7.5000  -15.0000   -7.500013986.0645   17.3165
    0.0000  -15.0000   -7.500014491.2871   17.3250
    7.5000  -15.0000   -7.500013982.6143   17.3196
   -7.5000   -7.5000   -7.500014722.0381   17.3121
    0.0000   -7.5000   -7.500015174.2627   17.3159
    7.5000   -7.5000   -7.500014717.1504   17.3095
   -7.5000    0.0000   -7.500015400.6670   17.3030
    0.0000    0.0000   -7.500015931.4951   17.3083
    7.5000    0.0000   -7.500015416.8408   17.2997
   -7.5000    7.5000   -7.500015092.8164   17.2999
    0.0000    7.5000   -7.500015711.2773   17.3102
    7.5000    7.5000   -7.500015118.6572   17.2988
   -7.5000   15.0000   -7.500014636.4570   17.3099
    0.0000   15.0000   -7.500015201.1055   17.3238
    7.5000   15.0000   -7.500014668.6611   17.3125
   -7.5000   22.5000   -7.500013941.0342   17.3091
    0.0000   22.5000   -7.500014442.9229   17.3229
    7.5000   22.5000   -7.500013968.9082   17.3155
   -7.5000   30.0000   -7.500012987.4492   17.0919
    0.0000   30.0000   -7.500013399.6934   17.1004
    7.5000   30.0000   -7.500012943.3340   17.0950
   -7.5000   37.5000   -7.500012404.0879   17.0876
    0.0000   37.5000   -7.500012800.1914   17.0913
    7.5000   37.5000   -7.500012338.7021   17.0850
   -7.5000   45.0000   -7.500011346.2695   16.6768
    0.0000   45.0000   -7.500011743.5996   16.6819
    7.5000   45.0000   -7.500011308.9111   16.6736
   -7.5000  -45.0000    0.000010553.5029   17.4490
    0.0000  -45.0000    0.000011050.0391   17.4568
    7.5000  -45.0000    0.000010557.4590   17.4501
   -7.5000  -37.5000    0.000011365.2998   17.3777
    0.0000  -37.5000    0.000011879.0000   17.3920
    7.5000  -37.5000    0.000011375.9375   17.3836
   -7.5000  -30.0000    0.000012514.2520   17.3403
    0.0000  -30.0000    0.000013037.1104   17.3587
    7.5000  -30.0000    0.000012516.8936   17.3504
   -7.5000  -22.5000    0.000013540.3213   17.3365
    0.0000  -22.5000    0.000014053.1299   17.3546
    7.5000  -22.5000    0.000013549.3203   17.3495
   -7.5000  -15.0000    0.000014387.2812   17.3309
    0.0000  -15.0000    0.000014906.7285   17.3433
    7.5000  -15.0000    0.000014402.1836   17.3399
   -7.5000   -7.5000    0.000015149.8164   17.3259
    0.0000   -7.5000    0.000015661.9355   17.3322
    7.5000   -7.5000    0.000015177.8877   17.3276
   -7.5000    0.0000    0.000015896.8330   17.3213
    0.0000    0.0000    0.000016437.9160   17.3291
    7.5000    0.0000    0.000015962.1045   17.3227
   -7.5000    7.5000    0.000015569.0547   17.3235
    0.0000    7.5000    0.000016145.7461   17.3376
    7.5000    7.5000    0.000015631.3174   17.3294
   -7.5000   15.0000    0.000015120.7832   17.3337
    0.0000   15.0000    0.000015652.9229   17.3521
    7.5000   15.0000    0.000015180.6133   17.3439
   -7.5000   22.5000    0.000014424.2559   17.3285
    0.0000   22.5000    0.000014899.5215   17.3466
    7.5000   22.5000    0.000014439.1270   17.3415
   -7.5000   30.0000    0.000013393.8506   17.1066
    0.0000   30.0000    0.000013801.3857   17.1189
    7.5000   30.0000    0.000013360.9092   17.1155
   -7.5000   37.5000    0.000012781.7461   17.1016
    0.0000   37.5000    0.000013156.5283   17.1079
    7.5000   37.5000    0.000012705.0928   17.1033
   -7.5000   45.0000    0.000011676.8721   16.6958
    0.0000   45.0000    0.000012050.6406   16.7033
    7.5000   45.0000    0.000011604.5908   16.6971
   -7.5000  -45.0000    7.500010009.9326   17.4523
    0.0000  -45.0000    7.500010460.2295   17.4657
    7.5000  -45.0000    7.5000 9997.3330   17.4652
   -7.5000  -37.5000    7.500010793.1055   17.3827
    0.0000  -37.5000    7.500011268.2666   17.4031
    7.5000  -37.5000    7.500010783.7676   17.4013
   -7.5000  -30.0000    7.500011897.6250   17.3443
    0.0000  -30.0000    7.500012404.6807   17.3679
    7.5000  -30.0000    7.500011895.9229   17.3664
   -7.5000  -22.5000    7.500012915.0215   17.3394
    0.0000  -22.5000    7.500013443.4414   17.3608
    7.5000  -22.5000    7.500012929.6807   17.3627
   -7.5000  -15.0000    7.500013770.0576   17.3334
    0.0000  -15.0000    7.500014294.4873   17.3487
    7.5000  -15.0000    7.500013785.3418   17.3524
   -7.5000   -7.5000    7.500014539.4258   17.3278
    0.0000   -7.5000    7.500015063.1992   17.3381
    7.5000   -7.5000    7.500014555.1426   17.3398
   -7.5000    0.0000    7.500015283.8447   17.3246
    0.0000    0.0000    7.500015818.1377   17.3378
    7.5000    0.0000    7.500015291.1963   17.3375
   -7.5000    7.5000    7.500014954.7900   17.3286
    0.0000    7.5000    7.500015467.0283   17.3488
    7.5000    7.5000    7.500014919.4883   17.3471
   -7.5000   15.0000    7.500014515.2686   17.3377
    0.0000   15.0000    7.500014991.4541   17.3613
    7.5000   15.0000    7.500014471.2500   17.3599
   -7.5000   22.5000    7.500013859.1729   17.3314
    0.0000   22.5000    7.500014295.6377   17.3528
    7.5000   22.5000    7.500013813.9668   17.3547
   -7.5000   30.0000    7.500012840.3018   17.1091
    0.0000   30.0000    7.500013239.5977   17.1242
    7.5000   30.0000    7.500012779.0107   17.1278
   -7.5000   37.5000    7.500012216.2549   17.1035
    0.0000   37.5000    7.500012606.7354   17.1137
    7.5000   37.5000    7.500012136.2344   17.1154
   -7.5000   45.0000    7.500011157.2949   16.6989
    0.0000   45.0000    7.500011508.1318   16.7116
    7.5000   45.0000    7.500011060.6191   16.7114
   -7.5000  -45.0000   15.0000 9351.0244   17.4980
    0.0000  -45.0000   15.0000 9756.6045   17.5140
    7.5000  -45.0000   15.0000 9356.3535   17.5173
   -7.5000  -37.5000   15.000010091.8955   17.4265
    0.0000  -37.5000   15.000010533.9658   17.4498
    7.5000  -37.5000   15.000010101.7705   17.4517
   -7.5000  -30.0000   15.000011154.1045   17.3870
    0.0000  -30.0000   15.000011643.3535   17.4129
    7.5000  -30.0000   15.000011172.1650   17.4154
   -7.5000  -22.5000   15.000012145.8857   17.3844
    0.0000  -22.5000   15.000012680.8906   17.4067
    7.5000  -22.5000   15.000012175.0303   17.4133
   -7.5000  -15.0000   15.000013030.3809   17.3819
    0.0000  -15.0000   15.000013580.6250   17.3975
    7.5000  -15.0000   15.000013025.9453   17.4058
   -7.5000   -7.5000   15.000013811.1855   17.3759
    0.0000   -7.5000   15.000014380.9268   17.3877
    7.5000   -7.5000   15.000013786.4414   17.3936
   -7.5000    0.0000   15.000014503.8232   17.3703
    0.0000    0.0000   15.000015062.8652   17.3861
    7.5000    0.0000   15.000014466.1660   17.3896
   -7.5000    7.5000   15.000014134.0586   17.3723
    0.0000    7.5000   15.000014649.9150   17.3953
    7.5000    7.5000   15.000014078.6328   17.3973
   -7.5000   15.0000   15.000013694.1748   17.3804
    0.0000   15.0000   15.000014171.0029   17.4063
    7.5000   15.0000   15.000013618.8711   17.4088
   -7.5000   22.5000   15.000013099.7793   17.3764
    0.0000   22.5000   15.000013540.1807   17.3987
    7.5000   22.5000   15.000013022.8779   17.4053
   -7.5000   30.0000   15.000012128.8223   17.1570
    0.0000   30.0000   15.000012558.4395   17.1723
    7.5000   30.0000   15.000012063.3662   17.1805
   -7.5000   37.5000   15.000011552.2979   17.1510
    0.0000   37.5000   15.000011960.8184   17.1627
    7.5000   37.5000   15.000011475.7793   17.1685
   -7.5000   45.0000   15.000010545.6709   16.7430
    0.0000   45.0000   15.000010929.9053   16.7582
    7.5000   45.0000   15.000010466.0537   16.7616
   -7.5000  -45.0000   22.5000 8651.8926   17.5972
    0.0000  -45.0000   22.5000 9036.2598   17.6101
    7.5000  -45.0000   22.5000 8680.0420   17.6098
   -7.5000  -37.5000   22.5000 9345.1719   17.5223
    0.0000  -37.5000   22.5000 9760.3018   17.5419
    7.5000  -37.5000   22.5000 9367.0498   17.5397
   -7.5000  -30.0000   22.500010342.3857   17.4823
    0.0000  -30.0000   22.500010813.0215   17.5047
    7.5000  -30.0000   22.500010377.8252   17.5037
   -7.5000  -22.5000   22.500011290.4004   17.4843
    0.0000  -22.5000   22.500011801.1523   17.5034
    7.5000  -22.5000   22.500011317.6367   17.5076
   -7.5000  -15.0000   22.500012115.9434   17.4868
    0.0000  -15.0000   22.500012649.8057   17.4992
    7.5000  -15.0000   22.500012126.8672   17.5051
   -7.5000   -7.5000   22.500012842.7021   17.4814
    0.0000   -7.5000   22.500013413.5029   17.4905
    7.5000   -7.5000   22.500012837.8340   17.4932
   -7.5000    0.0000   22.500013498.9912   17.4709
    0.0000    0.0000   22.500014074.8232   17.4836
    7.5000    0.0000   22.500013477.4189   17.4835
   -7.5000    7.5000   22.500013141.1504   17.4676
    0.0000    7.5000   22.500013665.3545   17.4870
    7.5000    7.5000   22.500013098.4229   17.4848
   -7.5000   15.0000   22.500012702.0518   17.4757
    0.0000   15.0000   22.500013183.9072   17.4981
    7.5000   15.0000   22.500012651.7871   17.4972
   -7.5000   22.5000   22.500012184.9102   17.4762
    0.0000   22.5000   22.500012640.8623   17.4954
    7.5000   22.5000   22.500012141.9082   17.4995
   -7.5000   30.0000   22.500011307.9609   17.2605
    0.0000   30.0000   22.500011717.5068   17.2727
    7.5000   30.0000   22.500011264.0615   17.2785
   -7.5000   37.5000   22.500010781.7783   17.2552
    0.0000   37.5000   22.500011184.1299   17.2642
    7.5000   37.5000   22.500010729.4434   17.2668
   -7.5000   45.0000   22.5000 9853.5283   16.8399
    0.0000   45.0000   22.500010218.7676   16.8521
    7.5000   45.0000   22.5000 9788.9824   16.8520
   -7.5000  -45.0000   30.0000 7900.3921   17.7933
    0.0000  -45.0000   30.0000 8262.4307   17.8006
    7.5000  -45.0000   30.0000 7941.8545   17.7934
   -7.5000  -37.5000   30.0000 8535.4766   17.7159
    0.0000  -37.5000   30.0000 8931.1484   17.7290
    7.5000  -37.5000   30.0000 8579.4541   17.7193
   -7.5000  -30.0000   30.0000 9451.8301   17.6752
    0.0000  -30.0000   30.0000 9893.6680   17.6915
    7.5000  -30.0000   30.0000 9503.3486   17.6833
   -7.5000  -22.5000   30.000010314.6426   17.6798
    0.0000  -22.5000   30.000010800.1094   17.6944
    7.5000  -22.5000   30.000010351.7725   17.6918
   -7.5000  -15.0000   30.000011065.5898   17.6851
    0.0000  -15.0000   30.000011581.0215   17.6936
    7.5000  -15.0000   30.000011103.3115   17.6928
   -7.5000   -7.5000   30.000011749.6240   17.6814
    0.0000   -7.5000   30.000012311.4355   17.6859
    7.5000   -7.5000   30.000011767.8076   17.6822
   -7.5000    0.0000   30.000012354.5010   17.6677
    0.0000    0.0000   30.000012913.3203   17.6750
    7.5000    0.0000   30.000012351.1924   17.6680
   -7.5000    7.5000   30.000012012.9346   17.6600
    0.0000    7.5000   30.000012545.3223   17.6729
    7.5000    7.5000   30.000012002.7246   17.6633
   -7.5000   15.0000   30.000011620.2051   17.6684
    0.0000   15.0000   30.000012102.4785   17.6847
    7.5000   15.0000   30.000011577.5693   17.6766
   -7.5000   22.5000   30.000011189.9141   17.6717
    0.0000   22.5000   30.000011637.6182   17.6862
    7.5000   22.5000   30.000011170.1123   17.6837
   -7.5000   30.0000   30.000010426.4219   17.4563
    0.0000   30.0000   30.000010818.4824   17.4646
    7.5000   30.0000   30.000010404.6572   17.4639
   -7.5000   37.5000   30.0000 9929.3809   17.4525
    0.0000   37.5000   30.000010320.5020   17.4570
    7.5000   37.5000   30.0000 9913.8271   17.4534
   -7.5000   45.0000   30.0000 9082.7285   17.0296
    0.0000   45.0000   30.0000 9426.7812   17.0366
    7.5000   45.0000   30.0000 9053.8506   17.0299
   -7.5000  -45.0000   37.5000 7432.2495   18.1779
    0.0000  -45.0000   37.5000 7786.3765   18.1845
    7.5000  -45.0000   37.5000 7485.6401   18.1769
   -7.5000  -37.5000   37.5000 8035.1670   18.1090
    0.0000  -37.5000   37.5000 8418.9609   18.1213
    7.5000  -37.5000   37.5000 8088.3882   18.1110
   -7.5000  -30.0000   37.5000 8903.2217   18.0708
    0.0000  -30.0000   37.5000 9336.1533   18.0872
    7.5000  -30.0000   37.5000 8966.3213   18.0773
   -7.5000  -22.5000   37.5000 9725.8818   18.0706
    0.0000  -22.5000   37.500010206.3750   18.0871
    7.5000  -22.5000   37.5000 9781.3057   18.0812
   -7.5000  -15.0000   37.500010465.8506   18.0673
    0.0000  -15.0000   37.500010959.7549   18.0780
    7.5000  -15.0000   37.500010518.5303   18.0739
   -7.5000   -7.5000   37.500011103.7168   18.0602
    0.0000   -7.5000   37.500011621.5801   18.0653
    7.5000   -7.5000   37.500011160.4492   18.0602
   -7.5000    0.0000   37.500011684.4287   18.0504
    0.0000    0.0000   37.500012207.9473   18.0570
    7.5000    0.0000   37.500011717.6201   18.0498
   -7.5000    7.5000   37.500011366.3984   18.0504
    0.0000    7.5000   37.500011874.3672   18.0626
    7.5000    7.5000   37.500011393.5625   18.0525
   -7.5000   15.0000   37.500011017.5771   18.0636
    0.0000   15.0000   37.500011487.6924   18.0800
    7.5000   15.0000   37.500011012.4043   18.0703
   -7.5000   22.5000   37.500010656.0498   18.0623
    0.0000   22.5000   37.500011103.6162   18.0788
    7.5000   22.5000   37.500010655.8555   18.0729
   -7.5000   30.0000   37.5000 9909.7422   17.8335
    0.0000   30.0000   37.500010330.8809   17.8441
    7.5000   30.0000   37.5000 9930.8477   17.8400
   -7.5000   37.5000   37.5000 9464.7988   17.8264
    0.0000   37.5000   37.5000 9864.0449   17.8315
    7.5000   37.5000   37.5000 9470.7715   17.8265
   -7.5000   45.0000   37.5000 8678.5166   17.3985
    0.0000   45.0000   37.5000 9029.2314   17.4049
    7.5000   45.0000   37.5000 8677.9629   17.3980
   -7.5000  -45.0000   45.0000 6688.0181   18.6910
    0.0000  -45.0000   45.0000 6996.9780   18.7100
    7.5000  -45.0000   45.0000 6724.8677   18.7160
   -7.5000  -37.5000   45.0000 7220.3472   18.6300
    0.0000  -37.5000   45.0000 7573.4736   18.6562
    7.5000  -37.5000   45.0000 7281.7422   18.6599
   -7.5000  -30.0000   45.0000 8016.1729   18.5933
    0.0000  -30.0000   45.0000 8400.2500   18.6232
    7.5000  -30.0000   45.0000 8100.7271   18.6256
   -7.5000  -22.5000   45.0000 8770.7178   18.5892
    0.0000  -22.5000   45.0000 9186.0107   18.6176
    7.5000  -22.5000   45.0000 8836.3857   18.6223
   -7.5000  -15.0000   45.0000 9477.0479   18.5775
    0.0000  -15.0000   45.0000 9911.2373   18.5993
    7.5000  -15.0000   45.0000 9525.1484   18.6058
   -7.5000   -7.5000   45.000010069.0889   18.5655
    0.0000   -7.5000   45.000010523.3232   18.5816
    7.5000   -7.5000   45.000010116.0820   18.5882
   -7.5000    0.0000   45.000010586.4902   18.5593
    0.0000    0.0000   45.000011047.7217   18.5781
    7.5000    0.0000   45.000010625.1533   18.5842
   -7.5000    7.5000   45.000010320.3438   18.5676
    0.0000    7.5000   45.000010741.0537   18.5936
    7.5000    7.5000   45.000010327.5254   18.5975
   -7.5000   15.0000   45.000010010.0332   18.5857
    0.0000   15.0000   45.000010401.5205   18.6155
    7.5000   15.0000   45.0000 9999.4688   18.6180
   -7.5000   22.5000   45.0000 9706.3730   18.5806
    0.0000   22.5000   45.000010100.6426   18.6090
    7.5000   22.5000   45.0000 9707.1562   18.6136
   -7.5000   30.0000   45.0000 9040.1094   18.3354
    0.0000   30.0000   45.0000 9424.8652   18.3570
    7.5000   30.0000   45.0000 9055.6201   18.3634
   -7.5000   37.5000   45.0000 8653.7568   18.3236
    0.0000   37.5000   45.0000 9008.0059   18.3395
    7.5000   37.5000   45.0000 8657.3057   18.3460
   -7.5000   45.0000   45.0000 7939.2339   17.8971
    0.0000   45.0000   45.0000 8272.4736   17.9153
    7.5000   45.0000   45.0000 7946.7056   17.9212

---------------------------------------------------------------------
imgreg_4dfp /opt/freesurfer/average/711-2C_as_mni_average_305 /opt/freesurfer/average/711-2B_as_mni_average_305_mask talsrcimg_g11 none talsrcimg_to_711-2C_as_mni_average_305_t4 4355
---------------------------------------------------------------------

freesurfer imgreg_4dfp.c
/opt/freesurfer/average/711-2C_as_mni_average_305.4dfp.img
       256       256       256         1
  1.000000  1.000000  1.000000
orientation T byte_order littleendian
Reading image: /opt/freesurfer/average/711-2C_as_mni_average_305.4dfp.img
dimensions:      256       256       256
mmppix:       1.0000   -1.0000   -1.0000
center:     128.0000 -129.0000 -129.0000
/opt/freesurfer/average/711-2B_as_mni_average_305_mask.4dfp.img
       256       256       256         1
  1.000000  1.000000  1.000000
orientation T byte_order littleendian
Reading mask: /opt/freesurfer/average/711-2B_as_mni_average_305_mask.4dfp.img (2306576 pixels)
talsrcimg_g11.4dfp.img
       256       256       256         1
  1.000000  1.000000  1.000000
orientation T byte_order littleendian
Reading image: talsrcimg_g11.4dfp.img
dimensions:      256       256       256
mmppix:       1.0000   -1.0000   -1.0000
center:     128.0000 -129.0000 -129.0000
rotation matrix determinant  1.000000
image alignment mode   4355 decimal     1103 hex
   -7.5000  -45.0000  -45.0000 1988.2047   16.5283
    0.0000  -45.0000  -45.0000 1992.3549   16.4024
    7.5000  -45.0000  -45.0000 1975.9320   16.6568
   -7.5000  -37.5000  -45.0000 2112.1594   14.8022
    0.0000  -37.5000  -45.0000 2121.0315   14.6857
    7.5000  -37.5000  -45.0000 2098.7932   14.8668
   -7.5000  -30.0000  -45.0000 2216.5225   13.4268
    0.0000  -30.0000  -45.0000 2225.8481   13.3311
    7.5000  -30.0000  -45.0000 2204.9114   13.4870
   -7.5000  -22.5000  -45.0000 2304.9377   12.4467
    0.0000  -22.5000  -45.0000 2316.8555   12.3527
    7.5000  -22.5000  -45.0000 2292.8962   12.4713
   -7.5000  -15.0000  -45.0000 2359.9133   11.7545
    0.0000  -15.0000  -45.0000 2371.3286   11.6469
    7.5000  -15.0000  -45.0000 2351.3721   11.7668
   -7.5000   -7.5000  -45.0000 2391.4939   11.2778
    0.0000   -7.5000  -45.0000 2407.4058   11.1817
    7.5000   -7.5000  -45.0000 2385.6550   11.2855
   -7.5000    0.0000  -45.0000 2412.7476   11.1116
    0.0000    0.0000  -45.0000 2430.8818   10.9806
    7.5000    0.0000  -45.0000 2405.4963   11.1003
   -7.5000    7.5000  -45.0000 2402.9517   11.2067
    0.0000    7.5000  -45.0000 2420.3137   11.0910
    7.5000    7.5000  -45.0000 2392.8606   11.2049
   -7.5000   15.0000  -45.0000 2369.1489   11.5519
    0.0000   15.0000  -45.0000 2389.5596   11.4105
    7.5000   15.0000  -45.0000 2361.8137   11.5466
   -7.5000   22.5000  -45.0000 2317.0476   12.1166
    0.0000   22.5000  -45.0000 2338.9387   11.9646
    7.5000   22.5000  -45.0000 2314.9673   12.1090
   -7.5000   30.0000  -45.0000 2237.4216   12.9279
    0.0000   30.0000  -45.0000 2262.7026   12.7638
    7.5000   30.0000  -45.0000 2237.5862   12.9132
   -7.5000   37.5000  -45.0000 2141.8149   14.0078
    0.0000   37.5000  -45.0000 2163.7810   13.8468
    7.5000   37.5000  -45.0000 2138.3877   14.0451
   -7.5000   45.0000  -45.0000 2022.0693   15.4729
    0.0000   45.0000  -45.0000 2041.2620   15.2909
    7.5000   45.0000  -45.0000 2019.9014   15.5046
   -7.5000  -45.0000  -37.5000 2043.9642   15.5757
    0.0000  -45.0000  -37.5000 2051.0952   15.4630
    7.5000  -45.0000  -37.5000 2030.1079   15.6564
   -7.5000  -37.5000  -37.5000 2171.2876   13.8660
    0.0000  -37.5000  -37.5000 2180.9919   13.7528
    7.5000  -37.5000  -37.5000 2159.9883   13.9495
   -7.5000  -30.0000  -37.5000 2284.2878   12.5575
    0.0000  -30.0000  -37.5000 2293.8479   12.4559
    7.5000  -30.0000  -37.5000 2269.3257   12.6207
   -7.5000  -22.5000  -37.5000 2382.2297   11.6075
    0.0000  -22.5000  -37.5000 2394.9136   11.5128
    7.5000  -22.5000  -37.5000 2368.8347   11.6600
   -7.5000  -15.0000  -37.5000 2445.1838   10.9178
    0.0000  -15.0000  -37.5000 2458.8965   10.8357
    7.5000  -15.0000  -37.5000 2432.6919   10.9648
   -7.5000   -7.5000  -37.5000 2484.1514   10.4826
    0.0000   -7.5000  -37.5000 2501.2344   10.4084
    7.5000   -7.5000  -37.5000 2476.0500   10.5312
   -7.5000    0.0000  -37.5000 2508.8630   10.3390
    0.0000    0.0000  -37.5000 2531.1685   10.2280
    7.5000    0.0000  -37.5000 2499.6108   10.3611
   -7.5000    7.5000  -37.5000 2501.6675   10.4718
    0.0000    7.5000  -37.5000 2529.2412   10.3599
    7.5000    7.5000  -37.5000 2496.2583   10.4598
   -7.5000   15.0000  -37.5000 2467.2710   10.8173
    0.0000   15.0000  -37.5000 2495.6621   10.6993
    7.5000   15.0000  -37.5000 2463.6982   10.7994
   -7.5000   22.5000  -37.5000 2409.8748   11.3859
    0.0000   22.5000  -37.5000 2435.5781   11.2509
    7.5000   22.5000  -37.5000 2406.9553   11.3552
   -7.5000   30.0000  -37.5000 2326.1892   12.1482
    0.0000   30.0000  -37.5000 2353.7434   11.9932
    7.5000   30.0000  -37.5000 2324.4805   12.1134
   -7.5000   37.5000  -37.5000 2219.3962   13.1618
    0.0000   37.5000  -37.5000 2242.9036   13.0140
    7.5000   37.5000  -37.5000 2217.5000   13.1499
   -7.5000   45.0000  -37.5000 2089.9417   14.5518
    0.0000   45.0000  -37.5000 2112.5422   14.3895
    7.5000   45.0000  -37.5000 2089.1514   14.5547
   -7.5000  -45.0000  -30.0000 2128.3462   15.2493
    0.0000  -45.0000  -30.0000 2139.9714   15.1295
    7.5000  -45.0000  -30.0000 2118.1487   15.3708
   -7.5000  -37.5000  -30.0000 2262.0681   13.5418
    0.0000  -37.5000  -30.0000 2273.3638   13.4270
    7.5000  -37.5000  -30.0000 2250.2893   13.6607
   -7.5000  -30.0000  -30.0000 2382.2961   12.2436
    0.0000  -30.0000  -30.0000 2393.4119   12.1272
    7.5000  -30.0000  -30.0000 2369.0994   12.3439
   -7.5000  -22.5000  -30.0000 2494.2305   11.2818
    0.0000  -22.5000  -30.0000 2506.0261   11.1840
    7.5000  -22.5000  -30.0000 2479.0623   11.3494
   -7.5000  -15.0000  -30.0000 2569.6372   10.6008
    0.0000  -15.0000  -30.0000 2587.5725   10.5098
    7.5000  -15.0000  -30.0000 2558.7329   10.6435
   -7.5000   -7.5000  -30.0000 2622.8230   10.1626
    0.0000   -7.5000  -30.0000 2646.1218   10.0615
    7.5000   -7.5000  -30.0000 2616.5674   10.2013
   -7.5000    0.0000  -30.0000 2650.4021   10.0221
    0.0000    0.0000  -30.0000 2680.5537    9.9044
    7.5000    0.0000  -30.0000 2645.2878   10.0470
   -7.5000    7.5000  -30.0000 2647.2100   10.1677
    0.0000    7.5000  -30.0000 2684.4050   10.0603
    7.5000    7.5000  -30.0000 2648.3694   10.1565
   -7.5000   15.0000  -30.0000 2613.0754   10.5316
    0.0000   15.0000  -30.0000 2646.4849   10.4345
    7.5000   15.0000  -30.0000 2613.6814   10.5127
   -7.5000   22.5000  -30.0000 2547.7314   11.1029
    0.0000   22.5000  -30.0000 2576.2312   10.9770
    7.5000   22.5000  -30.0000 2543.3208   11.0706
   -7.5000   30.0000  -30.0000 2450.6611   11.8714
    0.0000   30.0000  -30.0000 2480.1416   11.7317
    7.5000   30.0000  -30.0000 2449.4272   11.8318
   -7.5000   37.5000  -30.0000 2334.9705   12.8449
    0.0000   37.5000  -30.0000 2356.6929   12.7135
    7.5000   37.5000  -30.0000 2330.1355   12.8530
   -7.5000   45.0000  -30.0000 2194.8892   14.1991
    0.0000   45.0000  -30.0000 2217.2563   14.0817
    7.5000   45.0000  -30.0000 2193.7095   14.2303
   -7.5000  -45.0000  -22.5000 2180.4443   14.9432
    0.0000  -45.0000  -22.5000 2194.7869   14.7994
    7.5000  -45.0000  -22.5000 2175.4133   15.0502
   -7.5000  -37.5000  -22.5000 2316.5232   13.2497
    0.0000  -37.5000  -22.5000 2326.0896   13.0935
    7.5000  -37.5000  -22.5000 2307.8000   13.3402
   -7.5000  -30.0000  -22.5000 2442.7839   11.9451
    0.0000  -30.0000  -22.5000 2455.7585   11.7997
    7.5000  -30.0000  -22.5000 2432.4172   12.0168
   -7.5000  -22.5000  -22.5000 2562.2864   10.9678
    0.0000  -22.5000  -22.5000 2575.8755   10.8458
    7.5000  -22.5000  -22.5000 2553.8250   11.0440
   -7.5000  -15.0000  -22.5000 2657.6013   10.2654
    0.0000  -15.0000  -22.5000 2677.7280   10.1383
    7.5000  -15.0000  -22.5000 2651.0432   10.3130
   -7.5000   -7.5000  -22.5000 2730.6584    9.8615
    0.0000   -7.5000  -22.5000 2759.4106    9.7242
    7.5000   -7.5000  -22.5000 2726.1875    9.8751
   -7.5000    0.0000  -22.5000 2770.1982    9.7167
    0.0000    0.0000  -22.5000 2802.5347    9.5942
    7.5000    0.0000  -22.5000 2767.6543    9.7215
   -7.5000    7.5000  -22.5000 2774.6555    9.8626
    0.0000    7.5000  -22.5000 2817.9734    9.7582
    7.5000    7.5000  -22.5000 2775.2585    9.8488
   -7.5000   15.0000  -22.5000 2729.2188   10.2402
    0.0000   15.0000  -22.5000 2765.3909   10.1391
    7.5000   15.0000  -22.5000 2730.4646   10.2395
   -7.5000   22.5000  -22.5000 2648.7949   10.7848
    0.0000   22.5000  -22.5000 2679.5288   10.6860
    7.5000   22.5000  -22.5000 2648.3430   10.7773
   -7.5000   30.0000  -22.5000 2539.1914   11.5251
    0.0000   30.0000  -22.5000 2565.9417   11.4141
    7.5000   30.0000  -22.5000 2536.1575   11.5114
   -7.5000   37.5000  -22.5000 2409.4224   12.5096
    0.0000   37.5000  -22.5000 2428.4944   12.3994
    7.5000   37.5000  -22.5000 2406.9517   12.5116
   -7.5000   45.0000  -22.5000 2259.9346   13.8350
    0.0000   45.0000  -22.5000 2282.5747   13.7275
    7.5000   45.0000  -22.5000 2261.0349   13.8659
   -7.5000  -45.0000  -15.0000 2203.8701   14.7217
    0.0000  -45.0000  -15.0000 2219.3145   14.5444
    7.5000  -45.0000  -15.0000 2199.7715   14.7920
   -7.5000  -37.5000  -15.0000 2341.9443   13.0098
    0.0000  -37.5000  -15.0000 2352.6260   12.8291
    7.5000  -37.5000  -15.0000 2331.0798   13.0596
   -7.5000  -30.0000  -15.0000 2468.8904   11.7056
    0.0000  -30.0000  -15.0000 2486.3098   11.5205
    7.5000  -30.0000  -15.0000 2461.7627   11.7282
   -7.5000  -22.5000  -15.0000 2595.8071   10.7098
    0.0000  -22.5000  -15.0000 2613.5562   10.5399
    7.5000  -22.5000  -15.0000 2589.4570   10.7515
   -7.5000  -15.0000  -15.0000 2702.4465   10.0128
    0.0000  -15.0000  -15.0000 2728.1152    9.8329
    7.5000  -15.0000  -15.0000 2701.5811   10.0419
   -7.5000   -7.5000  -15.0000 2796.3818    9.6171
    0.0000   -7.5000  -15.0000 2834.1917    9.4418
    7.5000   -7.5000  -15.0000 2797.2356    9.6161
   -7.5000    0.0000  -15.0000 2859.4485    9.4561
    0.0000    0.0000  -15.0000 2905.2434    9.3005
    7.5000    0.0000  -15.0000 2857.2410    9.4526
   -7.5000    7.5000  -15.0000 2868.5764    9.6150
    0.0000    7.5000  -15.0000 2919.1318    9.4828
    7.5000    7.5000  -15.0000 2872.1519    9.5865
   -7.5000   15.0000  -15.0000 2804.7590   10.0078
    0.0000   15.0000  -15.0000 2845.7424    9.9136
    7.5000   15.0000  -15.0000 2810.6248   10.0119
   -7.5000   22.5000  -15.0000 2702.5259   10.5132
    0.0000   22.5000  -15.0000 2739.2505   10.4328
    7.5000   22.5000  -15.0000 2709.3743   10.5221
   -7.5000   30.0000  -15.0000 2584.0737   11.2190
    0.0000   30.0000  -15.0000 2610.9812   11.1196
    7.5000   30.0000  -15.0000 2584.3103   11.2255
   -7.5000   37.5000  -15.0000 2443.5891   12.1897
    0.0000   37.5000  -15.0000 2466.1414   12.1000
    7.5000   37.5000  -15.0000 2443.8716   12.2164
   -7.5000   45.0000  -15.0000 2292.2532   13.4885
    0.0000   45.0000  -15.0000 2314.0393   13.4064
    7.5000   45.0000  -15.0000 2295.3040   13.5506
   -7.5000  -45.0000   -7.5000 2212.1843   14.5749
    0.0000  -45.0000   -7.5000 2230.4265   14.3457
    7.5000  -45.0000   -7.5000 2208.9167   14.6277
   -7.5000  -37.5000   -7.5000 2347.3413   12.8578
    0.0000  -37.5000   -7.5000 2363.5120   12.6327
    7.5000  -37.5000   -7.5000 2340.9331   12.8910
   -7.5000  -30.0000   -7.5000 2476.1118   11.5546
    0.0000  -30.0000   -7.5000 2494.4873   11.3403
    7.5000  -30.0000   -7.5000 2468.9299   11.5636
   -7.5000  -22.5000   -7.5000 2603.9729   10.5571
    0.0000  -22.5000   -7.5000 2623.0774   10.3690
    7.5000  -22.5000   -7.5000 2598.8967   10.5831
   -7.5000  -15.0000   -7.5000 2717.8088    9.8519
    0.0000  -15.0000   -7.5000 2745.4851    9.6655
    7.5000  -15.0000   -7.5000 2717.4497    9.8643
   -7.5000   -7.5000   -7.5000 2824.3367    9.4382
    0.0000   -7.5000   -7.5000 2865.3955    9.2606
    7.5000   -7.5000   -7.5000 2826.4749    9.4307
   -7.5000    0.0000   -7.5000 2899.4907    9.2565
    0.0000    0.0000   -7.5000 2947.9185    9.0725
    7.5000    0.0000   -7.5000 2898.3286    9.2567
   -7.5000    7.5000   -7.5000 2919.4563    9.3811
    0.0000    7.5000   -7.5000 2970.5168    9.2650
    7.5000    7.5000   -7.5000 2916.0654    9.3971
   -7.5000   15.0000   -7.5000 2840.8970    9.8070
    0.0000   15.0000   -7.5000 2883.3657    9.7239
    7.5000   15.0000   -7.5000 2844.9648    9.8415
   -7.5000   22.5000   -7.5000 2727.0325   10.3157
    0.0000   22.5000   -7.5000 2761.3301   10.2327
    7.5000   22.5000   -7.5000 2730.5625   10.3508
   -7.5000   30.0000   -7.5000 2594.3137   11.0023
    0.0000   30.0000   -7.5000 2622.8311   10.8983
    7.5000   30.0000   -7.5000 2596.4106   11.0221
   -7.5000   37.5000   -7.5000 2447.9585   11.9606
    0.0000   37.5000   -7.5000 2471.1436   11.8595
    7.5000   37.5000   -7.5000 2449.7642   11.9942
   -7.5000   45.0000   -7.5000 2297.1340   13.2385
    0.0000   45.0000   -7.5000 2319.0762   13.1424
    7.5000   45.0000   -7.5000 2298.2185   13.3002
   -7.5000  -45.0000    0.0000 2206.0813   14.6494
    0.0000  -45.0000    0.0000 2228.2263   14.4084
    7.5000  -45.0000    0.0000 2205.3213   14.6617
   -7.5000  -37.5000    0.0000 2339.2842   12.9152
    0.0000  -37.5000    0.0000 2363.4243   12.7067
    7.5000  -37.5000    0.0000 2339.0359   12.9310
   -7.5000  -30.0000    0.0000 2466.2380   11.5878
    0.0000  -30.0000    0.0000 2490.1541   11.4031
    7.5000  -30.0000    0.0000 2464.6470   11.6166
   -7.5000  -22.5000    0.0000 2592.9487   10.5965
    0.0000  -22.5000    0.0000 2618.9028   10.4067
    7.5000  -22.5000    0.0000 2593.0684   10.6338
   -7.5000  -15.0000    0.0000 2707.5310    9.8891
    0.0000  -15.0000    0.0000 2739.7761    9.7117
    7.5000  -15.0000    0.0000 2711.8943    9.9173
   -7.5000   -7.5000    0.0000 2806.4263    9.4654
    0.0000   -7.5000    0.0000 2852.1086    9.2636
    7.5000   -7.5000    0.0000 2815.9824    9.4686
   -7.5000    0.0000    0.0000 2879.6836    9.3073
    0.0000    0.0000    0.0000 2922.8586    9.1231
    7.5000    0.0000    0.0000 2883.7300    9.3023
   -7.5000    7.5000    0.0000 2897.9321    9.4202
    0.0000    7.5000    0.0000 2943.9456    9.2807
    7.5000    7.5000    0.0000 2896.2732    9.4402
   -7.5000   15.0000    0.0000 2829.7600    9.8007
    0.0000   15.0000    0.0000 2872.5527    9.6729
    7.5000   15.0000    0.0000 2835.4895    9.8103
   -7.5000   22.5000    0.0000 2719.2231   10.2902
    0.0000   22.5000    0.0000 2752.8274   10.1751
    7.5000   22.5000    0.0000 2721.1257   10.3134
   -7.5000   30.0000    0.0000 2583.3635   10.9758
    0.0000   30.0000    0.0000 2613.4219   10.8658
    7.5000   30.0000    0.0000 2586.3396   11.0191
   -7.5000   37.5000    0.0000 2438.7202   11.9102
    0.0000   37.5000    0.0000 2462.5137   11.8018
    7.5000   37.5000    0.0000 2441.7961   11.9757
   -7.5000   45.0000    0.0000 2284.2100   13.1546
    0.0000   45.0000    0.0000 2307.5103   13.0440
    7.5000   45.0000    0.0000 2286.7783   13.2421
   -7.5000  -45.0000    7.5000 2187.8118   14.9752
    0.0000  -45.0000    7.5000 2209.8840   14.7200
    7.5000  -45.0000    7.5000 2188.4519   14.9475
   -7.5000  -37.5000    7.5000 2321.1953   13.1872
    0.0000  -37.5000    7.5000 2348.8357   12.9919
    7.5000  -37.5000    7.5000 2326.1013   13.1928
   -7.5000  -30.0000    7.5000 2445.1782   11.8707
    0.0000  -30.0000    7.5000 2474.4326   11.6826
    7.5000  -30.0000    7.5000 2449.9019   11.8984
   -7.5000  -22.5000    7.5000 2566.8665   10.8906
    0.0000  -22.5000    7.5000 2599.1960   10.7052
    7.5000  -22.5000    7.5000 2574.7996   10.9188
   -7.5000  -15.0000    7.5000 2673.4370   10.1774
    0.0000  -15.0000    7.5000 2707.7144   10.0197
    7.5000  -15.0000    7.5000 2684.3110   10.2129
   -7.5000   -7.5000    7.5000 2761.2861    9.7521
    0.0000   -7.5000    7.5000 2800.6499    9.5618
    7.5000   -7.5000    7.5000 2773.0679    9.7701
   -7.5000    0.0000    7.5000 2816.3835    9.5777
    0.0000    0.0000    7.5000 2851.7539    9.4093
    7.5000    0.0000    7.5000 2825.6140    9.5855
   -7.5000    7.5000    7.5000 2824.9382    9.6555
    0.0000    7.5000    7.5000 2861.9443    9.5078
    7.5000    7.5000    7.5000 2830.5264    9.6641
   -7.5000   15.0000    7.5000 2766.9399    9.9929
    0.0000   15.0000    7.5000 2806.8877    9.8386
    7.5000   15.0000    7.5000 2777.5640    9.9824
   -7.5000   22.5000    7.5000 2672.7522   10.5046
    0.0000   22.5000    7.5000 2705.7322   10.3647
    7.5000   22.5000    7.5000 2679.1421   10.5069
   -7.5000   30.0000    7.5000 2550.4153   11.1896
    0.0000   30.0000    7.5000 2577.5188   11.0578
    7.5000   30.0000    7.5000 2553.6978   11.2020
   -7.5000   37.5000    7.5000 2412.6396   12.1026
    0.0000   37.5000    7.5000 2440.8564   11.9618
    7.5000   37.5000    7.5000 2419.2043   12.1311
   -7.5000   45.0000    7.5000 2261.8394   13.3121
    0.0000   45.0000    7.5000 2285.9788   13.1564
    7.5000   45.0000    7.5000 2270.0366   13.3557
   -7.5000  -45.0000   15.0000 2151.4287   15.5019
    0.0000  -45.0000   15.0000 2173.8774   15.2155
    7.5000  -45.0000   15.0000 2157.8928   15.4642
   -7.5000  -37.5000   15.0000 2285.4846   13.7246
    0.0000  -37.5000   15.0000 2313.4871   13.4870
    7.5000  -37.5000   15.0000 2296.0400   13.6960
   -7.5000  -30.0000   15.0000 2407.6536   12.4039
    0.0000  -30.0000   15.0000 2437.0708   12.2114
    7.5000  -30.0000   15.0000 2418.7915   12.4072
   -7.5000  -22.5000   15.0000 2518.2114   11.4074
    0.0000  -22.5000   15.0000 2554.1677   11.2473
    7.5000  -22.5000   15.0000 2536.1187   11.4271
   -7.5000  -15.0000   15.0000 2615.7078   10.7184
    0.0000  -15.0000   15.0000 2653.3259   10.5716
    7.5000  -15.0000   15.0000 2634.0015   10.7408
   -7.5000   -7.5000   15.0000 2692.7329   10.2676
    0.0000   -7.5000   15.0000 2731.8240   10.1209
    7.5000   -7.5000   15.0000 2705.5103   10.2695
   -7.5000    0.0000   15.0000 2731.4805   10.0679
    0.0000    0.0000   15.0000 2767.7271    9.9139
    7.5000    0.0000   15.0000 2743.9902   10.0714
   -7.5000    7.5000   15.0000 2732.1677   10.0811
    0.0000    7.5000   15.0000 2765.2197    9.9617
    7.5000    7.5000   15.0000 2742.5261   10.0952
   -7.5000   15.0000   15.0000 2682.0859   10.3804
    0.0000   15.0000   15.0000 2713.5234   10.2452
    7.5000   15.0000   15.0000 2690.3918   10.3789
   -7.5000   22.5000   15.0000 2596.8618   10.8937
    0.0000   22.5000   15.0000 2627.3044   10.7372
    7.5000   22.5000   15.0000 2606.7773   10.8711
   -7.5000   30.0000   15.0000 2483.9854   11.6063
    0.0000   30.0000   15.0000 2512.9058   11.4591
    7.5000   30.0000   15.0000 2491.6992   11.5733
   -7.5000   37.5000   15.0000 2363.8069   12.4901
    0.0000   37.5000   15.0000 2390.7234   12.3328
    7.5000   37.5000   15.0000 2371.2512   12.4931
   -7.5000   45.0000   15.0000 2225.6135   13.6547
    0.0000   45.0000   15.0000 2249.4980   13.5032
    7.5000   45.0000   15.0000 2229.6797   13.6929
   -7.5000  -45.0000   22.5000 2106.2969   16.3209
    0.0000  -45.0000   22.5000 2127.0603   16.0289
    7.5000  -45.0000   22.5000 2118.9922   16.2777
   -7.5000  -37.5000   22.5000 2235.0212   14.4608
    0.0000  -37.5000   22.5000 2262.7854   14.2559
    7.5000  -37.5000   22.5000 2253.1042   14.4636
   -7.5000  -30.0000   22.5000 2351.4497   13.1317
    0.0000  -30.0000   22.5000 2382.9385   12.9665
    7.5000  -30.0000   22.5000 2370.0886   13.1406
   -7.5000  -22.5000   22.5000 2457.1643   12.1420
    0.0000  -22.5000   22.5000 2492.2808   12.0031
    7.5000  -22.5000   22.5000 2476.9963   12.1654
   -7.5000  -15.0000   22.5000 2547.5564   11.4221
    0.0000  -15.0000   22.5000 2583.5640   11.2844
    7.5000  -15.0000   22.5000 2565.5854   11.4386
   -7.5000   -7.5000   22.5000 2610.3093   10.9430
    0.0000   -7.5000   22.5000 2647.0823   10.8180
    7.5000   -7.5000   22.5000 2627.4180   10.9362
   -7.5000    0.0000   22.5000 2637.6887   10.7287
    0.0000    0.0000   22.5000 2673.1873   10.6028
    7.5000    0.0000   22.5000 2653.6548   10.7310
   -7.5000    7.5000   22.5000 2631.4692   10.7224
    0.0000    7.5000   22.5000 2659.5554   10.6159
    7.5000    7.5000   22.5000 2643.2175   10.7308
   -7.5000   15.0000   22.5000 2583.2971   10.9726
    0.0000   15.0000   22.5000 2608.7751   10.8502
    7.5000   15.0000   22.5000 2593.2756   10.9852
   -7.5000   22.5000   22.5000 2507.2917   11.4416
    0.0000   22.5000   22.5000 2534.9023   11.3105
    7.5000   22.5000   22.5000 2520.3428   11.4475
   -7.5000   30.0000   22.5000 2408.3000   12.1344
    0.0000   30.0000   22.5000 2433.6741   11.9922
    7.5000   30.0000   22.5000 2417.7200   12.1249
   -7.5000   37.5000   22.5000 2297.5889   13.0066
    0.0000   37.5000   22.5000 2322.5281   12.8555
    7.5000   37.5000   22.5000 2305.9749   13.0148
   -7.5000   45.0000   22.5000 2171.3284   14.1808
    0.0000   45.0000   22.5000 2190.7695   14.0186
    7.5000   45.0000   22.5000 2175.8687   14.1933
   -7.5000  -45.0000   30.0000 2048.8293   17.4785
    0.0000  -45.0000   30.0000 2065.4062   17.1879
    7.5000  -45.0000   30.0000 2058.5679   17.4198
   -7.5000  -37.5000   30.0000 2174.3816   15.5415
    0.0000  -37.5000   30.0000 2199.5361   15.3336
    7.5000  -37.5000   30.0000 2191.5278   15.5142
   -7.5000  -30.0000   30.0000 2285.1687   14.1097
    0.0000  -30.0000   30.0000 2312.6777   13.9497
    7.5000  -30.0000   30.0000 2306.2368   14.1046
   -7.5000  -22.5000   30.0000 2386.3274   13.0498
    0.0000  -22.5000   30.0000 2415.9380   12.9328
    7.5000  -22.5000   30.0000 2404.7371   13.0716
   -7.5000  -15.0000   30.0000 2465.4036   12.2865
    0.0000  -15.0000   30.0000 2497.4175   12.1617
    7.5000  -15.0000   30.0000 2483.5356   12.3066
   -7.5000   -7.5000   30.0000 2519.6531   11.7949
    0.0000   -7.5000   30.0000 2551.8147   11.6759
    7.5000   -7.5000   30.0000 2537.3411   11.7856
   -7.5000    0.0000   30.0000 2536.5242   11.5668
    0.0000    0.0000   30.0000 2565.6426   11.4327
    7.5000    0.0000   30.0000 2551.2400   11.5445
   -7.5000    7.5000   30.0000 2521.7358   11.5461
    0.0000    7.5000   30.0000 2549.1680   11.4224
    7.5000    7.5000   30.0000 2534.1536   11.5311
   -7.5000   15.0000   30.0000 2478.5454   11.7447
    0.0000   15.0000   30.0000 2502.4651   11.6296
    7.5000   15.0000   30.0000 2484.0457   11.7387
   -7.5000   22.5000   30.0000 2413.8933   12.2019
    0.0000   22.5000   30.0000 2435.7341   12.0696
    7.5000   22.5000   30.0000 2427.4749   12.1964
   -7.5000   30.0000   30.0000 2330.8462   12.8592
    0.0000   30.0000   30.0000 2348.6389   12.7317
    7.5000   30.0000   30.0000 2340.2859   12.8570
   -7.5000   37.5000   30.0000 2223.6077   13.7041
    0.0000   37.5000   30.0000 2248.2246   13.5418
    7.5000   37.5000   30.0000 2237.4980   13.7079
   -7.5000   45.0000   30.0000 2098.7361   14.8617
    0.0000   45.0000   30.0000 2121.6748   14.6851
    7.5000   45.0000   30.0000 2111.6501   14.8672
   -7.5000  -45.0000   37.5000 1980.8636   18.9583
    0.0000  -45.0000   37.5000 1997.9407   18.6311
    7.5000  -45.0000   37.5000 1990.6240   18.8649
   -7.5000  -37.5000   37.5000 2101.7275   16.8957
    0.0000  -37.5000   37.5000 2126.8306   16.6653
    7.5000  -37.5000   37.5000 2117.9297   16.8468
   -7.5000  -30.0000   37.5000 2206.4351   15.3519
    0.0000  -30.0000   37.5000 2234.1658   15.1678
    7.5000  -30.0000   37.5000 2229.0283   15.3121
   -7.5000  -22.5000   37.5000 2301.4900   14.1856
    0.0000  -22.5000   37.5000 2333.0972   14.0606
    7.5000  -22.5000   37.5000 2324.7078   14.1916
   -7.5000  -15.0000   37.5000 2374.3914   13.3646
    0.0000  -15.0000   37.5000 2404.9128   13.2382
    7.5000  -15.0000   37.5000 2398.4685   13.3703
   -7.5000   -7.5000   37.5000 2416.8281   12.8303
    0.0000   -7.5000   37.5000 2444.3413   12.6946
    7.5000   -7.5000   37.5000 2440.1772   12.8209
   -7.5000    0.0000   37.5000 2428.2715   12.5879
    0.0000    0.0000   37.5000 2454.1003   12.4385
    7.5000    0.0000   37.5000 2446.1326   12.5666
   -7.5000    7.5000   37.5000 2413.1924   12.5378
    0.0000    7.5000   37.5000 2439.2280   12.3938
    7.5000    7.5000   37.5000 2426.0498   12.5399
   -7.5000   15.0000   37.5000 2377.8110   12.6905
    0.0000   15.0000   37.5000 2399.3857   12.5623
    7.5000   15.0000   37.5000 2384.7520   12.7059
   -7.5000   22.5000   37.5000 2321.0845   13.1535
    0.0000   22.5000   37.5000 2342.4714   13.0058
    7.5000   22.5000   37.5000 2333.9624   13.1489
   -7.5000   30.0000   37.5000 2240.2043   13.7913
    0.0000   30.0000   37.5000 2262.3838   13.6430
    7.5000   30.0000   37.5000 2251.7930   13.7775
   -7.5000   37.5000   37.5000 2145.9460   14.6342
    0.0000   37.5000   37.5000 2167.3062   14.4471
    7.5000   37.5000   37.5000 2154.7200   14.6092
   -7.5000   45.0000   37.5000 2027.8657   15.8149
    0.0000   45.0000   37.5000 2048.0779   15.6002
    7.5000   45.0000   37.5000 2038.3344   15.7745
   -7.5000  -45.0000   45.0000 1901.2372   20.7585
    0.0000  -45.0000   45.0000 1915.3400   20.4433
    7.5000  -45.0000   45.0000 1907.8369   20.6911
   -7.5000  -37.5000   45.0000 2015.7161   18.5260
    0.0000  -37.5000   45.0000 2040.8604   18.2614
    7.5000  -37.5000   45.0000 2033.3547   18.4769
   -7.5000  -30.0000   45.0000 2118.5811   16.8347
    0.0000  -30.0000   45.0000 2146.0303   16.6616
    7.5000  -30.0000   45.0000 2142.6382   16.8560
   -7.5000  -22.5000   45.0000 2206.6130   15.5766
    0.0000  -22.5000   45.0000 2233.5942   15.4136
    7.5000  -22.5000   45.0000 2227.6970   15.6049
   -7.5000  -15.0000   45.0000 2275.7800   14.6876
    0.0000  -15.0000   45.0000 2303.5977   14.5356
    7.5000  -15.0000   45.0000 2294.2729   14.6888
   -7.5000   -7.5000   45.0000 2312.1528   14.1220
    0.0000   -7.5000   45.0000 2339.8701   13.9485
    7.5000   -7.5000   45.0000 2330.5996   14.0913
   -7.5000    0.0000   45.0000 2317.9387   13.8395
    0.0000    0.0000   45.0000 2343.2405   13.6508
    7.5000    0.0000   45.0000 2335.4971   13.7965
   -7.5000    7.5000   45.0000 2305.1333   13.7354
    0.0000    7.5000   45.0000 2325.3933   13.5551
    7.5000    7.5000   45.0000 2318.3364   13.7153
   -7.5000   15.0000   45.0000 2276.4746   13.8356
    0.0000   15.0000   45.0000 2293.2893   13.6743
    7.5000   15.0000   45.0000 2285.1062   13.8287
   -7.5000   22.5000   45.0000 2222.0212   14.3112
    0.0000   22.5000   45.0000 2242.4983   14.1366
    7.5000   22.5000   45.0000 2234.5388   14.2883
   -7.5000   30.0000   45.0000 2145.3313   14.9540
    0.0000   30.0000   45.0000 2166.5715   14.7756
    7.5000   30.0000   45.0000 2157.5059   14.9345
   -7.5000   37.5000   45.0000 2056.5647   15.8361
    0.0000   37.5000   45.0000 2072.5332   15.6128
    7.5000   37.5000   45.0000 2064.0190   15.7927
   -7.5000   45.0000   45.0000 1942.3944   17.0586
    0.0000   45.0000   45.0000 1960.0665   16.7935
    7.5000   45.0000   45.0000 1951.9100   16.9933

---------------------------------------------------------------------
imgreg_4dfp /opt/freesurfer/average/711-2C_as_mni_average_305 /opt/freesurfer/average/711-2B_as_mni_average_305_mask talsrcimg_g11 none talsrcimg_to_711-2C_as_mni_average_305_t4 1283
---------------------------------------------------------------------

freesurfer imgreg_4dfp.c
/opt/freesurfer/average/711-2C_as_mni_average_305.4dfp.img
       256       256       256         1
  1.000000  1.000000  1.000000
orientation T byte_order littleendian
Reading image: /opt/freesurfer/average/711-2C_as_mni_average_305.4dfp.img
dimensions:      256       256       256
mmppix:       1.0000   -1.0000   -1.0000
center:     128.0000 -129.0000 -129.0000
/opt/freesurfer/average/711-2B_as_mni_average_305_mask.4dfp.img
       256       256       256         1
  1.000000  1.000000  1.000000
orientation T byte_order littleendian
Reading mask: /opt/freesurfer/average/711-2B_as_mni_average_305_mask.4dfp.img (2306576 pixels)
talsrcimg_g11.4dfp.img
       256       256       256         1
  1.000000  1.000000  1.000000
orientation T byte_order littleendian
Reading image: talsrcimg_g11.4dfp.img
dimensions:      256       256       256
mmppix:       1.0000   -1.0000   -1.0000
center:     128.0000 -129.0000 -129.0000
rotation matrix determinant  1.000000
fimgreg.f
image alignment mode   1283 decimal      503 hex
parameters
    0.0000    7.5000   -7.5000    0.0000    0.0000    0.0000
eta,q 0.93299  9.23636
niter,ni,del,rscale     5    3   12.0000    1.2000
parameter  2  0.523233 ->  0.500000 qaram    1.1500
parameter  5  0.795590 ->  0.500000 qaram    1.1500
parameters
   -0.2508    4.0500   -7.1322    1.0245   -3.4500   -1.3945
eta,q 0.93555  9.06218
  0.0771  0.0692  0.0763  0.0745  0.0654  0.0669
  0.0724  0.0668  0.0712  0.0724  0.0647  0.0650
  0.0701  0.0674  0.0678  0.0687  0.0654  0.0644
  0.0697  0.0694  0.0670  0.0672  0.0669  0.0648
  0.0701  0.0733  0.0678  0.0671  0.0685  0.0658
  0.0727  0.0785  0.0698  0.0687  0.0704  0.0676
  0.0792  0.0859  0.0742  0.0714  0.0732  0.0703
niter,ni,del,rscale     6    3   12.0000    1.2000
parameters
    0.7055    4.0260   -6.6000    0.7948   -3.8788   -1.1453
eta,q 0.93589  9.04570
  0.0771  0.0779  0.0736  0.0701  0.0693  0.0686
  0.0699  0.0717  0.0691  0.0674  0.0668  0.0661
  0.0662  0.0661  0.0658  0.0645  0.0650  0.0644
  0.0645  0.0643  0.0643  0.0642  0.0641  0.0641
  0.0645  0.0661  0.0644  0.0656  0.0654  0.0645
  0.0662  0.0716  0.0667  0.0680  0.0679  0.0656
  0.0707  0.0782  0.0712  0.0708  0.0705  0.0678
niter,ni,del,rscale     5    3   12.0000    1.2000
parameters
    0.6832    4.1245   -6.6784    0.6997   -3.9539   -1.2004
eta,q 0.93591  9.04629
  0.0739  0.0779  0.0718  0.0701  0.0698  0.0682
  0.0683  0.0718  0.0678  0.0676  0.0670  0.0658
  0.0650  0.0661  0.0652  0.0646  0.0652  0.0642
  0.0641  0.0641  0.0641  0.0641  0.0641  0.0641
  0.0651  0.0657  0.0648  0.0655  0.0650  0.0646
  0.0680  0.0709  0.0676  0.0677  0.0674  0.0659
  0.0743  0.0775  0.0727  0.0703  0.0700  0.0683
niter,ni,del,rscale     4    3   12.0000    1.2000
parameters
    0.7158    4.1609   -6.7164    0.6326   -3.9564   -1.2147
eta,q 0.93591  9.04625
  0.0741  0.0777  0.0718  0.0700  0.0699  0.0683
  0.0684  0.0716  0.0678  0.0677  0.0671  0.0658
  0.0650  0.0660  0.0653  0.0647  0.0653  0.0643
  0.0641  0.0641  0.0641  0.0641  0.0641  0.0641
  0.0650  0.0658  0.0647  0.0654  0.0649  0.0646
  0.0679  0.0711  0.0675  0.0676  0.0673  0.0659
  0.0741  0.0776  0.0725  0.0702  0.0699  0.0682
niter,ni,del,rscale     3    3   12.0000    1.2000
parameters
    0.7230    4.1867   -6.7382    0.5917   -3.9519   -1.2219
eta,q 0.93592  9.04641
  0.0740  0.0776  0.0719  0.0700  0.0699  0.0683
  0.0683  0.0716  0.0679  0.0678  0.0671  0.0659
  0.0650  0.0660  0.0653  0.0647  0.0653  0.0643
  0.0641  0.0641  0.0641  0.0641  0.0641  0.0641
  0.0650  0.0658  0.0647  0.0654  0.0649  0.0646
  0.0679  0.0711  0.0675  0.0675  0.0673  0.0659
  0.0742  0.0776  0.0725  0.0702  0.0699  0.0682
registration optimization eta report
parameter search radius
    6.0000    6.9000    6.0000    6.0000    6.9000    6.0000
100000*second partial in parameter space
       28.       28.       22.       16.       12.       12.
  0.0740  0.0776  0.0719  0.0700  0.0699  0.0683
  0.0683  0.0716  0.0679  0.0678  0.0671  0.0659
  0.0650  0.0660  0.0653  0.0647  0.0653  0.0643
  0.0641  0.0641  0.0641  0.0641  0.0641  0.0641
  0.0650  0.0658  0.0647  0.0654  0.0649  0.0646
  0.0679  0.0711  0.0675  0.0675  0.0673  0.0659
  0.0742  0.0776  0.0725  0.0702  0.0699  0.0682
    0.7230    4.1867   -6.7382    0.5917   -3.9519   -1.2219
eta,q 0.93592  9.04641

---------------------------------------------------------------------
imgreg_4dfp /opt/freesurfer/average/711-2C_as_mni_average_305 /opt/freesurfer/average/711-2B_as_mni_average_305_mask talsrcimg_g11 none talsrcimg_to_711-2C_as_mni_average_305_t4 3335
---------------------------------------------------------------------

freesurfer imgreg_4dfp.c
/opt/freesurfer/average/711-2C_as_mni_average_305.4dfp.img
       256       256       256         1
  1.000000  1.000000  1.000000
orientation T byte_order littleendian
Reading image: /opt/freesurfer/average/711-2C_as_mni_average_305.4dfp.img
dimensions:      256       256       256
mmppix:       1.0000   -1.0000   -1.0000
center:     128.0000 -129.0000 -129.0000
/opt/freesurfer/average/711-2B_as_mni_average_305_mask.4dfp.img
       256       256       256         1
  1.000000  1.000000  1.000000
orientation T byte_order littleendian
Reading mask: /opt/freesurfer/average/711-2B_as_mni_average_305_mask.4dfp.img (2306576 pixels)
talsrcimg_g11.4dfp.img
       256       256       256         1
  1.000000  1.000000  1.000000
orientation T byte_order littleendian
Reading image: talsrcimg_g11.4dfp.img
dimensions:      256       256       256
mmppix:       1.0000   -1.0000   -1.0000
center:     128.0000 -129.0000 -129.0000
fimgreg.f
image alignment mode   3335 decimal      D07 hex
parameters
    0.7230    4.1867   -6.7382   -0.2605   -0.0296   -0.2431
    2.2035    6.8679   -2.1274   -1.1795   -6.8918    1.0303
eta,q 0.93623  9.09633
niter,ni,del,rscale     5    3    5.0000    1.2000
parameter  4  5.074716 ->  0.500000 qaram    1.1500
parameter  5  2.576153 ->  0.500000 qaram    1.1500
parameter  6  1.753142 ->  0.500000 qaram    1.1500
parameter 12  0.665692 ->  0.500000 qaram    1.1500
parameters
    1.0723    4.8629   -6.4505   -4.4005   -4.1696   -4.3831
    1.2227    7.0267   -1.2873   -2.4862   -4.8491   -3.1097
eta,q 0.95802  8.31497
  0.0660  0.0664  0.0651  0.0509  0.0463  0.0404  0.0447  0.0477  0.0446  0.0450  0.0451  0.0421
  0.0649  0.0651  0.0644  0.0547  0.0489  0.0422  0.0436  0.0452  0.0437  0.0435  0.0440  0.0420
  0.0642  0.0642  0.0638  0.0590  0.0521  0.0454  0.0430  0.0435  0.0432  0.0428  0.0432  0.0421
  0.0638  0.0637  0.0636  0.0636  0.0558  0.0497  0.0430  0.0429  0.0429  0.0429  0.0427  0.0426
  0.0638  0.0636  0.0637  0.0686  0.0600  0.0547  0.0434  0.0434  0.0429  0.0438  0.0426  0.0434
  0.0642  0.0639  0.0640  0.0737  0.0646  0.0604  0.0444  0.0449  0.0433  0.0453  0.0428  0.0445
  0.0650  0.0645  0.0645  0.0791  0.0698  0.0665  0.0459  0.0474  0.0440  0.0470  0.0434  0.0458
niter,ni,del,rscale     7    3    5.0000    1.2000
parameter  4  1.350165 ->  0.500000 qaram    1.3225
parameter  5  1.208222 ->  0.500000 qaram    1.3225
parameter  6  0.548327 ->  0.500000 qaram    1.3225
parameters
    1.1117    5.7421   -7.2610   -9.1615   -8.9306   -9.1441
    1.3556    6.9832   -1.6281    0.1014   -6.4786   -4.4642
eta,q 0.97055  7.78238
  0.0448  0.0454  0.0424  0.0341  0.0301  0.0305  0.0330  0.0343  0.0316  0.0338  0.0302  0.0303
  0.0432  0.0438  0.0417  0.0349  0.0307  0.0300  0.0314  0.0321  0.0306  0.0320  0.0297  0.0298
  0.0423  0.0427  0.0415  0.0374  0.0326  0.0297  0.0303  0.0305  0.0301  0.0307  0.0295  0.0295
  0.0420  0.0420  0.0418  0.0415  0.0354  0.0311  0.0299  0.0299  0.0299  0.0299  0.0295  0.0295
  0.0423  0.0418  0.0424  0.0465  0.0390  0.0350  0.0302  0.0303  0.0302  0.0295  0.0299  0.0297
  0.0431  0.0419  0.0435  0.0522  0.0435  0.0405  0.0312  0.0320  0.0309  0.0297  0.0304  0.0302
  0.0446  0.0425  0.0450  0.0581  0.0484  0.0469  0.0327  0.0346  0.0319  0.0306  0.0312  0.0311
niter,ni,del,rscale     7    3    5.0000    1.2000
parameter  2 -1.094534 -> -0.500000 qaram    1.1500
parameter  3  0.597887 ->  0.500000 qaram    1.1500
parameters
    1.2151    7.1221   -8.6410  -12.7690  -12.9445  -11.2195
    1.5601    7.5278   -1.4492    2.3094   -7.6940   -8.3195
eta,q 0.97432  7.47895
  0.0331  0.0358  0.0272  0.0285  0.0275  0.0284  0.0287  0.0301  0.0279  0.0298  0.0263  0.0259
  0.0312  0.0334  0.0269  0.0274  0.0263  0.0271  0.0274  0.0282  0.0270  0.0281  0.0260  0.0257
  0.0299  0.0312  0.0270  0.0266  0.0259  0.0264  0.0266  0.0268  0.0264  0.0269  0.0259  0.0257
  0.0295  0.0294  0.0275  0.0269  0.0266  0.0259  0.0262  0.0262  0.0262  0.0262  0.0259  0.0259
  0.0297  0.0281  0.0282  0.0295  0.0288  0.0262  0.0265  0.0263  0.0263  0.0259  0.0260  0.0263
  0.0307  0.0273  0.0293  0.0340  0.0320  0.0294  0.0272  0.0273  0.0268  0.0262  0.0263  0.0269
  0.0325  0.0271  0.0306  0.0399  0.0365  0.0351  0.0285  0.0293  0.0278  0.0271  0.0266  0.0278
niter,ni,del,rscale     7    3    5.0000    1.2000
parameter  2 -0.773024 -> -0.500000 qaram    1.3225
parameters
    1.4018    8.7091   -8.7038  -13.6271  -14.4635  -11.3884
    1.1339    7.7839   -1.2926    3.9898   -8.5522  -10.6299
eta,q 0.97617  7.40705
  0.0290  0.0335  0.0254  0.0271  0.0270  0.0277  0.0263  0.0279  0.0260  0.0276  0.0245  0.0245
  0.0273  0.0303  0.0245  0.0258  0.0255  0.0260  0.0250  0.0259  0.0250  0.0259  0.0241  0.0240
  0.0262  0.0277  0.0240  0.0247  0.0243  0.0248  0.0243  0.0246  0.0244  0.0247  0.0240  0.0238
  0.0257  0.0257  0.0239  0.0239  0.0241  0.0241  0.0241  0.0241  0.0241  0.0241  0.0240  0.0239
  0.0258  0.0244  0.0241  0.0238  0.0249  0.0236  0.0245  0.0244  0.0242  0.0240  0.0241  0.0243
  0.0266  0.0238  0.0246  0.0258  0.0271  0.0249  0.0254  0.0254  0.0248  0.0244  0.0244  0.0249
  0.0281  0.0240  0.0256  0.0300  0.0303  0.0293  0.0269  0.0275  0.0259  0.0254  0.0248  0.0257
niter,ni,del,rscale     7    3    5.0000    1.2000
parameters
    1.4411    9.5978   -8.9922  -13.6906  -15.0860  -11.7665
    0.8990    7.8487   -0.9778    5.4875   -8.9570  -11.3433
eta,q 0.97648  7.38131
  0.0269  0.0304  0.0248  0.0269  0.0270  0.0272  0.0259  0.0273  0.0256  0.0268  0.0243  0.0246
  0.0253  0.0273  0.0240  0.0255  0.0253  0.0254  0.0246  0.0253  0.0246  0.0252  0.0238  0.0239
  0.0242  0.0251  0.0236  0.0244  0.0240  0.0242  0.0238  0.0240  0.0239  0.0241  0.0236  0.0236
  0.0238  0.0238  0.0235  0.0235  0.0235  0.0235  0.0236  0.0236  0.0236  0.0236  0.0235  0.0235
  0.0241  0.0235  0.0238  0.0231  0.0239  0.0231  0.0239  0.0239  0.0237  0.0236  0.0237  0.0238
  0.0251  0.0242  0.0245  0.0245  0.0256  0.0247  0.0248  0.0251  0.0243  0.0241  0.0240  0.0243
  0.0267  0.0257  0.0255  0.0282  0.0286  0.0292  0.0263  0.0272  0.0253  0.0248  0.0244  0.0250
niter,ni,del,rscale     6    3    5.0000    1.2000
parameters
    1.4146    9.9946   -9.3308  -13.6859  -15.6049  -12.1634
    0.8272    7.8229   -0.6693    6.5852   -9.3117  -11.4313
eta,q 0.97647  7.35500
  0.0264  0.0285  0.0247  0.0269  0.0267  0.0270  0.0259  0.0271  0.0254  0.0262  0.0243  0.0248
  0.0248  0.0260  0.0239  0.0254  0.0252  0.0253  0.0246  0.0251  0.0245  0.0248  0.0238  0.0241
  0.0239  0.0243  0.0235  0.0243  0.0240  0.0241  0.0238  0.0239  0.0238  0.0239  0.0236  0.0237
  0.0235  0.0235  0.0235  0.0234  0.0234  0.0235  0.0235  0.0235  0.0235  0.0235  0.0235  0.0235
  0.0239  0.0237  0.0238  0.0231  0.0238  0.0231  0.0238  0.0239  0.0236  0.0236  0.0237  0.0237
  0.0249  0.0247  0.0245  0.0244  0.0253  0.0246  0.0247  0.0251  0.0242  0.0241  0.0240  0.0242
  0.0266  0.0264  0.0255  0.0280  0.0280  0.0290  0.0261  0.0271  0.0251  0.0249  0.0244  0.0249
niter,ni,del,rscale     5    3    5.0000    1.2000
parameters
    1.3779   10.3569   -9.6627  -13.7496  -16.2930  -12.7139
    0.8194    7.7579   -0.3511    7.6159   -9.6068  -11.2866
eta,q 0.97648  7.31109
  0.0263  0.0281  0.0248  0.0268  0.0264  0.0268  0.0259  0.0269  0.0253  0.0260  0.0243  0.0249
  0.0248  0.0257  0.0240  0.0253  0.0250  0.0251  0.0247  0.0250  0.0244  0.0247  0.0239  0.0242
  0.0238  0.0242  0.0235  0.0243  0.0239  0.0240  0.0239  0.0239  0.0238  0.0239  0.0236  0.0237
  0.0235  0.0235  0.0235  0.0235  0.0235  0.0235  0.0236  0.0236  0.0235  0.0235  0.0235  0.0235
  0.0239  0.0237  0.0238  0.0231  0.0238  0.0233  0.0238  0.0240  0.0237  0.0236  0.0237  0.0237
  0.0249  0.0247  0.0245  0.0244  0.0253  0.0246  0.0246  0.0251  0.0242  0.0240  0.0240  0.0241
  0.0266  0.0264  0.0255  0.0279  0.0279  0.0290  0.0260  0.0270  0.0251  0.0249  0.0244  0.0248
niter,ni,del,rscale     4    3    5.0000    1.2000
parameters
    1.3323   10.7702  -10.0304  -13.8725  -17.1581  -13.4070
    0.8457    7.6816   -0.1433    8.6979   -9.6014  -11.1473
eta,q 0.97655  7.25101
  0.0262  0.0280  0.0247  0.0266  0.0262  0.0266  0.0258  0.0267  0.0252  0.0260  0.0243  0.0249
  0.0247  0.0258  0.0239  0.0252  0.0248  0.0249  0.0246  0.0249  0.0244  0.0247  0.0238  0.0242
  0.0238  0.0243  0.0235  0.0242  0.0238  0.0238  0.0238  0.0238  0.0238  0.0239  0.0236  0.0237
  0.0235  0.0235  0.0235  0.0234  0.0235  0.0235  0.0235  0.0235  0.0235  0.0235  0.0235  0.0235
  0.0239  0.0236  0.0238  0.0232  0.0239  0.0234  0.0237  0.0239  0.0236  0.0235  0.0236  0.0236
  0.0249  0.0245  0.0246  0.0244  0.0253  0.0247  0.0245  0.0250  0.0242  0.0240  0.0238  0.0241
  0.0265  0.0262  0.0256  0.0278  0.0278  0.0289  0.0258  0.0268  0.0251  0.0248  0.0243  0.0248
niter,ni,del,rscale     3    3    5.0000    1.2000
parameters
    1.2853   11.2220  -10.4047  -14.0113  -18.0001  -14.0984
    0.8682    7.6232   -0.2156    9.6417   -9.2722  -11.1473
eta,q 0.97666  7.19042
  0.0261  0.0280  0.0247  0.0263  0.0261  0.0264  0.0255  0.0265  0.0251  0.0259  0.0242  0.0248
  0.0246  0.0258  0.0239  0.0249  0.0246  0.0248  0.0244  0.0247  0.0242  0.0247  0.0238  0.0240
  0.0237  0.0242  0.0234  0.0240  0.0237  0.0237  0.0237  0.0237  0.0236  0.0238  0.0235  0.0235
  0.0235  0.0235  0.0234  0.0233  0.0234  0.0234  0.0234  0.0234  0.0234  0.0234  0.0233  0.0233
  0.0238  0.0235  0.0238  0.0231  0.0238  0.0235  0.0236  0.0238  0.0236  0.0234  0.0234  0.0235
  0.0247  0.0244  0.0245  0.0242  0.0251  0.0246  0.0243  0.0248  0.0242  0.0240  0.0237  0.0240
  0.0263  0.0261  0.0256  0.0275  0.0276  0.0285  0.0256  0.0266  0.0252  0.0249  0.0241  0.0248
niter,ni,del,rscale     2    3    5.0000    1.2000
parameters
    1.2583   11.5932  -10.6911  -14.1259  -18.5833  -14.5713
    0.8743    7.5968   -0.4453   10.3023   -8.9919  -11.3061
eta,q 0.97672  7.14946
  0.0259  0.0279  0.0248  0.0261  0.0262  0.0264  0.0254  0.0264  0.0250  0.0259  0.0242  0.0247
  0.0245  0.0256  0.0239  0.0247  0.0247  0.0248  0.0243  0.0247  0.0241  0.0246  0.0237  0.0240
  0.0236  0.0241  0.0234  0.0238  0.0236  0.0237  0.0236  0.0236  0.0235  0.0237  0.0234  0.0235
  0.0233  0.0233  0.0233  0.0233  0.0233  0.0233  0.0233  0.0233  0.0233  0.0233  0.0233  0.0233
  0.0236  0.0235  0.0236  0.0231  0.0237  0.0235  0.0235  0.0237  0.0235  0.0234  0.0233  0.0235
  0.0245  0.0244  0.0244  0.0240  0.0249  0.0244  0.0242  0.0247  0.0242  0.0240  0.0236  0.0240
  0.0260  0.0262  0.0255  0.0271  0.0273  0.0280  0.0254  0.0264  0.0253  0.0251  0.0241  0.0248
niter,ni,del,rscale     1    3    5.0000    1.2000
parameters
    1.2477   11.8286  -10.8561  -14.1811  -18.8933  -14.8092
    0.8821    7.5800   -0.6107   10.6979   -8.8448  -11.4917
eta,q 0.97673  7.12963
  0.0258  0.0275  0.0249  0.0260  0.0263  0.0265  0.0253  0.0263  0.0250  0.0258  0.0241  0.0247
  0.0244  0.0254  0.0240  0.0246  0.0248  0.0248  0.0242  0.0246  0.0241  0.0245  0.0237  0.0240
  0.0236  0.0239  0.0234  0.0238  0.0237  0.0237  0.0235  0.0236  0.0235  0.0236  0.0234  0.0235
  0.0233  0.0233  0.0233  0.0233  0.0233  0.0233  0.0233  0.0233  0.0233  0.0233  0.0233  0.0233
  0.0236  0.0235  0.0235  0.0231  0.0236  0.0234  0.0235  0.0236  0.0235  0.0235  0.0233  0.0235
  0.0244  0.0246  0.0243  0.0239  0.0248  0.0242  0.0242  0.0246  0.0242  0.0242  0.0236  0.0240
  0.0259  0.0265  0.0253  0.0268  0.0270  0.0275  0.0254  0.0264  0.0252  0.0252  0.0241  0.0249
registration optimization eta report
parameter search radius
    2.4000    3.1740    2.7600    9.5220    9.5220    9.5220
    7.2000    7.2000    7.2000    7.2000    7.2000    8.2800
100000*second partial in parameter space
       44.       37.       24.        4.        4.        4.
        4.        6.        4.        4.        2.        2.
  0.0258  0.0275  0.0249  0.0260  0.0263  0.0265  0.0253  0.0263  0.0250  0.0258  0.0241  0.0247
  0.0244  0.0254  0.0240  0.0246  0.0248  0.0248  0.0242  0.0246  0.0241  0.0245  0.0237  0.0240
  0.0236  0.0239  0.0234  0.0238  0.0237  0.0237  0.0235  0.0236  0.0235  0.0236  0.0234  0.0235
  0.0233  0.0233  0.0233  0.0233  0.0233  0.0233  0.0233  0.0233  0.0233  0.0233  0.0233  0.0233
  0.0236  0.0235  0.0235  0.0231  0.0236  0.0234  0.0235  0.0236  0.0235  0.0235  0.0233  0.0235
  0.0244  0.0246  0.0243  0.0239  0.0248  0.0242  0.0242  0.0246  0.0242  0.0242  0.0236  0.0240
  0.0259  0.0265  0.0253  0.0268  0.0270  0.0275  0.0254  0.0264  0.0252  0.0252  0.0241  0.0249
    1.2477   11.8286  -10.8561  -14.1811  -18.8933  -14.8092
    0.8821    7.5800   -0.6107   10.6979   -8.8448  -11.4917
eta,q 0.97673  7.12963

---------------------------------------------------------------------
imgreg_4dfp /opt/freesurfer/average/711-2C_as_mni_average_305 /opt/freesurfer/average/711-2B_as_mni_average_305_mask talsrcimg_g11 none talsrcimg_to_711-2C_as_mni_average_305_t4 2311
---------------------------------------------------------------------

freesurfer imgreg_4dfp.c
/opt/freesurfer/average/711-2C_as_mni_average_305.4dfp.img
       256       256       256         1
  1.000000  1.000000  1.000000
orientation T byte_order littleendian
Reading image: /opt/freesurfer/average/711-2C_as_mni_average_305.4dfp.img
dimensions:      256       256       256
mmppix:       1.0000   -1.0000   -1.0000
center:     128.0000 -129.0000 -129.0000
/opt/freesurfer/average/711-2B_as_mni_average_305_mask.4dfp.img
       256       256       256         1
  1.000000  1.000000  1.000000
orientation T byte_order littleendian
Reading mask: /opt/freesurfer/average/711-2B_as_mni_average_305_mask.4dfp.img (2306576 pixels)
talsrcimg_g11.4dfp.img
       256       256       256         1
  1.000000  1.000000  1.000000
orientation T byte_order littleendian
Reading image: talsrcimg_g11.4dfp.img
dimensions:      256       256       256
mmppix:       1.0000   -1.0000   -1.0000
center:     128.0000 -129.0000 -129.0000
fimgreg.f
image alignment mode   2311 decimal      907 hex
parameters
    1.2477   11.8286  -10.8561  -14.1811  -18.8933  -14.8092
    0.8821    7.5800   -0.6107   10.6979   -8.8448  -11.4917
eta,q 0.97673  7.12963
niter,ni,del,rscale     5    3    5.0000    0.8000
parameters
    1.2463   11.9375  -10.9326  -11.8149  -18.4638  -13.3416
    0.8148    7.6375   -0.6550   11.3925   -8.4507  -11.6376
eta,q 0.97697  7.29035
  0.0244  0.0244  0.0238  0.0241  0.0242  0.0241  0.0241  0.0247  0.0239  0.0243  0.0235  0.0236
  0.0238  0.0238  0.0235  0.0238  0.0236  0.0236  0.0235  0.0238  0.0234  0.0237  0.0233  0.0233
  0.0234  0.0234  0.0233  0.0235  0.0232  0.0233  0.0232  0.0232  0.0232  0.0232  0.0231  0.0231
  0.0233  0.0233  0.0233  0.0233  0.0231  0.0231  0.0231  0.0231  0.0231  0.0231  0.0230  0.0230
  0.0234  0.0233  0.0234  0.0231  0.0231  0.0231  0.0232  0.0232  0.0231  0.0231  0.0231  0.0231
  0.0238  0.0236  0.0236  0.0231  0.0234  0.0231  0.0235  0.0237  0.0234  0.0233  0.0232  0.0233
  0.0244  0.0241  0.0240  0.0233  0.0239  0.0233  0.0242  0.0246  0.0240  0.0237  0.0234  0.0236
niter,ni,del,rscale     4    3    5.0000    0.7000
parameters
    1.2179   11.7902  -10.7346  -12.0314  -18.2311  -12.6249
    0.9714    7.5780   -0.6911   11.3217   -8.4640  -11.5683
eta,q 0.97698  7.31726
  0.0240  0.0236  0.0236  0.0236  0.0237  0.0236  0.0239  0.0242  0.0236  0.0237  0.0233  0.0235
  0.0234  0.0233  0.0233  0.0234  0.0234  0.0233  0.0234  0.0235  0.0233  0.0233  0.0232  0.0232
  0.0231  0.0231  0.0231  0.0232  0.0231  0.0231  0.0231  0.0231  0.0231  0.0231  0.0231  0.0231
  0.0230  0.0230  0.0230  0.0230  0.0230  0.0230  0.0230  0.0230  0.0230  0.0230  0.0230  0.0230
  0.0232  0.0232  0.0230  0.0230  0.0231  0.0230  0.0231  0.0232  0.0231  0.0231  0.0231  0.0231
  0.0235  0.0235  0.0232  0.0233  0.0233  0.0231  0.0233  0.0236  0.0233  0.0233  0.0232  0.0232
  0.0240  0.0240  0.0234  0.0239  0.0236  0.0234  0.0238  0.0243  0.0237  0.0238  0.0233  0.0234
niter,ni,del,rscale     3    3    5.0000    0.6000
parameters
    1.1946   11.6666  -10.6629  -11.6784  -17.9758  -12.3437
    0.9745    7.5881   -0.6954   11.2167   -8.3778  -11.4493
eta,q 0.97702  7.34952
  0.0237  0.0235  0.0234  0.0236  0.0235  0.0234  0.0236  0.0239  0.0234  0.0234  0.0233  0.0233
  0.0233  0.0232  0.0232  0.0234  0.0232  0.0232  0.0232  0.0234  0.0232  0.0232  0.0231  0.0231
  0.0231  0.0230  0.0231  0.0232  0.0231  0.0230  0.0231  0.0231  0.0230  0.0230  0.0230  0.0230
  0.0230  0.0230  0.0230  0.0230  0.0230  0.0230  0.0230  0.0230  0.0230  0.0230  0.0230  0.0230
  0.0231  0.0231  0.0230  0.0230  0.0230  0.0230  0.0230  0.0231  0.0230  0.0230  0.0230  0.0230
  0.0234  0.0233  0.0231  0.0231  0.0231  0.0230  0.0232  0.0234  0.0232  0.0232  0.0231  0.0231
  0.0238  0.0237  0.0233  0.0235  0.0234  0.0233  0.0236  0.0239  0.0235  0.0235  0.0232  0.0233
niter,ni,del,rscale     2    3    5.0000    0.5000
parameters
    1.1749   11.5596  -10.6263  -11.4444  -17.7710  -11.9730
    0.9754    7.6026   -0.6958   11.1981   -8.2899  -11.3837
eta,q 0.97705  7.37954
  0.0235  0.0233  0.0232  0.0234  0.0233  0.0232  0.0234  0.0237  0.0233  0.0233  0.0231  0.0232
  0.0232  0.0231  0.0231  0.0232  0.0231  0.0231  0.0231  0.0233  0.0231  0.0231  0.0230  0.0231
  0.0230  0.0230  0.0230  0.0231  0.0230  0.0230  0.0230  0.0230  0.0230  0.0230  0.0230  0.0230
  0.0230  0.0230  0.0230  0.0230  0.0230  0.0230  0.0229  0.0229  0.0229  0.0229  0.0229  0.0229
  0.0230  0.0230  0.0230  0.0230  0.0230  0.0229  0.0230  0.0230  0.0230  0.0230  0.0230  0.0230
  0.0232  0.0232  0.0231  0.0231  0.0231  0.0230  0.0231  0.0232  0.0231  0.0231  0.0230  0.0230
  0.0235  0.0234  0.0232  0.0234  0.0232  0.0231  0.0234  0.0236  0.0233  0.0233  0.0231  0.0232
niter,ni,del,rscale     1    3    5.0000    0.4000
parameters
    1.1546   11.4681  -10.6065  -11.2340  -17.5659  -11.6483
    0.9715    7.6220   -0.7249   11.1868   -8.2203  -11.4025
eta,q 0.97708  7.40745
  0.0233  0.0231  0.0231  0.0233  0.0232  0.0231  0.0232  0.0234  0.0231  0.0231  0.0231  0.0231
  0.0231  0.0230  0.0230  0.0231  0.0230  0.0230  0.0230  0.0231  0.0230  0.0230  0.0230  0.0230
  0.0230  0.0230  0.0230  0.0230  0.0230  0.0230  0.0230  0.0230  0.0229  0.0229  0.0229  0.0229
  0.0229  0.0229  0.0229  0.0229  0.0229  0.0229  0.0229  0.0229  0.0229  0.0229  0.0229  0.0229
  0.0230  0.0230  0.0230  0.0229  0.0229  0.0229  0.0230  0.0230  0.0229  0.0229  0.0229  0.0229
  0.0231  0.0231  0.0230  0.0230  0.0230  0.0229  0.0230  0.0231  0.0230  0.0230  0.0230  0.0230
  0.0233  0.0232  0.0231  0.0232  0.0231  0.0231  0.0232  0.0234  0.0231  0.0231  0.0230  0.0231
registration optimization eta report
parameter search radius
    0.8000    0.8000    0.8000    2.4000    2.4000    2.4000
    2.4000    2.4000    2.4000    2.4000    2.4000    2.4000
100000*second partial in parameter space
       54.       38.       27.        5.        4.        3.
        5.        8.        4.        4.        2.        2.
  0.0233  0.0231  0.0231  0.0233  0.0232  0.0231  0.0232  0.0234  0.0231  0.0231  0.0231  0.0231
  0.0231  0.0230  0.0230  0.0231  0.0230  0.0230  0.0230  0.0231  0.0230  0.0230  0.0230  0.0230
  0.0230  0.0230  0.0230  0.0230  0.0230  0.0230  0.0230  0.0230  0.0229  0.0229  0.0229  0.0229
  0.0229  0.0229  0.0229  0.0229  0.0229  0.0229  0.0229  0.0229  0.0229  0.0229  0.0229  0.0229
  0.0230  0.0230  0.0230  0.0229  0.0229  0.0229  0.0230  0.0230  0.0229  0.0229  0.0229  0.0229
  0.0231  0.0231  0.0230  0.0230  0.0230  0.0229  0.0230  0.0231  0.0230  0.0230  0.0230  0.0230
  0.0233  0.0232  0.0231  0.0232  0.0231  0.0231  0.0232  0.0234  0.0231  0.0231  0.0230  0.0231
    1.1546   11.4681  -10.6065  -11.2340  -17.5659  -11.6483
    0.9715    7.6220   -0.7249   11.1868   -8.2203  -11.4025
eta,q 0.97708  7.40745

---------------------------------------------------------------------
imgreg_4dfp /opt/freesurfer/average/711-2C_as_mni_average_305 /opt/freesurfer/average/711-2B_as_mni_average_305_mask talsrcimg_g11 none talsrcimg_to_711-2C_as_mni_average_305_t4 2311
---------------------------------------------------------------------

freesurfer imgreg_4dfp.c
/opt/freesurfer/average/711-2C_as_mni_average_305.4dfp.img
       256       256       256         1
  1.000000  1.000000  1.000000
orientation T byte_order littleendian
Reading image: /opt/freesurfer/average/711-2C_as_mni_average_305.4dfp.img
dimensions:      256       256       256
mmppix:       1.0000   -1.0000   -1.0000
center:     128.0000 -129.0000 -129.0000
/opt/freesurfer/average/711-2B_as_mni_average_305_mask.4dfp.img
       256       256       256         1
  1.000000  1.000000  1.000000
orientation T byte_order littleendian
Reading mask: /opt/freesurfer/average/711-2B_as_mni_average_305_mask.4dfp.img (2306576 pixels)
talsrcimg_g11.4dfp.img
       256       256       256         1
  1.000000  1.000000  1.000000
orientation T byte_order littleendian
Reading image: talsrcimg_g11.4dfp.img
dimensions:      256       256       256
mmppix:       1.0000   -1.0000   -1.0000
center:     128.0000 -129.0000 -129.0000
fimgreg.f
image alignment mode   2311 decimal      907 hex
parameters
    1.1546   11.4681  -10.6065  -11.2340  -17.5659  -11.6483
    0.9715    7.6220   -0.7249   11.1868   -8.2203  -11.4025
eta,q 0.97708  7.40745
niter,ni,del,rscale     5    3    5.0000    0.8000
parameters
    1.1371   11.3903  -10.5773  -11.9225  -17.5872  -12.4436
    1.0910    7.4953   -0.7386   10.7378   -8.4224  -11.2975
eta,q 0.97701  7.34870
  0.0243  0.0238  0.0236  0.0238  0.0238  0.0235  0.0241  0.0246  0.0238  0.0237  0.0234  0.0235
  0.0235  0.0233  0.0232  0.0234  0.0234  0.0232  0.0235  0.0237  0.0234  0.0233  0.0232  0.0233
  0.0231  0.0230  0.0230  0.0231  0.0231  0.0230  0.0232  0.0231  0.0231  0.0230  0.0230  0.0231
  0.0229  0.0229  0.0229  0.0229  0.0230  0.0230  0.0230  0.0230  0.0230  0.0230  0.0230  0.0230
  0.0231  0.0231  0.0230  0.0230  0.0230  0.0230  0.0231  0.0232  0.0231  0.0231  0.0231  0.0230
  0.0236  0.0234  0.0232  0.0236  0.0233  0.0234  0.0234  0.0238  0.0234  0.0235  0.0232  0.0232
  0.0244  0.0240  0.0236  0.0249  0.0238  0.0246  0.0240  0.0248  0.0238  0.0241  0.0235  0.0235
niter,ni,del,rscale     4    3    5.0000    0.7000
parameters
    1.1716   11.4606  -10.5754  -11.8517  -17.7457  -12.4202
    1.0452    7.5424   -0.6744   10.8569   -8.4645  -11.3130
eta,q 0.97702  7.34687
  0.0241  0.0238  0.0235  0.0237  0.0236  0.0235  0.0238  0.0243  0.0236  0.0237  0.0233  0.0234
  0.0235  0.0234  0.0232  0.0234  0.0232  0.0232  0.0233  0.0236  0.0233  0.0233  0.0231  0.0232
  0.0231  0.0231  0.0230  0.0232  0.0230  0.0230  0.0231  0.0231  0.0231  0.0231  0.0230  0.0230
  0.0230  0.0230  0.0230  0.0230  0.0230  0.0230  0.0230  0.0230  0.0230  0.0230  0.0230  0.0230
  0.0231  0.0230  0.0230  0.0230  0.0231  0.0230  0.0231  0.0231  0.0230  0.0230  0.0230  0.0230
  0.0234  0.0233  0.0232  0.0232  0.0233  0.0231  0.0234  0.0235  0.0232  0.0232  0.0231  0.0232
  0.0240  0.0237  0.0235  0.0239  0.0237  0.0236  0.0238  0.0242  0.0236  0.0236  0.0233  0.0234
niter,ni,del,rscale     3    3    5.0000    0.6000
parameters
    1.1796   11.4864  -10.5782  -11.6403  -17.7521  -12.1785
    1.0040    7.5764   -0.6624   10.9816   -8.3972  -11.3250
eta,q 0.97704  7.36414
  0.0237  0.0236  0.0233  0.0236  0.0234  0.0234  0.0236  0.0240  0.0234  0.0235  0.0232  0.0233
  0.0233  0.0232  0.0231  0.0233  0.0232  0.0231  0.0232  0.0234  0.0232  0.0232  0.0231  0.0231
  0.0231  0.0230  0.0230  0.0231  0.0230  0.0230  0.0230  0.0231  0.0230  0.0230  0.0230  0.0230
  0.0230  0.0230  0.0230  0.0230  0.0230  0.0230  0.0230  0.0230  0.0230  0.0230  0.0230  0.0230
  0.0231  0.0230  0.0230  0.0230  0.0230  0.0229  0.0230  0.0231  0.0230  0.0230  0.0230  0.0230
  0.0233  0.0232  0.0231  0.0231  0.0232  0.0230  0.0232  0.0234  0.0232  0.0231  0.0231  0.0231
  0.0237  0.0235  0.0234  0.0236  0.0234  0.0233  0.0236  0.0239  0.0234  0.0234  0.0232  0.0233
niter,ni,del,rscale     2    3    5.0000    0.5000
parameters
    1.1665   11.4667  -10.5787  -11.4206  -17.6561  -11.8994
    0.9822    7.5980   -0.6920   11.0607   -8.3051  -11.3345
eta,q 0.97706  7.38681
  0.0235  0.0233  0.0232  0.0234  0.0233  0.0232  0.0234  0.0237  0.0233  0.0233  0.0231  0.0231
  0.0232  0.0231  0.0231  0.0232  0.0231  0.0231  0.0231  0.0233  0.0231  0.0231  0.0230  0.0230
  0.0230  0.0230  0.0230  0.0231  0.0230  0.0230  0.0230  0.0230  0.0230  0.0230  0.0230  0.0230
  0.0230  0.0230  0.0230  0.0230  0.0229  0.0229  0.0229  0.0229  0.0229  0.0229  0.0229  0.0229
  0.0230  0.0230  0.0230  0.0229  0.0230  0.0229  0.0230  0.0230  0.0230  0.0230  0.0230  0.0230
  0.0232  0.0231  0.0231  0.0231  0.0231  0.0230  0.0231  0.0232  0.0231  0.0231  0.0230  0.0230
  0.0235  0.0234  0.0232  0.0234  0.0233  0.0232  0.0234  0.0236  0.0233  0.0232  0.0231  0.0232
niter,ni,del,rscale     1    3    5.0000    0.4000
parameters
    1.1520   11.4179  -10.5754  -11.2177  -17.4903  -11.5607
    0.9711    7.6316   -0.7232   11.1292   -8.2219  -11.3751
eta,q 0.97709  7.41392
  0.0233  0.0232  0.0231  0.0233  0.0232  0.0231  0.0232  0.0234  0.0231  0.0231  0.0231  0.0230
  0.0231  0.0230  0.0230  0.0231  0.0230  0.0230  0.0230  0.0231  0.0230  0.0230  0.0230  0.0230
  0.0230  0.0229  0.0230  0.0230  0.0230  0.0230  0.0229  0.0230  0.0229  0.0229  0.0229  0.0229
  0.0229  0.0229  0.0229  0.0229  0.0229  0.0229  0.0229  0.0229  0.0229  0.0229  0.0229  0.0229
  0.0230  0.0230  0.0230  0.0229  0.0229  0.0229  0.0229  0.0230  0.0229  0.0229  0.0229  0.0229
  0.0231  0.0231  0.0230  0.0230  0.0230  0.0229  0.0230  0.0231  0.0230  0.0230  0.0230  0.0230
  0.0233  0.0232  0.0231  0.0232  0.0231  0.0230  0.0232  0.0234  0.0231  0.0231  0.0230  0.0231
registration optimization eta report
parameter search radius
    0.8000    0.8000    0.8000    2.4000    2.4000    2.4000
    2.4000    2.4000    2.4000    2.4000    2.4000    2.4000
100000*second partial in parameter space
       55.       38.       26.        5.        4.        3.
        5.        8.        4.        4.        2.        2.
  0.0233  0.0232  0.0231  0.0233  0.0232  0.0231  0.0232  0.0234  0.0231  0.0231  0.0231  0.0230
  0.0231  0.0230  0.0230  0.0231  0.0230  0.0230  0.0230  0.0231  0.0230  0.0230  0.0230  0.0230
  0.0230  0.0229  0.0230  0.0230  0.0230  0.0230  0.0229  0.0230  0.0229  0.0229  0.0229  0.0229
  0.0229  0.0229  0.0229  0.0229  0.0229  0.0229  0.0229  0.0229  0.0229  0.0229  0.0229  0.0229
  0.0230  0.0230  0.0230  0.0229  0.0229  0.0229  0.0229  0.0230  0.0229  0.0229  0.0229  0.0229
  0.0231  0.0231  0.0230  0.0230  0.0230  0.0229  0.0230  0.0231  0.0230  0.0230  0.0230  0.0230
  0.0233  0.0232  0.0231  0.0232  0.0231  0.0230  0.0232  0.0234  0.0231  0.0231  0.0230  0.0231
    1.1520   11.4179  -10.5754  -11.2177  -17.4903  -11.5607
    0.9711    7.6316   -0.7232   11.1292   -8.2219  -11.3751
eta,q 0.97709  7.41392

---------------------------------------------------------------------
compute_vox2vox talsrcimg talsrcimg_to_711-2C_as_mni_average_305_t4 /opt/freesurfer/average/711-2C_as_mni_average_305
---------------------------------------------------------------------

freesurfer compute_vox2vox.c
Reading: talsrcimg.4dfp.ifh
Reading: talsrcimg_to_711-2C_as_mni_average_305_t4
Reading: /opt/freesurfer/average/711-2C_as_mni_average_305.4dfp.ifh
Writing: talsrcimg_to_711-2C_as_mni_average_305_t4_vox2vox.txt

start time Thu Mar 12 23:16:11 CET 2026
end		time Thu Mar 12 23:16:24 CET 2026

mpr2mni305 success

avi2talxfm orig_nu.mgz /opt/freesurfer/average/mni305.cor.mgz talsrcimg_to_711-2C_as_mni_average_305_t4_vox2vox.txt transforms/talairach.auto.xfm
avi2talxfm done
mv -f /out/sourcedata/freesurfer/sub-v2s3x28743_ses-1/mri/talsrcimg_to_711-2C_as_mni_average_305_t4_vox2vox.txt /out/sourcedata/freesurfer/sub-v2s3x28743_ses-1/mri/transforms/talsrcimg_to_711-2C_as_mni_average_305_t4_vox2vox.txt
lta_convert --src orig_nu.mgz --trg /opt/freesurfer/average/mni305.cor.mgz --inxfm transforms/talairach.auto.xfm --outlta transforms/talairach.auto.xfm.lta --subject fsaverage
7.3.2

--src: orig_nu.mgz src image (geometry).
--trg: /opt/freesurfer/average/mni305.cor.mgz trg image (geometry).
--inmni: transforms/talairach.auto.xfm input MNI/XFM transform.
--outlta: transforms/talairach.auto.xfm.lta output LTA.
--s: fsaverage subject name
 LTA read, type : 1
 1.11751  -0.09316  -0.02600  -13.58344;
 0.10336   1.10282   0.15082   8.36441;
-0.00415  -0.14957   1.19141  -29.40521;
 0.00000   0.00000   0.00000   1.00000;
setting subject to fsaverage
Writing  LTA to file transforms/talairach.auto.xfm.lta...
lta_convert successful.
 
 
Started at Thu Mar 12 23:16:10 CET 2026
Ended   at Thu Mar 12 23:16:25 CET 2026
talairach_avi done
