/out/sourcedata/freesurfer/sub-v2s3x28787_ses-1/mri
/opt/freesurfer/bin/talairach_avi
--i orig_nu.mgz --xfm transforms/talairach.auto.xfm
talairach_avi 7.3.2
Linux dna063 5.14.0-427.37.1.el9_4.x86_64 #1 SMP PREEMPT_DYNAMIC Fri Sep 13 12:41:50 EDT 2024 x86_64 x86_64 x86_64 GNU/Linux
Thu Mar 12 23:58:22 CET 2026
mri_convert orig_nu.mgz talsrcimg.img 
reading from orig_nu.mgz...
TR=0.00, TE=0.00, TI=0.00, flip angle=0.00
i_ras = (-1, 0, 0)
j_ras = (0, 0, -1)
k_ras = (0, 1, 0)
writing to talsrcimg.img...
Analyze Output Matrix
-1.00000   0.00000   0.00000   134.09665;
 0.00000   0.00000   1.00000  -86.62135;
 0.00000  -1.00000   0.00000   132.97427;
 0.00000   0.00000   0.00000   1.00000;
--------------------
INFO: set hdr.hist.orient to -1
mpr2mni305 talsrcimg
Thu Mar 12 23:58:22 CET 2026
/opt/freesurfer/bin/mpr2mni305 talsrcimg
mpr2mni305 7.3.2
target=711-2C_as_mni_average_305

---------------------------------------------------------------------
analyzeto4dfp talsrcimg -O0 -y
---------------------------------------------------------------------

freesurfer ifh2hdr.c
Thu Mar 12 23:58:23 2026
Writing: talsrcimg.4dfp.hdr
freesurfer analyzeto4dfp.c
Reading: talsrcimg.hdr
header size 348 bytes
hdr.dime.datatype	offset=70	value=2
hdr.dime.bitpix		offset=72	value=8
hdr.hist.orient		offset=252	value=-1
dimensionality     4
dimensions       256       256       256         1
Reading: talsrcimg.img
Writing: talsrcimg.4dfp.img
Writing: talsrcimg.4dfp.ifh
ifh2hdr talsrcimg -r0to236
ori=2

---------------------------------------------------------------------
gauss_4dfp talsrcimg 1.1
---------------------------------------------------------------------

freesurfer gauss_4dfp.c
Reading: talsrcimg.4dfp.img
Writing: talsrcimg_g11.4dfp.img
image dimensions 256 256 256 padded to 288 288 288
processing volume 1freesurfer ifh2hdr.c
Thu Mar 12 23:58:24 2026
Writing: talsrcimg_g11.4dfp.hdr

Writing: talsrcimg_g11.4dfp.ifh
including: talsrcimg.4dfp.img.rec in talsrcimg_g11.4dfp.img.rec

---------------------------------------------------------------------
imgreg_4dfp /opt/freesurfer/average/711-2C_as_mni_average_305 none talsrcimg_g11 none talsrcimg_to_711-2C_as_mni_average_305_t4 4355
---------------------------------------------------------------------

freesurfer imgreg_4dfp.c
/opt/freesurfer/average/711-2C_as_mni_average_305.4dfp.img
       256       256       256         1
  1.000000  1.000000  1.000000
orientation T byte_order littleendian
Reading image: /opt/freesurfer/average/711-2C_as_mni_average_305.4dfp.img
dimensions:      256       256       256
mmppix:       1.0000   -1.0000   -1.0000
center:     128.0000 -129.0000 -129.0000
talsrcimg_g11.4dfp.img
       256       256       256         1
  1.000000  1.000000  1.000000
orientation T byte_order littleendian
Reading image: talsrcimg_g11.4dfp.img
dimensions:      256       256       256
mmppix:       1.0000   -1.0000   -1.0000
center:     128.0000 -129.0000 -129.0000
t4_read: open error in t4_sub.f l:  41 t4_file(1:l)talsrcimg_to_711-2C_as_mni_average_305_t4 
t4_read: transform initialized to I4
rotation matrix determinant  1.000000
image alignment mode   4355 decimal     1103 hex
   -7.5000  -45.0000  -45.0000 7656.5952   14.3469
    0.0000  -45.0000  -45.0000 7931.7729   14.3156
    7.5000  -45.0000  -45.0000 7513.3374   14.3459
   -7.5000  -37.5000  -45.0000 8329.2148   14.2915
    0.0000  -37.5000  -45.0000 8627.3213   14.2645
    7.5000  -37.5000  -45.0000 8154.2559   14.2951
   -7.5000  -30.0000  -45.0000 9353.2217   14.2934
    0.0000  -30.0000  -45.0000 9685.7432   14.2665
    7.5000  -30.0000  -45.0000 9138.1045   14.2970
   -7.5000  -22.5000  -45.000010354.2139   14.2740
    0.0000  -22.5000  -45.000010722.5957   14.2426
    7.5000  -22.5000  -45.000010126.5264   14.2725
   -7.5000  -15.0000  -45.000011251.9512   14.2387
    0.0000  -15.0000  -45.000011641.5527   14.2043
    7.5000  -15.0000  -45.000011007.5830   14.2336
   -7.5000   -7.5000  -45.000012052.9043   14.1954
    0.0000   -7.5000  -45.000012483.4531   14.1622
    7.5000   -7.5000  -45.000011778.6406   14.1909
   -7.5000    0.0000  -45.000012779.2021   14.1836
    0.0000    0.0000  -45.000013246.7754   14.1537
    7.5000    0.0000  -45.000012466.3408   14.1828
   -7.5000    7.5000  -45.000012529.4355   14.2214
    0.0000    7.5000  -45.000012967.1602   14.1950
    7.5000    7.5000  -45.000012210.1816   14.2253
   -7.5000   15.0000  -45.000012174.4697   14.2686
    0.0000   15.0000  -45.000012601.7090   14.2418
    7.5000   15.0000  -45.000011859.2988   14.2723
   -7.5000   22.5000  -45.000011795.6562   14.2720
    0.0000   22.5000  -45.000012184.4775   14.2407
    7.5000   22.5000  -45.000011452.1992   14.2705
   -7.5000   30.0000  -45.000011300.0488   14.0490
    0.0000   30.0000  -45.000011644.1582   14.0150
    7.5000   30.0000  -45.000010934.9443   14.0439
   -7.5000   37.5000  -45.000010863.7510   14.0062
    0.0000   37.5000  -45.000011181.1670   13.9735
    7.5000   37.5000  -45.000010475.5049   14.0018
   -7.5000   45.0000  -45.0000 9982.9854   13.6392
    0.0000   45.0000  -45.000010258.5742   13.6105
    7.5000   45.0000  -45.0000 9628.7617   13.6384
   -7.5000  -45.0000  -37.5000 8081.4873   14.3269
    0.0000  -45.0000  -37.5000 8381.5322   14.3043
    7.5000  -45.0000  -37.5000 7946.1162   14.3403
   -7.5000  -37.5000  -37.5000 8818.5537   14.2620
    0.0000  -37.5000  -37.5000 9132.5957   14.2411
    7.5000  -37.5000  -37.5000 8639.5215   14.2778
   -7.5000  -30.0000  -37.5000 9872.1035   14.2595
    0.0000  -30.0000  -37.500010235.8164   14.2372
    7.5000  -30.0000  -37.5000 9654.5039   14.2750
   -7.5000  -22.5000  -37.500010896.4600   14.2450
    0.0000  -22.5000  -37.500011293.0518   14.2195
    7.5000  -22.5000  -37.500010680.0850   14.2578
   -7.5000  -15.0000  -37.500011814.2314   14.2189
    0.0000  -15.0000  -37.500012247.0371   14.1928
    7.5000  -15.0000  -37.500011581.3389   14.2304
   -7.5000   -7.5000  -37.500012659.7793   14.1804
    0.0000   -7.5000  -37.500013136.1064   14.1564
    7.5000   -7.5000  -37.500012384.1094   14.1918
   -7.5000    0.0000  -37.500013438.3857   14.1638
    0.0000    0.0000  -37.500013926.5186   14.1423
    7.5000    0.0000  -37.500013088.2754   14.1769
   -7.5000    7.5000  -37.500013161.1963   14.1922
    0.0000    7.5000  -37.500013646.2842   14.1718
    7.5000    7.5000  -37.500012831.6611   14.2080
   -7.5000   15.0000  -37.500012764.5869   14.2348
    0.0000   15.0000  -37.500013246.8359   14.2126
    7.5000   15.0000  -37.500012449.3877   14.2503
   -7.5000   22.5000  -37.500012328.8262   14.2430
    0.0000   22.5000  -37.500012766.3545   14.2175
    7.5000   22.5000  -37.500012007.4170   14.2558
   -7.5000   30.0000  -37.500011800.8213   14.0295
    0.0000   30.0000  -37.500012160.1602   14.0036
    7.5000   30.0000  -37.500011410.6943   14.0407
   -7.5000   37.5000  -37.500011333.2891   13.9914
    0.0000   37.5000  -37.500011679.2861   13.9678
    7.5000   37.5000  -37.500010946.8721   14.0026
   -7.5000   45.0000  -37.500010414.1768   13.6202
    0.0000   45.0000  -37.500010728.6475   13.5995
    7.5000   45.0000  -37.500010080.4033   13.6328
   -7.5000  -45.0000  -30.0000 8616.8828   14.9220
    0.0000  -45.0000  -30.0000 8936.0352   14.8964
    7.5000  -45.0000  -30.0000 8493.9141   14.9289
   -7.5000  -37.5000  -30.0000 9389.9688   14.8410
    0.0000  -37.5000  -30.0000 9739.9199   14.8171
    7.5000  -37.5000  -30.0000 9225.4023   14.8513
   -7.5000  -30.0000  -30.000010500.4141   14.8243
    0.0000  -30.0000  -30.000010911.6729   14.8004
    7.5000  -30.0000  -30.000010316.4248   14.8389
   -7.5000  -22.5000  -30.000011590.7598   14.8079
    0.0000  -22.5000  -30.000012042.4297   14.7827
    7.5000  -22.5000  -30.000011391.3896   14.8240
   -7.5000  -15.0000  -30.000012559.7471   14.7936
    0.0000  -15.0000  -30.000013040.5322   14.7674
    7.5000  -15.0000  -30.000012337.6650   14.8068
   -7.5000   -7.5000  -30.000013426.3652   14.7677
    0.0000   -7.5000  -30.000013942.3740   14.7420
    7.5000   -7.5000  -30.000013171.1768   14.7762
   -7.5000    0.0000  -30.000014229.0830   14.7519
    0.0000    0.0000  -30.000014760.2236   14.7275
    7.5000    0.0000  -30.000013918.8604   14.7588
   -7.5000    7.5000  -30.000013920.0449   14.7684
    0.0000    7.5000  -30.000014465.8926   14.7451
    7.5000    7.5000  -30.000013638.5361   14.7788
   -7.5000   15.0000  -30.000013523.2979   14.7987
    0.0000   15.0000  -30.000014068.5771   14.7749
    7.5000   15.0000  -30.000013240.6045   14.8134
   -7.5000   22.5000  -30.000013086.0264   14.8043
    0.0000   22.5000  -30.000013594.9531   14.7791
    7.5000   22.5000  -30.000012768.2139   14.8204
   -7.5000   30.0000  -30.000012470.4746   14.5978
    0.0000   30.0000  -30.000012904.0596   14.5720
    7.5000   30.0000  -30.000012101.2715   14.6109
   -7.5000   37.5000  -30.000011952.9688   14.5723
    0.0000   37.5000  -30.000012332.3789   14.5469
    7.5000   37.5000  -30.000011580.9590   14.5807
   -7.5000   45.0000  -30.000010972.0127   14.1961
    0.0000   45.0000  -30.000011302.6846   14.1727
    7.5000   45.0000  -30.000010650.5449   14.2028
   -7.5000  -45.0000  -22.5000 9158.2930   15.4608
    0.0000  -45.0000  -22.5000 9481.0840   15.4211
    7.5000  -45.0000  -22.5000 9019.4268   15.4421
   -7.5000  -37.5000  -22.5000 9943.5039   15.3721
    0.0000  -37.5000  -22.500010313.8184   15.3375
    7.5000  -37.5000  -22.5000 9789.8154   15.3607
   -7.5000  -30.0000  -22.500011097.7666   15.3446
    0.0000  -30.0000  -22.500011523.6445   15.3133
    7.5000  -30.0000  -22.500010934.1709   15.3429
   -7.5000  -22.5000  -22.500012264.7891   15.3227
    0.0000  -22.5000  -22.500012720.9043   15.2897
    7.5000  -22.5000  -22.500012060.3926   15.3230
   -7.5000  -15.0000  -22.500013294.7412   15.3127
    0.0000  -15.0000  -22.500013786.4170   15.2754
    7.5000  -15.0000  -22.500013072.4365   15.3054
   -7.5000   -7.5000  -22.500014188.6582   15.2957
    0.0000   -7.5000  -22.500014700.4893   15.2560
    7.5000   -7.5000  -22.500013939.0361   15.2795
   -7.5000    0.0000  -22.500014947.4971   15.2842
    0.0000    0.0000  -22.500015502.1533   15.2462
    7.5000    0.0000  -22.500014706.4590   15.2661
   -7.5000    7.5000  -22.500014605.0410   15.2967
    0.0000    7.5000  -22.500015188.4297   15.2628
    7.5000    7.5000  -22.500014376.0000   15.2856
   -7.5000   15.0000  -22.500014223.8486   15.3181
    0.0000   15.0000  -22.500014826.1621   15.2870
    7.5000   15.0000  -22.500013967.8447   15.3166
   -7.5000   22.5000  -22.500013751.2119   15.3180
    0.0000   22.5000  -22.500014300.5322   15.2850
    7.5000   22.5000  -22.500013461.6230   15.3183
   -7.5000   30.0000  -22.500013049.0977   15.1124
    0.0000   30.0000  -22.500013529.7832   15.0756
    7.5000   30.0000  -22.500012712.4844   15.1052
   -7.5000   37.5000  -22.500012482.2793   15.0956
    0.0000   37.5000  -22.500012919.8203   15.0564
    7.5000   37.5000  -22.500012153.1982   15.0797
   -7.5000   45.0000  -22.500011458.1152   14.7195
    0.0000   45.0000  -22.500011846.5938   14.6828
    7.5000   45.0000  -22.500011131.5264   14.7021
   -7.5000  -45.0000  -15.0000 9685.3535   15.8605
    0.0000  -45.0000  -15.000010024.9424   15.8085
    7.5000  -45.0000  -15.0000 9522.1631   15.8227
   -7.5000  -37.5000  -15.000010498.3369   15.7787
    0.0000  -37.5000  -15.000010866.1963   15.7351
    7.5000  -37.5000  -15.000010329.3955   15.7509
   -7.5000  -30.0000  -15.000011703.1211   15.7535
    0.0000  -30.0000  -15.000012102.1172   15.7154
    7.5000  -30.0000  -15.000011493.9824   15.7367
   -7.5000  -22.5000  -15.000012869.6953   15.7253
    0.0000  -22.5000  -15.000013307.9404   15.6842
    7.5000  -22.5000  -15.000012666.8369   15.7081
   -7.5000  -15.0000  -15.000013987.2070   15.7063
    0.0000  -15.0000  -15.000014456.9990   15.6578
    7.5000  -15.0000  -15.000013777.1797   15.6786
   -7.5000   -7.5000  -15.000014944.9150   15.6854
    0.0000   -7.5000  -15.000015463.2236   15.6330
    7.5000   -7.5000  -15.000014744.0029   15.6490
   -7.5000    0.0000  -15.000015673.0039   15.6793
    0.0000    0.0000  -15.000016264.0645   15.6293
    7.5000    0.0000  -15.000015523.7148   15.6426
   -7.5000    7.5000  -15.000015302.1260   15.7011
    0.0000    7.5000  -15.000015920.4111   15.6584
    7.5000    7.5000  -15.000015159.5713   15.6739
   -7.5000   15.0000  -15.000014848.8516   15.7262
    0.0000   15.0000  -15.000015471.3438   15.6884
    7.5000   15.0000  -15.000014693.8945   15.7097
   -7.5000   22.5000  -15.000014323.9922   15.7198
    0.0000   22.5000  -15.000014883.8115   15.6786
    7.5000   22.5000  -15.000014125.2148   15.7025
   -7.5000   30.0000  -15.000013527.9902   15.5031
    0.0000   30.0000  -15.000014052.0879   15.4551
    7.5000   30.0000  -15.000013278.7344   15.4757
   -7.5000   37.5000  -15.000012947.1602   15.4824
    0.0000   37.5000  -15.000013454.0068   15.4306
    7.5000   37.5000  -15.000012699.7412   15.4465
   -7.5000   45.0000  -15.000011912.2217   15.1091
    0.0000   45.0000  -15.000012351.1641   15.0609
    7.5000   45.0000  -15.000011630.8623   15.0737
   -7.5000  -45.0000   -7.500010190.3438   16.0447
    0.0000  -45.0000   -7.500010542.4502   15.9963
    7.5000  -45.0000   -7.5000 9981.9033   16.0175
   -7.5000  -37.5000   -7.500011030.6211   15.9777
    0.0000  -37.5000   -7.500011416.9395   15.9370
    7.5000  -37.5000   -7.500010843.2070   15.9590
   -7.5000  -30.0000   -7.500012267.1934   15.9675
    0.0000  -30.0000   -7.500012692.2725   15.9308
    7.5000  -30.0000   -7.500012063.7822   15.9549
   -7.5000  -22.5000   -7.500013450.2236   15.9387
    0.0000  -22.5000   -7.500013897.6201   15.8976
    7.5000  -22.5000   -7.500013248.7236   15.9222
   -7.5000  -15.0000   -7.500014623.7900   15.9040
    0.0000  -15.0000   -7.500015091.8574   15.8564
    7.5000  -15.0000   -7.500014428.7559   15.8792
   -7.5000   -7.5000   -7.500015799.0996   15.8678
    0.0000   -7.5000   -7.500016328.4824   15.8180
    7.5000   -7.5000   -7.500015529.6348   15.8389
   -7.5000    0.0000   -7.500016594.1172   15.8618
    0.0000    0.0000   -7.500017225.0352   15.8152
    7.5000    0.0000   -7.500016438.2402   15.8353
   -7.5000    7.5000   -7.500016116.4365   15.8991
    0.0000    7.5000   -7.500016800.6309   15.8593
    7.5000    7.5000   -7.500016074.6396   15.8809
   -7.5000   15.0000   -7.500015557.2451   15.9397
    0.0000   15.0000   -7.500016242.9219   15.9033
    7.5000   15.0000   -7.500015539.7959   15.9274
   -7.5000   22.5000   -7.500014946.7617   15.9313
    0.0000   22.5000   -7.500015582.3252   15.8902
    7.5000   22.5000   -7.500014892.0889   15.9148
   -7.5000   30.0000   -7.500014099.3975   15.6978
    0.0000   30.0000   -7.500014662.4160   15.6508
    7.5000   30.0000   -7.500013918.8867   15.6733
   -7.5000   37.5000   -7.500013553.4961   15.6620
    0.0000   37.5000   -7.500014073.0986   15.6128
    7.5000   37.5000   -7.500013298.7295   15.6335
   -7.5000   45.0000   -7.500012488.0986   15.2878
    0.0000   45.0000   -7.500012930.3291   15.2429
    7.5000   45.0000   -7.500012186.8125   15.2623
   -7.5000  -45.0000    0.000010580.5312   16.0511
    0.0000  -45.0000    0.000010940.2588   16.0161
    7.5000  -45.0000    0.000010360.9668   16.0501
   -7.5000  -37.5000    0.000011454.7100   15.9892
    0.0000  -37.5000    0.000011849.8691   15.9588
    7.5000  -37.5000    0.000011248.8408   15.9933
   -7.5000  -30.0000    0.000012701.9033   15.9912
    0.0000  -30.0000    0.000013141.7051   15.9610
    7.5000  -30.0000    0.000012480.0547   15.9952
   -7.5000  -22.5000    0.000013861.2705   15.9694
    0.0000  -22.5000    0.000014333.2188   15.9343
    7.5000  -22.5000    0.000013694.5693   15.9678
   -7.5000  -15.0000    0.000015029.8691   15.9299
    0.0000  -15.0000    0.000015523.1172   15.8914
    7.5000  -15.0000    0.000014885.1748   15.9242
   -7.5000   -7.5000    0.000016277.8613   15.8815
    0.0000   -7.5000    0.000016807.9316   15.8444
    7.5000   -7.5000    0.000016016.1953   15.8766
   -7.5000    0.0000    0.000017241.1855   15.8684
    0.0000    0.0000    0.000017873.9219   15.8349
    7.5000    0.0000    0.000017014.7715   15.8675
   -7.5000    7.5000    0.000016856.3828   15.9107
    0.0000    7.5000    0.000017549.2441   15.8811
    7.5000    7.5000    0.000016679.6035   15.9150
   -7.5000   15.0000    0.000016318.4746   15.9634
    0.0000   15.0000    0.000016961.6191   15.9334
    7.5000   15.0000    0.000016104.7314   15.9676
   -7.5000   22.5000    0.000015630.8457   15.9620
    0.0000   22.5000    0.000016185.0107   15.9269
    7.5000   22.5000    0.000015393.3340   15.9604
   -7.5000   30.0000    0.000014641.9922   15.7238
    0.0000   30.0000    0.000015101.3184   15.6857
    7.5000   30.0000    0.000014343.9961   15.7181
   -7.5000   37.5000    0.000014022.4873   15.6760
    0.0000   37.5000    0.000014459.5508   15.6393
    7.5000   37.5000    0.000013720.1631   15.6711
   -7.5000   45.0000    0.000012910.7041   15.2953
    0.0000   45.0000    0.000013309.5947   15.2630
    7.5000   45.0000    0.000012629.4590   15.2944
   -7.5000  -45.0000    7.500010067.4473   16.0322
    0.0000  -45.0000    7.500010442.9688   16.0069
    7.5000  -45.0000    7.5000 9877.3457   16.0471
   -7.5000  -37.5000    7.500010889.0752   15.9596
    0.0000  -37.5000    7.500011302.1602   15.9362
    7.5000  -37.5000    7.500010709.3359   15.9772
   -7.5000  -30.0000    7.500012109.1377   15.9568
    0.0000  -30.0000    7.500012552.3457   15.9318
    7.5000  -30.0000    7.500011905.4980   15.9741
   -7.5000  -22.5000    7.500013268.9238   15.9405
    0.0000  -22.5000    7.500013747.3770   15.9120
    7.5000  -22.5000    7.500013110.7783   15.9548
   -7.5000  -15.0000    7.500014420.7168   15.9114
    0.0000  -15.0000    7.500014898.0781   15.8821
    7.5000  -15.0000    7.500014252.6826   15.9242
   -7.5000   -7.5000    7.500015510.6211   15.8682
    0.0000   -7.5000    7.500016005.6504   15.8414
    7.5000   -7.5000    7.500015288.5068   15.8810
   -7.5000    0.0000    7.500016468.7637   15.8496
    0.0000    0.0000    7.500016953.3730   15.8256
    7.5000    0.0000    7.500016209.6445   15.8644
   -7.5000    7.5000    7.500016246.8145   15.8815
    0.0000    7.5000    7.500016712.9609   15.8587
    7.5000    7.5000    7.500015911.7949   15.8992
   -7.5000   15.0000    7.500015787.2891   15.9291
    0.0000   15.0000    7.500016215.3848   15.9043
    7.5000   15.0000    7.500015378.8896   15.9465
   -7.5000   22.5000    7.500015067.0068   15.9332
    0.0000   22.5000    7.500015499.8594   15.9047
    7.5000   22.5000    7.500014733.7363   15.9475
   -7.5000   30.0000    7.500014013.3301   15.7055
    0.0000   30.0000    7.500014418.1533   15.6766
    7.5000   30.0000    7.500013701.9131   15.7181
   -7.5000   37.5000    7.500013377.2158   15.6628
    0.0000   37.5000    7.500013786.7158   15.6364
    7.5000   37.5000    7.500013118.3525   15.6754
   -7.5000   45.0000    7.500012323.8242   15.2772
    0.0000   45.0000    7.500012697.2275   15.2541
    7.5000   45.0000    7.500012090.1504   15.2914
   -7.5000  -45.0000   15.0000 9469.0205   16.0623
    0.0000  -45.0000   15.0000 9802.1445   16.0345
    7.5000  -45.0000   15.0000 9289.0420   16.0694
   -7.5000  -37.5000   15.000010270.8047   15.9748
    0.0000  -37.5000   15.000010637.7607   15.9490
    7.5000  -37.5000   15.000010088.3945   15.9857
   -7.5000  -30.0000   15.000011420.1729   15.9565
    0.0000  -30.0000   15.000011849.6943   15.9307
    7.5000  -30.0000   15.000011225.0635   15.9721
   -7.5000  -22.5000   15.000012580.0820   15.9385
    0.0000  -22.5000   15.000013052.8994   15.9113
    7.5000  -22.5000   15.000012338.7900   15.9558
   -7.5000  -15.0000   15.000013695.0566   15.9231
    0.0000  -15.0000   15.000014160.9766   15.8948
    7.5000  -15.0000   15.000013381.5449   15.9371
   -7.5000   -7.5000   15.000014663.5078   15.8955
    0.0000   -7.5000   15.000015136.6172   15.8677
    7.5000   -7.5000   15.000014344.2764   15.9044
   -7.5000    0.0000   15.000015474.1836   15.8787
    0.0000    0.0000   15.000015956.1689   15.8523
    7.5000    0.0000   15.000015186.8330   15.8858
   -7.5000    7.5000   15.000015190.6943   15.8965
    0.0000    7.5000   15.000015681.5137   15.8713
    7.5000    7.5000   15.000014905.1553   15.9074
   -7.5000   15.0000   15.000014741.6660   15.9288
    0.0000   15.0000   15.000015246.4326   15.9032
    7.5000   15.0000   15.000014463.4316   15.9445
   -7.5000   22.5000   15.000014103.5684   15.9312
    0.0000   22.5000   15.000014630.9658   15.9039
    7.5000   22.5000   15.000013905.6123   15.9484
   -7.5000   30.0000   15.000013130.4541   15.7170
    0.0000   30.0000   15.000013610.6777   15.6891
    7.5000   30.0000   15.000012933.2070   15.7309
   -7.5000   37.5000   15.000012577.0166   15.6898
    0.0000   37.5000   15.000013025.9619   15.6623
    7.5000   37.5000   15.000012382.6309   15.6986
   -7.5000   45.0000   15.000011578.5098   15.3052
    0.0000   45.0000   15.000011982.3232   15.2798
    7.5000   45.0000   15.000011373.8770   15.3121
   -7.5000  -45.0000   22.5000 8831.8047   16.2021
    0.0000  -45.0000   22.5000 9173.8320   16.1597
    7.5000  -45.0000   22.5000 8633.0625   16.1810
   -7.5000  -37.5000   22.5000 9602.0000   16.1095
    0.0000  -37.5000   22.5000 9986.1240   16.0726
    7.5000  -37.5000   22.5000 9383.1826   16.0963
   -7.5000  -30.0000   22.500010686.8154   16.0808
    0.0000  -30.0000   22.500011135.9658   16.0473
    7.5000  -30.0000   22.500010446.5225   16.0780
   -7.5000  -22.5000   22.500011753.9170   16.0573
    0.0000  -22.5000   22.500012230.1436   16.0221
    7.5000  -22.5000   22.500011494.8701   16.0567
   -7.5000  -15.0000   22.500012742.3027   16.0466
    0.0000  -15.0000   22.500013239.0371   16.0068
    7.5000  -15.0000   22.500012484.6553   16.0379
   -7.5000   -7.5000   22.500013629.7803   16.0291
    0.0000   -7.5000   22.500014100.9180   15.9867
    7.5000   -7.5000   22.500013379.8896   16.0108
   -7.5000    0.0000   22.500014392.7578   16.0175
    0.0000    0.0000   22.500014888.1006   15.9769
    7.5000    0.0000   22.500014176.3350   15.9972
   -7.5000    7.5000   22.500014103.4141   16.0307
    0.0000    7.5000   22.500014588.8232   15.9945
    7.5000    7.5000   22.500013912.9062   16.0179
   -7.5000   15.0000   22.500013695.9434   16.0529
    0.0000   15.0000   22.500014164.7578   16.0197
    7.5000   15.0000   22.500013486.2988   16.0503
   -7.5000   22.5000   22.500013163.3887   16.0499
    0.0000   22.5000   22.500013637.8564   16.0147
    7.5000   22.5000   22.500013000.7500   16.0493
   -7.5000   30.0000   22.500012283.8525   15.8390
    0.0000   30.0000   22.500012709.4951   15.7997
    7.5000   30.0000   22.500012116.6670   15.8304
   -7.5000   37.5000   22.500011770.5195   15.8216
    0.0000   37.5000   22.500012174.8789   15.7798
    7.5000   37.5000   22.500011612.0771   15.8036
   -7.5000   45.0000   22.500010828.9268   15.4390
    0.0000   45.0000   22.500011196.0322   15.3998
    7.5000   45.0000   22.500010662.6758   15.4194
   -7.5000  -45.0000   30.0000 8121.1948   16.4086
    0.0000  -45.0000   30.0000 8432.6699   16.3535
    7.5000  -45.0000   30.0000 7957.0547   16.3678
   -7.5000  -37.5000   30.0000 8834.4336   16.3259
    0.0000  -37.5000   30.0000 9208.3174   16.2798
    7.5000  -37.5000   30.0000 8648.2393   16.2960
   -7.5000  -30.0000   30.0000 9824.8535   16.3016
    0.0000  -30.0000   30.000010242.8779   16.2614
    7.5000  -30.0000   30.0000 9619.4619   16.2837
   -7.5000  -22.5000   30.000010774.9922   16.2717
    0.0000  -22.5000   30.000011212.6318   16.2285
    7.5000  -22.5000   30.000010569.7119   16.2536
   -7.5000  -15.0000   30.000011684.9795   16.2514
    0.0000  -15.0000   30.000012148.4727   16.2003
    7.5000  -15.0000   30.000011475.8408   16.2221
   -7.5000   -7.5000   30.000012494.8271   16.2301
    0.0000   -7.5000   30.000012974.8750   16.1747
    7.5000   -7.5000   30.000012315.2305   16.1911
   -7.5000    0.0000   30.000013190.5615   16.2245
    0.0000    0.0000   30.000013679.1387   16.1715
    7.5000    0.0000   30.000013031.7910   16.1850
   -7.5000    7.5000   30.000012929.4492   16.2476
    0.0000    7.5000   30.000013390.5293   16.2023
    7.5000    7.5000   30.000012769.5645   16.2183
   -7.5000   15.0000   30.000012572.0566   16.2734
    0.0000   15.0000   30.000013020.9268   16.2336
    7.5000   15.0000   30.000012390.4111   16.2559
   -7.5000   22.5000   30.000012111.8838   16.2642
    0.0000   22.5000   30.000012537.5635   16.2210
    7.5000   22.5000   30.000011950.0635   16.2461
   -7.5000   30.0000   30.000011312.3008   16.0411
    0.0000   30.0000   30.000011700.3477   15.9906
    7.5000   30.0000   30.000011132.5889   16.0121
   -7.5000   37.5000   30.000010846.4658   16.0201
    0.0000   37.5000   30.000011229.0068   15.9654
    7.5000   37.5000   30.000010696.8330   15.9815
   -7.5000   45.0000   30.0000 9991.1484   15.6386
    0.0000   45.0000   30.000010344.6504   15.5875
    7.5000   45.0000   30.0000 9830.2959   15.6004
   -7.5000  -45.0000   37.5000 7723.2104   16.7891
    0.0000  -45.0000   37.5000 8007.5254   16.7382
    7.5000  -45.0000   37.5000 7585.0889   16.7602
   -7.5000  -37.5000   37.5000 8425.1592   16.7172
    0.0000  -37.5000   37.5000 8765.2969   16.6754
    7.5000  -37.5000   37.5000 8264.4678   16.6985
   -7.5000  -30.0000   37.5000 9375.3711   16.7082
    0.0000  -30.0000   37.5000 9770.4346   16.6715
    7.5000  -30.0000   37.5000 9206.9648   16.6980
   -7.5000  -22.5000   37.500010288.5322   16.6804
    0.0000  -22.5000   37.500010702.1836   16.6392
    7.5000  -22.5000   37.500010095.0469   16.6671
   -7.5000  -15.0000   37.500011131.0049   16.6472
    0.0000  -15.0000   37.500011558.6279   16.5986
    7.5000  -15.0000   37.500010924.2607   16.6243
   -7.5000   -7.5000   37.500011906.7178   16.6102
    0.0000   -7.5000   37.500012362.7598   16.5584
    7.5000   -7.5000   37.500011735.3262   16.5808
   -7.5000    0.0000   37.500012574.3457   16.6020
    0.0000    0.0000   37.500013026.8477   16.5532
    7.5000    0.0000   37.500012412.3350   16.5740
   -7.5000    7.5000   37.500012311.7686   16.6379
    0.0000    7.5000   37.500012746.7148   16.5970
    7.5000    7.5000   37.500012154.3271   16.6198
   -7.5000   15.0000   37.500011981.8184   16.6792
    0.0000   15.0000   37.500012402.5273   16.6428
    7.5000   15.0000   37.500011802.7227   16.6694
   -7.5000   22.5000   37.500011583.5244   16.6727
    0.0000   22.5000   37.500011995.9053   16.6315
    7.5000   22.5000   37.500011419.5869   16.6594
   -7.5000   30.0000   37.500010813.2783   16.4318
    0.0000   30.0000   37.500011195.5811   16.3838
    7.5000   30.0000   37.500010647.6514   16.4092
   -7.5000   37.5000   37.500010395.3389   16.3952
    0.0000   37.5000   37.500010757.4561   16.3441
    7.5000   37.5000   37.500010241.6904   16.3662
   -7.5000   45.0000   37.5000 9587.0430   16.0024
    0.0000   45.0000   37.5000 9917.2188   15.9554
    7.5000   45.0000   37.5000 9417.7842   15.9754
   -7.5000  -45.0000   45.0000 7045.6431   17.2266
    0.0000  -45.0000   45.0000 7287.1177   17.1875
    7.5000  -45.0000   45.0000 6948.2515   17.2253
   -7.5000  -37.5000   45.0000 7687.7383   17.1572
    0.0000  -37.5000   45.0000 7968.6216   17.1241
    7.5000  -37.5000   45.0000 7554.8804   17.1627
   -7.5000  -30.0000   45.0000 8574.1250   17.1612
    0.0000  -30.0000   45.0000 8889.2188   17.1295
    7.5000  -30.0000   45.0000 8427.1299   17.1691
   -7.5000  -22.5000   45.0000 9401.6006   17.1391
    0.0000  -22.5000   45.0000 9742.4326   17.1026
    7.5000  -22.5000   45.0000 9241.6377   17.1427
   -7.5000  -15.0000   45.000010157.8789   17.1002
    0.0000  -15.0000   45.000010514.5898   17.0595
    7.5000  -15.0000   45.0000 9966.5195   17.0988
   -7.5000   -7.5000   45.000010846.9551   17.0498
    0.0000   -7.5000   45.000011250.1621   17.0093
    7.5000   -7.5000   45.000010673.3320   17.0464
   -7.5000    0.0000   45.000011441.7031   17.0341
    0.0000    0.0000   45.000011872.9492   16.9968
    7.5000    0.0000   45.000011273.2578   17.0330
   -7.5000    7.5000   45.000011229.7344   17.0763
    0.0000    7.5000   45.000011620.7900   17.0441
    7.5000    7.5000   45.000011045.7930   17.0821
   -7.5000   15.0000   45.000010935.4521   17.1311
    0.0000   15.0000   45.000011324.8193   17.0997
    7.5000   15.0000   45.000010744.3574   17.1393
   -7.5000   22.5000   45.000010590.6357   17.1311
    0.0000   22.5000   45.000010974.7480   17.0947
    7.5000   22.5000   45.000010420.1748   17.1347
   -7.5000   30.0000   45.0000 9889.7041   16.8774
    0.0000   30.0000   45.000010247.4951   16.8373
    7.5000   30.0000   45.0000 9731.4727   16.8760
   -7.5000   37.5000   45.0000 9515.0186   16.8277
    0.0000   37.5000   45.0000 9873.8115   16.7877
    7.5000   37.5000   45.0000 9368.9209   16.8243
   -7.5000   45.0000   45.0000 8791.0234   16.4264
    0.0000   45.0000   45.0000 9110.3887   16.3904
    7.5000   45.0000   45.0000 8635.1250   16.4253

---------------------------------------------------------------------
imgreg_4dfp /opt/freesurfer/average/711-2C_as_mni_average_305 /opt/freesurfer/average/711-2B_as_mni_average_305_mask talsrcimg_g11 none talsrcimg_to_711-2C_as_mni_average_305_t4 4355
---------------------------------------------------------------------

freesurfer imgreg_4dfp.c
/opt/freesurfer/average/711-2C_as_mni_average_305.4dfp.img
       256       256       256         1
  1.000000  1.000000  1.000000
orientation T byte_order littleendian
Reading image: /opt/freesurfer/average/711-2C_as_mni_average_305.4dfp.img
dimensions:      256       256       256
mmppix:       1.0000   -1.0000   -1.0000
center:     128.0000 -129.0000 -129.0000
/opt/freesurfer/average/711-2B_as_mni_average_305_mask.4dfp.img
       256       256       256         1
  1.000000  1.000000  1.000000
orientation T byte_order littleendian
Reading mask: /opt/freesurfer/average/711-2B_as_mni_average_305_mask.4dfp.img (2306576 pixels)
talsrcimg_g11.4dfp.img
       256       256       256         1
  1.000000  1.000000  1.000000
orientation T byte_order littleendian
Reading image: talsrcimg_g11.4dfp.img
dimensions:      256       256       256
mmppix:       1.0000   -1.0000   -1.0000
center:     128.0000 -129.0000 -129.0000
rotation matrix determinant  1.000000
image alignment mode   4355 decimal     1103 hex
   -7.5000  -45.0000  -45.0000 2012.8707   17.4222
    0.0000  -45.0000  -45.0000 2010.3788   17.5085
    7.5000  -45.0000  -45.0000 1986.0819   17.7427
   -7.5000  -37.5000  -45.0000 2135.1865   15.6197
    0.0000  -37.5000  -45.0000 2128.6689   15.6711
    7.5000  -37.5000  -45.0000 2100.1804   15.9097
   -7.5000  -30.0000  -45.0000 2247.4834   14.2557
    0.0000  -30.0000  -45.0000 2239.6562   14.2753
    7.5000  -30.0000  -45.0000 2207.0337   14.4874
   -7.5000  -22.5000  -45.0000 2341.8442   13.1502
    0.0000  -22.5000  -45.0000 2334.3574   13.1522
    7.5000  -22.5000  -45.0000 2298.3706   13.3520
   -7.5000  -15.0000  -45.0000 2398.7424   12.3318
    0.0000  -15.0000  -45.0000 2386.7588   12.3120
    7.5000  -15.0000  -45.0000 2359.7063   12.5104
   -7.5000   -7.5000  -45.0000 2441.2288   11.7572
    0.0000   -7.5000  -45.0000 2430.6750   11.7316
    7.5000   -7.5000  -45.0000 2396.7825   11.9447
   -7.5000    0.0000  -45.0000 2461.1052   11.4345
    0.0000    0.0000  -45.0000 2453.3091   11.4161
    7.5000    0.0000  -45.0000 2417.0063   11.6612
   -7.5000    7.5000  -45.0000 2460.0337   11.4063
    0.0000    7.5000  -45.0000 2455.3701   11.3588
    7.5000    7.5000  -45.0000 2420.8123   11.6253
   -7.5000   15.0000  -45.0000 2446.5105   11.5798
    0.0000   15.0000  -45.0000 2439.4663   11.5417
    7.5000   15.0000  -45.0000 2404.7717   11.8097
   -7.5000   22.5000  -45.0000 2415.6948   11.9998
    0.0000   22.5000  -45.0000 2408.6897   11.9473
    7.5000   22.5000  -45.0000 2371.3125   12.2300
   -7.5000   30.0000  -45.0000 2363.4961   12.6713
    0.0000   30.0000  -45.0000 2354.8037   12.6029
    7.5000   30.0000  -45.0000 2316.9612   12.8911
   -7.5000   37.5000  -45.0000 2290.3359   13.6354
    0.0000   37.5000  -45.0000 2285.2109   13.5730
    7.5000   37.5000  -45.0000 2240.8472   13.8723
   -7.5000   45.0000  -45.0000 2187.6851   14.8842
    0.0000   45.0000  -45.0000 2179.9294   14.8420
    7.5000   45.0000  -45.0000 2138.6814   15.1634
   -7.5000  -45.0000  -37.5000 2075.3003   16.3000
    0.0000  -45.0000  -37.5000 2071.5969   16.3737
    7.5000  -45.0000  -37.5000 2046.8491   16.7024
   -7.5000  -37.5000  -37.5000 2207.2273   14.5896
    0.0000  -37.5000  -37.5000 2200.5452   14.6608
    7.5000  -37.5000  -37.5000 2166.6848   14.9311
   -7.5000  -30.0000  -37.5000 2322.6724   13.2887
    0.0000  -30.0000  -37.5000 2315.2402   13.3220
    7.5000  -30.0000  -37.5000 2274.3987   13.5638
   -7.5000  -22.5000  -37.5000 2415.2336   12.2568
    0.0000  -22.5000  -37.5000 2407.4741   12.2742
    7.5000  -22.5000  -37.5000 2369.8608   12.4828
   -7.5000  -15.0000  -37.5000 2472.4043   11.4664
    0.0000  -15.0000  -37.5000 2466.5334   11.4603
    7.5000  -15.0000  -37.5000 2433.8645   11.6588
   -7.5000   -7.5000  -37.5000 2526.4248   10.9170
    0.0000   -7.5000  -37.5000 2519.6477   10.8989
    7.5000   -7.5000  -37.5000 2479.0071   11.1229
   -7.5000    0.0000  -37.5000 2559.1536   10.5987
    0.0000    0.0000  -37.5000 2549.1096   10.5844
    7.5000    0.0000  -37.5000 2509.0862   10.8199
   -7.5000    7.5000  -37.5000 2568.1304   10.5666
    0.0000    7.5000  -37.5000 2561.7678   10.5236
    7.5000    7.5000  -37.5000 2523.9585   10.7721
   -7.5000   15.0000  -37.5000 2552.9629   10.7396
    0.0000   15.0000  -37.5000 2547.5566   10.6994
    7.5000   15.0000  -37.5000 2506.1648   10.9522
   -7.5000   22.5000  -37.5000 2517.9727   11.1615
    0.0000   22.5000  -37.5000 2514.6599   11.1249
    7.5000   22.5000  -37.5000 2467.5200   11.3781
   -7.5000   30.0000  -37.5000 2461.7566   11.7911
    0.0000   30.0000  -37.5000 2454.5171   11.7328
    7.5000   30.0000  -37.5000 2407.7891   12.0113
   -7.5000   37.5000  -37.5000 2378.1758   12.6658
    0.0000   37.5000  -37.5000 2374.1604   12.6357
    7.5000   37.5000  -37.5000 2323.7646   12.9194
   -7.5000   45.0000  -37.5000 2269.0798   13.8465
    0.0000   45.0000  -37.5000 2265.3977   13.7999
    7.5000   45.0000  -37.5000 2222.6506   14.0984
   -7.5000  -45.0000  -30.0000 2163.5115   15.9900
    0.0000  -45.0000  -30.0000 2161.9060   16.0183
    7.5000  -45.0000  -30.0000 2135.4128   16.3823
   -7.5000  -37.5000  -30.0000 2301.8657   14.2761
    0.0000  -37.5000  -30.0000 2297.9224   14.2787
    7.5000  -37.5000  -30.0000 2261.0520   14.6343
   -7.5000  -30.0000  -30.0000 2418.4075   12.9371
    0.0000  -30.0000  -30.0000 2416.6086   12.9532
    7.5000  -30.0000  -30.0000 2372.6697   13.2521
   -7.5000  -22.5000  -30.0000 2518.0901   11.8687
    0.0000  -22.5000  -30.0000 2517.7415   11.8892
    7.5000  -22.5000  -30.0000 2476.5610   12.1595
   -7.5000  -15.0000  -30.0000 2589.6169   11.0986
    0.0000  -15.0000  -30.0000 2588.9060   11.0818
    7.5000  -15.0000  -30.0000 2550.0151   11.3201
   -7.5000   -7.5000  -30.0000 2651.8223   10.5404
    0.0000   -7.5000  -30.0000 2649.2473   10.5112
    7.5000   -7.5000  -30.0000 2607.4321   10.7739
   -7.5000    0.0000  -30.0000 2698.8206   10.2075
    0.0000    0.0000  -30.0000 2693.1777   10.1990
    7.5000    0.0000  -30.0000 2644.2808   10.4510
   -7.5000    7.5000  -30.0000 2716.4451   10.1435
    0.0000    7.5000  -30.0000 2711.3423   10.1241
    7.5000    7.5000  -30.0000 2665.3633   10.3687
   -7.5000   15.0000  -30.0000 2703.3154   10.3227
    0.0000   15.0000  -30.0000 2701.6821   10.3117
    7.5000   15.0000  -30.0000 2651.9026   10.5522
   -7.5000   22.5000  -30.0000 2671.3967   10.7520
    0.0000   22.5000  -30.0000 2670.8110   10.7121
    7.5000   22.5000  -30.0000 2613.5842   10.9747
   -7.5000   30.0000  -30.0000 2601.1147   11.3888
    0.0000   30.0000  -30.0000 2599.8650   11.3429
    7.5000   30.0000  -30.0000 2543.1719   11.6363
   -7.5000   37.5000  -30.0000 2504.0078   12.2586
    0.0000   37.5000  -30.0000 2497.8708   12.2118
    7.5000   37.5000  -30.0000 2449.8650   12.5071
   -7.5000   45.0000  -30.0000 2380.8354   13.4216
    0.0000   45.0000  -30.0000 2378.0369   13.3643
    7.5000   45.0000  -30.0000 2339.7861   13.6708
   -7.5000  -45.0000  -22.5000 2227.9846   15.7468
    0.0000  -45.0000  -22.5000 2220.4587   15.6898
    7.5000  -45.0000  -22.5000 2196.5347   16.1086
   -7.5000  -37.5000  -22.5000 2355.6033   13.9734
    0.0000  -37.5000  -22.5000 2355.5176   13.9394
    7.5000  -37.5000  -22.5000 2321.3953   14.3352
   -7.5000  -30.0000  -22.5000 2469.3765   12.6050
    0.0000  -30.0000  -22.5000 2473.2761   12.5911
    7.5000  -30.0000  -22.5000 2437.6858   12.9479
   -7.5000  -22.5000  -22.5000 2583.9495   11.5275
    0.0000  -22.5000  -22.5000 2586.1433   11.5154
    7.5000  -22.5000  -22.5000 2547.9495   11.8236
   -7.5000  -15.0000  -22.5000 2673.8076   10.6917
    0.0000  -15.0000  -22.5000 2673.9387   10.6867
    7.5000  -15.0000  -22.5000 2634.2712   10.9673
   -7.5000   -7.5000  -22.5000 2750.4805   10.1412
    0.0000   -7.5000  -22.5000 2749.4346   10.1156
    7.5000   -7.5000  -22.5000 2704.1135   10.4035
   -7.5000    0.0000  -22.5000 2806.9639    9.7943
    0.0000    0.0000  -22.5000 2804.4155    9.7866
    7.5000    0.0000  -22.5000 2748.3975   10.0686
   -7.5000    7.5000  -22.5000 2834.0410    9.6995
    0.0000    7.5000  -22.5000 2832.2307    9.6949
    7.5000    7.5000  -22.5000 2773.6475    9.9815
   -7.5000   15.0000  -22.5000 2822.6426    9.8902
    0.0000   15.0000  -22.5000 2827.0007    9.8826
    7.5000   15.0000  -22.5000 2768.8577   10.1459
   -7.5000   22.5000  -22.5000 2780.6250   10.3059
    0.0000   22.5000  -22.5000 2784.0745   10.2765
    7.5000   22.5000  -22.5000 2729.6326   10.5518
   -7.5000   30.0000  -22.5000 2698.6748   10.9431
    0.0000   30.0000  -22.5000 2701.0605   10.9125
    7.5000   30.0000  -22.5000 2646.0454   11.2212
   -7.5000   37.5000  -22.5000 2592.0261   11.8385
    0.0000   37.5000  -22.5000 2589.4890   11.7891
    7.5000   37.5000  -22.5000 2541.8899   12.1100
   -7.5000   45.0000  -22.5000 2462.0437   13.0207
    0.0000   45.0000  -22.5000 2458.4153   12.9478
    7.5000   45.0000  -22.5000 2410.5601   13.2801
   -7.5000  -45.0000  -15.0000 2257.5427   15.4885
    0.0000  -45.0000  -15.0000 2253.7678   15.4189
    7.5000  -45.0000  -15.0000 2227.0452   15.8644
   -7.5000  -37.5000  -15.0000 2381.8696   13.6899
    0.0000  -37.5000  -15.0000 2381.3848   13.6402
    7.5000  -37.5000  -15.0000 2347.8044   14.1081
   -7.5000  -30.0000  -15.0000 2499.0762   12.3042
    0.0000  -30.0000  -15.0000 2497.8330   12.2623
    7.5000  -30.0000  -15.0000 2461.3333   12.7017
   -7.5000  -22.5000  -15.0000 2613.1753   11.2186
    0.0000  -22.5000  -15.0000 2614.1885   11.1707
    7.5000  -22.5000  -15.0000 2576.1992   11.5627
   -7.5000  -15.0000  -15.0000 2718.1577   10.3662
    0.0000  -15.0000  -15.0000 2718.2185   10.3358
    7.5000  -15.0000  -15.0000 2676.2988   10.7010
   -7.5000   -7.5000  -15.0000 2814.3562    9.8040
    0.0000   -7.5000  -15.0000 2816.5085    9.7835
    7.5000   -7.5000  -15.0000 2763.7124   10.1018
   -7.5000    0.0000  -15.0000 2887.6902    9.4240
    0.0000    0.0000  -15.0000 2885.3230    9.4319
    7.5000    0.0000  -15.0000 2818.3447    9.7777
   -7.5000    7.5000  -15.0000 2927.4199    9.3161
    0.0000    7.5000  -15.0000 2927.1145    9.3299
    7.5000    7.5000  -15.0000 2849.0242    9.6853
   -7.5000   15.0000  -15.0000 2905.9451    9.5275
    0.0000   15.0000  -15.0000 2912.4055    9.5114
    7.5000   15.0000  -15.0000 2842.5190    9.8459
   -7.5000   22.5000  -15.0000 2856.3145    9.9182
    0.0000   22.5000  -15.0000 2858.1919    9.8964
    7.5000   22.5000  -15.0000 2794.6426   10.2346
   -7.5000   30.0000  -15.0000 2762.9771   10.5710
    0.0000   30.0000  -15.0000 2765.5940   10.5445
    7.5000   30.0000  -15.0000 2705.0649   10.8935
   -7.5000   37.5000  -15.0000 2641.7769   11.4772
    0.0000   37.5000  -15.0000 2644.9617   11.4478
    7.5000   37.5000  -15.0000 2589.8040   11.7867
   -7.5000   45.0000  -15.0000 2507.8091   12.6363
    0.0000   45.0000  -15.0000 2503.4839   12.6062
    7.5000   45.0000  -15.0000 2454.2910   12.9428
   -7.5000  -45.0000   -7.5000 2269.4758   15.2314
    0.0000  -45.0000   -7.5000 2273.4480   15.1507
    7.5000  -45.0000   -7.5000 2234.0430   15.6704
   -7.5000  -37.5000   -7.5000 2388.6123   13.4366
    0.0000  -37.5000   -7.5000 2390.8818   13.3612
    7.5000  -37.5000   -7.5000 2352.6719   13.8785
   -7.5000  -30.0000   -7.5000 2508.5098   12.0607
    0.0000  -30.0000   -7.5000 2505.2952   11.9927
    7.5000  -30.0000   -7.5000 2465.7346   12.4890
   -7.5000  -22.5000   -7.5000 2627.7144   10.9520
    0.0000  -22.5000   -7.5000 2624.8174   10.8992
    7.5000  -22.5000   -7.5000 2583.9197   11.3514
   -7.5000  -15.0000   -7.5000 2737.3965   10.1255
    0.0000  -15.0000   -7.5000 2742.0127   10.0541
    7.5000  -15.0000   -7.5000 2693.7947   10.4680
   -7.5000   -7.5000   -7.5000 2850.3237    9.5711
    0.0000   -7.5000   -7.5000 2853.6892    9.5079
    7.5000   -7.5000   -7.5000 2799.2961    9.8731
   -7.5000    0.0000   -7.5000 2945.3860    9.2223
    0.0000    0.0000   -7.5000 2944.6274    9.1978
    7.5000    0.0000   -7.5000 2868.6487    9.5563
   -7.5000    7.5000   -7.5000 3001.1602    9.0638
    0.0000    7.5000   -7.5000 3001.3821    9.0900
    7.5000    7.5000   -7.5000 2903.5168    9.4884
   -7.5000   15.0000   -7.5000 2963.6216    9.2656
    0.0000   15.0000   -7.5000 2972.7957    9.2849
    7.5000   15.0000   -7.5000 2887.5669    9.6420
   -7.5000   22.5000   -7.5000 2893.0896    9.6640
    0.0000   22.5000   -7.5000 2901.1284    9.6704
    7.5000   22.5000   -7.5000 2829.4336    9.9971
   -7.5000   30.0000   -7.5000 2793.4971   10.3107
    0.0000   30.0000   -7.5000 2796.8467   10.3140
    7.5000   30.0000   -7.5000 2736.6719   10.6030
   -7.5000   37.5000   -7.5000 2667.6301   11.2075
    0.0000   37.5000   -7.5000 2672.1255   11.1847
    7.5000   37.5000   -7.5000 2614.3757   11.4769
   -7.5000   45.0000   -7.5000 2527.7307   12.3622
    0.0000   45.0000   -7.5000 2528.4309   12.3208
    7.5000   45.0000   -7.5000 2477.4592   12.6364
   -7.5000  -45.0000    0.0000 2266.8640   15.2383
    0.0000  -45.0000    0.0000 2270.9319   15.0991
    7.5000  -45.0000    0.0000 2230.0854   15.6304
   -7.5000  -37.5000    0.0000 2384.6477   13.4170
    0.0000  -37.5000    0.0000 2390.7168   13.3193
    7.5000  -37.5000    0.0000 2349.7610   13.8562
   -7.5000  -30.0000    0.0000 2501.4744   12.0240
    0.0000  -30.0000    0.0000 2503.7078   11.9221
    7.5000  -30.0000    0.0000 2457.3252   12.4325
   -7.5000  -22.5000    0.0000 2620.0469   10.8743
    0.0000  -22.5000    0.0000 2623.8618   10.8019
    7.5000  -22.5000    0.0000 2575.9170   11.2831
   -7.5000  -15.0000    0.0000 2739.1406   10.0079
    0.0000  -15.0000    0.0000 2745.3860    9.9329
    7.5000  -15.0000    0.0000 2695.1028   10.3992
   -7.5000   -7.5000    0.0000 2853.9993    9.4416
    0.0000   -7.5000    0.0000 2862.3523    9.3676
    7.5000   -7.5000    0.0000 2811.2903    9.8152
   -7.5000    0.0000    0.0000 2956.7891    9.1892
    0.0000    0.0000    0.0000 2965.8423    9.1313
    7.5000    0.0000    0.0000 2888.9600    9.5011
   -7.5000    7.5000    0.0000 3024.0884    9.1092
    0.0000    7.5000    0.0000 3030.1558    9.0945
    7.5000    7.5000    0.0000 2920.4109    9.4465
   -7.5000   15.0000    0.0000 2994.7534    9.2816
    0.0000   15.0000    0.0000 2998.8213    9.2564
    7.5000   15.0000    0.0000 2897.7502    9.6008
   -7.5000   22.5000    0.0000 2909.8787    9.6513
    0.0000   22.5000    0.0000 2912.4265    9.6065
    7.5000   22.5000    0.0000 2836.7307    9.9112
   -7.5000   30.0000    0.0000 2797.5100   10.2542
    0.0000   30.0000    0.0000 2803.3062   10.2025
    7.5000   30.0000    0.0000 2742.3472   10.5029
   -7.5000   37.5000    0.0000 2666.8982   11.1052
    0.0000   37.5000    0.0000 2675.4873   11.0591
    7.5000   37.5000    0.0000 2620.3914   11.3518
   -7.5000   45.0000    0.0000 2526.1006   12.2168
    0.0000   45.0000    0.0000 2531.1902   12.1800
    7.5000   45.0000    0.0000 2482.1221   12.4782
   -7.5000  -45.0000    7.5000 2246.9075   15.4512
    0.0000  -45.0000    7.5000 2253.4480   15.2864
    7.5000  -45.0000    7.5000 2214.6694   15.8028
   -7.5000  -37.5000    7.5000 2372.4968   13.5633
    0.0000  -37.5000    7.5000 2379.4939   13.4732
    7.5000  -37.5000    7.5000 2338.0718   13.9841
   -7.5000  -30.0000    7.5000 2486.7566   12.1655
    0.0000  -30.0000    7.5000 2491.8721   12.0759
    7.5000  -30.0000    7.5000 2448.0205   12.5712
   -7.5000  -22.5000    7.5000 2602.4431   11.0669
    0.0000  -22.5000    7.5000 2610.8740   10.9698
    7.5000  -22.5000    7.5000 2570.5708   11.4633
   -7.5000  -15.0000    7.5000 2724.1489   10.2122
    0.0000  -15.0000    7.5000 2728.5938   10.1214
    7.5000  -15.0000    7.5000 2687.3782   10.5914
   -7.5000   -7.5000    7.5000 2839.9915    9.6667
    0.0000   -7.5000    7.5000 2846.4009    9.5795
    7.5000   -7.5000    7.5000 2796.9365   10.0024
   -7.5000    0.0000    7.5000 2934.4763    9.3453
    0.0000    0.0000    7.5000 2935.0989    9.2850
    7.5000    0.0000    7.5000 2872.8318    9.6712
   -7.5000    7.5000    7.5000 2982.2551    9.3194
    0.0000    7.5000    7.5000 2983.8003    9.2446
    7.5000    7.5000    7.5000 2902.8691    9.6082
   -7.5000   15.0000    7.5000 2955.8958    9.5171
    0.0000   15.0000    7.5000 2959.3694    9.4431
    7.5000   15.0000    7.5000 2877.9724    9.7475
   -7.5000   22.5000    7.5000 2879.4998    9.8789
    0.0000   22.5000    7.5000 2886.2251    9.8043
    7.5000   22.5000    7.5000 2816.7476   10.0787
   -7.5000   30.0000    7.5000 2772.3889   10.4479
    0.0000   30.0000    7.5000 2777.9011   10.3830
    7.5000   30.0000    7.5000 2720.7041   10.6657
   -7.5000   37.5000    7.5000 2644.6111   11.2355
    0.0000   37.5000    7.5000 2647.9302   11.1751
    7.5000   37.5000    7.5000 2603.4146   11.4723
   -7.5000   45.0000    7.5000 2510.8462   12.2736
    0.0000   45.0000    7.5000 2510.9570   12.2189
    7.5000   45.0000    7.5000 2471.5051   12.5303
   -7.5000  -45.0000   15.0000 2214.1162   15.8351
    0.0000  -45.0000   15.0000 2220.7061   15.6884
    7.5000  -45.0000   15.0000 2187.2271   16.1538
   -7.5000  -37.5000   15.0000 2346.6448   13.9601
    0.0000  -37.5000   15.0000 2353.1338   13.8492
    7.5000  -37.5000   15.0000 2317.1726   14.3184
   -7.5000  -30.0000   15.0000 2457.8669   12.5552
    0.0000  -30.0000   15.0000 2467.7561   12.4640
    7.5000  -30.0000   15.0000 2427.4937   12.9336
   -7.5000  -22.5000   15.0000 2579.8838   11.4826
    0.0000  -22.5000   15.0000 2591.8999   11.3982
    7.5000  -22.5000   15.0000 2542.9978   11.8087
   -7.5000  -15.0000   15.0000 2697.5334   10.6593
    0.0000  -15.0000   15.0000 2704.1382   10.5562
    7.5000  -15.0000   15.0000 2654.8296   10.9160
   -7.5000   -7.5000   15.0000 2804.6233   10.0764
    0.0000   -7.5000   15.0000 2811.4221    9.9761
    7.5000   -7.5000   15.0000 2757.5786   10.3235
   -7.5000    0.0000   15.0000 2885.0947    9.6930
    0.0000    0.0000   15.0000 2886.2612    9.6290
    7.5000    0.0000   15.0000 2825.0005    9.9890
   -7.5000    7.5000   15.0000 2914.0542    9.6520
    0.0000    7.5000   15.0000 2918.0676    9.6040
    7.5000    7.5000   15.0000 2852.5256    9.9243
   -7.5000   15.0000   15.0000 2885.2859    9.8273
    0.0000   15.0000   15.0000 2893.8162    9.7831
    7.5000   15.0000   15.0000 2824.9797   10.0630
   -7.5000   22.5000   15.0000 2816.2512   10.1898
    0.0000   22.5000   15.0000 2824.4553   10.1378
    7.5000   22.5000   15.0000 2765.9534   10.3884
   -7.5000   30.0000   15.0000 2719.3323   10.7694
    0.0000   30.0000   15.0000 2725.8301   10.7272
    7.5000   30.0000   15.0000 2673.0107   10.9906
   -7.5000   37.5000   15.0000 2599.4548   11.5552
    0.0000   37.5000   15.0000 2605.4360   11.5165
    7.5000   37.5000   15.0000 2560.3882   11.7981
   -7.5000   45.0000   15.0000 2469.4053   12.5439
    0.0000   45.0000   15.0000 2475.3442   12.4864
    7.5000   45.0000   15.0000 2430.7451   12.7870
   -7.5000  -45.0000   22.5000 2173.0659   16.5466
    0.0000  -45.0000   22.5000 2179.9546   16.4312
    7.5000  -45.0000   22.5000 2143.6375   16.7641
   -7.5000  -37.5000   22.5000 2309.5820   14.6204
    0.0000  -37.5000   22.5000 2321.2175   14.5436
    7.5000  -37.5000   22.5000 2276.2065   14.8722
   -7.5000  -30.0000   22.5000 2423.8203   13.1714
    0.0000  -30.0000   22.5000 2440.3916   13.1012
    7.5000  -30.0000   22.5000 2391.6548   13.4478
   -7.5000  -22.5000   22.5000 2547.9509   12.0563
    0.0000  -22.5000   22.5000 2563.8357   11.9895
    7.5000  -22.5000   22.5000 2507.5249   12.3126
   -7.5000  -15.0000   22.5000 2659.1733   11.1882
    0.0000  -15.0000   22.5000 2674.7136   11.1180
    7.5000  -15.0000   22.5000 2618.0505   11.4130
   -7.5000   -7.5000   22.5000 2757.0398   10.5767
    0.0000   -7.5000   22.5000 2768.1357   10.4891
    7.5000   -7.5000   22.5000 2708.9968   10.8104
   -7.5000    0.0000   22.5000 2820.9666   10.2302
    0.0000    0.0000   22.5000 2825.3481   10.1583
    7.5000    0.0000   22.5000 2766.1917   10.4638
   -7.5000    7.5000   22.5000 2832.9429   10.1783
    0.0000    7.5000   22.5000 2840.6316   10.1099
    7.5000    7.5000   22.5000 2785.3293   10.4087
   -7.5000   15.0000   22.5000 2800.3052   10.3212
    0.0000   15.0000   22.5000 2810.7173   10.2548
    7.5000   15.0000   22.5000 2752.5635   10.5503
   -7.5000   22.5000   22.5000 2735.1343   10.6679
    0.0000   22.5000   22.5000 2745.5728   10.6051
    7.5000   22.5000   22.5000 2695.6565   10.8641
   -7.5000   30.0000   22.5000 2649.9700   11.2247
    0.0000   30.0000   22.5000 2655.8682   11.1781
    7.5000   30.0000   22.5000 2612.5906   11.4424
   -7.5000   37.5000   22.5000 2543.4419   12.0121
    0.0000   37.5000   22.5000 2547.3687   11.9505
    7.5000   37.5000   22.5000 2508.2178   12.2397
   -7.5000   45.0000   22.5000 2417.0127   13.0080
    0.0000   45.0000   22.5000 2422.4629   12.9373
    7.5000   45.0000   22.5000 2385.0593   13.2247
   -7.5000  -45.0000   30.0000 2127.4465   17.4411
    0.0000  -45.0000   30.0000 2132.2527   17.3198
    7.5000  -45.0000   30.0000 2097.9822   17.5748
   -7.5000  -37.5000   30.0000 2265.3455   15.4522
    0.0000  -37.5000   30.0000 2279.6323   15.3640
    7.5000  -37.5000   30.0000 2232.9917   15.6525
   -7.5000  -30.0000   30.0000 2383.2844   13.9384
    0.0000  -30.0000   30.0000 2399.6550   13.8794
    7.5000  -30.0000   30.0000 2346.9041   14.1612
   -7.5000  -22.5000   30.0000 2498.4883   12.7619
    0.0000  -22.5000   30.0000 2512.7175   12.6968
    7.5000  -22.5000   30.0000 2460.9158   12.9840
   -7.5000  -15.0000   30.0000 2603.5320   11.8611
    0.0000  -15.0000   30.0000 2617.4512   11.7930
    7.5000  -15.0000   30.0000 2564.0894   12.0826
   -7.5000   -7.5000   30.0000 2686.8984   11.2584
    0.0000   -7.5000   30.0000 2698.2463   11.1692
    7.5000   -7.5000   30.0000 2646.1987   11.4620
   -7.5000    0.0000   30.0000 2732.6362   10.9053
    0.0000    0.0000   30.0000 2738.1821   10.8418
    7.5000    0.0000   30.0000 2689.3777   11.1217
   -7.5000    7.5000   30.0000 2738.4250   10.8463
    0.0000    7.5000   30.0000 2747.1670   10.7676
    7.5000    7.5000   30.0000 2699.6509   11.0327
   -7.5000   15.0000   30.0000 2708.7373   10.9805
    0.0000   15.0000   30.0000 2719.8347   10.9046
    7.5000   15.0000   30.0000 2669.5320   11.1716
   -7.5000   22.5000   30.0000 2651.9226   11.3027
    0.0000   22.5000   30.0000 2657.0623   11.2434
    7.5000   22.5000   30.0000 2612.7969   11.5125
   -7.5000   30.0000   30.0000 2570.1233   11.8398
    0.0000   30.0000   30.0000 2575.3015   11.7937
    7.5000   30.0000   30.0000 2531.3821   12.0751
   -7.5000   37.5000   30.0000 2469.1768   12.5834
    0.0000   37.5000   30.0000 2471.5078   12.5305
    7.5000   37.5000   30.0000 2436.4949   12.8155
   -7.5000   45.0000   30.0000 2349.1711   13.5842
    0.0000   45.0000   30.0000 2351.1333   13.5082
    7.5000   45.0000   30.0000 2315.0471   13.7961
   -7.5000  -45.0000   37.5000 2071.7896   18.5253
    0.0000  -45.0000   37.5000 2077.4102   18.3514
    7.5000  -45.0000   37.5000 2046.2144   18.6556
   -7.5000  -37.5000   37.5000 2212.9390   16.4764
    0.0000  -37.5000   37.5000 2226.4856   16.3582
    7.5000  -37.5000   37.5000 2182.4756   16.6316
   -7.5000  -30.0000   37.5000 2330.7288   14.8841
    0.0000  -30.0000   37.5000 2345.0728   14.8058
    7.5000  -30.0000   37.5000 2298.8733   15.1075
   -7.5000  -22.5000   37.5000 2439.0039   13.6563
    0.0000  -22.5000   37.5000 2451.6624   13.5848
    7.5000  -22.5000   37.5000 2405.7014   13.8664
   -7.5000  -15.0000   37.5000 2531.8555   12.7180
    0.0000  -15.0000   37.5000 2542.6775   12.6302
    7.5000  -15.0000   37.5000 2495.2625   12.9149
   -7.5000   -7.5000   37.5000 2603.9016   12.0923
    0.0000   -7.5000   37.5000 2615.1514   12.0009
    7.5000   -7.5000   37.5000 2569.6328   12.2958
   -7.5000    0.0000   37.5000 2637.3865   11.7294
    0.0000    0.0000   37.5000 2642.1987   11.6555
    7.5000    0.0000   37.5000 2601.2000   11.9574
   -7.5000    7.5000   37.5000 2637.7927   11.6659
    0.0000    7.5000   37.5000 2642.3064   11.5871
    7.5000    7.5000   37.5000 2603.0603   11.8615
   -7.5000   15.0000   37.5000 2613.7568   11.8010
    0.0000   15.0000   37.5000 2617.7681   11.7258
    7.5000   15.0000   37.5000 2576.4490   11.9739
   -7.5000   22.5000   37.5000 2564.2334   12.1254
    0.0000   22.5000   37.5000 2567.5713   12.0662
    7.5000   22.5000   37.5000 2526.2058   12.3193
   -7.5000   30.0000   37.5000 2485.4773   12.6225
    0.0000   30.0000   37.5000 2488.8865   12.5783
    7.5000   30.0000   37.5000 2452.1287   12.8471
   -7.5000   37.5000   37.5000 2391.7539   13.3508
    0.0000   37.5000   37.5000 2392.6821   13.2934
    7.5000   37.5000   37.5000 2361.9492   13.5841
   -7.5000   45.0000   37.5000 2275.9133   14.3496
    0.0000   45.0000   37.5000 2273.8235   14.2948
    7.5000   45.0000   37.5000 2245.3857   14.5493
   -7.5000  -45.0000   45.0000 2010.6609   19.8728
    0.0000  -45.0000   45.0000 2014.3499   19.6719
    7.5000  -45.0000   45.0000 1986.2836   20.1207
   -7.5000  -37.5000   45.0000 2148.0496   17.7123
    0.0000  -37.5000   45.0000 2156.2258   17.5395
    7.5000  -37.5000   45.0000 2117.5293   17.9399
   -7.5000  -30.0000   45.0000 2262.9587   16.0464
    0.0000  -30.0000   45.0000 2271.0024   15.9529
    7.5000  -30.0000   45.0000 2233.1643   16.2903
   -7.5000  -22.5000   45.0000 2366.6931   14.7459
    0.0000  -22.5000   45.0000 2372.3960   14.6616
    7.5000  -22.5000   45.0000 2336.1445   14.9661
   -7.5000  -15.0000   45.0000 2447.7490   13.7727
    0.0000  -15.0000   45.0000 2452.9858   13.6573
    7.5000  -15.0000   45.0000 2412.3599   13.9702
   -7.5000   -7.5000   45.0000 2504.3591   13.0978
    0.0000   -7.5000   45.0000 2512.5415   13.0159
    7.5000   -7.5000   45.0000 2473.1301   13.3244
   -7.5000    0.0000   45.0000 2528.4644   12.7153
    0.0000    0.0000   45.0000 2533.5059   12.6561
    7.5000    0.0000   45.0000 2497.2964   12.9720
   -7.5000    7.5000   45.0000 2532.8569   12.6408
    0.0000    7.5000   45.0000 2529.9246   12.5644
    7.5000    7.5000   45.0000 2495.2283   12.8571
   -7.5000   15.0000   45.0000 2508.6501   12.7611
    0.0000   15.0000   45.0000 2511.2649   12.6956
    7.5000   15.0000   45.0000 2471.3818   12.9585
   -7.5000   22.5000   45.0000 2464.2034   13.1098
    0.0000   22.5000   45.0000 2465.4983   13.0529
    7.5000   22.5000   45.0000 2426.6033   13.3070
   -7.5000   30.0000   45.0000 2393.5896   13.5883
    0.0000   30.0000   45.0000 2394.8203   13.5453
    7.5000   30.0000   45.0000 2361.7520   13.8103
   -7.5000   37.5000   45.0000 2303.4097   14.2887
    0.0000   37.5000   45.0000 2306.5632   14.2646
    7.5000   37.5000   45.0000 2274.0254   14.5453
   -7.5000   45.0000   45.0000 2190.2512   15.2977
    0.0000   45.0000   45.0000 2193.6685   15.2761
    7.5000   45.0000   45.0000 2163.0984   15.5385

---------------------------------------------------------------------
imgreg_4dfp /opt/freesurfer/average/711-2C_as_mni_average_305 /opt/freesurfer/average/711-2B_as_mni_average_305_mask talsrcimg_g11 none talsrcimg_to_711-2C_as_mni_average_305_t4 1283
---------------------------------------------------------------------

freesurfer imgreg_4dfp.c
/opt/freesurfer/average/711-2C_as_mni_average_305.4dfp.img
       256       256       256         1
  1.000000  1.000000  1.000000
orientation T byte_order littleendian
Reading image: /opt/freesurfer/average/711-2C_as_mni_average_305.4dfp.img
dimensions:      256       256       256
mmppix:       1.0000   -1.0000   -1.0000
center:     128.0000 -129.0000 -129.0000
/opt/freesurfer/average/711-2B_as_mni_average_305_mask.4dfp.img
       256       256       256         1
  1.000000  1.000000  1.000000
orientation T byte_order littleendian
Reading mask: /opt/freesurfer/average/711-2B_as_mni_average_305_mask.4dfp.img (2306576 pixels)
talsrcimg_g11.4dfp.img
       256       256       256         1
  1.000000  1.000000  1.000000
orientation T byte_order littleendian
Reading image: talsrcimg_g11.4dfp.img
dimensions:      256       256       256
mmppix:       1.0000   -1.0000   -1.0000
center:     128.0000 -129.0000 -129.0000
rotation matrix determinant  1.000000
fimgreg.f
image alignment mode   1283 decimal      503 hex
parameters
    0.0000    7.5000    0.0000    0.0000    0.0000    0.0000
eta,q 0.95041  9.12295
niter,ni,del,rscale     5    3   12.0000    1.2000
parameter  1  0.765837 ->  0.500000 qaram    1.1500
parameters
   -3.4500    8.7186   -0.8939   -0.2409   -0.9148   -0.0156
eta,q 0.95729  9.00526
  0.0477  0.0637  0.0516  0.0495  0.0497  0.0491
  0.0442  0.0544  0.0458  0.0446  0.0455  0.0459
  0.0462  0.0469  0.0431  0.0423  0.0430  0.0438
  0.0523  0.0438  0.0441  0.0432  0.0430  0.0427
  0.0605  0.0445  0.0470  0.0442  0.0453  0.0432
  0.0683  0.0472  0.0516  0.0461  0.0496  0.0458
  0.0782  0.0519  0.0551  0.0495  0.0550  0.0495
niter,ni,del,rscale     5    3   12.0000    1.2000
parameters
   -3.6689    8.8973   -0.9632   -0.5844   -0.9498   -0.1108
eta,q 0.95732  8.99892
  0.0621  0.0573  0.0543  0.0490  0.0521  0.0487
  0.0533  0.0488  0.0477  0.0443  0.0475  0.0457
  0.0460  0.0434  0.0433  0.0422  0.0438  0.0436
  0.0427  0.0428  0.0430  0.0429  0.0427  0.0427
  0.0466  0.0448  0.0453  0.0441  0.0439  0.0432
  0.0552  0.0491  0.0491  0.0460  0.0474  0.0458
  0.0645  0.0543  0.0535  0.0496  0.0524  0.0495
niter,ni,del,rscale     4    3   12.0000    1.2000
parameters
   -3.6824    9.0300   -0.9797   -0.6616   -0.9632   -0.1093
eta,q 0.95725  8.99825
  0.0630  0.0572  0.0545  0.0495  0.0522  0.0489
  0.0543  0.0486  0.0479  0.0449  0.0476  0.0459
  0.0466  0.0431  0.0434  0.0423  0.0439  0.0438
  0.0427  0.0427  0.0428  0.0428  0.0427  0.0427
  0.0458  0.0450  0.0452  0.0439  0.0440  0.0431
  0.0542  0.0494  0.0490  0.0456  0.0474  0.0457
  0.0636  0.0543  0.0534  0.0491  0.0524  0.0493
niter,ni,del,rscale     3    3   12.0000    1.2000
parameters
   -3.6795    9.0675   -0.9825   -0.6878   -0.9662   -0.1018
eta,q 0.95724  8.99818
  0.0630  0.0567  0.0545  0.0496  0.0523  0.0489
  0.0544  0.0482  0.0480  0.0450  0.0476  0.0459
  0.0468  0.0429  0.0435  0.0424  0.0439  0.0438
  0.0427  0.0427  0.0428  0.0428  0.0428  0.0428
  0.0458  0.0452  0.0451  0.0439  0.0440  0.0431
  0.0541  0.0496  0.0489  0.0455  0.0474  0.0457
  0.0635  0.0545  0.0534  0.0490  0.0524  0.0493
registration optimization eta report
parameter search radius
    6.9000    6.0000    6.0000    6.0000    6.0000    6.0000
100000*second partial in parameter space
       41.       36.       30.       19.       26.       18.
  0.0630  0.0567  0.0545  0.0496  0.0523  0.0489
  0.0544  0.0482  0.0480  0.0450  0.0476  0.0459
  0.0468  0.0429  0.0435  0.0424  0.0439  0.0438
  0.0427  0.0427  0.0428  0.0428  0.0428  0.0428
  0.0458  0.0452  0.0451  0.0439  0.0440  0.0431
  0.0541  0.0496  0.0489  0.0455  0.0474  0.0457
  0.0635  0.0545  0.0534  0.0490  0.0524  0.0493
   -3.6795    9.0675   -0.9825   -0.6878   -0.9662   -0.1018
eta,q 0.95724  8.99818

---------------------------------------------------------------------
imgreg_4dfp /opt/freesurfer/average/711-2C_as_mni_average_305 /opt/freesurfer/average/711-2B_as_mni_average_305_mask talsrcimg_g11 none talsrcimg_to_711-2C_as_mni_average_305_t4 3335
---------------------------------------------------------------------

freesurfer imgreg_4dfp.c
/opt/freesurfer/average/711-2C_as_mni_average_305.4dfp.img
       256       256       256         1
  1.000000  1.000000  1.000000
orientation T byte_order littleendian
Reading image: /opt/freesurfer/average/711-2C_as_mni_average_305.4dfp.img
dimensions:      256       256       256
mmppix:       1.0000   -1.0000   -1.0000
center:     128.0000 -129.0000 -129.0000
/opt/freesurfer/average/711-2B_as_mni_average_305_mask.4dfp.img
       256       256       256         1
  1.000000  1.000000  1.000000
orientation T byte_order littleendian
Reading mask: /opt/freesurfer/average/711-2B_as_mni_average_305_mask.4dfp.img (2306576 pixels)
talsrcimg_g11.4dfp.img
       256       256       256         1
  1.000000  1.000000  1.000000
orientation T byte_order littleendian
Reading image: talsrcimg_g11.4dfp.img
dimensions:      256       256       256
mmppix:       1.0000   -1.0000   -1.0000
center:     128.0000 -129.0000 -129.0000
fimgreg.f
image alignment mode   3335 decimal      D07 hex
parameters
   -3.6795    9.0675   -0.9825   -0.0144   -0.0073   -0.0214
    0.1574    1.6883   -0.1776    1.1974   -1.6863   -1.2003
eta,q 0.95791  9.00429
niter,ni,del,rscale     5    3    5.0000    1.2000
parameter  4  2.549790 ->  0.500000 qaram    1.1500
parameter  5  2.251876 ->  0.500000 qaram    1.1500
parameter  6  0.666658 ->  0.500000 qaram    1.1500
parameters
   -3.3413    9.0079   -1.2266   -4.1544   -4.1473   -4.1614
   -0.6822    3.5878    1.4997   -1.1980   -2.7562   -2.6166
eta,q 0.97136  8.71535
  0.0451  0.0440  0.0438  0.0328  0.0293  0.0301  0.0323  0.0371  0.0321  0.0303  0.0302  0.0298
  0.0436  0.0429  0.0427  0.0349  0.0309  0.0300  0.0309  0.0343  0.0308  0.0291  0.0293  0.0290
  0.0426  0.0422  0.0421  0.0382  0.0330  0.0302  0.0301  0.0318  0.0299  0.0288  0.0288  0.0287
  0.0421  0.0420  0.0420  0.0420  0.0357  0.0315  0.0300  0.0300  0.0293  0.0292  0.0288  0.0287
  0.0420  0.0423  0.0424  0.0460  0.0390  0.0350  0.0306  0.0293  0.0292  0.0302  0.0292  0.0292
  0.0426  0.0431  0.0433  0.0505  0.0423  0.0397  0.0319  0.0303  0.0296  0.0320  0.0301  0.0300
  0.0439  0.0442  0.0446  0.0554  0.0459  0.0442  0.0337  0.0326  0.0304  0.0342  0.0312  0.0310
niter,ni,del,rscale     7    3    5.0000    1.2000
parameter  4  0.562528 ->  0.500000 qaram    1.3225
parameter  5  0.581988 ->  0.500000 qaram    1.3225
parameters
   -3.4442    9.0407   -1.5515   -8.9154   -8.9083   -4.9891
   -0.8721    3.7696    2.1696    0.6438   -3.0987   -2.5205
eta,q 0.97425  8.41637
  0.0328  0.0312  0.0300  0.0282  0.0266  0.0277  0.0286  0.0299  0.0281  0.0296  0.0267  0.0271
  0.0305  0.0298  0.0291  0.0273  0.0259  0.0265  0.0271  0.0277  0.0270  0.0278  0.0262  0.0264
  0.0290  0.0289  0.0287  0.0273  0.0261  0.0261  0.0262  0.0264  0.0263  0.0266  0.0258  0.0259
  0.0286  0.0286  0.0286  0.0286  0.0272  0.0258  0.0259  0.0259  0.0259  0.0259  0.0257  0.0257
  0.0294  0.0289  0.0290  0.0321  0.0288  0.0252  0.0263  0.0261  0.0260  0.0258  0.0259  0.0259
  0.0311  0.0297  0.0298  0.0362  0.0316  0.0261  0.0273  0.0273  0.0266  0.0262  0.0263  0.0263
  0.0335  0.0311  0.0310  0.0412  0.0349  0.0304  0.0289  0.0297  0.0275  0.0271  0.0269  0.0270
niter,ni,del,rscale     7    3    5.0000    1.2000
parameters
   -3.1622    9.4567   -1.7261   -9.4918   -9.9288   -5.1948
   -1.1191    4.1284    2.0935    1.7713   -2.8479   -2.9059
eta,q 0.97440  8.34821
  0.0301  0.0291  0.0267  0.0300  0.0289  0.0277  0.0283  0.0297  0.0273  0.0284  0.0267  0.0268
  0.0279  0.0274  0.0261  0.0280  0.0273  0.0265  0.0269  0.0276  0.0265  0.0271  0.0261  0.0261
  0.0265  0.0262  0.0257  0.0264  0.0261  0.0259  0.0260  0.0263  0.0259  0.0262  0.0258  0.0257
  0.0257  0.0257  0.0256  0.0256  0.0257  0.0257  0.0257  0.0257  0.0257  0.0257  0.0256  0.0256
  0.0258  0.0257  0.0258  0.0258  0.0266  0.0253  0.0261  0.0259  0.0259  0.0257  0.0257  0.0258
  0.0268  0.0263  0.0263  0.0282  0.0282  0.0256  0.0272  0.0269  0.0265  0.0261  0.0260  0.0263
  0.0285  0.0273  0.0271  0.0323  0.0309  0.0290  0.0287  0.0291  0.0274  0.0272  0.0266  0.0270
niter,ni,del,rscale     6    3    5.0000    1.2000
parameters
   -3.0676    9.8847   -1.8673   -9.6624  -10.6256   -5.4013
   -1.2972    4.2775    1.8173    3.0264   -2.5664   -3.3844
eta,q 0.97454  8.30556
  0.0293  0.0288  0.0267  0.0300  0.0288  0.0277  0.0282  0.0293  0.0271  0.0281  0.0266  0.0266
  0.0274  0.0272  0.0260  0.0280  0.0273  0.0264  0.0268  0.0273  0.0263  0.0270  0.0260  0.0260
  0.0261  0.0261  0.0256  0.0264  0.0261  0.0258  0.0259  0.0261  0.0257  0.0261  0.0256  0.0256
  0.0256  0.0256  0.0255  0.0255  0.0255  0.0256  0.0256  0.0256  0.0256  0.0256  0.0255  0.0255
  0.0259  0.0256  0.0257  0.0255  0.0263  0.0253  0.0260  0.0258  0.0258  0.0255  0.0255  0.0257
  0.0270  0.0261  0.0262  0.0274  0.0278  0.0256  0.0270  0.0269  0.0264  0.0259  0.0259  0.0262
  0.0288  0.0271  0.0270  0.0313  0.0301  0.0288  0.0284  0.0292  0.0273  0.0270  0.0265  0.0269
niter,ni,del,rscale     5    3    5.0000    1.2000
parameters
   -3.0164   10.3312   -2.0473   -9.8435  -11.3805   -5.6941
   -1.3858    4.3712    1.5368    4.3148   -2.3313   -3.8398
eta,q 0.97470  8.25599
  0.0289  0.0286  0.0265  0.0296  0.0285  0.0275  0.0280  0.0290  0.0269  0.0280  0.0264  0.0264
  0.0271  0.0271  0.0258  0.0277  0.0271  0.0263  0.0267  0.0271  0.0261  0.0269  0.0258  0.0258
  0.0259  0.0260  0.0255  0.0262  0.0259  0.0257  0.0258  0.0260  0.0256  0.0260  0.0255  0.0254
  0.0255  0.0255  0.0254  0.0254  0.0254  0.0254  0.0255  0.0255  0.0255  0.0254  0.0253  0.0253
  0.0258  0.0254  0.0256  0.0253  0.0261  0.0252  0.0258  0.0257  0.0257  0.0253  0.0254  0.0256
  0.0269  0.0259  0.0261  0.0271  0.0277  0.0256  0.0267  0.0268  0.0262  0.0258  0.0257  0.0260
  0.0287  0.0269  0.0269  0.0309  0.0299  0.0288  0.0281  0.0291  0.0271  0.0268  0.0263  0.0267
niter,ni,del,rscale     4    3    5.0000    1.2000
parameters
   -2.9853   10.7866   -2.2391  -10.0063  -12.1375   -6.0027
   -1.4285    4.3871    1.3789    5.4881   -2.2072   -4.2509
eta,q 0.97481  8.20630
  0.0286  0.0285  0.0264  0.0292  0.0283  0.0274  0.0278  0.0287  0.0268  0.0279  0.0262  0.0263
  0.0269  0.0269  0.0257  0.0274  0.0269  0.0262  0.0265  0.0269  0.0260  0.0268  0.0257  0.0257
  0.0257  0.0259  0.0253  0.0260  0.0258  0.0256  0.0256  0.0258  0.0255  0.0259  0.0253  0.0253
  0.0253  0.0253  0.0252  0.0252  0.0252  0.0253  0.0253  0.0253  0.0253  0.0253  0.0252  0.0252
  0.0256  0.0253  0.0255  0.0252  0.0258  0.0250  0.0256  0.0256  0.0255  0.0252  0.0253  0.0254
  0.0267  0.0258  0.0260  0.0267  0.0275  0.0256  0.0265  0.0266  0.0261  0.0257  0.0256  0.0259
  0.0285  0.0267  0.0268  0.0305  0.0296  0.0286  0.0279  0.0289  0.0269  0.0268  0.0262  0.0266
niter,ni,del,rscale     3    3    5.0000    1.2000
parameters
   -2.9719   11.1932   -2.4156  -10.1346  -12.7729   -6.2713
   -1.4789    4.3741    1.4111    6.3826   -2.2725   -4.5781
eta,q 0.97485  8.16513
  0.0284  0.0283  0.0263  0.0290  0.0282  0.0273  0.0276  0.0286  0.0268  0.0278  0.0261  0.0263
  0.0267  0.0267  0.0256  0.0272  0.0269  0.0261  0.0264  0.0268  0.0260  0.0266  0.0256  0.0256
  0.0256  0.0257  0.0252  0.0259  0.0258  0.0255  0.0255  0.0257  0.0254  0.0258  0.0253  0.0253
  0.0252  0.0252  0.0251  0.0251  0.0251  0.0252  0.0252  0.0252  0.0252  0.0252  0.0251  0.0252
  0.0255  0.0252  0.0254  0.0251  0.0257  0.0249  0.0255  0.0255  0.0254  0.0252  0.0253  0.0254
  0.0266  0.0257  0.0259  0.0265  0.0273  0.0255  0.0264  0.0266  0.0259  0.0257  0.0256  0.0258
  0.0283  0.0267  0.0266  0.0301  0.0294  0.0284  0.0277  0.0288  0.0268  0.0269  0.0261  0.0265
niter,ni,del,rscale     2    3    5.0000    1.2000
parameters
   -2.9594   11.5060   -2.5428  -10.2223  -13.2301   -6.4575
   -1.5681    4.3849    1.5657    6.9669   -2.4591   -4.8284
eta,q 0.97486  8.13662
  0.0282  0.0280  0.0262  0.0288  0.0283  0.0272  0.0275  0.0285  0.0268  0.0276  0.0260  0.0263
  0.0266  0.0265  0.0256  0.0271  0.0269  0.0261  0.0263  0.0267  0.0260  0.0265  0.0255  0.0257
  0.0255  0.0256  0.0252  0.0259  0.0258  0.0255  0.0255  0.0256  0.0254  0.0257  0.0252  0.0253
  0.0251  0.0251  0.0251  0.0251  0.0251  0.0252  0.0252  0.0252  0.0252  0.0252  0.0251  0.0252
  0.0255  0.0252  0.0253  0.0250  0.0256  0.0249  0.0255  0.0254  0.0253  0.0252  0.0253  0.0253
  0.0265  0.0258  0.0258  0.0263  0.0271  0.0255  0.0263  0.0265  0.0259  0.0259  0.0256  0.0258
  0.0282  0.0268  0.0265  0.0299  0.0293  0.0282  0.0276  0.0287  0.0267  0.0271  0.0261  0.0264
niter,ni,del,rscale     1    3    5.0000    1.2000
parameters
   -2.9412   11.7171   -2.6218  -10.2741  -13.5117   -6.5762
   -1.6779    4.4107    1.7034    7.3124   -2.6299   -4.9839
eta,q 0.97484  8.11952
  0.0282  0.0277  0.0263  0.0288  0.0284  0.0272  0.0275  0.0285  0.0268  0.0275  0.0260  0.0263
  0.0266  0.0264  0.0256  0.0271  0.0270  0.0261  0.0262  0.0267  0.0260  0.0264  0.0255  0.0257
  0.0255  0.0255  0.0253  0.0259  0.0259  0.0255  0.0255  0.0256  0.0254  0.0256  0.0252  0.0253
  0.0251  0.0251  0.0251  0.0251  0.0251  0.0252  0.0252  0.0252  0.0252  0.0252  0.0252  0.0252
  0.0255  0.0253  0.0253  0.0251  0.0255  0.0249  0.0255  0.0254  0.0253  0.0253  0.0253  0.0253
  0.0265  0.0259  0.0257  0.0262  0.0270  0.0254  0.0263  0.0265  0.0259  0.0260  0.0256  0.0258
  0.0281  0.0270  0.0264  0.0297  0.0291  0.0281  0.0276  0.0286  0.0267  0.0273  0.0261  0.0264
registration optimization eta report
parameter search radius
    2.4000    2.4000    2.4000    9.5220    9.5220    8.2800
    7.2000    7.2000    7.2000    7.2000    7.2000    7.2000
100000*second partial in parameter space
       52.       38.       21.        5.        4.        4.
        4.        7.        3.        4.        2.        2.
  0.0282  0.0277  0.0263  0.0288  0.0284  0.0272  0.0275  0.0285  0.0268  0.0275  0.0260  0.0263
  0.0266  0.0264  0.0256  0.0271  0.0270  0.0261  0.0262  0.0267  0.0260  0.0264  0.0255  0.0257
  0.0255  0.0255  0.0253  0.0259  0.0259  0.0255  0.0255  0.0256  0.0254  0.0256  0.0252  0.0253
  0.0251  0.0251  0.0251  0.0251  0.0251  0.0252  0.0252  0.0252  0.0252  0.0252  0.0252  0.0252
  0.0255  0.0253  0.0253  0.0251  0.0255  0.0249  0.0255  0.0254  0.0253  0.0253  0.0253  0.0253
  0.0265  0.0259  0.0257  0.0262  0.0270  0.0254  0.0263  0.0265  0.0259  0.0260  0.0256  0.0258
  0.0281  0.0270  0.0264  0.0297  0.0291  0.0281  0.0276  0.0286  0.0267  0.0273  0.0261  0.0264
   -2.9412   11.7171   -2.6218  -10.2741  -13.5117   -6.5762
   -1.6779    4.4107    1.7034    7.3124   -2.6299   -4.9839
eta,q 0.97484  8.11952

---------------------------------------------------------------------
imgreg_4dfp /opt/freesurfer/average/711-2C_as_mni_average_305 /opt/freesurfer/average/711-2B_as_mni_average_305_mask talsrcimg_g11 none talsrcimg_to_711-2C_as_mni_average_305_t4 2311
---------------------------------------------------------------------

freesurfer imgreg_4dfp.c
/opt/freesurfer/average/711-2C_as_mni_average_305.4dfp.img
       256       256       256         1
  1.000000  1.000000  1.000000
orientation T byte_order littleendian
Reading image: /opt/freesurfer/average/711-2C_as_mni_average_305.4dfp.img
dimensions:      256       256       256
mmppix:       1.0000   -1.0000   -1.0000
center:     128.0000 -129.0000 -129.0000
/opt/freesurfer/average/711-2B_as_mni_average_305_mask.4dfp.img
       256       256       256         1
  1.000000  1.000000  1.000000
orientation T byte_order littleendian
Reading mask: /opt/freesurfer/average/711-2B_as_mni_average_305_mask.4dfp.img (2306576 pixels)
talsrcimg_g11.4dfp.img
       256       256       256         1
  1.000000  1.000000  1.000000
orientation T byte_order littleendian
Reading image: talsrcimg_g11.4dfp.img
dimensions:      256       256       256
mmppix:       1.0000   -1.0000   -1.0000
center:     128.0000 -129.0000 -129.0000
fimgreg.f
image alignment mode   2311 decimal      907 hex
parameters
   -2.9412   11.7171   -2.6218  -10.2741  -13.5117   -6.5762
   -1.6779    4.4107    1.7034    7.3124   -2.6299   -4.9839
eta,q 0.97484  8.11952
niter,ni,del,rscale     5    3    5.0000    0.8000
parameters
   -2.9061   11.8263   -2.6524   -8.5342  -12.9480   -4.3387
   -1.3985    4.7239    2.0320    7.6464   -2.5153   -5.7964
eta,q 0.97541  8.29920
  0.0266  0.0263  0.0257  0.0264  0.0264  0.0259  0.0260  0.0269  0.0255  0.0261  0.0252  0.0250
  0.0258  0.0257  0.0254  0.0259  0.0258  0.0255  0.0253  0.0258  0.0251  0.0254  0.0249  0.0248
  0.0254  0.0253  0.0252  0.0254  0.0253  0.0252  0.0249  0.0251  0.0248  0.0249  0.0247  0.0246
  0.0252  0.0252  0.0252  0.0252  0.0250  0.0250  0.0247  0.0247  0.0246  0.0246  0.0246  0.0246
  0.0253  0.0252  0.0252  0.0250  0.0250  0.0247  0.0248  0.0247  0.0247  0.0247  0.0247  0.0248
  0.0257  0.0255  0.0254  0.0251  0.0253  0.0247  0.0251  0.0253  0.0249  0.0251  0.0249  0.0251
  0.0265  0.0260  0.0257  0.0254  0.0260  0.0251  0.0258  0.0265  0.0253  0.0259  0.0252  0.0255
niter,ni,del,rscale     4    3    5.0000    0.7000
parameters
   -2.9870   11.6884   -2.4456   -8.8592  -12.9251   -4.4619
   -1.5136    4.6470    2.1088    7.7991   -2.5017   -5.6920
eta,q 0.97542  8.28483
  0.0256  0.0253  0.0253  0.0253  0.0256  0.0254  0.0254  0.0260  0.0252  0.0257  0.0250  0.0251
  0.0250  0.0249  0.0250  0.0250  0.0251  0.0251  0.0250  0.0253  0.0249  0.0252  0.0248  0.0248
  0.0247  0.0246  0.0247  0.0247  0.0248  0.0248  0.0247  0.0248  0.0247  0.0248  0.0246  0.0247
  0.0246  0.0246  0.0246  0.0246  0.0246  0.0246  0.0246  0.0246  0.0246  0.0246  0.0246  0.0246
  0.0248  0.0247  0.0246  0.0247  0.0247  0.0246  0.0247  0.0247  0.0246  0.0247  0.0246  0.0246
  0.0252  0.0251  0.0247  0.0250  0.0250  0.0249  0.0250  0.0252  0.0248  0.0250  0.0248  0.0248
  0.0259  0.0256  0.0250  0.0258  0.0256  0.0257  0.0256  0.0262  0.0252  0.0256  0.0250  0.0251
niter,ni,del,rscale     3    3    5.0000    0.6000
parameters
   -2.9912   11.6727   -2.4764   -8.7349  -12.8765   -4.3177
   -1.4958    4.6784    2.1064    7.7579   -2.5579   -5.7596
eta,q 0.97543  8.29715
  0.0254  0.0252  0.0250  0.0253  0.0254  0.0253  0.0253  0.0257  0.0250  0.0253  0.0249  0.0249
  0.0250  0.0249  0.0248  0.0249  0.0250  0.0250  0.0249  0.0251  0.0248  0.0249  0.0247  0.0247
  0.0247  0.0246  0.0246  0.0247  0.0247  0.0248  0.0247  0.0248  0.0246  0.0247  0.0246  0.0246
  0.0246  0.0246  0.0246  0.0246  0.0246  0.0246  0.0246  0.0246  0.0246  0.0246  0.0246  0.0246
  0.0247  0.0247  0.0246  0.0246  0.0246  0.0246  0.0246  0.0246  0.0246  0.0246  0.0246  0.0246
  0.0250  0.0249  0.0248  0.0248  0.0249  0.0248  0.0249  0.0250  0.0248  0.0249  0.0247  0.0248
  0.0254  0.0252  0.0250  0.0252  0.0254  0.0253  0.0252  0.0258  0.0250  0.0254  0.0249  0.0250
niter,ni,del,rscale     2    3    5.0000    0.5000
parameters
   -2.9896   11.6648   -2.4438   -8.6435  -12.8240   -4.0801
   -1.4897    4.7018    2.1171    7.7242   -2.7030   -5.9043
eta,q 0.97545  8.31258
  0.0252  0.0250  0.0249  0.0250  0.0251  0.0251  0.0250  0.0254  0.0249  0.0251  0.0248  0.0248
  0.0248  0.0248  0.0247  0.0248  0.0249  0.0249  0.0248  0.0250  0.0247  0.0248  0.0246  0.0247
  0.0246  0.0246  0.0246  0.0246  0.0247  0.0247  0.0246  0.0247  0.0246  0.0246  0.0246  0.0246
  0.0246  0.0246  0.0246  0.0246  0.0246  0.0246  0.0245  0.0245  0.0245  0.0245  0.0245  0.0245
  0.0246  0.0246  0.0246  0.0246  0.0246  0.0246  0.0246  0.0246  0.0246  0.0246  0.0246  0.0246
  0.0248  0.0248  0.0247  0.0247  0.0248  0.0247  0.0248  0.0249  0.0247  0.0248  0.0247  0.0247
  0.0252  0.0250  0.0249  0.0250  0.0251  0.0251  0.0250  0.0254  0.0249  0.0252  0.0248  0.0249
niter,ni,del,rscale     1    3    5.0000    0.4000
parameters
   -2.9931   11.6436   -2.3961   -8.5648  -12.7841   -3.8464
   -1.4546    4.7036    2.1799    7.6813   -2.9030   -6.0157
eta,q 0.97547  8.32675
  0.0249  0.0248  0.0248  0.0249  0.0249  0.0250  0.0249  0.0251  0.0247  0.0249  0.0247  0.0247
  0.0247  0.0247  0.0247  0.0247  0.0247  0.0248  0.0247  0.0248  0.0246  0.0247  0.0246  0.0246
  0.0246  0.0246  0.0246  0.0246  0.0246  0.0246  0.0246  0.0246  0.0246  0.0246  0.0245  0.0246
  0.0245  0.0245  0.0245  0.0245  0.0245  0.0245  0.0245  0.0245  0.0245  0.0245  0.0245  0.0245
  0.0246  0.0246  0.0246  0.0246  0.0246  0.0245  0.0246  0.0246  0.0246  0.0246  0.0246  0.0246
  0.0247  0.0247  0.0246  0.0247  0.0247  0.0246  0.0247  0.0248  0.0246  0.0247  0.0246  0.0246
  0.0249  0.0248  0.0247  0.0248  0.0249  0.0249  0.0248  0.0251  0.0247  0.0249  0.0247  0.0247
registration optimization eta report
parameter search radius
    0.8000    0.8000    0.8000    2.4000    2.4000    2.4000
    2.4000    2.4000    2.4000    2.4000    2.4000    2.4000
100000*second partial in parameter space
       60.       44.       31.        5.        7.        6.
        5.       10.        4.        7.        3.        3.
  0.0249  0.0248  0.0248  0.0249  0.0249  0.0250  0.0249  0.0251  0.0247  0.0249  0.0247  0.0247
  0.0247  0.0247  0.0247  0.0247  0.0247  0.0248  0.0247  0.0248  0.0246  0.0247  0.0246  0.0246
  0.0246  0.0246  0.0246  0.0246  0.0246  0.0246  0.0246  0.0246  0.0246  0.0246  0.0245  0.0246
  0.0245  0.0245  0.0245  0.0245  0.0245  0.0245  0.0245  0.0245  0.0245  0.0245  0.0245  0.0245
  0.0246  0.0246  0.0246  0.0246  0.0246  0.0245  0.0246  0.0246  0.0246  0.0246  0.0246  0.0246
  0.0247  0.0247  0.0246  0.0247  0.0247  0.0246  0.0247  0.0248  0.0246  0.0247  0.0246  0.0246
  0.0249  0.0248  0.0247  0.0248  0.0249  0.0249  0.0248  0.0251  0.0247  0.0249  0.0247  0.0247
   -2.9931   11.6436   -2.3961   -8.5648  -12.7841   -3.8464
   -1.4546    4.7036    2.1799    7.6813   -2.9030   -6.0157
eta,q 0.97547  8.32675

---------------------------------------------------------------------
imgreg_4dfp /opt/freesurfer/average/711-2C_as_mni_average_305 /opt/freesurfer/average/711-2B_as_mni_average_305_mask talsrcimg_g11 none talsrcimg_to_711-2C_as_mni_average_305_t4 2311
---------------------------------------------------------------------

freesurfer imgreg_4dfp.c
/opt/freesurfer/average/711-2C_as_mni_average_305.4dfp.img
       256       256       256         1
  1.000000  1.000000  1.000000
orientation T byte_order littleendian
Reading image: /opt/freesurfer/average/711-2C_as_mni_average_305.4dfp.img
dimensions:      256       256       256
mmppix:       1.0000   -1.0000   -1.0000
center:     128.0000 -129.0000 -129.0000
/opt/freesurfer/average/711-2B_as_mni_average_305_mask.4dfp.img
       256       256       256         1
  1.000000  1.000000  1.000000
orientation T byte_order littleendian
Reading mask: /opt/freesurfer/average/711-2B_as_mni_average_305_mask.4dfp.img (2306576 pixels)
talsrcimg_g11.4dfp.img
       256       256       256         1
  1.000000  1.000000  1.000000
orientation T byte_order littleendian
Reading image: talsrcimg_g11.4dfp.img
dimensions:      256       256       256
mmppix:       1.0000   -1.0000   -1.0000
center:     128.0000 -129.0000 -129.0000
fimgreg.f
image alignment mode   2311 decimal      907 hex
parameters
   -2.9931   11.6436   -2.3961   -8.5648  -12.7841   -3.8464
   -1.4546    4.7036    2.1799    7.6813   -2.9030   -6.0157
eta,q 0.97547  8.32675
niter,ni,del,rscale     5    3    5.0000    0.8000
parameters
   -3.0037   11.6363   -2.3291   -9.0593  -12.9887   -4.4512
   -1.5206    4.5800    2.2434    7.7344   -2.5863   -5.6141
eta,q 0.97539  8.27586
  0.0260  0.0256  0.0254  0.0255  0.0257  0.0255  0.0258  0.0263  0.0254  0.0259  0.0252  0.0254
  0.0252  0.0250  0.0249  0.0250  0.0252  0.0251  0.0251  0.0255  0.0250  0.0253  0.0249  0.0250
  0.0247  0.0247  0.0246  0.0247  0.0247  0.0248  0.0247  0.0249  0.0247  0.0248  0.0247  0.0247
  0.0245  0.0245  0.0245  0.0245  0.0246  0.0246  0.0246  0.0246  0.0246  0.0246  0.0246  0.0246
  0.0247  0.0247  0.0246  0.0247  0.0247  0.0247  0.0248  0.0248  0.0247  0.0247  0.0247  0.0247
  0.0252  0.0250  0.0248  0.0252  0.0252  0.0252  0.0252  0.0254  0.0249  0.0252  0.0248  0.0248
  0.0261  0.0257  0.0252  0.0263  0.0261  0.0266  0.0258  0.0267  0.0254  0.0260  0.0251  0.0252
niter,ni,del,rscale     4    3    5.0000    0.7000
parameters
   -2.9985   11.6499   -2.4547   -8.8407  -12.9223   -4.5001
   -1.5073    4.6292    2.1411    7.7177   -2.4706   -5.6261
eta,q 0.97541  8.28395
  0.0258  0.0255  0.0251  0.0255  0.0256  0.0254  0.0255  0.0261  0.0252  0.0256  0.0250  0.0251
  0.0251  0.0250  0.0248  0.0251  0.0251  0.0251  0.0250  0.0254  0.0248  0.0251  0.0248  0.0248
  0.0247  0.0247  0.0246  0.0248  0.0248  0.0248  0.0247  0.0248  0.0247  0.0248  0.0247  0.0247
  0.0246  0.0246  0.0246  0.0246  0.0246  0.0246  0.0246  0.0246  0.0246  0.0246  0.0246  0.0246
  0.0247  0.0247  0.0247  0.0246  0.0247  0.0246  0.0247  0.0247  0.0247  0.0247  0.0246  0.0247
  0.0251  0.0250  0.0249  0.0249  0.0250  0.0249  0.0250  0.0252  0.0249  0.0251  0.0248  0.0248
  0.0257  0.0254  0.0253  0.0255  0.0256  0.0257  0.0255  0.0262  0.0252  0.0257  0.0250  0.0251
niter,ni,del,rscale     3    3    5.0000    0.6000
parameters
   -2.9941   11.6596   -2.4748   -8.7122  -12.8619   -4.3111
   -1.4967    4.6656    2.0947    7.7242   -2.5503   -5.7572
eta,q 0.97543  8.29887
  0.0254  0.0252  0.0250  0.0253  0.0254  0.0253  0.0252  0.0257  0.0250  0.0254  0.0249  0.0249
  0.0250  0.0249  0.0248  0.0250  0.0250  0.0250  0.0249  0.0252  0.0248  0.0250  0.0247  0.0247
  0.0247  0.0247  0.0246  0.0247  0.0247  0.0248  0.0246  0.0248  0.0246  0.0247  0.0246  0.0246
  0.0246  0.0246  0.0246  0.0246  0.0246  0.0246  0.0246  0.0246  0.0246  0.0246  0.0246  0.0246
  0.0247  0.0247  0.0247  0.0246  0.0246  0.0246  0.0246  0.0247  0.0246  0.0246  0.0246  0.0246
  0.0250  0.0249  0.0248  0.0248  0.0249  0.0248  0.0249  0.0250  0.0248  0.0249  0.0247  0.0248
  0.0254  0.0252  0.0250  0.0252  0.0254  0.0253  0.0253  0.0258  0.0250  0.0254  0.0249  0.0250
niter,ni,del,rscale     2    3    5.0000    0.5000
parameters
   -2.9928   11.6558   -2.4432   -8.6429  -12.8128   -4.0666
   -1.4736    4.6943    2.1145    7.7074   -2.7041   -5.9108
eta,q 0.97545  8.31362
  0.0252  0.0250  0.0249  0.0250  0.0252  0.0251  0.0250  0.0254  0.0249  0.0251  0.0248  0.0248
  0.0248  0.0248  0.0247  0.0248  0.0249  0.0249  0.0248  0.0250  0.0247  0.0248  0.0246  0.0247
  0.0246  0.0246  0.0246  0.0246  0.0247  0.0247  0.0246  0.0247  0.0246  0.0246  0.0246  0.0246
  0.0246  0.0246  0.0246  0.0246  0.0246  0.0246  0.0246  0.0245  0.0245  0.0245  0.0245  0.0245
  0.0246  0.0246  0.0246  0.0246  0.0246  0.0246  0.0246  0.0246  0.0246  0.0246  0.0246  0.0246
  0.0248  0.0248  0.0247  0.0247  0.0248  0.0247  0.0248  0.0249  0.0247  0.0248  0.0247  0.0247
  0.0252  0.0250  0.0248  0.0250  0.0251  0.0251  0.0250  0.0254  0.0249  0.0251  0.0248  0.0249
niter,ni,del,rscale     1    3    5.0000    0.4000
parameters
   -2.9900   11.6415   -2.3939   -8.5790  -12.7842   -3.8385
   -1.4591    4.7128    2.1756    7.6828   -2.8972   -6.0228
eta,q 0.97547  8.32658
  0.0249  0.0248  0.0248  0.0249  0.0249  0.0250  0.0248  0.0251  0.0247  0.0249  0.0247  0.0247
  0.0247  0.0247  0.0247  0.0247  0.0247  0.0248  0.0247  0.0248  0.0246  0.0247  0.0246  0.0246
  0.0246  0.0246  0.0246  0.0246  0.0246  0.0246  0.0246  0.0246  0.0246  0.0246  0.0245  0.0245
  0.0245  0.0245  0.0245  0.0245  0.0245  0.0245  0.0245  0.0245  0.0245  0.0245  0.0245  0.0245
  0.0246  0.0246  0.0246  0.0246  0.0246  0.0245  0.0246  0.0246  0.0246  0.0246  0.0246  0.0246
  0.0247  0.0247  0.0246  0.0247  0.0247  0.0246  0.0247  0.0248  0.0246  0.0247  0.0246  0.0246
  0.0249  0.0248  0.0247  0.0248  0.0249  0.0249  0.0248  0.0251  0.0247  0.0249  0.0247  0.0247
registration optimization eta report
parameter search radius
    0.8000    0.8000    0.8000    2.4000    2.4000    2.4000
    2.4000    2.4000    2.4000    2.4000    2.4000    2.4000
100000*second partial in parameter space
       60.       44.       31.        5.        7.        6.
        5.       10.        3.        7.        2.        3.
  0.0249  0.0248  0.0248  0.0249  0.0249  0.0250  0.0248  0.0251  0.0247  0.0249  0.0247  0.0247
  0.0247  0.0247  0.0247  0.0247  0.0247  0.0248  0.0247  0.0248  0.0246  0.0247  0.0246  0.0246
  0.0246  0.0246  0.0246  0.0246  0.0246  0.0246  0.0246  0.0246  0.0246  0.0246  0.0245  0.0245
  0.0245  0.0245  0.0245  0.0245  0.0245  0.0245  0.0245  0.0245  0.0245  0.0245  0.0245  0.0245
  0.0246  0.0246  0.0246  0.0246  0.0246  0.0245  0.0246  0.0246  0.0246  0.0246  0.0246  0.0246
  0.0247  0.0247  0.0246  0.0247  0.0247  0.0246  0.0247  0.0248  0.0246  0.0247  0.0246  0.0246
  0.0249  0.0248  0.0247  0.0248  0.0249  0.0249  0.0248  0.0251  0.0247  0.0249  0.0247  0.0247
   -2.9900   11.6415   -2.3939   -8.5790  -12.7842   -3.8385
   -1.4591    4.7128    2.1756    7.6828   -2.8972   -6.0228
eta,q 0.97547  8.32658

---------------------------------------------------------------------
compute_vox2vox talsrcimg talsrcimg_to_711-2C_as_mni_average_305_t4 /opt/freesurfer/average/711-2C_as_mni_average_305
---------------------------------------------------------------------

freesurfer compute_vox2vox.c
Reading: talsrcimg.4dfp.ifh
Reading: talsrcimg_to_711-2C_as_mni_average_305_t4
Reading: /opt/freesurfer/average/711-2C_as_mni_average_305.4dfp.ifh
Writing: talsrcimg_to_711-2C_as_mni_average_305_t4_vox2vox.txt

start time Thu Mar 12 23:58:22 CET 2026
end		time Thu Mar 12 23:59:52 CET 2026

mpr2mni305 success

avi2talxfm orig_nu.mgz /opt/freesurfer/average/mni305.cor.mgz talsrcimg_to_711-2C_as_mni_average_305_t4_vox2vox.txt transforms/talairach.auto.xfm
avi2talxfm done
mv -f /out/sourcedata/freesurfer/sub-v2s3x28787_ses-1/mri/talsrcimg_to_711-2C_as_mni_average_305_t4_vox2vox.txt /out/sourcedata/freesurfer/sub-v2s3x28787_ses-1/mri/transforms/talsrcimg_to_711-2C_as_mni_average_305_t4_vox2vox.txt
lta_convert --src orig_nu.mgz --trg /opt/freesurfer/average/mni305.cor.mgz --inxfm transforms/talairach.auto.xfm --outlta transforms/talairach.auto.xfm.lta --subject fsaverage
7.3.2

--src: orig_nu.mgz src image (geometry).
--trg: /opt/freesurfer/average/mni305.cor.mgz trg image (geometry).
--inmni: transforms/talairach.auto.xfm input MNI/XFM transform.
--outlta: transforms/talairach.auto.xfm.lta output LTA.
--s: fsaverage subject name
 LTA read, type : 1
 1.09176  -0.05466   0.01449  -0.39517;
 0.03102   1.03266   0.07183  -42.44495;
-0.02997  -0.08960   1.13989  -14.24399;
 0.00000   0.00000   0.00000   1.00000;
setting subject to fsaverage
Writing  LTA to file transforms/talairach.auto.xfm.lta...
lta_convert successful.
 
 
Started at Thu Mar 12 23:58:22 CET 2026
Ended   at Thu Mar 12 23:59:53 CET 2026
talairach_avi done
