/out/sourcedata/freesurfer/sub-v2s3x28828_ses-1/mri
/opt/freesurfer/bin/talairach_avi
--i orig_nu.mgz --xfm transforms/talairach.auto.xfm
talairach_avi 7.3.2
Linux dna026 5.14.0-427.37.1.el9_4.x86_64 #1 SMP PREEMPT_DYNAMIC Fri Sep 13 12:41:50 EDT 2024 x86_64 x86_64 x86_64 GNU/Linux
Fri Mar 13 02:37:07 CET 2026
mri_convert orig_nu.mgz talsrcimg.img 
reading from orig_nu.mgz...
TR=0.00, TE=0.00, TI=0.00, flip angle=0.00
i_ras = (-1, 0, 0)
j_ras = (0, 0, -1)
k_ras = (0, 1, 0)
writing to talsrcimg.img...
Analyze Output Matrix
-1.00000   0.00000   0.00000   127.77799;
 0.00000   0.00000   1.00000  -89.16583;
 0.00000  -1.00000   0.00000   120.87726;
 0.00000   0.00000   0.00000   1.00000;
--------------------
INFO: set hdr.hist.orient to -1
mpr2mni305 talsrcimg
Fri Mar 13 02:37:07 CET 2026
/opt/freesurfer/bin/mpr2mni305 talsrcimg
mpr2mni305 7.3.2
target=711-2C_as_mni_average_305

---------------------------------------------------------------------
analyzeto4dfp talsrcimg -O0 -y
---------------------------------------------------------------------

freesurfer ifh2hdr.c
Fri Mar 13 02:37:07 2026
Writing: talsrcimg.4dfp.hdr
freesurfer analyzeto4dfp.c
Reading: talsrcimg.hdr
header size 348 bytes
hdr.dime.datatype	offset=70	value=2
hdr.dime.bitpix		offset=72	value=8
hdr.hist.orient		offset=252	value=-1
dimensionality     4
dimensions       256       256       256         1
Reading: talsrcimg.img
Writing: talsrcimg.4dfp.img
Writing: talsrcimg.4dfp.ifh
ifh2hdr talsrcimg -r0to228
ori=2

---------------------------------------------------------------------
gauss_4dfp talsrcimg 1.1
---------------------------------------------------------------------

freesurfer gauss_4dfp.c
Reading: talsrcimg.4dfp.img
Writing: talsrcimg_g11.4dfp.img
image dimensions 256 256 256 padded to 288 288 288
processing volume 1freesurfer ifh2hdr.c
Fri Mar 13 02:37:09 2026
Writing: talsrcimg_g11.4dfp.hdr

Writing: talsrcimg_g11.4dfp.ifh
including: talsrcimg.4dfp.img.rec in talsrcimg_g11.4dfp.img.rec

---------------------------------------------------------------------
imgreg_4dfp /opt/freesurfer/average/711-2C_as_mni_average_305 none talsrcimg_g11 none talsrcimg_to_711-2C_as_mni_average_305_t4 4355
---------------------------------------------------------------------

freesurfer imgreg_4dfp.c
/opt/freesurfer/average/711-2C_as_mni_average_305.4dfp.img
       256       256       256         1
  1.000000  1.000000  1.000000
orientation T byte_order littleendian
Reading image: /opt/freesurfer/average/711-2C_as_mni_average_305.4dfp.img
dimensions:      256       256       256
mmppix:       1.0000   -1.0000   -1.0000
center:     128.0000 -129.0000 -129.0000
talsrcimg_g11.4dfp.img
       256       256       256         1
  1.000000  1.000000  1.000000
orientation T byte_order littleendian
Reading image: talsrcimg_g11.4dfp.img
dimensions:      256       256       256
mmppix:       1.0000   -1.0000   -1.0000
center:     128.0000 -129.0000 -129.0000
t4_read: open error in t4_sub.f l:  41 t4_file(1:l)talsrcimg_to_711-2C_as_mni_average_305_t4 
t4_read: transform initialized to I4
rotation matrix determinant  1.000000
image alignment mode   4355 decimal     1103 hex
   -7.5000  -45.0000  -45.0000 7715.3159   15.9938
    0.0000  -45.0000  -45.0000 8052.3672   16.0492
    7.5000  -45.0000  -45.0000 7731.4565   16.0498
   -7.5000  -37.5000  -45.0000 8293.2705   15.9205
    0.0000  -37.5000  -45.0000 8639.5010   15.9663
    7.5000  -37.5000  -45.0000 8289.6240   15.9662
   -7.5000  -30.0000  -45.0000 9160.0645   15.8957
    0.0000  -30.0000  -45.0000 9509.5605   15.9303
    7.5000  -30.0000  -45.0000 9126.1152   15.9357
   -7.5000  -22.5000  -45.0000 9917.5986   15.9190
    0.0000  -22.5000  -45.000010295.7432   15.9519
    7.5000  -22.5000  -45.0000 9874.0713   15.9631
   -7.5000  -15.0000  -45.000010585.2393   15.9543
    0.0000  -15.0000  -45.000011029.4766   15.9959
    7.5000  -15.0000  -45.000010541.3887   16.0080
   -7.5000   -7.5000  -45.000011235.1367   15.9647
    0.0000   -7.5000  -45.000011712.6377   16.0172
    7.5000   -7.5000  -45.000011181.6162   16.0245
   -7.5000    0.0000  -45.000011802.3604   15.9444
    0.0000    0.0000  -45.000012287.3311   15.9995
    7.5000    0.0000  -45.000011742.9531   16.0003
   -7.5000    7.5000  -45.000011527.7197   15.9106
    0.0000    7.5000  -45.000011992.6836   15.9565
    7.5000    7.5000  -45.000011472.7168   15.9564
   -7.5000   15.0000  -45.000011058.4707   15.8957
    0.0000   15.0000  -45.000011484.5693   15.9303
    7.5000   15.0000  -45.000010983.0850   15.9357
   -7.5000   22.5000  -45.000010539.2236   15.9168
    0.0000   22.5000  -45.000010928.3135   15.9497
    7.5000   22.5000  -45.000010451.2051   15.9609
   -7.5000   30.0000  -45.0000 9780.0254   15.7417
    0.0000   30.0000  -45.000010122.9209   15.7828
    7.5000   30.0000  -45.0000 9658.4541   15.7947
   -7.5000   37.5000  -45.0000 9320.1475   15.7520
    0.0000   37.5000  -45.0000 9632.8721   15.8038
    7.5000   37.5000  -45.0000 9185.4912   15.8109
   -7.5000   45.0000  -45.0000 8553.0312   15.3324
    0.0000   45.0000  -45.0000 8831.4268   15.3855
    7.5000   45.0000  -45.0000 8419.3945   15.3862
   -7.5000  -45.0000  -37.5000 8251.8535   15.9250
    0.0000  -45.0000  -37.5000 8610.6416   15.9724
    7.5000  -45.0000  -37.5000 8250.0078   15.9662
   -7.5000  -37.5000  -37.5000 8870.6279   15.8456
    0.0000  -37.5000  -37.5000 9233.0732   15.8860
    7.5000  -37.5000  -37.5000 8843.9941   15.8824
   -7.5000  -30.0000  -37.5000 9783.0713   15.8051
    0.0000  -30.0000  -37.500010153.1162   15.8366
    7.5000  -30.0000  -37.5000 9709.7422   15.8426
   -7.5000  -22.5000  -37.500010575.3662   15.8194
    0.0000  -22.5000  -37.500010990.9609   15.8485
    7.5000  -22.5000  -37.500010491.6113   15.8606
   -7.5000  -15.0000  -37.500011277.4297   15.8584
    0.0000  -15.0000  -37.500011766.7051   15.8942
    7.5000  -15.0000  -37.500011185.8398   15.9043
   -7.5000   -7.5000  -37.500011925.0098   15.8846
    0.0000   -7.5000  -37.500012449.0557   15.9295
    7.5000   -7.5000  -37.500011821.1152   15.9311
   -7.5000    0.0000  -37.500012499.2871   15.8762
    0.0000    0.0000  -37.500013048.1260   15.9235
    7.5000    0.0000  -37.500012398.7363   15.9175
   -7.5000    7.5000  -37.500012181.0742   15.8358
    0.0000    7.5000  -37.500012718.7227   15.8763
    7.5000    7.5000  -37.500012104.2607   15.8727
   -7.5000   15.0000  -37.500011678.9131   15.8051
    0.0000   15.0000  -37.500012167.0859   15.8366
    7.5000   15.0000  -37.500011571.5098   15.8426
   -7.5000   22.5000  -37.500011139.7158   15.8172
    0.0000   22.5000  -37.500011595.5693   15.8464
    7.5000   22.5000  -37.500011023.4043   15.8584
   -7.5000   30.0000  -37.500010298.3340   15.6471
    0.0000   30.0000  -37.500010702.4648   15.6824
    7.5000   30.0000  -37.500010170.6514   15.6923
   -7.5000   37.5000  -37.5000 9775.2734   15.6729
    0.0000   37.5000  -37.500010135.6797   15.7172
    7.5000   37.5000  -37.5000 9651.6787   15.7188
   -7.5000   45.0000  -37.5000 8931.2891   15.2668
    0.0000   45.0000  -37.5000 9255.0010   15.3124
    7.5000   45.0000  -37.5000 8818.0127   15.3066
   -7.5000  -45.0000  -30.0000 8937.5273   16.5570
    0.0000  -45.0000  -30.0000 9307.6250   16.6017
    7.5000  -45.0000  -30.0000 8909.1426   16.5923
   -7.5000  -37.5000  -30.0000 9583.4971   16.4812
    0.0000  -37.5000  -30.0000 9958.1143   16.5201
    7.5000  -37.5000  -30.0000 9532.2539   16.5131
   -7.5000  -30.0000  -30.000010540.4385   16.4345
    0.0000  -30.0000  -30.000010960.3359   16.4666
    7.5000  -30.0000  -30.000010469.7217   16.4687
   -7.5000  -22.5000  -30.000011392.7793   16.4371
    0.0000  -22.5000  -30.000011868.9629   16.4674
    7.5000  -22.5000  -30.000011297.9746   16.4754
   -7.5000  -15.0000  -30.000012167.9072   16.4689
    0.0000  -15.0000  -30.000012695.6797   16.5055
    7.5000  -15.0000  -30.000012058.2900   16.5122
   -7.5000   -7.5000  -30.000012840.7158   16.5018
    0.0000   -7.5000  -30.000013429.3955   16.5458
    7.5000   -7.5000  -30.000012706.7207   16.5445
   -7.5000    0.0000  -30.000013429.4961   16.5066
    0.0000    0.0000  -30.000014050.4219   16.5512
    7.5000    0.0000  -30.000013298.5791   16.5421
   -7.5000    7.5000  -30.000013024.1777   16.4710
    0.0000    7.5000  -30.000013619.7188   16.5100
    7.5000    7.5000  -30.000012930.8496   16.5030
   -7.5000   15.0000  -30.000012439.4150   16.4345
    0.0000   15.0000  -30.000012976.4209   16.4666
    7.5000   15.0000  -30.000012330.5820   16.4687
   -7.5000   22.5000  -30.000011901.8193   16.4332
    0.0000   22.5000  -30.000012407.5742   16.4635
    7.5000   22.5000  -30.000011757.7559   16.4715
   -7.5000   30.0000  -30.000010981.3701   16.2510
    0.0000   30.0000  -30.000011460.8643   16.2871
    7.5000   30.0000  -30.000010852.7295   16.2937
   -7.5000   37.5000  -30.000010409.2773   16.2835
    0.0000   37.5000  -30.000010830.5938   16.3268
    7.5000   37.5000  -30.000010287.6162   16.3255
   -7.5000   45.0000  -30.0000 9473.5869   15.8847
    0.0000   45.0000  -30.0000 9825.4385   15.9277
    7.5000   45.0000  -30.0000 9363.1133   15.9189
   -7.5000  -45.0000  -22.5000 9609.6992   17.1070
    0.0000  -45.0000  -22.500010018.3408   17.1552
    7.5000  -45.0000  -22.5000 9591.0781   17.1497
   -7.5000  -37.5000  -22.500010260.1631   17.0456
    0.0000  -37.5000  -22.500010716.6914   17.0874
    7.5000  -37.5000  -22.500010247.7246   17.0798
   -7.5000  -30.0000  -22.500011291.9580   17.0114
    0.0000  -30.0000  -22.500011777.8896   17.0465
    7.5000  -30.0000  -22.500011244.2754   17.0433
   -7.5000  -22.5000  -22.500012197.5654   17.0103
    0.0000  -22.5000  -22.500012737.1553   17.0446
    7.5000  -22.5000  -22.500012126.9297   17.0474
   -7.5000  -15.0000  -22.500012985.5547   17.0275
    0.0000  -15.0000  -22.500013602.5889   17.0692
    7.5000  -15.0000  -22.500012909.5215   17.0745
   -7.5000   -7.5000  -22.500013676.6406   17.0485
    0.0000   -7.5000  -22.500014357.6064   17.0973
    7.5000   -7.5000  -22.500013585.7070   17.0987
   -7.5000    0.0000  -22.500014307.8604   17.0549
    0.0000    0.0000  -22.500015037.5518   17.1030
    7.5000    0.0000  -22.500014208.3398   17.0978
   -7.5000    7.5000  -22.500013915.9463   17.0350
    0.0000    7.5000  -22.500014595.1855   17.0768
    7.5000    7.5000  -22.500013813.2393   17.0694
   -7.5000   15.0000  -22.500013242.3389   17.0114
    0.0000   15.0000  -22.500013870.7812   17.0465
    7.5000   15.0000  -22.500013144.7920   17.0433
   -7.5000   22.5000  -22.500012631.3584   17.0050
    0.0000   22.5000  -22.500013213.0938   17.0394
    7.5000   22.5000  -22.500012494.8037   17.0421
   -7.5000   30.0000  -22.500011656.7295   16.8048
    0.0000   30.0000  -22.500012177.5879   16.8459
    7.5000   30.0000  -22.500011523.9141   16.8511
   -7.5000   37.5000  -22.500011030.9131   16.8255
    0.0000   37.5000  -22.500011523.5850   16.8736
    7.5000   37.5000  -22.500010917.5010   16.8751
   -7.5000   45.0000  -22.5000 9992.0723   16.4247
    0.0000   45.0000  -22.500010403.8633   16.4710
    7.5000   45.0000  -22.5000 9908.2158   16.4660
   -7.5000  -45.0000  -15.000010229.4473   17.5270
    0.0000  -45.0000  -15.000010697.7695   17.5826
    7.5000  -45.0000  -15.000010249.5752   17.5852
   -7.5000  -37.5000  -15.000010920.7480   17.4743
    0.0000  -37.5000  -15.000011450.4268   17.5211
    7.5000  -37.5000  -15.000010947.7959   17.5172
   -7.5000  -30.0000  -15.000012009.5791   17.4574
    0.0000  -30.0000  -15.000012584.9941   17.4958
    7.5000  -30.0000  -15.000012019.9434   17.4915
   -7.5000  -22.5000  -15.000012950.6211   17.4639
    0.0000  -22.5000  -15.000013598.6748   17.5026
    7.5000  -22.5000  -15.000012952.8340   17.5041
   -7.5000  -15.0000  -15.000013762.5420   17.4745
    0.0000  -15.0000  -15.000014477.0176   17.5222
    7.5000  -15.0000  -15.000013744.4375   17.5298
   -7.5000   -7.5000  -15.000014482.2266   17.4778
    0.0000   -7.5000  -15.000015239.0684   17.5340
    7.5000   -7.5000  -15.000014422.4756   17.5423
   -7.5000    0.0000  -15.000015190.5371   17.4733
    0.0000    0.0000  -15.000016013.1748   17.5288
    7.5000    0.0000  -15.000015128.2002   17.5315
   -7.5000    7.5000  -15.000014823.0020   17.4634
    0.0000    7.5000  -15.000015621.9043   17.5103
    7.5000    7.5000  -15.000014760.2559   17.5065
   -7.5000   15.0000  -15.000014091.9512   17.4574
    0.0000   15.0000  -15.000014814.5586   17.4958
    7.5000   15.0000  -15.000014026.8896   17.4915
   -7.5000   22.5000  -15.000013392.0850   17.4577
    0.0000   22.5000  -15.000014069.4297   17.4964
    7.5000   22.5000  -15.000013281.0186   17.4979
   -7.5000   30.0000  -15.000012325.1152   17.2484
    0.0000   30.0000  -15.000012937.0986   17.2954
    7.5000   30.0000  -15.000012221.0713   17.3030
   -7.5000   37.5000  -15.000011634.4980   17.2516
    0.0000   37.5000  -15.000012240.7363   17.3071
    7.5000   37.5000  -15.000011581.6816   17.3153
   -7.5000   45.0000  -15.000010545.3936   16.8378
    0.0000   45.0000  -15.000011056.4561   16.8913
    7.5000   45.0000  -15.000010485.7764   16.8939
   -7.5000  -45.0000   -7.500010892.0596   17.7666
    0.0000  -45.0000   -7.500011411.5947   17.8288
    7.5000  -45.0000   -7.500010920.2129   17.8348
   -7.5000  -37.5000   -7.500011641.6357   17.7039
    0.0000  -37.5000   -7.500012228.6074   17.7550
    7.5000  -37.5000   -7.500011670.2754   17.7553
   -7.5000  -30.0000   -7.500012802.3770   17.6901
    0.0000  -30.0000   -7.500013444.7441   17.7301
    7.5000  -30.0000   -7.500012833.4697   17.7308
   -7.5000  -22.5000   -7.500013828.7188   17.7101
    0.0000  -22.5000   -7.500014543.3984   17.7499
    7.5000  -22.5000   -7.500013846.1504   17.7562
   -7.5000  -15.0000   -7.500014678.6436   17.7320
    0.0000  -15.0000   -7.500015434.3350   17.7821
    7.5000  -15.0000   -7.500014660.7109   17.7936
   -7.5000   -7.5000   -7.500015401.9033   17.7309
    0.0000   -7.5000   -7.500016189.7939   17.7920
    7.5000   -7.5000   -7.500015354.7822   17.8036
   -7.5000    0.0000   -7.500016121.9912   17.7119
    0.0000    0.0000   -7.500016996.0254   17.7739
    7.5000    0.0000   -7.500016128.3359   17.7800
   -7.5000    7.5000   -7.500015711.0615   17.6929
    0.0000    7.5000   -7.500016593.5664   17.7441
    7.5000    7.5000   -7.500015755.9033   17.7445
   -7.5000   15.0000   -7.500014944.1758   17.6901
    0.0000   15.0000   -7.500015746.7100   17.7301
    7.5000   15.0000   -7.500014957.8516   17.7308
   -7.5000   22.5000   -7.500014167.0479   17.7020
    0.0000   22.5000   -7.500014905.8193   17.7417
    7.5000   22.5000   -7.500014111.1309   17.7480
   -7.5000   30.0000   -7.500013051.5146   17.5020
    0.0000   30.0000   -7.500013735.7725   17.5515
    7.5000   30.0000   -7.500013005.8691   17.5629
   -7.5000   37.5000   -7.500012335.0039   17.5009
    0.0000   37.5000   -7.500012985.1504   17.5612
    7.5000   37.5000   -7.500012309.0029   17.5727
   -7.5000   45.0000   -7.500011198.1396   17.0709
    0.0000   45.0000   -7.500011744.0947   17.1307
    7.5000   45.0000   -7.500011148.2803   17.1366
   -7.5000  -45.0000    0.000011458.0820   17.8291
    0.0000  -45.0000    0.000011990.3486   17.8902
    7.5000  -45.0000    0.000011487.0449   17.8908
   -7.5000  -37.5000    0.000012225.2168   17.7485
    0.0000  -37.5000    0.000012816.0000   17.7992
    7.5000  -37.5000    0.000012243.1279   17.7991
   -7.5000  -30.0000    0.000013448.4395   17.7213
    0.0000  -30.0000    0.000014102.2832   17.7596
    7.5000  -30.0000    0.000013476.9414   17.7658
   -7.5000  -22.5000    0.000014635.7061   17.7464
    0.0000  -22.5000    0.000015375.5703   17.7829
    7.5000  -22.5000    0.000014652.9385   17.7954
   -7.5000  -15.0000    0.000015659.1406   17.7847
    0.0000  -15.0000    0.000016412.7832   17.8307
    7.5000  -15.0000    0.000015636.2432   17.8441
   -7.5000   -7.5000    0.000016362.3018   17.7962
    0.0000   -7.5000    0.000017091.0391   17.8541
    7.5000   -7.5000    0.000016370.6553   17.8620
   -7.5000    0.0000    0.000017040.2852   17.7742
    0.0000    0.0000    0.000017817.8184   17.8351
    7.5000    0.0000    0.000017161.9531   17.8358
   -7.5000    7.5000    0.000016571.8379   17.7375
    0.0000    7.5000    0.000017369.1465   17.7883
    7.5000    7.5000    0.000016743.6992   17.7882
   -7.5000   15.0000    0.000015760.2354   17.7213
    0.0000   15.0000    0.000016522.4961   17.7596
    7.5000   15.0000    0.000015896.8994   17.7658
   -7.5000   22.5000    0.000014926.7549   17.7382
    0.0000   22.5000    0.000015644.9199   17.7747
    7.5000   22.5000    0.000014944.6455   17.7872
   -7.5000   30.0000    0.000013790.5420   17.5546
    0.0000   30.0000    0.000014464.2568   17.6000
    7.5000   30.0000    0.000013776.1191   17.6132
   -7.5000   37.5000    0.000013042.7939   17.5658
    0.0000   37.5000    0.000013690.9199   17.6230
    7.5000   37.5000    0.000013012.1436   17.6309
   -7.5000   45.0000    0.000011849.1738   17.1322
    0.0000   45.0000    0.000012399.0938   17.1910
    7.5000   45.0000    0.000011764.5781   17.1917
   -7.5000  -45.0000    7.500011130.6934   17.8151
    0.0000  -45.0000    7.500011618.3955   17.8682
    7.5000  -45.0000    7.500011139.1953   17.8612
   -7.5000  -37.5000    7.500011838.0869   17.7265
    0.0000  -37.5000    7.500012371.4785   17.7717
    7.5000  -37.5000    7.500011846.1416   17.7677
   -7.5000  -30.0000    7.500012978.2559   17.6812
    0.0000  -30.0000    7.500013518.3867   17.7163
    7.5000  -30.0000    7.500013011.6035   17.7231
   -7.5000  -22.5000    7.500014199.9648   17.6968
    0.0000  -22.5000    7.500014886.4521   17.7295
    7.5000  -22.5000    7.500014207.9062   17.7430
   -7.5000  -15.0000    7.500015419.7012   17.7403
    0.0000  -15.0000    7.500016079.8936   17.7804
    7.5000  -15.0000    7.500015404.3193   17.7916
   -7.5000   -7.5000    7.500016211.6748   17.7697
    0.0000   -7.5000    7.500016696.5547   17.8200
    7.5000   -7.5000    7.500016280.7178   17.8217
   -7.5000    0.0000    7.500016914.2930   17.7605
    0.0000    0.0000    7.500017352.9141   17.8135
    7.5000    0.0000    7.500017001.9453   17.8067
   -7.5000    7.5000    7.500016438.4531   17.7155
    0.0000    7.5000    7.500016926.8906   17.7608
    7.5000    7.5000    7.500016483.4004   17.7569
   -7.5000   15.0000    7.500015536.8379   17.6812
    0.0000   15.0000    7.500016090.9082   17.7163
    7.5000   15.0000    7.500015558.7979   17.7231
   -7.5000   22.5000    7.500014574.6895   17.6887
    0.0000   22.5000    7.500015151.8877   17.7213
    7.5000   22.5000    7.500014521.7207   17.7348
   -7.5000   30.0000    7.500013404.0967   17.5107
    0.0000   30.0000    7.500013998.2578   17.5503
    7.5000   30.0000    7.500013343.6240   17.5614
   -7.5000   37.5000    7.500012671.6240   17.5397
    0.0000   37.5000    7.500013284.5566   17.5893
    7.5000   37.5000    7.500012614.8613   17.5911
   -7.5000   45.0000    7.500011490.6416   17.1191
    0.0000   45.0000    7.500012039.0723   17.1702
    7.5000   45.0000    7.500011414.9980   17.1637
   -7.5000  -45.0000   15.000010673.2734   17.7797
    0.0000  -45.0000   15.000011086.0029   17.8277
    7.5000  -45.0000   15.000010661.1465   17.8176
   -7.5000  -37.5000   15.000011373.1934   17.6983
    0.0000  -37.5000   15.000011785.8291   17.7401
    7.5000  -37.5000   15.000011344.5742   17.7325
   -7.5000  -30.0000   15.000012491.5098   17.6482
    0.0000  -30.0000   15.000012896.6914   17.6825
    7.5000  -30.0000   15.000012459.4893   17.6848
   -7.5000  -22.5000   15.000013615.4482   17.6509
    0.0000  -22.5000   15.000014105.6152   17.6835
    7.5000  -22.5000   15.000013569.1152   17.6921
   -7.5000  -15.0000   15.000014680.8096   17.6851
    0.0000  -15.0000   15.000015218.2822   17.7243
    7.5000  -15.0000   15.000014630.5469   17.7316
   -7.5000   -7.5000   15.000015555.6455   17.7204
    0.0000   -7.5000   15.000016092.1680   17.7676
    7.5000   -7.5000   15.000015524.7002   17.7662
   -7.5000    0.0000   15.000016351.2461   17.7255
    0.0000    0.0000   15.000016937.7441   17.7735
    7.5000    0.0000   15.000016310.9268   17.7637
   -7.5000    7.5000   15.000015835.6816   17.6873
    0.0000    7.5000   15.000016435.4160   17.7292
    7.5000    7.5000   15.000015758.7695   17.7217
   -7.5000   15.0000   15.000014858.0938   17.6482
    0.0000   15.0000   15.000015426.1426   17.6825
    7.5000   15.0000   15.000014798.5957   17.6848
   -7.5000   22.5000   15.000013851.1035   17.6428
    0.0000   22.5000   15.000014376.3789   17.6753
    7.5000   22.5000   15.000013760.2998   17.6839
   -7.5000   30.0000   15.000012756.3057   17.4562
    0.0000   30.0000   15.000013254.8193   17.4949
    7.5000   30.0000   15.000012675.2627   17.5021
   -7.5000   37.5000   15.000012112.3916   17.4911
    0.0000   37.5000   15.000012618.5400   17.5377
    7.5000   37.5000   15.000012042.5996   17.5363
   -7.5000   45.0000   15.000010980.0898   17.0853
    0.0000   45.0000   15.000011444.9795   17.1316
    7.5000   45.0000   15.000010908.3770   17.1221
   -7.5000  -45.0000   22.500010104.1748   17.7780
    0.0000  -45.0000   22.500010528.2012   17.8281
    7.5000  -45.0000   22.500010101.4287   17.8224
   -7.5000  -37.5000   22.500010778.0449   17.7141
    0.0000  -37.5000   22.500011226.8926   17.7574
    7.5000  -37.5000   22.500010748.2041   17.7496
   -7.5000  -30.0000   22.500011884.6104   17.6785
    0.0000  -30.0000   22.500012361.2490   17.7149
    7.5000  -30.0000   22.500011825.9893   17.7116
   -7.5000  -22.5000   22.500012917.2305   17.6773
    0.0000  -22.5000   22.500013474.5674   17.7129
    7.5000  -22.5000   22.500012867.2129   17.7159
   -7.5000  -15.0000   22.500013791.6426   17.6953
    0.0000  -15.0000   22.500014339.1533   17.7385
    7.5000  -15.0000   22.500013757.2598   17.7441
   -7.5000   -7.5000   22.500014561.9951   17.7171
    0.0000   -7.5000   22.500015106.8291   17.7677
    7.5000   -7.5000   22.500014509.7705   17.7694
   -7.5000    0.0000   22.500015309.7959   17.7238
    0.0000    0.0000   22.500015924.6211   17.7737
    7.5000    0.0000   22.500015255.3613   17.7683
   -7.5000    7.5000   22.500014859.4141   17.7031
    0.0000    7.5000   22.500015503.1709   17.7465
    7.5000    7.5000   22.500014818.3281   17.7388
   -7.5000   15.0000   22.500014003.0684   17.6785
    0.0000   15.0000   22.500014602.5049   17.7149
    7.5000   15.0000   22.500013974.0664   17.7116
   -7.5000   22.5000   22.500013040.3115   17.6692
    0.0000   22.5000   22.500013615.9971   17.7048
    7.5000   22.5000   22.500012995.7344   17.7077
   -7.5000   30.0000   22.500012020.5117   17.4663
    0.0000   30.0000   22.500012561.4590   17.5090
    7.5000   30.0000   22.500011972.9590   17.5144
   -7.5000   37.5000   22.500011415.4658   17.4878
    0.0000   37.5000   22.500011945.4277   17.5378
    7.5000   37.5000   22.500011361.9082   17.5394
   -7.5000   45.0000   22.500010331.3027   17.0837
    0.0000   45.0000   22.500010785.5420   17.1318
    7.5000   45.0000   22.500010265.4727   17.1266
   -7.5000  -45.0000   30.0000 9427.9004   17.8943
    0.0000  -45.0000   30.0000 9903.0615   17.9517
    7.5000  -45.0000   30.0000 9430.0996   17.9546
   -7.5000  -37.5000   30.000010063.3105   17.8397
    0.0000  -37.5000   30.000010558.2197   17.8880
    7.5000  -37.5000   30.000010040.8633   17.8843
   -7.5000  -30.0000   30.000011094.6895   17.8223
    0.0000  -30.0000   30.000011605.8252   17.8618
    7.5000  -30.0000   30.000011044.5449   17.8576
   -7.5000  -22.5000   30.000012008.6680   17.8292
    0.0000  -22.5000   30.000012549.6035   17.8690
    7.5000  -22.5000   30.000011969.5820   17.8708
   -7.5000  -15.0000   30.000012766.7100   17.8406
    0.0000  -15.0000   30.000013292.1328   17.8896
    7.5000  -15.0000   30.000012764.6426   17.8976
   -7.5000   -7.5000   30.000013477.0283   17.8440
    0.0000   -7.5000   30.000014015.6582   17.9019
    7.5000   -7.5000   30.000013459.1943   17.9107
   -7.5000    0.0000   30.000014175.9609   17.8391
    0.0000    0.0000   30.000014750.4336   17.8963
    7.5000    0.0000   30.000014133.7314   17.8995
   -7.5000    7.5000   30.000013830.3760   17.8286
    0.0000    7.5000   30.000014391.4717   17.8769
    7.5000    7.5000   30.000013792.2178   17.8733
   -7.5000   15.0000   30.000013112.6484   17.8223
    0.0000   15.0000   30.000013638.6904   17.8618
    7.5000   15.0000   30.000013090.8535   17.8576
   -7.5000   22.5000   30.000012209.5391   17.8210
    0.0000   22.5000   30.000012720.4521   17.8608
    7.5000   22.5000   30.000012191.1768   17.8626
   -7.5000   30.0000   30.000011265.5273   17.6097
    0.0000   30.0000   30.000011760.0791   17.6580
    7.5000   30.0000   30.000011231.9258   17.6660
   -7.5000   37.5000   30.000010669.7637   17.6131
    0.0000   37.5000   30.000011137.2158   17.6702
    7.5000   37.5000   30.000010625.8213   17.6789
   -7.5000   45.0000   30.0000 9639.8281   17.1948
    0.0000   45.0000   30.000010040.5527   17.2500
    7.5000   45.0000   30.0000 9578.9893   17.2530
   -7.5000  -45.0000   37.5000 9025.2178   18.1496
    0.0000  -45.0000   37.5000 9473.6445   18.2150
    7.5000  -45.0000   37.5000 9049.3174   18.2219
   -7.5000  -37.5000   37.5000 9633.4990   18.0829
    0.0000  -37.5000   37.500010101.7236   18.1367
    7.5000  -37.5000   37.5000 9646.1396   18.1379
   -7.5000  -30.0000   37.500010608.7305   18.0678
    0.0000  -30.0000   37.500011103.6201   18.1100
    7.5000  -30.0000   37.500010609.2422   18.1116
   -7.5000  -22.5000   37.500011484.8076   18.0896
    0.0000  -22.5000   37.500012020.1113   18.1316
    7.5000  -22.5000   37.500011489.3428   18.1388
   -7.5000  -15.0000   37.500012215.9893   18.1139
    0.0000  -15.0000   37.500012769.2891   18.1665
    7.5000  -15.0000   37.500012239.7842   18.1790
   -7.5000   -7.5000   37.500012909.8096   18.1132
    0.0000   -7.5000   37.500013462.9209   18.1774
    7.5000   -7.5000   37.500012921.2871   18.1900
   -7.5000    0.0000   37.500013559.9883   18.0927
    0.0000    0.0000   37.500014135.5605   18.1578
    7.5000    0.0000   37.500013551.5439   18.1649
   -7.5000    7.5000   37.500013259.6875   18.0714
    0.0000    7.5000   37.500013805.9023   18.1254
    7.5000    7.5000   37.500013239.9561   18.1266
   -7.5000   15.0000   37.500012634.9727   18.0678
    0.0000   15.0000   37.500013150.5059   18.1100
    7.5000   15.0000   37.500012611.9902   18.1116
   -7.5000   22.5000   37.500011770.7539   18.0813
    0.0000   22.5000   37.500012255.6230   18.1232
    7.5000   22.5000   37.500011762.1553   18.1304
   -7.5000   30.0000   37.500010864.5527   17.8794
    0.0000   30.0000   37.500011325.3916   17.9314
    7.5000   30.0000   37.500010852.2207   17.9438
   -7.5000   37.5000   37.500010281.9863   17.8788
    0.0000   37.5000   37.500010727.4854   17.9421
    7.5000   37.5000   37.500010272.4092   17.9546
   -7.5000   45.0000   37.5000 9277.8652   17.4393
    0.0000   45.0000   37.5000 9691.8672   17.5021
    7.5000   45.0000   37.5000 9266.8486   17.5088
   -7.5000  -45.0000   45.0000 8250.5410   18.4454
    0.0000  -45.0000   45.0000 8654.4746   18.5129
    7.5000  -45.0000   45.0000 8285.7100   18.5137
   -7.5000  -37.5000   45.0000 8799.7832   18.3558
    0.0000  -37.5000   45.0000 9235.6865   18.4123
    7.5000  -37.5000   45.0000 8847.1777   18.4129
   -7.5000  -30.0000   45.0000 9691.5137   18.3253
    0.0000  -30.0000   45.000010152.6885   18.3681
    7.5000  -30.0000   45.0000 9709.4678   18.3758
   -7.5000  -22.5000   45.000010504.0557   18.3545
    0.0000  -22.5000   45.000011008.8447   18.3947
    7.5000  -22.5000   45.000010513.9023   18.4090
   -7.5000  -15.0000   45.000011190.0205   18.3987
    0.0000  -15.0000   45.000011707.3584   18.4488
    7.5000  -15.0000   45.000011208.2236   18.4634
   -7.5000   -7.5000   45.000011819.9697   18.4118
    0.0000   -7.5000   45.000012334.5391   18.4752
    7.5000   -7.5000   45.000011825.6250   18.4837
   -7.5000    0.0000   45.000012402.2891   18.3864
    0.0000    0.0000   45.000012914.1797   18.4536
    7.5000    0.0000   45.000012389.4639   18.4546
   -7.5000    7.5000   45.000012125.3760   18.3440
    0.0000    7.5000   45.000012609.2109   18.4006
    7.5000    7.5000   45.000012091.5039   18.4012
   -7.5000   15.0000   45.000011590.8008   18.3253
    0.0000   15.0000   45.000012075.1299   18.3681
    7.5000   15.0000   45.000011567.5879   18.3758
   -7.5000   22.5000   45.000010839.0820   18.3460
    0.0000   22.5000   45.000011297.1377   18.3862
    7.5000   22.5000   45.000010820.5977   18.4004
   -7.5000   30.0000   45.000010008.8232   18.1590
    0.0000   30.0000   45.000010445.2129   18.2085
    7.5000   30.0000   45.0000 9988.6816   18.2229
   -7.5000   37.5000   45.0000 9475.9639   18.1719
    0.0000   37.5000   45.0000 9884.3115   18.2345
    7.5000   37.5000   45.0000 9459.4355   18.2429
   -7.5000   45.0000   45.0000 8588.1797   17.7304
    0.0000   45.0000   45.0000 8929.8164   17.7953
    7.5000   45.0000   45.0000 8550.3145   17.7962

---------------------------------------------------------------------
imgreg_4dfp /opt/freesurfer/average/711-2C_as_mni_average_305 /opt/freesurfer/average/711-2B_as_mni_average_305_mask talsrcimg_g11 none talsrcimg_to_711-2C_as_mni_average_305_t4 4355
---------------------------------------------------------------------

freesurfer imgreg_4dfp.c
/opt/freesurfer/average/711-2C_as_mni_average_305.4dfp.img
       256       256       256         1
  1.000000  1.000000  1.000000
orientation T byte_order littleendian
Reading image: /opt/freesurfer/average/711-2C_as_mni_average_305.4dfp.img
dimensions:      256       256       256
mmppix:       1.0000   -1.0000   -1.0000
center:     128.0000 -129.0000 -129.0000
/opt/freesurfer/average/711-2B_as_mni_average_305_mask.4dfp.img
       256       256       256         1
  1.000000  1.000000  1.000000
orientation T byte_order littleendian
Reading mask: /opt/freesurfer/average/711-2B_as_mni_average_305_mask.4dfp.img (2306576 pixels)
talsrcimg_g11.4dfp.img
       256       256       256         1
  1.000000  1.000000  1.000000
orientation T byte_order littleendian
Reading image: talsrcimg_g11.4dfp.img
dimensions:      256       256       256
mmppix:       1.0000   -1.0000   -1.0000
center:     128.0000 -129.0000 -129.0000
rotation matrix determinant  1.000000
image alignment mode   4355 decimal     1103 hex
   -7.5000  -45.0000  -45.0000 2054.4546   18.7651
    0.0000  -45.0000  -45.0000 2068.1006   18.6265
    7.5000  -45.0000  -45.0000 2054.3066   18.8714
   -7.5000  -37.5000  -45.0000 2161.9529   17.0983
    0.0000  -37.5000  -45.0000 2169.4133   17.0078
    7.5000  -37.5000  -45.0000 2155.8533   17.2010
   -7.5000  -30.0000  -45.0000 2239.7185   15.8875
    0.0000  -30.0000  -45.0000 2244.5454   15.8047
    7.5000  -30.0000  -45.0000 2231.4802   15.9754
   -7.5000  -22.5000  -45.0000 2280.3369   15.0936
    0.0000  -22.5000  -45.0000 2291.2910   15.0048
    7.5000  -22.5000  -45.0000 2278.6680   15.1523
   -7.5000  -15.0000  -45.0000 2303.0391   14.5953
    0.0000  -15.0000  -45.0000 2313.7178   14.5243
    7.5000  -15.0000  -45.0000 2300.7410   14.6906
   -7.5000   -7.5000  -45.0000 2314.3374   14.3788
    0.0000   -7.5000  -45.0000 2324.7329   14.2820
    7.5000   -7.5000  -45.0000 2308.0171   14.4618
   -7.5000    0.0000  -45.0000 2306.7795   14.3301
    0.0000    0.0000  -45.0000 2318.7886   14.2866
    7.5000    0.0000  -45.0000 2298.2358   14.4707
   -7.5000    7.5000  -45.0000 2290.8208   14.6715
    0.0000    7.5000  -45.0000 2303.9653   14.5953
    7.5000    7.5000  -45.0000 2280.8555   14.8154
   -7.5000   15.0000  -45.0000 2249.0833   15.3356
    0.0000   15.0000  -45.0000 2263.2224   15.2390
    7.5000   15.0000  -45.0000 2242.9790   15.4985
   -7.5000   22.5000  -45.0000 2190.0215   16.3125
    0.0000   22.5000  -45.0000 2205.9446   16.1959
    7.5000   22.5000  -45.0000 2184.6731   16.4880
   -7.5000   30.0000  -45.0000 2108.4038   17.6539
    0.0000   30.0000  -45.0000 2121.4436   17.5119
    7.5000   30.0000  -45.0000 2098.2024   17.8398
   -7.5000   37.5000  -45.0000 2017.6398   19.3744
    0.0000   37.5000  -45.0000 2022.6447   19.1813
    7.5000   37.5000  -45.0000 2003.5347   19.5805
   -7.5000   45.0000  -45.0000 1908.0297   21.6476
    0.0000   45.0000  -45.0000 1911.0327   21.4703
    7.5000   45.0000  -45.0000 1892.0469   21.8877
   -7.5000  -45.0000  -37.5000 2141.7478   17.4388
    0.0000  -45.0000  -37.5000 2157.1389   17.3605
    7.5000  -45.0000  -37.5000 2140.1824   17.5316
   -7.5000  -37.5000  -37.5000 2254.2988   15.8590
    0.0000  -37.5000  -37.5000 2263.6555   15.8087
    7.5000  -37.5000  -37.5000 2248.8103   15.9349
   -7.5000  -30.0000  -37.5000 2334.2681   14.6885
    0.0000  -30.0000  -37.5000 2340.1069   14.6435
    7.5000  -30.0000  -37.5000 2324.5930   14.7801
   -7.5000  -22.5000  -37.5000 2379.3362   13.9435
    0.0000  -22.5000  -37.5000 2393.3635   13.9028
    7.5000  -22.5000  -37.5000 2369.7495   14.0293
   -7.5000  -15.0000  -37.5000 2403.0603   13.4701
    0.0000  -15.0000  -37.5000 2416.5002   13.4519
    7.5000  -15.0000  -37.5000 2396.1975   13.5724
   -7.5000   -7.5000  -37.5000 2413.9961   13.2393
    0.0000   -7.5000  -37.5000 2430.4973   13.1849
    7.5000   -7.5000  -37.5000 2409.3811   13.3221
   -7.5000    0.0000  -37.5000 2406.6453   13.2198
    0.0000    0.0000  -37.5000 2423.5815   13.1983
    7.5000    0.0000  -37.5000 2401.1853   13.3319
   -7.5000    7.5000  -37.5000 2390.1118   13.4960
    0.0000    7.5000  -37.5000 2410.2627   13.4676
    7.5000    7.5000  -37.5000 2383.1074   13.6313
   -7.5000   15.0000  -37.5000 2348.9907   14.0728
    0.0000   15.0000  -37.5000 2371.3452   14.0271
    7.5000   15.0000  -37.5000 2341.5352   14.2450
   -7.5000   22.5000  -37.5000 2287.4973   14.9705
    0.0000   22.5000  -37.5000 2304.5632   14.9263
    7.5000   22.5000  -37.5000 2278.5215   15.1486
   -7.5000   30.0000  -37.5000 2202.3530   16.1674
    0.0000   30.0000  -37.5000 2214.0994   16.1218
    7.5000   30.0000  -37.5000 2191.0288   16.3994
   -7.5000   37.5000  -37.5000 2100.9360   17.7460
    0.0000   37.5000  -37.5000 2106.2869   17.6817
    7.5000   37.5000  -37.5000 2087.6802   17.9858
   -7.5000   45.0000  -37.5000 1980.6520   19.8357
    0.0000   45.0000  -37.5000 1989.1965   19.7876
    7.5000   45.0000  -37.5000 1966.8234   20.0936
   -7.5000  -45.0000  -30.0000 2260.0010   16.8249
    0.0000  -45.0000  -30.0000 2276.7561   16.7999
    7.5000  -45.0000  -30.0000 2256.9165   16.9184
   -7.5000  -37.5000  -30.0000 2372.2563   15.2780
    0.0000  -37.5000  -30.0000 2386.5645   15.2510
    7.5000  -37.5000  -30.0000 2369.9473   15.3629
   -7.5000  -30.0000  -30.0000 2454.6926   14.1064
    0.0000  -30.0000  -30.0000 2470.0488   14.0813
    7.5000  -30.0000  -30.0000 2450.1638   14.1680
   -7.5000  -22.5000  -30.0000 2512.1414   13.3483
    0.0000  -22.5000  -30.0000 2528.9995   13.3291
    7.5000  -22.5000  -30.0000 2506.2053   13.4268
   -7.5000  -15.0000  -30.0000 2552.9680   12.8912
    0.0000  -15.0000  -30.0000 2568.4622   12.9088
    7.5000  -15.0000  -30.0000 2542.4578   12.9815
   -7.5000   -7.5000  -30.0000 2571.1960   12.6637
    0.0000   -7.5000  -30.0000 2586.4722   12.6585
    7.5000   -7.5000  -30.0000 2562.0422   12.7387
   -7.5000    0.0000  -30.0000 2562.3525   12.6809
    0.0000    0.0000  -30.0000 2582.7102   12.6872
    7.5000    0.0000  -30.0000 2551.4006   12.7662
   -7.5000    7.5000  -30.0000 2537.0771   12.9139
    0.0000    7.5000  -30.0000 2557.1135   12.9362
    7.5000    7.5000  -30.0000 2526.6208   13.0692
   -7.5000   15.0000  -30.0000 2491.7273   13.4647
    0.0000   15.0000  -30.0000 2511.2048   13.4738
    7.5000   15.0000  -30.0000 2480.6504   13.6368
   -7.5000   22.5000  -30.0000 2428.8689   14.3061
    0.0000   22.5000  -30.0000 2445.0793   14.3082
    7.5000   22.5000  -30.0000 2415.8062   14.4910
   -7.5000   30.0000  -30.0000 2334.5901   15.4362
    0.0000   30.0000  -30.0000 2351.3342   15.4344
    7.5000   30.0000  -30.0000 2323.0112   15.6502
   -7.5000   37.5000  -30.0000 2223.2725   16.9540
    0.0000   37.5000  -30.0000 2234.0212   16.9185
    7.5000   37.5000  -30.0000 2211.5347   17.1914
   -7.5000   45.0000  -30.0000 2094.5984   18.9748
    0.0000   45.0000  -30.0000 2099.3103   18.9129
    7.5000   45.0000  -30.0000 2078.3599   19.1852
   -7.5000  -45.0000  -22.5000 2342.7173   16.1512
    0.0000  -45.0000  -22.5000 2363.2402   16.1343
    7.5000  -45.0000  -22.5000 2341.0476   16.2864
   -7.5000  -37.5000  -22.5000 2455.0447   14.6051
    0.0000  -37.5000  -22.5000 2476.6633   14.5965
    7.5000  -37.5000  -22.5000 2456.7144   14.7043
   -7.5000  -30.0000  -22.5000 2547.4839   13.4658
    0.0000  -30.0000  -22.5000 2568.9514   13.4877
    7.5000  -30.0000  -22.5000 2548.7000   13.5514
   -7.5000  -22.5000  -22.5000 2614.1934   12.7183
    0.0000  -22.5000  -22.5000 2631.6533   12.7321
    7.5000  -22.5000  -22.5000 2610.4673   12.7940
   -7.5000  -15.0000  -22.5000 2663.2119   12.2511
    0.0000  -15.0000  -22.5000 2683.5210   12.2754
    7.5000  -15.0000  -22.5000 2657.9028   12.3438
   -7.5000   -7.5000  -22.5000 2689.7004   11.9800
    0.0000   -7.5000  -22.5000 2708.6301   12.0322
    7.5000   -7.5000  -22.5000 2681.1006   12.0699
   -7.5000    0.0000  -22.5000 2685.7749   12.0119
    0.0000    0.0000  -22.5000 2711.4514   12.0734
    7.5000    0.0000  -22.5000 2674.8196   12.1239
   -7.5000    7.5000  -22.5000 2664.9849   12.3141
    0.0000    7.5000  -22.5000 2688.6609   12.3426
    7.5000    7.5000  -22.5000 2651.1667   12.4469
   -7.5000   15.0000  -22.5000 2614.8633   12.8688
    0.0000   15.0000  -22.5000 2638.9033   12.8848
    7.5000   15.0000  -22.5000 2603.1992   12.9917
   -7.5000   22.5000  -22.5000 2541.6318   13.6514
    0.0000   22.5000  -22.5000 2563.8350   13.6567
    7.5000   22.5000  -22.5000 2527.5090   13.8318
   -7.5000   30.0000  -22.5000 2438.8577   14.7064
    0.0000   30.0000  -22.5000 2455.1670   14.6950
    7.5000   30.0000  -22.5000 2427.4924   14.9050
   -7.5000   37.5000  -22.5000 2317.9170   16.1550
    0.0000   37.5000  -22.5000 2336.7754   16.1349
    7.5000   37.5000  -22.5000 2309.6882   16.3700
   -7.5000   45.0000  -22.5000 2178.9360   18.0819
    0.0000   45.0000  -22.5000 2187.3542   18.0974
    7.5000   45.0000  -22.5000 2169.9673   18.3177
   -7.5000  -45.0000  -15.0000 2381.5679   15.5461
    0.0000  -45.0000  -15.0000 2404.9692   15.5341
    7.5000  -45.0000  -15.0000 2389.6057   15.7170
   -7.5000  -37.5000  -15.0000 2500.2151   14.0133
    0.0000  -37.5000  -15.0000 2522.4746   14.0224
    7.5000  -37.5000  -15.0000 2507.8701   14.1527
   -7.5000  -30.0000  -15.0000 2604.1587   12.8772
    0.0000  -30.0000  -15.0000 2630.8669   12.9020
    7.5000  -30.0000  -15.0000 2611.0688   13.0044
   -7.5000  -22.5000  -15.0000 2680.6558   12.1165
    0.0000  -22.5000  -15.0000 2705.3477   12.1626
    7.5000  -22.5000  -15.0000 2684.7400   12.2428
   -7.5000  -15.0000  -15.0000 2734.9224   11.6338
    0.0000  -15.0000  -15.0000 2760.6736   11.6736
    7.5000  -15.0000  -15.0000 2733.3518   11.7500
   -7.5000   -7.5000  -15.0000 2772.8279   11.3274
    0.0000   -7.5000  -15.0000 2799.5342   11.3879
    7.5000   -7.5000  -15.0000 2763.3682   11.4441
   -7.5000    0.0000  -15.0000 2777.4446   11.3899
    0.0000    0.0000  -15.0000 2810.0850   11.4318
    7.5000    0.0000  -15.0000 2767.8794   11.5014
   -7.5000    7.5000  -15.0000 2763.4426   11.7362
    0.0000    7.5000  -15.0000 2792.0574   11.7631
    7.5000    7.5000  -15.0000 2753.7043   11.8473
   -7.5000   15.0000  -15.0000 2709.7996   12.2764
    0.0000   15.0000  -15.0000 2734.4795   12.3021
    7.5000   15.0000  -15.0000 2700.0806   12.4158
   -7.5000   22.5000  -15.0000 2624.4934   13.0304
    0.0000   22.5000  -15.0000 2649.5330   13.0616
    7.5000   22.5000  -15.0000 2613.2200   13.1896
   -7.5000   30.0000  -15.0000 2507.7141   14.0770
    0.0000   30.0000  -15.0000 2529.8420   14.1048
    7.5000   30.0000  -15.0000 2499.7009   14.2570
   -7.5000   37.5000  -15.0000 2375.8726   15.4705
    0.0000   37.5000  -15.0000 2401.8188   15.5123
    7.5000   37.5000  -15.0000 2374.0703   15.6918
   -7.5000   45.0000  -15.0000 2235.2434   17.3100
    0.0000   45.0000  -15.0000 2250.6282   17.3568
    7.5000   45.0000  -15.0000 2229.7913   17.5568
   -7.5000  -45.0000   -7.5000 2404.1907   15.0541
    0.0000  -45.0000   -7.5000 2426.7317   15.0485
    7.5000  -45.0000   -7.5000 2410.8892   15.2663
   -7.5000  -37.5000   -7.5000 2529.4651   13.5441
    0.0000  -37.5000   -7.5000 2553.7925   13.5522
    7.5000  -37.5000   -7.5000 2534.5107   13.7028
   -7.5000  -30.0000   -7.5000 2640.5325   12.4071
    0.0000  -30.0000   -7.5000 2668.6147   12.4160
    7.5000  -30.0000   -7.5000 2649.3035   12.5634
   -7.5000  -22.5000   -7.5000 2730.6567   11.6427
    0.0000  -22.5000   -7.5000 2762.0647   11.6427
    7.5000  -22.5000   -7.5000 2737.6421   11.7847
   -7.5000  -15.0000   -7.5000 2797.8572   11.1487
    0.0000  -15.0000   -7.5000 2831.0784   11.1434
    7.5000  -15.0000   -7.5000 2796.5261   11.2634
   -7.5000   -7.5000   -7.5000 2846.2815   10.8004
    0.0000   -7.5000   -7.5000 2877.3376   10.8101
    7.5000   -7.5000   -7.5000 2834.3640   10.9307
   -7.5000    0.0000   -7.5000 2857.5977   10.8560
    0.0000    0.0000   -7.5000 2886.0291   10.8641
    7.5000    0.0000   -7.5000 2847.7087   10.9556
   -7.5000    7.5000   -7.5000 2837.6394   11.1688
    0.0000    7.5000   -7.5000 2867.1301   11.2049
    7.5000    7.5000   -7.5000 2830.1770   11.2821
   -7.5000   15.0000   -7.5000 2776.8564   11.7039
    0.0000   15.0000   -7.5000 2800.3899   11.7379
    7.5000   15.0000   -7.5000 2766.9492   11.8557
   -7.5000   22.5000   -7.5000 2683.2456   12.4824
    0.0000   22.5000   -7.5000 2709.0166   12.4846
    7.5000   22.5000   -7.5000 2673.4280   12.6487
   -7.5000   30.0000   -7.5000 2557.3940   13.5301
    0.0000   30.0000   -7.5000 2579.0669   13.5490
    7.5000   30.0000   -7.5000 2549.0872   13.7441
   -7.5000   37.5000   -7.5000 2424.0579   14.8951
    0.0000   37.5000   -7.5000 2442.2866   14.9184
    7.5000   37.5000   -7.5000 2415.3809   15.1372
   -7.5000   45.0000   -7.5000 2278.1521   16.6255
    0.0000   45.0000   -7.5000 2287.8945   16.6658
    7.5000   45.0000   -7.5000 2269.2253   16.9013
   -7.5000  -45.0000    0.0000 2408.0137   14.7880
    0.0000  -45.0000    0.0000 2430.3271   14.6968
    7.5000  -45.0000    0.0000 2416.9504   14.9562
   -7.5000  -37.5000    0.0000 2531.2148   13.2624
    0.0000  -37.5000    0.0000 2560.4490   13.1941
    7.5000  -37.5000    0.0000 2539.4988   13.3905
   -7.5000  -30.0000    0.0000 2653.7788   12.1385
    0.0000  -30.0000    0.0000 2683.2207   12.0627
    7.5000  -30.0000    0.0000 2661.8782   12.2480
   -7.5000  -22.5000    0.0000 2757.6123   11.3596
    0.0000  -22.5000    0.0000 2793.9250   11.2939
    7.5000  -22.5000    0.0000 2764.3748   11.4756
   -7.5000  -15.0000    0.0000 2845.2371   10.8740
    0.0000  -15.0000    0.0000 2881.1736   10.8174
    7.5000  -15.0000    0.0000 2843.5662   10.9654
   -7.5000   -7.5000    0.0000 2899.2026   10.5091
    0.0000   -7.5000    0.0000 2939.7322   10.4187
    7.5000   -7.5000    0.0000 2890.5430   10.6476
   -7.5000    0.0000    0.0000 2915.3357   10.5131
    0.0000    0.0000    0.0000 2948.6069   10.4358
    7.5000    0.0000    0.0000 2907.6174   10.6487
   -7.5000    7.5000    0.0000 2889.1919   10.8399
    0.0000    7.5000    0.0000 2914.6104   10.7841
    7.5000    7.5000    0.0000 2884.2578   10.9939
   -7.5000   15.0000    0.0000 2821.7781   11.3647
    0.0000   15.0000    0.0000 2842.7383   11.2939
    7.5000   15.0000    0.0000 2815.5054   11.5140
   -7.5000   22.5000    0.0000 2721.6533   12.1317
    0.0000   22.5000    0.0000 2744.2737   12.0621
    7.5000   22.5000    0.0000 2714.5293   12.3074
   -7.5000   30.0000    0.0000 2589.4885   13.2058
    0.0000   30.0000    0.0000 2607.7915   13.1424
    7.5000   30.0000    0.0000 2583.1213   13.3777
   -7.5000   37.5000    0.0000 2452.7554   14.5641
    0.0000   37.5000    0.0000 2466.6519   14.5228
    7.5000   37.5000    0.0000 2446.5254   14.7630
   -7.5000   45.0000    0.0000 2303.6763   16.2743
    0.0000   45.0000    0.0000 2310.3838   16.2615
    7.5000   45.0000    0.0000 2290.4556   16.5159
   -7.5000  -45.0000    7.5000 2402.3123   14.7580
    0.0000  -45.0000    7.5000 2423.6550   14.5663
    7.5000  -45.0000    7.5000 2409.8394   14.8267
   -7.5000  -37.5000    7.5000 2526.9624   13.1996
    0.0000  -37.5000    7.5000 2554.9343   13.0240
    7.5000  -37.5000    7.5000 2535.4929   13.2371
   -7.5000  -30.0000    7.5000 2654.7854   12.0030
    0.0000  -30.0000    7.5000 2686.6636   11.8463
    7.5000  -30.0000    7.5000 2664.3240   12.0783
   -7.5000  -22.5000    7.5000 2770.3198   11.2114
    0.0000  -22.5000    7.5000 2798.0417   11.0287
    7.5000  -22.5000    7.5000 2776.1775   11.3011
   -7.5000  -15.0000    7.5000 2868.6362   10.8128
    0.0000  -15.0000    7.5000 2897.7151   10.6295
    7.5000  -15.0000    7.5000 2871.1321   10.8552
   -7.5000   -7.5000    7.5000 2941.0410   10.5554
    0.0000   -7.5000    7.5000 2980.7217   10.3187
    7.5000   -7.5000    7.5000 2933.4807   10.6373
   -7.5000    0.0000    7.5000 2968.5901   10.4826
    0.0000    0.0000    7.5000 2998.1519   10.2298
    7.5000    0.0000    7.5000 2951.5688   10.6182
   -7.5000    7.5000    7.5000 2928.5352   10.7778
    0.0000    7.5000    7.5000 2945.2158   10.5589
    7.5000    7.5000    7.5000 2911.4409   10.8728
   -7.5000   15.0000    7.5000 2842.0022   11.2441
    0.0000   15.0000    7.5000 2860.0583   11.0801
    7.5000   15.0000    7.5000 2834.9329   11.3153
   -7.5000   22.5000    7.5000 2738.2473   11.9690
    0.0000   22.5000    7.5000 2756.2778   11.8535
    7.5000   22.5000    7.5000 2732.7102   12.0620
   -7.5000   30.0000    7.5000 2601.7546   13.0421
    0.0000   30.0000    7.5000 2621.4380   12.9609
    7.5000   30.0000    7.5000 2598.9978   13.1413
   -7.5000   37.5000    7.5000 2462.5225   14.4128
    0.0000   37.5000    7.5000 2483.0007   14.3975
    7.5000   37.5000    7.5000 2456.9841   14.5548
   -7.5000   45.0000    7.5000 2306.6880   16.0821
    0.0000   45.0000    7.5000 2319.4426   16.1269
    7.5000   45.0000    7.5000 2296.9771   16.2899
   -7.5000  -45.0000   15.0000 2389.9797   14.8869
    0.0000  -45.0000   15.0000 2407.8342   14.5562
    7.5000  -45.0000   15.0000 2396.0410   14.8657
   -7.5000  -37.5000   15.0000 2514.6174   13.3430
    0.0000  -37.5000   15.0000 2534.4998   13.0180
    7.5000  -37.5000   15.0000 2522.2205   13.3098
   -7.5000  -30.0000   15.0000 2640.8904   12.1788
    0.0000  -30.0000   15.0000 2658.5425   11.8864
    7.5000  -30.0000   15.0000 2646.5552   12.1751
   -7.5000  -22.5000   15.0000 2758.4907   11.3844
    0.0000  -22.5000   15.0000 2776.4812   11.1141
    7.5000  -22.5000   15.0000 2761.3000   11.4192
   -7.5000  -15.0000   15.0000 2862.3889   10.9444
    0.0000  -15.0000   15.0000 2891.1951   10.7290
    7.5000  -15.0000   15.0000 2858.1023   10.9985
   -7.5000   -7.5000   15.0000 2933.5264   10.6377
    0.0000   -7.5000   15.0000 2965.9275   10.4445
    7.5000   -7.5000   15.0000 2921.2966   10.7202
   -7.5000    0.0000   15.0000 2960.9360   10.6122
    0.0000    0.0000   15.0000 2995.0505   10.4382
    7.5000    0.0000   15.0000 2947.9158   10.7044
   -7.5000    7.5000   15.0000 2917.9749   10.8292
    0.0000    7.5000   15.0000 2947.2561   10.7317
    7.5000    7.5000   15.0000 2903.1572   10.9212
   -7.5000   15.0000   15.0000 2826.2957   11.2885
    0.0000   15.0000   15.0000 2848.9944   11.1680
    7.5000   15.0000   15.0000 2817.6790   11.3427
   -7.5000   22.5000   15.0000 2722.9272   12.0192
    0.0000   22.5000   15.0000 2739.4263   11.9056
    7.5000   22.5000   15.0000 2715.4155   12.0662
   -7.5000   30.0000   15.0000 2592.2598   13.0451
    0.0000   30.0000   15.0000 2608.4690   12.9661
    7.5000   30.0000   15.0000 2589.2434   13.1039
   -7.5000   37.5000   15.0000 2455.6890   14.3651
    0.0000   37.5000   15.0000 2475.8120   14.3480
    7.5000   37.5000   15.0000 2451.2292   14.4801
   -7.5000   45.0000   15.0000 2297.8875   16.0451
    0.0000   45.0000   15.0000 2314.6001   16.0710
    7.5000   45.0000   15.0000 2290.9570   16.2318
   -7.5000  -45.0000   22.5000 2369.1089   15.2323
    0.0000  -45.0000   22.5000 2383.9924   14.9114
    7.5000  -45.0000   22.5000 2375.0339   15.1775
   -7.5000  -37.5000   22.5000 2492.3474   13.6825
    0.0000  -37.5000   22.5000 2508.0022   13.4217
    7.5000  -37.5000   22.5000 2494.0862   13.6548
   -7.5000  -30.0000   22.5000 2620.9465   12.5428
    0.0000  -30.0000   22.5000 2636.9492   12.3211
    7.5000  -30.0000   22.5000 2616.4714   12.5436
   -7.5000  -22.5000   22.5000 2734.6523   11.7446
    0.0000  -22.5000   22.5000 2753.2627   11.5631
    7.5000  -22.5000   22.5000 2728.8875   11.7727
   -7.5000  -15.0000   22.5000 2829.9573   11.2127
    0.0000  -15.0000   22.5000 2858.0125   11.0200
    7.5000  -15.0000   22.5000 2820.5642   11.2635
   -7.5000   -7.5000   22.5000 2896.7290   10.8643
    0.0000   -7.5000   22.5000 2922.1484   10.6880
    7.5000   -7.5000   22.5000 2884.6738   10.9458
   -7.5000    0.0000   22.5000 2916.8398   10.8331
    0.0000    0.0000   22.5000 2953.5193   10.7173
    7.5000    0.0000   22.5000 2911.5920   10.8816
   -7.5000    7.5000   22.5000 2877.4509   11.0832
    0.0000    7.5000   22.5000 2916.6741   10.9995
    7.5000    7.5000   22.5000 2872.6843   11.1400
   -7.5000   15.0000   22.5000 2792.8796   11.5846
    0.0000   15.0000   22.5000 2821.7654   11.5235
    7.5000   15.0000   22.5000 2786.5559   11.6336
   -7.5000   22.5000   22.5000 2686.8320   12.2874
    0.0000   22.5000   22.5000 2709.9338   12.2590
    7.5000   22.5000   22.5000 2680.8931   12.3487
   -7.5000   30.0000   22.5000 2560.7375   13.2430
    0.0000   30.0000   22.5000 2579.1628   13.2281
    7.5000   30.0000   22.5000 2556.7852   13.3269
   -7.5000   37.5000   22.5000 2428.5176   14.5017
    0.0000   37.5000   22.5000 2449.8542   14.5232
    7.5000   37.5000   22.5000 2419.9568   14.6307
   -7.5000   45.0000   22.5000 2270.4707   16.1719
    0.0000   45.0000   22.5000 2288.1885   16.1876
    7.5000   45.0000   22.5000 2264.4333   16.3294
   -7.5000  -45.0000   30.0000 2339.0032   15.8245
    0.0000  -45.0000   30.0000 2359.0476   15.6389
    7.5000  -45.0000   30.0000 2339.1353   15.8200
   -7.5000  -37.5000   30.0000 2462.3486   14.2730
    0.0000  -37.5000   30.0000 2484.4670   14.0975
    7.5000  -37.5000   30.0000 2458.0391   14.2701
   -7.5000  -30.0000   30.0000 2584.4517   13.1028
    0.0000  -30.0000   30.0000 2610.9397   12.9376
    7.5000  -30.0000   30.0000 2578.9929   13.0895
   -7.5000  -22.5000   30.0000 2692.9626   12.2676
    0.0000  -22.5000   30.0000 2718.5891   12.1033
    7.5000  -22.5000   30.0000 2686.5798   12.2617
   -7.5000  -15.0000   30.0000 2776.9199   11.6623
    0.0000  -15.0000   30.0000 2805.1265   11.4786
    7.5000  -15.0000   30.0000 2768.5647   11.7363
   -7.5000   -7.5000   30.0000 2837.8435   11.3032
    0.0000   -7.5000   30.0000 2857.6355   11.1966
    7.5000   -7.5000   30.0000 2826.7947   11.4145
   -7.5000    0.0000   30.0000 2847.2490   11.2923
    0.0000    0.0000   30.0000 2876.8176   11.1936
    7.5000    0.0000   30.0000 2839.1445   11.3542
   -7.5000    7.5000   30.0000 2811.9124   11.5636
    0.0000    7.5000   30.0000 2844.3979   11.4623
    7.5000    7.5000   30.0000 2805.9639   11.6217
   -7.5000   15.0000   30.0000 2731.9575   12.0637
    0.0000   15.0000   30.0000 2759.5129   11.9521
    7.5000   15.0000   30.0000 2725.2112   12.1137
   -7.5000   22.5000   30.0000 2632.9822   12.7650
    0.0000   22.5000   30.0000 2656.8931   12.6926
    7.5000   22.5000   30.0000 2630.6921   12.8361
   -7.5000   30.0000   30.0000 2514.3342   13.7382
    0.0000   30.0000   30.0000 2540.0374   13.6889
    7.5000   30.0000   30.0000 2513.2222   13.8001
   -7.5000   37.5000   30.0000 2380.4917   14.9247
    0.0000   37.5000   30.0000 2402.4519   14.8987
    7.5000   37.5000   30.0000 2378.1016   15.0111
   -7.5000   45.0000   30.0000 2230.6882   16.5231
    0.0000   45.0000   30.0000 2245.2349   16.5048
    7.5000   45.0000   30.0000 2225.3003   16.6278
   -7.5000  -45.0000   37.5000 2293.8545   16.6355
    0.0000  -45.0000   37.5000 2317.7219   16.4772
    7.5000  -45.0000   37.5000 2293.7566   16.6304
   -7.5000  -37.5000   37.5000 2418.2837   14.9906
    0.0000  -37.5000   37.5000 2446.4724   14.8639
    7.5000  -37.5000   37.5000 2417.7725   15.0048
   -7.5000  -30.0000   37.5000 2538.8164   13.7740
    0.0000  -30.0000   37.5000 2566.6299   13.6465
    7.5000  -30.0000   37.5000 2533.7834   13.7826
   -7.5000  -22.5000   37.5000 2641.6252   12.9173
    0.0000  -22.5000   37.5000 2670.1382   12.7718
    7.5000  -22.5000   37.5000 2636.9458   12.9452
   -7.5000  -15.0000   37.5000 2711.5701   12.3172
    0.0000  -15.0000   37.5000 2742.2202   12.1892
    7.5000  -15.0000   37.5000 2705.6709   12.4100
   -7.5000   -7.5000   37.5000 2759.3748   11.9906
    0.0000   -7.5000   37.5000 2779.2871   11.9129
    7.5000   -7.5000   37.5000 2750.5322   12.0957
   -7.5000    0.0000   37.5000 2757.7144   11.9598
    0.0000    0.0000   37.5000 2786.4893   11.8729
    7.5000    0.0000   37.5000 2753.2070   12.0283
   -7.5000    7.5000   37.5000 2722.7583   12.2351
    0.0000    7.5000   37.5000 2754.3926   12.1134
    7.5000    7.5000   37.5000 2718.9595   12.2753
   -7.5000   15.0000   37.5000 2652.5828   12.7151
    0.0000   15.0000   37.5000 2675.3025   12.6115
    7.5000   15.0000   37.5000 2644.9443   12.7682
   -7.5000   22.5000   37.5000 2560.6519   13.3901
    0.0000   22.5000   37.5000 2578.8213   13.3305
    7.5000   22.5000   37.5000 2557.5173   13.4822
   -7.5000   30.0000   37.5000 2454.3972   14.3284
    0.0000   30.0000   37.5000 2474.6211   14.3059
    7.5000   30.0000   37.5000 2450.8184   14.4360
   -7.5000   37.5000   37.5000 2319.0974   15.5655
    0.0000   37.5000   37.5000 2343.7676   15.5381
    7.5000   37.5000   37.5000 2320.1145   15.6689
   -7.5000   45.0000   37.5000 2179.0518   17.1185
    0.0000   45.0000   37.5000 2200.0530   17.1250
    7.5000   45.0000   37.5000 2173.1157   17.2798
   -7.5000  -45.0000   45.0000 2239.2334   17.5809
    0.0000  -45.0000   45.0000 2268.8103   17.4864
    7.5000  -45.0000   45.0000 2242.1926   17.5920
   -7.5000  -37.5000   45.0000 2363.6873   15.8472
    0.0000  -37.5000   45.0000 2394.5938   15.7508
    7.5000  -37.5000   45.0000 2367.6890   15.8946
   -7.5000  -30.0000   45.0000 2478.3906   14.5878
    0.0000  -30.0000   45.0000 2503.9844   14.5055
    7.5000  -30.0000   45.0000 2472.7947   14.6360
   -7.5000  -22.5000   45.0000 2570.4651   13.7379
    0.0000  -22.5000   45.0000 2599.4788   13.6261
    7.5000  -22.5000   45.0000 2564.8669   13.8047
   -7.5000  -15.0000   45.0000 2635.2893   13.1692
    0.0000  -15.0000   45.0000 2657.8992   13.0835
    7.5000  -15.0000   45.0000 2626.3501   13.2667
   -7.5000   -7.5000   45.0000 2667.0579   12.8561
    0.0000   -7.5000   45.0000 2686.2229   12.7958
    7.5000   -7.5000   45.0000 2658.7302   12.9525
   -7.5000    0.0000   45.0000 2660.5771   12.7925
    0.0000    0.0000   45.0000 2684.1648   12.7293
    7.5000    0.0000   45.0000 2653.0261   12.8598
   -7.5000    7.5000   45.0000 2630.9058   13.0398
    0.0000    7.5000   45.0000 2652.0288   12.9401
    7.5000    7.5000   45.0000 2619.7505   13.0805
   -7.5000   15.0000   45.0000 2566.3909   13.4727
    0.0000   15.0000   45.0000 2589.0732   13.3990
    7.5000   15.0000   45.0000 2558.1365   13.5263
   -7.5000   22.5000   45.0000 2479.1875   14.1891
    0.0000   22.5000   45.0000 2499.7830   14.0998
    7.5000   22.5000   45.0000 2475.3494   14.2424
   -7.5000   30.0000   45.0000 2380.1226   15.0734
    0.0000   30.0000   45.0000 2396.4768   15.0414
    7.5000   30.0000   45.0000 2376.0757   15.1613
   -7.5000   37.5000   45.0000 2251.7322   16.3492
    0.0000   37.5000   45.0000 2270.4043   16.3274
    7.5000   37.5000   45.0000 2251.7263   16.4378
   -7.5000   45.0000   45.0000 2120.5491   17.9853
    0.0000   45.0000   45.0000 2134.6321   17.9512
    7.5000   45.0000   45.0000 2115.2708   18.0752

---------------------------------------------------------------------
imgreg_4dfp /opt/freesurfer/average/711-2C_as_mni_average_305 /opt/freesurfer/average/711-2B_as_mni_average_305_mask talsrcimg_g11 none talsrcimg_to_711-2C_as_mni_average_305_t4 1283
---------------------------------------------------------------------

freesurfer imgreg_4dfp.c
/opt/freesurfer/average/711-2C_as_mni_average_305.4dfp.img
       256       256       256         1
  1.000000  1.000000  1.000000
orientation T byte_order littleendian
Reading image: /opt/freesurfer/average/711-2C_as_mni_average_305.4dfp.img
dimensions:      256       256       256
mmppix:       1.0000   -1.0000   -1.0000
center:     128.0000 -129.0000 -129.0000
/opt/freesurfer/average/711-2B_as_mni_average_305_mask.4dfp.img
       256       256       256         1
  1.000000  1.000000  1.000000
orientation T byte_order littleendian
Reading mask: /opt/freesurfer/average/711-2B_as_mni_average_305_mask.4dfp.img (2306576 pixels)
talsrcimg_g11.4dfp.img
       256       256       256         1
  1.000000  1.000000  1.000000
orientation T byte_order littleendian
Reading image: talsrcimg_g11.4dfp.img
dimensions:      256       256       256
mmppix:       1.0000   -1.0000   -1.0000
center:     128.0000 -129.0000 -129.0000
rotation matrix determinant  1.000000
fimgreg.f
image alignment mode   1283 decimal      503 hex
parameters
    0.0000    0.0000    7.5000    0.0000    0.0000    0.0000
eta,q 0.94081 10.19659
niter,ni,del,rscale     5    3   12.0000    1.2000
parameter  2  0.603147 ->  0.500000 qaram    1.1500
parameter  3 -0.527376 -> -0.500000 qaram    1.1500
parameters
   -0.7740   -3.4500   10.9500   -1.5492    0.2371    0.2685
eta,q 0.94624 10.23192
  0.0672  0.0596  0.0719  0.0581  0.0639  0.0609
  0.0657  0.0577  0.0692  0.0550  0.0601  0.0574
  0.0626  0.0592  0.0641  0.0537  0.0561  0.0548
  0.0611  0.0605  0.0577  0.0547  0.0537  0.0537
  0.0644  0.0627  0.0541  0.0570  0.0553  0.0545
  0.0670  0.0675  0.0552  0.0600  0.0590  0.0564
  0.0716  0.0719  0.0595  0.0630  0.0627  0.0598
niter,ni,del,rscale     6    3   12.0000    1.2000
parameters
   -1.0713   -1.6827   11.2440   -3.2220    0.3781    0.3913
eta,q 0.94671 10.25089
  0.0650  0.0709  0.0685  0.0574  0.0631  0.0603
  0.0616  0.0642  0.0614  0.0539  0.0598  0.0570
  0.0571  0.0578  0.0549  0.0532  0.0558  0.0544
  0.0538  0.0539  0.0545  0.0549  0.0534  0.0533
  0.0569  0.0549  0.0585  0.0566  0.0550  0.0540
  0.0627  0.0559  0.0611  0.0588  0.0588  0.0563
  0.0679  0.0601  0.0645  0.0615  0.0628  0.0601
niter,ni,del,rscale     5    3   12.0000    1.2000
parameters
   -0.9449   -0.9877   11.2889   -3.5370    0.3134    0.4782
eta,q 0.94653 10.25380
  0.0659  0.0679  0.0666  0.0595  0.0624  0.0604
  0.0617  0.0626  0.0586  0.0553  0.0591  0.0570
  0.0569  0.0557  0.0530  0.0529  0.0553  0.0545
  0.0533  0.0533  0.0537  0.0538  0.0535  0.0535
  0.0556  0.0551  0.0575  0.0555  0.0554  0.0541
  0.0608  0.0578  0.0600  0.0571  0.0590  0.0564
  0.0654  0.0638  0.0637  0.0594  0.0630  0.0603
niter,ni,del,rscale     4    3   12.0000    1.2000
parameters
   -0.8570   -0.7578   11.2840   -3.7219    0.2289    0.5125
eta,q 0.94654 10.25777
  0.0657  0.0671  0.0663  0.0597  0.0621  0.0603
  0.0614  0.0611  0.0582  0.0555  0.0590  0.0569
  0.0568  0.0545  0.0528  0.0529  0.0552  0.0544
  0.0535  0.0535  0.0536  0.0536  0.0535  0.0535
  0.0559  0.0555  0.0574  0.0554  0.0554  0.0541
  0.0609  0.0593  0.0600  0.0569  0.0589  0.0565
  0.0653  0.0654  0.0636  0.0591  0.0629  0.0604
niter,ni,del,rscale     3    3   12.0000    1.2000
parameters
   -0.8048   -0.6493   11.2696   -3.8220    0.1701    0.5293
eta,q 0.94658 10.26057
  0.0655  0.0669  0.0663  0.0599  0.0621  0.0603
  0.0613  0.0606  0.0581  0.0556  0.0590  0.0569
  0.0567  0.0542  0.0527  0.0529  0.0552  0.0543
  0.0535  0.0534  0.0535  0.0535  0.0534  0.0534
  0.0559  0.0556  0.0574  0.0554  0.0553  0.0541
  0.0609  0.0597  0.0600  0.0568  0.0588  0.0565
  0.0653  0.0657  0.0636  0.0589  0.0627  0.0605
niter,ni,del,rscale     2    3   12.0000    1.2000
parameters
   -0.7735   -0.5944   11.2586   -3.8810    0.1324    0.5404
eta,q 0.94661 10.26243
  0.0653  0.0667  0.0663  0.0600  0.0621  0.0603
  0.0612  0.0603  0.0581  0.0557  0.0590  0.0568
  0.0567  0.0540  0.0527  0.0528  0.0552  0.0543
  0.0534  0.0534  0.0535  0.0534  0.0534  0.0534
  0.0560  0.0557  0.0573  0.0553  0.0552  0.0541
  0.0610  0.0598  0.0600  0.0567  0.0587  0.0565
  0.0654  0.0659  0.0636  0.0588  0.0626  0.0605
registration optimization eta report
parameter search radius
    6.0000    6.9000    6.9000    6.0000    6.0000    6.0000
100000*second partial in parameter space
       30.       27.       24.       17.       23.       19.
  0.0653  0.0667  0.0663  0.0600  0.0621  0.0603
  0.0612  0.0603  0.0581  0.0557  0.0590  0.0568
  0.0567  0.0540  0.0527  0.0528  0.0552  0.0543
  0.0534  0.0534  0.0535  0.0534  0.0534  0.0534
  0.0560  0.0557  0.0573  0.0553  0.0552  0.0541
  0.0610  0.0598  0.0600  0.0567  0.0587  0.0565
  0.0654  0.0659  0.0636  0.0588  0.0626  0.0605
   -0.7735   -0.5944   11.2586   -3.8810    0.1324    0.5404
eta,q 0.94661 10.26243

---------------------------------------------------------------------
imgreg_4dfp /opt/freesurfer/average/711-2C_as_mni_average_305 /opt/freesurfer/average/711-2B_as_mni_average_305_mask talsrcimg_g11 none talsrcimg_to_711-2C_as_mni_average_305_t4 3335
---------------------------------------------------------------------

freesurfer imgreg_4dfp.c
/opt/freesurfer/average/711-2C_as_mni_average_305.4dfp.img
       256       256       256         1
  1.000000  1.000000  1.000000
orientation T byte_order littleendian
Reading image: /opt/freesurfer/average/711-2C_as_mni_average_305.4dfp.img
dimensions:      256       256       256
mmppix:       1.0000   -1.0000   -1.0000
center:     128.0000 -129.0000 -129.0000
/opt/freesurfer/average/711-2B_as_mni_average_305_mask.4dfp.img
       256       256       256         1
  1.000000  1.000000  1.000000
orientation T byte_order littleendian
Reading mask: /opt/freesurfer/average/711-2B_as_mni_average_305_mask.4dfp.img (2306576 pixels)
talsrcimg_g11.4dfp.img
       256       256       256         1
  1.000000  1.000000  1.000000
orientation T byte_order littleendian
Reading image: talsrcimg_g11.4dfp.img
dimensions:      256       256       256
mmppix:       1.0000   -1.0000   -1.0000
center:     128.0000 -129.0000 -129.0000
fimgreg.f
image alignment mode   3335 decimal      D07 hex
parameters
   -0.7735   -0.5944   11.2586   -0.0047   -0.2336   -0.2296
   -0.9253   -0.2943    0.9431    6.7660    0.2310   -6.7685
eta,q 0.94567 10.27882
niter,ni,del,rscale     5    3    5.0000    1.2000
parameter  4 13.216307 ->  0.500000 qaram    1.1500
parameter  5  4.275892 ->  0.500000 qaram    1.1500
parameter  6  1.077036 ->  0.500000 qaram    1.1500
parameter 12  0.541400 ->  0.500000 qaram    1.1500
parameters
   -0.8956    0.2824   10.3199   -4.1447   -4.3736   -4.3696
   -1.8761    0.8366    1.5615    3.3618   -0.0191  -10.9085
eta,q 0.96423  9.93105
  0.0555  0.0566  0.0543  0.0407  0.0382  0.0357  0.0389  0.0441  0.0388  0.0372  0.0379  0.0361
  0.0546  0.0556  0.0539  0.0444  0.0405  0.0367  0.0379  0.0410  0.0379  0.0363  0.0369  0.0358
  0.0543  0.0549  0.0539  0.0490  0.0429  0.0386  0.0372  0.0385  0.0373  0.0362  0.0364  0.0358
  0.0543  0.0543  0.0541  0.0538  0.0456  0.0412  0.0372  0.0371  0.0369  0.0369  0.0362  0.0362
  0.0546  0.0541  0.0545  0.0581  0.0487  0.0450  0.0376  0.0371  0.0370  0.0383  0.0365  0.0369
  0.0549  0.0542  0.0552  0.0629  0.0517  0.0504  0.0387  0.0384  0.0375  0.0402  0.0371  0.0378
  0.0556  0.0548  0.0561  0.0677  0.0551  0.0562  0.0402  0.0410  0.0383  0.0424  0.0381  0.0389
niter,ni,del,rscale     7    3    5.0000    1.2000
parameter  4  0.990840 ->  0.500000 qaram    1.3225
parameter  5  1.322828 ->  0.500000 qaram    1.3225
parameters
   -0.5382   -0.3834   10.1294   -8.9057   -9.1346   -6.5951
   -2.2737    1.1242    2.0996    4.0728   -2.1424  -11.0137
eta,q 0.97289  9.71049
  0.0403  0.0366  0.0372  0.0310  0.0269  0.0289  0.0299  0.0324  0.0295  0.0310  0.0277  0.0289
  0.0382  0.0358  0.0362  0.0309  0.0271  0.0279  0.0284  0.0297  0.0284  0.0290  0.0272  0.0279
  0.0367  0.0355  0.0356  0.0321  0.0287  0.0273  0.0275  0.0280  0.0276  0.0278  0.0271  0.0273
  0.0358  0.0356  0.0355  0.0355  0.0310  0.0274  0.0273  0.0273  0.0273  0.0273  0.0272  0.0271
  0.0357  0.0362  0.0358  0.0405  0.0334  0.0280  0.0278  0.0276  0.0274  0.0274  0.0276  0.0274
  0.0366  0.0373  0.0366  0.0454  0.0366  0.0301  0.0289  0.0291  0.0280  0.0282  0.0282  0.0280
  0.0384  0.0389  0.0379  0.0508  0.0400  0.0344  0.0305  0.0318  0.0290  0.0297  0.0290  0.0289
niter,ni,del,rscale     7    3    5.0000    1.2000
parameters
   -0.3707    0.0191   10.1690  -12.3922  -12.6784   -6.5808
   -2.2162    1.3285    3.0998    4.2077   -3.2975  -11.1262
eta,q 0.97351  9.41087
  0.0314  0.0308  0.0288  0.0283  0.0285  0.0288  0.0292  0.0305  0.0284  0.0291  0.0270  0.0280
  0.0292  0.0290  0.0278  0.0275  0.0271  0.0275  0.0278  0.0283  0.0275  0.0275  0.0267  0.0272
  0.0277  0.0277  0.0272  0.0272  0.0265  0.0267  0.0269  0.0270  0.0269  0.0267  0.0265  0.0267
  0.0271  0.0271  0.0270  0.0270  0.0272  0.0265  0.0265  0.0265  0.0265  0.0265  0.0265  0.0265
  0.0274  0.0271  0.0272  0.0286  0.0292  0.0269  0.0269  0.0269  0.0265  0.0268  0.0267  0.0267
  0.0285  0.0278  0.0277  0.0330  0.0315  0.0275  0.0277  0.0281  0.0269  0.0275  0.0270  0.0272
  0.0304  0.0289  0.0287  0.0383  0.0346  0.0287  0.0291  0.0301  0.0276  0.0288  0.0276  0.0281
niter,ni,del,rscale     6    3    5.0000    1.2000
parameters
   -0.2677    0.6517   10.4928  -12.9199  -13.3589   -6.6477
   -2.4210    1.2928    3.3556    4.6282   -3.6310  -11.3875
eta,q 0.97370  9.34464
  0.0297  0.0301  0.0281  0.0291  0.0302  0.0287  0.0288  0.0300  0.0280  0.0292  0.0270  0.0278
  0.0280  0.0284  0.0272  0.0276  0.0283  0.0275  0.0275  0.0280  0.0272  0.0275  0.0266  0.0270
  0.0269  0.0272  0.0266  0.0267  0.0269  0.0266  0.0266  0.0267  0.0265  0.0266  0.0264  0.0265
  0.0265  0.0265  0.0263  0.0262  0.0263  0.0263  0.0263  0.0263  0.0263  0.0263  0.0263  0.0263
  0.0267  0.0263  0.0263  0.0260  0.0272  0.0267  0.0267  0.0267  0.0264  0.0265  0.0264  0.0265
  0.0276  0.0267  0.0267  0.0272  0.0292  0.0276  0.0277  0.0280  0.0269  0.0272  0.0267  0.0271
  0.0293  0.0276  0.0273  0.0310  0.0314  0.0288  0.0291  0.0301  0.0279  0.0284  0.0272  0.0280
niter,ni,del,rscale     5    3    5.0000    1.2000
parameters
   -0.2980    0.8189   10.4580  -12.8292  -13.5875   -6.6693
   -2.4289    1.2391    3.5288    4.8338   -3.8989  -11.5520
eta,q 0.97372  9.33966
  0.0292  0.0290  0.0277  0.0294  0.0305  0.0287  0.0289  0.0300  0.0280  0.0289  0.0270  0.0278
  0.0276  0.0277  0.0269  0.0277  0.0286  0.0275  0.0275  0.0279  0.0271  0.0273  0.0266  0.0270
  0.0266  0.0267  0.0264  0.0267  0.0270  0.0266  0.0266  0.0267  0.0265  0.0265  0.0264  0.0265
  0.0263  0.0263  0.0263  0.0263  0.0263  0.0263  0.0263  0.0263  0.0263  0.0263  0.0263  0.0263
  0.0266  0.0264  0.0264  0.0260  0.0269  0.0266  0.0266  0.0267  0.0264  0.0266  0.0264  0.0265
  0.0277  0.0272  0.0269  0.0267  0.0288  0.0275  0.0275  0.0280  0.0269  0.0273  0.0267  0.0270
  0.0294  0.0284  0.0278  0.0301  0.0310  0.0287  0.0290  0.0300  0.0279  0.0285  0.0272  0.0280
niter,ni,del,rscale     4    3    5.0000    1.2000
parameters
   -0.3038    0.9106   10.4113  -12.8565  -13.6925   -6.7190
   -2.4374    1.2112    3.6653    4.9565   -4.0887  -11.6563
eta,q 0.97372  9.33200
  0.0292  0.0289  0.0276  0.0293  0.0306  0.0287  0.0289  0.0300  0.0280  0.0288  0.0270  0.0278
  0.0276  0.0275  0.0269  0.0277  0.0287  0.0275  0.0275  0.0279  0.0271  0.0273  0.0266  0.0270
  0.0266  0.0267  0.0264  0.0267  0.0271  0.0266  0.0266  0.0267  0.0265  0.0265  0.0264  0.0265
  0.0263  0.0263  0.0263  0.0263  0.0263  0.0263  0.0263  0.0263  0.0263  0.0263  0.0263  0.0263
  0.0266  0.0265  0.0265  0.0260  0.0269  0.0266  0.0266  0.0267  0.0264  0.0266  0.0264  0.0265
  0.0276  0.0272  0.0269  0.0268  0.0287  0.0275  0.0275  0.0280  0.0270  0.0273  0.0267  0.0270
  0.0293  0.0286  0.0278  0.0302  0.0309  0.0288  0.0290  0.0300  0.0279  0.0285  0.0271  0.0279
niter,ni,del,rscale     3    3    5.0000    1.2000
parameters
   -0.3129    0.9676   10.3650  -12.8708  -13.7495   -6.7553
   -2.4355    1.1888    3.7631    5.0476   -4.2448  -11.7403
eta,q 0.97371  9.32776
  0.0292  0.0288  0.0276  0.0293  0.0306  0.0287  0.0289  0.0300  0.0279  0.0288  0.0270  0.0278
  0.0276  0.0275  0.0269  0.0277  0.0287  0.0275  0.0276  0.0279  0.0271  0.0273  0.0266  0.0270
  0.0266  0.0266  0.0264  0.0267  0.0272  0.0267  0.0266  0.0267  0.0265  0.0265  0.0264  0.0265
  0.0263  0.0263  0.0263  0.0263  0.0263  0.0263  0.0263  0.0263  0.0263  0.0263  0.0263  0.0263
  0.0266  0.0265  0.0265  0.0260  0.0269  0.0266  0.0266  0.0267  0.0264  0.0266  0.0264  0.0265
  0.0276  0.0273  0.0270  0.0268  0.0287  0.0275  0.0275  0.0280  0.0270  0.0273  0.0266  0.0270
  0.0293  0.0286  0.0278  0.0302  0.0309  0.0288  0.0290  0.0300  0.0279  0.0285  0.0271  0.0279
niter,ni,del,rscale     2    3    5.0000    1.2000
parameters
   -0.3196    1.0098   10.3263  -12.8872  -13.7912   -6.7928
   -2.4374    1.1688    3.8523    5.1127   -4.3688  -11.7947
eta,q 0.97371  9.32379
  0.0292  0.0288  0.0277  0.0293  0.0306  0.0287  0.0289  0.0300  0.0279  0.0288  0.0270  0.0278
  0.0276  0.0275  0.0269  0.0277  0.0287  0.0275  0.0276  0.0279  0.0271  0.0273  0.0266  0.0270
  0.0266  0.0266  0.0264  0.0267  0.0272  0.0267  0.0266  0.0267  0.0265  0.0265  0.0264  0.0265
  0.0263  0.0263  0.0263  0.0263  0.0263  0.0263  0.0263  0.0263  0.0263  0.0263  0.0263  0.0263
  0.0266  0.0265  0.0265  0.0260  0.0269  0.0266  0.0266  0.0267  0.0264  0.0266  0.0264  0.0265
  0.0276  0.0273  0.0270  0.0268  0.0287  0.0275  0.0275  0.0280  0.0270  0.0274  0.0266  0.0270
  0.0292  0.0287  0.0278  0.0302  0.0309  0.0288  0.0290  0.0300  0.0279  0.0285  0.0271  0.0279
niter,ni,del,rscale     1    3    5.0000    1.2000
parameters
   -0.3268    1.0411   10.2929  -12.8994  -13.8200   -6.8241
   -2.4360    1.1523    3.9173    5.1720   -4.4726  -11.8364
eta,q 0.97371  9.32095
  0.0292  0.0287  0.0277  0.0293  0.0306  0.0287  0.0290  0.0300  0.0279  0.0288  0.0270  0.0278
  0.0276  0.0275  0.0269  0.0277  0.0288  0.0275  0.0276  0.0279  0.0271  0.0273  0.0266  0.0270
  0.0266  0.0266  0.0264  0.0267  0.0272  0.0267  0.0266  0.0267  0.0265  0.0265  0.0264  0.0265
  0.0263  0.0263  0.0263  0.0263  0.0263  0.0263  0.0263  0.0263  0.0263  0.0263  0.0263  0.0263
  0.0266  0.0265  0.0265  0.0260  0.0269  0.0266  0.0266  0.0267  0.0264  0.0266  0.0264  0.0265
  0.0276  0.0273  0.0270  0.0268  0.0287  0.0275  0.0276  0.0280  0.0270  0.0274  0.0266  0.0270
  0.0292  0.0287  0.0277  0.0302  0.0309  0.0288  0.0290  0.0300  0.0279  0.0285  0.0271  0.0279
registration optimization eta report
parameter search radius
    2.4000    2.4000    2.4000    9.5220    9.5220    8.2800
    7.2000    7.2000    7.2000    7.2000    7.2000    8.2800
100000*second partial in parameter space
       51.       42.       24.        4.        5.        3.
        5.        7.        3.        5.        1.        2.
  0.0292  0.0287  0.0277  0.0293  0.0306  0.0287  0.0290  0.0300  0.0279  0.0288  0.0270  0.0278
  0.0276  0.0275  0.0269  0.0277  0.0288  0.0275  0.0276  0.0279  0.0271  0.0273  0.0266  0.0270
  0.0266  0.0266  0.0264  0.0267  0.0272  0.0267  0.0266  0.0267  0.0265  0.0265  0.0264  0.0265
  0.0263  0.0263  0.0263  0.0263  0.0263  0.0263  0.0263  0.0263  0.0263  0.0263  0.0263  0.0263
  0.0266  0.0265  0.0265  0.0260  0.0269  0.0266  0.0266  0.0267  0.0264  0.0266  0.0264  0.0265
  0.0276  0.0273  0.0270  0.0268  0.0287  0.0275  0.0276  0.0280  0.0270  0.0274  0.0266  0.0270
  0.0292  0.0287  0.0277  0.0302  0.0309  0.0288  0.0290  0.0300  0.0279  0.0285  0.0271  0.0279
   -0.3268    1.0411   10.2929  -12.8994  -13.8200   -6.8241
   -2.4360    1.1523    3.9173    5.1720   -4.4726  -11.8364
eta,q 0.97371  9.32095

---------------------------------------------------------------------
imgreg_4dfp /opt/freesurfer/average/711-2C_as_mni_average_305 /opt/freesurfer/average/711-2B_as_mni_average_305_mask talsrcimg_g11 none talsrcimg_to_711-2C_as_mni_average_305_t4 2311
---------------------------------------------------------------------

freesurfer imgreg_4dfp.c
/opt/freesurfer/average/711-2C_as_mni_average_305.4dfp.img
       256       256       256         1
  1.000000  1.000000  1.000000
orientation T byte_order littleendian
Reading image: /opt/freesurfer/average/711-2C_as_mni_average_305.4dfp.img
dimensions:      256       256       256
mmppix:       1.0000   -1.0000   -1.0000
center:     128.0000 -129.0000 -129.0000
/opt/freesurfer/average/711-2B_as_mni_average_305_mask.4dfp.img
       256       256       256         1
  1.000000  1.000000  1.000000
orientation T byte_order littleendian
Reading mask: /opt/freesurfer/average/711-2B_as_mni_average_305_mask.4dfp.img (2306576 pixels)
talsrcimg_g11.4dfp.img
       256       256       256         1
  1.000000  1.000000  1.000000
orientation T byte_order littleendian
Reading image: talsrcimg_g11.4dfp.img
dimensions:      256       256       256
mmppix:       1.0000   -1.0000   -1.0000
center:     128.0000 -129.0000 -129.0000
fimgreg.f
image alignment mode   2311 decimal      907 hex
parameters
   -0.3268    1.0411   10.2929  -12.8994  -13.8200   -6.8241
   -2.4360    1.1523    3.9173    5.1720   -4.4726  -11.8364
eta,q 0.97371  9.32094
niter,ni,del,rscale     5    3    5.0000    0.8000
parameter  4 -0.662297 -> -0.500000 qaram    1.1500
parameters
   -0.3177    1.0958   10.2648  -10.1394  -13.5889   -6.2775
   -2.3831    1.2430    4.0139    5.0595   -4.2610  -12.0123
eta,q 0.97404  9.49143
  0.0276  0.0275  0.0269  0.0271  0.0278  0.0272  0.0273  0.0281  0.0268  0.0271  0.0265  0.0265
  0.0269  0.0269  0.0266  0.0267  0.0270  0.0266  0.0266  0.0269  0.0264  0.0264  0.0262  0.0262
  0.0264  0.0265  0.0264  0.0265  0.0263  0.0262  0.0261  0.0262  0.0261  0.0260  0.0260  0.0260
  0.0263  0.0263  0.0263  0.0263  0.0260  0.0260  0.0260  0.0260  0.0260  0.0260  0.0260  0.0260
  0.0264  0.0264  0.0264  0.0261  0.0261  0.0260  0.0261  0.0262  0.0260  0.0261  0.0260  0.0260
  0.0269  0.0267  0.0266  0.0260  0.0267  0.0263  0.0265  0.0269  0.0263  0.0265  0.0262  0.0263
  0.0276  0.0273  0.0270  0.0262  0.0276  0.0268  0.0273  0.0279  0.0268  0.0271  0.0264  0.0266
niter,ni,del,rscale     5    3    5.0000    0.8000
parameters
   -0.2243    0.9797   10.3257  -11.2923  -13.4177   -6.1860
   -2.3574    1.1285    4.0361    4.8990   -4.6631  -12.0456
eta,q 0.97397  9.44836
  0.0277  0.0270  0.0267  0.0267  0.0278  0.0270  0.0274  0.0279  0.0269  0.0271  0.0264  0.0266
  0.0268  0.0264  0.0263  0.0264  0.0270  0.0265  0.0267  0.0268  0.0264  0.0265  0.0262  0.0263
  0.0262  0.0260  0.0260  0.0262  0.0263  0.0262  0.0262  0.0262  0.0261  0.0261  0.0260  0.0261
  0.0260  0.0260  0.0260  0.0259  0.0261  0.0261  0.0261  0.0261  0.0260  0.0260  0.0260  0.0260
  0.0261  0.0261  0.0260  0.0261  0.0262  0.0261  0.0262  0.0263  0.0261  0.0262  0.0261  0.0261
  0.0265  0.0266  0.0262  0.0269  0.0268  0.0265  0.0266  0.0270  0.0264  0.0266  0.0263  0.0263
  0.0274  0.0273  0.0266  0.0286  0.0276  0.0270  0.0274  0.0280  0.0269  0.0272  0.0265  0.0266
niter,ni,del,rscale     4    3    5.0000    0.7000
parameters
   -0.1797    0.9578   10.3429  -11.2002  -13.3694   -6.1257
   -2.3863    1.1485    4.1490    4.8004   -4.7493  -12.0342
eta,q 0.97400  9.45570
  0.0272  0.0269  0.0266  0.0268  0.0274  0.0268  0.0271  0.0276  0.0267  0.0269  0.0263  0.0265
  0.0266  0.0264  0.0263  0.0265  0.0267  0.0264  0.0265  0.0266  0.0263  0.0263  0.0261  0.0262
  0.0262  0.0261  0.0261  0.0263  0.0262  0.0261  0.0261  0.0261  0.0261  0.0261  0.0260  0.0261
  0.0260  0.0260  0.0260  0.0260  0.0260  0.0260  0.0260  0.0260  0.0260  0.0260  0.0260  0.0260
  0.0261  0.0261  0.0261  0.0259  0.0262  0.0261  0.0261  0.0262  0.0261  0.0261  0.0261  0.0261
  0.0265  0.0264  0.0263  0.0262  0.0266  0.0263  0.0265  0.0267  0.0263  0.0264  0.0262  0.0262
  0.0271  0.0270  0.0265  0.0270  0.0274  0.0268  0.0271  0.0275  0.0267  0.0269  0.0264  0.0265
niter,ni,del,rscale     3    3    5.0000    0.6000
parameters
   -0.1648    0.9350   10.3486  -10.9488  -13.3546   -6.0661
   -2.4063    1.1412    4.1655    4.7284   -4.6835  -11.9840
eta,q 0.97402  9.46974
  0.0269  0.0266  0.0264  0.0267  0.0271  0.0266  0.0268  0.0272  0.0265  0.0266  0.0263  0.0263
  0.0264  0.0263  0.0262  0.0264  0.0265  0.0263  0.0264  0.0264  0.0262  0.0262  0.0261  0.0261
  0.0261  0.0261  0.0260  0.0262  0.0261  0.0261  0.0261  0.0261  0.0260  0.0260  0.0260  0.0260
  0.0260  0.0260  0.0260  0.0260  0.0260  0.0260  0.0260  0.0260  0.0260  0.0260  0.0260  0.0260
  0.0261  0.0261  0.0260  0.0259  0.0261  0.0260  0.0261  0.0261  0.0260  0.0261  0.0260  0.0260
  0.0264  0.0263  0.0262  0.0261  0.0265  0.0262  0.0263  0.0265  0.0262  0.0263  0.0261  0.0261
  0.0268  0.0267  0.0264  0.0267  0.0270  0.0266  0.0268  0.0271  0.0265  0.0266  0.0262  0.0263
niter,ni,del,rscale     2    3    5.0000    0.5000
parameters
   -0.1613    0.9193   10.3659  -10.6808  -13.3622   -6.0309
   -2.4110    1.1432    4.1187    4.6583   -4.6101  -11.9351
eta,q 0.97404  9.48236
  0.0266  0.0264  0.0263  0.0265  0.0267  0.0264  0.0265  0.0268  0.0263  0.0264  0.0262  0.0262
  0.0263  0.0262  0.0261  0.0263  0.0263  0.0262  0.0262  0.0263  0.0261  0.0261  0.0260  0.0261
  0.0261  0.0260  0.0260  0.0261  0.0260  0.0260  0.0260  0.0260  0.0260  0.0260  0.0260  0.0260
  0.0260  0.0260  0.0260  0.0260  0.0260  0.0260  0.0260  0.0260  0.0260  0.0260  0.0259  0.0260
  0.0260  0.0260  0.0260  0.0259  0.0261  0.0260  0.0260  0.0261  0.0260  0.0260  0.0260  0.0260
  0.0262  0.0262  0.0261  0.0261  0.0263  0.0261  0.0262  0.0263  0.0261  0.0262  0.0260  0.0260
  0.0266  0.0265  0.0262  0.0265  0.0267  0.0264  0.0265  0.0267  0.0263  0.0264  0.0261  0.0262
niter,ni,del,rscale     1    3    5.0000    0.4000
parameters
   -0.1575    0.9013   10.3889  -10.4325  -13.3656   -6.0232
   -2.4089    1.1539    4.0717    4.5765   -4.4909  -11.8350
eta,q 0.97406  9.49265
  0.0263  0.0262  0.0261  0.0264  0.0265  0.0262  0.0263  0.0265  0.0262  0.0262  0.0261  0.0261
  0.0261  0.0261  0.0260  0.0262  0.0262  0.0261  0.0261  0.0262  0.0260  0.0260  0.0260  0.0260
  0.0260  0.0260  0.0260  0.0261  0.0260  0.0260  0.0260  0.0260  0.0260  0.0260  0.0260  0.0260
  0.0260  0.0260  0.0260  0.0260  0.0259  0.0259  0.0259  0.0259  0.0259  0.0259  0.0259  0.0259
  0.0260  0.0260  0.0260  0.0259  0.0260  0.0260  0.0260  0.0260  0.0260  0.0260  0.0259  0.0259
  0.0261  0.0261  0.0260  0.0260  0.0262  0.0261  0.0261  0.0262  0.0261  0.0261  0.0260  0.0260
  0.0264  0.0263  0.0261  0.0263  0.0265  0.0262  0.0263  0.0264  0.0262  0.0262  0.0261  0.0261
registration optimization eta report
parameter search radius
    0.8000    0.8000    0.8000    2.7600    2.4000    2.4000
    2.4000    2.4000    2.4000    2.4000    2.4000    2.4000
100000*second partial in parameter space
       62.       47.       27.        5.        9.        5.
        6.        9.        4.        5.        2.        3.
  0.0263  0.0262  0.0261  0.0264  0.0265  0.0262  0.0263  0.0265  0.0262  0.0262  0.0261  0.0261
  0.0261  0.0261  0.0260  0.0262  0.0262  0.0261  0.0261  0.0262  0.0260  0.0260  0.0260  0.0260
  0.0260  0.0260  0.0260  0.0261  0.0260  0.0260  0.0260  0.0260  0.0260  0.0260  0.0260  0.0260
  0.0260  0.0260  0.0260  0.0260  0.0259  0.0259  0.0259  0.0259  0.0259  0.0259  0.0259  0.0259
  0.0260  0.0260  0.0260  0.0259  0.0260  0.0260  0.0260  0.0260  0.0260  0.0260  0.0259  0.0259
  0.0261  0.0261  0.0260  0.0260  0.0262  0.0261  0.0261  0.0262  0.0261  0.0261  0.0260  0.0260
  0.0264  0.0263  0.0261  0.0263  0.0265  0.0262  0.0263  0.0264  0.0262  0.0262  0.0261  0.0261
   -0.1575    0.9013   10.3889  -10.4325  -13.3656   -6.0232
   -2.4089    1.1539    4.0717    4.5765   -4.4909  -11.8350
eta,q 0.97406  9.49265

---------------------------------------------------------------------
imgreg_4dfp /opt/freesurfer/average/711-2C_as_mni_average_305 /opt/freesurfer/average/711-2B_as_mni_average_305_mask talsrcimg_g11 none talsrcimg_to_711-2C_as_mni_average_305_t4 2311
---------------------------------------------------------------------

freesurfer imgreg_4dfp.c
/opt/freesurfer/average/711-2C_as_mni_average_305.4dfp.img
       256       256       256         1
  1.000000  1.000000  1.000000
orientation T byte_order littleendian
Reading image: /opt/freesurfer/average/711-2C_as_mni_average_305.4dfp.img
dimensions:      256       256       256
mmppix:       1.0000   -1.0000   -1.0000
center:     128.0000 -129.0000 -129.0000
/opt/freesurfer/average/711-2B_as_mni_average_305_mask.4dfp.img
       256       256       256         1
  1.000000  1.000000  1.000000
orientation T byte_order littleendian
Reading mask: /opt/freesurfer/average/711-2B_as_mni_average_305_mask.4dfp.img (2306576 pixels)
talsrcimg_g11.4dfp.img
       256       256       256         1
  1.000000  1.000000  1.000000
orientation T byte_order littleendian
Reading image: talsrcimg_g11.4dfp.img
dimensions:      256       256       256
mmppix:       1.0000   -1.0000   -1.0000
center:     128.0000 -129.0000 -129.0000
fimgreg.f
image alignment mode   2311 decimal      907 hex
parameters
   -0.1575    0.9013   10.3889  -10.4325  -13.3656   -6.0232
   -2.4089    1.1539    4.0717    4.5765   -4.4909  -11.8350
eta,q 0.97406  9.49265
niter,ni,del,rscale     5    3    5.0000    0.8000
parameters
   -0.2003    0.8541   10.3981  -11.1299  -13.3179   -6.1240
   -2.4145    1.1992    4.0438    4.6999   -4.5106  -11.8880
eta,q 0.97399  9.46198
  0.0274  0.0271  0.0267  0.0267  0.0277  0.0270  0.0274  0.0281  0.0268  0.0272  0.0265  0.0266
  0.0266  0.0264  0.0263  0.0264  0.0269  0.0265  0.0266  0.0268  0.0264  0.0265  0.0262  0.0263
  0.0261  0.0261  0.0260  0.0261  0.0263  0.0261  0.0262  0.0262  0.0261  0.0261  0.0260  0.0261
  0.0259  0.0259  0.0259  0.0259  0.0260  0.0260  0.0260  0.0260  0.0260  0.0260  0.0260  0.0260
  0.0261  0.0261  0.0260  0.0260  0.0262  0.0261  0.0261  0.0263  0.0261  0.0261  0.0261  0.0261
  0.0267  0.0265  0.0262  0.0266  0.0268  0.0265  0.0266  0.0269  0.0264  0.0265  0.0262  0.0263
  0.0276  0.0272  0.0266  0.0277  0.0277  0.0271  0.0274  0.0279  0.0269  0.0271  0.0264  0.0266
niter,ni,del,rscale     4    3    5.0000    0.7000
parameters
   -0.1675    0.8866   10.3835  -10.9039  -13.3247   -6.0815
   -2.3928    1.2043    4.0564    4.6988   -4.5395  -11.9218
eta,q 0.97402  9.47320
  0.0272  0.0269  0.0265  0.0267  0.0274  0.0268  0.0271  0.0276  0.0266  0.0269  0.0263  0.0264
  0.0266  0.0264  0.0262  0.0264  0.0267  0.0264  0.0265  0.0266  0.0263  0.0263  0.0261  0.0262
  0.0262  0.0261  0.0260  0.0262  0.0262  0.0261  0.0261  0.0261  0.0261  0.0260  0.0260  0.0260
  0.0260  0.0260  0.0260  0.0260  0.0260  0.0260  0.0260  0.0260  0.0260  0.0260  0.0260  0.0260
  0.0261  0.0261  0.0261  0.0259  0.0262  0.0261  0.0261  0.0262  0.0260  0.0261  0.0260  0.0260
  0.0265  0.0264  0.0262  0.0261  0.0266  0.0263  0.0265  0.0267  0.0263  0.0264  0.0261  0.0262
  0.0271  0.0269  0.0265  0.0267  0.0274  0.0268  0.0270  0.0275  0.0266  0.0268  0.0263  0.0264
niter,ni,del,rscale     3    3    5.0000    0.6000
parameters
   -0.1593    0.8911   10.3835  -10.6879  -13.3313   -6.0408
   -2.3912    1.1913    4.0656    4.6616   -4.5241  -11.9094
eta,q 0.97404  9.48364
  0.0268  0.0266  0.0264  0.0265  0.0270  0.0266  0.0268  0.0271  0.0265  0.0266  0.0262  0.0263
  0.0264  0.0263  0.0261  0.0263  0.0265  0.0263  0.0263  0.0264  0.0262  0.0262  0.0261  0.0261
  0.0261  0.0261  0.0260  0.0262  0.0261  0.0260  0.0261  0.0260  0.0260  0.0260  0.0260  0.0260
  0.0260  0.0260  0.0260  0.0260  0.0260  0.0260  0.0260  0.0260  0.0260  0.0260  0.0260  0.0260
  0.0261  0.0260  0.0260  0.0259  0.0261  0.0260  0.0260  0.0261  0.0260  0.0261  0.0260  0.0260
  0.0263  0.0263  0.0261  0.0261  0.0265  0.0262  0.0263  0.0265  0.0262  0.0263  0.0261  0.0261
  0.0268  0.0267  0.0264  0.0266  0.0270  0.0266  0.0268  0.0271  0.0265  0.0266  0.0262  0.0263
niter,ni,del,rscale     2    3    5.0000    0.5000
parameters
   -0.1594    0.8853   10.3902  -10.4644  -13.3381   -6.0153
   -2.4021    1.1855    4.0310    4.6152   -4.4490  -11.8592
eta,q 0.97406  9.49393
  0.0266  0.0264  0.0262  0.0264  0.0267  0.0264  0.0265  0.0268  0.0263  0.0264  0.0262  0.0262
  0.0262  0.0262  0.0261  0.0262  0.0263  0.0261  0.0262  0.0263  0.0261  0.0261  0.0260  0.0261
  0.0260  0.0260  0.0260  0.0261  0.0260  0.0260  0.0260  0.0260  0.0260  0.0260  0.0260  0.0260
  0.0260  0.0260  0.0260  0.0260  0.0259  0.0259  0.0259  0.0259  0.0259  0.0259  0.0259  0.0259
  0.0260  0.0260  0.0260  0.0259  0.0260  0.0260  0.0260  0.0261  0.0260  0.0260  0.0260  0.0260
  0.0262  0.0262  0.0261  0.0261  0.0263  0.0261  0.0262  0.0263  0.0261  0.0262  0.0260  0.0260
  0.0266  0.0264  0.0262  0.0264  0.0267  0.0264  0.0265  0.0267  0.0263  0.0264  0.0261  0.0262
niter,ni,del,rscale     1    3    5.0000    0.4000
parameters
   -0.1600    0.8764   10.3998  -10.2758  -13.3484   -6.0337
   -2.4011    1.1763    3.9860    4.5492   -4.3716  -11.8089
eta,q 0.97407  9.50013
  0.0263  0.0262  0.0261  0.0263  0.0265  0.0262  0.0263  0.0265  0.0262  0.0262  0.0261  0.0261
  0.0261  0.0261  0.0260  0.0261  0.0262  0.0261  0.0261  0.0262  0.0260  0.0260  0.0260  0.0260
  0.0260  0.0260  0.0260  0.0260  0.0260  0.0260  0.0260  0.0260  0.0260  0.0260  0.0259  0.0260
  0.0259  0.0259  0.0259  0.0259  0.0259  0.0259  0.0259  0.0259  0.0259  0.0259  0.0259  0.0259
  0.0260  0.0260  0.0260  0.0259  0.0260  0.0260  0.0260  0.0260  0.0260  0.0260  0.0259  0.0260
  0.0261  0.0261  0.0260  0.0260  0.0262  0.0261  0.0261  0.0262  0.0260  0.0261  0.0260  0.0260
  0.0263  0.0263  0.0261  0.0262  0.0265  0.0262  0.0263  0.0264  0.0262  0.0262  0.0261  0.0261
registration optimization eta report
parameter search radius
    0.8000    0.8000    0.8000    2.4000    2.4000    2.4000
    2.4000    2.4000    2.4000    2.4000    2.4000    2.4000
100000*second partial in parameter space
       63.       47.       27.        5.        9.        5.
        6.        9.        4.        5.        2.        3.
  0.0263  0.0262  0.0261  0.0263  0.0265  0.0262  0.0263  0.0265  0.0262  0.0262  0.0261  0.0261
  0.0261  0.0261  0.0260  0.0261  0.0262  0.0261  0.0261  0.0262  0.0260  0.0260  0.0260  0.0260
  0.0260  0.0260  0.0260  0.0260  0.0260  0.0260  0.0260  0.0260  0.0260  0.0260  0.0259  0.0260
  0.0259  0.0259  0.0259  0.0259  0.0259  0.0259  0.0259  0.0259  0.0259  0.0259  0.0259  0.0259
  0.0260  0.0260  0.0260  0.0259  0.0260  0.0260  0.0260  0.0260  0.0260  0.0260  0.0259  0.0260
  0.0261  0.0261  0.0260  0.0260  0.0262  0.0261  0.0261  0.0262  0.0260  0.0261  0.0260  0.0260
  0.0263  0.0263  0.0261  0.0262  0.0265  0.0262  0.0263  0.0264  0.0262  0.0262  0.0261  0.0261
   -0.1600    0.8764   10.3998  -10.2758  -13.3484   -6.0337
   -2.4011    1.1763    3.9860    4.5492   -4.3716  -11.8089
eta,q 0.97407  9.50013

---------------------------------------------------------------------
compute_vox2vox talsrcimg talsrcimg_to_711-2C_as_mni_average_305_t4 /opt/freesurfer/average/711-2C_as_mni_average_305
---------------------------------------------------------------------

freesurfer compute_vox2vox.c
Reading: talsrcimg.4dfp.ifh
Reading: talsrcimg_to_711-2C_as_mni_average_305_t4
Reading: /opt/freesurfer/average/711-2C_as_mni_average_305.4dfp.ifh
Writing: talsrcimg_to_711-2C_as_mni_average_305_t4_vox2vox.txt

start time Fri Mar 13 02:37:07 CET 2026
end		time Fri Mar 13 02:38:33 CET 2026

mpr2mni305 success

avi2talxfm orig_nu.mgz /opt/freesurfer/average/mni305.cor.mgz talsrcimg_to_711-2C_as_mni_average_305_t4_vox2vox.txt transforms/talairach.auto.xfm
avi2talxfm done
mv -f /out/sourcedata/freesurfer/sub-v2s3x28828_ses-1/mri/talsrcimg_to_711-2C_as_mni_average_305_t4_vox2vox.txt /out/sourcedata/freesurfer/sub-v2s3x28828_ses-1/mri/transforms/talsrcimg_to_711-2C_as_mni_average_305_t4_vox2vox.txt
lta_convert --src orig_nu.mgz --trg /opt/freesurfer/average/mni305.cor.mgz --inxfm transforms/talairach.auto.xfm --outlta transforms/talairach.auto.xfm.lta --subject fsaverage
7.3.2

--src: orig_nu.mgz src image (geometry).
--trg: /opt/freesurfer/average/mni305.cor.mgz trg image (geometry).
--inmni: transforms/talairach.auto.xfm input MNI/XFM transform.
--outlta: transforms/talairach.auto.xfm.lta output LTA.
--s: fsaverage subject name
 LTA read, type : 1
 1.11250  -0.01532   0.02874   2.49986;
 0.04503   1.05662   0.14524  -51.90672;
-0.05354  -0.05477   1.14510   10.92026;
 0.00000   0.00000   0.00000   1.00000;
setting subject to fsaverage
Writing  LTA to file transforms/talairach.auto.xfm.lta...
lta_convert successful.
 
 
Started at Fri Mar 13 02:37:07 CET 2026
Ended   at Fri Mar 13 02:38:34 CET 2026
talairach_avi done
