1773363935.373064758s 1 53f29bb8-4f8a-4a8e-81d8-7643d188a871
1773363943.452603052s 1 f17e01cc-3dea-4ee7-92b2-191a66fa954b
1773363944.14588085s 1 f17e01cc-3dea-4ee7-92b2-191a66fa954b
1773364509.892629342s 1 27fb875e-91a6-4b91-a0b0-1328b4cb0d47
1773364516.307862718s 1 f17e01cc-3dea-4ee7-92b2-191a66fa954b
1773367534.210722348s 1 e570c386-e452-4e4f-aac2-47ed6d0bc76a
1773367540.723705515s 1 f17e01cc-3dea-4ee7-92b2-191a66fa954b
1773368002.510252118s 1 c948438f-7ce9-4111-9444-634018896a43
1773368008.79158628s 1 f17e01cc-3dea-4ee7-92b2-191a66fa954b
1773368086.143121426s 1 057c8389-2b02-49fd-8aa4-4f5377f9c485
1773368093.654002342s 1 f17e01cc-3dea-4ee7-92b2-191a66fa954b
1773368525.600383337s 1 4df360d4-7090-45d0-a31a-0dcbecdcce09
1773368531.912008017s 1 f17e01cc-3dea-4ee7-92b2-191a66fa954b
1773368650.525233714s 1 3d7dbee8-5078-4bb8-9495-161fd9517100
1773368657.098108281s 1 f17e01cc-3dea-4ee7-92b2-191a66fa954b
1773368738.336210649s 1 31abbcb4-1b87-48e0-a9b9-52930a781d51
1773368744.517994339s 1 f17e01cc-3dea-4ee7-92b2-191a66fa954b
1773368915.844665177s 1 522ed404-bcca-42a6-a22c-1525fc0e6a21
1773368922.578811862s 1 f17e01cc-3dea-4ee7-92b2-191a66fa954b
1773369166.971702889s 1 6be94f84-6c0a-4545-bc2b-8269ec7d1f3e
1773369174.290269477s 1 f17e01cc-3dea-4ee7-92b2-191a66fa954b
1773369323.946109958s 1 64a5703f-502d-4f0b-bb89-a032a6db40de
1773369330.304523864s 1 f17e01cc-3dea-4ee7-92b2-191a66fa954b
1773369379.821604075s 1 81ac20e2-1085-408b-9746-d4b8b5dfcd95
1773369386.059270772s 1 f17e01cc-3dea-4ee7-92b2-191a66fa954b
1773369664.870129077s 1 08dbaea8-ab90-4150-8ed9-79fac585878c
1773369672.169824008s 1 f17e01cc-3dea-4ee7-92b2-191a66fa954b
1773369786.650609693s 1 65c403bc-0424-46d9-a4f6-a789fc9a1d57
1773369793.041585808s 1 f17e01cc-3dea-4ee7-92b2-191a66fa954b
1773369815.643756081s 1 f4f1c6a7-9310-4113-bdcd-ba2f3178462e
1773369822.406031412s 1 f17e01cc-3dea-4ee7-92b2-191a66fa954b
1773370230.407641226s 1 ccbc4a45-1b4f-40fb-b3f1-ac7854beefb0
1773370237.973483859s 1 f17e01cc-3dea-4ee7-92b2-191a66fa954b
1773370428.146777274s 1 e8d4af77-8bfd-440c-8a48-f0a010751fba
1773370434.137334254s 1 f17e01cc-3dea-4ee7-92b2-191a66fa954b
1773370730.926446293s 1 a996b625-5f87-4846-831e-ee027e9d9e4a
1773370737.941327705s 1 f17e01cc-3dea-4ee7-92b2-191a66fa954b
1773371088.880738229s 1 9bc3a584-0c7e-4b0a-9221-3803112901d5
1773371095.930545185s 1 f17e01cc-3dea-4ee7-92b2-191a66fa954b
1773371529.143439633s 1 0032da23-6078-4931-bdbd-b510ca286182
1773371535.269959862s 1 f17e01cc-3dea-4ee7-92b2-191a66fa954b
1773371900.150292096s 1 35d72a68-ff23-4910-963c-e422e0585cbf
1773371907.595957378s 1 f17e01cc-3dea-4ee7-92b2-191a66fa954b
1773372174.983960353s 1 1973e722-8dc8-46d5-ba2e-906c4af1b9dd
1773372181.678243866s 1 f17e01cc-3dea-4ee7-92b2-191a66fa954b
1773372186.338049557s 1 0cf72564-10e9-4c05-af0f-7c4e4580cd17
1773372191.90286199s 1 4e3b2333-e33f-422b-a640-e06236077053
1773372193.786725503s 1 f17e01cc-3dea-4ee7-92b2-191a66fa954b
1773372200.042101907s 1 f17e01cc-3dea-4ee7-92b2-191a66fa954b
1773372255.07450165s 1 ec32a394-eb84-42bf-88e4-efc350d63818
1773372262.598782432s 1 f17e01cc-3dea-4ee7-92b2-191a66fa954b
1773372678.662941731s 1 17cf1476-074e-4a2b-be93-09b870e0146a
1773372685.329605111s 1 f17e01cc-3dea-4ee7-92b2-191a66fa954b
1773372774.464423661s 1 2069bc25-36e4-422e-bfe3-67ff5fd3d1d0
1773372780.214291692s 1 f17e01cc-3dea-4ee7-92b2-191a66fa954b
1773373319.663616333s 1 fab1d0c6-62c6-41c6-a874-1ea3d64be017
1773373327.139267421s 1 f17e01cc-3dea-4ee7-92b2-191a66fa954b
1773374463.645408665s 1 6526ab7f-4aa0-4a83-bf95-8b2f94b4e1ae
1773374469.661677496s 1 f17e01cc-3dea-4ee7-92b2-191a66fa954b
1773374769.443337782s 1 868a0385-f02d-4905-b8c0-50e51b379ddb
1773374776.963663186s 1 f17e01cc-3dea-4ee7-92b2-191a66fa954b
1773374820.28386016s 1 3e1e61b9-4e6d-4a2e-afaa-4c7b11907f20
1773374831.241840353s 1 f17e01cc-3dea-4ee7-92b2-191a66fa954b
1773374903.15043352s 1 fa14f946-4ee9-451b-9916-c1ca296b5ac4
1773374909.817722597s 1 f17e01cc-3dea-4ee7-92b2-191a66fa954b
1773375434.496546217s 1 e887e9bd-f645-4b9a-b420-6b6d84e11c8d
1773375441.164371821s 1 f17e01cc-3dea-4ee7-92b2-191a66fa954b
1773375637.12319381s 1 79b85f33-10a5-42ad-8d9d-edb6ee0c19dd
1773375644.584402217s 1 f17e01cc-3dea-4ee7-92b2-191a66fa954b
1773375774.768981036s 1 ecbc690c-1865-4f11-bf30-fd58304bf9ec
1773375782.020416542s 1 f17e01cc-3dea-4ee7-92b2-191a66fa954b
1773375969.608742481s 1 06011518-40f6-4def-81fb-9675a3c82e3d
1773375976.493366947s 1 f17e01cc-3dea-4ee7-92b2-191a66fa954b
1773376081.885588771s 1 722810f6-6381-43b5-ac5c-9ca5ee435246
1773376088.805231181s 1 f17e01cc-3dea-4ee7-92b2-191a66fa954b
1773376097.702181392s 1 c11781f3-14a4-4f7c-87f4-49991d7814b5
1773376105.088368555s 1 f17e01cc-3dea-4ee7-92b2-191a66fa954b
1773376167.888413541s 1 1a7c6eb6-29ac-4d0d-aba9-6e6d02d6a95f
1773376174.375574576s 1 f17e01cc-3dea-4ee7-92b2-191a66fa954b
1773376249.78804449s 1 4b3caa62-51db-4e73-957b-f5b0f5375b72
1773376256.103248374s 1 f17e01cc-3dea-4ee7-92b2-191a66fa954b
1773376545.712826353s 1 cdbda899-d0f2-4ddb-a51c-abff294f2290
1773376551.774469969s 1 f17e01cc-3dea-4ee7-92b2-191a66fa954b
1773376600.327425441s 1 dccdb024-2f6c-4130-859d-aa7c6c50e654
1773376607.324763677s 1 f17e01cc-3dea-4ee7-92b2-191a66fa954b
1773376827.657530933s 1 3492b542-a575-4963-838a-903f02a50a41
1773376834.843994366s 1 f17e01cc-3dea-4ee7-92b2-191a66fa954b
1773376871.643753132s 1 9a871a93-feb0-4ccc-9145-4d1a0f70e831
1773376880.744455953s 1 f17e01cc-3dea-4ee7-92b2-191a66fa954b
1773376916.749548347s 1 1af9cb70-e91c-4d86-a0ee-0d32bcd4fb8f
1773376923.460189517s 1 f17e01cc-3dea-4ee7-92b2-191a66fa954b
1773377203.30581742s 1 93bba137-f498-473a-97e7-5d95875c17ea
1773377210.266534212s 1 f17e01cc-3dea-4ee7-92b2-191a66fa954b
1773377331.646891324s 1 42fc7621-dcf5-4cd0-bc63-6adc6778089d
1773377338.414718065s 1 f17e01cc-3dea-4ee7-92b2-191a66fa954b
1773377468.202956955s 1 167d5904-3af6-42f0-aadb-1c35c66d92ec
1773377473.935250578s 1 f17e01cc-3dea-4ee7-92b2-191a66fa954b
1773377752.231399064s 1 77e279cf-e895-4464-9272-63f1f5d22596
1773377758.458685401s 1 f17e01cc-3dea-4ee7-92b2-191a66fa954b
1773378123.583155364s 1 c8a70a38-45a4-45f1-9bf4-94e5e9b93ce9
1773378129.983927276s 1 f17e01cc-3dea-4ee7-92b2-191a66fa954b
1773378829.758138727s 1 2ee38b86-f84c-425e-96cd-f794b295ee52
1773378836.220484435s 1 f17e01cc-3dea-4ee7-92b2-191a66fa954b
1773379000.614552978s 1 7879b7f6-fce6-48e6-a127-5c4a8a922d46
1773379007.648001181s 1 f17e01cc-3dea-4ee7-92b2-191a66fa954b
1773379089.326918098s 1 5aa7cdcf-c21a-459a-bc2a-7d3dbfe0f85a
1773379095.57415486s 1 f17e01cc-3dea-4ee7-92b2-191a66fa954b
1773379701.670734283s 1 43b4e0d3-4ea3-4d5e-8e30-9e1e8e89b812
1773379707.656619688s 1 f17e01cc-3dea-4ee7-92b2-191a66fa954b
