status file for recon-all
Fri Mar 13 02:23:17 CET 2026
#@# Tessellate rh Fri Mar 13 02:23:17 CET 2026
#@# Smooth1 rh Fri Mar 13 02:23:20 CET 2026
#@# Inflation1 rh Fri Mar 13 02:23:21 CET 2026
#@# QSphere rh Fri Mar 13 02:23:29 CET 2026
#@# Fix Topology rh Fri Mar 13 02:24:21 CET 2026
#@# Smooth2 rh Fri Mar 13 02:28:16 CET 2026
#@# Inflation2 rh Fri Mar 13 02:28:18 CET 2026
#@# Curv .H and .K rh Fri Mar 13 02:28:26 CET 2026
#@# Sphere rh Fri Mar 13 02:29:04 CET 2026
#@# Surf Reg rh Fri Mar 13 02:30:28 CET 2026
#@# Jacobian white rh Fri Mar 13 02:32:53 CET 2026
#@# AvgCurv rh Fri Mar 13 02:32:53 CET 2026
#@# Cortical Parc rh Fri Mar 13 02:32:54 CET 2026
#@# white curv rh Fri Mar 13 02:37:57 CET 2026
#@# white area rh Fri Mar 13 02:37:59 CET 2026
#@# pial curv rh Fri Mar 13 02:37:59 CET 2026
#@# pial area rh Fri Mar 13 02:38:00 CET 2026
#@# thickness rh Fri Mar 13 02:38:01 CET 2026
#@# area and vertex vol rh Fri Mar 13 02:38:20 CET 2026
#@# Curvature Stats rh Fri Mar 13 02:38:21 CET 2026
#@# Cortical Parc 2 rh Fri Mar 13 02:38:23 CET 2026
#@# Cortical Parc 3 rh Fri Mar 13 02:38:33 CET 2026
#@# WM/GM Contrast rh Fri Mar 13 02:38:41 CET 2026
recon-all -s sub-v2s3x28801_ses-1 finished without error at Fri Mar 13 02:38:43 CET 2026



#New# invocation of recon-all 



status file for recon-all
Fri Mar 13 02:44:28 CET 2026
#@# white curv rh Fri Mar 13 02:44:28 CET 2026
#@# white area rh Fri Mar 13 02:44:28 CET 2026
#@# pial curv rh Fri Mar 13 02:44:28 CET 2026
#@# pial area rh Fri Mar 13 02:44:28 CET 2026
#@# thickness rh Fri Mar 13 02:44:28 CET 2026
#@# area and vertex vol rh Fri Mar 13 02:44:28 CET 2026
#@# Parcellation Stats rh Fri Mar 13 02:44:28 CET 2026
#@# Parcellation Stats 2 rh Fri Mar 13 02:44:42 CET 2026
#@# Parcellation Stats 3 rh Fri Mar 13 02:44:50 CET 2026
#@# BA_exvivo Labels rh Fri Mar 13 02:44:57 CET 2026
recon-all -s sub-v2s3x28801_ses-1 finished without error at Fri Mar 13 02:46:44 CET 2026
