status file for recon-all
Fri Mar 13 02:07:11 CET 2026
#@# Tessellate lh Fri Mar 13 02:07:11 CET 2026
#@# Smooth1 lh Fri Mar 13 02:07:14 CET 2026
#@# Inflation1 lh Fri Mar 13 02:07:16 CET 2026
#@# QSphere lh Fri Mar 13 02:07:23 CET 2026
#@# Fix Topology lh Fri Mar 13 02:08:01 CET 2026
#@# Smooth2 lh Fri Mar 13 02:12:05 CET 2026
#@# Inflation2 lh Fri Mar 13 02:12:07 CET 2026
#@# Curv .H and .K lh Fri Mar 13 02:12:14 CET 2026
#@# Sphere lh Fri Mar 13 02:12:51 CET 2026
#@# Surf Reg lh Fri Mar 13 02:15:01 CET 2026
#@# Jacobian white lh Fri Mar 13 02:17:26 CET 2026
#@# AvgCurv lh Fri Mar 13 02:17:27 CET 2026
#@# Cortical Parc lh Fri Mar 13 02:17:27 CET 2026
#@# white curv lh Fri Mar 13 02:22:30 CET 2026
#@# white area lh Fri Mar 13 02:22:31 CET 2026
#@# pial curv lh Fri Mar 13 02:22:32 CET 2026
#@# pial area lh Fri Mar 13 02:22:33 CET 2026
#@# thickness lh Fri Mar 13 02:22:33 CET 2026
#@# area and vertex vol lh Fri Mar 13 02:22:52 CET 2026
#@# Curvature Stats lh Fri Mar 13 02:22:53 CET 2026
#@# Cortical Parc 2 lh Fri Mar 13 02:22:55 CET 2026
#@# Cortical Parc 3 lh Fri Mar 13 02:23:05 CET 2026
#@# WM/GM Contrast lh Fri Mar 13 02:23:12 CET 2026
recon-all -s sub-v2s3x28801_ses-1 finished without error at Fri Mar 13 02:23:14 CET 2026



#New# invocation of recon-all 



status file for recon-all
Fri Mar 13 02:41:48 CET 2026
#@# white curv lh Fri Mar 13 02:41:48 CET 2026
#@# white area lh Fri Mar 13 02:41:48 CET 2026
#@# pial curv lh Fri Mar 13 02:41:48 CET 2026
#@# pial area lh Fri Mar 13 02:41:48 CET 2026
#@# thickness lh Fri Mar 13 02:41:48 CET 2026
#@# area and vertex vol lh Fri Mar 13 02:41:48 CET 2026
#@# Parcellation Stats lh Fri Mar 13 02:41:48 CET 2026
#@# Parcellation Stats 2 lh Fri Mar 13 02:42:09 CET 2026
#@# Parcellation Stats 3 lh Fri Mar 13 02:42:21 CET 2026
#@# BA_exvivo Labels lh Fri Mar 13 02:42:32 CET 2026
recon-all -s sub-v2s3x28801_ses-1 finished without error at Fri Mar 13 02:44:26 CET 2026
