status file for recon-all
Fri Mar 13 04:05:18 CET 2026
#@# Tessellate lh Fri Mar 13 04:05:18 CET 2026
#@# Smooth1 lh Fri Mar 13 04:05:22 CET 2026
#@# Inflation1 lh Fri Mar 13 04:05:25 CET 2026
#@# QSphere lh Fri Mar 13 04:05:38 CET 2026
#@# Fix Topology lh Fri Mar 13 04:07:03 CET 2026
#@# Smooth2 lh Fri Mar 13 04:13:11 CET 2026
#@# Inflation2 lh Fri Mar 13 04:13:14 CET 2026
#@# Curv .H and .K lh Fri Mar 13 04:13:29 CET 2026
#@# Sphere lh Fri Mar 13 04:14:19 CET 2026
#@# Surf Reg lh Fri Mar 13 04:16:27 CET 2026
#@# Jacobian white lh Fri Mar 13 04:20:35 CET 2026
#@# AvgCurv lh Fri Mar 13 04:20:36 CET 2026
#@# Cortical Parc lh Fri Mar 13 04:20:37 CET 2026
#@# white curv lh Fri Mar 13 04:27:56 CET 2026
#@# white area lh Fri Mar 13 04:27:57 CET 2026
#@# pial curv lh Fri Mar 13 04:27:58 CET 2026
#@# pial area lh Fri Mar 13 04:28:00 CET 2026
#@# thickness lh Fri Mar 13 04:28:01 CET 2026
#@# area and vertex vol lh Fri Mar 13 04:28:32 CET 2026
#@# Curvature Stats lh Fri Mar 13 04:28:34 CET 2026
#@# Cortical Parc 2 lh Fri Mar 13 04:28:36 CET 2026
#@# Cortical Parc 3 lh Fri Mar 13 04:28:51 CET 2026
#@# WM/GM Contrast lh Fri Mar 13 04:29:02 CET 2026
recon-all -s sub-v2s3x28824_ses-1 finished without error at Fri Mar 13 04:29:05 CET 2026



#New# invocation of recon-all 



status file for recon-all
Fri Mar 13 05:00:54 CET 2026
#@# white curv lh Fri Mar 13 05:00:54 CET 2026
#@# white area lh Fri Mar 13 05:00:54 CET 2026
#@# pial curv lh Fri Mar 13 05:00:54 CET 2026
#@# pial area lh Fri Mar 13 05:00:54 CET 2026
#@# thickness lh Fri Mar 13 05:00:54 CET 2026
#@# area and vertex vol lh Fri Mar 13 05:00:54 CET 2026
#@# Parcellation Stats lh Fri Mar 13 05:00:54 CET 2026
#@# Parcellation Stats 2 lh Fri Mar 13 05:01:16 CET 2026
#@# Parcellation Stats 3 lh Fri Mar 13 05:01:27 CET 2026
#@# BA_exvivo Labels lh Fri Mar 13 05:01:38 CET 2026
recon-all -s sub-v2s3x28824_ses-1 finished without error at Fri Mar 13 05:04:22 CET 2026
