status file for recon-all
Fri Mar 13 04:29:06 CET 2026
#@# Tessellate rh Fri Mar 13 04:29:06 CET 2026
#@# Smooth1 rh Fri Mar 13 04:29:10 CET 2026
#@# Inflation1 rh Fri Mar 13 04:29:12 CET 2026
#@# QSphere rh Fri Mar 13 04:29:26 CET 2026
#@# Fix Topology rh Fri Mar 13 04:30:49 CET 2026
#@# Smooth2 rh Fri Mar 13 04:36:24 CET 2026
#@# Inflation2 rh Fri Mar 13 04:36:27 CET 2026
#@# Curv .H and .K rh Fri Mar 13 04:36:46 CET 2026
#@# Sphere rh Fri Mar 13 04:37:37 CET 2026
#@# Surf Reg rh Fri Mar 13 04:41:05 CET 2026
#@# Jacobian white rh Fri Mar 13 04:46:39 CET 2026
#@# AvgCurv rh Fri Mar 13 04:46:40 CET 2026
#@# Cortical Parc rh Fri Mar 13 04:46:41 CET 2026
#@# white curv rh Fri Mar 13 04:53:55 CET 2026
#@# white area rh Fri Mar 13 04:53:57 CET 2026
#@# pial curv rh Fri Mar 13 04:53:57 CET 2026
#@# pial area rh Fri Mar 13 04:53:59 CET 2026
#@# thickness rh Fri Mar 13 04:54:00 CET 2026
#@# area and vertex vol rh Fri Mar 13 04:54:31 CET 2026
#@# Curvature Stats rh Fri Mar 13 04:54:33 CET 2026
#@# Cortical Parc 2 rh Fri Mar 13 04:54:36 CET 2026
#@# Cortical Parc 3 rh Fri Mar 13 04:54:50 CET 2026
#@# WM/GM Contrast rh Fri Mar 13 04:55:00 CET 2026
recon-all -s sub-v2s3x28824_ses-1 finished without error at Fri Mar 13 04:55:04 CET 2026



#New# invocation of recon-all 



status file for recon-all
Fri Mar 13 05:04:24 CET 2026
#@# white curv rh Fri Mar 13 05:04:24 CET 2026
#@# white area rh Fri Mar 13 05:04:24 CET 2026
#@# pial curv rh Fri Mar 13 05:04:24 CET 2026
#@# pial area rh Fri Mar 13 05:04:24 CET 2026
#@# thickness rh Fri Mar 13 05:04:24 CET 2026
#@# area and vertex vol rh Fri Mar 13 05:04:24 CET 2026
#@# Parcellation Stats rh Fri Mar 13 05:04:24 CET 2026
#@# Parcellation Stats 2 rh Fri Mar 13 05:04:46 CET 2026
#@# Parcellation Stats 3 rh Fri Mar 13 05:04:57 CET 2026
#@# BA_exvivo Labels rh Fri Mar 13 05:05:08 CET 2026
recon-all -s sub-v2s3x28824_ses-1 finished without error at Fri Mar 13 05:07:53 CET 2026
