/out/sourcedata/freesurfer/sub-v2s3x28846_ses-1/mri
/opt/freesurfer/bin/talairach_avi
--i orig_nu.mgz --xfm transforms/talairach.auto.xfm
talairach_avi 7.3.2
Linux dna055 5.14.0-427.37.1.el9_4.x86_64 #1 SMP PREEMPT_DYNAMIC Fri Sep 13 12:41:50 EDT 2024 x86_64 x86_64 x86_64 GNU/Linux
Fri Mar 13 03:32:15 CET 2026
mri_convert orig_nu.mgz talsrcimg.img 
reading from orig_nu.mgz...
TR=0.00, TE=0.00, TI=0.00, flip angle=0.00
i_ras = (-1, 0, 0)
j_ras = (0, 0, -1)
k_ras = (0, 1, 0)
writing to talsrcimg.img...
Analyze Output Matrix
-1.00000   0.00000   0.00000   119.22594;
 0.00000   0.00000   1.00000  -86.65253;
 0.00000  -1.00000   0.00000   122.73682;
 0.00000   0.00000   0.00000   1.00000;
--------------------
INFO: set hdr.hist.orient to -1
mpr2mni305 talsrcimg
Fri Mar 13 03:32:16 CET 2026
/opt/freesurfer/bin/mpr2mni305 talsrcimg
mpr2mni305 7.3.2
target=711-2C_as_mni_average_305

---------------------------------------------------------------------
analyzeto4dfp talsrcimg -O0 -y
---------------------------------------------------------------------

freesurfer ifh2hdr.c
Fri Mar 13 03:32:16 2026
Writing: talsrcimg.4dfp.hdr
freesurfer analyzeto4dfp.c
Reading: talsrcimg.hdr
header size 348 bytes
hdr.dime.datatype	offset=70	value=2
hdr.dime.bitpix		offset=72	value=8
hdr.hist.orient		offset=252	value=-1
dimensionality     4
dimensions       256       256       256         1
Reading: talsrcimg.img
Writing: talsrcimg.4dfp.img
Writing: talsrcimg.4dfp.ifh
ifh2hdr talsrcimg -r0to234
ori=2

---------------------------------------------------------------------
gauss_4dfp talsrcimg 1.1
---------------------------------------------------------------------

freesurfer gauss_4dfp.c
Reading: talsrcimg.4dfp.img
Writing: talsrcimg_g11.4dfp.img
image dimensions 256 256 256 padded to 288 288 288
processing volume 1freesurfer ifh2hdr.c
Fri Mar 13 03:32:18 2026
Writing: talsrcimg_g11.4dfp.hdr

Writing: talsrcimg_g11.4dfp.ifh
including: talsrcimg.4dfp.img.rec in talsrcimg_g11.4dfp.img.rec

---------------------------------------------------------------------
imgreg_4dfp /opt/freesurfer/average/711-2C_as_mni_average_305 none talsrcimg_g11 none talsrcimg_to_711-2C_as_mni_average_305_t4 4355
---------------------------------------------------------------------

freesurfer imgreg_4dfp.c
/opt/freesurfer/average/711-2C_as_mni_average_305.4dfp.img
       256       256       256         1
  1.000000  1.000000  1.000000
orientation T byte_order littleendian
Reading image: /opt/freesurfer/average/711-2C_as_mni_average_305.4dfp.img
dimensions:      256       256       256
mmppix:       1.0000   -1.0000   -1.0000
center:     128.0000 -129.0000 -129.0000
talsrcimg_g11.4dfp.img
       256       256       256         1
  1.000000  1.000000  1.000000
orientation T byte_order littleendian
Reading image: talsrcimg_g11.4dfp.img
dimensions:      256       256       256
mmppix:       1.0000   -1.0000   -1.0000
center:     128.0000 -129.0000 -129.0000
t4_read: open error in t4_sub.f l:  41 t4_file(1:l)talsrcimg_to_711-2C_as_mni_average_305_t4 
t4_read: transform initialized to I4
rotation matrix determinant  1.000000
image alignment mode   4355 decimal     1103 hex
   -7.5000  -45.0000  -45.0000 7397.0229   16.3629
    0.0000  -45.0000  -45.0000 7788.2031   16.3543
    7.5000  -45.0000  -45.0000 7514.7534   16.3384
   -7.5000  -37.5000  -45.0000 7988.6875   16.3533
    0.0000  -37.5000  -45.0000 8420.0986   16.3421
    7.5000  -37.5000  -45.0000 8110.8491   16.3190
   -7.5000  -30.0000  -45.0000 8885.8711   16.3451
    0.0000  -30.0000  -45.0000 9370.8506   16.3353
    7.5000  -30.0000  -45.0000 9026.7432   16.3098
   -7.5000  -22.5000  -45.0000 9737.2461   16.3094
    0.0000  -22.5000  -45.000010272.8535   16.3026
    7.5000  -22.5000  -45.0000 9924.3740   16.2823
   -7.5000  -15.0000  -45.000010457.2676   16.2632
    0.0000  -15.0000  -45.000011051.1475   16.2594
    7.5000  -15.0000  -45.000010679.5195   16.2475
   -7.5000   -7.5000  -45.000011136.4512   16.2470
    0.0000   -7.5000  -45.000011762.5938   16.2423
    7.5000   -7.5000  -45.000011346.4473   16.2317
   -7.5000    0.0000  -45.000011692.4736   16.2721
    0.0000    0.0000  -45.000012378.8076   16.2628
    7.5000    0.0000  -45.000011942.2002   16.2460
   -7.5000    7.5000  -45.000011384.5566   16.3165
    0.0000    7.5000  -45.000012043.7178   16.3052
    7.5000    7.5000  -45.000011618.1816   16.2813
   -7.5000   15.0000  -45.000011037.1904   16.3377
    0.0000   15.0000  -45.000011667.2344   16.3279
    7.5000   15.0000  -45.000011237.9707   16.3021
   -7.5000   22.5000  -45.000010596.3193   16.3071
    0.0000   22.5000  -45.000011207.3828   16.3004
    7.5000   22.5000  -45.000010787.5156   16.2801
   -7.5000   30.0000  -45.000010012.5615   16.0465
    0.0000   30.0000  -45.000010580.2129   16.0427
    7.5000   30.0000  -45.000010174.8584   16.0309
   -7.5000   37.5000  -45.0000 9561.7783   16.0305
    0.0000   37.5000  -45.000010113.3936   16.0258
    7.5000   37.5000  -45.0000 9745.4316   16.0154
   -7.5000   45.0000  -45.0000 8749.6289   15.6475
    0.0000   45.0000  -45.0000 9238.7637   15.6387
    7.5000   45.0000  -45.0000 8895.2559   15.6225
   -7.5000  -45.0000  -37.5000 7877.3564   16.3447
    0.0000  -45.0000  -37.5000 8310.0195   16.3254
    7.5000  -45.0000  -37.5000 8021.4087   16.3084
   -7.5000  -37.5000  -37.5000 8511.5713   16.3400
    0.0000  -37.5000  -37.5000 8977.7354   16.3187
    7.5000  -37.5000  -37.5000 8652.7598   16.2952
   -7.5000  -30.0000  -37.5000 9433.1475   16.3380
    0.0000  -30.0000  -37.5000 9967.7090   16.3165
    7.5000  -30.0000  -37.5000 9614.4023   16.2894
   -7.5000  -22.5000  -37.500010321.0000   16.3045
    0.0000  -22.5000  -37.500010910.1055   16.2841
    7.5000  -22.5000  -37.500010547.3506   16.2605
   -7.5000  -15.0000  -37.500011079.3125   16.2553
    0.0000  -15.0000  -37.500011712.6094   16.2371
    7.5000  -15.0000  -37.500011324.0244   16.2203
   -7.5000   -7.5000  -37.500011768.0820   16.2323
    0.0000   -7.5000  -37.500012447.5176   16.2145
    7.5000   -7.5000  -37.500012035.4707   16.2004
   -7.5000    0.0000  -37.500012336.7373   16.2544
    0.0000    0.0000  -37.500013094.3887   16.2345
    7.5000    0.0000  -37.500012666.1475   16.2167
   -7.5000    7.5000  -37.500012008.9531   16.3034
    0.0000    7.5000  -37.500012716.4795   16.2821
    7.5000    7.5000  -37.500012279.3613   16.2579
   -7.5000   15.0000  -37.500011611.3652   16.3306
    0.0000   15.0000  -37.500012287.6387   16.3091
    7.5000   15.0000  -37.500011839.2588   16.2817
   -7.5000   22.5000  -37.500011133.4580   16.3022
    0.0000   22.5000  -37.500011782.3271   16.2819
    7.5000   22.5000  -37.500011353.7109   16.2582
   -7.5000   30.0000  -37.500010504.3799   16.0386
    0.0000   30.0000  -37.500011084.0977   16.0207
    7.5000   30.0000  -37.500010677.8506   16.0042
   -7.5000   37.5000  -37.500010004.5898   16.0160
    0.0000   37.5000  -37.500010585.7119   15.9984
    7.5000   37.5000  -37.500010217.0391   15.9845
   -7.5000   45.0000  -37.5000 9142.8398   15.6306
    0.0000   45.0000  -37.5000 9652.4355   15.6115
    7.5000   45.0000  -37.5000 9316.2578   15.5943
   -7.5000  -45.0000  -30.0000 8487.4502   17.0399
    0.0000  -45.0000  -30.0000 8949.5283   17.0136
    7.5000  -45.0000  -30.0000 8658.3145   16.9909
   -7.5000  -37.5000  -30.0000 9136.4141   17.0298
    0.0000  -37.5000  -30.0000 9644.0742   17.0006
    7.5000  -37.5000  -30.0000 9329.6484   16.9733
   -7.5000  -30.0000  -30.000010120.2021   17.0231
    0.0000  -30.0000  -30.000010692.4150   16.9923
    7.5000  -30.0000  -30.000010354.0723   16.9643
   -7.5000  -22.5000  -30.000011054.4941   16.9896
    0.0000  -22.5000  -30.000011668.3750   16.9597
    7.5000  -22.5000  -30.000011314.1455   16.9358
   -7.5000  -15.0000  -30.000011859.3770   16.9441
    0.0000  -15.0000  -30.000012526.2998   16.9173
    7.5000  -15.0000  -30.000012125.9678   16.8976
   -7.5000   -7.5000  -30.000012571.4160   16.9240
    0.0000   -7.5000  -30.000013303.7002   16.8989
    7.5000   -7.5000  -30.000012892.4170   16.8792
   -7.5000    0.0000  -30.000013188.8457   16.9460
    0.0000    0.0000  -30.000013986.9795   16.9193
    7.5000    0.0000  -30.000013558.6836   16.8957
   -7.5000    7.5000  -30.000012814.1270   16.9918
    0.0000    7.5000  -30.000013602.7305   16.9626
    7.5000    7.5000  -30.000013141.4893   16.9346
   -7.5000   15.0000  -30.000012377.3301   17.0154
    0.0000   15.0000  -30.000013098.4727   16.9847
    7.5000   15.0000  -30.000012652.7061   16.9563
   -7.5000   22.5000  -30.000011827.8301   16.9855
    0.0000   22.5000  -30.000012523.1348   16.9556
    7.5000   22.5000  -30.000012068.0098   16.9317
   -7.5000   30.0000  -30.000011125.3047   16.7199
    0.0000   30.0000  -30.000011759.5781   16.6934
    7.5000   30.0000  -30.000011327.5771   16.6740
   -7.5000   37.5000  -30.000010610.3477   16.7000
    0.0000   37.5000  -30.000011218.7598   16.6753
    7.5000   37.5000  -30.000010825.3701   16.6559
   -7.5000   45.0000  -30.0000 9666.2002   16.3076
    0.0000   45.0000  -30.000010210.2402   16.2819
    7.5000   45.0000  -30.0000 9870.9775   16.2591
   -7.5000  -45.0000  -22.5000 9082.2959   17.6552
    0.0000  -45.0000  -22.5000 9595.2021   17.6352
    7.5000  -45.0000  -22.5000 9274.9834   17.6079
   -7.5000  -37.5000  -22.5000 9783.4297   17.6326
    0.0000  -37.5000  -22.500010315.0586   17.6081
    7.5000  -37.5000  -22.5000 9990.4229   17.5776
   -7.5000  -30.0000  -22.500010822.5439   17.6125
    0.0000  -30.0000  -22.500011399.6719   17.5867
    7.5000  -30.0000  -22.500011055.7422   17.5604
   -7.5000  -22.5000  -22.500011787.3496   17.5764
    0.0000  -22.5000  -22.500012431.3311   17.5532
    7.5000  -22.5000  -22.500012054.4727   17.5343
   -7.5000  -15.0000  -22.500012626.9326   17.5398
    0.0000  -15.0000  -22.500013304.7939   17.5217
    7.5000  -15.0000  -22.500012874.3809   17.5061
   -7.5000   -7.5000  -22.500013372.4795   17.5323
    0.0000   -7.5000  -22.500014100.1250   17.5157
    7.5000   -7.5000  -22.500013656.1895   17.4955
   -7.5000    0.0000  -22.500013995.6680   17.5577
    0.0000    0.0000  -22.500014787.4033   17.5371
    7.5000    0.0000  -22.500014333.1875   17.5090
   -7.5000    7.5000  -22.500013589.9580   17.5932
    0.0000    7.5000  -22.500014388.3037   17.5687
    7.5000    7.5000  -22.500013929.7256   17.5373
   -7.5000   15.0000  -22.500013101.6396   17.6045
    0.0000   15.0000  -22.500013879.9365   17.5788
    7.5000   15.0000  -22.500013420.3672   17.5521
   -7.5000   22.5000  -22.500012502.4443   17.5710
    0.0000   22.5000  -22.500013252.6289   17.5478
    7.5000   22.5000  -22.500012793.0791   17.5288
   -7.5000   30.0000  -22.500011730.7441   17.3104
    0.0000   30.0000  -22.500012412.7744   17.2925
    7.5000   30.0000  -22.500011974.6807   17.2771
   -7.5000   37.5000  -22.500011201.7861   17.3030
    0.0000   37.5000  -22.500011831.1719   17.2866
    7.5000   37.5000  -22.500011437.7227   17.2667
   -7.5000   45.0000  -22.500010192.6904   16.9089
    0.0000   45.0000  -22.500010762.2383   16.8891
    7.5000   45.0000  -22.500010409.6221   16.8621
   -7.5000  -45.0000  -15.0000 9709.8135   18.0954
    0.0000  -45.0000  -15.000010266.8164   18.0871
    7.5000  -45.0000  -15.0000 9894.9287   18.0631
   -7.5000  -37.5000  -15.000010436.5947   18.0673
    0.0000  -37.5000  -15.000011004.8916   18.0530
    7.5000  -37.5000  -15.000010632.8613   18.0243
   -7.5000  -30.0000  -15.000011512.9336   18.0401
    0.0000  -30.0000  -15.000012124.0967   18.0255
    7.5000  -30.0000  -15.000011726.1738   18.0014
   -7.5000  -22.5000  -15.000012522.6768   18.0005
    0.0000  -22.5000  -15.000013186.0586   17.9909
    7.5000  -22.5000  -15.000012745.5771   17.9759
   -7.5000  -15.0000  -15.000013390.6934   17.9660
    0.0000  -15.0000  -15.000014092.9971   17.9634
    7.5000  -15.0000  -15.000013595.1865   17.9541
   -7.5000   -7.5000  -15.000014155.1445   17.9656
    0.0000   -7.5000  -15.000014898.6777   17.9635
    7.5000   -7.5000  -15.000014397.6250   17.9493
   -7.5000    0.0000  -15.000014796.3623   17.9950
    0.0000    0.0000  -15.000015567.9160   17.9861
    7.5000    0.0000  -15.000015055.8721   17.9612
   -7.5000    7.5000  -15.000014339.1641   18.0267
    0.0000    7.5000  -15.000015136.8418   18.0123
    7.5000    7.5000  -15.000014654.9824   17.9827
   -7.5000   15.0000  -15.000013816.9463   18.0318
    0.0000   15.0000  -15.000014601.4639   18.0173
    7.5000   15.0000  -15.000014133.5400   17.9927
   -7.5000   22.5000  -15.000013166.3076   17.9941
    0.0000   22.5000  -15.000013920.3018   17.9845
    7.5000   22.5000  -15.000013438.2617   17.9695
   -7.5000   30.0000  -15.000012310.3711   17.7335
    0.0000   30.0000  -15.000013000.3701   17.7310
    7.5000   30.0000  -15.000012571.6143   17.7217
   -7.5000   37.5000  -15.000011736.0352   17.7331
    0.0000   37.5000  -15.000012397.4961   17.7311
    7.5000   37.5000  -15.000011988.0898   17.7170
   -7.5000   45.0000  -15.000010700.5518   17.3405
    0.0000   45.0000  -15.000011291.1348   17.3319
    7.5000   45.0000  -15.000010903.5859   17.3079
   -7.5000  -45.0000   -7.500010369.1064   18.2963
    0.0000  -45.0000   -7.500010936.9961   18.2925
    7.5000  -45.0000   -7.500010527.9922   18.2731
   -7.5000  -37.5000   -7.500011112.2305   18.2750
    0.0000  -37.5000   -7.500011696.8662   18.2659
    7.5000  -37.5000   -7.500011282.4707   18.2396
   -7.5000  -30.0000   -7.500012237.4902   18.2542
    0.0000  -30.0000   -7.500012848.9980   18.2462
    7.5000  -30.0000   -7.500012414.4443   18.2209
   -7.5000  -22.5000   -7.500013284.1191   18.2132
    0.0000  -22.5000   -7.500013925.6338   18.2107
    7.5000  -22.5000   -7.500013428.0508   18.1932
   -7.5000  -15.0000   -7.500014192.9863   18.1709
    0.0000  -15.0000   -7.500014868.3379   18.1743
    7.5000  -15.0000   -7.500014351.6582   18.1652
   -7.5000   -7.5000   -7.500014990.1885   18.1642
    0.0000   -7.5000   -7.500015689.1406   18.1670
    7.5000   -7.5000   -7.500015161.1992   18.1564
   -7.5000    0.0000   -7.500015665.8369   18.1945
    0.0000    0.0000   -7.500016395.8340   18.1901
    7.5000    0.0000   -7.500015850.2461   18.1697
   -7.5000    7.5000   -7.500015204.6436   18.2338
    0.0000    7.5000   -7.500015973.6221   18.2245
    7.5000    7.5000   -7.500015430.6387   18.1973
   -7.5000   15.0000   -7.500014610.8457   18.2458
    0.0000   15.0000   -7.500015381.6523   18.2379
    7.5000   15.0000   -7.500014834.2832   18.2122
   -7.5000   22.5000   -7.500013851.7285   18.2048
    0.0000   22.5000   -7.500014570.8730   18.2023
    7.5000   22.5000   -7.500014042.1387   18.1848
   -7.5000   30.0000   -7.500012910.4062   17.9352
    0.0000   30.0000   -7.500013570.1631   17.9386
    7.5000   30.0000   -7.500013102.4648   17.9297
   -7.5000   37.5000   -7.500012313.7803   17.9287
    0.0000   37.5000   -7.500012945.1318   17.9314
    7.5000   37.5000   -7.500012497.9482   17.9209
   -7.5000   45.0000   -7.500011206.7305   17.5361
    0.0000   45.0000   -7.500011791.5479   17.5318
    7.5000   45.0000   -7.500011378.4756   17.5121
   -7.5000  -45.0000    0.000010929.5254   18.3091
    0.0000  -45.0000    0.000011477.5234   18.2994
    7.5000  -45.0000    0.000011065.9814   18.2817
   -7.5000  -37.5000    0.000011691.6699   18.2984
    0.0000  -37.5000    0.000012253.5498   18.2859
    7.5000  -37.5000    0.000011816.2422   18.2600
   -7.5000  -30.0000    0.000012830.5352   18.2892
    0.0000  -30.0000    0.000013429.1123   18.2782
    7.5000  -30.0000    0.000012948.3525   18.2497
   -7.5000  -22.5000    0.000013893.3926   18.2492
    0.0000  -22.5000    0.000014512.4014   18.2416
    7.5000  -22.5000    0.000013969.5107   18.2190
   -7.5000  -15.0000    0.000014842.4971   18.1975
    0.0000  -15.0000    0.000015474.7861   18.1933
    7.5000  -15.0000    0.000014895.1914   18.1800
   -7.5000   -7.5000    0.000015691.4854   18.1795
    0.0000   -7.5000    0.000016255.2393   18.1741
    7.5000   -7.5000    0.000015690.9189   18.1623
   -7.5000    0.0000    0.000016396.1992   18.2074
    0.0000    0.0000    0.000017017.1074   18.1971
    7.5000    0.0000    0.000016438.1758   18.1783
   -7.5000    7.5000    0.000015924.1611   18.2572
    0.0000    7.5000    0.000016643.8145   18.2445
    7.5000    7.5000    0.000016018.7285   18.2178
   -7.5000   15.0000    0.000015314.8936   18.2808
    0.0000   15.0000    0.000015999.3438   18.2699
    7.5000   15.0000    0.000015357.4482   18.2411
   -7.5000   22.5000    0.000014452.2852   18.2408
    0.0000   22.5000    0.000015101.4043   18.2332
    7.5000   22.5000    0.000014493.1807   18.2106
   -7.5000   30.0000    0.000013455.5684   17.9620
    0.0000   30.0000    0.000014059.1768   17.9578
    7.5000   30.0000    0.000013503.5820   17.9447
   -7.5000   37.5000    0.000012830.1113   17.9442
    0.0000   37.5000    0.000013425.2754   17.9389
    7.5000   37.5000    0.000012941.7627   17.9273
   -7.5000   45.0000    0.000011688.3643   17.5499
    0.0000   45.0000    0.000012239.8271   17.5400
    7.5000   45.0000    0.000011801.8291   17.5218
   -7.5000  -45.0000    7.500010550.6963   18.2901
    0.0000  -45.0000    7.500011115.6230   18.2685
    7.5000  -45.0000    7.500010714.3262   18.2496
   -7.5000  -37.5000    7.500011320.5488   18.2849
    0.0000  -37.5000    7.500011902.0781   18.2610
    7.5000  -37.5000    7.500011454.4150   18.2348
   -7.5000  -30.0000    7.500012417.4209   18.2826
    0.0000  -30.0000    7.500013020.0957   18.2585
    7.5000  -30.0000    7.500012531.7061   18.2282
   -7.5000  -22.5000    7.500013447.9990   18.2452
    0.0000  -22.5000    7.500013994.8066   18.2224
    7.5000  -22.5000    7.500013439.8271   18.1959
   -7.5000  -15.0000    7.500014365.4619   18.1901
    0.0000  -15.0000    7.500014852.9678   18.1698
    7.5000  -15.0000    7.500014272.2754   18.1510
   -7.5000   -7.5000    7.500015230.8193   18.1644
    0.0000   -7.5000    7.500015633.2822   18.1444
    7.5000   -7.5000    7.500015065.1660   18.1287
   -7.5000    0.0000    7.500015954.4893   18.1891
    0.0000    0.0000    7.500016392.5664   18.1669
    7.5000    0.0000    7.500015852.6982   18.1469
   -7.5000    7.5000    7.500015510.6562   18.2440
    0.0000    7.5000    7.500016025.0869   18.2201
    7.5000    7.5000    7.500015465.8311   18.1930
   -7.5000   15.0000    7.500014897.7754   18.2743
    0.0000   15.0000    7.500015434.8369   18.2504
    7.5000   15.0000    7.500014884.1787   18.2196
   -7.5000   22.5000    7.500014062.7998   18.2368
    0.0000   22.5000    7.500014609.2471   18.2140
    7.5000   22.5000    7.500014041.8428   18.1875
   -7.5000   30.0000    7.500013029.7725   17.9546
    0.0000   30.0000    7.500013567.3496   17.9346
    7.5000   30.0000    7.500013014.1602   17.9161
   -7.5000   37.5000    7.500012404.5498   17.9293
    0.0000   37.5000    7.500012943.5107   17.9096
    7.5000   37.5000    7.500012427.1113   17.8941
   -7.5000   45.0000    7.500011313.0391   17.5322
    0.0000   45.0000    7.500011779.5762   17.5108
    7.5000   45.0000    7.500011335.4121   17.4915
   -7.5000  -45.0000   15.000010060.4707   18.2980
    0.0000  -45.0000   15.000010624.3721   18.2699
    7.5000  -45.0000   15.000010243.8701   18.2454
   -7.5000  -37.5000   15.000010772.0000   18.2872
    0.0000  -37.5000   15.000011354.4326   18.2559
    7.5000  -37.5000   15.000010934.2588   18.2266
   -7.5000  -30.0000   15.000011846.7227   18.2801
    0.0000  -30.0000   15.000012422.4170   18.2469
    7.5000  -30.0000   15.000011947.3389   18.2169
   -7.5000  -22.5000   15.000012848.0068   18.2441
    0.0000  -22.5000   15.000013396.9375   18.2119
    7.5000  -22.5000   15.000012860.8516   18.1862
   -7.5000  -15.0000   15.000013732.4297   18.1951
    0.0000  -15.0000   15.000014238.5820   18.1664
    7.5000  -15.0000   15.000013661.2871   18.1452
   -7.5000   -7.5000   15.000014543.9521   18.1736
    0.0000   -7.5000   15.000015083.7422   18.1467
    7.5000   -7.5000   15.000014484.0957   18.1255
   -7.5000    0.0000   15.000015289.0703   18.1973
    0.0000    0.0000   15.000015932.0654   18.1685
    7.5000    0.0000   15.000015316.6738   18.1432
   -7.5000    7.5000   15.000014901.0176   18.2465
    0.0000    7.5000   15.000015553.9209   18.2151
    7.5000    7.5000   15.000014935.1104   18.1850
   -7.5000   15.0000   15.000014256.1357   18.2718
    0.0000   15.0000   15.000014862.9023   18.2388
    7.5000   15.0000   15.000014292.5596   18.2083
   -7.5000   22.5000   15.000013441.2324   18.2357
    0.0000   22.5000   15.000013968.7764   18.2035
    7.5000   22.5000   15.000013428.4707   18.1779
   -7.5000   30.0000   15.000012437.2412   17.9597
    0.0000   30.0000   15.000012890.8066   17.9313
    7.5000   30.0000   15.000012429.2129   17.9104
   -7.5000   37.5000   15.000011852.5508   17.9384
    0.0000   37.5000   15.000012263.8057   17.9118
    7.5000   37.5000   15.000011848.0488   17.8909
   -7.5000   45.0000   15.000010787.8857   17.5401
    0.0000   45.0000   15.000011165.4375   17.5124
    7.5000   45.0000   15.000010783.5713   17.4879
   -7.5000  -45.0000   22.5000 9459.5889   18.3645
    0.0000  -45.0000   22.5000 9997.5000   18.3435
    7.5000  -45.0000   22.5000 9647.6211   18.3151
   -7.5000  -37.5000   22.500010128.2939   18.3411
    0.0000  -37.5000   22.500010699.8936   18.3154
    7.5000  -37.5000   22.500010326.4238   18.2837
   -7.5000  -30.0000   22.500011150.2275   18.3203
    0.0000  -30.0000   22.500011747.1855   18.2933
    7.5000  -30.0000   22.500011326.4717   18.2660
   -7.5000  -22.5000   22.500012120.8828   18.2827
    0.0000  -22.5000   22.500012753.4365   18.2585
    7.5000  -22.5000   22.500012277.0879   18.2388
   -7.5000  -15.0000   22.500012982.7109   18.2445
    0.0000  -15.0000   22.500013634.0859   18.2255
    7.5000  -15.0000   22.500013106.3232   18.2093
   -7.5000   -7.5000   22.500013747.7871   18.2366
    0.0000   -7.5000   22.500014416.6045   18.2191
    7.5000   -7.5000   22.500013862.9131   18.1981
   -7.5000    0.0000   22.500014421.0566   18.2629
    0.0000    0.0000   22.500015118.7607   18.2413
    7.5000    0.0000   22.500014532.5283   18.2121
   -7.5000    7.5000   22.500014043.3271   18.3000
    0.0000    7.5000   22.500014698.9961   18.2743
    7.5000    7.5000   22.500014104.2803   18.2417
   -7.5000   15.0000   22.500013479.9316   18.3120
    0.0000   15.0000   22.500014067.1826   18.2850
    7.5000   15.0000   22.500013517.8799   18.2573
   -7.5000   22.5000   22.500012719.2773   18.2743
    0.0000   22.5000   22.500013229.2500   18.2501
    7.5000   22.5000   22.500012706.0732   18.2304
   -7.5000   30.0000   22.500011769.4629   18.0084
    0.0000   30.0000   22.500012227.8701   17.9897
    7.5000   30.0000   22.500011770.5986   17.9737
   -7.5000   37.5000   22.500011212.5820   18.0006
    0.0000   37.5000   22.500011640.8691   17.9833
    7.5000   37.5000   22.500011226.3799   17.9626
   -7.5000   45.0000   22.500010206.4043   17.6034
    0.0000   45.0000   22.500010569.3848   17.5825
    7.5000   45.0000   22.500010216.0098   17.5543
   -7.5000  -45.0000   30.0000 8759.1768   18.4315
    0.0000  -45.0000   30.0000 9254.6543   18.4228
    7.5000  -45.0000   30.0000 8977.8896   18.3984
   -7.5000  -37.5000   30.0000 9387.4160   18.4027
    0.0000  -37.5000   30.0000 9932.0977   18.3881
    7.5000  -37.5000   30.0000 9630.8027   18.3589
   -7.5000  -30.0000   30.000010335.9443   18.3751
    0.0000  -30.0000   30.000010927.8164   18.3602
    7.5000  -30.0000   30.000010583.4277   18.3357
   -7.5000  -22.5000   30.000011264.3213   18.3348
    0.0000  -22.5000   30.000011884.3750   18.3249
    7.5000  -22.5000   30.000011491.2129   18.3097
   -7.5000  -15.0000   30.000012053.2168   18.2997
    0.0000  -15.0000   30.000012692.9287   18.2968
    7.5000  -15.0000   30.000012272.6641   18.2873
   -7.5000   -7.5000   30.000012768.1719   18.2990
    0.0000   -7.5000   30.000013425.0459   18.2967
    7.5000   -7.5000   30.000012959.3555   18.2821
   -7.5000    0.0000   30.000013403.6943   18.3288
    0.0000    0.0000   30.000014070.0713   18.3195
    7.5000    0.0000   30.000013555.2949   18.2941
   -7.5000    7.5000   30.000013045.4395   18.3612
    0.0000    7.5000   30.000013636.3682   18.3464
    7.5000    7.5000   30.000013125.8672   18.3163
   -7.5000   15.0000   30.000012545.1416   18.3666
    0.0000   15.0000   30.000013068.8379   18.3518
    7.5000   15.0000   30.000012585.3174   18.3268
   -7.5000   22.5000   30.000011857.1719   18.3264
    0.0000   22.5000   30.000012330.4238   18.3165
    7.5000   22.5000   30.000011876.3242   18.3013
   -7.5000   30.0000   30.000010982.4092   18.0628
    0.0000   30.0000   30.000011419.7695   18.0600
    7.5000   30.0000   30.000011011.2588   18.0506
   -7.5000   37.5000   30.000010445.4316   18.0622
    0.0000   37.5000   30.000010882.0654   18.0599
    7.5000   37.5000   30.000010500.4678   18.0455
   -7.5000   45.0000   30.0000 9505.9980   17.6669
    0.0000   45.0000   30.0000 9896.9199   17.6579
    7.5000   45.0000   30.0000 9548.0518   17.6334
   -7.5000  -45.0000   37.5000 8362.0459   18.6118
    0.0000  -45.0000   37.5000 8837.7119   18.6075
    7.5000  -45.0000   37.5000 8576.5361   18.5874
   -7.5000  -37.5000   37.5000 8979.3691   18.5921
    0.0000  -37.5000   37.5000 9487.9453   18.5825
    7.5000  -37.5000   37.5000 9204.1279   18.5553
   -7.5000  -30.0000   37.5000 9892.7686   18.5723
    0.0000  -30.0000   37.500010442.6182   18.5639
    7.5000  -30.0000   37.500010123.3965   18.5378
   -7.5000  -22.5000   37.500010768.6562   18.5311
    0.0000  -22.5000   37.500011345.6621   18.5279
    7.5000  -22.5000   37.500010969.4492   18.5099
   -7.5000  -15.0000   37.500011524.3340   18.4876
    0.0000  -15.0000   37.500012142.4902   18.4905
    7.5000  -15.0000   37.500011726.0850   18.4809
   -7.5000   -7.5000   37.500012202.5654   18.4801
    0.0000   -7.5000   37.500012851.6611   18.4824
    7.5000   -7.5000   37.500012401.8330   18.4711
   -7.5000    0.0000   37.500012823.8135   18.5106
    0.0000    0.0000   37.500013475.2422   18.5055
    7.5000    0.0000   37.500012967.9785   18.4844
   -7.5000    7.5000   37.500012481.7568   18.5509
    0.0000    7.5000   37.500013084.1924   18.5411
    7.5000    7.5000   37.500012578.6426   18.5130
   -7.5000   15.0000   37.500012023.4512   18.5639
    0.0000   15.0000   37.500012567.8896   18.5555
    7.5000   15.0000   37.500012106.6240   18.5290
   -7.5000   22.5000   37.500011385.7549   18.5225
    0.0000   22.5000   37.500011873.7559   18.5194
    7.5000   22.5000   37.500011443.1484   18.5014
   -7.5000   30.0000   37.500010555.8799   18.2483
    0.0000   30.0000   37.500011008.8320   18.2512
    7.5000   30.0000   37.500010610.8203   18.2417
   -7.5000   37.5000   37.500010057.3418   18.2410
    0.0000   37.5000   37.500010495.4795   18.2432
    7.5000   37.5000   37.500010121.4033   18.2321
   -7.5000   45.0000   37.5000 9168.2666   17.8421
    0.0000   45.0000   37.5000 9567.7041   17.8372
    7.5000   45.0000   37.5000 9210.9473   17.8168
   -7.5000  -45.0000   45.0000 7617.1572   18.8494
    0.0000  -45.0000   45.0000 8055.7310   18.8364
    7.5000  -45.0000   45.0000 7794.3438   18.8147
   -7.5000  -37.5000   45.0000 8180.5571   18.8417
    0.0000  -37.5000   45.0000 8664.1924   18.8257
    7.5000  -37.5000   45.0000 8377.4922   18.7953
   -7.5000  -30.0000   45.0000 9026.5127   18.8341
    0.0000  -30.0000   45.0000 9536.0303   18.8197
    7.5000  -30.0000   45.0000 9227.4355   18.7867
   -7.5000  -22.5000   45.0000 9815.5459   18.7928
    0.0000  -22.5000   45.000010340.8262   18.7822
    7.5000  -22.5000   45.0000 9984.1992   18.7557
   -7.5000  -15.0000   45.000010501.8018   18.7391
    0.0000  -15.0000   45.000011072.3086   18.7320
    7.5000  -15.0000   45.000010665.3984   18.7156
   -7.5000   -7.5000   45.000011130.6133   18.7202
    0.0000   -7.5000   45.000011720.7900   18.7118
    7.5000   -7.5000   45.000011279.9971   18.6969
   -7.5000    0.0000   45.000011711.9707   18.7492
    0.0000    0.0000   45.000012305.0986   18.7354
    7.5000    0.0000   45.000011809.9707   18.7126
   -7.5000    7.5000   45.000011408.0371   18.8009
    0.0000    7.5000   45.000011970.3730   18.7847
    7.5000    7.5000   45.000011497.2363   18.7534
   -7.5000   15.0000   45.000011006.3057   18.8257
    0.0000   15.0000   45.000011527.1924   18.8114
    7.5000   15.0000   45.000011099.1836   18.7780
   -7.5000   22.5000   45.000010432.7520   18.7841
    0.0000   22.5000   45.000010910.7998   18.7735
    7.5000   22.5000   45.000010512.4355   18.7470
   -7.5000   30.0000   45.0000 9683.4531   18.4950
    0.0000   30.0000   45.000010130.4893   18.4880
    7.5000   30.0000   45.0000 9762.9102   18.4718
   -7.5000   37.5000   45.0000 9229.7285   18.4763
    0.0000   37.5000   45.0000 9674.9619   18.4681
    7.5000   37.5000   45.0000 9312.8174   18.4533
   -7.5000   45.0000   45.0000 8440.6719   18.0802
    0.0000   45.0000   45.0000 8836.0146   18.0670
    7.5000   45.0000   45.0000 8503.0977   18.0450

---------------------------------------------------------------------
imgreg_4dfp /opt/freesurfer/average/711-2C_as_mni_average_305 /opt/freesurfer/average/711-2B_as_mni_average_305_mask talsrcimg_g11 none talsrcimg_to_711-2C_as_mni_average_305_t4 4355
---------------------------------------------------------------------

freesurfer imgreg_4dfp.c
/opt/freesurfer/average/711-2C_as_mni_average_305.4dfp.img
       256       256       256         1
  1.000000  1.000000  1.000000
orientation T byte_order littleendian
Reading image: /opt/freesurfer/average/711-2C_as_mni_average_305.4dfp.img
dimensions:      256       256       256
mmppix:       1.0000   -1.0000   -1.0000
center:     128.0000 -129.0000 -129.0000
/opt/freesurfer/average/711-2B_as_mni_average_305_mask.4dfp.img
       256       256       256         1
  1.000000  1.000000  1.000000
orientation T byte_order littleendian
Reading mask: /opt/freesurfer/average/711-2B_as_mni_average_305_mask.4dfp.img (2306576 pixels)
talsrcimg_g11.4dfp.img
       256       256       256         1
  1.000000  1.000000  1.000000
orientation T byte_order littleendian
Reading image: talsrcimg_g11.4dfp.img
dimensions:      256       256       256
mmppix:       1.0000   -1.0000   -1.0000
center:     128.0000 -129.0000 -129.0000
rotation matrix determinant  1.000000
image alignment mode   4355 decimal     1103 hex
   -7.5000  -45.0000  -45.0000 1953.0035   19.0384
    0.0000  -45.0000  -45.0000 1971.4161   18.9232
    7.5000  -45.0000  -45.0000 1971.0736   19.0328
   -7.5000  -37.5000  -45.0000 2051.0703   17.3385
    0.0000  -37.5000  -45.0000 2073.7310   17.1929
    7.5000  -37.5000  -45.0000 2070.0134   17.2862
   -7.5000  -30.0000  -45.0000 2137.0427   15.9750
    0.0000  -30.0000  -45.0000 2160.9668   15.8402
    7.5000  -30.0000  -45.0000 2159.7209   15.9413
   -7.5000  -22.5000  -45.0000 2202.4287   14.9250
    0.0000  -22.5000  -45.0000 2224.1230   14.8122
    7.5000  -22.5000  -45.0000 2227.7014   14.8639
   -7.5000  -15.0000  -45.0000 2240.2664   14.1733
    0.0000  -15.0000  -45.0000 2263.2214   14.0320
    7.5000  -15.0000  -45.0000 2263.1150   14.0767
   -7.5000   -7.5000  -45.0000 2266.9583   13.6886
    0.0000   -7.5000  -45.0000 2286.2712   13.5422
    7.5000   -7.5000  -45.0000 2284.6621   13.6106
   -7.5000    0.0000  -45.0000 2264.6091   13.5934
    0.0000    0.0000  -45.0000 2288.4270   13.4275
    7.5000    0.0000  -45.0000 2283.8325   13.4739
   -7.5000    7.5000  -45.0000 2251.5068   13.7439
    0.0000    7.5000  -45.0000 2273.4731   13.5433
    7.5000    7.5000  -45.0000 2268.7732   13.5843
   -7.5000   15.0000  -45.0000 2223.8264   14.2083
    0.0000   15.0000  -45.0000 2248.3843   13.9724
    7.5000   15.0000  -45.0000 2238.8696   14.0304
   -7.5000   22.5000  -45.0000 2177.5735   14.9395
    0.0000   22.5000  -45.0000 2204.1887   14.6766
    7.5000   22.5000  -45.0000 2192.5071   14.7622
   -7.5000   30.0000  -45.0000 2113.9429   15.9864
    0.0000   30.0000  -45.0000 2140.0122   15.6840
    7.5000   30.0000  -45.0000 2128.2227   15.8307
   -7.5000   37.5000  -45.0000 2026.2450   17.4822
    0.0000   37.5000  -45.0000 2051.4656   17.1550
    7.5000   37.5000  -45.0000 2043.6844   17.2993
   -7.5000   45.0000  -45.0000 1926.3877   19.4878
    0.0000   45.0000  -45.0000 1946.4877   19.1487
    7.5000   45.0000  -45.0000 1933.0010   19.2925
   -7.5000  -45.0000  -37.5000 2026.0704   17.6648
    0.0000  -45.0000  -37.5000 2048.6853   17.5081
    7.5000  -45.0000  -37.5000 2049.0208   17.6379
   -7.5000  -37.5000  -37.5000 2130.3171   16.0589
    0.0000  -37.5000  -37.5000 2155.9285   15.9069
    7.5000  -37.5000  -37.5000 2154.9482   15.9887
   -7.5000  -30.0000  -37.5000 2217.3931   14.7583
    0.0000  -30.0000  -37.5000 2247.6685   14.6070
    7.5000  -30.0000  -37.5000 2248.3684   14.7049
   -7.5000  -22.5000  -37.5000 2289.4478   13.7560
    0.0000  -22.5000  -37.5000 2315.4622   13.6240
    7.5000  -22.5000  -37.5000 2317.6191   13.6872
   -7.5000  -15.0000  -37.5000 2333.2090   13.0609
    0.0000  -15.0000  -37.5000 2358.8320   12.9119
    7.5000  -15.0000  -37.5000 2356.8418   12.9642
   -7.5000   -7.5000  -37.5000 2362.4275   12.6392
    0.0000   -7.5000  -37.5000 2387.8589   12.4730
    7.5000   -7.5000  -37.5000 2384.7271   12.5303
   -7.5000    0.0000  -37.5000 2372.5232   12.5174
    0.0000    0.0000  -37.5000 2400.1172   12.3558
    7.5000    0.0000  -37.5000 2394.9072   12.3941
   -7.5000    7.5000  -37.5000 2359.1199   12.6856
    0.0000    7.5000  -37.5000 2385.7424   12.4948
    7.5000    7.5000  -37.5000 2378.6687   12.5226
   -7.5000   15.0000  -37.5000 2325.8284   13.1433
    0.0000   15.0000  -37.5000 2358.8657   12.9077
    7.5000   15.0000  -37.5000 2346.8486   12.9372
   -7.5000   22.5000  -37.5000 2274.5479   13.8473
    0.0000   22.5000  -37.5000 2306.7432   13.6164
    7.5000   22.5000  -37.5000 2297.1257   13.6461
   -7.5000   30.0000  -37.5000 2204.3047   14.8621
    0.0000   30.0000  -37.5000 2231.8330   14.5704
    7.5000   30.0000  -37.5000 2221.4927   14.6445
   -7.5000   37.5000  -37.5000 2110.2803   16.2387
    0.0000   37.5000  -37.5000 2137.2876   15.9324
    7.5000   37.5000  -37.5000 2126.2163   16.0072
   -7.5000   45.0000  -37.5000 1998.4005   18.0491
    0.0000   45.0000  -37.5000 2023.6837   17.7171
    7.5000   45.0000  -37.5000 2009.7883   17.8292
   -7.5000  -45.0000  -30.0000 2123.5959   17.0791
    0.0000  -45.0000  -30.0000 2150.8894   16.8617
    7.5000  -45.0000  -30.0000 2154.1475   16.9622
   -7.5000  -37.5000  -30.0000 2233.6245   15.4645
    0.0000  -37.5000  -30.0000 2267.2344   15.2642
    7.5000  -37.5000  -30.0000 2268.5571   15.3677
   -7.5000  -30.0000  -30.0000 2333.7505   14.1662
    0.0000  -30.0000  -30.0000 2367.0842   13.9871
    7.5000  -30.0000  -30.0000 2365.6487   14.0860
   -7.5000  -22.5000  -30.0000 2413.3982   13.1699
    0.0000  -22.5000  -30.0000 2440.1931   12.9919
    7.5000  -22.5000  -30.0000 2441.7888   13.0819
   -7.5000  -15.0000  -30.0000 2467.5715   12.5088
    0.0000  -15.0000  -30.0000 2496.3989   12.3049
    7.5000  -15.0000  -30.0000 2491.0955   12.3788
   -7.5000   -7.5000  -30.0000 2504.8293   12.1362
    0.0000   -7.5000  -30.0000 2535.9302   11.9330
    7.5000   -7.5000  -30.0000 2530.8020   11.9739
   -7.5000    0.0000  -30.0000 2523.4363   12.0065
    0.0000    0.0000  -30.0000 2559.0291   11.8112
    7.5000    0.0000  -30.0000 2551.0010   11.8433
   -7.5000    7.5000  -30.0000 2511.4629   12.1813
    0.0000    7.5000  -30.0000 2548.1477   11.9898
    7.5000    7.5000  -30.0000 2538.2366   11.9891
   -7.5000   15.0000  -30.0000 2476.4700   12.6327
    0.0000   15.0000  -30.0000 2510.9604   12.4236
    7.5000   15.0000  -30.0000 2501.8215   12.4209
   -7.5000   22.5000  -30.0000 2415.5371   13.3526
    0.0000   22.5000  -30.0000 2450.1501   13.1261
    7.5000   22.5000  -30.0000 2438.2778   13.1451
   -7.5000   30.0000  -30.0000 2333.2878   14.3238
    0.0000   30.0000  -30.0000 2366.3811   14.0781
    7.5000   30.0000  -30.0000 2352.5391   14.0968
   -7.5000   37.5000  -30.0000 2228.4578   15.6613
    0.0000   37.5000  -30.0000 2257.2222   15.3567
    7.5000   37.5000  -30.0000 2248.2104   15.4204
   -7.5000   45.0000  -30.0000 2104.6455   17.4382
    0.0000   45.0000  -30.0000 2132.4973   17.0913
    7.5000   45.0000  -30.0000 2124.1323   17.1741
   -7.5000  -45.0000  -22.5000 2194.2190   16.4754
    0.0000  -45.0000  -22.5000 2225.3958   16.2086
    7.5000  -45.0000  -22.5000 2229.0186   16.3113
   -7.5000  -37.5000  -22.5000 2312.6438   14.8510
    0.0000  -37.5000  -22.5000 2345.0549   14.6047
    7.5000  -37.5000  -22.5000 2346.0422   14.6753
   -7.5000  -30.0000  -22.5000 2422.7336   13.5399
    0.0000  -30.0000  -22.5000 2450.7578   13.3107
    7.5000  -30.0000  -22.5000 2450.2266   13.3976
   -7.5000  -22.5000  -22.5000 2511.5322   12.5675
    0.0000  -22.5000  -22.5000 2539.5815   12.3495
    7.5000  -22.5000  -22.5000 2535.9111   12.4241
   -7.5000  -15.0000  -22.5000 2577.3704   11.9133
    0.0000  -15.0000  -22.5000 2607.2549   11.6796
    7.5000  -15.0000  -22.5000 2597.8203   11.7591
   -7.5000   -7.5000  -22.5000 2621.4946   11.5557
    0.0000   -7.5000  -22.5000 2657.3721   11.3366
    7.5000   -7.5000  -22.5000 2650.8354   11.3729
   -7.5000    0.0000  -22.5000 2646.3936   11.4427
    0.0000    0.0000  -22.5000 2685.2134   11.2439
    7.5000    0.0000  -22.5000 2675.7783   11.2576
   -7.5000    7.5000  -22.5000 2634.7478   11.6267
    0.0000    7.5000  -22.5000 2674.6243   11.4372
    7.5000    7.5000  -22.5000 2666.5085   11.4160
   -7.5000   15.0000  -22.5000 2596.2869   12.0703
    0.0000   15.0000  -22.5000 2638.1765   11.8708
    7.5000   15.0000  -22.5000 2629.8464   11.8629
   -7.5000   22.5000  -22.5000 2527.4062   12.7705
    0.0000   22.5000  -22.5000 2570.0920   12.5443
    7.5000   22.5000  -22.5000 2558.3684   12.5678
   -7.5000   30.0000  -22.5000 2431.8499   13.7287
    0.0000   30.0000  -22.5000 2469.8718   13.4893
    7.5000   30.0000  -22.5000 2455.5479   13.5212
   -7.5000   37.5000  -22.5000 2318.0095   15.0364
    0.0000   37.5000  -22.5000 2348.7566   14.7652
    7.5000   37.5000  -22.5000 2339.3391   14.7809
   -7.5000   45.0000  -22.5000 2185.2300   16.7210
    0.0000   45.0000  -22.5000 2217.0940   16.4210
    7.5000   45.0000  -22.5000 2210.0205   16.4660
   -7.5000  -45.0000  -15.0000 2237.2822   15.9080
    0.0000  -45.0000  -15.0000 2273.5312   15.6229
    7.5000  -45.0000  -15.0000 2272.3030   15.6566
   -7.5000  -37.5000  -15.0000 2361.1528   14.2904
    0.0000  -37.5000  -15.0000 2389.8071   14.0062
    7.5000  -37.5000  -15.0000 2393.0288   14.0542
   -7.5000  -30.0000  -15.0000 2476.0703   13.0071
    0.0000  -30.0000  -15.0000 2504.4495   12.7285
    7.5000  -30.0000  -15.0000 2502.2092   12.7750
   -7.5000  -22.5000  -15.0000 2578.9690   12.0248
    0.0000  -22.5000  -15.0000 2610.5747   11.7651
    7.5000  -22.5000  -15.0000 2604.1282   11.8119
   -7.5000  -15.0000  -15.0000 2660.5515   11.3599
    0.0000  -15.0000  -15.0000 2694.7629   11.1108
    7.5000  -15.0000  -15.0000 2686.3062   11.1532
   -7.5000   -7.5000  -15.0000 2715.0139   11.0219
    0.0000   -7.5000  -15.0000 2761.5042   10.7732
    7.5000   -7.5000  -15.0000 2752.9153   10.8123
   -7.5000    0.0000  -15.0000 2743.0005   10.9221
    0.0000    0.0000  -15.0000 2790.7378   10.7005
    7.5000    0.0000  -15.0000 2780.7620   10.7241
   -7.5000    7.5000  -15.0000 2730.1243   11.1119
    0.0000    7.5000  -15.0000 2778.0168   10.9022
    7.5000    7.5000  -15.0000 2775.4602   10.8826
   -7.5000   15.0000  -15.0000 2687.6072   11.5494
    0.0000   15.0000  -15.0000 2734.0837   11.3257
    7.5000   15.0000  -15.0000 2726.0447   11.3250
   -7.5000   22.5000  -15.0000 2614.3718   12.2009
    0.0000   22.5000  -15.0000 2657.3799   11.9788
    7.5000   22.5000  -15.0000 2645.4968   11.9991
   -7.5000   30.0000  -15.0000 2503.5256   13.1439
    0.0000   30.0000  -15.0000 2541.4702   12.9104
    7.5000   30.0000  -15.0000 2530.2156   12.9417
   -7.5000   37.5000  -15.0000 2375.8684   14.4200
    0.0000   37.5000  -15.0000 2411.6685   14.1687
    7.5000   37.5000  -15.0000 2401.5920   14.1892
   -7.5000   45.0000  -15.0000 2236.5229   16.0890
    0.0000   45.0000  -15.0000 2272.2913   15.8077
    7.5000   45.0000  -15.0000 2259.7715   15.8225
   -7.5000  -45.0000   -7.5000 2260.9285   15.4514
    0.0000  -45.0000   -7.5000 2296.0405   15.1115
    7.5000  -45.0000   -7.5000 2298.1411   15.0948
   -7.5000  -37.5000   -7.5000 2387.4316   13.8388
    0.0000  -37.5000   -7.5000 2419.1882   13.4858
    7.5000  -37.5000   -7.5000 2417.8604   13.4906
   -7.5000  -30.0000   -7.5000 2505.9626   12.5587
    0.0000  -30.0000   -7.5000 2538.9575   12.2178
    7.5000  -30.0000   -7.5000 2539.2332   12.2390
   -7.5000  -22.5000   -7.5000 2620.0044   11.5847
    0.0000  -22.5000   -7.5000 2657.3250   11.2640
    7.5000  -22.5000   -7.5000 2653.3787   11.2835
   -7.5000  -15.0000   -7.5000 2714.2275   10.9167
    0.0000  -15.0000   -7.5000 2759.8176   10.6176
    7.5000  -15.0000   -7.5000 2756.0244   10.6346
   -7.5000   -7.5000   -7.5000 2789.4399   10.5699
    0.0000   -7.5000   -7.5000 2846.7566   10.2968
    7.5000   -7.5000   -7.5000 2841.8293   10.3072
   -7.5000    0.0000   -7.5000 2829.4004   10.4730
    0.0000    0.0000   -7.5000 2886.2739   10.2176
    7.5000    0.0000   -7.5000 2881.4241   10.2343
   -7.5000    7.5000   -7.5000 2814.5273   10.6761
    0.0000    7.5000   -7.5000 2871.5776   10.4532
    7.5000    7.5000   -7.5000 2868.4116   10.4231
   -7.5000   15.0000   -7.5000 2758.1140   11.1053
    0.0000   15.0000   -7.5000 2809.5234   10.8738
    7.5000   15.0000   -7.5000 2802.0681   10.8467
   -7.5000   22.5000   -7.5000 2668.9128   11.7274
    0.0000   22.5000   -7.5000 2713.7859   11.5044
    7.5000   22.5000   -7.5000 2704.0901   11.5186
   -7.5000   30.0000   -7.5000 2545.8704   12.6582
    0.0000   30.0000   -7.5000 2588.6289   12.4277
    7.5000   30.0000   -7.5000 2582.3066   12.4275
   -7.5000   37.5000   -7.5000 2413.9019   13.9015
    0.0000   37.5000   -7.5000 2450.4534   13.6548
    7.5000   37.5000   -7.5000 2437.8318   13.6688
   -7.5000   45.0000   -7.5000 2268.8821   15.4796
    0.0000   45.0000   -7.5000 2303.2761   15.2358
    7.5000   45.0000   -7.5000 2293.1213   15.2522
   -7.5000  -45.0000    0.0000 2274.2412   15.2597
    0.0000  -45.0000    0.0000 2302.6655   14.8135
    7.5000  -45.0000    0.0000 2309.8994   14.7477
   -7.5000  -37.5000    0.0000 2398.6543   13.6142
    0.0000  -37.5000    0.0000 2430.9585   13.1814
    7.5000  -37.5000    0.0000 2430.7480   13.1426
   -7.5000  -30.0000    0.0000 2518.7156   12.3267
    0.0000  -30.0000    0.0000 2557.9893   11.9127
    7.5000  -30.0000    0.0000 2556.3889   11.9148
   -7.5000  -22.5000    0.0000 2635.1172   11.3457
    0.0000  -22.5000    0.0000 2681.3906   10.9495
    7.5000  -22.5000    0.0000 2678.4395   10.9550
   -7.5000  -15.0000    0.0000 2739.2556   10.6724
    0.0000  -15.0000    0.0000 2795.7153   10.2974
    7.5000  -15.0000    0.0000 2793.6882   10.2881
   -7.5000   -7.5000    0.0000 2833.5393   10.2860
    0.0000   -7.5000    0.0000 2905.6333    9.9590
    7.5000   -7.5000    0.0000 2900.3401    9.9704
   -7.5000    0.0000    0.0000 2887.8325   10.1828
    0.0000    0.0000    0.0000 2965.0012    9.8602
    7.5000    0.0000    0.0000 2958.8706    9.8707
   -7.5000    7.5000    0.0000 2868.1465   10.4273
    0.0000    7.5000    0.0000 2944.8521   10.1547
    7.5000    7.5000    0.0000 2937.9075   10.0987
   -7.5000   15.0000    0.0000 2802.2322   10.8649
    0.0000   15.0000    0.0000 2859.5142   10.6239
    7.5000   15.0000    0.0000 2850.3345   10.5847
   -7.5000   22.5000    0.0000 2697.6865   11.4918
    0.0000   22.5000    0.0000 2745.8384   11.2429
    7.5000   22.5000    0.0000 2738.9426   11.2366
   -7.5000   30.0000    0.0000 2572.4866   12.3864
    0.0000   30.0000    0.0000 2614.9036   12.1260
    7.5000   30.0000    0.0000 2608.3225   12.1301
   -7.5000   37.5000    0.0000 2431.5789   13.5666
    0.0000   37.5000    0.0000 2469.3958   13.2962
    7.5000   37.5000    0.0000 2459.4988   13.3240
   -7.5000   45.0000    0.0000 2280.7490   15.1015
    0.0000   45.0000    0.0000 2316.8982   14.8287
    7.5000   45.0000    0.0000 2303.0684   14.8785
   -7.5000  -45.0000    7.5000 2274.6006   15.1980
    0.0000  -45.0000    7.5000 2301.4651   14.7461
    7.5000  -45.0000    7.5000 2313.3777   14.6707
   -7.5000  -37.5000    7.5000 2399.8298   13.5840
    0.0000  -37.5000    7.5000 2436.4307   13.1564
    7.5000  -37.5000    7.5000 2440.2844   13.0826
   -7.5000  -30.0000    7.5000 2517.6223   12.3318
    0.0000  -30.0000    7.5000 2562.9802   11.9058
    7.5000  -30.0000    7.5000 2565.2139   11.8438
   -7.5000  -22.5000    7.5000 2636.7905   11.3265
    0.0000  -22.5000    7.5000 2690.2625   10.9022
    7.5000  -22.5000    7.5000 2686.6360   10.8582
   -7.5000  -15.0000    7.5000 2748.1265   10.6248
    0.0000  -15.0000    7.5000 2807.5977   10.1912
    7.5000  -15.0000    7.5000 2806.7922   10.1696
   -7.5000   -7.5000    7.5000 2843.2996   10.2543
    0.0000   -7.5000    7.5000 2912.9062    9.8411
    7.5000   -7.5000    7.5000 2907.0186    9.8334
   -7.5000    0.0000    7.5000 2897.5933   10.1664
    0.0000    0.0000    7.5000 2968.1379    9.7953
    7.5000    0.0000    7.5000 2968.1433    9.7978
   -7.5000    7.5000    7.5000 2884.5867   10.3676
    0.0000    7.5000    7.5000 2956.5854   10.0737
    7.5000    7.5000    7.5000 2954.6472   10.0553
   -7.5000   15.0000    7.5000 2810.6067   10.8157
    0.0000   15.0000    7.5000 2868.4370   10.5795
    7.5000   15.0000    7.5000 2868.5896   10.5316
   -7.5000   22.5000    7.5000 2703.6731   11.4278
    0.0000   22.5000    7.5000 2753.7129   11.1925
    7.5000   22.5000    7.5000 2746.8247   11.1640
   -7.5000   30.0000    7.5000 2572.9390   12.2765
    0.0000   30.0000    7.5000 2618.2410   12.0369
    7.5000   30.0000    7.5000 2609.1802   12.0153
   -7.5000   37.5000    7.5000 2432.0952   13.4236
    0.0000   37.5000    7.5000 2467.1260   13.1859
    7.5000   37.5000    7.5000 2458.1733   13.1674
   -7.5000   45.0000    7.5000 2283.8123   14.8996
    0.0000   45.0000    7.5000 2311.0044   14.6501
    7.5000   45.0000    7.5000 2299.3511   14.6834
   -7.5000  -45.0000   15.0000 2259.0942   15.4012
    0.0000  -45.0000   15.0000 2292.9302   14.9462
    7.5000  -45.0000   15.0000 2304.9097   14.8649
   -7.5000  -37.5000   15.0000 2386.1465   13.7603
    0.0000  -37.5000   15.0000 2427.1116   13.3148
    7.5000  -37.5000   15.0000 2432.7161   13.2318
   -7.5000  -30.0000   15.0000 2504.8135   12.4984
    0.0000  -30.0000   15.0000 2553.1021   12.0507
    7.5000  -30.0000   15.0000 2555.1243   11.9737
   -7.5000  -22.5000   15.0000 2624.3416   11.5150
    0.0000  -22.5000   15.0000 2677.5371   11.0745
    7.5000  -22.5000   15.0000 2676.9180   11.0093
   -7.5000  -15.0000   15.0000 2730.8008   10.8117
    0.0000  -15.0000   15.0000 2788.3816   10.4160
    7.5000  -15.0000   15.0000 2787.7317   10.3467
   -7.5000   -7.5000   15.0000 2816.3389   10.4385
    0.0000   -7.5000   15.0000 2882.9587   10.0676
    7.5000   -7.5000   15.0000 2878.1860   10.0334
   -7.5000    0.0000   15.0000 2856.1968   10.3638
    0.0000    0.0000   15.0000 2923.7432   10.0650
    7.5000    0.0000   15.0000 2920.1970   10.0371
   -7.5000    7.5000   15.0000 2842.3770   10.5628
    0.0000    7.5000   15.0000 2907.8823   10.3147
    7.5000    7.5000   15.0000 2902.9688   10.2671
   -7.5000   15.0000   15.0000 2773.0103   10.9309
    0.0000   15.0000   15.0000 2830.4944   10.6893
    7.5000   15.0000   15.0000 2826.1580   10.6668
   -7.5000   22.5000   15.0000 2677.9709   11.5155
    0.0000   22.5000   15.0000 2727.0002   11.2578
    7.5000   22.5000   15.0000 2716.0859   11.2678
   -7.5000   30.0000   15.0000 2550.7522   12.3669
    0.0000   30.0000   15.0000 2591.8745   12.0867
    7.5000   30.0000   15.0000 2586.1997   12.0974
   -7.5000   37.5000   15.0000 2415.4177   13.4716
    0.0000   37.5000   15.0000 2445.6541   13.1823
    7.5000   37.5000   15.0000 2442.3552   13.2172
   -7.5000   45.0000   15.0000 2265.8484   14.9255
    0.0000   45.0000   15.0000 2293.5522   14.6305
    7.5000   45.0000   15.0000 2281.7085   14.6793
   -7.5000  -45.0000   22.5000 2237.1885   15.7957
    0.0000  -45.0000   22.5000 2272.9292   15.3597
    7.5000  -45.0000   22.5000 2280.9834   15.2552
   -7.5000  -37.5000   22.5000 2363.2200   14.1547
    0.0000  -37.5000   22.5000 2406.4075   13.7280
    7.5000  -37.5000   22.5000 2413.6487   13.6529
   -7.5000  -30.0000   22.5000 2481.9963   12.9092
    0.0000  -30.0000   22.5000 2529.2327   12.4821
    7.5000  -30.0000   22.5000 2533.8748   12.4289
   -7.5000  -22.5000   22.5000 2596.9753   11.9420
    0.0000  -22.5000   22.5000 2649.2441   11.5523
    7.5000  -22.5000   22.5000 2650.2883   11.5292
   -7.5000  -15.0000   22.5000 2691.1797   11.2433
    0.0000  -15.0000   22.5000 2747.7893   10.9016
    7.5000  -15.0000   22.5000 2749.0442   10.8800
   -7.5000   -7.5000   22.5000 2763.8701   10.8348
    0.0000   -7.5000   22.5000 2819.0212   10.5360
    7.5000   -7.5000   22.5000 2819.9050   10.5274
   -7.5000    0.0000   22.5000 2792.0220   10.7271
    0.0000    0.0000   22.5000 2845.2273   10.4680
    7.5000    0.0000   22.5000 2843.2004   10.4575
   -7.5000    7.5000   22.5000 2771.3293   10.9069
    0.0000    7.5000   22.5000 2825.6780   10.6393
    7.5000    7.5000   22.5000 2823.0815   10.5931
   -7.5000   15.0000   22.5000 2707.5322   11.2728
    0.0000   15.0000   22.5000 2753.6877   11.0234
    7.5000   15.0000   22.5000 2756.0066   10.9646
   -7.5000   22.5000   22.5000 2623.1606   11.8158
    0.0000   22.5000   22.5000 2663.2502   11.5726
    7.5000   22.5000   22.5000 2656.8015   11.5346
   -7.5000   30.0000   22.5000 2507.8364   12.6112
    0.0000   30.0000   22.5000 2544.8894   12.3551
    7.5000   30.0000   22.5000 2540.0857   12.3599
   -7.5000   37.5000   22.5000 2381.4216   13.6772
    0.0000   37.5000   22.5000 2413.8745   13.3960
    7.5000   37.5000   22.5000 2405.2012   13.4345
   -7.5000   45.0000   22.5000 2234.0305   15.1168
    0.0000   45.0000   22.5000 2258.7390   14.8091
    7.5000   45.0000   22.5000 2250.0046   14.8583
   -7.5000  -45.0000   30.0000 2203.2295   16.4512
    0.0000  -45.0000   30.0000 2235.0896   16.0484
    7.5000  -45.0000   30.0000 2240.0930   16.0075
   -7.5000  -37.5000   30.0000 2328.8289   14.7986
    0.0000  -37.5000   30.0000 2365.6321   14.4116
    7.5000  -37.5000   30.0000 2373.8733   14.3882
   -7.5000  -30.0000   30.0000 2439.8530   13.5194
    0.0000  -30.0000   30.0000 2483.3181   13.1688
    7.5000  -30.0000   30.0000 2490.5625   13.1463
   -7.5000  -22.5000   30.0000 2546.6699   12.5727
    0.0000  -22.5000   30.0000 2595.9060   12.2280
    7.5000  -22.5000   30.0000 2600.6399   12.2171
   -7.5000  -15.0000   30.0000 2628.9275   11.8561
    0.0000  -15.0000   30.0000 2682.5383   11.5555
    7.5000  -15.0000   30.0000 2686.2661   11.5608
   -7.5000   -7.5000   30.0000 2685.6282   11.4331
    0.0000   -7.5000   30.0000 2736.1538   11.1710
    7.5000   -7.5000   30.0000 2737.6138   11.1791
   -7.5000    0.0000   30.0000 2706.5732   11.3091
    0.0000    0.0000   30.0000 2750.9189   11.0618
    7.5000    0.0000   30.0000 2751.6589   11.0553
   -7.5000    7.5000   30.0000 2681.5366   11.4347
    0.0000    7.5000   30.0000 2724.2473   11.1687
    7.5000    7.5000   30.0000 2724.6812   11.1373
   -7.5000   15.0000   30.0000 2625.6589   11.7746
    0.0000   15.0000   30.0000 2660.5898   11.5185
    7.5000   15.0000   30.0000 2659.5774   11.4862
   -7.5000   22.5000   30.0000 2543.9319   12.3017
    0.0000   22.5000   30.0000 2577.0596   12.0360
    7.5000   22.5000   30.0000 2573.7346   12.0198
   -7.5000   30.0000   30.0000 2440.9373   13.0451
    0.0000   30.0000   30.0000 2471.3611   12.7804
    7.5000   30.0000   30.0000 2468.6763   12.8225
   -7.5000   37.5000   30.0000 2319.8765   14.1074
    0.0000   37.5000   30.0000 2351.1528   13.8397
    7.5000   37.5000   30.0000 2345.6475   13.8957
   -7.5000   45.0000   30.0000 2183.1702   15.5091
    0.0000   45.0000   30.0000 2209.3608   15.2166
    7.5000   45.0000   30.0000 2202.6956   15.2752
   -7.5000  -45.0000   37.5000 2157.0400   17.3484
    0.0000  -45.0000   37.5000 2184.9900   17.0197
    7.5000  -45.0000   37.5000 2191.8118   16.9687
   -7.5000  -37.5000   37.5000 2279.0339   15.6294
    0.0000  -37.5000   37.5000 2316.9412   15.3243
    7.5000  -37.5000   37.5000 2325.7336   15.2878
   -7.5000  -30.0000   37.5000 2386.8630   14.3377
    0.0000  -30.0000   37.5000 2429.6628   14.0241
    7.5000  -30.0000   37.5000 2437.6980   14.0255
   -7.5000  -22.5000   37.5000 2486.1899   13.3467
    0.0000  -22.5000   37.5000 2528.0171   13.0755
    7.5000  -22.5000   37.5000 2530.4541   13.0675
   -7.5000  -15.0000   37.5000 2558.4434   12.6234
    0.0000  -15.0000   37.5000 2604.4485   12.3831
    7.5000  -15.0000   37.5000 2602.1394   12.3798
   -7.5000   -7.5000   37.5000 2602.3792   12.1936
    0.0000   -7.5000   37.5000 2645.2710   11.9731
    7.5000   -7.5000   37.5000 2643.3525   11.9660
   -7.5000    0.0000   37.5000 2611.7258   12.0559
    0.0000    0.0000   37.5000 2649.8916   11.8352
    7.5000    0.0000   37.5000 2644.5247   11.8243
   -7.5000    7.5000   37.5000 2585.1526   12.1682
    0.0000    7.5000   37.5000 2621.3093   11.9341
    7.5000    7.5000   37.5000 2619.4185   11.8890
   -7.5000   15.0000   37.5000 2533.5151   12.4808
    0.0000   15.0000   37.5000 2564.1238   12.2624
    7.5000   15.0000   37.5000 2564.9543   12.2138
   -7.5000   22.5000   37.5000 2461.6638   12.9736
    0.0000   22.5000   37.5000 2488.6560   12.7274
    7.5000   22.5000   37.5000 2484.7871   12.7271
   -7.5000   30.0000   37.5000 2366.3660   13.6780
    0.0000   30.0000   37.5000 2393.9182   13.4295
    7.5000   30.0000   37.5000 2387.2998   13.4834
   -7.5000   37.5000   37.5000 2252.1184   14.7313
    0.0000   37.5000   37.5000 2279.5825   14.4560
    7.5000   37.5000   37.5000 2275.5811   14.5236
   -7.5000   45.0000   37.5000 2122.9763   16.1390
    0.0000   45.0000   37.5000 2147.4521   15.8486
    7.5000   45.0000   37.5000 2139.8394   15.9383
   -7.5000  -45.0000   45.0000 2097.1987   18.4420
    0.0000  -45.0000   45.0000 2130.8201   18.1427
    7.5000  -45.0000   45.0000 2134.9253   18.1094
   -7.5000  -37.5000   45.0000 2215.6897   16.6630
    0.0000  -37.5000   45.0000 2260.1040   16.4135
    7.5000  -37.5000   45.0000 2265.7993   16.3991
   -7.5000  -30.0000   45.0000 2320.6753   15.3381
    0.0000  -30.0000   45.0000 2363.0171   15.1055
    7.5000  -30.0000   45.0000 2371.8933   15.0909
   -7.5000  -22.5000   45.0000 2411.1587   14.3255
    0.0000  -22.5000   45.0000 2447.0315   14.1043
    7.5000  -22.5000   45.0000 2449.4905   14.0869
   -7.5000  -15.0000   45.0000 2472.9685   13.5706
    0.0000  -15.0000   45.0000 2512.0796   13.3702
    7.5000  -15.0000   45.0000 2505.9451   13.3549
   -7.5000   -7.5000   45.0000 2506.2324   13.1058
    0.0000   -7.5000   45.0000 2541.6580   12.9223
    7.5000   -7.5000   45.0000 2537.2224   12.8922
   -7.5000    0.0000   45.0000 2510.0759   12.9667
    0.0000    0.0000   45.0000 2542.9626   12.7513
    7.5000    0.0000   45.0000 2532.8496   12.7324
   -7.5000    7.5000   45.0000 2485.8401   13.0523
    0.0000    7.5000   45.0000 2513.8772   12.8469
    7.5000    7.5000   45.0000 2511.5740   12.8079
   -7.5000   15.0000   45.0000 2437.0791   13.3604
    0.0000   15.0000   45.0000 2463.4810   13.1645
    7.5000   15.0000   45.0000 2463.5923   13.1307
   -7.5000   22.5000   45.0000 2368.9951   13.8395
    0.0000   22.5000   45.0000 2396.0098   13.6048
    7.5000   22.5000   45.0000 2392.7354   13.6249
   -7.5000   30.0000   45.0000 2285.5610   14.5271
    0.0000   30.0000   45.0000 2308.0557   14.2939
    7.5000   30.0000   45.0000 2302.4028   14.3450
   -7.5000   37.5000   45.0000 2175.4038   15.5697
    0.0000   37.5000   45.0000 2202.5361   15.3013
    7.5000   37.5000   45.0000 2195.9927   15.3511
   -7.5000   45.0000   45.0000 2052.2642   17.0362
    0.0000   45.0000   45.0000 2075.7510   16.7173
    7.5000   45.0000   45.0000 2070.8306   16.7830

---------------------------------------------------------------------
imgreg_4dfp /opt/freesurfer/average/711-2C_as_mni_average_305 /opt/freesurfer/average/711-2B_as_mni_average_305_mask talsrcimg_g11 none talsrcimg_to_711-2C_as_mni_average_305_t4 1283
---------------------------------------------------------------------

freesurfer imgreg_4dfp.c
/opt/freesurfer/average/711-2C_as_mni_average_305.4dfp.img
       256       256       256         1
  1.000000  1.000000  1.000000
orientation T byte_order littleendian
Reading image: /opt/freesurfer/average/711-2C_as_mni_average_305.4dfp.img
dimensions:      256       256       256
mmppix:       1.0000   -1.0000   -1.0000
center:     128.0000 -129.0000 -129.0000
/opt/freesurfer/average/711-2B_as_mni_average_305_mask.4dfp.img
       256       256       256         1
  1.000000  1.000000  1.000000
orientation T byte_order littleendian
Reading mask: /opt/freesurfer/average/711-2B_as_mni_average_305_mask.4dfp.img (2306576 pixels)
talsrcimg_g11.4dfp.img
       256       256       256         1
  1.000000  1.000000  1.000000
orientation T byte_order littleendian
Reading image: talsrcimg_g11.4dfp.img
dimensions:      256       256       256
mmppix:       1.0000   -1.0000   -1.0000
center:     128.0000 -129.0000 -129.0000
rotation matrix determinant  1.000000
fimgreg.f
image alignment mode   1283 decimal      503 hex
parameters
    7.5000    0.0000    7.5000    0.0000    0.0000    0.0000
eta,q 0.93139  9.80848
niter,ni,del,rscale     5    3   12.0000    1.2000
parameter  1  0.600262 ->  0.500000 qaram    1.1500
parameter  2 -0.509029 -> -0.500000 qaram    1.1500
parameter  3  0.522440 ->  0.500000 qaram    1.1500
parameter  6 -4.174067 -> -0.500000 qaram    1.1500
parameters
    4.0500    3.4500    4.0500    0.0797   -0.4878    3.4500
eta,q 0.93885  9.75393
  0.0680  0.0816  0.0659  0.0673  0.0681  0.0735
  0.0682  0.0754  0.0656  0.0667  0.0670  0.0713
  0.0683  0.0715  0.0657  0.0663  0.0661  0.0687
  0.0705  0.0685  0.0660  0.0659  0.0659  0.0656
  0.0750  0.0665  0.0695  0.0651  0.0658  0.0629
  0.0825  0.0664  0.0753  0.0658  0.0673  0.0607
  0.0924  0.0683  0.0811  0.0681  0.0695  0.0596
niter,ni,del,rscale     7    3   12.0000    1.2000
parameters
    3.0459    2.4215    3.7491    0.4835   -0.4421    6.8226
eta,q 0.94170  9.73329
  0.0693  0.0715  0.0668  0.0660  0.0641  0.0698
  0.0633  0.0659  0.0624  0.0635  0.0623  0.0667
  0.0608  0.0616  0.0611  0.0618  0.0611  0.0635
  0.0611  0.0608  0.0607  0.0607  0.0605  0.0605
  0.0626  0.0647  0.0612  0.0605  0.0606  0.0584
  0.0672  0.0719  0.0631  0.0624  0.0618  0.0589
  0.0779  0.0799  0.0683  0.0651  0.0643  0.0612
niter,ni,del,rscale     6    3   12.0000    1.2000
parameters
    3.5102    2.2634    4.2005    0.5119   -0.2218    6.7795
eta,q 0.94167  9.73789
  0.0754  0.0733  0.0673  0.0656  0.0628  0.0653
  0.0659  0.0675  0.0615  0.0626  0.0608  0.0623
  0.0598  0.0603  0.0589  0.0595  0.0592  0.0595
  0.0583  0.0583  0.0582  0.0584  0.0584  0.0583
  0.0595  0.0617  0.0591  0.0597  0.0586  0.0597
  0.0636  0.0672  0.0602  0.0624  0.0600  0.0624
  0.0708  0.0752  0.0649  0.0655  0.0626  0.0654
niter,ni,del,rscale     5    3   12.0000    1.2000
parameters
    3.4845    2.2462    4.1030    0.5073   -0.2319    6.7781
eta,q 0.94170  9.73670
  0.0727  0.0737  0.0658  0.0655  0.0625  0.0654
  0.0641  0.0679  0.0608  0.0625  0.0605  0.0623
  0.0590  0.0607  0.0585  0.0594  0.0590  0.0595
  0.0583  0.0583  0.0583  0.0583  0.0583  0.0583
  0.0601  0.0614  0.0592  0.0596  0.0587  0.0596
  0.0645  0.0667  0.0609  0.0624  0.0602  0.0623
  0.0724  0.0745  0.0663  0.0655  0.0629  0.0654
niter,ni,del,rscale     4    3   12.0000    1.2000
parameters
    3.4766    2.2391    4.1152    0.5120   -0.2333    6.7750
eta,q 0.94170  9.73643
  0.0729  0.0738  0.0661  0.0655  0.0626  0.0654
  0.0642  0.0680  0.0610  0.0625  0.0605  0.0623
  0.0591  0.0608  0.0585  0.0594  0.0590  0.0595
  0.0583  0.0583  0.0583  0.0583  0.0583  0.0583
  0.0601  0.0614  0.0592  0.0596  0.0587  0.0597
  0.0645  0.0667  0.0607  0.0624  0.0602  0.0623
  0.0724  0.0745  0.0660  0.0655  0.0629  0.0654
registration optimization eta report
parameter search radius
    6.9000    6.9000    6.9000    6.0000    6.0000    6.9000
100000*second partial in parameter space
       31.       32.       17.       19.       12.       14.
  0.0729  0.0738  0.0661  0.0655  0.0626  0.0654
  0.0642  0.0680  0.0610  0.0625  0.0605  0.0623
  0.0591  0.0608  0.0585  0.0594  0.0590  0.0595
  0.0583  0.0583  0.0583  0.0583  0.0583  0.0583
  0.0601  0.0614  0.0592  0.0596  0.0587  0.0597
  0.0645  0.0667  0.0607  0.0624  0.0602  0.0623
  0.0724  0.0745  0.0660  0.0655  0.0629  0.0654
    3.4766    2.2391    4.1152    0.5120   -0.2333    6.7750
eta,q 0.94170  9.73643

---------------------------------------------------------------------
imgreg_4dfp /opt/freesurfer/average/711-2C_as_mni_average_305 /opt/freesurfer/average/711-2B_as_mni_average_305_mask talsrcimg_g11 none talsrcimg_to_711-2C_as_mni_average_305_t4 3335
---------------------------------------------------------------------

freesurfer imgreg_4dfp.c
/opt/freesurfer/average/711-2C_as_mni_average_305.4dfp.img
       256       256       256         1
  1.000000  1.000000  1.000000
orientation T byte_order littleendian
Reading image: /opt/freesurfer/average/711-2C_as_mni_average_305.4dfp.img
dimensions:      256       256       256
mmppix:       1.0000   -1.0000   -1.0000
center:     128.0000 -129.0000 -129.0000
/opt/freesurfer/average/711-2B_as_mni_average_305_mask.4dfp.img
       256       256       256         1
  1.000000  1.000000  1.000000
orientation T byte_order littleendian
Reading mask: /opt/freesurfer/average/711-2B_as_mni_average_305_mask.4dfp.img (2306576 pixels)
talsrcimg_g11.4dfp.img
       256       256       256         1
  1.000000  1.000000  1.000000
orientation T byte_order littleendian
Reading image: talsrcimg_g11.4dfp.img
dimensions:      256       256       256
mmppix:       1.0000   -1.0000   -1.0000
center:     128.0000 -129.0000 -129.0000
fimgreg.f
image alignment mode   3335 decimal      D07 hex
parameters
    3.4766    2.2391    4.1152   -0.6991   -0.7018   -0.0048
  -11.7930    0.5097   11.7970   -0.8393   -0.4072    0.8936
eta,q 0.94432  9.74702
niter,ni,del,rscale     5    3    5.0000    1.2000
parameter  4  6.502397 ->  0.500000 qaram    1.1500
parameter  5  2.703437 ->  0.500000 qaram    1.1500
parameter  6  1.936306 ->  0.500000 qaram    1.1500
parameter 12  0.750795 ->  0.500000 qaram    1.1500
parameters
    3.3441    2.3208    4.1780   -4.8391   -4.8418   -4.1448
  -10.8276    1.3590    9.5587   -3.4521    0.4539   -3.2464
eta,q 0.96568  9.00986
  0.0573  0.0573  0.0570  0.0421  0.0391  0.0333  0.0393  0.0412  0.0366  0.0367  0.0370  0.0344
  0.0563  0.0564  0.0563  0.0462  0.0411  0.0352  0.0377  0.0385  0.0359  0.0356  0.0361  0.0343
  0.0558  0.0559  0.0558  0.0508  0.0441  0.0383  0.0365  0.0367  0.0357  0.0352  0.0355  0.0345
  0.0557  0.0557  0.0557  0.0557  0.0474  0.0418  0.0360  0.0359  0.0358  0.0357  0.0352  0.0352
  0.0559  0.0558  0.0558  0.0607  0.0509  0.0461  0.0360  0.0360  0.0365  0.0370  0.0352  0.0361
  0.0566  0.0563  0.0562  0.0659  0.0549  0.0510  0.0368  0.0371  0.0376  0.0390  0.0356  0.0374
  0.0577  0.0571  0.0569  0.0714  0.0594  0.0564  0.0379  0.0392  0.0391  0.0415  0.0363  0.0389
niter,ni,del,rscale     7    3    5.0000    1.2000
parameter  4  1.518762 ->  0.500000 qaram    1.3225
parameter  5  0.725638 ->  0.500000 qaram    1.3225
parameters
    3.4974    2.8896    4.1294   -9.6001   -9.6028   -7.2568
  -10.1754    1.2129   10.9019   -1.5467    0.2478   -2.7095
eta,q 0.97620  8.58279
  0.0379  0.0381  0.0364  0.0253  0.0253  0.0269  0.0281  0.0298  0.0271  0.0289  0.0256  0.0261
  0.0360  0.0363  0.0351  0.0266  0.0248  0.0254  0.0261  0.0269  0.0258  0.0268  0.0246  0.0249
  0.0348  0.0350  0.0344  0.0296  0.0255  0.0241  0.0248  0.0249  0.0248  0.0251  0.0240  0.0242
  0.0343  0.0343  0.0342  0.0342  0.0272  0.0249  0.0242  0.0242  0.0242  0.0241  0.0238  0.0238
  0.0345  0.0342  0.0345  0.0397  0.0301  0.0281  0.0244  0.0250  0.0241  0.0238  0.0241  0.0239
  0.0355  0.0346  0.0353  0.0459  0.0340  0.0327  0.0253  0.0272  0.0246  0.0244  0.0248  0.0246
  0.0371  0.0357  0.0365  0.0521  0.0384  0.0383  0.0269  0.0302  0.0256  0.0257  0.0258  0.0256
niter,ni,del,rscale     7    3    5.0000    1.2000
parameters
    3.3723    3.7911    3.5403  -13.5886  -10.1964   -7.9637
  -10.6152    0.8273   12.0883    0.0496   -0.1903   -3.6506
eta,q 0.97744  8.43113
  0.0274  0.0285  0.0246  0.0244  0.0268  0.0268  0.0252  0.0269  0.0251  0.0265  0.0237  0.0240
  0.0254  0.0264  0.0237  0.0232  0.0248  0.0253  0.0238  0.0246  0.0240  0.0247  0.0230  0.0231
  0.0241  0.0248  0.0233  0.0224  0.0232  0.0239  0.0230  0.0232  0.0232  0.0234  0.0227  0.0227
  0.0238  0.0238  0.0234  0.0232  0.0225  0.0226  0.0228  0.0228  0.0228  0.0227  0.0226  0.0226
  0.0244  0.0234  0.0241  0.0262  0.0232  0.0229  0.0233  0.0235  0.0228  0.0226  0.0228  0.0229
  0.0259  0.0237  0.0253  0.0312  0.0251  0.0257  0.0243  0.0252  0.0232  0.0231  0.0232  0.0237
  0.0282  0.0245  0.0268  0.0376  0.0286  0.0299  0.0258  0.0279  0.0240  0.0242  0.0240  0.0248
niter,ni,del,rscale     6    3    5.0000    1.2000
parameters
    3.3850    4.3486    3.2453  -14.7243  -10.6742   -8.2688
  -10.8144    0.5795   12.5874    1.5189   -0.5311   -4.6211
eta,q 0.97742  8.36967
  0.0261  0.0262  0.0239  0.0259  0.0267  0.0268  0.0252  0.0267  0.0245  0.0260  0.0236  0.0239
  0.0242  0.0244  0.0230  0.0244  0.0247  0.0253  0.0238  0.0244  0.0236  0.0245  0.0230  0.0231
  0.0230  0.0232  0.0225  0.0233  0.0233  0.0240  0.0230  0.0231  0.0230  0.0234  0.0226  0.0227
  0.0226  0.0226  0.0224  0.0224  0.0226  0.0226  0.0228  0.0228  0.0228  0.0227  0.0226  0.0226
  0.0229  0.0225  0.0228  0.0228  0.0231  0.0226  0.0231  0.0234  0.0228  0.0226  0.0228  0.0229
  0.0241  0.0229  0.0236  0.0251  0.0249  0.0249  0.0240  0.0248  0.0233  0.0231  0.0231  0.0236
  0.0261  0.0239  0.0248  0.0296  0.0281  0.0287  0.0254  0.0272  0.0241  0.0242  0.0237  0.0248
niter,ni,del,rscale     5    3    5.0000    1.2000
parameters
    3.3390    4.7954    2.9972  -14.9752  -11.2839   -8.5582
  -10.7992    0.3605   12.7973    2.8384   -0.4923   -5.3569
eta,q 0.97747  8.33169
  0.0258  0.0259  0.0240  0.0262  0.0263  0.0266  0.0251  0.0265  0.0243  0.0258  0.0235  0.0239
  0.0240  0.0242  0.0230  0.0246  0.0245  0.0251  0.0238  0.0243  0.0234  0.0244  0.0229  0.0231
  0.0229  0.0231  0.0226  0.0235  0.0231  0.0239  0.0230  0.0230  0.0229  0.0233  0.0226  0.0226
  0.0226  0.0226  0.0225  0.0225  0.0225  0.0226  0.0227  0.0227  0.0227  0.0227  0.0225  0.0225
  0.0230  0.0226  0.0229  0.0224  0.0231  0.0225  0.0230  0.0233  0.0228  0.0225  0.0226  0.0228
  0.0242  0.0231  0.0236  0.0240  0.0248  0.0247  0.0238  0.0247  0.0233  0.0230  0.0229  0.0235
  0.0261  0.0241  0.0247  0.0278  0.0279  0.0285  0.0251  0.0269  0.0241  0.0243  0.0235  0.0246
niter,ni,del,rscale     4    3    5.0000    1.2000
parameters
    3.2819    5.1908    2.7423  -15.0756  -11.8705   -8.8736
  -10.7573    0.1686   12.8329    3.9339   -0.3218   -5.9471
eta,q 0.97753  8.29688
  0.0256  0.0257  0.0239  0.0261  0.0262  0.0265  0.0250  0.0263  0.0241  0.0257  0.0235  0.0239
  0.0239  0.0241  0.0230  0.0245  0.0244  0.0249  0.0237  0.0242  0.0233  0.0243  0.0229  0.0231
  0.0229  0.0230  0.0225  0.0234  0.0230  0.0237  0.0229  0.0229  0.0228  0.0232  0.0226  0.0226
  0.0225  0.0225  0.0225  0.0224  0.0225  0.0225  0.0226  0.0226  0.0226  0.0226  0.0225  0.0225
  0.0229  0.0226  0.0228  0.0223  0.0230  0.0224  0.0229  0.0232  0.0227  0.0225  0.0226  0.0227
  0.0241  0.0231  0.0235  0.0237  0.0247  0.0246  0.0237  0.0245  0.0233  0.0231  0.0229  0.0233
  0.0259  0.0241  0.0246  0.0273  0.0277  0.0283  0.0249  0.0267  0.0241  0.0244  0.0234  0.0244
niter,ni,del,rscale     3    3    5.0000    1.2000
parameters
    3.2356    5.5179    2.5120  -15.1389  -12.3517   -9.1507
  -10.7173    0.0278   12.8023    4.7799   -0.1728   -6.4164
eta,q 0.97754  8.26795
  0.0255  0.0255  0.0239  0.0259  0.0261  0.0264  0.0249  0.0263  0.0241  0.0255  0.0234  0.0238
  0.0239  0.0240  0.0230  0.0244  0.0244  0.0249  0.0236  0.0241  0.0233  0.0242  0.0229  0.0231
  0.0228  0.0230  0.0225  0.0233  0.0230  0.0237  0.0228  0.0229  0.0227  0.0232  0.0225  0.0226
  0.0225  0.0225  0.0224  0.0224  0.0224  0.0225  0.0225  0.0226  0.0225  0.0225  0.0225  0.0225
  0.0228  0.0225  0.0228  0.0222  0.0229  0.0224  0.0228  0.0231  0.0227  0.0225  0.0225  0.0227
  0.0240  0.0231  0.0235  0.0236  0.0245  0.0244  0.0236  0.0244  0.0232  0.0232  0.0228  0.0232
  0.0258  0.0242  0.0245  0.0271  0.0274  0.0281  0.0248  0.0265  0.0242  0.0246  0.0233  0.0242
niter,ni,del,rscale     2    3    5.0000    1.2000
parameters
    3.2037    5.7670    2.3296  -15.1688  -12.6965   -9.3604
  -10.6865   -0.0685   12.7701    5.3871   -0.0824   -6.7742
eta,q 0.97754  8.24776
  0.0254  0.0254  0.0239  0.0259  0.0261  0.0263  0.0248  0.0263  0.0241  0.0254  0.0234  0.0238
  0.0238  0.0239  0.0230  0.0244  0.0244  0.0248  0.0236  0.0241  0.0233  0.0241  0.0229  0.0231
  0.0228  0.0229  0.0225  0.0233  0.0231  0.0236  0.0228  0.0229  0.0227  0.0231  0.0226  0.0226
  0.0225  0.0225  0.0224  0.0224  0.0224  0.0225  0.0225  0.0225  0.0225  0.0225  0.0225  0.0225
  0.0228  0.0226  0.0227  0.0222  0.0228  0.0224  0.0228  0.0230  0.0227  0.0225  0.0226  0.0226
  0.0239  0.0232  0.0234  0.0235  0.0244  0.0243  0.0236  0.0243  0.0232  0.0233  0.0228  0.0232
  0.0256  0.0244  0.0244  0.0269  0.0272  0.0278  0.0247  0.0264  0.0242  0.0248  0.0233  0.0241
niter,ni,del,rscale     1    3    5.0000    1.2000
parameters
    3.1796    5.9473    2.1976  -15.1902  -12.9326   -9.5034
  -10.6625   -0.1395   12.7506    5.8186   -0.0485   -7.0454
eta,q 0.97752  8.23428
  0.0254  0.0253  0.0240  0.0258  0.0262  0.0263  0.0247  0.0262  0.0241  0.0254  0.0234  0.0238
  0.0238  0.0238  0.0231  0.0243  0.0245  0.0249  0.0235  0.0241  0.0233  0.0241  0.0229  0.0231
  0.0228  0.0228  0.0226  0.0233  0.0231  0.0237  0.0228  0.0229  0.0227  0.0231  0.0226  0.0227
  0.0225  0.0225  0.0225  0.0225  0.0225  0.0225  0.0225  0.0225  0.0225  0.0225  0.0225  0.0225
  0.0228  0.0227  0.0227  0.0222  0.0228  0.0224  0.0228  0.0230  0.0227  0.0226  0.0226  0.0227
  0.0238  0.0234  0.0234  0.0234  0.0243  0.0242  0.0235  0.0243  0.0232  0.0234  0.0229  0.0232
  0.0256  0.0245  0.0243  0.0268  0.0271  0.0277  0.0247  0.0263  0.0242  0.0250  0.0233  0.0241
registration optimization eta report
parameter search radius
    2.4000    2.4000    2.4000    9.5220    9.5220    8.2800
    7.2000    7.2000    7.2000    7.2000    7.2000    8.2800
100000*second partial in parameter space
       52.       42.       29.        4.        5.        7.
        4.        7.        3.        5.        2.        2.
  0.0254  0.0253  0.0240  0.0258  0.0262  0.0263  0.0247  0.0262  0.0241  0.0254  0.0234  0.0238
  0.0238  0.0238  0.0231  0.0243  0.0245  0.0249  0.0235  0.0241  0.0233  0.0241  0.0229  0.0231
  0.0228  0.0228  0.0226  0.0233  0.0231  0.0237  0.0228  0.0229  0.0227  0.0231  0.0226  0.0227
  0.0225  0.0225  0.0225  0.0225  0.0225  0.0225  0.0225  0.0225  0.0225  0.0225  0.0225  0.0225
  0.0228  0.0227  0.0227  0.0222  0.0228  0.0224  0.0228  0.0230  0.0227  0.0226  0.0226  0.0227
  0.0238  0.0234  0.0234  0.0234  0.0243  0.0242  0.0235  0.0243  0.0232  0.0234  0.0229  0.0232
  0.0256  0.0245  0.0243  0.0268  0.0271  0.0277  0.0247  0.0263  0.0242  0.0250  0.0233  0.0241
    3.1796    5.9473    2.1976  -15.1902  -12.9326   -9.5034
  -10.6625   -0.1395   12.7506    5.8186   -0.0485   -7.0454
eta,q 0.97752  8.23428

---------------------------------------------------------------------
imgreg_4dfp /opt/freesurfer/average/711-2C_as_mni_average_305 /opt/freesurfer/average/711-2B_as_mni_average_305_mask talsrcimg_g11 none talsrcimg_to_711-2C_as_mni_average_305_t4 2311
---------------------------------------------------------------------

freesurfer imgreg_4dfp.c
/opt/freesurfer/average/711-2C_as_mni_average_305.4dfp.img
       256       256       256         1
  1.000000  1.000000  1.000000
orientation T byte_order littleendian
Reading image: /opt/freesurfer/average/711-2C_as_mni_average_305.4dfp.img
dimensions:      256       256       256
mmppix:       1.0000   -1.0000   -1.0000
center:     128.0000 -129.0000 -129.0000
/opt/freesurfer/average/711-2B_as_mni_average_305_mask.4dfp.img
       256       256       256         1
  1.000000  1.000000  1.000000
orientation T byte_order littleendian
Reading mask: /opt/freesurfer/average/711-2B_as_mni_average_305_mask.4dfp.img (2306576 pixels)
talsrcimg_g11.4dfp.img
       256       256       256         1
  1.000000  1.000000  1.000000
orientation T byte_order littleendian
Reading image: talsrcimg_g11.4dfp.img
dimensions:      256       256       256
mmppix:       1.0000   -1.0000   -1.0000
center:     128.0000 -129.0000 -129.0000
fimgreg.f
image alignment mode   2311 decimal      907 hex
parameters
    3.1796    5.9473    2.1976  -15.1902  -12.9326   -9.5034
  -10.6625   -0.1395   12.7506    5.8186   -0.0485   -7.0454
eta,q 0.97752  8.23428
niter,ni,del,rscale     5    3    5.0000    0.8000
parameters
    3.1860    6.0338    2.0862  -12.9655  -12.4144   -8.5899
  -10.7266    0.0904   12.3758    5.8104    0.6565   -7.8568
eta,q 0.97809  8.36916
  0.0238  0.0237  0.0231  0.0238  0.0236  0.0245  0.0230  0.0244  0.0226  0.0233  0.0228  0.0223
  0.0231  0.0230  0.0227  0.0233  0.0229  0.0237  0.0224  0.0231  0.0222  0.0226  0.0223  0.0221
  0.0227  0.0226  0.0225  0.0229  0.0225  0.0229  0.0221  0.0223  0.0220  0.0221  0.0221  0.0219
  0.0225  0.0225  0.0225  0.0225  0.0222  0.0222  0.0220  0.0220  0.0219  0.0219  0.0219  0.0219
  0.0226  0.0226  0.0226  0.0222  0.0222  0.0219  0.0221  0.0221  0.0221  0.0221  0.0220  0.0221
  0.0231  0.0229  0.0229  0.0222  0.0225  0.0224  0.0225  0.0228  0.0224  0.0226  0.0221  0.0223
  0.0238  0.0234  0.0233  0.0226  0.0232  0.0235  0.0231  0.0240  0.0229  0.0234  0.0224  0.0227
niter,ni,del,rscale     4    3    5.0000    0.7000
parameters
    3.1366    5.9860    2.2572  -13.3101  -12.2731   -8.1612
  -10.6867   -0.0999   12.1986    5.7101    0.8126   -8.0187
eta,q 0.97816  8.37547
  0.0230  0.0227  0.0228  0.0228  0.0229  0.0239  0.0227  0.0234  0.0224  0.0229  0.0224  0.0223
  0.0224  0.0223  0.0223  0.0224  0.0224  0.0231  0.0222  0.0225  0.0221  0.0223  0.0221  0.0220
  0.0220  0.0220  0.0220  0.0220  0.0221  0.0224  0.0219  0.0220  0.0219  0.0220  0.0219  0.0219
  0.0219  0.0219  0.0219  0.0219  0.0219  0.0219  0.0218  0.0218  0.0218  0.0218  0.0218  0.0218
  0.0221  0.0220  0.0219  0.0220  0.0220  0.0218  0.0219  0.0221  0.0219  0.0219  0.0219  0.0219
  0.0225  0.0224  0.0221  0.0225  0.0223  0.0224  0.0222  0.0227  0.0222  0.0223  0.0220  0.0221
  0.0232  0.0228  0.0224  0.0233  0.0228  0.0235  0.0227  0.0238  0.0225  0.0230  0.0223  0.0223
niter,ni,del,rscale     3    3    5.0000    0.6000
parameters
    3.1062    5.9411    2.3680  -13.2452  -12.2375   -7.9047
  -10.6296   -0.1493   12.1309    5.6022    0.8821   -8.0571
eta,q 0.97820  8.38605
  0.0227  0.0224  0.0225  0.0226  0.0226  0.0234  0.0225  0.0231  0.0222  0.0226  0.0222  0.0221
  0.0222  0.0221  0.0221  0.0223  0.0222  0.0227  0.0221  0.0224  0.0220  0.0221  0.0220  0.0219
  0.0219  0.0219  0.0219  0.0220  0.0219  0.0222  0.0219  0.0219  0.0218  0.0219  0.0218  0.0218
  0.0218  0.0218  0.0218  0.0218  0.0218  0.0218  0.0218  0.0218  0.0218  0.0218  0.0218  0.0218
  0.0220  0.0219  0.0219  0.0219  0.0219  0.0218  0.0219  0.0220  0.0219  0.0219  0.0218  0.0218
  0.0223  0.0222  0.0220  0.0221  0.0221  0.0223  0.0221  0.0224  0.0220  0.0222  0.0220  0.0220
  0.0228  0.0225  0.0223  0.0227  0.0226  0.0232  0.0224  0.0232  0.0223  0.0227  0.0222  0.0221
niter,ni,del,rscale     2    3    5.0000    0.5000
parameters
    3.0937    5.8945    2.4459  -13.1585  -12.1985   -7.7227
  -10.6144   -0.1602   12.0785    5.4950    0.9117   -8.0736
eta,q 0.97823  8.39537
  0.0224  0.0222  0.0222  0.0224  0.0223  0.0230  0.0222  0.0227  0.0221  0.0223  0.0221  0.0220
  0.0221  0.0220  0.0220  0.0221  0.0220  0.0224  0.0220  0.0222  0.0219  0.0220  0.0219  0.0219
  0.0219  0.0218  0.0219  0.0219  0.0219  0.0220  0.0218  0.0219  0.0218  0.0218  0.0218  0.0218
  0.0218  0.0218  0.0218  0.0218  0.0218  0.0218  0.0218  0.0218  0.0218  0.0218  0.0218  0.0218
  0.0219  0.0219  0.0218  0.0218  0.0218  0.0218  0.0218  0.0219  0.0218  0.0218  0.0218  0.0218
  0.0221  0.0220  0.0219  0.0220  0.0220  0.0222  0.0220  0.0222  0.0219  0.0220  0.0219  0.0219
  0.0224  0.0223  0.0221  0.0224  0.0223  0.0228  0.0222  0.0227  0.0221  0.0224  0.0220  0.0220
niter,ni,del,rscale     1    3    5.0000    0.4000
parameters
    3.0854    5.8562    2.5009  -13.0906  -12.1625   -7.5786
  -10.6081   -0.1490   12.0494    5.3976    0.9378   -8.1148
eta,q 0.97824  8.40291
  0.0222  0.0220  0.0221  0.0222  0.0221  0.0226  0.0220  0.0224  0.0220  0.0221  0.0219  0.0219
  0.0219  0.0219  0.0219  0.0220  0.0219  0.0222  0.0219  0.0220  0.0219  0.0219  0.0218  0.0218
  0.0218  0.0218  0.0218  0.0218  0.0218  0.0219  0.0218  0.0218  0.0218  0.0218  0.0218  0.0218
  0.0218  0.0218  0.0218  0.0218  0.0218  0.0218  0.0218  0.0218  0.0218  0.0218  0.0218  0.0218
  0.0218  0.0218  0.0218  0.0218  0.0218  0.0218  0.0218  0.0218  0.0218  0.0218  0.0218  0.0218
  0.0220  0.0219  0.0219  0.0219  0.0219  0.0220  0.0219  0.0220  0.0219  0.0219  0.0218  0.0218
  0.0222  0.0221  0.0220  0.0222  0.0221  0.0225  0.0220  0.0224  0.0220  0.0222  0.0219  0.0219
registration optimization eta report
parameter search radius
    0.8000    0.8000    0.8000    2.4000    2.4000    2.4000
    2.4000    2.4000    2.4000    2.4000    2.4000    2.4000
100000*second partial in parameter space
       63.       45.       38.        7.        6.       13.
        5.       11.        4.        6.        3.        3.
  0.0222  0.0220  0.0221  0.0222  0.0221  0.0226  0.0220  0.0224  0.0220  0.0221  0.0219  0.0219
  0.0219  0.0219  0.0219  0.0220  0.0219  0.0222  0.0219  0.0220  0.0219  0.0219  0.0218  0.0218
  0.0218  0.0218  0.0218  0.0218  0.0218  0.0219  0.0218  0.0218  0.0218  0.0218  0.0218  0.0218
  0.0218  0.0218  0.0218  0.0218  0.0218  0.0218  0.0218  0.0218  0.0218  0.0218  0.0218  0.0218
  0.0218  0.0218  0.0218  0.0218  0.0218  0.0218  0.0218  0.0218  0.0218  0.0218  0.0218  0.0218
  0.0220  0.0219  0.0219  0.0219  0.0219  0.0220  0.0219  0.0220  0.0219  0.0219  0.0218  0.0218
  0.0222  0.0221  0.0220  0.0222  0.0221  0.0225  0.0220  0.0224  0.0220  0.0222  0.0219  0.0219
    3.0854    5.8562    2.5009  -13.0906  -12.1625   -7.5786
  -10.6081   -0.1490   12.0494    5.3976    0.9378   -8.1148
eta,q 0.97824  8.40291

---------------------------------------------------------------------
imgreg_4dfp /opt/freesurfer/average/711-2C_as_mni_average_305 /opt/freesurfer/average/711-2B_as_mni_average_305_mask talsrcimg_g11 none talsrcimg_to_711-2C_as_mni_average_305_t4 2311
---------------------------------------------------------------------

freesurfer imgreg_4dfp.c
/opt/freesurfer/average/711-2C_as_mni_average_305.4dfp.img
       256       256       256         1
  1.000000  1.000000  1.000000
orientation T byte_order littleendian
Reading image: /opt/freesurfer/average/711-2C_as_mni_average_305.4dfp.img
dimensions:      256       256       256
mmppix:       1.0000   -1.0000   -1.0000
center:     128.0000 -129.0000 -129.0000
/opt/freesurfer/average/711-2B_as_mni_average_305_mask.4dfp.img
       256       256       256         1
  1.000000  1.000000  1.000000
orientation T byte_order littleendian
Reading mask: /opt/freesurfer/average/711-2B_as_mni_average_305_mask.4dfp.img (2306576 pixels)
talsrcimg_g11.4dfp.img
       256       256       256         1
  1.000000  1.000000  1.000000
orientation T byte_order littleendian
Reading image: talsrcimg_g11.4dfp.img
dimensions:      256       256       256
mmppix:       1.0000   -1.0000   -1.0000
center:     128.0000 -129.0000 -129.0000
fimgreg.f
image alignment mode   2311 decimal      907 hex
parameters
    3.0854    5.8562    2.5009  -13.0906  -12.1625   -7.5786
  -10.6081   -0.1490   12.0494    5.3976    0.9378   -8.1148
eta,q 0.97824  8.40291
niter,ni,del,rscale     5    3    5.0000    0.8000
parameters
    3.0888    5.8480    2.5539  -13.6038  -12.2637   -7.8801
  -10.5605   -0.2374   12.1500    5.4050    0.7959   -7.7363
eta,q 0.97818  8.37159
  0.0234  0.0229  0.0228  0.0229  0.0230  0.0239  0.0229  0.0240  0.0226  0.0232  0.0224  0.0225
  0.0225  0.0223  0.0222  0.0224  0.0224  0.0230  0.0223  0.0228  0.0222  0.0225  0.0221  0.0221
  0.0219  0.0219  0.0219  0.0219  0.0220  0.0222  0.0219  0.0220  0.0219  0.0220  0.0219  0.0219
  0.0218  0.0218  0.0218  0.0218  0.0218  0.0218  0.0218  0.0218  0.0218  0.0218  0.0218  0.0218
  0.0219  0.0219  0.0219  0.0219  0.0219  0.0220  0.0219  0.0221  0.0219  0.0219  0.0219  0.0219
  0.0225  0.0223  0.0222  0.0226  0.0224  0.0231  0.0223  0.0229  0.0222  0.0224  0.0221  0.0220
  0.0234  0.0229  0.0227  0.0237  0.0231  0.0249  0.0229  0.0241  0.0226  0.0232  0.0225  0.0223
niter,ni,del,rscale     4    3    5.0000    0.7000
parameters
    3.0973    5.8419    2.4983  -13.4299  -12.2234   -7.8860
  -10.5643   -0.1758   12.1634    5.3696    0.7916   -7.7753
eta,q 0.97819  8.37916
  0.0230  0.0227  0.0225  0.0229  0.0228  0.0237  0.0227  0.0236  0.0224  0.0228  0.0223  0.0222
  0.0224  0.0222  0.0221  0.0224  0.0223  0.0229  0.0222  0.0226  0.0221  0.0223  0.0220  0.0220
  0.0220  0.0219  0.0219  0.0220  0.0219  0.0222  0.0219  0.0220  0.0219  0.0219  0.0219  0.0218
  0.0218  0.0218  0.0218  0.0218  0.0218  0.0218  0.0218  0.0218  0.0218  0.0218  0.0218  0.0218
  0.0219  0.0219  0.0219  0.0218  0.0219  0.0219  0.0219  0.0220  0.0219  0.0219  0.0219  0.0219
  0.0224  0.0222  0.0222  0.0221  0.0222  0.0226  0.0222  0.0226  0.0221  0.0223  0.0220  0.0220
  0.0230  0.0227  0.0226  0.0228  0.0228  0.0239  0.0227  0.0235  0.0224  0.0229  0.0223  0.0223
niter,ni,del,rscale     3    3    5.0000    0.6000
parameters
    3.0998    5.8342    2.4899  -13.2751  -12.1652   -7.7783
  -10.5983   -0.1410   12.1374    5.3385    0.8307   -7.8705
eta,q 0.97822  8.39023
  0.0227  0.0225  0.0223  0.0226  0.0225  0.0233  0.0224  0.0231  0.0222  0.0226  0.0222  0.0221
  0.0222  0.0221  0.0220  0.0223  0.0222  0.0227  0.0221  0.0224  0.0220  0.0221  0.0220  0.0219
  0.0219  0.0219  0.0219  0.0220  0.0219  0.0221  0.0218  0.0219  0.0218  0.0219  0.0218  0.0218
  0.0218  0.0218  0.0218  0.0218  0.0218  0.0218  0.0218  0.0218  0.0218  0.0218  0.0218  0.0218
  0.0219  0.0219  0.0219  0.0218  0.0219  0.0219  0.0219  0.0219  0.0218  0.0219  0.0218  0.0218
  0.0222  0.0221  0.0221  0.0221  0.0221  0.0224  0.0221  0.0224  0.0220  0.0221  0.0219  0.0220
  0.0227  0.0225  0.0223  0.0226  0.0225  0.0233  0.0224  0.0231  0.0222  0.0226  0.0222  0.0221
niter,ni,del,rscale     2    3    5.0000    0.5000
parameters
    3.0990    5.8180    2.5083  -13.1753  -12.1245   -7.6578
  -10.6194   -0.1233   12.0910    5.3025    0.8710   -7.9438
eta,q 0.97824  8.39876
  0.0224  0.0222  0.0222  0.0224  0.0223  0.0229  0.0222  0.0227  0.0221  0.0223  0.0220  0.0220
  0.0221  0.0220  0.0220  0.0221  0.0220  0.0224  0.0220  0.0222  0.0219  0.0220  0.0219  0.0219
  0.0219  0.0218  0.0218  0.0219  0.0219  0.0220  0.0218  0.0219  0.0218  0.0218  0.0218  0.0218
  0.0218  0.0218  0.0218  0.0218  0.0218  0.0218  0.0218  0.0218  0.0218  0.0218  0.0218  0.0218
  0.0218  0.0218  0.0218  0.0218  0.0218  0.0218  0.0218  0.0219  0.0218  0.0218  0.0218  0.0218
  0.0221  0.0220  0.0219  0.0220  0.0220  0.0222  0.0220  0.0222  0.0219  0.0220  0.0219  0.0219
  0.0224  0.0223  0.0221  0.0224  0.0223  0.0229  0.0222  0.0227  0.0221  0.0224  0.0220  0.0220
niter,ni,del,rscale     1    3    5.0000    0.4000
parameters
    3.0978    5.8029    2.5369  -13.1020  -12.0924   -7.5380
  -10.6194   -0.1133   12.0587    5.2656    0.8849   -8.0269
eta,q 0.97824  8.40590
  0.0222  0.0221  0.0220  0.0222  0.0221  0.0226  0.0221  0.0224  0.0220  0.0221  0.0219  0.0219
  0.0220  0.0219  0.0219  0.0220  0.0219  0.0222  0.0219  0.0220  0.0218  0.0219  0.0218  0.0218
  0.0218  0.0218  0.0218  0.0218  0.0218  0.0219  0.0218  0.0218  0.0218  0.0218  0.0218  0.0218
  0.0218  0.0218  0.0218  0.0218  0.0218  0.0218  0.0218  0.0218  0.0218  0.0218  0.0218  0.0218
  0.0218  0.0218  0.0218  0.0218  0.0218  0.0218  0.0218  0.0218  0.0218  0.0218  0.0218  0.0218
  0.0220  0.0219  0.0219  0.0219  0.0219  0.0220  0.0219  0.0220  0.0219  0.0219  0.0218  0.0218
  0.0222  0.0221  0.0220  0.0221  0.0221  0.0225  0.0221  0.0224  0.0220  0.0221  0.0219  0.0219
registration optimization eta report
parameter search radius
    0.8000    0.8000    0.8000    2.4000    2.4000    2.4000
    2.4000    2.4000    2.4000    2.4000    2.4000    2.4000
100000*second partial in parameter space
       64.       46.       39.        7.        6.       13.
        5.       11.        4.        6.        3.        3.
  0.0222  0.0221  0.0220  0.0222  0.0221  0.0226  0.0221  0.0224  0.0220  0.0221  0.0219  0.0219
  0.0220  0.0219  0.0219  0.0220  0.0219  0.0222  0.0219  0.0220  0.0218  0.0219  0.0218  0.0218
  0.0218  0.0218  0.0218  0.0218  0.0218  0.0219  0.0218  0.0218  0.0218  0.0218  0.0218  0.0218
  0.0218  0.0218  0.0218  0.0218  0.0218  0.0218  0.0218  0.0218  0.0218  0.0218  0.0218  0.0218
  0.0218  0.0218  0.0218  0.0218  0.0218  0.0218  0.0218  0.0218  0.0218  0.0218  0.0218  0.0218
  0.0220  0.0219  0.0219  0.0219  0.0219  0.0220  0.0219  0.0220  0.0219  0.0219  0.0218  0.0218
  0.0222  0.0221  0.0220  0.0221  0.0221  0.0225  0.0221  0.0224  0.0220  0.0221  0.0219  0.0219
    3.0978    5.8029    2.5369  -13.1020  -12.0924   -7.5380
  -10.6194   -0.1133   12.0587    5.2656    0.8849   -8.0269
eta,q 0.97824  8.40590

---------------------------------------------------------------------
compute_vox2vox talsrcimg talsrcimg_to_711-2C_as_mni_average_305_t4 /opt/freesurfer/average/711-2C_as_mni_average_305
---------------------------------------------------------------------

freesurfer compute_vox2vox.c
Reading: talsrcimg.4dfp.ifh
Reading: talsrcimg_to_711-2C_as_mni_average_305_t4
Reading: /opt/freesurfer/average/711-2C_as_mni_average_305.4dfp.ifh
Writing: talsrcimg_to_711-2C_as_mni_average_305_t4_vox2vox.txt

start time Fri Mar 13 03:32:16 CET 2026
end		time Fri Mar 13 03:33:51 CET 2026

mpr2mni305 success

avi2talxfm orig_nu.mgz /opt/freesurfer/average/mni305.cor.mgz talsrcimg_to_711-2C_as_mni_average_305_t4_vox2vox.txt transforms/talairach.auto.xfm
avi2talxfm done
mv -f /out/sourcedata/freesurfer/sub-v2s3x28846_ses-1/mri/talsrcimg_to_711-2C_as_mni_average_305_t4_vox2vox.txt /out/sourcedata/freesurfer/sub-v2s3x28846_ses-1/mri/transforms/talsrcimg_to_711-2C_as_mni_average_305_t4_vox2vox.txt
lta_convert --src orig_nu.mgz --trg /opt/freesurfer/average/mni305.cor.mgz --inxfm transforms/talairach.auto.xfm --outlta transforms/talairach.auto.xfm.lta --subject fsaverage
7.3.2

--src: orig_nu.mgz src image (geometry).
--trg: /opt/freesurfer/average/mni305.cor.mgz trg image (geometry).
--inmni: transforms/talairach.auto.xfm input MNI/XFM transform.
--outlta: transforms/talairach.auto.xfm.lta output LTA.
--s: fsaverage subject name
 LTA read, type : 1
 1.13195  -0.00637   0.13616   7.89926;
-0.02419   1.07607   0.09533  -48.34010;
-0.15382  -0.06358   1.11317   2.27572;
 0.00000   0.00000   0.00000   1.00000;
setting subject to fsaverage
Writing  LTA to file transforms/talairach.auto.xfm.lta...
lta_convert successful.
 
 
Started at Fri Mar 13 03:32:15 CET 2026
Ended   at Fri Mar 13 03:33:52 CET 2026
talairach_avi done
