status file for recon-all
Fri Mar 13 01:06:36 CET 2026
#@# Tessellate lh Fri Mar 13 01:06:36 CET 2026
#@# Smooth1 lh Fri Mar 13 01:06:39 CET 2026
#@# Inflation1 lh Fri Mar 13 01:06:41 CET 2026
#@# QSphere lh Fri Mar 13 01:06:54 CET 2026
#@# Fix Topology lh Fri Mar 13 01:07:56 CET 2026
#@# Smooth2 lh Fri Mar 13 01:13:10 CET 2026
#@# Inflation2 lh Fri Mar 13 01:13:13 CET 2026
#@# Curv .H and .K lh Fri Mar 13 01:13:27 CET 2026
#@# Sphere lh Fri Mar 13 01:14:10 CET 2026
#@# Surf Reg lh Fri Mar 13 01:15:58 CET 2026
#@# Jacobian white lh Fri Mar 13 01:19:32 CET 2026
#@# AvgCurv lh Fri Mar 13 01:19:32 CET 2026
#@# Cortical Parc lh Fri Mar 13 01:19:33 CET 2026
#@# white curv lh Fri Mar 13 01:25:26 CET 2026
#@# white area lh Fri Mar 13 01:25:27 CET 2026
#@# pial curv lh Fri Mar 13 01:25:28 CET 2026
#@# pial area lh Fri Mar 13 01:25:30 CET 2026
#@# thickness lh Fri Mar 13 01:25:30 CET 2026
#@# area and vertex vol lh Fri Mar 13 01:25:58 CET 2026
#@# Curvature Stats lh Fri Mar 13 01:25:59 CET 2026
#@# Cortical Parc 2 lh Fri Mar 13 01:26:02 CET 2026
#@# Cortical Parc 3 lh Fri Mar 13 01:26:14 CET 2026
#@# WM/GM Contrast lh Fri Mar 13 01:26:23 CET 2026
recon-all -s sub-v2s3x28760_ses-1 finished without error at Fri Mar 13 01:26:25 CET 2026



#New# invocation of recon-all 



status file for recon-all
Fri Mar 13 01:51:29 CET 2026
#@# white curv lh Fri Mar 13 01:51:30 CET 2026
#@# white area lh Fri Mar 13 01:51:30 CET 2026
#@# pial curv lh Fri Mar 13 01:51:30 CET 2026
#@# pial area lh Fri Mar 13 01:51:30 CET 2026
#@# thickness lh Fri Mar 13 01:51:30 CET 2026
#@# area and vertex vol lh Fri Mar 13 01:51:30 CET 2026
#@# Parcellation Stats lh Fri Mar 13 01:51:30 CET 2026
#@# Parcellation Stats 2 lh Fri Mar 13 01:51:48 CET 2026
#@# Parcellation Stats 3 lh Fri Mar 13 01:51:58 CET 2026
#@# BA_exvivo Labels lh Fri Mar 13 01:52:07 CET 2026
recon-all -s sub-v2s3x28760_ses-1 finished without error at Fri Mar 13 01:54:26 CET 2026
