status file for recon-all
Fri Mar 13 01:26:28 CET 2026
#@# Tessellate rh Fri Mar 13 01:26:28 CET 2026
#@# Smooth1 rh Fri Mar 13 01:26:31 CET 2026
#@# Inflation1 rh Fri Mar 13 01:26:33 CET 2026
#@# QSphere rh Fri Mar 13 01:26:46 CET 2026
#@# Fix Topology rh Fri Mar 13 01:27:39 CET 2026
#@# Smooth2 rh Fri Mar 13 01:32:36 CET 2026
#@# Inflation2 rh Fri Mar 13 01:32:39 CET 2026
#@# Curv .H and .K rh Fri Mar 13 01:32:52 CET 2026
#@# Sphere rh Fri Mar 13 01:33:37 CET 2026
#@# Surf Reg rh Fri Mar 13 01:35:20 CET 2026
#@# Jacobian white rh Fri Mar 13 01:39:14 CET 2026
#@# AvgCurv rh Fri Mar 13 01:39:15 CET 2026
#@# Cortical Parc rh Fri Mar 13 01:39:15 CET 2026
#@# white curv rh Fri Mar 13 01:45:16 CET 2026
#@# white area rh Fri Mar 13 01:45:18 CET 2026
#@# pial curv rh Fri Mar 13 01:45:19 CET 2026
#@# pial area rh Fri Mar 13 01:45:20 CET 2026
#@# thickness rh Fri Mar 13 01:45:21 CET 2026
#@# area and vertex vol rh Fri Mar 13 01:45:48 CET 2026
#@# Curvature Stats rh Fri Mar 13 01:45:50 CET 2026
#@# Cortical Parc 2 rh Fri Mar 13 01:45:52 CET 2026
#@# Cortical Parc 3 rh Fri Mar 13 01:46:03 CET 2026
#@# WM/GM Contrast rh Fri Mar 13 01:46:12 CET 2026
recon-all -s sub-v2s3x28760_ses-1 finished without error at Fri Mar 13 01:46:15 CET 2026



#New# invocation of recon-all 



status file for recon-all
Fri Mar 13 01:54:28 CET 2026
#@# white curv rh Fri Mar 13 01:54:28 CET 2026
#@# white area rh Fri Mar 13 01:54:28 CET 2026
#@# pial curv rh Fri Mar 13 01:54:28 CET 2026
#@# pial area rh Fri Mar 13 01:54:28 CET 2026
#@# thickness rh Fri Mar 13 01:54:28 CET 2026
#@# area and vertex vol rh Fri Mar 13 01:54:28 CET 2026
#@# Parcellation Stats rh Fri Mar 13 01:54:28 CET 2026
#@# Parcellation Stats 2 rh Fri Mar 13 01:54:47 CET 2026
#@# Parcellation Stats 3 rh Fri Mar 13 01:54:56 CET 2026
#@# BA_exvivo Labels rh Fri Mar 13 01:55:05 CET 2026
recon-all -s sub-v2s3x28760_ses-1 finished without error at Fri Mar 13 01:57:27 CET 2026
