status file for recon-all
Thu Mar 12 23:41:33 CET 2026
#@# MotionCor Thu Mar 12 23:41:34 CET 2026
#@# Talairach Thu Mar 12 23:41:40 CET 2026
#@# Talairach Failure Detection Thu Mar 12 23:44:35 CET 2026
#@# Nu Intensity Correction Thu Mar 12 23:44:35 CET 2026
#@# Intensity Normalization Thu Mar 12 23:47:22 CET 2026
recon-all -s sub-v2s3x28760_ses-1 finished without error at Thu Mar 12 23:48:33 CET 2026



#New# invocation of recon-all 



status file for recon-all
Thu Mar 12 23:55:24 CET 2026
#@# EM Registration Thu Mar 12 23:55:24 CET 2026
recon-all -s sub-v2s3x28760_ses-1 finished without error at Thu Mar 12 23:57:00 CET 2026



#New# invocation of recon-all 



status file for recon-all
Thu Mar 12 23:57:01 CET 2026
#@# CA Normalize Thu Mar 12 23:57:01 CET 2026
#@# CA Reg Thu Mar 12 23:57:57 CET 2026
#@# SubCort Seg Fri Mar 13 00:38:53 CET 2026
#@# CC Seg Fri Mar 13 01:01:57 CET 2026
#@# Merge ASeg Fri Mar 13 01:02:15 CET 2026
#@# Intensity Normalization2 Fri Mar 13 01:02:15 CET 2026
#@# Mask BFS Fri Mar 13 01:04:04 CET 2026
#@# WM Segmentation Fri Mar 13 01:04:05 CET 2026
#@# Fill Fri Mar 13 01:05:45 CET 2026
recon-all -s sub-v2s3x28760_ses-1 finished without error at Fri Mar 13 01:06:32 CET 2026



#New# invocation of recon-all 



status file for recon-all
Fri Mar 13 01:46:19 CET 2026
#@# white curv lh Fri Mar 13 01:46:19 CET 2026
#@# white area lh Fri Mar 13 01:46:19 CET 2026
#@# pial curv lh Fri Mar 13 01:46:19 CET 2026
#@# pial area lh Fri Mar 13 01:46:19 CET 2026
#@# thickness lh Fri Mar 13 01:46:19 CET 2026
#@# area and vertex vol lh Fri Mar 13 01:46:20 CET 2026
#@# white curv rh Fri Mar 13 01:46:20 CET 2026
#@# white area rh Fri Mar 13 01:46:20 CET 2026
#@# pial curv rh Fri Mar 13 01:46:20 CET 2026
#@# pial area rh Fri Mar 13 01:46:20 CET 2026
#@# thickness rh Fri Mar 13 01:46:20 CET 2026
#@# area and vertex vol rh Fri Mar 13 01:46:20 CET 2026
#@# Cortical ribbon mask Fri Mar 13 01:46:20 CET 2026
recon-all -s sub-v2s3x28760_ses-1 finished without error at Fri Mar 13 01:51:24 CET 2026



#New# invocation of recon-all 



status file for recon-all
Fri Mar 13 01:57:31 CET 2026
#@# white curv lh Fri Mar 13 01:57:31 CET 2026
#@# white area lh Fri Mar 13 01:57:31 CET 2026
#@# pial curv lh Fri Mar 13 01:57:31 CET 2026
#@# pial area lh Fri Mar 13 01:57:31 CET 2026
#@# thickness lh Fri Mar 13 01:57:31 CET 2026
#@# area and vertex vol lh Fri Mar 13 01:57:31 CET 2026
#@# white curv rh Fri Mar 13 01:57:31 CET 2026
#@# white area rh Fri Mar 13 01:57:31 CET 2026
#@# pial curv rh Fri Mar 13 01:57:31 CET 2026
#@# pial area rh Fri Mar 13 01:57:31 CET 2026
#@# thickness rh Fri Mar 13 01:57:31 CET 2026
#@# area and vertex vol rh Fri Mar 13 01:57:31 CET 2026
#@# Curvature Stats lh Fri Mar 13 01:57:31 CET 2026
#@# Curvature Stats rh Fri Mar 13 01:57:33 CET 2026
#@# Relabel Hypointensities Fri Mar 13 01:57:35 CET 2026
#@# APas-to-ASeg Fri Mar 13 01:57:47 CET 2026
#@# AParc-to-ASeg aparc Fri Mar 13 01:57:54 CET 2026
#@# AParc-to-ASeg aparc.a2009s Fri Mar 13 01:58:39 CET 2026
#@# AParc-to-ASeg aparc.DKTatlas Fri Mar 13 01:59:22 CET 2026
#@# WMParc Fri Mar 13 02:00:05 CET 2026
#@# ASeg Stats Fri Mar 13 02:02:17 CET 2026
recon-all -s sub-v2s3x28760_ses-1 finished without error at Fri Mar 13 02:02:40 CET 2026
