/out/sourcedata/freesurfer/sub-v2s3x28785_ses-1/mri
/opt/freesurfer/bin/talairach_avi
--i orig_nu.mgz --xfm transforms/talairach.auto.xfm
talairach_avi 7.3.2
Linux dna078 5.14.0-427.37.1.el9_4.x86_64 #1 SMP PREEMPT_DYNAMIC Fri Sep 13 12:41:50 EDT 2024 x86_64 x86_64 x86_64 GNU/Linux
Thu Mar 12 23:49:49 CET 2026
mri_convert orig_nu.mgz talsrcimg.img 
reading from orig_nu.mgz...
TR=0.00, TE=0.00, TI=0.00, flip angle=0.00
i_ras = (-1, 0, 0)
j_ras = (0, 0, -1)
k_ras = (0, 1, 0)
writing to talsrcimg.img...
Analyze Output Matrix
-1.00000   0.00000   0.00000   126.06171;
 0.00000   0.00000   1.00000  -99.22314;
 0.00000  -1.00000   0.00000   168.54738;
 0.00000   0.00000   0.00000   1.00000;
--------------------
INFO: set hdr.hist.orient to -1
mpr2mni305 talsrcimg
Thu Mar 12 23:49:49 CET 2026
/opt/freesurfer/bin/mpr2mni305 talsrcimg
mpr2mni305 7.3.2
target=711-2C_as_mni_average_305

---------------------------------------------------------------------
analyzeto4dfp talsrcimg -O0 -y
---------------------------------------------------------------------

freesurfer ifh2hdr.c
Thu Mar 12 23:49:49 2026
Writing: talsrcimg.4dfp.hdr
freesurfer analyzeto4dfp.c
Reading: talsrcimg.hdr
header size 348 bytes
hdr.dime.datatype	offset=70	value=2
hdr.dime.bitpix		offset=72	value=8
hdr.hist.orient		offset=252	value=-1
dimensionality     4
dimensions       256       256       256         1
Reading: talsrcimg.img
Writing: talsrcimg.4dfp.img
Writing: talsrcimg.4dfp.ifh
ifh2hdr talsrcimg -r0to228
ori=2

---------------------------------------------------------------------
gauss_4dfp talsrcimg 1.1
---------------------------------------------------------------------

freesurfer gauss_4dfp.c
Reading: talsrcimg.4dfp.img
Writing: talsrcimg_g11.4dfp.img
image dimensions 256 256 256 padded to 288 288 288
processing volume 1freesurfer ifh2hdr.c
Thu Mar 12 23:49:50 2026
Writing: talsrcimg_g11.4dfp.hdr

Writing: talsrcimg_g11.4dfp.ifh
including: talsrcimg.4dfp.img.rec in talsrcimg_g11.4dfp.img.rec

---------------------------------------------------------------------
imgreg_4dfp /opt/freesurfer/average/711-2C_as_mni_average_305 none talsrcimg_g11 none talsrcimg_to_711-2C_as_mni_average_305_t4 4355
---------------------------------------------------------------------

freesurfer imgreg_4dfp.c
/opt/freesurfer/average/711-2C_as_mni_average_305.4dfp.img
       256       256       256         1
  1.000000  1.000000  1.000000
orientation T byte_order littleendian
Reading image: /opt/freesurfer/average/711-2C_as_mni_average_305.4dfp.img
dimensions:      256       256       256
mmppix:       1.0000   -1.0000   -1.0000
center:     128.0000 -129.0000 -129.0000
talsrcimg_g11.4dfp.img
       256       256       256         1
  1.000000  1.000000  1.000000
orientation T byte_order littleendian
Reading image: talsrcimg_g11.4dfp.img
dimensions:      256       256       256
mmppix:       1.0000   -1.0000   -1.0000
center:     128.0000 -129.0000 -129.0000
t4_read: open error in t4_sub.f l:  41 t4_file(1:l)talsrcimg_to_711-2C_as_mni_average_305_t4 
t4_read: transform initialized to I4
rotation matrix determinant  1.000000
image alignment mode   4355 decimal     1103 hex
   -7.5000  -45.0000  -45.0000 8712.4346   15.9193
    0.0000  -45.0000  -45.0000 9184.4639   15.9227
    7.5000  -45.0000  -45.0000 8790.0039   15.9300
   -7.5000  -37.5000  -45.0000 9090.0166   15.9416
    0.0000  -37.5000  -45.0000 9590.3057   15.9510
    7.5000  -37.5000  -45.0000 9172.5781   15.9537
   -7.5000  -30.0000  -45.0000 9728.7861   15.9480
    0.0000  -30.0000  -45.000010265.9609   15.9571
    7.5000  -30.0000  -45.0000 9808.5381   15.9594
   -7.5000  -22.5000  -45.000010339.6758   15.9293
    0.0000  -22.5000  -45.000010881.3135   15.9315
    7.5000  -22.5000  -45.000010372.5293   15.9364
   -7.5000  -15.0000  -45.000010963.1104   15.9034
    0.0000  -15.0000  -45.000011533.7451   15.8987
    7.5000  -15.0000  -45.000010990.9141   15.9063
   -7.5000   -7.5000  -45.000011553.2822   15.8997
    0.0000   -7.5000  -45.000012147.2422   15.8959
    7.5000   -7.5000  -45.000011562.9854   15.9056
   -7.5000    0.0000  -45.000011889.9590   15.9193
    0.0000    0.0000  -45.000012502.3691   15.9227
    7.5000    0.0000  -45.000011877.8711   15.9300
   -7.5000    7.5000  -45.000011411.9805   15.9416
    0.0000    7.5000  -45.000012020.3740   15.9510
    7.5000    7.5000  -45.000011373.6309   15.9537
   -7.5000   15.0000  -45.000010599.7197   15.9480
    0.0000   15.0000  -45.000011181.7510   15.9571
    7.5000   15.0000  -45.000010534.8213   15.9594
   -7.5000   22.5000  -45.0000 9606.5107   15.9271
    0.0000   22.5000  -45.000010120.5410   15.9293
    7.5000   22.5000  -45.0000 9550.9033   15.9342
   -7.5000   30.0000  -45.0000 8711.9209   15.6914
    0.0000   30.0000  -45.0000 9161.6602   15.6869
    7.5000   30.0000  -45.0000 8655.7500   15.6944
   -7.5000   37.5000  -45.0000 8218.0166   15.6878
    0.0000   37.5000  -45.0000 8625.7637   15.6840
    7.5000   37.5000  -45.0000 8163.0669   15.6936
   -7.5000   45.0000  -45.0000 7414.8774   15.3089
    0.0000   45.0000  -45.0000 7767.9624   15.3122
    7.5000   45.0000  -45.0000 7340.3564   15.3193
   -7.5000  -45.0000  -37.5000 9304.0811   15.8825
    0.0000  -45.0000  -37.5000 9808.1602   15.8822
    7.5000  -45.0000  -37.5000 9355.9570   15.8857
   -7.5000  -37.5000  -37.5000 9692.1680   15.9028
    0.0000  -37.5000  -37.500010221.5576   15.9094
    7.5000  -37.5000  -37.5000 9744.1387   15.9071
   -7.5000  -30.0000  -37.500010352.2998   15.9135
    0.0000  -30.0000  -37.500010905.3027   15.9209
    7.5000  -30.0000  -37.500010392.1680   15.9165
   -7.5000  -22.5000  -37.500010976.2549   15.9021
    0.0000  -22.5000  -37.500011559.2139   15.9032
    7.5000  -22.5000  -37.500010984.3916   15.9007
   -7.5000  -15.0000  -37.500011619.0674   15.8785
    0.0000  -15.0000  -37.500012216.7207   15.8727
    7.5000  -15.0000  -37.500011597.3311   15.8741
   -7.5000   -7.5000  -37.500012217.3418   15.8696
    0.0000   -7.5000  -37.500012850.6924   15.8631
    7.5000   -7.5000  -37.500012198.3652   15.8686
   -7.5000    0.0000  -37.500012566.2969   15.8825
    0.0000    0.0000  -37.500013232.0400   15.8822
    7.5000    0.0000  -37.500012525.3730   15.8857
   -7.5000    7.5000  -37.500012049.2266   15.9028
    0.0000    7.5000  -37.500012712.9121   15.9094
    7.5000    7.5000  -37.500011986.9043   15.9071
   -7.5000   15.0000  -37.500011189.0781   15.9135
    0.0000   15.0000  -37.500011804.1768   15.9209
    7.5000   15.0000  -37.500011106.2393   15.9165
   -7.5000   22.5000  -37.500010100.8799   15.8999
    0.0000   22.5000  -37.500010633.9756   15.9010
    7.5000   22.5000  -37.500010043.9658   15.8985
   -7.5000   30.0000  -37.5000 9154.4639   15.6669
    0.0000   30.0000  -37.5000 9609.5215   15.6612
    7.5000   30.0000  -37.5000 9087.0088   15.6626
   -7.5000   37.5000  -37.5000 8611.8350   15.6581
    0.0000   37.5000  -37.5000 9041.4590   15.6517
    7.5000   37.5000  -37.5000 8550.5527   15.6571
   -7.5000   45.0000  -37.5000 7749.1812   15.2735
    0.0000   45.0000  -37.5000 8097.6616   15.2732
    7.5000   45.0000  -37.5000 7657.9590   15.2766
   -7.5000  -45.0000  -30.000010018.2080   16.5323
    0.0000  -45.0000  -30.000010555.5391   16.5338
    7.5000  -45.0000  -30.000010043.5166   16.5311
   -7.5000  -37.5000  -30.000010439.2207   16.5510
    0.0000  -37.5000  -30.000010999.3477   16.5591
    7.5000  -37.5000  -30.000010452.4189   16.5499
   -7.5000  -30.0000  -30.000011160.3721   16.5644
    0.0000  -30.0000  -30.000011705.7822   16.5702
    7.5000  -30.0000  -30.000011152.9248   16.5600
   -7.5000  -22.5000  -30.000011834.9619   16.5570
    0.0000  -22.5000  -30.000012419.1709   16.5541
    7.5000  -22.5000  -30.000011799.8984   16.5478
   -7.5000  -15.0000  -30.000012494.6133   16.5353
    0.0000  -15.0000  -30.000013116.4609   16.5261
    7.5000  -15.0000  -30.000012427.1572   16.5252
   -7.5000   -7.5000  -30.000013075.1348   16.5241
    0.0000   -7.5000  -30.000013765.0449   16.5168
    7.5000   -7.5000  -30.000013028.9160   16.5186
   -7.5000    0.0000  -30.000013409.1533   16.5323
    0.0000    0.0000  -30.000014113.0439   16.5338
    7.5000    0.0000  -30.000013347.8887   16.5311
   -7.5000    7.5000  -30.000012808.3682   16.5510
    0.0000    7.5000  -30.000013488.8828   16.5591
    7.5000    7.5000  -30.000012712.6660   16.5499
   -7.5000   15.0000  -30.000011915.9600   16.5644
    0.0000   15.0000  -30.000012525.7803   16.5702
    7.5000   15.0000  -30.000011788.3711   16.5600
   -7.5000   22.5000  -30.000010781.7148   16.5530
    0.0000   22.5000  -30.000011305.8818   16.5502
    7.5000   22.5000  -30.000010681.2061   16.5439
   -7.5000   30.0000  -30.0000 9724.5068   16.3165
    0.0000   30.0000  -30.000010180.2949   16.3074
    7.5000   30.0000  -30.0000 9649.8691   16.3066
   -7.5000   37.5000  -30.0000 9134.8018   16.3054
    0.0000   37.5000  -30.0000 9588.7568   16.2983
    7.5000   37.5000  -30.0000 9043.9219   16.3000
   -7.5000   45.0000  -30.0000 8171.2441   15.9101
    0.0000   45.0000  -30.0000 8551.9492   15.9115
    7.5000   45.0000  -30.0000 8056.0771   15.9089
   -7.5000  -45.0000  -22.500010750.1943   17.0914
    0.0000  -45.0000  -22.500011263.0264   17.0990
    7.5000  -45.0000  -22.500010749.5420   17.0939
   -7.5000  -37.5000  -22.500011189.1885   17.1091
    0.0000  -37.5000  -22.500011733.5303   17.1223
    7.5000  -37.5000  -22.500011170.6533   17.1116
   -7.5000  -30.0000  -22.500011943.3496   17.1204
    0.0000  -30.0000  -22.500012482.6328   17.1270
    7.5000  -30.0000  -22.500011898.5820   17.1183
   -7.5000  -22.5000  -22.500012641.2197   17.1109
    0.0000  -22.5000  -22.500013241.9082   17.1054
    7.5000  -22.5000  -22.500012580.2236   17.1032
   -7.5000  -15.0000  -22.500013341.9639   17.0902
    0.0000  -15.0000  -22.500014002.7852   17.0788
    7.5000  -15.0000  -22.500013243.4395   17.0818
   -7.5000   -7.5000  -22.500013942.7363   17.0820
    0.0000   -7.5000  -22.500014646.2822   17.0773
    7.5000   -7.5000  -22.500013848.4014   17.0792
   -7.5000    0.0000  -22.500014259.7881   17.0914
    0.0000    0.0000  -22.500015019.5967   17.0990
    7.5000    0.0000  -22.500014160.3760   17.0939
   -7.5000    7.5000  -22.500013562.0703   17.1091
    0.0000    7.5000  -22.500014255.3291   17.1223
    7.5000    7.5000  -22.500013407.2656   17.1116
   -7.5000   15.0000  -22.500012636.1230   17.1204
    0.0000   15.0000  -22.500013218.8916   17.1270
    7.5000   15.0000  -22.500012454.1855   17.1183
   -7.5000   22.5000  -22.500011437.9824   17.1056
    0.0000   22.5000  -22.500011961.2061   17.1001
    7.5000   22.5000  -22.500011294.7432   17.0980
   -7.5000   30.0000  -22.500010290.2520   16.8667
    0.0000   30.0000  -22.500010757.1699   16.8554
    7.5000   30.0000  -22.500010149.9609   16.8584
   -7.5000   37.5000  -22.5000 9629.2031   16.8585
    0.0000   37.5000  -22.500010078.5840   16.8539
    7.5000   37.5000  -22.5000 9475.4531   16.8558
   -7.5000   45.0000  -22.5000 8590.7559   16.4605
    0.0000   45.0000  -22.5000 8989.7090   16.4679
    7.5000   45.0000  -22.5000 8450.8389   16.4630
   -7.5000  -45.0000  -15.000011436.8916   17.5111
    0.0000  -45.0000  -15.000011958.5195   17.5244
    7.5000  -45.0000  -15.000011436.0537   17.5215
   -7.5000  -37.5000  -15.000011895.2451   17.5306
    0.0000  -37.5000  -15.000012439.3271   17.5479
    7.5000  -37.5000  -15.000011870.1162   17.5413
   -7.5000  -30.0000  -15.000012671.8799   17.5374
    0.0000  -30.0000  -15.000013222.4082   17.5455
    7.5000  -30.0000  -15.000012630.9922   17.5432
   -7.5000  -22.5000  -15.000013400.2832   17.5210
    0.0000  -22.5000  -15.000013986.9346   17.5156
    7.5000  -22.5000  -15.000013324.5088   17.5202
   -7.5000  -15.0000  -15.000014111.9170   17.4986
    0.0000  -15.0000  -15.000014795.5654   17.4876
    7.5000  -15.0000  -15.000014003.1064   17.4955
   -7.5000   -7.5000  -15.000014794.6152   17.4956
    0.0000   -7.5000  -15.000015566.2959   17.4941
    7.5000   -7.5000  -15.000014662.5215   17.4989
   -7.5000    0.0000  -15.000015119.7402   17.5111
    0.0000    0.0000  -15.000015943.6289   17.5244
    7.5000    0.0000  -15.000014979.1875   17.5215
   -7.5000    7.5000  -15.000014318.8281   17.5306
    0.0000    7.5000  -15.000015027.6074   17.5479
    7.5000    7.5000  -15.000014115.2812   17.5413
   -7.5000   15.0000  -15.000013302.3936   17.5374
    0.0000   15.0000  -15.000013901.2021   17.5455
    7.5000   15.0000  -15.000013085.2207   17.5432
   -7.5000   22.5000  -15.000012049.5986   17.5148
    0.0000   22.5000  -15.000012603.4053   17.5094
    7.5000   22.5000  -15.000011878.7080   17.5140
   -7.5000   30.0000  -15.000010844.3037   17.2721
    0.0000   30.0000  -15.000011346.9697   17.2613
    7.5000   30.0000  -15.000010660.0586   17.2691
   -7.5000   37.5000  -15.000010100.7627   17.2691
    0.0000   37.5000  -15.000010572.2646   17.2677
    7.5000   37.5000  -15.0000 9928.3643   17.2724
   -7.5000   45.0000  -15.0000 8991.9307   16.8750
    0.0000   45.0000  -15.0000 9393.5234   16.8878
    7.5000   45.0000  -15.0000 8830.7422   16.8851
   -7.5000  -45.0000   -7.500012137.8232   17.7348
    0.0000  -45.0000   -7.500012687.2178   17.7461
    7.5000  -45.0000   -7.500012125.4629   17.7498
   -7.5000  -37.5000   -7.500012628.1836   17.7589
    0.0000  -37.5000   -7.500013187.4932   17.7746
    7.5000  -37.5000   -7.500012593.5996   17.7746
   -7.5000  -30.0000   -7.500013467.1611   17.7644
    0.0000  -30.0000   -7.500014031.2119   17.7739
    7.5000  -30.0000   -7.500013415.6836   17.7768
   -7.5000  -22.5000   -7.500014211.7871   17.7417
    0.0000  -22.5000   -7.500014846.1104   17.7402
    7.5000  -22.5000   -7.500014103.3477   17.7482
   -7.5000  -15.0000   -7.500014963.4814   17.7139
    0.0000  -15.0000   -7.500015660.4355   17.7063
    7.5000  -15.0000   -7.500014788.0088   17.7168
   -7.5000   -7.5000   -7.500015677.3779   17.7125
    0.0000   -7.5000   -7.500016467.9531   17.7115
    7.5000   -7.5000   -7.500015479.4150   17.7206
   -7.5000    0.0000   -7.500016008.6738   17.7348
    0.0000    0.0000   -7.500016839.8320   17.7461
    7.5000    0.0000   -7.500015812.2354   17.7498
   -7.5000    7.5000   -7.500015080.1826   17.7589
    0.0000    7.5000   -7.500015832.1709   17.7746
    7.5000    7.5000   -7.500014870.6074   17.7746
   -7.5000   15.0000   -7.500013995.4482   17.7644
    0.0000   15.0000   -7.500014653.6514   17.7739
    7.5000   15.0000   -7.500013763.6455   17.7768
   -7.5000   22.5000   -7.500012654.8330   17.7335
    0.0000   22.5000   -7.500013270.4697   17.7320
    7.5000   22.5000   -7.500012483.4639   17.7400
   -7.5000   30.0000   -7.500011421.9648   17.4842
    0.0000   30.0000   -7.500011950.9912   17.4767
    7.5000   30.0000   -7.500011216.5947   17.4870
   -7.5000   37.5000   -7.500010609.1787   17.4828
    0.0000   37.5000   -7.500011100.7158   17.4818
    7.5000   37.5000   -7.500010424.4980   17.4907
   -7.5000   45.0000   -7.5000 9393.2070   17.0937
    0.0000   45.0000   -7.5000 9826.6982   17.1047
    7.5000   45.0000   -7.5000 9237.1709   17.1082
   -7.5000  -45.0000    0.000012755.9854   17.7813
    0.0000  -45.0000    0.000013321.1670   17.7853
    7.5000  -45.0000    0.000012723.6660   17.7933
   -7.5000  -37.5000    0.000013294.8467   17.8068
    0.0000  -37.5000    0.000013845.2480   17.8175
    7.5000  -37.5000    0.000013240.1592   17.8203
   -7.5000  -30.0000    0.000014279.4951   17.8146
    0.0000  -30.0000    0.000014907.3242   17.8249
    7.5000  -30.0000    0.000014173.7090   17.8273
   -7.5000  -22.5000    0.000015104.0361   17.7938
    0.0000  -22.5000    0.000015779.7402   17.7964
    7.5000  -22.5000    0.000014891.4746   17.8015
   -7.5000  -15.0000    0.000015809.9404   17.7644
    0.0000  -15.0000    0.000016520.5469   17.7593
    7.5000  -15.0000    0.000015587.0498   17.7674
   -7.5000   -7.5000    0.000016538.6914   17.7595
    0.0000   -7.5000    0.000017331.5605   17.7555
    7.5000   -7.5000    0.000016328.7949   17.7660
   -7.5000    0.0000    0.000016839.5234   17.7813
    0.0000    0.0000    0.000017665.9258   17.7853
    7.5000    0.0000    0.000016632.1348   17.7933
   -7.5000    7.5000    0.000015788.0391   17.8068
    0.0000    7.5000    0.000016546.3555   17.8175
    7.5000    7.5000    0.000015570.9443   17.8203
   -7.5000   15.0000    0.000014614.3994   17.8146
    0.0000   15.0000    0.000015294.7627   17.8249
    7.5000   15.0000    0.000014364.0361   17.8273
   -7.5000   22.5000    0.000013232.0078   17.7856
    0.0000   22.5000    0.000013886.3320   17.7882
    7.5000   22.5000    0.000013033.6816   17.7933
   -7.5000   30.0000    0.000011938.8721   17.5344
    0.0000   30.0000    0.000012545.3174   17.5295
    7.5000   30.0000    0.000011739.1006   17.5374
   -7.5000   37.5000    0.000011080.8203   17.5297
    0.0000   37.5000    0.000011647.6816   17.5257
    7.5000   37.5000    0.000010903.2207   17.5361
   -7.5000   45.0000    0.0000 9767.0449   17.1398
    0.0000   45.0000    0.000010274.0605   17.1437
    7.5000   45.0000    0.0000 9606.3945   17.1514
   -7.5000  -45.0000    7.500012389.0615   17.7729
    0.0000  -45.0000    7.500012933.2979   17.7726
    7.5000  -45.0000    7.500012355.8281   17.7765
   -7.5000  -37.5000    7.500012946.2383   17.7956
    0.0000  -37.5000    7.500013517.4424   17.8030
    7.5000  -37.5000    7.500012873.0791   17.8004
   -7.5000  -30.0000    7.500014001.0410   17.8076
    0.0000  -30.0000    7.500014675.4961   17.8159
    7.5000  -30.0000    7.500013873.1318   17.8110
   -7.5000  -22.5000    7.500014791.9424   17.7948
    0.0000  -22.5000    7.500015405.4395   17.7961
    7.5000  -22.5000    7.500014645.9795   17.7933
   -7.5000  -15.0000    7.500015441.9424   17.7684
    0.0000  -15.0000    7.500016021.6387   17.7619
    7.5000  -15.0000    7.500015312.6221   17.7635
   -7.5000   -7.5000    7.500016141.8828   17.7585
    0.0000   -7.5000    7.500016801.5762   17.7512
    7.5000   -7.5000    7.500015996.4551   17.7573
   -7.5000    0.0000    7.500016401.1289   17.7729
    0.0000    0.0000    7.500017153.0664   17.7726
    7.5000    0.0000    7.500016246.9092   17.7765
   -7.5000    7.5000    7.500015297.2451   17.7956
    0.0000    7.5000    7.500016037.9697   17.8030
    7.5000    7.5000    7.500015113.5996   17.8004
   -7.5000   15.0000    7.500014099.0566   17.8076
    0.0000   15.0000    7.500014810.0508   17.8159
    7.5000   15.0000    7.500013913.9170   17.8110
   -7.5000   22.5000    7.500012785.9326   17.7866
    0.0000   22.5000    7.500013455.0449   17.7879
    7.5000   22.5000    7.500012591.9619   17.7851
   -7.5000   30.0000    7.500011538.3887   17.5384
    0.0000   30.0000    7.500012159.5801   17.5321
    7.5000   30.0000    7.500011359.1104   17.5336
   -7.5000   37.5000    7.500010750.2295   17.5286
    0.0000   37.5000    7.500011316.2168   17.5215
    7.5000   37.5000    7.500010568.1826   17.5275
   -7.5000   45.0000    7.5000 9459.5918   17.1317
    0.0000   45.0000    7.5000 9943.6445   17.1314
    7.5000   45.0000    7.5000 9303.1270   17.1351
   -7.5000  -45.0000   15.000011931.9697   17.7530
    0.0000  -45.0000   15.000012419.4043   17.7546
    7.5000  -45.0000   15.000011904.1924   17.7517
   -7.5000  -37.5000   15.000012401.1934   17.7731
    0.0000  -37.5000   15.000012900.4326   17.7818
    7.5000  -37.5000   15.000012379.9316   17.7719
   -7.5000  -30.0000   15.000013326.8447   17.7874
    0.0000  -30.0000   15.000014023.8096   17.7937
    7.5000  -30.0000   15.000013307.3164   17.7827
   -7.5000  -22.5000   15.000014133.8945   17.7795
    0.0000  -22.5000   15.000014898.3896   17.7764
    7.5000  -22.5000   15.000014141.2012   17.7697
   -7.5000  -15.0000   15.000014892.4189   17.7562
    0.0000  -15.0000   15.000015654.7119   17.7463
    7.5000  -15.0000   15.000014889.5088   17.7454
   -7.5000   -7.5000   15.000015626.5811   17.7441
    0.0000   -7.5000   15.000016467.5078   17.7364
    7.5000   -7.5000   15.000015535.8418   17.7382
   -7.5000    0.0000   15.000015837.6367   17.7530
    0.0000    0.0000   15.000016703.6289   17.7546
    7.5000    0.0000   15.000015705.5605   17.7517
   -7.5000    7.5000   15.000014695.2881   17.7731
    0.0000    7.5000   15.000015447.9883   17.7818
    7.5000    7.5000   15.000014532.6523   17.7719
   -7.5000   15.0000   15.000013492.2314   17.7874
    0.0000   15.0000   15.000014145.2266   17.7937
    7.5000   15.0000   15.000013329.9365   17.7827
   -7.5000   22.5000   15.000012255.8242   17.7713
    0.0000   22.5000   15.000012841.3408   17.7682
    7.5000   22.5000   15.000012093.5518   17.7615
   -7.5000   30.0000   15.000011059.2285   17.5264
    0.0000   30.0000   15.000011614.2471   17.5166
    7.5000   30.0000   15.000010914.6152   17.5157
   -7.5000   37.5000   15.000010266.2695   17.5145
    0.0000   37.5000   15.000010792.5254   17.5068
    7.5000   37.5000   15.000010141.5977   17.5087
   -7.5000   45.0000   15.0000 9023.1377   17.1125
    0.0000   45.0000   15.0000 9477.5898   17.1140
    7.5000   45.0000   15.0000 8880.5830   17.1113
   -7.5000  -45.0000   22.500011301.1807   17.7457
    0.0000  -45.0000   22.500011858.9180   17.7536
    7.5000  -45.0000   22.500011322.9941   17.7482
   -7.5000  -37.5000   22.500011771.3320   17.7642
    0.0000  -37.5000   22.500012397.7051   17.7778
    7.5000  -37.5000   22.500011781.1641   17.7667
   -7.5000  -30.0000   22.500012671.4033   17.7759
    0.0000  -30.0000   22.500013426.6777   17.7827
    7.5000  -30.0000   22.500012660.8184   17.7736
   -7.5000  -22.5000   22.500013432.4355   17.7660
    0.0000  -22.5000   22.500014255.3750   17.7602
    7.5000  -22.5000   22.500013432.2744   17.7580
   -7.5000  -15.0000   22.500014162.4775   17.7446
    0.0000  -15.0000   22.500015006.3115   17.7326
    7.5000  -15.0000   22.500014153.4199   17.7357
   -7.5000   -7.5000   22.500014845.0059   17.7360
    0.0000   -7.5000   22.500015683.3428   17.7310
    7.5000   -7.5000   22.500014772.5518   17.7329
   -7.5000    0.0000   22.500015049.2256   17.7457
    0.0000    0.0000   22.500015834.5010   17.7536
    7.5000    0.0000   22.500014951.7217   17.7482
   -7.5000    7.5000   22.500013926.2500   17.7642
    0.0000    7.5000   22.500014589.6123   17.7778
    7.5000    7.5000   22.500013824.4727   17.7667
   -7.5000   15.0000   22.500012767.7188   17.7759
    0.0000   15.0000   22.500013335.0459   17.7827
    7.5000   15.0000   22.500012634.0195   17.7736
   -7.5000   22.5000   22.500011615.6465   17.7578
    0.0000   22.5000   22.500012135.2070   17.7521
    7.5000   22.5000   22.500011467.8008   17.7498
   -7.5000   30.0000   22.500010469.6104   17.5149
    0.0000   30.0000   22.500010944.6650   17.5032
    7.5000   30.0000   22.500010340.2119   17.5062
   -7.5000   37.5000   22.5000 9707.0986   17.5064
    0.0000   37.5000   22.500010162.9629   17.5015
    7.5000   37.5000   22.5000 9610.7939   17.5034
   -7.5000   45.0000   22.5000 8545.3477   17.1055
    0.0000   45.0000   22.5000 8943.3076   17.1132
    7.5000   45.0000   22.5000 8452.8633   17.1080
   -7.5000  -45.0000   30.000010641.8916   17.7807
    0.0000  -45.0000   30.000011206.9150   17.7938
    7.5000  -45.0000   30.000010650.0322   17.7908
   -7.5000  -37.5000   30.000011107.2666   17.8005
    0.0000  -37.5000   30.000011679.7070   17.8177
    7.5000  -37.5000   30.000011120.0811   17.8109
   -7.5000  -30.0000   30.000011938.7822   17.8074
    0.0000  -30.0000   30.000012511.9229   17.8153
    7.5000  -30.0000   30.000011928.8877   17.8128
   -7.5000  -22.5000   30.000012596.7842   17.7907
    0.0000  -22.5000   30.000013163.9932   17.7848
    7.5000  -22.5000   30.000012593.3301   17.7894
   -7.5000  -15.0000   30.000013211.1562   17.7679
    0.0000  -15.0000   30.000013775.9883   17.7564
    7.5000  -15.0000   30.000013214.6201   17.7643
   -7.5000   -7.5000   30.000013807.3184   17.7648
    0.0000   -7.5000   30.000014383.2744   17.7631
    7.5000   -7.5000   30.000013787.6719   17.7677
   -7.5000    0.0000   30.000014077.9404   17.7807
    0.0000    0.0000   30.000014654.6973   17.7938
    7.5000    0.0000   30.000014025.2148   17.7908
   -7.5000    7.5000   30.000013093.3477   17.8005
    0.0000    7.5000   30.000013604.6533   17.8177
    7.5000    7.5000   30.000013022.3223   17.8109
   -7.5000   15.0000   30.000012019.2188   17.8074
    0.0000   15.0000   30.000012507.2637   17.8153
    7.5000   15.0000   30.000011918.0586   17.8128
   -7.5000   22.5000   30.000010924.7246   17.7825
    0.0000   22.5000   30.000011395.5049   17.7766
    7.5000   22.5000   30.000010833.7100   17.7812
   -7.5000   30.0000   30.0000 9819.0586   17.5379
    0.0000   30.0000   30.000010239.7500   17.5266
    7.5000   30.0000   30.0000 9739.1348   17.5344
   -7.5000   37.5000   30.0000 9070.9658   17.5349
    0.0000   37.5000   30.0000 9482.3350   17.5332
    7.5000   37.5000   30.0000 9013.5723   17.5378
   -7.5000   45.0000   30.0000 7967.6831   17.1393
    0.0000   45.0000   30.0000 8342.0986   17.1519
    7.5000   45.0000   30.0000 7923.7744   17.1491
   -7.5000  -45.0000   37.500010217.6924   17.8795
    0.0000  -45.0000   37.500010705.9746   17.8903
    7.5000  -45.0000   37.500010238.9893   17.8941
   -7.5000  -37.5000   37.500010645.8057   17.9042
    0.0000  -37.5000   37.500011145.7109   17.9195
    7.5000  -37.5000   37.500010675.3125   17.9196
   -7.5000  -30.0000   37.500011406.8740   17.9102
    0.0000  -30.0000   37.500011922.0137   17.9192
    7.5000  -30.0000   37.500011437.0010   17.9222
   -7.5000  -22.5000   37.500012050.4355   17.8876
    0.0000  -22.5000   37.500012567.8623   17.8853
    7.5000  -22.5000   37.500012071.3740   17.8934
   -7.5000  -15.0000   37.500012632.6367   17.8594
    0.0000  -15.0000   37.500013162.3359   17.8508
    7.5000  -15.0000   37.500012656.0352   17.8614
   -7.5000   -7.5000   37.500013183.5771   17.8573
    0.0000   -7.5000   37.500013732.3447   17.8555
    7.5000   -7.5000   37.500013188.1406   17.8647
   -7.5000    0.0000   37.500013511.3174   17.8795
    0.0000    0.0000   37.500014081.2510   17.8903
    7.5000    0.0000   37.500013486.9551   17.8941
   -7.5000    7.5000   37.500012625.3350   17.9042
    0.0000    7.5000   37.500013152.0479   17.9195
    7.5000    7.5000   37.500012591.7031   17.9196
   -7.5000   15.0000   37.500011600.0781   17.9102
    0.0000   15.0000   37.500012091.7959   17.9192
    7.5000   15.0000   37.500011550.7773   17.9222
   -7.5000   22.5000   37.500010564.3135   17.8794
    0.0000   22.5000   37.500011025.3770   17.8770
    7.5000   22.5000   37.500010510.3516   17.8851
   -7.5000   30.0000   37.5000 9489.0352   17.6282
    0.0000   30.0000   37.5000 9924.5771   17.6198
    7.5000   30.0000   37.5000 9435.0557   17.6302
   -7.5000   37.5000   37.5000 8757.5254   17.6262
    0.0000   37.5000   37.5000 9168.5156   17.6244
    7.5000   37.5000   37.5000 8723.4775   17.6335
   -7.5000   45.0000   37.5000 7700.7944   17.2341
    0.0000   45.0000   37.5000 8058.6382   17.2445
    7.5000   45.0000   37.5000 7670.9478   17.2482
   -7.5000  -45.0000   45.0000 9262.9043   17.9756
    0.0000  -45.0000   45.0000 9707.3350   17.9797
    7.5000  -45.0000   45.0000 9275.8271   17.9885
   -7.5000  -37.5000   45.0000 9658.3623   18.0022
    0.0000  -37.5000   45.000010113.0537   18.0132
    7.5000  -37.5000   45.0000 9671.1152   18.0169
   -7.5000  -30.0000   45.000010370.6113   18.0110
    0.0000  -30.0000   45.000010838.5723   18.0215
    7.5000  -30.0000   45.000010400.0615   18.0246
   -7.5000  -22.5000   45.000010965.6885   17.9903
    0.0000  -22.5000   45.000011446.8779   17.9927
    7.5000  -22.5000   45.000010989.9316   17.9984
   -7.5000  -15.0000   45.000011499.8896   17.9598
    0.0000  -15.0000   45.000011996.9180   17.9544
    7.5000  -15.0000   45.000011509.2461   17.9629
   -7.5000   -7.5000   45.000012003.6211   17.9538
    0.0000   -7.5000   45.000012498.2090   17.9496
    7.5000   -7.5000   45.000011987.4805   17.9607
   -7.5000    0.0000   45.000012356.8672   17.9756
    0.0000    0.0000   45.000012867.3213   17.9797
    7.5000    0.0000   45.000012321.6182   17.9885
   -7.5000    7.5000   45.000011578.5781   18.0022
    0.0000    7.5000   45.000012069.9258   18.0132
    7.5000    7.5000   45.000011529.0029   18.0169
   -7.5000   15.0000   45.000010622.4424   18.0110
    0.0000   15.0000   45.000011091.2129   18.0215
    7.5000   15.0000   45.000010588.4375   18.0246
   -7.5000   22.5000   45.0000 9688.3887   17.9819
    0.0000   22.5000   45.000010131.5352   17.9843
    7.5000   22.5000   45.0000 9654.8066   17.9900
   -7.5000   30.0000   45.0000 8734.5928   17.7258
    0.0000   30.0000   45.0000 9133.0537   17.7205
    7.5000   30.0000   45.0000 8692.6455   17.7289
   -7.5000   37.5000   45.0000 8062.2002   17.7199
    0.0000   37.5000   45.0000 8444.8086   17.7158
    7.5000   37.5000   45.0000 8040.4380   17.7267
   -7.5000   45.0000   45.0000 7093.5166   17.3344
    0.0000   45.0000   45.0000 7432.5503   17.3383
    7.5000   45.0000   45.0000 7075.8818   17.3468

---------------------------------------------------------------------
imgreg_4dfp /opt/freesurfer/average/711-2C_as_mni_average_305 /opt/freesurfer/average/711-2B_as_mni_average_305_mask talsrcimg_g11 none talsrcimg_to_711-2C_as_mni_average_305_t4 4355
---------------------------------------------------------------------

freesurfer imgreg_4dfp.c
/opt/freesurfer/average/711-2C_as_mni_average_305.4dfp.img
       256       256       256         1
  1.000000  1.000000  1.000000
orientation T byte_order littleendian
Reading image: /opt/freesurfer/average/711-2C_as_mni_average_305.4dfp.img
dimensions:      256       256       256
mmppix:       1.0000   -1.0000   -1.0000
center:     128.0000 -129.0000 -129.0000
/opt/freesurfer/average/711-2B_as_mni_average_305_mask.4dfp.img
       256       256       256         1
  1.000000  1.000000  1.000000
orientation T byte_order littleendian
Reading mask: /opt/freesurfer/average/711-2B_as_mni_average_305_mask.4dfp.img (2306576 pixels)
talsrcimg_g11.4dfp.img
       256       256       256         1
  1.000000  1.000000  1.000000
orientation T byte_order littleendian
Reading image: talsrcimg_g11.4dfp.img
dimensions:      256       256       256
mmppix:       1.0000   -1.0000   -1.0000
center:     128.0000 -129.0000 -129.0000
rotation matrix determinant  1.000000
image alignment mode   4355 decimal     1103 hex
   -7.5000  -45.0000  -45.0000 2152.3174   15.8640
    0.0000  -45.0000  -45.0000 2166.4709   15.7962
    7.5000  -45.0000  -45.0000 2164.2002   15.7942
   -7.5000  -37.5000  -45.0000 2193.9451   15.0833
    0.0000  -37.5000  -45.0000 2210.3975   14.9986
    7.5000  -37.5000  -45.0000 2206.2651   15.0281
   -7.5000  -30.0000  -45.0000 2215.6921   14.6409
    0.0000  -30.0000  -45.0000 2231.3508   14.5470
    7.5000  -30.0000  -45.0000 2226.0156   14.5565
   -7.5000  -22.5000  -45.0000 2226.9856   14.4963
    0.0000  -22.5000  -45.0000 2245.3347   14.3629
    7.5000  -22.5000  -45.0000 2233.4912   14.3664
   -7.5000  -15.0000  -45.0000 2219.5959   14.6543
    0.0000  -15.0000  -45.0000 2235.9805   14.5106
    7.5000  -15.0000  -45.0000 2228.1450   14.5107
   -7.5000   -7.5000  -45.0000 2201.5618   15.0322
    0.0000   -7.5000  -45.0000 2221.3726   14.8673
    7.5000   -7.5000  -45.0000 2209.8440   14.8816
   -7.5000    0.0000  -45.0000 2158.5798   15.7327
    0.0000    0.0000  -45.0000 2183.4109   15.5556
    7.5000    0.0000  -45.0000 2169.4932   15.5818
   -7.5000    7.5000  -45.0000 2110.8816   16.7087
    0.0000    7.5000  -45.0000 2131.7549   16.5550
    7.5000    7.5000  -45.0000 2119.1345   16.5733
   -7.5000   15.0000  -45.0000 2036.0909   18.1047
    0.0000   15.0000  -45.0000 2055.1213   17.9246
    7.5000   15.0000  -45.0000 2041.2998   17.9620
   -7.5000   22.5000  -45.0000 1944.1157   19.9270
    0.0000   22.5000  -45.0000 1957.9912   19.7142
    7.5000   22.5000  -45.0000 1944.3700   19.8514
   -7.5000   30.0000  -45.0000 1837.4730   22.4670
    0.0000   30.0000  -45.0000 1849.4908   22.1673
    7.5000   30.0000  -45.0000 1834.7863   22.3273
   -7.5000   37.5000  -45.0000 1722.2307   25.8806
    0.0000   37.5000  -45.0000 1732.2667   25.4847
    7.5000   37.5000  -45.0000 1722.0664   25.6770
   -7.5000   45.0000  -45.0000 1598.8037   30.7220
    0.0000   45.0000  -45.0000 1606.8855   30.2141
    7.5000   45.0000  -45.0000 1595.6198   30.4042
   -7.5000  -45.0000  -37.5000 2257.2961   14.5961
    0.0000  -45.0000  -37.5000 2275.1370   14.5319
    7.5000  -45.0000  -37.5000 2268.4834   14.5314
   -7.5000  -37.5000  -37.5000 2303.5537   13.8925
    0.0000  -37.5000  -37.5000 2321.4270   13.8229
    7.5000  -37.5000  -37.5000 2310.6770   13.8297
   -7.5000  -30.0000  -37.5000 2322.0635   13.4319
    0.0000  -30.0000  -37.5000 2343.6836   13.3570
    7.5000  -30.0000  -37.5000 2331.2344   13.3757
   -7.5000  -22.5000  -37.5000 2332.8059   13.3020
    0.0000  -22.5000  -37.5000 2357.0356   13.1884
    7.5000  -22.5000  -37.5000 2343.9448   13.2290
   -7.5000  -15.0000  -37.5000 2323.0200   13.4254
    0.0000  -15.0000  -37.5000 2345.5481   13.3287
    7.5000  -15.0000  -37.5000 2328.9961   13.3396
   -7.5000   -7.5000  -37.5000 2305.5833   13.7623
    0.0000   -7.5000  -37.5000 2325.7600   13.6408
    7.5000   -7.5000  -37.5000 2310.5173   13.6846
   -7.5000    0.0000  -37.5000 2269.5022   14.4114
    0.0000    0.0000  -37.5000 2290.1719   14.2699
    7.5000    0.0000  -37.5000 2275.6055   14.3075
   -7.5000    7.5000  -37.5000 2216.9153   15.3103
    0.0000    7.5000  -37.5000 2237.0171   15.1820
    7.5000    7.5000  -37.5000 2225.0312   15.2110
   -7.5000   15.0000  -37.5000 2135.4724   16.5749
    0.0000   15.0000  -37.5000 2152.9583   16.4544
    7.5000   15.0000  -37.5000 2138.3862   16.4851
   -7.5000   22.5000  -37.5000 2039.2440   18.2711
    0.0000   22.5000  -37.5000 2053.4988   18.1436
    7.5000   22.5000  -37.5000 2036.9841   18.2029
   -7.5000   30.0000  -37.5000 1922.2710   20.5452
    0.0000   30.0000  -37.5000 1937.4741   20.3388
    7.5000   30.0000  -37.5000 1917.7015   20.4368
   -7.5000   37.5000  -37.5000 1799.4445   23.6046
    0.0000   37.5000  -37.5000 1818.2897   23.3027
    7.5000   37.5000  -37.5000 1802.2689   23.4391
   -7.5000   45.0000  -37.5000 1666.9214   27.7939
    0.0000   45.0000  -37.5000 1675.4569   27.4543
    7.5000   45.0000  -37.5000 1660.6328   27.6132
   -7.5000  -45.0000  -30.0000 2389.2346   13.9457
    0.0000  -45.0000  -30.0000 2412.8396   13.8647
    7.5000  -45.0000  -30.0000 2398.2871   13.8743
   -7.5000  -37.5000  -30.0000 2444.4858   13.2392
    0.0000  -37.5000  -30.0000 2467.8777   13.1362
    7.5000  -37.5000  -30.0000 2453.9390   13.1694
   -7.5000  -30.0000  -30.0000 2474.1777   12.8405
    0.0000  -30.0000  -30.0000 2494.3682   12.7049
    7.5000  -30.0000  -30.0000 2481.4849   12.7593
   -7.5000  -22.5000  -30.0000 2497.2583   12.6703
    0.0000  -22.5000  -30.0000 2516.2939   12.5331
    7.5000  -22.5000  -30.0000 2499.9905   12.6064
   -7.5000  -15.0000  -30.0000 2487.9524   12.7954
    0.0000  -15.0000  -30.0000 2504.5850   12.6789
    7.5000  -15.0000  -30.0000 2490.1643   12.7685
   -7.5000   -7.5000  -30.0000 2462.1628   13.1160
    0.0000   -7.5000  -30.0000 2486.0486   12.9827
    7.5000   -7.5000  -30.0000 2472.0288   13.0832
   -7.5000    0.0000  -30.0000 2421.4053   13.7389
    0.0000    0.0000  -30.0000 2446.9871   13.5863
    7.5000    0.0000  -30.0000 2429.4170   13.6679
   -7.5000    7.5000  -30.0000 2361.7981   14.6056
    0.0000    7.5000  -30.0000 2383.6919   14.4724
    7.5000    7.5000  -30.0000 2364.1472   14.5256
   -7.5000   15.0000  -30.0000 2274.7432   15.7796
    0.0000   15.0000  -30.0000 2292.4958   15.6937
    7.5000   15.0000  -30.0000 2271.0627   15.7550
   -7.5000   22.5000  -30.0000 2167.3652   17.3617
    0.0000   22.5000  -30.0000 2182.4170   17.2305
    7.5000   22.5000  -30.0000 2165.6865   17.3380
   -7.5000   30.0000  -30.0000 2038.7509   19.4888
    0.0000   30.0000  -30.0000 2053.5894   19.3084
    7.5000   30.0000  -30.0000 2041.5774   19.4365
   -7.5000   37.5000  -30.0000 1910.7515   22.3485
    0.0000   37.5000  -30.0000 1928.9072   22.1069
    7.5000   37.5000  -30.0000 1912.4995   22.2476
   -7.5000   45.0000  -30.0000 1759.0365   26.2889
    0.0000   45.0000  -30.0000 1767.9043   25.9120
    7.5000   45.0000  -30.0000 1753.0361   26.1556
   -7.5000  -45.0000  -22.5000 2493.2876   13.3169
    0.0000  -45.0000  -22.5000 2512.0530   13.2001
    7.5000  -45.0000  -22.5000 2504.0168   13.2429
   -7.5000  -37.5000  -22.5000 2558.9595   12.5921
    0.0000  -37.5000  -22.5000 2580.3440   12.4666
    7.5000  -37.5000  -22.5000 2569.4907   12.5095
   -7.5000  -30.0000  -22.5000 2603.4431   12.1716
    0.0000  -30.0000  -22.5000 2622.6025   12.0120
    7.5000  -30.0000  -22.5000 2606.2629   12.0951
   -7.5000  -22.5000  -22.5000 2631.1199   11.9780
    0.0000  -22.5000  -22.5000 2648.2129   11.8505
    7.5000  -22.5000  -22.5000 2633.2810   11.9342
   -7.5000  -15.0000  -22.5000 2627.9065   12.0806
    0.0000  -15.0000  -22.5000 2648.2927   11.9843
    7.5000  -15.0000  -22.5000 2627.1321   12.0764
   -7.5000   -7.5000  -22.5000 2601.4895   12.4208
    0.0000   -7.5000  -22.5000 2623.6648   12.3133
    7.5000   -7.5000  -22.5000 2606.8491   12.4340
   -7.5000    0.0000  -22.5000 2551.7297   13.0275
    0.0000    0.0000  -22.5000 2580.6052   12.9085
    7.5000    0.0000  -22.5000 2561.1438   13.0075
   -7.5000    7.5000  -22.5000 2479.1838   13.8543
    0.0000    7.5000  -22.5000 2508.4365   13.7328
    7.5000    7.5000  -22.5000 2484.3457   13.8033
   -7.5000   15.0000  -22.5000 2383.9832   14.9603
    0.0000   15.0000  -22.5000 2404.7268   14.8612
    7.5000   15.0000  -22.5000 2384.8589   14.9295
   -7.5000   22.5000  -22.5000 2271.3137   16.5074
    0.0000   22.5000  -22.5000 2291.5820   16.3717
    7.5000   22.5000  -22.5000 2272.0339   16.4383
   -7.5000   30.0000  -22.5000 2129.6448   18.4712
    0.0000   30.0000  -22.5000 2148.7441   18.3494
    7.5000   30.0000  -22.5000 2133.6792   18.4143
   -7.5000   37.5000  -22.5000 1989.6750   21.1206
    0.0000   37.5000  -22.5000 2007.3010   20.9668
    7.5000   37.5000  -22.5000 1984.7097   21.0218
   -7.5000   45.0000  -22.5000 1830.4413   24.7349
    0.0000   45.0000  -22.5000 1841.5841   24.5317
    7.5000   45.0000  -22.5000 1826.2511   24.5749
   -7.5000  -45.0000  -15.0000 2553.1621   12.7537
    0.0000  -45.0000  -15.0000 2579.3577   12.5989
    7.5000  -45.0000  -15.0000 2570.2683   12.6803
   -7.5000  -37.5000  -15.0000 2636.9873   12.0122
    0.0000  -37.5000  -15.0000 2660.0623   11.8770
    7.5000  -37.5000  -15.0000 2652.7520   11.9472
   -7.5000  -30.0000  -15.0000 2689.1387   11.5436
    0.0000  -30.0000  -15.0000 2711.6428   11.4006
    7.5000  -30.0000  -15.0000 2706.1028   11.4984
   -7.5000  -22.5000  -15.0000 2724.8208   11.3221
    0.0000  -22.5000  -15.0000 2744.1433   11.2136
    7.5000  -22.5000  -15.0000 2728.0369   11.3104
   -7.5000  -15.0000  -15.0000 2734.0903   11.3958
    0.0000  -15.0000  -15.0000 2753.3335   11.3137
    7.5000  -15.0000  -15.0000 2733.7886   11.4099
   -7.5000   -7.5000  -15.0000 2709.9138   11.7866
    0.0000   -7.5000  -15.0000 2737.2134   11.6839
    7.5000   -7.5000  -15.0000 2717.4246   11.7777
   -7.5000    0.0000  -15.0000 2653.0908   12.3889
    0.0000    0.0000  -15.0000 2685.5120   12.2750
    7.5000    0.0000  -15.0000 2663.5974   12.3632
   -7.5000    7.5000  -15.0000 2571.3616   13.1939
    0.0000    7.5000  -15.0000 2598.0176   13.0721
    7.5000    7.5000  -15.0000 2575.3706   13.1659
   -7.5000   15.0000  -15.0000 2466.7185   14.2652
    0.0000   15.0000  -15.0000 2484.0195   14.1461
    7.5000   15.0000  -15.0000 2467.2324   14.2106
   -7.5000   22.5000  -15.0000 2340.6340   15.7495
    0.0000   22.5000  -15.0000 2360.8926   15.6122
    7.5000   22.5000  -15.0000 2342.3643   15.6694
   -7.5000   30.0000  -15.0000 2194.3772   17.6658
    0.0000   30.0000  -15.0000 2214.7761   17.5064
    7.5000   30.0000  -15.0000 2196.7600   17.5407
   -7.5000   37.5000  -15.0000 2042.8461   20.1706
    0.0000   37.5000  -15.0000 2062.1062   19.9765
    7.5000   37.5000  -15.0000 2044.2283   19.9977
   -7.5000   45.0000  -15.0000 1876.6154   23.4862
    0.0000   45.0000  -15.0000 1891.9053   23.3379
    7.5000   45.0000  -15.0000 1876.8831   23.2790
   -7.5000  -45.0000   -7.5000 2591.2480   12.2809
    0.0000  -45.0000   -7.5000 2618.4197   12.1037
    7.5000  -45.0000   -7.5000 2612.0674   12.2211
   -7.5000  -37.5000   -7.5000 2689.4080   11.5364
    0.0000  -37.5000   -7.5000 2719.4421   11.3561
    7.5000  -37.5000   -7.5000 2710.9082   11.4750
   -7.5000  -30.0000   -7.5000 2758.9561   11.0617
    0.0000  -30.0000   -7.5000 2787.8735   10.9116
    7.5000  -30.0000   -7.5000 2779.6138   11.0177
   -7.5000  -22.5000   -7.5000 2805.4685   10.8071
    0.0000  -22.5000   -7.5000 2830.7720   10.6719
    7.5000  -22.5000   -7.5000 2812.6895   10.7851
   -7.5000  -15.0000   -7.5000 2825.1060   10.8552
    0.0000  -15.0000   -7.5000 2844.7590   10.7350
    7.5000  -15.0000   -7.5000 2822.5593   10.8341
   -7.5000   -7.5000   -7.5000 2800.7070   11.2642
    0.0000   -7.5000   -7.5000 2825.1145   11.1374
    7.5000   -7.5000   -7.5000 2801.9907   11.2161
   -7.5000    0.0000   -7.5000 2734.4070   11.7944
    0.0000    0.0000   -7.5000 2762.2207   11.6850
    7.5000    0.0000   -7.5000 2743.3552   11.7793
   -7.5000    7.5000   -7.5000 2640.0305   12.5688
    0.0000    7.5000   -7.5000 2664.8418   12.4456
    7.5000    7.5000   -7.5000 2647.2898   12.5754
   -7.5000   15.0000   -7.5000 2525.3972   13.6702
    0.0000   15.0000   -7.5000 2541.1826   13.5235
    7.5000   15.0000   -7.5000 2525.6284   13.6593
   -7.5000   22.5000   -7.5000 2387.2708   15.1336
    0.0000   22.5000   -7.5000 2408.0667   14.9612
    7.5000   22.5000   -7.5000 2392.3049   15.0919
   -7.5000   30.0000   -7.5000 2244.3872   16.9609
    0.0000   30.0000   -7.5000 2260.9985   16.7631
    7.5000   30.0000   -7.5000 2244.8201   16.8653
   -7.5000   37.5000   -7.5000 2083.4143   19.2968
    0.0000   37.5000   -7.5000 2096.2090   19.1130
    7.5000   37.5000   -7.5000 2081.9324   19.1808
   -7.5000   45.0000   -7.5000 1910.5530   22.4489
    0.0000   45.0000   -7.5000 1921.4907   22.2143
    7.5000   45.0000   -7.5000 1910.2236   22.2365
   -7.5000  -45.0000    0.0000 2611.0427   11.9899
    0.0000  -45.0000    0.0000 2636.9272   11.7397
    7.5000  -45.0000    0.0000 2631.1416   11.9118
   -7.5000  -37.5000    0.0000 2723.6868   11.2417
    0.0000  -37.5000    0.0000 2750.1035   11.0111
    7.5000  -37.5000    0.0000 2741.6321   11.1554
   -7.5000  -30.0000    0.0000 2811.2107   10.7897
    0.0000  -30.0000    0.0000 2840.8206   10.5948
    7.5000  -30.0000    0.0000 2831.1592   10.7101
   -7.5000  -22.5000    0.0000 2874.0796   10.5231
    0.0000  -22.5000    0.0000 2903.5720   10.3134
    7.5000  -22.5000    0.0000 2879.9224   10.4577
   -7.5000  -15.0000    0.0000 2898.3049   10.5192
    0.0000  -15.0000    0.0000 2928.9587   10.3338
    7.5000  -15.0000    0.0000 2896.1035   10.4497
   -7.5000   -7.5000    0.0000 2868.2783   10.8876
    0.0000   -7.5000    0.0000 2899.4795   10.7241
    7.5000   -7.5000    0.0000 2866.8669   10.8387
   -7.5000    0.0000    0.0000 2789.5115   11.4258
    0.0000    0.0000    0.0000 2815.5051   11.2401
    7.5000    0.0000    0.0000 2794.8765   11.3913
   -7.5000    7.5000    0.0000 2684.2383   12.1940
    0.0000    7.5000    0.0000 2705.3987   11.9988
    7.5000    7.5000    0.0000 2689.0608   12.1765
   -7.5000   15.0000    0.0000 2557.9893   13.2906
    0.0000   15.0000    0.0000 2575.9333   13.0826
    7.5000   15.0000    0.0000 2560.0647   13.2662
   -7.5000   22.5000    0.0000 2418.7595   14.6896
    0.0000   22.5000    0.0000 2441.1304   14.4867
    7.5000   22.5000    0.0000 2421.6726   14.6597
   -7.5000   30.0000    0.0000 2267.6318   16.4325
    0.0000   30.0000    0.0000 2288.2515   16.2498
    7.5000   30.0000    0.0000 2266.2222   16.3839
   -7.5000   37.5000    0.0000 2105.6414   18.6703
    0.0000   37.5000    0.0000 2123.3850   18.4801
    7.5000   37.5000    0.0000 2104.9768   18.6090
   -7.5000   45.0000    0.0000 1933.7856   21.6152
    0.0000   45.0000    0.0000 1945.2084   21.3831
    7.5000   45.0000    0.0000 1930.9686   21.4467
   -7.5000  -45.0000    7.5000 2617.5139   11.8281
    0.0000  -45.0000    7.5000 2638.4746   11.5913
    7.5000  -45.0000    7.5000 2631.6050   11.7777
   -7.5000  -37.5000    7.5000 2738.5740   11.0735
    0.0000  -37.5000    7.5000 2759.3252   10.8550
    7.5000  -37.5000    7.5000 2747.4424   11.0286
   -7.5000  -30.0000    7.5000 2837.1038   10.6326
    0.0000  -30.0000    7.5000 2863.5974   10.4450
    7.5000  -30.0000    7.5000 2852.0366   10.5712
   -7.5000  -22.5000    7.5000 2913.0896   10.3610
    0.0000  -22.5000    7.5000 2955.1201   10.1700
    7.5000  -22.5000    7.5000 2921.7698   10.3070
   -7.5000  -15.0000    7.5000 2949.8877   10.2951
    0.0000  -15.0000    7.5000 2994.1455   10.0746
    7.5000  -15.0000    7.5000 2948.8369   10.3145
   -7.5000   -7.5000    7.5000 2910.1025   10.6788
    0.0000   -7.5000    7.5000 2944.4460   10.4705
    7.5000   -7.5000    7.5000 2905.4382   10.7082
   -7.5000    0.0000    7.5000 2812.6282   11.2337
    0.0000    0.0000    7.5000 2839.1821   11.0509
    7.5000    0.0000    7.5000 2815.3811   11.2300
   -7.5000    7.5000    7.5000 2702.3633   11.9602
    0.0000    7.5000    7.5000 2724.7854   11.7841
    7.5000    7.5000    7.5000 2702.9060   11.9358
   -7.5000   15.0000    7.5000 2569.7559   13.0117
    0.0000   15.0000    7.5000 2592.4424   12.8561
    7.5000   15.0000    7.5000 2573.7939   12.9647
   -7.5000   22.5000    7.5000 2428.1240   14.3936
    0.0000   22.5000    7.5000 2450.0273   14.2497
    7.5000   22.5000    7.5000 2427.8506   14.3415
   -7.5000   30.0000    7.5000 2276.5903   16.1352
    0.0000   30.0000    7.5000 2294.3215   15.9937
    7.5000   30.0000    7.5000 2273.0100   16.0906
   -7.5000   37.5000    7.5000 2118.3284   18.3367
    0.0000   37.5000    7.5000 2133.2275   18.2023
    7.5000   37.5000    7.5000 2115.2378   18.2787
   -7.5000   45.0000    7.5000 1940.4907   21.1728
    0.0000   45.0000    7.5000 1955.0920   20.9991
    7.5000   45.0000    7.5000 1937.7609   21.0597
   -7.5000  -45.0000   15.0000 2602.6003   11.8916
    0.0000  -45.0000   15.0000 2618.4995   11.6438
    7.5000  -45.0000   15.0000 2610.0674   11.8618
   -7.5000  -37.5000   15.0000 2721.1035   11.1001
    0.0000  -37.5000   15.0000 2736.7981   10.8709
    7.5000  -37.5000   15.0000 2728.1067   11.0980
   -7.5000  -30.0000   15.0000 2823.9033   10.6374
    0.0000  -30.0000   15.0000 2846.8000   10.4575
    7.5000  -30.0000   15.0000 2833.7119   10.6282
   -7.5000  -22.5000   15.0000 2907.0208   10.3397
    0.0000  -22.5000   15.0000 2953.8442   10.2698
    7.5000  -22.5000   15.0000 2912.8828   10.3736
   -7.5000  -15.0000   15.0000 2946.9971   10.3413
    0.0000  -15.0000   15.0000 3002.8501   10.2573
    7.5000  -15.0000   15.0000 2947.1360   10.4377
   -7.5000   -7.5000   15.0000 2906.8081   10.6925
    0.0000   -7.5000   15.0000 2957.8242   10.6177
    7.5000   -7.5000   15.0000 2906.2749   10.7582
   -7.5000    0.0000   15.0000 2801.3079   11.2204
    0.0000    0.0000   15.0000 2840.3408   11.1035
    7.5000    0.0000   15.0000 2806.5718   11.2049
   -7.5000    7.5000   15.0000 2687.7808   11.9561
    0.0000    7.5000   15.0000 2711.5542   11.7994
    7.5000    7.5000   15.0000 2692.3113   11.8997
   -7.5000   15.0000   15.0000 2557.2419   13.0009
    0.0000   15.0000   15.0000 2573.7183   12.8223
    7.5000   15.0000   15.0000 2560.0386   12.9173
   -7.5000   22.5000   15.0000 2419.9644   14.3402
    0.0000   22.5000   15.0000 2434.2490   14.1669
    7.5000   22.5000   15.0000 2417.9055   14.2650
   -7.5000   30.0000   15.0000 2268.6831   16.0476
    0.0000   30.0000   15.0000 2285.5862   15.9086
    7.5000   30.0000   15.0000 2265.4807   16.0121
   -7.5000   37.5000   15.0000 2104.8740   18.1939
    0.0000   37.5000   15.0000 2121.0706   18.0857
    7.5000   37.5000   15.0000 2102.8704   18.1353
   -7.5000   45.0000   15.0000 1929.2168   20.9387
    0.0000   45.0000   15.0000 1943.4810   20.8366
    7.5000   45.0000   15.0000 1928.2250   20.8464
   -7.5000  -45.0000   22.5000 2575.0647   12.2090
    0.0000  -45.0000   22.5000 2591.4172   12.0157
    7.5000  -45.0000   22.5000 2578.4895   12.2274
   -7.5000  -37.5000   22.5000 2688.8289   11.4628
    0.0000  -37.5000   22.5000 2709.4812   11.3026
    7.5000  -37.5000   22.5000 2688.6548   11.4792
   -7.5000  -30.0000   22.5000 2789.3687   11.0033
    0.0000  -30.0000   22.5000 2813.5210   10.9037
    7.5000  -30.0000   22.5000 2789.7410   11.0072
   -7.5000  -22.5000   22.5000 2864.7651   10.6698
    0.0000  -22.5000   22.5000 2905.5981   10.5831
    7.5000  -22.5000   22.5000 2865.7471   10.7294
   -7.5000  -15.0000   22.5000 2899.7126   10.6659
    0.0000  -15.0000   22.5000 2941.6401   10.5691
    7.5000  -15.0000   22.5000 2898.7590   10.7364
   -7.5000   -7.5000   22.5000 2861.1865   10.9811
    0.0000   -7.5000   22.5000 2895.8545   10.8915
    7.5000   -7.5000   22.5000 2856.9058   11.0213
   -7.5000    0.0000   22.5000 2764.2346   11.4883
    0.0000    0.0000   22.5000 2791.8694   11.3872
    7.5000    0.0000   22.5000 2763.0889   11.4890
   -7.5000    7.5000   22.5000 2650.5195   12.2003
    0.0000    7.5000   22.5000 2671.1118   12.0544
    7.5000    7.5000   22.5000 2651.8398   12.1628
   -7.5000   15.0000   22.5000 2525.5151   13.1851
    0.0000   15.0000   22.5000 2538.0190   13.0076
    7.5000   15.0000   22.5000 2524.7947   13.1049
   -7.5000   22.5000   22.5000 2397.2620   14.5033
    0.0000   22.5000   22.5000 2411.0515   14.3264
    7.5000   22.5000   22.5000 2392.1729   14.4083
   -7.5000   30.0000   22.5000 2248.0022   16.1852
    0.0000   30.0000   22.5000 2260.3123   16.0009
    7.5000   30.0000   22.5000 2244.6443   16.0903
   -7.5000   37.5000   22.5000 2084.5032   18.3144
    0.0000   37.5000   22.5000 2100.3171   18.1332
    7.5000   37.5000   22.5000 2086.6470   18.2061
   -7.5000   45.0000   22.5000 1912.9742   21.0614
    0.0000   45.0000   22.5000 1928.5470   20.8851
    7.5000   45.0000   22.5000 1912.5056   20.9207
   -7.5000  -45.0000   30.0000 2537.3552   12.8612
    0.0000  -45.0000   30.0000 2559.9927   12.6954
    7.5000  -45.0000   30.0000 2532.5007   12.9413
   -7.5000  -37.5000   30.0000 2645.2109   12.1018
    0.0000  -37.5000   30.0000 2665.0208   11.9190
    7.5000  -37.5000   30.0000 2642.9153   12.1550
   -7.5000  -30.0000   30.0000 2739.6177   11.5670
    0.0000  -30.0000   30.0000 2756.7185   11.3693
    7.5000  -30.0000   30.0000 2733.8110   11.5958
   -7.5000  -22.5000   30.0000 2801.0735   11.1965
    0.0000  -22.5000   30.0000 2825.9946   10.9960
    7.5000  -22.5000   30.0000 2795.9316   11.2216
   -7.5000  -15.0000   30.0000 2819.6157   11.1731
    0.0000  -15.0000   30.0000 2843.9236   10.9667
    7.5000  -15.0000   30.0000 2817.1165   11.1887
   -7.5000   -7.5000   30.0000 2780.7681   11.4558
    0.0000   -7.5000   30.0000 2807.6196   11.2707
    7.5000   -7.5000   30.0000 2778.1799   11.4742
   -7.5000    0.0000   30.0000 2697.5820   11.9657
    0.0000    0.0000   30.0000 2721.0791   11.7701
    7.5000    0.0000   30.0000 2695.6345   11.9394
   -7.5000    7.5000   30.0000 2592.7754   12.6986
    0.0000    7.5000   30.0000 2607.3630   12.4997
    7.5000    7.5000   30.0000 2595.3906   12.6464
   -7.5000   15.0000   30.0000 2476.0422   13.6458
    0.0000   15.0000   30.0000 2491.6841   13.4450
    7.5000   15.0000   30.0000 2479.1646   13.5610
   -7.5000   22.5000   30.0000 2351.7063   14.8964
    0.0000   22.5000   30.0000 2369.5847   14.7044
    7.5000   22.5000   30.0000 2355.7837   14.7941
   -7.5000   30.0000   30.0000 2206.3862   16.5213
    0.0000   30.0000   30.0000 2216.1333   16.3105
    7.5000   30.0000   30.0000 2208.1348   16.4030
   -7.5000   37.5000   30.0000 2049.4612   18.6331
    0.0000   37.5000   30.0000 2063.8252   18.4623
    7.5000   37.5000   30.0000 2048.1304   18.5437
   -7.5000   45.0000   30.0000 1887.5902   21.3958
    0.0000   45.0000   30.0000 1903.3208   21.2229
    7.5000   45.0000   30.0000 1884.2291   21.2532
   -7.5000  -45.0000   37.5000 2486.8052   13.7074
    0.0000  -45.0000   37.5000 2503.7627   13.4749
    7.5000  -45.0000   37.5000 2483.8281   13.8004
   -7.5000  -37.5000   37.5000 2587.8547   12.8557
    0.0000  -37.5000   37.5000 2604.1663   12.6274
    7.5000  -37.5000   37.5000 2584.6624   12.9474
   -7.5000  -30.0000   37.5000 2667.6106   12.2421
    0.0000  -30.0000   37.5000 2687.9844   12.0016
    7.5000  -30.0000   37.5000 2662.4858   12.3080
   -7.5000  -22.5000   37.5000 2719.6272   11.8718
    0.0000  -22.5000   37.5000 2737.7664   11.6678
    7.5000  -22.5000   37.5000 2711.5417   11.9188
   -7.5000  -15.0000   37.5000 2723.6174   11.8447
    0.0000  -15.0000   37.5000 2740.3789   11.6311
    7.5000  -15.0000   37.5000 2717.1243   11.8774
   -7.5000   -7.5000   37.5000 2686.9939   12.0866
    0.0000   -7.5000   37.5000 2706.7576   11.8759
    7.5000   -7.5000   37.5000 2680.6836   12.1144
   -7.5000    0.0000   37.5000 2613.1929   12.5954
    0.0000    0.0000   37.5000 2630.3621   12.3969
    7.5000    0.0000   37.5000 2605.8105   12.5934
   -7.5000    7.5000   37.5000 2520.2393   13.3349
    0.0000    7.5000   37.5000 2536.1633   13.1280
    7.5000    7.5000   37.5000 2520.3254   13.3152
   -7.5000   15.0000   37.5000 2414.0452   14.2805
    0.0000   15.0000   37.5000 2427.0474   14.0884
    7.5000   15.0000   37.5000 2412.6907   14.2365
   -7.5000   22.5000   37.5000 2293.4368   15.5417
    0.0000   22.5000   37.5000 2309.1323   15.3542
    7.5000   22.5000   37.5000 2294.6191   15.4685
   -7.5000   30.0000   37.5000 2151.7175   17.1162
    0.0000   30.0000   37.5000 2170.4033   16.9270
    7.5000   30.0000   37.5000 2152.7407   17.0429
   -7.5000   37.5000   37.5000 2004.8837   19.1892
    0.0000   37.5000   37.5000 2017.3373   19.0855
    7.5000   37.5000   37.5000 2002.4939   19.1802
   -7.5000   45.0000   37.5000 1845.8075   22.0074
    0.0000   45.0000   37.5000 1854.9020   21.8631
    7.5000   45.0000   37.5000 1844.3512   21.9172
   -7.5000  -45.0000   45.0000 2420.2354   14.6924
    0.0000  -45.0000   45.0000 2436.9614   14.4771
    7.5000  -45.0000   45.0000 2413.0598   14.7924
   -7.5000  -37.5000   45.0000 2512.4595   13.8025
    0.0000  -37.5000   45.0000 2526.7537   13.5731
    7.5000  -37.5000   45.0000 2503.9285   13.8865
   -7.5000  -30.0000   45.0000 2581.7888   13.1414
    0.0000  -30.0000   45.0000 2602.6975   12.9238
    7.5000  -30.0000   45.0000 2574.6128   13.2287
   -7.5000  -22.5000   45.0000 2624.3696   12.7396
    0.0000  -22.5000   45.0000 2638.8247   12.5593
    7.5000  -22.5000   45.0000 2613.8198   12.8065
   -7.5000  -15.0000   45.0000 2617.2534   12.7139
    0.0000  -15.0000   45.0000 2634.9548   12.5249
    7.5000  -15.0000   45.0000 2610.8152   12.7485
   -7.5000   -7.5000   45.0000 2584.6584   12.9051
    0.0000   -7.5000   45.0000 2597.2305   12.7305
    7.5000   -7.5000   45.0000 2576.4302   12.9305
   -7.5000    0.0000   45.0000 2525.1956   13.3916
    0.0000    0.0000   45.0000 2539.0884   13.2233
    7.5000    0.0000   45.0000 2513.3433   13.4197
   -7.5000    7.5000   45.0000 2441.6646   14.1295
    0.0000    7.5000   45.0000 2455.5403   13.9226
    7.5000    7.5000   45.0000 2432.9045   14.1224
   -7.5000   15.0000   45.0000 2341.4514   15.0413
    0.0000   15.0000   45.0000 2353.0952   14.8580
    7.5000   15.0000   45.0000 2338.7773   15.0264
   -7.5000   22.5000   45.0000 2226.0659   16.3262
    0.0000   22.5000   45.0000 2238.4419   16.1582
    7.5000   22.5000   45.0000 2226.3254   16.2807
   -7.5000   30.0000   45.0000 2089.2227   17.9649
    0.0000   30.0000   45.0000 2102.6384   17.8578
    7.5000   30.0000   45.0000 2089.2617   17.9358
   -7.5000   37.5000   45.0000 1943.5391   20.1210
    0.0000   37.5000   45.0000 1953.6196   20.0135
    7.5000   37.5000   45.0000 1942.3400   20.0621
   -7.5000   45.0000   45.0000 1794.7966   23.0179
    0.0000   45.0000   45.0000 1803.8346   22.8189
    7.5000   45.0000   45.0000 1793.4546   22.8929

---------------------------------------------------------------------
imgreg_4dfp /opt/freesurfer/average/711-2C_as_mni_average_305 /opt/freesurfer/average/711-2B_as_mni_average_305_mask talsrcimg_g11 none talsrcimg_to_711-2C_as_mni_average_305_t4 1283
---------------------------------------------------------------------

freesurfer imgreg_4dfp.c
/opt/freesurfer/average/711-2C_as_mni_average_305.4dfp.img
       256       256       256         1
  1.000000  1.000000  1.000000
orientation T byte_order littleendian
Reading image: /opt/freesurfer/average/711-2C_as_mni_average_305.4dfp.img
dimensions:      256       256       256
mmppix:       1.0000   -1.0000   -1.0000
center:     128.0000 -129.0000 -129.0000
/opt/freesurfer/average/711-2B_as_mni_average_305_mask.4dfp.img
       256       256       256         1
  1.000000  1.000000  1.000000
orientation T byte_order littleendian
Reading mask: /opt/freesurfer/average/711-2B_as_mni_average_305_mask.4dfp.img (2306576 pixels)
talsrcimg_g11.4dfp.img
       256       256       256         1
  1.000000  1.000000  1.000000
orientation T byte_order littleendian
Reading image: talsrcimg_g11.4dfp.img
dimensions:      256       256       256
mmppix:       1.0000   -1.0000   -1.0000
center:     128.0000 -129.0000 -129.0000
rotation matrix determinant  1.000000
fimgreg.f
image alignment mode   1283 decimal      503 hex
parameters
    0.0000  -15.0000   15.0000    0.0000    0.0000    0.0000
eta,q 0.94105 10.31485
niter,ni,del,rscale     5    3   12.0000    1.2000
parameters
    0.4725  -15.2878   12.1644   -1.8013    1.8479   -0.0334
eta,q 0.94475 10.02016
  0.0757  0.0679  0.0593  0.0587  0.0674  0.0602
  0.0691  0.0624  0.0577  0.0557  0.0622  0.0579
  0.0628  0.0589  0.0572  0.0558  0.0579  0.0560
  0.0593  0.0590  0.0586  0.0570  0.0559  0.0552
  0.0608  0.0601  0.0622  0.0582  0.0552  0.0560
  0.0650  0.0636  0.0672  0.0596  0.0557  0.0579
  0.0722  0.0698  0.0729  0.0625  0.0587  0.0604
niter,ni,del,rscale     4    3   12.0000    1.2000
parameters
   -0.3287  -14.4013   11.5816   -2.8377    2.7702   -0.4344
eta,q 0.94536 10.01563
  0.0673  0.0683  0.0604  0.0591  0.0635  0.0588
  0.0603  0.0619  0.0582  0.0550  0.0590  0.0565
  0.0558  0.0566  0.0567  0.0545  0.0561  0.0550
  0.0552  0.0551  0.0555  0.0556  0.0550  0.0547
  0.0586  0.0561  0.0564  0.0569  0.0547  0.0557
  0.0668  0.0577  0.0590  0.0585  0.0561  0.0574
  0.0754  0.0620  0.0639  0.0610  0.0595  0.0599
niter,ni,del,rscale     3    3   12.0000    1.2000
parameters
   -0.8883  -13.7775   11.2332   -3.6710    3.5925   -0.4716
eta,q 0.94592 10.00554
  0.0669  0.0672  0.0598  0.0595  0.0624  0.0590
  0.0600  0.0604  0.0573  0.0545  0.0583  0.0566
  0.0556  0.0557  0.0562  0.0537  0.0555  0.0547
  0.0546  0.0546  0.0547  0.0548  0.0542  0.0541
  0.0571  0.0551  0.0555  0.0565  0.0541  0.0550
  0.0642  0.0575  0.0578  0.0583  0.0557  0.0567
  0.0722  0.0626  0.0618  0.0609  0.0590  0.0591
niter,ni,del,rscale     2    3   12.0000    1.2000
parameters
   -1.3132  -13.3046   10.9864   -4.1470    4.2023   -0.4101
eta,q 0.94623  9.99052
  0.0667  0.0668  0.0596  0.0604  0.0617  0.0592
  0.0594  0.0603  0.0569  0.0551  0.0577  0.0568
  0.0551  0.0555  0.0555  0.0533  0.0550  0.0546
  0.0541  0.0541  0.0541  0.0542  0.0539  0.0538
  0.0563  0.0548  0.0548  0.0560  0.0541  0.0545
  0.0628  0.0578  0.0572  0.0580  0.0559  0.0564
  0.0703  0.0633  0.0612  0.0608  0.0591  0.0591
niter,ni,del,rscale     1    3   12.0000    1.2000
parameters
   -1.5655  -13.0632   10.8177   -4.3762    4.5213   -0.3709
eta,q 0.94628  9.98058
  0.0672  0.0662  0.0598  0.0610  0.0611  0.0592
  0.0594  0.0598  0.0570  0.0558  0.0572  0.0567
  0.0550  0.0550  0.0553  0.0533  0.0547  0.0546
  0.0538  0.0538  0.0538  0.0539  0.0538  0.0537
  0.0557  0.0549  0.0545  0.0555  0.0542  0.0544
  0.0618  0.0584  0.0571  0.0578  0.0563  0.0564
  0.0691  0.0643  0.0612  0.0606  0.0597  0.0593
registration optimization eta report
parameter search radius
    6.0000    6.0000    6.0000    6.0000    6.0000    6.0000
100000*second partial in parameter space
       40.       32.       18.       20.       19.       15.
  0.0672  0.0662  0.0598  0.0610  0.0611  0.0592
  0.0594  0.0598  0.0570  0.0558  0.0572  0.0567
  0.0550  0.0550  0.0553  0.0533  0.0547  0.0546
  0.0538  0.0538  0.0538  0.0539  0.0538  0.0537
  0.0557  0.0549  0.0545  0.0555  0.0542  0.0544
  0.0618  0.0584  0.0571  0.0578  0.0563  0.0564
  0.0691  0.0643  0.0612  0.0606  0.0597  0.0593
   -1.5655  -13.0632   10.8177   -4.3762    4.5213   -0.3709
eta,q 0.94628  9.98058

---------------------------------------------------------------------
imgreg_4dfp /opt/freesurfer/average/711-2C_as_mni_average_305 /opt/freesurfer/average/711-2B_as_mni_average_305_mask talsrcimg_g11 none talsrcimg_to_711-2C_as_mni_average_305_t4 3335
---------------------------------------------------------------------

freesurfer imgreg_4dfp.c
/opt/freesurfer/average/711-2C_as_mni_average_305.4dfp.img
       256       256       256         1
  1.000000  1.000000  1.000000
orientation T byte_order littleendian
Reading image: /opt/freesurfer/average/711-2C_as_mni_average_305.4dfp.img
dimensions:      256       256       256
mmppix:       1.0000   -1.0000   -1.0000
center:     128.0000 -129.0000 -129.0000
/opt/freesurfer/average/711-2B_as_mni_average_305_mask.4dfp.img
       256       256       256         1
  1.000000  1.000000  1.000000
orientation T byte_order littleendian
Reading mask: /opt/freesurfer/average/711-2B_as_mni_average_305_mask.4dfp.img (2306576 pixels)
talsrcimg_g11.4dfp.img
       256       256       256         1
  1.000000  1.000000  1.000000
orientation T byte_order littleendian
Reading image: talsrcimg_g11.4dfp.img
dimensions:      256       256       256
mmppix:       1.0000   -1.0000   -1.0000
center:     128.0000 -129.0000 -129.0000
fimgreg.f
image alignment mode   3335 decimal      D07 hex
parameters
   -1.5655  -13.0632   10.8177   -0.3133   -0.2975   -0.6018
    1.2470   -7.8104   -0.6454    7.6812    7.8829   -7.6067
eta,q 0.94622 10.15556
niter,ni,del,rscale     5    3    5.0000    1.2000
parameter  4  1.490098 ->  0.500000 qaram    1.1500
parameter  5  4.146876 ->  0.500000 qaram    1.1500
parameter  6  1.190855 ->  0.500000 qaram    1.1500
parameters
   -1.5249  -12.6854   11.1882   -4.4533   -4.4375   -4.7418
    0.6074   -6.7245   -0.7122    5.1719    5.9779   -8.9896
eta,q 0.96324  9.87510
  0.0565  0.0555  0.0551  0.0474  0.0393  0.0365  0.0393  0.0450  0.0396  0.0386  0.0378  0.0376
  0.0550  0.0546  0.0545  0.0483  0.0421  0.0371  0.0382  0.0417  0.0384  0.0374  0.0371  0.0371
  0.0541  0.0541  0.0540  0.0504  0.0451  0.0391  0.0376  0.0389  0.0376  0.0370  0.0368  0.0368
  0.0538  0.0538  0.0537  0.0537  0.0487  0.0429  0.0375  0.0375  0.0374  0.0374  0.0369  0.0368
  0.0540  0.0537  0.0537  0.0578  0.0526  0.0478  0.0379  0.0376  0.0376  0.0387  0.0375  0.0372
  0.0549  0.0540  0.0539  0.0625  0.0563  0.0534  0.0388  0.0391  0.0384  0.0409  0.0384  0.0377
  0.0563  0.0547  0.0545  0.0668  0.0606  0.0590  0.0401  0.0417  0.0397  0.0433  0.0398  0.0385
niter,ni,del,rscale     7    3    5.0000    1.2000
parameter  3  0.970511 ->  0.500000 qaram    1.1500
parameter  5  1.414445 ->  0.500000 qaram    1.3225
parameters
   -1.1647  -13.4020    9.8082   -7.1089   -9.1985   -8.6677
    0.5390   -6.6434   -0.2782    7.3194    4.4509   -8.0963
eta,q 0.96975  9.47702
  0.0411  0.0375  0.0348  0.0366  0.0297  0.0307  0.0328  0.0342  0.0330  0.0349  0.0308  0.0317
  0.0390  0.0368  0.0348  0.0356  0.0303  0.0307  0.0317  0.0320  0.0318  0.0332  0.0304  0.0311
  0.0375  0.0365  0.0354  0.0348  0.0322  0.0306  0.0310  0.0309  0.0311  0.0318  0.0303  0.0306
  0.0368  0.0367  0.0365  0.0349  0.0348  0.0307  0.0307  0.0307  0.0307  0.0307  0.0303  0.0303
  0.0368  0.0373  0.0382  0.0364  0.0378  0.0333  0.0310  0.0311  0.0309  0.0303  0.0305  0.0303
  0.0376  0.0384  0.0402  0.0396  0.0416  0.0381  0.0317  0.0321  0.0315  0.0307  0.0309  0.0306
  0.0391  0.0402  0.0424  0.0442  0.0454  0.0446  0.0329  0.0339  0.0325  0.0320  0.0314  0.0312
niter,ni,del,rscale     7    3    5.0000    1.2000
parameter  3  0.575885 ->  0.500000 qaram    1.3225
parameter  5  0.544342 ->  0.500000 qaram    1.5209
parameters
   -0.7449  -13.0128    8.2212   -6.7530  -14.6736  -12.5254
    0.4118   -6.1843    0.4749    7.5332    4.0028  -10.8427
eta,q 0.97217  9.03649
  0.0337  0.0335  0.0298  0.0319  0.0290  0.0281  0.0299  0.0321  0.0296  0.0302  0.0286  0.0283
  0.0321  0.0319  0.0294  0.0309  0.0285  0.0278  0.0289  0.0299  0.0288  0.0289  0.0283  0.0279
  0.0309  0.0308  0.0295  0.0300  0.0283  0.0282  0.0283  0.0285  0.0283  0.0281  0.0281  0.0278
  0.0303  0.0301  0.0300  0.0293  0.0293  0.0284  0.0280  0.0280  0.0280  0.0280  0.0280  0.0280
  0.0302  0.0301  0.0310  0.0292  0.0317  0.0292  0.0283  0.0283  0.0281  0.0282  0.0282  0.0285
  0.0307  0.0307  0.0323  0.0300  0.0347  0.0321  0.0290  0.0294  0.0284  0.0288  0.0284  0.0291
  0.0320  0.0320  0.0340  0.0320  0.0386  0.0364  0.0301  0.0311  0.0291  0.0298  0.0288  0.0299
niter,ni,del,rscale     7    3    5.0000    1.2000
parameters
   -0.5322  -12.2297    7.2617   -6.7899  -16.6920  -15.1317
    0.5033   -6.1994    0.9104    9.4531    3.3637  -11.4706
eta,q 0.97335  8.81075
  0.0308  0.0310  0.0285  0.0292  0.0299  0.0283  0.0287  0.0303  0.0282  0.0300  0.0274  0.0276
  0.0294  0.0295  0.0277  0.0283  0.0284  0.0272  0.0277  0.0284  0.0275  0.0285  0.0270  0.0271
  0.0283  0.0284  0.0274  0.0278  0.0276  0.0268  0.0271  0.0272  0.0270  0.0273  0.0267  0.0267
  0.0278  0.0278  0.0276  0.0274  0.0274  0.0274  0.0268  0.0268  0.0268  0.0268  0.0267  0.0267
  0.0279  0.0276  0.0283  0.0274  0.0280  0.0283  0.0270  0.0272  0.0268  0.0267  0.0268  0.0269
  0.0286  0.0278  0.0295  0.0280  0.0303  0.0291  0.0276  0.0285  0.0272  0.0270  0.0272  0.0274
  0.0300  0.0285  0.0311  0.0295  0.0333  0.0314  0.0287  0.0303  0.0280  0.0277  0.0277  0.0280
niter,ni,del,rscale     6    3    5.0000    1.2000
parameters
   -0.5486  -11.3159    6.4010   -7.2397  -18.3017  -16.4633
    0.5756   -6.2625    0.8585   11.7612    3.3746  -12.0019
eta,q 0.97423  8.66937
  0.0291  0.0299  0.0276  0.0277  0.0288  0.0283  0.0279  0.0294  0.0275  0.0296  0.0267  0.0268
  0.0278  0.0285  0.0266  0.0268  0.0272  0.0269  0.0269  0.0275  0.0267  0.0280  0.0262  0.0262
  0.0270  0.0274  0.0261  0.0264  0.0264  0.0261  0.0262  0.0263  0.0262  0.0268  0.0259  0.0259
  0.0267  0.0267  0.0263  0.0261  0.0261  0.0262  0.0260  0.0260  0.0260  0.0260  0.0258  0.0258
  0.0269  0.0263  0.0272  0.0263  0.0267  0.0272  0.0262  0.0265  0.0262  0.0258  0.0259  0.0260
  0.0278  0.0265  0.0286  0.0270  0.0285  0.0282  0.0268  0.0277  0.0267  0.0261  0.0262  0.0265
  0.0293  0.0272  0.0304  0.0283  0.0315  0.0297  0.0278  0.0294  0.0275  0.0268  0.0267  0.0271
niter,ni,del,rscale     5    3    5.0000    1.2000
parameters
   -0.5721  -10.6476    5.7326   -7.6693  -19.3412  -17.3313
    0.5568   -6.2143    0.3784   13.2466    3.7122  -12.3649
eta,q 0.97468  8.57533
  0.0282  0.0290  0.0272  0.0271  0.0286  0.0278  0.0273  0.0289  0.0269  0.0288  0.0264  0.0264
  0.0269  0.0275  0.0261  0.0261  0.0267  0.0265  0.0263  0.0270  0.0260  0.0272  0.0258  0.0258
  0.0261  0.0264  0.0255  0.0257  0.0257  0.0256  0.0256  0.0258  0.0255  0.0260  0.0255  0.0254
  0.0258  0.0258  0.0256  0.0255  0.0255  0.0255  0.0254  0.0254  0.0254  0.0254  0.0253  0.0253
  0.0260  0.0256  0.0263  0.0257  0.0259  0.0264  0.0256  0.0259  0.0257  0.0254  0.0254  0.0255
  0.0269  0.0259  0.0276  0.0264  0.0274  0.0273  0.0263  0.0270  0.0263  0.0259  0.0257  0.0260
  0.0283  0.0267  0.0293  0.0275  0.0304  0.0288  0.0273  0.0287  0.0273  0.0268  0.0262  0.0266
niter,ni,del,rscale     4    3    5.0000    1.2000
parameters
   -0.5432  -10.2389    5.3127   -7.9614  -19.7882  -17.8587
    0.5249   -6.1296    0.0137   14.1227    3.9002  -12.6719
eta,q 0.97483  8.52827
  0.0278  0.0282  0.0271  0.0269  0.0288  0.0277  0.0270  0.0286  0.0268  0.0282  0.0262  0.0262
  0.0265  0.0268  0.0260  0.0259  0.0267  0.0263  0.0260  0.0268  0.0259  0.0267  0.0256  0.0256
  0.0256  0.0258  0.0254  0.0254  0.0255  0.0254  0.0254  0.0255  0.0253  0.0256  0.0253  0.0253
  0.0253  0.0253  0.0253  0.0252  0.0252  0.0252  0.0252  0.0252  0.0252  0.0252  0.0252  0.0252
  0.0255  0.0253  0.0258  0.0254  0.0256  0.0259  0.0254  0.0256  0.0255  0.0254  0.0253  0.0254
  0.0263  0.0258  0.0269  0.0261  0.0268  0.0268  0.0261  0.0267  0.0262  0.0260  0.0256  0.0258
  0.0277  0.0267  0.0285  0.0272  0.0297  0.0282  0.0270  0.0284  0.0271  0.0270  0.0261  0.0264
niter,ni,del,rscale     3    3    5.0000    1.2000
parameters
   -0.5036  -10.0100    5.0598   -8.0917  -20.0046  -18.1727
    0.4931   -6.0613   -0.1483   14.6162    3.9509  -12.8744
eta,q 0.97487  8.50529
  0.0276  0.0278  0.0272  0.0270  0.0289  0.0276  0.0270  0.0285  0.0269  0.0279  0.0261  0.0262
  0.0263  0.0264  0.0261  0.0258  0.0268  0.0263  0.0260  0.0267  0.0259  0.0264  0.0256  0.0256
  0.0255  0.0256  0.0254  0.0253  0.0255  0.0254  0.0253  0.0255  0.0253  0.0255  0.0252  0.0252
  0.0252  0.0252  0.0252  0.0252  0.0251  0.0251  0.0251  0.0251  0.0251  0.0251  0.0251  0.0251
  0.0254  0.0253  0.0255  0.0253  0.0256  0.0257  0.0254  0.0255  0.0254  0.0254  0.0253  0.0253
  0.0262  0.0259  0.0265  0.0260  0.0267  0.0266  0.0260  0.0267  0.0261  0.0261  0.0256  0.0257
  0.0275  0.0269  0.0280  0.0270  0.0294  0.0279  0.0270  0.0283  0.0270  0.0271  0.0261  0.0263
niter,ni,del,rscale     2    3    5.0000    1.2000
parameters
   -0.4772   -9.8751    4.9115   -8.1635  -20.1319  -18.3632
    0.4641   -6.0117   -0.2104   14.9089    3.9505  -13.0119
eta,q 0.97488  8.49216
  0.0275  0.0276  0.0273  0.0270  0.0289  0.0276  0.0270  0.0285  0.0270  0.0277  0.0261  0.0262
  0.0262  0.0263  0.0261  0.0258  0.0268  0.0263  0.0260  0.0266  0.0260  0.0263  0.0256  0.0256
  0.0254  0.0255  0.0254  0.0252  0.0255  0.0254  0.0253  0.0254  0.0253  0.0254  0.0252  0.0252
  0.0251  0.0251  0.0251  0.0251  0.0251  0.0251  0.0251  0.0251  0.0251  0.0251  0.0251  0.0251
  0.0254  0.0253  0.0254  0.0253  0.0256  0.0257  0.0254  0.0255  0.0254  0.0254  0.0253  0.0253
  0.0261  0.0260  0.0264  0.0260  0.0266  0.0264  0.0260  0.0267  0.0260  0.0262  0.0256  0.0257
  0.0275  0.0271  0.0278  0.0270  0.0293  0.0278  0.0270  0.0283  0.0270  0.0272  0.0261  0.0263
niter,ni,del,rscale     1    3    5.0000    1.2000
parameters
   -0.4587   -9.7937    4.8200   -8.2002  -20.2074  -18.4777
    0.4450   -5.9829   -0.2321   15.0859    3.9297  -13.0917
eta,q 0.97488  8.48475
  0.0275  0.0275  0.0273  0.0270  0.0290  0.0276  0.0270  0.0285  0.0270  0.0276  0.0261  0.0263
  0.0262  0.0262  0.0262  0.0258  0.0269  0.0263  0.0260  0.0266  0.0260  0.0262  0.0256  0.0256
  0.0254  0.0254  0.0254  0.0252  0.0255  0.0254  0.0253  0.0254  0.0253  0.0254  0.0252  0.0252
  0.0251  0.0251  0.0251  0.0251  0.0251  0.0251  0.0251  0.0251  0.0251  0.0251  0.0251  0.0251
  0.0253  0.0253  0.0254  0.0253  0.0256  0.0256  0.0254  0.0255  0.0254  0.0255  0.0253  0.0253
  0.0261  0.0260  0.0263  0.0260  0.0266  0.0264  0.0260  0.0267  0.0260  0.0262  0.0256  0.0257
  0.0275  0.0271  0.0277  0.0269  0.0293  0.0277  0.0270  0.0283  0.0270  0.0272  0.0261  0.0263
registration optimization eta report
parameter search radius
    2.4000    2.4000    3.1740    8.2800   10.9503    8.2800
    7.2000    7.2000    7.2000    7.2000    7.2000    7.2000
100000*second partial in parameter space
       41.       38.       24.        3.        3.        4.
        4.        6.        4.        4.        2.        2.
  0.0275  0.0275  0.0273  0.0270  0.0290  0.0276  0.0270  0.0285  0.0270  0.0276  0.0261  0.0263
  0.0262  0.0262  0.0262  0.0258  0.0269  0.0263  0.0260  0.0266  0.0260  0.0262  0.0256  0.0256
  0.0254  0.0254  0.0254  0.0252  0.0255  0.0254  0.0253  0.0254  0.0253  0.0254  0.0252  0.0252
  0.0251  0.0251  0.0251  0.0251  0.0251  0.0251  0.0251  0.0251  0.0251  0.0251  0.0251  0.0251
  0.0253  0.0253  0.0254  0.0253  0.0256  0.0256  0.0254  0.0255  0.0254  0.0255  0.0253  0.0253
  0.0261  0.0260  0.0263  0.0260  0.0266  0.0264  0.0260  0.0267  0.0260  0.0262  0.0256  0.0257
  0.0275  0.0271  0.0277  0.0269  0.0293  0.0277  0.0270  0.0283  0.0270  0.0272  0.0261  0.0263
   -0.4587   -9.7937    4.8200   -8.2002  -20.2074  -18.4777
    0.4450   -5.9829   -0.2321   15.0859    3.9297  -13.0917
eta,q 0.97488  8.48475

---------------------------------------------------------------------
imgreg_4dfp /opt/freesurfer/average/711-2C_as_mni_average_305 /opt/freesurfer/average/711-2B_as_mni_average_305_mask talsrcimg_g11 none talsrcimg_to_711-2C_as_mni_average_305_t4 2311
---------------------------------------------------------------------

freesurfer imgreg_4dfp.c
/opt/freesurfer/average/711-2C_as_mni_average_305.4dfp.img
       256       256       256         1
  1.000000  1.000000  1.000000
orientation T byte_order littleendian
Reading image: /opt/freesurfer/average/711-2C_as_mni_average_305.4dfp.img
dimensions:      256       256       256
mmppix:       1.0000   -1.0000   -1.0000
center:     128.0000 -129.0000 -129.0000
/opt/freesurfer/average/711-2B_as_mni_average_305_mask.4dfp.img
       256       256       256         1
  1.000000  1.000000  1.000000
orientation T byte_order littleendian
Reading mask: /opt/freesurfer/average/711-2B_as_mni_average_305_mask.4dfp.img (2306576 pixels)
talsrcimg_g11.4dfp.img
       256       256       256         1
  1.000000  1.000000  1.000000
orientation T byte_order littleendian
Reading image: talsrcimg_g11.4dfp.img
dimensions:      256       256       256
mmppix:       1.0000   -1.0000   -1.0000
center:     128.0000 -129.0000 -129.0000
fimgreg.f
image alignment mode   2311 decimal      907 hex
parameters
   -0.4587   -9.7937    4.8200   -8.2002  -20.2074  -18.4777
    0.4450   -5.9829   -0.2321   15.0859    3.9297  -13.0917
eta,q 0.97488  8.48474
niter,ni,del,rscale     5    3    5.0000    0.8000
parameters
   -0.4291   -9.7680    4.8519   -8.4656  -20.2949  -18.6194
    0.2836   -5.9804   -0.3317   14.9055    3.9110  -13.0829
eta,q 0.97489  8.46098
  0.0262  0.0262  0.0258  0.0256  0.0258  0.0261  0.0260  0.0266  0.0260  0.0262  0.0256  0.0256
  0.0256  0.0256  0.0254  0.0253  0.0254  0.0255  0.0255  0.0258  0.0255  0.0255  0.0253  0.0253
  0.0253  0.0252  0.0252  0.0252  0.0251  0.0252  0.0252  0.0252  0.0252  0.0252  0.0251  0.0252
  0.0251  0.0251  0.0251  0.0251  0.0251  0.0251  0.0251  0.0251  0.0251  0.0251  0.0251  0.0251
  0.0252  0.0252  0.0252  0.0252  0.0253  0.0253  0.0252  0.0253  0.0252  0.0253  0.0252  0.0252
  0.0256  0.0256  0.0254  0.0254  0.0255  0.0257  0.0256  0.0258  0.0255  0.0257  0.0253  0.0254
  0.0261  0.0261  0.0257  0.0258  0.0258  0.0261  0.0261  0.0266  0.0260  0.0262  0.0256  0.0256
niter,ni,del,rscale     4    3    5.0000    0.7000
parameters
   -0.4328   -9.7880    4.8680   -8.5147  -20.4327  -18.6813
    0.2539   -5.9782   -0.3648   14.8229    3.9214  -13.0267
eta,q 0.97490  8.44834
  0.0259  0.0259  0.0256  0.0255  0.0257  0.0259  0.0258  0.0263  0.0258  0.0260  0.0255  0.0255
  0.0255  0.0254  0.0253  0.0253  0.0253  0.0255  0.0254  0.0256  0.0254  0.0255  0.0252  0.0253
  0.0252  0.0252  0.0252  0.0251  0.0251  0.0252  0.0252  0.0252  0.0252  0.0252  0.0251  0.0251
  0.0251  0.0251  0.0251  0.0251  0.0251  0.0251  0.0251  0.0251  0.0251  0.0251  0.0251  0.0251
  0.0252  0.0252  0.0252  0.0251  0.0252  0.0252  0.0252  0.0252  0.0252  0.0252  0.0251  0.0251
  0.0255  0.0255  0.0253  0.0253  0.0254  0.0255  0.0254  0.0256  0.0254  0.0256  0.0253  0.0253
  0.0259  0.0259  0.0256  0.0256  0.0256  0.0259  0.0258  0.0262  0.0258  0.0260  0.0254  0.0255
niter,ni,del,rscale     3    3    5.0000    0.6000
parameters
   -0.4359   -9.8000    4.8841   -8.5133  -20.5688  -18.7162
    0.2479   -5.9872   -0.3900   14.7659    3.9074  -12.9912
eta,q 0.97491  8.43962
  0.0257  0.0257  0.0255  0.0254  0.0255  0.0257  0.0256  0.0259  0.0256  0.0257  0.0254  0.0254
  0.0254  0.0253  0.0253  0.0252  0.0252  0.0254  0.0253  0.0254  0.0253  0.0254  0.0252  0.0252
  0.0252  0.0251  0.0251  0.0251  0.0251  0.0252  0.0252  0.0252  0.0251  0.0251  0.0251  0.0251
  0.0251  0.0251  0.0251  0.0251  0.0251  0.0251  0.0251  0.0251  0.0251  0.0251  0.0251  0.0251
  0.0252  0.0252  0.0251  0.0251  0.0252  0.0252  0.0252  0.0252  0.0252  0.0252  0.0251  0.0251
  0.0253  0.0254  0.0252  0.0252  0.0254  0.0254  0.0253  0.0255  0.0253  0.0254  0.0252  0.0252
  0.0257  0.0257  0.0254  0.0254  0.0255  0.0257  0.0256  0.0259  0.0256  0.0258  0.0253  0.0254
niter,ni,del,rscale     2    3    5.0000    0.5000
parameters
   -0.4375   -9.8104    4.8978   -8.4802  -20.6879  -18.7272
    0.2416   -6.0124   -0.4050   14.7068    3.8948  -12.9685
eta,q 0.97491  8.43403
  0.0255  0.0255  0.0253  0.0253  0.0254  0.0256  0.0255  0.0257  0.0254  0.0256  0.0253  0.0253
  0.0253  0.0253  0.0252  0.0252  0.0252  0.0253  0.0253  0.0253  0.0252  0.0253  0.0252  0.0252
  0.0251  0.0251  0.0251  0.0251  0.0251  0.0251  0.0251  0.0251  0.0251  0.0251  0.0251  0.0251
  0.0251  0.0251  0.0251  0.0251  0.0251  0.0251  0.0251  0.0251  0.0251  0.0251  0.0251  0.0251
  0.0251  0.0251  0.0251  0.0251  0.0252  0.0251  0.0251  0.0252  0.0251  0.0252  0.0251  0.0251
  0.0253  0.0253  0.0252  0.0251  0.0253  0.0253  0.0253  0.0253  0.0253  0.0253  0.0252  0.0252
  0.0255  0.0255  0.0253  0.0253  0.0254  0.0256  0.0255  0.0257  0.0255  0.0256  0.0253  0.0253
niter,ni,del,rscale     1    3    5.0000    0.4000
parameters
   -0.4342   -9.8213    4.9128   -8.4466  -20.7725  -18.7004
    0.2463   -6.0434   -0.4070   14.6685    3.8718  -12.9535
eta,q 0.97491  8.43196
  0.0253  0.0253  0.0253  0.0252  0.0253  0.0254  0.0253  0.0254  0.0253  0.0254  0.0252  0.0252
  0.0252  0.0252  0.0252  0.0251  0.0252  0.0252  0.0252  0.0252  0.0252  0.0252  0.0251  0.0251
  0.0251  0.0251  0.0251  0.0251  0.0251  0.0251  0.0251  0.0251  0.0251  0.0251  0.0251  0.0251
  0.0251  0.0251  0.0251  0.0251  0.0251  0.0251  0.0251  0.0251  0.0251  0.0251  0.0251  0.0251
  0.0251  0.0251  0.0251  0.0251  0.0251  0.0251  0.0251  0.0251  0.0251  0.0251  0.0251  0.0251
  0.0252  0.0252  0.0251  0.0251  0.0252  0.0252  0.0252  0.0252  0.0252  0.0252  0.0251  0.0251
  0.0253  0.0254  0.0252  0.0252  0.0253  0.0254  0.0253  0.0254  0.0253  0.0254  0.0252  0.0252
registration optimization eta report
parameter search radius
    0.8000    0.8000    0.8000    2.4000    2.4000    2.4000
    2.4000    2.4000    2.4000    2.4000    2.4000    2.4000
100000*second partial in parameter space
       40.       41.       26.        2.        4.        5.
        4.        6.        4.        5.        2.        2.
  0.0253  0.0253  0.0253  0.0252  0.0253  0.0254  0.0253  0.0254  0.0253  0.0254  0.0252  0.0252
  0.0252  0.0252  0.0252  0.0251  0.0252  0.0252  0.0252  0.0252  0.0252  0.0252  0.0251  0.0251
  0.0251  0.0251  0.0251  0.0251  0.0251  0.0251  0.0251  0.0251  0.0251  0.0251  0.0251  0.0251
  0.0251  0.0251  0.0251  0.0251  0.0251  0.0251  0.0251  0.0251  0.0251  0.0251  0.0251  0.0251
  0.0251  0.0251  0.0251  0.0251  0.0251  0.0251  0.0251  0.0251  0.0251  0.0251  0.0251  0.0251
  0.0252  0.0252  0.0251  0.0251  0.0252  0.0252  0.0252  0.0252  0.0252  0.0252  0.0251  0.0251
  0.0253  0.0254  0.0252  0.0252  0.0253  0.0254  0.0253  0.0254  0.0253  0.0254  0.0252  0.0252
   -0.4342   -9.8213    4.9128   -8.4466  -20.7725  -18.7004
    0.2463   -6.0434   -0.4070   14.6685    3.8718  -12.9535
eta,q 0.97491  8.43196

---------------------------------------------------------------------
imgreg_4dfp /opt/freesurfer/average/711-2C_as_mni_average_305 /opt/freesurfer/average/711-2B_as_mni_average_305_mask talsrcimg_g11 none talsrcimg_to_711-2C_as_mni_average_305_t4 2311
---------------------------------------------------------------------

freesurfer imgreg_4dfp.c
/opt/freesurfer/average/711-2C_as_mni_average_305.4dfp.img
       256       256       256         1
  1.000000  1.000000  1.000000
orientation T byte_order littleendian
Reading image: /opt/freesurfer/average/711-2C_as_mni_average_305.4dfp.img
dimensions:      256       256       256
mmppix:       1.0000   -1.0000   -1.0000
center:     128.0000 -129.0000 -129.0000
/opt/freesurfer/average/711-2B_as_mni_average_305_mask.4dfp.img
       256       256       256         1
  1.000000  1.000000  1.000000
orientation T byte_order littleendian
Reading mask: /opt/freesurfer/average/711-2B_as_mni_average_305_mask.4dfp.img (2306576 pixels)
talsrcimg_g11.4dfp.img
       256       256       256         1
  1.000000  1.000000  1.000000
orientation T byte_order littleendian
Reading image: talsrcimg_g11.4dfp.img
dimensions:      256       256       256
mmppix:       1.0000   -1.0000   -1.0000
center:     128.0000 -129.0000 -129.0000
fimgreg.f
image alignment mode   2311 decimal      907 hex
parameters
   -0.4342   -9.8213    4.9128   -8.4466  -20.7725  -18.7004
    0.2463   -6.0434   -0.4070   14.6685    3.8718  -12.9535
eta,q 0.97491  8.43196
niter,ni,del,rscale     5    3    5.0000    0.8000
parameters
   -0.4513   -9.8020    4.8942   -8.5142  -20.3354  -18.6383
    0.3023   -5.9846   -0.3274   14.8209    3.9509  -13.0067
eta,q 0.97490  8.45487
  0.0261  0.0261  0.0257  0.0257  0.0260  0.0262  0.0260  0.0267  0.0260  0.0263  0.0256  0.0256
  0.0255  0.0256  0.0254  0.0253  0.0255  0.0256  0.0255  0.0258  0.0255  0.0256  0.0253  0.0253
  0.0252  0.0252  0.0252  0.0251  0.0252  0.0252  0.0252  0.0252  0.0252  0.0252  0.0251  0.0252
  0.0251  0.0251  0.0251  0.0251  0.0251  0.0251  0.0251  0.0251  0.0251  0.0251  0.0251  0.0251
  0.0252  0.0252  0.0252  0.0251  0.0252  0.0252  0.0252  0.0253  0.0252  0.0252  0.0252  0.0252
  0.0256  0.0255  0.0254  0.0253  0.0254  0.0256  0.0255  0.0257  0.0255  0.0256  0.0253  0.0254
  0.0262  0.0261  0.0257  0.0257  0.0257  0.0261  0.0260  0.0266  0.0260  0.0261  0.0255  0.0256
niter,ni,del,rscale     4    3    5.0000    0.7000
parameters
   -0.4428   -9.8052    4.8853   -8.4968  -20.4198  -18.6804
    0.2641   -5.9912   -0.3681   14.7876    3.9292  -13.0061
eta,q 0.97491  8.44937
  0.0259  0.0259  0.0256  0.0255  0.0257  0.0259  0.0258  0.0263  0.0258  0.0260  0.0254  0.0255
  0.0255  0.0254  0.0253  0.0253  0.0253  0.0255  0.0254  0.0256  0.0254  0.0255  0.0252  0.0253
  0.0252  0.0252  0.0252  0.0251  0.0251  0.0252  0.0252  0.0252  0.0252  0.0252  0.0251  0.0251
  0.0251  0.0251  0.0251  0.0251  0.0251  0.0251  0.0251  0.0251  0.0251  0.0251  0.0251  0.0251
  0.0252  0.0252  0.0251  0.0251  0.0252  0.0252  0.0252  0.0252  0.0252  0.0252  0.0251  0.0251
  0.0254  0.0255  0.0253  0.0252  0.0254  0.0255  0.0254  0.0256  0.0254  0.0255  0.0253  0.0253
  0.0259  0.0259  0.0256  0.0255  0.0256  0.0259  0.0258  0.0262  0.0258  0.0260  0.0254  0.0255
niter,ni,del,rscale     3    3    5.0000    0.6000
parameters
   -0.4395   -9.8109    4.8864   -8.5104  -20.5526  -18.7113
    0.2535   -5.9914   -0.3925   14.7489    3.9151  -12.9698
eta,q 0.97491  8.44039
  0.0257  0.0257  0.0254  0.0254  0.0255  0.0257  0.0256  0.0259  0.0256  0.0257  0.0254  0.0254
  0.0254  0.0253  0.0253  0.0252  0.0252  0.0254  0.0253  0.0254  0.0253  0.0254  0.0252  0.0252
  0.0252  0.0251  0.0251  0.0251  0.0251  0.0252  0.0251  0.0252  0.0251  0.0251  0.0251  0.0251
  0.0251  0.0251  0.0251  0.0251  0.0251  0.0251  0.0251  0.0251  0.0251  0.0251  0.0251  0.0251
  0.0252  0.0252  0.0251  0.0251  0.0252  0.0252  0.0252  0.0252  0.0252  0.0252  0.0251  0.0251
  0.0253  0.0254  0.0252  0.0252  0.0253  0.0254  0.0253  0.0255  0.0253  0.0254  0.0252  0.0252
  0.0257  0.0257  0.0255  0.0254  0.0255  0.0257  0.0256  0.0259  0.0256  0.0257  0.0253  0.0254
niter,ni,del,rscale     2    3    5.0000    0.5000
parameters
   -0.4404   -9.8142    4.9050   -8.4907  -20.6792  -18.7184
    0.2499   -6.0151   -0.4215   14.7071    3.9013  -12.9720
eta,q 0.97492  8.43441
  0.0255  0.0255  0.0253  0.0253  0.0254  0.0256  0.0255  0.0257  0.0254  0.0256  0.0253  0.0253
  0.0253  0.0253  0.0252  0.0252  0.0252  0.0253  0.0253  0.0253  0.0252  0.0253  0.0252  0.0252
  0.0251  0.0251  0.0251  0.0251  0.0251  0.0251  0.0251  0.0251  0.0251  0.0251  0.0251  0.0251
  0.0251  0.0251  0.0251  0.0251  0.0251  0.0251  0.0251  0.0251  0.0251  0.0251  0.0251  0.0251
  0.0251  0.0251  0.0251  0.0251  0.0252  0.0251  0.0251  0.0252  0.0251  0.0252  0.0251  0.0251
  0.0253  0.0253  0.0252  0.0251  0.0253  0.0253  0.0253  0.0253  0.0253  0.0253  0.0252  0.0252
  0.0255  0.0255  0.0253  0.0253  0.0254  0.0256  0.0255  0.0257  0.0255  0.0256  0.0253  0.0253
niter,ni,del,rscale     1    3    5.0000    0.4000
parameters
   -0.4399   -9.8215    4.9177   -8.4727  -20.7883  -18.6962
    0.2370   -6.0422   -0.4230   14.6620    3.8829  -12.9364
eta,q 0.97492  8.43007
  0.0253  0.0253  0.0252  0.0252  0.0253  0.0254  0.0253  0.0254  0.0253  0.0254  0.0252  0.0252
  0.0252  0.0252  0.0252  0.0251  0.0252  0.0252  0.0252  0.0252  0.0252  0.0252  0.0251  0.0251
  0.0251  0.0251  0.0251  0.0251  0.0251  0.0251  0.0251  0.0251  0.0251  0.0251  0.0251  0.0251
  0.0251  0.0251  0.0251  0.0251  0.0251  0.0251  0.0251  0.0251  0.0251  0.0251  0.0251  0.0251
  0.0251  0.0251  0.0251  0.0251  0.0251  0.0251  0.0251  0.0251  0.0251  0.0251  0.0251  0.0251
  0.0252  0.0252  0.0251  0.0251  0.0252  0.0252  0.0252  0.0252  0.0252  0.0252  0.0251  0.0251
  0.0253  0.0254  0.0252  0.0252  0.0253  0.0254  0.0253  0.0254  0.0253  0.0254  0.0252  0.0252
registration optimization eta report
parameter search radius
    0.8000    0.8000    0.8000    2.4000    2.4000    2.4000
    2.4000    2.4000    2.4000    2.4000    2.4000    2.4000
100000*second partial in parameter space
       40.       41.       25.        2.        4.        5.
        4.        6.        4.        5.        2.        2.
  0.0253  0.0253  0.0252  0.0252  0.0253  0.0254  0.0253  0.0254  0.0253  0.0254  0.0252  0.0252
  0.0252  0.0252  0.0252  0.0251  0.0252  0.0252  0.0252  0.0252  0.0252  0.0252  0.0251  0.0251
  0.0251  0.0251  0.0251  0.0251  0.0251  0.0251  0.0251  0.0251  0.0251  0.0251  0.0251  0.0251
  0.0251  0.0251  0.0251  0.0251  0.0251  0.0251  0.0251  0.0251  0.0251  0.0251  0.0251  0.0251
  0.0251  0.0251  0.0251  0.0251  0.0251  0.0251  0.0251  0.0251  0.0251  0.0251  0.0251  0.0251
  0.0252  0.0252  0.0251  0.0251  0.0252  0.0252  0.0252  0.0252  0.0252  0.0252  0.0251  0.0251
  0.0253  0.0254  0.0252  0.0252  0.0253  0.0254  0.0253  0.0254  0.0253  0.0254  0.0252  0.0252
   -0.4399   -9.8215    4.9177   -8.4727  -20.7883  -18.6962
    0.2370   -6.0422   -0.4230   14.6620    3.8829  -12.9364
eta,q 0.97492  8.43007

---------------------------------------------------------------------
compute_vox2vox talsrcimg talsrcimg_to_711-2C_as_mni_average_305_t4 /opt/freesurfer/average/711-2C_as_mni_average_305
---------------------------------------------------------------------

freesurfer compute_vox2vox.c
Reading: talsrcimg.4dfp.ifh
Reading: talsrcimg_to_711-2C_as_mni_average_305_t4
Reading: /opt/freesurfer/average/711-2C_as_mni_average_305.4dfp.ifh
Writing: talsrcimg_to_711-2C_as_mni_average_305_t4_vox2vox.txt

start time Thu Mar 12 23:49:49 CET 2026
end		time Thu Mar 12 23:50:03 CET 2026

mpr2mni305 success

avi2talxfm orig_nu.mgz /opt/freesurfer/average/mni305.cor.mgz talsrcimg_to_711-2C_as_mni_average_305_t4_vox2vox.txt transforms/talairach.auto.xfm
avi2talxfm done
mv -f /out/sourcedata/freesurfer/sub-v2s3x28785_ses-1/mri/talsrcimg_to_711-2C_as_mni_average_305_t4_vox2vox.txt /out/sourcedata/freesurfer/sub-v2s3x28785_ses-1/mri/transforms/talsrcimg_to_711-2C_as_mni_average_305_t4_vox2vox.txt
lta_convert --src orig_nu.mgz --trg /opt/freesurfer/average/mni305.cor.mgz --inxfm transforms/talairach.auto.xfm --outlta transforms/talairach.auto.xfm.lta --subject fsaverage
7.3.2

--src: orig_nu.mgz src image (geometry).
--trg: /opt/freesurfer/average/mni305.cor.mgz trg image (geometry).
--inmni: transforms/talairach.auto.xfm input MNI/XFM transform.
--outlta: transforms/talairach.auto.xfm.lta output LTA.
--s: fsaverage subject name
 LTA read, type : 1
 1.08925   0.07920   0.00968   0.72333;
-0.04963   1.19116   0.19468  -47.09033;
 0.01500  -0.22006   1.22646  -28.99197;
 0.00000   0.00000   0.00000   1.00000;
setting subject to fsaverage
Writing  LTA to file transforms/talairach.auto.xfm.lta...
lta_convert successful.
 
 
Started at Thu Mar 12 23:49:49 CET 2026
Ended   at Thu Mar 12 23:50:03 CET 2026
talairach_avi done
