status file for recon-all
Fri Mar 13 03:26:48 CET 2026
#@# MotionCor Fri Mar 13 03:26:50 CET 2026
#@# Talairach Fri Mar 13 03:26:55 CET 2026
#@# Talairach Failure Detection Fri Mar 13 03:29:46 CET 2026
#@# Nu Intensity Correction Fri Mar 13 03:29:46 CET 2026
#@# Intensity Normalization Fri Mar 13 03:32:31 CET 2026
recon-all -s sub-v2s3x28844_ses-1 finished without error at Fri Mar 13 03:33:32 CET 2026



#New# invocation of recon-all 



status file for recon-all
Fri Mar 13 03:40:10 CET 2026
#@# EM Registration Fri Mar 13 03:40:10 CET 2026
recon-all -s sub-v2s3x28844_ses-1 finished without error at Fri Mar 13 03:46:28 CET 2026



#New# invocation of recon-all 



status file for recon-all
Fri Mar 13 03:46:31 CET 2026
#@# CA Normalize Fri Mar 13 03:46:31 CET 2026
#@# CA Reg Fri Mar 13 03:47:26 CET 2026
#@# SubCort Seg Fri Mar 13 04:31:02 CET 2026
#@# CC Seg Fri Mar 13 04:51:09 CET 2026
#@# Merge ASeg Fri Mar 13 04:51:27 CET 2026
#@# Intensity Normalization2 Fri Mar 13 04:51:27 CET 2026
#@# Mask BFS Fri Mar 13 04:52:57 CET 2026
#@# WM Segmentation Fri Mar 13 04:52:58 CET 2026
#@# Fill Fri Mar 13 04:54:30 CET 2026
recon-all -s sub-v2s3x28844_ses-1 finished without error at Fri Mar 13 04:55:09 CET 2026



#New# invocation of recon-all 



status file for recon-all
Fri Mar 13 05:48:12 CET 2026
#@# white curv lh Fri Mar 13 05:48:12 CET 2026
#@# white area lh Fri Mar 13 05:48:12 CET 2026
#@# pial curv lh Fri Mar 13 05:48:12 CET 2026
#@# pial area lh Fri Mar 13 05:48:12 CET 2026
#@# thickness lh Fri Mar 13 05:48:12 CET 2026
#@# area and vertex vol lh Fri Mar 13 05:48:12 CET 2026
#@# white curv rh Fri Mar 13 05:48:12 CET 2026
#@# white area rh Fri Mar 13 05:48:12 CET 2026
#@# pial curv rh Fri Mar 13 05:48:12 CET 2026
#@# pial area rh Fri Mar 13 05:48:12 CET 2026
#@# thickness rh Fri Mar 13 05:48:12 CET 2026
#@# area and vertex vol rh Fri Mar 13 05:48:12 CET 2026
#@# Cortical ribbon mask Fri Mar 13 05:48:12 CET 2026
recon-all -s sub-v2s3x28844_ses-1 finished without error at Fri Mar 13 05:52:43 CET 2026



#New# invocation of recon-all 



status file for recon-all
Fri Mar 13 05:57:54 CET 2026
#@# white curv lh Fri Mar 13 05:57:54 CET 2026
#@# white area lh Fri Mar 13 05:57:54 CET 2026
#@# pial curv lh Fri Mar 13 05:57:54 CET 2026
#@# pial area lh Fri Mar 13 05:57:54 CET 2026
#@# thickness lh Fri Mar 13 05:57:54 CET 2026
#@# area and vertex vol lh Fri Mar 13 05:57:54 CET 2026
#@# white curv rh Fri Mar 13 05:57:54 CET 2026
#@# white area rh Fri Mar 13 05:57:54 CET 2026
#@# pial curv rh Fri Mar 13 05:57:54 CET 2026
#@# pial area rh Fri Mar 13 05:57:54 CET 2026
#@# thickness rh Fri Mar 13 05:57:54 CET 2026
#@# area and vertex vol rh Fri Mar 13 05:57:54 CET 2026
#@# Curvature Stats lh Fri Mar 13 05:57:54 CET 2026
#@# Curvature Stats rh Fri Mar 13 05:57:56 CET 2026
#@# Relabel Hypointensities Fri Mar 13 05:57:58 CET 2026
#@# APas-to-ASeg Fri Mar 13 05:58:09 CET 2026
#@# AParc-to-ASeg aparc Fri Mar 13 05:58:15 CET 2026
#@# AParc-to-ASeg aparc.a2009s Fri Mar 13 05:58:43 CET 2026
#@# AParc-to-ASeg aparc.DKTatlas Fri Mar 13 05:59:09 CET 2026
#@# WMParc Fri Mar 13 05:59:32 CET 2026
#@# ASeg Stats Fri Mar 13 06:01:21 CET 2026
recon-all -s sub-v2s3x28844_ses-1 finished without error at Fri Mar 13 06:01:45 CET 2026
