status file for recon-all
Thu Mar 12 23:39:17 CET 2026
#@# MotionCor Thu Mar 12 23:39:19 CET 2026
#@# Talairach Thu Mar 12 23:39:27 CET 2026
#@# Talairach Failure Detection Thu Mar 12 23:43:58 CET 2026
#@# Nu Intensity Correction Thu Mar 12 23:43:58 CET 2026
#@# Intensity Normalization Thu Mar 12 23:47:12 CET 2026
recon-all -s sub-v2s3x28753_ses-1 finished without error at Thu Mar 12 23:48:44 CET 2026



#New# invocation of recon-all 



status file for recon-all
Thu Mar 12 23:56:13 CET 2026
#@# EM Registration Thu Mar 12 23:56:13 CET 2026
recon-all -s sub-v2s3x28753_ses-1 finished without error at Thu Mar 12 23:57:41 CET 2026



#New# invocation of recon-all 



status file for recon-all
Thu Mar 12 23:57:43 CET 2026
#@# CA Normalize Thu Mar 12 23:57:43 CET 2026
#@# CA Reg Thu Mar 12 23:59:05 CET 2026
#@# SubCort Seg Fri Mar 13 00:43:14 CET 2026
#@# CC Seg Fri Mar 13 01:13:52 CET 2026
#@# Merge ASeg Fri Mar 13 01:14:30 CET 2026
#@# Intensity Normalization2 Fri Mar 13 01:14:30 CET 2026
#@# Mask BFS Fri Mar 13 01:16:46 CET 2026
#@# WM Segmentation Fri Mar 13 01:16:47 CET 2026
#@# Fill Fri Mar 13 01:18:44 CET 2026
recon-all -s sub-v2s3x28753_ses-1 finished without error at Fri Mar 13 01:19:47 CET 2026



#New# invocation of recon-all 



status file for recon-all
Fri Mar 13 02:07:37 CET 2026
#@# white curv lh Fri Mar 13 02:07:37 CET 2026
#@# white area lh Fri Mar 13 02:07:37 CET 2026
#@# pial curv lh Fri Mar 13 02:07:37 CET 2026
#@# pial area lh Fri Mar 13 02:07:37 CET 2026
#@# thickness lh Fri Mar 13 02:07:37 CET 2026
#@# area and vertex vol lh Fri Mar 13 02:07:37 CET 2026
#@# white curv rh Fri Mar 13 02:07:37 CET 2026
#@# white area rh Fri Mar 13 02:07:37 CET 2026
#@# pial curv rh Fri Mar 13 02:07:37 CET 2026
#@# pial area rh Fri Mar 13 02:07:37 CET 2026
#@# thickness rh Fri Mar 13 02:07:37 CET 2026
#@# area and vertex vol rh Fri Mar 13 02:07:37 CET 2026
#@# Cortical ribbon mask Fri Mar 13 02:07:37 CET 2026
recon-all -s sub-v2s3x28753_ses-1 finished without error at Fri Mar 13 02:12:45 CET 2026



#New# invocation of recon-all 



status file for recon-all
Fri Mar 13 02:19:12 CET 2026
#@# white curv lh Fri Mar 13 02:19:12 CET 2026
#@# white area lh Fri Mar 13 02:19:12 CET 2026
#@# pial curv lh Fri Mar 13 02:19:12 CET 2026
#@# pial area lh Fri Mar 13 02:19:12 CET 2026
#@# thickness lh Fri Mar 13 02:19:12 CET 2026
#@# area and vertex vol lh Fri Mar 13 02:19:12 CET 2026
#@# white curv rh Fri Mar 13 02:19:12 CET 2026
#@# white area rh Fri Mar 13 02:19:12 CET 2026
#@# pial curv rh Fri Mar 13 02:19:12 CET 2026
#@# pial area rh Fri Mar 13 02:19:12 CET 2026
#@# thickness rh Fri Mar 13 02:19:12 CET 2026
#@# area and vertex vol rh Fri Mar 13 02:19:12 CET 2026
#@# Curvature Stats lh Fri Mar 13 02:19:12 CET 2026
#@# Curvature Stats rh Fri Mar 13 02:19:14 CET 2026
#@# Relabel Hypointensities Fri Mar 13 02:19:17 CET 2026
#@# APas-to-ASeg Fri Mar 13 02:19:32 CET 2026
#@# AParc-to-ASeg aparc Fri Mar 13 02:19:39 CET 2026
#@# AParc-to-ASeg aparc.a2009s Fri Mar 13 02:20:21 CET 2026
#@# AParc-to-ASeg aparc.DKTatlas Fri Mar 13 02:21:04 CET 2026
#@# WMParc Fri Mar 13 02:21:44 CET 2026
#@# ASeg Stats Fri Mar 13 02:25:23 CET 2026
recon-all -s sub-v2s3x28753_ses-1 finished without error at Fri Mar 13 02:25:55 CET 2026
