status file for recon-all
Fri Mar 13 01:41:39 CET 2026
#@# Tessellate rh Fri Mar 13 01:41:39 CET 2026
#@# Smooth1 rh Fri Mar 13 01:41:42 CET 2026
#@# Inflation1 rh Fri Mar 13 01:41:45 CET 2026
#@# QSphere rh Fri Mar 13 01:41:55 CET 2026
#@# Fix Topology rh Fri Mar 13 01:43:03 CET 2026
#@# Smooth2 rh Fri Mar 13 01:48:27 CET 2026
#@# Inflation2 rh Fri Mar 13 01:48:30 CET 2026
#@# Curv .H and .K rh Fri Mar 13 01:48:43 CET 2026
#@# Sphere rh Fri Mar 13 01:49:37 CET 2026
#@# Surf Reg rh Fri Mar 13 01:54:07 CET 2026
#@# Jacobian white rh Fri Mar 13 02:00:02 CET 2026
#@# AvgCurv rh Fri Mar 13 02:00:03 CET 2026
#@# Cortical Parc rh Fri Mar 13 02:00:03 CET 2026
#@# white curv rh Fri Mar 13 02:06:23 CET 2026
#@# white area rh Fri Mar 13 02:06:25 CET 2026
#@# pial curv rh Fri Mar 13 02:06:26 CET 2026
#@# pial area rh Fri Mar 13 02:06:27 CET 2026
#@# thickness rh Fri Mar 13 02:06:28 CET 2026
#@# area and vertex vol rh Fri Mar 13 02:07:00 CET 2026
#@# Curvature Stats rh Fri Mar 13 02:07:01 CET 2026
#@# Cortical Parc 2 rh Fri Mar 13 02:07:04 CET 2026
#@# Cortical Parc 3 rh Fri Mar 13 02:07:17 CET 2026
#@# WM/GM Contrast rh Fri Mar 13 02:07:27 CET 2026
recon-all -s sub-v2s3x28753_ses-1 finished without error at Fri Mar 13 02:07:30 CET 2026



#New# invocation of recon-all 



status file for recon-all
Fri Mar 13 02:15:59 CET 2026
#@# white curv rh Fri Mar 13 02:15:59 CET 2026
#@# white area rh Fri Mar 13 02:15:59 CET 2026
#@# pial curv rh Fri Mar 13 02:15:59 CET 2026
#@# pial area rh Fri Mar 13 02:15:59 CET 2026
#@# thickness rh Fri Mar 13 02:15:59 CET 2026
#@# area and vertex vol rh Fri Mar 13 02:15:59 CET 2026
#@# Parcellation Stats rh Fri Mar 13 02:15:59 CET 2026
#@# Parcellation Stats 2 rh Fri Mar 13 02:16:19 CET 2026
#@# Parcellation Stats 3 rh Fri Mar 13 02:16:29 CET 2026
#@# BA_exvivo Labels rh Fri Mar 13 02:16:38 CET 2026
recon-all -s sub-v2s3x28753_ses-1 finished without error at Fri Mar 13 02:19:08 CET 2026
